<?xml version="1.0" encoding="UTF-8"?>
<testsuites name="Demo" time="3633.651" tests="35" failures="4" errors="25">
   <testsuite name="Demo" tests="35" failures="4" errors="25" time="3633.651" skipped="0" timestamp="21-05-2025T13:18:33" hostname="cuongvo - localhost" id="Test Suites/Demo">
      <properties>
         <property name="deviceName" value="null"/>
         <property name="devicePlatform" value="null"/>
         <property name="logFolder" value="/Users/cuongvo/hdb_katalon/IPaper/Reports/20250521_131832/Demo/20250521_131832"/>
         <property name="logFiles" value="/Users/cuongvo/hdb_katalon/IPaper/Reports/20250521_131832/Demo/20250521_131832/execution0.log"/>
         <property name="attachments" value="ErrorScreen/iOS/Test Cases/IPAPER APP/002 TAO YEU CAU.png, ErrorScreen/iOS/Test Cases/IPAPER APP/003 TAO YEU CAU KHONG CO ASSIGNER.png, ErrorScreen/iOS/Test Cases/IPAPER APP/004 TAO YEU CAU LAY Y KIEN_1 NGUOI.png, ErrorScreen/iOS/Test Cases/IPAPER APP/005 TAO YEU CAU LAY Y KIEN_NHIEU NGUOI.png, ErrorScreen/iOS/Test Cases/IPAPER APP/006 TAO YEU CAU LAY Y KIEN_KHONG NHAP Y KIEN.png, ErrorScreen/iOS/Test Cases/IPAPER APP/009 DUYET NHANH.png, ErrorScreen/iOS/Test Cases/IPAPER APP/010 DUYET CO DIEU KIEN_NHAP Y KIEN.png, ErrorScreen/iOS/Test Cases/IPAPER APP/011 DUYET CO DIEU KIEN_KHONG NHAP Y KIEN.png, ErrorScreen/iOS/Test Cases/IPAPER APP/013 DUYET CHI TIET_KHONG NHAP Y KIEN.png, ErrorScreen/iOS/Test Cases/IPAPER APP/015 DUYET TAI MAIN FILE_NHAP Y KIEN.png, ErrorScreen/iOS/Test Cases/IPAPER APP/016 DUYET CO CC_KHONG NHAP Y KIEN.png, ErrorScreen/iOS/Test Cases/IPAPER APP/017 DUYET CO CC_NHAP Y KIEN.png, ErrorScreen/iOS/Test Cases/IPAPER APP/019 TU CHOI CHI TIET_NHAP Y KIEN.png, ErrorScreen/iOS/Test Cases/IPAPER APP/020 TU CHOI CHI TIET_KHONG NHAP Y KIEN.png, ErrorScreen/iOS/Test Cases/IPAPER APP/021 TU CHOI TẠI MAIN FILE_NHAP Y KIEN.png, ErrorScreen/iOS/Test Cases/IPAPER APP/022 TU CHOI TẠI MAIN FILE_KHONG NHAP Y KIEN.png, ErrorScreen/iOS/Test Cases/IPAPER APP/025 TRA VE TAI MAIN FILE_NHAP Y KIEN.png, ErrorScreen/iOS/Test Cases/IPAPER APP/026 TRA VE TAI MAIN FILE_KHONG NHAP Y KIEN.png, ErrorScreen/iOS/Test Cases/IPAPER APP/060 DINH NGHIA QUY TRINH CO SAN.png, ErrorScreen/iOS/Test Cases/IPAPER APP/031 HOAN TAT HO SO.png, ErrorScreen/iOS/Test Cases/IPAPER APP/038 LAY Y KIEN NHANH_NHAP Y KIEN.png, ErrorScreen/iOS/Test Cases/IPAPER APP/039 LAY Y KIEN CHI TIET_NHAP Y KIEN.png, ErrorScreen/iOS/Test Cases/IPAPER APP/043 TAI FILE TAI CHI TIET HO SO_HO SO DEN.png, ErrorScreen/iOS/Test Cases/IPAPER APP/040 LAY Y KIEN CHI TIET_KHONG NHAP Y KIEN.png, ErrorScreen/iOS/Test Cases/IPAPER APP/044 TAI FILE TAI MAIN FILE_HO SO DEN.png, ErrorScreen/iOS/Test Cases/IPAPER APP/045 TAI FILE TAI CHI TIET HO SO_HO SO DI.png, ErrorScreen/iOS/Test Cases/IPAPER APP/046 TAI FILE TAI MAIN FILE_HO SO DI.png, ErrorScreen/iOS/Test Cases/IPAPER APP/059 TẠO QUY TRINH_2 BUOC.png, ErrorScreen/iOS/Test Cases/IPAPER APP/037 LAY Y KIEN NHANH_KHONG NHAP Y KIEN.png"/>
         <property name="hostName" value="cuongvo - localhost"/>
         <property name="os" value="Mac OS X 64bit"/>
         <property name="appiumServerStatus" value="{&quot;value&quot;:{&quot;ready&quot;:true,&quot;message&quot;:&quot;The server is ready to accept new connections&quot;,&quot;build&quot;:{&quot;version&quot;:&quot;2.17.1&quot;}}}"/>
         <property name="katalonVersion" value="9.7.5.223"/>
         <property name="deviceOS" value="null"/>
         <property name="appiumVersion" value="2.17.1"/>
         <property name="deviceModel" value="null"/>
         <property name="hostAddress" value="127.0.0.1"/>
         <property name="deviceManufacturer" value="null"/>
         <property name="deviceId" value="null"/>
         <property name="deviceName" value="null"/>
         <property name="deviceOSVersion" value="null"/>
      </properties>
      <testcase name="Test Cases/IPAPER APP/002 TAO YEU CAU" time="288.679" classname="Test Cases/IPAPER APP/002 TAO YEU CAU" status="ERROR">
         <error type="ERROR" message="Test Cases/IPAPER APP/002 TAO YEU CAU FAILED.&#xa;Reason:&#xa;org.openqa.selenium.TimeoutException: Expected condition failed: waiting for base.BaseKeyword$Trait$Helper$_waitForPresentOf_closure1@1239c268 (tried for 30 second(s) with 500 milliseconds interval)&#xa;Build info: version: '3.141.59', revision: 'unknown', time: 'unknown'&#xa;System info: host: 'Cuong-Mac.local', ip: 'fe80:0:0:0:c43:6797:ebf2:3aad%en0', os.name: 'Mac OS X', os.arch: 'aarch64', os.version: '15.5', java.version: '17.0.7'&#xa;Driver info: io.appium.java_client.ios.IOSDriver&#xa;Capabilities {automationName: XCUITest, browserName: , databaseEnabled: false, fullReset: false, javascriptEnabled: true, locationContextEnabled: false, networkConnectionEnabled: false, noReset: true, platform: MAC, platformName: iOS, platformVersion: 18.4, takesScreenshot: true, udid: 00008110-000C10543443801E, webStorageEnabled: false}&#xa;Session ID: 01bfc3c6-5e13-4dc5-a0a0-9b9b6acbce73&#xa;	at org.openqa.selenium.support.ui.WebDriverWait.timeoutException(WebDriverWait.java:95)&#xa;	at org.openqa.selenium.support.ui.FluentWait.until(FluentWait.java:272)&#xa;	at base.BaseKeyword$Trait$Helper.waitForPresentOf(BaseKeyword.groovy:341)&#xa;	at screens.RelatedDocumentScreen.waitForPresentOf(RelatedDocumentScreen.groovy)&#xa;	at screens.RelatedDocumentScreen.viewInformationDocument(RelatedDocumentScreen.groovy:17)&#xa;	at 002 TAO YEU CAU.run(002 TAO YEU CAU:128)&#xa;	at com.kms.katalon.core.main.ScriptEngine.run(ScriptEngine.java:194)&#xa;	at com.kms.katalon.core.main.ScriptEngine.runScriptAsRawText(ScriptEngine.java:119)&#xa;	at com.kms.katalon.core.main.TestCaseExecutor.runScript(TestCaseExecutor.java:448)&#xa;	at com.kms.katalon.core.main.TestCaseExecutor.doExecute(TestCaseExecutor.java:439)&#xa;	at com.kms.katalon.core.main.TestCaseExecutor.processExecutionPhase(TestCaseExecutor.java:418)&#xa;	at com.kms.katalon.core.main.TestCaseExecutor.accessMainPhase(TestCaseExecutor.java:410)&#xa;	at com.kms.katalon.core.main.TestCaseExecutor.execute(TestCaseExecutor.java:285)&#xa;	at com.kms.katalon.core.common.CommonExecutor.accessTestCaseMainPhase(CommonExecutor.java:65)&#xa;	at com.kms.katalon.core.main.TestSuiteExecutor.accessTestSuiteMainPhase(TestSuiteExecutor.java:150)&#xa;	at com.kms.katalon.core.main.TestSuiteExecutor.execute(TestSuiteExecutor.java:106)&#xa;	at com.kms.katalon.core.main.TestCaseMain.startTestSuite(TestCaseMain.java:180)&#xa;	at TempTestSuite1747808312062.run(TempTestSuite1747808312062.groovy:35)&#xa;	at java.base/jdk.internal.reflect.NativeMethodAccessorImpl.invoke0(Native Method)&#xa;	at java.base/jdk.internal.reflect.NativeMethodAccessorImpl.invoke(NativeMethodAccessorImpl.java:77)&#xa;	at java.base/jdk.internal.reflect.DelegatingMethodAccessorImpl.invoke(DelegatingMethodAccessorImpl.java:43)&#xa;"/>
         <system-out><![CDATA[21-05-2025T13:18:39 - [TEST_CASE][ERROR] - Test Cases/IPAPER APP/002 TAO YEU CAU: Test Cases/IPAPER APP/002 TAO YEU CAU FAILED.
Reason:
org.openqa.selenium.TimeoutException: Expected condition failed: waiting for base.BaseKeyword$Trait$Helper$_waitForPresentOf_closure1@1239c268 (tried for 30 second(s) with 500 milliseconds interval)
Build info: version: '3.141.59', revision: 'unknown', time: 'unknown'
System info: host: 'Cuong-Mac.local', ip: 'fe80:0:0:0:c43:6797:ebf2:3aad%en0', os.name: 'Mac OS X', os.arch: 'aarch64', os.version: '15.5', java.version: '17.0.7'
Driver info: io.appium.java_client.ios.IOSDriver
Capabilities {automationName: XCUITest, browserName: , databaseEnabled: false, fullReset: false, javascriptEnabled: true, locationContextEnabled: false, networkConnectionEnabled: false, noReset: true, platform: MAC, platformName: iOS, platformVersion: 18.4, takesScreenshot: true, udid: 00008110-000C10543443801E, webStorageEnabled: false}
Session ID: 01bfc3c6-5e13-4dc5-a0a0-9b9b6acbce73
	at org.openqa.selenium.support.ui.WebDriverWait.timeoutException(WebDriverWait.java:95)
	at org.openqa.selenium.support.ui.FluentWait.until(FluentWait.java:272)
	at base.BaseKeyword$Trait$Helper.waitForPresentOf(BaseKeyword.groovy:341)
	at screens.RelatedDocumentScreen.waitForPresentOf(RelatedDocumentScreen.groovy)
	at screens.RelatedDocumentScreen.viewInformationDocument(RelatedDocumentScreen.groovy:17)
	at 002 TAO YEU CAU.run(002 TAO YEU CAU:128)
	at com.kms.katalon.core.main.ScriptEngine.run(ScriptEngine.java:194)
	at com.kms.katalon.core.main.ScriptEngine.runScriptAsRawText(ScriptEngine.java:119)
	at com.kms.katalon.core.main.TestCaseExecutor.runScript(TestCaseExecutor.java:448)
	at com.kms.katalon.core.main.TestCaseExecutor.doExecute(TestCaseExecutor.java:439)
	at com.kms.katalon.core.main.TestCaseExecutor.processExecutionPhase(TestCaseExecutor.java:418)
	at com.kms.katalon.core.main.TestCaseExecutor.accessMainPhase(TestCaseExecutor.java:410)
	at com.kms.katalon.core.main.TestCaseExecutor.execute(TestCaseExecutor.java:285)
	at com.kms.katalon.core.common.CommonExecutor.accessTestCaseMainPhase(CommonExecutor.java:65)
	at com.kms.katalon.core.main.TestSuiteExecutor.accessTestSuiteMainPhase(TestSuiteExecutor.java:150)
	at com.kms.katalon.core.main.TestSuiteExecutor.execute(TestSuiteExecutor.java:106)
	at com.kms.katalon.core.main.TestCaseMain.startTestSuite(TestCaseMain.java:180)
	at TempTestSuite1747808312062.run(TempTestSuite1747808312062.groovy:35)
	at java.base/jdk.internal.reflect.NativeMethodAccessorImpl.invoke0(Native Method)
	at java.base/jdk.internal.reflect.NativeMethodAccessorImpl.invoke(NativeMethodAccessorImpl.java:77)
	at java.base/jdk.internal.reflect.DelegatingMethodAccessorImpl.invoke(DelegatingMethodAccessorImpl.java:43)


21-05-2025T13:18:39 - [TEST_STEP][PASSED] - Start listener action : beforeTest: drivers.Driver.openApp is PASSED

21-05-2025T13:18:39 - [TEST_STEP][PASSED] - DataTest.init(): null

21-05-2025T13:18:39 - [TEST_STEP][PASSED] - testCaseId = split("/").last(): null

21-05-2025T13:18:39 - [TEST_STEP][PASSED] - if (!(drivers.Driver.isAppiumRunning())): null

21-05-2025T13:18:39 - [MESSAGE][INFO] - Appium running: false

21-05-2025T13:18:39 - [MESSAGE][PASSED] - drivers.Driver.isAppiumRunning is PASSED

21-05-2025T13:18:39 - [TEST_STEP][PASSED] - drivers.Driver.startAppium(): drivers.Driver.startAppium is PASSED

21-05-2025T13:18:39 - [MESSAGE][PASSED] - drivers.Driver.startAppium is PASSED

21-05-2025T13:18:39 - [TEST_STEP][PASSED] - if (driver == null || driver.getSessionId() == null): null

21-05-2025T13:18:39 - [TEST_STEP][PASSED] - drivers.Driver.openApp(): drivers.Driver.openApp is PASSED

21-05-2025T13:18:41 - [MESSAGE][PASSED] - drivers.Driver.openApp is PASSED

21-05-2025T13:18:41 - [TEST_STEP][PASSED] - REQUEST_NAME = "Trình ký PDF có sẵn": null

21-05-2025T13:18:41 - [TEST_STEP][PASSED] - TO_DAY = SimpleDateFormat(dd/MM/yyyy).format(new java.util.Date()): null

21-05-2025T13:18:41 - [TEST_STEP][PASSED] - auto5 = DataTest.getUserTest5(): null

21-05-2025T13:18:41 - [TEST_STEP][PASSED] - auto6 = DataTest.getUserTest6(): null

21-05-2025T13:18:41 - [TEST_STEP][PASSED] - auto7 = DataTest.getUserTest7(): null

21-05-2025T13:18:41 - [TEST_STEP][PASSED] - document = DataTest.createDocumentTest(auto5, auto6, auto7, "dummy.pdf", "dummy.pdf"): null

21-05-2025T13:18:41 - [TEST_STEP][PASSED] - loginScreen.login(auto5): null

21-05-2025T13:18:51 - [TEST_STEP][PASSED] - homeScreen.openRequestList(): null

21-05-2025T13:18:52 - [TEST_STEP][PASSED] - homeScreen.createRequest(REQUEST_NAME): null

21-05-2025T13:18:55 - [TEST_STEP][PASSED] - pdfSignScreen.fillInTitle(title): null

21-05-2025T13:18:58 - [TEST_STEP][PASSED] - pdfSignScreen.selectPriority(priority): null

21-05-2025T13:19:03 - [TEST_STEP][PASSED] - pdfSignScreen.selectTime(time): null

21-05-2025T13:19:12 - [TEST_STEP][PASSED] - pdfSignScreen.fillInDescription(description): null

21-05-2025T13:19:15 - [TEST_STEP][PASSED] - pdfSignScreen.selectAssigner(getAssigner().getEmail()): null

21-05-2025T13:19:29 - [TEST_STEP][PASSED] - pdfSignScreen.openMainFileBrowser(): null

21-05-2025T13:19:31 - [TEST_STEP][PASSED] - fileBrowserScreen.attachFile(mainFileName): null

21-05-2025T13:19:41 - [TEST_STEP][PASSED] - pdfSignScreen.openSubFileBrowser(): null

21-05-2025T13:19:43 - [TEST_STEP][PASSED] - fileBrowserScreen.attachFile(subFileName): null

21-05-2025T13:19:50 - [TEST_STEP][PASSED] - pdfSignScreen.selectRelatedMember(getCc().getEmail()): null

21-05-2025T13:20:01 - [TEST_STEP][PASSED] - pdfSignScreen.performAction(SEND_APPROVE): null

21-05-2025T13:20:03 - [TEST_STEP][PASSED] - pdfSignScreen.fillInOpinion(document.getComment()): null

21-05-2025T13:20:06 - [TEST_STEP][PASSED] - pdfSignScreen.submitRequest(): null

21-05-2025T13:20:12 - [TEST_STEP][PASSED] - document.setStatus(WAIT_APPROVE): null

21-05-2025T13:20:12 - [TEST_STEP][PASSED] - documentInformationScreen.backToHome(): null

21-05-2025T13:20:13 - [TEST_STEP][PASSED] - homeScreen.goToOutComingDocument(): null

21-05-2025T13:20:21 - [TEST_STEP][PASSED] - outComingDocument.viewInformationDocument(document): null

21-05-2025T13:20:33 - [TEST_STEP][PASSED] - documentInformationScreen.checkDocumentTitle(document): Verify equals GUI: Trình ký 1747808321474 - DATA: Trình ký 1747808321474

21-05-2025T13:20:40 - [MESSAGE][PASSED] - Verify equals GUI: Trình ký 1747808321474 - DATA: Trình ký 1747808321474

21-05-2025T13:20:40 - [TEST_STEP][PASSED] - documentInformationScreen.checkSender(document): Verify equals GUI: Auto Test User 5 - DATA: Auto Test User 5

21-05-2025T13:20:41 - [MESSAGE][PASSED] - Verify equals GUI: Auto Test User 5 - DATA: Auto Test User 5

21-05-2025T13:20:41 - [TEST_STEP][PASSED] - documentInformationScreen.checkStatus(document): Verify equals GUI: Chờ giám sát phê duyệt - DATA: Chờ giám sát phê duyệt

21-05-2025T13:20:41 - [MESSAGE][PASSED] - Verify equals GUI: Chờ giám sát phê duyệt - DATA: Chờ giám sát phê duyệt

21-05-2025T13:20:41 - [TEST_STEP][PASSED] - documentInformationScreen.checkCreateDate(): Verify equals GUI: 21/05/2025 - DATA: 21/05/2025

21-05-2025T13:20:42 - [MESSAGE][PASSED] - Verify equals GUI: 21/05/2025 - DATA: 21/05/2025

21-05-2025T13:20:42 - [TEST_STEP][PASSED] - documentInformationScreen.checkFinishDate(document): Verify equals GUI: 22/05/2025 - DATA: 22/05/2025

21-05-2025T13:20:42 - [MESSAGE][PASSED] - Verify equals GUI: 22/05/2025 - DATA: 22/05/2025

21-05-2025T13:20:42 - [TEST_STEP][PASSED] - documentInformationScreen.checkPriority(document): Verify equals GUI: Khẩn cấp - DATA: Khẩn cấp

21-05-2025T13:20:42 - [MESSAGE][PASSED] - Verify equals GUI: Khẩn cấp - DATA: Khẩn cấp

21-05-2025T13:20:42 - [TEST_STEP][PASSED] - documentInformationScreen.checkDescription(document): Verify equals GUI: 002 TAO YEU CAU - DATA: 002 TAO YEU CAU

21-05-2025T13:20:43 - [MESSAGE][PASSED] - Verify equals GUI: 002 TAO YEU CAU - DATA: 002 TAO YEU CAU

21-05-2025T13:20:43 - [TEST_STEP][PASSED] - documentInformationScreen.checkAssigner(document): Verify contains GUI: Auto Test User 6 (auto6@hdbank.com.vn) - DATA: auto6@hdbank.com.vn

21-05-2025T13:20:46 - [MESSAGE][PASSED] - Verify contains GUI: Auto Test User 6 (auto6@hdbank.com.vn) - DATA: auto6@hdbank.com.vn

21-05-2025T13:20:46 - [TEST_STEP][PASSED] - documentInformationScreen.checkPresentFileName(document): Verify contains GUI: dummy_20250521131940.ozd - DATA: dummy

21-05-2025T13:20:48 - [MESSAGE][PASSED] - Verify contains GUI: dummy_20250521131940.ozd - DATA: dummy

21-05-2025T13:20:48 - [TEST_STEP][PASSED] - documentInformationScreen.checkAttachFileName(document): Expected true condition

21-05-2025T13:20:52 - [MESSAGE][PASSED] - Expected true condition

21-05-2025T13:20:52 - [TEST_STEP][PASSED] - documentInformationScreen.backToHome(): null

21-05-2025T13:21:01 - [TEST_STEP][PASSED] - homeScreen.logout(): null

21-05-2025T13:21:10 - [TEST_STEP][PASSED] - loginScreen.login(auto6): null

21-05-2025T13:21:22 - [TEST_STEP][PASSED] - document.setAssigner(auto5): null

21-05-2025T13:21:22 - [TEST_STEP][PASSED] - homeScreen.goToIncomingDocument(): null

21-05-2025T13:21:22 - [TEST_STEP][PASSED] - inComingDocument.viewInformationDocument(document): View document Trình ký 1747808321474

21-05-2025T13:21:22 - [MESSAGE][INFO] - View document Trình ký 1747808321474

21-05-2025T13:21:59 - [TEST_STEP][PASSED] - documentInformationScreen.checkDocumentTitle(document): Verify equals GUI: Trình ký 1747808321474 - DATA: Trình ký 1747808321474

21-05-2025T13:22:00 - [MESSAGE][PASSED] - Verify equals GUI: Trình ký 1747808321474 - DATA: Trình ký 1747808321474

21-05-2025T13:22:00 - [TEST_STEP][PASSED] - documentInformationScreen.checkSender(document): Verify equals GUI: Auto Test User 5 - DATA: Auto Test User 5

21-05-2025T13:22:00 - [MESSAGE][PASSED] - Verify equals GUI: Auto Test User 5 - DATA: Auto Test User 5

21-05-2025T13:22:00 - [TEST_STEP][PASSED] - documentInformationScreen.checkStatus(document): Verify equals GUI: Chờ giám sát phê duyệt - DATA: Chờ giám sát phê duyệt

21-05-2025T13:22:01 - [MESSAGE][PASSED] - Verify equals GUI: Chờ giám sát phê duyệt - DATA: Chờ giám sát phê duyệt

21-05-2025T13:22:01 - [TEST_STEP][PASSED] - documentInformationScreen.checkCreateDate(): Verify equals GUI: 21/05/2025 - DATA: 21/05/2025

21-05-2025T13:22:01 - [MESSAGE][PASSED] - Verify equals GUI: 21/05/2025 - DATA: 21/05/2025

21-05-2025T13:22:01 - [TEST_STEP][PASSED] - documentInformationScreen.checkFinishDate(document): Verify equals GUI: 22/05/2025 - DATA: 22/05/2025

21-05-2025T13:22:01 - [MESSAGE][PASSED] - Verify equals GUI: 22/05/2025 - DATA: 22/05/2025

21-05-2025T13:22:01 - [TEST_STEP][PASSED] - documentInformationScreen.checkPriority(document): Verify equals GUI: Khẩn cấp - DATA: Khẩn cấp

21-05-2025T13:22:02 - [MESSAGE][PASSED] - Verify equals GUI: Khẩn cấp - DATA: Khẩn cấp

21-05-2025T13:22:02 - [TEST_STEP][PASSED] - documentInformationScreen.checkDescription(document): Verify equals GUI: 002 TAO YEU CAU - DATA: 002 TAO YEU CAU

21-05-2025T13:22:02 - [MESSAGE][PASSED] - Verify equals GUI: 002 TAO YEU CAU - DATA: 002 TAO YEU CAU

21-05-2025T13:22:02 - [TEST_STEP][PASSED] - documentInformationScreen.checkAssigner(document): Verify contains GUI: Auto Test User 5 (auto5@hdbank.com.vn) - DATA: auto5@hdbank.com.vn

21-05-2025T13:22:06 - [MESSAGE][PASSED] - Verify contains GUI: Auto Test User 5 (auto5@hdbank.com.vn) - DATA: auto5@hdbank.com.vn

21-05-2025T13:22:06 - [TEST_STEP][PASSED] - documentInformationScreen.checkPresentFileName(document): Verify contains GUI: dummy_20250521131940.ozd - DATA: dummy

21-05-2025T13:22:08 - [MESSAGE][PASSED] - Verify contains GUI: dummy_20250521131940.ozd - DATA: dummy

21-05-2025T13:22:08 - [TEST_STEP][PASSED] - documentInformationScreen.checkAttachFileName(document): Expected true condition

21-05-2025T13:22:11 - [MESSAGE][PASSED] - Expected true condition

21-05-2025T13:22:11 - [TEST_STEP][PASSED] - documentInformationScreen.backToHome(): null

21-05-2025T13:22:21 - [TEST_STEP][PASSED] - homeScreen.logout(): null

21-05-2025T13:22:29 - [TEST_STEP][PASSED] - document.setAssigner(auto6): null

21-05-2025T13:22:29 - [TEST_STEP][PASSED] - loginScreen.login(auto7): null

21-05-2025T13:22:41 - [TEST_STEP][PASSED] - homeScreen.goToIncomingDocument(): null

21-05-2025T13:22:41 - [TEST_STEP][PASSED] - inComingDocument.goToRelatedDocument(): null

21-05-2025T13:22:46 - [TEST_STEP][ERROR] - relatedDocumentScreen.viewInformationDocument(document): Test Cases/IPAPER APP/002 TAO YEU CAU FAILED.
Reason:
org.openqa.selenium.TimeoutException: Expected condition failed: waiting for base.BaseKeyword$Trait$Helper$_waitForPresentOf_closure1@1239c268 (tried for 30 second(s) with 500 milliseconds interval)
Build info: version: '3.141.59', revision: 'unknown', time: 'unknown'
System info: host: 'Cuong-Mac.local', ip: 'fe80:0:0:0:c43:6797:ebf2:3aad%en0', os.name: 'Mac OS X', os.arch: 'aarch64', os.version: '15.5', java.version: '17.0.7'
Driver info: io.appium.java_client.ios.IOSDriver
Capabilities {automationName: XCUITest, browserName: , databaseEnabled: false, fullReset: false, javascriptEnabled: true, locationContextEnabled: false, networkConnectionEnabled: false, noReset: true, platform: MAC, platformName: iOS, platformVersion: 18.4, takesScreenshot: true, udid: 00008110-000C10543443801E, webStorageEnabled: false}
Session ID: 01bfc3c6-5e13-4dc5-a0a0-9b9b6acbce73
	at org.openqa.selenium.support.ui.WebDriverWait.timeoutException(WebDriverWait.java:95)
	at org.openqa.selenium.support.ui.FluentWait.until(FluentWait.java:272)
	at base.BaseKeyword$Trait$Helper.waitForPresentOf(BaseKeyword.groovy:341)
	at screens.RelatedDocumentScreen.waitForPresentOf(RelatedDocumentScreen.groovy)
	at screens.RelatedDocumentScreen.viewInformationDocument(RelatedDocumentScreen.groovy:17)
	at 002 TAO YEU CAU.run(002 TAO YEU CAU:128)
	at com.kms.katalon.core.main.ScriptEngine.run(ScriptEngine.java:194)
	at com.kms.katalon.core.main.ScriptEngine.runScriptAsRawText(ScriptEngine.java:119)
	at com.kms.katalon.core.main.TestCaseExecutor.runScript(TestCaseExecutor.java:448)
	at com.kms.katalon.core.main.TestCaseExecutor.doExecute(TestCaseExecutor.java:439)
	at com.kms.katalon.core.main.TestCaseExecutor.processExecutionPhase(TestCaseExecutor.java:418)
	at com.kms.katalon.core.main.TestCaseExecutor.accessMainPhase(TestCaseExecutor.java:410)
	at com.kms.katalon.core.main.TestCaseExecutor.execute(TestCaseExecutor.java:285)
	at com.kms.katalon.core.common.CommonExecutor.accessTestCaseMainPhase(CommonExecutor.java:65)
	at com.kms.katalon.core.main.TestSuiteExecutor.accessTestSuiteMainPhase(TestSuiteExecutor.java:150)
	at com.kms.katalon.core.main.TestSuiteExecutor.execute(TestSuiteExecutor.java:106)
	at com.kms.katalon.core.main.TestCaseMain.startTestSuite(TestCaseMain.java:180)
	at TempTestSuite1747808312062.run(TempTestSuite1747808312062.groovy:35)
	at java.base/jdk.internal.reflect.NativeMethodAccessorImpl.invoke0(Native Method)
	at java.base/jdk.internal.reflect.NativeMethodAccessorImpl.invoke(NativeMethodAccessorImpl.java:77)
	at java.base/jdk.internal.reflect.DelegatingMethodAccessorImpl.invoke(DelegatingMethodAccessorImpl.java:43)


21-05-2025T13:23:21 - [MESSAGE][ERROR] - Test Cases/IPAPER APP/002 TAO YEU CAU FAILED.
Reason:
org.openqa.selenium.TimeoutException: Expected condition failed: waiting for base.BaseKeyword$Trait$Helper$_waitForPresentOf_closure1@1239c268 (tried for 30 second(s) with 500 milliseconds interval)
Build info: version: '3.141.59', revision: 'unknown', time: 'unknown'
System info: host: 'Cuong-Mac.local', ip: 'fe80:0:0:0:c43:6797:ebf2:3aad%en0', os.name: 'Mac OS X', os.arch: 'aarch64', os.version: '15.5', java.version: '17.0.7'
Driver info: io.appium.java_client.ios.IOSDriver
Capabilities {automationName: XCUITest, browserName: , databaseEnabled: false, fullReset: false, javascriptEnabled: true, locationContextEnabled: false, networkConnectionEnabled: false, noReset: true, platform: MAC, platformName: iOS, platformVersion: 18.4, takesScreenshot: true, udid: 00008110-000C10543443801E, webStorageEnabled: false}
Session ID: 01bfc3c6-5e13-4dc5-a0a0-9b9b6acbce73
	at org.openqa.selenium.support.ui.WebDriverWait.timeoutException(WebDriverWait.java:95)
	at org.openqa.selenium.support.ui.FluentWait.until(FluentWait.java:272)
	at base.BaseKeyword$Trait$Helper.waitForPresentOf(BaseKeyword.groovy:341)
	at screens.RelatedDocumentScreen.waitForPresentOf(RelatedDocumentScreen.groovy)
	at screens.RelatedDocumentScreen.viewInformationDocument(RelatedDocumentScreen.groovy:17)
	at 002 TAO YEU CAU.run(002 TAO YEU CAU:128)
	at com.kms.katalon.core.main.ScriptEngine.run(ScriptEngine.java:194)
	at com.kms.katalon.core.main.ScriptEngine.runScriptAsRawText(ScriptEngine.java:119)
	at com.kms.katalon.core.main.TestCaseExecutor.runScript(TestCaseExecutor.java:448)
	at com.kms.katalon.core.main.TestCaseExecutor.doExecute(TestCaseExecutor.java:439)
	at com.kms.katalon.core.main.TestCaseExecutor.processExecutionPhase(TestCaseExecutor.java:418)
	at com.kms.katalon.core.main.TestCaseExecutor.accessMainPhase(TestCaseExecutor.java:410)
	at com.kms.katalon.core.main.TestCaseExecutor.execute(TestCaseExecutor.java:285)
	at com.kms.katalon.core.common.CommonExecutor.accessTestCaseMainPhase(CommonExecutor.java:65)
	at com.kms.katalon.core.main.TestSuiteExecutor.accessTestSuiteMainPhase(TestSuiteExecutor.java:150)
	at com.kms.katalon.core.main.TestSuiteExecutor.execute(TestSuiteExecutor.java:106)
	at com.kms.katalon.core.main.TestCaseMain.startTestSuite(TestCaseMain.java:180)
	at TempTestSuite1747808312062.run(TempTestSuite1747808312062.groovy:35)
	at java.base/jdk.internal.reflect.NativeMethodAccessorImpl.invoke0(Native Method)
	at java.base/jdk.internal.reflect.NativeMethodAccessorImpl.invoke(NativeMethodAccessorImpl.java:77)
	at java.base/jdk.internal.reflect.DelegatingMethodAccessorImpl.invoke(DelegatingMethodAccessorImpl.java:43)


21-05-2025T13:23:21 - [TEST_STEP][PASSED] - Start listener action : afterTest: null

21-05-2025T13:23:21 - [TEST_STEP][PASSED] - if (testCaseStatus != "PASSED"): Screenshot is taken

21-05-2025T13:23:21 - [TEST_STEP][PASSED] - takeScreenshot(ErrorScreen/$GlobalVariable.PLATFORM/$testCaseContext.getTestCaseId().png): Screenshot is taken

21-05-2025T13:23:26 - [MESSAGE][PASSED] - Screenshot is taken
[[ATTACHMENT|ErrorScreen/iOS/Test Cases/IPAPER APP/002 TAO YEU CAU.png]]

21-05-2025T13:23:26 - [TEST_STEP][PASSED] - drivers.Driver.closeApp(): drivers.Driver.closeApp is PASSED

21-05-2025T13:23:27 - [MESSAGE][PASSED] - drivers.Driver.closeApp is PASSED

21-05-2025T13:23:27 - [TEST_STEP][PASSED] - if (tsContext == null): null]]></system-out>
         <system-err><![CDATA[21-05-2025T13:18:39 - [TEST_CASE][ERROR] - Test Cases/IPAPER APP/002 TAO YEU CAU: Test Cases/IPAPER APP/002 TAO YEU CAU FAILED.
Reason:
org.openqa.selenium.TimeoutException: Expected condition failed: waiting for base.BaseKeyword$Trait$Helper$_waitForPresentOf_closure1@1239c268 (tried for 30 second(s) with 500 milliseconds interval)
Build info: version: '3.141.59', revision: 'unknown', time: 'unknown'
System info: host: 'Cuong-Mac.local', ip: 'fe80:0:0:0:c43:6797:ebf2:3aad%en0', os.name: 'Mac OS X', os.arch: 'aarch64', os.version: '15.5', java.version: '17.0.7'
Driver info: io.appium.java_client.ios.IOSDriver
Capabilities {automationName: XCUITest, browserName: , databaseEnabled: false, fullReset: false, javascriptEnabled: true, locationContextEnabled: false, networkConnectionEnabled: false, noReset: true, platform: MAC, platformName: iOS, platformVersion: 18.4, takesScreenshot: true, udid: 00008110-000C10543443801E, webStorageEnabled: false}
Session ID: 01bfc3c6-5e13-4dc5-a0a0-9b9b6acbce73
	at org.openqa.selenium.support.ui.WebDriverWait.timeoutException(WebDriverWait.java:95)
	at org.openqa.selenium.support.ui.FluentWait.until(FluentWait.java:272)
	at base.BaseKeyword$Trait$Helper.waitForPresentOf(BaseKeyword.groovy:341)
	at screens.RelatedDocumentScreen.waitForPresentOf(RelatedDocumentScreen.groovy)
	at screens.RelatedDocumentScreen.viewInformationDocument(RelatedDocumentScreen.groovy:17)
	at 002 TAO YEU CAU.run(002 TAO YEU CAU:128)
	at com.kms.katalon.core.main.ScriptEngine.run(ScriptEngine.java:194)
	at com.kms.katalon.core.main.ScriptEngine.runScriptAsRawText(ScriptEngine.java:119)
	at com.kms.katalon.core.main.TestCaseExecutor.runScript(TestCaseExecutor.java:448)
	at com.kms.katalon.core.main.TestCaseExecutor.doExecute(TestCaseExecutor.java:439)
	at com.kms.katalon.core.main.TestCaseExecutor.processExecutionPhase(TestCaseExecutor.java:418)
	at com.kms.katalon.core.main.TestCaseExecutor.accessMainPhase(TestCaseExecutor.java:410)
	at com.kms.katalon.core.main.TestCaseExecutor.execute(TestCaseExecutor.java:285)
	at com.kms.katalon.core.common.CommonExecutor.accessTestCaseMainPhase(CommonExecutor.java:65)
	at com.kms.katalon.core.main.TestSuiteExecutor.accessTestSuiteMainPhase(TestSuiteExecutor.java:150)
	at com.kms.katalon.core.main.TestSuiteExecutor.execute(TestSuiteExecutor.java:106)
	at com.kms.katalon.core.main.TestCaseMain.startTestSuite(TestCaseMain.java:180)
	at TempTestSuite1747808312062.run(TempTestSuite1747808312062.groovy:35)
	at java.base/jdk.internal.reflect.NativeMethodAccessorImpl.invoke0(Native Method)
	at java.base/jdk.internal.reflect.NativeMethodAccessorImpl.invoke(NativeMethodAccessorImpl.java:77)
	at java.base/jdk.internal.reflect.DelegatingMethodAccessorImpl.invoke(DelegatingMethodAccessorImpl.java:43)]]></system-err>
      </testcase>
      <testcase name="Test Cases/IPAPER APP/003 TAO YEU CAU KHONG CO ASSIGNER" time="266.456" classname="Test Cases/IPAPER APP/003 TAO YEU CAU KHONG CO ASSIGNER" status="ERROR">
         <error type="ERROR" message="Test Cases/IPAPER APP/003 TAO YEU CAU KHONG CO ASSIGNER FAILED.&#xa;Reason:&#xa;org.openqa.selenium.TimeoutException: Expected condition failed: waiting for base.BaseKeyword$Trait$Helper$_waitForPresentOf_closure1@566dc0c3 (tried for 30 second(s) with 500 milliseconds interval)&#xa;Build info: version: '3.141.59', revision: 'unknown', time: 'unknown'&#xa;System info: host: 'Cuong-Mac.local', ip: 'fe80:0:0:0:c43:6797:ebf2:3aad%en0', os.name: 'Mac OS X', os.arch: 'aarch64', os.version: '15.5', java.version: '17.0.7'&#xa;Driver info: io.appium.java_client.ios.IOSDriver&#xa;Capabilities {automationName: XCUITest, browserName: , databaseEnabled: false, fullReset: false, javascriptEnabled: true, locationContextEnabled: false, networkConnectionEnabled: false, noReset: true, platform: MAC, platformName: iOS, platformVersion: 18.4, takesScreenshot: true, udid: 00008110-000C10543443801E, webStorageEnabled: false}&#xa;Session ID: 01bfc3c6-5e13-4dc5-a0a0-9b9b6acbce73&#xa;	at org.openqa.selenium.support.ui.WebDriverWait.timeoutException(WebDriverWait.java:95)&#xa;	at org.openqa.selenium.support.ui.FluentWait.until(FluentWait.java:272)&#xa;	at base.BaseKeyword$Trait$Helper.waitForPresentOf(BaseKeyword.groovy:341)&#xa;	at screens.RelatedDocumentScreen.waitForPresentOf(RelatedDocumentScreen.groovy)&#xa;	at screens.RelatedDocumentScreen.viewInformationDocument(RelatedDocumentScreen.groovy:17)&#xa;	at 003 TAO YEU CAU KHONG CO ASSIGNER.run(003 TAO YEU CAU KHONG CO ASSIGNER:137)&#xa;	at com.kms.katalon.core.main.ScriptEngine.run(ScriptEngine.java:194)&#xa;	at com.kms.katalon.core.main.ScriptEngine.runScriptAsRawText(ScriptEngine.java:119)&#xa;	at com.kms.katalon.core.main.TestCaseExecutor.runScript(TestCaseExecutor.java:448)&#xa;	at com.kms.katalon.core.main.TestCaseExecutor.doExecute(TestCaseExecutor.java:439)&#xa;	at com.kms.katalon.core.main.TestCaseExecutor.processExecutionPhase(TestCaseExecutor.java:418)&#xa;	at com.kms.katalon.core.main.TestCaseExecutor.accessMainPhase(TestCaseExecutor.java:410)&#xa;	at com.kms.katalon.core.main.TestCaseExecutor.execute(TestCaseExecutor.java:285)&#xa;	at com.kms.katalon.core.common.CommonExecutor.accessTestCaseMainPhase(CommonExecutor.java:65)&#xa;	at com.kms.katalon.core.main.TestSuiteExecutor.accessTestSuiteMainPhase(TestSuiteExecutor.java:150)&#xa;	at com.kms.katalon.core.main.TestSuiteExecutor.execute(TestSuiteExecutor.java:106)&#xa;	at com.kms.katalon.core.main.TestCaseMain.startTestSuite(TestCaseMain.java:180)&#xa;	at TempTestSuite1747808312062.run(TempTestSuite1747808312062.groovy:35)&#xa;	at java.base/jdk.internal.reflect.NativeMethodAccessorImpl.invoke0(Native Method)&#xa;	at java.base/jdk.internal.reflect.NativeMethodAccessorImpl.invoke(NativeMethodAccessorImpl.java:77)&#xa;	at java.base/jdk.internal.reflect.DelegatingMethodAccessorImpl.invoke(DelegatingMethodAccessorImpl.java:43)&#xa;"/>
         <system-out><![CDATA[21-05-2025T13:23:27 - [TEST_CASE][ERROR] - Test Cases/IPAPER APP/003 TAO YEU CAU KHONG CO ASSIGNER: Test Cases/IPAPER APP/003 TAO YEU CAU KHONG CO ASSIGNER FAILED.
Reason:
org.openqa.selenium.TimeoutException: Expected condition failed: waiting for base.BaseKeyword$Trait$Helper$_waitForPresentOf_closure1@566dc0c3 (tried for 30 second(s) with 500 milliseconds interval)
Build info: version: '3.141.59', revision: 'unknown', time: 'unknown'
System info: host: 'Cuong-Mac.local', ip: 'fe80:0:0:0:c43:6797:ebf2:3aad%en0', os.name: 'Mac OS X', os.arch: 'aarch64', os.version: '15.5', java.version: '17.0.7'
Driver info: io.appium.java_client.ios.IOSDriver
Capabilities {automationName: XCUITest, browserName: , databaseEnabled: false, fullReset: false, javascriptEnabled: true, locationContextEnabled: false, networkConnectionEnabled: false, noReset: true, platform: MAC, platformName: iOS, platformVersion: 18.4, takesScreenshot: true, udid: 00008110-000C10543443801E, webStorageEnabled: false}
Session ID: 01bfc3c6-5e13-4dc5-a0a0-9b9b6acbce73
	at org.openqa.selenium.support.ui.WebDriverWait.timeoutException(WebDriverWait.java:95)
	at org.openqa.selenium.support.ui.FluentWait.until(FluentWait.java:272)
	at base.BaseKeyword$Trait$Helper.waitForPresentOf(BaseKeyword.groovy:341)
	at screens.RelatedDocumentScreen.waitForPresentOf(RelatedDocumentScreen.groovy)
	at screens.RelatedDocumentScreen.viewInformationDocument(RelatedDocumentScreen.groovy:17)
	at 003 TAO YEU CAU KHONG CO ASSIGNER.run(003 TAO YEU CAU KHONG CO ASSIGNER:137)
	at com.kms.katalon.core.main.ScriptEngine.run(ScriptEngine.java:194)
	at com.kms.katalon.core.main.ScriptEngine.runScriptAsRawText(ScriptEngine.java:119)
	at com.kms.katalon.core.main.TestCaseExecutor.runScript(TestCaseExecutor.java:448)
	at com.kms.katalon.core.main.TestCaseExecutor.doExecute(TestCaseExecutor.java:439)
	at com.kms.katalon.core.main.TestCaseExecutor.processExecutionPhase(TestCaseExecutor.java:418)
	at com.kms.katalon.core.main.TestCaseExecutor.accessMainPhase(TestCaseExecutor.java:410)
	at com.kms.katalon.core.main.TestCaseExecutor.execute(TestCaseExecutor.java:285)
	at com.kms.katalon.core.common.CommonExecutor.accessTestCaseMainPhase(CommonExecutor.java:65)
	at com.kms.katalon.core.main.TestSuiteExecutor.accessTestSuiteMainPhase(TestSuiteExecutor.java:150)
	at com.kms.katalon.core.main.TestSuiteExecutor.execute(TestSuiteExecutor.java:106)
	at com.kms.katalon.core.main.TestCaseMain.startTestSuite(TestCaseMain.java:180)
	at TempTestSuite1747808312062.run(TempTestSuite1747808312062.groovy:35)
	at java.base/jdk.internal.reflect.NativeMethodAccessorImpl.invoke0(Native Method)
	at java.base/jdk.internal.reflect.NativeMethodAccessorImpl.invoke(NativeMethodAccessorImpl.java:77)
	at java.base/jdk.internal.reflect.DelegatingMethodAccessorImpl.invoke(DelegatingMethodAccessorImpl.java:43)


21-05-2025T13:23:27 - [TEST_STEP][PASSED] - Start listener action : beforeTest: drivers.Driver.openApp is PASSED

21-05-2025T13:23:27 - [TEST_STEP][PASSED] - DataTest.init(): null

21-05-2025T13:23:27 - [TEST_STEP][PASSED] - testCaseId = split("/").last(): null

21-05-2025T13:23:27 - [TEST_STEP][PASSED] - if (!(drivers.Driver.isAppiumRunning())): drivers.Driver.isAppiumRunning is PASSED

21-05-2025T13:23:27 - [MESSAGE][INFO] - Appium running: true

21-05-2025T13:23:27 - [MESSAGE][PASSED] - drivers.Driver.isAppiumRunning is PASSED

21-05-2025T13:23:27 - [TEST_STEP][PASSED] - if (driver == null || driver.getSessionId() == null): null

21-05-2025T13:23:27 - [TEST_STEP][PASSED] - drivers.Driver.openApp(): drivers.Driver.openApp is PASSED

21-05-2025T13:23:29 - [MESSAGE][PASSED] - drivers.Driver.openApp is PASSED

21-05-2025T13:23:29 - [TEST_STEP][PASSED] - REQUEST_NAME = "Trình ký PDF có sẵn": null

21-05-2025T13:23:29 - [TEST_STEP][PASSED] - STATUS = "Đang đợi xử lý": null

21-05-2025T13:23:29 - [TEST_STEP][PASSED] - TO_DAY = SimpleDateFormat(dd/MM/yyyy).format(new java.util.Date()): null

21-05-2025T13:23:29 - [TEST_STEP][PASSED] - ERROR_MESSAGE = "Vui lòng nhập Email người nhận": null

21-05-2025T13:23:29 - [TEST_STEP][PASSED] - documentTitle = "Trình ký " + System.currentTimeMillis(): null

21-05-2025T13:23:29 - [TEST_STEP][PASSED] - auto5 = DataTest.getUserTest5(): null

21-05-2025T13:23:29 - [TEST_STEP][PASSED] - auto6 = DataTest.getUserTest6(): null

21-05-2025T13:23:29 - [TEST_STEP][PASSED] - auto7 = DataTest.getUserTest7(): null

21-05-2025T13:23:29 - [TEST_STEP][PASSED] - document = DataTest.createDocumentTest(auto5, auto6, auto7, "dummy.pdf", "dummy.pdf"): null

21-05-2025T13:23:29 - [TEST_STEP][PASSED] - loginScreen.login(auto5): null

21-05-2025T13:23:40 - [TEST_STEP][PASSED] - homeScreen.openRequestList(): null

21-05-2025T13:23:40 - [TEST_STEP][PASSED] - homeScreen.createRequest(REQUEST_NAME): null

21-05-2025T13:23:45 - [TEST_STEP][PASSED] - pdfSignScreen.fillInTitle(title): null

21-05-2025T13:23:48 - [TEST_STEP][PASSED] - pdfSignScreen.selectPriority(priority): null

21-05-2025T13:23:51 - [TEST_STEP][PASSED] - pdfSignScreen.selectTime(time): null

21-05-2025T13:24:00 - [TEST_STEP][PASSED] - pdfSignScreen.fillInDescription(description): null

21-05-2025T13:24:04 - [TEST_STEP][PASSED] - pdfSignScreen.selectAssigner(getAssigner().getEmail()): null

21-05-2025T13:24:18 - [TEST_STEP][PASSED] - pdfSignScreen.openMainFileBrowser(): null

21-05-2025T13:24:20 - [TEST_STEP][PASSED] - fileBrowserScreen.attachFile(mainFileName): null

21-05-2025T13:24:29 - [TEST_STEP][PASSED] - pdfSignScreen.openSubFileBrowser(): null

21-05-2025T13:24:34 - [TEST_STEP][PASSED] - fileBrowserScreen.attachFile(subFileName): null

21-05-2025T13:24:42 - [TEST_STEP][PASSED] - pdfSignScreen.selectRelatedMember(getCc().getEmail()): null

21-05-2025T13:24:52 - [TEST_STEP][PASSED] - pdfSignScreen.performAction(SEND_APPROVE): null

21-05-2025T13:24:55 - [TEST_STEP][PASSED] - document.setStatus(WAIT_APPROVE): null

21-05-2025T13:24:55 - [TEST_STEP][PASSED] - pdfSignScreen.fillInOpinion(document.getComment()): null

21-05-2025T13:24:57 - [TEST_STEP][PASSED] - pdfSignScreen.submitRequest(): null

21-05-2025T13:25:09 - [TEST_STEP][PASSED] - documentInformationScreen.backToHome(): null

21-05-2025T13:25:09 - [TEST_STEP][PASSED] - homeScreen.goToOutComingDocument(): null

21-05-2025T13:25:18 - [TEST_STEP][PASSED] - outComingDocument.viewInformationDocument(document): null

21-05-2025T13:25:31 - [TEST_STEP][PASSED] - documentInformationScreen.checkDocumentTitle(document): Verify equals GUI: Trình ký 1747808609975 - DATA: Trình ký 1747808609975

21-05-2025T13:25:39 - [MESSAGE][PASSED] - Verify equals GUI: Trình ký 1747808609975 - DATA: Trình ký 1747808609975

21-05-2025T13:25:39 - [TEST_STEP][PASSED] - documentInformationScreen.checkSender(document): Verify equals GUI: Auto Test User 5 - DATA: Auto Test User 5

21-05-2025T13:25:39 - [MESSAGE][PASSED] - Verify equals GUI: Auto Test User 5 - DATA: Auto Test User 5

21-05-2025T13:25:39 - [TEST_STEP][PASSED] - documentInformationScreen.checkStatus(document): Verify equals GUI: Chờ giám sát phê duyệt - DATA: Chờ giám sát phê duyệt

21-05-2025T13:25:40 - [MESSAGE][PASSED] - Verify equals GUI: Chờ giám sát phê duyệt - DATA: Chờ giám sát phê duyệt

21-05-2025T13:25:40 - [TEST_STEP][PASSED] - documentInformationScreen.checkFinishDate(document): Verify equals GUI: 22/05/2025 - DATA: 22/05/2025

21-05-2025T13:25:40 - [MESSAGE][PASSED] - Verify equals GUI: 22/05/2025 - DATA: 22/05/2025

21-05-2025T13:25:40 - [TEST_STEP][PASSED] - documentInformationScreen.checkPriority(document): Verify equals GUI: Cao - DATA: Cao

21-05-2025T13:25:41 - [MESSAGE][PASSED] - Verify equals GUI: Cao - DATA: Cao

21-05-2025T13:25:41 - [TEST_STEP][PASSED] - documentInformationScreen.checkDescription(document): Verify equals GUI: 003 TAO YEU CAU KHONG CO ASSIGNER - DATA: 003 TAO YEU CAU KHONG CO ASSIGNER

21-05-2025T13:25:41 - [MESSAGE][PASSED] - Verify equals GUI: 003 TAO YEU CAU KHONG CO ASSIGNER - DATA: 003 TAO YEU CAU KHONG CO ASSIGNER

21-05-2025T13:25:41 - [TEST_STEP][PASSED] - documentInformationScreen.checkAssigner(document): Verify contains GUI: Auto Test User 6 (auto6@hdbank.com.vn) - DATA: auto6@hdbank.com.vn

21-05-2025T13:25:44 - [MESSAGE][PASSED] - Verify contains GUI: Auto Test User 6 (auto6@hdbank.com.vn) - DATA: auto6@hdbank.com.vn

21-05-2025T13:25:44 - [TEST_STEP][PASSED] - documentInformationScreen.checkPresentFileName(document): Verify contains GUI: dummy_20250521132429.ozd - DATA: dummy

21-05-2025T13:25:46 - [MESSAGE][PASSED] - Verify contains GUI: dummy_20250521132429.ozd - DATA: dummy

21-05-2025T13:25:46 - [TEST_STEP][PASSED] - documentInformationScreen.checkAttachFileName(document): Expected true condition

21-05-2025T13:25:50 - [MESSAGE][PASSED] - Expected true condition

21-05-2025T13:25:50 - [TEST_STEP][PASSED] - documentInformationScreen.backToHome(): null

21-05-2025T13:25:59 - [TEST_STEP][PASSED] - outComingDocument.checkItemInDocument(): null

21-05-2025T13:25:59 - [TEST_STEP][PASSED] - homeScreen.logout(): null

21-05-2025T13:26:08 - [TEST_STEP][PASSED] - document.setAssigner(auto5): null

21-05-2025T13:26:08 - [TEST_STEP][PASSED] - loginScreen.login(auto6): null

21-05-2025T13:26:18 - [TEST_STEP][PASSED] - homeScreen.goToIncomingDocument(): null

21-05-2025T13:26:18 - [TEST_STEP][PASSED] - inComingDocument.viewInformationDocument(document): View document Trình ký 1747808609975

21-05-2025T13:26:18 - [MESSAGE][INFO] - View document Trình ký 1747808609975

21-05-2025T13:26:35 - [TEST_STEP][PASSED] - documentInformationScreen.checkDocumentTitle(document): Verify equals GUI: Trình ký 1747808609975 - DATA: Trình ký 1747808609975

21-05-2025T13:26:36 - [MESSAGE][PASSED] - Verify equals GUI: Trình ký 1747808609975 - DATA: Trình ký 1747808609975

21-05-2025T13:26:36 - [TEST_STEP][PASSED] - documentInformationScreen.checkSender(document): Verify equals GUI: Auto Test User 5 - DATA: Auto Test User 5

21-05-2025T13:26:36 - [MESSAGE][PASSED] - Verify equals GUI: Auto Test User 5 - DATA: Auto Test User 5

21-05-2025T13:26:36 - [TEST_STEP][PASSED] - documentInformationScreen.checkStatus(document): Verify equals GUI: Chờ giám sát phê duyệt - DATA: Chờ giám sát phê duyệt

21-05-2025T13:26:36 - [MESSAGE][PASSED] - Verify equals GUI: Chờ giám sát phê duyệt - DATA: Chờ giám sát phê duyệt

21-05-2025T13:26:36 - [TEST_STEP][PASSED] - documentInformationScreen.checkFinishDate(document): Verify equals GUI: 22/05/2025 - DATA: 22/05/2025

21-05-2025T13:26:37 - [MESSAGE][PASSED] - Verify equals GUI: 22/05/2025 - DATA: 22/05/2025

21-05-2025T13:26:37 - [TEST_STEP][PASSED] - documentInformationScreen.checkPriority(document): Verify equals GUI: Cao - DATA: Cao

21-05-2025T13:26:37 - [MESSAGE][PASSED] - Verify equals GUI: Cao - DATA: Cao

21-05-2025T13:26:37 - [TEST_STEP][PASSED] - documentInformationScreen.checkDescription(document): Verify equals GUI: 003 TAO YEU CAU KHONG CO ASSIGNER - DATA: 003 TAO YEU CAU KHONG CO ASSIGNER

21-05-2025T13:26:38 - [MESSAGE][PASSED] - Verify equals GUI: 003 TAO YEU CAU KHONG CO ASSIGNER - DATA: 003 TAO YEU CAU KHONG CO ASSIGNER

21-05-2025T13:26:38 - [TEST_STEP][PASSED] - documentInformationScreen.checkAssigner(document): Verify contains GUI: Auto Test User 5 (auto5@hdbank.com.vn) - DATA: auto5@hdbank.com.vn

21-05-2025T13:26:41 - [MESSAGE][PASSED] - Verify contains GUI: Auto Test User 5 (auto5@hdbank.com.vn) - DATA: auto5@hdbank.com.vn

21-05-2025T13:26:41 - [TEST_STEP][PASSED] - documentInformationScreen.checkPresentFileName(document): Verify contains GUI: dummy_20250521132429.ozd - DATA: dummy

21-05-2025T13:26:43 - [MESSAGE][PASSED] - Verify contains GUI: dummy_20250521132429.ozd - DATA: dummy

21-05-2025T13:26:43 - [TEST_STEP][PASSED] - documentInformationScreen.checkAttachFileName(document): Expected true condition

21-05-2025T13:26:47 - [MESSAGE][PASSED] - Expected true condition

21-05-2025T13:26:47 - [TEST_STEP][PASSED] - documentInformationScreen.backToHome(): null

21-05-2025T13:26:56 - [TEST_STEP][PASSED] - inComingDocument.checkItemInDocument(): null

21-05-2025T13:26:56 - [TEST_STEP][PASSED] - homeScreen.logout(): null

21-05-2025T13:27:05 - [TEST_STEP][PASSED] - document.setAssigner(auto6): null

21-05-2025T13:27:05 - [TEST_STEP][PASSED] - loginScreen.login(auto7): null

21-05-2025T13:27:15 - [TEST_STEP][PASSED] - homeScreen.goToIncomingDocument(): null

21-05-2025T13:27:16 - [TEST_STEP][PASSED] - inComingDocument.goToRelatedDocument(): null

21-05-2025T13:27:17 - [TEST_STEP][ERROR] - relatedDocumentScreen.viewInformationDocument(document): Test Cases/IPAPER APP/003 TAO YEU CAU KHONG CO ASSIGNER FAILED.
Reason:
org.openqa.selenium.TimeoutException: Expected condition failed: waiting for base.BaseKeyword$Trait$Helper$_waitForPresentOf_closure1@566dc0c3 (tried for 30 second(s) with 500 milliseconds interval)
Build info: version: '3.141.59', revision: 'unknown', time: 'unknown'
System info: host: 'Cuong-Mac.local', ip: 'fe80:0:0:0:c43:6797:ebf2:3aad%en0', os.name: 'Mac OS X', os.arch: 'aarch64', os.version: '15.5', java.version: '17.0.7'
Driver info: io.appium.java_client.ios.IOSDriver
Capabilities {automationName: XCUITest, browserName: , databaseEnabled: false, fullReset: false, javascriptEnabled: true, locationContextEnabled: false, networkConnectionEnabled: false, noReset: true, platform: MAC, platformName: iOS, platformVersion: 18.4, takesScreenshot: true, udid: 00008110-000C10543443801E, webStorageEnabled: false}
Session ID: 01bfc3c6-5e13-4dc5-a0a0-9b9b6acbce73
	at org.openqa.selenium.support.ui.WebDriverWait.timeoutException(WebDriverWait.java:95)
	at org.openqa.selenium.support.ui.FluentWait.until(FluentWait.java:272)
	at base.BaseKeyword$Trait$Helper.waitForPresentOf(BaseKeyword.groovy:341)
	at screens.RelatedDocumentScreen.waitForPresentOf(RelatedDocumentScreen.groovy)
	at screens.RelatedDocumentScreen.viewInformationDocument(RelatedDocumentScreen.groovy:17)
	at 003 TAO YEU CAU KHONG CO ASSIGNER.run(003 TAO YEU CAU KHONG CO ASSIGNER:137)
	at com.kms.katalon.core.main.ScriptEngine.run(ScriptEngine.java:194)
	at com.kms.katalon.core.main.ScriptEngine.runScriptAsRawText(ScriptEngine.java:119)
	at com.kms.katalon.core.main.TestCaseExecutor.runScript(TestCaseExecutor.java:448)
	at com.kms.katalon.core.main.TestCaseExecutor.doExecute(TestCaseExecutor.java:439)
	at com.kms.katalon.core.main.TestCaseExecutor.processExecutionPhase(TestCaseExecutor.java:418)
	at com.kms.katalon.core.main.TestCaseExecutor.accessMainPhase(TestCaseExecutor.java:410)
	at com.kms.katalon.core.main.TestCaseExecutor.execute(TestCaseExecutor.java:285)
	at com.kms.katalon.core.common.CommonExecutor.accessTestCaseMainPhase(CommonExecutor.java:65)
	at com.kms.katalon.core.main.TestSuiteExecutor.accessTestSuiteMainPhase(TestSuiteExecutor.java:150)
	at com.kms.katalon.core.main.TestSuiteExecutor.execute(TestSuiteExecutor.java:106)
	at com.kms.katalon.core.main.TestCaseMain.startTestSuite(TestCaseMain.java:180)
	at TempTestSuite1747808312062.run(TempTestSuite1747808312062.groovy:35)
	at java.base/jdk.internal.reflect.NativeMethodAccessorImpl.invoke0(Native Method)
	at java.base/jdk.internal.reflect.NativeMethodAccessorImpl.invoke(NativeMethodAccessorImpl.java:77)
	at java.base/jdk.internal.reflect.DelegatingMethodAccessorImpl.invoke(DelegatingMethodAccessorImpl.java:43)


21-05-2025T13:27:52 - [MESSAGE][ERROR] - Test Cases/IPAPER APP/003 TAO YEU CAU KHONG CO ASSIGNER FAILED.
Reason:
org.openqa.selenium.TimeoutException: Expected condition failed: waiting for base.BaseKeyword$Trait$Helper$_waitForPresentOf_closure1@566dc0c3 (tried for 30 second(s) with 500 milliseconds interval)
Build info: version: '3.141.59', revision: 'unknown', time: 'unknown'
System info: host: 'Cuong-Mac.local', ip: 'fe80:0:0:0:c43:6797:ebf2:3aad%en0', os.name: 'Mac OS X', os.arch: 'aarch64', os.version: '15.5', java.version: '17.0.7'
Driver info: io.appium.java_client.ios.IOSDriver
Capabilities {automationName: XCUITest, browserName: , databaseEnabled: false, fullReset: false, javascriptEnabled: true, locationContextEnabled: false, networkConnectionEnabled: false, noReset: true, platform: MAC, platformName: iOS, platformVersion: 18.4, takesScreenshot: true, udid: 00008110-000C10543443801E, webStorageEnabled: false}
Session ID: 01bfc3c6-5e13-4dc5-a0a0-9b9b6acbce73
	at org.openqa.selenium.support.ui.WebDriverWait.timeoutException(WebDriverWait.java:95)
	at org.openqa.selenium.support.ui.FluentWait.until(FluentWait.java:272)
	at base.BaseKeyword$Trait$Helper.waitForPresentOf(BaseKeyword.groovy:341)
	at screens.RelatedDocumentScreen.waitForPresentOf(RelatedDocumentScreen.groovy)
	at screens.RelatedDocumentScreen.viewInformationDocument(RelatedDocumentScreen.groovy:17)
	at 003 TAO YEU CAU KHONG CO ASSIGNER.run(003 TAO YEU CAU KHONG CO ASSIGNER:137)
	at com.kms.katalon.core.main.ScriptEngine.run(ScriptEngine.java:194)
	at com.kms.katalon.core.main.ScriptEngine.runScriptAsRawText(ScriptEngine.java:119)
	at com.kms.katalon.core.main.TestCaseExecutor.runScript(TestCaseExecutor.java:448)
	at com.kms.katalon.core.main.TestCaseExecutor.doExecute(TestCaseExecutor.java:439)
	at com.kms.katalon.core.main.TestCaseExecutor.processExecutionPhase(TestCaseExecutor.java:418)
	at com.kms.katalon.core.main.TestCaseExecutor.accessMainPhase(TestCaseExecutor.java:410)
	at com.kms.katalon.core.main.TestCaseExecutor.execute(TestCaseExecutor.java:285)
	at com.kms.katalon.core.common.CommonExecutor.accessTestCaseMainPhase(CommonExecutor.java:65)
	at com.kms.katalon.core.main.TestSuiteExecutor.accessTestSuiteMainPhase(TestSuiteExecutor.java:150)
	at com.kms.katalon.core.main.TestSuiteExecutor.execute(TestSuiteExecutor.java:106)
	at com.kms.katalon.core.main.TestCaseMain.startTestSuite(TestCaseMain.java:180)
	at TempTestSuite1747808312062.run(TempTestSuite1747808312062.groovy:35)
	at java.base/jdk.internal.reflect.NativeMethodAccessorImpl.invoke0(Native Method)
	at java.base/jdk.internal.reflect.NativeMethodAccessorImpl.invoke(NativeMethodAccessorImpl.java:77)
	at java.base/jdk.internal.reflect.DelegatingMethodAccessorImpl.invoke(DelegatingMethodAccessorImpl.java:43)


21-05-2025T13:27:52 - [TEST_STEP][PASSED] - Start listener action : afterTest: null

21-05-2025T13:27:52 - [TEST_STEP][PASSED] - if (testCaseStatus != "PASSED"): Screenshot is taken

21-05-2025T13:27:52 - [TEST_STEP][PASSED] - takeScreenshot(ErrorScreen/$GlobalVariable.PLATFORM/$testCaseContext.getTestCaseId().png): Screenshot is taken

21-05-2025T13:27:53 - [MESSAGE][PASSED] - Screenshot is taken
[[ATTACHMENT|ErrorScreen/iOS/Test Cases/IPAPER APP/003 TAO YEU CAU KHONG CO ASSIGNER.png]]

21-05-2025T13:27:53 - [TEST_STEP][PASSED] - drivers.Driver.closeApp(): drivers.Driver.closeApp is PASSED

21-05-2025T13:27:54 - [MESSAGE][PASSED] - drivers.Driver.closeApp is PASSED

21-05-2025T13:27:54 - [TEST_STEP][PASSED] - if (tsContext == null): null]]></system-out>
         <system-err><![CDATA[21-05-2025T13:23:27 - [TEST_CASE][ERROR] - Test Cases/IPAPER APP/003 TAO YEU CAU KHONG CO ASSIGNER: Test Cases/IPAPER APP/003 TAO YEU CAU KHONG CO ASSIGNER FAILED.
Reason:
org.openqa.selenium.TimeoutException: Expected condition failed: waiting for base.BaseKeyword$Trait$Helper$_waitForPresentOf_closure1@566dc0c3 (tried for 30 second(s) with 500 milliseconds interval)
Build info: version: '3.141.59', revision: 'unknown', time: 'unknown'
System info: host: 'Cuong-Mac.local', ip: 'fe80:0:0:0:c43:6797:ebf2:3aad%en0', os.name: 'Mac OS X', os.arch: 'aarch64', os.version: '15.5', java.version: '17.0.7'
Driver info: io.appium.java_client.ios.IOSDriver
Capabilities {automationName: XCUITest, browserName: , databaseEnabled: false, fullReset: false, javascriptEnabled: true, locationContextEnabled: false, networkConnectionEnabled: false, noReset: true, platform: MAC, platformName: iOS, platformVersion: 18.4, takesScreenshot: true, udid: 00008110-000C10543443801E, webStorageEnabled: false}
Session ID: 01bfc3c6-5e13-4dc5-a0a0-9b9b6acbce73
	at org.openqa.selenium.support.ui.WebDriverWait.timeoutException(WebDriverWait.java:95)
	at org.openqa.selenium.support.ui.FluentWait.until(FluentWait.java:272)
	at base.BaseKeyword$Trait$Helper.waitForPresentOf(BaseKeyword.groovy:341)
	at screens.RelatedDocumentScreen.waitForPresentOf(RelatedDocumentScreen.groovy)
	at screens.RelatedDocumentScreen.viewInformationDocument(RelatedDocumentScreen.groovy:17)
	at 003 TAO YEU CAU KHONG CO ASSIGNER.run(003 TAO YEU CAU KHONG CO ASSIGNER:137)
	at com.kms.katalon.core.main.ScriptEngine.run(ScriptEngine.java:194)
	at com.kms.katalon.core.main.ScriptEngine.runScriptAsRawText(ScriptEngine.java:119)
	at com.kms.katalon.core.main.TestCaseExecutor.runScript(TestCaseExecutor.java:448)
	at com.kms.katalon.core.main.TestCaseExecutor.doExecute(TestCaseExecutor.java:439)
	at com.kms.katalon.core.main.TestCaseExecutor.processExecutionPhase(TestCaseExecutor.java:418)
	at com.kms.katalon.core.main.TestCaseExecutor.accessMainPhase(TestCaseExecutor.java:410)
	at com.kms.katalon.core.main.TestCaseExecutor.execute(TestCaseExecutor.java:285)
	at com.kms.katalon.core.common.CommonExecutor.accessTestCaseMainPhase(CommonExecutor.java:65)
	at com.kms.katalon.core.main.TestSuiteExecutor.accessTestSuiteMainPhase(TestSuiteExecutor.java:150)
	at com.kms.katalon.core.main.TestSuiteExecutor.execute(TestSuiteExecutor.java:106)
	at com.kms.katalon.core.main.TestCaseMain.startTestSuite(TestCaseMain.java:180)
	at TempTestSuite1747808312062.run(TempTestSuite1747808312062.groovy:35)
	at java.base/jdk.internal.reflect.NativeMethodAccessorImpl.invoke0(Native Method)
	at java.base/jdk.internal.reflect.NativeMethodAccessorImpl.invoke(NativeMethodAccessorImpl.java:77)
	at java.base/jdk.internal.reflect.DelegatingMethodAccessorImpl.invoke(DelegatingMethodAccessorImpl.java:43)]]></system-err>
      </testcase>
      <testcase name="Test Cases/IPAPER APP/004 TAO YEU CAU LAY Y KIEN_1 NGUOI" time="27.023" classname="Test Cases/IPAPER APP/004 TAO YEU CAU LAY Y KIEN_1 NGUOI" status="ERROR">
         <error type="ERROR" message="Test Cases/IPAPER APP/004 TAO YEU CAU LAY Y KIEN_1 NGUOI FAILED.&#xa;Reason:&#xa;org.openqa.selenium.NoSuchElementException: An element could not be located on the page using the given search parameters.&#xa;For documentation on this error, please visit: https://www.seleniumhq.org/exceptions/no_such_element.html&#xa;Build info: version: '3.141.59', revision: 'unknown', time: 'unknown'&#xa;System info: host: 'Cuong-Mac.local', ip: 'fe80:0:0:0:c43:6797:ebf2:3aad%en0', os.name: 'Mac OS X', os.arch: 'aarch64', os.version: '15.5', java.version: '17.0.7'&#xa;Driver info: io.appium.java_client.ios.IOSDriver&#xa;Capabilities {automationName: XCUITest, browserName: , databaseEnabled: false, fullReset: false, javascriptEnabled: true, locationContextEnabled: false, networkConnectionEnabled: false, noReset: true, platform: MAC, platformName: iOS, platformVersion: 18.4, takesScreenshot: true, udid: 00008110-000C10543443801E, webStorageEnabled: false}&#xa;Session ID: 01bfc3c6-5e13-4dc5-a0a0-9b9b6acbce73&#xa;*** Element info: {Using=xpath, value=//XCUIElementTypeImage[@name='ic_add']}&#xa;	at java.base/jdk.internal.reflect.NativeConstructorAccessorImpl.newInstance0(Native Method)&#xa;	at java.base/jdk.internal.reflect.NativeConstructorAccessorImpl.newInstance(NativeConstructorAccessorImpl.java:77)&#xa;	at java.base/jdk.internal.reflect.DelegatingConstructorAccessorImpl.newInstance(DelegatingConstructorAccessorImpl.java:45)&#xa;	at org.openqa.selenium.remote.http.W3CHttpResponseCodec.createException(W3CHttpResponseCodec.java:187)&#xa;	at org.openqa.selenium.remote.http.W3CHttpResponseCodec.decode(W3CHttpResponseCodec.java:122)&#xa;	at org.openqa.selenium.remote.http.W3CHttpResponseCodec.decode(W3CHttpResponseCodec.java:49)&#xa;	at org.openqa.selenium.remote.HttpCommandExecutor.execute(HttpCommandExecutor.java:158)&#xa;	at io.appium.java_client.remote.AppiumCommandExecutor.execute(AppiumCommandExecutor.java:239)&#xa;	at org.openqa.selenium.remote.RemoteWebDriver.execute(RemoteWebDriver.java:552)&#xa;	at io.appium.java_client.DefaultGenericMobileDriver.execute(DefaultGenericMobileDriver.java:42)&#xa;	at io.appium.java_client.AppiumDriver.execute(AppiumDriver.java:1)&#xa;	at io.appium.java_client.ios.IOSDriver.execute(IOSDriver.java:1)&#xa;	at org.openqa.selenium.remote.RemoteWebDriver.findElement(RemoteWebDriver.java:323)&#xa;	at io.appium.java_client.DefaultGenericMobileDriver.findElement(DefaultGenericMobileDriver.java:62)&#xa;	at io.appium.java_client.AppiumDriver.findElement(AppiumDriver.java:1)&#xa;	at io.appium.java_client.ios.IOSDriver.findElement(IOSDriver.java:1)&#xa;	at org.openqa.selenium.remote.RemoteWebDriver.findElementByXPath(RemoteWebDriver.java:428)&#xa;	at io.appium.java_client.DefaultGenericMobileDriver.findElementByXPath(DefaultGenericMobileDriver.java:152)&#xa;	at io.appium.java_client.AppiumDriver.findElementByXPath(AppiumDriver.java:1)&#xa;	at io.appium.java_client.ios.IOSDriver.findElementByXPath(IOSDriver.java:1)&#xa;	at org.openqa.selenium.By$ByXPath.findElement(By.java:353)&#xa;	at org.openqa.selenium.remote.RemoteWebDriver.findElement(RemoteWebDriver.java:315)&#xa;	at io.appium.java_client.DefaultGenericMobileDriver.findElement(DefaultGenericMobileDriver.java:58)&#xa;	at io.appium.java_client.AppiumDriver.findElement(AppiumDriver.java:1)&#xa;	at io.appium.java_client.ios.IOSDriver.findElement(IOSDriver.java:1)&#xa;	at base.BaseKeyword$Trait$Helper.clickToElement(BaseKeyword.groovy:88)&#xa;	at screens.HomeScreen.clickToElement(HomeScreen.groovy)&#xa;	at screens.HomeScreen.openRequestList(HomeScreen.groovy:84)&#xa;	at 004 TAO YEU CAU LAY Y KIEN_1 NGUOI.run(004 TAO YEU CAU LAY Y KIEN_1 NGUOI:25)&#xa;	at com.kms.katalon.core.main.ScriptEngine.run(ScriptEngine.java:194)&#xa;	at com.kms.katalon.core.main.ScriptEngine.runScriptAsRawText(ScriptEngine.java:119)&#xa;	at com.kms.katalon.core.main.TestCaseExecutor.runScript(TestCaseExecutor.java:448)&#xa;	at com.kms.katalon.core.main.TestCaseExecutor.doExecute(TestCaseExecutor.java:439)&#xa;	at com.kms.katalon.core.main.TestCaseExecutor.processExecutionPhase(TestCaseExecutor.java:418)&#xa;	at com.kms.katalon.core.main.TestCaseExecutor.accessMainPhase(TestCaseExecutor.java:410)&#xa;	at com.kms.katalon.core.main.TestCaseExecutor.execute(TestCaseExecutor.java:285)&#xa;	at com.kms.katalon.core.common.CommonExecutor.accessTestCaseMainPhase(CommonExecutor.java:65)&#xa;	at com.kms.katalon.core.main.TestSuiteExecutor.accessTestSuiteMainPhase(TestSuiteExecutor.java:150)&#xa;	at com.kms.katalon.core.main.TestSuiteExecutor.execute(TestSuiteExecutor.java:106)&#xa;	at com.kms.katalon.core.main.TestCaseMain.startTestSuite(TestCaseMain.java:180)&#xa;	at TempTestSuite1747808312062.run(TempTestSuite1747808312062.groovy:35)&#xa;	at java.base/jdk.internal.reflect.NativeMethodAccessorImpl.invoke0(Native Method)&#xa;	at java.base/jdk.internal.reflect.NativeMethodAccessorImpl.invoke(NativeMethodAccessorImpl.java:77)&#xa;	at java.base/jdk.internal.reflect.DelegatingMethodAccessorImpl.invoke(DelegatingMethodAccessorImpl.java:43)&#xa;"/>
         <system-out><![CDATA[21-05-2025T13:27:54 - [TEST_CASE][ERROR] - Test Cases/IPAPER APP/004 TAO YEU CAU LAY Y KIEN_1 NGUOI: Test Cases/IPAPER APP/004 TAO YEU CAU LAY Y KIEN_1 NGUOI FAILED.
Reason:
org.openqa.selenium.NoSuchElementException: An element could not be located on the page using the given search parameters.
For documentation on this error, please visit: https://www.seleniumhq.org/exceptions/no_such_element.html
Build info: version: '3.141.59', revision: 'unknown', time: 'unknown'
System info: host: 'Cuong-Mac.local', ip: 'fe80:0:0:0:c43:6797:ebf2:3aad%en0', os.name: 'Mac OS X', os.arch: 'aarch64', os.version: '15.5', java.version: '17.0.7'
Driver info: io.appium.java_client.ios.IOSDriver
Capabilities {automationName: XCUITest, browserName: , databaseEnabled: false, fullReset: false, javascriptEnabled: true, locationContextEnabled: false, networkConnectionEnabled: false, noReset: true, platform: MAC, platformName: iOS, platformVersion: 18.4, takesScreenshot: true, udid: 00008110-000C10543443801E, webStorageEnabled: false}
Session ID: 01bfc3c6-5e13-4dc5-a0a0-9b9b6acbce73
*** Element info: {Using=xpath, value=//XCUIElementTypeImage[@name='ic_add']}
	at java.base/jdk.internal.reflect.NativeConstructorAccessorImpl.newInstance0(Native Method)
	at java.base/jdk.internal.reflect.NativeConstructorAccessorImpl.newInstance(NativeConstructorAccessorImpl.java:77)
	at java.base/jdk.internal.reflect.DelegatingConstructorAccessorImpl.newInstance(DelegatingConstructorAccessorImpl.java:45)
	at org.openqa.selenium.remote.http.W3CHttpResponseCodec.createException(W3CHttpResponseCodec.java:187)
	at org.openqa.selenium.remote.http.W3CHttpResponseCodec.decode(W3CHttpResponseCodec.java:122)
	at org.openqa.selenium.remote.http.W3CHttpResponseCodec.decode(W3CHttpResponseCodec.java:49)
	at org.openqa.selenium.remote.HttpCommandExecutor.execute(HttpCommandExecutor.java:158)
	at io.appium.java_client.remote.AppiumCommandExecutor.execute(AppiumCommandExecutor.java:239)
	at org.openqa.selenium.remote.RemoteWebDriver.execute(RemoteWebDriver.java:552)
	at io.appium.java_client.DefaultGenericMobileDriver.execute(DefaultGenericMobileDriver.java:42)
	at io.appium.java_client.AppiumDriver.execute(AppiumDriver.java:1)
	at io.appium.java_client.ios.IOSDriver.execute(IOSDriver.java:1)
	at org.openqa.selenium.remote.RemoteWebDriver.findElement(RemoteWebDriver.java:323)
	at io.appium.java_client.DefaultGenericMobileDriver.findElement(DefaultGenericMobileDriver.java:62)
	at io.appium.java_client.AppiumDriver.findElement(AppiumDriver.java:1)
	at io.appium.java_client.ios.IOSDriver.findElement(IOSDriver.java:1)
	at org.openqa.selenium.remote.RemoteWebDriver.findElementByXPath(RemoteWebDriver.java:428)
	at io.appium.java_client.DefaultGenericMobileDriver.findElementByXPath(DefaultGenericMobileDriver.java:152)
	at io.appium.java_client.AppiumDriver.findElementByXPath(AppiumDriver.java:1)
	at io.appium.java_client.ios.IOSDriver.findElementByXPath(IOSDriver.java:1)
	at org.openqa.selenium.By$ByXPath.findElement(By.java:353)
	at org.openqa.selenium.remote.RemoteWebDriver.findElement(RemoteWebDriver.java:315)
	at io.appium.java_client.DefaultGenericMobileDriver.findElement(DefaultGenericMobileDriver.java:58)
	at io.appium.java_client.AppiumDriver.findElement(AppiumDriver.java:1)
	at io.appium.java_client.ios.IOSDriver.findElement(IOSDriver.java:1)
	at base.BaseKeyword$Trait$Helper.clickToElement(BaseKeyword.groovy:88)
	at screens.HomeScreen.clickToElement(HomeScreen.groovy)
	at screens.HomeScreen.openRequestList(HomeScreen.groovy:84)
	at 004 TAO YEU CAU LAY Y KIEN_1 NGUOI.run(004 TAO YEU CAU LAY Y KIEN_1 NGUOI:25)
	at com.kms.katalon.core.main.ScriptEngine.run(ScriptEngine.java:194)
	at com.kms.katalon.core.main.ScriptEngine.runScriptAsRawText(ScriptEngine.java:119)
	at com.kms.katalon.core.main.TestCaseExecutor.runScript(TestCaseExecutor.java:448)
	at com.kms.katalon.core.main.TestCaseExecutor.doExecute(TestCaseExecutor.java:439)
	at com.kms.katalon.core.main.TestCaseExecutor.processExecutionPhase(TestCaseExecutor.java:418)
	at com.kms.katalon.core.main.TestCaseExecutor.accessMainPhase(TestCaseExecutor.java:410)
	at com.kms.katalon.core.main.TestCaseExecutor.execute(TestCaseExecutor.java:285)
	at com.kms.katalon.core.common.CommonExecutor.accessTestCaseMainPhase(CommonExecutor.java:65)
	at com.kms.katalon.core.main.TestSuiteExecutor.accessTestSuiteMainPhase(TestSuiteExecutor.java:150)
	at com.kms.katalon.core.main.TestSuiteExecutor.execute(TestSuiteExecutor.java:106)
	at com.kms.katalon.core.main.TestCaseMain.startTestSuite(TestCaseMain.java:180)
	at TempTestSuite1747808312062.run(TempTestSuite1747808312062.groovy:35)
	at java.base/jdk.internal.reflect.NativeMethodAccessorImpl.invoke0(Native Method)
	at java.base/jdk.internal.reflect.NativeMethodAccessorImpl.invoke(NativeMethodAccessorImpl.java:77)
	at java.base/jdk.internal.reflect.DelegatingMethodAccessorImpl.invoke(DelegatingMethodAccessorImpl.java:43)


21-05-2025T13:27:54 - [TEST_STEP][PASSED] - Start listener action : beforeTest: drivers.Driver.openApp is PASSED

21-05-2025T13:27:54 - [TEST_STEP][PASSED] - DataTest.init(): null

21-05-2025T13:27:54 - [TEST_STEP][PASSED] - testCaseId = split("/").last(): null

21-05-2025T13:27:54 - [TEST_STEP][PASSED] - if (!(drivers.Driver.isAppiumRunning())): drivers.Driver.isAppiumRunning is PASSED

21-05-2025T13:27:54 - [MESSAGE][INFO] - Appium running: true

21-05-2025T13:27:54 - [MESSAGE][PASSED] - drivers.Driver.isAppiumRunning is PASSED

21-05-2025T13:27:54 - [TEST_STEP][PASSED] - if (driver == null || driver.getSessionId() == null): null

21-05-2025T13:27:54 - [TEST_STEP][PASSED] - drivers.Driver.openApp(): drivers.Driver.openApp is PASSED

21-05-2025T13:27:55 - [MESSAGE][PASSED] - drivers.Driver.openApp is PASSED

21-05-2025T13:27:56 - [TEST_STEP][PASSED] - REQUEST_NAME = "Trình ký PDF có sẵn": null

21-05-2025T13:27:56 - [TEST_STEP][PASSED] - USER_CREATE_COMMENT = "Commented by user create document": null

21-05-2025T13:27:56 - [TEST_STEP][PASSED] - ASSIGNER_COMMENT = "Comment by assigner": null

21-05-2025T13:27:56 - [TEST_STEP][PASSED] - documentTitle = "Trình ký " + System.currentTimeMillis(): null

21-05-2025T13:27:56 - [TEST_STEP][PASSED] - auto5 = DataTest.getUserTest5(): null

21-05-2025T13:27:56 - [TEST_STEP][PASSED] - auto6 = DataTest.getUserTest6(): null

21-05-2025T13:27:56 - [TEST_STEP][PASSED] - document = DataTest.createDocumentTest(auto5, auto6, null, "dummy.pdf", "dummy.pdf"): null

21-05-2025T13:27:56 - [TEST_STEP][PASSED] - loginScreen.login(auto5): null

21-05-2025T13:28:16 - [TEST_STEP][ERROR] - homeScreen.openRequestList(): Test Cases/IPAPER APP/004 TAO YEU CAU LAY Y KIEN_1 NGUOI FAILED.
Reason:
org.openqa.selenium.NoSuchElementException: An element could not be located on the page using the given search parameters.
For documentation on this error, please visit: https://www.seleniumhq.org/exceptions/no_such_element.html
Build info: version: '3.141.59', revision: 'unknown', time: 'unknown'
System info: host: 'Cuong-Mac.local', ip: 'fe80:0:0:0:c43:6797:ebf2:3aad%en0', os.name: 'Mac OS X', os.arch: 'aarch64', os.version: '15.5', java.version: '17.0.7'
Driver info: io.appium.java_client.ios.IOSDriver
Capabilities {automationName: XCUITest, browserName: , databaseEnabled: false, fullReset: false, javascriptEnabled: true, locationContextEnabled: false, networkConnectionEnabled: false, noReset: true, platform: MAC, platformName: iOS, platformVersion: 18.4, takesScreenshot: true, udid: 00008110-000C10543443801E, webStorageEnabled: false}
Session ID: 01bfc3c6-5e13-4dc5-a0a0-9b9b6acbce73
*** Element info: {Using=xpath, value=//XCUIElementTypeImage[@name='ic_add']}
	at java.base/jdk.internal.reflect.NativeConstructorAccessorImpl.newInstance0(Native Method)
	at java.base/jdk.internal.reflect.NativeConstructorAccessorImpl.newInstance(NativeConstructorAccessorImpl.java:77)
	at java.base/jdk.internal.reflect.DelegatingConstructorAccessorImpl.newInstance(DelegatingConstructorAccessorImpl.java:45)
	at org.openqa.selenium.remote.http.W3CHttpResponseCodec.createException(W3CHttpResponseCodec.java:187)
	at org.openqa.selenium.remote.http.W3CHttpResponseCodec.decode(W3CHttpResponseCodec.java:122)
	at org.openqa.selenium.remote.http.W3CHttpResponseCodec.decode(W3CHttpResponseCodec.java:49)
	at org.openqa.selenium.remote.HttpCommandExecutor.execute(HttpCommandExecutor.java:158)
	at io.appium.java_client.remote.AppiumCommandExecutor.execute(AppiumCommandExecutor.java:239)
	at org.openqa.selenium.remote.RemoteWebDriver.execute(RemoteWebDriver.java:552)
	at io.appium.java_client.DefaultGenericMobileDriver.execute(DefaultGenericMobileDriver.java:42)
	at io.appium.java_client.AppiumDriver.execute(AppiumDriver.java:1)
	at io.appium.java_client.ios.IOSDriver.execute(IOSDriver.java:1)
	at org.openqa.selenium.remote.RemoteWebDriver.findElement(RemoteWebDriver.java:323)
	at io.appium.java_client.DefaultGenericMobileDriver.findElement(DefaultGenericMobileDriver.java:62)
	at io.appium.java_client.AppiumDriver.findElement(AppiumDriver.java:1)
	at io.appium.java_client.ios.IOSDriver.findElement(IOSDriver.java:1)
	at org.openqa.selenium.remote.RemoteWebDriver.findElementByXPath(RemoteWebDriver.java:428)
	at io.appium.java_client.DefaultGenericMobileDriver.findElementByXPath(DefaultGenericMobileDriver.java:152)
	at io.appium.java_client.AppiumDriver.findElementByXPath(AppiumDriver.java:1)
	at io.appium.java_client.ios.IOSDriver.findElementByXPath(IOSDriver.java:1)
	at org.openqa.selenium.By$ByXPath.findElement(By.java:353)
	at org.openqa.selenium.remote.RemoteWebDriver.findElement(RemoteWebDriver.java:315)
	at io.appium.java_client.DefaultGenericMobileDriver.findElement(DefaultGenericMobileDriver.java:58)
	at io.appium.java_client.AppiumDriver.findElement(AppiumDriver.java:1)
	at io.appium.java_client.ios.IOSDriver.findElement(IOSDriver.java:1)
	at base.BaseKeyword$Trait$Helper.clickToElement(BaseKeyword.groovy:88)
	at screens.HomeScreen.clickToElement(HomeScreen.groovy)
	at screens.HomeScreen.openRequestList(HomeScreen.groovy:84)
	at 004 TAO YEU CAU LAY Y KIEN_1 NGUOI.run(004 TAO YEU CAU LAY Y KIEN_1 NGUOI:25)
	at com.kms.katalon.core.main.ScriptEngine.run(ScriptEngine.java:194)
	at com.kms.katalon.core.main.ScriptEngine.runScriptAsRawText(ScriptEngine.java:119)
	at com.kms.katalon.core.main.TestCaseExecutor.runScript(TestCaseExecutor.java:448)
	at com.kms.katalon.core.main.TestCaseExecutor.doExecute(TestCaseExecutor.java:439)
	at com.kms.katalon.core.main.TestCaseExecutor.processExecutionPhase(TestCaseExecutor.java:418)
	at com.kms.katalon.core.main.TestCaseExecutor.accessMainPhase(TestCaseExecutor.java:410)
	at com.kms.katalon.core.main.TestCaseExecutor.execute(TestCaseExecutor.java:285)
	at com.kms.katalon.core.common.CommonExecutor.accessTestCaseMainPhase(CommonExecutor.java:65)
	at com.kms.katalon.core.main.TestSuiteExecutor.accessTestSuiteMainPhase(TestSuiteExecutor.java:150)
	at com.kms.katalon.core.main.TestSuiteExecutor.execute(TestSuiteExecutor.java:106)
	at com.kms.katalon.core.main.TestCaseMain.startTestSuite(TestCaseMain.java:180)
	at TempTestSuite1747808312062.run(TempTestSuite1747808312062.groovy:35)
	at java.base/jdk.internal.reflect.NativeMethodAccessorImpl.invoke0(Native Method)
	at java.base/jdk.internal.reflect.NativeMethodAccessorImpl.invoke(NativeMethodAccessorImpl.java:77)
	at java.base/jdk.internal.reflect.DelegatingMethodAccessorImpl.invoke(DelegatingMethodAccessorImpl.java:43)


21-05-2025T13:28:20 - [MESSAGE][ERROR] - Test Cases/IPAPER APP/004 TAO YEU CAU LAY Y KIEN_1 NGUOI FAILED.
Reason:
org.openqa.selenium.NoSuchElementException: An element could not be located on the page using the given search parameters.
For documentation on this error, please visit: https://www.seleniumhq.org/exceptions/no_such_element.html
Build info: version: '3.141.59', revision: 'unknown', time: 'unknown'
System info: host: 'Cuong-Mac.local', ip: 'fe80:0:0:0:c43:6797:ebf2:3aad%en0', os.name: 'Mac OS X', os.arch: 'aarch64', os.version: '15.5', java.version: '17.0.7'
Driver info: io.appium.java_client.ios.IOSDriver
Capabilities {automationName: XCUITest, browserName: , databaseEnabled: false, fullReset: false, javascriptEnabled: true, locationContextEnabled: false, networkConnectionEnabled: false, noReset: true, platform: MAC, platformName: iOS, platformVersion: 18.4, takesScreenshot: true, udid: 00008110-000C10543443801E, webStorageEnabled: false}
Session ID: 01bfc3c6-5e13-4dc5-a0a0-9b9b6acbce73
*** Element info: {Using=xpath, value=//XCUIElementTypeImage[@name='ic_add']}
	at java.base/jdk.internal.reflect.NativeConstructorAccessorImpl.newInstance0(Native Method)
	at java.base/jdk.internal.reflect.NativeConstructorAccessorImpl.newInstance(NativeConstructorAccessorImpl.java:77)
	at java.base/jdk.internal.reflect.DelegatingConstructorAccessorImpl.newInstance(DelegatingConstructorAccessorImpl.java:45)
	at org.openqa.selenium.remote.http.W3CHttpResponseCodec.createException(W3CHttpResponseCodec.java:187)
	at org.openqa.selenium.remote.http.W3CHttpResponseCodec.decode(W3CHttpResponseCodec.java:122)
	at org.openqa.selenium.remote.http.W3CHttpResponseCodec.decode(W3CHttpResponseCodec.java:49)
	at org.openqa.selenium.remote.HttpCommandExecutor.execute(HttpCommandExecutor.java:158)
	at io.appium.java_client.remote.AppiumCommandExecutor.execute(AppiumCommandExecutor.java:239)
	at org.openqa.selenium.remote.RemoteWebDriver.execute(RemoteWebDriver.java:552)
	at io.appium.java_client.DefaultGenericMobileDriver.execute(DefaultGenericMobileDriver.java:42)
	at io.appium.java_client.AppiumDriver.execute(AppiumDriver.java:1)
	at io.appium.java_client.ios.IOSDriver.execute(IOSDriver.java:1)
	at org.openqa.selenium.remote.RemoteWebDriver.findElement(RemoteWebDriver.java:323)
	at io.appium.java_client.DefaultGenericMobileDriver.findElement(DefaultGenericMobileDriver.java:62)
	at io.appium.java_client.AppiumDriver.findElement(AppiumDriver.java:1)
	at io.appium.java_client.ios.IOSDriver.findElement(IOSDriver.java:1)
	at org.openqa.selenium.remote.RemoteWebDriver.findElementByXPath(RemoteWebDriver.java:428)
	at io.appium.java_client.DefaultGenericMobileDriver.findElementByXPath(DefaultGenericMobileDriver.java:152)
	at io.appium.java_client.AppiumDriver.findElementByXPath(AppiumDriver.java:1)
	at io.appium.java_client.ios.IOSDriver.findElementByXPath(IOSDriver.java:1)
	at org.openqa.selenium.By$ByXPath.findElement(By.java:353)
	at org.openqa.selenium.remote.RemoteWebDriver.findElement(RemoteWebDriver.java:315)
	at io.appium.java_client.DefaultGenericMobileDriver.findElement(DefaultGenericMobileDriver.java:58)
	at io.appium.java_client.AppiumDriver.findElement(AppiumDriver.java:1)
	at io.appium.java_client.ios.IOSDriver.findElement(IOSDriver.java:1)
	at base.BaseKeyword$Trait$Helper.clickToElement(BaseKeyword.groovy:88)
	at screens.HomeScreen.clickToElement(HomeScreen.groovy)
	at screens.HomeScreen.openRequestList(HomeScreen.groovy:84)
	at 004 TAO YEU CAU LAY Y KIEN_1 NGUOI.run(004 TAO YEU CAU LAY Y KIEN_1 NGUOI:25)
	at com.kms.katalon.core.main.ScriptEngine.run(ScriptEngine.java:194)
	at com.kms.katalon.core.main.ScriptEngine.runScriptAsRawText(ScriptEngine.java:119)
	at com.kms.katalon.core.main.TestCaseExecutor.runScript(TestCaseExecutor.java:448)
	at com.kms.katalon.core.main.TestCaseExecutor.doExecute(TestCaseExecutor.java:439)
	at com.kms.katalon.core.main.TestCaseExecutor.processExecutionPhase(TestCaseExecutor.java:418)
	at com.kms.katalon.core.main.TestCaseExecutor.accessMainPhase(TestCaseExecutor.java:410)
	at com.kms.katalon.core.main.TestCaseExecutor.execute(TestCaseExecutor.java:285)
	at com.kms.katalon.core.common.CommonExecutor.accessTestCaseMainPhase(CommonExecutor.java:65)
	at com.kms.katalon.core.main.TestSuiteExecutor.accessTestSuiteMainPhase(TestSuiteExecutor.java:150)
	at com.kms.katalon.core.main.TestSuiteExecutor.execute(TestSuiteExecutor.java:106)
	at com.kms.katalon.core.main.TestCaseMain.startTestSuite(TestCaseMain.java:180)
	at TempTestSuite1747808312062.run(TempTestSuite1747808312062.groovy:35)
	at java.base/jdk.internal.reflect.NativeMethodAccessorImpl.invoke0(Native Method)
	at java.base/jdk.internal.reflect.NativeMethodAccessorImpl.invoke(NativeMethodAccessorImpl.java:77)
	at java.base/jdk.internal.reflect.DelegatingMethodAccessorImpl.invoke(DelegatingMethodAccessorImpl.java:43)


21-05-2025T13:28:20 - [TEST_STEP][PASSED] - Start listener action : afterTest: null

21-05-2025T13:28:20 - [TEST_STEP][PASSED] - if (testCaseStatus != "PASSED"): Screenshot is taken

21-05-2025T13:28:20 - [TEST_STEP][PASSED] - takeScreenshot(ErrorScreen/$GlobalVariable.PLATFORM/$testCaseContext.getTestCaseId().png): Screenshot is taken

21-05-2025T13:28:20 - [MESSAGE][PASSED] - Screenshot is taken
[[ATTACHMENT|ErrorScreen/iOS/Test Cases/IPAPER APP/004 TAO YEU CAU LAY Y KIEN_1 NGUOI.png]]

21-05-2025T13:28:20 - [TEST_STEP][PASSED] - drivers.Driver.closeApp(): drivers.Driver.closeApp is PASSED

21-05-2025T13:28:21 - [MESSAGE][PASSED] - drivers.Driver.closeApp is PASSED

21-05-2025T13:28:21 - [TEST_STEP][PASSED] - if (tsContext == null): null]]></system-out>
         <system-err><![CDATA[21-05-2025T13:27:54 - [TEST_CASE][ERROR] - Test Cases/IPAPER APP/004 TAO YEU CAU LAY Y KIEN_1 NGUOI: Test Cases/IPAPER APP/004 TAO YEU CAU LAY Y KIEN_1 NGUOI FAILED.
Reason:
org.openqa.selenium.NoSuchElementException: An element could not be located on the page using the given search parameters.
For documentation on this error, please visit: https://www.seleniumhq.org/exceptions/no_such_element.html
Build info: version: '3.141.59', revision: 'unknown', time: 'unknown'
System info: host: 'Cuong-Mac.local', ip: 'fe80:0:0:0:c43:6797:ebf2:3aad%en0', os.name: 'Mac OS X', os.arch: 'aarch64', os.version: '15.5', java.version: '17.0.7'
Driver info: io.appium.java_client.ios.IOSDriver
Capabilities {automationName: XCUITest, browserName: , databaseEnabled: false, fullReset: false, javascriptEnabled: true, locationContextEnabled: false, networkConnectionEnabled: false, noReset: true, platform: MAC, platformName: iOS, platformVersion: 18.4, takesScreenshot: true, udid: 00008110-000C10543443801E, webStorageEnabled: false}
Session ID: 01bfc3c6-5e13-4dc5-a0a0-9b9b6acbce73
*** Element info: {Using=xpath, value=//XCUIElementTypeImage[@name='ic_add']}
	at java.base/jdk.internal.reflect.NativeConstructorAccessorImpl.newInstance0(Native Method)
	at java.base/jdk.internal.reflect.NativeConstructorAccessorImpl.newInstance(NativeConstructorAccessorImpl.java:77)
	at java.base/jdk.internal.reflect.DelegatingConstructorAccessorImpl.newInstance(DelegatingConstructorAccessorImpl.java:45)
	at org.openqa.selenium.remote.http.W3CHttpResponseCodec.createException(W3CHttpResponseCodec.java:187)
	at org.openqa.selenium.remote.http.W3CHttpResponseCodec.decode(W3CHttpResponseCodec.java:122)
	at org.openqa.selenium.remote.http.W3CHttpResponseCodec.decode(W3CHttpResponseCodec.java:49)
	at org.openqa.selenium.remote.HttpCommandExecutor.execute(HttpCommandExecutor.java:158)
	at io.appium.java_client.remote.AppiumCommandExecutor.execute(AppiumCommandExecutor.java:239)
	at org.openqa.selenium.remote.RemoteWebDriver.execute(RemoteWebDriver.java:552)
	at io.appium.java_client.DefaultGenericMobileDriver.execute(DefaultGenericMobileDriver.java:42)
	at io.appium.java_client.AppiumDriver.execute(AppiumDriver.java:1)
	at io.appium.java_client.ios.IOSDriver.execute(IOSDriver.java:1)
	at org.openqa.selenium.remote.RemoteWebDriver.findElement(RemoteWebDriver.java:323)
	at io.appium.java_client.DefaultGenericMobileDriver.findElement(DefaultGenericMobileDriver.java:62)
	at io.appium.java_client.AppiumDriver.findElement(AppiumDriver.java:1)
	at io.appium.java_client.ios.IOSDriver.findElement(IOSDriver.java:1)
	at org.openqa.selenium.remote.RemoteWebDriver.findElementByXPath(RemoteWebDriver.java:428)
	at io.appium.java_client.DefaultGenericMobileDriver.findElementByXPath(DefaultGenericMobileDriver.java:152)
	at io.appium.java_client.AppiumDriver.findElementByXPath(AppiumDriver.java:1)
	at io.appium.java_client.ios.IOSDriver.findElementByXPath(IOSDriver.java:1)
	at org.openqa.selenium.By$ByXPath.findElement(By.java:353)
	at org.openqa.selenium.remote.RemoteWebDriver.findElement(RemoteWebDriver.java:315)
	at io.appium.java_client.DefaultGenericMobileDriver.findElement(DefaultGenericMobileDriver.java:58)
	at io.appium.java_client.AppiumDriver.findElement(AppiumDriver.java:1)
	at io.appium.java_client.ios.IOSDriver.findElement(IOSDriver.java:1)
	at base.BaseKeyword$Trait$Helper.clickToElement(BaseKeyword.groovy:88)
	at screens.HomeScreen.clickToElement(HomeScreen.groovy)
	at screens.HomeScreen.openRequestList(HomeScreen.groovy:84)
	at 004 TAO YEU CAU LAY Y KIEN_1 NGUOI.run(004 TAO YEU CAU LAY Y KIEN_1 NGUOI:25)
	at com.kms.katalon.core.main.ScriptEngine.run(ScriptEngine.java:194)
	at com.kms.katalon.core.main.ScriptEngine.runScriptAsRawText(ScriptEngine.java:119)
	at com.kms.katalon.core.main.TestCaseExecutor.runScript(TestCaseExecutor.java:448)
	at com.kms.katalon.core.main.TestCaseExecutor.doExecute(TestCaseExecutor.java:439)
	at com.kms.katalon.core.main.TestCaseExecutor.processExecutionPhase(TestCaseExecutor.java:418)
	at com.kms.katalon.core.main.TestCaseExecutor.accessMainPhase(TestCaseExecutor.java:410)
	at com.kms.katalon.core.main.TestCaseExecutor.execute(TestCaseExecutor.java:285)
	at com.kms.katalon.core.common.CommonExecutor.accessTestCaseMainPhase(CommonExecutor.java:65)
	at com.kms.katalon.core.main.TestSuiteExecutor.accessTestSuiteMainPhase(TestSuiteExecutor.java:150)
	at com.kms.katalon.core.main.TestSuiteExecutor.execute(TestSuiteExecutor.java:106)
	at com.kms.katalon.core.main.TestCaseMain.startTestSuite(TestCaseMain.java:180)
	at TempTestSuite1747808312062.run(TempTestSuite1747808312062.groovy:35)
	at java.base/jdk.internal.reflect.NativeMethodAccessorImpl.invoke0(Native Method)
	at java.base/jdk.internal.reflect.NativeMethodAccessorImpl.invoke(NativeMethodAccessorImpl.java:77)
	at java.base/jdk.internal.reflect.DelegatingMethodAccessorImpl.invoke(DelegatingMethodAccessorImpl.java:43)]]></system-err>
      </testcase>
      <testcase name="Test Cases/IPAPER APP/005 TAO YEU CAU LAY Y KIEN_NHIEU NGUOI" time="287.168" classname="Test Cases/IPAPER APP/005 TAO YEU CAU LAY Y KIEN_NHIEU NGUOI" status="ERROR">
         <error type="ERROR" message="Test Cases/IPAPER APP/005 TAO YEU CAU LAY Y KIEN_NHIEU NGUOI FAILED.&#xa;Reason:&#xa;org.openqa.selenium.NoSuchElementException: An element could not be located on the page using the given search parameters.&#xa;For documentation on this error, please visit: https://www.seleniumhq.org/exceptions/no_such_element.html&#xa;Build info: version: '3.141.59', revision: 'unknown', time: 'unknown'&#xa;System info: host: 'Cuong-Mac.local', ip: 'fe80:0:0:0:c43:6797:ebf2:3aad%en0', os.name: 'Mac OS X', os.arch: 'aarch64', os.version: '15.5', java.version: '17.0.7'&#xa;Driver info: io.appium.java_client.ios.IOSDriver&#xa;Capabilities {automationName: XCUITest, browserName: , databaseEnabled: false, fullReset: false, javascriptEnabled: true, locationContextEnabled: false, networkConnectionEnabled: false, noReset: true, platform: MAC, platformName: iOS, platformVersion: 18.4, takesScreenshot: true, udid: 00008110-000C10543443801E, webStorageEnabled: false}&#xa;Session ID: 01bfc3c6-5e13-4dc5-a0a0-9b9b6acbce73&#xa;*** Element info: {Using=xpath, value=//XCUIElementTypeNavigationBar/XCUIElementTypeStaticText}&#xa;	at java.base/jdk.internal.reflect.NativeConstructorAccessorImpl.newInstance0(Native Method)&#xa;	at java.base/jdk.internal.reflect.NativeConstructorAccessorImpl.newInstance(NativeConstructorAccessorImpl.java:77)&#xa;	at java.base/jdk.internal.reflect.DelegatingConstructorAccessorImpl.newInstance(DelegatingConstructorAccessorImpl.java:45)&#xa;	at org.openqa.selenium.remote.http.W3CHttpResponseCodec.createException(W3CHttpResponseCodec.java:187)&#xa;	at org.openqa.selenium.remote.http.W3CHttpResponseCodec.decode(W3CHttpResponseCodec.java:122)&#xa;	at org.openqa.selenium.remote.http.W3CHttpResponseCodec.decode(W3CHttpResponseCodec.java:49)&#xa;	at org.openqa.selenium.remote.HttpCommandExecutor.execute(HttpCommandExecutor.java:158)&#xa;	at io.appium.java_client.remote.AppiumCommandExecutor.execute(AppiumCommandExecutor.java:239)&#xa;	at org.openqa.selenium.remote.RemoteWebDriver.execute(RemoteWebDriver.java:552)&#xa;	at io.appium.java_client.DefaultGenericMobileDriver.execute(DefaultGenericMobileDriver.java:42)&#xa;	at io.appium.java_client.AppiumDriver.execute(AppiumDriver.java:1)&#xa;	at io.appium.java_client.ios.IOSDriver.execute(IOSDriver.java:1)&#xa;	at org.openqa.selenium.remote.RemoteWebDriver.findElement(RemoteWebDriver.java:323)&#xa;	at io.appium.java_client.DefaultGenericMobileDriver.findElement(DefaultGenericMobileDriver.java:62)&#xa;	at io.appium.java_client.AppiumDriver.findElement(AppiumDriver.java:1)&#xa;	at io.appium.java_client.ios.IOSDriver.findElement(IOSDriver.java:1)&#xa;	at org.openqa.selenium.remote.RemoteWebDriver.findElementByXPath(RemoteWebDriver.java:428)&#xa;	at io.appium.java_client.DefaultGenericMobileDriver.findElementByXPath(DefaultGenericMobileDriver.java:152)&#xa;	at io.appium.java_client.AppiumDriver.findElementByXPath(AppiumDriver.java:1)&#xa;	at io.appium.java_client.ios.IOSDriver.findElementByXPath(IOSDriver.java:1)&#xa;	at org.openqa.selenium.By$ByXPath.findElement(By.java:353)&#xa;	at org.openqa.selenium.remote.RemoteWebDriver.findElement(RemoteWebDriver.java:315)&#xa;	at io.appium.java_client.DefaultGenericMobileDriver.findElement(DefaultGenericMobileDriver.java:58)&#xa;	at io.appium.java_client.AppiumDriver.findElement(AppiumDriver.java:1)&#xa;	at io.appium.java_client.ios.IOSDriver.findElement(IOSDriver.java:1)&#xa;	at base.BaseKeyword$Trait$Helper.getText(BaseKeyword.groovy:53)&#xa;	at screens.HomeScreen.getText(HomeScreen.groovy)&#xa;	at screens.HomeScreen.isInComingDocumentScreen(HomeScreen.groovy:105)&#xa;	at screens.HomeScreen.goToIncomingDocument(HomeScreen.groovy:14)&#xa;	at 005 TAO YEU CAU LAY Y KIEN_NHIEU NGUOI.run(005 TAO YEU CAU LAY Y KIEN_NHIEU NGUOI:146)&#xa;	at com.kms.katalon.core.main.ScriptEngine.run(ScriptEngine.java:194)&#xa;	at com.kms.katalon.core.main.ScriptEngine.runScriptAsRawText(ScriptEngine.java:119)&#xa;	at com.kms.katalon.core.main.TestCaseExecutor.runScript(TestCaseExecutor.java:448)&#xa;	at com.kms.katalon.core.main.TestCaseExecutor.doExecute(TestCaseExecutor.java:439)&#xa;	at com.kms.katalon.core.main.TestCaseExecutor.processExecutionPhase(TestCaseExecutor.java:418)&#xa;	at com.kms.katalon.core.main.TestCaseExecutor.accessMainPhase(TestCaseExecutor.java:410)&#xa;	at com.kms.katalon.core.main.TestCaseExecutor.execute(TestCaseExecutor.java:285)&#xa;	at com.kms.katalon.core.common.CommonExecutor.accessTestCaseMainPhase(CommonExecutor.java:65)&#xa;	at com.kms.katalon.core.main.TestSuiteExecutor.accessTestSuiteMainPhase(TestSuiteExecutor.java:150)&#xa;	at com.kms.katalon.core.main.TestSuiteExecutor.execute(TestSuiteExecutor.java:106)&#xa;	at com.kms.katalon.core.main.TestCaseMain.startTestSuite(TestCaseMain.java:180)&#xa;	at TempTestSuite1747808312062.run(TempTestSuite1747808312062.groovy:35)&#xa;	at java.base/jdk.internal.reflect.NativeMethodAccessorImpl.invoke0(Native Method)&#xa;	at java.base/jdk.internal.reflect.NativeMethodAccessorImpl.invoke(NativeMethodAccessorImpl.java:77)&#xa;	at java.base/jdk.internal.reflect.DelegatingMethodAccessorImpl.invoke(DelegatingMethodAccessorImpl.java:43)&#xa;"/>
         <system-out><![CDATA[21-05-2025T13:28:21 - [TEST_CASE][ERROR] - Test Cases/IPAPER APP/005 TAO YEU CAU LAY Y KIEN_NHIEU NGUOI: Test Cases/IPAPER APP/005 TAO YEU CAU LAY Y KIEN_NHIEU NGUOI FAILED.
Reason:
org.openqa.selenium.NoSuchElementException: An element could not be located on the page using the given search parameters.
For documentation on this error, please visit: https://www.seleniumhq.org/exceptions/no_such_element.html
Build info: version: '3.141.59', revision: 'unknown', time: 'unknown'
System info: host: 'Cuong-Mac.local', ip: 'fe80:0:0:0:c43:6797:ebf2:3aad%en0', os.name: 'Mac OS X', os.arch: 'aarch64', os.version: '15.5', java.version: '17.0.7'
Driver info: io.appium.java_client.ios.IOSDriver
Capabilities {automationName: XCUITest, browserName: , databaseEnabled: false, fullReset: false, javascriptEnabled: true, locationContextEnabled: false, networkConnectionEnabled: false, noReset: true, platform: MAC, platformName: iOS, platformVersion: 18.4, takesScreenshot: true, udid: 00008110-000C10543443801E, webStorageEnabled: false}
Session ID: 01bfc3c6-5e13-4dc5-a0a0-9b9b6acbce73
*** Element info: {Using=xpath, value=//XCUIElementTypeNavigationBar/XCUIElementTypeStaticText}
	at java.base/jdk.internal.reflect.NativeConstructorAccessorImpl.newInstance0(Native Method)
	at java.base/jdk.internal.reflect.NativeConstructorAccessorImpl.newInstance(NativeConstructorAccessorImpl.java:77)
	at java.base/jdk.internal.reflect.DelegatingConstructorAccessorImpl.newInstance(DelegatingConstructorAccessorImpl.java:45)
	at org.openqa.selenium.remote.http.W3CHttpResponseCodec.createException(W3CHttpResponseCodec.java:187)
	at org.openqa.selenium.remote.http.W3CHttpResponseCodec.decode(W3CHttpResponseCodec.java:122)
	at org.openqa.selenium.remote.http.W3CHttpResponseCodec.decode(W3CHttpResponseCodec.java:49)
	at org.openqa.selenium.remote.HttpCommandExecutor.execute(HttpCommandExecutor.java:158)
	at io.appium.java_client.remote.AppiumCommandExecutor.execute(AppiumCommandExecutor.java:239)
	at org.openqa.selenium.remote.RemoteWebDriver.execute(RemoteWebDriver.java:552)
	at io.appium.java_client.DefaultGenericMobileDriver.execute(DefaultGenericMobileDriver.java:42)
	at io.appium.java_client.AppiumDriver.execute(AppiumDriver.java:1)
	at io.appium.java_client.ios.IOSDriver.execute(IOSDriver.java:1)
	at org.openqa.selenium.remote.RemoteWebDriver.findElement(RemoteWebDriver.java:323)
	at io.appium.java_client.DefaultGenericMobileDriver.findElement(DefaultGenericMobileDriver.java:62)
	at io.appium.java_client.AppiumDriver.findElement(AppiumDriver.java:1)
	at io.appium.java_client.ios.IOSDriver.findElement(IOSDriver.java:1)
	at org.openqa.selenium.remote.RemoteWebDriver.findElementByXPath(RemoteWebDriver.java:428)
	at io.appium.java_client.DefaultGenericMobileDriver.findElementByXPath(DefaultGenericMobileDriver.java:152)
	at io.appium.java_client.AppiumDriver.findElementByXPath(AppiumDriver.java:1)
	at io.appium.java_client.ios.IOSDriver.findElementByXPath(IOSDriver.java:1)
	at org.openqa.selenium.By$ByXPath.findElement(By.java:353)
	at org.openqa.selenium.remote.RemoteWebDriver.findElement(RemoteWebDriver.java:315)
	at io.appium.java_client.DefaultGenericMobileDriver.findElement(DefaultGenericMobileDriver.java:58)
	at io.appium.java_client.AppiumDriver.findElement(AppiumDriver.java:1)
	at io.appium.java_client.ios.IOSDriver.findElement(IOSDriver.java:1)
	at base.BaseKeyword$Trait$Helper.getText(BaseKeyword.groovy:53)
	at screens.HomeScreen.getText(HomeScreen.groovy)
	at screens.HomeScreen.isInComingDocumentScreen(HomeScreen.groovy:105)
	at screens.HomeScreen.goToIncomingDocument(HomeScreen.groovy:14)
	at 005 TAO YEU CAU LAY Y KIEN_NHIEU NGUOI.run(005 TAO YEU CAU LAY Y KIEN_NHIEU NGUOI:146)
	at com.kms.katalon.core.main.ScriptEngine.run(ScriptEngine.java:194)
	at com.kms.katalon.core.main.ScriptEngine.runScriptAsRawText(ScriptEngine.java:119)
	at com.kms.katalon.core.main.TestCaseExecutor.runScript(TestCaseExecutor.java:448)
	at com.kms.katalon.core.main.TestCaseExecutor.doExecute(TestCaseExecutor.java:439)
	at com.kms.katalon.core.main.TestCaseExecutor.processExecutionPhase(TestCaseExecutor.java:418)
	at com.kms.katalon.core.main.TestCaseExecutor.accessMainPhase(TestCaseExecutor.java:410)
	at com.kms.katalon.core.main.TestCaseExecutor.execute(TestCaseExecutor.java:285)
	at com.kms.katalon.core.common.CommonExecutor.accessTestCaseMainPhase(CommonExecutor.java:65)
	at com.kms.katalon.core.main.TestSuiteExecutor.accessTestSuiteMainPhase(TestSuiteExecutor.java:150)
	at com.kms.katalon.core.main.TestSuiteExecutor.execute(TestSuiteExecutor.java:106)
	at com.kms.katalon.core.main.TestCaseMain.startTestSuite(TestCaseMain.java:180)
	at TempTestSuite1747808312062.run(TempTestSuite1747808312062.groovy:35)
	at java.base/jdk.internal.reflect.NativeMethodAccessorImpl.invoke0(Native Method)
	at java.base/jdk.internal.reflect.NativeMethodAccessorImpl.invoke(NativeMethodAccessorImpl.java:77)
	at java.base/jdk.internal.reflect.DelegatingMethodAccessorImpl.invoke(DelegatingMethodAccessorImpl.java:43)


21-05-2025T13:28:21 - [TEST_STEP][PASSED] - Start listener action : beforeTest: drivers.Driver.openApp is PASSED

21-05-2025T13:28:21 - [TEST_STEP][PASSED] - DataTest.init(): null

21-05-2025T13:28:21 - [TEST_STEP][PASSED] - testCaseId = split("/").last(): null

21-05-2025T13:28:21 - [TEST_STEP][PASSED] - if (!(drivers.Driver.isAppiumRunning())): drivers.Driver.isAppiumRunning is PASSED

21-05-2025T13:28:21 - [MESSAGE][INFO] - Appium running: true

21-05-2025T13:28:21 - [MESSAGE][PASSED] - drivers.Driver.isAppiumRunning is PASSED

21-05-2025T13:28:21 - [TEST_STEP][PASSED] - if (driver == null || driver.getSessionId() == null): null

21-05-2025T13:28:21 - [TEST_STEP][PASSED] - drivers.Driver.openApp(): drivers.Driver.openApp is PASSED

21-05-2025T13:28:23 - [MESSAGE][PASSED] - drivers.Driver.openApp is PASSED

21-05-2025T13:28:23 - [TEST_STEP][PASSED] - REQUEST_NAME = "Trình ký PDF có sẵn": null

21-05-2025T13:28:23 - [TEST_STEP][PASSED] - USER_CREATE_COMMENT = "Commented by user create document": null

21-05-2025T13:28:23 - [TEST_STEP][PASSED] - AUTO6_COMMENT = "Commented by auto6": null

21-05-2025T13:28:23 - [TEST_STEP][PASSED] - AUTO7_COMMENT = "Commented by auto7": null

21-05-2025T13:28:23 - [TEST_STEP][PASSED] - AUTO8_COMMENT = "Commented by auto8": null

21-05-2025T13:28:23 - [TEST_STEP][PASSED] - auto5 = DataTest.getUserTest5(): null

21-05-2025T13:28:23 - [TEST_STEP][PASSED] - auto6 = DataTest.getUserTest6(): null

21-05-2025T13:28:23 - [TEST_STEP][PASSED] - auto7 = DataTest.getUserTest7(): null

21-05-2025T13:28:23 - [TEST_STEP][PASSED] - auto8 = DataTest.getUserTest8(): null

21-05-2025T13:28:23 - [TEST_STEP][PASSED] - document = DataTest.createDocumentTest(auto5, auto6, null, "dummy.pdf", "dummy.pdf"): null

21-05-2025T13:28:23 - [TEST_STEP][PASSED] - loginScreen.login(auto5): null

21-05-2025T13:28:33 - [TEST_STEP][PASSED] - homeScreen.openRequestList(): null

21-05-2025T13:28:33 - [TEST_STEP][PASSED] - homeScreen.createRequest(REQUEST_NAME): null

21-05-2025T13:28:36 - [TEST_STEP][PASSED] - pdfSignScreen.fillInTitle(document.getTitle()): null

21-05-2025T13:28:39 - [TEST_STEP][PASSED] - pdfSignScreen.selectPriority(document.getPriority()): null

21-05-2025T13:28:57 - [TEST_STEP][PASSED] - pdfSignScreen.selectTime(document.getTime()): null

21-05-2025T13:29:06 - [TEST_STEP][PASSED] - pdfSignScreen.fillInDescription(document.getDescription()): null

21-05-2025T13:29:10 - [TEST_STEP][PASSED] - pdfSignScreen.selectAssigner(getAssigner().getEmail()): null

21-05-2025T13:29:25 - [TEST_STEP][PASSED] - pdfSignScreen.selectAssigner(auto7): null

21-05-2025T13:29:43 - [TEST_STEP][PASSED] - pdfSignScreen.selectAssigner(auto8): null

21-05-2025T13:29:56 - [TEST_STEP][PASSED] - pdfSignScreen.openMainFileBrowser(): null

21-05-2025T13:29:57 - [TEST_STEP][PASSED] - fileBrowserScreen.attachFile(document.getMainFileName()): null

21-05-2025T13:30:07 - [TEST_STEP][PASSED] - pdfSignScreen.openSubFileBrowser(): null

21-05-2025T13:30:13 - [TEST_STEP][PASSED] - fileBrowserScreen.attachFile(document.getSubFileName()): null

21-05-2025T13:30:20 - [TEST_STEP][PASSED] - pdfSignScreen.performAction(SEND_WITH_COMENT): null

21-05-2025T13:30:24 - [TEST_STEP][PASSED] - pdfSignScreen.fillInOpinion(USER_CREATE_COMMENT): null

21-05-2025T13:30:26 - [TEST_STEP][PASSED] - pdfSignScreen.submitRequest(): null

21-05-2025T13:30:40 - [TEST_STEP][PASSED] - documentInformationScreen.backToHome(): null

21-05-2025T13:30:41 - [TEST_STEP][PASSED] - homeScreen.logout(): null

21-05-2025T13:30:49 - [TEST_STEP][PASSED] - document.setStatus(WAIT_GET_COMMENT): null

21-05-2025T13:30:49 - [TEST_STEP][PASSED] - document.setAssigner(auto5): null

21-05-2025T13:30:49 - [TEST_STEP][PASSED] - loginScreen.login(auto6): null

21-05-2025T13:31:00 - [TEST_STEP][PASSED] - homeScreen.goToIncomingDocument(): null

21-05-2025T13:31:00 - [TEST_STEP][PASSED] - inComingDocument.viewInformationDocument(document): View document Trình ký 1747808903161

21-05-2025T13:31:00 - [MESSAGE][INFO] - View document Trình ký 1747808903161

21-05-2025T13:31:18 - [TEST_STEP][PASSED] - documentInformationScreen.isSendCommentDisplayed(): Expected true condition

21-05-2025T13:31:20 - [MESSAGE][PASSED] - Expected true condition

21-05-2025T13:31:21 - [TEST_STEP][PASSED] - documentInformationScreen.checkDocumentTitle(document): Verify equals GUI: Trình ký 1747808903161 - DATA: Trình ký 1747808903161

21-05-2025T13:31:22 - [MESSAGE][PASSED] - Verify equals GUI: Trình ký 1747808903161 - DATA: Trình ký 1747808903161

21-05-2025T13:31:22 - [TEST_STEP][PASSED] - documentInformationScreen.checkSender(document): Verify equals GUI: Auto Test User 5 - DATA: Auto Test User 5

21-05-2025T13:31:22 - [MESSAGE][PASSED] - Verify equals GUI: Auto Test User 5 - DATA: Auto Test User 5

21-05-2025T13:31:22 - [TEST_STEP][PASSED] - documentInformationScreen.checkCreateDate(): Verify equals GUI: 21/05/2025 - DATA: 21/05/2025

21-05-2025T13:31:23 - [MESSAGE][PASSED] - Verify equals GUI: 21/05/2025 - DATA: 21/05/2025

21-05-2025T13:31:23 - [TEST_STEP][PASSED] - documentInformationScreen.checkFinishDate(document): Verify equals GUI: 22/05/2025 - DATA: 22/05/2025

21-05-2025T13:31:23 - [MESSAGE][PASSED] - Verify equals GUI: 22/05/2025 - DATA: 22/05/2025

21-05-2025T13:31:23 - [TEST_STEP][PASSED] - documentInformationScreen.checkPriority(document): Verify equals GUI: Bình thường - DATA: Bình thường

21-05-2025T13:31:24 - [MESSAGE][PASSED] - Verify equals GUI: Bình thường - DATA: Bình thường

21-05-2025T13:31:24 - [TEST_STEP][PASSED] - documentInformationScreen.checkDescription(document): Verify equals GUI: 005 TAO YEU CAU LAY Y KIEN_NHIEU NGUOI - DATA: 005 TAO YEU CAU LAY Y KIEN_NHIEU NGUOI

21-05-2025T13:31:24 - [MESSAGE][PASSED] - Verify equals GUI: 005 TAO YEU CAU LAY Y KIEN_NHIEU NGUOI - DATA: 005 TAO YEU CAU LAY Y KIEN_NHIEU NGUOI

21-05-2025T13:31:24 - [TEST_STEP][PASSED] - documentInformationScreen.checkAssigner(document): Verify contains GUI: Auto Test User 5 (auto5@hdbank.com.vn) - DATA: auto5@hdbank.com.vn

21-05-2025T13:31:27 - [MESSAGE][PASSED] - Verify contains GUI: Auto Test User 5 (auto5@hdbank.com.vn) - DATA: auto5@hdbank.com.vn

21-05-2025T13:31:27 - [TEST_STEP][PASSED] - documentInformationScreen.checkPresentFileName(document): Verify contains GUI: dummy_20250521133013.ozd - DATA: dummy

21-05-2025T13:31:30 - [MESSAGE][PASSED] - Verify contains GUI: dummy_20250521133013.ozd - DATA: dummy

21-05-2025T13:31:30 - [TEST_STEP][PASSED] - documentInformationScreen.checkAttachFileName(document): Expected true condition

21-05-2025T13:31:33 - [MESSAGE][PASSED] - Expected true condition

21-05-2025T13:31:33 - [TEST_STEP][PASSED] - documentInformationScreen.performAction(document, COMMENT, AUTO6_COMMENT): null

21-05-2025T13:31:38 - [TEST_STEP][PASSED] - documentInformationScreen.backToHome(): null

21-05-2025T13:31:43 - [TEST_STEP][PASSED] - homeScreen.logout(): null

21-05-2025T13:31:51 - [TEST_STEP][PASSED] - loginScreen.login(auto7): null

21-05-2025T13:32:02 - [TEST_STEP][PASSED] - homeScreen.goToIncomingDocument(): null

21-05-2025T13:32:02 - [TEST_STEP][PASSED] - inComingDocument.viewInformationDocument(document): View document Trình ký 1747808903161

21-05-2025T13:32:02 - [MESSAGE][INFO] - View document Trình ký 1747808903161

21-05-2025T13:32:18 - [TEST_STEP][PASSED] - documentInformationScreen.isSendCommentDisplayed(): Expected true condition

21-05-2025T13:32:20 - [MESSAGE][PASSED] - Expected true condition

21-05-2025T13:32:21 - [TEST_STEP][PASSED] - documentInformationScreen.checkDocumentTitle(document): Verify equals GUI: Trình ký 1747808903161 - DATA: Trình ký 1747808903161

21-05-2025T13:32:22 - [MESSAGE][PASSED] - Verify equals GUI: Trình ký 1747808903161 - DATA: Trình ký 1747808903161

21-05-2025T13:32:22 - [TEST_STEP][PASSED] - documentInformationScreen.checkSender(document): Verify equals GUI: Auto Test User 5 - DATA: Auto Test User 5

21-05-2025T13:32:22 - [MESSAGE][PASSED] - Verify equals GUI: Auto Test User 5 - DATA: Auto Test User 5

21-05-2025T13:32:22 - [TEST_STEP][PASSED] - documentInformationScreen.checkCreateDate(): Verify equals GUI: 21/05/2025 - DATA: 21/05/2025

21-05-2025T13:32:23 - [MESSAGE][PASSED] - Verify equals GUI: 21/05/2025 - DATA: 21/05/2025

21-05-2025T13:32:23 - [TEST_STEP][PASSED] - documentInformationScreen.checkFinishDate(document): Verify equals GUI: 22/05/2025 - DATA: 22/05/2025

21-05-2025T13:32:23 - [MESSAGE][PASSED] - Verify equals GUI: 22/05/2025 - DATA: 22/05/2025

21-05-2025T13:32:23 - [TEST_STEP][PASSED] - documentInformationScreen.checkPriority(document): Verify equals GUI: Bình thường - DATA: Bình thường

21-05-2025T13:32:24 - [MESSAGE][PASSED] - Verify equals GUI: Bình thường - DATA: Bình thường

21-05-2025T13:32:24 - [TEST_STEP][PASSED] - documentInformationScreen.checkDescription(document): Verify equals GUI: 005 TAO YEU CAU LAY Y KIEN_NHIEU NGUOI - DATA: 005 TAO YEU CAU LAY Y KIEN_NHIEU NGUOI

21-05-2025T13:32:24 - [MESSAGE][PASSED] - Verify equals GUI: 005 TAO YEU CAU LAY Y KIEN_NHIEU NGUOI - DATA: 005 TAO YEU CAU LAY Y KIEN_NHIEU NGUOI

21-05-2025T13:32:24 - [TEST_STEP][PASSED] - documentInformationScreen.checkAssigner(document): Verify contains GUI: Auto Test User 5 (auto5@hdbank.com.vn) - DATA: auto5@hdbank.com.vn

21-05-2025T13:32:27 - [MESSAGE][PASSED] - Verify contains GUI: Auto Test User 5 (auto5@hdbank.com.vn) - DATA: auto5@hdbank.com.vn

21-05-2025T13:32:27 - [TEST_STEP][PASSED] - documentInformationScreen.checkPresentFileName(document): Verify contains GUI: dummy_20250521133013.ozd - DATA: dummy

21-05-2025T13:32:29 - [MESSAGE][PASSED] - Verify contains GUI: dummy_20250521133013.ozd - DATA: dummy

21-05-2025T13:32:29 - [TEST_STEP][PASSED] - documentInformationScreen.checkAttachFileName(document): Expected true condition

21-05-2025T13:32:33 - [MESSAGE][PASSED] - Expected true condition

21-05-2025T13:32:33 - [TEST_STEP][PASSED] - documentInformationScreen.performAction(document, COMMENT, AUTO7_COMMENT): null

21-05-2025T13:32:38 - [TEST_STEP][PASSED] - documentInformationScreen.backToHome(): null

21-05-2025T13:32:43 - [TEST_STEP][PASSED] - homeScreen.logout(): null

21-05-2025T13:32:52 - [TEST_STEP][PASSED] - loginScreen.login(auto8): null

21-05-2025T13:33:04 - [TEST_STEP][ERROR] - homeScreen.goToIncomingDocument(): Test Cases/IPAPER APP/005 TAO YEU CAU LAY Y KIEN_NHIEU NGUOI FAILED.
Reason:
org.openqa.selenium.NoSuchElementException: An element could not be located on the page using the given search parameters.
For documentation on this error, please visit: https://www.seleniumhq.org/exceptions/no_such_element.html
Build info: version: '3.141.59', revision: 'unknown', time: 'unknown'
System info: host: 'Cuong-Mac.local', ip: 'fe80:0:0:0:c43:6797:ebf2:3aad%en0', os.name: 'Mac OS X', os.arch: 'aarch64', os.version: '15.5', java.version: '17.0.7'
Driver info: io.appium.java_client.ios.IOSDriver
Capabilities {automationName: XCUITest, browserName: , databaseEnabled: false, fullReset: false, javascriptEnabled: true, locationContextEnabled: false, networkConnectionEnabled: false, noReset: true, platform: MAC, platformName: iOS, platformVersion: 18.4, takesScreenshot: true, udid: 00008110-000C10543443801E, webStorageEnabled: false}
Session ID: 01bfc3c6-5e13-4dc5-a0a0-9b9b6acbce73
*** Element info: {Using=xpath, value=//XCUIElementTypeNavigationBar/XCUIElementTypeStaticText}
	at java.base/jdk.internal.reflect.NativeConstructorAccessorImpl.newInstance0(Native Method)
	at java.base/jdk.internal.reflect.NativeConstructorAccessorImpl.newInstance(NativeConstructorAccessorImpl.java:77)
	at java.base/jdk.internal.reflect.DelegatingConstructorAccessorImpl.newInstance(DelegatingConstructorAccessorImpl.java:45)
	at org.openqa.selenium.remote.http.W3CHttpResponseCodec.createException(W3CHttpResponseCodec.java:187)
	at org.openqa.selenium.remote.http.W3CHttpResponseCodec.decode(W3CHttpResponseCodec.java:122)
	at org.openqa.selenium.remote.http.W3CHttpResponseCodec.decode(W3CHttpResponseCodec.java:49)
	at org.openqa.selenium.remote.HttpCommandExecutor.execute(HttpCommandExecutor.java:158)
	at io.appium.java_client.remote.AppiumCommandExecutor.execute(AppiumCommandExecutor.java:239)
	at org.openqa.selenium.remote.RemoteWebDriver.execute(RemoteWebDriver.java:552)
	at io.appium.java_client.DefaultGenericMobileDriver.execute(DefaultGenericMobileDriver.java:42)
	at io.appium.java_client.AppiumDriver.execute(AppiumDriver.java:1)
	at io.appium.java_client.ios.IOSDriver.execute(IOSDriver.java:1)
	at org.openqa.selenium.remote.RemoteWebDriver.findElement(RemoteWebDriver.java:323)
	at io.appium.java_client.DefaultGenericMobileDriver.findElement(DefaultGenericMobileDriver.java:62)
	at io.appium.java_client.AppiumDriver.findElement(AppiumDriver.java:1)
	at io.appium.java_client.ios.IOSDriver.findElement(IOSDriver.java:1)
	at org.openqa.selenium.remote.RemoteWebDriver.findElementByXPath(RemoteWebDriver.java:428)
	at io.appium.java_client.DefaultGenericMobileDriver.findElementByXPath(DefaultGenericMobileDriver.java:152)
	at io.appium.java_client.AppiumDriver.findElementByXPath(AppiumDriver.java:1)
	at io.appium.java_client.ios.IOSDriver.findElementByXPath(IOSDriver.java:1)
	at org.openqa.selenium.By$ByXPath.findElement(By.java:353)
	at org.openqa.selenium.remote.RemoteWebDriver.findElement(RemoteWebDriver.java:315)
	at io.appium.java_client.DefaultGenericMobileDriver.findElement(DefaultGenericMobileDriver.java:58)
	at io.appium.java_client.AppiumDriver.findElement(AppiumDriver.java:1)
	at io.appium.java_client.ios.IOSDriver.findElement(IOSDriver.java:1)
	at base.BaseKeyword$Trait$Helper.getText(BaseKeyword.groovy:53)
	at screens.HomeScreen.getText(HomeScreen.groovy)
	at screens.HomeScreen.isInComingDocumentScreen(HomeScreen.groovy:105)
	at screens.HomeScreen.goToIncomingDocument(HomeScreen.groovy:14)
	at 005 TAO YEU CAU LAY Y KIEN_NHIEU NGUOI.run(005 TAO YEU CAU LAY Y KIEN_NHIEU NGUOI:146)
	at com.kms.katalon.core.main.ScriptEngine.run(ScriptEngine.java:194)
	at com.kms.katalon.core.main.ScriptEngine.runScriptAsRawText(ScriptEngine.java:119)
	at com.kms.katalon.core.main.TestCaseExecutor.runScript(TestCaseExecutor.java:448)
	at com.kms.katalon.core.main.TestCaseExecutor.doExecute(TestCaseExecutor.java:439)
	at com.kms.katalon.core.main.TestCaseExecutor.processExecutionPhase(TestCaseExecutor.java:418)
	at com.kms.katalon.core.main.TestCaseExecutor.accessMainPhase(TestCaseExecutor.java:410)
	at com.kms.katalon.core.main.TestCaseExecutor.execute(TestCaseExecutor.java:285)
	at com.kms.katalon.core.common.CommonExecutor.accessTestCaseMainPhase(CommonExecutor.java:65)
	at com.kms.katalon.core.main.TestSuiteExecutor.accessTestSuiteMainPhase(TestSuiteExecutor.java:150)
	at com.kms.katalon.core.main.TestSuiteExecutor.execute(TestSuiteExecutor.java:106)
	at com.kms.katalon.core.main.TestCaseMain.startTestSuite(TestCaseMain.java:180)
	at TempTestSuite1747808312062.run(TempTestSuite1747808312062.groovy:35)
	at java.base/jdk.internal.reflect.NativeMethodAccessorImpl.invoke0(Native Method)
	at java.base/jdk.internal.reflect.NativeMethodAccessorImpl.invoke(NativeMethodAccessorImpl.java:77)
	at java.base/jdk.internal.reflect.DelegatingMethodAccessorImpl.invoke(DelegatingMethodAccessorImpl.java:43)


21-05-2025T13:33:07 - [MESSAGE][ERROR] - Test Cases/IPAPER APP/005 TAO YEU CAU LAY Y KIEN_NHIEU NGUOI FAILED.
Reason:
org.openqa.selenium.NoSuchElementException: An element could not be located on the page using the given search parameters.
For documentation on this error, please visit: https://www.seleniumhq.org/exceptions/no_such_element.html
Build info: version: '3.141.59', revision: 'unknown', time: 'unknown'
System info: host: 'Cuong-Mac.local', ip: 'fe80:0:0:0:c43:6797:ebf2:3aad%en0', os.name: 'Mac OS X', os.arch: 'aarch64', os.version: '15.5', java.version: '17.0.7'
Driver info: io.appium.java_client.ios.IOSDriver
Capabilities {automationName: XCUITest, browserName: , databaseEnabled: false, fullReset: false, javascriptEnabled: true, locationContextEnabled: false, networkConnectionEnabled: false, noReset: true, platform: MAC, platformName: iOS, platformVersion: 18.4, takesScreenshot: true, udid: 00008110-000C10543443801E, webStorageEnabled: false}
Session ID: 01bfc3c6-5e13-4dc5-a0a0-9b9b6acbce73
*** Element info: {Using=xpath, value=//XCUIElementTypeNavigationBar/XCUIElementTypeStaticText}
	at java.base/jdk.internal.reflect.NativeConstructorAccessorImpl.newInstance0(Native Method)
	at java.base/jdk.internal.reflect.NativeConstructorAccessorImpl.newInstance(NativeConstructorAccessorImpl.java:77)
	at java.base/jdk.internal.reflect.DelegatingConstructorAccessorImpl.newInstance(DelegatingConstructorAccessorImpl.java:45)
	at org.openqa.selenium.remote.http.W3CHttpResponseCodec.createException(W3CHttpResponseCodec.java:187)
	at org.openqa.selenium.remote.http.W3CHttpResponseCodec.decode(W3CHttpResponseCodec.java:122)
	at org.openqa.selenium.remote.http.W3CHttpResponseCodec.decode(W3CHttpResponseCodec.java:49)
	at org.openqa.selenium.remote.HttpCommandExecutor.execute(HttpCommandExecutor.java:158)
	at io.appium.java_client.remote.AppiumCommandExecutor.execute(AppiumCommandExecutor.java:239)
	at org.openqa.selenium.remote.RemoteWebDriver.execute(RemoteWebDriver.java:552)
	at io.appium.java_client.DefaultGenericMobileDriver.execute(DefaultGenericMobileDriver.java:42)
	at io.appium.java_client.AppiumDriver.execute(AppiumDriver.java:1)
	at io.appium.java_client.ios.IOSDriver.execute(IOSDriver.java:1)
	at org.openqa.selenium.remote.RemoteWebDriver.findElement(RemoteWebDriver.java:323)
	at io.appium.java_client.DefaultGenericMobileDriver.findElement(DefaultGenericMobileDriver.java:62)
	at io.appium.java_client.AppiumDriver.findElement(AppiumDriver.java:1)
	at io.appium.java_client.ios.IOSDriver.findElement(IOSDriver.java:1)
	at org.openqa.selenium.remote.RemoteWebDriver.findElementByXPath(RemoteWebDriver.java:428)
	at io.appium.java_client.DefaultGenericMobileDriver.findElementByXPath(DefaultGenericMobileDriver.java:152)
	at io.appium.java_client.AppiumDriver.findElementByXPath(AppiumDriver.java:1)
	at io.appium.java_client.ios.IOSDriver.findElementByXPath(IOSDriver.java:1)
	at org.openqa.selenium.By$ByXPath.findElement(By.java:353)
	at org.openqa.selenium.remote.RemoteWebDriver.findElement(RemoteWebDriver.java:315)
	at io.appium.java_client.DefaultGenericMobileDriver.findElement(DefaultGenericMobileDriver.java:58)
	at io.appium.java_client.AppiumDriver.findElement(AppiumDriver.java:1)
	at io.appium.java_client.ios.IOSDriver.findElement(IOSDriver.java:1)
	at base.BaseKeyword$Trait$Helper.getText(BaseKeyword.groovy:53)
	at screens.HomeScreen.getText(HomeScreen.groovy)
	at screens.HomeScreen.isInComingDocumentScreen(HomeScreen.groovy:105)
	at screens.HomeScreen.goToIncomingDocument(HomeScreen.groovy:14)
	at 005 TAO YEU CAU LAY Y KIEN_NHIEU NGUOI.run(005 TAO YEU CAU LAY Y KIEN_NHIEU NGUOI:146)
	at com.kms.katalon.core.main.ScriptEngine.run(ScriptEngine.java:194)
	at com.kms.katalon.core.main.ScriptEngine.runScriptAsRawText(ScriptEngine.java:119)
	at com.kms.katalon.core.main.TestCaseExecutor.runScript(TestCaseExecutor.java:448)
	at com.kms.katalon.core.main.TestCaseExecutor.doExecute(TestCaseExecutor.java:439)
	at com.kms.katalon.core.main.TestCaseExecutor.processExecutionPhase(TestCaseExecutor.java:418)
	at com.kms.katalon.core.main.TestCaseExecutor.accessMainPhase(TestCaseExecutor.java:410)
	at com.kms.katalon.core.main.TestCaseExecutor.execute(TestCaseExecutor.java:285)
	at com.kms.katalon.core.common.CommonExecutor.accessTestCaseMainPhase(CommonExecutor.java:65)
	at com.kms.katalon.core.main.TestSuiteExecutor.accessTestSuiteMainPhase(TestSuiteExecutor.java:150)
	at com.kms.katalon.core.main.TestSuiteExecutor.execute(TestSuiteExecutor.java:106)
	at com.kms.katalon.core.main.TestCaseMain.startTestSuite(TestCaseMain.java:180)
	at TempTestSuite1747808312062.run(TempTestSuite1747808312062.groovy:35)
	at java.base/jdk.internal.reflect.NativeMethodAccessorImpl.invoke0(Native Method)
	at java.base/jdk.internal.reflect.NativeMethodAccessorImpl.invoke(NativeMethodAccessorImpl.java:77)
	at java.base/jdk.internal.reflect.DelegatingMethodAccessorImpl.invoke(DelegatingMethodAccessorImpl.java:43)


21-05-2025T13:33:07 - [TEST_STEP][PASSED] - Start listener action : afterTest: null

21-05-2025T13:33:07 - [TEST_STEP][PASSED] - if (testCaseStatus != "PASSED"): Screenshot is taken

21-05-2025T13:33:07 - [TEST_STEP][PASSED] - takeScreenshot(ErrorScreen/$GlobalVariable.PLATFORM/$testCaseContext.getTestCaseId().png): Screenshot is taken

21-05-2025T13:33:07 - [MESSAGE][PASSED] - Screenshot is taken
[[ATTACHMENT|ErrorScreen/iOS/Test Cases/IPAPER APP/005 TAO YEU CAU LAY Y KIEN_NHIEU NGUOI.png]]

21-05-2025T13:33:07 - [TEST_STEP][PASSED] - drivers.Driver.closeApp(): drivers.Driver.closeApp is PASSED

21-05-2025T13:33:08 - [MESSAGE][PASSED] - drivers.Driver.closeApp is PASSED

21-05-2025T13:33:08 - [TEST_STEP][PASSED] - if (tsContext == null): null]]></system-out>
         <system-err><![CDATA[21-05-2025T13:28:21 - [TEST_CASE][ERROR] - Test Cases/IPAPER APP/005 TAO YEU CAU LAY Y KIEN_NHIEU NGUOI: Test Cases/IPAPER APP/005 TAO YEU CAU LAY Y KIEN_NHIEU NGUOI FAILED.
Reason:
org.openqa.selenium.NoSuchElementException: An element could not be located on the page using the given search parameters.
For documentation on this error, please visit: https://www.seleniumhq.org/exceptions/no_such_element.html
Build info: version: '3.141.59', revision: 'unknown', time: 'unknown'
System info: host: 'Cuong-Mac.local', ip: 'fe80:0:0:0:c43:6797:ebf2:3aad%en0', os.name: 'Mac OS X', os.arch: 'aarch64', os.version: '15.5', java.version: '17.0.7'
Driver info: io.appium.java_client.ios.IOSDriver
Capabilities {automationName: XCUITest, browserName: , databaseEnabled: false, fullReset: false, javascriptEnabled: true, locationContextEnabled: false, networkConnectionEnabled: false, noReset: true, platform: MAC, platformName: iOS, platformVersion: 18.4, takesScreenshot: true, udid: 00008110-000C10543443801E, webStorageEnabled: false}
Session ID: 01bfc3c6-5e13-4dc5-a0a0-9b9b6acbce73
*** Element info: {Using=xpath, value=//XCUIElementTypeNavigationBar/XCUIElementTypeStaticText}
	at java.base/jdk.internal.reflect.NativeConstructorAccessorImpl.newInstance0(Native Method)
	at java.base/jdk.internal.reflect.NativeConstructorAccessorImpl.newInstance(NativeConstructorAccessorImpl.java:77)
	at java.base/jdk.internal.reflect.DelegatingConstructorAccessorImpl.newInstance(DelegatingConstructorAccessorImpl.java:45)
	at org.openqa.selenium.remote.http.W3CHttpResponseCodec.createException(W3CHttpResponseCodec.java:187)
	at org.openqa.selenium.remote.http.W3CHttpResponseCodec.decode(W3CHttpResponseCodec.java:122)
	at org.openqa.selenium.remote.http.W3CHttpResponseCodec.decode(W3CHttpResponseCodec.java:49)
	at org.openqa.selenium.remote.HttpCommandExecutor.execute(HttpCommandExecutor.java:158)
	at io.appium.java_client.remote.AppiumCommandExecutor.execute(AppiumCommandExecutor.java:239)
	at org.openqa.selenium.remote.RemoteWebDriver.execute(RemoteWebDriver.java:552)
	at io.appium.java_client.DefaultGenericMobileDriver.execute(DefaultGenericMobileDriver.java:42)
	at io.appium.java_client.AppiumDriver.execute(AppiumDriver.java:1)
	at io.appium.java_client.ios.IOSDriver.execute(IOSDriver.java:1)
	at org.openqa.selenium.remote.RemoteWebDriver.findElement(RemoteWebDriver.java:323)
	at io.appium.java_client.DefaultGenericMobileDriver.findElement(DefaultGenericMobileDriver.java:62)
	at io.appium.java_client.AppiumDriver.findElement(AppiumDriver.java:1)
	at io.appium.java_client.ios.IOSDriver.findElement(IOSDriver.java:1)
	at org.openqa.selenium.remote.RemoteWebDriver.findElementByXPath(RemoteWebDriver.java:428)
	at io.appium.java_client.DefaultGenericMobileDriver.findElementByXPath(DefaultGenericMobileDriver.java:152)
	at io.appium.java_client.AppiumDriver.findElementByXPath(AppiumDriver.java:1)
	at io.appium.java_client.ios.IOSDriver.findElementByXPath(IOSDriver.java:1)
	at org.openqa.selenium.By$ByXPath.findElement(By.java:353)
	at org.openqa.selenium.remote.RemoteWebDriver.findElement(RemoteWebDriver.java:315)
	at io.appium.java_client.DefaultGenericMobileDriver.findElement(DefaultGenericMobileDriver.java:58)
	at io.appium.java_client.AppiumDriver.findElement(AppiumDriver.java:1)
	at io.appium.java_client.ios.IOSDriver.findElement(IOSDriver.java:1)
	at base.BaseKeyword$Trait$Helper.getText(BaseKeyword.groovy:53)
	at screens.HomeScreen.getText(HomeScreen.groovy)
	at screens.HomeScreen.isInComingDocumentScreen(HomeScreen.groovy:105)
	at screens.HomeScreen.goToIncomingDocument(HomeScreen.groovy:14)
	at 005 TAO YEU CAU LAY Y KIEN_NHIEU NGUOI.run(005 TAO YEU CAU LAY Y KIEN_NHIEU NGUOI:146)
	at com.kms.katalon.core.main.ScriptEngine.run(ScriptEngine.java:194)
	at com.kms.katalon.core.main.ScriptEngine.runScriptAsRawText(ScriptEngine.java:119)
	at com.kms.katalon.core.main.TestCaseExecutor.runScript(TestCaseExecutor.java:448)
	at com.kms.katalon.core.main.TestCaseExecutor.doExecute(TestCaseExecutor.java:439)
	at com.kms.katalon.core.main.TestCaseExecutor.processExecutionPhase(TestCaseExecutor.java:418)
	at com.kms.katalon.core.main.TestCaseExecutor.accessMainPhase(TestCaseExecutor.java:410)
	at com.kms.katalon.core.main.TestCaseExecutor.execute(TestCaseExecutor.java:285)
	at com.kms.katalon.core.common.CommonExecutor.accessTestCaseMainPhase(CommonExecutor.java:65)
	at com.kms.katalon.core.main.TestSuiteExecutor.accessTestSuiteMainPhase(TestSuiteExecutor.java:150)
	at com.kms.katalon.core.main.TestSuiteExecutor.execute(TestSuiteExecutor.java:106)
	at com.kms.katalon.core.main.TestCaseMain.startTestSuite(TestCaseMain.java:180)
	at TempTestSuite1747808312062.run(TempTestSuite1747808312062.groovy:35)
	at java.base/jdk.internal.reflect.NativeMethodAccessorImpl.invoke0(Native Method)
	at java.base/jdk.internal.reflect.NativeMethodAccessorImpl.invoke(NativeMethodAccessorImpl.java:77)
	at java.base/jdk.internal.reflect.DelegatingMethodAccessorImpl.invoke(DelegatingMethodAccessorImpl.java:43)]]></system-err>
      </testcase>
      <testcase name="Test Cases/IPAPER APP/006 TAO YEU CAU LAY Y KIEN_KHONG NHAP Y KIEN" time="22.485" classname="Test Cases/IPAPER APP/006 TAO YEU CAU LAY Y KIEN_KHONG NHAP Y KIEN" status="ERROR">
         <error type="ERROR" message="Test Cases/IPAPER APP/006 TAO YEU CAU LAY Y KIEN_KHONG NHAP Y KIEN FAILED.&#xa;Reason:&#xa;org.openqa.selenium.NoSuchElementException: An element could not be located on the page using the given search parameters.&#xa;For documentation on this error, please visit: https://www.seleniumhq.org/exceptions/no_such_element.html&#xa;Build info: version: '3.141.59', revision: 'unknown', time: 'unknown'&#xa;System info: host: 'Cuong-Mac.local', ip: 'fe80:0:0:0:c43:6797:ebf2:3aad%en0', os.name: 'Mac OS X', os.arch: 'aarch64', os.version: '15.5', java.version: '17.0.7'&#xa;Driver info: io.appium.java_client.ios.IOSDriver&#xa;Capabilities {automationName: XCUITest, browserName: , databaseEnabled: false, fullReset: false, javascriptEnabled: true, locationContextEnabled: false, networkConnectionEnabled: false, noReset: true, platform: MAC, platformName: iOS, platformVersion: 18.4, takesScreenshot: true, udid: 00008110-000C10543443801E, webStorageEnabled: false}&#xa;Session ID: 01bfc3c6-5e13-4dc5-a0a0-9b9b6acbce73&#xa;*** Element info: {Using=xpath, value=//XCUIElementTypeImage[@name='ic_add']}&#xa;	at java.base/jdk.internal.reflect.NativeConstructorAccessorImpl.newInstance0(Native Method)&#xa;	at java.base/jdk.internal.reflect.NativeConstructorAccessorImpl.newInstance(NativeConstructorAccessorImpl.java:77)&#xa;	at java.base/jdk.internal.reflect.DelegatingConstructorAccessorImpl.newInstance(DelegatingConstructorAccessorImpl.java:45)&#xa;	at org.openqa.selenium.remote.http.W3CHttpResponseCodec.createException(W3CHttpResponseCodec.java:187)&#xa;	at org.openqa.selenium.remote.http.W3CHttpResponseCodec.decode(W3CHttpResponseCodec.java:122)&#xa;	at org.openqa.selenium.remote.http.W3CHttpResponseCodec.decode(W3CHttpResponseCodec.java:49)&#xa;	at org.openqa.selenium.remote.HttpCommandExecutor.execute(HttpCommandExecutor.java:158)&#xa;	at io.appium.java_client.remote.AppiumCommandExecutor.execute(AppiumCommandExecutor.java:239)&#xa;	at org.openqa.selenium.remote.RemoteWebDriver.execute(RemoteWebDriver.java:552)&#xa;	at io.appium.java_client.DefaultGenericMobileDriver.execute(DefaultGenericMobileDriver.java:42)&#xa;	at io.appium.java_client.AppiumDriver.execute(AppiumDriver.java:1)&#xa;	at io.appium.java_client.ios.IOSDriver.execute(IOSDriver.java:1)&#xa;	at org.openqa.selenium.remote.RemoteWebDriver.findElement(RemoteWebDriver.java:323)&#xa;	at io.appium.java_client.DefaultGenericMobileDriver.findElement(DefaultGenericMobileDriver.java:62)&#xa;	at io.appium.java_client.AppiumDriver.findElement(AppiumDriver.java:1)&#xa;	at io.appium.java_client.ios.IOSDriver.findElement(IOSDriver.java:1)&#xa;	at org.openqa.selenium.remote.RemoteWebDriver.findElementByXPath(RemoteWebDriver.java:428)&#xa;	at io.appium.java_client.DefaultGenericMobileDriver.findElementByXPath(DefaultGenericMobileDriver.java:152)&#xa;	at io.appium.java_client.AppiumDriver.findElementByXPath(AppiumDriver.java:1)&#xa;	at io.appium.java_client.ios.IOSDriver.findElementByXPath(IOSDriver.java:1)&#xa;	at org.openqa.selenium.By$ByXPath.findElement(By.java:353)&#xa;	at org.openqa.selenium.remote.RemoteWebDriver.findElement(RemoteWebDriver.java:315)&#xa;	at io.appium.java_client.DefaultGenericMobileDriver.findElement(DefaultGenericMobileDriver.java:58)&#xa;	at io.appium.java_client.AppiumDriver.findElement(AppiumDriver.java:1)&#xa;	at io.appium.java_client.ios.IOSDriver.findElement(IOSDriver.java:1)&#xa;	at base.BaseKeyword$Trait$Helper.clickToElement(BaseKeyword.groovy:88)&#xa;	at screens.HomeScreen.clickToElement(HomeScreen.groovy)&#xa;	at screens.HomeScreen.openRequestList(HomeScreen.groovy:84)&#xa;	at 006 TAO YEU CAU LAY Y KIEN_KHONG NHAP Y KIEN.run(006 TAO YEU CAU LAY Y KIEN_KHONG NHAP Y KIEN:25)&#xa;	at com.kms.katalon.core.main.ScriptEngine.run(ScriptEngine.java:194)&#xa;	at com.kms.katalon.core.main.ScriptEngine.runScriptAsRawText(ScriptEngine.java:119)&#xa;	at com.kms.katalon.core.main.TestCaseExecutor.runScript(TestCaseExecutor.java:448)&#xa;	at com.kms.katalon.core.main.TestCaseExecutor.doExecute(TestCaseExecutor.java:439)&#xa;	at com.kms.katalon.core.main.TestCaseExecutor.processExecutionPhase(TestCaseExecutor.java:418)&#xa;	at com.kms.katalon.core.main.TestCaseExecutor.accessMainPhase(TestCaseExecutor.java:410)&#xa;	at com.kms.katalon.core.main.TestCaseExecutor.execute(TestCaseExecutor.java:285)&#xa;	at com.kms.katalon.core.common.CommonExecutor.accessTestCaseMainPhase(CommonExecutor.java:65)&#xa;	at com.kms.katalon.core.main.TestSuiteExecutor.accessTestSuiteMainPhase(TestSuiteExecutor.java:150)&#xa;	at com.kms.katalon.core.main.TestSuiteExecutor.execute(TestSuiteExecutor.java:106)&#xa;	at com.kms.katalon.core.main.TestCaseMain.startTestSuite(TestCaseMain.java:180)&#xa;	at TempTestSuite1747808312062.run(TempTestSuite1747808312062.groovy:35)&#xa;	at java.base/jdk.internal.reflect.NativeMethodAccessorImpl.invoke0(Native Method)&#xa;	at java.base/jdk.internal.reflect.NativeMethodAccessorImpl.invoke(NativeMethodAccessorImpl.java:77)&#xa;	at java.base/jdk.internal.reflect.DelegatingMethodAccessorImpl.invoke(DelegatingMethodAccessorImpl.java:43)&#xa;"/>
         <system-out><![CDATA[21-05-2025T13:33:08 - [TEST_CASE][ERROR] - Test Cases/IPAPER APP/006 TAO YEU CAU LAY Y KIEN_KHONG NHAP Y KIEN: Test Cases/IPAPER APP/006 TAO YEU CAU LAY Y KIEN_KHONG NHAP Y KIEN FAILED.
Reason:
org.openqa.selenium.NoSuchElementException: An element could not be located on the page using the given search parameters.
For documentation on this error, please visit: https://www.seleniumhq.org/exceptions/no_such_element.html
Build info: version: '3.141.59', revision: 'unknown', time: 'unknown'
System info: host: 'Cuong-Mac.local', ip: 'fe80:0:0:0:c43:6797:ebf2:3aad%en0', os.name: 'Mac OS X', os.arch: 'aarch64', os.version: '15.5', java.version: '17.0.7'
Driver info: io.appium.java_client.ios.IOSDriver
Capabilities {automationName: XCUITest, browserName: , databaseEnabled: false, fullReset: false, javascriptEnabled: true, locationContextEnabled: false, networkConnectionEnabled: false, noReset: true, platform: MAC, platformName: iOS, platformVersion: 18.4, takesScreenshot: true, udid: 00008110-000C10543443801E, webStorageEnabled: false}
Session ID: 01bfc3c6-5e13-4dc5-a0a0-9b9b6acbce73
*** Element info: {Using=xpath, value=//XCUIElementTypeImage[@name='ic_add']}
	at java.base/jdk.internal.reflect.NativeConstructorAccessorImpl.newInstance0(Native Method)
	at java.base/jdk.internal.reflect.NativeConstructorAccessorImpl.newInstance(NativeConstructorAccessorImpl.java:77)
	at java.base/jdk.internal.reflect.DelegatingConstructorAccessorImpl.newInstance(DelegatingConstructorAccessorImpl.java:45)
	at org.openqa.selenium.remote.http.W3CHttpResponseCodec.createException(W3CHttpResponseCodec.java:187)
	at org.openqa.selenium.remote.http.W3CHttpResponseCodec.decode(W3CHttpResponseCodec.java:122)
	at org.openqa.selenium.remote.http.W3CHttpResponseCodec.decode(W3CHttpResponseCodec.java:49)
	at org.openqa.selenium.remote.HttpCommandExecutor.execute(HttpCommandExecutor.java:158)
	at io.appium.java_client.remote.AppiumCommandExecutor.execute(AppiumCommandExecutor.java:239)
	at org.openqa.selenium.remote.RemoteWebDriver.execute(RemoteWebDriver.java:552)
	at io.appium.java_client.DefaultGenericMobileDriver.execute(DefaultGenericMobileDriver.java:42)
	at io.appium.java_client.AppiumDriver.execute(AppiumDriver.java:1)
	at io.appium.java_client.ios.IOSDriver.execute(IOSDriver.java:1)
	at org.openqa.selenium.remote.RemoteWebDriver.findElement(RemoteWebDriver.java:323)
	at io.appium.java_client.DefaultGenericMobileDriver.findElement(DefaultGenericMobileDriver.java:62)
	at io.appium.java_client.AppiumDriver.findElement(AppiumDriver.java:1)
	at io.appium.java_client.ios.IOSDriver.findElement(IOSDriver.java:1)
	at org.openqa.selenium.remote.RemoteWebDriver.findElementByXPath(RemoteWebDriver.java:428)
	at io.appium.java_client.DefaultGenericMobileDriver.findElementByXPath(DefaultGenericMobileDriver.java:152)
	at io.appium.java_client.AppiumDriver.findElementByXPath(AppiumDriver.java:1)
	at io.appium.java_client.ios.IOSDriver.findElementByXPath(IOSDriver.java:1)
	at org.openqa.selenium.By$ByXPath.findElement(By.java:353)
	at org.openqa.selenium.remote.RemoteWebDriver.findElement(RemoteWebDriver.java:315)
	at io.appium.java_client.DefaultGenericMobileDriver.findElement(DefaultGenericMobileDriver.java:58)
	at io.appium.java_client.AppiumDriver.findElement(AppiumDriver.java:1)
	at io.appium.java_client.ios.IOSDriver.findElement(IOSDriver.java:1)
	at base.BaseKeyword$Trait$Helper.clickToElement(BaseKeyword.groovy:88)
	at screens.HomeScreen.clickToElement(HomeScreen.groovy)
	at screens.HomeScreen.openRequestList(HomeScreen.groovy:84)
	at 006 TAO YEU CAU LAY Y KIEN_KHONG NHAP Y KIEN.run(006 TAO YEU CAU LAY Y KIEN_KHONG NHAP Y KIEN:25)
	at com.kms.katalon.core.main.ScriptEngine.run(ScriptEngine.java:194)
	at com.kms.katalon.core.main.ScriptEngine.runScriptAsRawText(ScriptEngine.java:119)
	at com.kms.katalon.core.main.TestCaseExecutor.runScript(TestCaseExecutor.java:448)
	at com.kms.katalon.core.main.TestCaseExecutor.doExecute(TestCaseExecutor.java:439)
	at com.kms.katalon.core.main.TestCaseExecutor.processExecutionPhase(TestCaseExecutor.java:418)
	at com.kms.katalon.core.main.TestCaseExecutor.accessMainPhase(TestCaseExecutor.java:410)
	at com.kms.katalon.core.main.TestCaseExecutor.execute(TestCaseExecutor.java:285)
	at com.kms.katalon.core.common.CommonExecutor.accessTestCaseMainPhase(CommonExecutor.java:65)
	at com.kms.katalon.core.main.TestSuiteExecutor.accessTestSuiteMainPhase(TestSuiteExecutor.java:150)
	at com.kms.katalon.core.main.TestSuiteExecutor.execute(TestSuiteExecutor.java:106)
	at com.kms.katalon.core.main.TestCaseMain.startTestSuite(TestCaseMain.java:180)
	at TempTestSuite1747808312062.run(TempTestSuite1747808312062.groovy:35)
	at java.base/jdk.internal.reflect.NativeMethodAccessorImpl.invoke0(Native Method)
	at java.base/jdk.internal.reflect.NativeMethodAccessorImpl.invoke(NativeMethodAccessorImpl.java:77)
	at java.base/jdk.internal.reflect.DelegatingMethodAccessorImpl.invoke(DelegatingMethodAccessorImpl.java:43)


21-05-2025T13:33:08 - [TEST_STEP][PASSED] - Start listener action : beforeTest: drivers.Driver.openApp is PASSED

21-05-2025T13:33:08 - [TEST_STEP][PASSED] - DataTest.init(): null

21-05-2025T13:33:08 - [TEST_STEP][PASSED] - testCaseId = split("/").last(): null

21-05-2025T13:33:08 - [TEST_STEP][PASSED] - if (!(drivers.Driver.isAppiumRunning())): drivers.Driver.isAppiumRunning is PASSED

21-05-2025T13:33:08 - [MESSAGE][INFO] - Appium running: true

21-05-2025T13:33:08 - [MESSAGE][PASSED] - drivers.Driver.isAppiumRunning is PASSED

21-05-2025T13:33:08 - [TEST_STEP][PASSED] - if (driver == null || driver.getSessionId() == null): null

21-05-2025T13:33:08 - [TEST_STEP][PASSED] - drivers.Driver.openApp(): drivers.Driver.openApp is PASSED

21-05-2025T13:33:10 - [MESSAGE][PASSED] - drivers.Driver.openApp is PASSED

21-05-2025T13:33:10 - [TEST_STEP][PASSED] - REQUEST_NAME = "Trình ký PDF có sẵn": null

21-05-2025T13:33:10 - [TEST_STEP][PASSED] - USER_CREATE_COMMENT = "Commented by user create document": null

21-05-2025T13:33:10 - [TEST_STEP][PASSED] - ASSIGNER_COMMENT = "Comment by assigner": null

21-05-2025T13:33:10 - [TEST_STEP][PASSED] - documentTitle = "Trình ký " + System.currentTimeMillis(): null

21-05-2025T13:33:10 - [TEST_STEP][PASSED] - auto5 = DataTest.getUserTest5(): null

21-05-2025T13:33:10 - [TEST_STEP][PASSED] - auto6 = DataTest.getUserTest6(): null

21-05-2025T13:33:10 - [TEST_STEP][PASSED] - document = DataTest.createDocumentTest(auto5, auto6, null, "dummy.pdf", "dummy.pdf"): null

21-05-2025T13:33:10 - [TEST_STEP][PASSED] - loginScreen.login(auto5): null

21-05-2025T13:33:26 - [TEST_STEP][ERROR] - homeScreen.openRequestList(): Test Cases/IPAPER APP/006 TAO YEU CAU LAY Y KIEN_KHONG NHAP Y KIEN FAILED.
Reason:
org.openqa.selenium.NoSuchElementException: An element could not be located on the page using the given search parameters.
For documentation on this error, please visit: https://www.seleniumhq.org/exceptions/no_such_element.html
Build info: version: '3.141.59', revision: 'unknown', time: 'unknown'
System info: host: 'Cuong-Mac.local', ip: 'fe80:0:0:0:c43:6797:ebf2:3aad%en0', os.name: 'Mac OS X', os.arch: 'aarch64', os.version: '15.5', java.version: '17.0.7'
Driver info: io.appium.java_client.ios.IOSDriver
Capabilities {automationName: XCUITest, browserName: , databaseEnabled: false, fullReset: false, javascriptEnabled: true, locationContextEnabled: false, networkConnectionEnabled: false, noReset: true, platform: MAC, platformName: iOS, platformVersion: 18.4, takesScreenshot: true, udid: 00008110-000C10543443801E, webStorageEnabled: false}
Session ID: 01bfc3c6-5e13-4dc5-a0a0-9b9b6acbce73
*** Element info: {Using=xpath, value=//XCUIElementTypeImage[@name='ic_add']}
	at java.base/jdk.internal.reflect.NativeConstructorAccessorImpl.newInstance0(Native Method)
	at java.base/jdk.internal.reflect.NativeConstructorAccessorImpl.newInstance(NativeConstructorAccessorImpl.java:77)
	at java.base/jdk.internal.reflect.DelegatingConstructorAccessorImpl.newInstance(DelegatingConstructorAccessorImpl.java:45)
	at org.openqa.selenium.remote.http.W3CHttpResponseCodec.createException(W3CHttpResponseCodec.java:187)
	at org.openqa.selenium.remote.http.W3CHttpResponseCodec.decode(W3CHttpResponseCodec.java:122)
	at org.openqa.selenium.remote.http.W3CHttpResponseCodec.decode(W3CHttpResponseCodec.java:49)
	at org.openqa.selenium.remote.HttpCommandExecutor.execute(HttpCommandExecutor.java:158)
	at io.appium.java_client.remote.AppiumCommandExecutor.execute(AppiumCommandExecutor.java:239)
	at org.openqa.selenium.remote.RemoteWebDriver.execute(RemoteWebDriver.java:552)
	at io.appium.java_client.DefaultGenericMobileDriver.execute(DefaultGenericMobileDriver.java:42)
	at io.appium.java_client.AppiumDriver.execute(AppiumDriver.java:1)
	at io.appium.java_client.ios.IOSDriver.execute(IOSDriver.java:1)
	at org.openqa.selenium.remote.RemoteWebDriver.findElement(RemoteWebDriver.java:323)
	at io.appium.java_client.DefaultGenericMobileDriver.findElement(DefaultGenericMobileDriver.java:62)
	at io.appium.java_client.AppiumDriver.findElement(AppiumDriver.java:1)
	at io.appium.java_client.ios.IOSDriver.findElement(IOSDriver.java:1)
	at org.openqa.selenium.remote.RemoteWebDriver.findElementByXPath(RemoteWebDriver.java:428)
	at io.appium.java_client.DefaultGenericMobileDriver.findElementByXPath(DefaultGenericMobileDriver.java:152)
	at io.appium.java_client.AppiumDriver.findElementByXPath(AppiumDriver.java:1)
	at io.appium.java_client.ios.IOSDriver.findElementByXPath(IOSDriver.java:1)
	at org.openqa.selenium.By$ByXPath.findElement(By.java:353)
	at org.openqa.selenium.remote.RemoteWebDriver.findElement(RemoteWebDriver.java:315)
	at io.appium.java_client.DefaultGenericMobileDriver.findElement(DefaultGenericMobileDriver.java:58)
	at io.appium.java_client.AppiumDriver.findElement(AppiumDriver.java:1)
	at io.appium.java_client.ios.IOSDriver.findElement(IOSDriver.java:1)
	at base.BaseKeyword$Trait$Helper.clickToElement(BaseKeyword.groovy:88)
	at screens.HomeScreen.clickToElement(HomeScreen.groovy)
	at screens.HomeScreen.openRequestList(HomeScreen.groovy:84)
	at 006 TAO YEU CAU LAY Y KIEN_KHONG NHAP Y KIEN.run(006 TAO YEU CAU LAY Y KIEN_KHONG NHAP Y KIEN:25)
	at com.kms.katalon.core.main.ScriptEngine.run(ScriptEngine.java:194)
	at com.kms.katalon.core.main.ScriptEngine.runScriptAsRawText(ScriptEngine.java:119)
	at com.kms.katalon.core.main.TestCaseExecutor.runScript(TestCaseExecutor.java:448)
	at com.kms.katalon.core.main.TestCaseExecutor.doExecute(TestCaseExecutor.java:439)
	at com.kms.katalon.core.main.TestCaseExecutor.processExecutionPhase(TestCaseExecutor.java:418)
	at com.kms.katalon.core.main.TestCaseExecutor.accessMainPhase(TestCaseExecutor.java:410)
	at com.kms.katalon.core.main.TestCaseExecutor.execute(TestCaseExecutor.java:285)
	at com.kms.katalon.core.common.CommonExecutor.accessTestCaseMainPhase(CommonExecutor.java:65)
	at com.kms.katalon.core.main.TestSuiteExecutor.accessTestSuiteMainPhase(TestSuiteExecutor.java:150)
	at com.kms.katalon.core.main.TestSuiteExecutor.execute(TestSuiteExecutor.java:106)
	at com.kms.katalon.core.main.TestCaseMain.startTestSuite(TestCaseMain.java:180)
	at TempTestSuite1747808312062.run(TempTestSuite1747808312062.groovy:35)
	at java.base/jdk.internal.reflect.NativeMethodAccessorImpl.invoke0(Native Method)
	at java.base/jdk.internal.reflect.NativeMethodAccessorImpl.invoke(NativeMethodAccessorImpl.java:77)
	at java.base/jdk.internal.reflect.DelegatingMethodAccessorImpl.invoke(DelegatingMethodAccessorImpl.java:43)


21-05-2025T13:33:29 - [MESSAGE][ERROR] - Test Cases/IPAPER APP/006 TAO YEU CAU LAY Y KIEN_KHONG NHAP Y KIEN FAILED.
Reason:
org.openqa.selenium.NoSuchElementException: An element could not be located on the page using the given search parameters.
For documentation on this error, please visit: https://www.seleniumhq.org/exceptions/no_such_element.html
Build info: version: '3.141.59', revision: 'unknown', time: 'unknown'
System info: host: 'Cuong-Mac.local', ip: 'fe80:0:0:0:c43:6797:ebf2:3aad%en0', os.name: 'Mac OS X', os.arch: 'aarch64', os.version: '15.5', java.version: '17.0.7'
Driver info: io.appium.java_client.ios.IOSDriver
Capabilities {automationName: XCUITest, browserName: , databaseEnabled: false, fullReset: false, javascriptEnabled: true, locationContextEnabled: false, networkConnectionEnabled: false, noReset: true, platform: MAC, platformName: iOS, platformVersion: 18.4, takesScreenshot: true, udid: 00008110-000C10543443801E, webStorageEnabled: false}
Session ID: 01bfc3c6-5e13-4dc5-a0a0-9b9b6acbce73
*** Element info: {Using=xpath, value=//XCUIElementTypeImage[@name='ic_add']}
	at java.base/jdk.internal.reflect.NativeConstructorAccessorImpl.newInstance0(Native Method)
	at java.base/jdk.internal.reflect.NativeConstructorAccessorImpl.newInstance(NativeConstructorAccessorImpl.java:77)
	at java.base/jdk.internal.reflect.DelegatingConstructorAccessorImpl.newInstance(DelegatingConstructorAccessorImpl.java:45)
	at org.openqa.selenium.remote.http.W3CHttpResponseCodec.createException(W3CHttpResponseCodec.java:187)
	at org.openqa.selenium.remote.http.W3CHttpResponseCodec.decode(W3CHttpResponseCodec.java:122)
	at org.openqa.selenium.remote.http.W3CHttpResponseCodec.decode(W3CHttpResponseCodec.java:49)
	at org.openqa.selenium.remote.HttpCommandExecutor.execute(HttpCommandExecutor.java:158)
	at io.appium.java_client.remote.AppiumCommandExecutor.execute(AppiumCommandExecutor.java:239)
	at org.openqa.selenium.remote.RemoteWebDriver.execute(RemoteWebDriver.java:552)
	at io.appium.java_client.DefaultGenericMobileDriver.execute(DefaultGenericMobileDriver.java:42)
	at io.appium.java_client.AppiumDriver.execute(AppiumDriver.java:1)
	at io.appium.java_client.ios.IOSDriver.execute(IOSDriver.java:1)
	at org.openqa.selenium.remote.RemoteWebDriver.findElement(RemoteWebDriver.java:323)
	at io.appium.java_client.DefaultGenericMobileDriver.findElement(DefaultGenericMobileDriver.java:62)
	at io.appium.java_client.AppiumDriver.findElement(AppiumDriver.java:1)
	at io.appium.java_client.ios.IOSDriver.findElement(IOSDriver.java:1)
	at org.openqa.selenium.remote.RemoteWebDriver.findElementByXPath(RemoteWebDriver.java:428)
	at io.appium.java_client.DefaultGenericMobileDriver.findElementByXPath(DefaultGenericMobileDriver.java:152)
	at io.appium.java_client.AppiumDriver.findElementByXPath(AppiumDriver.java:1)
	at io.appium.java_client.ios.IOSDriver.findElementByXPath(IOSDriver.java:1)
	at org.openqa.selenium.By$ByXPath.findElement(By.java:353)
	at org.openqa.selenium.remote.RemoteWebDriver.findElement(RemoteWebDriver.java:315)
	at io.appium.java_client.DefaultGenericMobileDriver.findElement(DefaultGenericMobileDriver.java:58)
	at io.appium.java_client.AppiumDriver.findElement(AppiumDriver.java:1)
	at io.appium.java_client.ios.IOSDriver.findElement(IOSDriver.java:1)
	at base.BaseKeyword$Trait$Helper.clickToElement(BaseKeyword.groovy:88)
	at screens.HomeScreen.clickToElement(HomeScreen.groovy)
	at screens.HomeScreen.openRequestList(HomeScreen.groovy:84)
	at 006 TAO YEU CAU LAY Y KIEN_KHONG NHAP Y KIEN.run(006 TAO YEU CAU LAY Y KIEN_KHONG NHAP Y KIEN:25)
	at com.kms.katalon.core.main.ScriptEngine.run(ScriptEngine.java:194)
	at com.kms.katalon.core.main.ScriptEngine.runScriptAsRawText(ScriptEngine.java:119)
	at com.kms.katalon.core.main.TestCaseExecutor.runScript(TestCaseExecutor.java:448)
	at com.kms.katalon.core.main.TestCaseExecutor.doExecute(TestCaseExecutor.java:439)
	at com.kms.katalon.core.main.TestCaseExecutor.processExecutionPhase(TestCaseExecutor.java:418)
	at com.kms.katalon.core.main.TestCaseExecutor.accessMainPhase(TestCaseExecutor.java:410)
	at com.kms.katalon.core.main.TestCaseExecutor.execute(TestCaseExecutor.java:285)
	at com.kms.katalon.core.common.CommonExecutor.accessTestCaseMainPhase(CommonExecutor.java:65)
	at com.kms.katalon.core.main.TestSuiteExecutor.accessTestSuiteMainPhase(TestSuiteExecutor.java:150)
	at com.kms.katalon.core.main.TestSuiteExecutor.execute(TestSuiteExecutor.java:106)
	at com.kms.katalon.core.main.TestCaseMain.startTestSuite(TestCaseMain.java:180)
	at TempTestSuite1747808312062.run(TempTestSuite1747808312062.groovy:35)
	at java.base/jdk.internal.reflect.NativeMethodAccessorImpl.invoke0(Native Method)
	at java.base/jdk.internal.reflect.NativeMethodAccessorImpl.invoke(NativeMethodAccessorImpl.java:77)
	at java.base/jdk.internal.reflect.DelegatingMethodAccessorImpl.invoke(DelegatingMethodAccessorImpl.java:43)


21-05-2025T13:33:29 - [TEST_STEP][PASSED] - Start listener action : afterTest: null

21-05-2025T13:33:29 - [TEST_STEP][PASSED] - if (testCaseStatus != "PASSED"): Screenshot is taken

21-05-2025T13:33:29 - [TEST_STEP][PASSED] - takeScreenshot(ErrorScreen/$GlobalVariable.PLATFORM/$testCaseContext.getTestCaseId().png): Screenshot is taken

21-05-2025T13:33:30 - [MESSAGE][PASSED] - Screenshot is taken
[[ATTACHMENT|ErrorScreen/iOS/Test Cases/IPAPER APP/006 TAO YEU CAU LAY Y KIEN_KHONG NHAP Y KIEN.png]]

21-05-2025T13:33:30 - [TEST_STEP][PASSED] - drivers.Driver.closeApp(): drivers.Driver.closeApp is PASSED

21-05-2025T13:33:31 - [MESSAGE][PASSED] - drivers.Driver.closeApp is PASSED

21-05-2025T13:33:31 - [TEST_STEP][PASSED] - if (tsContext == null): null]]></system-out>
         <system-err><![CDATA[21-05-2025T13:33:08 - [TEST_CASE][ERROR] - Test Cases/IPAPER APP/006 TAO YEU CAU LAY Y KIEN_KHONG NHAP Y KIEN: Test Cases/IPAPER APP/006 TAO YEU CAU LAY Y KIEN_KHONG NHAP Y KIEN FAILED.
Reason:
org.openqa.selenium.NoSuchElementException: An element could not be located on the page using the given search parameters.
For documentation on this error, please visit: https://www.seleniumhq.org/exceptions/no_such_element.html
Build info: version: '3.141.59', revision: 'unknown', time: 'unknown'
System info: host: 'Cuong-Mac.local', ip: 'fe80:0:0:0:c43:6797:ebf2:3aad%en0', os.name: 'Mac OS X', os.arch: 'aarch64', os.version: '15.5', java.version: '17.0.7'
Driver info: io.appium.java_client.ios.IOSDriver
Capabilities {automationName: XCUITest, browserName: , databaseEnabled: false, fullReset: false, javascriptEnabled: true, locationContextEnabled: false, networkConnectionEnabled: false, noReset: true, platform: MAC, platformName: iOS, platformVersion: 18.4, takesScreenshot: true, udid: 00008110-000C10543443801E, webStorageEnabled: false}
Session ID: 01bfc3c6-5e13-4dc5-a0a0-9b9b6acbce73
*** Element info: {Using=xpath, value=//XCUIElementTypeImage[@name='ic_add']}
	at java.base/jdk.internal.reflect.NativeConstructorAccessorImpl.newInstance0(Native Method)
	at java.base/jdk.internal.reflect.NativeConstructorAccessorImpl.newInstance(NativeConstructorAccessorImpl.java:77)
	at java.base/jdk.internal.reflect.DelegatingConstructorAccessorImpl.newInstance(DelegatingConstructorAccessorImpl.java:45)
	at org.openqa.selenium.remote.http.W3CHttpResponseCodec.createException(W3CHttpResponseCodec.java:187)
	at org.openqa.selenium.remote.http.W3CHttpResponseCodec.decode(W3CHttpResponseCodec.java:122)
	at org.openqa.selenium.remote.http.W3CHttpResponseCodec.decode(W3CHttpResponseCodec.java:49)
	at org.openqa.selenium.remote.HttpCommandExecutor.execute(HttpCommandExecutor.java:158)
	at io.appium.java_client.remote.AppiumCommandExecutor.execute(AppiumCommandExecutor.java:239)
	at org.openqa.selenium.remote.RemoteWebDriver.execute(RemoteWebDriver.java:552)
	at io.appium.java_client.DefaultGenericMobileDriver.execute(DefaultGenericMobileDriver.java:42)
	at io.appium.java_client.AppiumDriver.execute(AppiumDriver.java:1)
	at io.appium.java_client.ios.IOSDriver.execute(IOSDriver.java:1)
	at org.openqa.selenium.remote.RemoteWebDriver.findElement(RemoteWebDriver.java:323)
	at io.appium.java_client.DefaultGenericMobileDriver.findElement(DefaultGenericMobileDriver.java:62)
	at io.appium.java_client.AppiumDriver.findElement(AppiumDriver.java:1)
	at io.appium.java_client.ios.IOSDriver.findElement(IOSDriver.java:1)
	at org.openqa.selenium.remote.RemoteWebDriver.findElementByXPath(RemoteWebDriver.java:428)
	at io.appium.java_client.DefaultGenericMobileDriver.findElementByXPath(DefaultGenericMobileDriver.java:152)
	at io.appium.java_client.AppiumDriver.findElementByXPath(AppiumDriver.java:1)
	at io.appium.java_client.ios.IOSDriver.findElementByXPath(IOSDriver.java:1)
	at org.openqa.selenium.By$ByXPath.findElement(By.java:353)
	at org.openqa.selenium.remote.RemoteWebDriver.findElement(RemoteWebDriver.java:315)
	at io.appium.java_client.DefaultGenericMobileDriver.findElement(DefaultGenericMobileDriver.java:58)
	at io.appium.java_client.AppiumDriver.findElement(AppiumDriver.java:1)
	at io.appium.java_client.ios.IOSDriver.findElement(IOSDriver.java:1)
	at base.BaseKeyword$Trait$Helper.clickToElement(BaseKeyword.groovy:88)
	at screens.HomeScreen.clickToElement(HomeScreen.groovy)
	at screens.HomeScreen.openRequestList(HomeScreen.groovy:84)
	at 006 TAO YEU CAU LAY Y KIEN_KHONG NHAP Y KIEN.run(006 TAO YEU CAU LAY Y KIEN_KHONG NHAP Y KIEN:25)
	at com.kms.katalon.core.main.ScriptEngine.run(ScriptEngine.java:194)
	at com.kms.katalon.core.main.ScriptEngine.runScriptAsRawText(ScriptEngine.java:119)
	at com.kms.katalon.core.main.TestCaseExecutor.runScript(TestCaseExecutor.java:448)
	at com.kms.katalon.core.main.TestCaseExecutor.doExecute(TestCaseExecutor.java:439)
	at com.kms.katalon.core.main.TestCaseExecutor.processExecutionPhase(TestCaseExecutor.java:418)
	at com.kms.katalon.core.main.TestCaseExecutor.accessMainPhase(TestCaseExecutor.java:410)
	at com.kms.katalon.core.main.TestCaseExecutor.execute(TestCaseExecutor.java:285)
	at com.kms.katalon.core.common.CommonExecutor.accessTestCaseMainPhase(CommonExecutor.java:65)
	at com.kms.katalon.core.main.TestSuiteExecutor.accessTestSuiteMainPhase(TestSuiteExecutor.java:150)
	at com.kms.katalon.core.main.TestSuiteExecutor.execute(TestSuiteExecutor.java:106)
	at com.kms.katalon.core.main.TestCaseMain.startTestSuite(TestCaseMain.java:180)
	at TempTestSuite1747808312062.run(TempTestSuite1747808312062.groovy:35)
	at java.base/jdk.internal.reflect.NativeMethodAccessorImpl.invoke0(Native Method)
	at java.base/jdk.internal.reflect.NativeMethodAccessorImpl.invoke(NativeMethodAccessorImpl.java:77)
	at java.base/jdk.internal.reflect.DelegatingMethodAccessorImpl.invoke(DelegatingMethodAccessorImpl.java:43)]]></system-err>
      </testcase>
      <testcase name="Test Cases/IPAPER APP/007 HIEN THI HO SO DEN" time="19.6" classname="Test Cases/IPAPER APP/007 HIEN THI HO SO DEN" status="PASSED">
         <system-out><![CDATA[21-05-2025T13:33:31 - [TEST_CASE][PASSED] - Test Cases/IPAPER APP/007 HIEN THI HO SO DEN: Test Cases/IPAPER APP/007 HIEN THI HO SO DEN

21-05-2025T13:33:31 - [TEST_STEP][PASSED] - Start listener action : beforeTest: drivers.Driver.openApp is PASSED

21-05-2025T13:33:31 - [TEST_STEP][PASSED] - DataTest.init(): null

21-05-2025T13:33:31 - [TEST_STEP][PASSED] - testCaseId = split("/").last(): null

21-05-2025T13:33:31 - [TEST_STEP][PASSED] - if (!(drivers.Driver.isAppiumRunning())): drivers.Driver.isAppiumRunning is PASSED

21-05-2025T13:33:31 - [MESSAGE][INFO] - Appium running: true

21-05-2025T13:33:31 - [MESSAGE][PASSED] - drivers.Driver.isAppiumRunning is PASSED

21-05-2025T13:33:31 - [TEST_STEP][PASSED] - if (driver == null || driver.getSessionId() == null): null

21-05-2025T13:33:31 - [TEST_STEP][PASSED] - drivers.Driver.openApp(): drivers.Driver.openApp is PASSED

21-05-2025T13:33:32 - [MESSAGE][PASSED] - drivers.Driver.openApp is PASSED

21-05-2025T13:33:32 - [TEST_STEP][PASSED] - auto1 = DataTest.getUserTest("auto1"): null

21-05-2025T13:33:32 - [TEST_STEP][PASSED] - loginScreen.login(auto1): null

21-05-2025T13:33:46 - [TEST_STEP][PASSED] - homeScreen.goToIncomingDocument(): null

21-05-2025T13:33:49 - [TEST_STEP][PASSED] - inComingDocument.checkItemInDocument(): null

21-05-2025T13:33:49 - [TEST_STEP][PASSED] - Start listener action : afterTest: null

21-05-2025T13:33:49 - [TEST_STEP][PASSED] - if (testCaseStatus != "PASSED"): null

21-05-2025T13:33:49 - [TEST_STEP][PASSED] - drivers.Driver.closeApp(): drivers.Driver.closeApp is PASSED

21-05-2025T13:33:50 - [MESSAGE][PASSED] - drivers.Driver.closeApp is PASSED

21-05-2025T13:33:50 - [TEST_STEP][PASSED] - if (tsContext == null): null]]></system-out>
         <system-err><![CDATA[]]></system-err>
      </testcase>
      <testcase name="Test Cases/IPAPER APP/008 HIEN THI HO SO DI" time="24.105" classname="Test Cases/IPAPER APP/008 HIEN THI HO SO DI" status="PASSED">
         <system-out><![CDATA[21-05-2025T13:33:50 - [TEST_CASE][PASSED] - Test Cases/IPAPER APP/008 HIEN THI HO SO DI: Test Cases/IPAPER APP/008 HIEN THI HO SO DI

21-05-2025T13:33:50 - [TEST_STEP][PASSED] - Start listener action : beforeTest: drivers.Driver.openApp is PASSED

21-05-2025T13:33:50 - [TEST_STEP][PASSED] - DataTest.init(): null

21-05-2025T13:33:50 - [TEST_STEP][PASSED] - testCaseId = split("/").last(): null

21-05-2025T13:33:50 - [TEST_STEP][PASSED] - if (!(drivers.Driver.isAppiumRunning())): drivers.Driver.isAppiumRunning is PASSED

21-05-2025T13:33:50 - [MESSAGE][INFO] - Appium running: true

21-05-2025T13:33:50 - [MESSAGE][PASSED] - drivers.Driver.isAppiumRunning is PASSED

21-05-2025T13:33:50 - [TEST_STEP][PASSED] - if (driver == null || driver.getSessionId() == null): null

21-05-2025T13:33:50 - [TEST_STEP][PASSED] - drivers.Driver.openApp(): drivers.Driver.openApp is PASSED

21-05-2025T13:33:52 - [MESSAGE][PASSED] - drivers.Driver.openApp is PASSED

21-05-2025T13:33:52 - [TEST_STEP][PASSED] - auto1 = DataTest.getUserTest("auto1"): null

21-05-2025T13:33:52 - [TEST_STEP][PASSED] - loginScreen.login(auto1): null

21-05-2025T13:34:05 - [TEST_STEP][PASSED] - homeScreen.goToOutComingDocument(): null

21-05-2025T13:34:13 - [TEST_STEP][PASSED] - outComingDocument.checkItemInDocument(): null

21-05-2025T13:34:13 - [TEST_STEP][PASSED] - Start listener action : afterTest: null

21-05-2025T13:34:13 - [TEST_STEP][PASSED] - if (testCaseStatus != "PASSED"): null

21-05-2025T13:34:13 - [TEST_STEP][PASSED] - drivers.Driver.closeApp(): drivers.Driver.closeApp is PASSED

21-05-2025T13:34:14 - [MESSAGE][PASSED] - drivers.Driver.closeApp is PASSED

21-05-2025T13:34:14 - [TEST_STEP][PASSED] - if (tsContext == null): null]]></system-out>
         <system-err><![CDATA[]]></system-err>
      </testcase>
      <testcase name="Test Cases/IPAPER APP/009 DUYET NHANH" time="212.974" classname="Test Cases/IPAPER APP/009 DUYET NHANH" status="FAILED">
         <failure type="FAILED" message="Test Cases/IPAPER APP/009 DUYET NHANH FAILED.&#xa;Reason:&#xa;com.kms.katalon.core.exception.StepFailedException: Verify equals GUI: 21/05/2025 - DATA: 22/05/2025&#xa;	at com.kms.katalon.core.util.KeywordUtil.markFailed(KeywordUtil.java:19)&#xa;	at utilities.AssertUtilities.logResult(AssertUtilities.groovy:30)&#xa;	at utilities.AssertUtilities.checkEquals(AssertUtilities.groovy:11)&#xa;	at screens.DocumentInformationScreen.checkFinishDate(DocumentInformationScreen.groovy:139)&#xa;	at 009 DUYET NHANH.run(009 DUYET NHANH:103)&#xa;	at com.kms.katalon.core.main.ScriptEngine.run(ScriptEngine.java:194)&#xa;	at com.kms.katalon.core.main.ScriptEngine.runScriptAsRawText(ScriptEngine.java:119)&#xa;	at com.kms.katalon.core.main.TestCaseExecutor.runScript(TestCaseExecutor.java:448)&#xa;	at com.kms.katalon.core.main.TestCaseExecutor.doExecute(TestCaseExecutor.java:439)&#xa;	at com.kms.katalon.core.main.TestCaseExecutor.processExecutionPhase(TestCaseExecutor.java:418)&#xa;	at com.kms.katalon.core.main.TestCaseExecutor.accessMainPhase(TestCaseExecutor.java:410)&#xa;	at com.kms.katalon.core.main.TestCaseExecutor.execute(TestCaseExecutor.java:285)&#xa;	at com.kms.katalon.core.common.CommonExecutor.accessTestCaseMainPhase(CommonExecutor.java:65)&#xa;	at com.kms.katalon.core.main.TestSuiteExecutor.accessTestSuiteMainPhase(TestSuiteExecutor.java:150)&#xa;	at com.kms.katalon.core.main.TestSuiteExecutor.execute(TestSuiteExecutor.java:106)&#xa;	at com.kms.katalon.core.main.TestCaseMain.startTestSuite(TestCaseMain.java:180)&#xa;	at TempTestSuite1747808312062.run(TempTestSuite1747808312062.groovy:35)&#xa;	at java.base/jdk.internal.reflect.NativeMethodAccessorImpl.invoke0(Native Method)&#xa;	at java.base/jdk.internal.reflect.NativeMethodAccessorImpl.invoke(NativeMethodAccessorImpl.java:77)&#xa;	at java.base/jdk.internal.reflect.DelegatingMethodAccessorImpl.invoke(DelegatingMethodAccessorImpl.java:43)&#xa;"/>
         <system-out><![CDATA[21-05-2025T13:34:14 - [TEST_CASE][FAILED] - Test Cases/IPAPER APP/009 DUYET NHANH: Test Cases/IPAPER APP/009 DUYET NHANH FAILED.
Reason:
com.kms.katalon.core.exception.StepFailedException: Verify equals GUI: 21/05/2025 - DATA: 22/05/2025
	at com.kms.katalon.core.util.KeywordUtil.markFailed(KeywordUtil.java:19)
	at utilities.AssertUtilities.logResult(AssertUtilities.groovy:30)
	at utilities.AssertUtilities.checkEquals(AssertUtilities.groovy:11)
	at screens.DocumentInformationScreen.checkFinishDate(DocumentInformationScreen.groovy:139)
	at 009 DUYET NHANH.run(009 DUYET NHANH:103)
	at com.kms.katalon.core.main.ScriptEngine.run(ScriptEngine.java:194)
	at com.kms.katalon.core.main.ScriptEngine.runScriptAsRawText(ScriptEngine.java:119)
	at com.kms.katalon.core.main.TestCaseExecutor.runScript(TestCaseExecutor.java:448)
	at com.kms.katalon.core.main.TestCaseExecutor.doExecute(TestCaseExecutor.java:439)
	at com.kms.katalon.core.main.TestCaseExecutor.processExecutionPhase(TestCaseExecutor.java:418)
	at com.kms.katalon.core.main.TestCaseExecutor.accessMainPhase(TestCaseExecutor.java:410)
	at com.kms.katalon.core.main.TestCaseExecutor.execute(TestCaseExecutor.java:285)
	at com.kms.katalon.core.common.CommonExecutor.accessTestCaseMainPhase(CommonExecutor.java:65)
	at com.kms.katalon.core.main.TestSuiteExecutor.accessTestSuiteMainPhase(TestSuiteExecutor.java:150)
	at com.kms.katalon.core.main.TestSuiteExecutor.execute(TestSuiteExecutor.java:106)
	at com.kms.katalon.core.main.TestCaseMain.startTestSuite(TestCaseMain.java:180)
	at TempTestSuite1747808312062.run(TempTestSuite1747808312062.groovy:35)
	at java.base/jdk.internal.reflect.NativeMethodAccessorImpl.invoke0(Native Method)
	at java.base/jdk.internal.reflect.NativeMethodAccessorImpl.invoke(NativeMethodAccessorImpl.java:77)
	at java.base/jdk.internal.reflect.DelegatingMethodAccessorImpl.invoke(DelegatingMethodAccessorImpl.java:43)


21-05-2025T13:34:14 - [TEST_STEP][PASSED] - Start listener action : beforeTest: drivers.Driver.openApp is PASSED

21-05-2025T13:34:14 - [TEST_STEP][PASSED] - DataTest.init(): null

21-05-2025T13:34:14 - [TEST_STEP][PASSED] - testCaseId = split("/").last(): null

21-05-2025T13:34:14 - [TEST_STEP][PASSED] - if (!(drivers.Driver.isAppiumRunning())): drivers.Driver.isAppiumRunning is PASSED

21-05-2025T13:34:14 - [MESSAGE][INFO] - Appium running: true

21-05-2025T13:34:14 - [MESSAGE][PASSED] - drivers.Driver.isAppiumRunning is PASSED

21-05-2025T13:34:14 - [TEST_STEP][PASSED] - if (driver == null || driver.getSessionId() == null): null

21-05-2025T13:34:14 - [TEST_STEP][PASSED] - drivers.Driver.openApp(): drivers.Driver.openApp is PASSED

21-05-2025T13:34:16 - [MESSAGE][PASSED] - drivers.Driver.openApp is PASSED

21-05-2025T13:34:16 - [TEST_STEP][PASSED] - REQUEST_NAME = "Trình ký PDF có sẵn": null

21-05-2025T13:34:16 - [TEST_STEP][PASSED] - auto5 = DataTest.getUserTest5(): null

21-05-2025T13:34:16 - [TEST_STEP][PASSED] - auto6 = DataTest.getUserTest6(): null

21-05-2025T13:34:16 - [TEST_STEP][PASSED] - document = DataTest.createDocumentTest(auto5, auto6, null, "dummy.pdf", "dummy.pdf"): null

21-05-2025T13:34:16 - [TEST_STEP][PASSED] - loginScreen.login(auto5): null

21-05-2025T13:34:26 - [TEST_STEP][PASSED] - homeScreen.openRequestList(): null

21-05-2025T13:34:27 - [TEST_STEP][PASSED] - homeScreen.createRequest(REQUEST_NAME): null

21-05-2025T13:34:32 - [TEST_STEP][PASSED] - pdfSignScreen.fillInTitle(document.getTitle()): null

21-05-2025T13:34:34 - [TEST_STEP][PASSED] - pdfSignScreen.selectPriority(document.getPriority()): null

21-05-2025T13:34:41 - [TEST_STEP][PASSED] - pdfSignScreen.selectTime(document.getTime()): null

21-05-2025T13:34:51 - [TEST_STEP][PASSED] - pdfSignScreen.fillInDescription(document.getDescription()): null

21-05-2025T13:34:54 - [TEST_STEP][PASSED] - pdfSignScreen.selectAssigner(getAssigner().getEmail()): null

21-05-2025T13:35:04 - [TEST_STEP][PASSED] - pdfSignScreen.openMainFileBrowser(): null

21-05-2025T13:35:06 - [TEST_STEP][PASSED] - fileBrowserScreen.attachFile(document.getMainFileName()): null

21-05-2025T13:35:16 - [TEST_STEP][PASSED] - pdfSignScreen.openSubFileBrowser(): null

21-05-2025T13:35:21 - [TEST_STEP][PASSED] - fileBrowserScreen.attachFile(document.getSubFileName()): null

21-05-2025T13:35:29 - [TEST_STEP][PASSED] - pdfSignScreen.performAction(SEND_APPROVE): null

21-05-2025T13:35:32 - [TEST_STEP][PASSED] - pdfSignScreen.fillInOpinion(document.getComment()): null

21-05-2025T13:35:34 - [TEST_STEP][PASSED] - pdfSignScreen.submitRequest(): null

21-05-2025T13:35:44 - [TEST_STEP][PASSED] - documentInformationScreen.backToHome(): null

21-05-2025T13:35:45 - [TEST_STEP][PASSED] - homeScreen.logout(): null

21-05-2025T13:35:53 - [TEST_STEP][PASSED] - document.setStatus(WAIT_APPROVE): null

21-05-2025T13:35:53 - [TEST_STEP][PASSED] - document.setAssigner(auto5): null

21-05-2025T13:35:53 - [TEST_STEP][PASSED] - loginScreen.login(auto6): null

21-05-2025T13:36:03 - [TEST_STEP][PASSED] - homeScreen.goToIncomingDocument(): null

21-05-2025T13:36:03 - [TEST_STEP][PASSED] - inComingDocument.viewInformationDocument(document): View document Trình ký 1747809256397

21-05-2025T13:36:03 - [MESSAGE][INFO] - View document Trình ký 1747809256397

21-05-2025T13:36:20 - [TEST_STEP][PASSED] - documentInformationScreen.checkDocumentTitle(document): Verify equals GUI: Trình ký 1747809256397 - DATA: Trình ký 1747809256397

21-05-2025T13:36:21 - [MESSAGE][PASSED] - Verify equals GUI: Trình ký 1747809256397 - DATA: Trình ký 1747809256397

21-05-2025T13:36:21 - [TEST_STEP][PASSED] - documentInformationScreen.checkSender(document): Verify equals GUI: Auto Test User 5 - DATA: Auto Test User 5

21-05-2025T13:36:21 - [MESSAGE][PASSED] - Verify equals GUI: Auto Test User 5 - DATA: Auto Test User 5

21-05-2025T13:36:21 - [TEST_STEP][PASSED] - documentInformationScreen.checkStatus(document): Verify equals GUI: Chờ giám sát phê duyệt - DATA: Chờ giám sát phê duyệt

21-05-2025T13:36:22 - [MESSAGE][PASSED] - Verify equals GUI: Chờ giám sát phê duyệt - DATA: Chờ giám sát phê duyệt

21-05-2025T13:36:22 - [TEST_STEP][PASSED] - documentInformationScreen.checkCreateDate(): Verify equals GUI: 21/05/2025 - DATA: 21/05/2025

21-05-2025T13:36:22 - [MESSAGE][PASSED] - Verify equals GUI: 21/05/2025 - DATA: 21/05/2025

21-05-2025T13:36:22 - [TEST_STEP][PASSED] - documentInformationScreen.checkFinishDate(document): Verify equals GUI: 22/05/2025 - DATA: 22/05/2025

21-05-2025T13:36:22 - [MESSAGE][PASSED] - Verify equals GUI: 22/05/2025 - DATA: 22/05/2025

21-05-2025T13:36:22 - [TEST_STEP][PASSED] - documentInformationScreen.checkPriority(document): Verify equals GUI: Khẩn cấp - DATA: Khẩn cấp

21-05-2025T13:36:23 - [MESSAGE][PASSED] - Verify equals GUI: Khẩn cấp - DATA: Khẩn cấp

21-05-2025T13:36:23 - [TEST_STEP][PASSED] - documentInformationScreen.checkDescription(document): Verify equals GUI: 009 DUYET NHANH - DATA: 009 DUYET NHANH

21-05-2025T13:36:23 - [MESSAGE][PASSED] - Verify equals GUI: 009 DUYET NHANH - DATA: 009 DUYET NHANH

21-05-2025T13:36:23 - [TEST_STEP][PASSED] - documentInformationScreen.checkAssigner(document): Verify contains GUI: Auto Test User 5 (auto5@hdbank.com.vn) - DATA: auto5@hdbank.com.vn

21-05-2025T13:36:26 - [MESSAGE][PASSED] - Verify contains GUI: Auto Test User 5 (auto5@hdbank.com.vn) - DATA: auto5@hdbank.com.vn

21-05-2025T13:36:26 - [TEST_STEP][PASSED] - documentInformationScreen.checkPresentFileName(document): Verify contains GUI: dummy_20250521133521.ozd - DATA: dummy

21-05-2025T13:36:28 - [MESSAGE][PASSED] - Verify contains GUI: dummy_20250521133521.ozd - DATA: dummy

21-05-2025T13:36:28 - [TEST_STEP][PASSED] - documentInformationScreen.checkAttachFileName(document): Expected true condition

21-05-2025T13:36:31 - [MESSAGE][PASSED] - Expected true condition

21-05-2025T13:36:31 - [TEST_STEP][PASSED] - documentInformationScreen.backToHome(): null

21-05-2025T13:36:40 - [TEST_STEP][PASSED] - inComingDocument.performAction(document, QUICK_APPROVE): Delayed 0.5 second(s)

21-05-2025T13:37:02 - [MESSAGE][PASSED] - Delayed 0.5 second(s)

21-05-2025T13:37:03 - [TEST_STEP][PASSED] - document.setSender(auto6): null

21-05-2025T13:37:03 - [TEST_STEP][PASSED] - inComingDocument.checkItemInDocument(): null

21-05-2025T13:37:03 - [TEST_STEP][PASSED] - homeScreen.goToOutComingDocument(): null

21-05-2025T13:37:12 - [TEST_STEP][PASSED] - outComingDocument.viewInformationDocument(document): null

21-05-2025T13:37:20 - [TEST_STEP][PASSED] - documentInformationScreen.checkDocumentTitle(document): Verify equals GUI: Trình ký 1747809256397 - DATA: Trình ký 1747809256397

21-05-2025T13:37:25 - [MESSAGE][PASSED] - Verify equals GUI: Trình ký 1747809256397 - DATA: Trình ký 1747809256397

21-05-2025T13:37:25 - [TEST_STEP][PASSED] - documentInformationScreen.checkSender(document): Verify equals GUI: Auto Test User 6 - DATA: Auto Test User 6

21-05-2025T13:37:26 - [MESSAGE][PASSED] - Verify equals GUI: Auto Test User 6 - DATA: Auto Test User 6

21-05-2025T13:37:26 - [TEST_STEP][PASSED] - documentInformationScreen.checkStatus(document): Verify equals GUI: Đã duyệt - DATA: Đã duyệt

21-05-2025T13:37:26 - [MESSAGE][PASSED] - Verify equals GUI: Đã duyệt - DATA: Đã duyệt

21-05-2025T13:37:26 - [TEST_STEP][PASSED] - documentInformationScreen.checkCreateDate(): Verify equals GUI: 21/05/2025 - DATA: 21/05/2025

21-05-2025T13:37:27 - [MESSAGE][PASSED] - Verify equals GUI: 21/05/2025 - DATA: 21/05/2025

21-05-2025T13:37:27 - [TEST_STEP][FAILED] - documentInformationScreen.checkFinishDate(document): Verify equals GUI: 21/05/2025 - DATA: 22/05/2025

21-05-2025T13:37:27 - [MESSAGE][FAILED] - Verify equals GUI: 21/05/2025 - DATA: 22/05/2025

21-05-2025T13:37:27 - [TEST_STEP][PASSED] - documentInformationScreen.checkPriority(document): Verify equals GUI: Khẩn cấp - DATA: Khẩn cấp

21-05-2025T13:37:28 - [MESSAGE][PASSED] - Verify equals GUI: Khẩn cấp - DATA: Khẩn cấp

21-05-2025T13:37:28 - [TEST_STEP][PASSED] - documentInformationScreen.checkDescription(document): Verify equals GUI: 009 DUYET NHANH - DATA: 009 DUYET NHANH

21-05-2025T13:37:28 - [MESSAGE][PASSED] - Verify equals GUI: 009 DUYET NHANH - DATA: 009 DUYET NHANH

21-05-2025T13:37:28 - [TEST_STEP][PASSED] - documentInformationScreen.checkAssigner(document): Verify contains GUI: Auto Test User 5 (auto5@hdbank.com.vn) - DATA: auto5@hdbank.com.vn

21-05-2025T13:37:31 - [MESSAGE][PASSED] - Verify contains GUI: Auto Test User 5 (auto5@hdbank.com.vn) - DATA: auto5@hdbank.com.vn

21-05-2025T13:37:31 - [TEST_STEP][PASSED] - documentInformationScreen.checkPresentFileName(document): Verify contains GUI: dummy_20250521133521.ozd - DATA: dummy

21-05-2025T13:37:33 - [MESSAGE][PASSED] - Verify contains GUI: dummy_20250521133521.ozd - DATA: dummy

21-05-2025T13:37:33 - [TEST_STEP][PASSED] - documentInformationScreen.checkAttachFileName(document): Expected true condition

21-05-2025T13:37:37 - [MESSAGE][PASSED] - Expected true condition

21-05-2025T13:37:37 - [TEST_STEP][PASSED] - documentInformationScreen.backToHome(): null

21-05-2025T13:37:46 - [TEST_STEP][PASSED] - inComingDocument.checkItemInDocument(): null

21-05-2025T13:37:46 - [TEST_STEP][PASSED] - Start listener action : afterTest: null

21-05-2025T13:37:46 - [TEST_STEP][PASSED] - if (testCaseStatus != "PASSED"): Screenshot is taken

21-05-2025T13:37:46 - [TEST_STEP][PASSED] - takeScreenshot(ErrorScreen/$GlobalVariable.PLATFORM/$testCaseContext.getTestCaseId().png): Screenshot is taken

21-05-2025T13:37:46 - [MESSAGE][PASSED] - Screenshot is taken
[[ATTACHMENT|ErrorScreen/iOS/Test Cases/IPAPER APP/009 DUYET NHANH.png]]

21-05-2025T13:37:46 - [TEST_STEP][PASSED] - drivers.Driver.closeApp(): drivers.Driver.closeApp is PASSED

21-05-2025T13:37:47 - [MESSAGE][PASSED] - drivers.Driver.closeApp is PASSED

21-05-2025T13:37:47 - [TEST_STEP][PASSED] - if (tsContext == null): null]]></system-out>
         <system-err><![CDATA[21-05-2025T13:34:14 - [TEST_CASE][FAILED] - Test Cases/IPAPER APP/009 DUYET NHANH: Test Cases/IPAPER APP/009 DUYET NHANH FAILED.
Reason:
com.kms.katalon.core.exception.StepFailedException: Verify equals GUI: 21/05/2025 - DATA: 22/05/2025
	at com.kms.katalon.core.util.KeywordUtil.markFailed(KeywordUtil.java:19)
	at utilities.AssertUtilities.logResult(AssertUtilities.groovy:30)
	at utilities.AssertUtilities.checkEquals(AssertUtilities.groovy:11)
	at screens.DocumentInformationScreen.checkFinishDate(DocumentInformationScreen.groovy:139)
	at 009 DUYET NHANH.run(009 DUYET NHANH:103)
	at com.kms.katalon.core.main.ScriptEngine.run(ScriptEngine.java:194)
	at com.kms.katalon.core.main.ScriptEngine.runScriptAsRawText(ScriptEngine.java:119)
	at com.kms.katalon.core.main.TestCaseExecutor.runScript(TestCaseExecutor.java:448)
	at com.kms.katalon.core.main.TestCaseExecutor.doExecute(TestCaseExecutor.java:439)
	at com.kms.katalon.core.main.TestCaseExecutor.processExecutionPhase(TestCaseExecutor.java:418)
	at com.kms.katalon.core.main.TestCaseExecutor.accessMainPhase(TestCaseExecutor.java:410)
	at com.kms.katalon.core.main.TestCaseExecutor.execute(TestCaseExecutor.java:285)
	at com.kms.katalon.core.common.CommonExecutor.accessTestCaseMainPhase(CommonExecutor.java:65)
	at com.kms.katalon.core.main.TestSuiteExecutor.accessTestSuiteMainPhase(TestSuiteExecutor.java:150)
	at com.kms.katalon.core.main.TestSuiteExecutor.execute(TestSuiteExecutor.java:106)
	at com.kms.katalon.core.main.TestCaseMain.startTestSuite(TestCaseMain.java:180)
	at TempTestSuite1747808312062.run(TempTestSuite1747808312062.groovy:35)
	at java.base/jdk.internal.reflect.NativeMethodAccessorImpl.invoke0(Native Method)
	at java.base/jdk.internal.reflect.NativeMethodAccessorImpl.invoke(NativeMethodAccessorImpl.java:77)
	at java.base/jdk.internal.reflect.DelegatingMethodAccessorImpl.invoke(DelegatingMethodAccessorImpl.java:43)]]></system-err>
      </testcase>
      <testcase name="Test Cases/IPAPER APP/010 DUYET CO DIEU KIEN_NHAP Y KIEN" time="102.512" classname="Test Cases/IPAPER APP/010 DUYET CO DIEU KIEN_NHAP Y KIEN" status="ERROR">
         <error type="ERROR" message="Test Cases/IPAPER APP/010 DUYET CO DIEU KIEN_NHAP Y KIEN FAILED.&#xa;Reason:&#xa;org.openqa.selenium.NoSuchElementException: An element could not be located on the page using the given search parameters.&#xa;For documentation on this error, please visit: https://www.seleniumhq.org/exceptions/no_such_element.html&#xa;Build info: version: '3.141.59', revision: 'unknown', time: 'unknown'&#xa;System info: host: 'Cuong-Mac.local', ip: 'fe80:0:0:0:c43:6797:ebf2:3aad%en0', os.name: 'Mac OS X', os.arch: 'aarch64', os.version: '15.5', java.version: '17.0.7'&#xa;Driver info: io.appium.java_client.ios.IOSDriver&#xa;Capabilities {automationName: XCUITest, browserName: , databaseEnabled: false, fullReset: false, javascriptEnabled: true, locationContextEnabled: false, networkConnectionEnabled: false, noReset: true, platform: MAC, platformName: iOS, platformVersion: 18.4, takesScreenshot: true, udid: 00008110-000C10543443801E, webStorageEnabled: false}&#xa;Session ID: 01bfc3c6-5e13-4dc5-a0a0-9b9b6acbce73&#xa;*** Element info: {Using=xpath, value=//XCUIElementTypeStaticText[@name='Ý kiến']//parent::XCUIElementTypeOther//XCUIElementTypeTextView}&#xa;	at java.base/jdk.internal.reflect.NativeConstructorAccessorImpl.newInstance0(Native Method)&#xa;	at java.base/jdk.internal.reflect.NativeConstructorAccessorImpl.newInstance(NativeConstructorAccessorImpl.java:77)&#xa;	at java.base/jdk.internal.reflect.DelegatingConstructorAccessorImpl.newInstance(DelegatingConstructorAccessorImpl.java:45)&#xa;	at org.openqa.selenium.remote.http.W3CHttpResponseCodec.createException(W3CHttpResponseCodec.java:187)&#xa;	at org.openqa.selenium.remote.http.W3CHttpResponseCodec.decode(W3CHttpResponseCodec.java:122)&#xa;	at org.openqa.selenium.remote.http.W3CHttpResponseCodec.decode(W3CHttpResponseCodec.java:49)&#xa;	at org.openqa.selenium.remote.HttpCommandExecutor.execute(HttpCommandExecutor.java:158)&#xa;	at io.appium.java_client.remote.AppiumCommandExecutor.execute(AppiumCommandExecutor.java:239)&#xa;	at org.openqa.selenium.remote.RemoteWebDriver.execute(RemoteWebDriver.java:552)&#xa;	at io.appium.java_client.DefaultGenericMobileDriver.execute(DefaultGenericMobileDriver.java:42)&#xa;	at io.appium.java_client.AppiumDriver.execute(AppiumDriver.java:1)&#xa;	at io.appium.java_client.ios.IOSDriver.execute(IOSDriver.java:1)&#xa;	at org.openqa.selenium.remote.RemoteWebDriver.findElement(RemoteWebDriver.java:323)&#xa;	at io.appium.java_client.DefaultGenericMobileDriver.findElement(DefaultGenericMobileDriver.java:62)&#xa;	at io.appium.java_client.AppiumDriver.findElement(AppiumDriver.java:1)&#xa;	at io.appium.java_client.ios.IOSDriver.findElement(IOSDriver.java:1)&#xa;	at org.openqa.selenium.remote.RemoteWebDriver.findElementByXPath(RemoteWebDriver.java:428)&#xa;	at io.appium.java_client.DefaultGenericMobileDriver.findElementByXPath(DefaultGenericMobileDriver.java:152)&#xa;	at io.appium.java_client.AppiumDriver.findElementByXPath(AppiumDriver.java:1)&#xa;	at io.appium.java_client.ios.IOSDriver.findElementByXPath(IOSDriver.java:1)&#xa;	at org.openqa.selenium.By$ByXPath.findElement(By.java:353)&#xa;	at org.openqa.selenium.remote.RemoteWebDriver.findElement(RemoteWebDriver.java:315)&#xa;	at io.appium.java_client.DefaultGenericMobileDriver.findElement(DefaultGenericMobileDriver.java:58)&#xa;	at io.appium.java_client.AppiumDriver.findElement(AppiumDriver.java:1)&#xa;	at io.appium.java_client.ios.IOSDriver.findElement(IOSDriver.java:1)&#xa;	at base.BaseKeyword$Trait$Helper.inputText(BaseKeyword.groovy:63)&#xa;	at screens.PDFSignScreen.inputText(PDFSignScreen.groovy)&#xa;	at screens.PDFSignScreen.fillInOpinion(PDFSignScreen.groovy:165)&#xa;	at 010 DUYET CO DIEU KIEN_NHAP Y KIEN.run(010 DUYET CO DIEU KIEN_NHAP Y KIEN:45)&#xa;	at com.kms.katalon.core.main.ScriptEngine.run(ScriptEngine.java:194)&#xa;	at com.kms.katalon.core.main.ScriptEngine.runScriptAsRawText(ScriptEngine.java:119)&#xa;	at com.kms.katalon.core.main.TestCaseExecutor.runScript(TestCaseExecutor.java:448)&#xa;	at com.kms.katalon.core.main.TestCaseExecutor.doExecute(TestCaseExecutor.java:439)&#xa;	at com.kms.katalon.core.main.TestCaseExecutor.processExecutionPhase(TestCaseExecutor.java:418)&#xa;	at com.kms.katalon.core.main.TestCaseExecutor.accessMainPhase(TestCaseExecutor.java:410)&#xa;	at com.kms.katalon.core.main.TestCaseExecutor.execute(TestCaseExecutor.java:285)&#xa;	at com.kms.katalon.core.common.CommonExecutor.accessTestCaseMainPhase(CommonExecutor.java:65)&#xa;	at com.kms.katalon.core.main.TestSuiteExecutor.accessTestSuiteMainPhase(TestSuiteExecutor.java:150)&#xa;	at com.kms.katalon.core.main.TestSuiteExecutor.execute(TestSuiteExecutor.java:106)&#xa;	at com.kms.katalon.core.main.TestCaseMain.startTestSuite(TestCaseMain.java:180)&#xa;	at TempTestSuite1747808312062.run(TempTestSuite1747808312062.groovy:35)&#xa;	at java.base/jdk.internal.reflect.NativeMethodAccessorImpl.invoke0(Native Method)&#xa;	at java.base/jdk.internal.reflect.NativeMethodAccessorImpl.invoke(NativeMethodAccessorImpl.java:77)&#xa;	at java.base/jdk.internal.reflect.DelegatingMethodAccessorImpl.invoke(DelegatingMethodAccessorImpl.java:43)&#xa;"/>
         <system-out><![CDATA[21-05-2025T13:37:47 - [TEST_CASE][ERROR] - Test Cases/IPAPER APP/010 DUYET CO DIEU KIEN_NHAP Y KIEN: Test Cases/IPAPER APP/010 DUYET CO DIEU KIEN_NHAP Y KIEN FAILED.
Reason:
org.openqa.selenium.NoSuchElementException: An element could not be located on the page using the given search parameters.
For documentation on this error, please visit: https://www.seleniumhq.org/exceptions/no_such_element.html
Build info: version: '3.141.59', revision: 'unknown', time: 'unknown'
System info: host: 'Cuong-Mac.local', ip: 'fe80:0:0:0:c43:6797:ebf2:3aad%en0', os.name: 'Mac OS X', os.arch: 'aarch64', os.version: '15.5', java.version: '17.0.7'
Driver info: io.appium.java_client.ios.IOSDriver
Capabilities {automationName: XCUITest, browserName: , databaseEnabled: false, fullReset: false, javascriptEnabled: true, locationContextEnabled: false, networkConnectionEnabled: false, noReset: true, platform: MAC, platformName: iOS, platformVersion: 18.4, takesScreenshot: true, udid: 00008110-000C10543443801E, webStorageEnabled: false}
Session ID: 01bfc3c6-5e13-4dc5-a0a0-9b9b6acbce73
*** Element info: {Using=xpath, value=//XCUIElementTypeStaticText[@name='Ý kiến']//parent::XCUIElementTypeOther//XCUIElementTypeTextView}
	at java.base/jdk.internal.reflect.NativeConstructorAccessorImpl.newInstance0(Native Method)
	at java.base/jdk.internal.reflect.NativeConstructorAccessorImpl.newInstance(NativeConstructorAccessorImpl.java:77)
	at java.base/jdk.internal.reflect.DelegatingConstructorAccessorImpl.newInstance(DelegatingConstructorAccessorImpl.java:45)
	at org.openqa.selenium.remote.http.W3CHttpResponseCodec.createException(W3CHttpResponseCodec.java:187)
	at org.openqa.selenium.remote.http.W3CHttpResponseCodec.decode(W3CHttpResponseCodec.java:122)
	at org.openqa.selenium.remote.http.W3CHttpResponseCodec.decode(W3CHttpResponseCodec.java:49)
	at org.openqa.selenium.remote.HttpCommandExecutor.execute(HttpCommandExecutor.java:158)
	at io.appium.java_client.remote.AppiumCommandExecutor.execute(AppiumCommandExecutor.java:239)
	at org.openqa.selenium.remote.RemoteWebDriver.execute(RemoteWebDriver.java:552)
	at io.appium.java_client.DefaultGenericMobileDriver.execute(DefaultGenericMobileDriver.java:42)
	at io.appium.java_client.AppiumDriver.execute(AppiumDriver.java:1)
	at io.appium.java_client.ios.IOSDriver.execute(IOSDriver.java:1)
	at org.openqa.selenium.remote.RemoteWebDriver.findElement(RemoteWebDriver.java:323)
	at io.appium.java_client.DefaultGenericMobileDriver.findElement(DefaultGenericMobileDriver.java:62)
	at io.appium.java_client.AppiumDriver.findElement(AppiumDriver.java:1)
	at io.appium.java_client.ios.IOSDriver.findElement(IOSDriver.java:1)
	at org.openqa.selenium.remote.RemoteWebDriver.findElementByXPath(RemoteWebDriver.java:428)
	at io.appium.java_client.DefaultGenericMobileDriver.findElementByXPath(DefaultGenericMobileDriver.java:152)
	at io.appium.java_client.AppiumDriver.findElementByXPath(AppiumDriver.java:1)
	at io.appium.java_client.ios.IOSDriver.findElementByXPath(IOSDriver.java:1)
	at org.openqa.selenium.By$ByXPath.findElement(By.java:353)
	at org.openqa.selenium.remote.RemoteWebDriver.findElement(RemoteWebDriver.java:315)
	at io.appium.java_client.DefaultGenericMobileDriver.findElement(DefaultGenericMobileDriver.java:58)
	at io.appium.java_client.AppiumDriver.findElement(AppiumDriver.java:1)
	at io.appium.java_client.ios.IOSDriver.findElement(IOSDriver.java:1)
	at base.BaseKeyword$Trait$Helper.inputText(BaseKeyword.groovy:63)
	at screens.PDFSignScreen.inputText(PDFSignScreen.groovy)
	at screens.PDFSignScreen.fillInOpinion(PDFSignScreen.groovy:165)
	at 010 DUYET CO DIEU KIEN_NHAP Y KIEN.run(010 DUYET CO DIEU KIEN_NHAP Y KIEN:45)
	at com.kms.katalon.core.main.ScriptEngine.run(ScriptEngine.java:194)
	at com.kms.katalon.core.main.ScriptEngine.runScriptAsRawText(ScriptEngine.java:119)
	at com.kms.katalon.core.main.TestCaseExecutor.runScript(TestCaseExecutor.java:448)
	at com.kms.katalon.core.main.TestCaseExecutor.doExecute(TestCaseExecutor.java:439)
	at com.kms.katalon.core.main.TestCaseExecutor.processExecutionPhase(TestCaseExecutor.java:418)
	at com.kms.katalon.core.main.TestCaseExecutor.accessMainPhase(TestCaseExecutor.java:410)
	at com.kms.katalon.core.main.TestCaseExecutor.execute(TestCaseExecutor.java:285)
	at com.kms.katalon.core.common.CommonExecutor.accessTestCaseMainPhase(CommonExecutor.java:65)
	at com.kms.katalon.core.main.TestSuiteExecutor.accessTestSuiteMainPhase(TestSuiteExecutor.java:150)
	at com.kms.katalon.core.main.TestSuiteExecutor.execute(TestSuiteExecutor.java:106)
	at com.kms.katalon.core.main.TestCaseMain.startTestSuite(TestCaseMain.java:180)
	at TempTestSuite1747808312062.run(TempTestSuite1747808312062.groovy:35)
	at java.base/jdk.internal.reflect.NativeMethodAccessorImpl.invoke0(Native Method)
	at java.base/jdk.internal.reflect.NativeMethodAccessorImpl.invoke(NativeMethodAccessorImpl.java:77)
	at java.base/jdk.internal.reflect.DelegatingMethodAccessorImpl.invoke(DelegatingMethodAccessorImpl.java:43)


21-05-2025T13:37:47 - [TEST_STEP][PASSED] - Start listener action : beforeTest: drivers.Driver.openApp is PASSED

21-05-2025T13:37:47 - [TEST_STEP][PASSED] - DataTest.init(): null

21-05-2025T13:37:47 - [TEST_STEP][PASSED] - testCaseId = split("/").last(): null

21-05-2025T13:37:47 - [TEST_STEP][PASSED] - if (!(drivers.Driver.isAppiumRunning())): drivers.Driver.isAppiumRunning is PASSED

21-05-2025T13:37:47 - [MESSAGE][INFO] - Appium running: true

21-05-2025T13:37:47 - [MESSAGE][PASSED] - drivers.Driver.isAppiumRunning is PASSED

21-05-2025T13:37:47 - [TEST_STEP][PASSED] - if (driver == null || driver.getSessionId() == null): null

21-05-2025T13:37:47 - [TEST_STEP][PASSED] - drivers.Driver.openApp(): drivers.Driver.openApp is PASSED

21-05-2025T13:37:49 - [MESSAGE][PASSED] - drivers.Driver.openApp is PASSED

21-05-2025T13:37:49 - [TEST_STEP][PASSED] - REQUEST_NAME = "Trình ký PDF có sẵn": null

21-05-2025T13:37:49 - [TEST_STEP][PASSED] - QUICK_APPROVE_OPINION = "Duyệt nhanh có điều kiện": null

21-05-2025T13:37:49 - [TEST_STEP][PASSED] - auto5 = DataTest.getUserTest5(): null

21-05-2025T13:37:49 - [TEST_STEP][PASSED] - auto6 = DataTest.getUserTest6(): null

21-05-2025T13:37:49 - [TEST_STEP][PASSED] - document = DataTest.createDocumentTest(auto5, auto6, null, "dummy.pdf", "dummy.pdf"): null

21-05-2025T13:37:49 - [TEST_STEP][PASSED] - loginScreen.login(auto5): null

21-05-2025T13:37:59 - [TEST_STEP][PASSED] - homeScreen.openRequestList(): null

21-05-2025T13:38:00 - [TEST_STEP][PASSED] - homeScreen.createRequest(REQUEST_NAME): null

21-05-2025T13:38:03 - [TEST_STEP][PASSED] - pdfSignScreen.fillInTitle(document.getTitle()): null

21-05-2025T13:38:07 - [TEST_STEP][PASSED] - pdfSignScreen.selectPriority(document.getPriority()): null

21-05-2025T13:38:10 - [TEST_STEP][PASSED] - pdfSignScreen.selectTime(document.getTime()): null

21-05-2025T13:38:19 - [TEST_STEP][PASSED] - pdfSignScreen.fillInDescription(document.getDescription()): null

21-05-2025T13:38:23 - [TEST_STEP][PASSED] - pdfSignScreen.selectAssigner(getAssigner().getEmail()): null

21-05-2025T13:38:37 - [TEST_STEP][PASSED] - pdfSignScreen.openMainFileBrowser(): null

21-05-2025T13:38:39 - [TEST_STEP][PASSED] - fileBrowserScreen.attachFile(document.getMainFileName()): null

21-05-2025T13:38:48 - [TEST_STEP][PASSED] - pdfSignScreen.openSubFileBrowser(): null

21-05-2025T13:39:02 - [TEST_STEP][PASSED] - fileBrowserScreen.attachFile(document.getSubFileName()): null

21-05-2025T13:39:22 - [TEST_STEP][PASSED] - pdfSignScreen.performAction(SEND_APPROVE): null

21-05-2025T13:39:25 - [TEST_STEP][ERROR] - pdfSignScreen.fillInOpinion(document.getComment()): Test Cases/IPAPER APP/010 DUYET CO DIEU KIEN_NHAP Y KIEN FAILED.
Reason:
org.openqa.selenium.NoSuchElementException: An element could not be located on the page using the given search parameters.
For documentation on this error, please visit: https://www.seleniumhq.org/exceptions/no_such_element.html
Build info: version: '3.141.59', revision: 'unknown', time: 'unknown'
System info: host: 'Cuong-Mac.local', ip: 'fe80:0:0:0:c43:6797:ebf2:3aad%en0', os.name: 'Mac OS X', os.arch: 'aarch64', os.version: '15.5', java.version: '17.0.7'
Driver info: io.appium.java_client.ios.IOSDriver
Capabilities {automationName: XCUITest, browserName: , databaseEnabled: false, fullReset: false, javascriptEnabled: true, locationContextEnabled: false, networkConnectionEnabled: false, noReset: true, platform: MAC, platformName: iOS, platformVersion: 18.4, takesScreenshot: true, udid: 00008110-000C10543443801E, webStorageEnabled: false}
Session ID: 01bfc3c6-5e13-4dc5-a0a0-9b9b6acbce73
*** Element info: {Using=xpath, value=//XCUIElementTypeStaticText[@name='Ý kiến']//parent::XCUIElementTypeOther//XCUIElementTypeTextView}
	at java.base/jdk.internal.reflect.NativeConstructorAccessorImpl.newInstance0(Native Method)
	at java.base/jdk.internal.reflect.NativeConstructorAccessorImpl.newInstance(NativeConstructorAccessorImpl.java:77)
	at java.base/jdk.internal.reflect.DelegatingConstructorAccessorImpl.newInstance(DelegatingConstructorAccessorImpl.java:45)
	at org.openqa.selenium.remote.http.W3CHttpResponseCodec.createException(W3CHttpResponseCodec.java:187)
	at org.openqa.selenium.remote.http.W3CHttpResponseCodec.decode(W3CHttpResponseCodec.java:122)
	at org.openqa.selenium.remote.http.W3CHttpResponseCodec.decode(W3CHttpResponseCodec.java:49)
	at org.openqa.selenium.remote.HttpCommandExecutor.execute(HttpCommandExecutor.java:158)
	at io.appium.java_client.remote.AppiumCommandExecutor.execute(AppiumCommandExecutor.java:239)
	at org.openqa.selenium.remote.RemoteWebDriver.execute(RemoteWebDriver.java:552)
	at io.appium.java_client.DefaultGenericMobileDriver.execute(DefaultGenericMobileDriver.java:42)
	at io.appium.java_client.AppiumDriver.execute(AppiumDriver.java:1)
	at io.appium.java_client.ios.IOSDriver.execute(IOSDriver.java:1)
	at org.openqa.selenium.remote.RemoteWebDriver.findElement(RemoteWebDriver.java:323)
	at io.appium.java_client.DefaultGenericMobileDriver.findElement(DefaultGenericMobileDriver.java:62)
	at io.appium.java_client.AppiumDriver.findElement(AppiumDriver.java:1)
	at io.appium.java_client.ios.IOSDriver.findElement(IOSDriver.java:1)
	at org.openqa.selenium.remote.RemoteWebDriver.findElementByXPath(RemoteWebDriver.java:428)
	at io.appium.java_client.DefaultGenericMobileDriver.findElementByXPath(DefaultGenericMobileDriver.java:152)
	at io.appium.java_client.AppiumDriver.findElementByXPath(AppiumDriver.java:1)
	at io.appium.java_client.ios.IOSDriver.findElementByXPath(IOSDriver.java:1)
	at org.openqa.selenium.By$ByXPath.findElement(By.java:353)
	at org.openqa.selenium.remote.RemoteWebDriver.findElement(RemoteWebDriver.java:315)
	at io.appium.java_client.DefaultGenericMobileDriver.findElement(DefaultGenericMobileDriver.java:58)
	at io.appium.java_client.AppiumDriver.findElement(AppiumDriver.java:1)
	at io.appium.java_client.ios.IOSDriver.findElement(IOSDriver.java:1)
	at base.BaseKeyword$Trait$Helper.inputText(BaseKeyword.groovy:63)
	at screens.PDFSignScreen.inputText(PDFSignScreen.groovy)
	at screens.PDFSignScreen.fillInOpinion(PDFSignScreen.groovy:165)
	at 010 DUYET CO DIEU KIEN_NHAP Y KIEN.run(010 DUYET CO DIEU KIEN_NHAP Y KIEN:45)
	at com.kms.katalon.core.main.ScriptEngine.run(ScriptEngine.java:194)
	at com.kms.katalon.core.main.ScriptEngine.runScriptAsRawText(ScriptEngine.java:119)
	at com.kms.katalon.core.main.TestCaseExecutor.runScript(TestCaseExecutor.java:448)
	at com.kms.katalon.core.main.TestCaseExecutor.doExecute(TestCaseExecutor.java:439)
	at com.kms.katalon.core.main.TestCaseExecutor.processExecutionPhase(TestCaseExecutor.java:418)
	at com.kms.katalon.core.main.TestCaseExecutor.accessMainPhase(TestCaseExecutor.java:410)
	at com.kms.katalon.core.main.TestCaseExecutor.execute(TestCaseExecutor.java:285)
	at com.kms.katalon.core.common.CommonExecutor.accessTestCaseMainPhase(CommonExecutor.java:65)
	at com.kms.katalon.core.main.TestSuiteExecutor.accessTestSuiteMainPhase(TestSuiteExecutor.java:150)
	at com.kms.katalon.core.main.TestSuiteExecutor.execute(TestSuiteExecutor.java:106)
	at com.kms.katalon.core.main.TestCaseMain.startTestSuite(TestCaseMain.java:180)
	at TempTestSuite1747808312062.run(TempTestSuite1747808312062.groovy:35)
	at java.base/jdk.internal.reflect.NativeMethodAccessorImpl.invoke0(Native Method)
	at java.base/jdk.internal.reflect.NativeMethodAccessorImpl.invoke(NativeMethodAccessorImpl.java:77)
	at java.base/jdk.internal.reflect.DelegatingMethodAccessorImpl.invoke(DelegatingMethodAccessorImpl.java:43)


21-05-2025T13:39:29 - [MESSAGE][ERROR] - Test Cases/IPAPER APP/010 DUYET CO DIEU KIEN_NHAP Y KIEN FAILED.
Reason:
org.openqa.selenium.NoSuchElementException: An element could not be located on the page using the given search parameters.
For documentation on this error, please visit: https://www.seleniumhq.org/exceptions/no_such_element.html
Build info: version: '3.141.59', revision: 'unknown', time: 'unknown'
System info: host: 'Cuong-Mac.local', ip: 'fe80:0:0:0:c43:6797:ebf2:3aad%en0', os.name: 'Mac OS X', os.arch: 'aarch64', os.version: '15.5', java.version: '17.0.7'
Driver info: io.appium.java_client.ios.IOSDriver
Capabilities {automationName: XCUITest, browserName: , databaseEnabled: false, fullReset: false, javascriptEnabled: true, locationContextEnabled: false, networkConnectionEnabled: false, noReset: true, platform: MAC, platformName: iOS, platformVersion: 18.4, takesScreenshot: true, udid: 00008110-000C10543443801E, webStorageEnabled: false}
Session ID: 01bfc3c6-5e13-4dc5-a0a0-9b9b6acbce73
*** Element info: {Using=xpath, value=//XCUIElementTypeStaticText[@name='Ý kiến']//parent::XCUIElementTypeOther//XCUIElementTypeTextView}
	at java.base/jdk.internal.reflect.NativeConstructorAccessorImpl.newInstance0(Native Method)
	at java.base/jdk.internal.reflect.NativeConstructorAccessorImpl.newInstance(NativeConstructorAccessorImpl.java:77)
	at java.base/jdk.internal.reflect.DelegatingConstructorAccessorImpl.newInstance(DelegatingConstructorAccessorImpl.java:45)
	at org.openqa.selenium.remote.http.W3CHttpResponseCodec.createException(W3CHttpResponseCodec.java:187)
	at org.openqa.selenium.remote.http.W3CHttpResponseCodec.decode(W3CHttpResponseCodec.java:122)
	at org.openqa.selenium.remote.http.W3CHttpResponseCodec.decode(W3CHttpResponseCodec.java:49)
	at org.openqa.selenium.remote.HttpCommandExecutor.execute(HttpCommandExecutor.java:158)
	at io.appium.java_client.remote.AppiumCommandExecutor.execute(AppiumCommandExecutor.java:239)
	at org.openqa.selenium.remote.RemoteWebDriver.execute(RemoteWebDriver.java:552)
	at io.appium.java_client.DefaultGenericMobileDriver.execute(DefaultGenericMobileDriver.java:42)
	at io.appium.java_client.AppiumDriver.execute(AppiumDriver.java:1)
	at io.appium.java_client.ios.IOSDriver.execute(IOSDriver.java:1)
	at org.openqa.selenium.remote.RemoteWebDriver.findElement(RemoteWebDriver.java:323)
	at io.appium.java_client.DefaultGenericMobileDriver.findElement(DefaultGenericMobileDriver.java:62)
	at io.appium.java_client.AppiumDriver.findElement(AppiumDriver.java:1)
	at io.appium.java_client.ios.IOSDriver.findElement(IOSDriver.java:1)
	at org.openqa.selenium.remote.RemoteWebDriver.findElementByXPath(RemoteWebDriver.java:428)
	at io.appium.java_client.DefaultGenericMobileDriver.findElementByXPath(DefaultGenericMobileDriver.java:152)
	at io.appium.java_client.AppiumDriver.findElementByXPath(AppiumDriver.java:1)
	at io.appium.java_client.ios.IOSDriver.findElementByXPath(IOSDriver.java:1)
	at org.openqa.selenium.By$ByXPath.findElement(By.java:353)
	at org.openqa.selenium.remote.RemoteWebDriver.findElement(RemoteWebDriver.java:315)
	at io.appium.java_client.DefaultGenericMobileDriver.findElement(DefaultGenericMobileDriver.java:58)
	at io.appium.java_client.AppiumDriver.findElement(AppiumDriver.java:1)
	at io.appium.java_client.ios.IOSDriver.findElement(IOSDriver.java:1)
	at base.BaseKeyword$Trait$Helper.inputText(BaseKeyword.groovy:63)
	at screens.PDFSignScreen.inputText(PDFSignScreen.groovy)
	at screens.PDFSignScreen.fillInOpinion(PDFSignScreen.groovy:165)
	at 010 DUYET CO DIEU KIEN_NHAP Y KIEN.run(010 DUYET CO DIEU KIEN_NHAP Y KIEN:45)
	at com.kms.katalon.core.main.ScriptEngine.run(ScriptEngine.java:194)
	at com.kms.katalon.core.main.ScriptEngine.runScriptAsRawText(ScriptEngine.java:119)
	at com.kms.katalon.core.main.TestCaseExecutor.runScript(TestCaseExecutor.java:448)
	at com.kms.katalon.core.main.TestCaseExecutor.doExecute(TestCaseExecutor.java:439)
	at com.kms.katalon.core.main.TestCaseExecutor.processExecutionPhase(TestCaseExecutor.java:418)
	at com.kms.katalon.core.main.TestCaseExecutor.accessMainPhase(TestCaseExecutor.java:410)
	at com.kms.katalon.core.main.TestCaseExecutor.execute(TestCaseExecutor.java:285)
	at com.kms.katalon.core.common.CommonExecutor.accessTestCaseMainPhase(CommonExecutor.java:65)
	at com.kms.katalon.core.main.TestSuiteExecutor.accessTestSuiteMainPhase(TestSuiteExecutor.java:150)
	at com.kms.katalon.core.main.TestSuiteExecutor.execute(TestSuiteExecutor.java:106)
	at com.kms.katalon.core.main.TestCaseMain.startTestSuite(TestCaseMain.java:180)
	at TempTestSuite1747808312062.run(TempTestSuite1747808312062.groovy:35)
	at java.base/jdk.internal.reflect.NativeMethodAccessorImpl.invoke0(Native Method)
	at java.base/jdk.internal.reflect.NativeMethodAccessorImpl.invoke(NativeMethodAccessorImpl.java:77)
	at java.base/jdk.internal.reflect.DelegatingMethodAccessorImpl.invoke(DelegatingMethodAccessorImpl.java:43)


21-05-2025T13:39:29 - [TEST_STEP][PASSED] - Start listener action : afterTest: null

21-05-2025T13:39:29 - [TEST_STEP][PASSED] - if (testCaseStatus != "PASSED"): Screenshot is taken

21-05-2025T13:39:29 - [TEST_STEP][PASSED] - takeScreenshot(ErrorScreen/$GlobalVariable.PLATFORM/$testCaseContext.getTestCaseId().png): Screenshot is taken

21-05-2025T13:39:29 - [MESSAGE][PASSED] - Screenshot is taken
[[ATTACHMENT|ErrorScreen/iOS/Test Cases/IPAPER APP/010 DUYET CO DIEU KIEN_NHAP Y KIEN.png]]

21-05-2025T13:39:29 - [TEST_STEP][PASSED] - drivers.Driver.closeApp(): drivers.Driver.closeApp is PASSED

21-05-2025T13:39:30 - [MESSAGE][PASSED] - drivers.Driver.closeApp is PASSED

21-05-2025T13:39:30 - [TEST_STEP][PASSED] - if (tsContext == null): null]]></system-out>
         <system-err><![CDATA[21-05-2025T13:37:47 - [TEST_CASE][ERROR] - Test Cases/IPAPER APP/010 DUYET CO DIEU KIEN_NHAP Y KIEN: Test Cases/IPAPER APP/010 DUYET CO DIEU KIEN_NHAP Y KIEN FAILED.
Reason:
org.openqa.selenium.NoSuchElementException: An element could not be located on the page using the given search parameters.
For documentation on this error, please visit: https://www.seleniumhq.org/exceptions/no_such_element.html
Build info: version: '3.141.59', revision: 'unknown', time: 'unknown'
System info: host: 'Cuong-Mac.local', ip: 'fe80:0:0:0:c43:6797:ebf2:3aad%en0', os.name: 'Mac OS X', os.arch: 'aarch64', os.version: '15.5', java.version: '17.0.7'
Driver info: io.appium.java_client.ios.IOSDriver
Capabilities {automationName: XCUITest, browserName: , databaseEnabled: false, fullReset: false, javascriptEnabled: true, locationContextEnabled: false, networkConnectionEnabled: false, noReset: true, platform: MAC, platformName: iOS, platformVersion: 18.4, takesScreenshot: true, udid: 00008110-000C10543443801E, webStorageEnabled: false}
Session ID: 01bfc3c6-5e13-4dc5-a0a0-9b9b6acbce73
*** Element info: {Using=xpath, value=//XCUIElementTypeStaticText[@name='Ý kiến']//parent::XCUIElementTypeOther//XCUIElementTypeTextView}
	at java.base/jdk.internal.reflect.NativeConstructorAccessorImpl.newInstance0(Native Method)
	at java.base/jdk.internal.reflect.NativeConstructorAccessorImpl.newInstance(NativeConstructorAccessorImpl.java:77)
	at java.base/jdk.internal.reflect.DelegatingConstructorAccessorImpl.newInstance(DelegatingConstructorAccessorImpl.java:45)
	at org.openqa.selenium.remote.http.W3CHttpResponseCodec.createException(W3CHttpResponseCodec.java:187)
	at org.openqa.selenium.remote.http.W3CHttpResponseCodec.decode(W3CHttpResponseCodec.java:122)
	at org.openqa.selenium.remote.http.W3CHttpResponseCodec.decode(W3CHttpResponseCodec.java:49)
	at org.openqa.selenium.remote.HttpCommandExecutor.execute(HttpCommandExecutor.java:158)
	at io.appium.java_client.remote.AppiumCommandExecutor.execute(AppiumCommandExecutor.java:239)
	at org.openqa.selenium.remote.RemoteWebDriver.execute(RemoteWebDriver.java:552)
	at io.appium.java_client.DefaultGenericMobileDriver.execute(DefaultGenericMobileDriver.java:42)
	at io.appium.java_client.AppiumDriver.execute(AppiumDriver.java:1)
	at io.appium.java_client.ios.IOSDriver.execute(IOSDriver.java:1)
	at org.openqa.selenium.remote.RemoteWebDriver.findElement(RemoteWebDriver.java:323)
	at io.appium.java_client.DefaultGenericMobileDriver.findElement(DefaultGenericMobileDriver.java:62)
	at io.appium.java_client.AppiumDriver.findElement(AppiumDriver.java:1)
	at io.appium.java_client.ios.IOSDriver.findElement(IOSDriver.java:1)
	at org.openqa.selenium.remote.RemoteWebDriver.findElementByXPath(RemoteWebDriver.java:428)
	at io.appium.java_client.DefaultGenericMobileDriver.findElementByXPath(DefaultGenericMobileDriver.java:152)
	at io.appium.java_client.AppiumDriver.findElementByXPath(AppiumDriver.java:1)
	at io.appium.java_client.ios.IOSDriver.findElementByXPath(IOSDriver.java:1)
	at org.openqa.selenium.By$ByXPath.findElement(By.java:353)
	at org.openqa.selenium.remote.RemoteWebDriver.findElement(RemoteWebDriver.java:315)
	at io.appium.java_client.DefaultGenericMobileDriver.findElement(DefaultGenericMobileDriver.java:58)
	at io.appium.java_client.AppiumDriver.findElement(AppiumDriver.java:1)
	at io.appium.java_client.ios.IOSDriver.findElement(IOSDriver.java:1)
	at base.BaseKeyword$Trait$Helper.inputText(BaseKeyword.groovy:63)
	at screens.PDFSignScreen.inputText(PDFSignScreen.groovy)
	at screens.PDFSignScreen.fillInOpinion(PDFSignScreen.groovy:165)
	at 010 DUYET CO DIEU KIEN_NHAP Y KIEN.run(010 DUYET CO DIEU KIEN_NHAP Y KIEN:45)
	at com.kms.katalon.core.main.ScriptEngine.run(ScriptEngine.java:194)
	at com.kms.katalon.core.main.ScriptEngine.runScriptAsRawText(ScriptEngine.java:119)
	at com.kms.katalon.core.main.TestCaseExecutor.runScript(TestCaseExecutor.java:448)
	at com.kms.katalon.core.main.TestCaseExecutor.doExecute(TestCaseExecutor.java:439)
	at com.kms.katalon.core.main.TestCaseExecutor.processExecutionPhase(TestCaseExecutor.java:418)
	at com.kms.katalon.core.main.TestCaseExecutor.accessMainPhase(TestCaseExecutor.java:410)
	at com.kms.katalon.core.main.TestCaseExecutor.execute(TestCaseExecutor.java:285)
	at com.kms.katalon.core.common.CommonExecutor.accessTestCaseMainPhase(CommonExecutor.java:65)
	at com.kms.katalon.core.main.TestSuiteExecutor.accessTestSuiteMainPhase(TestSuiteExecutor.java:150)
	at com.kms.katalon.core.main.TestSuiteExecutor.execute(TestSuiteExecutor.java:106)
	at com.kms.katalon.core.main.TestCaseMain.startTestSuite(TestCaseMain.java:180)
	at TempTestSuite1747808312062.run(TempTestSuite1747808312062.groovy:35)
	at java.base/jdk.internal.reflect.NativeMethodAccessorImpl.invoke0(Native Method)
	at java.base/jdk.internal.reflect.NativeMethodAccessorImpl.invoke(NativeMethodAccessorImpl.java:77)
	at java.base/jdk.internal.reflect.DelegatingMethodAccessorImpl.invoke(DelegatingMethodAccessorImpl.java:43)]]></system-err>
      </testcase>
      <testcase name="Test Cases/IPAPER APP/011 DUYET CO DIEU KIEN_KHONG NHAP Y KIEN" time="26.804" classname="Test Cases/IPAPER APP/011 DUYET CO DIEU KIEN_KHONG NHAP Y KIEN" status="ERROR">
         <error type="ERROR" message="Test Cases/IPAPER APP/011 DUYET CO DIEU KIEN_KHONG NHAP Y KIEN FAILED.&#xa;Reason:&#xa;org.openqa.selenium.NoSuchElementException: An element could not be located on the page using the given search parameters.&#xa;For documentation on this error, please visit: https://www.seleniumhq.org/exceptions/no_such_element.html&#xa;Build info: version: '3.141.59', revision: 'unknown', time: 'unknown'&#xa;System info: host: 'Cuong-Mac.local', ip: 'fe80:0:0:0:c43:6797:ebf2:3aad%en0', os.name: 'Mac OS X', os.arch: 'aarch64', os.version: '15.5', java.version: '17.0.7'&#xa;Driver info: io.appium.java_client.ios.IOSDriver&#xa;Capabilities {automationName: XCUITest, browserName: , databaseEnabled: false, fullReset: false, javascriptEnabled: true, locationContextEnabled: false, networkConnectionEnabled: false, noReset: true, platform: MAC, platformName: iOS, platformVersion: 18.4, takesScreenshot: true, udid: 00008110-000C10543443801E, webStorageEnabled: false}&#xa;Session ID: 01bfc3c6-5e13-4dc5-a0a0-9b9b6acbce73&#xa;*** Element info: {Using=xpath, value=//XCUIElementTypeImage[@name='ic_add']}&#xa;	at java.base/jdk.internal.reflect.NativeConstructorAccessorImpl.newInstance0(Native Method)&#xa;	at java.base/jdk.internal.reflect.NativeConstructorAccessorImpl.newInstance(NativeConstructorAccessorImpl.java:77)&#xa;	at java.base/jdk.internal.reflect.DelegatingConstructorAccessorImpl.newInstance(DelegatingConstructorAccessorImpl.java:45)&#xa;	at org.openqa.selenium.remote.http.W3CHttpResponseCodec.createException(W3CHttpResponseCodec.java:187)&#xa;	at org.openqa.selenium.remote.http.W3CHttpResponseCodec.decode(W3CHttpResponseCodec.java:122)&#xa;	at org.openqa.selenium.remote.http.W3CHttpResponseCodec.decode(W3CHttpResponseCodec.java:49)&#xa;	at org.openqa.selenium.remote.HttpCommandExecutor.execute(HttpCommandExecutor.java:158)&#xa;	at io.appium.java_client.remote.AppiumCommandExecutor.execute(AppiumCommandExecutor.java:239)&#xa;	at org.openqa.selenium.remote.RemoteWebDriver.execute(RemoteWebDriver.java:552)&#xa;	at io.appium.java_client.DefaultGenericMobileDriver.execute(DefaultGenericMobileDriver.java:42)&#xa;	at io.appium.java_client.AppiumDriver.execute(AppiumDriver.java:1)&#xa;	at io.appium.java_client.ios.IOSDriver.execute(IOSDriver.java:1)&#xa;	at org.openqa.selenium.remote.RemoteWebDriver.findElement(RemoteWebDriver.java:323)&#xa;	at io.appium.java_client.DefaultGenericMobileDriver.findElement(DefaultGenericMobileDriver.java:62)&#xa;	at io.appium.java_client.AppiumDriver.findElement(AppiumDriver.java:1)&#xa;	at io.appium.java_client.ios.IOSDriver.findElement(IOSDriver.java:1)&#xa;	at org.openqa.selenium.remote.RemoteWebDriver.findElementByXPath(RemoteWebDriver.java:428)&#xa;	at io.appium.java_client.DefaultGenericMobileDriver.findElementByXPath(DefaultGenericMobileDriver.java:152)&#xa;	at io.appium.java_client.AppiumDriver.findElementByXPath(AppiumDriver.java:1)&#xa;	at io.appium.java_client.ios.IOSDriver.findElementByXPath(IOSDriver.java:1)&#xa;	at org.openqa.selenium.By$ByXPath.findElement(By.java:353)&#xa;	at org.openqa.selenium.remote.RemoteWebDriver.findElement(RemoteWebDriver.java:315)&#xa;	at io.appium.java_client.DefaultGenericMobileDriver.findElement(DefaultGenericMobileDriver.java:58)&#xa;	at io.appium.java_client.AppiumDriver.findElement(AppiumDriver.java:1)&#xa;	at io.appium.java_client.ios.IOSDriver.findElement(IOSDriver.java:1)&#xa;	at base.BaseKeyword$Trait$Helper.clickToElement(BaseKeyword.groovy:88)&#xa;	at screens.HomeScreen.clickToElement(HomeScreen.groovy)&#xa;	at screens.HomeScreen.openRequestList(HomeScreen.groovy:84)&#xa;	at 011 DUYET CO DIEU KIEN_KHONG NHAP Y KIEN.run(011 DUYET CO DIEU KIEN_KHONG NHAP Y KIEN:21)&#xa;	at com.kms.katalon.core.main.ScriptEngine.run(ScriptEngine.java:194)&#xa;	at com.kms.katalon.core.main.ScriptEngine.runScriptAsRawText(ScriptEngine.java:119)&#xa;	at com.kms.katalon.core.main.TestCaseExecutor.runScript(TestCaseExecutor.java:448)&#xa;	at com.kms.katalon.core.main.TestCaseExecutor.doExecute(TestCaseExecutor.java:439)&#xa;	at com.kms.katalon.core.main.TestCaseExecutor.processExecutionPhase(TestCaseExecutor.java:418)&#xa;	at com.kms.katalon.core.main.TestCaseExecutor.accessMainPhase(TestCaseExecutor.java:410)&#xa;	at com.kms.katalon.core.main.TestCaseExecutor.execute(TestCaseExecutor.java:285)&#xa;	at com.kms.katalon.core.common.CommonExecutor.accessTestCaseMainPhase(CommonExecutor.java:65)&#xa;	at com.kms.katalon.core.main.TestSuiteExecutor.accessTestSuiteMainPhase(TestSuiteExecutor.java:150)&#xa;	at com.kms.katalon.core.main.TestSuiteExecutor.execute(TestSuiteExecutor.java:106)&#xa;	at com.kms.katalon.core.main.TestCaseMain.startTestSuite(TestCaseMain.java:180)&#xa;	at TempTestSuite1747808312062.run(TempTestSuite1747808312062.groovy:35)&#xa;	at java.base/jdk.internal.reflect.NativeMethodAccessorImpl.invoke0(Native Method)&#xa;	at java.base/jdk.internal.reflect.NativeMethodAccessorImpl.invoke(NativeMethodAccessorImpl.java:77)&#xa;	at java.base/jdk.internal.reflect.DelegatingMethodAccessorImpl.invoke(DelegatingMethodAccessorImpl.java:43)&#xa;"/>
         <system-out><![CDATA[21-05-2025T13:39:30 - [TEST_CASE][ERROR] - Test Cases/IPAPER APP/011 DUYET CO DIEU KIEN_KHONG NHAP Y KIEN: Test Cases/IPAPER APP/011 DUYET CO DIEU KIEN_KHONG NHAP Y KIEN FAILED.
Reason:
org.openqa.selenium.NoSuchElementException: An element could not be located on the page using the given search parameters.
For documentation on this error, please visit: https://www.seleniumhq.org/exceptions/no_such_element.html
Build info: version: '3.141.59', revision: 'unknown', time: 'unknown'
System info: host: 'Cuong-Mac.local', ip: 'fe80:0:0:0:c43:6797:ebf2:3aad%en0', os.name: 'Mac OS X', os.arch: 'aarch64', os.version: '15.5', java.version: '17.0.7'
Driver info: io.appium.java_client.ios.IOSDriver
Capabilities {automationName: XCUITest, browserName: , databaseEnabled: false, fullReset: false, javascriptEnabled: true, locationContextEnabled: false, networkConnectionEnabled: false, noReset: true, platform: MAC, platformName: iOS, platformVersion: 18.4, takesScreenshot: true, udid: 00008110-000C10543443801E, webStorageEnabled: false}
Session ID: 01bfc3c6-5e13-4dc5-a0a0-9b9b6acbce73
*** Element info: {Using=xpath, value=//XCUIElementTypeImage[@name='ic_add']}
	at java.base/jdk.internal.reflect.NativeConstructorAccessorImpl.newInstance0(Native Method)
	at java.base/jdk.internal.reflect.NativeConstructorAccessorImpl.newInstance(NativeConstructorAccessorImpl.java:77)
	at java.base/jdk.internal.reflect.DelegatingConstructorAccessorImpl.newInstance(DelegatingConstructorAccessorImpl.java:45)
	at org.openqa.selenium.remote.http.W3CHttpResponseCodec.createException(W3CHttpResponseCodec.java:187)
	at org.openqa.selenium.remote.http.W3CHttpResponseCodec.decode(W3CHttpResponseCodec.java:122)
	at org.openqa.selenium.remote.http.W3CHttpResponseCodec.decode(W3CHttpResponseCodec.java:49)
	at org.openqa.selenium.remote.HttpCommandExecutor.execute(HttpCommandExecutor.java:158)
	at io.appium.java_client.remote.AppiumCommandExecutor.execute(AppiumCommandExecutor.java:239)
	at org.openqa.selenium.remote.RemoteWebDriver.execute(RemoteWebDriver.java:552)
	at io.appium.java_client.DefaultGenericMobileDriver.execute(DefaultGenericMobileDriver.java:42)
	at io.appium.java_client.AppiumDriver.execute(AppiumDriver.java:1)
	at io.appium.java_client.ios.IOSDriver.execute(IOSDriver.java:1)
	at org.openqa.selenium.remote.RemoteWebDriver.findElement(RemoteWebDriver.java:323)
	at io.appium.java_client.DefaultGenericMobileDriver.findElement(DefaultGenericMobileDriver.java:62)
	at io.appium.java_client.AppiumDriver.findElement(AppiumDriver.java:1)
	at io.appium.java_client.ios.IOSDriver.findElement(IOSDriver.java:1)
	at org.openqa.selenium.remote.RemoteWebDriver.findElementByXPath(RemoteWebDriver.java:428)
	at io.appium.java_client.DefaultGenericMobileDriver.findElementByXPath(DefaultGenericMobileDriver.java:152)
	at io.appium.java_client.AppiumDriver.findElementByXPath(AppiumDriver.java:1)
	at io.appium.java_client.ios.IOSDriver.findElementByXPath(IOSDriver.java:1)
	at org.openqa.selenium.By$ByXPath.findElement(By.java:353)
	at org.openqa.selenium.remote.RemoteWebDriver.findElement(RemoteWebDriver.java:315)
	at io.appium.java_client.DefaultGenericMobileDriver.findElement(DefaultGenericMobileDriver.java:58)
	at io.appium.java_client.AppiumDriver.findElement(AppiumDriver.java:1)
	at io.appium.java_client.ios.IOSDriver.findElement(IOSDriver.java:1)
	at base.BaseKeyword$Trait$Helper.clickToElement(BaseKeyword.groovy:88)
	at screens.HomeScreen.clickToElement(HomeScreen.groovy)
	at screens.HomeScreen.openRequestList(HomeScreen.groovy:84)
	at 011 DUYET CO DIEU KIEN_KHONG NHAP Y KIEN.run(011 DUYET CO DIEU KIEN_KHONG NHAP Y KIEN:21)
	at com.kms.katalon.core.main.ScriptEngine.run(ScriptEngine.java:194)
	at com.kms.katalon.core.main.ScriptEngine.runScriptAsRawText(ScriptEngine.java:119)
	at com.kms.katalon.core.main.TestCaseExecutor.runScript(TestCaseExecutor.java:448)
	at com.kms.katalon.core.main.TestCaseExecutor.doExecute(TestCaseExecutor.java:439)
	at com.kms.katalon.core.main.TestCaseExecutor.processExecutionPhase(TestCaseExecutor.java:418)
	at com.kms.katalon.core.main.TestCaseExecutor.accessMainPhase(TestCaseExecutor.java:410)
	at com.kms.katalon.core.main.TestCaseExecutor.execute(TestCaseExecutor.java:285)
	at com.kms.katalon.core.common.CommonExecutor.accessTestCaseMainPhase(CommonExecutor.java:65)
	at com.kms.katalon.core.main.TestSuiteExecutor.accessTestSuiteMainPhase(TestSuiteExecutor.java:150)
	at com.kms.katalon.core.main.TestSuiteExecutor.execute(TestSuiteExecutor.java:106)
	at com.kms.katalon.core.main.TestCaseMain.startTestSuite(TestCaseMain.java:180)
	at TempTestSuite1747808312062.run(TempTestSuite1747808312062.groovy:35)
	at java.base/jdk.internal.reflect.NativeMethodAccessorImpl.invoke0(Native Method)
	at java.base/jdk.internal.reflect.NativeMethodAccessorImpl.invoke(NativeMethodAccessorImpl.java:77)
	at java.base/jdk.internal.reflect.DelegatingMethodAccessorImpl.invoke(DelegatingMethodAccessorImpl.java:43)


21-05-2025T13:39:30 - [TEST_STEP][PASSED] - Start listener action : beforeTest: drivers.Driver.openApp is PASSED

21-05-2025T13:39:30 - [TEST_STEP][PASSED] - DataTest.init(): null

21-05-2025T13:39:30 - [TEST_STEP][PASSED] - testCaseId = split("/").last(): null

21-05-2025T13:39:30 - [TEST_STEP][PASSED] - if (!(drivers.Driver.isAppiumRunning())): drivers.Driver.isAppiumRunning is PASSED

21-05-2025T13:39:30 - [MESSAGE][INFO] - Appium running: true

21-05-2025T13:39:30 - [MESSAGE][PASSED] - drivers.Driver.isAppiumRunning is PASSED

21-05-2025T13:39:30 - [TEST_STEP][PASSED] - if (driver == null || driver.getSessionId() == null): null

21-05-2025T13:39:30 - [TEST_STEP][PASSED] - drivers.Driver.openApp(): drivers.Driver.openApp is PASSED

21-05-2025T13:39:31 - [MESSAGE][PASSED] - drivers.Driver.openApp is PASSED

21-05-2025T13:39:31 - [TEST_STEP][PASSED] - REQUEST_NAME = "Trình ký PDF có sẵn": null

21-05-2025T13:39:31 - [TEST_STEP][PASSED] - QUICK_APPROVE_OPINION = "Không có bình luận": null

21-05-2025T13:39:31 - [TEST_STEP][PASSED] - auto5 = DataTest.getUserTest5(): null

21-05-2025T13:39:31 - [TEST_STEP][PASSED] - auto6 = DataTest.getUserTest6(): null

21-05-2025T13:39:31 - [TEST_STEP][PASSED] - document = DataTest.createDocumentTest(auto5, auto6, null, "dummy.pdf", "dummy.pdf"): null

21-05-2025T13:39:31 - [TEST_STEP][PASSED] - loginScreen.login(auto5): null

21-05-2025T13:39:52 - [TEST_STEP][ERROR] - homeScreen.openRequestList(): Test Cases/IPAPER APP/011 DUYET CO DIEU KIEN_KHONG NHAP Y KIEN FAILED.
Reason:
org.openqa.selenium.NoSuchElementException: An element could not be located on the page using the given search parameters.
For documentation on this error, please visit: https://www.seleniumhq.org/exceptions/no_such_element.html
Build info: version: '3.141.59', revision: 'unknown', time: 'unknown'
System info: host: 'Cuong-Mac.local', ip: 'fe80:0:0:0:c43:6797:ebf2:3aad%en0', os.name: 'Mac OS X', os.arch: 'aarch64', os.version: '15.5', java.version: '17.0.7'
Driver info: io.appium.java_client.ios.IOSDriver
Capabilities {automationName: XCUITest, browserName: , databaseEnabled: false, fullReset: false, javascriptEnabled: true, locationContextEnabled: false, networkConnectionEnabled: false, noReset: true, platform: MAC, platformName: iOS, platformVersion: 18.4, takesScreenshot: true, udid: 00008110-000C10543443801E, webStorageEnabled: false}
Session ID: 01bfc3c6-5e13-4dc5-a0a0-9b9b6acbce73
*** Element info: {Using=xpath, value=//XCUIElementTypeImage[@name='ic_add']}
	at java.base/jdk.internal.reflect.NativeConstructorAccessorImpl.newInstance0(Native Method)
	at java.base/jdk.internal.reflect.NativeConstructorAccessorImpl.newInstance(NativeConstructorAccessorImpl.java:77)
	at java.base/jdk.internal.reflect.DelegatingConstructorAccessorImpl.newInstance(DelegatingConstructorAccessorImpl.java:45)
	at org.openqa.selenium.remote.http.W3CHttpResponseCodec.createException(W3CHttpResponseCodec.java:187)
	at org.openqa.selenium.remote.http.W3CHttpResponseCodec.decode(W3CHttpResponseCodec.java:122)
	at org.openqa.selenium.remote.http.W3CHttpResponseCodec.decode(W3CHttpResponseCodec.java:49)
	at org.openqa.selenium.remote.HttpCommandExecutor.execute(HttpCommandExecutor.java:158)
	at io.appium.java_client.remote.AppiumCommandExecutor.execute(AppiumCommandExecutor.java:239)
	at org.openqa.selenium.remote.RemoteWebDriver.execute(RemoteWebDriver.java:552)
	at io.appium.java_client.DefaultGenericMobileDriver.execute(DefaultGenericMobileDriver.java:42)
	at io.appium.java_client.AppiumDriver.execute(AppiumDriver.java:1)
	at io.appium.java_client.ios.IOSDriver.execute(IOSDriver.java:1)
	at org.openqa.selenium.remote.RemoteWebDriver.findElement(RemoteWebDriver.java:323)
	at io.appium.java_client.DefaultGenericMobileDriver.findElement(DefaultGenericMobileDriver.java:62)
	at io.appium.java_client.AppiumDriver.findElement(AppiumDriver.java:1)
	at io.appium.java_client.ios.IOSDriver.findElement(IOSDriver.java:1)
	at org.openqa.selenium.remote.RemoteWebDriver.findElementByXPath(RemoteWebDriver.java:428)
	at io.appium.java_client.DefaultGenericMobileDriver.findElementByXPath(DefaultGenericMobileDriver.java:152)
	at io.appium.java_client.AppiumDriver.findElementByXPath(AppiumDriver.java:1)
	at io.appium.java_client.ios.IOSDriver.findElementByXPath(IOSDriver.java:1)
	at org.openqa.selenium.By$ByXPath.findElement(By.java:353)
	at org.openqa.selenium.remote.RemoteWebDriver.findElement(RemoteWebDriver.java:315)
	at io.appium.java_client.DefaultGenericMobileDriver.findElement(DefaultGenericMobileDriver.java:58)
	at io.appium.java_client.AppiumDriver.findElement(AppiumDriver.java:1)
	at io.appium.java_client.ios.IOSDriver.findElement(IOSDriver.java:1)
	at base.BaseKeyword$Trait$Helper.clickToElement(BaseKeyword.groovy:88)
	at screens.HomeScreen.clickToElement(HomeScreen.groovy)
	at screens.HomeScreen.openRequestList(HomeScreen.groovy:84)
	at 011 DUYET CO DIEU KIEN_KHONG NHAP Y KIEN.run(011 DUYET CO DIEU KIEN_KHONG NHAP Y KIEN:21)
	at com.kms.katalon.core.main.ScriptEngine.run(ScriptEngine.java:194)
	at com.kms.katalon.core.main.ScriptEngine.runScriptAsRawText(ScriptEngine.java:119)
	at com.kms.katalon.core.main.TestCaseExecutor.runScript(TestCaseExecutor.java:448)
	at com.kms.katalon.core.main.TestCaseExecutor.doExecute(TestCaseExecutor.java:439)
	at com.kms.katalon.core.main.TestCaseExecutor.processExecutionPhase(TestCaseExecutor.java:418)
	at com.kms.katalon.core.main.TestCaseExecutor.accessMainPhase(TestCaseExecutor.java:410)
	at com.kms.katalon.core.main.TestCaseExecutor.execute(TestCaseExecutor.java:285)
	at com.kms.katalon.core.common.CommonExecutor.accessTestCaseMainPhase(CommonExecutor.java:65)
	at com.kms.katalon.core.main.TestSuiteExecutor.accessTestSuiteMainPhase(TestSuiteExecutor.java:150)
	at com.kms.katalon.core.main.TestSuiteExecutor.execute(TestSuiteExecutor.java:106)
	at com.kms.katalon.core.main.TestCaseMain.startTestSuite(TestCaseMain.java:180)
	at TempTestSuite1747808312062.run(TempTestSuite1747808312062.groovy:35)
	at java.base/jdk.internal.reflect.NativeMethodAccessorImpl.invoke0(Native Method)
	at java.base/jdk.internal.reflect.NativeMethodAccessorImpl.invoke(NativeMethodAccessorImpl.java:77)
	at java.base/jdk.internal.reflect.DelegatingMethodAccessorImpl.invoke(DelegatingMethodAccessorImpl.java:43)


21-05-2025T13:39:55 - [MESSAGE][ERROR] - Test Cases/IPAPER APP/011 DUYET CO DIEU KIEN_KHONG NHAP Y KIEN FAILED.
Reason:
org.openqa.selenium.NoSuchElementException: An element could not be located on the page using the given search parameters.
For documentation on this error, please visit: https://www.seleniumhq.org/exceptions/no_such_element.html
Build info: version: '3.141.59', revision: 'unknown', time: 'unknown'
System info: host: 'Cuong-Mac.local', ip: 'fe80:0:0:0:c43:6797:ebf2:3aad%en0', os.name: 'Mac OS X', os.arch: 'aarch64', os.version: '15.5', java.version: '17.0.7'
Driver info: io.appium.java_client.ios.IOSDriver
Capabilities {automationName: XCUITest, browserName: , databaseEnabled: false, fullReset: false, javascriptEnabled: true, locationContextEnabled: false, networkConnectionEnabled: false, noReset: true, platform: MAC, platformName: iOS, platformVersion: 18.4, takesScreenshot: true, udid: 00008110-000C10543443801E, webStorageEnabled: false}
Session ID: 01bfc3c6-5e13-4dc5-a0a0-9b9b6acbce73
*** Element info: {Using=xpath, value=//XCUIElementTypeImage[@name='ic_add']}
	at java.base/jdk.internal.reflect.NativeConstructorAccessorImpl.newInstance0(Native Method)
	at java.base/jdk.internal.reflect.NativeConstructorAccessorImpl.newInstance(NativeConstructorAccessorImpl.java:77)
	at java.base/jdk.internal.reflect.DelegatingConstructorAccessorImpl.newInstance(DelegatingConstructorAccessorImpl.java:45)
	at org.openqa.selenium.remote.http.W3CHttpResponseCodec.createException(W3CHttpResponseCodec.java:187)
	at org.openqa.selenium.remote.http.W3CHttpResponseCodec.decode(W3CHttpResponseCodec.java:122)
	at org.openqa.selenium.remote.http.W3CHttpResponseCodec.decode(W3CHttpResponseCodec.java:49)
	at org.openqa.selenium.remote.HttpCommandExecutor.execute(HttpCommandExecutor.java:158)
	at io.appium.java_client.remote.AppiumCommandExecutor.execute(AppiumCommandExecutor.java:239)
	at org.openqa.selenium.remote.RemoteWebDriver.execute(RemoteWebDriver.java:552)
	at io.appium.java_client.DefaultGenericMobileDriver.execute(DefaultGenericMobileDriver.java:42)
	at io.appium.java_client.AppiumDriver.execute(AppiumDriver.java:1)
	at io.appium.java_client.ios.IOSDriver.execute(IOSDriver.java:1)
	at org.openqa.selenium.remote.RemoteWebDriver.findElement(RemoteWebDriver.java:323)
	at io.appium.java_client.DefaultGenericMobileDriver.findElement(DefaultGenericMobileDriver.java:62)
	at io.appium.java_client.AppiumDriver.findElement(AppiumDriver.java:1)
	at io.appium.java_client.ios.IOSDriver.findElement(IOSDriver.java:1)
	at org.openqa.selenium.remote.RemoteWebDriver.findElementByXPath(RemoteWebDriver.java:428)
	at io.appium.java_client.DefaultGenericMobileDriver.findElementByXPath(DefaultGenericMobileDriver.java:152)
	at io.appium.java_client.AppiumDriver.findElementByXPath(AppiumDriver.java:1)
	at io.appium.java_client.ios.IOSDriver.findElementByXPath(IOSDriver.java:1)
	at org.openqa.selenium.By$ByXPath.findElement(By.java:353)
	at org.openqa.selenium.remote.RemoteWebDriver.findElement(RemoteWebDriver.java:315)
	at io.appium.java_client.DefaultGenericMobileDriver.findElement(DefaultGenericMobileDriver.java:58)
	at io.appium.java_client.AppiumDriver.findElement(AppiumDriver.java:1)
	at io.appium.java_client.ios.IOSDriver.findElement(IOSDriver.java:1)
	at base.BaseKeyword$Trait$Helper.clickToElement(BaseKeyword.groovy:88)
	at screens.HomeScreen.clickToElement(HomeScreen.groovy)
	at screens.HomeScreen.openRequestList(HomeScreen.groovy:84)
	at 011 DUYET CO DIEU KIEN_KHONG NHAP Y KIEN.run(011 DUYET CO DIEU KIEN_KHONG NHAP Y KIEN:21)
	at com.kms.katalon.core.main.ScriptEngine.run(ScriptEngine.java:194)
	at com.kms.katalon.core.main.ScriptEngine.runScriptAsRawText(ScriptEngine.java:119)
	at com.kms.katalon.core.main.TestCaseExecutor.runScript(TestCaseExecutor.java:448)
	at com.kms.katalon.core.main.TestCaseExecutor.doExecute(TestCaseExecutor.java:439)
	at com.kms.katalon.core.main.TestCaseExecutor.processExecutionPhase(TestCaseExecutor.java:418)
	at com.kms.katalon.core.main.TestCaseExecutor.accessMainPhase(TestCaseExecutor.java:410)
	at com.kms.katalon.core.main.TestCaseExecutor.execute(TestCaseExecutor.java:285)
	at com.kms.katalon.core.common.CommonExecutor.accessTestCaseMainPhase(CommonExecutor.java:65)
	at com.kms.katalon.core.main.TestSuiteExecutor.accessTestSuiteMainPhase(TestSuiteExecutor.java:150)
	at com.kms.katalon.core.main.TestSuiteExecutor.execute(TestSuiteExecutor.java:106)
	at com.kms.katalon.core.main.TestCaseMain.startTestSuite(TestCaseMain.java:180)
	at TempTestSuite1747808312062.run(TempTestSuite1747808312062.groovy:35)
	at java.base/jdk.internal.reflect.NativeMethodAccessorImpl.invoke0(Native Method)
	at java.base/jdk.internal.reflect.NativeMethodAccessorImpl.invoke(NativeMethodAccessorImpl.java:77)
	at java.base/jdk.internal.reflect.DelegatingMethodAccessorImpl.invoke(DelegatingMethodAccessorImpl.java:43)


21-05-2025T13:39:55 - [TEST_STEP][PASSED] - Start listener action : afterTest: null

21-05-2025T13:39:55 - [TEST_STEP][PASSED] - if (testCaseStatus != "PASSED"): Screenshot is taken

21-05-2025T13:39:55 - [TEST_STEP][PASSED] - takeScreenshot(ErrorScreen/$GlobalVariable.PLATFORM/$testCaseContext.getTestCaseId().png): Screenshot is taken

21-05-2025T13:39:56 - [MESSAGE][PASSED] - Screenshot is taken
[[ATTACHMENT|ErrorScreen/iOS/Test Cases/IPAPER APP/011 DUYET CO DIEU KIEN_KHONG NHAP Y KIEN.png]]

21-05-2025T13:39:56 - [TEST_STEP][PASSED] - drivers.Driver.closeApp(): drivers.Driver.closeApp is PASSED

21-05-2025T13:39:57 - [MESSAGE][PASSED] - drivers.Driver.closeApp is PASSED

21-05-2025T13:39:57 - [TEST_STEP][PASSED] - if (tsContext == null): null]]></system-out>
         <system-err><![CDATA[21-05-2025T13:39:30 - [TEST_CASE][ERROR] - Test Cases/IPAPER APP/011 DUYET CO DIEU KIEN_KHONG NHAP Y KIEN: Test Cases/IPAPER APP/011 DUYET CO DIEU KIEN_KHONG NHAP Y KIEN FAILED.
Reason:
org.openqa.selenium.NoSuchElementException: An element could not be located on the page using the given search parameters.
For documentation on this error, please visit: https://www.seleniumhq.org/exceptions/no_such_element.html
Build info: version: '3.141.59', revision: 'unknown', time: 'unknown'
System info: host: 'Cuong-Mac.local', ip: 'fe80:0:0:0:c43:6797:ebf2:3aad%en0', os.name: 'Mac OS X', os.arch: 'aarch64', os.version: '15.5', java.version: '17.0.7'
Driver info: io.appium.java_client.ios.IOSDriver
Capabilities {automationName: XCUITest, browserName: , databaseEnabled: false, fullReset: false, javascriptEnabled: true, locationContextEnabled: false, networkConnectionEnabled: false, noReset: true, platform: MAC, platformName: iOS, platformVersion: 18.4, takesScreenshot: true, udid: 00008110-000C10543443801E, webStorageEnabled: false}
Session ID: 01bfc3c6-5e13-4dc5-a0a0-9b9b6acbce73
*** Element info: {Using=xpath, value=//XCUIElementTypeImage[@name='ic_add']}
	at java.base/jdk.internal.reflect.NativeConstructorAccessorImpl.newInstance0(Native Method)
	at java.base/jdk.internal.reflect.NativeConstructorAccessorImpl.newInstance(NativeConstructorAccessorImpl.java:77)
	at java.base/jdk.internal.reflect.DelegatingConstructorAccessorImpl.newInstance(DelegatingConstructorAccessorImpl.java:45)
	at org.openqa.selenium.remote.http.W3CHttpResponseCodec.createException(W3CHttpResponseCodec.java:187)
	at org.openqa.selenium.remote.http.W3CHttpResponseCodec.decode(W3CHttpResponseCodec.java:122)
	at org.openqa.selenium.remote.http.W3CHttpResponseCodec.decode(W3CHttpResponseCodec.java:49)
	at org.openqa.selenium.remote.HttpCommandExecutor.execute(HttpCommandExecutor.java:158)
	at io.appium.java_client.remote.AppiumCommandExecutor.execute(AppiumCommandExecutor.java:239)
	at org.openqa.selenium.remote.RemoteWebDriver.execute(RemoteWebDriver.java:552)
	at io.appium.java_client.DefaultGenericMobileDriver.execute(DefaultGenericMobileDriver.java:42)
	at io.appium.java_client.AppiumDriver.execute(AppiumDriver.java:1)
	at io.appium.java_client.ios.IOSDriver.execute(IOSDriver.java:1)
	at org.openqa.selenium.remote.RemoteWebDriver.findElement(RemoteWebDriver.java:323)
	at io.appium.java_client.DefaultGenericMobileDriver.findElement(DefaultGenericMobileDriver.java:62)
	at io.appium.java_client.AppiumDriver.findElement(AppiumDriver.java:1)
	at io.appium.java_client.ios.IOSDriver.findElement(IOSDriver.java:1)
	at org.openqa.selenium.remote.RemoteWebDriver.findElementByXPath(RemoteWebDriver.java:428)
	at io.appium.java_client.DefaultGenericMobileDriver.findElementByXPath(DefaultGenericMobileDriver.java:152)
	at io.appium.java_client.AppiumDriver.findElementByXPath(AppiumDriver.java:1)
	at io.appium.java_client.ios.IOSDriver.findElementByXPath(IOSDriver.java:1)
	at org.openqa.selenium.By$ByXPath.findElement(By.java:353)
	at org.openqa.selenium.remote.RemoteWebDriver.findElement(RemoteWebDriver.java:315)
	at io.appium.java_client.DefaultGenericMobileDriver.findElement(DefaultGenericMobileDriver.java:58)
	at io.appium.java_client.AppiumDriver.findElement(AppiumDriver.java:1)
	at io.appium.java_client.ios.IOSDriver.findElement(IOSDriver.java:1)
	at base.BaseKeyword$Trait$Helper.clickToElement(BaseKeyword.groovy:88)
	at screens.HomeScreen.clickToElement(HomeScreen.groovy)
	at screens.HomeScreen.openRequestList(HomeScreen.groovy:84)
	at 011 DUYET CO DIEU KIEN_KHONG NHAP Y KIEN.run(011 DUYET CO DIEU KIEN_KHONG NHAP Y KIEN:21)
	at com.kms.katalon.core.main.ScriptEngine.run(ScriptEngine.java:194)
	at com.kms.katalon.core.main.ScriptEngine.runScriptAsRawText(ScriptEngine.java:119)
	at com.kms.katalon.core.main.TestCaseExecutor.runScript(TestCaseExecutor.java:448)
	at com.kms.katalon.core.main.TestCaseExecutor.doExecute(TestCaseExecutor.java:439)
	at com.kms.katalon.core.main.TestCaseExecutor.processExecutionPhase(TestCaseExecutor.java:418)
	at com.kms.katalon.core.main.TestCaseExecutor.accessMainPhase(TestCaseExecutor.java:410)
	at com.kms.katalon.core.main.TestCaseExecutor.execute(TestCaseExecutor.java:285)
	at com.kms.katalon.core.common.CommonExecutor.accessTestCaseMainPhase(CommonExecutor.java:65)
	at com.kms.katalon.core.main.TestSuiteExecutor.accessTestSuiteMainPhase(TestSuiteExecutor.java:150)
	at com.kms.katalon.core.main.TestSuiteExecutor.execute(TestSuiteExecutor.java:106)
	at com.kms.katalon.core.main.TestCaseMain.startTestSuite(TestCaseMain.java:180)
	at TempTestSuite1747808312062.run(TempTestSuite1747808312062.groovy:35)
	at java.base/jdk.internal.reflect.NativeMethodAccessorImpl.invoke0(Native Method)
	at java.base/jdk.internal.reflect.NativeMethodAccessorImpl.invoke(NativeMethodAccessorImpl.java:77)
	at java.base/jdk.internal.reflect.DelegatingMethodAccessorImpl.invoke(DelegatingMethodAccessorImpl.java:43)]]></system-err>
      </testcase>
      <testcase name="Test Cases/IPAPER APP/012 DUYET CHI TIET_NHAP Y KIEN" time="197.204" classname="Test Cases/IPAPER APP/012 DUYET CHI TIET_NHAP Y KIEN" status="PASSED">
         <system-out><![CDATA[21-05-2025T13:39:57 - [TEST_CASE][PASSED] - Test Cases/IPAPER APP/012 DUYET CHI TIET_NHAP Y KIEN: Test Cases/IPAPER APP/012 DUYET CHI TIET_NHAP Y KIEN

21-05-2025T13:39:57 - [TEST_STEP][PASSED] - Start listener action : beforeTest: drivers.Driver.openApp is PASSED

21-05-2025T13:39:57 - [TEST_STEP][PASSED] - DataTest.init(): null

21-05-2025T13:39:57 - [TEST_STEP][PASSED] - testCaseId = split("/").last(): null

21-05-2025T13:39:57 - [TEST_STEP][PASSED] - if (!(drivers.Driver.isAppiumRunning())): drivers.Driver.isAppiumRunning is PASSED

21-05-2025T13:39:57 - [MESSAGE][INFO] - Appium running: true

21-05-2025T13:39:57 - [MESSAGE][PASSED] - drivers.Driver.isAppiumRunning is PASSED

21-05-2025T13:39:57 - [TEST_STEP][PASSED] - if (driver == null || driver.getSessionId() == null): null

21-05-2025T13:39:57 - [TEST_STEP][PASSED] - drivers.Driver.openApp(): drivers.Driver.openApp is PASSED

21-05-2025T13:39:58 - [MESSAGE][PASSED] - drivers.Driver.openApp is PASSED

21-05-2025T13:39:58 - [TEST_STEP][PASSED] - REQUEST_NAME = "Trình ký PDF có sẵn": null

21-05-2025T13:39:58 - [TEST_STEP][PASSED] - COMMENT = "Automation approve": null

21-05-2025T13:39:58 - [TEST_STEP][PASSED] - auto5 = DataTest.getUserTest5(): null

21-05-2025T13:39:58 - [TEST_STEP][PASSED] - auto6 = DataTest.getUserTest6(): null

21-05-2025T13:39:58 - [TEST_STEP][PASSED] - document = DataTest.createDocumentTest(auto5, auto6, null, "dummy.pdf", "dummy.pdf"): null

21-05-2025T13:39:58 - [TEST_STEP][PASSED] - loginScreen.login(auto5): null

21-05-2025T13:40:09 - [TEST_STEP][PASSED] - homeScreen.openRequestList(): null

21-05-2025T13:40:09 - [TEST_STEP][PASSED] - homeScreen.createRequest(REQUEST_NAME): null

21-05-2025T13:40:12 - [TEST_STEP][PASSED] - pdfSignScreen.fillInTitle(document.getTitle()): null

21-05-2025T13:40:17 - [TEST_STEP][PASSED] - pdfSignScreen.selectPriority(document.getPriority()): null

21-05-2025T13:40:20 - [TEST_STEP][PASSED] - pdfSignScreen.selectTime(document.getTime()): null

21-05-2025T13:40:29 - [TEST_STEP][PASSED] - pdfSignScreen.fillInDescription(document.getDescription()): null

21-05-2025T13:40:33 - [TEST_STEP][PASSED] - pdfSignScreen.selectAssigner(getAssigner().getEmail()): null

21-05-2025T13:40:46 - [TEST_STEP][PASSED] - pdfSignScreen.openMainFileBrowser(): null

21-05-2025T13:40:48 - [TEST_STEP][PASSED] - fileBrowserScreen.attachFile(document.getMainFileName()): null

21-05-2025T13:40:58 - [TEST_STEP][PASSED] - pdfSignScreen.openSubFileBrowser(): null

21-05-2025T13:40:59 - [TEST_STEP][PASSED] - fileBrowserScreen.attachFile(document.getSubFileName()): null

21-05-2025T13:41:07 - [TEST_STEP][PASSED] - pdfSignScreen.performAction(SEND_APPROVE): null

21-05-2025T13:41:11 - [TEST_STEP][PASSED] - pdfSignScreen.fillInOpinion(document.getComment()): null

21-05-2025T13:41:13 - [TEST_STEP][PASSED] - pdfSignScreen.submitRequest(): null

21-05-2025T13:41:20 - [TEST_STEP][PASSED] - documentInformationScreen.backToHome(): null

21-05-2025T13:41:21 - [TEST_STEP][PASSED] - homeScreen.logout(): null

21-05-2025T13:41:29 - [TEST_STEP][PASSED] - document.setStatus(WAIT_APPROVE): null

21-05-2025T13:41:29 - [TEST_STEP][PASSED] - document.setAssigner(auto5): null

21-05-2025T13:41:29 - [TEST_STEP][PASSED] - loginScreen.login(auto6): null

21-05-2025T13:41:40 - [TEST_STEP][PASSED] - homeScreen.goToIncomingDocument(): null

21-05-2025T13:41:40 - [TEST_STEP][PASSED] - inComingDocument.viewInformationDocument(document): View document Trình ký 1747809598679

21-05-2025T13:41:40 - [MESSAGE][INFO] - View document Trình ký 1747809598679

21-05-2025T13:41:57 - [TEST_STEP][PASSED] - documentInformationScreen.checkDocumentTitle(document): Verify equals GUI: Trình ký 1747809598679 - DATA: Trình ký 1747809598679

21-05-2025T13:41:58 - [MESSAGE][PASSED] - Verify equals GUI: Trình ký 1747809598679 - DATA: Trình ký 1747809598679

21-05-2025T13:41:58 - [TEST_STEP][PASSED] - documentInformationScreen.checkSender(document): Verify equals GUI: Auto Test User 5 - DATA: Auto Test User 5

21-05-2025T13:41:58 - [MESSAGE][PASSED] - Verify equals GUI: Auto Test User 5 - DATA: Auto Test User 5

21-05-2025T13:41:58 - [TEST_STEP][PASSED] - documentInformationScreen.checkStatus(document): Verify equals GUI: Chờ giám sát phê duyệt - DATA: Chờ giám sát phê duyệt

21-05-2025T13:41:59 - [MESSAGE][PASSED] - Verify equals GUI: Chờ giám sát phê duyệt - DATA: Chờ giám sát phê duyệt

21-05-2025T13:41:59 - [TEST_STEP][PASSED] - documentInformationScreen.checkCreateDate(): Verify equals GUI: 21/05/2025 - DATA: 21/05/2025

21-05-2025T13:41:59 - [MESSAGE][PASSED] - Verify equals GUI: 21/05/2025 - DATA: 21/05/2025

21-05-2025T13:41:59 - [TEST_STEP][PASSED] - documentInformationScreen.checkFinishDate(document): Verify equals GUI: 22/05/2025 - DATA: 22/05/2025

21-05-2025T13:42:00 - [MESSAGE][PASSED] - Verify equals GUI: 22/05/2025 - DATA: 22/05/2025

21-05-2025T13:42:00 - [TEST_STEP][PASSED] - documentInformationScreen.checkPriority(document): Verify equals GUI: Khẩn cấp - DATA: Khẩn cấp

21-05-2025T13:42:00 - [MESSAGE][PASSED] - Verify equals GUI: Khẩn cấp - DATA: Khẩn cấp

21-05-2025T13:42:00 - [TEST_STEP][PASSED] - documentInformationScreen.checkDescription(document): Verify equals GUI: 012 DUYET CHI TIET_NHAP Y KIEN - DATA: 012 DUYET CHI TIET_NHAP Y KIEN

21-05-2025T13:42:01 - [MESSAGE][PASSED] - Verify equals GUI: 012 DUYET CHI TIET_NHAP Y KIEN - DATA: 012 DUYET CHI TIET_NHAP Y KIEN

21-05-2025T13:42:01 - [TEST_STEP][PASSED] - documentInformationScreen.checkAssigner(document): Verify contains GUI: Auto Test User 5 (auto5@hdbank.com.vn) - DATA: auto5@hdbank.com.vn

21-05-2025T13:42:04 - [MESSAGE][PASSED] - Verify contains GUI: Auto Test User 5 (auto5@hdbank.com.vn) - DATA: auto5@hdbank.com.vn

21-05-2025T13:42:04 - [TEST_STEP][PASSED] - documentInformationScreen.checkPresentFileName(document): Verify contains GUI: dummy_20250521134056.ozd - DATA: dummy

21-05-2025T13:42:06 - [MESSAGE][PASSED] - Verify contains GUI: dummy_20250521134056.ozd - DATA: dummy

21-05-2025T13:42:06 - [TEST_STEP][PASSED] - documentInformationScreen.checkAttachFileName(document): Expected true condition

21-05-2025T13:42:09 - [MESSAGE][PASSED] - Expected true condition

21-05-2025T13:42:09 - [TEST_STEP][PASSED] - documentInformationScreen.performAction(document, APPROVE, COMMENT): null

21-05-2025T13:42:14 - [TEST_STEP][PASSED] - documentInformationScreen.backToHome(): null

21-05-2025T13:42:26 - [TEST_STEP][PASSED] - document.setSender(auto6): null

21-05-2025T13:42:26 - [TEST_STEP][PASSED] - inComingDocument.checkItemInDocument(): null

21-05-2025T13:42:26 - [TEST_STEP][PASSED] - homeScreen.goToOutComingDocument(): null

21-05-2025T13:42:35 - [TEST_STEP][PASSED] - outComingDocument.viewInformationDocument(document): null

21-05-2025T13:42:43 - [TEST_STEP][PASSED] - documentInformationScreen.checkDocumentTitle(document): Verify equals GUI: Trình ký 1747809598679 - DATA: Trình ký 1747809598679

21-05-2025T13:42:50 - [MESSAGE][PASSED] - Verify equals GUI: Trình ký 1747809598679 - DATA: Trình ký 1747809598679

21-05-2025T13:42:50 - [TEST_STEP][PASSED] - documentInformationScreen.checkSender(document): Verify equals GUI: Auto Test User 6 - DATA: Auto Test User 6

21-05-2025T13:42:50 - [MESSAGE][PASSED] - Verify equals GUI: Auto Test User 6 - DATA: Auto Test User 6

21-05-2025T13:42:50 - [TEST_STEP][PASSED] - documentInformationScreen.checkStatus(document): Verify equals GUI: Đã duyệt - DATA: Đã duyệt

21-05-2025T13:42:51 - [MESSAGE][PASSED] - Verify equals GUI: Đã duyệt - DATA: Đã duyệt

21-05-2025T13:42:51 - [TEST_STEP][PASSED] - documentInformationScreen.checkCreateDate(): Verify equals GUI: 21/05/2025 - DATA: 21/05/2025

21-05-2025T13:42:51 - [MESSAGE][PASSED] - Verify equals GUI: 21/05/2025 - DATA: 21/05/2025

21-05-2025T13:42:51 - [TEST_STEP][PASSED] - documentInformationScreen.checkFinishDate(document): Verify equals GUI: 22/05/2025 - DATA: 22/05/2025

21-05-2025T13:42:52 - [MESSAGE][PASSED] - Verify equals GUI: 22/05/2025 - DATA: 22/05/2025

21-05-2025T13:42:52 - [TEST_STEP][PASSED] - documentInformationScreen.checkPriority(document): Verify equals GUI: Khẩn cấp - DATA: Khẩn cấp

21-05-2025T13:42:52 - [MESSAGE][PASSED] - Verify equals GUI: Khẩn cấp - DATA: Khẩn cấp

21-05-2025T13:42:52 - [TEST_STEP][PASSED] - documentInformationScreen.checkDescription(document): Verify equals GUI: 012 DUYET CHI TIET_NHAP Y KIEN - DATA: 012 DUYET CHI TIET_NHAP Y KIEN

21-05-2025T13:42:52 - [MESSAGE][PASSED] - Verify equals GUI: 012 DUYET CHI TIET_NHAP Y KIEN - DATA: 012 DUYET CHI TIET_NHAP Y KIEN

21-05-2025T13:42:52 - [TEST_STEP][PASSED] - documentInformationScreen.checkAssigner(document): Verify contains GUI: Auto Test User 5 (auto5@hdbank.com.vn) - DATA: auto5@hdbank.com.vn

21-05-2025T13:42:56 - [MESSAGE][PASSED] - Verify contains GUI: Auto Test User 5 (auto5@hdbank.com.vn) - DATA: auto5@hdbank.com.vn

21-05-2025T13:42:56 - [TEST_STEP][PASSED] - documentInformationScreen.checkPresentFileName(document): Verify contains GUI: dummy_20250521134056.ozd - DATA: dummy

21-05-2025T13:42:58 - [MESSAGE][PASSED] - Verify contains GUI: dummy_20250521134056.ozd - DATA: dummy

21-05-2025T13:42:58 - [TEST_STEP][PASSED] - documentInformationScreen.checkAttachFileName(document): Expected true condition

21-05-2025T13:43:01 - [MESSAGE][PASSED] - Expected true condition

21-05-2025T13:43:01 - [TEST_STEP][PASSED] - documentInformationScreen.checkComment(auto6, COMMENT): Check comment of Auto Test User 6 is Automation approve

21-05-2025T13:43:04 - [MESSAGE][INFO] - GUI COMMENT: Automation approve - DATA COMMENT: Automation approve

21-05-2025T13:43:04 - [MESSAGE][PASSED] - Check comment of Auto Test User 6 is Automation approve

21-05-2025T13:43:04 - [TEST_STEP][PASSED] - documentInformationScreen.backToHome(): null

21-05-2025T13:43:13 - [TEST_STEP][PASSED] - inComingDocument.checkItemInDocument(): null

21-05-2025T13:43:13 - [TEST_STEP][PASSED] - Start listener action : afterTest: null

21-05-2025T13:43:13 - [TEST_STEP][PASSED] - if (testCaseStatus != "PASSED"): null

21-05-2025T13:43:13 - [TEST_STEP][PASSED] - drivers.Driver.closeApp(): drivers.Driver.closeApp is PASSED

21-05-2025T13:43:14 - [MESSAGE][PASSED] - drivers.Driver.closeApp is PASSED

21-05-2025T13:43:14 - [TEST_STEP][PASSED] - if (tsContext == null): null]]></system-out>
         <system-err><![CDATA[]]></system-err>
      </testcase>
      <testcase name="Test Cases/IPAPER APP/013 DUYET CHI TIET_KHONG NHAP Y KIEN" time="33.55" classname="Test Cases/IPAPER APP/013 DUYET CHI TIET_KHONG NHAP Y KIEN" status="ERROR">
         <error type="ERROR" message="Test Cases/IPAPER APP/013 DUYET CHI TIET_KHONG NHAP Y KIEN FAILED.&#xa;Reason:&#xa;org.openqa.selenium.NoSuchElementException: An element could not be located on the page using the given search parameters.&#xa;For documentation on this error, please visit: https://www.seleniumhq.org/exceptions/no_such_element.html&#xa;Build info: version: '3.141.59', revision: 'unknown', time: 'unknown'&#xa;System info: host: 'Cuong-Mac.local', ip: 'fe80:0:0:0:c43:6797:ebf2:3aad%en0', os.name: 'Mac OS X', os.arch: 'aarch64', os.version: '15.5', java.version: '17.0.7'&#xa;Driver info: io.appium.java_client.ios.IOSDriver&#xa;Capabilities {automationName: XCUITest, browserName: , databaseEnabled: false, fullReset: false, javascriptEnabled: true, locationContextEnabled: false, networkConnectionEnabled: false, noReset: true, platform: MAC, platformName: iOS, platformVersion: 18.4, takesScreenshot: true, udid: 00008110-000C10543443801E, webStorageEnabled: false}&#xa;Session ID: 01bfc3c6-5e13-4dc5-a0a0-9b9b6acbce73&#xa;*** Element info: {Using=xpath, value=//XCUIElementTypeImage[@name='ic_add']}&#xa;	at java.base/jdk.internal.reflect.NativeConstructorAccessorImpl.newInstance0(Native Method)&#xa;	at java.base/jdk.internal.reflect.NativeConstructorAccessorImpl.newInstance(NativeConstructorAccessorImpl.java:77)&#xa;	at java.base/jdk.internal.reflect.DelegatingConstructorAccessorImpl.newInstance(DelegatingConstructorAccessorImpl.java:45)&#xa;	at org.openqa.selenium.remote.http.W3CHttpResponseCodec.createException(W3CHttpResponseCodec.java:187)&#xa;	at org.openqa.selenium.remote.http.W3CHttpResponseCodec.decode(W3CHttpResponseCodec.java:122)&#xa;	at org.openqa.selenium.remote.http.W3CHttpResponseCodec.decode(W3CHttpResponseCodec.java:49)&#xa;	at org.openqa.selenium.remote.HttpCommandExecutor.execute(HttpCommandExecutor.java:158)&#xa;	at io.appium.java_client.remote.AppiumCommandExecutor.execute(AppiumCommandExecutor.java:239)&#xa;	at org.openqa.selenium.remote.RemoteWebDriver.execute(RemoteWebDriver.java:552)&#xa;	at io.appium.java_client.DefaultGenericMobileDriver.execute(DefaultGenericMobileDriver.java:42)&#xa;	at io.appium.java_client.AppiumDriver.execute(AppiumDriver.java:1)&#xa;	at io.appium.java_client.ios.IOSDriver.execute(IOSDriver.java:1)&#xa;	at org.openqa.selenium.remote.RemoteWebDriver.findElement(RemoteWebDriver.java:323)&#xa;	at io.appium.java_client.DefaultGenericMobileDriver.findElement(DefaultGenericMobileDriver.java:62)&#xa;	at io.appium.java_client.AppiumDriver.findElement(AppiumDriver.java:1)&#xa;	at io.appium.java_client.ios.IOSDriver.findElement(IOSDriver.java:1)&#xa;	at org.openqa.selenium.remote.RemoteWebDriver.findElementByXPath(RemoteWebDriver.java:428)&#xa;	at io.appium.java_client.DefaultGenericMobileDriver.findElementByXPath(DefaultGenericMobileDriver.java:152)&#xa;	at io.appium.java_client.AppiumDriver.findElementByXPath(AppiumDriver.java:1)&#xa;	at io.appium.java_client.ios.IOSDriver.findElementByXPath(IOSDriver.java:1)&#xa;	at org.openqa.selenium.By$ByXPath.findElement(By.java:353)&#xa;	at org.openqa.selenium.remote.RemoteWebDriver.findElement(RemoteWebDriver.java:315)&#xa;	at io.appium.java_client.DefaultGenericMobileDriver.findElement(DefaultGenericMobileDriver.java:58)&#xa;	at io.appium.java_client.AppiumDriver.findElement(AppiumDriver.java:1)&#xa;	at io.appium.java_client.ios.IOSDriver.findElement(IOSDriver.java:1)&#xa;	at base.BaseKeyword$Trait$Helper.clickToElement(BaseKeyword.groovy:88)&#xa;	at screens.HomeScreen.clickToElement(HomeScreen.groovy)&#xa;	at screens.HomeScreen.openRequestList(HomeScreen.groovy:84)&#xa;	at 013 DUYET CHI TIET_KHONG NHAP Y KIEN.run(013 DUYET CHI TIET_KHONG NHAP Y KIEN:19)&#xa;	at com.kms.katalon.core.main.ScriptEngine.run(ScriptEngine.java:194)&#xa;	at com.kms.katalon.core.main.ScriptEngine.runScriptAsRawText(ScriptEngine.java:119)&#xa;	at com.kms.katalon.core.main.TestCaseExecutor.runScript(TestCaseExecutor.java:448)&#xa;	at com.kms.katalon.core.main.TestCaseExecutor.doExecute(TestCaseExecutor.java:439)&#xa;	at com.kms.katalon.core.main.TestCaseExecutor.processExecutionPhase(TestCaseExecutor.java:418)&#xa;	at com.kms.katalon.core.main.TestCaseExecutor.accessMainPhase(TestCaseExecutor.java:410)&#xa;	at com.kms.katalon.core.main.TestCaseExecutor.execute(TestCaseExecutor.java:285)&#xa;	at com.kms.katalon.core.common.CommonExecutor.accessTestCaseMainPhase(CommonExecutor.java:65)&#xa;	at com.kms.katalon.core.main.TestSuiteExecutor.accessTestSuiteMainPhase(TestSuiteExecutor.java:150)&#xa;	at com.kms.katalon.core.main.TestSuiteExecutor.execute(TestSuiteExecutor.java:106)&#xa;	at com.kms.katalon.core.main.TestCaseMain.startTestSuite(TestCaseMain.java:180)&#xa;	at TempTestSuite1747808312062.run(TempTestSuite1747808312062.groovy:35)&#xa;	at java.base/jdk.internal.reflect.NativeMethodAccessorImpl.invoke0(Native Method)&#xa;	at java.base/jdk.internal.reflect.NativeMethodAccessorImpl.invoke(NativeMethodAccessorImpl.java:77)&#xa;	at java.base/jdk.internal.reflect.DelegatingMethodAccessorImpl.invoke(DelegatingMethodAccessorImpl.java:43)&#xa;"/>
         <system-out><![CDATA[21-05-2025T13:43:14 - [TEST_CASE][ERROR] - Test Cases/IPAPER APP/013 DUYET CHI TIET_KHONG NHAP Y KIEN: Test Cases/IPAPER APP/013 DUYET CHI TIET_KHONG NHAP Y KIEN FAILED.
Reason:
org.openqa.selenium.NoSuchElementException: An element could not be located on the page using the given search parameters.
For documentation on this error, please visit: https://www.seleniumhq.org/exceptions/no_such_element.html
Build info: version: '3.141.59', revision: 'unknown', time: 'unknown'
System info: host: 'Cuong-Mac.local', ip: 'fe80:0:0:0:c43:6797:ebf2:3aad%en0', os.name: 'Mac OS X', os.arch: 'aarch64', os.version: '15.5', java.version: '17.0.7'
Driver info: io.appium.java_client.ios.IOSDriver
Capabilities {automationName: XCUITest, browserName: , databaseEnabled: false, fullReset: false, javascriptEnabled: true, locationContextEnabled: false, networkConnectionEnabled: false, noReset: true, platform: MAC, platformName: iOS, platformVersion: 18.4, takesScreenshot: true, udid: 00008110-000C10543443801E, webStorageEnabled: false}
Session ID: 01bfc3c6-5e13-4dc5-a0a0-9b9b6acbce73
*** Element info: {Using=xpath, value=//XCUIElementTypeImage[@name='ic_add']}
	at java.base/jdk.internal.reflect.NativeConstructorAccessorImpl.newInstance0(Native Method)
	at java.base/jdk.internal.reflect.NativeConstructorAccessorImpl.newInstance(NativeConstructorAccessorImpl.java:77)
	at java.base/jdk.internal.reflect.DelegatingConstructorAccessorImpl.newInstance(DelegatingConstructorAccessorImpl.java:45)
	at org.openqa.selenium.remote.http.W3CHttpResponseCodec.createException(W3CHttpResponseCodec.java:187)
	at org.openqa.selenium.remote.http.W3CHttpResponseCodec.decode(W3CHttpResponseCodec.java:122)
	at org.openqa.selenium.remote.http.W3CHttpResponseCodec.decode(W3CHttpResponseCodec.java:49)
	at org.openqa.selenium.remote.HttpCommandExecutor.execute(HttpCommandExecutor.java:158)
	at io.appium.java_client.remote.AppiumCommandExecutor.execute(AppiumCommandExecutor.java:239)
	at org.openqa.selenium.remote.RemoteWebDriver.execute(RemoteWebDriver.java:552)
	at io.appium.java_client.DefaultGenericMobileDriver.execute(DefaultGenericMobileDriver.java:42)
	at io.appium.java_client.AppiumDriver.execute(AppiumDriver.java:1)
	at io.appium.java_client.ios.IOSDriver.execute(IOSDriver.java:1)
	at org.openqa.selenium.remote.RemoteWebDriver.findElement(RemoteWebDriver.java:323)
	at io.appium.java_client.DefaultGenericMobileDriver.findElement(DefaultGenericMobileDriver.java:62)
	at io.appium.java_client.AppiumDriver.findElement(AppiumDriver.java:1)
	at io.appium.java_client.ios.IOSDriver.findElement(IOSDriver.java:1)
	at org.openqa.selenium.remote.RemoteWebDriver.findElementByXPath(RemoteWebDriver.java:428)
	at io.appium.java_client.DefaultGenericMobileDriver.findElementByXPath(DefaultGenericMobileDriver.java:152)
	at io.appium.java_client.AppiumDriver.findElementByXPath(AppiumDriver.java:1)
	at io.appium.java_client.ios.IOSDriver.findElementByXPath(IOSDriver.java:1)
	at org.openqa.selenium.By$ByXPath.findElement(By.java:353)
	at org.openqa.selenium.remote.RemoteWebDriver.findElement(RemoteWebDriver.java:315)
	at io.appium.java_client.DefaultGenericMobileDriver.findElement(DefaultGenericMobileDriver.java:58)
	at io.appium.java_client.AppiumDriver.findElement(AppiumDriver.java:1)
	at io.appium.java_client.ios.IOSDriver.findElement(IOSDriver.java:1)
	at base.BaseKeyword$Trait$Helper.clickToElement(BaseKeyword.groovy:88)
	at screens.HomeScreen.clickToElement(HomeScreen.groovy)
	at screens.HomeScreen.openRequestList(HomeScreen.groovy:84)
	at 013 DUYET CHI TIET_KHONG NHAP Y KIEN.run(013 DUYET CHI TIET_KHONG NHAP Y KIEN:19)
	at com.kms.katalon.core.main.ScriptEngine.run(ScriptEngine.java:194)
	at com.kms.katalon.core.main.ScriptEngine.runScriptAsRawText(ScriptEngine.java:119)
	at com.kms.katalon.core.main.TestCaseExecutor.runScript(TestCaseExecutor.java:448)
	at com.kms.katalon.core.main.TestCaseExecutor.doExecute(TestCaseExecutor.java:439)
	at com.kms.katalon.core.main.TestCaseExecutor.processExecutionPhase(TestCaseExecutor.java:418)
	at com.kms.katalon.core.main.TestCaseExecutor.accessMainPhase(TestCaseExecutor.java:410)
	at com.kms.katalon.core.main.TestCaseExecutor.execute(TestCaseExecutor.java:285)
	at com.kms.katalon.core.common.CommonExecutor.accessTestCaseMainPhase(CommonExecutor.java:65)
	at com.kms.katalon.core.main.TestSuiteExecutor.accessTestSuiteMainPhase(TestSuiteExecutor.java:150)
	at com.kms.katalon.core.main.TestSuiteExecutor.execute(TestSuiteExecutor.java:106)
	at com.kms.katalon.core.main.TestCaseMain.startTestSuite(TestCaseMain.java:180)
	at TempTestSuite1747808312062.run(TempTestSuite1747808312062.groovy:35)
	at java.base/jdk.internal.reflect.NativeMethodAccessorImpl.invoke0(Native Method)
	at java.base/jdk.internal.reflect.NativeMethodAccessorImpl.invoke(NativeMethodAccessorImpl.java:77)
	at java.base/jdk.internal.reflect.DelegatingMethodAccessorImpl.invoke(DelegatingMethodAccessorImpl.java:43)


21-05-2025T13:43:14 - [TEST_STEP][PASSED] - Start listener action : beforeTest: drivers.Driver.openApp is PASSED

21-05-2025T13:43:14 - [TEST_STEP][PASSED] - DataTest.init(): null

21-05-2025T13:43:14 - [TEST_STEP][PASSED] - testCaseId = split("/").last(): null

21-05-2025T13:43:14 - [TEST_STEP][PASSED] - if (!(drivers.Driver.isAppiumRunning())): drivers.Driver.isAppiumRunning is PASSED

21-05-2025T13:43:14 - [MESSAGE][INFO] - Appium running: true

21-05-2025T13:43:14 - [MESSAGE][PASSED] - drivers.Driver.isAppiumRunning is PASSED

21-05-2025T13:43:14 - [TEST_STEP][PASSED] - if (driver == null || driver.getSessionId() == null): null

21-05-2025T13:43:14 - [TEST_STEP][PASSED] - drivers.Driver.openApp(): drivers.Driver.openApp is PASSED

21-05-2025T13:43:15 - [MESSAGE][PASSED] - drivers.Driver.openApp is PASSED

21-05-2025T13:43:15 - [TEST_STEP][PASSED] - REQUEST_NAME = "Trình ký PDF có sẵn": null

21-05-2025T13:43:15 - [TEST_STEP][PASSED] - COMMENT = "Không có bình luận": null

21-05-2025T13:43:15 - [TEST_STEP][PASSED] - auto5 = DataTest.getUserTest5(): null

21-05-2025T13:43:15 - [TEST_STEP][PASSED] - auto6 = DataTest.getUserTest6(): null

21-05-2025T13:43:15 - [TEST_STEP][PASSED] - document = DataTest.createDocumentTest(auto5, auto6, null, "dummy.pdf", "dummy.pdf"): null

21-05-2025T13:43:15 - [TEST_STEP][PASSED] - loginScreen.login(auto5): null

21-05-2025T13:43:43 - [TEST_STEP][ERROR] - homeScreen.openRequestList(): Test Cases/IPAPER APP/013 DUYET CHI TIET_KHONG NHAP Y KIEN FAILED.
Reason:
org.openqa.selenium.NoSuchElementException: An element could not be located on the page using the given search parameters.
For documentation on this error, please visit: https://www.seleniumhq.org/exceptions/no_such_element.html
Build info: version: '3.141.59', revision: 'unknown', time: 'unknown'
System info: host: 'Cuong-Mac.local', ip: 'fe80:0:0:0:c43:6797:ebf2:3aad%en0', os.name: 'Mac OS X', os.arch: 'aarch64', os.version: '15.5', java.version: '17.0.7'
Driver info: io.appium.java_client.ios.IOSDriver
Capabilities {automationName: XCUITest, browserName: , databaseEnabled: false, fullReset: false, javascriptEnabled: true, locationContextEnabled: false, networkConnectionEnabled: false, noReset: true, platform: MAC, platformName: iOS, platformVersion: 18.4, takesScreenshot: true, udid: 00008110-000C10543443801E, webStorageEnabled: false}
Session ID: 01bfc3c6-5e13-4dc5-a0a0-9b9b6acbce73
*** Element info: {Using=xpath, value=//XCUIElementTypeImage[@name='ic_add']}
	at java.base/jdk.internal.reflect.NativeConstructorAccessorImpl.newInstance0(Native Method)
	at java.base/jdk.internal.reflect.NativeConstructorAccessorImpl.newInstance(NativeConstructorAccessorImpl.java:77)
	at java.base/jdk.internal.reflect.DelegatingConstructorAccessorImpl.newInstance(DelegatingConstructorAccessorImpl.java:45)
	at org.openqa.selenium.remote.http.W3CHttpResponseCodec.createException(W3CHttpResponseCodec.java:187)
	at org.openqa.selenium.remote.http.W3CHttpResponseCodec.decode(W3CHttpResponseCodec.java:122)
	at org.openqa.selenium.remote.http.W3CHttpResponseCodec.decode(W3CHttpResponseCodec.java:49)
	at org.openqa.selenium.remote.HttpCommandExecutor.execute(HttpCommandExecutor.java:158)
	at io.appium.java_client.remote.AppiumCommandExecutor.execute(AppiumCommandExecutor.java:239)
	at org.openqa.selenium.remote.RemoteWebDriver.execute(RemoteWebDriver.java:552)
	at io.appium.java_client.DefaultGenericMobileDriver.execute(DefaultGenericMobileDriver.java:42)
	at io.appium.java_client.AppiumDriver.execute(AppiumDriver.java:1)
	at io.appium.java_client.ios.IOSDriver.execute(IOSDriver.java:1)
	at org.openqa.selenium.remote.RemoteWebDriver.findElement(RemoteWebDriver.java:323)
	at io.appium.java_client.DefaultGenericMobileDriver.findElement(DefaultGenericMobileDriver.java:62)
	at io.appium.java_client.AppiumDriver.findElement(AppiumDriver.java:1)
	at io.appium.java_client.ios.IOSDriver.findElement(IOSDriver.java:1)
	at org.openqa.selenium.remote.RemoteWebDriver.findElementByXPath(RemoteWebDriver.java:428)
	at io.appium.java_client.DefaultGenericMobileDriver.findElementByXPath(DefaultGenericMobileDriver.java:152)
	at io.appium.java_client.AppiumDriver.findElementByXPath(AppiumDriver.java:1)
	at io.appium.java_client.ios.IOSDriver.findElementByXPath(IOSDriver.java:1)
	at org.openqa.selenium.By$ByXPath.findElement(By.java:353)
	at org.openqa.selenium.remote.RemoteWebDriver.findElement(RemoteWebDriver.java:315)
	at io.appium.java_client.DefaultGenericMobileDriver.findElement(DefaultGenericMobileDriver.java:58)
	at io.appium.java_client.AppiumDriver.findElement(AppiumDriver.java:1)
	at io.appium.java_client.ios.IOSDriver.findElement(IOSDriver.java:1)
	at base.BaseKeyword$Trait$Helper.clickToElement(BaseKeyword.groovy:88)
	at screens.HomeScreen.clickToElement(HomeScreen.groovy)
	at screens.HomeScreen.openRequestList(HomeScreen.groovy:84)
	at 013 DUYET CHI TIET_KHONG NHAP Y KIEN.run(013 DUYET CHI TIET_KHONG NHAP Y KIEN:19)
	at com.kms.katalon.core.main.ScriptEngine.run(ScriptEngine.java:194)
	at com.kms.katalon.core.main.ScriptEngine.runScriptAsRawText(ScriptEngine.java:119)
	at com.kms.katalon.core.main.TestCaseExecutor.runScript(TestCaseExecutor.java:448)
	at com.kms.katalon.core.main.TestCaseExecutor.doExecute(TestCaseExecutor.java:439)
	at com.kms.katalon.core.main.TestCaseExecutor.processExecutionPhase(TestCaseExecutor.java:418)
	at com.kms.katalon.core.main.TestCaseExecutor.accessMainPhase(TestCaseExecutor.java:410)
	at com.kms.katalon.core.main.TestCaseExecutor.execute(TestCaseExecutor.java:285)
	at com.kms.katalon.core.common.CommonExecutor.accessTestCaseMainPhase(CommonExecutor.java:65)
	at com.kms.katalon.core.main.TestSuiteExecutor.accessTestSuiteMainPhase(TestSuiteExecutor.java:150)
	at com.kms.katalon.core.main.TestSuiteExecutor.execute(TestSuiteExecutor.java:106)
	at com.kms.katalon.core.main.TestCaseMain.startTestSuite(TestCaseMain.java:180)
	at TempTestSuite1747808312062.run(TempTestSuite1747808312062.groovy:35)
	at java.base/jdk.internal.reflect.NativeMethodAccessorImpl.invoke0(Native Method)
	at java.base/jdk.internal.reflect.NativeMethodAccessorImpl.invoke(NativeMethodAccessorImpl.java:77)
	at java.base/jdk.internal.reflect.DelegatingMethodAccessorImpl.invoke(DelegatingMethodAccessorImpl.java:43)


21-05-2025T13:43:46 - [MESSAGE][ERROR] - Test Cases/IPAPER APP/013 DUYET CHI TIET_KHONG NHAP Y KIEN FAILED.
Reason:
org.openqa.selenium.NoSuchElementException: An element could not be located on the page using the given search parameters.
For documentation on this error, please visit: https://www.seleniumhq.org/exceptions/no_such_element.html
Build info: version: '3.141.59', revision: 'unknown', time: 'unknown'
System info: host: 'Cuong-Mac.local', ip: 'fe80:0:0:0:c43:6797:ebf2:3aad%en0', os.name: 'Mac OS X', os.arch: 'aarch64', os.version: '15.5', java.version: '17.0.7'
Driver info: io.appium.java_client.ios.IOSDriver
Capabilities {automationName: XCUITest, browserName: , databaseEnabled: false, fullReset: false, javascriptEnabled: true, locationContextEnabled: false, networkConnectionEnabled: false, noReset: true, platform: MAC, platformName: iOS, platformVersion: 18.4, takesScreenshot: true, udid: 00008110-000C10543443801E, webStorageEnabled: false}
Session ID: 01bfc3c6-5e13-4dc5-a0a0-9b9b6acbce73
*** Element info: {Using=xpath, value=//XCUIElementTypeImage[@name='ic_add']}
	at java.base/jdk.internal.reflect.NativeConstructorAccessorImpl.newInstance0(Native Method)
	at java.base/jdk.internal.reflect.NativeConstructorAccessorImpl.newInstance(NativeConstructorAccessorImpl.java:77)
	at java.base/jdk.internal.reflect.DelegatingConstructorAccessorImpl.newInstance(DelegatingConstructorAccessorImpl.java:45)
	at org.openqa.selenium.remote.http.W3CHttpResponseCodec.createException(W3CHttpResponseCodec.java:187)
	at org.openqa.selenium.remote.http.W3CHttpResponseCodec.decode(W3CHttpResponseCodec.java:122)
	at org.openqa.selenium.remote.http.W3CHttpResponseCodec.decode(W3CHttpResponseCodec.java:49)
	at org.openqa.selenium.remote.HttpCommandExecutor.execute(HttpCommandExecutor.java:158)
	at io.appium.java_client.remote.AppiumCommandExecutor.execute(AppiumCommandExecutor.java:239)
	at org.openqa.selenium.remote.RemoteWebDriver.execute(RemoteWebDriver.java:552)
	at io.appium.java_client.DefaultGenericMobileDriver.execute(DefaultGenericMobileDriver.java:42)
	at io.appium.java_client.AppiumDriver.execute(AppiumDriver.java:1)
	at io.appium.java_client.ios.IOSDriver.execute(IOSDriver.java:1)
	at org.openqa.selenium.remote.RemoteWebDriver.findElement(RemoteWebDriver.java:323)
	at io.appium.java_client.DefaultGenericMobileDriver.findElement(DefaultGenericMobileDriver.java:62)
	at io.appium.java_client.AppiumDriver.findElement(AppiumDriver.java:1)
	at io.appium.java_client.ios.IOSDriver.findElement(IOSDriver.java:1)
	at org.openqa.selenium.remote.RemoteWebDriver.findElementByXPath(RemoteWebDriver.java:428)
	at io.appium.java_client.DefaultGenericMobileDriver.findElementByXPath(DefaultGenericMobileDriver.java:152)
	at io.appium.java_client.AppiumDriver.findElementByXPath(AppiumDriver.java:1)
	at io.appium.java_client.ios.IOSDriver.findElementByXPath(IOSDriver.java:1)
	at org.openqa.selenium.By$ByXPath.findElement(By.java:353)
	at org.openqa.selenium.remote.RemoteWebDriver.findElement(RemoteWebDriver.java:315)
	at io.appium.java_client.DefaultGenericMobileDriver.findElement(DefaultGenericMobileDriver.java:58)
	at io.appium.java_client.AppiumDriver.findElement(AppiumDriver.java:1)
	at io.appium.java_client.ios.IOSDriver.findElement(IOSDriver.java:1)
	at base.BaseKeyword$Trait$Helper.clickToElement(BaseKeyword.groovy:88)
	at screens.HomeScreen.clickToElement(HomeScreen.groovy)
	at screens.HomeScreen.openRequestList(HomeScreen.groovy:84)
	at 013 DUYET CHI TIET_KHONG NHAP Y KIEN.run(013 DUYET CHI TIET_KHONG NHAP Y KIEN:19)
	at com.kms.katalon.core.main.ScriptEngine.run(ScriptEngine.java:194)
	at com.kms.katalon.core.main.ScriptEngine.runScriptAsRawText(ScriptEngine.java:119)
	at com.kms.katalon.core.main.TestCaseExecutor.runScript(TestCaseExecutor.java:448)
	at com.kms.katalon.core.main.TestCaseExecutor.doExecute(TestCaseExecutor.java:439)
	at com.kms.katalon.core.main.TestCaseExecutor.processExecutionPhase(TestCaseExecutor.java:418)
	at com.kms.katalon.core.main.TestCaseExecutor.accessMainPhase(TestCaseExecutor.java:410)
	at com.kms.katalon.core.main.TestCaseExecutor.execute(TestCaseExecutor.java:285)
	at com.kms.katalon.core.common.CommonExecutor.accessTestCaseMainPhase(CommonExecutor.java:65)
	at com.kms.katalon.core.main.TestSuiteExecutor.accessTestSuiteMainPhase(TestSuiteExecutor.java:150)
	at com.kms.katalon.core.main.TestSuiteExecutor.execute(TestSuiteExecutor.java:106)
	at com.kms.katalon.core.main.TestCaseMain.startTestSuite(TestCaseMain.java:180)
	at TempTestSuite1747808312062.run(TempTestSuite1747808312062.groovy:35)
	at java.base/jdk.internal.reflect.NativeMethodAccessorImpl.invoke0(Native Method)
	at java.base/jdk.internal.reflect.NativeMethodAccessorImpl.invoke(NativeMethodAccessorImpl.java:77)
	at java.base/jdk.internal.reflect.DelegatingMethodAccessorImpl.invoke(DelegatingMethodAccessorImpl.java:43)


21-05-2025T13:43:46 - [TEST_STEP][PASSED] - Start listener action : afterTest: null

21-05-2025T13:43:46 - [TEST_STEP][PASSED] - if (testCaseStatus != "PASSED"): Screenshot is taken

21-05-2025T13:43:46 - [TEST_STEP][PASSED] - takeScreenshot(ErrorScreen/$GlobalVariable.PLATFORM/$testCaseContext.getTestCaseId().png): Screenshot is taken

21-05-2025T13:43:46 - [MESSAGE][PASSED] - Screenshot is taken
[[ATTACHMENT|ErrorScreen/iOS/Test Cases/IPAPER APP/013 DUYET CHI TIET_KHONG NHAP Y KIEN.png]]

21-05-2025T13:43:46 - [TEST_STEP][PASSED] - drivers.Driver.closeApp(): drivers.Driver.closeApp is PASSED

21-05-2025T13:43:47 - [MESSAGE][PASSED] - drivers.Driver.closeApp is PASSED

21-05-2025T13:43:47 - [TEST_STEP][PASSED] - if (tsContext == null): null]]></system-out>
         <system-err><![CDATA[21-05-2025T13:43:14 - [TEST_CASE][ERROR] - Test Cases/IPAPER APP/013 DUYET CHI TIET_KHONG NHAP Y KIEN: Test Cases/IPAPER APP/013 DUYET CHI TIET_KHONG NHAP Y KIEN FAILED.
Reason:
org.openqa.selenium.NoSuchElementException: An element could not be located on the page using the given search parameters.
For documentation on this error, please visit: https://www.seleniumhq.org/exceptions/no_such_element.html
Build info: version: '3.141.59', revision: 'unknown', time: 'unknown'
System info: host: 'Cuong-Mac.local', ip: 'fe80:0:0:0:c43:6797:ebf2:3aad%en0', os.name: 'Mac OS X', os.arch: 'aarch64', os.version: '15.5', java.version: '17.0.7'
Driver info: io.appium.java_client.ios.IOSDriver
Capabilities {automationName: XCUITest, browserName: , databaseEnabled: false, fullReset: false, javascriptEnabled: true, locationContextEnabled: false, networkConnectionEnabled: false, noReset: true, platform: MAC, platformName: iOS, platformVersion: 18.4, takesScreenshot: true, udid: 00008110-000C10543443801E, webStorageEnabled: false}
Session ID: 01bfc3c6-5e13-4dc5-a0a0-9b9b6acbce73
*** Element info: {Using=xpath, value=//XCUIElementTypeImage[@name='ic_add']}
	at java.base/jdk.internal.reflect.NativeConstructorAccessorImpl.newInstance0(Native Method)
	at java.base/jdk.internal.reflect.NativeConstructorAccessorImpl.newInstance(NativeConstructorAccessorImpl.java:77)
	at java.base/jdk.internal.reflect.DelegatingConstructorAccessorImpl.newInstance(DelegatingConstructorAccessorImpl.java:45)
	at org.openqa.selenium.remote.http.W3CHttpResponseCodec.createException(W3CHttpResponseCodec.java:187)
	at org.openqa.selenium.remote.http.W3CHttpResponseCodec.decode(W3CHttpResponseCodec.java:122)
	at org.openqa.selenium.remote.http.W3CHttpResponseCodec.decode(W3CHttpResponseCodec.java:49)
	at org.openqa.selenium.remote.HttpCommandExecutor.execute(HttpCommandExecutor.java:158)
	at io.appium.java_client.remote.AppiumCommandExecutor.execute(AppiumCommandExecutor.java:239)
	at org.openqa.selenium.remote.RemoteWebDriver.execute(RemoteWebDriver.java:552)
	at io.appium.java_client.DefaultGenericMobileDriver.execute(DefaultGenericMobileDriver.java:42)
	at io.appium.java_client.AppiumDriver.execute(AppiumDriver.java:1)
	at io.appium.java_client.ios.IOSDriver.execute(IOSDriver.java:1)
	at org.openqa.selenium.remote.RemoteWebDriver.findElement(RemoteWebDriver.java:323)
	at io.appium.java_client.DefaultGenericMobileDriver.findElement(DefaultGenericMobileDriver.java:62)
	at io.appium.java_client.AppiumDriver.findElement(AppiumDriver.java:1)
	at io.appium.java_client.ios.IOSDriver.findElement(IOSDriver.java:1)
	at org.openqa.selenium.remote.RemoteWebDriver.findElementByXPath(RemoteWebDriver.java:428)
	at io.appium.java_client.DefaultGenericMobileDriver.findElementByXPath(DefaultGenericMobileDriver.java:152)
	at io.appium.java_client.AppiumDriver.findElementByXPath(AppiumDriver.java:1)
	at io.appium.java_client.ios.IOSDriver.findElementByXPath(IOSDriver.java:1)
	at org.openqa.selenium.By$ByXPath.findElement(By.java:353)
	at org.openqa.selenium.remote.RemoteWebDriver.findElement(RemoteWebDriver.java:315)
	at io.appium.java_client.DefaultGenericMobileDriver.findElement(DefaultGenericMobileDriver.java:58)
	at io.appium.java_client.AppiumDriver.findElement(AppiumDriver.java:1)
	at io.appium.java_client.ios.IOSDriver.findElement(IOSDriver.java:1)
	at base.BaseKeyword$Trait$Helper.clickToElement(BaseKeyword.groovy:88)
	at screens.HomeScreen.clickToElement(HomeScreen.groovy)
	at screens.HomeScreen.openRequestList(HomeScreen.groovy:84)
	at 013 DUYET CHI TIET_KHONG NHAP Y KIEN.run(013 DUYET CHI TIET_KHONG NHAP Y KIEN:19)
	at com.kms.katalon.core.main.ScriptEngine.run(ScriptEngine.java:194)
	at com.kms.katalon.core.main.ScriptEngine.runScriptAsRawText(ScriptEngine.java:119)
	at com.kms.katalon.core.main.TestCaseExecutor.runScript(TestCaseExecutor.java:448)
	at com.kms.katalon.core.main.TestCaseExecutor.doExecute(TestCaseExecutor.java:439)
	at com.kms.katalon.core.main.TestCaseExecutor.processExecutionPhase(TestCaseExecutor.java:418)
	at com.kms.katalon.core.main.TestCaseExecutor.accessMainPhase(TestCaseExecutor.java:410)
	at com.kms.katalon.core.main.TestCaseExecutor.execute(TestCaseExecutor.java:285)
	at com.kms.katalon.core.common.CommonExecutor.accessTestCaseMainPhase(CommonExecutor.java:65)
	at com.kms.katalon.core.main.TestSuiteExecutor.accessTestSuiteMainPhase(TestSuiteExecutor.java:150)
	at com.kms.katalon.core.main.TestSuiteExecutor.execute(TestSuiteExecutor.java:106)
	at com.kms.katalon.core.main.TestCaseMain.startTestSuite(TestCaseMain.java:180)
	at TempTestSuite1747808312062.run(TempTestSuite1747808312062.groovy:35)
	at java.base/jdk.internal.reflect.NativeMethodAccessorImpl.invoke0(Native Method)
	at java.base/jdk.internal.reflect.NativeMethodAccessorImpl.invoke(NativeMethodAccessorImpl.java:77)
	at java.base/jdk.internal.reflect.DelegatingMethodAccessorImpl.invoke(DelegatingMethodAccessorImpl.java:43)]]></system-err>
      </testcase>
      <testcase name="Test Cases/IPAPER APP/014 DUYET TAI MAIN FILE_KHÔNG NHAP Y KIEN" time="181.326" classname="Test Cases/IPAPER APP/014 DUYET TAI MAIN FILE_KHÔNG NHAP Y KIEN" status="PASSED">
         <system-out><![CDATA[21-05-2025T13:43:47 - [TEST_CASE][PASSED] - Test Cases/IPAPER APP/014 DUYET TAI MAIN FILE_KHÔNG NHAP Y KIEN: Test Cases/IPAPER APP/014 DUYET TAI MAIN FILE_KHÔNG NHAP Y KIEN

21-05-2025T13:43:47 - [TEST_STEP][PASSED] - Start listener action : beforeTest: drivers.Driver.openApp is PASSED

21-05-2025T13:43:47 - [TEST_STEP][PASSED] - DataTest.init(): null

21-05-2025T13:43:47 - [TEST_STEP][PASSED] - testCaseId = split("/").last(): null

21-05-2025T13:43:47 - [TEST_STEP][PASSED] - if (!(drivers.Driver.isAppiumRunning())): drivers.Driver.isAppiumRunning is PASSED

21-05-2025T13:43:47 - [MESSAGE][INFO] - Appium running: true

21-05-2025T13:43:47 - [MESSAGE][PASSED] - drivers.Driver.isAppiumRunning is PASSED

21-05-2025T13:43:47 - [TEST_STEP][PASSED] - if (driver == null || driver.getSessionId() == null): null

21-05-2025T13:43:47 - [TEST_STEP][PASSED] - drivers.Driver.openApp(): drivers.Driver.openApp is PASSED

21-05-2025T13:43:49 - [MESSAGE][PASSED] - drivers.Driver.openApp is PASSED

21-05-2025T13:43:49 - [TEST_STEP][PASSED] - REQUEST_NAME = "Trình ký PDF có sẵn": null

21-05-2025T13:43:49 - [TEST_STEP][PASSED] - COMMENT = "Không có bình luận": null

21-05-2025T13:43:49 - [TEST_STEP][PASSED] - auto5 = DataTest.getUserTest5(): null

21-05-2025T13:43:49 - [TEST_STEP][PASSED] - auto6 = DataTest.getUserTest6(): null

21-05-2025T13:43:49 - [TEST_STEP][PASSED] - document = DataTest.createDocumentTest(auto5, auto6, null, "dummy.pdf", "dummy.pdf"): null

21-05-2025T13:43:49 - [TEST_STEP][PASSED] - loginScreen.login(auto5): null

21-05-2025T13:43:59 - [TEST_STEP][PASSED] - homeScreen.openRequestList(): null

21-05-2025T13:44:01 - [TEST_STEP][PASSED] - homeScreen.createRequest(REQUEST_NAME): null

21-05-2025T13:44:06 - [TEST_STEP][PASSED] - pdfSignScreen.fillInTitle(document.getTitle()): null

21-05-2025T13:44:10 - [TEST_STEP][PASSED] - pdfSignScreen.selectPriority(document.getPriority()): null

21-05-2025T13:44:13 - [TEST_STEP][PASSED] - pdfSignScreen.selectTime(document.getTime()): null

21-05-2025T13:44:22 - [TEST_STEP][PASSED] - pdfSignScreen.fillInDescription(document.getDescription()): null

21-05-2025T13:44:26 - [TEST_STEP][PASSED] - pdfSignScreen.selectAssigner(getAssigner().getEmail()): null

21-05-2025T13:44:38 - [TEST_STEP][PASSED] - pdfSignScreen.openMainFileBrowser(): null

21-05-2025T13:44:40 - [TEST_STEP][PASSED] - fileBrowserScreen.attachFile(document.getMainFileName()): null

21-05-2025T13:44:50 - [TEST_STEP][PASSED] - pdfSignScreen.openSubFileBrowser(): null

21-05-2025T13:44:54 - [TEST_STEP][PASSED] - fileBrowserScreen.attachFile(document.getSubFileName()): null

21-05-2025T13:45:02 - [TEST_STEP][PASSED] - pdfSignScreen.performAction(SEND_APPROVE): null

21-05-2025T13:45:06 - [TEST_STEP][PASSED] - pdfSignScreen.fillInOpinion(document.getComment()): null

21-05-2025T13:45:08 - [TEST_STEP][PASSED] - pdfSignScreen.submitRequest(): null

21-05-2025T13:45:15 - [TEST_STEP][PASSED] - documentInformationScreen.backToHome(): null

21-05-2025T13:45:15 - [TEST_STEP][PASSED] - homeScreen.logout(): null

21-05-2025T13:45:24 - [TEST_STEP][PASSED] - document.setStatus(WAIT_APPROVE): null

21-05-2025T13:45:24 - [TEST_STEP][PASSED] - document.setAssigner(auto5): null

21-05-2025T13:45:24 - [TEST_STEP][PASSED] - loginScreen.login(auto6): null

21-05-2025T13:45:34 - [TEST_STEP][PASSED] - homeScreen.goToIncomingDocument(): null

21-05-2025T13:45:34 - [TEST_STEP][PASSED] - inComingDocument.viewMainFile(document): View main file document: Trình ký 1747809829526

21-05-2025T13:45:34 - [MESSAGE][INFO] - View main file document: Trình ký 1747809829526

21-05-2025T13:45:45 - [TEST_STEP][PASSED] - document.setSender(auto6): null

21-05-2025T13:45:45 - [TEST_STEP][PASSED] - documentInformationScreen.performAction(document, APPROVE): null

21-05-2025T13:45:52 - [TEST_STEP][PASSED] - documentInformationScreen.backToHome(): null

21-05-2025T13:45:57 - [TEST_STEP][PASSED] - inComingDocument.checkItemInDocument(): null

21-05-2025T13:45:57 - [TEST_STEP][PASSED] - homeScreen.goToOutComingDocument(): null

21-05-2025T13:46:06 - [TEST_STEP][PASSED] - outComingDocument.viewInformationDocument(document): null

21-05-2025T13:46:17 - [TEST_STEP][PASSED] - documentInformationScreen.checkDocumentTitle(document): Verify equals GUI: Trình ký 1747809829526 - DATA: Trình ký 1747809829526

21-05-2025T13:46:25 - [MESSAGE][PASSED] - Verify equals GUI: Trình ký 1747809829526 - DATA: Trình ký 1747809829526

21-05-2025T13:46:25 - [TEST_STEP][PASSED] - documentInformationScreen.checkSender(document): Verify equals GUI: Auto Test User 6 - DATA: Auto Test User 6

21-05-2025T13:46:25 - [MESSAGE][PASSED] - Verify equals GUI: Auto Test User 6 - DATA: Auto Test User 6

21-05-2025T13:46:25 - [TEST_STEP][PASSED] - documentInformationScreen.checkStatus(document): Verify equals GUI: Đã duyệt - DATA: Đã duyệt

21-05-2025T13:46:25 - [MESSAGE][PASSED] - Verify equals GUI: Đã duyệt - DATA: Đã duyệt

21-05-2025T13:46:25 - [TEST_STEP][PASSED] - documentInformationScreen.checkCreateDate(): Verify equals GUI: 21/05/2025 - DATA: 21/05/2025

21-05-2025T13:46:26 - [MESSAGE][PASSED] - Verify equals GUI: 21/05/2025 - DATA: 21/05/2025

21-05-2025T13:46:26 - [TEST_STEP][PASSED] - documentInformationScreen.checkFinishDate(document): Verify equals GUI: 22/05/2025 - DATA: 22/05/2025

21-05-2025T13:46:26 - [MESSAGE][PASSED] - Verify equals GUI: 22/05/2025 - DATA: 22/05/2025

21-05-2025T13:46:26 - [TEST_STEP][PASSED] - documentInformationScreen.checkPriority(document): Verify equals GUI: Bình thường - DATA: Bình thường

21-05-2025T13:46:27 - [MESSAGE][PASSED] - Verify equals GUI: Bình thường - DATA: Bình thường

21-05-2025T13:46:27 - [TEST_STEP][PASSED] - documentInformationScreen.checkDescription(document): Verify equals GUI: 014 DUYET TAI MAIN FILE_KHÔNG NHAP Y KIEN - DATA: 014 DUYET TAI MAIN FILE_KHÔNG NHAP Y KIEN

21-05-2025T13:46:27 - [MESSAGE][PASSED] - Verify equals GUI: 014 DUYET TAI MAIN FILE_KHÔNG NHAP Y KIEN - DATA: 014 DUYET TAI MAIN FILE_KHÔNG NHAP Y KIEN

21-05-2025T13:46:27 - [TEST_STEP][PASSED] - documentInformationScreen.checkAssigner(document): Verify contains GUI: Auto Test User 5 (auto5@hdbank.com.vn) - DATA: auto5@hdbank.com.vn

21-05-2025T13:46:30 - [MESSAGE][PASSED] - Verify contains GUI: Auto Test User 5 (auto5@hdbank.com.vn) - DATA: auto5@hdbank.com.vn

21-05-2025T13:46:30 - [TEST_STEP][PASSED] - documentInformationScreen.checkPresentFileName(document): Verify contains GUI: dummy_20250521134455.ozd - DATA: dummy

21-05-2025T13:46:32 - [MESSAGE][PASSED] - Verify contains GUI: dummy_20250521134455.ozd - DATA: dummy

21-05-2025T13:46:32 - [TEST_STEP][PASSED] - documentInformationScreen.checkAttachFileName(document): Expected true condition

21-05-2025T13:46:36 - [MESSAGE][PASSED] - Expected true condition

21-05-2025T13:46:36 - [TEST_STEP][PASSED] - documentInformationScreen.checkComment(auto6, COMMENT): Check comment of Auto Test User 6 is Không có bình luận

21-05-2025T13:46:38 - [MESSAGE][INFO] - GUI COMMENT: Không có bình luận - DATA COMMENT: Không có bình luận

21-05-2025T13:46:38 - [MESSAGE][PASSED] - Check comment of Auto Test User 6 is Không có bình luận

21-05-2025T13:46:38 - [TEST_STEP][PASSED] - documentInformationScreen.backToHome(): null

21-05-2025T13:46:48 - [TEST_STEP][PASSED] - inComingDocument.checkItemInDocument(): null

21-05-2025T13:46:48 - [TEST_STEP][PASSED] - Start listener action : afterTest: null

21-05-2025T13:46:48 - [TEST_STEP][PASSED] - if (testCaseStatus != "PASSED"): null

21-05-2025T13:46:48 - [TEST_STEP][PASSED] - drivers.Driver.closeApp(): drivers.Driver.closeApp is PASSED

21-05-2025T13:46:49 - [MESSAGE][PASSED] - drivers.Driver.closeApp is PASSED

21-05-2025T13:46:49 - [TEST_STEP][PASSED] - if (tsContext == null): null]]></system-out>
         <system-err><![CDATA[]]></system-err>
      </testcase>
      <testcase name="Test Cases/IPAPER APP/015 DUYET TAI MAIN FILE_NHAP Y KIEN" time="135.601" classname="Test Cases/IPAPER APP/015 DUYET TAI MAIN FILE_NHAP Y KIEN" status="ERROR">
         <error type="ERROR" message="Test Cases/IPAPER APP/015 DUYET TAI MAIN FILE_NHAP Y KIEN FAILED.&#xa;Reason:&#xa;org.openqa.selenium.StaleElementReferenceException: The previously found element &quot;Button (Element at index 0)&quot; is not present in the current view anymore. Make sure the application UI has the expected state. Original error: No matches found for Elements matching predicate 'fb_uid IN {&quot;03060000-0000-0000-DB2B-000000000000&quot;}' from input {(&#xa;    Button&#xa;)}&#xa;For documentation on this error, please visit: https://www.seleniumhq.org/exceptions/stale_element_reference.html&#xa;Build info: version: '3.141.59', revision: 'unknown', time: 'unknown'&#xa;System info: host: 'Cuong-Mac.local', ip: 'fe80:0:0:0:c43:6797:ebf2:3aad%en0', os.name: 'Mac OS X', os.arch: 'aarch64', os.version: '15.5', java.version: '17.0.7'&#xa;Driver info: io.appium.java_client.ios.IOSDriver&#xa;Capabilities {automationName: XCUITest, browserName: , databaseEnabled: false, fullReset: false, javascriptEnabled: true, locationContextEnabled: false, networkConnectionEnabled: false, noReset: true, platform: MAC, platformName: iOS, platformVersion: 18.4, takesScreenshot: true, udid: 00008110-000C10543443801E, webStorageEnabled: false}&#xa;Session ID: 01bfc3c6-5e13-4dc5-a0a0-9b9b6acbce73&#xa;	at java.base/jdk.internal.reflect.NativeConstructorAccessorImpl.newInstance0(Native Method)&#xa;	at java.base/jdk.internal.reflect.NativeConstructorAccessorImpl.newInstance(NativeConstructorAccessorImpl.java:77)&#xa;	at java.base/jdk.internal.reflect.DelegatingConstructorAccessorImpl.newInstance(DelegatingConstructorAccessorImpl.java:45)&#xa;	at org.openqa.selenium.remote.http.W3CHttpResponseCodec.createException(W3CHttpResponseCodec.java:187)&#xa;	at org.openqa.selenium.remote.http.W3CHttpResponseCodec.decode(W3CHttpResponseCodec.java:122)&#xa;	at org.openqa.selenium.remote.http.W3CHttpResponseCodec.decode(W3CHttpResponseCodec.java:49)&#xa;	at org.openqa.selenium.remote.HttpCommandExecutor.execute(HttpCommandExecutor.java:158)&#xa;	at io.appium.java_client.remote.AppiumCommandExecutor.execute(AppiumCommandExecutor.java:239)&#xa;	at org.openqa.selenium.remote.RemoteWebDriver.execute(RemoteWebDriver.java:552)&#xa;	at io.appium.java_client.DefaultGenericMobileDriver.execute(DefaultGenericMobileDriver.java:42)&#xa;	at io.appium.java_client.AppiumDriver.execute(AppiumDriver.java:1)&#xa;	at io.appium.java_client.ios.IOSDriver.execute(IOSDriver.java:1)&#xa;	at org.openqa.selenium.remote.RemoteWebElement.execute(RemoteWebElement.java:285)&#xa;	at io.appium.java_client.DefaultGenericMobileElement.execute(DefaultGenericMobileElement.java:45)&#xa;	at io.appium.java_client.MobileElement.execute(MobileElement.java:1)&#xa;	at io.appium.java_client.ios.IOSElement.execute(IOSElement.java:1)&#xa;	at org.openqa.selenium.remote.RemoteWebElement.click(RemoteWebElement.java:84)&#xa;	at base.BaseKeyword$Trait$Helper.clickToElement(BaseKeyword.groovy:89)&#xa;	at screens.DocumentInformationScreen.clickToElement(DocumentInformationScreen.groovy)&#xa;	at screens.DocumentInformationScreen.backToHome(DocumentInformationScreen.groovy:106)&#xa;	at 015 DUYET TAI MAIN FILE_NHAP Y KIEN.run(015 DUYET TAI MAIN FILE_NHAP Y KIEN:70)&#xa;	at com.kms.katalon.core.main.ScriptEngine.run(ScriptEngine.java:194)&#xa;	at com.kms.katalon.core.main.ScriptEngine.runScriptAsRawText(ScriptEngine.java:119)&#xa;	at com.kms.katalon.core.main.TestCaseExecutor.runScript(TestCaseExecutor.java:448)&#xa;	at com.kms.katalon.core.main.TestCaseExecutor.doExecute(TestCaseExecutor.java:439)&#xa;	at com.kms.katalon.core.main.TestCaseExecutor.processExecutionPhase(TestCaseExecutor.java:418)&#xa;	at com.kms.katalon.core.main.TestCaseExecutor.accessMainPhase(TestCaseExecutor.java:410)&#xa;	at com.kms.katalon.core.main.TestCaseExecutor.execute(TestCaseExecutor.java:285)&#xa;	at com.kms.katalon.core.common.CommonExecutor.accessTestCaseMainPhase(CommonExecutor.java:65)&#xa;	at com.kms.katalon.core.main.TestSuiteExecutor.accessTestSuiteMainPhase(TestSuiteExecutor.java:150)&#xa;	at com.kms.katalon.core.main.TestSuiteExecutor.execute(TestSuiteExecutor.java:106)&#xa;	at com.kms.katalon.core.main.TestCaseMain.startTestSuite(TestCaseMain.java:180)&#xa;	at TempTestSuite1747808312062.run(TempTestSuite1747808312062.groovy:35)&#xa;	at java.base/jdk.internal.reflect.NativeMethodAccessorImpl.invoke0(Native Method)&#xa;	at java.base/jdk.internal.reflect.NativeMethodAccessorImpl.invoke(NativeMethodAccessorImpl.java:77)&#xa;	at java.base/jdk.internal.reflect.DelegatingMethodAccessorImpl.invoke(DelegatingMethodAccessorImpl.java:43)&#xa;"/>
         <system-out><![CDATA[21-05-2025T13:46:49 - [TEST_CASE][ERROR] - Test Cases/IPAPER APP/015 DUYET TAI MAIN FILE_NHAP Y KIEN: Test Cases/IPAPER APP/015 DUYET TAI MAIN FILE_NHAP Y KIEN FAILED.
Reason:
org.openqa.selenium.StaleElementReferenceException: The previously found element "Button (Element at index 0)" is not present in the current view anymore. Make sure the application UI has the expected state. Original error: No matches found for Elements matching predicate 'fb_uid IN {"03060000-0000-0000-DB2B-000000000000"}' from input {(
    Button
)}
For documentation on this error, please visit: https://www.seleniumhq.org/exceptions/stale_element_reference.html
Build info: version: '3.141.59', revision: 'unknown', time: 'unknown'
System info: host: 'Cuong-Mac.local', ip: 'fe80:0:0:0:c43:6797:ebf2:3aad%en0', os.name: 'Mac OS X', os.arch: 'aarch64', os.version: '15.5', java.version: '17.0.7'
Driver info: io.appium.java_client.ios.IOSDriver
Capabilities {automationName: XCUITest, browserName: , databaseEnabled: false, fullReset: false, javascriptEnabled: true, locationContextEnabled: false, networkConnectionEnabled: false, noReset: true, platform: MAC, platformName: iOS, platformVersion: 18.4, takesScreenshot: true, udid: 00008110-000C10543443801E, webStorageEnabled: false}
Session ID: 01bfc3c6-5e13-4dc5-a0a0-9b9b6acbce73
	at java.base/jdk.internal.reflect.NativeConstructorAccessorImpl.newInstance0(Native Method)
	at java.base/jdk.internal.reflect.NativeConstructorAccessorImpl.newInstance(NativeConstructorAccessorImpl.java:77)
	at java.base/jdk.internal.reflect.DelegatingConstructorAccessorImpl.newInstance(DelegatingConstructorAccessorImpl.java:45)
	at org.openqa.selenium.remote.http.W3CHttpResponseCodec.createException(W3CHttpResponseCodec.java:187)
	at org.openqa.selenium.remote.http.W3CHttpResponseCodec.decode(W3CHttpResponseCodec.java:122)
	at org.openqa.selenium.remote.http.W3CHttpResponseCodec.decode(W3CHttpResponseCodec.java:49)
	at org.openqa.selenium.remote.HttpCommandExecutor.execute(HttpCommandExecutor.java:158)
	at io.appium.java_client.remote.AppiumCommandExecutor.execute(AppiumCommandExecutor.java:239)
	at org.openqa.selenium.remote.RemoteWebDriver.execute(RemoteWebDriver.java:552)
	at io.appium.java_client.DefaultGenericMobileDriver.execute(DefaultGenericMobileDriver.java:42)
	at io.appium.java_client.AppiumDriver.execute(AppiumDriver.java:1)
	at io.appium.java_client.ios.IOSDriver.execute(IOSDriver.java:1)
	at org.openqa.selenium.remote.RemoteWebElement.execute(RemoteWebElement.java:285)
	at io.appium.java_client.DefaultGenericMobileElement.execute(DefaultGenericMobileElement.java:45)
	at io.appium.java_client.MobileElement.execute(MobileElement.java:1)
	at io.appium.java_client.ios.IOSElement.execute(IOSElement.java:1)
	at org.openqa.selenium.remote.RemoteWebElement.click(RemoteWebElement.java:84)
	at base.BaseKeyword$Trait$Helper.clickToElement(BaseKeyword.groovy:89)
	at screens.DocumentInformationScreen.clickToElement(DocumentInformationScreen.groovy)
	at screens.DocumentInformationScreen.backToHome(DocumentInformationScreen.groovy:106)
	at 015 DUYET TAI MAIN FILE_NHAP Y KIEN.run(015 DUYET TAI MAIN FILE_NHAP Y KIEN:70)
	at com.kms.katalon.core.main.ScriptEngine.run(ScriptEngine.java:194)
	at com.kms.katalon.core.main.ScriptEngine.runScriptAsRawText(ScriptEngine.java:119)
	at com.kms.katalon.core.main.TestCaseExecutor.runScript(TestCaseExecutor.java:448)
	at com.kms.katalon.core.main.TestCaseExecutor.doExecute(TestCaseExecutor.java:439)
	at com.kms.katalon.core.main.TestCaseExecutor.processExecutionPhase(TestCaseExecutor.java:418)
	at com.kms.katalon.core.main.TestCaseExecutor.accessMainPhase(TestCaseExecutor.java:410)
	at com.kms.katalon.core.main.TestCaseExecutor.execute(TestCaseExecutor.java:285)
	at com.kms.katalon.core.common.CommonExecutor.accessTestCaseMainPhase(CommonExecutor.java:65)
	at com.kms.katalon.core.main.TestSuiteExecutor.accessTestSuiteMainPhase(TestSuiteExecutor.java:150)
	at com.kms.katalon.core.main.TestSuiteExecutor.execute(TestSuiteExecutor.java:106)
	at com.kms.katalon.core.main.TestCaseMain.startTestSuite(TestCaseMain.java:180)
	at TempTestSuite1747808312062.run(TempTestSuite1747808312062.groovy:35)
	at java.base/jdk.internal.reflect.NativeMethodAccessorImpl.invoke0(Native Method)
	at java.base/jdk.internal.reflect.NativeMethodAccessorImpl.invoke(NativeMethodAccessorImpl.java:77)
	at java.base/jdk.internal.reflect.DelegatingMethodAccessorImpl.invoke(DelegatingMethodAccessorImpl.java:43)


21-05-2025T13:46:49 - [TEST_STEP][PASSED] - Start listener action : beforeTest: drivers.Driver.openApp is PASSED

21-05-2025T13:46:49 - [TEST_STEP][PASSED] - DataTest.init(): null

21-05-2025T13:46:49 - [TEST_STEP][PASSED] - testCaseId = split("/").last(): null

21-05-2025T13:46:49 - [TEST_STEP][PASSED] - if (!(drivers.Driver.isAppiumRunning())): drivers.Driver.isAppiumRunning is PASSED

21-05-2025T13:46:49 - [MESSAGE][INFO] - Appium running: true

21-05-2025T13:46:49 - [MESSAGE][PASSED] - drivers.Driver.isAppiumRunning is PASSED

21-05-2025T13:46:49 - [TEST_STEP][PASSED] - if (driver == null || driver.getSessionId() == null): null

21-05-2025T13:46:49 - [TEST_STEP][PASSED] - drivers.Driver.openApp(): drivers.Driver.openApp is PASSED

21-05-2025T13:46:50 - [MESSAGE][PASSED] - drivers.Driver.openApp is PASSED

21-05-2025T13:46:50 - [TEST_STEP][PASSED] - REQUEST_NAME = "Trình ký PDF có sẵn": null

21-05-2025T13:46:50 - [TEST_STEP][PASSED] - COMMENT = "Commented by automation team": null

21-05-2025T13:46:50 - [TEST_STEP][PASSED] - auto5 = DataTest.getUserTest5(): null

21-05-2025T13:46:50 - [TEST_STEP][PASSED] - auto6 = DataTest.getUserTest6(): null

21-05-2025T13:46:50 - [TEST_STEP][PASSED] - document = DataTest.createDocumentTest(auto5, auto6, null, "dummy.pdf", "dummy.pdf"): null

21-05-2025T13:46:50 - [TEST_STEP][PASSED] - loginScreen.login(auto5): null

21-05-2025T13:47:01 - [TEST_STEP][PASSED] - homeScreen.openRequestList(): null

21-05-2025T13:47:01 - [TEST_STEP][PASSED] - homeScreen.createRequest(REQUEST_NAME): null

21-05-2025T13:47:04 - [TEST_STEP][PASSED] - pdfSignScreen.fillInTitle(document.getTitle()): null

21-05-2025T13:47:09 - [TEST_STEP][PASSED] - pdfSignScreen.selectPriority(document.getPriority()): null

21-05-2025T13:47:12 - [TEST_STEP][PASSED] - pdfSignScreen.selectTime(document.getTime()): null

21-05-2025T13:47:21 - [TEST_STEP][PASSED] - pdfSignScreen.fillInDescription(document.getDescription()): null

21-05-2025T13:47:24 - [TEST_STEP][PASSED] - pdfSignScreen.selectAssigner(getAssigner().getEmail()): null

21-05-2025T13:47:37 - [TEST_STEP][PASSED] - pdfSignScreen.openMainFileBrowser(): null

21-05-2025T13:47:39 - [TEST_STEP][PASSED] - fileBrowserScreen.attachFile(document.getMainFileName()): null

21-05-2025T13:47:48 - [TEST_STEP][PASSED] - pdfSignScreen.openSubFileBrowser(): null

21-05-2025T13:47:50 - [TEST_STEP][PASSED] - fileBrowserScreen.attachFile(document.getSubFileName()): null

21-05-2025T13:47:58 - [TEST_STEP][PASSED] - pdfSignScreen.performAction(SEND_APPROVE): null

21-05-2025T13:48:01 - [TEST_STEP][PASSED] - pdfSignScreen.fillInOpinion(document.getComment()): null

21-05-2025T13:48:03 - [TEST_STEP][PASSED] - pdfSignScreen.submitRequest(): null

21-05-2025T13:48:11 - [TEST_STEP][PASSED] - documentInformationScreen.backToHome(): null

21-05-2025T13:48:11 - [TEST_STEP][PASSED] - homeScreen.logout(): null

21-05-2025T13:48:20 - [TEST_STEP][PASSED] - document.setStatus(WAIT_APPROVE): null

21-05-2025T13:48:20 - [TEST_STEP][PASSED] - document.setAssigner(auto5): null

21-05-2025T13:48:20 - [TEST_STEP][PASSED] - loginScreen.login(auto6): null

21-05-2025T13:48:30 - [TEST_STEP][PASSED] - homeScreen.goToIncomingDocument(): null

21-05-2025T13:48:31 - [TEST_STEP][PASSED] - inComingDocument.viewMainFile(document): View main file document: Trình ký 1747810010904

21-05-2025T13:48:31 - [MESSAGE][INFO] - View main file document: Trình ký 1747810010904

21-05-2025T13:48:43 - [TEST_STEP][PASSED] - document.setSender(auto6): null

21-05-2025T13:48:43 - [TEST_STEP][PASSED] - documentInformationScreen.performAction(document, APPROVE, COMMENT): null

21-05-2025T13:48:58 - [TEST_STEP][ERROR] - documentInformationScreen.backToHome(): Test Cases/IPAPER APP/015 DUYET TAI MAIN FILE_NHAP Y KIEN FAILED.
Reason:
org.openqa.selenium.StaleElementReferenceException: The previously found element "Button (Element at index 0)" is not present in the current view anymore. Make sure the application UI has the expected state. Original error: No matches found for Elements matching predicate 'fb_uid IN {"03060000-0000-0000-DB2B-000000000000"}' from input {(
    Button
)}
For documentation on this error, please visit: https://www.seleniumhq.org/exceptions/stale_element_reference.html
Build info: version: '3.141.59', revision: 'unknown', time: 'unknown'
System info: host: 'Cuong-Mac.local', ip: 'fe80:0:0:0:c43:6797:ebf2:3aad%en0', os.name: 'Mac OS X', os.arch: 'aarch64', os.version: '15.5', java.version: '17.0.7'
Driver info: io.appium.java_client.ios.IOSDriver
Capabilities {automationName: XCUITest, browserName: , databaseEnabled: false, fullReset: false, javascriptEnabled: true, locationContextEnabled: false, networkConnectionEnabled: false, noReset: true, platform: MAC, platformName: iOS, platformVersion: 18.4, takesScreenshot: true, udid: 00008110-000C10543443801E, webStorageEnabled: false}
Session ID: 01bfc3c6-5e13-4dc5-a0a0-9b9b6acbce73
	at java.base/jdk.internal.reflect.NativeConstructorAccessorImpl.newInstance0(Native Method)
	at java.base/jdk.internal.reflect.NativeConstructorAccessorImpl.newInstance(NativeConstructorAccessorImpl.java:77)
	at java.base/jdk.internal.reflect.DelegatingConstructorAccessorImpl.newInstance(DelegatingConstructorAccessorImpl.java:45)
	at org.openqa.selenium.remote.http.W3CHttpResponseCodec.createException(W3CHttpResponseCodec.java:187)
	at org.openqa.selenium.remote.http.W3CHttpResponseCodec.decode(W3CHttpResponseCodec.java:122)
	at org.openqa.selenium.remote.http.W3CHttpResponseCodec.decode(W3CHttpResponseCodec.java:49)
	at org.openqa.selenium.remote.HttpCommandExecutor.execute(HttpCommandExecutor.java:158)
	at io.appium.java_client.remote.AppiumCommandExecutor.execute(AppiumCommandExecutor.java:239)
	at org.openqa.selenium.remote.RemoteWebDriver.execute(RemoteWebDriver.java:552)
	at io.appium.java_client.DefaultGenericMobileDriver.execute(DefaultGenericMobileDriver.java:42)
	at io.appium.java_client.AppiumDriver.execute(AppiumDriver.java:1)
	at io.appium.java_client.ios.IOSDriver.execute(IOSDriver.java:1)
	at org.openqa.selenium.remote.RemoteWebElement.execute(RemoteWebElement.java:285)
	at io.appium.java_client.DefaultGenericMobileElement.execute(DefaultGenericMobileElement.java:45)
	at io.appium.java_client.MobileElement.execute(MobileElement.java:1)
	at io.appium.java_client.ios.IOSElement.execute(IOSElement.java:1)
	at org.openqa.selenium.remote.RemoteWebElement.click(RemoteWebElement.java:84)
	at base.BaseKeyword$Trait$Helper.clickToElement(BaseKeyword.groovy:89)
	at screens.DocumentInformationScreen.clickToElement(DocumentInformationScreen.groovy)
	at screens.DocumentInformationScreen.backToHome(DocumentInformationScreen.groovy:106)
	at 015 DUYET TAI MAIN FILE_NHAP Y KIEN.run(015 DUYET TAI MAIN FILE_NHAP Y KIEN:70)
	at com.kms.katalon.core.main.ScriptEngine.run(ScriptEngine.java:194)
	at com.kms.katalon.core.main.ScriptEngine.runScriptAsRawText(ScriptEngine.java:119)
	at com.kms.katalon.core.main.TestCaseExecutor.runScript(TestCaseExecutor.java:448)
	at com.kms.katalon.core.main.TestCaseExecutor.doExecute(TestCaseExecutor.java:439)
	at com.kms.katalon.core.main.TestCaseExecutor.processExecutionPhase(TestCaseExecutor.java:418)
	at com.kms.katalon.core.main.TestCaseExecutor.accessMainPhase(TestCaseExecutor.java:410)
	at com.kms.katalon.core.main.TestCaseExecutor.execute(TestCaseExecutor.java:285)
	at com.kms.katalon.core.common.CommonExecutor.accessTestCaseMainPhase(CommonExecutor.java:65)
	at com.kms.katalon.core.main.TestSuiteExecutor.accessTestSuiteMainPhase(TestSuiteExecutor.java:150)
	at com.kms.katalon.core.main.TestSuiteExecutor.execute(TestSuiteExecutor.java:106)
	at com.kms.katalon.core.main.TestCaseMain.startTestSuite(TestCaseMain.java:180)
	at TempTestSuite1747808312062.run(TempTestSuite1747808312062.groovy:35)
	at java.base/jdk.internal.reflect.NativeMethodAccessorImpl.invoke0(Native Method)
	at java.base/jdk.internal.reflect.NativeMethodAccessorImpl.invoke(NativeMethodAccessorImpl.java:77)
	at java.base/jdk.internal.reflect.DelegatingMethodAccessorImpl.invoke(DelegatingMethodAccessorImpl.java:43)


21-05-2025T13:49:03 - [MESSAGE][ERROR] - Test Cases/IPAPER APP/015 DUYET TAI MAIN FILE_NHAP Y KIEN FAILED.
Reason:
org.openqa.selenium.StaleElementReferenceException: The previously found element "Button (Element at index 0)" is not present in the current view anymore. Make sure the application UI has the expected state. Original error: No matches found for Elements matching predicate 'fb_uid IN {"03060000-0000-0000-DB2B-000000000000"}' from input {(
    Button
)}
For documentation on this error, please visit: https://www.seleniumhq.org/exceptions/stale_element_reference.html
Build info: version: '3.141.59', revision: 'unknown', time: 'unknown'
System info: host: 'Cuong-Mac.local', ip: 'fe80:0:0:0:c43:6797:ebf2:3aad%en0', os.name: 'Mac OS X', os.arch: 'aarch64', os.version: '15.5', java.version: '17.0.7'
Driver info: io.appium.java_client.ios.IOSDriver
Capabilities {automationName: XCUITest, browserName: , databaseEnabled: false, fullReset: false, javascriptEnabled: true, locationContextEnabled: false, networkConnectionEnabled: false, noReset: true, platform: MAC, platformName: iOS, platformVersion: 18.4, takesScreenshot: true, udid: 00008110-000C10543443801E, webStorageEnabled: false}
Session ID: 01bfc3c6-5e13-4dc5-a0a0-9b9b6acbce73
	at java.base/jdk.internal.reflect.NativeConstructorAccessorImpl.newInstance0(Native Method)
	at java.base/jdk.internal.reflect.NativeConstructorAccessorImpl.newInstance(NativeConstructorAccessorImpl.java:77)
	at java.base/jdk.internal.reflect.DelegatingConstructorAccessorImpl.newInstance(DelegatingConstructorAccessorImpl.java:45)
	at org.openqa.selenium.remote.http.W3CHttpResponseCodec.createException(W3CHttpResponseCodec.java:187)
	at org.openqa.selenium.remote.http.W3CHttpResponseCodec.decode(W3CHttpResponseCodec.java:122)
	at org.openqa.selenium.remote.http.W3CHttpResponseCodec.decode(W3CHttpResponseCodec.java:49)
	at org.openqa.selenium.remote.HttpCommandExecutor.execute(HttpCommandExecutor.java:158)
	at io.appium.java_client.remote.AppiumCommandExecutor.execute(AppiumCommandExecutor.java:239)
	at org.openqa.selenium.remote.RemoteWebDriver.execute(RemoteWebDriver.java:552)
	at io.appium.java_client.DefaultGenericMobileDriver.execute(DefaultGenericMobileDriver.java:42)
	at io.appium.java_client.AppiumDriver.execute(AppiumDriver.java:1)
	at io.appium.java_client.ios.IOSDriver.execute(IOSDriver.java:1)
	at org.openqa.selenium.remote.RemoteWebElement.execute(RemoteWebElement.java:285)
	at io.appium.java_client.DefaultGenericMobileElement.execute(DefaultGenericMobileElement.java:45)
	at io.appium.java_client.MobileElement.execute(MobileElement.java:1)
	at io.appium.java_client.ios.IOSElement.execute(IOSElement.java:1)
	at org.openqa.selenium.remote.RemoteWebElement.click(RemoteWebElement.java:84)
	at base.BaseKeyword$Trait$Helper.clickToElement(BaseKeyword.groovy:89)
	at screens.DocumentInformationScreen.clickToElement(DocumentInformationScreen.groovy)
	at screens.DocumentInformationScreen.backToHome(DocumentInformationScreen.groovy:106)
	at 015 DUYET TAI MAIN FILE_NHAP Y KIEN.run(015 DUYET TAI MAIN FILE_NHAP Y KIEN:70)
	at com.kms.katalon.core.main.ScriptEngine.run(ScriptEngine.java:194)
	at com.kms.katalon.core.main.ScriptEngine.runScriptAsRawText(ScriptEngine.java:119)
	at com.kms.katalon.core.main.TestCaseExecutor.runScript(TestCaseExecutor.java:448)
	at com.kms.katalon.core.main.TestCaseExecutor.doExecute(TestCaseExecutor.java:439)
	at com.kms.katalon.core.main.TestCaseExecutor.processExecutionPhase(TestCaseExecutor.java:418)
	at com.kms.katalon.core.main.TestCaseExecutor.accessMainPhase(TestCaseExecutor.java:410)
	at com.kms.katalon.core.main.TestCaseExecutor.execute(TestCaseExecutor.java:285)
	at com.kms.katalon.core.common.CommonExecutor.accessTestCaseMainPhase(CommonExecutor.java:65)
	at com.kms.katalon.core.main.TestSuiteExecutor.accessTestSuiteMainPhase(TestSuiteExecutor.java:150)
	at com.kms.katalon.core.main.TestSuiteExecutor.execute(TestSuiteExecutor.java:106)
	at com.kms.katalon.core.main.TestCaseMain.startTestSuite(TestCaseMain.java:180)
	at TempTestSuite1747808312062.run(TempTestSuite1747808312062.groovy:35)
	at java.base/jdk.internal.reflect.NativeMethodAccessorImpl.invoke0(Native Method)
	at java.base/jdk.internal.reflect.NativeMethodAccessorImpl.invoke(NativeMethodAccessorImpl.java:77)
	at java.base/jdk.internal.reflect.DelegatingMethodAccessorImpl.invoke(DelegatingMethodAccessorImpl.java:43)


21-05-2025T13:49:03 - [TEST_STEP][PASSED] - Start listener action : afterTest: null

21-05-2025T13:49:03 - [TEST_STEP][PASSED] - if (testCaseStatus != "PASSED"): Screenshot is taken

21-05-2025T13:49:03 - [TEST_STEP][PASSED] - takeScreenshot(ErrorScreen/$GlobalVariable.PLATFORM/$testCaseContext.getTestCaseId().png): Screenshot is taken

21-05-2025T13:49:03 - [MESSAGE][PASSED] - Screenshot is taken
[[ATTACHMENT|ErrorScreen/iOS/Test Cases/IPAPER APP/015 DUYET TAI MAIN FILE_NHAP Y KIEN.png]]

21-05-2025T13:49:03 - [TEST_STEP][PASSED] - drivers.Driver.closeApp(): drivers.Driver.closeApp is PASSED

21-05-2025T13:49:04 - [MESSAGE][PASSED] - drivers.Driver.closeApp is PASSED

21-05-2025T13:49:04 - [TEST_STEP][PASSED] - if (tsContext == null): null]]></system-out>
         <system-err><![CDATA[21-05-2025T13:46:49 - [TEST_CASE][ERROR] - Test Cases/IPAPER APP/015 DUYET TAI MAIN FILE_NHAP Y KIEN: Test Cases/IPAPER APP/015 DUYET TAI MAIN FILE_NHAP Y KIEN FAILED.
Reason:
org.openqa.selenium.StaleElementReferenceException: The previously found element "Button (Element at index 0)" is not present in the current view anymore. Make sure the application UI has the expected state. Original error: No matches found for Elements matching predicate 'fb_uid IN {"03060000-0000-0000-DB2B-000000000000"}' from input {(
    Button
)}
For documentation on this error, please visit: https://www.seleniumhq.org/exceptions/stale_element_reference.html
Build info: version: '3.141.59', revision: 'unknown', time: 'unknown'
System info: host: 'Cuong-Mac.local', ip: 'fe80:0:0:0:c43:6797:ebf2:3aad%en0', os.name: 'Mac OS X', os.arch: 'aarch64', os.version: '15.5', java.version: '17.0.7'
Driver info: io.appium.java_client.ios.IOSDriver
Capabilities {automationName: XCUITest, browserName: , databaseEnabled: false, fullReset: false, javascriptEnabled: true, locationContextEnabled: false, networkConnectionEnabled: false, noReset: true, platform: MAC, platformName: iOS, platformVersion: 18.4, takesScreenshot: true, udid: 00008110-000C10543443801E, webStorageEnabled: false}
Session ID: 01bfc3c6-5e13-4dc5-a0a0-9b9b6acbce73
	at java.base/jdk.internal.reflect.NativeConstructorAccessorImpl.newInstance0(Native Method)
	at java.base/jdk.internal.reflect.NativeConstructorAccessorImpl.newInstance(NativeConstructorAccessorImpl.java:77)
	at java.base/jdk.internal.reflect.DelegatingConstructorAccessorImpl.newInstance(DelegatingConstructorAccessorImpl.java:45)
	at org.openqa.selenium.remote.http.W3CHttpResponseCodec.createException(W3CHttpResponseCodec.java:187)
	at org.openqa.selenium.remote.http.W3CHttpResponseCodec.decode(W3CHttpResponseCodec.java:122)
	at org.openqa.selenium.remote.http.W3CHttpResponseCodec.decode(W3CHttpResponseCodec.java:49)
	at org.openqa.selenium.remote.HttpCommandExecutor.execute(HttpCommandExecutor.java:158)
	at io.appium.java_client.remote.AppiumCommandExecutor.execute(AppiumCommandExecutor.java:239)
	at org.openqa.selenium.remote.RemoteWebDriver.execute(RemoteWebDriver.java:552)
	at io.appium.java_client.DefaultGenericMobileDriver.execute(DefaultGenericMobileDriver.java:42)
	at io.appium.java_client.AppiumDriver.execute(AppiumDriver.java:1)
	at io.appium.java_client.ios.IOSDriver.execute(IOSDriver.java:1)
	at org.openqa.selenium.remote.RemoteWebElement.execute(RemoteWebElement.java:285)
	at io.appium.java_client.DefaultGenericMobileElement.execute(DefaultGenericMobileElement.java:45)
	at io.appium.java_client.MobileElement.execute(MobileElement.java:1)
	at io.appium.java_client.ios.IOSElement.execute(IOSElement.java:1)
	at org.openqa.selenium.remote.RemoteWebElement.click(RemoteWebElement.java:84)
	at base.BaseKeyword$Trait$Helper.clickToElement(BaseKeyword.groovy:89)
	at screens.DocumentInformationScreen.clickToElement(DocumentInformationScreen.groovy)
	at screens.DocumentInformationScreen.backToHome(DocumentInformationScreen.groovy:106)
	at 015 DUYET TAI MAIN FILE_NHAP Y KIEN.run(015 DUYET TAI MAIN FILE_NHAP Y KIEN:70)
	at com.kms.katalon.core.main.ScriptEngine.run(ScriptEngine.java:194)
	at com.kms.katalon.core.main.ScriptEngine.runScriptAsRawText(ScriptEngine.java:119)
	at com.kms.katalon.core.main.TestCaseExecutor.runScript(TestCaseExecutor.java:448)
	at com.kms.katalon.core.main.TestCaseExecutor.doExecute(TestCaseExecutor.java:439)
	at com.kms.katalon.core.main.TestCaseExecutor.processExecutionPhase(TestCaseExecutor.java:418)
	at com.kms.katalon.core.main.TestCaseExecutor.accessMainPhase(TestCaseExecutor.java:410)
	at com.kms.katalon.core.main.TestCaseExecutor.execute(TestCaseExecutor.java:285)
	at com.kms.katalon.core.common.CommonExecutor.accessTestCaseMainPhase(CommonExecutor.java:65)
	at com.kms.katalon.core.main.TestSuiteExecutor.accessTestSuiteMainPhase(TestSuiteExecutor.java:150)
	at com.kms.katalon.core.main.TestSuiteExecutor.execute(TestSuiteExecutor.java:106)
	at com.kms.katalon.core.main.TestCaseMain.startTestSuite(TestCaseMain.java:180)
	at TempTestSuite1747808312062.run(TempTestSuite1747808312062.groovy:35)
	at java.base/jdk.internal.reflect.NativeMethodAccessorImpl.invoke0(Native Method)
	at java.base/jdk.internal.reflect.NativeMethodAccessorImpl.invoke(NativeMethodAccessorImpl.java:77)
	at java.base/jdk.internal.reflect.DelegatingMethodAccessorImpl.invoke(DelegatingMethodAccessorImpl.java:43)]]></system-err>
      </testcase>
      <testcase name="Test Cases/IPAPER APP/016 DUYET CO CC_KHONG NHAP Y KIEN" time="110.631" classname="Test Cases/IPAPER APP/016 DUYET CO CC_KHONG NHAP Y KIEN" status="ERROR">
         <error type="ERROR" message="Test Cases/IPAPER APP/016 DUYET CO CC_KHONG NHAP Y KIEN FAILED.&#xa;Reason:&#xa;org.openqa.selenium.TimeoutException: Expected condition failed: waiting for base.BaseKeyword$Trait$Helper$_waitForPresentOf_closure1@6e1e4870 (tried for 30 second(s) with 500 milliseconds interval)&#xa;Build info: version: '3.141.59', revision: 'unknown', time: 'unknown'&#xa;System info: host: 'Cuong-Mac.local', ip: 'fe80:0:0:0:c43:6797:ebf2:3aad%en0', os.name: 'Mac OS X', os.arch: 'aarch64', os.version: '15.5', java.version: '17.0.7'&#xa;Driver info: io.appium.java_client.ios.IOSDriver&#xa;Capabilities {automationName: XCUITest, browserName: , databaseEnabled: false, fullReset: false, javascriptEnabled: true, locationContextEnabled: false, networkConnectionEnabled: false, noReset: true, platform: MAC, platformName: iOS, platformVersion: 18.4, takesScreenshot: true, udid: 00008110-000C10543443801E, webStorageEnabled: false}&#xa;Session ID: 01bfc3c6-5e13-4dc5-a0a0-9b9b6acbce73&#xa;	at org.openqa.selenium.support.ui.WebDriverWait.timeoutException(WebDriverWait.java:95)&#xa;	at org.openqa.selenium.support.ui.FluentWait.until(FluentWait.java:272)&#xa;	at base.BaseKeyword$Trait$Helper.waitForPresentOf(BaseKeyword.groovy:341)&#xa;	at screens.PDFSignScreen.waitForPresentOf(PDFSignScreen.groovy)&#xa;	at screens.PDFSignScreen.submitRequest(PDFSignScreen.groovy:179)&#xa;	at 016 DUYET CO CC_KHONG NHAP Y KIEN.run(016 DUYET CO CC_KHONG NHAP Y KIEN:50)&#xa;	at com.kms.katalon.core.main.ScriptEngine.run(ScriptEngine.java:194)&#xa;	at com.kms.katalon.core.main.ScriptEngine.runScriptAsRawText(ScriptEngine.java:119)&#xa;	at com.kms.katalon.core.main.TestCaseExecutor.runScript(TestCaseExecutor.java:448)&#xa;	at com.kms.katalon.core.main.TestCaseExecutor.doExecute(TestCaseExecutor.java:439)&#xa;	at com.kms.katalon.core.main.TestCaseExecutor.processExecutionPhase(TestCaseExecutor.java:418)&#xa;	at com.kms.katalon.core.main.TestCaseExecutor.accessMainPhase(TestCaseExecutor.java:410)&#xa;	at com.kms.katalon.core.main.TestCaseExecutor.execute(TestCaseExecutor.java:285)&#xa;	at com.kms.katalon.core.common.CommonExecutor.accessTestCaseMainPhase(CommonExecutor.java:65)&#xa;	at com.kms.katalon.core.main.TestSuiteExecutor.accessTestSuiteMainPhase(TestSuiteExecutor.java:150)&#xa;	at com.kms.katalon.core.main.TestSuiteExecutor.execute(TestSuiteExecutor.java:106)&#xa;	at com.kms.katalon.core.main.TestCaseMain.startTestSuite(TestCaseMain.java:180)&#xa;	at TempTestSuite1747808312062.run(TempTestSuite1747808312062.groovy:35)&#xa;	at java.base/jdk.internal.reflect.NativeMethodAccessorImpl.invoke0(Native Method)&#xa;	at java.base/jdk.internal.reflect.NativeMethodAccessorImpl.invoke(NativeMethodAccessorImpl.java:77)&#xa;	at java.base/jdk.internal.reflect.DelegatingMethodAccessorImpl.invoke(DelegatingMethodAccessorImpl.java:43)&#xa;"/>
         <system-out><![CDATA[21-05-2025T13:49:04 - [TEST_CASE][ERROR] - Test Cases/IPAPER APP/016 DUYET CO CC_KHONG NHAP Y KIEN: Test Cases/IPAPER APP/016 DUYET CO CC_KHONG NHAP Y KIEN FAILED.
Reason:
org.openqa.selenium.TimeoutException: Expected condition failed: waiting for base.BaseKeyword$Trait$Helper$_waitForPresentOf_closure1@6e1e4870 (tried for 30 second(s) with 500 milliseconds interval)
Build info: version: '3.141.59', revision: 'unknown', time: 'unknown'
System info: host: 'Cuong-Mac.local', ip: 'fe80:0:0:0:c43:6797:ebf2:3aad%en0', os.name: 'Mac OS X', os.arch: 'aarch64', os.version: '15.5', java.version: '17.0.7'
Driver info: io.appium.java_client.ios.IOSDriver
Capabilities {automationName: XCUITest, browserName: , databaseEnabled: false, fullReset: false, javascriptEnabled: true, locationContextEnabled: false, networkConnectionEnabled: false, noReset: true, platform: MAC, platformName: iOS, platformVersion: 18.4, takesScreenshot: true, udid: 00008110-000C10543443801E, webStorageEnabled: false}
Session ID: 01bfc3c6-5e13-4dc5-a0a0-9b9b6acbce73
	at org.openqa.selenium.support.ui.WebDriverWait.timeoutException(WebDriverWait.java:95)
	at org.openqa.selenium.support.ui.FluentWait.until(FluentWait.java:272)
	at base.BaseKeyword$Trait$Helper.waitForPresentOf(BaseKeyword.groovy:341)
	at screens.PDFSignScreen.waitForPresentOf(PDFSignScreen.groovy)
	at screens.PDFSignScreen.submitRequest(PDFSignScreen.groovy:179)
	at 016 DUYET CO CC_KHONG NHAP Y KIEN.run(016 DUYET CO CC_KHONG NHAP Y KIEN:50)
	at com.kms.katalon.core.main.ScriptEngine.run(ScriptEngine.java:194)
	at com.kms.katalon.core.main.ScriptEngine.runScriptAsRawText(ScriptEngine.java:119)
	at com.kms.katalon.core.main.TestCaseExecutor.runScript(TestCaseExecutor.java:448)
	at com.kms.katalon.core.main.TestCaseExecutor.doExecute(TestCaseExecutor.java:439)
	at com.kms.katalon.core.main.TestCaseExecutor.processExecutionPhase(TestCaseExecutor.java:418)
	at com.kms.katalon.core.main.TestCaseExecutor.accessMainPhase(TestCaseExecutor.java:410)
	at com.kms.katalon.core.main.TestCaseExecutor.execute(TestCaseExecutor.java:285)
	at com.kms.katalon.core.common.CommonExecutor.accessTestCaseMainPhase(CommonExecutor.java:65)
	at com.kms.katalon.core.main.TestSuiteExecutor.accessTestSuiteMainPhase(TestSuiteExecutor.java:150)
	at com.kms.katalon.core.main.TestSuiteExecutor.execute(TestSuiteExecutor.java:106)
	at com.kms.katalon.core.main.TestCaseMain.startTestSuite(TestCaseMain.java:180)
	at TempTestSuite1747808312062.run(TempTestSuite1747808312062.groovy:35)
	at java.base/jdk.internal.reflect.NativeMethodAccessorImpl.invoke0(Native Method)
	at java.base/jdk.internal.reflect.NativeMethodAccessorImpl.invoke(NativeMethodAccessorImpl.java:77)
	at java.base/jdk.internal.reflect.DelegatingMethodAccessorImpl.invoke(DelegatingMethodAccessorImpl.java:43)


21-05-2025T13:49:04 - [TEST_STEP][PASSED] - Start listener action : beforeTest: drivers.Driver.openApp is PASSED

21-05-2025T13:49:04 - [TEST_STEP][PASSED] - DataTest.init(): null

21-05-2025T13:49:04 - [TEST_STEP][PASSED] - testCaseId = split("/").last(): null

21-05-2025T13:49:04 - [TEST_STEP][PASSED] - if (!(drivers.Driver.isAppiumRunning())): drivers.Driver.isAppiumRunning is PASSED

21-05-2025T13:49:04 - [MESSAGE][INFO] - Appium running: true

21-05-2025T13:49:04 - [MESSAGE][PASSED] - drivers.Driver.isAppiumRunning is PASSED

21-05-2025T13:49:04 - [TEST_STEP][PASSED] - if (driver == null || driver.getSessionId() == null): null

21-05-2025T13:49:04 - [TEST_STEP][PASSED] - drivers.Driver.openApp(): drivers.Driver.openApp is PASSED

21-05-2025T13:49:06 - [MESSAGE][PASSED] - drivers.Driver.openApp is PASSED

21-05-2025T13:49:06 - [TEST_STEP][PASSED] - REQUEST_NAME = "Trình ký PDF có sẵn": null

21-05-2025T13:49:06 - [TEST_STEP][PASSED] - COMMENT = "Không có bình luận": null

21-05-2025T13:49:06 - [TEST_STEP][PASSED] - auto5 = DataTest.getUserTest5(): null

21-05-2025T13:49:06 - [TEST_STEP][PASSED] - auto6 = DataTest.getUserTest6(): null

21-05-2025T13:49:06 - [TEST_STEP][PASSED] - auto7 = DataTest.getUserTest7(): null

21-05-2025T13:49:06 - [TEST_STEP][PASSED] - document = DataTest.createDocumentTest(auto5, auto6, null, "dummy.pdf", "dummy.pdf"): null

21-05-2025T13:49:06 - [TEST_STEP][PASSED] - loginScreen.login(auto5): null

21-05-2025T13:49:16 - [TEST_STEP][PASSED] - homeScreen.openRequestList(): null

21-05-2025T13:49:17 - [TEST_STEP][PASSED] - homeScreen.createRequest(REQUEST_NAME): null

21-05-2025T13:49:22 - [TEST_STEP][PASSED] - pdfSignScreen.fillInTitle(document.getTitle()): null

21-05-2025T13:49:26 - [TEST_STEP][PASSED] - pdfSignScreen.selectPriority(document.getPriority()): null

21-05-2025T13:49:30 - [TEST_STEP][PASSED] - pdfSignScreen.selectTime(document.getTime()): null

21-05-2025T13:49:39 - [TEST_STEP][PASSED] - pdfSignScreen.fillInDescription(document.getDescription()): null

21-05-2025T13:49:42 - [TEST_STEP][PASSED] - pdfSignScreen.selectAssigner(getAssigner().getEmail()): null

21-05-2025T13:49:55 - [TEST_STEP][PASSED] - pdfSignScreen.openMainFileBrowser(): null

21-05-2025T13:49:57 - [TEST_STEP][PASSED] - fileBrowserScreen.attachFile(document.getMainFileName()): null

21-05-2025T13:50:07 - [TEST_STEP][PASSED] - pdfSignScreen.openSubFileBrowser(): null

21-05-2025T13:50:09 - [TEST_STEP][PASSED] - fileBrowserScreen.attachFile(document.getSubFileName()): null

21-05-2025T13:50:16 - [TEST_STEP][PASSED] - pdfSignScreen.performAction(SEND_APPROVE): null

21-05-2025T13:50:19 - [TEST_STEP][PASSED] - pdfSignScreen.fillInOpinion(document.getComment()): null

21-05-2025T13:50:22 - [TEST_STEP][ERROR] - pdfSignScreen.submitRequest(): Test Cases/IPAPER APP/016 DUYET CO CC_KHONG NHAP Y KIEN FAILED.
Reason:
org.openqa.selenium.TimeoutException: Expected condition failed: waiting for base.BaseKeyword$Trait$Helper$_waitForPresentOf_closure1@6e1e4870 (tried for 30 second(s) with 500 milliseconds interval)
Build info: version: '3.141.59', revision: 'unknown', time: 'unknown'
System info: host: 'Cuong-Mac.local', ip: 'fe80:0:0:0:c43:6797:ebf2:3aad%en0', os.name: 'Mac OS X', os.arch: 'aarch64', os.version: '15.5', java.version: '17.0.7'
Driver info: io.appium.java_client.ios.IOSDriver
Capabilities {automationName: XCUITest, browserName: , databaseEnabled: false, fullReset: false, javascriptEnabled: true, locationContextEnabled: false, networkConnectionEnabled: false, noReset: true, platform: MAC, platformName: iOS, platformVersion: 18.4, takesScreenshot: true, udid: 00008110-000C10543443801E, webStorageEnabled: false}
Session ID: 01bfc3c6-5e13-4dc5-a0a0-9b9b6acbce73
	at org.openqa.selenium.support.ui.WebDriverWait.timeoutException(WebDriverWait.java:95)
	at org.openqa.selenium.support.ui.FluentWait.until(FluentWait.java:272)
	at base.BaseKeyword$Trait$Helper.waitForPresentOf(BaseKeyword.groovy:341)
	at screens.PDFSignScreen.waitForPresentOf(PDFSignScreen.groovy)
	at screens.PDFSignScreen.submitRequest(PDFSignScreen.groovy:179)
	at 016 DUYET CO CC_KHONG NHAP Y KIEN.run(016 DUYET CO CC_KHONG NHAP Y KIEN:50)
	at com.kms.katalon.core.main.ScriptEngine.run(ScriptEngine.java:194)
	at com.kms.katalon.core.main.ScriptEngine.runScriptAsRawText(ScriptEngine.java:119)
	at com.kms.katalon.core.main.TestCaseExecutor.runScript(TestCaseExecutor.java:448)
	at com.kms.katalon.core.main.TestCaseExecutor.doExecute(TestCaseExecutor.java:439)
	at com.kms.katalon.core.main.TestCaseExecutor.processExecutionPhase(TestCaseExecutor.java:418)
	at com.kms.katalon.core.main.TestCaseExecutor.accessMainPhase(TestCaseExecutor.java:410)
	at com.kms.katalon.core.main.TestCaseExecutor.execute(TestCaseExecutor.java:285)
	at com.kms.katalon.core.common.CommonExecutor.accessTestCaseMainPhase(CommonExecutor.java:65)
	at com.kms.katalon.core.main.TestSuiteExecutor.accessTestSuiteMainPhase(TestSuiteExecutor.java:150)
	at com.kms.katalon.core.main.TestSuiteExecutor.execute(TestSuiteExecutor.java:106)
	at com.kms.katalon.core.main.TestCaseMain.startTestSuite(TestCaseMain.java:180)
	at TempTestSuite1747808312062.run(TempTestSuite1747808312062.groovy:35)
	at java.base/jdk.internal.reflect.NativeMethodAccessorImpl.invoke0(Native Method)
	at java.base/jdk.internal.reflect.NativeMethodAccessorImpl.invoke(NativeMethodAccessorImpl.java:77)
	at java.base/jdk.internal.reflect.DelegatingMethodAccessorImpl.invoke(DelegatingMethodAccessorImpl.java:43)


21-05-2025T13:50:54 - [MESSAGE][ERROR] - Test Cases/IPAPER APP/016 DUYET CO CC_KHONG NHAP Y KIEN FAILED.
Reason:
org.openqa.selenium.TimeoutException: Expected condition failed: waiting for base.BaseKeyword$Trait$Helper$_waitForPresentOf_closure1@6e1e4870 (tried for 30 second(s) with 500 milliseconds interval)
Build info: version: '3.141.59', revision: 'unknown', time: 'unknown'
System info: host: 'Cuong-Mac.local', ip: 'fe80:0:0:0:c43:6797:ebf2:3aad%en0', os.name: 'Mac OS X', os.arch: 'aarch64', os.version: '15.5', java.version: '17.0.7'
Driver info: io.appium.java_client.ios.IOSDriver
Capabilities {automationName: XCUITest, browserName: , databaseEnabled: false, fullReset: false, javascriptEnabled: true, locationContextEnabled: false, networkConnectionEnabled: false, noReset: true, platform: MAC, platformName: iOS, platformVersion: 18.4, takesScreenshot: true, udid: 00008110-000C10543443801E, webStorageEnabled: false}
Session ID: 01bfc3c6-5e13-4dc5-a0a0-9b9b6acbce73
	at org.openqa.selenium.support.ui.WebDriverWait.timeoutException(WebDriverWait.java:95)
	at org.openqa.selenium.support.ui.FluentWait.until(FluentWait.java:272)
	at base.BaseKeyword$Trait$Helper.waitForPresentOf(BaseKeyword.groovy:341)
	at screens.PDFSignScreen.waitForPresentOf(PDFSignScreen.groovy)
	at screens.PDFSignScreen.submitRequest(PDFSignScreen.groovy:179)
	at 016 DUYET CO CC_KHONG NHAP Y KIEN.run(016 DUYET CO CC_KHONG NHAP Y KIEN:50)
	at com.kms.katalon.core.main.ScriptEngine.run(ScriptEngine.java:194)
	at com.kms.katalon.core.main.ScriptEngine.runScriptAsRawText(ScriptEngine.java:119)
	at com.kms.katalon.core.main.TestCaseExecutor.runScript(TestCaseExecutor.java:448)
	at com.kms.katalon.core.main.TestCaseExecutor.doExecute(TestCaseExecutor.java:439)
	at com.kms.katalon.core.main.TestCaseExecutor.processExecutionPhase(TestCaseExecutor.java:418)
	at com.kms.katalon.core.main.TestCaseExecutor.accessMainPhase(TestCaseExecutor.java:410)
	at com.kms.katalon.core.main.TestCaseExecutor.execute(TestCaseExecutor.java:285)
	at com.kms.katalon.core.common.CommonExecutor.accessTestCaseMainPhase(CommonExecutor.java:65)
	at com.kms.katalon.core.main.TestSuiteExecutor.accessTestSuiteMainPhase(TestSuiteExecutor.java:150)
	at com.kms.katalon.core.main.TestSuiteExecutor.execute(TestSuiteExecutor.java:106)
	at com.kms.katalon.core.main.TestCaseMain.startTestSuite(TestCaseMain.java:180)
	at TempTestSuite1747808312062.run(TempTestSuite1747808312062.groovy:35)
	at java.base/jdk.internal.reflect.NativeMethodAccessorImpl.invoke0(Native Method)
	at java.base/jdk.internal.reflect.NativeMethodAccessorImpl.invoke(NativeMethodAccessorImpl.java:77)
	at java.base/jdk.internal.reflect.DelegatingMethodAccessorImpl.invoke(DelegatingMethodAccessorImpl.java:43)


21-05-2025T13:50:54 - [TEST_STEP][PASSED] - Start listener action : afterTest: null

21-05-2025T13:50:54 - [TEST_STEP][PASSED] - if (testCaseStatus != "PASSED"): Screenshot is taken

21-05-2025T13:50:54 - [TEST_STEP][PASSED] - takeScreenshot(ErrorScreen/$GlobalVariable.PLATFORM/$testCaseContext.getTestCaseId().png): Screenshot is taken

21-05-2025T13:50:54 - [MESSAGE][PASSED] - Screenshot is taken
[[ATTACHMENT|ErrorScreen/iOS/Test Cases/IPAPER APP/016 DUYET CO CC_KHONG NHAP Y KIEN.png]]

21-05-2025T13:50:54 - [TEST_STEP][PASSED] - drivers.Driver.closeApp(): drivers.Driver.closeApp is PASSED

21-05-2025T13:50:55 - [MESSAGE][PASSED] - drivers.Driver.closeApp is PASSED

21-05-2025T13:50:55 - [TEST_STEP][PASSED] - if (tsContext == null): null]]></system-out>
         <system-err><![CDATA[21-05-2025T13:49:04 - [TEST_CASE][ERROR] - Test Cases/IPAPER APP/016 DUYET CO CC_KHONG NHAP Y KIEN: Test Cases/IPAPER APP/016 DUYET CO CC_KHONG NHAP Y KIEN FAILED.
Reason:
org.openqa.selenium.TimeoutException: Expected condition failed: waiting for base.BaseKeyword$Trait$Helper$_waitForPresentOf_closure1@6e1e4870 (tried for 30 second(s) with 500 milliseconds interval)
Build info: version: '3.141.59', revision: 'unknown', time: 'unknown'
System info: host: 'Cuong-Mac.local', ip: 'fe80:0:0:0:c43:6797:ebf2:3aad%en0', os.name: 'Mac OS X', os.arch: 'aarch64', os.version: '15.5', java.version: '17.0.7'
Driver info: io.appium.java_client.ios.IOSDriver
Capabilities {automationName: XCUITest, browserName: , databaseEnabled: false, fullReset: false, javascriptEnabled: true, locationContextEnabled: false, networkConnectionEnabled: false, noReset: true, platform: MAC, platformName: iOS, platformVersion: 18.4, takesScreenshot: true, udid: 00008110-000C10543443801E, webStorageEnabled: false}
Session ID: 01bfc3c6-5e13-4dc5-a0a0-9b9b6acbce73
	at org.openqa.selenium.support.ui.WebDriverWait.timeoutException(WebDriverWait.java:95)
	at org.openqa.selenium.support.ui.FluentWait.until(FluentWait.java:272)
	at base.BaseKeyword$Trait$Helper.waitForPresentOf(BaseKeyword.groovy:341)
	at screens.PDFSignScreen.waitForPresentOf(PDFSignScreen.groovy)
	at screens.PDFSignScreen.submitRequest(PDFSignScreen.groovy:179)
	at 016 DUYET CO CC_KHONG NHAP Y KIEN.run(016 DUYET CO CC_KHONG NHAP Y KIEN:50)
	at com.kms.katalon.core.main.ScriptEngine.run(ScriptEngine.java:194)
	at com.kms.katalon.core.main.ScriptEngine.runScriptAsRawText(ScriptEngine.java:119)
	at com.kms.katalon.core.main.TestCaseExecutor.runScript(TestCaseExecutor.java:448)
	at com.kms.katalon.core.main.TestCaseExecutor.doExecute(TestCaseExecutor.java:439)
	at com.kms.katalon.core.main.TestCaseExecutor.processExecutionPhase(TestCaseExecutor.java:418)
	at com.kms.katalon.core.main.TestCaseExecutor.accessMainPhase(TestCaseExecutor.java:410)
	at com.kms.katalon.core.main.TestCaseExecutor.execute(TestCaseExecutor.java:285)
	at com.kms.katalon.core.common.CommonExecutor.accessTestCaseMainPhase(CommonExecutor.java:65)
	at com.kms.katalon.core.main.TestSuiteExecutor.accessTestSuiteMainPhase(TestSuiteExecutor.java:150)
	at com.kms.katalon.core.main.TestSuiteExecutor.execute(TestSuiteExecutor.java:106)
	at com.kms.katalon.core.main.TestCaseMain.startTestSuite(TestCaseMain.java:180)
	at TempTestSuite1747808312062.run(TempTestSuite1747808312062.groovy:35)
	at java.base/jdk.internal.reflect.NativeMethodAccessorImpl.invoke0(Native Method)
	at java.base/jdk.internal.reflect.NativeMethodAccessorImpl.invoke(NativeMethodAccessorImpl.java:77)
	at java.base/jdk.internal.reflect.DelegatingMethodAccessorImpl.invoke(DelegatingMethodAccessorImpl.java:43)]]></system-err>
      </testcase>
      <testcase name="Test Cases/IPAPER APP/017 DUYET CO CC_NHAP Y KIEN" time="235.644" classname="Test Cases/IPAPER APP/017 DUYET CO CC_NHAP Y KIEN" status="FAILED">
         <failure type="FAILED" message="Test Cases/IPAPER APP/017 DUYET CO CC_NHAP Y KIEN FAILED.&#xa;Reason:&#xa;com.kms.katalon.core.exception.StepFailedException: Verify equals GUI: Auto Test User 6 - DATA: Auto Test User 5&#xa;	at com.kms.katalon.core.util.KeywordUtil.markFailed(KeywordUtil.java:19)&#xa;	at utilities.AssertUtilities.logResult(AssertUtilities.groovy:30)&#xa;	at utilities.AssertUtilities.checkEquals(AssertUtilities.groovy:11)&#xa;	at screens.DocumentInformationScreen.checkSender(DocumentInformationScreen.groovy:118)&#xa;	at 017 DUYET CO CC_NHAP Y KIEN.run(017 DUYET CO CC_NHAP Y KIEN:83)&#xa;	at com.kms.katalon.core.main.ScriptEngine.run(ScriptEngine.java:194)&#xa;	at com.kms.katalon.core.main.ScriptEngine.runScriptAsRawText(ScriptEngine.java:119)&#xa;	at com.kms.katalon.core.main.TestCaseExecutor.runScript(TestCaseExecutor.java:448)&#xa;	at com.kms.katalon.core.main.TestCaseExecutor.doExecute(TestCaseExecutor.java:439)&#xa;	at com.kms.katalon.core.main.TestCaseExecutor.processExecutionPhase(TestCaseExecutor.java:418)&#xa;	at com.kms.katalon.core.main.TestCaseExecutor.accessMainPhase(TestCaseExecutor.java:410)&#xa;	at com.kms.katalon.core.main.TestCaseExecutor.execute(TestCaseExecutor.java:285)&#xa;	at com.kms.katalon.core.common.CommonExecutor.accessTestCaseMainPhase(CommonExecutor.java:65)&#xa;	at com.kms.katalon.core.main.TestSuiteExecutor.accessTestSuiteMainPhase(TestSuiteExecutor.java:150)&#xa;	at com.kms.katalon.core.main.TestSuiteExecutor.execute(TestSuiteExecutor.java:106)&#xa;	at com.kms.katalon.core.main.TestCaseMain.startTestSuite(TestCaseMain.java:180)&#xa;	at TempTestSuite1747808312062.run(TempTestSuite1747808312062.groovy:35)&#xa;	at java.base/jdk.internal.reflect.NativeMethodAccessorImpl.invoke0(Native Method)&#xa;	at java.base/jdk.internal.reflect.NativeMethodAccessorImpl.invoke(NativeMethodAccessorImpl.java:77)&#xa;	at java.base/jdk.internal.reflect.DelegatingMethodAccessorImpl.invoke(DelegatingMethodAccessorImpl.java:43)&#xa;"/>
         <system-out><![CDATA[21-05-2025T13:50:55 - [TEST_CASE][FAILED] - Test Cases/IPAPER APP/017 DUYET CO CC_NHAP Y KIEN: Test Cases/IPAPER APP/017 DUYET CO CC_NHAP Y KIEN FAILED.
Reason:
com.kms.katalon.core.exception.StepFailedException: Verify equals GUI: Auto Test User 6 - DATA: Auto Test User 5
	at com.kms.katalon.core.util.KeywordUtil.markFailed(KeywordUtil.java:19)
	at utilities.AssertUtilities.logResult(AssertUtilities.groovy:30)
	at utilities.AssertUtilities.checkEquals(AssertUtilities.groovy:11)
	at screens.DocumentInformationScreen.checkSender(DocumentInformationScreen.groovy:118)
	at 017 DUYET CO CC_NHAP Y KIEN.run(017 DUYET CO CC_NHAP Y KIEN:83)
	at com.kms.katalon.core.main.ScriptEngine.run(ScriptEngine.java:194)
	at com.kms.katalon.core.main.ScriptEngine.runScriptAsRawText(ScriptEngine.java:119)
	at com.kms.katalon.core.main.TestCaseExecutor.runScript(TestCaseExecutor.java:448)
	at com.kms.katalon.core.main.TestCaseExecutor.doExecute(TestCaseExecutor.java:439)
	at com.kms.katalon.core.main.TestCaseExecutor.processExecutionPhase(TestCaseExecutor.java:418)
	at com.kms.katalon.core.main.TestCaseExecutor.accessMainPhase(TestCaseExecutor.java:410)
	at com.kms.katalon.core.main.TestCaseExecutor.execute(TestCaseExecutor.java:285)
	at com.kms.katalon.core.common.CommonExecutor.accessTestCaseMainPhase(CommonExecutor.java:65)
	at com.kms.katalon.core.main.TestSuiteExecutor.accessTestSuiteMainPhase(TestSuiteExecutor.java:150)
	at com.kms.katalon.core.main.TestSuiteExecutor.execute(TestSuiteExecutor.java:106)
	at com.kms.katalon.core.main.TestCaseMain.startTestSuite(TestCaseMain.java:180)
	at TempTestSuite1747808312062.run(TempTestSuite1747808312062.groovy:35)
	at java.base/jdk.internal.reflect.NativeMethodAccessorImpl.invoke0(Native Method)
	at java.base/jdk.internal.reflect.NativeMethodAccessorImpl.invoke(NativeMethodAccessorImpl.java:77)
	at java.base/jdk.internal.reflect.DelegatingMethodAccessorImpl.invoke(DelegatingMethodAccessorImpl.java:43)


21-05-2025T13:50:55 - [TEST_STEP][PASSED] - Start listener action : beforeTest: drivers.Driver.openApp is PASSED

21-05-2025T13:50:55 - [TEST_STEP][PASSED] - DataTest.init(): null

21-05-2025T13:50:55 - [TEST_STEP][PASSED] - testCaseId = split("/").last(): null

21-05-2025T13:50:55 - [TEST_STEP][PASSED] - if (!(drivers.Driver.isAppiumRunning())): drivers.Driver.isAppiumRunning is PASSED

21-05-2025T13:50:55 - [MESSAGE][INFO] - Appium running: true

21-05-2025T13:50:55 - [MESSAGE][PASSED] - drivers.Driver.isAppiumRunning is PASSED

21-05-2025T13:50:55 - [TEST_STEP][PASSED] - if (driver == null || driver.getSessionId() == null): null

21-05-2025T13:50:55 - [TEST_STEP][PASSED] - drivers.Driver.openApp(): drivers.Driver.openApp is PASSED

21-05-2025T13:50:57 - [MESSAGE][PASSED] - drivers.Driver.openApp is PASSED

21-05-2025T13:50:57 - [TEST_STEP][PASSED] - REQUEST_NAME = "Trình ký PDF có sẵn": null

21-05-2025T13:50:57 - [TEST_STEP][PASSED] - COMMENT = "Commented by automation team in case 17": null

21-05-2025T13:50:57 - [TEST_STEP][PASSED] - auto5 = DataTest.getUserTest5(): null

21-05-2025T13:50:57 - [TEST_STEP][PASSED] - auto6 = DataTest.getUserTest6(): null

21-05-2025T13:50:57 - [TEST_STEP][PASSED] - auto7 = DataTest.getUserTest7(): null

21-05-2025T13:50:57 - [TEST_STEP][PASSED] - document = DataTest.createDocumentTest(auto5, auto6, null, "dummy.pdf", "dummy.pdf"): null

21-05-2025T13:50:57 - [TEST_STEP][PASSED] - loginScreen.login(auto5): null

21-05-2025T13:51:07 - [TEST_STEP][PASSED] - homeScreen.openRequestList(): null

21-05-2025T13:51:08 - [TEST_STEP][PASSED] - homeScreen.createRequest(REQUEST_NAME): null

21-05-2025T13:51:10 - [TEST_STEP][PASSED] - pdfSignScreen.fillInTitle(document.getTitle()): null

21-05-2025T13:51:14 - [TEST_STEP][PASSED] - pdfSignScreen.selectPriority(document.getPriority()): null

21-05-2025T13:51:17 - [TEST_STEP][PASSED] - pdfSignScreen.selectTime(document.getTime()): null

21-05-2025T13:51:26 - [TEST_STEP][PASSED] - pdfSignScreen.fillInDescription(document.getDescription()): null

21-05-2025T13:51:30 - [TEST_STEP][PASSED] - pdfSignScreen.selectAssigner(getAssigner().getEmail()): null

21-05-2025T13:51:43 - [TEST_STEP][PASSED] - pdfSignScreen.openMainFileBrowser(): null

21-05-2025T13:51:45 - [TEST_STEP][PASSED] - fileBrowserScreen.attachFile(document.getMainFileName()): null

21-05-2025T13:51:55 - [TEST_STEP][PASSED] - pdfSignScreen.openSubFileBrowser(): null

21-05-2025T13:51:56 - [TEST_STEP][PASSED] - fileBrowserScreen.attachFile(document.getSubFileName()): null

21-05-2025T13:52:04 - [TEST_STEP][PASSED] - pdfSignScreen.performAction(SEND_APPROVE): null

21-05-2025T13:52:08 - [TEST_STEP][PASSED] - pdfSignScreen.fillInOpinion(document.getComment()): null

21-05-2025T13:52:10 - [TEST_STEP][PASSED] - pdfSignScreen.submitRequest(): null

21-05-2025T13:52:18 - [TEST_STEP][PASSED] - documentInformationScreen.backToHome(): null

21-05-2025T13:52:18 - [TEST_STEP][PASSED] - homeScreen.logout(): null

21-05-2025T13:52:27 - [TEST_STEP][PASSED] - document.setStatus(WAIT_PROCESS): null

21-05-2025T13:52:27 - [TEST_STEP][PASSED] - document.setAssigner(auto5): null

21-05-2025T13:52:27 - [TEST_STEP][PASSED] - loginScreen.login(auto6): null

21-05-2025T13:52:37 - [TEST_STEP][PASSED] - homeScreen.goToIncomingDocument(): null

21-05-2025T13:52:38 - [TEST_STEP][PASSED] - inComingDocument.viewMainFile(document): View main file document: Trình ký 1747810257587

21-05-2025T13:52:38 - [MESSAGE][INFO] - View main file document: Trình ký 1747810257587

21-05-2025T13:52:49 - [TEST_STEP][PASSED] - documentInformationScreen.performAction(document, APPROVE_ADD_CC, COMMENT, auto7): null

21-05-2025T13:53:02 - [TEST_STEP][PASSED] - documentInformationScreen.backToHome(): null

21-05-2025T13:53:07 - [TEST_STEP][PASSED] - inComingDocument.checkItemInDocument(): null

21-05-2025T13:53:07 - [TEST_STEP][PASSED] - homeScreen.goToOutComingDocument(): null

21-05-2025T13:53:15 - [TEST_STEP][PASSED] - outComingDocument.viewInformationDocument(document): null

21-05-2025T13:53:24 - [TEST_STEP][PASSED] - documentInformationScreen.checkDocumentTitle(document): Verify equals GUI: Trình ký 1747810257587 - DATA: Trình ký 1747810257587

21-05-2025T13:53:30 - [MESSAGE][PASSED] - Verify equals GUI: Trình ký 1747810257587 - DATA: Trình ký 1747810257587

21-05-2025T13:53:30 - [TEST_STEP][FAILED] - documentInformationScreen.checkSender(document): Verify equals GUI: Auto Test User 6 - DATA: Auto Test User 5

21-05-2025T13:53:30 - [MESSAGE][FAILED] - Verify equals GUI: Auto Test User 6 - DATA: Auto Test User 5

21-05-2025T13:53:30 - [TEST_STEP][PASSED] - documentInformationScreen.checkStatus(document): Verify equals GUI: Đã duyệt - DATA: Đã duyệt

21-05-2025T13:53:30 - [MESSAGE][PASSED] - Verify equals GUI: Đã duyệt - DATA: Đã duyệt

21-05-2025T13:53:30 - [TEST_STEP][PASSED] - documentInformationScreen.checkCreateDate(): Verify equals GUI: 21/05/2025 - DATA: 21/05/2025

21-05-2025T13:53:31 - [MESSAGE][PASSED] - Verify equals GUI: 21/05/2025 - DATA: 21/05/2025

21-05-2025T13:53:31 - [TEST_STEP][PASSED] - documentInformationScreen.checkFinishDate(document): Verify equals GUI: 22/05/2025 - DATA: 22/05/2025

21-05-2025T13:53:31 - [MESSAGE][PASSED] - Verify equals GUI: 22/05/2025 - DATA: 22/05/2025

21-05-2025T13:53:31 - [TEST_STEP][PASSED] - documentInformationScreen.checkPriority(document): Verify equals GUI: Cao - DATA: Cao

21-05-2025T13:53:32 - [MESSAGE][PASSED] - Verify equals GUI: Cao - DATA: Cao

21-05-2025T13:53:32 - [TEST_STEP][PASSED] - documentInformationScreen.checkDescription(document): Verify equals GUI: 017 DUYET CO CC_NHAP Y KIEN - DATA: 017 DUYET CO CC_NHAP Y KIEN

21-05-2025T13:53:32 - [MESSAGE][PASSED] - Verify equals GUI: 017 DUYET CO CC_NHAP Y KIEN - DATA: 017 DUYET CO CC_NHAP Y KIEN

21-05-2025T13:53:32 - [TEST_STEP][PASSED] - documentInformationScreen.checkAssigner(document): Verify contains GUI: Auto Test User 5 (auto5@hdbank.com.vn) - DATA: auto5@hdbank.com.vn

21-05-2025T13:53:36 - [MESSAGE][PASSED] - Verify contains GUI: Auto Test User 5 (auto5@hdbank.com.vn) - DATA: auto5@hdbank.com.vn

21-05-2025T13:53:36 - [TEST_STEP][PASSED] - documentInformationScreen.checkPresentFileName(document): Verify contains GUI: dummy_20250521135200.ozd - DATA: dummy

21-05-2025T13:53:38 - [MESSAGE][PASSED] - Verify contains GUI: dummy_20250521135200.ozd - DATA: dummy

21-05-2025T13:53:38 - [TEST_STEP][PASSED] - documentInformationScreen.checkAttachFileName(document): Expected true condition

21-05-2025T13:53:41 - [MESSAGE][PASSED] - Expected true condition

21-05-2025T13:53:41 - [TEST_STEP][FAILED] - documentInformationScreen.checkComment(auto6, COMMENT): Check comment of Auto Test User 6 is Commented by automation team in case 17

21-05-2025T13:53:44 - [MESSAGE][INFO] - GUI COMMENT: 13:53 - DATA COMMENT: Commented by automation team in case 17

21-05-2025T13:53:44 - [MESSAGE][FAILED] - Check comment of Auto Test User 6 is Commented by automation team in case 17

21-05-2025T13:53:44 - [TEST_STEP][PASSED] - documentInformationScreen.backToHome(): null

21-05-2025T13:53:53 - [TEST_STEP][PASSED] - inComingDocument.checkItemInDocument(): null

21-05-2025T13:53:53 - [TEST_STEP][PASSED] - homeScreen.logout(): null

21-05-2025T13:54:02 - [TEST_STEP][PASSED] - loginScreen.login(auto7): null

21-05-2025T13:54:12 - [TEST_STEP][PASSED] - homeScreen.goToIncomingDocument(): null

21-05-2025T13:54:12 - [TEST_STEP][PASSED] - inComingDocument.goToRelatedDocument(): null

21-05-2025T13:54:14 - [TEST_STEP][ERROR] - relatedDocumentScreen.viewInformationDocument(document): Test Cases/IPAPER APP/017 DUYET CO CC_NHAP Y KIEN FAILED.
Reason:
org.openqa.selenium.TimeoutException: Expected condition failed: waiting for base.BaseKeyword$Trait$Helper$_waitForPresentOf_closure1@16535150 (tried for 30 second(s) with 500 milliseconds interval)
Build info: version: '3.141.59', revision: 'unknown', time: 'unknown'
System info: host: 'Cuong-Mac.local', ip: 'fe80:0:0:0:c43:6797:ebf2:3aad%en0', os.name: 'Mac OS X', os.arch: 'aarch64', os.version: '15.5', java.version: '17.0.7'
Driver info: io.appium.java_client.ios.IOSDriver
Capabilities {automationName: XCUITest, browserName: , databaseEnabled: false, fullReset: false, javascriptEnabled: true, locationContextEnabled: false, networkConnectionEnabled: false, noReset: true, platform: MAC, platformName: iOS, platformVersion: 18.4, takesScreenshot: true, udid: 00008110-000C10543443801E, webStorageEnabled: false}
Session ID: 01bfc3c6-5e13-4dc5-a0a0-9b9b6acbce73
	at org.openqa.selenium.support.ui.WebDriverWait.timeoutException(WebDriverWait.java:95)
	at org.openqa.selenium.support.ui.FluentWait.until(FluentWait.java:272)
	at base.BaseKeyword$Trait$Helper.waitForPresentOf(BaseKeyword.groovy:341)
	at screens.RelatedDocumentScreen.waitForPresentOf(RelatedDocumentScreen.groovy)
	at screens.RelatedDocumentScreen.viewInformationDocument(RelatedDocumentScreen.groovy:17)
	at 017 DUYET CO CC_NHAP Y KIEN.run(017 DUYET CO CC_NHAP Y KIEN:117)
	at com.kms.katalon.core.main.ScriptEngine.run(ScriptEngine.java:194)
	at com.kms.katalon.core.main.ScriptEngine.runScriptAsRawText(ScriptEngine.java:119)
	at com.kms.katalon.core.main.TestCaseExecutor.runScript(TestCaseExecutor.java:448)
	at com.kms.katalon.core.main.TestCaseExecutor.doExecute(TestCaseExecutor.java:439)
	at com.kms.katalon.core.main.TestCaseExecutor.processExecutionPhase(TestCaseExecutor.java:418)
	at com.kms.katalon.core.main.TestCaseExecutor.accessMainPhase(TestCaseExecutor.java:410)
	at com.kms.katalon.core.main.TestCaseExecutor.execute(TestCaseExecutor.java:285)
	at com.kms.katalon.core.common.CommonExecutor.accessTestCaseMainPhase(CommonExecutor.java:65)
	at com.kms.katalon.core.main.TestSuiteExecutor.accessTestSuiteMainPhase(TestSuiteExecutor.java:150)
	at com.kms.katalon.core.main.TestSuiteExecutor.execute(TestSuiteExecutor.java:106)
	at com.kms.katalon.core.main.TestCaseMain.startTestSuite(TestCaseMain.java:180)
	at TempTestSuite1747808312062.run(TempTestSuite1747808312062.groovy:35)
	at java.base/jdk.internal.reflect.NativeMethodAccessorImpl.invoke0(Native Method)
	at java.base/jdk.internal.reflect.NativeMethodAccessorImpl.invoke(NativeMethodAccessorImpl.java:77)
	at java.base/jdk.internal.reflect.DelegatingMethodAccessorImpl.invoke(DelegatingMethodAccessorImpl.java:43)


21-05-2025T13:54:49 - [MESSAGE][ERROR] - Test Cases/IPAPER APP/017 DUYET CO CC_NHAP Y KIEN FAILED.
Reason:
org.openqa.selenium.TimeoutException: Expected condition failed: waiting for base.BaseKeyword$Trait$Helper$_waitForPresentOf_closure1@16535150 (tried for 30 second(s) with 500 milliseconds interval)
Build info: version: '3.141.59', revision: 'unknown', time: 'unknown'
System info: host: 'Cuong-Mac.local', ip: 'fe80:0:0:0:c43:6797:ebf2:3aad%en0', os.name: 'Mac OS X', os.arch: 'aarch64', os.version: '15.5', java.version: '17.0.7'
Driver info: io.appium.java_client.ios.IOSDriver
Capabilities {automationName: XCUITest, browserName: , databaseEnabled: false, fullReset: false, javascriptEnabled: true, locationContextEnabled: false, networkConnectionEnabled: false, noReset: true, platform: MAC, platformName: iOS, platformVersion: 18.4, takesScreenshot: true, udid: 00008110-000C10543443801E, webStorageEnabled: false}
Session ID: 01bfc3c6-5e13-4dc5-a0a0-9b9b6acbce73
	at org.openqa.selenium.support.ui.WebDriverWait.timeoutException(WebDriverWait.java:95)
	at org.openqa.selenium.support.ui.FluentWait.until(FluentWait.java:272)
	at base.BaseKeyword$Trait$Helper.waitForPresentOf(BaseKeyword.groovy:341)
	at screens.RelatedDocumentScreen.waitForPresentOf(RelatedDocumentScreen.groovy)
	at screens.RelatedDocumentScreen.viewInformationDocument(RelatedDocumentScreen.groovy:17)
	at 017 DUYET CO CC_NHAP Y KIEN.run(017 DUYET CO CC_NHAP Y KIEN:117)
	at com.kms.katalon.core.main.ScriptEngine.run(ScriptEngine.java:194)
	at com.kms.katalon.core.main.ScriptEngine.runScriptAsRawText(ScriptEngine.java:119)
	at com.kms.katalon.core.main.TestCaseExecutor.runScript(TestCaseExecutor.java:448)
	at com.kms.katalon.core.main.TestCaseExecutor.doExecute(TestCaseExecutor.java:439)
	at com.kms.katalon.core.main.TestCaseExecutor.processExecutionPhase(TestCaseExecutor.java:418)
	at com.kms.katalon.core.main.TestCaseExecutor.accessMainPhase(TestCaseExecutor.java:410)
	at com.kms.katalon.core.main.TestCaseExecutor.execute(TestCaseExecutor.java:285)
	at com.kms.katalon.core.common.CommonExecutor.accessTestCaseMainPhase(CommonExecutor.java:65)
	at com.kms.katalon.core.main.TestSuiteExecutor.accessTestSuiteMainPhase(TestSuiteExecutor.java:150)
	at com.kms.katalon.core.main.TestSuiteExecutor.execute(TestSuiteExecutor.java:106)
	at com.kms.katalon.core.main.TestCaseMain.startTestSuite(TestCaseMain.java:180)
	at TempTestSuite1747808312062.run(TempTestSuite1747808312062.groovy:35)
	at java.base/jdk.internal.reflect.NativeMethodAccessorImpl.invoke0(Native Method)
	at java.base/jdk.internal.reflect.NativeMethodAccessorImpl.invoke(NativeMethodAccessorImpl.java:77)
	at java.base/jdk.internal.reflect.DelegatingMethodAccessorImpl.invoke(DelegatingMethodAccessorImpl.java:43)


21-05-2025T13:54:49 - [TEST_STEP][PASSED] - Start listener action : afterTest: null

21-05-2025T13:54:49 - [TEST_STEP][PASSED] - if (testCaseStatus != "PASSED"): Screenshot is taken

21-05-2025T13:54:49 - [TEST_STEP][PASSED] - takeScreenshot(ErrorScreen/$GlobalVariable.PLATFORM/$testCaseContext.getTestCaseId().png): Screenshot is taken

21-05-2025T13:54:50 - [MESSAGE][PASSED] - Screenshot is taken
[[ATTACHMENT|ErrorScreen/iOS/Test Cases/IPAPER APP/017 DUYET CO CC_NHAP Y KIEN.png]]

21-05-2025T13:54:50 - [TEST_STEP][PASSED] - drivers.Driver.closeApp(): drivers.Driver.closeApp is PASSED

21-05-2025T13:54:51 - [MESSAGE][PASSED] - drivers.Driver.closeApp is PASSED

21-05-2025T13:54:51 - [TEST_STEP][PASSED] - if (tsContext == null): null]]></system-out>
         <system-err><![CDATA[21-05-2025T13:50:55 - [TEST_CASE][FAILED] - Test Cases/IPAPER APP/017 DUYET CO CC_NHAP Y KIEN: Test Cases/IPAPER APP/017 DUYET CO CC_NHAP Y KIEN FAILED.
Reason:
com.kms.katalon.core.exception.StepFailedException: Verify equals GUI: Auto Test User 6 - DATA: Auto Test User 5
	at com.kms.katalon.core.util.KeywordUtil.markFailed(KeywordUtil.java:19)
	at utilities.AssertUtilities.logResult(AssertUtilities.groovy:30)
	at utilities.AssertUtilities.checkEquals(AssertUtilities.groovy:11)
	at screens.DocumentInformationScreen.checkSender(DocumentInformationScreen.groovy:118)
	at 017 DUYET CO CC_NHAP Y KIEN.run(017 DUYET CO CC_NHAP Y KIEN:83)
	at com.kms.katalon.core.main.ScriptEngine.run(ScriptEngine.java:194)
	at com.kms.katalon.core.main.ScriptEngine.runScriptAsRawText(ScriptEngine.java:119)
	at com.kms.katalon.core.main.TestCaseExecutor.runScript(TestCaseExecutor.java:448)
	at com.kms.katalon.core.main.TestCaseExecutor.doExecute(TestCaseExecutor.java:439)
	at com.kms.katalon.core.main.TestCaseExecutor.processExecutionPhase(TestCaseExecutor.java:418)
	at com.kms.katalon.core.main.TestCaseExecutor.accessMainPhase(TestCaseExecutor.java:410)
	at com.kms.katalon.core.main.TestCaseExecutor.execute(TestCaseExecutor.java:285)
	at com.kms.katalon.core.common.CommonExecutor.accessTestCaseMainPhase(CommonExecutor.java:65)
	at com.kms.katalon.core.main.TestSuiteExecutor.accessTestSuiteMainPhase(TestSuiteExecutor.java:150)
	at com.kms.katalon.core.main.TestSuiteExecutor.execute(TestSuiteExecutor.java:106)
	at com.kms.katalon.core.main.TestCaseMain.startTestSuite(TestCaseMain.java:180)
	at TempTestSuite1747808312062.run(TempTestSuite1747808312062.groovy:35)
	at java.base/jdk.internal.reflect.NativeMethodAccessorImpl.invoke0(Native Method)
	at java.base/jdk.internal.reflect.NativeMethodAccessorImpl.invoke(NativeMethodAccessorImpl.java:77)
	at java.base/jdk.internal.reflect.DelegatingMethodAccessorImpl.invoke(DelegatingMethodAccessorImpl.java:43)]]></system-err>
      </testcase>
      <testcase name="Test Cases/IPAPER APP/018 TU CHOI NHANH" time="206.264" classname="Test Cases/IPAPER APP/018 TU CHOI NHANH" status="PASSED">
         <system-out><![CDATA[21-05-2025T13:54:51 - [TEST_CASE][PASSED] - Test Cases/IPAPER APP/018 TU CHOI NHANH: Test Cases/IPAPER APP/018 TU CHOI NHANH

21-05-2025T13:54:51 - [TEST_STEP][PASSED] - Start listener action : beforeTest: drivers.Driver.openApp is PASSED

21-05-2025T13:54:51 - [TEST_STEP][PASSED] - DataTest.init(): null

21-05-2025T13:54:51 - [TEST_STEP][PASSED] - testCaseId = split("/").last(): null

21-05-2025T13:54:51 - [TEST_STEP][PASSED] - if (!(drivers.Driver.isAppiumRunning())): drivers.Driver.isAppiumRunning is PASSED

21-05-2025T13:54:51 - [MESSAGE][INFO] - Appium running: true

21-05-2025T13:54:51 - [MESSAGE][PASSED] - drivers.Driver.isAppiumRunning is PASSED

21-05-2025T13:54:51 - [TEST_STEP][PASSED] - if (driver == null || driver.getSessionId() == null): null

21-05-2025T13:54:51 - [TEST_STEP][PASSED] - drivers.Driver.openApp(): drivers.Driver.openApp is PASSED

21-05-2025T13:54:52 - [MESSAGE][PASSED] - drivers.Driver.openApp is PASSED

21-05-2025T13:54:52 - [TEST_STEP][PASSED] - REQUEST_NAME = "Trình ký PDF có sẵn": null

21-05-2025T13:54:52 - [TEST_STEP][PASSED] - COMMENT = "Commented by automation team in case 18": null

21-05-2025T13:54:52 - [TEST_STEP][PASSED] - auto5 = DataTest.getUserTest5(): null

21-05-2025T13:54:52 - [TEST_STEP][PASSED] - auto6 = DataTest.getUserTest6(): null

21-05-2025T13:54:52 - [TEST_STEP][PASSED] - document = DataTest.createDocumentTest(auto5, auto6, null, "dummy.pdf", "dummy.pdf"): null

21-05-2025T13:54:52 - [TEST_STEP][PASSED] - loginScreen.login(auto5): null

21-05-2025T13:55:04 - [TEST_STEP][PASSED] - homeScreen.openRequestList(): null

21-05-2025T13:55:04 - [TEST_STEP][PASSED] - homeScreen.createRequest(REQUEST_NAME): null

21-05-2025T13:55:07 - [TEST_STEP][PASSED] - pdfSignScreen.fillInTitle(document.getTitle()): null

21-05-2025T13:55:11 - [TEST_STEP][PASSED] - pdfSignScreen.selectPriority(document.getPriority()): null

21-05-2025T13:55:15 - [TEST_STEP][PASSED] - pdfSignScreen.selectTime(document.getTime()): null

21-05-2025T13:55:24 - [TEST_STEP][PASSED] - pdfSignScreen.fillInDescription(document.getDescription()): null

21-05-2025T13:55:27 - [TEST_STEP][PASSED] - pdfSignScreen.selectAssigner(getAssigner().getEmail()): null

21-05-2025T13:55:41 - [TEST_STEP][PASSED] - pdfSignScreen.openMainFileBrowser(): null

21-05-2025T13:55:43 - [TEST_STEP][PASSED] - fileBrowserScreen.attachFile(document.getMainFileName()): null

21-05-2025T13:55:52 - [TEST_STEP][PASSED] - pdfSignScreen.openSubFileBrowser(): null

21-05-2025T13:55:54 - [TEST_STEP][PASSED] - fileBrowserScreen.attachFile(document.getSubFileName()): null

21-05-2025T13:56:02 - [TEST_STEP][PASSED] - pdfSignScreen.performAction(SEND_APPROVE): null

21-05-2025T13:56:05 - [TEST_STEP][PASSED] - pdfSignScreen.fillInOpinion(document.getComment()): null

21-05-2025T13:56:08 - [TEST_STEP][PASSED] - pdfSignScreen.submitRequest(): null

21-05-2025T13:56:19 - [TEST_STEP][PASSED] - documentInformationScreen.backToHome(): null

21-05-2025T13:56:19 - [TEST_STEP][PASSED] - homeScreen.logout(): null

21-05-2025T13:56:28 - [TEST_STEP][PASSED] - document.setStatus(WAIT_APPROVE): null

21-05-2025T13:56:28 - [TEST_STEP][PASSED] - document.setAssigner(auto5): null

21-05-2025T13:56:28 - [TEST_STEP][PASSED] - loginScreen.login(auto6): null

21-05-2025T13:56:38 - [TEST_STEP][PASSED] - homeScreen.goToIncomingDocument(): null

21-05-2025T13:56:38 - [TEST_STEP][PASSED] - inComingDocument.viewInformationDocument(document): View document Trình ký 1747810492687

21-05-2025T13:56:38 - [MESSAGE][INFO] - View document Trình ký 1747810492687

21-05-2025T13:56:54 - [TEST_STEP][PASSED] - documentInformationScreen.checkDocumentTitle(document): Verify equals GUI: Trình ký 1747810492687 - DATA: Trình ký 1747810492687

21-05-2025T13:56:55 - [MESSAGE][PASSED] - Verify equals GUI: Trình ký 1747810492687 - DATA: Trình ký 1747810492687

21-05-2025T13:56:55 - [TEST_STEP][PASSED] - documentInformationScreen.checkSender(document): Verify equals GUI: Auto Test User 5 - DATA: Auto Test User 5

21-05-2025T13:56:56 - [MESSAGE][PASSED] - Verify equals GUI: Auto Test User 5 - DATA: Auto Test User 5

21-05-2025T13:56:56 - [TEST_STEP][PASSED] - documentInformationScreen.checkStatus(document): Verify equals GUI: Chờ giám sát phê duyệt - DATA: Chờ giám sát phê duyệt

21-05-2025T13:56:56 - [MESSAGE][PASSED] - Verify equals GUI: Chờ giám sát phê duyệt - DATA: Chờ giám sát phê duyệt

21-05-2025T13:56:56 - [TEST_STEP][PASSED] - documentInformationScreen.checkCreateDate(): Verify equals GUI: 21/05/2025 - DATA: 21/05/2025

21-05-2025T13:56:57 - [MESSAGE][PASSED] - Verify equals GUI: 21/05/2025 - DATA: 21/05/2025

21-05-2025T13:56:57 - [TEST_STEP][PASSED] - documentInformationScreen.checkFinishDate(document): Verify equals GUI: 22/05/2025 - DATA: 22/05/2025

21-05-2025T13:56:57 - [MESSAGE][PASSED] - Verify equals GUI: 22/05/2025 - DATA: 22/05/2025

21-05-2025T13:56:57 - [TEST_STEP][PASSED] - documentInformationScreen.checkPriority(document): Verify equals GUI: Khẩn cấp - DATA: Khẩn cấp

21-05-2025T13:56:58 - [MESSAGE][PASSED] - Verify equals GUI: Khẩn cấp - DATA: Khẩn cấp

21-05-2025T13:56:58 - [TEST_STEP][PASSED] - documentInformationScreen.checkDescription(document): Verify equals GUI: 018 TU CHOI NHANH - DATA: 018 TU CHOI NHANH

21-05-2025T13:56:58 - [MESSAGE][PASSED] - Verify equals GUI: 018 TU CHOI NHANH - DATA: 018 TU CHOI NHANH

21-05-2025T13:56:58 - [TEST_STEP][PASSED] - documentInformationScreen.checkAssigner(document): Verify contains GUI: Auto Test User 5 (auto5@hdbank.com.vn) - DATA: auto5@hdbank.com.vn

21-05-2025T13:57:01 - [MESSAGE][PASSED] - Verify contains GUI: Auto Test User 5 (auto5@hdbank.com.vn) - DATA: auto5@hdbank.com.vn

21-05-2025T13:57:01 - [TEST_STEP][PASSED] - documentInformationScreen.checkPresentFileName(document): Verify contains GUI: dummy_20250521135551.ozd - DATA: dummy

21-05-2025T13:57:03 - [MESSAGE][PASSED] - Verify contains GUI: dummy_20250521135551.ozd - DATA: dummy

21-05-2025T13:57:03 - [TEST_STEP][PASSED] - documentInformationScreen.checkAttachFileName(document): Expected true condition

21-05-2025T13:57:06 - [MESSAGE][PASSED] - Expected true condition

21-05-2025T13:57:06 - [TEST_STEP][PASSED] - documentInformationScreen.backToHome(): null

21-05-2025T13:57:15 - [TEST_STEP][PASSED] - inComingDocument.performAction(document, REJECT): Delayed 0.5 second(s)

21-05-2025T13:57:32 - [MESSAGE][PASSED] - Delayed 0.5 second(s)

21-05-2025T13:57:33 - [TEST_STEP][PASSED] - inComingDocument.checkItemInDocument(): null

21-05-2025T13:57:33 - [TEST_STEP][PASSED] - homeScreen.goToOutComingDocument(): null

21-05-2025T13:57:42 - [TEST_STEP][PASSED] - outComingDocument.viewInformationDocument(document): null

21-05-2025T13:57:50 - [TEST_STEP][PASSED] - documentInformationScreen.checkDocumentTitle(document): Verify equals GUI: Trình ký 1747810492687 - DATA: Trình ký 1747810492687

21-05-2025T13:57:53 - [MESSAGE][PASSED] - Verify equals GUI: Trình ký 1747810492687 - DATA: Trình ký 1747810492687

21-05-2025T13:57:53 - [TEST_STEP][PASSED] - documentInformationScreen.checkSender(document): Verify equals GUI: Auto Test User 5 - DATA: Auto Test User 5

21-05-2025T13:57:54 - [MESSAGE][PASSED] - Verify equals GUI: Auto Test User 5 - DATA: Auto Test User 5

21-05-2025T13:57:54 - [TEST_STEP][PASSED] - documentInformationScreen.checkStatus(document): Verify equals GUI: Từ chối - DATA: Từ chối

21-05-2025T13:57:54 - [MESSAGE][PASSED] - Verify equals GUI: Từ chối - DATA: Từ chối

21-05-2025T13:57:54 - [TEST_STEP][PASSED] - documentInformationScreen.checkCreateDate(): Verify equals GUI: 21/05/2025 - DATA: 21/05/2025

21-05-2025T13:57:54 - [MESSAGE][PASSED] - Verify equals GUI: 21/05/2025 - DATA: 21/05/2025

21-05-2025T13:57:54 - [TEST_STEP][PASSED] - documentInformationScreen.checkFinishDate(document): Verify equals GUI: 22/05/2025 - DATA: 22/05/2025

21-05-2025T13:57:55 - [MESSAGE][PASSED] - Verify equals GUI: 22/05/2025 - DATA: 22/05/2025

21-05-2025T13:57:55 - [TEST_STEP][PASSED] - documentInformationScreen.checkPriority(document): Verify equals GUI: Khẩn cấp - DATA: Khẩn cấp

21-05-2025T13:57:55 - [MESSAGE][PASSED] - Verify equals GUI: Khẩn cấp - DATA: Khẩn cấp

21-05-2025T13:57:55 - [TEST_STEP][PASSED] - documentInformationScreen.checkDescription(document): Verify equals GUI: 018 TU CHOI NHANH - DATA: 018 TU CHOI NHANH

21-05-2025T13:57:56 - [MESSAGE][PASSED] - Verify equals GUI: 018 TU CHOI NHANH - DATA: 018 TU CHOI NHANH

21-05-2025T13:57:56 - [TEST_STEP][PASSED] - documentInformationScreen.isAssignerDisplayed(): Check sender not displayed

21-05-2025T13:57:59 - [MESSAGE][PASSED] - Check sender not displayed

21-05-2025T13:57:59 - [TEST_STEP][PASSED] - documentInformationScreen.checkPresentFileName(document): Verify contains GUI: dummy_20250521135551.ozd - DATA: dummy

21-05-2025T13:58:04 - [MESSAGE][PASSED] - Verify contains GUI: dummy_20250521135551.ozd - DATA: dummy

21-05-2025T13:58:04 - [TEST_STEP][PASSED] - documentInformationScreen.checkAttachFileName(document): Expected true condition

21-05-2025T13:58:07 - [MESSAGE][PASSED] - Expected true condition

21-05-2025T13:58:07 - [TEST_STEP][PASSED] - documentInformationScreen.backToHome(): null

21-05-2025T13:58:16 - [TEST_STEP][PASSED] - outComingDocument.checkItemInDocument(): null

21-05-2025T13:58:16 - [TEST_STEP][PASSED] - Start listener action : afterTest: null

21-05-2025T13:58:16 - [TEST_STEP][PASSED] - if (testCaseStatus != "PASSED"): null

21-05-2025T13:58:16 - [TEST_STEP][PASSED] - drivers.Driver.closeApp(): drivers.Driver.closeApp is PASSED

21-05-2025T13:58:17 - [MESSAGE][PASSED] - drivers.Driver.closeApp is PASSED

21-05-2025T13:58:17 - [TEST_STEP][PASSED] - if (tsContext == null): null]]></system-out>
         <system-err><![CDATA[]]></system-err>
      </testcase>
      <testcase name="Test Cases/IPAPER APP/019 TU CHOI CHI TIET_NHAP Y KIEN" time="75.84" classname="Test Cases/IPAPER APP/019 TU CHOI CHI TIET_NHAP Y KIEN" status="ERROR">
         <error type="ERROR" message="Test Cases/IPAPER APP/019 TU CHOI CHI TIET_NHAP Y KIEN FAILED.&#xa;Reason:&#xa;org.openqa.selenium.NoSuchElementException: An element could not be located on the page using the given search parameters.&#xa;For documentation on this error, please visit: https://www.seleniumhq.org/exceptions/no_such_element.html&#xa;Build info: version: '3.141.59', revision: 'unknown', time: 'unknown'&#xa;System info: host: 'Cuong-Mac.local', ip: 'fe80:0:0:0:c43:6797:ebf2:3aad%en0', os.name: 'Mac OS X', os.arch: 'aarch64', os.version: '15.5', java.version: '17.0.7'&#xa;Driver info: io.appium.java_client.ios.IOSDriver&#xa;Capabilities {automationName: XCUITest, browserName: , databaseEnabled: false, fullReset: false, javascriptEnabled: true, locationContextEnabled: false, networkConnectionEnabled: false, noReset: true, platform: MAC, platformName: iOS, platformVersion: 18.4, takesScreenshot: true, udid: 00008110-000C10543443801E, webStorageEnabled: false}&#xa;Session ID: 01bfc3c6-5e13-4dc5-a0a0-9b9b6acbce73&#xa;*** Element info: {Using=xpath, value=//XCUIElementTypeStaticText[@name='Ý kiến']//parent::XCUIElementTypeOther//XCUIElementTypeTextView}&#xa;	at java.base/jdk.internal.reflect.NativeConstructorAccessorImpl.newInstance0(Native Method)&#xa;	at java.base/jdk.internal.reflect.NativeConstructorAccessorImpl.newInstance(NativeConstructorAccessorImpl.java:77)&#xa;	at java.base/jdk.internal.reflect.DelegatingConstructorAccessorImpl.newInstance(DelegatingConstructorAccessorImpl.java:45)&#xa;	at org.openqa.selenium.remote.http.W3CHttpResponseCodec.createException(W3CHttpResponseCodec.java:187)&#xa;	at org.openqa.selenium.remote.http.W3CHttpResponseCodec.decode(W3CHttpResponseCodec.java:122)&#xa;	at org.openqa.selenium.remote.http.W3CHttpResponseCodec.decode(W3CHttpResponseCodec.java:49)&#xa;	at org.openqa.selenium.remote.HttpCommandExecutor.execute(HttpCommandExecutor.java:158)&#xa;	at io.appium.java_client.remote.AppiumCommandExecutor.execute(AppiumCommandExecutor.java:239)&#xa;	at org.openqa.selenium.remote.RemoteWebDriver.execute(RemoteWebDriver.java:552)&#xa;	at io.appium.java_client.DefaultGenericMobileDriver.execute(DefaultGenericMobileDriver.java:42)&#xa;	at io.appium.java_client.AppiumDriver.execute(AppiumDriver.java:1)&#xa;	at io.appium.java_client.ios.IOSDriver.execute(IOSDriver.java:1)&#xa;	at org.openqa.selenium.remote.RemoteWebDriver.findElement(RemoteWebDriver.java:323)&#xa;	at io.appium.java_client.DefaultGenericMobileDriver.findElement(DefaultGenericMobileDriver.java:62)&#xa;	at io.appium.java_client.AppiumDriver.findElement(AppiumDriver.java:1)&#xa;	at io.appium.java_client.ios.IOSDriver.findElement(IOSDriver.java:1)&#xa;	at org.openqa.selenium.remote.RemoteWebDriver.findElementByXPath(RemoteWebDriver.java:428)&#xa;	at io.appium.java_client.DefaultGenericMobileDriver.findElementByXPath(DefaultGenericMobileDriver.java:152)&#xa;	at io.appium.java_client.AppiumDriver.findElementByXPath(AppiumDriver.java:1)&#xa;	at io.appium.java_client.ios.IOSDriver.findElementByXPath(IOSDriver.java:1)&#xa;	at org.openqa.selenium.By$ByXPath.findElement(By.java:353)&#xa;	at org.openqa.selenium.remote.RemoteWebDriver.findElement(RemoteWebDriver.java:315)&#xa;	at io.appium.java_client.DefaultGenericMobileDriver.findElement(DefaultGenericMobileDriver.java:58)&#xa;	at io.appium.java_client.AppiumDriver.findElement(AppiumDriver.java:1)&#xa;	at io.appium.java_client.ios.IOSDriver.findElement(IOSDriver.java:1)&#xa;	at base.BaseKeyword$Trait$Helper.inputText(BaseKeyword.groovy:63)&#xa;	at screens.PDFSignScreen.inputText(PDFSignScreen.groovy)&#xa;	at screens.PDFSignScreen.fillInOpinion(PDFSignScreen.groovy:165)&#xa;	at 019 TU CHOI CHI TIET_NHAP Y KIEN.run(019 TU CHOI CHI TIET_NHAP Y KIEN:44)&#xa;	at com.kms.katalon.core.main.ScriptEngine.run(ScriptEngine.java:194)&#xa;	at com.kms.katalon.core.main.ScriptEngine.runScriptAsRawText(ScriptEngine.java:119)&#xa;	at com.kms.katalon.core.main.TestCaseExecutor.runScript(TestCaseExecutor.java:448)&#xa;	at com.kms.katalon.core.main.TestCaseExecutor.doExecute(TestCaseExecutor.java:439)&#xa;	at com.kms.katalon.core.main.TestCaseExecutor.processExecutionPhase(TestCaseExecutor.java:418)&#xa;	at com.kms.katalon.core.main.TestCaseExecutor.accessMainPhase(TestCaseExecutor.java:410)&#xa;	at com.kms.katalon.core.main.TestCaseExecutor.execute(TestCaseExecutor.java:285)&#xa;	at com.kms.katalon.core.common.CommonExecutor.accessTestCaseMainPhase(CommonExecutor.java:65)&#xa;	at com.kms.katalon.core.main.TestSuiteExecutor.accessTestSuiteMainPhase(TestSuiteExecutor.java:150)&#xa;	at com.kms.katalon.core.main.TestSuiteExecutor.execute(TestSuiteExecutor.java:106)&#xa;	at com.kms.katalon.core.main.TestCaseMain.startTestSuite(TestCaseMain.java:180)&#xa;	at TempTestSuite1747808312062.run(TempTestSuite1747808312062.groovy:35)&#xa;	at java.base/jdk.internal.reflect.NativeMethodAccessorImpl.invoke0(Native Method)&#xa;	at java.base/jdk.internal.reflect.NativeMethodAccessorImpl.invoke(NativeMethodAccessorImpl.java:77)&#xa;	at java.base/jdk.internal.reflect.DelegatingMethodAccessorImpl.invoke(DelegatingMethodAccessorImpl.java:43)&#xa;"/>
         <system-out><![CDATA[21-05-2025T13:58:17 - [TEST_CASE][ERROR] - Test Cases/IPAPER APP/019 TU CHOI CHI TIET_NHAP Y KIEN: Test Cases/IPAPER APP/019 TU CHOI CHI TIET_NHAP Y KIEN FAILED.
Reason:
org.openqa.selenium.NoSuchElementException: An element could not be located on the page using the given search parameters.
For documentation on this error, please visit: https://www.seleniumhq.org/exceptions/no_such_element.html
Build info: version: '3.141.59', revision: 'unknown', time: 'unknown'
System info: host: 'Cuong-Mac.local', ip: 'fe80:0:0:0:c43:6797:ebf2:3aad%en0', os.name: 'Mac OS X', os.arch: 'aarch64', os.version: '15.5', java.version: '17.0.7'
Driver info: io.appium.java_client.ios.IOSDriver
Capabilities {automationName: XCUITest, browserName: , databaseEnabled: false, fullReset: false, javascriptEnabled: true, locationContextEnabled: false, networkConnectionEnabled: false, noReset: true, platform: MAC, platformName: iOS, platformVersion: 18.4, takesScreenshot: true, udid: 00008110-000C10543443801E, webStorageEnabled: false}
Session ID: 01bfc3c6-5e13-4dc5-a0a0-9b9b6acbce73
*** Element info: {Using=xpath, value=//XCUIElementTypeStaticText[@name='Ý kiến']//parent::XCUIElementTypeOther//XCUIElementTypeTextView}
	at java.base/jdk.internal.reflect.NativeConstructorAccessorImpl.newInstance0(Native Method)
	at java.base/jdk.internal.reflect.NativeConstructorAccessorImpl.newInstance(NativeConstructorAccessorImpl.java:77)
	at java.base/jdk.internal.reflect.DelegatingConstructorAccessorImpl.newInstance(DelegatingConstructorAccessorImpl.java:45)
	at org.openqa.selenium.remote.http.W3CHttpResponseCodec.createException(W3CHttpResponseCodec.java:187)
	at org.openqa.selenium.remote.http.W3CHttpResponseCodec.decode(W3CHttpResponseCodec.java:122)
	at org.openqa.selenium.remote.http.W3CHttpResponseCodec.decode(W3CHttpResponseCodec.java:49)
	at org.openqa.selenium.remote.HttpCommandExecutor.execute(HttpCommandExecutor.java:158)
	at io.appium.java_client.remote.AppiumCommandExecutor.execute(AppiumCommandExecutor.java:239)
	at org.openqa.selenium.remote.RemoteWebDriver.execute(RemoteWebDriver.java:552)
	at io.appium.java_client.DefaultGenericMobileDriver.execute(DefaultGenericMobileDriver.java:42)
	at io.appium.java_client.AppiumDriver.execute(AppiumDriver.java:1)
	at io.appium.java_client.ios.IOSDriver.execute(IOSDriver.java:1)
	at org.openqa.selenium.remote.RemoteWebDriver.findElement(RemoteWebDriver.java:323)
	at io.appium.java_client.DefaultGenericMobileDriver.findElement(DefaultGenericMobileDriver.java:62)
	at io.appium.java_client.AppiumDriver.findElement(AppiumDriver.java:1)
	at io.appium.java_client.ios.IOSDriver.findElement(IOSDriver.java:1)
	at org.openqa.selenium.remote.RemoteWebDriver.findElementByXPath(RemoteWebDriver.java:428)
	at io.appium.java_client.DefaultGenericMobileDriver.findElementByXPath(DefaultGenericMobileDriver.java:152)
	at io.appium.java_client.AppiumDriver.findElementByXPath(AppiumDriver.java:1)
	at io.appium.java_client.ios.IOSDriver.findElementByXPath(IOSDriver.java:1)
	at org.openqa.selenium.By$ByXPath.findElement(By.java:353)
	at org.openqa.selenium.remote.RemoteWebDriver.findElement(RemoteWebDriver.java:315)
	at io.appium.java_client.DefaultGenericMobileDriver.findElement(DefaultGenericMobileDriver.java:58)
	at io.appium.java_client.AppiumDriver.findElement(AppiumDriver.java:1)
	at io.appium.java_client.ios.IOSDriver.findElement(IOSDriver.java:1)
	at base.BaseKeyword$Trait$Helper.inputText(BaseKeyword.groovy:63)
	at screens.PDFSignScreen.inputText(PDFSignScreen.groovy)
	at screens.PDFSignScreen.fillInOpinion(PDFSignScreen.groovy:165)
	at 019 TU CHOI CHI TIET_NHAP Y KIEN.run(019 TU CHOI CHI TIET_NHAP Y KIEN:44)
	at com.kms.katalon.core.main.ScriptEngine.run(ScriptEngine.java:194)
	at com.kms.katalon.core.main.ScriptEngine.runScriptAsRawText(ScriptEngine.java:119)
	at com.kms.katalon.core.main.TestCaseExecutor.runScript(TestCaseExecutor.java:448)
	at com.kms.katalon.core.main.TestCaseExecutor.doExecute(TestCaseExecutor.java:439)
	at com.kms.katalon.core.main.TestCaseExecutor.processExecutionPhase(TestCaseExecutor.java:418)
	at com.kms.katalon.core.main.TestCaseExecutor.accessMainPhase(TestCaseExecutor.java:410)
	at com.kms.katalon.core.main.TestCaseExecutor.execute(TestCaseExecutor.java:285)
	at com.kms.katalon.core.common.CommonExecutor.accessTestCaseMainPhase(CommonExecutor.java:65)
	at com.kms.katalon.core.main.TestSuiteExecutor.accessTestSuiteMainPhase(TestSuiteExecutor.java:150)
	at com.kms.katalon.core.main.TestSuiteExecutor.execute(TestSuiteExecutor.java:106)
	at com.kms.katalon.core.main.TestCaseMain.startTestSuite(TestCaseMain.java:180)
	at TempTestSuite1747808312062.run(TempTestSuite1747808312062.groovy:35)
	at java.base/jdk.internal.reflect.NativeMethodAccessorImpl.invoke0(Native Method)
	at java.base/jdk.internal.reflect.NativeMethodAccessorImpl.invoke(NativeMethodAccessorImpl.java:77)
	at java.base/jdk.internal.reflect.DelegatingMethodAccessorImpl.invoke(DelegatingMethodAccessorImpl.java:43)


21-05-2025T13:58:17 - [TEST_STEP][PASSED] - Start listener action : beforeTest: drivers.Driver.openApp is PASSED

21-05-2025T13:58:17 - [TEST_STEP][PASSED] - DataTest.init(): null

21-05-2025T13:58:17 - [TEST_STEP][PASSED] - testCaseId = split("/").last(): null

21-05-2025T13:58:17 - [TEST_STEP][PASSED] - if (!(drivers.Driver.isAppiumRunning())): drivers.Driver.isAppiumRunning is PASSED

21-05-2025T13:58:17 - [MESSAGE][INFO] - Appium running: true

21-05-2025T13:58:17 - [MESSAGE][PASSED] - drivers.Driver.isAppiumRunning is PASSED

21-05-2025T13:58:17 - [TEST_STEP][PASSED] - if (driver == null || driver.getSessionId() == null): null

21-05-2025T13:58:17 - [TEST_STEP][PASSED] - drivers.Driver.openApp(): drivers.Driver.openApp is PASSED

21-05-2025T13:58:19 - [MESSAGE][PASSED] - drivers.Driver.openApp is PASSED

21-05-2025T13:58:19 - [TEST_STEP][PASSED] - REQUEST_NAME = "Trình ký PDF có sẵn": null

21-05-2025T13:58:19 - [TEST_STEP][PASSED] - COMMENT = "Commented by automaton test in case 19": null

21-05-2025T13:58:19 - [TEST_STEP][PASSED] - auto5 = DataTest.getUserTest5(): null

21-05-2025T13:58:19 - [TEST_STEP][PASSED] - auto6 = DataTest.getUserTest6(): null

21-05-2025T13:58:19 - [TEST_STEP][PASSED] - document = DataTest.createDocumentTest(auto5, auto6, null, "dummy.pdf", "dummy.pdf"): null

21-05-2025T13:58:19 - [TEST_STEP][PASSED] - loginScreen.login(auto5): null

21-05-2025T13:58:29 - [TEST_STEP][PASSED] - homeScreen.openRequestList(): null

21-05-2025T13:58:29 - [TEST_STEP][PASSED] - homeScreen.createRequest(REQUEST_NAME): null

21-05-2025T13:58:32 - [TEST_STEP][PASSED] - pdfSignScreen.fillInTitle(document.getTitle()): null

21-05-2025T13:58:36 - [TEST_STEP][PASSED] - pdfSignScreen.selectPriority(document.getPriority()): null

21-05-2025T13:58:39 - [TEST_STEP][PASSED] - pdfSignScreen.selectTime(document.getTime()): null

21-05-2025T13:58:48 - [TEST_STEP][PASSED] - pdfSignScreen.fillInDescription(document.getDescription()): null

21-05-2025T13:58:51 - [TEST_STEP][PASSED] - pdfSignScreen.selectAssigner(getAssigner().getEmail()): null

21-05-2025T13:59:04 - [TEST_STEP][PASSED] - pdfSignScreen.openMainFileBrowser(): null

21-05-2025T13:59:06 - [TEST_STEP][PASSED] - fileBrowserScreen.attachFile(document.getMainFileName()): null

21-05-2025T13:59:15 - [TEST_STEP][PASSED] - pdfSignScreen.openSubFileBrowser(): null

21-05-2025T13:59:17 - [TEST_STEP][PASSED] - fileBrowserScreen.attachFile(document.getSubFileName()): null

21-05-2025T13:59:25 - [TEST_STEP][PASSED] - pdfSignScreen.performAction(SEND_APPROVE): null

21-05-2025T13:59:28 - [TEST_STEP][ERROR] - pdfSignScreen.fillInOpinion(document.getComment()): Test Cases/IPAPER APP/019 TU CHOI CHI TIET_NHAP Y KIEN FAILED.
Reason:
org.openqa.selenium.NoSuchElementException: An element could not be located on the page using the given search parameters.
For documentation on this error, please visit: https://www.seleniumhq.org/exceptions/no_such_element.html
Build info: version: '3.141.59', revision: 'unknown', time: 'unknown'
System info: host: 'Cuong-Mac.local', ip: 'fe80:0:0:0:c43:6797:ebf2:3aad%en0', os.name: 'Mac OS X', os.arch: 'aarch64', os.version: '15.5', java.version: '17.0.7'
Driver info: io.appium.java_client.ios.IOSDriver
Capabilities {automationName: XCUITest, browserName: , databaseEnabled: false, fullReset: false, javascriptEnabled: true, locationContextEnabled: false, networkConnectionEnabled: false, noReset: true, platform: MAC, platformName: iOS, platformVersion: 18.4, takesScreenshot: true, udid: 00008110-000C10543443801E, webStorageEnabled: false}
Session ID: 01bfc3c6-5e13-4dc5-a0a0-9b9b6acbce73
*** Element info: {Using=xpath, value=//XCUIElementTypeStaticText[@name='Ý kiến']//parent::XCUIElementTypeOther//XCUIElementTypeTextView}
	at java.base/jdk.internal.reflect.NativeConstructorAccessorImpl.newInstance0(Native Method)
	at java.base/jdk.internal.reflect.NativeConstructorAccessorImpl.newInstance(NativeConstructorAccessorImpl.java:77)
	at java.base/jdk.internal.reflect.DelegatingConstructorAccessorImpl.newInstance(DelegatingConstructorAccessorImpl.java:45)
	at org.openqa.selenium.remote.http.W3CHttpResponseCodec.createException(W3CHttpResponseCodec.java:187)
	at org.openqa.selenium.remote.http.W3CHttpResponseCodec.decode(W3CHttpResponseCodec.java:122)
	at org.openqa.selenium.remote.http.W3CHttpResponseCodec.decode(W3CHttpResponseCodec.java:49)
	at org.openqa.selenium.remote.HttpCommandExecutor.execute(HttpCommandExecutor.java:158)
	at io.appium.java_client.remote.AppiumCommandExecutor.execute(AppiumCommandExecutor.java:239)
	at org.openqa.selenium.remote.RemoteWebDriver.execute(RemoteWebDriver.java:552)
	at io.appium.java_client.DefaultGenericMobileDriver.execute(DefaultGenericMobileDriver.java:42)
	at io.appium.java_client.AppiumDriver.execute(AppiumDriver.java:1)
	at io.appium.java_client.ios.IOSDriver.execute(IOSDriver.java:1)
	at org.openqa.selenium.remote.RemoteWebDriver.findElement(RemoteWebDriver.java:323)
	at io.appium.java_client.DefaultGenericMobileDriver.findElement(DefaultGenericMobileDriver.java:62)
	at io.appium.java_client.AppiumDriver.findElement(AppiumDriver.java:1)
	at io.appium.java_client.ios.IOSDriver.findElement(IOSDriver.java:1)
	at org.openqa.selenium.remote.RemoteWebDriver.findElementByXPath(RemoteWebDriver.java:428)
	at io.appium.java_client.DefaultGenericMobileDriver.findElementByXPath(DefaultGenericMobileDriver.java:152)
	at io.appium.java_client.AppiumDriver.findElementByXPath(AppiumDriver.java:1)
	at io.appium.java_client.ios.IOSDriver.findElementByXPath(IOSDriver.java:1)
	at org.openqa.selenium.By$ByXPath.findElement(By.java:353)
	at org.openqa.selenium.remote.RemoteWebDriver.findElement(RemoteWebDriver.java:315)
	at io.appium.java_client.DefaultGenericMobileDriver.findElement(DefaultGenericMobileDriver.java:58)
	at io.appium.java_client.AppiumDriver.findElement(AppiumDriver.java:1)
	at io.appium.java_client.ios.IOSDriver.findElement(IOSDriver.java:1)
	at base.BaseKeyword$Trait$Helper.inputText(BaseKeyword.groovy:63)
	at screens.PDFSignScreen.inputText(PDFSignScreen.groovy)
	at screens.PDFSignScreen.fillInOpinion(PDFSignScreen.groovy:165)
	at 019 TU CHOI CHI TIET_NHAP Y KIEN.run(019 TU CHOI CHI TIET_NHAP Y KIEN:44)
	at com.kms.katalon.core.main.ScriptEngine.run(ScriptEngine.java:194)
	at com.kms.katalon.core.main.ScriptEngine.runScriptAsRawText(ScriptEngine.java:119)
	at com.kms.katalon.core.main.TestCaseExecutor.runScript(TestCaseExecutor.java:448)
	at com.kms.katalon.core.main.TestCaseExecutor.doExecute(TestCaseExecutor.java:439)
	at com.kms.katalon.core.main.TestCaseExecutor.processExecutionPhase(TestCaseExecutor.java:418)
	at com.kms.katalon.core.main.TestCaseExecutor.accessMainPhase(TestCaseExecutor.java:410)
	at com.kms.katalon.core.main.TestCaseExecutor.execute(TestCaseExecutor.java:285)
	at com.kms.katalon.core.common.CommonExecutor.accessTestCaseMainPhase(CommonExecutor.java:65)
	at com.kms.katalon.core.main.TestSuiteExecutor.accessTestSuiteMainPhase(TestSuiteExecutor.java:150)
	at com.kms.katalon.core.main.TestSuiteExecutor.execute(TestSuiteExecutor.java:106)
	at com.kms.katalon.core.main.TestCaseMain.startTestSuite(TestCaseMain.java:180)
	at TempTestSuite1747808312062.run(TempTestSuite1747808312062.groovy:35)
	at java.base/jdk.internal.reflect.NativeMethodAccessorImpl.invoke0(Native Method)
	at java.base/jdk.internal.reflect.NativeMethodAccessorImpl.invoke(NativeMethodAccessorImpl.java:77)
	at java.base/jdk.internal.reflect.DelegatingMethodAccessorImpl.invoke(DelegatingMethodAccessorImpl.java:43)


21-05-2025T13:59:31 - [MESSAGE][ERROR] - Test Cases/IPAPER APP/019 TU CHOI CHI TIET_NHAP Y KIEN FAILED.
Reason:
org.openqa.selenium.NoSuchElementException: An element could not be located on the page using the given search parameters.
For documentation on this error, please visit: https://www.seleniumhq.org/exceptions/no_such_element.html
Build info: version: '3.141.59', revision: 'unknown', time: 'unknown'
System info: host: 'Cuong-Mac.local', ip: 'fe80:0:0:0:c43:6797:ebf2:3aad%en0', os.name: 'Mac OS X', os.arch: 'aarch64', os.version: '15.5', java.version: '17.0.7'
Driver info: io.appium.java_client.ios.IOSDriver
Capabilities {automationName: XCUITest, browserName: , databaseEnabled: false, fullReset: false, javascriptEnabled: true, locationContextEnabled: false, networkConnectionEnabled: false, noReset: true, platform: MAC, platformName: iOS, platformVersion: 18.4, takesScreenshot: true, udid: 00008110-000C10543443801E, webStorageEnabled: false}
Session ID: 01bfc3c6-5e13-4dc5-a0a0-9b9b6acbce73
*** Element info: {Using=xpath, value=//XCUIElementTypeStaticText[@name='Ý kiến']//parent::XCUIElementTypeOther//XCUIElementTypeTextView}
	at java.base/jdk.internal.reflect.NativeConstructorAccessorImpl.newInstance0(Native Method)
	at java.base/jdk.internal.reflect.NativeConstructorAccessorImpl.newInstance(NativeConstructorAccessorImpl.java:77)
	at java.base/jdk.internal.reflect.DelegatingConstructorAccessorImpl.newInstance(DelegatingConstructorAccessorImpl.java:45)
	at org.openqa.selenium.remote.http.W3CHttpResponseCodec.createException(W3CHttpResponseCodec.java:187)
	at org.openqa.selenium.remote.http.W3CHttpResponseCodec.decode(W3CHttpResponseCodec.java:122)
	at org.openqa.selenium.remote.http.W3CHttpResponseCodec.decode(W3CHttpResponseCodec.java:49)
	at org.openqa.selenium.remote.HttpCommandExecutor.execute(HttpCommandExecutor.java:158)
	at io.appium.java_client.remote.AppiumCommandExecutor.execute(AppiumCommandExecutor.java:239)
	at org.openqa.selenium.remote.RemoteWebDriver.execute(RemoteWebDriver.java:552)
	at io.appium.java_client.DefaultGenericMobileDriver.execute(DefaultGenericMobileDriver.java:42)
	at io.appium.java_client.AppiumDriver.execute(AppiumDriver.java:1)
	at io.appium.java_client.ios.IOSDriver.execute(IOSDriver.java:1)
	at org.openqa.selenium.remote.RemoteWebDriver.findElement(RemoteWebDriver.java:323)
	at io.appium.java_client.DefaultGenericMobileDriver.findElement(DefaultGenericMobileDriver.java:62)
	at io.appium.java_client.AppiumDriver.findElement(AppiumDriver.java:1)
	at io.appium.java_client.ios.IOSDriver.findElement(IOSDriver.java:1)
	at org.openqa.selenium.remote.RemoteWebDriver.findElementByXPath(RemoteWebDriver.java:428)
	at io.appium.java_client.DefaultGenericMobileDriver.findElementByXPath(DefaultGenericMobileDriver.java:152)
	at io.appium.java_client.AppiumDriver.findElementByXPath(AppiumDriver.java:1)
	at io.appium.java_client.ios.IOSDriver.findElementByXPath(IOSDriver.java:1)
	at org.openqa.selenium.By$ByXPath.findElement(By.java:353)
	at org.openqa.selenium.remote.RemoteWebDriver.findElement(RemoteWebDriver.java:315)
	at io.appium.java_client.DefaultGenericMobileDriver.findElement(DefaultGenericMobileDriver.java:58)
	at io.appium.java_client.AppiumDriver.findElement(AppiumDriver.java:1)
	at io.appium.java_client.ios.IOSDriver.findElement(IOSDriver.java:1)
	at base.BaseKeyword$Trait$Helper.inputText(BaseKeyword.groovy:63)
	at screens.PDFSignScreen.inputText(PDFSignScreen.groovy)
	at screens.PDFSignScreen.fillInOpinion(PDFSignScreen.groovy:165)
	at 019 TU CHOI CHI TIET_NHAP Y KIEN.run(019 TU CHOI CHI TIET_NHAP Y KIEN:44)
	at com.kms.katalon.core.main.ScriptEngine.run(ScriptEngine.java:194)
	at com.kms.katalon.core.main.ScriptEngine.runScriptAsRawText(ScriptEngine.java:119)
	at com.kms.katalon.core.main.TestCaseExecutor.runScript(TestCaseExecutor.java:448)
	at com.kms.katalon.core.main.TestCaseExecutor.doExecute(TestCaseExecutor.java:439)
	at com.kms.katalon.core.main.TestCaseExecutor.processExecutionPhase(TestCaseExecutor.java:418)
	at com.kms.katalon.core.main.TestCaseExecutor.accessMainPhase(TestCaseExecutor.java:410)
	at com.kms.katalon.core.main.TestCaseExecutor.execute(TestCaseExecutor.java:285)
	at com.kms.katalon.core.common.CommonExecutor.accessTestCaseMainPhase(CommonExecutor.java:65)
	at com.kms.katalon.core.main.TestSuiteExecutor.accessTestSuiteMainPhase(TestSuiteExecutor.java:150)
	at com.kms.katalon.core.main.TestSuiteExecutor.execute(TestSuiteExecutor.java:106)
	at com.kms.katalon.core.main.TestCaseMain.startTestSuite(TestCaseMain.java:180)
	at TempTestSuite1747808312062.run(TempTestSuite1747808312062.groovy:35)
	at java.base/jdk.internal.reflect.NativeMethodAccessorImpl.invoke0(Native Method)
	at java.base/jdk.internal.reflect.NativeMethodAccessorImpl.invoke(NativeMethodAccessorImpl.java:77)
	at java.base/jdk.internal.reflect.DelegatingMethodAccessorImpl.invoke(DelegatingMethodAccessorImpl.java:43)


21-05-2025T13:59:31 - [TEST_STEP][PASSED] - Start listener action : afterTest: null

21-05-2025T13:59:31 - [TEST_STEP][PASSED] - if (testCaseStatus != "PASSED"): Screenshot is taken

21-05-2025T13:59:31 - [TEST_STEP][PASSED] - takeScreenshot(ErrorScreen/$GlobalVariable.PLATFORM/$testCaseContext.getTestCaseId().png): Screenshot is taken

21-05-2025T13:59:32 - [MESSAGE][PASSED] - Screenshot is taken
[[ATTACHMENT|ErrorScreen/iOS/Test Cases/IPAPER APP/019 TU CHOI CHI TIET_NHAP Y KIEN.png]]

21-05-2025T13:59:32 - [TEST_STEP][PASSED] - drivers.Driver.closeApp(): drivers.Driver.closeApp is PASSED

21-05-2025T13:59:33 - [MESSAGE][PASSED] - drivers.Driver.closeApp is PASSED

21-05-2025T13:59:33 - [TEST_STEP][PASSED] - if (tsContext == null): null]]></system-out>
         <system-err><![CDATA[21-05-2025T13:58:17 - [TEST_CASE][ERROR] - Test Cases/IPAPER APP/019 TU CHOI CHI TIET_NHAP Y KIEN: Test Cases/IPAPER APP/019 TU CHOI CHI TIET_NHAP Y KIEN FAILED.
Reason:
org.openqa.selenium.NoSuchElementException: An element could not be located on the page using the given search parameters.
For documentation on this error, please visit: https://www.seleniumhq.org/exceptions/no_such_element.html
Build info: version: '3.141.59', revision: 'unknown', time: 'unknown'
System info: host: 'Cuong-Mac.local', ip: 'fe80:0:0:0:c43:6797:ebf2:3aad%en0', os.name: 'Mac OS X', os.arch: 'aarch64', os.version: '15.5', java.version: '17.0.7'
Driver info: io.appium.java_client.ios.IOSDriver
Capabilities {automationName: XCUITest, browserName: , databaseEnabled: false, fullReset: false, javascriptEnabled: true, locationContextEnabled: false, networkConnectionEnabled: false, noReset: true, platform: MAC, platformName: iOS, platformVersion: 18.4, takesScreenshot: true, udid: 00008110-000C10543443801E, webStorageEnabled: false}
Session ID: 01bfc3c6-5e13-4dc5-a0a0-9b9b6acbce73
*** Element info: {Using=xpath, value=//XCUIElementTypeStaticText[@name='Ý kiến']//parent::XCUIElementTypeOther//XCUIElementTypeTextView}
	at java.base/jdk.internal.reflect.NativeConstructorAccessorImpl.newInstance0(Native Method)
	at java.base/jdk.internal.reflect.NativeConstructorAccessorImpl.newInstance(NativeConstructorAccessorImpl.java:77)
	at java.base/jdk.internal.reflect.DelegatingConstructorAccessorImpl.newInstance(DelegatingConstructorAccessorImpl.java:45)
	at org.openqa.selenium.remote.http.W3CHttpResponseCodec.createException(W3CHttpResponseCodec.java:187)
	at org.openqa.selenium.remote.http.W3CHttpResponseCodec.decode(W3CHttpResponseCodec.java:122)
	at org.openqa.selenium.remote.http.W3CHttpResponseCodec.decode(W3CHttpResponseCodec.java:49)
	at org.openqa.selenium.remote.HttpCommandExecutor.execute(HttpCommandExecutor.java:158)
	at io.appium.java_client.remote.AppiumCommandExecutor.execute(AppiumCommandExecutor.java:239)
	at org.openqa.selenium.remote.RemoteWebDriver.execute(RemoteWebDriver.java:552)
	at io.appium.java_client.DefaultGenericMobileDriver.execute(DefaultGenericMobileDriver.java:42)
	at io.appium.java_client.AppiumDriver.execute(AppiumDriver.java:1)
	at io.appium.java_client.ios.IOSDriver.execute(IOSDriver.java:1)
	at org.openqa.selenium.remote.RemoteWebDriver.findElement(RemoteWebDriver.java:323)
	at io.appium.java_client.DefaultGenericMobileDriver.findElement(DefaultGenericMobileDriver.java:62)
	at io.appium.java_client.AppiumDriver.findElement(AppiumDriver.java:1)
	at io.appium.java_client.ios.IOSDriver.findElement(IOSDriver.java:1)
	at org.openqa.selenium.remote.RemoteWebDriver.findElementByXPath(RemoteWebDriver.java:428)
	at io.appium.java_client.DefaultGenericMobileDriver.findElementByXPath(DefaultGenericMobileDriver.java:152)
	at io.appium.java_client.AppiumDriver.findElementByXPath(AppiumDriver.java:1)
	at io.appium.java_client.ios.IOSDriver.findElementByXPath(IOSDriver.java:1)
	at org.openqa.selenium.By$ByXPath.findElement(By.java:353)
	at org.openqa.selenium.remote.RemoteWebDriver.findElement(RemoteWebDriver.java:315)
	at io.appium.java_client.DefaultGenericMobileDriver.findElement(DefaultGenericMobileDriver.java:58)
	at io.appium.java_client.AppiumDriver.findElement(AppiumDriver.java:1)
	at io.appium.java_client.ios.IOSDriver.findElement(IOSDriver.java:1)
	at base.BaseKeyword$Trait$Helper.inputText(BaseKeyword.groovy:63)
	at screens.PDFSignScreen.inputText(PDFSignScreen.groovy)
	at screens.PDFSignScreen.fillInOpinion(PDFSignScreen.groovy:165)
	at 019 TU CHOI CHI TIET_NHAP Y KIEN.run(019 TU CHOI CHI TIET_NHAP Y KIEN:44)
	at com.kms.katalon.core.main.ScriptEngine.run(ScriptEngine.java:194)
	at com.kms.katalon.core.main.ScriptEngine.runScriptAsRawText(ScriptEngine.java:119)
	at com.kms.katalon.core.main.TestCaseExecutor.runScript(TestCaseExecutor.java:448)
	at com.kms.katalon.core.main.TestCaseExecutor.doExecute(TestCaseExecutor.java:439)
	at com.kms.katalon.core.main.TestCaseExecutor.processExecutionPhase(TestCaseExecutor.java:418)
	at com.kms.katalon.core.main.TestCaseExecutor.accessMainPhase(TestCaseExecutor.java:410)
	at com.kms.katalon.core.main.TestCaseExecutor.execute(TestCaseExecutor.java:285)
	at com.kms.katalon.core.common.CommonExecutor.accessTestCaseMainPhase(CommonExecutor.java:65)
	at com.kms.katalon.core.main.TestSuiteExecutor.accessTestSuiteMainPhase(TestSuiteExecutor.java:150)
	at com.kms.katalon.core.main.TestSuiteExecutor.execute(TestSuiteExecutor.java:106)
	at com.kms.katalon.core.main.TestCaseMain.startTestSuite(TestCaseMain.java:180)
	at TempTestSuite1747808312062.run(TempTestSuite1747808312062.groovy:35)
	at java.base/jdk.internal.reflect.NativeMethodAccessorImpl.invoke0(Native Method)
	at java.base/jdk.internal.reflect.NativeMethodAccessorImpl.invoke(NativeMethodAccessorImpl.java:77)
	at java.base/jdk.internal.reflect.DelegatingMethodAccessorImpl.invoke(DelegatingMethodAccessorImpl.java:43)]]></system-err>
      </testcase>
      <testcase name="Test Cases/IPAPER APP/020 TU CHOI CHI TIET_KHONG NHAP Y KIEN" time="34.204" classname="Test Cases/IPAPER APP/020 TU CHOI CHI TIET_KHONG NHAP Y KIEN" status="ERROR">
         <error type="ERROR" message="Test Cases/IPAPER APP/020 TU CHOI CHI TIET_KHONG NHAP Y KIEN FAILED.&#xa;Reason:&#xa;org.openqa.selenium.NoSuchElementException: An element could not be located on the page using the given search parameters.&#xa;For documentation on this error, please visit: https://www.seleniumhq.org/exceptions/no_such_element.html&#xa;Build info: version: '3.141.59', revision: 'unknown', time: 'unknown'&#xa;System info: host: 'Cuong-Mac.local', ip: 'fe80:0:0:0:c43:6797:ebf2:3aad%en0', os.name: 'Mac OS X', os.arch: 'aarch64', os.version: '15.5', java.version: '17.0.7'&#xa;Driver info: io.appium.java_client.ios.IOSDriver&#xa;Capabilities {automationName: XCUITest, browserName: , databaseEnabled: false, fullReset: false, javascriptEnabled: true, locationContextEnabled: false, networkConnectionEnabled: false, noReset: true, platform: MAC, platformName: iOS, platformVersion: 18.4, takesScreenshot: true, udid: 00008110-000C10543443801E, webStorageEnabled: false}&#xa;Session ID: 01bfc3c6-5e13-4dc5-a0a0-9b9b6acbce73&#xa;*** Element info: {Using=xpath, value=//XCUIElementTypeImage[@name='ic_add']}&#xa;	at java.base/jdk.internal.reflect.NativeConstructorAccessorImpl.newInstance0(Native Method)&#xa;	at java.base/jdk.internal.reflect.NativeConstructorAccessorImpl.newInstance(NativeConstructorAccessorImpl.java:77)&#xa;	at java.base/jdk.internal.reflect.DelegatingConstructorAccessorImpl.newInstance(DelegatingConstructorAccessorImpl.java:45)&#xa;	at org.openqa.selenium.remote.http.W3CHttpResponseCodec.createException(W3CHttpResponseCodec.java:187)&#xa;	at org.openqa.selenium.remote.http.W3CHttpResponseCodec.decode(W3CHttpResponseCodec.java:122)&#xa;	at org.openqa.selenium.remote.http.W3CHttpResponseCodec.decode(W3CHttpResponseCodec.java:49)&#xa;	at org.openqa.selenium.remote.HttpCommandExecutor.execute(HttpCommandExecutor.java:158)&#xa;	at io.appium.java_client.remote.AppiumCommandExecutor.execute(AppiumCommandExecutor.java:239)&#xa;	at org.openqa.selenium.remote.RemoteWebDriver.execute(RemoteWebDriver.java:552)&#xa;	at io.appium.java_client.DefaultGenericMobileDriver.execute(DefaultGenericMobileDriver.java:42)&#xa;	at io.appium.java_client.AppiumDriver.execute(AppiumDriver.java:1)&#xa;	at io.appium.java_client.ios.IOSDriver.execute(IOSDriver.java:1)&#xa;	at org.openqa.selenium.remote.RemoteWebDriver.findElement(RemoteWebDriver.java:323)&#xa;	at io.appium.java_client.DefaultGenericMobileDriver.findElement(DefaultGenericMobileDriver.java:62)&#xa;	at io.appium.java_client.AppiumDriver.findElement(AppiumDriver.java:1)&#xa;	at io.appium.java_client.ios.IOSDriver.findElement(IOSDriver.java:1)&#xa;	at org.openqa.selenium.remote.RemoteWebDriver.findElementByXPath(RemoteWebDriver.java:428)&#xa;	at io.appium.java_client.DefaultGenericMobileDriver.findElementByXPath(DefaultGenericMobileDriver.java:152)&#xa;	at io.appium.java_client.AppiumDriver.findElementByXPath(AppiumDriver.java:1)&#xa;	at io.appium.java_client.ios.IOSDriver.findElementByXPath(IOSDriver.java:1)&#xa;	at org.openqa.selenium.By$ByXPath.findElement(By.java:353)&#xa;	at org.openqa.selenium.remote.RemoteWebDriver.findElement(RemoteWebDriver.java:315)&#xa;	at io.appium.java_client.DefaultGenericMobileDriver.findElement(DefaultGenericMobileDriver.java:58)&#xa;	at io.appium.java_client.AppiumDriver.findElement(AppiumDriver.java:1)&#xa;	at io.appium.java_client.ios.IOSDriver.findElement(IOSDriver.java:1)&#xa;	at base.BaseKeyword$Trait$Helper.clickToElement(BaseKeyword.groovy:88)&#xa;	at screens.HomeScreen.clickToElement(HomeScreen.groovy)&#xa;	at screens.HomeScreen.openRequestList(HomeScreen.groovy:84)&#xa;	at 020 TU CHOI CHI TIET_KHONG NHAP Y KIEN.run(020 TU CHOI CHI TIET_KHONG NHAP Y KIEN:20)&#xa;	at com.kms.katalon.core.main.ScriptEngine.run(ScriptEngine.java:194)&#xa;	at com.kms.katalon.core.main.ScriptEngine.runScriptAsRawText(ScriptEngine.java:119)&#xa;	at com.kms.katalon.core.main.TestCaseExecutor.runScript(TestCaseExecutor.java:448)&#xa;	at com.kms.katalon.core.main.TestCaseExecutor.doExecute(TestCaseExecutor.java:439)&#xa;	at com.kms.katalon.core.main.TestCaseExecutor.processExecutionPhase(TestCaseExecutor.java:418)&#xa;	at com.kms.katalon.core.main.TestCaseExecutor.accessMainPhase(TestCaseExecutor.java:410)&#xa;	at com.kms.katalon.core.main.TestCaseExecutor.execute(TestCaseExecutor.java:285)&#xa;	at com.kms.katalon.core.common.CommonExecutor.accessTestCaseMainPhase(CommonExecutor.java:65)&#xa;	at com.kms.katalon.core.main.TestSuiteExecutor.accessTestSuiteMainPhase(TestSuiteExecutor.java:150)&#xa;	at com.kms.katalon.core.main.TestSuiteExecutor.execute(TestSuiteExecutor.java:106)&#xa;	at com.kms.katalon.core.main.TestCaseMain.startTestSuite(TestCaseMain.java:180)&#xa;	at TempTestSuite1747808312062.run(TempTestSuite1747808312062.groovy:35)&#xa;	at java.base/jdk.internal.reflect.NativeMethodAccessorImpl.invoke0(Native Method)&#xa;	at java.base/jdk.internal.reflect.NativeMethodAccessorImpl.invoke(NativeMethodAccessorImpl.java:77)&#xa;	at java.base/jdk.internal.reflect.DelegatingMethodAccessorImpl.invoke(DelegatingMethodAccessorImpl.java:43)&#xa;"/>
         <system-out><![CDATA[21-05-2025T13:59:33 - [TEST_CASE][ERROR] - Test Cases/IPAPER APP/020 TU CHOI CHI TIET_KHONG NHAP Y KIEN: Test Cases/IPAPER APP/020 TU CHOI CHI TIET_KHONG NHAP Y KIEN FAILED.
Reason:
org.openqa.selenium.NoSuchElementException: An element could not be located on the page using the given search parameters.
For documentation on this error, please visit: https://www.seleniumhq.org/exceptions/no_such_element.html
Build info: version: '3.141.59', revision: 'unknown', time: 'unknown'
System info: host: 'Cuong-Mac.local', ip: 'fe80:0:0:0:c43:6797:ebf2:3aad%en0', os.name: 'Mac OS X', os.arch: 'aarch64', os.version: '15.5', java.version: '17.0.7'
Driver info: io.appium.java_client.ios.IOSDriver
Capabilities {automationName: XCUITest, browserName: , databaseEnabled: false, fullReset: false, javascriptEnabled: true, locationContextEnabled: false, networkConnectionEnabled: false, noReset: true, platform: MAC, platformName: iOS, platformVersion: 18.4, takesScreenshot: true, udid: 00008110-000C10543443801E, webStorageEnabled: false}
Session ID: 01bfc3c6-5e13-4dc5-a0a0-9b9b6acbce73
*** Element info: {Using=xpath, value=//XCUIElementTypeImage[@name='ic_add']}
	at java.base/jdk.internal.reflect.NativeConstructorAccessorImpl.newInstance0(Native Method)
	at java.base/jdk.internal.reflect.NativeConstructorAccessorImpl.newInstance(NativeConstructorAccessorImpl.java:77)
	at java.base/jdk.internal.reflect.DelegatingConstructorAccessorImpl.newInstance(DelegatingConstructorAccessorImpl.java:45)
	at org.openqa.selenium.remote.http.W3CHttpResponseCodec.createException(W3CHttpResponseCodec.java:187)
	at org.openqa.selenium.remote.http.W3CHttpResponseCodec.decode(W3CHttpResponseCodec.java:122)
	at org.openqa.selenium.remote.http.W3CHttpResponseCodec.decode(W3CHttpResponseCodec.java:49)
	at org.openqa.selenium.remote.HttpCommandExecutor.execute(HttpCommandExecutor.java:158)
	at io.appium.java_client.remote.AppiumCommandExecutor.execute(AppiumCommandExecutor.java:239)
	at org.openqa.selenium.remote.RemoteWebDriver.execute(RemoteWebDriver.java:552)
	at io.appium.java_client.DefaultGenericMobileDriver.execute(DefaultGenericMobileDriver.java:42)
	at io.appium.java_client.AppiumDriver.execute(AppiumDriver.java:1)
	at io.appium.java_client.ios.IOSDriver.execute(IOSDriver.java:1)
	at org.openqa.selenium.remote.RemoteWebDriver.findElement(RemoteWebDriver.java:323)
	at io.appium.java_client.DefaultGenericMobileDriver.findElement(DefaultGenericMobileDriver.java:62)
	at io.appium.java_client.AppiumDriver.findElement(AppiumDriver.java:1)
	at io.appium.java_client.ios.IOSDriver.findElement(IOSDriver.java:1)
	at org.openqa.selenium.remote.RemoteWebDriver.findElementByXPath(RemoteWebDriver.java:428)
	at io.appium.java_client.DefaultGenericMobileDriver.findElementByXPath(DefaultGenericMobileDriver.java:152)
	at io.appium.java_client.AppiumDriver.findElementByXPath(AppiumDriver.java:1)
	at io.appium.java_client.ios.IOSDriver.findElementByXPath(IOSDriver.java:1)
	at org.openqa.selenium.By$ByXPath.findElement(By.java:353)
	at org.openqa.selenium.remote.RemoteWebDriver.findElement(RemoteWebDriver.java:315)
	at io.appium.java_client.DefaultGenericMobileDriver.findElement(DefaultGenericMobileDriver.java:58)
	at io.appium.java_client.AppiumDriver.findElement(AppiumDriver.java:1)
	at io.appium.java_client.ios.IOSDriver.findElement(IOSDriver.java:1)
	at base.BaseKeyword$Trait$Helper.clickToElement(BaseKeyword.groovy:88)
	at screens.HomeScreen.clickToElement(HomeScreen.groovy)
	at screens.HomeScreen.openRequestList(HomeScreen.groovy:84)
	at 020 TU CHOI CHI TIET_KHONG NHAP Y KIEN.run(020 TU CHOI CHI TIET_KHONG NHAP Y KIEN:20)
	at com.kms.katalon.core.main.ScriptEngine.run(ScriptEngine.java:194)
	at com.kms.katalon.core.main.ScriptEngine.runScriptAsRawText(ScriptEngine.java:119)
	at com.kms.katalon.core.main.TestCaseExecutor.runScript(TestCaseExecutor.java:448)
	at com.kms.katalon.core.main.TestCaseExecutor.doExecute(TestCaseExecutor.java:439)
	at com.kms.katalon.core.main.TestCaseExecutor.processExecutionPhase(TestCaseExecutor.java:418)
	at com.kms.katalon.core.main.TestCaseExecutor.accessMainPhase(TestCaseExecutor.java:410)
	at com.kms.katalon.core.main.TestCaseExecutor.execute(TestCaseExecutor.java:285)
	at com.kms.katalon.core.common.CommonExecutor.accessTestCaseMainPhase(CommonExecutor.java:65)
	at com.kms.katalon.core.main.TestSuiteExecutor.accessTestSuiteMainPhase(TestSuiteExecutor.java:150)
	at com.kms.katalon.core.main.TestSuiteExecutor.execute(TestSuiteExecutor.java:106)
	at com.kms.katalon.core.main.TestCaseMain.startTestSuite(TestCaseMain.java:180)
	at TempTestSuite1747808312062.run(TempTestSuite1747808312062.groovy:35)
	at java.base/jdk.internal.reflect.NativeMethodAccessorImpl.invoke0(Native Method)
	at java.base/jdk.internal.reflect.NativeMethodAccessorImpl.invoke(NativeMethodAccessorImpl.java:77)
	at java.base/jdk.internal.reflect.DelegatingMethodAccessorImpl.invoke(DelegatingMethodAccessorImpl.java:43)


21-05-2025T13:59:33 - [TEST_STEP][PASSED] - Start listener action : beforeTest: drivers.Driver.openApp is PASSED

21-05-2025T13:59:33 - [TEST_STEP][PASSED] - DataTest.init(): null

21-05-2025T13:59:33 - [TEST_STEP][PASSED] - testCaseId = split("/").last(): null

21-05-2025T13:59:33 - [TEST_STEP][PASSED] - if (!(drivers.Driver.isAppiumRunning())): drivers.Driver.isAppiumRunning is PASSED

21-05-2025T13:59:33 - [MESSAGE][INFO] - Appium running: true

21-05-2025T13:59:33 - [MESSAGE][PASSED] - drivers.Driver.isAppiumRunning is PASSED

21-05-2025T13:59:33 - [TEST_STEP][PASSED] - if (driver == null || driver.getSessionId() == null): null

21-05-2025T13:59:33 - [TEST_STEP][PASSED] - drivers.Driver.openApp(): drivers.Driver.openApp is PASSED

21-05-2025T13:59:34 - [MESSAGE][PASSED] - drivers.Driver.openApp is PASSED

21-05-2025T13:59:34 - [TEST_STEP][PASSED] - REQUEST_NAME = "Trình ký PDF có sẵn": null

21-05-2025T13:59:34 - [TEST_STEP][PASSED] - COMMENT = "Không có bình luận": null

21-05-2025T13:59:34 - [TEST_STEP][PASSED] - auto5 = DataTest.getUserTest5(): null

21-05-2025T13:59:34 - [TEST_STEP][PASSED] - auto6 = DataTest.getUserTest6(): null

21-05-2025T13:59:34 - [TEST_STEP][PASSED] - document = DataTest.createDocumentTest(auto5, auto6, null, "dummy.pdf", "dummy.pdf"): null

21-05-2025T13:59:34 - [TEST_STEP][PASSED] - loginScreen.login(auto5): null

21-05-2025T14:00:02 - [TEST_STEP][ERROR] - homeScreen.openRequestList(): Test Cases/IPAPER APP/020 TU CHOI CHI TIET_KHONG NHAP Y KIEN FAILED.
Reason:
org.openqa.selenium.NoSuchElementException: An element could not be located on the page using the given search parameters.
For documentation on this error, please visit: https://www.seleniumhq.org/exceptions/no_such_element.html
Build info: version: '3.141.59', revision: 'unknown', time: 'unknown'
System info: host: 'Cuong-Mac.local', ip: 'fe80:0:0:0:c43:6797:ebf2:3aad%en0', os.name: 'Mac OS X', os.arch: 'aarch64', os.version: '15.5', java.version: '17.0.7'
Driver info: io.appium.java_client.ios.IOSDriver
Capabilities {automationName: XCUITest, browserName: , databaseEnabled: false, fullReset: false, javascriptEnabled: true, locationContextEnabled: false, networkConnectionEnabled: false, noReset: true, platform: MAC, platformName: iOS, platformVersion: 18.4, takesScreenshot: true, udid: 00008110-000C10543443801E, webStorageEnabled: false}
Session ID: 01bfc3c6-5e13-4dc5-a0a0-9b9b6acbce73
*** Element info: {Using=xpath, value=//XCUIElementTypeImage[@name='ic_add']}
	at java.base/jdk.internal.reflect.NativeConstructorAccessorImpl.newInstance0(Native Method)
	at java.base/jdk.internal.reflect.NativeConstructorAccessorImpl.newInstance(NativeConstructorAccessorImpl.java:77)
	at java.base/jdk.internal.reflect.DelegatingConstructorAccessorImpl.newInstance(DelegatingConstructorAccessorImpl.java:45)
	at org.openqa.selenium.remote.http.W3CHttpResponseCodec.createException(W3CHttpResponseCodec.java:187)
	at org.openqa.selenium.remote.http.W3CHttpResponseCodec.decode(W3CHttpResponseCodec.java:122)
	at org.openqa.selenium.remote.http.W3CHttpResponseCodec.decode(W3CHttpResponseCodec.java:49)
	at org.openqa.selenium.remote.HttpCommandExecutor.execute(HttpCommandExecutor.java:158)
	at io.appium.java_client.remote.AppiumCommandExecutor.execute(AppiumCommandExecutor.java:239)
	at org.openqa.selenium.remote.RemoteWebDriver.execute(RemoteWebDriver.java:552)
	at io.appium.java_client.DefaultGenericMobileDriver.execute(DefaultGenericMobileDriver.java:42)
	at io.appium.java_client.AppiumDriver.execute(AppiumDriver.java:1)
	at io.appium.java_client.ios.IOSDriver.execute(IOSDriver.java:1)
	at org.openqa.selenium.remote.RemoteWebDriver.findElement(RemoteWebDriver.java:323)
	at io.appium.java_client.DefaultGenericMobileDriver.findElement(DefaultGenericMobileDriver.java:62)
	at io.appium.java_client.AppiumDriver.findElement(AppiumDriver.java:1)
	at io.appium.java_client.ios.IOSDriver.findElement(IOSDriver.java:1)
	at org.openqa.selenium.remote.RemoteWebDriver.findElementByXPath(RemoteWebDriver.java:428)
	at io.appium.java_client.DefaultGenericMobileDriver.findElementByXPath(DefaultGenericMobileDriver.java:152)
	at io.appium.java_client.AppiumDriver.findElementByXPath(AppiumDriver.java:1)
	at io.appium.java_client.ios.IOSDriver.findElementByXPath(IOSDriver.java:1)
	at org.openqa.selenium.By$ByXPath.findElement(By.java:353)
	at org.openqa.selenium.remote.RemoteWebDriver.findElement(RemoteWebDriver.java:315)
	at io.appium.java_client.DefaultGenericMobileDriver.findElement(DefaultGenericMobileDriver.java:58)
	at io.appium.java_client.AppiumDriver.findElement(AppiumDriver.java:1)
	at io.appium.java_client.ios.IOSDriver.findElement(IOSDriver.java:1)
	at base.BaseKeyword$Trait$Helper.clickToElement(BaseKeyword.groovy:88)
	at screens.HomeScreen.clickToElement(HomeScreen.groovy)
	at screens.HomeScreen.openRequestList(HomeScreen.groovy:84)
	at 020 TU CHOI CHI TIET_KHONG NHAP Y KIEN.run(020 TU CHOI CHI TIET_KHONG NHAP Y KIEN:20)
	at com.kms.katalon.core.main.ScriptEngine.run(ScriptEngine.java:194)
	at com.kms.katalon.core.main.ScriptEngine.runScriptAsRawText(ScriptEngine.java:119)
	at com.kms.katalon.core.main.TestCaseExecutor.runScript(TestCaseExecutor.java:448)
	at com.kms.katalon.core.main.TestCaseExecutor.doExecute(TestCaseExecutor.java:439)
	at com.kms.katalon.core.main.TestCaseExecutor.processExecutionPhase(TestCaseExecutor.java:418)
	at com.kms.katalon.core.main.TestCaseExecutor.accessMainPhase(TestCaseExecutor.java:410)
	at com.kms.katalon.core.main.TestCaseExecutor.execute(TestCaseExecutor.java:285)
	at com.kms.katalon.core.common.CommonExecutor.accessTestCaseMainPhase(CommonExecutor.java:65)
	at com.kms.katalon.core.main.TestSuiteExecutor.accessTestSuiteMainPhase(TestSuiteExecutor.java:150)
	at com.kms.katalon.core.main.TestSuiteExecutor.execute(TestSuiteExecutor.java:106)
	at com.kms.katalon.core.main.TestCaseMain.startTestSuite(TestCaseMain.java:180)
	at TempTestSuite1747808312062.run(TempTestSuite1747808312062.groovy:35)
	at java.base/jdk.internal.reflect.NativeMethodAccessorImpl.invoke0(Native Method)
	at java.base/jdk.internal.reflect.NativeMethodAccessorImpl.invoke(NativeMethodAccessorImpl.java:77)
	at java.base/jdk.internal.reflect.DelegatingMethodAccessorImpl.invoke(DelegatingMethodAccessorImpl.java:43)


21-05-2025T14:00:06 - [MESSAGE][ERROR] - Test Cases/IPAPER APP/020 TU CHOI CHI TIET_KHONG NHAP Y KIEN FAILED.
Reason:
org.openqa.selenium.NoSuchElementException: An element could not be located on the page using the given search parameters.
For documentation on this error, please visit: https://www.seleniumhq.org/exceptions/no_such_element.html
Build info: version: '3.141.59', revision: 'unknown', time: 'unknown'
System info: host: 'Cuong-Mac.local', ip: 'fe80:0:0:0:c43:6797:ebf2:3aad%en0', os.name: 'Mac OS X', os.arch: 'aarch64', os.version: '15.5', java.version: '17.0.7'
Driver info: io.appium.java_client.ios.IOSDriver
Capabilities {automationName: XCUITest, browserName: , databaseEnabled: false, fullReset: false, javascriptEnabled: true, locationContextEnabled: false, networkConnectionEnabled: false, noReset: true, platform: MAC, platformName: iOS, platformVersion: 18.4, takesScreenshot: true, udid: 00008110-000C10543443801E, webStorageEnabled: false}
Session ID: 01bfc3c6-5e13-4dc5-a0a0-9b9b6acbce73
*** Element info: {Using=xpath, value=//XCUIElementTypeImage[@name='ic_add']}
	at java.base/jdk.internal.reflect.NativeConstructorAccessorImpl.newInstance0(Native Method)
	at java.base/jdk.internal.reflect.NativeConstructorAccessorImpl.newInstance(NativeConstructorAccessorImpl.java:77)
	at java.base/jdk.internal.reflect.DelegatingConstructorAccessorImpl.newInstance(DelegatingConstructorAccessorImpl.java:45)
	at org.openqa.selenium.remote.http.W3CHttpResponseCodec.createException(W3CHttpResponseCodec.java:187)
	at org.openqa.selenium.remote.http.W3CHttpResponseCodec.decode(W3CHttpResponseCodec.java:122)
	at org.openqa.selenium.remote.http.W3CHttpResponseCodec.decode(W3CHttpResponseCodec.java:49)
	at org.openqa.selenium.remote.HttpCommandExecutor.execute(HttpCommandExecutor.java:158)
	at io.appium.java_client.remote.AppiumCommandExecutor.execute(AppiumCommandExecutor.java:239)
	at org.openqa.selenium.remote.RemoteWebDriver.execute(RemoteWebDriver.java:552)
	at io.appium.java_client.DefaultGenericMobileDriver.execute(DefaultGenericMobileDriver.java:42)
	at io.appium.java_client.AppiumDriver.execute(AppiumDriver.java:1)
	at io.appium.java_client.ios.IOSDriver.execute(IOSDriver.java:1)
	at org.openqa.selenium.remote.RemoteWebDriver.findElement(RemoteWebDriver.java:323)
	at io.appium.java_client.DefaultGenericMobileDriver.findElement(DefaultGenericMobileDriver.java:62)
	at io.appium.java_client.AppiumDriver.findElement(AppiumDriver.java:1)
	at io.appium.java_client.ios.IOSDriver.findElement(IOSDriver.java:1)
	at org.openqa.selenium.remote.RemoteWebDriver.findElementByXPath(RemoteWebDriver.java:428)
	at io.appium.java_client.DefaultGenericMobileDriver.findElementByXPath(DefaultGenericMobileDriver.java:152)
	at io.appium.java_client.AppiumDriver.findElementByXPath(AppiumDriver.java:1)
	at io.appium.java_client.ios.IOSDriver.findElementByXPath(IOSDriver.java:1)
	at org.openqa.selenium.By$ByXPath.findElement(By.java:353)
	at org.openqa.selenium.remote.RemoteWebDriver.findElement(RemoteWebDriver.java:315)
	at io.appium.java_client.DefaultGenericMobileDriver.findElement(DefaultGenericMobileDriver.java:58)
	at io.appium.java_client.AppiumDriver.findElement(AppiumDriver.java:1)
	at io.appium.java_client.ios.IOSDriver.findElement(IOSDriver.java:1)
	at base.BaseKeyword$Trait$Helper.clickToElement(BaseKeyword.groovy:88)
	at screens.HomeScreen.clickToElement(HomeScreen.groovy)
	at screens.HomeScreen.openRequestList(HomeScreen.groovy:84)
	at 020 TU CHOI CHI TIET_KHONG NHAP Y KIEN.run(020 TU CHOI CHI TIET_KHONG NHAP Y KIEN:20)
	at com.kms.katalon.core.main.ScriptEngine.run(ScriptEngine.java:194)
	at com.kms.katalon.core.main.ScriptEngine.runScriptAsRawText(ScriptEngine.java:119)
	at com.kms.katalon.core.main.TestCaseExecutor.runScript(TestCaseExecutor.java:448)
	at com.kms.katalon.core.main.TestCaseExecutor.doExecute(TestCaseExecutor.java:439)
	at com.kms.katalon.core.main.TestCaseExecutor.processExecutionPhase(TestCaseExecutor.java:418)
	at com.kms.katalon.core.main.TestCaseExecutor.accessMainPhase(TestCaseExecutor.java:410)
	at com.kms.katalon.core.main.TestCaseExecutor.execute(TestCaseExecutor.java:285)
	at com.kms.katalon.core.common.CommonExecutor.accessTestCaseMainPhase(CommonExecutor.java:65)
	at com.kms.katalon.core.main.TestSuiteExecutor.accessTestSuiteMainPhase(TestSuiteExecutor.java:150)
	at com.kms.katalon.core.main.TestSuiteExecutor.execute(TestSuiteExecutor.java:106)
	at com.kms.katalon.core.main.TestCaseMain.startTestSuite(TestCaseMain.java:180)
	at TempTestSuite1747808312062.run(TempTestSuite1747808312062.groovy:35)
	at java.base/jdk.internal.reflect.NativeMethodAccessorImpl.invoke0(Native Method)
	at java.base/jdk.internal.reflect.NativeMethodAccessorImpl.invoke(NativeMethodAccessorImpl.java:77)
	at java.base/jdk.internal.reflect.DelegatingMethodAccessorImpl.invoke(DelegatingMethodAccessorImpl.java:43)


21-05-2025T14:00:06 - [TEST_STEP][PASSED] - Start listener action : afterTest: null

21-05-2025T14:00:06 - [TEST_STEP][PASSED] - if (testCaseStatus != "PASSED"): Screenshot is taken

21-05-2025T14:00:06 - [TEST_STEP][PASSED] - takeScreenshot(ErrorScreen/$GlobalVariable.PLATFORM/$testCaseContext.getTestCaseId().png): Screenshot is taken

21-05-2025T14:00:06 - [MESSAGE][PASSED] - Screenshot is taken
[[ATTACHMENT|ErrorScreen/iOS/Test Cases/IPAPER APP/020 TU CHOI CHI TIET_KHONG NHAP Y KIEN.png]]

21-05-2025T14:00:06 - [TEST_STEP][PASSED] - drivers.Driver.closeApp(): drivers.Driver.closeApp is PASSED

21-05-2025T14:00:07 - [MESSAGE][PASSED] - drivers.Driver.closeApp is PASSED

21-05-2025T14:00:07 - [TEST_STEP][PASSED] - if (tsContext == null): null]]></system-out>
         <system-err><![CDATA[21-05-2025T13:59:33 - [TEST_CASE][ERROR] - Test Cases/IPAPER APP/020 TU CHOI CHI TIET_KHONG NHAP Y KIEN: Test Cases/IPAPER APP/020 TU CHOI CHI TIET_KHONG NHAP Y KIEN FAILED.
Reason:
org.openqa.selenium.NoSuchElementException: An element could not be located on the page using the given search parameters.
For documentation on this error, please visit: https://www.seleniumhq.org/exceptions/no_such_element.html
Build info: version: '3.141.59', revision: 'unknown', time: 'unknown'
System info: host: 'Cuong-Mac.local', ip: 'fe80:0:0:0:c43:6797:ebf2:3aad%en0', os.name: 'Mac OS X', os.arch: 'aarch64', os.version: '15.5', java.version: '17.0.7'
Driver info: io.appium.java_client.ios.IOSDriver
Capabilities {automationName: XCUITest, browserName: , databaseEnabled: false, fullReset: false, javascriptEnabled: true, locationContextEnabled: false, networkConnectionEnabled: false, noReset: true, platform: MAC, platformName: iOS, platformVersion: 18.4, takesScreenshot: true, udid: 00008110-000C10543443801E, webStorageEnabled: false}
Session ID: 01bfc3c6-5e13-4dc5-a0a0-9b9b6acbce73
*** Element info: {Using=xpath, value=//XCUIElementTypeImage[@name='ic_add']}
	at java.base/jdk.internal.reflect.NativeConstructorAccessorImpl.newInstance0(Native Method)
	at java.base/jdk.internal.reflect.NativeConstructorAccessorImpl.newInstance(NativeConstructorAccessorImpl.java:77)
	at java.base/jdk.internal.reflect.DelegatingConstructorAccessorImpl.newInstance(DelegatingConstructorAccessorImpl.java:45)
	at org.openqa.selenium.remote.http.W3CHttpResponseCodec.createException(W3CHttpResponseCodec.java:187)
	at org.openqa.selenium.remote.http.W3CHttpResponseCodec.decode(W3CHttpResponseCodec.java:122)
	at org.openqa.selenium.remote.http.W3CHttpResponseCodec.decode(W3CHttpResponseCodec.java:49)
	at org.openqa.selenium.remote.HttpCommandExecutor.execute(HttpCommandExecutor.java:158)
	at io.appium.java_client.remote.AppiumCommandExecutor.execute(AppiumCommandExecutor.java:239)
	at org.openqa.selenium.remote.RemoteWebDriver.execute(RemoteWebDriver.java:552)
	at io.appium.java_client.DefaultGenericMobileDriver.execute(DefaultGenericMobileDriver.java:42)
	at io.appium.java_client.AppiumDriver.execute(AppiumDriver.java:1)
	at io.appium.java_client.ios.IOSDriver.execute(IOSDriver.java:1)
	at org.openqa.selenium.remote.RemoteWebDriver.findElement(RemoteWebDriver.java:323)
	at io.appium.java_client.DefaultGenericMobileDriver.findElement(DefaultGenericMobileDriver.java:62)
	at io.appium.java_client.AppiumDriver.findElement(AppiumDriver.java:1)
	at io.appium.java_client.ios.IOSDriver.findElement(IOSDriver.java:1)
	at org.openqa.selenium.remote.RemoteWebDriver.findElementByXPath(RemoteWebDriver.java:428)
	at io.appium.java_client.DefaultGenericMobileDriver.findElementByXPath(DefaultGenericMobileDriver.java:152)
	at io.appium.java_client.AppiumDriver.findElementByXPath(AppiumDriver.java:1)
	at io.appium.java_client.ios.IOSDriver.findElementByXPath(IOSDriver.java:1)
	at org.openqa.selenium.By$ByXPath.findElement(By.java:353)
	at org.openqa.selenium.remote.RemoteWebDriver.findElement(RemoteWebDriver.java:315)
	at io.appium.java_client.DefaultGenericMobileDriver.findElement(DefaultGenericMobileDriver.java:58)
	at io.appium.java_client.AppiumDriver.findElement(AppiumDriver.java:1)
	at io.appium.java_client.ios.IOSDriver.findElement(IOSDriver.java:1)
	at base.BaseKeyword$Trait$Helper.clickToElement(BaseKeyword.groovy:88)
	at screens.HomeScreen.clickToElement(HomeScreen.groovy)
	at screens.HomeScreen.openRequestList(HomeScreen.groovy:84)
	at 020 TU CHOI CHI TIET_KHONG NHAP Y KIEN.run(020 TU CHOI CHI TIET_KHONG NHAP Y KIEN:20)
	at com.kms.katalon.core.main.ScriptEngine.run(ScriptEngine.java:194)
	at com.kms.katalon.core.main.ScriptEngine.runScriptAsRawText(ScriptEngine.java:119)
	at com.kms.katalon.core.main.TestCaseExecutor.runScript(TestCaseExecutor.java:448)
	at com.kms.katalon.core.main.TestCaseExecutor.doExecute(TestCaseExecutor.java:439)
	at com.kms.katalon.core.main.TestCaseExecutor.processExecutionPhase(TestCaseExecutor.java:418)
	at com.kms.katalon.core.main.TestCaseExecutor.accessMainPhase(TestCaseExecutor.java:410)
	at com.kms.katalon.core.main.TestCaseExecutor.execute(TestCaseExecutor.java:285)
	at com.kms.katalon.core.common.CommonExecutor.accessTestCaseMainPhase(CommonExecutor.java:65)
	at com.kms.katalon.core.main.TestSuiteExecutor.accessTestSuiteMainPhase(TestSuiteExecutor.java:150)
	at com.kms.katalon.core.main.TestSuiteExecutor.execute(TestSuiteExecutor.java:106)
	at com.kms.katalon.core.main.TestCaseMain.startTestSuite(TestCaseMain.java:180)
	at TempTestSuite1747808312062.run(TempTestSuite1747808312062.groovy:35)
	at java.base/jdk.internal.reflect.NativeMethodAccessorImpl.invoke0(Native Method)
	at java.base/jdk.internal.reflect.NativeMethodAccessorImpl.invoke(NativeMethodAccessorImpl.java:77)
	at java.base/jdk.internal.reflect.DelegatingMethodAccessorImpl.invoke(DelegatingMethodAccessorImpl.java:43)]]></system-err>
      </testcase>
      <testcase name="Test Cases/IPAPER APP/021 TU CHOI TẠI MAIN FILE_NHAP Y KIEN" time="74.48" classname="Test Cases/IPAPER APP/021 TU CHOI TẠI MAIN FILE_NHAP Y KIEN" status="ERROR">
         <error type="ERROR" message="Test Cases/IPAPER APP/021 TU CHOI TẠI MAIN FILE_NHAP Y KIEN FAILED.&#xa;Reason:&#xa;org.openqa.selenium.TimeoutException: Expected condition failed: waiting for base.BaseKeyword$Trait$Helper$_waitForNotPresentOf_closure2@91c2400 (tried for 30 second(s) with 500 milliseconds interval)&#xa;Build info: version: '3.141.59', revision: 'unknown', time: 'unknown'&#xa;System info: host: 'Cuong-Mac.local', ip: 'fe80:0:0:0:c43:6797:ebf2:3aad%en0', os.name: 'Mac OS X', os.arch: 'aarch64', os.version: '15.5', java.version: '17.0.7'&#xa;Driver info: io.appium.java_client.ios.IOSDriver&#xa;Capabilities {automationName: XCUITest, browserName: , databaseEnabled: false, fullReset: false, javascriptEnabled: true, locationContextEnabled: false, networkConnectionEnabled: false, noReset: true, platform: MAC, platformName: iOS, platformVersion: 18.4, takesScreenshot: true, udid: 00008110-000C10543443801E, webStorageEnabled: false}&#xa;Session ID: 01bfc3c6-5e13-4dc5-a0a0-9b9b6acbce73&#xa;	at org.openqa.selenium.support.ui.WebDriverWait.timeoutException(WebDriverWait.java:95)&#xa;	at org.openqa.selenium.support.ui.FluentWait.until(FluentWait.java:272)&#xa;	at base.BaseKeyword$Trait$Helper.waitForNotPresentOf(BaseKeyword.groovy:356)&#xa;	at screens.PDFSignScreen.waitForNotPresentOf(PDFSignScreen.groovy)&#xa;	at screens.PDFSignScreen.selectAssigner(PDFSignScreen.groovy:87)&#xa;	at 021 TU CHOI TẠI MAIN FILE_NHAP Y KIEN.run(021 TU CHOI TẠI MAIN FILE_NHAP Y KIEN:32)&#xa;	at com.kms.katalon.core.main.ScriptEngine.run(ScriptEngine.java:194)&#xa;	at com.kms.katalon.core.main.ScriptEngine.runScriptAsRawText(ScriptEngine.java:119)&#xa;	at com.kms.katalon.core.main.TestCaseExecutor.runScript(TestCaseExecutor.java:448)&#xa;	at com.kms.katalon.core.main.TestCaseExecutor.doExecute(TestCaseExecutor.java:439)&#xa;	at com.kms.katalon.core.main.TestCaseExecutor.processExecutionPhase(TestCaseExecutor.java:418)&#xa;	at com.kms.katalon.core.main.TestCaseExecutor.accessMainPhase(TestCaseExecutor.java:410)&#xa;	at com.kms.katalon.core.main.TestCaseExecutor.execute(TestCaseExecutor.java:285)&#xa;	at com.kms.katalon.core.common.CommonExecutor.accessTestCaseMainPhase(CommonExecutor.java:65)&#xa;	at com.kms.katalon.core.main.TestSuiteExecutor.accessTestSuiteMainPhase(TestSuiteExecutor.java:150)&#xa;	at com.kms.katalon.core.main.TestSuiteExecutor.execute(TestSuiteExecutor.java:106)&#xa;	at com.kms.katalon.core.main.TestCaseMain.startTestSuite(TestCaseMain.java:180)&#xa;	at TempTestSuite1747808312062.run(TempTestSuite1747808312062.groovy:35)&#xa;	at java.base/jdk.internal.reflect.NativeMethodAccessorImpl.invoke0(Native Method)&#xa;	at java.base/jdk.internal.reflect.NativeMethodAccessorImpl.invoke(NativeMethodAccessorImpl.java:77)&#xa;	at java.base/jdk.internal.reflect.DelegatingMethodAccessorImpl.invoke(DelegatingMethodAccessorImpl.java:43)&#xa;"/>
         <system-out><![CDATA[21-05-2025T14:00:07 - [TEST_CASE][ERROR] - Test Cases/IPAPER APP/021 TU CHOI TẠI MAIN FILE_NHAP Y KIEN: Test Cases/IPAPER APP/021 TU CHOI TẠI MAIN FILE_NHAP Y KIEN FAILED.
Reason:
org.openqa.selenium.TimeoutException: Expected condition failed: waiting for base.BaseKeyword$Trait$Helper$_waitForNotPresentOf_closure2@91c2400 (tried for 30 second(s) with 500 milliseconds interval)
Build info: version: '3.141.59', revision: 'unknown', time: 'unknown'
System info: host: 'Cuong-Mac.local', ip: 'fe80:0:0:0:c43:6797:ebf2:3aad%en0', os.name: 'Mac OS X', os.arch: 'aarch64', os.version: '15.5', java.version: '17.0.7'
Driver info: io.appium.java_client.ios.IOSDriver
Capabilities {automationName: XCUITest, browserName: , databaseEnabled: false, fullReset: false, javascriptEnabled: true, locationContextEnabled: false, networkConnectionEnabled: false, noReset: true, platform: MAC, platformName: iOS, platformVersion: 18.4, takesScreenshot: true, udid: 00008110-000C10543443801E, webStorageEnabled: false}
Session ID: 01bfc3c6-5e13-4dc5-a0a0-9b9b6acbce73
	at org.openqa.selenium.support.ui.WebDriverWait.timeoutException(WebDriverWait.java:95)
	at org.openqa.selenium.support.ui.FluentWait.until(FluentWait.java:272)
	at base.BaseKeyword$Trait$Helper.waitForNotPresentOf(BaseKeyword.groovy:356)
	at screens.PDFSignScreen.waitForNotPresentOf(PDFSignScreen.groovy)
	at screens.PDFSignScreen.selectAssigner(PDFSignScreen.groovy:87)
	at 021 TU CHOI TẠI MAIN FILE_NHAP Y KIEN.run(021 TU CHOI TẠI MAIN FILE_NHAP Y KIEN:32)
	at com.kms.katalon.core.main.ScriptEngine.run(ScriptEngine.java:194)
	at com.kms.katalon.core.main.ScriptEngine.runScriptAsRawText(ScriptEngine.java:119)
	at com.kms.katalon.core.main.TestCaseExecutor.runScript(TestCaseExecutor.java:448)
	at com.kms.katalon.core.main.TestCaseExecutor.doExecute(TestCaseExecutor.java:439)
	at com.kms.katalon.core.main.TestCaseExecutor.processExecutionPhase(TestCaseExecutor.java:418)
	at com.kms.katalon.core.main.TestCaseExecutor.accessMainPhase(TestCaseExecutor.java:410)
	at com.kms.katalon.core.main.TestCaseExecutor.execute(TestCaseExecutor.java:285)
	at com.kms.katalon.core.common.CommonExecutor.accessTestCaseMainPhase(CommonExecutor.java:65)
	at com.kms.katalon.core.main.TestSuiteExecutor.accessTestSuiteMainPhase(TestSuiteExecutor.java:150)
	at com.kms.katalon.core.main.TestSuiteExecutor.execute(TestSuiteExecutor.java:106)
	at com.kms.katalon.core.main.TestCaseMain.startTestSuite(TestCaseMain.java:180)
	at TempTestSuite1747808312062.run(TempTestSuite1747808312062.groovy:35)
	at java.base/jdk.internal.reflect.NativeMethodAccessorImpl.invoke0(Native Method)
	at java.base/jdk.internal.reflect.NativeMethodAccessorImpl.invoke(NativeMethodAccessorImpl.java:77)
	at java.base/jdk.internal.reflect.DelegatingMethodAccessorImpl.invoke(DelegatingMethodAccessorImpl.java:43)


21-05-2025T14:00:07 - [TEST_STEP][PASSED] - Start listener action : beforeTest: drivers.Driver.openApp is PASSED

21-05-2025T14:00:07 - [TEST_STEP][PASSED] - DataTest.init(): null

21-05-2025T14:00:07 - [TEST_STEP][PASSED] - testCaseId = split("/").last(): null

21-05-2025T14:00:07 - [TEST_STEP][PASSED] - if (!(drivers.Driver.isAppiumRunning())): drivers.Driver.isAppiumRunning is PASSED

21-05-2025T14:00:07 - [MESSAGE][INFO] - Appium running: true

21-05-2025T14:00:07 - [MESSAGE][PASSED] - drivers.Driver.isAppiumRunning is PASSED

21-05-2025T14:00:07 - [TEST_STEP][PASSED] - if (driver == null || driver.getSessionId() == null): null

21-05-2025T14:00:07 - [TEST_STEP][PASSED] - drivers.Driver.openApp(): drivers.Driver.openApp is PASSED

21-05-2025T14:00:09 - [MESSAGE][PASSED] - drivers.Driver.openApp is PASSED

21-05-2025T14:00:09 - [TEST_STEP][PASSED] - REQUEST_NAME = "Trình ký PDF có sẵn": null

21-05-2025T14:00:09 - [TEST_STEP][PASSED] - COMMENT = "Commented by automation team in case 21": null

21-05-2025T14:00:09 - [TEST_STEP][PASSED] - auto5 = DataTest.getUserTest5(): null

21-05-2025T14:00:09 - [TEST_STEP][PASSED] - auto6 = DataTest.getUserTest6(): null

21-05-2025T14:00:09 - [TEST_STEP][PASSED] - document = DataTest.createDocumentTest(auto5, auto6, null, "dummy.pdf", "dummy.pdf"): null

21-05-2025T14:00:09 - [TEST_STEP][PASSED] - loginScreen.login(auto5): null

21-05-2025T14:00:19 - [TEST_STEP][PASSED] - homeScreen.openRequestList(): null

21-05-2025T14:00:19 - [TEST_STEP][PASSED] - homeScreen.createRequest(REQUEST_NAME): null

21-05-2025T14:00:22 - [TEST_STEP][PASSED] - pdfSignScreen.fillInTitle(document.getTitle()): null

21-05-2025T14:00:26 - [TEST_STEP][PASSED] - pdfSignScreen.selectPriority(document.getPriority()): null

21-05-2025T14:00:29 - [TEST_STEP][PASSED] - pdfSignScreen.selectTime(document.getTime()): null

21-05-2025T14:00:38 - [TEST_STEP][PASSED] - pdfSignScreen.fillInDescription(document.getDescription()): null

21-05-2025T14:00:42 - [TEST_STEP][ERROR] - pdfSignScreen.selectAssigner(getAssigner().getEmail()): Test Cases/IPAPER APP/021 TU CHOI TẠI MAIN FILE_NHAP Y KIEN FAILED.
Reason:
org.openqa.selenium.TimeoutException: Expected condition failed: waiting for base.BaseKeyword$Trait$Helper$_waitForNotPresentOf_closure2@91c2400 (tried for 30 second(s) with 500 milliseconds interval)
Build info: version: '3.141.59', revision: 'unknown', time: 'unknown'
System info: host: 'Cuong-Mac.local', ip: 'fe80:0:0:0:c43:6797:ebf2:3aad%en0', os.name: 'Mac OS X', os.arch: 'aarch64', os.version: '15.5', java.version: '17.0.7'
Driver info: io.appium.java_client.ios.IOSDriver
Capabilities {automationName: XCUITest, browserName: , databaseEnabled: false, fullReset: false, javascriptEnabled: true, locationContextEnabled: false, networkConnectionEnabled: false, noReset: true, platform: MAC, platformName: iOS, platformVersion: 18.4, takesScreenshot: true, udid: 00008110-000C10543443801E, webStorageEnabled: false}
Session ID: 01bfc3c6-5e13-4dc5-a0a0-9b9b6acbce73
	at org.openqa.selenium.support.ui.WebDriverWait.timeoutException(WebDriverWait.java:95)
	at org.openqa.selenium.support.ui.FluentWait.until(FluentWait.java:272)
	at base.BaseKeyword$Trait$Helper.waitForNotPresentOf(BaseKeyword.groovy:356)
	at screens.PDFSignScreen.waitForNotPresentOf(PDFSignScreen.groovy)
	at screens.PDFSignScreen.selectAssigner(PDFSignScreen.groovy:87)
	at 021 TU CHOI TẠI MAIN FILE_NHAP Y KIEN.run(021 TU CHOI TẠI MAIN FILE_NHAP Y KIEN:32)
	at com.kms.katalon.core.main.ScriptEngine.run(ScriptEngine.java:194)
	at com.kms.katalon.core.main.ScriptEngine.runScriptAsRawText(ScriptEngine.java:119)
	at com.kms.katalon.core.main.TestCaseExecutor.runScript(TestCaseExecutor.java:448)
	at com.kms.katalon.core.main.TestCaseExecutor.doExecute(TestCaseExecutor.java:439)
	at com.kms.katalon.core.main.TestCaseExecutor.processExecutionPhase(TestCaseExecutor.java:418)
	at com.kms.katalon.core.main.TestCaseExecutor.accessMainPhase(TestCaseExecutor.java:410)
	at com.kms.katalon.core.main.TestCaseExecutor.execute(TestCaseExecutor.java:285)
	at com.kms.katalon.core.common.CommonExecutor.accessTestCaseMainPhase(CommonExecutor.java:65)
	at com.kms.katalon.core.main.TestSuiteExecutor.accessTestSuiteMainPhase(TestSuiteExecutor.java:150)
	at com.kms.katalon.core.main.TestSuiteExecutor.execute(TestSuiteExecutor.java:106)
	at com.kms.katalon.core.main.TestCaseMain.startTestSuite(TestCaseMain.java:180)
	at TempTestSuite1747808312062.run(TempTestSuite1747808312062.groovy:35)
	at java.base/jdk.internal.reflect.NativeMethodAccessorImpl.invoke0(Native Method)
	at java.base/jdk.internal.reflect.NativeMethodAccessorImpl.invoke(NativeMethodAccessorImpl.java:77)
	at java.base/jdk.internal.reflect.DelegatingMethodAccessorImpl.invoke(DelegatingMethodAccessorImpl.java:43)


21-05-2025T14:01:20 - [MESSAGE][ERROR] - Test Cases/IPAPER APP/021 TU CHOI TẠI MAIN FILE_NHAP Y KIEN FAILED.
Reason:
org.openqa.selenium.TimeoutException: Expected condition failed: waiting for base.BaseKeyword$Trait$Helper$_waitForNotPresentOf_closure2@91c2400 (tried for 30 second(s) with 500 milliseconds interval)
Build info: version: '3.141.59', revision: 'unknown', time: 'unknown'
System info: host: 'Cuong-Mac.local', ip: 'fe80:0:0:0:c43:6797:ebf2:3aad%en0', os.name: 'Mac OS X', os.arch: 'aarch64', os.version: '15.5', java.version: '17.0.7'
Driver info: io.appium.java_client.ios.IOSDriver
Capabilities {automationName: XCUITest, browserName: , databaseEnabled: false, fullReset: false, javascriptEnabled: true, locationContextEnabled: false, networkConnectionEnabled: false, noReset: true, platform: MAC, platformName: iOS, platformVersion: 18.4, takesScreenshot: true, udid: 00008110-000C10543443801E, webStorageEnabled: false}
Session ID: 01bfc3c6-5e13-4dc5-a0a0-9b9b6acbce73
	at org.openqa.selenium.support.ui.WebDriverWait.timeoutException(WebDriverWait.java:95)
	at org.openqa.selenium.support.ui.FluentWait.until(FluentWait.java:272)
	at base.BaseKeyword$Trait$Helper.waitForNotPresentOf(BaseKeyword.groovy:356)
	at screens.PDFSignScreen.waitForNotPresentOf(PDFSignScreen.groovy)
	at screens.PDFSignScreen.selectAssigner(PDFSignScreen.groovy:87)
	at 021 TU CHOI TẠI MAIN FILE_NHAP Y KIEN.run(021 TU CHOI TẠI MAIN FILE_NHAP Y KIEN:32)
	at com.kms.katalon.core.main.ScriptEngine.run(ScriptEngine.java:194)
	at com.kms.katalon.core.main.ScriptEngine.runScriptAsRawText(ScriptEngine.java:119)
	at com.kms.katalon.core.main.TestCaseExecutor.runScript(TestCaseExecutor.java:448)
	at com.kms.katalon.core.main.TestCaseExecutor.doExecute(TestCaseExecutor.java:439)
	at com.kms.katalon.core.main.TestCaseExecutor.processExecutionPhase(TestCaseExecutor.java:418)
	at com.kms.katalon.core.main.TestCaseExecutor.accessMainPhase(TestCaseExecutor.java:410)
	at com.kms.katalon.core.main.TestCaseExecutor.execute(TestCaseExecutor.java:285)
	at com.kms.katalon.core.common.CommonExecutor.accessTestCaseMainPhase(CommonExecutor.java:65)
	at com.kms.katalon.core.main.TestSuiteExecutor.accessTestSuiteMainPhase(TestSuiteExecutor.java:150)
	at com.kms.katalon.core.main.TestSuiteExecutor.execute(TestSuiteExecutor.java:106)
	at com.kms.katalon.core.main.TestCaseMain.startTestSuite(TestCaseMain.java:180)
	at TempTestSuite1747808312062.run(TempTestSuite1747808312062.groovy:35)
	at java.base/jdk.internal.reflect.NativeMethodAccessorImpl.invoke0(Native Method)
	at java.base/jdk.internal.reflect.NativeMethodAccessorImpl.invoke(NativeMethodAccessorImpl.java:77)
	at java.base/jdk.internal.reflect.DelegatingMethodAccessorImpl.invoke(DelegatingMethodAccessorImpl.java:43)


21-05-2025T14:01:20 - [TEST_STEP][PASSED] - Start listener action : afterTest: null

21-05-2025T14:01:20 - [TEST_STEP][PASSED] - if (testCaseStatus != "PASSED"): Screenshot is taken

21-05-2025T14:01:20 - [TEST_STEP][PASSED] - takeScreenshot(ErrorScreen/$GlobalVariable.PLATFORM/$testCaseContext.getTestCaseId().png): Screenshot is taken

21-05-2025T14:01:20 - [MESSAGE][PASSED] - Screenshot is taken
[[ATTACHMENT|ErrorScreen/iOS/Test Cases/IPAPER APP/021 TU CHOI TẠI MAIN FILE_NHAP Y KIEN.png]]

21-05-2025T14:01:20 - [TEST_STEP][PASSED] - drivers.Driver.closeApp(): drivers.Driver.closeApp is PASSED

21-05-2025T14:01:21 - [MESSAGE][PASSED] - drivers.Driver.closeApp is PASSED

21-05-2025T14:01:21 - [TEST_STEP][PASSED] - if (tsContext == null): null]]></system-out>
         <system-err><![CDATA[21-05-2025T14:00:07 - [TEST_CASE][ERROR] - Test Cases/IPAPER APP/021 TU CHOI TẠI MAIN FILE_NHAP Y KIEN: Test Cases/IPAPER APP/021 TU CHOI TẠI MAIN FILE_NHAP Y KIEN FAILED.
Reason:
org.openqa.selenium.TimeoutException: Expected condition failed: waiting for base.BaseKeyword$Trait$Helper$_waitForNotPresentOf_closure2@91c2400 (tried for 30 second(s) with 500 milliseconds interval)
Build info: version: '3.141.59', revision: 'unknown', time: 'unknown'
System info: host: 'Cuong-Mac.local', ip: 'fe80:0:0:0:c43:6797:ebf2:3aad%en0', os.name: 'Mac OS X', os.arch: 'aarch64', os.version: '15.5', java.version: '17.0.7'
Driver info: io.appium.java_client.ios.IOSDriver
Capabilities {automationName: XCUITest, browserName: , databaseEnabled: false, fullReset: false, javascriptEnabled: true, locationContextEnabled: false, networkConnectionEnabled: false, noReset: true, platform: MAC, platformName: iOS, platformVersion: 18.4, takesScreenshot: true, udid: 00008110-000C10543443801E, webStorageEnabled: false}
Session ID: 01bfc3c6-5e13-4dc5-a0a0-9b9b6acbce73
	at org.openqa.selenium.support.ui.WebDriverWait.timeoutException(WebDriverWait.java:95)
	at org.openqa.selenium.support.ui.FluentWait.until(FluentWait.java:272)
	at base.BaseKeyword$Trait$Helper.waitForNotPresentOf(BaseKeyword.groovy:356)
	at screens.PDFSignScreen.waitForNotPresentOf(PDFSignScreen.groovy)
	at screens.PDFSignScreen.selectAssigner(PDFSignScreen.groovy:87)
	at 021 TU CHOI TẠI MAIN FILE_NHAP Y KIEN.run(021 TU CHOI TẠI MAIN FILE_NHAP Y KIEN:32)
	at com.kms.katalon.core.main.ScriptEngine.run(ScriptEngine.java:194)
	at com.kms.katalon.core.main.ScriptEngine.runScriptAsRawText(ScriptEngine.java:119)
	at com.kms.katalon.core.main.TestCaseExecutor.runScript(TestCaseExecutor.java:448)
	at com.kms.katalon.core.main.TestCaseExecutor.doExecute(TestCaseExecutor.java:439)
	at com.kms.katalon.core.main.TestCaseExecutor.processExecutionPhase(TestCaseExecutor.java:418)
	at com.kms.katalon.core.main.TestCaseExecutor.accessMainPhase(TestCaseExecutor.java:410)
	at com.kms.katalon.core.main.TestCaseExecutor.execute(TestCaseExecutor.java:285)
	at com.kms.katalon.core.common.CommonExecutor.accessTestCaseMainPhase(CommonExecutor.java:65)
	at com.kms.katalon.core.main.TestSuiteExecutor.accessTestSuiteMainPhase(TestSuiteExecutor.java:150)
	at com.kms.katalon.core.main.TestSuiteExecutor.execute(TestSuiteExecutor.java:106)
	at com.kms.katalon.core.main.TestCaseMain.startTestSuite(TestCaseMain.java:180)
	at TempTestSuite1747808312062.run(TempTestSuite1747808312062.groovy:35)
	at java.base/jdk.internal.reflect.NativeMethodAccessorImpl.invoke0(Native Method)
	at java.base/jdk.internal.reflect.NativeMethodAccessorImpl.invoke(NativeMethodAccessorImpl.java:77)
	at java.base/jdk.internal.reflect.DelegatingMethodAccessorImpl.invoke(DelegatingMethodAccessorImpl.java:43)]]></system-err>
      </testcase>
      <testcase name="Test Cases/IPAPER APP/022 TU CHOI TẠI MAIN FILE_KHONG NHAP Y KIEN" time="17.888" classname="Test Cases/IPAPER APP/022 TU CHOI TẠI MAIN FILE_KHONG NHAP Y KIEN" status="ERROR">
         <error type="ERROR" message="Test Cases/IPAPER APP/022 TU CHOI TẠI MAIN FILE_KHONG NHAP Y KIEN FAILED.&#xa;Reason:&#xa;org.openqa.selenium.NoSuchElementException: An element could not be located on the page using the given search parameters.&#xa;For documentation on this error, please visit: https://www.seleniumhq.org/exceptions/no_such_element.html&#xa;Build info: version: '3.141.59', revision: 'unknown', time: 'unknown'&#xa;System info: host: 'Cuong-Mac.local', ip: 'fe80:0:0:0:c43:6797:ebf2:3aad%en0', os.name: 'Mac OS X', os.arch: 'aarch64', os.version: '15.5', java.version: '17.0.7'&#xa;Driver info: io.appium.java_client.ios.IOSDriver&#xa;Capabilities {automationName: XCUITest, browserName: , databaseEnabled: false, fullReset: false, javascriptEnabled: true, locationContextEnabled: false, networkConnectionEnabled: false, noReset: true, platform: MAC, platformName: iOS, platformVersion: 18.4, takesScreenshot: true, udid: 00008110-000C10543443801E, webStorageEnabled: false}&#xa;Session ID: 01bfc3c6-5e13-4dc5-a0a0-9b9b6acbce73&#xa;*** Element info: {Using=xpath, value=//XCUIElementTypeImage[@name='ic_add']}&#xa;	at java.base/jdk.internal.reflect.NativeConstructorAccessorImpl.newInstance0(Native Method)&#xa;	at java.base/jdk.internal.reflect.NativeConstructorAccessorImpl.newInstance(NativeConstructorAccessorImpl.java:77)&#xa;	at java.base/jdk.internal.reflect.DelegatingConstructorAccessorImpl.newInstance(DelegatingConstructorAccessorImpl.java:45)&#xa;	at org.openqa.selenium.remote.http.W3CHttpResponseCodec.createException(W3CHttpResponseCodec.java:187)&#xa;	at org.openqa.selenium.remote.http.W3CHttpResponseCodec.decode(W3CHttpResponseCodec.java:122)&#xa;	at org.openqa.selenium.remote.http.W3CHttpResponseCodec.decode(W3CHttpResponseCodec.java:49)&#xa;	at org.openqa.selenium.remote.HttpCommandExecutor.execute(HttpCommandExecutor.java:158)&#xa;	at io.appium.java_client.remote.AppiumCommandExecutor.execute(AppiumCommandExecutor.java:239)&#xa;	at org.openqa.selenium.remote.RemoteWebDriver.execute(RemoteWebDriver.java:552)&#xa;	at io.appium.java_client.DefaultGenericMobileDriver.execute(DefaultGenericMobileDriver.java:42)&#xa;	at io.appium.java_client.AppiumDriver.execute(AppiumDriver.java:1)&#xa;	at io.appium.java_client.ios.IOSDriver.execute(IOSDriver.java:1)&#xa;	at org.openqa.selenium.remote.RemoteWebDriver.findElement(RemoteWebDriver.java:323)&#xa;	at io.appium.java_client.DefaultGenericMobileDriver.findElement(DefaultGenericMobileDriver.java:62)&#xa;	at io.appium.java_client.AppiumDriver.findElement(AppiumDriver.java:1)&#xa;	at io.appium.java_client.ios.IOSDriver.findElement(IOSDriver.java:1)&#xa;	at org.openqa.selenium.remote.RemoteWebDriver.findElementByXPath(RemoteWebDriver.java:428)&#xa;	at io.appium.java_client.DefaultGenericMobileDriver.findElementByXPath(DefaultGenericMobileDriver.java:152)&#xa;	at io.appium.java_client.AppiumDriver.findElementByXPath(AppiumDriver.java:1)&#xa;	at io.appium.java_client.ios.IOSDriver.findElementByXPath(IOSDriver.java:1)&#xa;	at org.openqa.selenium.By$ByXPath.findElement(By.java:353)&#xa;	at org.openqa.selenium.remote.RemoteWebDriver.findElement(RemoteWebDriver.java:315)&#xa;	at io.appium.java_client.DefaultGenericMobileDriver.findElement(DefaultGenericMobileDriver.java:58)&#xa;	at io.appium.java_client.AppiumDriver.findElement(AppiumDriver.java:1)&#xa;	at io.appium.java_client.ios.IOSDriver.findElement(IOSDriver.java:1)&#xa;	at base.BaseKeyword$Trait$Helper.clickToElement(BaseKeyword.groovy:88)&#xa;	at screens.HomeScreen.clickToElement(HomeScreen.groovy)&#xa;	at screens.HomeScreen.openRequestList(HomeScreen.groovy:84)&#xa;	at 022 TU CHOI TẠI MAIN FILE_KHONG NHAP Y KIEN.run(022 TU CHOI TẠI MAIN FILE_KHONG NHAP Y KIEN:20)&#xa;	at com.kms.katalon.core.main.ScriptEngine.run(ScriptEngine.java:194)&#xa;	at com.kms.katalon.core.main.ScriptEngine.runScriptAsRawText(ScriptEngine.java:119)&#xa;	at com.kms.katalon.core.main.TestCaseExecutor.runScript(TestCaseExecutor.java:448)&#xa;	at com.kms.katalon.core.main.TestCaseExecutor.doExecute(TestCaseExecutor.java:439)&#xa;	at com.kms.katalon.core.main.TestCaseExecutor.processExecutionPhase(TestCaseExecutor.java:418)&#xa;	at com.kms.katalon.core.main.TestCaseExecutor.accessMainPhase(TestCaseExecutor.java:410)&#xa;	at com.kms.katalon.core.main.TestCaseExecutor.execute(TestCaseExecutor.java:285)&#xa;	at com.kms.katalon.core.common.CommonExecutor.accessTestCaseMainPhase(CommonExecutor.java:65)&#xa;	at com.kms.katalon.core.main.TestSuiteExecutor.accessTestSuiteMainPhase(TestSuiteExecutor.java:150)&#xa;	at com.kms.katalon.core.main.TestSuiteExecutor.execute(TestSuiteExecutor.java:106)&#xa;	at com.kms.katalon.core.main.TestCaseMain.startTestSuite(TestCaseMain.java:180)&#xa;	at TempTestSuite1747808312062.run(TempTestSuite1747808312062.groovy:35)&#xa;	at java.base/jdk.internal.reflect.NativeMethodAccessorImpl.invoke0(Native Method)&#xa;	at java.base/jdk.internal.reflect.NativeMethodAccessorImpl.invoke(NativeMethodAccessorImpl.java:77)&#xa;	at java.base/jdk.internal.reflect.DelegatingMethodAccessorImpl.invoke(DelegatingMethodAccessorImpl.java:43)&#xa;"/>
         <system-out><![CDATA[21-05-2025T14:01:21 - [TEST_CASE][ERROR] - Test Cases/IPAPER APP/022 TU CHOI TẠI MAIN FILE_KHONG NHAP Y KIEN: Test Cases/IPAPER APP/022 TU CHOI TẠI MAIN FILE_KHONG NHAP Y KIEN FAILED.
Reason:
org.openqa.selenium.NoSuchElementException: An element could not be located on the page using the given search parameters.
For documentation on this error, please visit: https://www.seleniumhq.org/exceptions/no_such_element.html
Build info: version: '3.141.59', revision: 'unknown', time: 'unknown'
System info: host: 'Cuong-Mac.local', ip: 'fe80:0:0:0:c43:6797:ebf2:3aad%en0', os.name: 'Mac OS X', os.arch: 'aarch64', os.version: '15.5', java.version: '17.0.7'
Driver info: io.appium.java_client.ios.IOSDriver
Capabilities {automationName: XCUITest, browserName: , databaseEnabled: false, fullReset: false, javascriptEnabled: true, locationContextEnabled: false, networkConnectionEnabled: false, noReset: true, platform: MAC, platformName: iOS, platformVersion: 18.4, takesScreenshot: true, udid: 00008110-000C10543443801E, webStorageEnabled: false}
Session ID: 01bfc3c6-5e13-4dc5-a0a0-9b9b6acbce73
*** Element info: {Using=xpath, value=//XCUIElementTypeImage[@name='ic_add']}
	at java.base/jdk.internal.reflect.NativeConstructorAccessorImpl.newInstance0(Native Method)
	at java.base/jdk.internal.reflect.NativeConstructorAccessorImpl.newInstance(NativeConstructorAccessorImpl.java:77)
	at java.base/jdk.internal.reflect.DelegatingConstructorAccessorImpl.newInstance(DelegatingConstructorAccessorImpl.java:45)
	at org.openqa.selenium.remote.http.W3CHttpResponseCodec.createException(W3CHttpResponseCodec.java:187)
	at org.openqa.selenium.remote.http.W3CHttpResponseCodec.decode(W3CHttpResponseCodec.java:122)
	at org.openqa.selenium.remote.http.W3CHttpResponseCodec.decode(W3CHttpResponseCodec.java:49)
	at org.openqa.selenium.remote.HttpCommandExecutor.execute(HttpCommandExecutor.java:158)
	at io.appium.java_client.remote.AppiumCommandExecutor.execute(AppiumCommandExecutor.java:239)
	at org.openqa.selenium.remote.RemoteWebDriver.execute(RemoteWebDriver.java:552)
	at io.appium.java_client.DefaultGenericMobileDriver.execute(DefaultGenericMobileDriver.java:42)
	at io.appium.java_client.AppiumDriver.execute(AppiumDriver.java:1)
	at io.appium.java_client.ios.IOSDriver.execute(IOSDriver.java:1)
	at org.openqa.selenium.remote.RemoteWebDriver.findElement(RemoteWebDriver.java:323)
	at io.appium.java_client.DefaultGenericMobileDriver.findElement(DefaultGenericMobileDriver.java:62)
	at io.appium.java_client.AppiumDriver.findElement(AppiumDriver.java:1)
	at io.appium.java_client.ios.IOSDriver.findElement(IOSDriver.java:1)
	at org.openqa.selenium.remote.RemoteWebDriver.findElementByXPath(RemoteWebDriver.java:428)
	at io.appium.java_client.DefaultGenericMobileDriver.findElementByXPath(DefaultGenericMobileDriver.java:152)
	at io.appium.java_client.AppiumDriver.findElementByXPath(AppiumDriver.java:1)
	at io.appium.java_client.ios.IOSDriver.findElementByXPath(IOSDriver.java:1)
	at org.openqa.selenium.By$ByXPath.findElement(By.java:353)
	at org.openqa.selenium.remote.RemoteWebDriver.findElement(RemoteWebDriver.java:315)
	at io.appium.java_client.DefaultGenericMobileDriver.findElement(DefaultGenericMobileDriver.java:58)
	at io.appium.java_client.AppiumDriver.findElement(AppiumDriver.java:1)
	at io.appium.java_client.ios.IOSDriver.findElement(IOSDriver.java:1)
	at base.BaseKeyword$Trait$Helper.clickToElement(BaseKeyword.groovy:88)
	at screens.HomeScreen.clickToElement(HomeScreen.groovy)
	at screens.HomeScreen.openRequestList(HomeScreen.groovy:84)
	at 022 TU CHOI TẠI MAIN FILE_KHONG NHAP Y KIEN.run(022 TU CHOI TẠI MAIN FILE_KHONG NHAP Y KIEN:20)
	at com.kms.katalon.core.main.ScriptEngine.run(ScriptEngine.java:194)
	at com.kms.katalon.core.main.ScriptEngine.runScriptAsRawText(ScriptEngine.java:119)
	at com.kms.katalon.core.main.TestCaseExecutor.runScript(TestCaseExecutor.java:448)
	at com.kms.katalon.core.main.TestCaseExecutor.doExecute(TestCaseExecutor.java:439)
	at com.kms.katalon.core.main.TestCaseExecutor.processExecutionPhase(TestCaseExecutor.java:418)
	at com.kms.katalon.core.main.TestCaseExecutor.accessMainPhase(TestCaseExecutor.java:410)
	at com.kms.katalon.core.main.TestCaseExecutor.execute(TestCaseExecutor.java:285)
	at com.kms.katalon.core.common.CommonExecutor.accessTestCaseMainPhase(CommonExecutor.java:65)
	at com.kms.katalon.core.main.TestSuiteExecutor.accessTestSuiteMainPhase(TestSuiteExecutor.java:150)
	at com.kms.katalon.core.main.TestSuiteExecutor.execute(TestSuiteExecutor.java:106)
	at com.kms.katalon.core.main.TestCaseMain.startTestSuite(TestCaseMain.java:180)
	at TempTestSuite1747808312062.run(TempTestSuite1747808312062.groovy:35)
	at java.base/jdk.internal.reflect.NativeMethodAccessorImpl.invoke0(Native Method)
	at java.base/jdk.internal.reflect.NativeMethodAccessorImpl.invoke(NativeMethodAccessorImpl.java:77)
	at java.base/jdk.internal.reflect.DelegatingMethodAccessorImpl.invoke(DelegatingMethodAccessorImpl.java:43)


21-05-2025T14:01:21 - [TEST_STEP][PASSED] - Start listener action : beforeTest: drivers.Driver.openApp is PASSED

21-05-2025T14:01:21 - [TEST_STEP][PASSED] - DataTest.init(): null

21-05-2025T14:01:21 - [TEST_STEP][PASSED] - testCaseId = split("/").last(): null

21-05-2025T14:01:21 - [TEST_STEP][PASSED] - if (!(drivers.Driver.isAppiumRunning())): drivers.Driver.isAppiumRunning is PASSED

21-05-2025T14:01:21 - [MESSAGE][INFO] - Appium running: true

21-05-2025T14:01:21 - [MESSAGE][PASSED] - drivers.Driver.isAppiumRunning is PASSED

21-05-2025T14:01:21 - [TEST_STEP][PASSED] - if (driver == null || driver.getSessionId() == null): null

21-05-2025T14:01:21 - [TEST_STEP][PASSED] - drivers.Driver.openApp(): drivers.Driver.openApp is PASSED

21-05-2025T14:01:23 - [MESSAGE][PASSED] - drivers.Driver.openApp is PASSED

21-05-2025T14:01:23 - [TEST_STEP][PASSED] - REQUEST_NAME = "Trình ký PDF có sẵn": null

21-05-2025T14:01:23 - [TEST_STEP][PASSED] - COMMENT = "Không có bình luận": null

21-05-2025T14:01:23 - [TEST_STEP][PASSED] - auto5 = DataTest.getUserTest5(): null

21-05-2025T14:01:23 - [TEST_STEP][PASSED] - auto6 = DataTest.getUserTest6(): null

21-05-2025T14:01:23 - [TEST_STEP][PASSED] - document = DataTest.createDocumentTest(auto5, auto6, null, "dummy.pdf", "dummy.pdf"): null

21-05-2025T14:01:23 - [TEST_STEP][PASSED] - loginScreen.login(auto5): null

21-05-2025T14:01:35 - [TEST_STEP][ERROR] - homeScreen.openRequestList(): Test Cases/IPAPER APP/022 TU CHOI TẠI MAIN FILE_KHONG NHAP Y KIEN FAILED.
Reason:
org.openqa.selenium.NoSuchElementException: An element could not be located on the page using the given search parameters.
For documentation on this error, please visit: https://www.seleniumhq.org/exceptions/no_such_element.html
Build info: version: '3.141.59', revision: 'unknown', time: 'unknown'
System info: host: 'Cuong-Mac.local', ip: 'fe80:0:0:0:c43:6797:ebf2:3aad%en0', os.name: 'Mac OS X', os.arch: 'aarch64', os.version: '15.5', java.version: '17.0.7'
Driver info: io.appium.java_client.ios.IOSDriver
Capabilities {automationName: XCUITest, browserName: , databaseEnabled: false, fullReset: false, javascriptEnabled: true, locationContextEnabled: false, networkConnectionEnabled: false, noReset: true, platform: MAC, platformName: iOS, platformVersion: 18.4, takesScreenshot: true, udid: 00008110-000C10543443801E, webStorageEnabled: false}
Session ID: 01bfc3c6-5e13-4dc5-a0a0-9b9b6acbce73
*** Element info: {Using=xpath, value=//XCUIElementTypeImage[@name='ic_add']}
	at java.base/jdk.internal.reflect.NativeConstructorAccessorImpl.newInstance0(Native Method)
	at java.base/jdk.internal.reflect.NativeConstructorAccessorImpl.newInstance(NativeConstructorAccessorImpl.java:77)
	at java.base/jdk.internal.reflect.DelegatingConstructorAccessorImpl.newInstance(DelegatingConstructorAccessorImpl.java:45)
	at org.openqa.selenium.remote.http.W3CHttpResponseCodec.createException(W3CHttpResponseCodec.java:187)
	at org.openqa.selenium.remote.http.W3CHttpResponseCodec.decode(W3CHttpResponseCodec.java:122)
	at org.openqa.selenium.remote.http.W3CHttpResponseCodec.decode(W3CHttpResponseCodec.java:49)
	at org.openqa.selenium.remote.HttpCommandExecutor.execute(HttpCommandExecutor.java:158)
	at io.appium.java_client.remote.AppiumCommandExecutor.execute(AppiumCommandExecutor.java:239)
	at org.openqa.selenium.remote.RemoteWebDriver.execute(RemoteWebDriver.java:552)
	at io.appium.java_client.DefaultGenericMobileDriver.execute(DefaultGenericMobileDriver.java:42)
	at io.appium.java_client.AppiumDriver.execute(AppiumDriver.java:1)
	at io.appium.java_client.ios.IOSDriver.execute(IOSDriver.java:1)
	at org.openqa.selenium.remote.RemoteWebDriver.findElement(RemoteWebDriver.java:323)
	at io.appium.java_client.DefaultGenericMobileDriver.findElement(DefaultGenericMobileDriver.java:62)
	at io.appium.java_client.AppiumDriver.findElement(AppiumDriver.java:1)
	at io.appium.java_client.ios.IOSDriver.findElement(IOSDriver.java:1)
	at org.openqa.selenium.remote.RemoteWebDriver.findElementByXPath(RemoteWebDriver.java:428)
	at io.appium.java_client.DefaultGenericMobileDriver.findElementByXPath(DefaultGenericMobileDriver.java:152)
	at io.appium.java_client.AppiumDriver.findElementByXPath(AppiumDriver.java:1)
	at io.appium.java_client.ios.IOSDriver.findElementByXPath(IOSDriver.java:1)
	at org.openqa.selenium.By$ByXPath.findElement(By.java:353)
	at org.openqa.selenium.remote.RemoteWebDriver.findElement(RemoteWebDriver.java:315)
	at io.appium.java_client.DefaultGenericMobileDriver.findElement(DefaultGenericMobileDriver.java:58)
	at io.appium.java_client.AppiumDriver.findElement(AppiumDriver.java:1)
	at io.appium.java_client.ios.IOSDriver.findElement(IOSDriver.java:1)
	at base.BaseKeyword$Trait$Helper.clickToElement(BaseKeyword.groovy:88)
	at screens.HomeScreen.clickToElement(HomeScreen.groovy)
	at screens.HomeScreen.openRequestList(HomeScreen.groovy:84)
	at 022 TU CHOI TẠI MAIN FILE_KHONG NHAP Y KIEN.run(022 TU CHOI TẠI MAIN FILE_KHONG NHAP Y KIEN:20)
	at com.kms.katalon.core.main.ScriptEngine.run(ScriptEngine.java:194)
	at com.kms.katalon.core.main.ScriptEngine.runScriptAsRawText(ScriptEngine.java:119)
	at com.kms.katalon.core.main.TestCaseExecutor.runScript(TestCaseExecutor.java:448)
	at com.kms.katalon.core.main.TestCaseExecutor.doExecute(TestCaseExecutor.java:439)
	at com.kms.katalon.core.main.TestCaseExecutor.processExecutionPhase(TestCaseExecutor.java:418)
	at com.kms.katalon.core.main.TestCaseExecutor.accessMainPhase(TestCaseExecutor.java:410)
	at com.kms.katalon.core.main.TestCaseExecutor.execute(TestCaseExecutor.java:285)
	at com.kms.katalon.core.common.CommonExecutor.accessTestCaseMainPhase(CommonExecutor.java:65)
	at com.kms.katalon.core.main.TestSuiteExecutor.accessTestSuiteMainPhase(TestSuiteExecutor.java:150)
	at com.kms.katalon.core.main.TestSuiteExecutor.execute(TestSuiteExecutor.java:106)
	at com.kms.katalon.core.main.TestCaseMain.startTestSuite(TestCaseMain.java:180)
	at TempTestSuite1747808312062.run(TempTestSuite1747808312062.groovy:35)
	at java.base/jdk.internal.reflect.NativeMethodAccessorImpl.invoke0(Native Method)
	at java.base/jdk.internal.reflect.NativeMethodAccessorImpl.invoke(NativeMethodAccessorImpl.java:77)
	at java.base/jdk.internal.reflect.DelegatingMethodAccessorImpl.invoke(DelegatingMethodAccessorImpl.java:43)


21-05-2025T14:01:38 - [MESSAGE][ERROR] - Test Cases/IPAPER APP/022 TU CHOI TẠI MAIN FILE_KHONG NHAP Y KIEN FAILED.
Reason:
org.openqa.selenium.NoSuchElementException: An element could not be located on the page using the given search parameters.
For documentation on this error, please visit: https://www.seleniumhq.org/exceptions/no_such_element.html
Build info: version: '3.141.59', revision: 'unknown', time: 'unknown'
System info: host: 'Cuong-Mac.local', ip: 'fe80:0:0:0:c43:6797:ebf2:3aad%en0', os.name: 'Mac OS X', os.arch: 'aarch64', os.version: '15.5', java.version: '17.0.7'
Driver info: io.appium.java_client.ios.IOSDriver
Capabilities {automationName: XCUITest, browserName: , databaseEnabled: false, fullReset: false, javascriptEnabled: true, locationContextEnabled: false, networkConnectionEnabled: false, noReset: true, platform: MAC, platformName: iOS, platformVersion: 18.4, takesScreenshot: true, udid: 00008110-000C10543443801E, webStorageEnabled: false}
Session ID: 01bfc3c6-5e13-4dc5-a0a0-9b9b6acbce73
*** Element info: {Using=xpath, value=//XCUIElementTypeImage[@name='ic_add']}
	at java.base/jdk.internal.reflect.NativeConstructorAccessorImpl.newInstance0(Native Method)
	at java.base/jdk.internal.reflect.NativeConstructorAccessorImpl.newInstance(NativeConstructorAccessorImpl.java:77)
	at java.base/jdk.internal.reflect.DelegatingConstructorAccessorImpl.newInstance(DelegatingConstructorAccessorImpl.java:45)
	at org.openqa.selenium.remote.http.W3CHttpResponseCodec.createException(W3CHttpResponseCodec.java:187)
	at org.openqa.selenium.remote.http.W3CHttpResponseCodec.decode(W3CHttpResponseCodec.java:122)
	at org.openqa.selenium.remote.http.W3CHttpResponseCodec.decode(W3CHttpResponseCodec.java:49)
	at org.openqa.selenium.remote.HttpCommandExecutor.execute(HttpCommandExecutor.java:158)
	at io.appium.java_client.remote.AppiumCommandExecutor.execute(AppiumCommandExecutor.java:239)
	at org.openqa.selenium.remote.RemoteWebDriver.execute(RemoteWebDriver.java:552)
	at io.appium.java_client.DefaultGenericMobileDriver.execute(DefaultGenericMobileDriver.java:42)
	at io.appium.java_client.AppiumDriver.execute(AppiumDriver.java:1)
	at io.appium.java_client.ios.IOSDriver.execute(IOSDriver.java:1)
	at org.openqa.selenium.remote.RemoteWebDriver.findElement(RemoteWebDriver.java:323)
	at io.appium.java_client.DefaultGenericMobileDriver.findElement(DefaultGenericMobileDriver.java:62)
	at io.appium.java_client.AppiumDriver.findElement(AppiumDriver.java:1)
	at io.appium.java_client.ios.IOSDriver.findElement(IOSDriver.java:1)
	at org.openqa.selenium.remote.RemoteWebDriver.findElementByXPath(RemoteWebDriver.java:428)
	at io.appium.java_client.DefaultGenericMobileDriver.findElementByXPath(DefaultGenericMobileDriver.java:152)
	at io.appium.java_client.AppiumDriver.findElementByXPath(AppiumDriver.java:1)
	at io.appium.java_client.ios.IOSDriver.findElementByXPath(IOSDriver.java:1)
	at org.openqa.selenium.By$ByXPath.findElement(By.java:353)
	at org.openqa.selenium.remote.RemoteWebDriver.findElement(RemoteWebDriver.java:315)
	at io.appium.java_client.DefaultGenericMobileDriver.findElement(DefaultGenericMobileDriver.java:58)
	at io.appium.java_client.AppiumDriver.findElement(AppiumDriver.java:1)
	at io.appium.java_client.ios.IOSDriver.findElement(IOSDriver.java:1)
	at base.BaseKeyword$Trait$Helper.clickToElement(BaseKeyword.groovy:88)
	at screens.HomeScreen.clickToElement(HomeScreen.groovy)
	at screens.HomeScreen.openRequestList(HomeScreen.groovy:84)
	at 022 TU CHOI TẠI MAIN FILE_KHONG NHAP Y KIEN.run(022 TU CHOI TẠI MAIN FILE_KHONG NHAP Y KIEN:20)
	at com.kms.katalon.core.main.ScriptEngine.run(ScriptEngine.java:194)
	at com.kms.katalon.core.main.ScriptEngine.runScriptAsRawText(ScriptEngine.java:119)
	at com.kms.katalon.core.main.TestCaseExecutor.runScript(TestCaseExecutor.java:448)
	at com.kms.katalon.core.main.TestCaseExecutor.doExecute(TestCaseExecutor.java:439)
	at com.kms.katalon.core.main.TestCaseExecutor.processExecutionPhase(TestCaseExecutor.java:418)
	at com.kms.katalon.core.main.TestCaseExecutor.accessMainPhase(TestCaseExecutor.java:410)
	at com.kms.katalon.core.main.TestCaseExecutor.execute(TestCaseExecutor.java:285)
	at com.kms.katalon.core.common.CommonExecutor.accessTestCaseMainPhase(CommonExecutor.java:65)
	at com.kms.katalon.core.main.TestSuiteExecutor.accessTestSuiteMainPhase(TestSuiteExecutor.java:150)
	at com.kms.katalon.core.main.TestSuiteExecutor.execute(TestSuiteExecutor.java:106)
	at com.kms.katalon.core.main.TestCaseMain.startTestSuite(TestCaseMain.java:180)
	at TempTestSuite1747808312062.run(TempTestSuite1747808312062.groovy:35)
	at java.base/jdk.internal.reflect.NativeMethodAccessorImpl.invoke0(Native Method)
	at java.base/jdk.internal.reflect.NativeMethodAccessorImpl.invoke(NativeMethodAccessorImpl.java:77)
	at java.base/jdk.internal.reflect.DelegatingMethodAccessorImpl.invoke(DelegatingMethodAccessorImpl.java:43)


21-05-2025T14:01:38 - [TEST_STEP][PASSED] - Start listener action : afterTest: null

21-05-2025T14:01:38 - [TEST_STEP][PASSED] - if (testCaseStatus != "PASSED"): Screenshot is taken

21-05-2025T14:01:38 - [TEST_STEP][PASSED] - takeScreenshot(ErrorScreen/$GlobalVariable.PLATFORM/$testCaseContext.getTestCaseId().png): Screenshot is taken

21-05-2025T14:01:38 - [MESSAGE][PASSED] - Screenshot is taken
[[ATTACHMENT|ErrorScreen/iOS/Test Cases/IPAPER APP/022 TU CHOI TẠI MAIN FILE_KHONG NHAP Y KIEN.png]]

21-05-2025T14:01:38 - [TEST_STEP][PASSED] - drivers.Driver.closeApp(): drivers.Driver.closeApp is PASSED

21-05-2025T14:01:39 - [MESSAGE][PASSED] - drivers.Driver.closeApp is PASSED

21-05-2025T14:01:39 - [TEST_STEP][PASSED] - if (tsContext == null): null]]></system-out>
         <system-err><![CDATA[21-05-2025T14:01:21 - [TEST_CASE][ERROR] - Test Cases/IPAPER APP/022 TU CHOI TẠI MAIN FILE_KHONG NHAP Y KIEN: Test Cases/IPAPER APP/022 TU CHOI TẠI MAIN FILE_KHONG NHAP Y KIEN FAILED.
Reason:
org.openqa.selenium.NoSuchElementException: An element could not be located on the page using the given search parameters.
For documentation on this error, please visit: https://www.seleniumhq.org/exceptions/no_such_element.html
Build info: version: '3.141.59', revision: 'unknown', time: 'unknown'
System info: host: 'Cuong-Mac.local', ip: 'fe80:0:0:0:c43:6797:ebf2:3aad%en0', os.name: 'Mac OS X', os.arch: 'aarch64', os.version: '15.5', java.version: '17.0.7'
Driver info: io.appium.java_client.ios.IOSDriver
Capabilities {automationName: XCUITest, browserName: , databaseEnabled: false, fullReset: false, javascriptEnabled: true, locationContextEnabled: false, networkConnectionEnabled: false, noReset: true, platform: MAC, platformName: iOS, platformVersion: 18.4, takesScreenshot: true, udid: 00008110-000C10543443801E, webStorageEnabled: false}
Session ID: 01bfc3c6-5e13-4dc5-a0a0-9b9b6acbce73
*** Element info: {Using=xpath, value=//XCUIElementTypeImage[@name='ic_add']}
	at java.base/jdk.internal.reflect.NativeConstructorAccessorImpl.newInstance0(Native Method)
	at java.base/jdk.internal.reflect.NativeConstructorAccessorImpl.newInstance(NativeConstructorAccessorImpl.java:77)
	at java.base/jdk.internal.reflect.DelegatingConstructorAccessorImpl.newInstance(DelegatingConstructorAccessorImpl.java:45)
	at org.openqa.selenium.remote.http.W3CHttpResponseCodec.createException(W3CHttpResponseCodec.java:187)
	at org.openqa.selenium.remote.http.W3CHttpResponseCodec.decode(W3CHttpResponseCodec.java:122)
	at org.openqa.selenium.remote.http.W3CHttpResponseCodec.decode(W3CHttpResponseCodec.java:49)
	at org.openqa.selenium.remote.HttpCommandExecutor.execute(HttpCommandExecutor.java:158)
	at io.appium.java_client.remote.AppiumCommandExecutor.execute(AppiumCommandExecutor.java:239)
	at org.openqa.selenium.remote.RemoteWebDriver.execute(RemoteWebDriver.java:552)
	at io.appium.java_client.DefaultGenericMobileDriver.execute(DefaultGenericMobileDriver.java:42)
	at io.appium.java_client.AppiumDriver.execute(AppiumDriver.java:1)
	at io.appium.java_client.ios.IOSDriver.execute(IOSDriver.java:1)
	at org.openqa.selenium.remote.RemoteWebDriver.findElement(RemoteWebDriver.java:323)
	at io.appium.java_client.DefaultGenericMobileDriver.findElement(DefaultGenericMobileDriver.java:62)
	at io.appium.java_client.AppiumDriver.findElement(AppiumDriver.java:1)
	at io.appium.java_client.ios.IOSDriver.findElement(IOSDriver.java:1)
	at org.openqa.selenium.remote.RemoteWebDriver.findElementByXPath(RemoteWebDriver.java:428)
	at io.appium.java_client.DefaultGenericMobileDriver.findElementByXPath(DefaultGenericMobileDriver.java:152)
	at io.appium.java_client.AppiumDriver.findElementByXPath(AppiumDriver.java:1)
	at io.appium.java_client.ios.IOSDriver.findElementByXPath(IOSDriver.java:1)
	at org.openqa.selenium.By$ByXPath.findElement(By.java:353)
	at org.openqa.selenium.remote.RemoteWebDriver.findElement(RemoteWebDriver.java:315)
	at io.appium.java_client.DefaultGenericMobileDriver.findElement(DefaultGenericMobileDriver.java:58)
	at io.appium.java_client.AppiumDriver.findElement(AppiumDriver.java:1)
	at io.appium.java_client.ios.IOSDriver.findElement(IOSDriver.java:1)
	at base.BaseKeyword$Trait$Helper.clickToElement(BaseKeyword.groovy:88)
	at screens.HomeScreen.clickToElement(HomeScreen.groovy)
	at screens.HomeScreen.openRequestList(HomeScreen.groovy:84)
	at 022 TU CHOI TẠI MAIN FILE_KHONG NHAP Y KIEN.run(022 TU CHOI TẠI MAIN FILE_KHONG NHAP Y KIEN:20)
	at com.kms.katalon.core.main.ScriptEngine.run(ScriptEngine.java:194)
	at com.kms.katalon.core.main.ScriptEngine.runScriptAsRawText(ScriptEngine.java:119)
	at com.kms.katalon.core.main.TestCaseExecutor.runScript(TestCaseExecutor.java:448)
	at com.kms.katalon.core.main.TestCaseExecutor.doExecute(TestCaseExecutor.java:439)
	at com.kms.katalon.core.main.TestCaseExecutor.processExecutionPhase(TestCaseExecutor.java:418)
	at com.kms.katalon.core.main.TestCaseExecutor.accessMainPhase(TestCaseExecutor.java:410)
	at com.kms.katalon.core.main.TestCaseExecutor.execute(TestCaseExecutor.java:285)
	at com.kms.katalon.core.common.CommonExecutor.accessTestCaseMainPhase(CommonExecutor.java:65)
	at com.kms.katalon.core.main.TestSuiteExecutor.accessTestSuiteMainPhase(TestSuiteExecutor.java:150)
	at com.kms.katalon.core.main.TestSuiteExecutor.execute(TestSuiteExecutor.java:106)
	at com.kms.katalon.core.main.TestCaseMain.startTestSuite(TestCaseMain.java:180)
	at TempTestSuite1747808312062.run(TempTestSuite1747808312062.groovy:35)
	at java.base/jdk.internal.reflect.NativeMethodAccessorImpl.invoke0(Native Method)
	at java.base/jdk.internal.reflect.NativeMethodAccessorImpl.invoke(NativeMethodAccessorImpl.java:77)
	at java.base/jdk.internal.reflect.DelegatingMethodAccessorImpl.invoke(DelegatingMethodAccessorImpl.java:43)]]></system-err>
      </testcase>
      <testcase name="Test Cases/IPAPER APP/024 TRA VE CHI TIET_NHAP Y KIEN" time="188.443" classname="Test Cases/IPAPER APP/024 TRA VE CHI TIET_NHAP Y KIEN" status="PASSED">
         <system-out><![CDATA[21-05-2025T14:01:39 - [TEST_CASE][PASSED] - Test Cases/IPAPER APP/024 TRA VE CHI TIET_NHAP Y KIEN: Test Cases/IPAPER APP/024 TRA VE CHI TIET_NHAP Y KIEN

21-05-2025T14:01:39 - [TEST_STEP][PASSED] - Start listener action : beforeTest: drivers.Driver.openApp is PASSED

21-05-2025T14:01:39 - [TEST_STEP][PASSED] - DataTest.init(): null

21-05-2025T14:01:39 - [TEST_STEP][PASSED] - testCaseId = split("/").last(): null

21-05-2025T14:01:39 - [TEST_STEP][PASSED] - if (!(drivers.Driver.isAppiumRunning())): drivers.Driver.isAppiumRunning is PASSED

21-05-2025T14:01:39 - [MESSAGE][INFO] - Appium running: true

21-05-2025T14:01:39 - [MESSAGE][PASSED] - drivers.Driver.isAppiumRunning is PASSED

21-05-2025T14:01:39 - [TEST_STEP][PASSED] - if (driver == null || driver.getSessionId() == null): null

21-05-2025T14:01:39 - [TEST_STEP][PASSED] - drivers.Driver.openApp(): drivers.Driver.openApp is PASSED

21-05-2025T14:01:41 - [MESSAGE][PASSED] - drivers.Driver.openApp is PASSED

21-05-2025T14:01:41 - [TEST_STEP][PASSED] - REQUEST_NAME = "Trình ký PDF có sẵn": null

21-05-2025T14:01:41 - [TEST_STEP][PASSED] - COMMENT = "Commented by automaton test in case 19": null

21-05-2025T14:01:41 - [TEST_STEP][PASSED] - auto5 = DataTest.getUserTest5(): null

21-05-2025T14:01:41 - [TEST_STEP][PASSED] - auto6 = DataTest.getUserTest6(): null

21-05-2025T14:01:41 - [TEST_STEP][PASSED] - document = DataTest.createDocumentTest(auto5, auto6, null, "dummy.pdf", "dummy.pdf"): null

21-05-2025T14:01:41 - [TEST_STEP][PASSED] - loginScreen.login(auto5): null

21-05-2025T14:01:51 - [TEST_STEP][PASSED] - homeScreen.openRequestList(): null

21-05-2025T14:01:52 - [TEST_STEP][PASSED] - homeScreen.createRequest(REQUEST_NAME): null

21-05-2025T14:01:54 - [TEST_STEP][PASSED] - pdfSignScreen.fillInTitle(document.getTitle()): null

21-05-2025T14:01:58 - [TEST_STEP][PASSED] - pdfSignScreen.selectPriority(document.getPriority()): null

21-05-2025T14:02:01 - [TEST_STEP][PASSED] - pdfSignScreen.selectTime(document.getTime()): null

21-05-2025T14:02:10 - [TEST_STEP][PASSED] - pdfSignScreen.fillInDescription(document.getDescription()): null

21-05-2025T14:02:14 - [TEST_STEP][PASSED] - pdfSignScreen.selectAssigner(getAssigner().getEmail()): null

21-05-2025T14:02:27 - [TEST_STEP][PASSED] - pdfSignScreen.openMainFileBrowser(): null

21-05-2025T14:02:29 - [TEST_STEP][PASSED] - fileBrowserScreen.attachFile(document.getMainFileName()): null

21-05-2025T14:02:39 - [TEST_STEP][PASSED] - pdfSignScreen.openSubFileBrowser(): null

21-05-2025T14:02:41 - [TEST_STEP][PASSED] - fileBrowserScreen.attachFile(document.getSubFileName()): null

21-05-2025T14:02:49 - [TEST_STEP][PASSED] - pdfSignScreen.performAction(SEND_APPROVE): null

21-05-2025T14:02:52 - [TEST_STEP][PASSED] - pdfSignScreen.fillInOpinion(document.getComment()): null

21-05-2025T14:02:54 - [TEST_STEP][PASSED] - pdfSignScreen.submitRequest(): null

21-05-2025T14:03:04 - [TEST_STEP][PASSED] - documentInformationScreen.backToHome(): null

21-05-2025T14:03:04 - [TEST_STEP][PASSED] - homeScreen.logout(): null

21-05-2025T14:03:13 - [TEST_STEP][PASSED] - document.setStatus(WAIT_APPROVE): null

21-05-2025T14:03:13 - [TEST_STEP][PASSED] - document.setAssigner(auto5): null

21-05-2025T14:03:13 - [TEST_STEP][PASSED] - loginScreen.login(auto6): null

21-05-2025T14:03:24 - [TEST_STEP][PASSED] - homeScreen.goToIncomingDocument(): null

21-05-2025T14:03:24 - [TEST_STEP][PASSED] - inComingDocument.viewInformationDocument(document): View document Trình ký 1747810901490

21-05-2025T14:03:24 - [MESSAGE][INFO] - View document Trình ký 1747810901490

21-05-2025T14:03:39 - [TEST_STEP][PASSED] - documentInformationScreen.checkDocumentTitle(document): Verify equals GUI: Trình ký 1747810901490 - DATA: Trình ký 1747810901490

21-05-2025T14:03:40 - [MESSAGE][PASSED] - Verify equals GUI: Trình ký 1747810901490 - DATA: Trình ký 1747810901490

21-05-2025T14:03:40 - [TEST_STEP][PASSED] - documentInformationScreen.checkSender(document): Verify equals GUI: Auto Test User 5 - DATA: Auto Test User 5

21-05-2025T14:03:40 - [MESSAGE][PASSED] - Verify equals GUI: Auto Test User 5 - DATA: Auto Test User 5

21-05-2025T14:03:40 - [TEST_STEP][PASSED] - documentInformationScreen.checkStatus(document): Verify equals GUI: Chờ giám sát phê duyệt - DATA: Chờ giám sát phê duyệt

21-05-2025T14:03:41 - [MESSAGE][PASSED] - Verify equals GUI: Chờ giám sát phê duyệt - DATA: Chờ giám sát phê duyệt

21-05-2025T14:03:41 - [TEST_STEP][PASSED] - documentInformationScreen.checkCreateDate(): Verify equals GUI: 21/05/2025 - DATA: 21/05/2025

21-05-2025T14:03:41 - [MESSAGE][PASSED] - Verify equals GUI: 21/05/2025 - DATA: 21/05/2025

21-05-2025T14:03:41 - [TEST_STEP][PASSED] - documentInformationScreen.checkFinishDate(document): Verify equals GUI: 22/05/2025 - DATA: 22/05/2025

21-05-2025T14:03:42 - [MESSAGE][PASSED] - Verify equals GUI: 22/05/2025 - DATA: 22/05/2025

21-05-2025T14:03:42 - [TEST_STEP][PASSED] - documentInformationScreen.checkPriority(document): Verify equals GUI: Cao - DATA: Cao

21-05-2025T14:03:42 - [MESSAGE][PASSED] - Verify equals GUI: Cao - DATA: Cao

21-05-2025T14:03:42 - [TEST_STEP][PASSED] - documentInformationScreen.checkDescription(document): Verify equals GUI: 024 TRA VE CHI TIET_NHAP Y KIEN - DATA: 024 TRA VE CHI TIET_NHAP Y KIEN

21-05-2025T14:03:42 - [MESSAGE][PASSED] - Verify equals GUI: 024 TRA VE CHI TIET_NHAP Y KIEN - DATA: 024 TRA VE CHI TIET_NHAP Y KIEN

21-05-2025T14:03:42 - [TEST_STEP][PASSED] - documentInformationScreen.checkAssigner(document): Verify contains GUI: Auto Test User 5 (auto5@hdbank.com.vn) - DATA: auto5@hdbank.com.vn

21-05-2025T14:03:46 - [MESSAGE][PASSED] - Verify contains GUI: Auto Test User 5 (auto5@hdbank.com.vn) - DATA: auto5@hdbank.com.vn

21-05-2025T14:03:46 - [TEST_STEP][PASSED] - documentInformationScreen.checkPresentFileName(document): Verify contains GUI: dummy_20250521140244.ozd - DATA: dummy

21-05-2025T14:03:48 - [MESSAGE][PASSED] - Verify contains GUI: dummy_20250521140244.ozd - DATA: dummy

21-05-2025T14:03:48 - [TEST_STEP][PASSED] - documentInformationScreen.checkAttachFileName(document): Expected true condition

21-05-2025T14:03:51 - [MESSAGE][PASSED] - Expected true condition

21-05-2025T14:03:51 - [TEST_STEP][PASSED] - document.setSender(auto6): null

21-05-2025T14:03:51 - [TEST_STEP][PASSED] - documentInformationScreen.performAction(document, RETURN, COMMENT): null

21-05-2025T14:03:57 - [TEST_STEP][PASSED] - documentInformationScreen.backToHome(): null

21-05-2025T14:04:01 - [TEST_STEP][PASSED] - inComingDocument.checkItemInDocument(): null

21-05-2025T14:04:01 - [TEST_STEP][PASSED] - homeScreen.goToOutComingDocument(): null

21-05-2025T14:04:10 - [TEST_STEP][PASSED] - outComingDocument.viewInformationDocument(document): null

21-05-2025T14:04:19 - [TEST_STEP][PASSED] - documentInformationScreen.checkDocumentTitle(document): Verify equals GUI: Trình ký 1747810901490 - DATA: Trình ký 1747810901490

21-05-2025T14:04:24 - [MESSAGE][PASSED] - Verify equals GUI: Trình ký 1747810901490 - DATA: Trình ký 1747810901490

21-05-2025T14:04:24 - [TEST_STEP][PASSED] - documentInformationScreen.checkSender(document): Verify equals GUI: Auto Test User 6 - DATA: Auto Test User 6

21-05-2025T14:04:24 - [MESSAGE][PASSED] - Verify equals GUI: Auto Test User 6 - DATA: Auto Test User 6

21-05-2025T14:04:24 - [TEST_STEP][PASSED] - documentInformationScreen.checkStatus(document): Verify equals GUI: Chờ bổ sung hồ sơ - DATA: Chờ bổ sung hồ sơ

21-05-2025T14:04:25 - [MESSAGE][PASSED] - Verify equals GUI: Chờ bổ sung hồ sơ - DATA: Chờ bổ sung hồ sơ

21-05-2025T14:04:25 - [TEST_STEP][PASSED] - documentInformationScreen.checkCreateDate(): Verify equals GUI: 21/05/2025 - DATA: 21/05/2025

21-05-2025T14:04:25 - [MESSAGE][PASSED] - Verify equals GUI: 21/05/2025 - DATA: 21/05/2025

21-05-2025T14:04:25 - [TEST_STEP][PASSED] - documentInformationScreen.checkFinishDate(document): Verify equals GUI: 22/05/2025 - DATA: 22/05/2025

21-05-2025T14:04:26 - [MESSAGE][PASSED] - Verify equals GUI: 22/05/2025 - DATA: 22/05/2025

21-05-2025T14:04:26 - [TEST_STEP][PASSED] - documentInformationScreen.checkPriority(document): Verify equals GUI: Cao - DATA: Cao

21-05-2025T14:04:26 - [MESSAGE][PASSED] - Verify equals GUI: Cao - DATA: Cao

21-05-2025T14:04:26 - [TEST_STEP][PASSED] - documentInformationScreen.isAssignerDisplayed(): Check sender not displayed

21-05-2025T14:04:29 - [MESSAGE][PASSED] - Check sender not displayed

21-05-2025T14:04:29 - [TEST_STEP][PASSED] - documentInformationScreen.checkDescription(document): Verify equals GUI: 024 TRA VE CHI TIET_NHAP Y KIEN - DATA: 024 TRA VE CHI TIET_NHAP Y KIEN

21-05-2025T14:04:30 - [MESSAGE][PASSED] - Verify equals GUI: 024 TRA VE CHI TIET_NHAP Y KIEN - DATA: 024 TRA VE CHI TIET_NHAP Y KIEN

21-05-2025T14:04:30 - [TEST_STEP][PASSED] - documentInformationScreen.checkPresentFileName(document): Verify contains GUI: dummy_20250521140244.ozd - DATA: dummy

21-05-2025T14:04:31 - [MESSAGE][PASSED] - Verify contains GUI: dummy_20250521140244.ozd - DATA: dummy

21-05-2025T14:04:31 - [TEST_STEP][PASSED] - documentInformationScreen.checkAttachFileName(document): Expected true condition

21-05-2025T14:04:35 - [MESSAGE][PASSED] - Expected true condition

21-05-2025T14:04:35 - [TEST_STEP][PASSED] - documentInformationScreen.checkComment(auto6, COMMENT): Check comment of Auto Test User 6 is Commented by automaton test in case 19

21-05-2025T14:04:37 - [MESSAGE][INFO] - GUI COMMENT: Commented by automaton test in case 19 - DATA COMMENT: Commented by automaton test in case 19

21-05-2025T14:04:37 - [MESSAGE][PASSED] - Check comment of Auto Test User 6 is Commented by automaton test in case 19

21-05-2025T14:04:37 - [TEST_STEP][PASSED] - documentInformationScreen.backToHome(): null

21-05-2025T14:04:47 - [TEST_STEP][PASSED] - inComingDocument.checkItemInDocument(): null

21-05-2025T14:04:47 - [TEST_STEP][PASSED] - Start listener action : afterTest: null

21-05-2025T14:04:47 - [TEST_STEP][PASSED] - if (testCaseStatus != "PASSED"): null

21-05-2025T14:04:47 - [TEST_STEP][PASSED] - drivers.Driver.closeApp(): drivers.Driver.closeApp is PASSED

21-05-2025T14:04:48 - [MESSAGE][PASSED] - drivers.Driver.closeApp is PASSED

21-05-2025T14:04:48 - [TEST_STEP][PASSED] - if (tsContext == null): null]]></system-out>
         <system-err><![CDATA[]]></system-err>
      </testcase>
      <testcase name="Test Cases/IPAPER APP/025 TRA VE TAI MAIN FILE_NHAP Y KIEN" time="52.38" classname="Test Cases/IPAPER APP/025 TRA VE TAI MAIN FILE_NHAP Y KIEN" status="ERROR">
         <error type="ERROR" message="Test Cases/IPAPER APP/025 TRA VE TAI MAIN FILE_NHAP Y KIEN FAILED.&#xa;Reason:&#xa;org.openqa.selenium.TimeoutException: Expected condition failed: waiting for base.BaseKeyword$Trait$Helper$_waitForPresentOf_closure1@198ff0f3 (tried for 30 second(s) with 500 milliseconds interval)&#xa;Build info: version: '3.141.59', revision: 'unknown', time: 'unknown'&#xa;System info: host: 'Cuong-Mac.local', ip: 'fe80:0:0:0:c43:6797:ebf2:3aad%en0', os.name: 'Mac OS X', os.arch: 'aarch64', os.version: '15.5', java.version: '17.0.7'&#xa;Driver info: io.appium.java_client.ios.IOSDriver&#xa;Capabilities {automationName: XCUITest, browserName: , databaseEnabled: false, fullReset: false, javascriptEnabled: true, locationContextEnabled: false, networkConnectionEnabled: false, noReset: true, platform: MAC, platformName: iOS, platformVersion: 18.4, takesScreenshot: true, udid: 00008110-000C10543443801E, webStorageEnabled: false}&#xa;Session ID: 01bfc3c6-5e13-4dc5-a0a0-9b9b6acbce73&#xa;	at org.openqa.selenium.support.ui.WebDriverWait.timeoutException(WebDriverWait.java:95)&#xa;	at org.openqa.selenium.support.ui.FluentWait.until(FluentWait.java:272)&#xa;	at base.BaseKeyword$Trait$Helper.waitForPresentOf(BaseKeyword.groovy:341)&#xa;	at screens.HomeScreen.waitForPresentOf(HomeScreen.groovy)&#xa;	at screens.HomeScreen.createRequest(HomeScreen.groovy:93)&#xa;	at 025 TRA VE TAI MAIN FILE_NHAP Y KIEN.run(025 TRA VE TAI MAIN FILE_NHAP Y KIEN:22)&#xa;	at com.kms.katalon.core.main.ScriptEngine.run(ScriptEngine.java:194)&#xa;	at com.kms.katalon.core.main.ScriptEngine.runScriptAsRawText(ScriptEngine.java:119)&#xa;	at com.kms.katalon.core.main.TestCaseExecutor.runScript(TestCaseExecutor.java:448)&#xa;	at com.kms.katalon.core.main.TestCaseExecutor.doExecute(TestCaseExecutor.java:439)&#xa;	at com.kms.katalon.core.main.TestCaseExecutor.processExecutionPhase(TestCaseExecutor.java:418)&#xa;	at com.kms.katalon.core.main.TestCaseExecutor.accessMainPhase(TestCaseExecutor.java:410)&#xa;	at com.kms.katalon.core.main.TestCaseExecutor.execute(TestCaseExecutor.java:285)&#xa;	at com.kms.katalon.core.common.CommonExecutor.accessTestCaseMainPhase(CommonExecutor.java:65)&#xa;	at com.kms.katalon.core.main.TestSuiteExecutor.accessTestSuiteMainPhase(TestSuiteExecutor.java:150)&#xa;	at com.kms.katalon.core.main.TestSuiteExecutor.execute(TestSuiteExecutor.java:106)&#xa;	at com.kms.katalon.core.main.TestCaseMain.startTestSuite(TestCaseMain.java:180)&#xa;	at TempTestSuite1747808312062.run(TempTestSuite1747808312062.groovy:35)&#xa;	at java.base/jdk.internal.reflect.NativeMethodAccessorImpl.invoke0(Native Method)&#xa;	at java.base/jdk.internal.reflect.NativeMethodAccessorImpl.invoke(NativeMethodAccessorImpl.java:77)&#xa;	at java.base/jdk.internal.reflect.DelegatingMethodAccessorImpl.invoke(DelegatingMethodAccessorImpl.java:43)&#xa;"/>
         <system-out><![CDATA[21-05-2025T14:04:48 - [TEST_CASE][ERROR] - Test Cases/IPAPER APP/025 TRA VE TAI MAIN FILE_NHAP Y KIEN: Test Cases/IPAPER APP/025 TRA VE TAI MAIN FILE_NHAP Y KIEN FAILED.
Reason:
org.openqa.selenium.TimeoutException: Expected condition failed: waiting for base.BaseKeyword$Trait$Helper$_waitForPresentOf_closure1@198ff0f3 (tried for 30 second(s) with 500 milliseconds interval)
Build info: version: '3.141.59', revision: 'unknown', time: 'unknown'
System info: host: 'Cuong-Mac.local', ip: 'fe80:0:0:0:c43:6797:ebf2:3aad%en0', os.name: 'Mac OS X', os.arch: 'aarch64', os.version: '15.5', java.version: '17.0.7'
Driver info: io.appium.java_client.ios.IOSDriver
Capabilities {automationName: XCUITest, browserName: , databaseEnabled: false, fullReset: false, javascriptEnabled: true, locationContextEnabled: false, networkConnectionEnabled: false, noReset: true, platform: MAC, platformName: iOS, platformVersion: 18.4, takesScreenshot: true, udid: 00008110-000C10543443801E, webStorageEnabled: false}
Session ID: 01bfc3c6-5e13-4dc5-a0a0-9b9b6acbce73
	at org.openqa.selenium.support.ui.WebDriverWait.timeoutException(WebDriverWait.java:95)
	at org.openqa.selenium.support.ui.FluentWait.until(FluentWait.java:272)
	at base.BaseKeyword$Trait$Helper.waitForPresentOf(BaseKeyword.groovy:341)
	at screens.HomeScreen.waitForPresentOf(HomeScreen.groovy)
	at screens.HomeScreen.createRequest(HomeScreen.groovy:93)
	at 025 TRA VE TAI MAIN FILE_NHAP Y KIEN.run(025 TRA VE TAI MAIN FILE_NHAP Y KIEN:22)
	at com.kms.katalon.core.main.ScriptEngine.run(ScriptEngine.java:194)
	at com.kms.katalon.core.main.ScriptEngine.runScriptAsRawText(ScriptEngine.java:119)
	at com.kms.katalon.core.main.TestCaseExecutor.runScript(TestCaseExecutor.java:448)
	at com.kms.katalon.core.main.TestCaseExecutor.doExecute(TestCaseExecutor.java:439)
	at com.kms.katalon.core.main.TestCaseExecutor.processExecutionPhase(TestCaseExecutor.java:418)
	at com.kms.katalon.core.main.TestCaseExecutor.accessMainPhase(TestCaseExecutor.java:410)
	at com.kms.katalon.core.main.TestCaseExecutor.execute(TestCaseExecutor.java:285)
	at com.kms.katalon.core.common.CommonExecutor.accessTestCaseMainPhase(CommonExecutor.java:65)
	at com.kms.katalon.core.main.TestSuiteExecutor.accessTestSuiteMainPhase(TestSuiteExecutor.java:150)
	at com.kms.katalon.core.main.TestSuiteExecutor.execute(TestSuiteExecutor.java:106)
	at com.kms.katalon.core.main.TestCaseMain.startTestSuite(TestCaseMain.java:180)
	at TempTestSuite1747808312062.run(TempTestSuite1747808312062.groovy:35)
	at java.base/jdk.internal.reflect.NativeMethodAccessorImpl.invoke0(Native Method)
	at java.base/jdk.internal.reflect.NativeMethodAccessorImpl.invoke(NativeMethodAccessorImpl.java:77)
	at java.base/jdk.internal.reflect.DelegatingMethodAccessorImpl.invoke(DelegatingMethodAccessorImpl.java:43)


21-05-2025T14:04:48 - [TEST_STEP][PASSED] - Start listener action : beforeTest: drivers.Driver.openApp is PASSED

21-05-2025T14:04:48 - [TEST_STEP][PASSED] - DataTest.init(): null

21-05-2025T14:04:48 - [TEST_STEP][PASSED] - testCaseId = split("/").last(): null

21-05-2025T14:04:48 - [TEST_STEP][PASSED] - if (!(drivers.Driver.isAppiumRunning())): drivers.Driver.isAppiumRunning is PASSED

21-05-2025T14:04:48 - [MESSAGE][INFO] - Appium running: true

21-05-2025T14:04:48 - [MESSAGE][PASSED] - drivers.Driver.isAppiumRunning is PASSED

21-05-2025T14:04:48 - [TEST_STEP][PASSED] - if (driver == null || driver.getSessionId() == null): null

21-05-2025T14:04:48 - [TEST_STEP][PASSED] - drivers.Driver.openApp(): drivers.Driver.openApp is PASSED

21-05-2025T14:04:49 - [MESSAGE][PASSED] - drivers.Driver.openApp is PASSED

21-05-2025T14:04:49 - [TEST_STEP][PASSED] - REQUEST_NAME = "Trình ký PDF có sẵn": null

21-05-2025T14:04:49 - [TEST_STEP][PASSED] - COMMENT = "Commented by automaton test in case 25": null

21-05-2025T14:04:49 - [TEST_STEP][PASSED] - auto5 = DataTest.getUserTest5(): null

21-05-2025T14:04:49 - [TEST_STEP][PASSED] - auto6 = DataTest.getUserTest6(): null

21-05-2025T14:04:49 - [TEST_STEP][PASSED] - document = DataTest.createDocumentTest(auto5, auto6, null, "dummy.pdf", "dummy.pdf"): null

21-05-2025T14:04:49 - [TEST_STEP][PASSED] - loginScreen.login(auto5): null

21-05-2025T14:05:01 - [TEST_STEP][PASSED] - homeScreen.openRequestList(): null

21-05-2025T14:05:04 - [TEST_STEP][ERROR] - homeScreen.createRequest(REQUEST_NAME): Test Cases/IPAPER APP/025 TRA VE TAI MAIN FILE_NHAP Y KIEN FAILED.
Reason:
org.openqa.selenium.TimeoutException: Expected condition failed: waiting for base.BaseKeyword$Trait$Helper$_waitForPresentOf_closure1@198ff0f3 (tried for 30 second(s) with 500 milliseconds interval)
Build info: version: '3.141.59', revision: 'unknown', time: 'unknown'
System info: host: 'Cuong-Mac.local', ip: 'fe80:0:0:0:c43:6797:ebf2:3aad%en0', os.name: 'Mac OS X', os.arch: 'aarch64', os.version: '15.5', java.version: '17.0.7'
Driver info: io.appium.java_client.ios.IOSDriver
Capabilities {automationName: XCUITest, browserName: , databaseEnabled: false, fullReset: false, javascriptEnabled: true, locationContextEnabled: false, networkConnectionEnabled: false, noReset: true, platform: MAC, platformName: iOS, platformVersion: 18.4, takesScreenshot: true, udid: 00008110-000C10543443801E, webStorageEnabled: false}
Session ID: 01bfc3c6-5e13-4dc5-a0a0-9b9b6acbce73
	at org.openqa.selenium.support.ui.WebDriverWait.timeoutException(WebDriverWait.java:95)
	at org.openqa.selenium.support.ui.FluentWait.until(FluentWait.java:272)
	at base.BaseKeyword$Trait$Helper.waitForPresentOf(BaseKeyword.groovy:341)
	at screens.HomeScreen.waitForPresentOf(HomeScreen.groovy)
	at screens.HomeScreen.createRequest(HomeScreen.groovy:93)
	at 025 TRA VE TAI MAIN FILE_NHAP Y KIEN.run(025 TRA VE TAI MAIN FILE_NHAP Y KIEN:22)
	at com.kms.katalon.core.main.ScriptEngine.run(ScriptEngine.java:194)
	at com.kms.katalon.core.main.ScriptEngine.runScriptAsRawText(ScriptEngine.java:119)
	at com.kms.katalon.core.main.TestCaseExecutor.runScript(TestCaseExecutor.java:448)
	at com.kms.katalon.core.main.TestCaseExecutor.doExecute(TestCaseExecutor.java:439)
	at com.kms.katalon.core.main.TestCaseExecutor.processExecutionPhase(TestCaseExecutor.java:418)
	at com.kms.katalon.core.main.TestCaseExecutor.accessMainPhase(TestCaseExecutor.java:410)
	at com.kms.katalon.core.main.TestCaseExecutor.execute(TestCaseExecutor.java:285)
	at com.kms.katalon.core.common.CommonExecutor.accessTestCaseMainPhase(CommonExecutor.java:65)
	at com.kms.katalon.core.main.TestSuiteExecutor.accessTestSuiteMainPhase(TestSuiteExecutor.java:150)
	at com.kms.katalon.core.main.TestSuiteExecutor.execute(TestSuiteExecutor.java:106)
	at com.kms.katalon.core.main.TestCaseMain.startTestSuite(TestCaseMain.java:180)
	at TempTestSuite1747808312062.run(TempTestSuite1747808312062.groovy:35)
	at java.base/jdk.internal.reflect.NativeMethodAccessorImpl.invoke0(Native Method)
	at java.base/jdk.internal.reflect.NativeMethodAccessorImpl.invoke(NativeMethodAccessorImpl.java:77)
	at java.base/jdk.internal.reflect.DelegatingMethodAccessorImpl.invoke(DelegatingMethodAccessorImpl.java:43)


21-05-2025T14:05:39 - [MESSAGE][ERROR] - Test Cases/IPAPER APP/025 TRA VE TAI MAIN FILE_NHAP Y KIEN FAILED.
Reason:
org.openqa.selenium.TimeoutException: Expected condition failed: waiting for base.BaseKeyword$Trait$Helper$_waitForPresentOf_closure1@198ff0f3 (tried for 30 second(s) with 500 milliseconds interval)
Build info: version: '3.141.59', revision: 'unknown', time: 'unknown'
System info: host: 'Cuong-Mac.local', ip: 'fe80:0:0:0:c43:6797:ebf2:3aad%en0', os.name: 'Mac OS X', os.arch: 'aarch64', os.version: '15.5', java.version: '17.0.7'
Driver info: io.appium.java_client.ios.IOSDriver
Capabilities {automationName: XCUITest, browserName: , databaseEnabled: false, fullReset: false, javascriptEnabled: true, locationContextEnabled: false, networkConnectionEnabled: false, noReset: true, platform: MAC, platformName: iOS, platformVersion: 18.4, takesScreenshot: true, udid: 00008110-000C10543443801E, webStorageEnabled: false}
Session ID: 01bfc3c6-5e13-4dc5-a0a0-9b9b6acbce73
	at org.openqa.selenium.support.ui.WebDriverWait.timeoutException(WebDriverWait.java:95)
	at org.openqa.selenium.support.ui.FluentWait.until(FluentWait.java:272)
	at base.BaseKeyword$Trait$Helper.waitForPresentOf(BaseKeyword.groovy:341)
	at screens.HomeScreen.waitForPresentOf(HomeScreen.groovy)
	at screens.HomeScreen.createRequest(HomeScreen.groovy:93)
	at 025 TRA VE TAI MAIN FILE_NHAP Y KIEN.run(025 TRA VE TAI MAIN FILE_NHAP Y KIEN:22)
	at com.kms.katalon.core.main.ScriptEngine.run(ScriptEngine.java:194)
	at com.kms.katalon.core.main.ScriptEngine.runScriptAsRawText(ScriptEngine.java:119)
	at com.kms.katalon.core.main.TestCaseExecutor.runScript(TestCaseExecutor.java:448)
	at com.kms.katalon.core.main.TestCaseExecutor.doExecute(TestCaseExecutor.java:439)
	at com.kms.katalon.core.main.TestCaseExecutor.processExecutionPhase(TestCaseExecutor.java:418)
	at com.kms.katalon.core.main.TestCaseExecutor.accessMainPhase(TestCaseExecutor.java:410)
	at com.kms.katalon.core.main.TestCaseExecutor.execute(TestCaseExecutor.java:285)
	at com.kms.katalon.core.common.CommonExecutor.accessTestCaseMainPhase(CommonExecutor.java:65)
	at com.kms.katalon.core.main.TestSuiteExecutor.accessTestSuiteMainPhase(TestSuiteExecutor.java:150)
	at com.kms.katalon.core.main.TestSuiteExecutor.execute(TestSuiteExecutor.java:106)
	at com.kms.katalon.core.main.TestCaseMain.startTestSuite(TestCaseMain.java:180)
	at TempTestSuite1747808312062.run(TempTestSuite1747808312062.groovy:35)
	at java.base/jdk.internal.reflect.NativeMethodAccessorImpl.invoke0(Native Method)
	at java.base/jdk.internal.reflect.NativeMethodAccessorImpl.invoke(NativeMethodAccessorImpl.java:77)
	at java.base/jdk.internal.reflect.DelegatingMethodAccessorImpl.invoke(DelegatingMethodAccessorImpl.java:43)


21-05-2025T14:05:39 - [TEST_STEP][PASSED] - Start listener action : afterTest: null

21-05-2025T14:05:39 - [TEST_STEP][PASSED] - if (testCaseStatus != "PASSED"): Screenshot is taken

21-05-2025T14:05:39 - [TEST_STEP][PASSED] - takeScreenshot(ErrorScreen/$GlobalVariable.PLATFORM/$testCaseContext.getTestCaseId().png): Screenshot is taken

21-05-2025T14:05:39 - [MESSAGE][PASSED] - Screenshot is taken
[[ATTACHMENT|ErrorScreen/iOS/Test Cases/IPAPER APP/025 TRA VE TAI MAIN FILE_NHAP Y KIEN.png]]

21-05-2025T14:05:39 - [TEST_STEP][PASSED] - drivers.Driver.closeApp(): drivers.Driver.closeApp is PASSED

21-05-2025T14:05:40 - [MESSAGE][PASSED] - drivers.Driver.closeApp is PASSED

21-05-2025T14:05:40 - [TEST_STEP][PASSED] - if (tsContext == null): null]]></system-out>
         <system-err><![CDATA[21-05-2025T14:04:48 - [TEST_CASE][ERROR] - Test Cases/IPAPER APP/025 TRA VE TAI MAIN FILE_NHAP Y KIEN: Test Cases/IPAPER APP/025 TRA VE TAI MAIN FILE_NHAP Y KIEN FAILED.
Reason:
org.openqa.selenium.TimeoutException: Expected condition failed: waiting for base.BaseKeyword$Trait$Helper$_waitForPresentOf_closure1@198ff0f3 (tried for 30 second(s) with 500 milliseconds interval)
Build info: version: '3.141.59', revision: 'unknown', time: 'unknown'
System info: host: 'Cuong-Mac.local', ip: 'fe80:0:0:0:c43:6797:ebf2:3aad%en0', os.name: 'Mac OS X', os.arch: 'aarch64', os.version: '15.5', java.version: '17.0.7'
Driver info: io.appium.java_client.ios.IOSDriver
Capabilities {automationName: XCUITest, browserName: , databaseEnabled: false, fullReset: false, javascriptEnabled: true, locationContextEnabled: false, networkConnectionEnabled: false, noReset: true, platform: MAC, platformName: iOS, platformVersion: 18.4, takesScreenshot: true, udid: 00008110-000C10543443801E, webStorageEnabled: false}
Session ID: 01bfc3c6-5e13-4dc5-a0a0-9b9b6acbce73
	at org.openqa.selenium.support.ui.WebDriverWait.timeoutException(WebDriverWait.java:95)
	at org.openqa.selenium.support.ui.FluentWait.until(FluentWait.java:272)
	at base.BaseKeyword$Trait$Helper.waitForPresentOf(BaseKeyword.groovy:341)
	at screens.HomeScreen.waitForPresentOf(HomeScreen.groovy)
	at screens.HomeScreen.createRequest(HomeScreen.groovy:93)
	at 025 TRA VE TAI MAIN FILE_NHAP Y KIEN.run(025 TRA VE TAI MAIN FILE_NHAP Y KIEN:22)
	at com.kms.katalon.core.main.ScriptEngine.run(ScriptEngine.java:194)
	at com.kms.katalon.core.main.ScriptEngine.runScriptAsRawText(ScriptEngine.java:119)
	at com.kms.katalon.core.main.TestCaseExecutor.runScript(TestCaseExecutor.java:448)
	at com.kms.katalon.core.main.TestCaseExecutor.doExecute(TestCaseExecutor.java:439)
	at com.kms.katalon.core.main.TestCaseExecutor.processExecutionPhase(TestCaseExecutor.java:418)
	at com.kms.katalon.core.main.TestCaseExecutor.accessMainPhase(TestCaseExecutor.java:410)
	at com.kms.katalon.core.main.TestCaseExecutor.execute(TestCaseExecutor.java:285)
	at com.kms.katalon.core.common.CommonExecutor.accessTestCaseMainPhase(CommonExecutor.java:65)
	at com.kms.katalon.core.main.TestSuiteExecutor.accessTestSuiteMainPhase(TestSuiteExecutor.java:150)
	at com.kms.katalon.core.main.TestSuiteExecutor.execute(TestSuiteExecutor.java:106)
	at com.kms.katalon.core.main.TestCaseMain.startTestSuite(TestCaseMain.java:180)
	at TempTestSuite1747808312062.run(TempTestSuite1747808312062.groovy:35)
	at java.base/jdk.internal.reflect.NativeMethodAccessorImpl.invoke0(Native Method)
	at java.base/jdk.internal.reflect.NativeMethodAccessorImpl.invoke(NativeMethodAccessorImpl.java:77)
	at java.base/jdk.internal.reflect.DelegatingMethodAccessorImpl.invoke(DelegatingMethodAccessorImpl.java:43)]]></system-err>
      </testcase>
      <testcase name="Test Cases/IPAPER APP/026 TRA VE TAI MAIN FILE_KHONG NHAP Y KIEN" time="20.301" classname="Test Cases/IPAPER APP/026 TRA VE TAI MAIN FILE_KHONG NHAP Y KIEN" status="FAILED">
         <failure type="FAILED" message="Test Cases/IPAPER APP/026 TRA VE TAI MAIN FILE_KHONG NHAP Y KIEN FAILED.&#xa;Reason:&#xa;com.kms.katalon.core.exception.StepFailedException: Element not found after 10 swipes&#xa;	at base.BaseKeyword$Trait$Helper.swipeToElement(BaseKeyword.groovy:202)&#xa;	at screens.PDFSignScreen.swipeToElement(PDFSignScreen.groovy)&#xa;	at screens.PDFSignScreen.selectPriority(PDFSignScreen.groovy:64)&#xa;	at 026 TRA VE TAI MAIN FILE_KHONG NHAP Y KIEN.run(026 TRA VE TAI MAIN FILE_KHONG NHAP Y KIEN:26)&#xa;	at com.kms.katalon.core.main.ScriptEngine.run(ScriptEngine.java:194)&#xa;	at com.kms.katalon.core.main.ScriptEngine.runScriptAsRawText(ScriptEngine.java:119)&#xa;	at com.kms.katalon.core.main.TestCaseExecutor.runScript(TestCaseExecutor.java:448)&#xa;	at com.kms.katalon.core.main.TestCaseExecutor.doExecute(TestCaseExecutor.java:439)&#xa;	at com.kms.katalon.core.main.TestCaseExecutor.processExecutionPhase(TestCaseExecutor.java:418)&#xa;	at com.kms.katalon.core.main.TestCaseExecutor.accessMainPhase(TestCaseExecutor.java:410)&#xa;	at com.kms.katalon.core.main.TestCaseExecutor.execute(TestCaseExecutor.java:285)&#xa;	at com.kms.katalon.core.common.CommonExecutor.accessTestCaseMainPhase(CommonExecutor.java:65)&#xa;	at com.kms.katalon.core.main.TestSuiteExecutor.accessTestSuiteMainPhase(TestSuiteExecutor.java:150)&#xa;	at com.kms.katalon.core.main.TestSuiteExecutor.execute(TestSuiteExecutor.java:106)&#xa;	at com.kms.katalon.core.main.TestCaseMain.startTestSuite(TestCaseMain.java:180)&#xa;	at TempTestSuite1747808312062.run(TempTestSuite1747808312062.groovy:35)&#xa;	at java.base/jdk.internal.reflect.NativeMethodAccessorImpl.invoke0(Native Method)&#xa;	at java.base/jdk.internal.reflect.NativeMethodAccessorImpl.invoke(NativeMethodAccessorImpl.java:77)&#xa;	at java.base/jdk.internal.reflect.DelegatingMethodAccessorImpl.invoke(DelegatingMethodAccessorImpl.java:43)&#xa;"/>
         <system-out><![CDATA[21-05-2025T14:05:40 - [TEST_CASE][FAILED] - Test Cases/IPAPER APP/026 TRA VE TAI MAIN FILE_KHONG NHAP Y KIEN: Test Cases/IPAPER APP/026 TRA VE TAI MAIN FILE_KHONG NHAP Y KIEN FAILED.
Reason:
com.kms.katalon.core.exception.StepFailedException: Element not found after 10 swipes
	at base.BaseKeyword$Trait$Helper.swipeToElement(BaseKeyword.groovy:202)
	at screens.PDFSignScreen.swipeToElement(PDFSignScreen.groovy)
	at screens.PDFSignScreen.selectPriority(PDFSignScreen.groovy:64)
	at 026 TRA VE TAI MAIN FILE_KHONG NHAP Y KIEN.run(026 TRA VE TAI MAIN FILE_KHONG NHAP Y KIEN:26)
	at com.kms.katalon.core.main.ScriptEngine.run(ScriptEngine.java:194)
	at com.kms.katalon.core.main.ScriptEngine.runScriptAsRawText(ScriptEngine.java:119)
	at com.kms.katalon.core.main.TestCaseExecutor.runScript(TestCaseExecutor.java:448)
	at com.kms.katalon.core.main.TestCaseExecutor.doExecute(TestCaseExecutor.java:439)
	at com.kms.katalon.core.main.TestCaseExecutor.processExecutionPhase(TestCaseExecutor.java:418)
	at com.kms.katalon.core.main.TestCaseExecutor.accessMainPhase(TestCaseExecutor.java:410)
	at com.kms.katalon.core.main.TestCaseExecutor.execute(TestCaseExecutor.java:285)
	at com.kms.katalon.core.common.CommonExecutor.accessTestCaseMainPhase(CommonExecutor.java:65)
	at com.kms.katalon.core.main.TestSuiteExecutor.accessTestSuiteMainPhase(TestSuiteExecutor.java:150)
	at com.kms.katalon.core.main.TestSuiteExecutor.execute(TestSuiteExecutor.java:106)
	at com.kms.katalon.core.main.TestCaseMain.startTestSuite(TestCaseMain.java:180)
	at TempTestSuite1747808312062.run(TempTestSuite1747808312062.groovy:35)
	at java.base/jdk.internal.reflect.NativeMethodAccessorImpl.invoke0(Native Method)
	at java.base/jdk.internal.reflect.NativeMethodAccessorImpl.invoke(NativeMethodAccessorImpl.java:77)
	at java.base/jdk.internal.reflect.DelegatingMethodAccessorImpl.invoke(DelegatingMethodAccessorImpl.java:43)


21-05-2025T14:05:40 - [TEST_STEP][PASSED] - Start listener action : beforeTest: drivers.Driver.openApp is PASSED

21-05-2025T14:05:40 - [TEST_STEP][PASSED] - DataTest.init(): null

21-05-2025T14:05:40 - [TEST_STEP][PASSED] - testCaseId = split("/").last(): null

21-05-2025T14:05:40 - [TEST_STEP][PASSED] - if (!(drivers.Driver.isAppiumRunning())): drivers.Driver.isAppiumRunning is PASSED

21-05-2025T14:05:40 - [MESSAGE][INFO] - Appium running: true

21-05-2025T14:05:40 - [MESSAGE][PASSED] - drivers.Driver.isAppiumRunning is PASSED

21-05-2025T14:05:40 - [TEST_STEP][PASSED] - if (driver == null || driver.getSessionId() == null): null

21-05-2025T14:05:40 - [TEST_STEP][PASSED] - drivers.Driver.openApp(): drivers.Driver.openApp is PASSED

21-05-2025T14:05:42 - [MESSAGE][PASSED] - drivers.Driver.openApp is PASSED

21-05-2025T14:05:42 - [TEST_STEP][PASSED] - REQUEST_NAME = "Trình ký PDF có sẵn": null

21-05-2025T14:05:42 - [TEST_STEP][PASSED] - COMMENT = " ": null

21-05-2025T14:05:42 - [TEST_STEP][PASSED] - auto5 = DataTest.getUserTest5(): null

21-05-2025T14:05:42 - [TEST_STEP][PASSED] - auto6 = DataTest.getUserTest6(): null

21-05-2025T14:05:42 - [TEST_STEP][PASSED] - document = DataTest.createDocumentTest(auto5, auto6, null, "dummy.pdf", "dummy.pdf"): null

21-05-2025T14:05:42 - [TEST_STEP][PASSED] - loginScreen.login(auto5): null

21-05-2025T14:05:52 - [TEST_STEP][PASSED] - homeScreen.openRequestList(): null

21-05-2025T14:05:53 - [TEST_STEP][PASSED] - homeScreen.createRequest(REQUEST_NAME): null

21-05-2025T14:05:55 - [TEST_STEP][PASSED] - pdfSignScreen.fillInTitle(document.getTitle()): null

21-05-2025T14:05:58 - [TEST_STEP][PASSED] - pdfSignScreen.selectPriority(document.getPriority()): null

21-05-2025T14:05:59 - [TEST_STEP][PASSED] - Start listener action : afterTest: null

21-05-2025T14:05:59 - [TEST_STEP][PASSED] - if (testCaseStatus != "PASSED"): Screenshot is taken

21-05-2025T14:05:59 - [TEST_STEP][PASSED] - takeScreenshot(ErrorScreen/$GlobalVariable.PLATFORM/$testCaseContext.getTestCaseId().png): Screenshot is taken

21-05-2025T14:05:59 - [MESSAGE][PASSED] - Screenshot is taken
[[ATTACHMENT|ErrorScreen/iOS/Test Cases/IPAPER APP/026 TRA VE TAI MAIN FILE_KHONG NHAP Y KIEN.png]]

21-05-2025T14:05:59 - [TEST_STEP][PASSED] - drivers.Driver.closeApp(): drivers.Driver.closeApp is PASSED

21-05-2025T14:06:00 - [MESSAGE][PASSED] - drivers.Driver.closeApp is PASSED

21-05-2025T14:06:00 - [TEST_STEP][PASSED] - if (tsContext == null): null]]></system-out>
         <system-err><![CDATA[21-05-2025T14:05:40 - [TEST_CASE][FAILED] - Test Cases/IPAPER APP/026 TRA VE TAI MAIN FILE_KHONG NHAP Y KIEN: Test Cases/IPAPER APP/026 TRA VE TAI MAIN FILE_KHONG NHAP Y KIEN FAILED.
Reason:
com.kms.katalon.core.exception.StepFailedException: Element not found after 10 swipes
	at base.BaseKeyword$Trait$Helper.swipeToElement(BaseKeyword.groovy:202)
	at screens.PDFSignScreen.swipeToElement(PDFSignScreen.groovy)
	at screens.PDFSignScreen.selectPriority(PDFSignScreen.groovy:64)
	at 026 TRA VE TAI MAIN FILE_KHONG NHAP Y KIEN.run(026 TRA VE TAI MAIN FILE_KHONG NHAP Y KIEN:26)
	at com.kms.katalon.core.main.ScriptEngine.run(ScriptEngine.java:194)
	at com.kms.katalon.core.main.ScriptEngine.runScriptAsRawText(ScriptEngine.java:119)
	at com.kms.katalon.core.main.TestCaseExecutor.runScript(TestCaseExecutor.java:448)
	at com.kms.katalon.core.main.TestCaseExecutor.doExecute(TestCaseExecutor.java:439)
	at com.kms.katalon.core.main.TestCaseExecutor.processExecutionPhase(TestCaseExecutor.java:418)
	at com.kms.katalon.core.main.TestCaseExecutor.accessMainPhase(TestCaseExecutor.java:410)
	at com.kms.katalon.core.main.TestCaseExecutor.execute(TestCaseExecutor.java:285)
	at com.kms.katalon.core.common.CommonExecutor.accessTestCaseMainPhase(CommonExecutor.java:65)
	at com.kms.katalon.core.main.TestSuiteExecutor.accessTestSuiteMainPhase(TestSuiteExecutor.java:150)
	at com.kms.katalon.core.main.TestSuiteExecutor.execute(TestSuiteExecutor.java:106)
	at com.kms.katalon.core.main.TestCaseMain.startTestSuite(TestCaseMain.java:180)
	at TempTestSuite1747808312062.run(TempTestSuite1747808312062.groovy:35)
	at java.base/jdk.internal.reflect.NativeMethodAccessorImpl.invoke0(Native Method)
	at java.base/jdk.internal.reflect.NativeMethodAccessorImpl.invoke(NativeMethodAccessorImpl.java:77)
	at java.base/jdk.internal.reflect.DelegatingMethodAccessorImpl.invoke(DelegatingMethodAccessorImpl.java:43)]]></system-err>
      </testcase>
      <testcase name="Test Cases/IPAPER APP/060 DINH NGHIA QUY TRINH CO SAN" time="48.489" classname="Test Cases/IPAPER APP/060 DINH NGHIA QUY TRINH CO SAN" status="ERROR">
         <error type="ERROR" message="Test Cases/IPAPER APP/060 DINH NGHIA QUY TRINH CO SAN FAILED.&#xa;Reason:&#xa;org.openqa.selenium.TimeoutException: Expected condition failed: waiting for base.BaseKeyword$Trait$Helper$_waitForPresentOf_closure1@6d337a74 (tried for 30 second(s) with 500 milliseconds interval)&#xa;Build info: version: '3.141.59', revision: 'unknown', time: 'unknown'&#xa;System info: host: 'Cuong-Mac.local', ip: 'fe80:0:0:0:c43:6797:ebf2:3aad%en0', os.name: 'Mac OS X', os.arch: 'aarch64', os.version: '15.5', java.version: '17.0.7'&#xa;Driver info: io.appium.java_client.ios.IOSDriver&#xa;Capabilities {automationName: XCUITest, browserName: , databaseEnabled: false, fullReset: false, javascriptEnabled: true, locationContextEnabled: false, networkConnectionEnabled: false, noReset: true, platform: MAC, platformName: iOS, platformVersion: 18.4, takesScreenshot: true, udid: 00008110-000C10543443801E, webStorageEnabled: false}&#xa;Session ID: 01bfc3c6-5e13-4dc5-a0a0-9b9b6acbce73&#xa;	at org.openqa.selenium.support.ui.WebDriverWait.timeoutException(WebDriverWait.java:95)&#xa;	at org.openqa.selenium.support.ui.FluentWait.until(FluentWait.java:272)&#xa;	at base.BaseKeyword$Trait$Helper.waitForPresentOf(BaseKeyword.groovy:341)&#xa;	at screens.PDFSignScreen.waitForPresentOf(PDFSignScreen.groovy)&#xa;	at screens.PDFSignScreen.fillInTitle(PDFSignScreen.groovy:59)&#xa;	at 060 DINH NGHIA QUY TRINH CO SAN.run(060 DINH NGHIA QUY TRINH CO SAN:31)&#xa;	at com.kms.katalon.core.main.ScriptEngine.run(ScriptEngine.java:194)&#xa;	at com.kms.katalon.core.main.ScriptEngine.runScriptAsRawText(ScriptEngine.java:119)&#xa;	at com.kms.katalon.core.main.TestCaseExecutor.runScript(TestCaseExecutor.java:448)&#xa;	at com.kms.katalon.core.main.TestCaseExecutor.doExecute(TestCaseExecutor.java:439)&#xa;	at com.kms.katalon.core.main.TestCaseExecutor.processExecutionPhase(TestCaseExecutor.java:418)&#xa;	at com.kms.katalon.core.main.TestCaseExecutor.accessMainPhase(TestCaseExecutor.java:410)&#xa;	at com.kms.katalon.core.main.TestCaseExecutor.execute(TestCaseExecutor.java:285)&#xa;	at com.kms.katalon.core.common.CommonExecutor.accessTestCaseMainPhase(CommonExecutor.java:65)&#xa;	at com.kms.katalon.core.main.TestSuiteExecutor.accessTestSuiteMainPhase(TestSuiteExecutor.java:150)&#xa;	at com.kms.katalon.core.main.TestSuiteExecutor.execute(TestSuiteExecutor.java:106)&#xa;	at com.kms.katalon.core.main.TestCaseMain.startTestSuite(TestCaseMain.java:180)&#xa;	at TempTestSuite1747808312062.run(TempTestSuite1747808312062.groovy:35)&#xa;	at java.base/jdk.internal.reflect.NativeMethodAccessorImpl.invoke0(Native Method)&#xa;	at java.base/jdk.internal.reflect.NativeMethodAccessorImpl.invoke(NativeMethodAccessorImpl.java:77)&#xa;	at java.base/jdk.internal.reflect.DelegatingMethodAccessorImpl.invoke(DelegatingMethodAccessorImpl.java:43)&#xa;"/>
         <system-out><![CDATA[21-05-2025T14:06:00 - [TEST_CASE][ERROR] - Test Cases/IPAPER APP/060 DINH NGHIA QUY TRINH CO SAN: Test Cases/IPAPER APP/060 DINH NGHIA QUY TRINH CO SAN FAILED.
Reason:
org.openqa.selenium.TimeoutException: Expected condition failed: waiting for base.BaseKeyword$Trait$Helper$_waitForPresentOf_closure1@6d337a74 (tried for 30 second(s) with 500 milliseconds interval)
Build info: version: '3.141.59', revision: 'unknown', time: 'unknown'
System info: host: 'Cuong-Mac.local', ip: 'fe80:0:0:0:c43:6797:ebf2:3aad%en0', os.name: 'Mac OS X', os.arch: 'aarch64', os.version: '15.5', java.version: '17.0.7'
Driver info: io.appium.java_client.ios.IOSDriver
Capabilities {automationName: XCUITest, browserName: , databaseEnabled: false, fullReset: false, javascriptEnabled: true, locationContextEnabled: false, networkConnectionEnabled: false, noReset: true, platform: MAC, platformName: iOS, platformVersion: 18.4, takesScreenshot: true, udid: 00008110-000C10543443801E, webStorageEnabled: false}
Session ID: 01bfc3c6-5e13-4dc5-a0a0-9b9b6acbce73
	at org.openqa.selenium.support.ui.WebDriverWait.timeoutException(WebDriverWait.java:95)
	at org.openqa.selenium.support.ui.FluentWait.until(FluentWait.java:272)
	at base.BaseKeyword$Trait$Helper.waitForPresentOf(BaseKeyword.groovy:341)
	at screens.PDFSignScreen.waitForPresentOf(PDFSignScreen.groovy)
	at screens.PDFSignScreen.fillInTitle(PDFSignScreen.groovy:59)
	at 060 DINH NGHIA QUY TRINH CO SAN.run(060 DINH NGHIA QUY TRINH CO SAN:31)
	at com.kms.katalon.core.main.ScriptEngine.run(ScriptEngine.java:194)
	at com.kms.katalon.core.main.ScriptEngine.runScriptAsRawText(ScriptEngine.java:119)
	at com.kms.katalon.core.main.TestCaseExecutor.runScript(TestCaseExecutor.java:448)
	at com.kms.katalon.core.main.TestCaseExecutor.doExecute(TestCaseExecutor.java:439)
	at com.kms.katalon.core.main.TestCaseExecutor.processExecutionPhase(TestCaseExecutor.java:418)
	at com.kms.katalon.core.main.TestCaseExecutor.accessMainPhase(TestCaseExecutor.java:410)
	at com.kms.katalon.core.main.TestCaseExecutor.execute(TestCaseExecutor.java:285)
	at com.kms.katalon.core.common.CommonExecutor.accessTestCaseMainPhase(CommonExecutor.java:65)
	at com.kms.katalon.core.main.TestSuiteExecutor.accessTestSuiteMainPhase(TestSuiteExecutor.java:150)
	at com.kms.katalon.core.main.TestSuiteExecutor.execute(TestSuiteExecutor.java:106)
	at com.kms.katalon.core.main.TestCaseMain.startTestSuite(TestCaseMain.java:180)
	at TempTestSuite1747808312062.run(TempTestSuite1747808312062.groovy:35)
	at java.base/jdk.internal.reflect.NativeMethodAccessorImpl.invoke0(Native Method)
	at java.base/jdk.internal.reflect.NativeMethodAccessorImpl.invoke(NativeMethodAccessorImpl.java:77)
	at java.base/jdk.internal.reflect.DelegatingMethodAccessorImpl.invoke(DelegatingMethodAccessorImpl.java:43)


21-05-2025T14:06:01 - [TEST_STEP][PASSED] - Start listener action : beforeTest: drivers.Driver.openApp is PASSED

21-05-2025T14:06:01 - [TEST_STEP][PASSED] - DataTest.init(): null

21-05-2025T14:06:01 - [TEST_STEP][PASSED] - testCaseId = split("/").last(): null

21-05-2025T14:06:01 - [TEST_STEP][PASSED] - if (!(drivers.Driver.isAppiumRunning())): drivers.Driver.isAppiumRunning is PASSED

21-05-2025T14:06:01 - [MESSAGE][INFO] - Appium running: true

21-05-2025T14:06:01 - [MESSAGE][PASSED] - drivers.Driver.isAppiumRunning is PASSED

21-05-2025T14:06:01 - [TEST_STEP][PASSED] - if (driver == null || driver.getSessionId() == null): null

21-05-2025T14:06:01 - [TEST_STEP][PASSED] - drivers.Driver.openApp(): drivers.Driver.openApp is PASSED

21-05-2025T14:06:02 - [MESSAGE][PASSED] - drivers.Driver.openApp is PASSED

21-05-2025T14:06:02 - [TEST_STEP][PASSED] - REQUEST_NAME = "Trình ký PDF có sẵn": null

21-05-2025T14:06:02 - [TEST_STEP][PASSED] - PROCESS_NAME = "Automation Test": null

21-05-2025T14:06:02 - [TEST_STEP][PASSED] - TO_DAY = SimpleDateFormat(dd/MM/yyyy).format(new java.util.Date()): null

21-05-2025T14:06:02 - [TEST_STEP][PASSED] - auto5 = DataTest.getUserTest5(): null

21-05-2025T14:06:02 - [TEST_STEP][PASSED] - auto6 = DataTest.getUserTest6(): null

21-05-2025T14:06:02 - [TEST_STEP][PASSED] - auto7 = DataTest.getUserTest7(): null

21-05-2025T14:06:02 - [TEST_STEP][PASSED] - auto8 = DataTest.getUserTest8(): null

21-05-2025T14:06:02 - [TEST_STEP][PASSED] - document = DataTest.createDocumentTest(auto5, auto6, auto7, "dummy.pdf", "dummy.pdf"): null

21-05-2025T14:06:02 - [TEST_STEP][PASSED] - loginScreen.login(auto5): null

21-05-2025T14:06:12 - [TEST_STEP][PASSED] - homeScreen.openRequestList(): null

21-05-2025T14:06:13 - [TEST_STEP][PASSED] - homeScreen.createRequest(REQUEST_NAME): null

21-05-2025T14:06:15 - [TEST_STEP][ERROR] - pdfSignScreen.fillInTitle(title): Test Cases/IPAPER APP/060 DINH NGHIA QUY TRINH CO SAN FAILED.
Reason:
org.openqa.selenium.TimeoutException: Expected condition failed: waiting for base.BaseKeyword$Trait$Helper$_waitForPresentOf_closure1@6d337a74 (tried for 30 second(s) with 500 milliseconds interval)
Build info: version: '3.141.59', revision: 'unknown', time: 'unknown'
System info: host: 'Cuong-Mac.local', ip: 'fe80:0:0:0:c43:6797:ebf2:3aad%en0', os.name: 'Mac OS X', os.arch: 'aarch64', os.version: '15.5', java.version: '17.0.7'
Driver info: io.appium.java_client.ios.IOSDriver
Capabilities {automationName: XCUITest, browserName: , databaseEnabled: false, fullReset: false, javascriptEnabled: true, locationContextEnabled: false, networkConnectionEnabled: false, noReset: true, platform: MAC, platformName: iOS, platformVersion: 18.4, takesScreenshot: true, udid: 00008110-000C10543443801E, webStorageEnabled: false}
Session ID: 01bfc3c6-5e13-4dc5-a0a0-9b9b6acbce73
	at org.openqa.selenium.support.ui.WebDriverWait.timeoutException(WebDriverWait.java:95)
	at org.openqa.selenium.support.ui.FluentWait.until(FluentWait.java:272)
	at base.BaseKeyword$Trait$Helper.waitForPresentOf(BaseKeyword.groovy:341)
	at screens.PDFSignScreen.waitForPresentOf(PDFSignScreen.groovy)
	at screens.PDFSignScreen.fillInTitle(PDFSignScreen.groovy:59)
	at 060 DINH NGHIA QUY TRINH CO SAN.run(060 DINH NGHIA QUY TRINH CO SAN:31)
	at com.kms.katalon.core.main.ScriptEngine.run(ScriptEngine.java:194)
	at com.kms.katalon.core.main.ScriptEngine.runScriptAsRawText(ScriptEngine.java:119)
	at com.kms.katalon.core.main.TestCaseExecutor.runScript(TestCaseExecutor.java:448)
	at com.kms.katalon.core.main.TestCaseExecutor.doExecute(TestCaseExecutor.java:439)
	at com.kms.katalon.core.main.TestCaseExecutor.processExecutionPhase(TestCaseExecutor.java:418)
	at com.kms.katalon.core.main.TestCaseExecutor.accessMainPhase(TestCaseExecutor.java:410)
	at com.kms.katalon.core.main.TestCaseExecutor.execute(TestCaseExecutor.java:285)
	at com.kms.katalon.core.common.CommonExecutor.accessTestCaseMainPhase(CommonExecutor.java:65)
	at com.kms.katalon.core.main.TestSuiteExecutor.accessTestSuiteMainPhase(TestSuiteExecutor.java:150)
	at com.kms.katalon.core.main.TestSuiteExecutor.execute(TestSuiteExecutor.java:106)
	at com.kms.katalon.core.main.TestCaseMain.startTestSuite(TestCaseMain.java:180)
	at TempTestSuite1747808312062.run(TempTestSuite1747808312062.groovy:35)
	at java.base/jdk.internal.reflect.NativeMethodAccessorImpl.invoke0(Native Method)
	at java.base/jdk.internal.reflect.NativeMethodAccessorImpl.invoke(NativeMethodAccessorImpl.java:77)
	at java.base/jdk.internal.reflect.DelegatingMethodAccessorImpl.invoke(DelegatingMethodAccessorImpl.java:43)


21-05-2025T14:06:48 - [MESSAGE][ERROR] - Test Cases/IPAPER APP/060 DINH NGHIA QUY TRINH CO SAN FAILED.
Reason:
org.openqa.selenium.TimeoutException: Expected condition failed: waiting for base.BaseKeyword$Trait$Helper$_waitForPresentOf_closure1@6d337a74 (tried for 30 second(s) with 500 milliseconds interval)
Build info: version: '3.141.59', revision: 'unknown', time: 'unknown'
System info: host: 'Cuong-Mac.local', ip: 'fe80:0:0:0:c43:6797:ebf2:3aad%en0', os.name: 'Mac OS X', os.arch: 'aarch64', os.version: '15.5', java.version: '17.0.7'
Driver info: io.appium.java_client.ios.IOSDriver
Capabilities {automationName: XCUITest, browserName: , databaseEnabled: false, fullReset: false, javascriptEnabled: true, locationContextEnabled: false, networkConnectionEnabled: false, noReset: true, platform: MAC, platformName: iOS, platformVersion: 18.4, takesScreenshot: true, udid: 00008110-000C10543443801E, webStorageEnabled: false}
Session ID: 01bfc3c6-5e13-4dc5-a0a0-9b9b6acbce73
	at org.openqa.selenium.support.ui.WebDriverWait.timeoutException(WebDriverWait.java:95)
	at org.openqa.selenium.support.ui.FluentWait.until(FluentWait.java:272)
	at base.BaseKeyword$Trait$Helper.waitForPresentOf(BaseKeyword.groovy:341)
	at screens.PDFSignScreen.waitForPresentOf(PDFSignScreen.groovy)
	at screens.PDFSignScreen.fillInTitle(PDFSignScreen.groovy:59)
	at 060 DINH NGHIA QUY TRINH CO SAN.run(060 DINH NGHIA QUY TRINH CO SAN:31)
	at com.kms.katalon.core.main.ScriptEngine.run(ScriptEngine.java:194)
	at com.kms.katalon.core.main.ScriptEngine.runScriptAsRawText(ScriptEngine.java:119)
	at com.kms.katalon.core.main.TestCaseExecutor.runScript(TestCaseExecutor.java:448)
	at com.kms.katalon.core.main.TestCaseExecutor.doExecute(TestCaseExecutor.java:439)
	at com.kms.katalon.core.main.TestCaseExecutor.processExecutionPhase(TestCaseExecutor.java:418)
	at com.kms.katalon.core.main.TestCaseExecutor.accessMainPhase(TestCaseExecutor.java:410)
	at com.kms.katalon.core.main.TestCaseExecutor.execute(TestCaseExecutor.java:285)
	at com.kms.katalon.core.common.CommonExecutor.accessTestCaseMainPhase(CommonExecutor.java:65)
	at com.kms.katalon.core.main.TestSuiteExecutor.accessTestSuiteMainPhase(TestSuiteExecutor.java:150)
	at com.kms.katalon.core.main.TestSuiteExecutor.execute(TestSuiteExecutor.java:106)
	at com.kms.katalon.core.main.TestCaseMain.startTestSuite(TestCaseMain.java:180)
	at TempTestSuite1747808312062.run(TempTestSuite1747808312062.groovy:35)
	at java.base/jdk.internal.reflect.NativeMethodAccessorImpl.invoke0(Native Method)
	at java.base/jdk.internal.reflect.NativeMethodAccessorImpl.invoke(NativeMethodAccessorImpl.java:77)
	at java.base/jdk.internal.reflect.DelegatingMethodAccessorImpl.invoke(DelegatingMethodAccessorImpl.java:43)


21-05-2025T14:06:48 - [TEST_STEP][PASSED] - Start listener action : afterTest: null

21-05-2025T14:06:48 - [TEST_STEP][PASSED] - if (testCaseStatus != "PASSED"): Screenshot is taken

21-05-2025T14:06:48 - [TEST_STEP][PASSED] - takeScreenshot(ErrorScreen/$GlobalVariable.PLATFORM/$testCaseContext.getTestCaseId().png): Screenshot is taken

21-05-2025T14:06:48 - [MESSAGE][PASSED] - Screenshot is taken
[[ATTACHMENT|ErrorScreen/iOS/Test Cases/IPAPER APP/060 DINH NGHIA QUY TRINH CO SAN.png]]

21-05-2025T14:06:48 - [TEST_STEP][PASSED] - drivers.Driver.closeApp(): drivers.Driver.closeApp is PASSED

21-05-2025T14:06:49 - [MESSAGE][PASSED] - drivers.Driver.closeApp is PASSED

21-05-2025T14:06:49 - [TEST_STEP][PASSED] - if (tsContext == null): null]]></system-out>
         <system-err><![CDATA[21-05-2025T14:06:00 - [TEST_CASE][ERROR] - Test Cases/IPAPER APP/060 DINH NGHIA QUY TRINH CO SAN: Test Cases/IPAPER APP/060 DINH NGHIA QUY TRINH CO SAN FAILED.
Reason:
org.openqa.selenium.TimeoutException: Expected condition failed: waiting for base.BaseKeyword$Trait$Helper$_waitForPresentOf_closure1@6d337a74 (tried for 30 second(s) with 500 milliseconds interval)
Build info: version: '3.141.59', revision: 'unknown', time: 'unknown'
System info: host: 'Cuong-Mac.local', ip: 'fe80:0:0:0:c43:6797:ebf2:3aad%en0', os.name: 'Mac OS X', os.arch: 'aarch64', os.version: '15.5', java.version: '17.0.7'
Driver info: io.appium.java_client.ios.IOSDriver
Capabilities {automationName: XCUITest, browserName: , databaseEnabled: false, fullReset: false, javascriptEnabled: true, locationContextEnabled: false, networkConnectionEnabled: false, noReset: true, platform: MAC, platformName: iOS, platformVersion: 18.4, takesScreenshot: true, udid: 00008110-000C10543443801E, webStorageEnabled: false}
Session ID: 01bfc3c6-5e13-4dc5-a0a0-9b9b6acbce73
	at org.openqa.selenium.support.ui.WebDriverWait.timeoutException(WebDriverWait.java:95)
	at org.openqa.selenium.support.ui.FluentWait.until(FluentWait.java:272)
	at base.BaseKeyword$Trait$Helper.waitForPresentOf(BaseKeyword.groovy:341)
	at screens.PDFSignScreen.waitForPresentOf(PDFSignScreen.groovy)
	at screens.PDFSignScreen.fillInTitle(PDFSignScreen.groovy:59)
	at 060 DINH NGHIA QUY TRINH CO SAN.run(060 DINH NGHIA QUY TRINH CO SAN:31)
	at com.kms.katalon.core.main.ScriptEngine.run(ScriptEngine.java:194)
	at com.kms.katalon.core.main.ScriptEngine.runScriptAsRawText(ScriptEngine.java:119)
	at com.kms.katalon.core.main.TestCaseExecutor.runScript(TestCaseExecutor.java:448)
	at com.kms.katalon.core.main.TestCaseExecutor.doExecute(TestCaseExecutor.java:439)
	at com.kms.katalon.core.main.TestCaseExecutor.processExecutionPhase(TestCaseExecutor.java:418)
	at com.kms.katalon.core.main.TestCaseExecutor.accessMainPhase(TestCaseExecutor.java:410)
	at com.kms.katalon.core.main.TestCaseExecutor.execute(TestCaseExecutor.java:285)
	at com.kms.katalon.core.common.CommonExecutor.accessTestCaseMainPhase(CommonExecutor.java:65)
	at com.kms.katalon.core.main.TestSuiteExecutor.accessTestSuiteMainPhase(TestSuiteExecutor.java:150)
	at com.kms.katalon.core.main.TestSuiteExecutor.execute(TestSuiteExecutor.java:106)
	at com.kms.katalon.core.main.TestCaseMain.startTestSuite(TestCaseMain.java:180)
	at TempTestSuite1747808312062.run(TempTestSuite1747808312062.groovy:35)
	at java.base/jdk.internal.reflect.NativeMethodAccessorImpl.invoke0(Native Method)
	at java.base/jdk.internal.reflect.NativeMethodAccessorImpl.invoke(NativeMethodAccessorImpl.java:77)
	at java.base/jdk.internal.reflect.DelegatingMethodAccessorImpl.invoke(DelegatingMethodAccessorImpl.java:43)]]></system-err>
      </testcase>
      <testcase name="Test Cases/IPAPER APP/031 HOAN TAT HO SO" time="263.439" classname="Test Cases/IPAPER APP/031 HOAN TAT HO SO" status="FAILED">
         <failure type="FAILED" message="Test Cases/IPAPER APP/031 HOAN TAT HO SO FAILED.&#xa;Reason:&#xa;com.kms.katalon.core.exception.StepFailedException: Verify equals GUI: Đã duyệt - DATA: Đã hoàn thành&#xa;	at com.kms.katalon.core.util.KeywordUtil.markFailed(KeywordUtil.java:19)&#xa;	at utilities.AssertUtilities.logResult(AssertUtilities.groovy:30)&#xa;	at utilities.AssertUtilities.checkEquals(AssertUtilities.groovy:11)&#xa;	at screens.DocumentInformationScreen.checkStatus(DocumentInformationScreen.groovy:122)&#xa;	at 031 HOAN TAT HO SO.run(031 HOAN TAT HO SO:128)&#xa;	at com.kms.katalon.core.main.ScriptEngine.run(ScriptEngine.java:194)&#xa;	at com.kms.katalon.core.main.ScriptEngine.runScriptAsRawText(ScriptEngine.java:119)&#xa;	at com.kms.katalon.core.main.TestCaseExecutor.runScript(TestCaseExecutor.java:448)&#xa;	at com.kms.katalon.core.main.TestCaseExecutor.doExecute(TestCaseExecutor.java:439)&#xa;	at com.kms.katalon.core.main.TestCaseExecutor.processExecutionPhase(TestCaseExecutor.java:418)&#xa;	at com.kms.katalon.core.main.TestCaseExecutor.accessMainPhase(TestCaseExecutor.java:410)&#xa;	at com.kms.katalon.core.main.TestCaseExecutor.execute(TestCaseExecutor.java:285)&#xa;	at com.kms.katalon.core.common.CommonExecutor.accessTestCaseMainPhase(CommonExecutor.java:65)&#xa;	at com.kms.katalon.core.main.TestSuiteExecutor.accessTestSuiteMainPhase(TestSuiteExecutor.java:150)&#xa;	at com.kms.katalon.core.main.TestSuiteExecutor.execute(TestSuiteExecutor.java:106)&#xa;	at com.kms.katalon.core.main.TestCaseMain.startTestSuite(TestCaseMain.java:180)&#xa;	at TempTestSuite1747808312062.run(TempTestSuite1747808312062.groovy:35)&#xa;	at java.base/jdk.internal.reflect.NativeMethodAccessorImpl.invoke0(Native Method)&#xa;	at java.base/jdk.internal.reflect.NativeMethodAccessorImpl.invoke(NativeMethodAccessorImpl.java:77)&#xa;	at java.base/jdk.internal.reflect.DelegatingMethodAccessorImpl.invoke(DelegatingMethodAccessorImpl.java:43)&#xa;"/>
         <system-out><![CDATA[21-05-2025T14:06:49 - [TEST_CASE][FAILED] - Test Cases/IPAPER APP/031 HOAN TAT HO SO: Test Cases/IPAPER APP/031 HOAN TAT HO SO FAILED.
Reason:
com.kms.katalon.core.exception.StepFailedException: Verify equals GUI: Đã duyệt - DATA: Đã hoàn thành
	at com.kms.katalon.core.util.KeywordUtil.markFailed(KeywordUtil.java:19)
	at utilities.AssertUtilities.logResult(AssertUtilities.groovy:30)
	at utilities.AssertUtilities.checkEquals(AssertUtilities.groovy:11)
	at screens.DocumentInformationScreen.checkStatus(DocumentInformationScreen.groovy:122)
	at 031 HOAN TAT HO SO.run(031 HOAN TAT HO SO:128)
	at com.kms.katalon.core.main.ScriptEngine.run(ScriptEngine.java:194)
	at com.kms.katalon.core.main.ScriptEngine.runScriptAsRawText(ScriptEngine.java:119)
	at com.kms.katalon.core.main.TestCaseExecutor.runScript(TestCaseExecutor.java:448)
	at com.kms.katalon.core.main.TestCaseExecutor.doExecute(TestCaseExecutor.java:439)
	at com.kms.katalon.core.main.TestCaseExecutor.processExecutionPhase(TestCaseExecutor.java:418)
	at com.kms.katalon.core.main.TestCaseExecutor.accessMainPhase(TestCaseExecutor.java:410)
	at com.kms.katalon.core.main.TestCaseExecutor.execute(TestCaseExecutor.java:285)
	at com.kms.katalon.core.common.CommonExecutor.accessTestCaseMainPhase(CommonExecutor.java:65)
	at com.kms.katalon.core.main.TestSuiteExecutor.accessTestSuiteMainPhase(TestSuiteExecutor.java:150)
	at com.kms.katalon.core.main.TestSuiteExecutor.execute(TestSuiteExecutor.java:106)
	at com.kms.katalon.core.main.TestCaseMain.startTestSuite(TestCaseMain.java:180)
	at TempTestSuite1747808312062.run(TempTestSuite1747808312062.groovy:35)
	at java.base/jdk.internal.reflect.NativeMethodAccessorImpl.invoke0(Native Method)
	at java.base/jdk.internal.reflect.NativeMethodAccessorImpl.invoke(NativeMethodAccessorImpl.java:77)
	at java.base/jdk.internal.reflect.DelegatingMethodAccessorImpl.invoke(DelegatingMethodAccessorImpl.java:43)


21-05-2025T14:06:49 - [TEST_STEP][PASSED] - Start listener action : beforeTest: drivers.Driver.openApp is PASSED

21-05-2025T14:06:49 - [TEST_STEP][PASSED] - DataTest.init(): null

21-05-2025T14:06:49 - [TEST_STEP][PASSED] - testCaseId = split("/").last(): null

21-05-2025T14:06:49 - [TEST_STEP][PASSED] - if (!(drivers.Driver.isAppiumRunning())): drivers.Driver.isAppiumRunning is PASSED

21-05-2025T14:06:49 - [MESSAGE][INFO] - Appium running: true

21-05-2025T14:06:49 - [MESSAGE][PASSED] - drivers.Driver.isAppiumRunning is PASSED

21-05-2025T14:06:49 - [TEST_STEP][PASSED] - if (driver == null || driver.getSessionId() == null): null

21-05-2025T14:06:49 - [TEST_STEP][PASSED] - drivers.Driver.openApp(): drivers.Driver.openApp is PASSED

21-05-2025T14:06:51 - [MESSAGE][PASSED] - drivers.Driver.openApp is PASSED

21-05-2025T14:06:51 - [TEST_STEP][PASSED] - REQUEST_NAME = "Trình ký PDF có sẵn": null

21-05-2025T14:06:51 - [TEST_STEP][PASSED] - COMMENT = "Commented by automation team": null

21-05-2025T14:06:51 - [TEST_STEP][PASSED] - auto5 = DataTest.getUserTest5(): null

21-05-2025T14:06:51 - [TEST_STEP][PASSED] - auto6 = DataTest.getUserTest6(): null

21-05-2025T14:06:51 - [TEST_STEP][PASSED] - auto7 = DataTest.getUserTest7(): null

21-05-2025T14:06:51 - [TEST_STEP][PASSED] - auto8 = DataTest.getUserTest8(): null

21-05-2025T14:06:51 - [TEST_STEP][PASSED] - document = DataTest.createDocumentTest(auto5, auto6, null, "dummy.pdf", "dummy.pdf"): null

21-05-2025T14:06:51 - [TEST_STEP][PASSED] - loginScreen.login(auto5): null

21-05-2025T14:07:01 - [TEST_STEP][PASSED] - homeScreen.openRequestList(): null

21-05-2025T14:07:02 - [TEST_STEP][PASSED] - homeScreen.createRequest(REQUEST_NAME): null

21-05-2025T14:07:05 - [TEST_STEP][PASSED] - pdfSignScreen.fillInTitle(document.getTitle()): null

21-05-2025T14:07:10 - [TEST_STEP][PASSED] - pdfSignScreen.selectPriority(document.getPriority()): null

21-05-2025T14:07:14 - [TEST_STEP][PASSED] - pdfSignScreen.selectTime(document.getTime()): null

21-05-2025T14:07:23 - [TEST_STEP][PASSED] - pdfSignScreen.fillInDescription(document.getDescription()): null

21-05-2025T14:07:26 - [TEST_STEP][PASSED] - pdfSignScreen.selectAssigner(getAssigner().getEmail()): null

21-05-2025T14:07:39 - [TEST_STEP][PASSED] - pdfSignScreen.openMainFileBrowser(): null

21-05-2025T14:07:41 - [TEST_STEP][PASSED] - fileBrowserScreen.attachFile(document.getMainFileName()): null

21-05-2025T14:07:51 - [TEST_STEP][PASSED] - pdfSignScreen.openSubFileBrowser(): null

21-05-2025T14:07:53 - [TEST_STEP][PASSED] - fileBrowserScreen.attachFile(document.getSubFileName()): null

21-05-2025T14:08:01 - [TEST_STEP][PASSED] - pdfSignScreen.performAction(SEND_APPROVE): null

21-05-2025T14:08:04 - [TEST_STEP][PASSED] - pdfSignScreen.fillInOpinion(document.getComment()): null

21-05-2025T14:08:07 - [TEST_STEP][PASSED] - pdfSignScreen.submitRequest(): null

21-05-2025T14:08:16 - [TEST_STEP][PASSED] - documentInformationScreen.backToHome(): null

21-05-2025T14:08:17 - [TEST_STEP][PASSED] - homeScreen.logout(): null

21-05-2025T14:08:26 - [TEST_STEP][PASSED] - document.setStatus(WAIT_APPROVE): null

21-05-2025T14:08:26 - [TEST_STEP][PASSED] - document.setAssigner(auto5): null

21-05-2025T14:08:26 - [TEST_STEP][PASSED] - loginScreen.login(auto6): null

21-05-2025T14:08:36 - [TEST_STEP][PASSED] - homeScreen.goToIncomingDocument(): null

21-05-2025T14:08:36 - [TEST_STEP][PASSED] - inComingDocument.viewMainFile(document): View main file document: Trình ký 1747811211449

21-05-2025T14:08:36 - [MESSAGE][INFO] - View main file document: Trình ký 1747811211449

21-05-2025T14:08:49 - [TEST_STEP][PASSED] - document.setSender(auto6): null

21-05-2025T14:08:49 - [TEST_STEP][PASSED] - documentInformationScreen.performAction(document, APPROVE, COMMENT): null

21-05-2025T14:08:59 - [TEST_STEP][PASSED] - documentInformationScreen.backToHome(): null

21-05-2025T14:09:04 - [TEST_STEP][PASSED] - inComingDocument.checkItemInDocument(): null

21-05-2025T14:09:04 - [TEST_STEP][PASSED] - homeScreen.goToOutComingDocument(): null

21-05-2025T14:09:13 - [TEST_STEP][PASSED] - outComingDocument.viewInformationDocument(document): null

21-05-2025T14:09:22 - [TEST_STEP][PASSED] - documentInformationScreen.checkDocumentTitle(document): Verify equals GUI: Trình ký 1747811211449 - DATA: Trình ký 1747811211449

21-05-2025T14:09:28 - [MESSAGE][PASSED] - Verify equals GUI: Trình ký 1747811211449 - DATA: Trình ký 1747811211449

21-05-2025T14:09:28 - [TEST_STEP][PASSED] - documentInformationScreen.checkSender(document): Verify equals GUI: Auto Test User 6 - DATA: Auto Test User 6

21-05-2025T14:09:28 - [MESSAGE][PASSED] - Verify equals GUI: Auto Test User 6 - DATA: Auto Test User 6

21-05-2025T14:09:28 - [TEST_STEP][PASSED] - documentInformationScreen.checkStatus(document): Verify equals GUI: Đã duyệt - DATA: Đã duyệt

21-05-2025T14:09:29 - [MESSAGE][PASSED] - Verify equals GUI: Đã duyệt - DATA: Đã duyệt

21-05-2025T14:09:29 - [TEST_STEP][PASSED] - documentInformationScreen.checkCreateDate(): Verify equals GUI: 21/05/2025 - DATA: 21/05/2025

21-05-2025T14:09:29 - [MESSAGE][PASSED] - Verify equals GUI: 21/05/2025 - DATA: 21/05/2025

21-05-2025T14:09:29 - [TEST_STEP][PASSED] - documentInformationScreen.checkFinishDate(document): Verify equals GUI: 22/05/2025 - DATA: 22/05/2025

21-05-2025T14:09:30 - [MESSAGE][PASSED] - Verify equals GUI: 22/05/2025 - DATA: 22/05/2025

21-05-2025T14:09:30 - [TEST_STEP][PASSED] - documentInformationScreen.checkPriority(document): Verify equals GUI: Bình thường - DATA: Bình thường

21-05-2025T14:09:30 - [MESSAGE][PASSED] - Verify equals GUI: Bình thường - DATA: Bình thường

21-05-2025T14:09:30 - [TEST_STEP][PASSED] - documentInformationScreen.checkDescription(document): Verify equals GUI: 031 HOAN TAT HO SO - DATA: 031 HOAN TAT HO SO

21-05-2025T14:09:31 - [MESSAGE][PASSED] - Verify equals GUI: 031 HOAN TAT HO SO - DATA: 031 HOAN TAT HO SO

21-05-2025T14:09:31 - [TEST_STEP][PASSED] - documentInformationScreen.checkAssigner(document): Verify contains GUI: Auto Test User 5 (auto5@hdbank.com.vn) - DATA: auto5@hdbank.com.vn

21-05-2025T14:09:34 - [MESSAGE][PASSED] - Verify contains GUI: Auto Test User 5 (auto5@hdbank.com.vn) - DATA: auto5@hdbank.com.vn

21-05-2025T14:09:34 - [TEST_STEP][PASSED] - documentInformationScreen.checkPresentFileName(document): Verify contains GUI: dummy_20250521140756.ozd - DATA: dummy

21-05-2025T14:09:36 - [MESSAGE][PASSED] - Verify contains GUI: dummy_20250521140756.ozd - DATA: dummy

21-05-2025T14:09:36 - [TEST_STEP][PASSED] - documentInformationScreen.checkAttachFileName(document): Expected true condition

21-05-2025T14:09:39 - [MESSAGE][PASSED] - Expected true condition

21-05-2025T14:09:39 - [TEST_STEP][PASSED] - documentInformationScreen.checkComment(auto6, COMMENT): Check comment of Auto Test User 6 is Commented by automation team

21-05-2025T14:09:41 - [MESSAGE][INFO] - GUI COMMENT: Commented by automation team - DATA COMMENT: Commented by automation team

21-05-2025T14:09:41 - [MESSAGE][PASSED] - Check comment of Auto Test User 6 is Commented by automation team

21-05-2025T14:09:41 - [TEST_STEP][PASSED] - documentInformationScreen.backToHome(): null

21-05-2025T14:09:50 - [TEST_STEP][PASSED] - inComingDocument.checkItemInDocument(): null

21-05-2025T14:09:50 - [TEST_STEP][PASSED] - documentInformationScreen.backToHome(): null

21-05-2025T14:09:51 - [TEST_STEP][PASSED] - homeScreen.logout(): null

21-05-2025T14:10:00 - [TEST_STEP][PASSED] - loginScreen.login(auto5): null

21-05-2025T14:10:10 - [TEST_STEP][PASSED] - homeScreen.goToOutComingDocument(): null

21-05-2025T14:10:19 - [TEST_STEP][PASSED] - outComingDocument.viewInformationDocument(document): null

21-05-2025T14:10:27 - [TEST_STEP][PASSED] - documentInformationScreen.performAction(document, COMPLETE): null

21-05-2025T14:10:35 - [TEST_STEP][PASSED] - outComingDocument.loadDataResult(): null

21-05-2025T14:10:40 - [TEST_STEP][PASSED] - outComingDocument.viewInformationDocument(document): null

21-05-2025T14:10:50 - [TEST_STEP][PASSED] - documentInformationScreen.checkDocumentTitle(document): Verify equals GUI: Trình ký 1747811211449 - DATA: Trình ký 1747811211449

21-05-2025T14:10:57 - [MESSAGE][PASSED] - Verify equals GUI: Trình ký 1747811211449 - DATA: Trình ký 1747811211449

21-05-2025T14:10:57 - [TEST_STEP][PASSED] - documentInformationScreen.checkSender(document): Verify equals GUI: Auto Test User 6 - DATA: Auto Test User 6

21-05-2025T14:10:58 - [MESSAGE][PASSED] - Verify equals GUI: Auto Test User 6 - DATA: Auto Test User 6

21-05-2025T14:10:58 - [TEST_STEP][FAILED] - documentInformationScreen.checkStatus(document): Verify equals GUI: Đã duyệt - DATA: Đã hoàn thành

21-05-2025T14:10:58 - [MESSAGE][FAILED] - Verify equals GUI: Đã duyệt - DATA: Đã hoàn thành

21-05-2025T14:10:58 - [TEST_STEP][PASSED] - documentInformationScreen.checkCreateDate(): Verify equals GUI: 21/05/2025 - DATA: 21/05/2025

21-05-2025T14:10:59 - [MESSAGE][PASSED] - Verify equals GUI: 21/05/2025 - DATA: 21/05/2025

21-05-2025T14:10:59 - [TEST_STEP][PASSED] - documentInformationScreen.checkFinishDate(document): Verify equals GUI: 22/05/2025 - DATA: 22/05/2025

21-05-2025T14:10:59 - [MESSAGE][PASSED] - Verify equals GUI: 22/05/2025 - DATA: 22/05/2025

21-05-2025T14:10:59 - [TEST_STEP][PASSED] - documentInformationScreen.checkPriority(document): Verify equals GUI: Bình thường - DATA: Bình thường

21-05-2025T14:11:00 - [MESSAGE][PASSED] - Verify equals GUI: Bình thường - DATA: Bình thường

21-05-2025T14:11:00 - [TEST_STEP][PASSED] - documentInformationScreen.checkDescription(document): Verify equals GUI: 031 HOAN TAT HO SO - DATA: 031 HOAN TAT HO SO

21-05-2025T14:11:00 - [MESSAGE][PASSED] - Verify equals GUI: 031 HOAN TAT HO SO - DATA: 031 HOAN TAT HO SO

21-05-2025T14:11:00 - [TEST_STEP][PASSED] - documentInformationScreen.isAssignerDisplayed(): Check sender not displayed

21-05-2025T14:11:03 - [MESSAGE][PASSED] - Check sender not displayed

21-05-2025T14:11:03 - [TEST_STEP][PASSED] - documentInformationScreen.checkPresentFileName(document): Verify contains GUI: dummy_20250521140756.ozd - DATA: dummy

21-05-2025T14:11:05 - [MESSAGE][PASSED] - Verify contains GUI: dummy_20250521140756.ozd - DATA: dummy

21-05-2025T14:11:05 - [TEST_STEP][PASSED] - documentInformationScreen.checkAttachFileName(document): Expected true condition

21-05-2025T14:11:09 - [MESSAGE][PASSED] - Expected true condition

21-05-2025T14:11:09 - [TEST_STEP][PASSED] - documentInformationScreen.checkComment(auto6, COMMENT): Check comment of Auto Test User 6 is Commented by automation team

21-05-2025T14:11:11 - [MESSAGE][INFO] - GUI COMMENT: Commented by automation team - DATA COMMENT: Commented by automation team

21-05-2025T14:11:11 - [MESSAGE][PASSED] - Check comment of Auto Test User 6 is Commented by automation team

21-05-2025T14:11:11 - [TEST_STEP][PASSED] - Start listener action : afterTest: null

21-05-2025T14:11:11 - [TEST_STEP][PASSED] - if (testCaseStatus != "PASSED"): Screenshot is taken

21-05-2025T14:11:11 - [TEST_STEP][PASSED] - takeScreenshot(ErrorScreen/$GlobalVariable.PLATFORM/$testCaseContext.getTestCaseId().png): Screenshot is taken

21-05-2025T14:11:11 - [MESSAGE][PASSED] - Screenshot is taken
[[ATTACHMENT|ErrorScreen/iOS/Test Cases/IPAPER APP/031 HOAN TAT HO SO.png]]

21-05-2025T14:11:11 - [TEST_STEP][PASSED] - drivers.Driver.closeApp(): drivers.Driver.closeApp is PASSED

21-05-2025T14:11:12 - [MESSAGE][PASSED] - drivers.Driver.closeApp is PASSED

21-05-2025T14:11:12 - [TEST_STEP][PASSED] - if (tsContext == null): null]]></system-out>
         <system-err><![CDATA[21-05-2025T14:06:49 - [TEST_CASE][FAILED] - Test Cases/IPAPER APP/031 HOAN TAT HO SO: Test Cases/IPAPER APP/031 HOAN TAT HO SO FAILED.
Reason:
com.kms.katalon.core.exception.StepFailedException: Verify equals GUI: Đã duyệt - DATA: Đã hoàn thành
	at com.kms.katalon.core.util.KeywordUtil.markFailed(KeywordUtil.java:19)
	at utilities.AssertUtilities.logResult(AssertUtilities.groovy:30)
	at utilities.AssertUtilities.checkEquals(AssertUtilities.groovy:11)
	at screens.DocumentInformationScreen.checkStatus(DocumentInformationScreen.groovy:122)
	at 031 HOAN TAT HO SO.run(031 HOAN TAT HO SO:128)
	at com.kms.katalon.core.main.ScriptEngine.run(ScriptEngine.java:194)
	at com.kms.katalon.core.main.ScriptEngine.runScriptAsRawText(ScriptEngine.java:119)
	at com.kms.katalon.core.main.TestCaseExecutor.runScript(TestCaseExecutor.java:448)
	at com.kms.katalon.core.main.TestCaseExecutor.doExecute(TestCaseExecutor.java:439)
	at com.kms.katalon.core.main.TestCaseExecutor.processExecutionPhase(TestCaseExecutor.java:418)
	at com.kms.katalon.core.main.TestCaseExecutor.accessMainPhase(TestCaseExecutor.java:410)
	at com.kms.katalon.core.main.TestCaseExecutor.execute(TestCaseExecutor.java:285)
	at com.kms.katalon.core.common.CommonExecutor.accessTestCaseMainPhase(CommonExecutor.java:65)
	at com.kms.katalon.core.main.TestSuiteExecutor.accessTestSuiteMainPhase(TestSuiteExecutor.java:150)
	at com.kms.katalon.core.main.TestSuiteExecutor.execute(TestSuiteExecutor.java:106)
	at com.kms.katalon.core.main.TestCaseMain.startTestSuite(TestCaseMain.java:180)
	at TempTestSuite1747808312062.run(TempTestSuite1747808312062.groovy:35)
	at java.base/jdk.internal.reflect.NativeMethodAccessorImpl.invoke0(Native Method)
	at java.base/jdk.internal.reflect.NativeMethodAccessorImpl.invoke(NativeMethodAccessorImpl.java:77)
	at java.base/jdk.internal.reflect.DelegatingMethodAccessorImpl.invoke(DelegatingMethodAccessorImpl.java:43)]]></system-err>
      </testcase>
      <testcase name="Test Cases/IPAPER APP/038 LAY Y KIEN NHANH_NHAP Y KIEN" time="176.963" classname="Test Cases/IPAPER APP/038 LAY Y KIEN NHANH_NHAP Y KIEN" status="ERROR">
         <error type="ERROR" message="Test Cases/IPAPER APP/038 LAY Y KIEN NHANH_NHAP Y KIEN FAILED.&#xa;Reason:&#xa;org.openqa.selenium.TimeoutException: Expected condition failed: waiting for base.BaseKeyword$Trait$Helper$_waitForPresentOf_closure1@62a4b1b3 (tried for 30 second(s) with 500 milliseconds interval)&#xa;Build info: version: '3.141.59', revision: 'unknown', time: 'unknown'&#xa;System info: host: 'Cuong-Mac.local', ip: 'fe80:0:0:0:c43:6797:ebf2:3aad%en0', os.name: 'Mac OS X', os.arch: 'aarch64', os.version: '15.5', java.version: '17.0.7'&#xa;Driver info: io.appium.java_client.ios.IOSDriver&#xa;Capabilities {automationName: XCUITest, browserName: , databaseEnabled: false, fullReset: false, javascriptEnabled: true, locationContextEnabled: false, networkConnectionEnabled: false, noReset: true, platform: MAC, platformName: iOS, platformVersion: 18.4, takesScreenshot: true, udid: 00008110-000C10543443801E, webStorageEnabled: false}&#xa;Session ID: 01bfc3c6-5e13-4dc5-a0a0-9b9b6acbce73&#xa;	at org.openqa.selenium.support.ui.WebDriverWait.timeoutException(WebDriverWait.java:95)&#xa;	at org.openqa.selenium.support.ui.FluentWait.until(FluentWait.java:272)&#xa;	at base.BaseKeyword$Trait$Helper.waitForPresentOf(BaseKeyword.groovy:341)&#xa;	at screens.IncomingDocumentScreen.waitForPresentOf(IncomingDocumentScreen.groovy)&#xa;	at screens.IncomingDocumentScreen.performAction(IncomingDocumentScreen.groovy:110)&#xa;	at 038 LAY Y KIEN NHANH_NHAP Y KIEN.run(038 LAY Y KIEN NHANH_NHAP Y KIEN:94)&#xa;	at com.kms.katalon.core.main.ScriptEngine.run(ScriptEngine.java:194)&#xa;	at com.kms.katalon.core.main.ScriptEngine.runScriptAsRawText(ScriptEngine.java:119)&#xa;	at com.kms.katalon.core.main.TestCaseExecutor.runScript(TestCaseExecutor.java:448)&#xa;	at com.kms.katalon.core.main.TestCaseExecutor.doExecute(TestCaseExecutor.java:439)&#xa;	at com.kms.katalon.core.main.TestCaseExecutor.processExecutionPhase(TestCaseExecutor.java:418)&#xa;	at com.kms.katalon.core.main.TestCaseExecutor.accessMainPhase(TestCaseExecutor.java:410)&#xa;	at com.kms.katalon.core.main.TestCaseExecutor.execute(TestCaseExecutor.java:285)&#xa;	at com.kms.katalon.core.common.CommonExecutor.accessTestCaseMainPhase(CommonExecutor.java:65)&#xa;	at com.kms.katalon.core.main.TestSuiteExecutor.accessTestSuiteMainPhase(TestSuiteExecutor.java:150)&#xa;	at com.kms.katalon.core.main.TestSuiteExecutor.execute(TestSuiteExecutor.java:106)&#xa;	at com.kms.katalon.core.main.TestCaseMain.startTestSuite(TestCaseMain.java:180)&#xa;	at TempTestSuite1747808312062.run(TempTestSuite1747808312062.groovy:35)&#xa;	at java.base/jdk.internal.reflect.NativeMethodAccessorImpl.invoke0(Native Method)&#xa;	at java.base/jdk.internal.reflect.NativeMethodAccessorImpl.invoke(NativeMethodAccessorImpl.java:77)&#xa;	at java.base/jdk.internal.reflect.DelegatingMethodAccessorImpl.invoke(DelegatingMethodAccessorImpl.java:43)&#xa;"/>
         <system-out><![CDATA[21-05-2025T14:11:12 - [TEST_CASE][ERROR] - Test Cases/IPAPER APP/038 LAY Y KIEN NHANH_NHAP Y KIEN: Test Cases/IPAPER APP/038 LAY Y KIEN NHANH_NHAP Y KIEN FAILED.
Reason:
org.openqa.selenium.TimeoutException: Expected condition failed: waiting for base.BaseKeyword$Trait$Helper$_waitForPresentOf_closure1@62a4b1b3 (tried for 30 second(s) with 500 milliseconds interval)
Build info: version: '3.141.59', revision: 'unknown', time: 'unknown'
System info: host: 'Cuong-Mac.local', ip: 'fe80:0:0:0:c43:6797:ebf2:3aad%en0', os.name: 'Mac OS X', os.arch: 'aarch64', os.version: '15.5', java.version: '17.0.7'
Driver info: io.appium.java_client.ios.IOSDriver
Capabilities {automationName: XCUITest, browserName: , databaseEnabled: false, fullReset: false, javascriptEnabled: true, locationContextEnabled: false, networkConnectionEnabled: false, noReset: true, platform: MAC, platformName: iOS, platformVersion: 18.4, takesScreenshot: true, udid: 00008110-000C10543443801E, webStorageEnabled: false}
Session ID: 01bfc3c6-5e13-4dc5-a0a0-9b9b6acbce73
	at org.openqa.selenium.support.ui.WebDriverWait.timeoutException(WebDriverWait.java:95)
	at org.openqa.selenium.support.ui.FluentWait.until(FluentWait.java:272)
	at base.BaseKeyword$Trait$Helper.waitForPresentOf(BaseKeyword.groovy:341)
	at screens.IncomingDocumentScreen.waitForPresentOf(IncomingDocumentScreen.groovy)
	at screens.IncomingDocumentScreen.performAction(IncomingDocumentScreen.groovy:110)
	at 038 LAY Y KIEN NHANH_NHAP Y KIEN.run(038 LAY Y KIEN NHANH_NHAP Y KIEN:94)
	at com.kms.katalon.core.main.ScriptEngine.run(ScriptEngine.java:194)
	at com.kms.katalon.core.main.ScriptEngine.runScriptAsRawText(ScriptEngine.java:119)
	at com.kms.katalon.core.main.TestCaseExecutor.runScript(TestCaseExecutor.java:448)
	at com.kms.katalon.core.main.TestCaseExecutor.doExecute(TestCaseExecutor.java:439)
	at com.kms.katalon.core.main.TestCaseExecutor.processExecutionPhase(TestCaseExecutor.java:418)
	at com.kms.katalon.core.main.TestCaseExecutor.accessMainPhase(TestCaseExecutor.java:410)
	at com.kms.katalon.core.main.TestCaseExecutor.execute(TestCaseExecutor.java:285)
	at com.kms.katalon.core.common.CommonExecutor.accessTestCaseMainPhase(CommonExecutor.java:65)
	at com.kms.katalon.core.main.TestSuiteExecutor.accessTestSuiteMainPhase(TestSuiteExecutor.java:150)
	at com.kms.katalon.core.main.TestSuiteExecutor.execute(TestSuiteExecutor.java:106)
	at com.kms.katalon.core.main.TestCaseMain.startTestSuite(TestCaseMain.java:180)
	at TempTestSuite1747808312062.run(TempTestSuite1747808312062.groovy:35)
	at java.base/jdk.internal.reflect.NativeMethodAccessorImpl.invoke0(Native Method)
	at java.base/jdk.internal.reflect.NativeMethodAccessorImpl.invoke(NativeMethodAccessorImpl.java:77)
	at java.base/jdk.internal.reflect.DelegatingMethodAccessorImpl.invoke(DelegatingMethodAccessorImpl.java:43)


21-05-2025T14:11:12 - [TEST_STEP][PASSED] - Start listener action : beforeTest: drivers.Driver.openApp is PASSED

21-05-2025T14:11:12 - [TEST_STEP][PASSED] - DataTest.init(): null

21-05-2025T14:11:12 - [TEST_STEP][PASSED] - testCaseId = split("/").last(): null

21-05-2025T14:11:12 - [TEST_STEP][PASSED] - if (!(drivers.Driver.isAppiumRunning())): drivers.Driver.isAppiumRunning is PASSED

21-05-2025T14:11:12 - [MESSAGE][INFO] - Appium running: true

21-05-2025T14:11:12 - [MESSAGE][PASSED] - drivers.Driver.isAppiumRunning is PASSED

21-05-2025T14:11:12 - [TEST_STEP][PASSED] - if (driver == null || driver.getSessionId() == null): null

21-05-2025T14:11:12 - [TEST_STEP][PASSED] - drivers.Driver.openApp(): drivers.Driver.openApp is PASSED

21-05-2025T14:11:14 - [MESSAGE][PASSED] - drivers.Driver.openApp is PASSED

21-05-2025T14:11:14 - [TEST_STEP][PASSED] - REQUEST_NAME = "Trình ký PDF có sẵn": null

21-05-2025T14:11:14 - [TEST_STEP][PASSED] - USER_CREATE_COMMENT = "Commented by user create document": null

21-05-2025T14:11:14 - [TEST_STEP][PASSED] - ASSIGNER_COMMENT = "Comment by assigner": null

21-05-2025T14:11:14 - [TEST_STEP][PASSED] - documentTitle = "Trình ký " + System.currentTimeMillis(): null

21-05-2025T14:11:14 - [TEST_STEP][PASSED] - auto5 = DataTest.getUserTest5(): null

21-05-2025T14:11:14 - [TEST_STEP][PASSED] - auto6 = DataTest.getUserTest6(): null

21-05-2025T14:11:14 - [TEST_STEP][PASSED] - document = DataTest.createDocumentTest(auto5, auto6, null, "dummy.pdf", "dummy.pdf"): null

21-05-2025T14:11:14 - [TEST_STEP][PASSED] - loginScreen.login(auto5): null

21-05-2025T14:11:25 - [TEST_STEP][PASSED] - homeScreen.openRequestList(): null

21-05-2025T14:11:25 - [TEST_STEP][PASSED] - homeScreen.createRequest(REQUEST_NAME): null

21-05-2025T14:11:27 - [TEST_STEP][PASSED] - pdfSignScreen.fillInTitle(document.getTitle()): null

21-05-2025T14:11:33 - [TEST_STEP][PASSED] - pdfSignScreen.selectPriority(document.getPriority()): null

21-05-2025T14:11:36 - [TEST_STEP][PASSED] - pdfSignScreen.selectTime(document.getTime()): null

21-05-2025T14:11:45 - [TEST_STEP][PASSED] - pdfSignScreen.fillInDescription(document.getDescription()): null

21-05-2025T14:11:48 - [TEST_STEP][PASSED] - pdfSignScreen.selectAssigner(getAssigner().getEmail()): null

21-05-2025T14:12:01 - [TEST_STEP][PASSED] - pdfSignScreen.openMainFileBrowser(): null

21-05-2025T14:12:03 - [TEST_STEP][PASSED] - fileBrowserScreen.attachFile(document.getMainFileName()): null

21-05-2025T14:12:12 - [TEST_STEP][PASSED] - pdfSignScreen.openSubFileBrowser(): null

21-05-2025T14:12:14 - [TEST_STEP][PASSED] - fileBrowserScreen.attachFile(document.getSubFileName()): null

21-05-2025T14:12:22 - [TEST_STEP][PASSED] - pdfSignScreen.performAction(SEND_WITH_COMENT): null

21-05-2025T14:12:25 - [TEST_STEP][PASSED] - pdfSignScreen.fillInOpinion(USER_CREATE_COMMENT): null

21-05-2025T14:12:28 - [TEST_STEP][PASSED] - pdfSignScreen.submitRequest(): null

21-05-2025T14:12:36 - [TEST_STEP][PASSED] - documentInformationScreen.backToHome(): null

21-05-2025T14:12:36 - [TEST_STEP][PASSED] - homeScreen.logout(): null

21-05-2025T14:12:45 - [TEST_STEP][PASSED] - document.setStatus(WAIT_GET_COMMENT): null

21-05-2025T14:12:45 - [TEST_STEP][PASSED] - document.setAssigner(auto5): null

21-05-2025T14:12:45 - [TEST_STEP][PASSED] - loginScreen.login(auto6): null

21-05-2025T14:12:55 - [TEST_STEP][PASSED] - homeScreen.goToIncomingDocument(): null

21-05-2025T14:12:56 - [TEST_STEP][PASSED] - inComingDocument.viewInformationDocument(document): View document Trình ký 1747811474509

21-05-2025T14:12:56 - [MESSAGE][INFO] - View document Trình ký 1747811474509

21-05-2025T14:13:12 - [TEST_STEP][PASSED] - documentInformationScreen.checkDocumentTitle(document): Verify equals GUI: Trình ký 1747811474509 - DATA: Trình ký 1747811474509

21-05-2025T14:13:13 - [MESSAGE][PASSED] - Verify equals GUI: Trình ký 1747811474509 - DATA: Trình ký 1747811474509

21-05-2025T14:13:13 - [TEST_STEP][PASSED] - documentInformationScreen.checkSender(document): Verify equals GUI: Auto Test User 5 - DATA: Auto Test User 5

21-05-2025T14:13:13 - [MESSAGE][PASSED] - Verify equals GUI: Auto Test User 5 - DATA: Auto Test User 5

21-05-2025T14:13:13 - [TEST_STEP][PASSED] - documentInformationScreen.checkStatus(document): Verify equals GUI: Chờ lấy ý kiến - DATA: Chờ lấy ý kiến

21-05-2025T14:13:13 - [MESSAGE][PASSED] - Verify equals GUI: Chờ lấy ý kiến - DATA: Chờ lấy ý kiến

21-05-2025T14:13:13 - [TEST_STEP][PASSED] - documentInformationScreen.checkCreateDate(): Verify equals GUI: 21/05/2025 - DATA: 21/05/2025

21-05-2025T14:13:14 - [MESSAGE][PASSED] - Verify equals GUI: 21/05/2025 - DATA: 21/05/2025

21-05-2025T14:13:14 - [TEST_STEP][PASSED] - documentInformationScreen.checkFinishDate(document): Verify equals GUI: 22/05/2025 - DATA: 22/05/2025

21-05-2025T14:13:14 - [MESSAGE][PASSED] - Verify equals GUI: 22/05/2025 - DATA: 22/05/2025

21-05-2025T14:13:14 - [TEST_STEP][PASSED] - documentInformationScreen.checkPriority(document): Verify equals GUI: Cao - DATA: Cao

21-05-2025T14:13:14 - [MESSAGE][PASSED] - Verify equals GUI: Cao - DATA: Cao

21-05-2025T14:13:14 - [TEST_STEP][PASSED] - documentInformationScreen.checkDescription(document): Verify equals GUI: 038 LAY Y KIEN NHANH_NHAP Y KIEN - DATA: 038 LAY Y KIEN NHANH_NHAP Y KIEN

21-05-2025T14:13:15 - [MESSAGE][PASSED] - Verify equals GUI: 038 LAY Y KIEN NHANH_NHAP Y KIEN - DATA: 038 LAY Y KIEN NHANH_NHAP Y KIEN

21-05-2025T14:13:15 - [TEST_STEP][PASSED] - documentInformationScreen.checkAssigner(document): Verify contains GUI: Auto Test User 5 (auto5@hdbank.com.vn) - DATA: auto5@hdbank.com.vn

21-05-2025T14:13:18 - [MESSAGE][PASSED] - Verify contains GUI: Auto Test User 5 (auto5@hdbank.com.vn) - DATA: auto5@hdbank.com.vn

21-05-2025T14:13:18 - [TEST_STEP][PASSED] - documentInformationScreen.checkPresentFileName(document): Verify contains GUI: dummy_20250521141216.ozd - DATA: dummy

21-05-2025T14:13:20 - [MESSAGE][PASSED] - Verify contains GUI: dummy_20250521141216.ozd - DATA: dummy

21-05-2025T14:13:20 - [TEST_STEP][PASSED] - documentInformationScreen.checkAttachFileName(document): Expected true condition

21-05-2025T14:13:23 - [MESSAGE][PASSED] - Expected true condition

21-05-2025T14:13:23 - [TEST_STEP][PASSED] - documentInformationScreen.backToHome(): null

21-05-2025T14:13:32 - [TEST_STEP][ERROR] - inComingDocument.performAction(document, SEND_COMMENT, ASSIGNER_COMMENT): Test Cases/IPAPER APP/038 LAY Y KIEN NHANH_NHAP Y KIEN FAILED.
Reason:
org.openqa.selenium.TimeoutException: Expected condition failed: waiting for base.BaseKeyword$Trait$Helper$_waitForPresentOf_closure1@62a4b1b3 (tried for 30 second(s) with 500 milliseconds interval)
Build info: version: '3.141.59', revision: 'unknown', time: 'unknown'
System info: host: 'Cuong-Mac.local', ip: 'fe80:0:0:0:c43:6797:ebf2:3aad%en0', os.name: 'Mac OS X', os.arch: 'aarch64', os.version: '15.5', java.version: '17.0.7'
Driver info: io.appium.java_client.ios.IOSDriver
Capabilities {automationName: XCUITest, browserName: , databaseEnabled: false, fullReset: false, javascriptEnabled: true, locationContextEnabled: false, networkConnectionEnabled: false, noReset: true, platform: MAC, platformName: iOS, platformVersion: 18.4, takesScreenshot: true, udid: 00008110-000C10543443801E, webStorageEnabled: false}
Session ID: 01bfc3c6-5e13-4dc5-a0a0-9b9b6acbce73
	at org.openqa.selenium.support.ui.WebDriverWait.timeoutException(WebDriverWait.java:95)
	at org.openqa.selenium.support.ui.FluentWait.until(FluentWait.java:272)
	at base.BaseKeyword$Trait$Helper.waitForPresentOf(BaseKeyword.groovy:341)
	at screens.IncomingDocumentScreen.waitForPresentOf(IncomingDocumentScreen.groovy)
	at screens.IncomingDocumentScreen.performAction(IncomingDocumentScreen.groovy:110)
	at 038 LAY Y KIEN NHANH_NHAP Y KIEN.run(038 LAY Y KIEN NHANH_NHAP Y KIEN:94)
	at com.kms.katalon.core.main.ScriptEngine.run(ScriptEngine.java:194)
	at com.kms.katalon.core.main.ScriptEngine.runScriptAsRawText(ScriptEngine.java:119)
	at com.kms.katalon.core.main.TestCaseExecutor.runScript(TestCaseExecutor.java:448)
	at com.kms.katalon.core.main.TestCaseExecutor.doExecute(TestCaseExecutor.java:439)
	at com.kms.katalon.core.main.TestCaseExecutor.processExecutionPhase(TestCaseExecutor.java:418)
	at com.kms.katalon.core.main.TestCaseExecutor.accessMainPhase(TestCaseExecutor.java:410)
	at com.kms.katalon.core.main.TestCaseExecutor.execute(TestCaseExecutor.java:285)
	at com.kms.katalon.core.common.CommonExecutor.accessTestCaseMainPhase(CommonExecutor.java:65)
	at com.kms.katalon.core.main.TestSuiteExecutor.accessTestSuiteMainPhase(TestSuiteExecutor.java:150)
	at com.kms.katalon.core.main.TestSuiteExecutor.execute(TestSuiteExecutor.java:106)
	at com.kms.katalon.core.main.TestCaseMain.startTestSuite(TestCaseMain.java:180)
	at TempTestSuite1747808312062.run(TempTestSuite1747808312062.groovy:35)
	at java.base/jdk.internal.reflect.NativeMethodAccessorImpl.invoke0(Native Method)
	at java.base/jdk.internal.reflect.NativeMethodAccessorImpl.invoke(NativeMethodAccessorImpl.java:77)
	at java.base/jdk.internal.reflect.DelegatingMethodAccessorImpl.invoke(DelegatingMethodAccessorImpl.java:43)


21-05-2025T14:14:08 - [MESSAGE][ERROR] - Test Cases/IPAPER APP/038 LAY Y KIEN NHANH_NHAP Y KIEN FAILED.
Reason:
org.openqa.selenium.TimeoutException: Expected condition failed: waiting for base.BaseKeyword$Trait$Helper$_waitForPresentOf_closure1@62a4b1b3 (tried for 30 second(s) with 500 milliseconds interval)
Build info: version: '3.141.59', revision: 'unknown', time: 'unknown'
System info: host: 'Cuong-Mac.local', ip: 'fe80:0:0:0:c43:6797:ebf2:3aad%en0', os.name: 'Mac OS X', os.arch: 'aarch64', os.version: '15.5', java.version: '17.0.7'
Driver info: io.appium.java_client.ios.IOSDriver
Capabilities {automationName: XCUITest, browserName: , databaseEnabled: false, fullReset: false, javascriptEnabled: true, locationContextEnabled: false, networkConnectionEnabled: false, noReset: true, platform: MAC, platformName: iOS, platformVersion: 18.4, takesScreenshot: true, udid: 00008110-000C10543443801E, webStorageEnabled: false}
Session ID: 01bfc3c6-5e13-4dc5-a0a0-9b9b6acbce73
	at org.openqa.selenium.support.ui.WebDriverWait.timeoutException(WebDriverWait.java:95)
	at org.openqa.selenium.support.ui.FluentWait.until(FluentWait.java:272)
	at base.BaseKeyword$Trait$Helper.waitForPresentOf(BaseKeyword.groovy:341)
	at screens.IncomingDocumentScreen.waitForPresentOf(IncomingDocumentScreen.groovy)
	at screens.IncomingDocumentScreen.performAction(IncomingDocumentScreen.groovy:110)
	at 038 LAY Y KIEN NHANH_NHAP Y KIEN.run(038 LAY Y KIEN NHANH_NHAP Y KIEN:94)
	at com.kms.katalon.core.main.ScriptEngine.run(ScriptEngine.java:194)
	at com.kms.katalon.core.main.ScriptEngine.runScriptAsRawText(ScriptEngine.java:119)
	at com.kms.katalon.core.main.TestCaseExecutor.runScript(TestCaseExecutor.java:448)
	at com.kms.katalon.core.main.TestCaseExecutor.doExecute(TestCaseExecutor.java:439)
	at com.kms.katalon.core.main.TestCaseExecutor.processExecutionPhase(TestCaseExecutor.java:418)
	at com.kms.katalon.core.main.TestCaseExecutor.accessMainPhase(TestCaseExecutor.java:410)
	at com.kms.katalon.core.main.TestCaseExecutor.execute(TestCaseExecutor.java:285)
	at com.kms.katalon.core.common.CommonExecutor.accessTestCaseMainPhase(CommonExecutor.java:65)
	at com.kms.katalon.core.main.TestSuiteExecutor.accessTestSuiteMainPhase(TestSuiteExecutor.java:150)
	at com.kms.katalon.core.main.TestSuiteExecutor.execute(TestSuiteExecutor.java:106)
	at com.kms.katalon.core.main.TestCaseMain.startTestSuite(TestCaseMain.java:180)
	at TempTestSuite1747808312062.run(TempTestSuite1747808312062.groovy:35)
	at java.base/jdk.internal.reflect.NativeMethodAccessorImpl.invoke0(Native Method)
	at java.base/jdk.internal.reflect.NativeMethodAccessorImpl.invoke(NativeMethodAccessorImpl.java:77)
	at java.base/jdk.internal.reflect.DelegatingMethodAccessorImpl.invoke(DelegatingMethodAccessorImpl.java:43)


21-05-2025T14:14:08 - [TEST_STEP][PASSED] - Start listener action : afterTest: null

21-05-2025T14:14:08 - [TEST_STEP][PASSED] - if (testCaseStatus != "PASSED"): Screenshot is taken

21-05-2025T14:14:08 - [TEST_STEP][PASSED] - takeScreenshot(ErrorScreen/$GlobalVariable.PLATFORM/$testCaseContext.getTestCaseId().png): Screenshot is taken

21-05-2025T14:14:08 - [MESSAGE][PASSED] - Screenshot is taken
[[ATTACHMENT|ErrorScreen/iOS/Test Cases/IPAPER APP/038 LAY Y KIEN NHANH_NHAP Y KIEN.png]]

21-05-2025T14:14:08 - [TEST_STEP][PASSED] - drivers.Driver.closeApp(): drivers.Driver.closeApp is PASSED

21-05-2025T14:14:09 - [MESSAGE][PASSED] - drivers.Driver.closeApp is PASSED

21-05-2025T14:14:09 - [TEST_STEP][PASSED] - if (tsContext == null): null]]></system-out>
         <system-err><![CDATA[21-05-2025T14:11:12 - [TEST_CASE][ERROR] - Test Cases/IPAPER APP/038 LAY Y KIEN NHANH_NHAP Y KIEN: Test Cases/IPAPER APP/038 LAY Y KIEN NHANH_NHAP Y KIEN FAILED.
Reason:
org.openqa.selenium.TimeoutException: Expected condition failed: waiting for base.BaseKeyword$Trait$Helper$_waitForPresentOf_closure1@62a4b1b3 (tried for 30 second(s) with 500 milliseconds interval)
Build info: version: '3.141.59', revision: 'unknown', time: 'unknown'
System info: host: 'Cuong-Mac.local', ip: 'fe80:0:0:0:c43:6797:ebf2:3aad%en0', os.name: 'Mac OS X', os.arch: 'aarch64', os.version: '15.5', java.version: '17.0.7'
Driver info: io.appium.java_client.ios.IOSDriver
Capabilities {automationName: XCUITest, browserName: , databaseEnabled: false, fullReset: false, javascriptEnabled: true, locationContextEnabled: false, networkConnectionEnabled: false, noReset: true, platform: MAC, platformName: iOS, platformVersion: 18.4, takesScreenshot: true, udid: 00008110-000C10543443801E, webStorageEnabled: false}
Session ID: 01bfc3c6-5e13-4dc5-a0a0-9b9b6acbce73
	at org.openqa.selenium.support.ui.WebDriverWait.timeoutException(WebDriverWait.java:95)
	at org.openqa.selenium.support.ui.FluentWait.until(FluentWait.java:272)
	at base.BaseKeyword$Trait$Helper.waitForPresentOf(BaseKeyword.groovy:341)
	at screens.IncomingDocumentScreen.waitForPresentOf(IncomingDocumentScreen.groovy)
	at screens.IncomingDocumentScreen.performAction(IncomingDocumentScreen.groovy:110)
	at 038 LAY Y KIEN NHANH_NHAP Y KIEN.run(038 LAY Y KIEN NHANH_NHAP Y KIEN:94)
	at com.kms.katalon.core.main.ScriptEngine.run(ScriptEngine.java:194)
	at com.kms.katalon.core.main.ScriptEngine.runScriptAsRawText(ScriptEngine.java:119)
	at com.kms.katalon.core.main.TestCaseExecutor.runScript(TestCaseExecutor.java:448)
	at com.kms.katalon.core.main.TestCaseExecutor.doExecute(TestCaseExecutor.java:439)
	at com.kms.katalon.core.main.TestCaseExecutor.processExecutionPhase(TestCaseExecutor.java:418)
	at com.kms.katalon.core.main.TestCaseExecutor.accessMainPhase(TestCaseExecutor.java:410)
	at com.kms.katalon.core.main.TestCaseExecutor.execute(TestCaseExecutor.java:285)
	at com.kms.katalon.core.common.CommonExecutor.accessTestCaseMainPhase(CommonExecutor.java:65)
	at com.kms.katalon.core.main.TestSuiteExecutor.accessTestSuiteMainPhase(TestSuiteExecutor.java:150)
	at com.kms.katalon.core.main.TestSuiteExecutor.execute(TestSuiteExecutor.java:106)
	at com.kms.katalon.core.main.TestCaseMain.startTestSuite(TestCaseMain.java:180)
	at TempTestSuite1747808312062.run(TempTestSuite1747808312062.groovy:35)
	at java.base/jdk.internal.reflect.NativeMethodAccessorImpl.invoke0(Native Method)
	at java.base/jdk.internal.reflect.NativeMethodAccessorImpl.invoke(NativeMethodAccessorImpl.java:77)
	at java.base/jdk.internal.reflect.DelegatingMethodAccessorImpl.invoke(DelegatingMethodAccessorImpl.java:43)]]></system-err>
      </testcase>
      <testcase name="Test Cases/IPAPER APP/039 LAY Y KIEN CHI TIET_NHAP Y KIEN" time="170.093" classname="Test Cases/IPAPER APP/039 LAY Y KIEN CHI TIET_NHAP Y KIEN" status="ERROR">
         <error type="ERROR" message="Test Cases/IPAPER APP/039 LAY Y KIEN CHI TIET_NHAP Y KIEN FAILED.&#xa;Reason:&#xa;org.openqa.selenium.NoSuchElementException: An element could not be located on the page using the given search parameters.&#xa;For documentation on this error, please visit: https://www.seleniumhq.org/exceptions/no_such_element.html&#xa;Build info: version: '3.141.59', revision: 'unknown', time: 'unknown'&#xa;System info: host: 'Cuong-Mac.local', ip: 'fe80:0:0:0:c43:6797:ebf2:3aad%en0', os.name: 'Mac OS X', os.arch: 'aarch64', os.version: '15.5', java.version: '17.0.7'&#xa;Driver info: io.appium.java_client.ios.IOSDriver&#xa;Capabilities {automationName: XCUITest, browserName: , databaseEnabled: false, fullReset: false, javascriptEnabled: true, locationContextEnabled: false, networkConnectionEnabled: false, noReset: true, platform: MAC, platformName: iOS, platformVersion: 18.4, takesScreenshot: true, udid: 00008110-000C10543443801E, webStorageEnabled: false}&#xa;Session ID: 01bfc3c6-5e13-4dc5-a0a0-9b9b6acbce73&#xa;*** Element info: {Using=xpath, value=//XCUIElementTypeStaticText[@name='Gửi ý kiến']/parent::XCUIElementTypeOther}&#xa;	at java.base/jdk.internal.reflect.NativeConstructorAccessorImpl.newInstance0(Native Method)&#xa;	at java.base/jdk.internal.reflect.NativeConstructorAccessorImpl.newInstance(NativeConstructorAccessorImpl.java:77)&#xa;	at java.base/jdk.internal.reflect.DelegatingConstructorAccessorImpl.newInstance(DelegatingConstructorAccessorImpl.java:45)&#xa;	at org.openqa.selenium.remote.http.W3CHttpResponseCodec.createException(W3CHttpResponseCodec.java:187)&#xa;	at org.openqa.selenium.remote.http.W3CHttpResponseCodec.decode(W3CHttpResponseCodec.java:122)&#xa;	at org.openqa.selenium.remote.http.W3CHttpResponseCodec.decode(W3CHttpResponseCodec.java:49)&#xa;	at org.openqa.selenium.remote.HttpCommandExecutor.execute(HttpCommandExecutor.java:158)&#xa;	at io.appium.java_client.remote.AppiumCommandExecutor.execute(AppiumCommandExecutor.java:239)&#xa;	at org.openqa.selenium.remote.RemoteWebDriver.execute(RemoteWebDriver.java:552)&#xa;	at io.appium.java_client.DefaultGenericMobileDriver.execute(DefaultGenericMobileDriver.java:42)&#xa;	at io.appium.java_client.AppiumDriver.execute(AppiumDriver.java:1)&#xa;	at io.appium.java_client.ios.IOSDriver.execute(IOSDriver.java:1)&#xa;	at org.openqa.selenium.remote.RemoteWebDriver.findElement(RemoteWebDriver.java:323)&#xa;	at io.appium.java_client.DefaultGenericMobileDriver.findElement(DefaultGenericMobileDriver.java:62)&#xa;	at io.appium.java_client.AppiumDriver.findElement(AppiumDriver.java:1)&#xa;	at io.appium.java_client.ios.IOSDriver.findElement(IOSDriver.java:1)&#xa;	at org.openqa.selenium.remote.RemoteWebDriver.findElementByXPath(RemoteWebDriver.java:428)&#xa;	at io.appium.java_client.DefaultGenericMobileDriver.findElementByXPath(DefaultGenericMobileDriver.java:152)&#xa;	at io.appium.java_client.AppiumDriver.findElementByXPath(AppiumDriver.java:1)&#xa;	at io.appium.java_client.ios.IOSDriver.findElementByXPath(IOSDriver.java:1)&#xa;	at org.openqa.selenium.By$ByXPath.findElement(By.java:353)&#xa;	at org.openqa.selenium.remote.RemoteWebDriver.findElement(RemoteWebDriver.java:315)&#xa;	at io.appium.java_client.DefaultGenericMobileDriver.findElement(DefaultGenericMobileDriver.java:58)&#xa;	at io.appium.java_client.AppiumDriver.findElement(AppiumDriver.java:1)&#xa;	at io.appium.java_client.ios.IOSDriver.findElement(IOSDriver.java:1)&#xa;	at base.BaseKeyword$Trait$Helper.clickToElement(BaseKeyword.groovy:88)&#xa;	at screens.DocumentInformationScreen.clickToElement(DocumentInformationScreen.groovy)&#xa;	at screens.DocumentInformationScreen.performAction(DocumentInformationScreen.groovy:50)&#xa;	at screens.DocumentInformationScreen.performAction(DocumentInformationScreen.groovy)&#xa;	at 039 LAY Y KIEN CHI TIET_NHAP Y KIEN.run(039 LAY Y KIEN CHI TIET_NHAP Y KIEN:92)&#xa;	at com.kms.katalon.core.main.ScriptEngine.run(ScriptEngine.java:194)&#xa;	at com.kms.katalon.core.main.ScriptEngine.runScriptAsRawText(ScriptEngine.java:119)&#xa;	at com.kms.katalon.core.main.TestCaseExecutor.runScript(TestCaseExecutor.java:448)&#xa;	at com.kms.katalon.core.main.TestCaseExecutor.doExecute(TestCaseExecutor.java:439)&#xa;	at com.kms.katalon.core.main.TestCaseExecutor.processExecutionPhase(TestCaseExecutor.java:418)&#xa;	at com.kms.katalon.core.main.TestCaseExecutor.accessMainPhase(TestCaseExecutor.java:410)&#xa;	at com.kms.katalon.core.main.TestCaseExecutor.execute(TestCaseExecutor.java:285)&#xa;	at com.kms.katalon.core.common.CommonExecutor.accessTestCaseMainPhase(CommonExecutor.java:65)&#xa;	at com.kms.katalon.core.main.TestSuiteExecutor.accessTestSuiteMainPhase(TestSuiteExecutor.java:150)&#xa;	at com.kms.katalon.core.main.TestSuiteExecutor.execute(TestSuiteExecutor.java:106)&#xa;	at com.kms.katalon.core.main.TestCaseMain.startTestSuite(TestCaseMain.java:180)&#xa;	at TempTestSuite1747808312062.run(TempTestSuite1747808312062.groovy:35)&#xa;	at java.base/jdk.internal.reflect.NativeMethodAccessorImpl.invoke0(Native Method)&#xa;	at java.base/jdk.internal.reflect.NativeMethodAccessorImpl.invoke(NativeMethodAccessorImpl.java:77)&#xa;	at java.base/jdk.internal.reflect.DelegatingMethodAccessorImpl.invoke(DelegatingMethodAccessorImpl.java:43)&#xa;"/>
         <system-out><![CDATA[21-05-2025T14:14:09 - [TEST_CASE][ERROR] - Test Cases/IPAPER APP/039 LAY Y KIEN CHI TIET_NHAP Y KIEN: Test Cases/IPAPER APP/039 LAY Y KIEN CHI TIET_NHAP Y KIEN FAILED.
Reason:
org.openqa.selenium.NoSuchElementException: An element could not be located on the page using the given search parameters.
For documentation on this error, please visit: https://www.seleniumhq.org/exceptions/no_such_element.html
Build info: version: '3.141.59', revision: 'unknown', time: 'unknown'
System info: host: 'Cuong-Mac.local', ip: 'fe80:0:0:0:c43:6797:ebf2:3aad%en0', os.name: 'Mac OS X', os.arch: 'aarch64', os.version: '15.5', java.version: '17.0.7'
Driver info: io.appium.java_client.ios.IOSDriver
Capabilities {automationName: XCUITest, browserName: , databaseEnabled: false, fullReset: false, javascriptEnabled: true, locationContextEnabled: false, networkConnectionEnabled: false, noReset: true, platform: MAC, platformName: iOS, platformVersion: 18.4, takesScreenshot: true, udid: 00008110-000C10543443801E, webStorageEnabled: false}
Session ID: 01bfc3c6-5e13-4dc5-a0a0-9b9b6acbce73
*** Element info: {Using=xpath, value=//XCUIElementTypeStaticText[@name='Gửi ý kiến']/parent::XCUIElementTypeOther}
	at java.base/jdk.internal.reflect.NativeConstructorAccessorImpl.newInstance0(Native Method)
	at java.base/jdk.internal.reflect.NativeConstructorAccessorImpl.newInstance(NativeConstructorAccessorImpl.java:77)
	at java.base/jdk.internal.reflect.DelegatingConstructorAccessorImpl.newInstance(DelegatingConstructorAccessorImpl.java:45)
	at org.openqa.selenium.remote.http.W3CHttpResponseCodec.createException(W3CHttpResponseCodec.java:187)
	at org.openqa.selenium.remote.http.W3CHttpResponseCodec.decode(W3CHttpResponseCodec.java:122)
	at org.openqa.selenium.remote.http.W3CHttpResponseCodec.decode(W3CHttpResponseCodec.java:49)
	at org.openqa.selenium.remote.HttpCommandExecutor.execute(HttpCommandExecutor.java:158)
	at io.appium.java_client.remote.AppiumCommandExecutor.execute(AppiumCommandExecutor.java:239)
	at org.openqa.selenium.remote.RemoteWebDriver.execute(RemoteWebDriver.java:552)
	at io.appium.java_client.DefaultGenericMobileDriver.execute(DefaultGenericMobileDriver.java:42)
	at io.appium.java_client.AppiumDriver.execute(AppiumDriver.java:1)
	at io.appium.java_client.ios.IOSDriver.execute(IOSDriver.java:1)
	at org.openqa.selenium.remote.RemoteWebDriver.findElement(RemoteWebDriver.java:323)
	at io.appium.java_client.DefaultGenericMobileDriver.findElement(DefaultGenericMobileDriver.java:62)
	at io.appium.java_client.AppiumDriver.findElement(AppiumDriver.java:1)
	at io.appium.java_client.ios.IOSDriver.findElement(IOSDriver.java:1)
	at org.openqa.selenium.remote.RemoteWebDriver.findElementByXPath(RemoteWebDriver.java:428)
	at io.appium.java_client.DefaultGenericMobileDriver.findElementByXPath(DefaultGenericMobileDriver.java:152)
	at io.appium.java_client.AppiumDriver.findElementByXPath(AppiumDriver.java:1)
	at io.appium.java_client.ios.IOSDriver.findElementByXPath(IOSDriver.java:1)
	at org.openqa.selenium.By$ByXPath.findElement(By.java:353)
	at org.openqa.selenium.remote.RemoteWebDriver.findElement(RemoteWebDriver.java:315)
	at io.appium.java_client.DefaultGenericMobileDriver.findElement(DefaultGenericMobileDriver.java:58)
	at io.appium.java_client.AppiumDriver.findElement(AppiumDriver.java:1)
	at io.appium.java_client.ios.IOSDriver.findElement(IOSDriver.java:1)
	at base.BaseKeyword$Trait$Helper.clickToElement(BaseKeyword.groovy:88)
	at screens.DocumentInformationScreen.clickToElement(DocumentInformationScreen.groovy)
	at screens.DocumentInformationScreen.performAction(DocumentInformationScreen.groovy:50)
	at screens.DocumentInformationScreen.performAction(DocumentInformationScreen.groovy)
	at 039 LAY Y KIEN CHI TIET_NHAP Y KIEN.run(039 LAY Y KIEN CHI TIET_NHAP Y KIEN:92)
	at com.kms.katalon.core.main.ScriptEngine.run(ScriptEngine.java:194)
	at com.kms.katalon.core.main.ScriptEngine.runScriptAsRawText(ScriptEngine.java:119)
	at com.kms.katalon.core.main.TestCaseExecutor.runScript(TestCaseExecutor.java:448)
	at com.kms.katalon.core.main.TestCaseExecutor.doExecute(TestCaseExecutor.java:439)
	at com.kms.katalon.core.main.TestCaseExecutor.processExecutionPhase(TestCaseExecutor.java:418)
	at com.kms.katalon.core.main.TestCaseExecutor.accessMainPhase(TestCaseExecutor.java:410)
	at com.kms.katalon.core.main.TestCaseExecutor.execute(TestCaseExecutor.java:285)
	at com.kms.katalon.core.common.CommonExecutor.accessTestCaseMainPhase(CommonExecutor.java:65)
	at com.kms.katalon.core.main.TestSuiteExecutor.accessTestSuiteMainPhase(TestSuiteExecutor.java:150)
	at com.kms.katalon.core.main.TestSuiteExecutor.execute(TestSuiteExecutor.java:106)
	at com.kms.katalon.core.main.TestCaseMain.startTestSuite(TestCaseMain.java:180)
	at TempTestSuite1747808312062.run(TempTestSuite1747808312062.groovy:35)
	at java.base/jdk.internal.reflect.NativeMethodAccessorImpl.invoke0(Native Method)
	at java.base/jdk.internal.reflect.NativeMethodAccessorImpl.invoke(NativeMethodAccessorImpl.java:77)
	at java.base/jdk.internal.reflect.DelegatingMethodAccessorImpl.invoke(DelegatingMethodAccessorImpl.java:43)


21-05-2025T14:14:09 - [TEST_STEP][PASSED] - Start listener action : beforeTest: drivers.Driver.openApp is PASSED

21-05-2025T14:14:09 - [TEST_STEP][PASSED] - DataTest.init(): null

21-05-2025T14:14:09 - [TEST_STEP][PASSED] - testCaseId = split("/").last(): null

21-05-2025T14:14:09 - [TEST_STEP][PASSED] - if (!(drivers.Driver.isAppiumRunning())): drivers.Driver.isAppiumRunning is PASSED

21-05-2025T14:14:09 - [MESSAGE][INFO] - Appium running: true

21-05-2025T14:14:09 - [MESSAGE][PASSED] - drivers.Driver.isAppiumRunning is PASSED

21-05-2025T14:14:09 - [TEST_STEP][PASSED] - if (driver == null || driver.getSessionId() == null): null

21-05-2025T14:14:09 - [TEST_STEP][PASSED] - drivers.Driver.openApp(): drivers.Driver.openApp is PASSED

21-05-2025T14:14:11 - [MESSAGE][PASSED] - drivers.Driver.openApp is PASSED

21-05-2025T14:14:11 - [TEST_STEP][PASSED] - REQUEST_NAME = "Trình ký PDF có sẵn": null

21-05-2025T14:14:11 - [TEST_STEP][PASSED] - USER_CREATE_COMMENT = "Commented by user create document": null

21-05-2025T14:14:11 - [TEST_STEP][PASSED] - ASSIGNER_COMMENT = "Comment by assigner": null

21-05-2025T14:14:11 - [TEST_STEP][PASSED] - documentTitle = "Trình ký " + System.currentTimeMillis(): null

21-05-2025T14:14:11 - [TEST_STEP][PASSED] - auto5 = DataTest.getUserTest5(): null

21-05-2025T14:14:11 - [TEST_STEP][PASSED] - auto6 = DataTest.getUserTest6(): null

21-05-2025T14:14:11 - [TEST_STEP][PASSED] - document = DataTest.createDocumentTest(auto5, auto6, null, "dummy.pdf", "dummy.pdf"): null

21-05-2025T14:14:11 - [TEST_STEP][PASSED] - loginScreen.login(auto5): null

21-05-2025T14:14:22 - [TEST_STEP][PASSED] - homeScreen.openRequestList(): null

21-05-2025T14:14:23 - [TEST_STEP][PASSED] - homeScreen.createRequest(REQUEST_NAME): null

21-05-2025T14:14:25 - [TEST_STEP][PASSED] - pdfSignScreen.fillInTitle(document.getTitle()): null

21-05-2025T14:15:01 - [TEST_STEP][PASSED] - pdfSignScreen.selectPriority(document.getPriority()): null

21-05-2025T14:15:04 - [TEST_STEP][PASSED] - pdfSignScreen.selectTime(document.getTime()): null

21-05-2025T14:15:13 - [TEST_STEP][PASSED] - pdfSignScreen.fillInDescription(document.getDescription()): null

21-05-2025T14:15:17 - [TEST_STEP][PASSED] - pdfSignScreen.selectAssigner(getAssigner().getEmail()): null

21-05-2025T14:15:29 - [TEST_STEP][PASSED] - pdfSignScreen.openMainFileBrowser(): null

21-05-2025T14:15:31 - [TEST_STEP][PASSED] - fileBrowserScreen.attachFile(document.getMainFileName()): null

21-05-2025T14:15:41 - [TEST_STEP][PASSED] - pdfSignScreen.openSubFileBrowser(): null

21-05-2025T14:15:42 - [TEST_STEP][PASSED] - fileBrowserScreen.attachFile(document.getSubFileName()): null

21-05-2025T14:15:50 - [TEST_STEP][PASSED] - pdfSignScreen.performAction(SEND_WITH_COMENT): null

21-05-2025T14:15:54 - [TEST_STEP][PASSED] - pdfSignScreen.fillInOpinion(USER_CREATE_COMMENT): null

21-05-2025T14:15:56 - [TEST_STEP][PASSED] - pdfSignScreen.submitRequest(): null

21-05-2025T14:16:07 - [TEST_STEP][PASSED] - documentInformationScreen.backToHome(): null

21-05-2025T14:16:08 - [TEST_STEP][PASSED] - homeScreen.logout(): null

21-05-2025T14:16:16 - [TEST_STEP][PASSED] - document.setStatus(WAIT_GET_COMMENT): null

21-05-2025T14:16:16 - [TEST_STEP][PASSED] - document.setAssigner(auto5): null

21-05-2025T14:16:16 - [TEST_STEP][PASSED] - loginScreen.login(auto6): null

21-05-2025T14:16:27 - [TEST_STEP][PASSED] - homeScreen.goToIncomingDocument(): null

21-05-2025T14:16:27 - [TEST_STEP][PASSED] - inComingDocument.viewInformationDocument(document): View document Trình ký 1747811651468

21-05-2025T14:16:27 - [MESSAGE][INFO] - View document Trình ký 1747811651468

21-05-2025T14:16:42 - [TEST_STEP][PASSED] - documentInformationScreen.checkDocumentTitle(document): Verify equals GUI: Trình ký 1747811651468 - DATA: Trình ký 1747811651468

21-05-2025T14:16:43 - [MESSAGE][PASSED] - Verify equals GUI: Trình ký 1747811651468 - DATA: Trình ký 1747811651468

21-05-2025T14:16:43 - [TEST_STEP][PASSED] - documentInformationScreen.checkSender(document): Verify equals GUI: Auto Test User 5 - DATA: Auto Test User 5

21-05-2025T14:16:43 - [MESSAGE][PASSED] - Verify equals GUI: Auto Test User 5 - DATA: Auto Test User 5

21-05-2025T14:16:43 - [TEST_STEP][PASSED] - documentInformationScreen.checkStatus(document): Verify equals GUI: Chờ lấy ý kiến - DATA: Chờ lấy ý kiến

21-05-2025T14:16:44 - [MESSAGE][PASSED] - Verify equals GUI: Chờ lấy ý kiến - DATA: Chờ lấy ý kiến

21-05-2025T14:16:44 - [TEST_STEP][PASSED] - documentInformationScreen.checkCreateDate(): Verify equals GUI: 21/05/2025 - DATA: 21/05/2025

21-05-2025T14:16:44 - [MESSAGE][PASSED] - Verify equals GUI: 21/05/2025 - DATA: 21/05/2025

21-05-2025T14:16:44 - [TEST_STEP][PASSED] - documentInformationScreen.checkFinishDate(document): Verify equals GUI: 22/05/2025 - DATA: 22/05/2025

21-05-2025T14:16:45 - [MESSAGE][PASSED] - Verify equals GUI: 22/05/2025 - DATA: 22/05/2025

21-05-2025T14:16:45 - [TEST_STEP][PASSED] - documentInformationScreen.checkPriority(document): Verify equals GUI: Bình thường - DATA: Bình thường

21-05-2025T14:16:45 - [MESSAGE][PASSED] - Verify equals GUI: Bình thường - DATA: Bình thường

21-05-2025T14:16:45 - [TEST_STEP][PASSED] - documentInformationScreen.checkDescription(document): Verify equals GUI: 039 LAY Y KIEN CHI TIET_NHAP Y KIEN - DATA: 039 LAY Y KIEN CHI TIET_NHAP Y KIEN

21-05-2025T14:16:46 - [MESSAGE][PASSED] - Verify equals GUI: 039 LAY Y KIEN CHI TIET_NHAP Y KIEN - DATA: 039 LAY Y KIEN CHI TIET_NHAP Y KIEN

21-05-2025T14:16:46 - [TEST_STEP][PASSED] - documentInformationScreen.checkAssigner(document): Verify contains GUI: Auto Test User 5 (auto5@hdbank.com.vn) - DATA: auto5@hdbank.com.vn

21-05-2025T14:16:49 - [MESSAGE][PASSED] - Verify contains GUI: Auto Test User 5 (auto5@hdbank.com.vn) - DATA: auto5@hdbank.com.vn

21-05-2025T14:16:49 - [TEST_STEP][PASSED] - documentInformationScreen.checkPresentFileName(document): Verify contains GUI: dummy_20250521141546.ozd - DATA: dummy

21-05-2025T14:16:51 - [MESSAGE][PASSED] - Verify contains GUI: dummy_20250521141546.ozd - DATA: dummy

21-05-2025T14:16:51 - [TEST_STEP][PASSED] - documentInformationScreen.checkAttachFileName(document): Expected true condition

21-05-2025T14:16:53 - [MESSAGE][PASSED] - Expected true condition

21-05-2025T14:16:53 - [TEST_STEP][ERROR] - documentInformationScreen.performAction(document, COMMENT, ASSIGNER_COMMENT): Test Cases/IPAPER APP/039 LAY Y KIEN CHI TIET_NHAP Y KIEN FAILED.
Reason:
org.openqa.selenium.NoSuchElementException: An element could not be located on the page using the given search parameters.
For documentation on this error, please visit: https://www.seleniumhq.org/exceptions/no_such_element.html
Build info: version: '3.141.59', revision: 'unknown', time: 'unknown'
System info: host: 'Cuong-Mac.local', ip: 'fe80:0:0:0:c43:6797:ebf2:3aad%en0', os.name: 'Mac OS X', os.arch: 'aarch64', os.version: '15.5', java.version: '17.0.7'
Driver info: io.appium.java_client.ios.IOSDriver
Capabilities {automationName: XCUITest, browserName: , databaseEnabled: false, fullReset: false, javascriptEnabled: true, locationContextEnabled: false, networkConnectionEnabled: false, noReset: true, platform: MAC, platformName: iOS, platformVersion: 18.4, takesScreenshot: true, udid: 00008110-000C10543443801E, webStorageEnabled: false}
Session ID: 01bfc3c6-5e13-4dc5-a0a0-9b9b6acbce73
*** Element info: {Using=xpath, value=//XCUIElementTypeStaticText[@name='Gửi ý kiến']/parent::XCUIElementTypeOther}
	at java.base/jdk.internal.reflect.NativeConstructorAccessorImpl.newInstance0(Native Method)
	at java.base/jdk.internal.reflect.NativeConstructorAccessorImpl.newInstance(NativeConstructorAccessorImpl.java:77)
	at java.base/jdk.internal.reflect.DelegatingConstructorAccessorImpl.newInstance(DelegatingConstructorAccessorImpl.java:45)
	at org.openqa.selenium.remote.http.W3CHttpResponseCodec.createException(W3CHttpResponseCodec.java:187)
	at org.openqa.selenium.remote.http.W3CHttpResponseCodec.decode(W3CHttpResponseCodec.java:122)
	at org.openqa.selenium.remote.http.W3CHttpResponseCodec.decode(W3CHttpResponseCodec.java:49)
	at org.openqa.selenium.remote.HttpCommandExecutor.execute(HttpCommandExecutor.java:158)
	at io.appium.java_client.remote.AppiumCommandExecutor.execute(AppiumCommandExecutor.java:239)
	at org.openqa.selenium.remote.RemoteWebDriver.execute(RemoteWebDriver.java:552)
	at io.appium.java_client.DefaultGenericMobileDriver.execute(DefaultGenericMobileDriver.java:42)
	at io.appium.java_client.AppiumDriver.execute(AppiumDriver.java:1)
	at io.appium.java_client.ios.IOSDriver.execute(IOSDriver.java:1)
	at org.openqa.selenium.remote.RemoteWebDriver.findElement(RemoteWebDriver.java:323)
	at io.appium.java_client.DefaultGenericMobileDriver.findElement(DefaultGenericMobileDriver.java:62)
	at io.appium.java_client.AppiumDriver.findElement(AppiumDriver.java:1)
	at io.appium.java_client.ios.IOSDriver.findElement(IOSDriver.java:1)
	at org.openqa.selenium.remote.RemoteWebDriver.findElementByXPath(RemoteWebDriver.java:428)
	at io.appium.java_client.DefaultGenericMobileDriver.findElementByXPath(DefaultGenericMobileDriver.java:152)
	at io.appium.java_client.AppiumDriver.findElementByXPath(AppiumDriver.java:1)
	at io.appium.java_client.ios.IOSDriver.findElementByXPath(IOSDriver.java:1)
	at org.openqa.selenium.By$ByXPath.findElement(By.java:353)
	at org.openqa.selenium.remote.RemoteWebDriver.findElement(RemoteWebDriver.java:315)
	at io.appium.java_client.DefaultGenericMobileDriver.findElement(DefaultGenericMobileDriver.java:58)
	at io.appium.java_client.AppiumDriver.findElement(AppiumDriver.java:1)
	at io.appium.java_client.ios.IOSDriver.findElement(IOSDriver.java:1)
	at base.BaseKeyword$Trait$Helper.clickToElement(BaseKeyword.groovy:88)
	at screens.DocumentInformationScreen.clickToElement(DocumentInformationScreen.groovy)
	at screens.DocumentInformationScreen.performAction(DocumentInformationScreen.groovy:50)
	at screens.DocumentInformationScreen.performAction(DocumentInformationScreen.groovy)
	at 039 LAY Y KIEN CHI TIET_NHAP Y KIEN.run(039 LAY Y KIEN CHI TIET_NHAP Y KIEN:92)
	at com.kms.katalon.core.main.ScriptEngine.run(ScriptEngine.java:194)
	at com.kms.katalon.core.main.ScriptEngine.runScriptAsRawText(ScriptEngine.java:119)
	at com.kms.katalon.core.main.TestCaseExecutor.runScript(TestCaseExecutor.java:448)
	at com.kms.katalon.core.main.TestCaseExecutor.doExecute(TestCaseExecutor.java:439)
	at com.kms.katalon.core.main.TestCaseExecutor.processExecutionPhase(TestCaseExecutor.java:418)
	at com.kms.katalon.core.main.TestCaseExecutor.accessMainPhase(TestCaseExecutor.java:410)
	at com.kms.katalon.core.main.TestCaseExecutor.execute(TestCaseExecutor.java:285)
	at com.kms.katalon.core.common.CommonExecutor.accessTestCaseMainPhase(CommonExecutor.java:65)
	at com.kms.katalon.core.main.TestSuiteExecutor.accessTestSuiteMainPhase(TestSuiteExecutor.java:150)
	at com.kms.katalon.core.main.TestSuiteExecutor.execute(TestSuiteExecutor.java:106)
	at com.kms.katalon.core.main.TestCaseMain.startTestSuite(TestCaseMain.java:180)
	at TempTestSuite1747808312062.run(TempTestSuite1747808312062.groovy:35)
	at java.base/jdk.internal.reflect.NativeMethodAccessorImpl.invoke0(Native Method)
	at java.base/jdk.internal.reflect.NativeMethodAccessorImpl.invoke(NativeMethodAccessorImpl.java:77)
	at java.base/jdk.internal.reflect.DelegatingMethodAccessorImpl.invoke(DelegatingMethodAccessorImpl.java:43)


21-05-2025T14:16:58 - [MESSAGE][ERROR] - Test Cases/IPAPER APP/039 LAY Y KIEN CHI TIET_NHAP Y KIEN FAILED.
Reason:
org.openqa.selenium.NoSuchElementException: An element could not be located on the page using the given search parameters.
For documentation on this error, please visit: https://www.seleniumhq.org/exceptions/no_such_element.html
Build info: version: '3.141.59', revision: 'unknown', time: 'unknown'
System info: host: 'Cuong-Mac.local', ip: 'fe80:0:0:0:c43:6797:ebf2:3aad%en0', os.name: 'Mac OS X', os.arch: 'aarch64', os.version: '15.5', java.version: '17.0.7'
Driver info: io.appium.java_client.ios.IOSDriver
Capabilities {automationName: XCUITest, browserName: , databaseEnabled: false, fullReset: false, javascriptEnabled: true, locationContextEnabled: false, networkConnectionEnabled: false, noReset: true, platform: MAC, platformName: iOS, platformVersion: 18.4, takesScreenshot: true, udid: 00008110-000C10543443801E, webStorageEnabled: false}
Session ID: 01bfc3c6-5e13-4dc5-a0a0-9b9b6acbce73
*** Element info: {Using=xpath, value=//XCUIElementTypeStaticText[@name='Gửi ý kiến']/parent::XCUIElementTypeOther}
	at java.base/jdk.internal.reflect.NativeConstructorAccessorImpl.newInstance0(Native Method)
	at java.base/jdk.internal.reflect.NativeConstructorAccessorImpl.newInstance(NativeConstructorAccessorImpl.java:77)
	at java.base/jdk.internal.reflect.DelegatingConstructorAccessorImpl.newInstance(DelegatingConstructorAccessorImpl.java:45)
	at org.openqa.selenium.remote.http.W3CHttpResponseCodec.createException(W3CHttpResponseCodec.java:187)
	at org.openqa.selenium.remote.http.W3CHttpResponseCodec.decode(W3CHttpResponseCodec.java:122)
	at org.openqa.selenium.remote.http.W3CHttpResponseCodec.decode(W3CHttpResponseCodec.java:49)
	at org.openqa.selenium.remote.HttpCommandExecutor.execute(HttpCommandExecutor.java:158)
	at io.appium.java_client.remote.AppiumCommandExecutor.execute(AppiumCommandExecutor.java:239)
	at org.openqa.selenium.remote.RemoteWebDriver.execute(RemoteWebDriver.java:552)
	at io.appium.java_client.DefaultGenericMobileDriver.execute(DefaultGenericMobileDriver.java:42)
	at io.appium.java_client.AppiumDriver.execute(AppiumDriver.java:1)
	at io.appium.java_client.ios.IOSDriver.execute(IOSDriver.java:1)
	at org.openqa.selenium.remote.RemoteWebDriver.findElement(RemoteWebDriver.java:323)
	at io.appium.java_client.DefaultGenericMobileDriver.findElement(DefaultGenericMobileDriver.java:62)
	at io.appium.java_client.AppiumDriver.findElement(AppiumDriver.java:1)
	at io.appium.java_client.ios.IOSDriver.findElement(IOSDriver.java:1)
	at org.openqa.selenium.remote.RemoteWebDriver.findElementByXPath(RemoteWebDriver.java:428)
	at io.appium.java_client.DefaultGenericMobileDriver.findElementByXPath(DefaultGenericMobileDriver.java:152)
	at io.appium.java_client.AppiumDriver.findElementByXPath(AppiumDriver.java:1)
	at io.appium.java_client.ios.IOSDriver.findElementByXPath(IOSDriver.java:1)
	at org.openqa.selenium.By$ByXPath.findElement(By.java:353)
	at org.openqa.selenium.remote.RemoteWebDriver.findElement(RemoteWebDriver.java:315)
	at io.appium.java_client.DefaultGenericMobileDriver.findElement(DefaultGenericMobileDriver.java:58)
	at io.appium.java_client.AppiumDriver.findElement(AppiumDriver.java:1)
	at io.appium.java_client.ios.IOSDriver.findElement(IOSDriver.java:1)
	at base.BaseKeyword$Trait$Helper.clickToElement(BaseKeyword.groovy:88)
	at screens.DocumentInformationScreen.clickToElement(DocumentInformationScreen.groovy)
	at screens.DocumentInformationScreen.performAction(DocumentInformationScreen.groovy:50)
	at screens.DocumentInformationScreen.performAction(DocumentInformationScreen.groovy)
	at 039 LAY Y KIEN CHI TIET_NHAP Y KIEN.run(039 LAY Y KIEN CHI TIET_NHAP Y KIEN:92)
	at com.kms.katalon.core.main.ScriptEngine.run(ScriptEngine.java:194)
	at com.kms.katalon.core.main.ScriptEngine.runScriptAsRawText(ScriptEngine.java:119)
	at com.kms.katalon.core.main.TestCaseExecutor.runScript(TestCaseExecutor.java:448)
	at com.kms.katalon.core.main.TestCaseExecutor.doExecute(TestCaseExecutor.java:439)
	at com.kms.katalon.core.main.TestCaseExecutor.processExecutionPhase(TestCaseExecutor.java:418)
	at com.kms.katalon.core.main.TestCaseExecutor.accessMainPhase(TestCaseExecutor.java:410)
	at com.kms.katalon.core.main.TestCaseExecutor.execute(TestCaseExecutor.java:285)
	at com.kms.katalon.core.common.CommonExecutor.accessTestCaseMainPhase(CommonExecutor.java:65)
	at com.kms.katalon.core.main.TestSuiteExecutor.accessTestSuiteMainPhase(TestSuiteExecutor.java:150)
	at com.kms.katalon.core.main.TestSuiteExecutor.execute(TestSuiteExecutor.java:106)
	at com.kms.katalon.core.main.TestCaseMain.startTestSuite(TestCaseMain.java:180)
	at TempTestSuite1747808312062.run(TempTestSuite1747808312062.groovy:35)
	at java.base/jdk.internal.reflect.NativeMethodAccessorImpl.invoke0(Native Method)
	at java.base/jdk.internal.reflect.NativeMethodAccessorImpl.invoke(NativeMethodAccessorImpl.java:77)
	at java.base/jdk.internal.reflect.DelegatingMethodAccessorImpl.invoke(DelegatingMethodAccessorImpl.java:43)


21-05-2025T14:16:58 - [TEST_STEP][PASSED] - Start listener action : afterTest: null

21-05-2025T14:16:58 - [TEST_STEP][PASSED] - if (testCaseStatus != "PASSED"): Screenshot is taken

21-05-2025T14:16:58 - [TEST_STEP][PASSED] - takeScreenshot(ErrorScreen/$GlobalVariable.PLATFORM/$testCaseContext.getTestCaseId().png): Screenshot is taken

21-05-2025T14:16:58 - [MESSAGE][PASSED] - Screenshot is taken
[[ATTACHMENT|ErrorScreen/iOS/Test Cases/IPAPER APP/039 LAY Y KIEN CHI TIET_NHAP Y KIEN.png]]

21-05-2025T14:16:58 - [TEST_STEP][PASSED] - drivers.Driver.closeApp(): drivers.Driver.closeApp is PASSED

21-05-2025T14:16:59 - [MESSAGE][PASSED] - drivers.Driver.closeApp is PASSED

21-05-2025T14:16:59 - [TEST_STEP][PASSED] - if (tsContext == null): null]]></system-out>
         <system-err><![CDATA[21-05-2025T14:14:09 - [TEST_CASE][ERROR] - Test Cases/IPAPER APP/039 LAY Y KIEN CHI TIET_NHAP Y KIEN: Test Cases/IPAPER APP/039 LAY Y KIEN CHI TIET_NHAP Y KIEN FAILED.
Reason:
org.openqa.selenium.NoSuchElementException: An element could not be located on the page using the given search parameters.
For documentation on this error, please visit: https://www.seleniumhq.org/exceptions/no_such_element.html
Build info: version: '3.141.59', revision: 'unknown', time: 'unknown'
System info: host: 'Cuong-Mac.local', ip: 'fe80:0:0:0:c43:6797:ebf2:3aad%en0', os.name: 'Mac OS X', os.arch: 'aarch64', os.version: '15.5', java.version: '17.0.7'
Driver info: io.appium.java_client.ios.IOSDriver
Capabilities {automationName: XCUITest, browserName: , databaseEnabled: false, fullReset: false, javascriptEnabled: true, locationContextEnabled: false, networkConnectionEnabled: false, noReset: true, platform: MAC, platformName: iOS, platformVersion: 18.4, takesScreenshot: true, udid: 00008110-000C10543443801E, webStorageEnabled: false}
Session ID: 01bfc3c6-5e13-4dc5-a0a0-9b9b6acbce73
*** Element info: {Using=xpath, value=//XCUIElementTypeStaticText[@name='Gửi ý kiến']/parent::XCUIElementTypeOther}
	at java.base/jdk.internal.reflect.NativeConstructorAccessorImpl.newInstance0(Native Method)
	at java.base/jdk.internal.reflect.NativeConstructorAccessorImpl.newInstance(NativeConstructorAccessorImpl.java:77)
	at java.base/jdk.internal.reflect.DelegatingConstructorAccessorImpl.newInstance(DelegatingConstructorAccessorImpl.java:45)
	at org.openqa.selenium.remote.http.W3CHttpResponseCodec.createException(W3CHttpResponseCodec.java:187)
	at org.openqa.selenium.remote.http.W3CHttpResponseCodec.decode(W3CHttpResponseCodec.java:122)
	at org.openqa.selenium.remote.http.W3CHttpResponseCodec.decode(W3CHttpResponseCodec.java:49)
	at org.openqa.selenium.remote.HttpCommandExecutor.execute(HttpCommandExecutor.java:158)
	at io.appium.java_client.remote.AppiumCommandExecutor.execute(AppiumCommandExecutor.java:239)
	at org.openqa.selenium.remote.RemoteWebDriver.execute(RemoteWebDriver.java:552)
	at io.appium.java_client.DefaultGenericMobileDriver.execute(DefaultGenericMobileDriver.java:42)
	at io.appium.java_client.AppiumDriver.execute(AppiumDriver.java:1)
	at io.appium.java_client.ios.IOSDriver.execute(IOSDriver.java:1)
	at org.openqa.selenium.remote.RemoteWebDriver.findElement(RemoteWebDriver.java:323)
	at io.appium.java_client.DefaultGenericMobileDriver.findElement(DefaultGenericMobileDriver.java:62)
	at io.appium.java_client.AppiumDriver.findElement(AppiumDriver.java:1)
	at io.appium.java_client.ios.IOSDriver.findElement(IOSDriver.java:1)
	at org.openqa.selenium.remote.RemoteWebDriver.findElementByXPath(RemoteWebDriver.java:428)
	at io.appium.java_client.DefaultGenericMobileDriver.findElementByXPath(DefaultGenericMobileDriver.java:152)
	at io.appium.java_client.AppiumDriver.findElementByXPath(AppiumDriver.java:1)
	at io.appium.java_client.ios.IOSDriver.findElementByXPath(IOSDriver.java:1)
	at org.openqa.selenium.By$ByXPath.findElement(By.java:353)
	at org.openqa.selenium.remote.RemoteWebDriver.findElement(RemoteWebDriver.java:315)
	at io.appium.java_client.DefaultGenericMobileDriver.findElement(DefaultGenericMobileDriver.java:58)
	at io.appium.java_client.AppiumDriver.findElement(AppiumDriver.java:1)
	at io.appium.java_client.ios.IOSDriver.findElement(IOSDriver.java:1)
	at base.BaseKeyword$Trait$Helper.clickToElement(BaseKeyword.groovy:88)
	at screens.DocumentInformationScreen.clickToElement(DocumentInformationScreen.groovy)
	at screens.DocumentInformationScreen.performAction(DocumentInformationScreen.groovy:50)
	at screens.DocumentInformationScreen.performAction(DocumentInformationScreen.groovy)
	at 039 LAY Y KIEN CHI TIET_NHAP Y KIEN.run(039 LAY Y KIEN CHI TIET_NHAP Y KIEN:92)
	at com.kms.katalon.core.main.ScriptEngine.run(ScriptEngine.java:194)
	at com.kms.katalon.core.main.ScriptEngine.runScriptAsRawText(ScriptEngine.java:119)
	at com.kms.katalon.core.main.TestCaseExecutor.runScript(TestCaseExecutor.java:448)
	at com.kms.katalon.core.main.TestCaseExecutor.doExecute(TestCaseExecutor.java:439)
	at com.kms.katalon.core.main.TestCaseExecutor.processExecutionPhase(TestCaseExecutor.java:418)
	at com.kms.katalon.core.main.TestCaseExecutor.accessMainPhase(TestCaseExecutor.java:410)
	at com.kms.katalon.core.main.TestCaseExecutor.execute(TestCaseExecutor.java:285)
	at com.kms.katalon.core.common.CommonExecutor.accessTestCaseMainPhase(CommonExecutor.java:65)
	at com.kms.katalon.core.main.TestSuiteExecutor.accessTestSuiteMainPhase(TestSuiteExecutor.java:150)
	at com.kms.katalon.core.main.TestSuiteExecutor.execute(TestSuiteExecutor.java:106)
	at com.kms.katalon.core.main.TestCaseMain.startTestSuite(TestCaseMain.java:180)
	at TempTestSuite1747808312062.run(TempTestSuite1747808312062.groovy:35)
	at java.base/jdk.internal.reflect.NativeMethodAccessorImpl.invoke0(Native Method)
	at java.base/jdk.internal.reflect.NativeMethodAccessorImpl.invoke(NativeMethodAccessorImpl.java:77)
	at java.base/jdk.internal.reflect.DelegatingMethodAccessorImpl.invoke(DelegatingMethodAccessorImpl.java:43)]]></system-err>
      </testcase>
      <testcase name="Test Cases/IPAPER APP/043 TAI FILE TAI CHI TIET HO SO_HO SO DEN" time="17.854" classname="Test Cases/IPAPER APP/043 TAI FILE TAI CHI TIET HO SO_HO SO DEN" status="ERROR">
         <error type="ERROR" message="Test Cases/IPAPER APP/043 TAI FILE TAI CHI TIET HO SO_HO SO DEN FAILED.&#xa;Reason:&#xa;org.openqa.selenium.NoSuchElementException: An element could not be located on the page using the given search parameters.&#xa;For documentation on this error, please visit: https://www.seleniumhq.org/exceptions/no_such_element.html&#xa;Build info: version: '3.141.59', revision: 'unknown', time: 'unknown'&#xa;System info: host: 'Cuong-Mac.local', ip: 'fe80:0:0:0:c43:6797:ebf2:3aad%en0', os.name: 'Mac OS X', os.arch: 'aarch64', os.version: '15.5', java.version: '17.0.7'&#xa;Driver info: io.appium.java_client.ios.IOSDriver&#xa;Capabilities {automationName: XCUITest, browserName: , databaseEnabled: false, fullReset: false, javascriptEnabled: true, locationContextEnabled: false, networkConnectionEnabled: false, noReset: true, platform: MAC, platformName: iOS, platformVersion: 18.4, takesScreenshot: true, udid: 00008110-000C10543443801E, webStorageEnabled: false}&#xa;Session ID: 01bfc3c6-5e13-4dc5-a0a0-9b9b6acbce73&#xa;*** Element info: {Using=xpath, value=//XCUIElementTypeImage[@name='ic_add']}&#xa;	at java.base/jdk.internal.reflect.NativeConstructorAccessorImpl.newInstance0(Native Method)&#xa;	at java.base/jdk.internal.reflect.NativeConstructorAccessorImpl.newInstance(NativeConstructorAccessorImpl.java:77)&#xa;	at java.base/jdk.internal.reflect.DelegatingConstructorAccessorImpl.newInstance(DelegatingConstructorAccessorImpl.java:45)&#xa;	at org.openqa.selenium.remote.http.W3CHttpResponseCodec.createException(W3CHttpResponseCodec.java:187)&#xa;	at org.openqa.selenium.remote.http.W3CHttpResponseCodec.decode(W3CHttpResponseCodec.java:122)&#xa;	at org.openqa.selenium.remote.http.W3CHttpResponseCodec.decode(W3CHttpResponseCodec.java:49)&#xa;	at org.openqa.selenium.remote.HttpCommandExecutor.execute(HttpCommandExecutor.java:158)&#xa;	at io.appium.java_client.remote.AppiumCommandExecutor.execute(AppiumCommandExecutor.java:239)&#xa;	at org.openqa.selenium.remote.RemoteWebDriver.execute(RemoteWebDriver.java:552)&#xa;	at io.appium.java_client.DefaultGenericMobileDriver.execute(DefaultGenericMobileDriver.java:42)&#xa;	at io.appium.java_client.AppiumDriver.execute(AppiumDriver.java:1)&#xa;	at io.appium.java_client.ios.IOSDriver.execute(IOSDriver.java:1)&#xa;	at org.openqa.selenium.remote.RemoteWebDriver.findElement(RemoteWebDriver.java:323)&#xa;	at io.appium.java_client.DefaultGenericMobileDriver.findElement(DefaultGenericMobileDriver.java:62)&#xa;	at io.appium.java_client.AppiumDriver.findElement(AppiumDriver.java:1)&#xa;	at io.appium.java_client.ios.IOSDriver.findElement(IOSDriver.java:1)&#xa;	at org.openqa.selenium.remote.RemoteWebDriver.findElementByXPath(RemoteWebDriver.java:428)&#xa;	at io.appium.java_client.DefaultGenericMobileDriver.findElementByXPath(DefaultGenericMobileDriver.java:152)&#xa;	at io.appium.java_client.AppiumDriver.findElementByXPath(AppiumDriver.java:1)&#xa;	at io.appium.java_client.ios.IOSDriver.findElementByXPath(IOSDriver.java:1)&#xa;	at org.openqa.selenium.By$ByXPath.findElement(By.java:353)&#xa;	at org.openqa.selenium.remote.RemoteWebDriver.findElement(RemoteWebDriver.java:315)&#xa;	at io.appium.java_client.DefaultGenericMobileDriver.findElement(DefaultGenericMobileDriver.java:58)&#xa;	at io.appium.java_client.AppiumDriver.findElement(AppiumDriver.java:1)&#xa;	at io.appium.java_client.ios.IOSDriver.findElement(IOSDriver.java:1)&#xa;	at base.BaseKeyword$Trait$Helper.clickToElement(BaseKeyword.groovy:88)&#xa;	at screens.HomeScreen.clickToElement(HomeScreen.groovy)&#xa;	at screens.HomeScreen.openRequestList(HomeScreen.groovy:84)&#xa;	at 043 TAI FILE TAI CHI TIET HO SO_HO SO DEN.run(043 TAI FILE TAI CHI TIET HO SO_HO SO DEN:20)&#xa;	at com.kms.katalon.core.main.ScriptEngine.run(ScriptEngine.java:194)&#xa;	at com.kms.katalon.core.main.ScriptEngine.runScriptAsRawText(ScriptEngine.java:119)&#xa;	at com.kms.katalon.core.main.TestCaseExecutor.runScript(TestCaseExecutor.java:448)&#xa;	at com.kms.katalon.core.main.TestCaseExecutor.doExecute(TestCaseExecutor.java:439)&#xa;	at com.kms.katalon.core.main.TestCaseExecutor.processExecutionPhase(TestCaseExecutor.java:418)&#xa;	at com.kms.katalon.core.main.TestCaseExecutor.accessMainPhase(TestCaseExecutor.java:410)&#xa;	at com.kms.katalon.core.main.TestCaseExecutor.execute(TestCaseExecutor.java:285)&#xa;	at com.kms.katalon.core.common.CommonExecutor.accessTestCaseMainPhase(CommonExecutor.java:65)&#xa;	at com.kms.katalon.core.main.TestSuiteExecutor.accessTestSuiteMainPhase(TestSuiteExecutor.java:150)&#xa;	at com.kms.katalon.core.main.TestSuiteExecutor.execute(TestSuiteExecutor.java:106)&#xa;	at com.kms.katalon.core.main.TestCaseMain.startTestSuite(TestCaseMain.java:180)&#xa;	at TempTestSuite1747808312062.run(TempTestSuite1747808312062.groovy:35)&#xa;	at java.base/jdk.internal.reflect.NativeMethodAccessorImpl.invoke0(Native Method)&#xa;	at java.base/jdk.internal.reflect.NativeMethodAccessorImpl.invoke(NativeMethodAccessorImpl.java:77)&#xa;	at java.base/jdk.internal.reflect.DelegatingMethodAccessorImpl.invoke(DelegatingMethodAccessorImpl.java:43)&#xa;"/>
         <system-out><![CDATA[21-05-2025T14:16:59 - [TEST_CASE][ERROR] - Test Cases/IPAPER APP/043 TAI FILE TAI CHI TIET HO SO_HO SO DEN: Test Cases/IPAPER APP/043 TAI FILE TAI CHI TIET HO SO_HO SO DEN FAILED.
Reason:
org.openqa.selenium.NoSuchElementException: An element could not be located on the page using the given search parameters.
For documentation on this error, please visit: https://www.seleniumhq.org/exceptions/no_such_element.html
Build info: version: '3.141.59', revision: 'unknown', time: 'unknown'
System info: host: 'Cuong-Mac.local', ip: 'fe80:0:0:0:c43:6797:ebf2:3aad%en0', os.name: 'Mac OS X', os.arch: 'aarch64', os.version: '15.5', java.version: '17.0.7'
Driver info: io.appium.java_client.ios.IOSDriver
Capabilities {automationName: XCUITest, browserName: , databaseEnabled: false, fullReset: false, javascriptEnabled: true, locationContextEnabled: false, networkConnectionEnabled: false, noReset: true, platform: MAC, platformName: iOS, platformVersion: 18.4, takesScreenshot: true, udid: 00008110-000C10543443801E, webStorageEnabled: false}
Session ID: 01bfc3c6-5e13-4dc5-a0a0-9b9b6acbce73
*** Element info: {Using=xpath, value=//XCUIElementTypeImage[@name='ic_add']}
	at java.base/jdk.internal.reflect.NativeConstructorAccessorImpl.newInstance0(Native Method)
	at java.base/jdk.internal.reflect.NativeConstructorAccessorImpl.newInstance(NativeConstructorAccessorImpl.java:77)
	at java.base/jdk.internal.reflect.DelegatingConstructorAccessorImpl.newInstance(DelegatingConstructorAccessorImpl.java:45)
	at org.openqa.selenium.remote.http.W3CHttpResponseCodec.createException(W3CHttpResponseCodec.java:187)
	at org.openqa.selenium.remote.http.W3CHttpResponseCodec.decode(W3CHttpResponseCodec.java:122)
	at org.openqa.selenium.remote.http.W3CHttpResponseCodec.decode(W3CHttpResponseCodec.java:49)
	at org.openqa.selenium.remote.HttpCommandExecutor.execute(HttpCommandExecutor.java:158)
	at io.appium.java_client.remote.AppiumCommandExecutor.execute(AppiumCommandExecutor.java:239)
	at org.openqa.selenium.remote.RemoteWebDriver.execute(RemoteWebDriver.java:552)
	at io.appium.java_client.DefaultGenericMobileDriver.execute(DefaultGenericMobileDriver.java:42)
	at io.appium.java_client.AppiumDriver.execute(AppiumDriver.java:1)
	at io.appium.java_client.ios.IOSDriver.execute(IOSDriver.java:1)
	at org.openqa.selenium.remote.RemoteWebDriver.findElement(RemoteWebDriver.java:323)
	at io.appium.java_client.DefaultGenericMobileDriver.findElement(DefaultGenericMobileDriver.java:62)
	at io.appium.java_client.AppiumDriver.findElement(AppiumDriver.java:1)
	at io.appium.java_client.ios.IOSDriver.findElement(IOSDriver.java:1)
	at org.openqa.selenium.remote.RemoteWebDriver.findElementByXPath(RemoteWebDriver.java:428)
	at io.appium.java_client.DefaultGenericMobileDriver.findElementByXPath(DefaultGenericMobileDriver.java:152)
	at io.appium.java_client.AppiumDriver.findElementByXPath(AppiumDriver.java:1)
	at io.appium.java_client.ios.IOSDriver.findElementByXPath(IOSDriver.java:1)
	at org.openqa.selenium.By$ByXPath.findElement(By.java:353)
	at org.openqa.selenium.remote.RemoteWebDriver.findElement(RemoteWebDriver.java:315)
	at io.appium.java_client.DefaultGenericMobileDriver.findElement(DefaultGenericMobileDriver.java:58)
	at io.appium.java_client.AppiumDriver.findElement(AppiumDriver.java:1)
	at io.appium.java_client.ios.IOSDriver.findElement(IOSDriver.java:1)
	at base.BaseKeyword$Trait$Helper.clickToElement(BaseKeyword.groovy:88)
	at screens.HomeScreen.clickToElement(HomeScreen.groovy)
	at screens.HomeScreen.openRequestList(HomeScreen.groovy:84)
	at 043 TAI FILE TAI CHI TIET HO SO_HO SO DEN.run(043 TAI FILE TAI CHI TIET HO SO_HO SO DEN:20)
	at com.kms.katalon.core.main.ScriptEngine.run(ScriptEngine.java:194)
	at com.kms.katalon.core.main.ScriptEngine.runScriptAsRawText(ScriptEngine.java:119)
	at com.kms.katalon.core.main.TestCaseExecutor.runScript(TestCaseExecutor.java:448)
	at com.kms.katalon.core.main.TestCaseExecutor.doExecute(TestCaseExecutor.java:439)
	at com.kms.katalon.core.main.TestCaseExecutor.processExecutionPhase(TestCaseExecutor.java:418)
	at com.kms.katalon.core.main.TestCaseExecutor.accessMainPhase(TestCaseExecutor.java:410)
	at com.kms.katalon.core.main.TestCaseExecutor.execute(TestCaseExecutor.java:285)
	at com.kms.katalon.core.common.CommonExecutor.accessTestCaseMainPhase(CommonExecutor.java:65)
	at com.kms.katalon.core.main.TestSuiteExecutor.accessTestSuiteMainPhase(TestSuiteExecutor.java:150)
	at com.kms.katalon.core.main.TestSuiteExecutor.execute(TestSuiteExecutor.java:106)
	at com.kms.katalon.core.main.TestCaseMain.startTestSuite(TestCaseMain.java:180)
	at TempTestSuite1747808312062.run(TempTestSuite1747808312062.groovy:35)
	at java.base/jdk.internal.reflect.NativeMethodAccessorImpl.invoke0(Native Method)
	at java.base/jdk.internal.reflect.NativeMethodAccessorImpl.invoke(NativeMethodAccessorImpl.java:77)
	at java.base/jdk.internal.reflect.DelegatingMethodAccessorImpl.invoke(DelegatingMethodAccessorImpl.java:43)


21-05-2025T14:16:59 - [TEST_STEP][PASSED] - Start listener action : beforeTest: drivers.Driver.openApp is PASSED

21-05-2025T14:16:59 - [TEST_STEP][PASSED] - DataTest.init(): null

21-05-2025T14:16:59 - [TEST_STEP][PASSED] - testCaseId = split("/").last(): null

21-05-2025T14:16:59 - [TEST_STEP][PASSED] - if (!(drivers.Driver.isAppiumRunning())): drivers.Driver.isAppiumRunning is PASSED

21-05-2025T14:16:59 - [MESSAGE][INFO] - Appium running: true

21-05-2025T14:16:59 - [MESSAGE][PASSED] - drivers.Driver.isAppiumRunning is PASSED

21-05-2025T14:16:59 - [TEST_STEP][PASSED] - if (driver == null || driver.getSessionId() == null): null

21-05-2025T14:16:59 - [TEST_STEP][PASSED] - drivers.Driver.openApp(): drivers.Driver.openApp is PASSED

21-05-2025T14:17:01 - [MESSAGE][PASSED] - drivers.Driver.openApp is PASSED

21-05-2025T14:17:01 - [TEST_STEP][PASSED] - FOLDER_NAME = "IPaperDownloads": null

21-05-2025T14:17:01 - [TEST_STEP][PASSED] - REQUEST_NAME = "Trình ký PDF có sẵn": null

21-05-2025T14:17:01 - [TEST_STEP][PASSED] - auto5 = DataTest.getUserTest5(): null

21-05-2025T14:17:01 - [TEST_STEP][PASSED] - auto6 = DataTest.getUserTest6(): null

21-05-2025T14:17:01 - [TEST_STEP][PASSED] - document = DataTest.createDocumentTest(auto5, auto6, null, "dummy.pdf", "dummy.pdf"): null

21-05-2025T14:17:01 - [TEST_STEP][PASSED] - loginScreen.login(auto5): null

21-05-2025T14:17:13 - [TEST_STEP][ERROR] - homeScreen.openRequestList(): Test Cases/IPAPER APP/043 TAI FILE TAI CHI TIET HO SO_HO SO DEN FAILED.
Reason:
org.openqa.selenium.NoSuchElementException: An element could not be located on the page using the given search parameters.
For documentation on this error, please visit: https://www.seleniumhq.org/exceptions/no_such_element.html
Build info: version: '3.141.59', revision: 'unknown', time: 'unknown'
System info: host: 'Cuong-Mac.local', ip: 'fe80:0:0:0:c43:6797:ebf2:3aad%en0', os.name: 'Mac OS X', os.arch: 'aarch64', os.version: '15.5', java.version: '17.0.7'
Driver info: io.appium.java_client.ios.IOSDriver
Capabilities {automationName: XCUITest, browserName: , databaseEnabled: false, fullReset: false, javascriptEnabled: true, locationContextEnabled: false, networkConnectionEnabled: false, noReset: true, platform: MAC, platformName: iOS, platformVersion: 18.4, takesScreenshot: true, udid: 00008110-000C10543443801E, webStorageEnabled: false}
Session ID: 01bfc3c6-5e13-4dc5-a0a0-9b9b6acbce73
*** Element info: {Using=xpath, value=//XCUIElementTypeImage[@name='ic_add']}
	at java.base/jdk.internal.reflect.NativeConstructorAccessorImpl.newInstance0(Native Method)
	at java.base/jdk.internal.reflect.NativeConstructorAccessorImpl.newInstance(NativeConstructorAccessorImpl.java:77)
	at java.base/jdk.internal.reflect.DelegatingConstructorAccessorImpl.newInstance(DelegatingConstructorAccessorImpl.java:45)
	at org.openqa.selenium.remote.http.W3CHttpResponseCodec.createException(W3CHttpResponseCodec.java:187)
	at org.openqa.selenium.remote.http.W3CHttpResponseCodec.decode(W3CHttpResponseCodec.java:122)
	at org.openqa.selenium.remote.http.W3CHttpResponseCodec.decode(W3CHttpResponseCodec.java:49)
	at org.openqa.selenium.remote.HttpCommandExecutor.execute(HttpCommandExecutor.java:158)
	at io.appium.java_client.remote.AppiumCommandExecutor.execute(AppiumCommandExecutor.java:239)
	at org.openqa.selenium.remote.RemoteWebDriver.execute(RemoteWebDriver.java:552)
	at io.appium.java_client.DefaultGenericMobileDriver.execute(DefaultGenericMobileDriver.java:42)
	at io.appium.java_client.AppiumDriver.execute(AppiumDriver.java:1)
	at io.appium.java_client.ios.IOSDriver.execute(IOSDriver.java:1)
	at org.openqa.selenium.remote.RemoteWebDriver.findElement(RemoteWebDriver.java:323)
	at io.appium.java_client.DefaultGenericMobileDriver.findElement(DefaultGenericMobileDriver.java:62)
	at io.appium.java_client.AppiumDriver.findElement(AppiumDriver.java:1)
	at io.appium.java_client.ios.IOSDriver.findElement(IOSDriver.java:1)
	at org.openqa.selenium.remote.RemoteWebDriver.findElementByXPath(RemoteWebDriver.java:428)
	at io.appium.java_client.DefaultGenericMobileDriver.findElementByXPath(DefaultGenericMobileDriver.java:152)
	at io.appium.java_client.AppiumDriver.findElementByXPath(AppiumDriver.java:1)
	at io.appium.java_client.ios.IOSDriver.findElementByXPath(IOSDriver.java:1)
	at org.openqa.selenium.By$ByXPath.findElement(By.java:353)
	at org.openqa.selenium.remote.RemoteWebDriver.findElement(RemoteWebDriver.java:315)
	at io.appium.java_client.DefaultGenericMobileDriver.findElement(DefaultGenericMobileDriver.java:58)
	at io.appium.java_client.AppiumDriver.findElement(AppiumDriver.java:1)
	at io.appium.java_client.ios.IOSDriver.findElement(IOSDriver.java:1)
	at base.BaseKeyword$Trait$Helper.clickToElement(BaseKeyword.groovy:88)
	at screens.HomeScreen.clickToElement(HomeScreen.groovy)
	at screens.HomeScreen.openRequestList(HomeScreen.groovy:84)
	at 043 TAI FILE TAI CHI TIET HO SO_HO SO DEN.run(043 TAI FILE TAI CHI TIET HO SO_HO SO DEN:20)
	at com.kms.katalon.core.main.ScriptEngine.run(ScriptEngine.java:194)
	at com.kms.katalon.core.main.ScriptEngine.runScriptAsRawText(ScriptEngine.java:119)
	at com.kms.katalon.core.main.TestCaseExecutor.runScript(TestCaseExecutor.java:448)
	at com.kms.katalon.core.main.TestCaseExecutor.doExecute(TestCaseExecutor.java:439)
	at com.kms.katalon.core.main.TestCaseExecutor.processExecutionPhase(TestCaseExecutor.java:418)
	at com.kms.katalon.core.main.TestCaseExecutor.accessMainPhase(TestCaseExecutor.java:410)
	at com.kms.katalon.core.main.TestCaseExecutor.execute(TestCaseExecutor.java:285)
	at com.kms.katalon.core.common.CommonExecutor.accessTestCaseMainPhase(CommonExecutor.java:65)
	at com.kms.katalon.core.main.TestSuiteExecutor.accessTestSuiteMainPhase(TestSuiteExecutor.java:150)
	at com.kms.katalon.core.main.TestSuiteExecutor.execute(TestSuiteExecutor.java:106)
	at com.kms.katalon.core.main.TestCaseMain.startTestSuite(TestCaseMain.java:180)
	at TempTestSuite1747808312062.run(TempTestSuite1747808312062.groovy:35)
	at java.base/jdk.internal.reflect.NativeMethodAccessorImpl.invoke0(Native Method)
	at java.base/jdk.internal.reflect.NativeMethodAccessorImpl.invoke(NativeMethodAccessorImpl.java:77)
	at java.base/jdk.internal.reflect.DelegatingMethodAccessorImpl.invoke(DelegatingMethodAccessorImpl.java:43)


21-05-2025T14:17:16 - [MESSAGE][ERROR] - Test Cases/IPAPER APP/043 TAI FILE TAI CHI TIET HO SO_HO SO DEN FAILED.
Reason:
org.openqa.selenium.NoSuchElementException: An element could not be located on the page using the given search parameters.
For documentation on this error, please visit: https://www.seleniumhq.org/exceptions/no_such_element.html
Build info: version: '3.141.59', revision: 'unknown', time: 'unknown'
System info: host: 'Cuong-Mac.local', ip: 'fe80:0:0:0:c43:6797:ebf2:3aad%en0', os.name: 'Mac OS X', os.arch: 'aarch64', os.version: '15.5', java.version: '17.0.7'
Driver info: io.appium.java_client.ios.IOSDriver
Capabilities {automationName: XCUITest, browserName: , databaseEnabled: false, fullReset: false, javascriptEnabled: true, locationContextEnabled: false, networkConnectionEnabled: false, noReset: true, platform: MAC, platformName: iOS, platformVersion: 18.4, takesScreenshot: true, udid: 00008110-000C10543443801E, webStorageEnabled: false}
Session ID: 01bfc3c6-5e13-4dc5-a0a0-9b9b6acbce73
*** Element info: {Using=xpath, value=//XCUIElementTypeImage[@name='ic_add']}
	at java.base/jdk.internal.reflect.NativeConstructorAccessorImpl.newInstance0(Native Method)
	at java.base/jdk.internal.reflect.NativeConstructorAccessorImpl.newInstance(NativeConstructorAccessorImpl.java:77)
	at java.base/jdk.internal.reflect.DelegatingConstructorAccessorImpl.newInstance(DelegatingConstructorAccessorImpl.java:45)
	at org.openqa.selenium.remote.http.W3CHttpResponseCodec.createException(W3CHttpResponseCodec.java:187)
	at org.openqa.selenium.remote.http.W3CHttpResponseCodec.decode(W3CHttpResponseCodec.java:122)
	at org.openqa.selenium.remote.http.W3CHttpResponseCodec.decode(W3CHttpResponseCodec.java:49)
	at org.openqa.selenium.remote.HttpCommandExecutor.execute(HttpCommandExecutor.java:158)
	at io.appium.java_client.remote.AppiumCommandExecutor.execute(AppiumCommandExecutor.java:239)
	at org.openqa.selenium.remote.RemoteWebDriver.execute(RemoteWebDriver.java:552)
	at io.appium.java_client.DefaultGenericMobileDriver.execute(DefaultGenericMobileDriver.java:42)
	at io.appium.java_client.AppiumDriver.execute(AppiumDriver.java:1)
	at io.appium.java_client.ios.IOSDriver.execute(IOSDriver.java:1)
	at org.openqa.selenium.remote.RemoteWebDriver.findElement(RemoteWebDriver.java:323)
	at io.appium.java_client.DefaultGenericMobileDriver.findElement(DefaultGenericMobileDriver.java:62)
	at io.appium.java_client.AppiumDriver.findElement(AppiumDriver.java:1)
	at io.appium.java_client.ios.IOSDriver.findElement(IOSDriver.java:1)
	at org.openqa.selenium.remote.RemoteWebDriver.findElementByXPath(RemoteWebDriver.java:428)
	at io.appium.java_client.DefaultGenericMobileDriver.findElementByXPath(DefaultGenericMobileDriver.java:152)
	at io.appium.java_client.AppiumDriver.findElementByXPath(AppiumDriver.java:1)
	at io.appium.java_client.ios.IOSDriver.findElementByXPath(IOSDriver.java:1)
	at org.openqa.selenium.By$ByXPath.findElement(By.java:353)
	at org.openqa.selenium.remote.RemoteWebDriver.findElement(RemoteWebDriver.java:315)
	at io.appium.java_client.DefaultGenericMobileDriver.findElement(DefaultGenericMobileDriver.java:58)
	at io.appium.java_client.AppiumDriver.findElement(AppiumDriver.java:1)
	at io.appium.java_client.ios.IOSDriver.findElement(IOSDriver.java:1)
	at base.BaseKeyword$Trait$Helper.clickToElement(BaseKeyword.groovy:88)
	at screens.HomeScreen.clickToElement(HomeScreen.groovy)
	at screens.HomeScreen.openRequestList(HomeScreen.groovy:84)
	at 043 TAI FILE TAI CHI TIET HO SO_HO SO DEN.run(043 TAI FILE TAI CHI TIET HO SO_HO SO DEN:20)
	at com.kms.katalon.core.main.ScriptEngine.run(ScriptEngine.java:194)
	at com.kms.katalon.core.main.ScriptEngine.runScriptAsRawText(ScriptEngine.java:119)
	at com.kms.katalon.core.main.TestCaseExecutor.runScript(TestCaseExecutor.java:448)
	at com.kms.katalon.core.main.TestCaseExecutor.doExecute(TestCaseExecutor.java:439)
	at com.kms.katalon.core.main.TestCaseExecutor.processExecutionPhase(TestCaseExecutor.java:418)
	at com.kms.katalon.core.main.TestCaseExecutor.accessMainPhase(TestCaseExecutor.java:410)
	at com.kms.katalon.core.main.TestCaseExecutor.execute(TestCaseExecutor.java:285)
	at com.kms.katalon.core.common.CommonExecutor.accessTestCaseMainPhase(CommonExecutor.java:65)
	at com.kms.katalon.core.main.TestSuiteExecutor.accessTestSuiteMainPhase(TestSuiteExecutor.java:150)
	at com.kms.katalon.core.main.TestSuiteExecutor.execute(TestSuiteExecutor.java:106)
	at com.kms.katalon.core.main.TestCaseMain.startTestSuite(TestCaseMain.java:180)
	at TempTestSuite1747808312062.run(TempTestSuite1747808312062.groovy:35)
	at java.base/jdk.internal.reflect.NativeMethodAccessorImpl.invoke0(Native Method)
	at java.base/jdk.internal.reflect.NativeMethodAccessorImpl.invoke(NativeMethodAccessorImpl.java:77)
	at java.base/jdk.internal.reflect.DelegatingMethodAccessorImpl.invoke(DelegatingMethodAccessorImpl.java:43)


21-05-2025T14:17:16 - [TEST_STEP][PASSED] - Start listener action : afterTest: null

21-05-2025T14:17:16 - [TEST_STEP][PASSED] - if (testCaseStatus != "PASSED"): Screenshot is taken

21-05-2025T14:17:16 - [TEST_STEP][PASSED] - takeScreenshot(ErrorScreen/$GlobalVariable.PLATFORM/$testCaseContext.getTestCaseId().png): Screenshot is taken

21-05-2025T14:17:16 - [MESSAGE][PASSED] - Screenshot is taken
[[ATTACHMENT|ErrorScreen/iOS/Test Cases/IPAPER APP/043 TAI FILE TAI CHI TIET HO SO_HO SO DEN.png]]

21-05-2025T14:17:16 - [TEST_STEP][PASSED] - drivers.Driver.closeApp(): drivers.Driver.closeApp is PASSED

21-05-2025T14:17:17 - [MESSAGE][PASSED] - drivers.Driver.closeApp is PASSED

21-05-2025T14:17:17 - [TEST_STEP][PASSED] - if (tsContext == null): null]]></system-out>
         <system-err><![CDATA[21-05-2025T14:16:59 - [TEST_CASE][ERROR] - Test Cases/IPAPER APP/043 TAI FILE TAI CHI TIET HO SO_HO SO DEN: Test Cases/IPAPER APP/043 TAI FILE TAI CHI TIET HO SO_HO SO DEN FAILED.
Reason:
org.openqa.selenium.NoSuchElementException: An element could not be located on the page using the given search parameters.
For documentation on this error, please visit: https://www.seleniumhq.org/exceptions/no_such_element.html
Build info: version: '3.141.59', revision: 'unknown', time: 'unknown'
System info: host: 'Cuong-Mac.local', ip: 'fe80:0:0:0:c43:6797:ebf2:3aad%en0', os.name: 'Mac OS X', os.arch: 'aarch64', os.version: '15.5', java.version: '17.0.7'
Driver info: io.appium.java_client.ios.IOSDriver
Capabilities {automationName: XCUITest, browserName: , databaseEnabled: false, fullReset: false, javascriptEnabled: true, locationContextEnabled: false, networkConnectionEnabled: false, noReset: true, platform: MAC, platformName: iOS, platformVersion: 18.4, takesScreenshot: true, udid: 00008110-000C10543443801E, webStorageEnabled: false}
Session ID: 01bfc3c6-5e13-4dc5-a0a0-9b9b6acbce73
*** Element info: {Using=xpath, value=//XCUIElementTypeImage[@name='ic_add']}
	at java.base/jdk.internal.reflect.NativeConstructorAccessorImpl.newInstance0(Native Method)
	at java.base/jdk.internal.reflect.NativeConstructorAccessorImpl.newInstance(NativeConstructorAccessorImpl.java:77)
	at java.base/jdk.internal.reflect.DelegatingConstructorAccessorImpl.newInstance(DelegatingConstructorAccessorImpl.java:45)
	at org.openqa.selenium.remote.http.W3CHttpResponseCodec.createException(W3CHttpResponseCodec.java:187)
	at org.openqa.selenium.remote.http.W3CHttpResponseCodec.decode(W3CHttpResponseCodec.java:122)
	at org.openqa.selenium.remote.http.W3CHttpResponseCodec.decode(W3CHttpResponseCodec.java:49)
	at org.openqa.selenium.remote.HttpCommandExecutor.execute(HttpCommandExecutor.java:158)
	at io.appium.java_client.remote.AppiumCommandExecutor.execute(AppiumCommandExecutor.java:239)
	at org.openqa.selenium.remote.RemoteWebDriver.execute(RemoteWebDriver.java:552)
	at io.appium.java_client.DefaultGenericMobileDriver.execute(DefaultGenericMobileDriver.java:42)
	at io.appium.java_client.AppiumDriver.execute(AppiumDriver.java:1)
	at io.appium.java_client.ios.IOSDriver.execute(IOSDriver.java:1)
	at org.openqa.selenium.remote.RemoteWebDriver.findElement(RemoteWebDriver.java:323)
	at io.appium.java_client.DefaultGenericMobileDriver.findElement(DefaultGenericMobileDriver.java:62)
	at io.appium.java_client.AppiumDriver.findElement(AppiumDriver.java:1)
	at io.appium.java_client.ios.IOSDriver.findElement(IOSDriver.java:1)
	at org.openqa.selenium.remote.RemoteWebDriver.findElementByXPath(RemoteWebDriver.java:428)
	at io.appium.java_client.DefaultGenericMobileDriver.findElementByXPath(DefaultGenericMobileDriver.java:152)
	at io.appium.java_client.AppiumDriver.findElementByXPath(AppiumDriver.java:1)
	at io.appium.java_client.ios.IOSDriver.findElementByXPath(IOSDriver.java:1)
	at org.openqa.selenium.By$ByXPath.findElement(By.java:353)
	at org.openqa.selenium.remote.RemoteWebDriver.findElement(RemoteWebDriver.java:315)
	at io.appium.java_client.DefaultGenericMobileDriver.findElement(DefaultGenericMobileDriver.java:58)
	at io.appium.java_client.AppiumDriver.findElement(AppiumDriver.java:1)
	at io.appium.java_client.ios.IOSDriver.findElement(IOSDriver.java:1)
	at base.BaseKeyword$Trait$Helper.clickToElement(BaseKeyword.groovy:88)
	at screens.HomeScreen.clickToElement(HomeScreen.groovy)
	at screens.HomeScreen.openRequestList(HomeScreen.groovy:84)
	at 043 TAI FILE TAI CHI TIET HO SO_HO SO DEN.run(043 TAI FILE TAI CHI TIET HO SO_HO SO DEN:20)
	at com.kms.katalon.core.main.ScriptEngine.run(ScriptEngine.java:194)
	at com.kms.katalon.core.main.ScriptEngine.runScriptAsRawText(ScriptEngine.java:119)
	at com.kms.katalon.core.main.TestCaseExecutor.runScript(TestCaseExecutor.java:448)
	at com.kms.katalon.core.main.TestCaseExecutor.doExecute(TestCaseExecutor.java:439)
	at com.kms.katalon.core.main.TestCaseExecutor.processExecutionPhase(TestCaseExecutor.java:418)
	at com.kms.katalon.core.main.TestCaseExecutor.accessMainPhase(TestCaseExecutor.java:410)
	at com.kms.katalon.core.main.TestCaseExecutor.execute(TestCaseExecutor.java:285)
	at com.kms.katalon.core.common.CommonExecutor.accessTestCaseMainPhase(CommonExecutor.java:65)
	at com.kms.katalon.core.main.TestSuiteExecutor.accessTestSuiteMainPhase(TestSuiteExecutor.java:150)
	at com.kms.katalon.core.main.TestSuiteExecutor.execute(TestSuiteExecutor.java:106)
	at com.kms.katalon.core.main.TestCaseMain.startTestSuite(TestCaseMain.java:180)
	at TempTestSuite1747808312062.run(TempTestSuite1747808312062.groovy:35)
	at java.base/jdk.internal.reflect.NativeMethodAccessorImpl.invoke0(Native Method)
	at java.base/jdk.internal.reflect.NativeMethodAccessorImpl.invoke(NativeMethodAccessorImpl.java:77)
	at java.base/jdk.internal.reflect.DelegatingMethodAccessorImpl.invoke(DelegatingMethodAccessorImpl.java:43)]]></system-err>
      </testcase>
      <testcase name="Test Cases/IPAPER APP/040 LAY Y KIEN CHI TIET_KHONG NHAP Y KIEN" time="17.696" classname="Test Cases/IPAPER APP/040 LAY Y KIEN CHI TIET_KHONG NHAP Y KIEN" status="ERROR">
         <error type="ERROR" message="Test Cases/IPAPER APP/040 LAY Y KIEN CHI TIET_KHONG NHAP Y KIEN FAILED.&#xa;Reason:&#xa;org.openqa.selenium.NoSuchElementException: An element could not be located on the page using the given search parameters.&#xa;For documentation on this error, please visit: https://www.seleniumhq.org/exceptions/no_such_element.html&#xa;Build info: version: '3.141.59', revision: 'unknown', time: 'unknown'&#xa;System info: host: 'Cuong-Mac.local', ip: 'fe80:0:0:0:c43:6797:ebf2:3aad%en0', os.name: 'Mac OS X', os.arch: 'aarch64', os.version: '15.5', java.version: '17.0.7'&#xa;Driver info: io.appium.java_client.ios.IOSDriver&#xa;Capabilities {automationName: XCUITest, browserName: , databaseEnabled: false, fullReset: false, javascriptEnabled: true, locationContextEnabled: false, networkConnectionEnabled: false, noReset: true, platform: MAC, platformName: iOS, platformVersion: 18.4, takesScreenshot: true, udid: 00008110-000C10543443801E, webStorageEnabled: false}&#xa;Session ID: 01bfc3c6-5e13-4dc5-a0a0-9b9b6acbce73&#xa;*** Element info: {Using=xpath, value=//XCUIElementTypeImage[@name='ic_add']}&#xa;	at java.base/jdk.internal.reflect.NativeConstructorAccessorImpl.newInstance0(Native Method)&#xa;	at java.base/jdk.internal.reflect.NativeConstructorAccessorImpl.newInstance(NativeConstructorAccessorImpl.java:77)&#xa;	at java.base/jdk.internal.reflect.DelegatingConstructorAccessorImpl.newInstance(DelegatingConstructorAccessorImpl.java:45)&#xa;	at org.openqa.selenium.remote.http.W3CHttpResponseCodec.createException(W3CHttpResponseCodec.java:187)&#xa;	at org.openqa.selenium.remote.http.W3CHttpResponseCodec.decode(W3CHttpResponseCodec.java:122)&#xa;	at org.openqa.selenium.remote.http.W3CHttpResponseCodec.decode(W3CHttpResponseCodec.java:49)&#xa;	at org.openqa.selenium.remote.HttpCommandExecutor.execute(HttpCommandExecutor.java:158)&#xa;	at io.appium.java_client.remote.AppiumCommandExecutor.execute(AppiumCommandExecutor.java:239)&#xa;	at org.openqa.selenium.remote.RemoteWebDriver.execute(RemoteWebDriver.java:552)&#xa;	at io.appium.java_client.DefaultGenericMobileDriver.execute(DefaultGenericMobileDriver.java:42)&#xa;	at io.appium.java_client.AppiumDriver.execute(AppiumDriver.java:1)&#xa;	at io.appium.java_client.ios.IOSDriver.execute(IOSDriver.java:1)&#xa;	at org.openqa.selenium.remote.RemoteWebDriver.findElement(RemoteWebDriver.java:323)&#xa;	at io.appium.java_client.DefaultGenericMobileDriver.findElement(DefaultGenericMobileDriver.java:62)&#xa;	at io.appium.java_client.AppiumDriver.findElement(AppiumDriver.java:1)&#xa;	at io.appium.java_client.ios.IOSDriver.findElement(IOSDriver.java:1)&#xa;	at org.openqa.selenium.remote.RemoteWebDriver.findElementByXPath(RemoteWebDriver.java:428)&#xa;	at io.appium.java_client.DefaultGenericMobileDriver.findElementByXPath(DefaultGenericMobileDriver.java:152)&#xa;	at io.appium.java_client.AppiumDriver.findElementByXPath(AppiumDriver.java:1)&#xa;	at io.appium.java_client.ios.IOSDriver.findElementByXPath(IOSDriver.java:1)&#xa;	at org.openqa.selenium.By$ByXPath.findElement(By.java:353)&#xa;	at org.openqa.selenium.remote.RemoteWebDriver.findElement(RemoteWebDriver.java:315)&#xa;	at io.appium.java_client.DefaultGenericMobileDriver.findElement(DefaultGenericMobileDriver.java:58)&#xa;	at io.appium.java_client.AppiumDriver.findElement(AppiumDriver.java:1)&#xa;	at io.appium.java_client.ios.IOSDriver.findElement(IOSDriver.java:1)&#xa;	at base.BaseKeyword$Trait$Helper.clickToElement(BaseKeyword.groovy:88)&#xa;	at screens.HomeScreen.clickToElement(HomeScreen.groovy)&#xa;	at screens.HomeScreen.openRequestList(HomeScreen.groovy:84)&#xa;	at 040 LAY Y KIEN CHI TIET_KHONG NHAP Y KIEN.run(040 LAY Y KIEN CHI TIET_KHONG NHAP Y KIEN:24)&#xa;	at com.kms.katalon.core.main.ScriptEngine.run(ScriptEngine.java:194)&#xa;	at com.kms.katalon.core.main.ScriptEngine.runScriptAsRawText(ScriptEngine.java:119)&#xa;	at com.kms.katalon.core.main.TestCaseExecutor.runScript(TestCaseExecutor.java:448)&#xa;	at com.kms.katalon.core.main.TestCaseExecutor.doExecute(TestCaseExecutor.java:439)&#xa;	at com.kms.katalon.core.main.TestCaseExecutor.processExecutionPhase(TestCaseExecutor.java:418)&#xa;	at com.kms.katalon.core.main.TestCaseExecutor.accessMainPhase(TestCaseExecutor.java:410)&#xa;	at com.kms.katalon.core.main.TestCaseExecutor.execute(TestCaseExecutor.java:285)&#xa;	at com.kms.katalon.core.common.CommonExecutor.accessTestCaseMainPhase(CommonExecutor.java:65)&#xa;	at com.kms.katalon.core.main.TestSuiteExecutor.accessTestSuiteMainPhase(TestSuiteExecutor.java:150)&#xa;	at com.kms.katalon.core.main.TestSuiteExecutor.execute(TestSuiteExecutor.java:106)&#xa;	at com.kms.katalon.core.main.TestCaseMain.startTestSuite(TestCaseMain.java:180)&#xa;	at TempTestSuite1747808312062.run(TempTestSuite1747808312062.groovy:35)&#xa;	at java.base/jdk.internal.reflect.NativeMethodAccessorImpl.invoke0(Native Method)&#xa;	at java.base/jdk.internal.reflect.NativeMethodAccessorImpl.invoke(NativeMethodAccessorImpl.java:77)&#xa;	at java.base/jdk.internal.reflect.DelegatingMethodAccessorImpl.invoke(DelegatingMethodAccessorImpl.java:43)&#xa;"/>
         <system-out><![CDATA[21-05-2025T14:17:17 - [TEST_CASE][ERROR] - Test Cases/IPAPER APP/040 LAY Y KIEN CHI TIET_KHONG NHAP Y KIEN: Test Cases/IPAPER APP/040 LAY Y KIEN CHI TIET_KHONG NHAP Y KIEN FAILED.
Reason:
org.openqa.selenium.NoSuchElementException: An element could not be located on the page using the given search parameters.
For documentation on this error, please visit: https://www.seleniumhq.org/exceptions/no_such_element.html
Build info: version: '3.141.59', revision: 'unknown', time: 'unknown'
System info: host: 'Cuong-Mac.local', ip: 'fe80:0:0:0:c43:6797:ebf2:3aad%en0', os.name: 'Mac OS X', os.arch: 'aarch64', os.version: '15.5', java.version: '17.0.7'
Driver info: io.appium.java_client.ios.IOSDriver
Capabilities {automationName: XCUITest, browserName: , databaseEnabled: false, fullReset: false, javascriptEnabled: true, locationContextEnabled: false, networkConnectionEnabled: false, noReset: true, platform: MAC, platformName: iOS, platformVersion: 18.4, takesScreenshot: true, udid: 00008110-000C10543443801E, webStorageEnabled: false}
Session ID: 01bfc3c6-5e13-4dc5-a0a0-9b9b6acbce73
*** Element info: {Using=xpath, value=//XCUIElementTypeImage[@name='ic_add']}
	at java.base/jdk.internal.reflect.NativeConstructorAccessorImpl.newInstance0(Native Method)
	at java.base/jdk.internal.reflect.NativeConstructorAccessorImpl.newInstance(NativeConstructorAccessorImpl.java:77)
	at java.base/jdk.internal.reflect.DelegatingConstructorAccessorImpl.newInstance(DelegatingConstructorAccessorImpl.java:45)
	at org.openqa.selenium.remote.http.W3CHttpResponseCodec.createException(W3CHttpResponseCodec.java:187)
	at org.openqa.selenium.remote.http.W3CHttpResponseCodec.decode(W3CHttpResponseCodec.java:122)
	at org.openqa.selenium.remote.http.W3CHttpResponseCodec.decode(W3CHttpResponseCodec.java:49)
	at org.openqa.selenium.remote.HttpCommandExecutor.execute(HttpCommandExecutor.java:158)
	at io.appium.java_client.remote.AppiumCommandExecutor.execute(AppiumCommandExecutor.java:239)
	at org.openqa.selenium.remote.RemoteWebDriver.execute(RemoteWebDriver.java:552)
	at io.appium.java_client.DefaultGenericMobileDriver.execute(DefaultGenericMobileDriver.java:42)
	at io.appium.java_client.AppiumDriver.execute(AppiumDriver.java:1)
	at io.appium.java_client.ios.IOSDriver.execute(IOSDriver.java:1)
	at org.openqa.selenium.remote.RemoteWebDriver.findElement(RemoteWebDriver.java:323)
	at io.appium.java_client.DefaultGenericMobileDriver.findElement(DefaultGenericMobileDriver.java:62)
	at io.appium.java_client.AppiumDriver.findElement(AppiumDriver.java:1)
	at io.appium.java_client.ios.IOSDriver.findElement(IOSDriver.java:1)
	at org.openqa.selenium.remote.RemoteWebDriver.findElementByXPath(RemoteWebDriver.java:428)
	at io.appium.java_client.DefaultGenericMobileDriver.findElementByXPath(DefaultGenericMobileDriver.java:152)
	at io.appium.java_client.AppiumDriver.findElementByXPath(AppiumDriver.java:1)
	at io.appium.java_client.ios.IOSDriver.findElementByXPath(IOSDriver.java:1)
	at org.openqa.selenium.By$ByXPath.findElement(By.java:353)
	at org.openqa.selenium.remote.RemoteWebDriver.findElement(RemoteWebDriver.java:315)
	at io.appium.java_client.DefaultGenericMobileDriver.findElement(DefaultGenericMobileDriver.java:58)
	at io.appium.java_client.AppiumDriver.findElement(AppiumDriver.java:1)
	at io.appium.java_client.ios.IOSDriver.findElement(IOSDriver.java:1)
	at base.BaseKeyword$Trait$Helper.clickToElement(BaseKeyword.groovy:88)
	at screens.HomeScreen.clickToElement(HomeScreen.groovy)
	at screens.HomeScreen.openRequestList(HomeScreen.groovy:84)
	at 040 LAY Y KIEN CHI TIET_KHONG NHAP Y KIEN.run(040 LAY Y KIEN CHI TIET_KHONG NHAP Y KIEN:24)
	at com.kms.katalon.core.main.ScriptEngine.run(ScriptEngine.java:194)
	at com.kms.katalon.core.main.ScriptEngine.runScriptAsRawText(ScriptEngine.java:119)
	at com.kms.katalon.core.main.TestCaseExecutor.runScript(TestCaseExecutor.java:448)
	at com.kms.katalon.core.main.TestCaseExecutor.doExecute(TestCaseExecutor.java:439)
	at com.kms.katalon.core.main.TestCaseExecutor.processExecutionPhase(TestCaseExecutor.java:418)
	at com.kms.katalon.core.main.TestCaseExecutor.accessMainPhase(TestCaseExecutor.java:410)
	at com.kms.katalon.core.main.TestCaseExecutor.execute(TestCaseExecutor.java:285)
	at com.kms.katalon.core.common.CommonExecutor.accessTestCaseMainPhase(CommonExecutor.java:65)
	at com.kms.katalon.core.main.TestSuiteExecutor.accessTestSuiteMainPhase(TestSuiteExecutor.java:150)
	at com.kms.katalon.core.main.TestSuiteExecutor.execute(TestSuiteExecutor.java:106)
	at com.kms.katalon.core.main.TestCaseMain.startTestSuite(TestCaseMain.java:180)
	at TempTestSuite1747808312062.run(TempTestSuite1747808312062.groovy:35)
	at java.base/jdk.internal.reflect.NativeMethodAccessorImpl.invoke0(Native Method)
	at java.base/jdk.internal.reflect.NativeMethodAccessorImpl.invoke(NativeMethodAccessorImpl.java:77)
	at java.base/jdk.internal.reflect.DelegatingMethodAccessorImpl.invoke(DelegatingMethodAccessorImpl.java:43)


21-05-2025T14:17:17 - [TEST_STEP][PASSED] - Start listener action : beforeTest: drivers.Driver.openApp is PASSED

21-05-2025T14:17:17 - [TEST_STEP][PASSED] - DataTest.init(): null

21-05-2025T14:17:17 - [TEST_STEP][PASSED] - testCaseId = split("/").last(): null

21-05-2025T14:17:17 - [TEST_STEP][PASSED] - if (!(drivers.Driver.isAppiumRunning())): drivers.Driver.isAppiumRunning is PASSED

21-05-2025T14:17:17 - [MESSAGE][INFO] - Appium running: true

21-05-2025T14:17:17 - [MESSAGE][PASSED] - drivers.Driver.isAppiumRunning is PASSED

21-05-2025T14:17:17 - [TEST_STEP][PASSED] - if (driver == null || driver.getSessionId() == null): null

21-05-2025T14:17:17 - [TEST_STEP][PASSED] - drivers.Driver.openApp(): drivers.Driver.openApp is PASSED

21-05-2025T14:17:19 - [MESSAGE][PASSED] - drivers.Driver.openApp is PASSED

21-05-2025T14:17:19 - [TEST_STEP][PASSED] - REQUEST_NAME = "Trình ký PDF có sẵn": null

21-05-2025T14:17:19 - [TEST_STEP][PASSED] - USER_CREATE_COMMENT = "Commented by user create document": null

21-05-2025T14:17:19 - [TEST_STEP][PASSED] - ASSIGNER_COMMENT = "Comment by assigner": null

21-05-2025T14:17:19 - [TEST_STEP][PASSED] - documentTitle = "Trình ký " + System.currentTimeMillis(): null

21-05-2025T14:17:19 - [TEST_STEP][PASSED] - auto5 = DataTest.getUserTest5(): null

21-05-2025T14:17:19 - [TEST_STEP][PASSED] - auto6 = DataTest.getUserTest6(): null

21-05-2025T14:17:19 - [TEST_STEP][PASSED] - document = DataTest.createDocumentTest(auto5, auto6, null, "dummy.pdf", "dummy.pdf"): null

21-05-2025T14:17:19 - [TEST_STEP][PASSED] - loginScreen.login(auto5): null

21-05-2025T14:17:31 - [TEST_STEP][ERROR] - homeScreen.openRequestList(): Test Cases/IPAPER APP/040 LAY Y KIEN CHI TIET_KHONG NHAP Y KIEN FAILED.
Reason:
org.openqa.selenium.NoSuchElementException: An element could not be located on the page using the given search parameters.
For documentation on this error, please visit: https://www.seleniumhq.org/exceptions/no_such_element.html
Build info: version: '3.141.59', revision: 'unknown', time: 'unknown'
System info: host: 'Cuong-Mac.local', ip: 'fe80:0:0:0:c43:6797:ebf2:3aad%en0', os.name: 'Mac OS X', os.arch: 'aarch64', os.version: '15.5', java.version: '17.0.7'
Driver info: io.appium.java_client.ios.IOSDriver
Capabilities {automationName: XCUITest, browserName: , databaseEnabled: false, fullReset: false, javascriptEnabled: true, locationContextEnabled: false, networkConnectionEnabled: false, noReset: true, platform: MAC, platformName: iOS, platformVersion: 18.4, takesScreenshot: true, udid: 00008110-000C10543443801E, webStorageEnabled: false}
Session ID: 01bfc3c6-5e13-4dc5-a0a0-9b9b6acbce73
*** Element info: {Using=xpath, value=//XCUIElementTypeImage[@name='ic_add']}
	at java.base/jdk.internal.reflect.NativeConstructorAccessorImpl.newInstance0(Native Method)
	at java.base/jdk.internal.reflect.NativeConstructorAccessorImpl.newInstance(NativeConstructorAccessorImpl.java:77)
	at java.base/jdk.internal.reflect.DelegatingConstructorAccessorImpl.newInstance(DelegatingConstructorAccessorImpl.java:45)
	at org.openqa.selenium.remote.http.W3CHttpResponseCodec.createException(W3CHttpResponseCodec.java:187)
	at org.openqa.selenium.remote.http.W3CHttpResponseCodec.decode(W3CHttpResponseCodec.java:122)
	at org.openqa.selenium.remote.http.W3CHttpResponseCodec.decode(W3CHttpResponseCodec.java:49)
	at org.openqa.selenium.remote.HttpCommandExecutor.execute(HttpCommandExecutor.java:158)
	at io.appium.java_client.remote.AppiumCommandExecutor.execute(AppiumCommandExecutor.java:239)
	at org.openqa.selenium.remote.RemoteWebDriver.execute(RemoteWebDriver.java:552)
	at io.appium.java_client.DefaultGenericMobileDriver.execute(DefaultGenericMobileDriver.java:42)
	at io.appium.java_client.AppiumDriver.execute(AppiumDriver.java:1)
	at io.appium.java_client.ios.IOSDriver.execute(IOSDriver.java:1)
	at org.openqa.selenium.remote.RemoteWebDriver.findElement(RemoteWebDriver.java:323)
	at io.appium.java_client.DefaultGenericMobileDriver.findElement(DefaultGenericMobileDriver.java:62)
	at io.appium.java_client.AppiumDriver.findElement(AppiumDriver.java:1)
	at io.appium.java_client.ios.IOSDriver.findElement(IOSDriver.java:1)
	at org.openqa.selenium.remote.RemoteWebDriver.findElementByXPath(RemoteWebDriver.java:428)
	at io.appium.java_client.DefaultGenericMobileDriver.findElementByXPath(DefaultGenericMobileDriver.java:152)
	at io.appium.java_client.AppiumDriver.findElementByXPath(AppiumDriver.java:1)
	at io.appium.java_client.ios.IOSDriver.findElementByXPath(IOSDriver.java:1)
	at org.openqa.selenium.By$ByXPath.findElement(By.java:353)
	at org.openqa.selenium.remote.RemoteWebDriver.findElement(RemoteWebDriver.java:315)
	at io.appium.java_client.DefaultGenericMobileDriver.findElement(DefaultGenericMobileDriver.java:58)
	at io.appium.java_client.AppiumDriver.findElement(AppiumDriver.java:1)
	at io.appium.java_client.ios.IOSDriver.findElement(IOSDriver.java:1)
	at base.BaseKeyword$Trait$Helper.clickToElement(BaseKeyword.groovy:88)
	at screens.HomeScreen.clickToElement(HomeScreen.groovy)
	at screens.HomeScreen.openRequestList(HomeScreen.groovy:84)
	at 040 LAY Y KIEN CHI TIET_KHONG NHAP Y KIEN.run(040 LAY Y KIEN CHI TIET_KHONG NHAP Y KIEN:24)
	at com.kms.katalon.core.main.ScriptEngine.run(ScriptEngine.java:194)
	at com.kms.katalon.core.main.ScriptEngine.runScriptAsRawText(ScriptEngine.java:119)
	at com.kms.katalon.core.main.TestCaseExecutor.runScript(TestCaseExecutor.java:448)
	at com.kms.katalon.core.main.TestCaseExecutor.doExecute(TestCaseExecutor.java:439)
	at com.kms.katalon.core.main.TestCaseExecutor.processExecutionPhase(TestCaseExecutor.java:418)
	at com.kms.katalon.core.main.TestCaseExecutor.accessMainPhase(TestCaseExecutor.java:410)
	at com.kms.katalon.core.main.TestCaseExecutor.execute(TestCaseExecutor.java:285)
	at com.kms.katalon.core.common.CommonExecutor.accessTestCaseMainPhase(CommonExecutor.java:65)
	at com.kms.katalon.core.main.TestSuiteExecutor.accessTestSuiteMainPhase(TestSuiteExecutor.java:150)
	at com.kms.katalon.core.main.TestSuiteExecutor.execute(TestSuiteExecutor.java:106)
	at com.kms.katalon.core.main.TestCaseMain.startTestSuite(TestCaseMain.java:180)
	at TempTestSuite1747808312062.run(TempTestSuite1747808312062.groovy:35)
	at java.base/jdk.internal.reflect.NativeMethodAccessorImpl.invoke0(Native Method)
	at java.base/jdk.internal.reflect.NativeMethodAccessorImpl.invoke(NativeMethodAccessorImpl.java:77)
	at java.base/jdk.internal.reflect.DelegatingMethodAccessorImpl.invoke(DelegatingMethodAccessorImpl.java:43)


21-05-2025T14:17:34 - [MESSAGE][ERROR] - Test Cases/IPAPER APP/040 LAY Y KIEN CHI TIET_KHONG NHAP Y KIEN FAILED.
Reason:
org.openqa.selenium.NoSuchElementException: An element could not be located on the page using the given search parameters.
For documentation on this error, please visit: https://www.seleniumhq.org/exceptions/no_such_element.html
Build info: version: '3.141.59', revision: 'unknown', time: 'unknown'
System info: host: 'Cuong-Mac.local', ip: 'fe80:0:0:0:c43:6797:ebf2:3aad%en0', os.name: 'Mac OS X', os.arch: 'aarch64', os.version: '15.5', java.version: '17.0.7'
Driver info: io.appium.java_client.ios.IOSDriver
Capabilities {automationName: XCUITest, browserName: , databaseEnabled: false, fullReset: false, javascriptEnabled: true, locationContextEnabled: false, networkConnectionEnabled: false, noReset: true, platform: MAC, platformName: iOS, platformVersion: 18.4, takesScreenshot: true, udid: 00008110-000C10543443801E, webStorageEnabled: false}
Session ID: 01bfc3c6-5e13-4dc5-a0a0-9b9b6acbce73
*** Element info: {Using=xpath, value=//XCUIElementTypeImage[@name='ic_add']}
	at java.base/jdk.internal.reflect.NativeConstructorAccessorImpl.newInstance0(Native Method)
	at java.base/jdk.internal.reflect.NativeConstructorAccessorImpl.newInstance(NativeConstructorAccessorImpl.java:77)
	at java.base/jdk.internal.reflect.DelegatingConstructorAccessorImpl.newInstance(DelegatingConstructorAccessorImpl.java:45)
	at org.openqa.selenium.remote.http.W3CHttpResponseCodec.createException(W3CHttpResponseCodec.java:187)
	at org.openqa.selenium.remote.http.W3CHttpResponseCodec.decode(W3CHttpResponseCodec.java:122)
	at org.openqa.selenium.remote.http.W3CHttpResponseCodec.decode(W3CHttpResponseCodec.java:49)
	at org.openqa.selenium.remote.HttpCommandExecutor.execute(HttpCommandExecutor.java:158)
	at io.appium.java_client.remote.AppiumCommandExecutor.execute(AppiumCommandExecutor.java:239)
	at org.openqa.selenium.remote.RemoteWebDriver.execute(RemoteWebDriver.java:552)
	at io.appium.java_client.DefaultGenericMobileDriver.execute(DefaultGenericMobileDriver.java:42)
	at io.appium.java_client.AppiumDriver.execute(AppiumDriver.java:1)
	at io.appium.java_client.ios.IOSDriver.execute(IOSDriver.java:1)
	at org.openqa.selenium.remote.RemoteWebDriver.findElement(RemoteWebDriver.java:323)
	at io.appium.java_client.DefaultGenericMobileDriver.findElement(DefaultGenericMobileDriver.java:62)
	at io.appium.java_client.AppiumDriver.findElement(AppiumDriver.java:1)
	at io.appium.java_client.ios.IOSDriver.findElement(IOSDriver.java:1)
	at org.openqa.selenium.remote.RemoteWebDriver.findElementByXPath(RemoteWebDriver.java:428)
	at io.appium.java_client.DefaultGenericMobileDriver.findElementByXPath(DefaultGenericMobileDriver.java:152)
	at io.appium.java_client.AppiumDriver.findElementByXPath(AppiumDriver.java:1)
	at io.appium.java_client.ios.IOSDriver.findElementByXPath(IOSDriver.java:1)
	at org.openqa.selenium.By$ByXPath.findElement(By.java:353)
	at org.openqa.selenium.remote.RemoteWebDriver.findElement(RemoteWebDriver.java:315)
	at io.appium.java_client.DefaultGenericMobileDriver.findElement(DefaultGenericMobileDriver.java:58)
	at io.appium.java_client.AppiumDriver.findElement(AppiumDriver.java:1)
	at io.appium.java_client.ios.IOSDriver.findElement(IOSDriver.java:1)
	at base.BaseKeyword$Trait$Helper.clickToElement(BaseKeyword.groovy:88)
	at screens.HomeScreen.clickToElement(HomeScreen.groovy)
	at screens.HomeScreen.openRequestList(HomeScreen.groovy:84)
	at 040 LAY Y KIEN CHI TIET_KHONG NHAP Y KIEN.run(040 LAY Y KIEN CHI TIET_KHONG NHAP Y KIEN:24)
	at com.kms.katalon.core.main.ScriptEngine.run(ScriptEngine.java:194)
	at com.kms.katalon.core.main.ScriptEngine.runScriptAsRawText(ScriptEngine.java:119)
	at com.kms.katalon.core.main.TestCaseExecutor.runScript(TestCaseExecutor.java:448)
	at com.kms.katalon.core.main.TestCaseExecutor.doExecute(TestCaseExecutor.java:439)
	at com.kms.katalon.core.main.TestCaseExecutor.processExecutionPhase(TestCaseExecutor.java:418)
	at com.kms.katalon.core.main.TestCaseExecutor.accessMainPhase(TestCaseExecutor.java:410)
	at com.kms.katalon.core.main.TestCaseExecutor.execute(TestCaseExecutor.java:285)
	at com.kms.katalon.core.common.CommonExecutor.accessTestCaseMainPhase(CommonExecutor.java:65)
	at com.kms.katalon.core.main.TestSuiteExecutor.accessTestSuiteMainPhase(TestSuiteExecutor.java:150)
	at com.kms.katalon.core.main.TestSuiteExecutor.execute(TestSuiteExecutor.java:106)
	at com.kms.katalon.core.main.TestCaseMain.startTestSuite(TestCaseMain.java:180)
	at TempTestSuite1747808312062.run(TempTestSuite1747808312062.groovy:35)
	at java.base/jdk.internal.reflect.NativeMethodAccessorImpl.invoke0(Native Method)
	at java.base/jdk.internal.reflect.NativeMethodAccessorImpl.invoke(NativeMethodAccessorImpl.java:77)
	at java.base/jdk.internal.reflect.DelegatingMethodAccessorImpl.invoke(DelegatingMethodAccessorImpl.java:43)


21-05-2025T14:17:34 - [TEST_STEP][PASSED] - Start listener action : afterTest: null

21-05-2025T14:17:34 - [TEST_STEP][PASSED] - if (testCaseStatus != "PASSED"): Screenshot is taken

21-05-2025T14:17:34 - [TEST_STEP][PASSED] - takeScreenshot(ErrorScreen/$GlobalVariable.PLATFORM/$testCaseContext.getTestCaseId().png): Screenshot is taken

21-05-2025T14:17:34 - [MESSAGE][PASSED] - Screenshot is taken
[[ATTACHMENT|ErrorScreen/iOS/Test Cases/IPAPER APP/040 LAY Y KIEN CHI TIET_KHONG NHAP Y KIEN.png]]

21-05-2025T14:17:34 - [TEST_STEP][PASSED] - drivers.Driver.closeApp(): drivers.Driver.closeApp is PASSED

21-05-2025T14:17:35 - [MESSAGE][PASSED] - drivers.Driver.closeApp is PASSED

21-05-2025T14:17:35 - [TEST_STEP][PASSED] - if (tsContext == null): null]]></system-out>
         <system-err><![CDATA[21-05-2025T14:17:17 - [TEST_CASE][ERROR] - Test Cases/IPAPER APP/040 LAY Y KIEN CHI TIET_KHONG NHAP Y KIEN: Test Cases/IPAPER APP/040 LAY Y KIEN CHI TIET_KHONG NHAP Y KIEN FAILED.
Reason:
org.openqa.selenium.NoSuchElementException: An element could not be located on the page using the given search parameters.
For documentation on this error, please visit: https://www.seleniumhq.org/exceptions/no_such_element.html
Build info: version: '3.141.59', revision: 'unknown', time: 'unknown'
System info: host: 'Cuong-Mac.local', ip: 'fe80:0:0:0:c43:6797:ebf2:3aad%en0', os.name: 'Mac OS X', os.arch: 'aarch64', os.version: '15.5', java.version: '17.0.7'
Driver info: io.appium.java_client.ios.IOSDriver
Capabilities {automationName: XCUITest, browserName: , databaseEnabled: false, fullReset: false, javascriptEnabled: true, locationContextEnabled: false, networkConnectionEnabled: false, noReset: true, platform: MAC, platformName: iOS, platformVersion: 18.4, takesScreenshot: true, udid: 00008110-000C10543443801E, webStorageEnabled: false}
Session ID: 01bfc3c6-5e13-4dc5-a0a0-9b9b6acbce73
*** Element info: {Using=xpath, value=//XCUIElementTypeImage[@name='ic_add']}
	at java.base/jdk.internal.reflect.NativeConstructorAccessorImpl.newInstance0(Native Method)
	at java.base/jdk.internal.reflect.NativeConstructorAccessorImpl.newInstance(NativeConstructorAccessorImpl.java:77)
	at java.base/jdk.internal.reflect.DelegatingConstructorAccessorImpl.newInstance(DelegatingConstructorAccessorImpl.java:45)
	at org.openqa.selenium.remote.http.W3CHttpResponseCodec.createException(W3CHttpResponseCodec.java:187)
	at org.openqa.selenium.remote.http.W3CHttpResponseCodec.decode(W3CHttpResponseCodec.java:122)
	at org.openqa.selenium.remote.http.W3CHttpResponseCodec.decode(W3CHttpResponseCodec.java:49)
	at org.openqa.selenium.remote.HttpCommandExecutor.execute(HttpCommandExecutor.java:158)
	at io.appium.java_client.remote.AppiumCommandExecutor.execute(AppiumCommandExecutor.java:239)
	at org.openqa.selenium.remote.RemoteWebDriver.execute(RemoteWebDriver.java:552)
	at io.appium.java_client.DefaultGenericMobileDriver.execute(DefaultGenericMobileDriver.java:42)
	at io.appium.java_client.AppiumDriver.execute(AppiumDriver.java:1)
	at io.appium.java_client.ios.IOSDriver.execute(IOSDriver.java:1)
	at org.openqa.selenium.remote.RemoteWebDriver.findElement(RemoteWebDriver.java:323)
	at io.appium.java_client.DefaultGenericMobileDriver.findElement(DefaultGenericMobileDriver.java:62)
	at io.appium.java_client.AppiumDriver.findElement(AppiumDriver.java:1)
	at io.appium.java_client.ios.IOSDriver.findElement(IOSDriver.java:1)
	at org.openqa.selenium.remote.RemoteWebDriver.findElementByXPath(RemoteWebDriver.java:428)
	at io.appium.java_client.DefaultGenericMobileDriver.findElementByXPath(DefaultGenericMobileDriver.java:152)
	at io.appium.java_client.AppiumDriver.findElementByXPath(AppiumDriver.java:1)
	at io.appium.java_client.ios.IOSDriver.findElementByXPath(IOSDriver.java:1)
	at org.openqa.selenium.By$ByXPath.findElement(By.java:353)
	at org.openqa.selenium.remote.RemoteWebDriver.findElement(RemoteWebDriver.java:315)
	at io.appium.java_client.DefaultGenericMobileDriver.findElement(DefaultGenericMobileDriver.java:58)
	at io.appium.java_client.AppiumDriver.findElement(AppiumDriver.java:1)
	at io.appium.java_client.ios.IOSDriver.findElement(IOSDriver.java:1)
	at base.BaseKeyword$Trait$Helper.clickToElement(BaseKeyword.groovy:88)
	at screens.HomeScreen.clickToElement(HomeScreen.groovy)
	at screens.HomeScreen.openRequestList(HomeScreen.groovy:84)
	at 040 LAY Y KIEN CHI TIET_KHONG NHAP Y KIEN.run(040 LAY Y KIEN CHI TIET_KHONG NHAP Y KIEN:24)
	at com.kms.katalon.core.main.ScriptEngine.run(ScriptEngine.java:194)
	at com.kms.katalon.core.main.ScriptEngine.runScriptAsRawText(ScriptEngine.java:119)
	at com.kms.katalon.core.main.TestCaseExecutor.runScript(TestCaseExecutor.java:448)
	at com.kms.katalon.core.main.TestCaseExecutor.doExecute(TestCaseExecutor.java:439)
	at com.kms.katalon.core.main.TestCaseExecutor.processExecutionPhase(TestCaseExecutor.java:418)
	at com.kms.katalon.core.main.TestCaseExecutor.accessMainPhase(TestCaseExecutor.java:410)
	at com.kms.katalon.core.main.TestCaseExecutor.execute(TestCaseExecutor.java:285)
	at com.kms.katalon.core.common.CommonExecutor.accessTestCaseMainPhase(CommonExecutor.java:65)
	at com.kms.katalon.core.main.TestSuiteExecutor.accessTestSuiteMainPhase(TestSuiteExecutor.java:150)
	at com.kms.katalon.core.main.TestSuiteExecutor.execute(TestSuiteExecutor.java:106)
	at com.kms.katalon.core.main.TestCaseMain.startTestSuite(TestCaseMain.java:180)
	at TempTestSuite1747808312062.run(TempTestSuite1747808312062.groovy:35)
	at java.base/jdk.internal.reflect.NativeMethodAccessorImpl.invoke0(Native Method)
	at java.base/jdk.internal.reflect.NativeMethodAccessorImpl.invoke(NativeMethodAccessorImpl.java:77)
	at java.base/jdk.internal.reflect.DelegatingMethodAccessorImpl.invoke(DelegatingMethodAccessorImpl.java:43)]]></system-err>
      </testcase>
      <testcase name="Test Cases/IPAPER APP/044 TAI FILE TAI MAIN FILE_HO SO DEN" time="17.741" classname="Test Cases/IPAPER APP/044 TAI FILE TAI MAIN FILE_HO SO DEN" status="ERROR">
         <error type="ERROR" message="Test Cases/IPAPER APP/044 TAI FILE TAI MAIN FILE_HO SO DEN FAILED.&#xa;Reason:&#xa;org.openqa.selenium.NoSuchElementException: An element could not be located on the page using the given search parameters.&#xa;For documentation on this error, please visit: https://www.seleniumhq.org/exceptions/no_such_element.html&#xa;Build info: version: '3.141.59', revision: 'unknown', time: 'unknown'&#xa;System info: host: 'Cuong-Mac.local', ip: 'fe80:0:0:0:c43:6797:ebf2:3aad%en0', os.name: 'Mac OS X', os.arch: 'aarch64', os.version: '15.5', java.version: '17.0.7'&#xa;Driver info: io.appium.java_client.ios.IOSDriver&#xa;Capabilities {automationName: XCUITest, browserName: , databaseEnabled: false, fullReset: false, javascriptEnabled: true, locationContextEnabled: false, networkConnectionEnabled: false, noReset: true, platform: MAC, platformName: iOS, platformVersion: 18.4, takesScreenshot: true, udid: 00008110-000C10543443801E, webStorageEnabled: false}&#xa;Session ID: 01bfc3c6-5e13-4dc5-a0a0-9b9b6acbce73&#xa;*** Element info: {Using=xpath, value=//XCUIElementTypeImage[@name='ic_add']}&#xa;	at java.base/jdk.internal.reflect.NativeConstructorAccessorImpl.newInstance0(Native Method)&#xa;	at java.base/jdk.internal.reflect.NativeConstructorAccessorImpl.newInstance(NativeConstructorAccessorImpl.java:77)&#xa;	at java.base/jdk.internal.reflect.DelegatingConstructorAccessorImpl.newInstance(DelegatingConstructorAccessorImpl.java:45)&#xa;	at org.openqa.selenium.remote.http.W3CHttpResponseCodec.createException(W3CHttpResponseCodec.java:187)&#xa;	at org.openqa.selenium.remote.http.W3CHttpResponseCodec.decode(W3CHttpResponseCodec.java:122)&#xa;	at org.openqa.selenium.remote.http.W3CHttpResponseCodec.decode(W3CHttpResponseCodec.java:49)&#xa;	at org.openqa.selenium.remote.HttpCommandExecutor.execute(HttpCommandExecutor.java:158)&#xa;	at io.appium.java_client.remote.AppiumCommandExecutor.execute(AppiumCommandExecutor.java:239)&#xa;	at org.openqa.selenium.remote.RemoteWebDriver.execute(RemoteWebDriver.java:552)&#xa;	at io.appium.java_client.DefaultGenericMobileDriver.execute(DefaultGenericMobileDriver.java:42)&#xa;	at io.appium.java_client.AppiumDriver.execute(AppiumDriver.java:1)&#xa;	at io.appium.java_client.ios.IOSDriver.execute(IOSDriver.java:1)&#xa;	at org.openqa.selenium.remote.RemoteWebDriver.findElement(RemoteWebDriver.java:323)&#xa;	at io.appium.java_client.DefaultGenericMobileDriver.findElement(DefaultGenericMobileDriver.java:62)&#xa;	at io.appium.java_client.AppiumDriver.findElement(AppiumDriver.java:1)&#xa;	at io.appium.java_client.ios.IOSDriver.findElement(IOSDriver.java:1)&#xa;	at org.openqa.selenium.remote.RemoteWebDriver.findElementByXPath(RemoteWebDriver.java:428)&#xa;	at io.appium.java_client.DefaultGenericMobileDriver.findElementByXPath(DefaultGenericMobileDriver.java:152)&#xa;	at io.appium.java_client.AppiumDriver.findElementByXPath(AppiumDriver.java:1)&#xa;	at io.appium.java_client.ios.IOSDriver.findElementByXPath(IOSDriver.java:1)&#xa;	at org.openqa.selenium.By$ByXPath.findElement(By.java:353)&#xa;	at org.openqa.selenium.remote.RemoteWebDriver.findElement(RemoteWebDriver.java:315)&#xa;	at io.appium.java_client.DefaultGenericMobileDriver.findElement(DefaultGenericMobileDriver.java:58)&#xa;	at io.appium.java_client.AppiumDriver.findElement(AppiumDriver.java:1)&#xa;	at io.appium.java_client.ios.IOSDriver.findElement(IOSDriver.java:1)&#xa;	at base.BaseKeyword$Trait$Helper.clickToElement(BaseKeyword.groovy:88)&#xa;	at screens.HomeScreen.clickToElement(HomeScreen.groovy)&#xa;	at screens.HomeScreen.openRequestList(HomeScreen.groovy:84)&#xa;	at 044 TAI FILE TAI MAIN FILE_HO SO DEN.run(044 TAI FILE TAI MAIN FILE_HO SO DEN:20)&#xa;	at com.kms.katalon.core.main.ScriptEngine.run(ScriptEngine.java:194)&#xa;	at com.kms.katalon.core.main.ScriptEngine.runScriptAsRawText(ScriptEngine.java:119)&#xa;	at com.kms.katalon.core.main.TestCaseExecutor.runScript(TestCaseExecutor.java:448)&#xa;	at com.kms.katalon.core.main.TestCaseExecutor.doExecute(TestCaseExecutor.java:439)&#xa;	at com.kms.katalon.core.main.TestCaseExecutor.processExecutionPhase(TestCaseExecutor.java:418)&#xa;	at com.kms.katalon.core.main.TestCaseExecutor.accessMainPhase(TestCaseExecutor.java:410)&#xa;	at com.kms.katalon.core.main.TestCaseExecutor.execute(TestCaseExecutor.java:285)&#xa;	at com.kms.katalon.core.common.CommonExecutor.accessTestCaseMainPhase(CommonExecutor.java:65)&#xa;	at com.kms.katalon.core.main.TestSuiteExecutor.accessTestSuiteMainPhase(TestSuiteExecutor.java:150)&#xa;	at com.kms.katalon.core.main.TestSuiteExecutor.execute(TestSuiteExecutor.java:106)&#xa;	at com.kms.katalon.core.main.TestCaseMain.startTestSuite(TestCaseMain.java:180)&#xa;	at TempTestSuite1747808312062.run(TempTestSuite1747808312062.groovy:35)&#xa;	at java.base/jdk.internal.reflect.NativeMethodAccessorImpl.invoke0(Native Method)&#xa;	at java.base/jdk.internal.reflect.NativeMethodAccessorImpl.invoke(NativeMethodAccessorImpl.java:77)&#xa;	at java.base/jdk.internal.reflect.DelegatingMethodAccessorImpl.invoke(DelegatingMethodAccessorImpl.java:43)&#xa;"/>
         <system-out><![CDATA[21-05-2025T14:17:35 - [TEST_CASE][ERROR] - Test Cases/IPAPER APP/044 TAI FILE TAI MAIN FILE_HO SO DEN: Test Cases/IPAPER APP/044 TAI FILE TAI MAIN FILE_HO SO DEN FAILED.
Reason:
org.openqa.selenium.NoSuchElementException: An element could not be located on the page using the given search parameters.
For documentation on this error, please visit: https://www.seleniumhq.org/exceptions/no_such_element.html
Build info: version: '3.141.59', revision: 'unknown', time: 'unknown'
System info: host: 'Cuong-Mac.local', ip: 'fe80:0:0:0:c43:6797:ebf2:3aad%en0', os.name: 'Mac OS X', os.arch: 'aarch64', os.version: '15.5', java.version: '17.0.7'
Driver info: io.appium.java_client.ios.IOSDriver
Capabilities {automationName: XCUITest, browserName: , databaseEnabled: false, fullReset: false, javascriptEnabled: true, locationContextEnabled: false, networkConnectionEnabled: false, noReset: true, platform: MAC, platformName: iOS, platformVersion: 18.4, takesScreenshot: true, udid: 00008110-000C10543443801E, webStorageEnabled: false}
Session ID: 01bfc3c6-5e13-4dc5-a0a0-9b9b6acbce73
*** Element info: {Using=xpath, value=//XCUIElementTypeImage[@name='ic_add']}
	at java.base/jdk.internal.reflect.NativeConstructorAccessorImpl.newInstance0(Native Method)
	at java.base/jdk.internal.reflect.NativeConstructorAccessorImpl.newInstance(NativeConstructorAccessorImpl.java:77)
	at java.base/jdk.internal.reflect.DelegatingConstructorAccessorImpl.newInstance(DelegatingConstructorAccessorImpl.java:45)
	at org.openqa.selenium.remote.http.W3CHttpResponseCodec.createException(W3CHttpResponseCodec.java:187)
	at org.openqa.selenium.remote.http.W3CHttpResponseCodec.decode(W3CHttpResponseCodec.java:122)
	at org.openqa.selenium.remote.http.W3CHttpResponseCodec.decode(W3CHttpResponseCodec.java:49)
	at org.openqa.selenium.remote.HttpCommandExecutor.execute(HttpCommandExecutor.java:158)
	at io.appium.java_client.remote.AppiumCommandExecutor.execute(AppiumCommandExecutor.java:239)
	at org.openqa.selenium.remote.RemoteWebDriver.execute(RemoteWebDriver.java:552)
	at io.appium.java_client.DefaultGenericMobileDriver.execute(DefaultGenericMobileDriver.java:42)
	at io.appium.java_client.AppiumDriver.execute(AppiumDriver.java:1)
	at io.appium.java_client.ios.IOSDriver.execute(IOSDriver.java:1)
	at org.openqa.selenium.remote.RemoteWebDriver.findElement(RemoteWebDriver.java:323)
	at io.appium.java_client.DefaultGenericMobileDriver.findElement(DefaultGenericMobileDriver.java:62)
	at io.appium.java_client.AppiumDriver.findElement(AppiumDriver.java:1)
	at io.appium.java_client.ios.IOSDriver.findElement(IOSDriver.java:1)
	at org.openqa.selenium.remote.RemoteWebDriver.findElementByXPath(RemoteWebDriver.java:428)
	at io.appium.java_client.DefaultGenericMobileDriver.findElementByXPath(DefaultGenericMobileDriver.java:152)
	at io.appium.java_client.AppiumDriver.findElementByXPath(AppiumDriver.java:1)
	at io.appium.java_client.ios.IOSDriver.findElementByXPath(IOSDriver.java:1)
	at org.openqa.selenium.By$ByXPath.findElement(By.java:353)
	at org.openqa.selenium.remote.RemoteWebDriver.findElement(RemoteWebDriver.java:315)
	at io.appium.java_client.DefaultGenericMobileDriver.findElement(DefaultGenericMobileDriver.java:58)
	at io.appium.java_client.AppiumDriver.findElement(AppiumDriver.java:1)
	at io.appium.java_client.ios.IOSDriver.findElement(IOSDriver.java:1)
	at base.BaseKeyword$Trait$Helper.clickToElement(BaseKeyword.groovy:88)
	at screens.HomeScreen.clickToElement(HomeScreen.groovy)
	at screens.HomeScreen.openRequestList(HomeScreen.groovy:84)
	at 044 TAI FILE TAI MAIN FILE_HO SO DEN.run(044 TAI FILE TAI MAIN FILE_HO SO DEN:20)
	at com.kms.katalon.core.main.ScriptEngine.run(ScriptEngine.java:194)
	at com.kms.katalon.core.main.ScriptEngine.runScriptAsRawText(ScriptEngine.java:119)
	at com.kms.katalon.core.main.TestCaseExecutor.runScript(TestCaseExecutor.java:448)
	at com.kms.katalon.core.main.TestCaseExecutor.doExecute(TestCaseExecutor.java:439)
	at com.kms.katalon.core.main.TestCaseExecutor.processExecutionPhase(TestCaseExecutor.java:418)
	at com.kms.katalon.core.main.TestCaseExecutor.accessMainPhase(TestCaseExecutor.java:410)
	at com.kms.katalon.core.main.TestCaseExecutor.execute(TestCaseExecutor.java:285)
	at com.kms.katalon.core.common.CommonExecutor.accessTestCaseMainPhase(CommonExecutor.java:65)
	at com.kms.katalon.core.main.TestSuiteExecutor.accessTestSuiteMainPhase(TestSuiteExecutor.java:150)
	at com.kms.katalon.core.main.TestSuiteExecutor.execute(TestSuiteExecutor.java:106)
	at com.kms.katalon.core.main.TestCaseMain.startTestSuite(TestCaseMain.java:180)
	at TempTestSuite1747808312062.run(TempTestSuite1747808312062.groovy:35)
	at java.base/jdk.internal.reflect.NativeMethodAccessorImpl.invoke0(Native Method)
	at java.base/jdk.internal.reflect.NativeMethodAccessorImpl.invoke(NativeMethodAccessorImpl.java:77)
	at java.base/jdk.internal.reflect.DelegatingMethodAccessorImpl.invoke(DelegatingMethodAccessorImpl.java:43)


21-05-2025T14:17:35 - [TEST_STEP][PASSED] - Start listener action : beforeTest: drivers.Driver.openApp is PASSED

21-05-2025T14:17:35 - [TEST_STEP][PASSED] - DataTest.init(): null

21-05-2025T14:17:35 - [TEST_STEP][PASSED] - testCaseId = split("/").last(): null

21-05-2025T14:17:35 - [TEST_STEP][PASSED] - if (!(drivers.Driver.isAppiumRunning())): drivers.Driver.isAppiumRunning is PASSED

21-05-2025T14:17:35 - [MESSAGE][INFO] - Appium running: true

21-05-2025T14:17:35 - [MESSAGE][PASSED] - drivers.Driver.isAppiumRunning is PASSED

21-05-2025T14:17:35 - [TEST_STEP][PASSED] - if (driver == null || driver.getSessionId() == null): null

21-05-2025T14:17:35 - [TEST_STEP][PASSED] - drivers.Driver.openApp(): drivers.Driver.openApp is PASSED

21-05-2025T14:17:37 - [MESSAGE][PASSED] - drivers.Driver.openApp is PASSED

21-05-2025T14:17:37 - [TEST_STEP][PASSED] - FOLDER_NAME = "IPaperDownloads": null

21-05-2025T14:17:37 - [TEST_STEP][PASSED] - REQUEST_NAME = "Trình ký PDF có sẵn": null

21-05-2025T14:17:37 - [TEST_STEP][PASSED] - auto5 = DataTest.getUserTest5(): null

21-05-2025T14:17:37 - [TEST_STEP][PASSED] - auto6 = DataTest.getUserTest6(): null

21-05-2025T14:17:37 - [TEST_STEP][PASSED] - document = DataTest.createDocumentTest(auto5, auto6, null, "dummy.pdf", "dummy.pdf"): null

21-05-2025T14:17:37 - [TEST_STEP][PASSED] - loginScreen.login(auto5): null

21-05-2025T14:17:48 - [TEST_STEP][ERROR] - homeScreen.openRequestList(): Test Cases/IPAPER APP/044 TAI FILE TAI MAIN FILE_HO SO DEN FAILED.
Reason:
org.openqa.selenium.NoSuchElementException: An element could not be located on the page using the given search parameters.
For documentation on this error, please visit: https://www.seleniumhq.org/exceptions/no_such_element.html
Build info: version: '3.141.59', revision: 'unknown', time: 'unknown'
System info: host: 'Cuong-Mac.local', ip: 'fe80:0:0:0:c43:6797:ebf2:3aad%en0', os.name: 'Mac OS X', os.arch: 'aarch64', os.version: '15.5', java.version: '17.0.7'
Driver info: io.appium.java_client.ios.IOSDriver
Capabilities {automationName: XCUITest, browserName: , databaseEnabled: false, fullReset: false, javascriptEnabled: true, locationContextEnabled: false, networkConnectionEnabled: false, noReset: true, platform: MAC, platformName: iOS, platformVersion: 18.4, takesScreenshot: true, udid: 00008110-000C10543443801E, webStorageEnabled: false}
Session ID: 01bfc3c6-5e13-4dc5-a0a0-9b9b6acbce73
*** Element info: {Using=xpath, value=//XCUIElementTypeImage[@name='ic_add']}
	at java.base/jdk.internal.reflect.NativeConstructorAccessorImpl.newInstance0(Native Method)
	at java.base/jdk.internal.reflect.NativeConstructorAccessorImpl.newInstance(NativeConstructorAccessorImpl.java:77)
	at java.base/jdk.internal.reflect.DelegatingConstructorAccessorImpl.newInstance(DelegatingConstructorAccessorImpl.java:45)
	at org.openqa.selenium.remote.http.W3CHttpResponseCodec.createException(W3CHttpResponseCodec.java:187)
	at org.openqa.selenium.remote.http.W3CHttpResponseCodec.decode(W3CHttpResponseCodec.java:122)
	at org.openqa.selenium.remote.http.W3CHttpResponseCodec.decode(W3CHttpResponseCodec.java:49)
	at org.openqa.selenium.remote.HttpCommandExecutor.execute(HttpCommandExecutor.java:158)
	at io.appium.java_client.remote.AppiumCommandExecutor.execute(AppiumCommandExecutor.java:239)
	at org.openqa.selenium.remote.RemoteWebDriver.execute(RemoteWebDriver.java:552)
	at io.appium.java_client.DefaultGenericMobileDriver.execute(DefaultGenericMobileDriver.java:42)
	at io.appium.java_client.AppiumDriver.execute(AppiumDriver.java:1)
	at io.appium.java_client.ios.IOSDriver.execute(IOSDriver.java:1)
	at org.openqa.selenium.remote.RemoteWebDriver.findElement(RemoteWebDriver.java:323)
	at io.appium.java_client.DefaultGenericMobileDriver.findElement(DefaultGenericMobileDriver.java:62)
	at io.appium.java_client.AppiumDriver.findElement(AppiumDriver.java:1)
	at io.appium.java_client.ios.IOSDriver.findElement(IOSDriver.java:1)
	at org.openqa.selenium.remote.RemoteWebDriver.findElementByXPath(RemoteWebDriver.java:428)
	at io.appium.java_client.DefaultGenericMobileDriver.findElementByXPath(DefaultGenericMobileDriver.java:152)
	at io.appium.java_client.AppiumDriver.findElementByXPath(AppiumDriver.java:1)
	at io.appium.java_client.ios.IOSDriver.findElementByXPath(IOSDriver.java:1)
	at org.openqa.selenium.By$ByXPath.findElement(By.java:353)
	at org.openqa.selenium.remote.RemoteWebDriver.findElement(RemoteWebDriver.java:315)
	at io.appium.java_client.DefaultGenericMobileDriver.findElement(DefaultGenericMobileDriver.java:58)
	at io.appium.java_client.AppiumDriver.findElement(AppiumDriver.java:1)
	at io.appium.java_client.ios.IOSDriver.findElement(IOSDriver.java:1)
	at base.BaseKeyword$Trait$Helper.clickToElement(BaseKeyword.groovy:88)
	at screens.HomeScreen.clickToElement(HomeScreen.groovy)
	at screens.HomeScreen.openRequestList(HomeScreen.groovy:84)
	at 044 TAI FILE TAI MAIN FILE_HO SO DEN.run(044 TAI FILE TAI MAIN FILE_HO SO DEN:20)
	at com.kms.katalon.core.main.ScriptEngine.run(ScriptEngine.java:194)
	at com.kms.katalon.core.main.ScriptEngine.runScriptAsRawText(ScriptEngine.java:119)
	at com.kms.katalon.core.main.TestCaseExecutor.runScript(TestCaseExecutor.java:448)
	at com.kms.katalon.core.main.TestCaseExecutor.doExecute(TestCaseExecutor.java:439)
	at com.kms.katalon.core.main.TestCaseExecutor.processExecutionPhase(TestCaseExecutor.java:418)
	at com.kms.katalon.core.main.TestCaseExecutor.accessMainPhase(TestCaseExecutor.java:410)
	at com.kms.katalon.core.main.TestCaseExecutor.execute(TestCaseExecutor.java:285)
	at com.kms.katalon.core.common.CommonExecutor.accessTestCaseMainPhase(CommonExecutor.java:65)
	at com.kms.katalon.core.main.TestSuiteExecutor.accessTestSuiteMainPhase(TestSuiteExecutor.java:150)
	at com.kms.katalon.core.main.TestSuiteExecutor.execute(TestSuiteExecutor.java:106)
	at com.kms.katalon.core.main.TestCaseMain.startTestSuite(TestCaseMain.java:180)
	at TempTestSuite1747808312062.run(TempTestSuite1747808312062.groovy:35)
	at java.base/jdk.internal.reflect.NativeMethodAccessorImpl.invoke0(Native Method)
	at java.base/jdk.internal.reflect.NativeMethodAccessorImpl.invoke(NativeMethodAccessorImpl.java:77)
	at java.base/jdk.internal.reflect.DelegatingMethodAccessorImpl.invoke(DelegatingMethodAccessorImpl.java:43)


21-05-2025T14:17:51 - [MESSAGE][ERROR] - Test Cases/IPAPER APP/044 TAI FILE TAI MAIN FILE_HO SO DEN FAILED.
Reason:
org.openqa.selenium.NoSuchElementException: An element could not be located on the page using the given search parameters.
For documentation on this error, please visit: https://www.seleniumhq.org/exceptions/no_such_element.html
Build info: version: '3.141.59', revision: 'unknown', time: 'unknown'
System info: host: 'Cuong-Mac.local', ip: 'fe80:0:0:0:c43:6797:ebf2:3aad%en0', os.name: 'Mac OS X', os.arch: 'aarch64', os.version: '15.5', java.version: '17.0.7'
Driver info: io.appium.java_client.ios.IOSDriver
Capabilities {automationName: XCUITest, browserName: , databaseEnabled: false, fullReset: false, javascriptEnabled: true, locationContextEnabled: false, networkConnectionEnabled: false, noReset: true, platform: MAC, platformName: iOS, platformVersion: 18.4, takesScreenshot: true, udid: 00008110-000C10543443801E, webStorageEnabled: false}
Session ID: 01bfc3c6-5e13-4dc5-a0a0-9b9b6acbce73
*** Element info: {Using=xpath, value=//XCUIElementTypeImage[@name='ic_add']}
	at java.base/jdk.internal.reflect.NativeConstructorAccessorImpl.newInstance0(Native Method)
	at java.base/jdk.internal.reflect.NativeConstructorAccessorImpl.newInstance(NativeConstructorAccessorImpl.java:77)
	at java.base/jdk.internal.reflect.DelegatingConstructorAccessorImpl.newInstance(DelegatingConstructorAccessorImpl.java:45)
	at org.openqa.selenium.remote.http.W3CHttpResponseCodec.createException(W3CHttpResponseCodec.java:187)
	at org.openqa.selenium.remote.http.W3CHttpResponseCodec.decode(W3CHttpResponseCodec.java:122)
	at org.openqa.selenium.remote.http.W3CHttpResponseCodec.decode(W3CHttpResponseCodec.java:49)
	at org.openqa.selenium.remote.HttpCommandExecutor.execute(HttpCommandExecutor.java:158)
	at io.appium.java_client.remote.AppiumCommandExecutor.execute(AppiumCommandExecutor.java:239)
	at org.openqa.selenium.remote.RemoteWebDriver.execute(RemoteWebDriver.java:552)
	at io.appium.java_client.DefaultGenericMobileDriver.execute(DefaultGenericMobileDriver.java:42)
	at io.appium.java_client.AppiumDriver.execute(AppiumDriver.java:1)
	at io.appium.java_client.ios.IOSDriver.execute(IOSDriver.java:1)
	at org.openqa.selenium.remote.RemoteWebDriver.findElement(RemoteWebDriver.java:323)
	at io.appium.java_client.DefaultGenericMobileDriver.findElement(DefaultGenericMobileDriver.java:62)
	at io.appium.java_client.AppiumDriver.findElement(AppiumDriver.java:1)
	at io.appium.java_client.ios.IOSDriver.findElement(IOSDriver.java:1)
	at org.openqa.selenium.remote.RemoteWebDriver.findElementByXPath(RemoteWebDriver.java:428)
	at io.appium.java_client.DefaultGenericMobileDriver.findElementByXPath(DefaultGenericMobileDriver.java:152)
	at io.appium.java_client.AppiumDriver.findElementByXPath(AppiumDriver.java:1)
	at io.appium.java_client.ios.IOSDriver.findElementByXPath(IOSDriver.java:1)
	at org.openqa.selenium.By$ByXPath.findElement(By.java:353)
	at org.openqa.selenium.remote.RemoteWebDriver.findElement(RemoteWebDriver.java:315)
	at io.appium.java_client.DefaultGenericMobileDriver.findElement(DefaultGenericMobileDriver.java:58)
	at io.appium.java_client.AppiumDriver.findElement(AppiumDriver.java:1)
	at io.appium.java_client.ios.IOSDriver.findElement(IOSDriver.java:1)
	at base.BaseKeyword$Trait$Helper.clickToElement(BaseKeyword.groovy:88)
	at screens.HomeScreen.clickToElement(HomeScreen.groovy)
	at screens.HomeScreen.openRequestList(HomeScreen.groovy:84)
	at 044 TAI FILE TAI MAIN FILE_HO SO DEN.run(044 TAI FILE TAI MAIN FILE_HO SO DEN:20)
	at com.kms.katalon.core.main.ScriptEngine.run(ScriptEngine.java:194)
	at com.kms.katalon.core.main.ScriptEngine.runScriptAsRawText(ScriptEngine.java:119)
	at com.kms.katalon.core.main.TestCaseExecutor.runScript(TestCaseExecutor.java:448)
	at com.kms.katalon.core.main.TestCaseExecutor.doExecute(TestCaseExecutor.java:439)
	at com.kms.katalon.core.main.TestCaseExecutor.processExecutionPhase(TestCaseExecutor.java:418)
	at com.kms.katalon.core.main.TestCaseExecutor.accessMainPhase(TestCaseExecutor.java:410)
	at com.kms.katalon.core.main.TestCaseExecutor.execute(TestCaseExecutor.java:285)
	at com.kms.katalon.core.common.CommonExecutor.accessTestCaseMainPhase(CommonExecutor.java:65)
	at com.kms.katalon.core.main.TestSuiteExecutor.accessTestSuiteMainPhase(TestSuiteExecutor.java:150)
	at com.kms.katalon.core.main.TestSuiteExecutor.execute(TestSuiteExecutor.java:106)
	at com.kms.katalon.core.main.TestCaseMain.startTestSuite(TestCaseMain.java:180)
	at TempTestSuite1747808312062.run(TempTestSuite1747808312062.groovy:35)
	at java.base/jdk.internal.reflect.NativeMethodAccessorImpl.invoke0(Native Method)
	at java.base/jdk.internal.reflect.NativeMethodAccessorImpl.invoke(NativeMethodAccessorImpl.java:77)
	at java.base/jdk.internal.reflect.DelegatingMethodAccessorImpl.invoke(DelegatingMethodAccessorImpl.java:43)


21-05-2025T14:17:51 - [TEST_STEP][PASSED] - Start listener action : afterTest: null

21-05-2025T14:17:51 - [TEST_STEP][PASSED] - if (testCaseStatus != "PASSED"): Screenshot is taken

21-05-2025T14:17:51 - [TEST_STEP][PASSED] - takeScreenshot(ErrorScreen/$GlobalVariable.PLATFORM/$testCaseContext.getTestCaseId().png): Screenshot is taken

21-05-2025T14:17:52 - [MESSAGE][PASSED] - Screenshot is taken
[[ATTACHMENT|ErrorScreen/iOS/Test Cases/IPAPER APP/044 TAI FILE TAI MAIN FILE_HO SO DEN.png]]

21-05-2025T14:17:52 - [TEST_STEP][PASSED] - drivers.Driver.closeApp(): drivers.Driver.closeApp is PASSED

21-05-2025T14:17:53 - [MESSAGE][PASSED] - drivers.Driver.closeApp is PASSED

21-05-2025T14:17:53 - [TEST_STEP][PASSED] - if (tsContext == null): null]]></system-out>
         <system-err><![CDATA[21-05-2025T14:17:35 - [TEST_CASE][ERROR] - Test Cases/IPAPER APP/044 TAI FILE TAI MAIN FILE_HO SO DEN: Test Cases/IPAPER APP/044 TAI FILE TAI MAIN FILE_HO SO DEN FAILED.
Reason:
org.openqa.selenium.NoSuchElementException: An element could not be located on the page using the given search parameters.
For documentation on this error, please visit: https://www.seleniumhq.org/exceptions/no_such_element.html
Build info: version: '3.141.59', revision: 'unknown', time: 'unknown'
System info: host: 'Cuong-Mac.local', ip: 'fe80:0:0:0:c43:6797:ebf2:3aad%en0', os.name: 'Mac OS X', os.arch: 'aarch64', os.version: '15.5', java.version: '17.0.7'
Driver info: io.appium.java_client.ios.IOSDriver
Capabilities {automationName: XCUITest, browserName: , databaseEnabled: false, fullReset: false, javascriptEnabled: true, locationContextEnabled: false, networkConnectionEnabled: false, noReset: true, platform: MAC, platformName: iOS, platformVersion: 18.4, takesScreenshot: true, udid: 00008110-000C10543443801E, webStorageEnabled: false}
Session ID: 01bfc3c6-5e13-4dc5-a0a0-9b9b6acbce73
*** Element info: {Using=xpath, value=//XCUIElementTypeImage[@name='ic_add']}
	at java.base/jdk.internal.reflect.NativeConstructorAccessorImpl.newInstance0(Native Method)
	at java.base/jdk.internal.reflect.NativeConstructorAccessorImpl.newInstance(NativeConstructorAccessorImpl.java:77)
	at java.base/jdk.internal.reflect.DelegatingConstructorAccessorImpl.newInstance(DelegatingConstructorAccessorImpl.java:45)
	at org.openqa.selenium.remote.http.W3CHttpResponseCodec.createException(W3CHttpResponseCodec.java:187)
	at org.openqa.selenium.remote.http.W3CHttpResponseCodec.decode(W3CHttpResponseCodec.java:122)
	at org.openqa.selenium.remote.http.W3CHttpResponseCodec.decode(W3CHttpResponseCodec.java:49)
	at org.openqa.selenium.remote.HttpCommandExecutor.execute(HttpCommandExecutor.java:158)
	at io.appium.java_client.remote.AppiumCommandExecutor.execute(AppiumCommandExecutor.java:239)
	at org.openqa.selenium.remote.RemoteWebDriver.execute(RemoteWebDriver.java:552)
	at io.appium.java_client.DefaultGenericMobileDriver.execute(DefaultGenericMobileDriver.java:42)
	at io.appium.java_client.AppiumDriver.execute(AppiumDriver.java:1)
	at io.appium.java_client.ios.IOSDriver.execute(IOSDriver.java:1)
	at org.openqa.selenium.remote.RemoteWebDriver.findElement(RemoteWebDriver.java:323)
	at io.appium.java_client.DefaultGenericMobileDriver.findElement(DefaultGenericMobileDriver.java:62)
	at io.appium.java_client.AppiumDriver.findElement(AppiumDriver.java:1)
	at io.appium.java_client.ios.IOSDriver.findElement(IOSDriver.java:1)
	at org.openqa.selenium.remote.RemoteWebDriver.findElementByXPath(RemoteWebDriver.java:428)
	at io.appium.java_client.DefaultGenericMobileDriver.findElementByXPath(DefaultGenericMobileDriver.java:152)
	at io.appium.java_client.AppiumDriver.findElementByXPath(AppiumDriver.java:1)
	at io.appium.java_client.ios.IOSDriver.findElementByXPath(IOSDriver.java:1)
	at org.openqa.selenium.By$ByXPath.findElement(By.java:353)
	at org.openqa.selenium.remote.RemoteWebDriver.findElement(RemoteWebDriver.java:315)
	at io.appium.java_client.DefaultGenericMobileDriver.findElement(DefaultGenericMobileDriver.java:58)
	at io.appium.java_client.AppiumDriver.findElement(AppiumDriver.java:1)
	at io.appium.java_client.ios.IOSDriver.findElement(IOSDriver.java:1)
	at base.BaseKeyword$Trait$Helper.clickToElement(BaseKeyword.groovy:88)
	at screens.HomeScreen.clickToElement(HomeScreen.groovy)
	at screens.HomeScreen.openRequestList(HomeScreen.groovy:84)
	at 044 TAI FILE TAI MAIN FILE_HO SO DEN.run(044 TAI FILE TAI MAIN FILE_HO SO DEN:20)
	at com.kms.katalon.core.main.ScriptEngine.run(ScriptEngine.java:194)
	at com.kms.katalon.core.main.ScriptEngine.runScriptAsRawText(ScriptEngine.java:119)
	at com.kms.katalon.core.main.TestCaseExecutor.runScript(TestCaseExecutor.java:448)
	at com.kms.katalon.core.main.TestCaseExecutor.doExecute(TestCaseExecutor.java:439)
	at com.kms.katalon.core.main.TestCaseExecutor.processExecutionPhase(TestCaseExecutor.java:418)
	at com.kms.katalon.core.main.TestCaseExecutor.accessMainPhase(TestCaseExecutor.java:410)
	at com.kms.katalon.core.main.TestCaseExecutor.execute(TestCaseExecutor.java:285)
	at com.kms.katalon.core.common.CommonExecutor.accessTestCaseMainPhase(CommonExecutor.java:65)
	at com.kms.katalon.core.main.TestSuiteExecutor.accessTestSuiteMainPhase(TestSuiteExecutor.java:150)
	at com.kms.katalon.core.main.TestSuiteExecutor.execute(TestSuiteExecutor.java:106)
	at com.kms.katalon.core.main.TestCaseMain.startTestSuite(TestCaseMain.java:180)
	at TempTestSuite1747808312062.run(TempTestSuite1747808312062.groovy:35)
	at java.base/jdk.internal.reflect.NativeMethodAccessorImpl.invoke0(Native Method)
	at java.base/jdk.internal.reflect.NativeMethodAccessorImpl.invoke(NativeMethodAccessorImpl.java:77)
	at java.base/jdk.internal.reflect.DelegatingMethodAccessorImpl.invoke(DelegatingMethodAccessorImpl.java:43)]]></system-err>
      </testcase>
      <testcase name="Test Cases/IPAPER APP/045 TAI FILE TAI CHI TIET HO SO_HO SO DI" time="17.717" classname="Test Cases/IPAPER APP/045 TAI FILE TAI CHI TIET HO SO_HO SO DI" status="ERROR">
         <error type="ERROR" message="Test Cases/IPAPER APP/045 TAI FILE TAI CHI TIET HO SO_HO SO DI FAILED.&#xa;Reason:&#xa;org.openqa.selenium.NoSuchElementException: An element could not be located on the page using the given search parameters.&#xa;For documentation on this error, please visit: https://www.seleniumhq.org/exceptions/no_such_element.html&#xa;Build info: version: '3.141.59', revision: 'unknown', time: 'unknown'&#xa;System info: host: 'Cuong-Mac.local', ip: 'fe80:0:0:0:c43:6797:ebf2:3aad%en0', os.name: 'Mac OS X', os.arch: 'aarch64', os.version: '15.5', java.version: '17.0.7'&#xa;Driver info: io.appium.java_client.ios.IOSDriver&#xa;Capabilities {automationName: XCUITest, browserName: , databaseEnabled: false, fullReset: false, javascriptEnabled: true, locationContextEnabled: false, networkConnectionEnabled: false, noReset: true, platform: MAC, platformName: iOS, platformVersion: 18.4, takesScreenshot: true, udid: 00008110-000C10543443801E, webStorageEnabled: false}&#xa;Session ID: 01bfc3c6-5e13-4dc5-a0a0-9b9b6acbce73&#xa;*** Element info: {Using=xpath, value=//XCUIElementTypeImage[@name='ic_add']}&#xa;	at java.base/jdk.internal.reflect.NativeConstructorAccessorImpl.newInstance0(Native Method)&#xa;	at java.base/jdk.internal.reflect.NativeConstructorAccessorImpl.newInstance(NativeConstructorAccessorImpl.java:77)&#xa;	at java.base/jdk.internal.reflect.DelegatingConstructorAccessorImpl.newInstance(DelegatingConstructorAccessorImpl.java:45)&#xa;	at org.openqa.selenium.remote.http.W3CHttpResponseCodec.createException(W3CHttpResponseCodec.java:187)&#xa;	at org.openqa.selenium.remote.http.W3CHttpResponseCodec.decode(W3CHttpResponseCodec.java:122)&#xa;	at org.openqa.selenium.remote.http.W3CHttpResponseCodec.decode(W3CHttpResponseCodec.java:49)&#xa;	at org.openqa.selenium.remote.HttpCommandExecutor.execute(HttpCommandExecutor.java:158)&#xa;	at io.appium.java_client.remote.AppiumCommandExecutor.execute(AppiumCommandExecutor.java:239)&#xa;	at org.openqa.selenium.remote.RemoteWebDriver.execute(RemoteWebDriver.java:552)&#xa;	at io.appium.java_client.DefaultGenericMobileDriver.execute(DefaultGenericMobileDriver.java:42)&#xa;	at io.appium.java_client.AppiumDriver.execute(AppiumDriver.java:1)&#xa;	at io.appium.java_client.ios.IOSDriver.execute(IOSDriver.java:1)&#xa;	at org.openqa.selenium.remote.RemoteWebDriver.findElement(RemoteWebDriver.java:323)&#xa;	at io.appium.java_client.DefaultGenericMobileDriver.findElement(DefaultGenericMobileDriver.java:62)&#xa;	at io.appium.java_client.AppiumDriver.findElement(AppiumDriver.java:1)&#xa;	at io.appium.java_client.ios.IOSDriver.findElement(IOSDriver.java:1)&#xa;	at org.openqa.selenium.remote.RemoteWebDriver.findElementByXPath(RemoteWebDriver.java:428)&#xa;	at io.appium.java_client.DefaultGenericMobileDriver.findElementByXPath(DefaultGenericMobileDriver.java:152)&#xa;	at io.appium.java_client.AppiumDriver.findElementByXPath(AppiumDriver.java:1)&#xa;	at io.appium.java_client.ios.IOSDriver.findElementByXPath(IOSDriver.java:1)&#xa;	at org.openqa.selenium.By$ByXPath.findElement(By.java:353)&#xa;	at org.openqa.selenium.remote.RemoteWebDriver.findElement(RemoteWebDriver.java:315)&#xa;	at io.appium.java_client.DefaultGenericMobileDriver.findElement(DefaultGenericMobileDriver.java:58)&#xa;	at io.appium.java_client.AppiumDriver.findElement(AppiumDriver.java:1)&#xa;	at io.appium.java_client.ios.IOSDriver.findElement(IOSDriver.java:1)&#xa;	at base.BaseKeyword$Trait$Helper.clickToElement(BaseKeyword.groovy:88)&#xa;	at screens.HomeScreen.clickToElement(HomeScreen.groovy)&#xa;	at screens.HomeScreen.openRequestList(HomeScreen.groovy:84)&#xa;	at 045 TAI FILE TAI CHI TIET HO SO_HO SO DI.run(045 TAI FILE TAI CHI TIET HO SO_HO SO DI:20)&#xa;	at com.kms.katalon.core.main.ScriptEngine.run(ScriptEngine.java:194)&#xa;	at com.kms.katalon.core.main.ScriptEngine.runScriptAsRawText(ScriptEngine.java:119)&#xa;	at com.kms.katalon.core.main.TestCaseExecutor.runScript(TestCaseExecutor.java:448)&#xa;	at com.kms.katalon.core.main.TestCaseExecutor.doExecute(TestCaseExecutor.java:439)&#xa;	at com.kms.katalon.core.main.TestCaseExecutor.processExecutionPhase(TestCaseExecutor.java:418)&#xa;	at com.kms.katalon.core.main.TestCaseExecutor.accessMainPhase(TestCaseExecutor.java:410)&#xa;	at com.kms.katalon.core.main.TestCaseExecutor.execute(TestCaseExecutor.java:285)&#xa;	at com.kms.katalon.core.common.CommonExecutor.accessTestCaseMainPhase(CommonExecutor.java:65)&#xa;	at com.kms.katalon.core.main.TestSuiteExecutor.accessTestSuiteMainPhase(TestSuiteExecutor.java:150)&#xa;	at com.kms.katalon.core.main.TestSuiteExecutor.execute(TestSuiteExecutor.java:106)&#xa;	at com.kms.katalon.core.main.TestCaseMain.startTestSuite(TestCaseMain.java:180)&#xa;	at TempTestSuite1747808312062.run(TempTestSuite1747808312062.groovy:35)&#xa;	at java.base/jdk.internal.reflect.NativeMethodAccessorImpl.invoke0(Native Method)&#xa;	at java.base/jdk.internal.reflect.NativeMethodAccessorImpl.invoke(NativeMethodAccessorImpl.java:77)&#xa;	at java.base/jdk.internal.reflect.DelegatingMethodAccessorImpl.invoke(DelegatingMethodAccessorImpl.java:43)&#xa;"/>
         <system-out><![CDATA[21-05-2025T14:17:53 - [TEST_CASE][ERROR] - Test Cases/IPAPER APP/045 TAI FILE TAI CHI TIET HO SO_HO SO DI: Test Cases/IPAPER APP/045 TAI FILE TAI CHI TIET HO SO_HO SO DI FAILED.
Reason:
org.openqa.selenium.NoSuchElementException: An element could not be located on the page using the given search parameters.
For documentation on this error, please visit: https://www.seleniumhq.org/exceptions/no_such_element.html
Build info: version: '3.141.59', revision: 'unknown', time: 'unknown'
System info: host: 'Cuong-Mac.local', ip: 'fe80:0:0:0:c43:6797:ebf2:3aad%en0', os.name: 'Mac OS X', os.arch: 'aarch64', os.version: '15.5', java.version: '17.0.7'
Driver info: io.appium.java_client.ios.IOSDriver
Capabilities {automationName: XCUITest, browserName: , databaseEnabled: false, fullReset: false, javascriptEnabled: true, locationContextEnabled: false, networkConnectionEnabled: false, noReset: true, platform: MAC, platformName: iOS, platformVersion: 18.4, takesScreenshot: true, udid: 00008110-000C10543443801E, webStorageEnabled: false}
Session ID: 01bfc3c6-5e13-4dc5-a0a0-9b9b6acbce73
*** Element info: {Using=xpath, value=//XCUIElementTypeImage[@name='ic_add']}
	at java.base/jdk.internal.reflect.NativeConstructorAccessorImpl.newInstance0(Native Method)
	at java.base/jdk.internal.reflect.NativeConstructorAccessorImpl.newInstance(NativeConstructorAccessorImpl.java:77)
	at java.base/jdk.internal.reflect.DelegatingConstructorAccessorImpl.newInstance(DelegatingConstructorAccessorImpl.java:45)
	at org.openqa.selenium.remote.http.W3CHttpResponseCodec.createException(W3CHttpResponseCodec.java:187)
	at org.openqa.selenium.remote.http.W3CHttpResponseCodec.decode(W3CHttpResponseCodec.java:122)
	at org.openqa.selenium.remote.http.W3CHttpResponseCodec.decode(W3CHttpResponseCodec.java:49)
	at org.openqa.selenium.remote.HttpCommandExecutor.execute(HttpCommandExecutor.java:158)
	at io.appium.java_client.remote.AppiumCommandExecutor.execute(AppiumCommandExecutor.java:239)
	at org.openqa.selenium.remote.RemoteWebDriver.execute(RemoteWebDriver.java:552)
	at io.appium.java_client.DefaultGenericMobileDriver.execute(DefaultGenericMobileDriver.java:42)
	at io.appium.java_client.AppiumDriver.execute(AppiumDriver.java:1)
	at io.appium.java_client.ios.IOSDriver.execute(IOSDriver.java:1)
	at org.openqa.selenium.remote.RemoteWebDriver.findElement(RemoteWebDriver.java:323)
	at io.appium.java_client.DefaultGenericMobileDriver.findElement(DefaultGenericMobileDriver.java:62)
	at io.appium.java_client.AppiumDriver.findElement(AppiumDriver.java:1)
	at io.appium.java_client.ios.IOSDriver.findElement(IOSDriver.java:1)
	at org.openqa.selenium.remote.RemoteWebDriver.findElementByXPath(RemoteWebDriver.java:428)
	at io.appium.java_client.DefaultGenericMobileDriver.findElementByXPath(DefaultGenericMobileDriver.java:152)
	at io.appium.java_client.AppiumDriver.findElementByXPath(AppiumDriver.java:1)
	at io.appium.java_client.ios.IOSDriver.findElementByXPath(IOSDriver.java:1)
	at org.openqa.selenium.By$ByXPath.findElement(By.java:353)
	at org.openqa.selenium.remote.RemoteWebDriver.findElement(RemoteWebDriver.java:315)
	at io.appium.java_client.DefaultGenericMobileDriver.findElement(DefaultGenericMobileDriver.java:58)
	at io.appium.java_client.AppiumDriver.findElement(AppiumDriver.java:1)
	at io.appium.java_client.ios.IOSDriver.findElement(IOSDriver.java:1)
	at base.BaseKeyword$Trait$Helper.clickToElement(BaseKeyword.groovy:88)
	at screens.HomeScreen.clickToElement(HomeScreen.groovy)
	at screens.HomeScreen.openRequestList(HomeScreen.groovy:84)
	at 045 TAI FILE TAI CHI TIET HO SO_HO SO DI.run(045 TAI FILE TAI CHI TIET HO SO_HO SO DI:20)
	at com.kms.katalon.core.main.ScriptEngine.run(ScriptEngine.java:194)
	at com.kms.katalon.core.main.ScriptEngine.runScriptAsRawText(ScriptEngine.java:119)
	at com.kms.katalon.core.main.TestCaseExecutor.runScript(TestCaseExecutor.java:448)
	at com.kms.katalon.core.main.TestCaseExecutor.doExecute(TestCaseExecutor.java:439)
	at com.kms.katalon.core.main.TestCaseExecutor.processExecutionPhase(TestCaseExecutor.java:418)
	at com.kms.katalon.core.main.TestCaseExecutor.accessMainPhase(TestCaseExecutor.java:410)
	at com.kms.katalon.core.main.TestCaseExecutor.execute(TestCaseExecutor.java:285)
	at com.kms.katalon.core.common.CommonExecutor.accessTestCaseMainPhase(CommonExecutor.java:65)
	at com.kms.katalon.core.main.TestSuiteExecutor.accessTestSuiteMainPhase(TestSuiteExecutor.java:150)
	at com.kms.katalon.core.main.TestSuiteExecutor.execute(TestSuiteExecutor.java:106)
	at com.kms.katalon.core.main.TestCaseMain.startTestSuite(TestCaseMain.java:180)
	at TempTestSuite1747808312062.run(TempTestSuite1747808312062.groovy:35)
	at java.base/jdk.internal.reflect.NativeMethodAccessorImpl.invoke0(Native Method)
	at java.base/jdk.internal.reflect.NativeMethodAccessorImpl.invoke(NativeMethodAccessorImpl.java:77)
	at java.base/jdk.internal.reflect.DelegatingMethodAccessorImpl.invoke(DelegatingMethodAccessorImpl.java:43)


21-05-2025T14:17:53 - [TEST_STEP][PASSED] - Start listener action : beforeTest: drivers.Driver.openApp is PASSED

21-05-2025T14:17:53 - [TEST_STEP][PASSED] - DataTest.init(): null

21-05-2025T14:17:53 - [TEST_STEP][PASSED] - testCaseId = split("/").last(): null

21-05-2025T14:17:53 - [TEST_STEP][PASSED] - if (!(drivers.Driver.isAppiumRunning())): drivers.Driver.isAppiumRunning is PASSED

21-05-2025T14:17:53 - [MESSAGE][INFO] - Appium running: true

21-05-2025T14:17:53 - [MESSAGE][PASSED] - drivers.Driver.isAppiumRunning is PASSED

21-05-2025T14:17:53 - [TEST_STEP][PASSED] - if (driver == null || driver.getSessionId() == null): null

21-05-2025T14:17:53 - [TEST_STEP][PASSED] - drivers.Driver.openApp(): drivers.Driver.openApp is PASSED

21-05-2025T14:17:54 - [MESSAGE][PASSED] - drivers.Driver.openApp is PASSED

21-05-2025T14:17:54 - [TEST_STEP][PASSED] - FOLDER_NAME = "IPaperDownloads": null

21-05-2025T14:17:54 - [TEST_STEP][PASSED] - REQUEST_NAME = "Trình ký PDF có sẵn": null

21-05-2025T14:17:54 - [TEST_STEP][PASSED] - auto5 = DataTest.getUserTest5(): null

21-05-2025T14:17:54 - [TEST_STEP][PASSED] - auto6 = DataTest.getUserTest6(): null

21-05-2025T14:17:54 - [TEST_STEP][PASSED] - document = DataTest.createDocumentTest(auto5, auto6, null, "dummy.pdf", "dummy.pdf"): null

21-05-2025T14:17:54 - [TEST_STEP][PASSED] - loginScreen.login(auto5): null

21-05-2025T14:18:06 - [TEST_STEP][ERROR] - homeScreen.openRequestList(): Test Cases/IPAPER APP/045 TAI FILE TAI CHI TIET HO SO_HO SO DI FAILED.
Reason:
org.openqa.selenium.NoSuchElementException: An element could not be located on the page using the given search parameters.
For documentation on this error, please visit: https://www.seleniumhq.org/exceptions/no_such_element.html
Build info: version: '3.141.59', revision: 'unknown', time: 'unknown'
System info: host: 'Cuong-Mac.local', ip: 'fe80:0:0:0:c43:6797:ebf2:3aad%en0', os.name: 'Mac OS X', os.arch: 'aarch64', os.version: '15.5', java.version: '17.0.7'
Driver info: io.appium.java_client.ios.IOSDriver
Capabilities {automationName: XCUITest, browserName: , databaseEnabled: false, fullReset: false, javascriptEnabled: true, locationContextEnabled: false, networkConnectionEnabled: false, noReset: true, platform: MAC, platformName: iOS, platformVersion: 18.4, takesScreenshot: true, udid: 00008110-000C10543443801E, webStorageEnabled: false}
Session ID: 01bfc3c6-5e13-4dc5-a0a0-9b9b6acbce73
*** Element info: {Using=xpath, value=//XCUIElementTypeImage[@name='ic_add']}
	at java.base/jdk.internal.reflect.NativeConstructorAccessorImpl.newInstance0(Native Method)
	at java.base/jdk.internal.reflect.NativeConstructorAccessorImpl.newInstance(NativeConstructorAccessorImpl.java:77)
	at java.base/jdk.internal.reflect.DelegatingConstructorAccessorImpl.newInstance(DelegatingConstructorAccessorImpl.java:45)
	at org.openqa.selenium.remote.http.W3CHttpResponseCodec.createException(W3CHttpResponseCodec.java:187)
	at org.openqa.selenium.remote.http.W3CHttpResponseCodec.decode(W3CHttpResponseCodec.java:122)
	at org.openqa.selenium.remote.http.W3CHttpResponseCodec.decode(W3CHttpResponseCodec.java:49)
	at org.openqa.selenium.remote.HttpCommandExecutor.execute(HttpCommandExecutor.java:158)
	at io.appium.java_client.remote.AppiumCommandExecutor.execute(AppiumCommandExecutor.java:239)
	at org.openqa.selenium.remote.RemoteWebDriver.execute(RemoteWebDriver.java:552)
	at io.appium.java_client.DefaultGenericMobileDriver.execute(DefaultGenericMobileDriver.java:42)
	at io.appium.java_client.AppiumDriver.execute(AppiumDriver.java:1)
	at io.appium.java_client.ios.IOSDriver.execute(IOSDriver.java:1)
	at org.openqa.selenium.remote.RemoteWebDriver.findElement(RemoteWebDriver.java:323)
	at io.appium.java_client.DefaultGenericMobileDriver.findElement(DefaultGenericMobileDriver.java:62)
	at io.appium.java_client.AppiumDriver.findElement(AppiumDriver.java:1)
	at io.appium.java_client.ios.IOSDriver.findElement(IOSDriver.java:1)
	at org.openqa.selenium.remote.RemoteWebDriver.findElementByXPath(RemoteWebDriver.java:428)
	at io.appium.java_client.DefaultGenericMobileDriver.findElementByXPath(DefaultGenericMobileDriver.java:152)
	at io.appium.java_client.AppiumDriver.findElementByXPath(AppiumDriver.java:1)
	at io.appium.java_client.ios.IOSDriver.findElementByXPath(IOSDriver.java:1)
	at org.openqa.selenium.By$ByXPath.findElement(By.java:353)
	at org.openqa.selenium.remote.RemoteWebDriver.findElement(RemoteWebDriver.java:315)
	at io.appium.java_client.DefaultGenericMobileDriver.findElement(DefaultGenericMobileDriver.java:58)
	at io.appium.java_client.AppiumDriver.findElement(AppiumDriver.java:1)
	at io.appium.java_client.ios.IOSDriver.findElement(IOSDriver.java:1)
	at base.BaseKeyword$Trait$Helper.clickToElement(BaseKeyword.groovy:88)
	at screens.HomeScreen.clickToElement(HomeScreen.groovy)
	at screens.HomeScreen.openRequestList(HomeScreen.groovy:84)
	at 045 TAI FILE TAI CHI TIET HO SO_HO SO DI.run(045 TAI FILE TAI CHI TIET HO SO_HO SO DI:20)
	at com.kms.katalon.core.main.ScriptEngine.run(ScriptEngine.java:194)
	at com.kms.katalon.core.main.ScriptEngine.runScriptAsRawText(ScriptEngine.java:119)
	at com.kms.katalon.core.main.TestCaseExecutor.runScript(TestCaseExecutor.java:448)
	at com.kms.katalon.core.main.TestCaseExecutor.doExecute(TestCaseExecutor.java:439)
	at com.kms.katalon.core.main.TestCaseExecutor.processExecutionPhase(TestCaseExecutor.java:418)
	at com.kms.katalon.core.main.TestCaseExecutor.accessMainPhase(TestCaseExecutor.java:410)
	at com.kms.katalon.core.main.TestCaseExecutor.execute(TestCaseExecutor.java:285)
	at com.kms.katalon.core.common.CommonExecutor.accessTestCaseMainPhase(CommonExecutor.java:65)
	at com.kms.katalon.core.main.TestSuiteExecutor.accessTestSuiteMainPhase(TestSuiteExecutor.java:150)
	at com.kms.katalon.core.main.TestSuiteExecutor.execute(TestSuiteExecutor.java:106)
	at com.kms.katalon.core.main.TestCaseMain.startTestSuite(TestCaseMain.java:180)
	at TempTestSuite1747808312062.run(TempTestSuite1747808312062.groovy:35)
	at java.base/jdk.internal.reflect.NativeMethodAccessorImpl.invoke0(Native Method)
	at java.base/jdk.internal.reflect.NativeMethodAccessorImpl.invoke(NativeMethodAccessorImpl.java:77)
	at java.base/jdk.internal.reflect.DelegatingMethodAccessorImpl.invoke(DelegatingMethodAccessorImpl.java:43)


21-05-2025T14:18:09 - [MESSAGE][ERROR] - Test Cases/IPAPER APP/045 TAI FILE TAI CHI TIET HO SO_HO SO DI FAILED.
Reason:
org.openqa.selenium.NoSuchElementException: An element could not be located on the page using the given search parameters.
For documentation on this error, please visit: https://www.seleniumhq.org/exceptions/no_such_element.html
Build info: version: '3.141.59', revision: 'unknown', time: 'unknown'
System info: host: 'Cuong-Mac.local', ip: 'fe80:0:0:0:c43:6797:ebf2:3aad%en0', os.name: 'Mac OS X', os.arch: 'aarch64', os.version: '15.5', java.version: '17.0.7'
Driver info: io.appium.java_client.ios.IOSDriver
Capabilities {automationName: XCUITest, browserName: , databaseEnabled: false, fullReset: false, javascriptEnabled: true, locationContextEnabled: false, networkConnectionEnabled: false, noReset: true, platform: MAC, platformName: iOS, platformVersion: 18.4, takesScreenshot: true, udid: 00008110-000C10543443801E, webStorageEnabled: false}
Session ID: 01bfc3c6-5e13-4dc5-a0a0-9b9b6acbce73
*** Element info: {Using=xpath, value=//XCUIElementTypeImage[@name='ic_add']}
	at java.base/jdk.internal.reflect.NativeConstructorAccessorImpl.newInstance0(Native Method)
	at java.base/jdk.internal.reflect.NativeConstructorAccessorImpl.newInstance(NativeConstructorAccessorImpl.java:77)
	at java.base/jdk.internal.reflect.DelegatingConstructorAccessorImpl.newInstance(DelegatingConstructorAccessorImpl.java:45)
	at org.openqa.selenium.remote.http.W3CHttpResponseCodec.createException(W3CHttpResponseCodec.java:187)
	at org.openqa.selenium.remote.http.W3CHttpResponseCodec.decode(W3CHttpResponseCodec.java:122)
	at org.openqa.selenium.remote.http.W3CHttpResponseCodec.decode(W3CHttpResponseCodec.java:49)
	at org.openqa.selenium.remote.HttpCommandExecutor.execute(HttpCommandExecutor.java:158)
	at io.appium.java_client.remote.AppiumCommandExecutor.execute(AppiumCommandExecutor.java:239)
	at org.openqa.selenium.remote.RemoteWebDriver.execute(RemoteWebDriver.java:552)
	at io.appium.java_client.DefaultGenericMobileDriver.execute(DefaultGenericMobileDriver.java:42)
	at io.appium.java_client.AppiumDriver.execute(AppiumDriver.java:1)
	at io.appium.java_client.ios.IOSDriver.execute(IOSDriver.java:1)
	at org.openqa.selenium.remote.RemoteWebDriver.findElement(RemoteWebDriver.java:323)
	at io.appium.java_client.DefaultGenericMobileDriver.findElement(DefaultGenericMobileDriver.java:62)
	at io.appium.java_client.AppiumDriver.findElement(AppiumDriver.java:1)
	at io.appium.java_client.ios.IOSDriver.findElement(IOSDriver.java:1)
	at org.openqa.selenium.remote.RemoteWebDriver.findElementByXPath(RemoteWebDriver.java:428)
	at io.appium.java_client.DefaultGenericMobileDriver.findElementByXPath(DefaultGenericMobileDriver.java:152)
	at io.appium.java_client.AppiumDriver.findElementByXPath(AppiumDriver.java:1)
	at io.appium.java_client.ios.IOSDriver.findElementByXPath(IOSDriver.java:1)
	at org.openqa.selenium.By$ByXPath.findElement(By.java:353)
	at org.openqa.selenium.remote.RemoteWebDriver.findElement(RemoteWebDriver.java:315)
	at io.appium.java_client.DefaultGenericMobileDriver.findElement(DefaultGenericMobileDriver.java:58)
	at io.appium.java_client.AppiumDriver.findElement(AppiumDriver.java:1)
	at io.appium.java_client.ios.IOSDriver.findElement(IOSDriver.java:1)
	at base.BaseKeyword$Trait$Helper.clickToElement(BaseKeyword.groovy:88)
	at screens.HomeScreen.clickToElement(HomeScreen.groovy)
	at screens.HomeScreen.openRequestList(HomeScreen.groovy:84)
	at 045 TAI FILE TAI CHI TIET HO SO_HO SO DI.run(045 TAI FILE TAI CHI TIET HO SO_HO SO DI:20)
	at com.kms.katalon.core.main.ScriptEngine.run(ScriptEngine.java:194)
	at com.kms.katalon.core.main.ScriptEngine.runScriptAsRawText(ScriptEngine.java:119)
	at com.kms.katalon.core.main.TestCaseExecutor.runScript(TestCaseExecutor.java:448)
	at com.kms.katalon.core.main.TestCaseExecutor.doExecute(TestCaseExecutor.java:439)
	at com.kms.katalon.core.main.TestCaseExecutor.processExecutionPhase(TestCaseExecutor.java:418)
	at com.kms.katalon.core.main.TestCaseExecutor.accessMainPhase(TestCaseExecutor.java:410)
	at com.kms.katalon.core.main.TestCaseExecutor.execute(TestCaseExecutor.java:285)
	at com.kms.katalon.core.common.CommonExecutor.accessTestCaseMainPhase(CommonExecutor.java:65)
	at com.kms.katalon.core.main.TestSuiteExecutor.accessTestSuiteMainPhase(TestSuiteExecutor.java:150)
	at com.kms.katalon.core.main.TestSuiteExecutor.execute(TestSuiteExecutor.java:106)
	at com.kms.katalon.core.main.TestCaseMain.startTestSuite(TestCaseMain.java:180)
	at TempTestSuite1747808312062.run(TempTestSuite1747808312062.groovy:35)
	at java.base/jdk.internal.reflect.NativeMethodAccessorImpl.invoke0(Native Method)
	at java.base/jdk.internal.reflect.NativeMethodAccessorImpl.invoke(NativeMethodAccessorImpl.java:77)
	at java.base/jdk.internal.reflect.DelegatingMethodAccessorImpl.invoke(DelegatingMethodAccessorImpl.java:43)


21-05-2025T14:18:09 - [TEST_STEP][PASSED] - Start listener action : afterTest: null

21-05-2025T14:18:09 - [TEST_STEP][PASSED] - if (testCaseStatus != "PASSED"): Screenshot is taken

21-05-2025T14:18:09 - [TEST_STEP][PASSED] - takeScreenshot(ErrorScreen/$GlobalVariable.PLATFORM/$testCaseContext.getTestCaseId().png): Screenshot is taken

21-05-2025T14:18:09 - [MESSAGE][PASSED] - Screenshot is taken
[[ATTACHMENT|ErrorScreen/iOS/Test Cases/IPAPER APP/045 TAI FILE TAI CHI TIET HO SO_HO SO DI.png]]

21-05-2025T14:18:09 - [TEST_STEP][PASSED] - drivers.Driver.closeApp(): drivers.Driver.closeApp is PASSED

21-05-2025T14:18:11 - [MESSAGE][PASSED] - drivers.Driver.closeApp is PASSED

21-05-2025T14:18:11 - [TEST_STEP][PASSED] - if (tsContext == null): null]]></system-out>
         <system-err><![CDATA[21-05-2025T14:17:53 - [TEST_CASE][ERROR] - Test Cases/IPAPER APP/045 TAI FILE TAI CHI TIET HO SO_HO SO DI: Test Cases/IPAPER APP/045 TAI FILE TAI CHI TIET HO SO_HO SO DI FAILED.
Reason:
org.openqa.selenium.NoSuchElementException: An element could not be located on the page using the given search parameters.
For documentation on this error, please visit: https://www.seleniumhq.org/exceptions/no_such_element.html
Build info: version: '3.141.59', revision: 'unknown', time: 'unknown'
System info: host: 'Cuong-Mac.local', ip: 'fe80:0:0:0:c43:6797:ebf2:3aad%en0', os.name: 'Mac OS X', os.arch: 'aarch64', os.version: '15.5', java.version: '17.0.7'
Driver info: io.appium.java_client.ios.IOSDriver
Capabilities {automationName: XCUITest, browserName: , databaseEnabled: false, fullReset: false, javascriptEnabled: true, locationContextEnabled: false, networkConnectionEnabled: false, noReset: true, platform: MAC, platformName: iOS, platformVersion: 18.4, takesScreenshot: true, udid: 00008110-000C10543443801E, webStorageEnabled: false}
Session ID: 01bfc3c6-5e13-4dc5-a0a0-9b9b6acbce73
*** Element info: {Using=xpath, value=//XCUIElementTypeImage[@name='ic_add']}
	at java.base/jdk.internal.reflect.NativeConstructorAccessorImpl.newInstance0(Native Method)
	at java.base/jdk.internal.reflect.NativeConstructorAccessorImpl.newInstance(NativeConstructorAccessorImpl.java:77)
	at java.base/jdk.internal.reflect.DelegatingConstructorAccessorImpl.newInstance(DelegatingConstructorAccessorImpl.java:45)
	at org.openqa.selenium.remote.http.W3CHttpResponseCodec.createException(W3CHttpResponseCodec.java:187)
	at org.openqa.selenium.remote.http.W3CHttpResponseCodec.decode(W3CHttpResponseCodec.java:122)
	at org.openqa.selenium.remote.http.W3CHttpResponseCodec.decode(W3CHttpResponseCodec.java:49)
	at org.openqa.selenium.remote.HttpCommandExecutor.execute(HttpCommandExecutor.java:158)
	at io.appium.java_client.remote.AppiumCommandExecutor.execute(AppiumCommandExecutor.java:239)
	at org.openqa.selenium.remote.RemoteWebDriver.execute(RemoteWebDriver.java:552)
	at io.appium.java_client.DefaultGenericMobileDriver.execute(DefaultGenericMobileDriver.java:42)
	at io.appium.java_client.AppiumDriver.execute(AppiumDriver.java:1)
	at io.appium.java_client.ios.IOSDriver.execute(IOSDriver.java:1)
	at org.openqa.selenium.remote.RemoteWebDriver.findElement(RemoteWebDriver.java:323)
	at io.appium.java_client.DefaultGenericMobileDriver.findElement(DefaultGenericMobileDriver.java:62)
	at io.appium.java_client.AppiumDriver.findElement(AppiumDriver.java:1)
	at io.appium.java_client.ios.IOSDriver.findElement(IOSDriver.java:1)
	at org.openqa.selenium.remote.RemoteWebDriver.findElementByXPath(RemoteWebDriver.java:428)
	at io.appium.java_client.DefaultGenericMobileDriver.findElementByXPath(DefaultGenericMobileDriver.java:152)
	at io.appium.java_client.AppiumDriver.findElementByXPath(AppiumDriver.java:1)
	at io.appium.java_client.ios.IOSDriver.findElementByXPath(IOSDriver.java:1)
	at org.openqa.selenium.By$ByXPath.findElement(By.java:353)
	at org.openqa.selenium.remote.RemoteWebDriver.findElement(RemoteWebDriver.java:315)
	at io.appium.java_client.DefaultGenericMobileDriver.findElement(DefaultGenericMobileDriver.java:58)
	at io.appium.java_client.AppiumDriver.findElement(AppiumDriver.java:1)
	at io.appium.java_client.ios.IOSDriver.findElement(IOSDriver.java:1)
	at base.BaseKeyword$Trait$Helper.clickToElement(BaseKeyword.groovy:88)
	at screens.HomeScreen.clickToElement(HomeScreen.groovy)
	at screens.HomeScreen.openRequestList(HomeScreen.groovy:84)
	at 045 TAI FILE TAI CHI TIET HO SO_HO SO DI.run(045 TAI FILE TAI CHI TIET HO SO_HO SO DI:20)
	at com.kms.katalon.core.main.ScriptEngine.run(ScriptEngine.java:194)
	at com.kms.katalon.core.main.ScriptEngine.runScriptAsRawText(ScriptEngine.java:119)
	at com.kms.katalon.core.main.TestCaseExecutor.runScript(TestCaseExecutor.java:448)
	at com.kms.katalon.core.main.TestCaseExecutor.doExecute(TestCaseExecutor.java:439)
	at com.kms.katalon.core.main.TestCaseExecutor.processExecutionPhase(TestCaseExecutor.java:418)
	at com.kms.katalon.core.main.TestCaseExecutor.accessMainPhase(TestCaseExecutor.java:410)
	at com.kms.katalon.core.main.TestCaseExecutor.execute(TestCaseExecutor.java:285)
	at com.kms.katalon.core.common.CommonExecutor.accessTestCaseMainPhase(CommonExecutor.java:65)
	at com.kms.katalon.core.main.TestSuiteExecutor.accessTestSuiteMainPhase(TestSuiteExecutor.java:150)
	at com.kms.katalon.core.main.TestSuiteExecutor.execute(TestSuiteExecutor.java:106)
	at com.kms.katalon.core.main.TestCaseMain.startTestSuite(TestCaseMain.java:180)
	at TempTestSuite1747808312062.run(TempTestSuite1747808312062.groovy:35)
	at java.base/jdk.internal.reflect.NativeMethodAccessorImpl.invoke0(Native Method)
	at java.base/jdk.internal.reflect.NativeMethodAccessorImpl.invoke(NativeMethodAccessorImpl.java:77)
	at java.base/jdk.internal.reflect.DelegatingMethodAccessorImpl.invoke(DelegatingMethodAccessorImpl.java:43)]]></system-err>
      </testcase>
      <testcase name="Test Cases/IPAPER APP/046 TAI FILE TAI MAIN FILE_HO SO DI" time="17.969" classname="Test Cases/IPAPER APP/046 TAI FILE TAI MAIN FILE_HO SO DI" status="ERROR">
         <error type="ERROR" message="Test Cases/IPAPER APP/046 TAI FILE TAI MAIN FILE_HO SO DI FAILED.&#xa;Reason:&#xa;org.openqa.selenium.NoSuchElementException: An element could not be located on the page using the given search parameters.&#xa;For documentation on this error, please visit: https://www.seleniumhq.org/exceptions/no_such_element.html&#xa;Build info: version: '3.141.59', revision: 'unknown', time: 'unknown'&#xa;System info: host: 'Cuong-Mac.local', ip: 'fe80:0:0:0:c43:6797:ebf2:3aad%en0', os.name: 'Mac OS X', os.arch: 'aarch64', os.version: '15.5', java.version: '17.0.7'&#xa;Driver info: io.appium.java_client.ios.IOSDriver&#xa;Capabilities {automationName: XCUITest, browserName: , databaseEnabled: false, fullReset: false, javascriptEnabled: true, locationContextEnabled: false, networkConnectionEnabled: false, noReset: true, platform: MAC, platformName: iOS, platformVersion: 18.4, takesScreenshot: true, udid: 00008110-000C10543443801E, webStorageEnabled: false}&#xa;Session ID: 01bfc3c6-5e13-4dc5-a0a0-9b9b6acbce73&#xa;*** Element info: {Using=xpath, value=//XCUIElementTypeImage[@name='ic_add']}&#xa;	at java.base/jdk.internal.reflect.NativeConstructorAccessorImpl.newInstance0(Native Method)&#xa;	at java.base/jdk.internal.reflect.NativeConstructorAccessorImpl.newInstance(NativeConstructorAccessorImpl.java:77)&#xa;	at java.base/jdk.internal.reflect.DelegatingConstructorAccessorImpl.newInstance(DelegatingConstructorAccessorImpl.java:45)&#xa;	at org.openqa.selenium.remote.http.W3CHttpResponseCodec.createException(W3CHttpResponseCodec.java:187)&#xa;	at org.openqa.selenium.remote.http.W3CHttpResponseCodec.decode(W3CHttpResponseCodec.java:122)&#xa;	at org.openqa.selenium.remote.http.W3CHttpResponseCodec.decode(W3CHttpResponseCodec.java:49)&#xa;	at org.openqa.selenium.remote.HttpCommandExecutor.execute(HttpCommandExecutor.java:158)&#xa;	at io.appium.java_client.remote.AppiumCommandExecutor.execute(AppiumCommandExecutor.java:239)&#xa;	at org.openqa.selenium.remote.RemoteWebDriver.execute(RemoteWebDriver.java:552)&#xa;	at io.appium.java_client.DefaultGenericMobileDriver.execute(DefaultGenericMobileDriver.java:42)&#xa;	at io.appium.java_client.AppiumDriver.execute(AppiumDriver.java:1)&#xa;	at io.appium.java_client.ios.IOSDriver.execute(IOSDriver.java:1)&#xa;	at org.openqa.selenium.remote.RemoteWebDriver.findElement(RemoteWebDriver.java:323)&#xa;	at io.appium.java_client.DefaultGenericMobileDriver.findElement(DefaultGenericMobileDriver.java:62)&#xa;	at io.appium.java_client.AppiumDriver.findElement(AppiumDriver.java:1)&#xa;	at io.appium.java_client.ios.IOSDriver.findElement(IOSDriver.java:1)&#xa;	at org.openqa.selenium.remote.RemoteWebDriver.findElementByXPath(RemoteWebDriver.java:428)&#xa;	at io.appium.java_client.DefaultGenericMobileDriver.findElementByXPath(DefaultGenericMobileDriver.java:152)&#xa;	at io.appium.java_client.AppiumDriver.findElementByXPath(AppiumDriver.java:1)&#xa;	at io.appium.java_client.ios.IOSDriver.findElementByXPath(IOSDriver.java:1)&#xa;	at org.openqa.selenium.By$ByXPath.findElement(By.java:353)&#xa;	at org.openqa.selenium.remote.RemoteWebDriver.findElement(RemoteWebDriver.java:315)&#xa;	at io.appium.java_client.DefaultGenericMobileDriver.findElement(DefaultGenericMobileDriver.java:58)&#xa;	at io.appium.java_client.AppiumDriver.findElement(AppiumDriver.java:1)&#xa;	at io.appium.java_client.ios.IOSDriver.findElement(IOSDriver.java:1)&#xa;	at base.BaseKeyword$Trait$Helper.clickToElement(BaseKeyword.groovy:88)&#xa;	at screens.HomeScreen.clickToElement(HomeScreen.groovy)&#xa;	at screens.HomeScreen.openRequestList(HomeScreen.groovy:84)&#xa;	at 046 TAI FILE TAI MAIN FILE_HO SO DI.run(046 TAI FILE TAI MAIN FILE_HO SO DI:20)&#xa;	at com.kms.katalon.core.main.ScriptEngine.run(ScriptEngine.java:194)&#xa;	at com.kms.katalon.core.main.ScriptEngine.runScriptAsRawText(ScriptEngine.java:119)&#xa;	at com.kms.katalon.core.main.TestCaseExecutor.runScript(TestCaseExecutor.java:448)&#xa;	at com.kms.katalon.core.main.TestCaseExecutor.doExecute(TestCaseExecutor.java:439)&#xa;	at com.kms.katalon.core.main.TestCaseExecutor.processExecutionPhase(TestCaseExecutor.java:418)&#xa;	at com.kms.katalon.core.main.TestCaseExecutor.accessMainPhase(TestCaseExecutor.java:410)&#xa;	at com.kms.katalon.core.main.TestCaseExecutor.execute(TestCaseExecutor.java:285)&#xa;	at com.kms.katalon.core.common.CommonExecutor.accessTestCaseMainPhase(CommonExecutor.java:65)&#xa;	at com.kms.katalon.core.main.TestSuiteExecutor.accessTestSuiteMainPhase(TestSuiteExecutor.java:150)&#xa;	at com.kms.katalon.core.main.TestSuiteExecutor.execute(TestSuiteExecutor.java:106)&#xa;	at com.kms.katalon.core.main.TestCaseMain.startTestSuite(TestCaseMain.java:180)&#xa;	at TempTestSuite1747808312062.run(TempTestSuite1747808312062.groovy:35)&#xa;	at java.base/jdk.internal.reflect.NativeMethodAccessorImpl.invoke0(Native Method)&#xa;	at java.base/jdk.internal.reflect.NativeMethodAccessorImpl.invoke(NativeMethodAccessorImpl.java:77)&#xa;	at java.base/jdk.internal.reflect.DelegatingMethodAccessorImpl.invoke(DelegatingMethodAccessorImpl.java:43)&#xa;"/>
         <system-out><![CDATA[21-05-2025T14:18:11 - [TEST_CASE][ERROR] - Test Cases/IPAPER APP/046 TAI FILE TAI MAIN FILE_HO SO DI: Test Cases/IPAPER APP/046 TAI FILE TAI MAIN FILE_HO SO DI FAILED.
Reason:
org.openqa.selenium.NoSuchElementException: An element could not be located on the page using the given search parameters.
For documentation on this error, please visit: https://www.seleniumhq.org/exceptions/no_such_element.html
Build info: version: '3.141.59', revision: 'unknown', time: 'unknown'
System info: host: 'Cuong-Mac.local', ip: 'fe80:0:0:0:c43:6797:ebf2:3aad%en0', os.name: 'Mac OS X', os.arch: 'aarch64', os.version: '15.5', java.version: '17.0.7'
Driver info: io.appium.java_client.ios.IOSDriver
Capabilities {automationName: XCUITest, browserName: , databaseEnabled: false, fullReset: false, javascriptEnabled: true, locationContextEnabled: false, networkConnectionEnabled: false, noReset: true, platform: MAC, platformName: iOS, platformVersion: 18.4, takesScreenshot: true, udid: 00008110-000C10543443801E, webStorageEnabled: false}
Session ID: 01bfc3c6-5e13-4dc5-a0a0-9b9b6acbce73
*** Element info: {Using=xpath, value=//XCUIElementTypeImage[@name='ic_add']}
	at java.base/jdk.internal.reflect.NativeConstructorAccessorImpl.newInstance0(Native Method)
	at java.base/jdk.internal.reflect.NativeConstructorAccessorImpl.newInstance(NativeConstructorAccessorImpl.java:77)
	at java.base/jdk.internal.reflect.DelegatingConstructorAccessorImpl.newInstance(DelegatingConstructorAccessorImpl.java:45)
	at org.openqa.selenium.remote.http.W3CHttpResponseCodec.createException(W3CHttpResponseCodec.java:187)
	at org.openqa.selenium.remote.http.W3CHttpResponseCodec.decode(W3CHttpResponseCodec.java:122)
	at org.openqa.selenium.remote.http.W3CHttpResponseCodec.decode(W3CHttpResponseCodec.java:49)
	at org.openqa.selenium.remote.HttpCommandExecutor.execute(HttpCommandExecutor.java:158)
	at io.appium.java_client.remote.AppiumCommandExecutor.execute(AppiumCommandExecutor.java:239)
	at org.openqa.selenium.remote.RemoteWebDriver.execute(RemoteWebDriver.java:552)
	at io.appium.java_client.DefaultGenericMobileDriver.execute(DefaultGenericMobileDriver.java:42)
	at io.appium.java_client.AppiumDriver.execute(AppiumDriver.java:1)
	at io.appium.java_client.ios.IOSDriver.execute(IOSDriver.java:1)
	at org.openqa.selenium.remote.RemoteWebDriver.findElement(RemoteWebDriver.java:323)
	at io.appium.java_client.DefaultGenericMobileDriver.findElement(DefaultGenericMobileDriver.java:62)
	at io.appium.java_client.AppiumDriver.findElement(AppiumDriver.java:1)
	at io.appium.java_client.ios.IOSDriver.findElement(IOSDriver.java:1)
	at org.openqa.selenium.remote.RemoteWebDriver.findElementByXPath(RemoteWebDriver.java:428)
	at io.appium.java_client.DefaultGenericMobileDriver.findElementByXPath(DefaultGenericMobileDriver.java:152)
	at io.appium.java_client.AppiumDriver.findElementByXPath(AppiumDriver.java:1)
	at io.appium.java_client.ios.IOSDriver.findElementByXPath(IOSDriver.java:1)
	at org.openqa.selenium.By$ByXPath.findElement(By.java:353)
	at org.openqa.selenium.remote.RemoteWebDriver.findElement(RemoteWebDriver.java:315)
	at io.appium.java_client.DefaultGenericMobileDriver.findElement(DefaultGenericMobileDriver.java:58)
	at io.appium.java_client.AppiumDriver.findElement(AppiumDriver.java:1)
	at io.appium.java_client.ios.IOSDriver.findElement(IOSDriver.java:1)
	at base.BaseKeyword$Trait$Helper.clickToElement(BaseKeyword.groovy:88)
	at screens.HomeScreen.clickToElement(HomeScreen.groovy)
	at screens.HomeScreen.openRequestList(HomeScreen.groovy:84)
	at 046 TAI FILE TAI MAIN FILE_HO SO DI.run(046 TAI FILE TAI MAIN FILE_HO SO DI:20)
	at com.kms.katalon.core.main.ScriptEngine.run(ScriptEngine.java:194)
	at com.kms.katalon.core.main.ScriptEngine.runScriptAsRawText(ScriptEngine.java:119)
	at com.kms.katalon.core.main.TestCaseExecutor.runScript(TestCaseExecutor.java:448)
	at com.kms.katalon.core.main.TestCaseExecutor.doExecute(TestCaseExecutor.java:439)
	at com.kms.katalon.core.main.TestCaseExecutor.processExecutionPhase(TestCaseExecutor.java:418)
	at com.kms.katalon.core.main.TestCaseExecutor.accessMainPhase(TestCaseExecutor.java:410)
	at com.kms.katalon.core.main.TestCaseExecutor.execute(TestCaseExecutor.java:285)
	at com.kms.katalon.core.common.CommonExecutor.accessTestCaseMainPhase(CommonExecutor.java:65)
	at com.kms.katalon.core.main.TestSuiteExecutor.accessTestSuiteMainPhase(TestSuiteExecutor.java:150)
	at com.kms.katalon.core.main.TestSuiteExecutor.execute(TestSuiteExecutor.java:106)
	at com.kms.katalon.core.main.TestCaseMain.startTestSuite(TestCaseMain.java:180)
	at TempTestSuite1747808312062.run(TempTestSuite1747808312062.groovy:35)
	at java.base/jdk.internal.reflect.NativeMethodAccessorImpl.invoke0(Native Method)
	at java.base/jdk.internal.reflect.NativeMethodAccessorImpl.invoke(NativeMethodAccessorImpl.java:77)
	at java.base/jdk.internal.reflect.DelegatingMethodAccessorImpl.invoke(DelegatingMethodAccessorImpl.java:43)


21-05-2025T14:18:11 - [TEST_STEP][PASSED] - Start listener action : beforeTest: drivers.Driver.openApp is PASSED

21-05-2025T14:18:11 - [TEST_STEP][PASSED] - DataTest.init(): null

21-05-2025T14:18:11 - [TEST_STEP][PASSED] - testCaseId = split("/").last(): null

21-05-2025T14:18:11 - [TEST_STEP][PASSED] - if (!(drivers.Driver.isAppiumRunning())): drivers.Driver.isAppiumRunning is PASSED

21-05-2025T14:18:11 - [MESSAGE][INFO] - Appium running: true

21-05-2025T14:18:11 - [MESSAGE][PASSED] - drivers.Driver.isAppiumRunning is PASSED

21-05-2025T14:18:11 - [TEST_STEP][PASSED] - if (driver == null || driver.getSessionId() == null): null

21-05-2025T14:18:11 - [TEST_STEP][PASSED] - drivers.Driver.openApp(): drivers.Driver.openApp is PASSED

21-05-2025T14:18:12 - [MESSAGE][PASSED] - drivers.Driver.openApp is PASSED

21-05-2025T14:18:12 - [TEST_STEP][PASSED] - FOLDER_NAME = "IPaperDownloads": null

21-05-2025T14:18:12 - [TEST_STEP][PASSED] - REQUEST_NAME = "Trình ký PDF có sẵn": null

21-05-2025T14:18:12 - [TEST_STEP][PASSED] - auto5 = DataTest.getUserTest5(): null

21-05-2025T14:18:12 - [TEST_STEP][PASSED] - auto6 = DataTest.getUserTest6(): null

21-05-2025T14:18:12 - [TEST_STEP][PASSED] - document = DataTest.createDocumentTest(auto5, auto6, null, "dummy.pdf", "dummy.pdf"): null

21-05-2025T14:18:12 - [TEST_STEP][PASSED] - loginScreen.login(auto5): null

21-05-2025T14:18:24 - [TEST_STEP][ERROR] - homeScreen.openRequestList(): Test Cases/IPAPER APP/046 TAI FILE TAI MAIN FILE_HO SO DI FAILED.
Reason:
org.openqa.selenium.NoSuchElementException: An element could not be located on the page using the given search parameters.
For documentation on this error, please visit: https://www.seleniumhq.org/exceptions/no_such_element.html
Build info: version: '3.141.59', revision: 'unknown', time: 'unknown'
System info: host: 'Cuong-Mac.local', ip: 'fe80:0:0:0:c43:6797:ebf2:3aad%en0', os.name: 'Mac OS X', os.arch: 'aarch64', os.version: '15.5', java.version: '17.0.7'
Driver info: io.appium.java_client.ios.IOSDriver
Capabilities {automationName: XCUITest, browserName: , databaseEnabled: false, fullReset: false, javascriptEnabled: true, locationContextEnabled: false, networkConnectionEnabled: false, noReset: true, platform: MAC, platformName: iOS, platformVersion: 18.4, takesScreenshot: true, udid: 00008110-000C10543443801E, webStorageEnabled: false}
Session ID: 01bfc3c6-5e13-4dc5-a0a0-9b9b6acbce73
*** Element info: {Using=xpath, value=//XCUIElementTypeImage[@name='ic_add']}
	at java.base/jdk.internal.reflect.NativeConstructorAccessorImpl.newInstance0(Native Method)
	at java.base/jdk.internal.reflect.NativeConstructorAccessorImpl.newInstance(NativeConstructorAccessorImpl.java:77)
	at java.base/jdk.internal.reflect.DelegatingConstructorAccessorImpl.newInstance(DelegatingConstructorAccessorImpl.java:45)
	at org.openqa.selenium.remote.http.W3CHttpResponseCodec.createException(W3CHttpResponseCodec.java:187)
	at org.openqa.selenium.remote.http.W3CHttpResponseCodec.decode(W3CHttpResponseCodec.java:122)
	at org.openqa.selenium.remote.http.W3CHttpResponseCodec.decode(W3CHttpResponseCodec.java:49)
	at org.openqa.selenium.remote.HttpCommandExecutor.execute(HttpCommandExecutor.java:158)
	at io.appium.java_client.remote.AppiumCommandExecutor.execute(AppiumCommandExecutor.java:239)
	at org.openqa.selenium.remote.RemoteWebDriver.execute(RemoteWebDriver.java:552)
	at io.appium.java_client.DefaultGenericMobileDriver.execute(DefaultGenericMobileDriver.java:42)
	at io.appium.java_client.AppiumDriver.execute(AppiumDriver.java:1)
	at io.appium.java_client.ios.IOSDriver.execute(IOSDriver.java:1)
	at org.openqa.selenium.remote.RemoteWebDriver.findElement(RemoteWebDriver.java:323)
	at io.appium.java_client.DefaultGenericMobileDriver.findElement(DefaultGenericMobileDriver.java:62)
	at io.appium.java_client.AppiumDriver.findElement(AppiumDriver.java:1)
	at io.appium.java_client.ios.IOSDriver.findElement(IOSDriver.java:1)
	at org.openqa.selenium.remote.RemoteWebDriver.findElementByXPath(RemoteWebDriver.java:428)
	at io.appium.java_client.DefaultGenericMobileDriver.findElementByXPath(DefaultGenericMobileDriver.java:152)
	at io.appium.java_client.AppiumDriver.findElementByXPath(AppiumDriver.java:1)
	at io.appium.java_client.ios.IOSDriver.findElementByXPath(IOSDriver.java:1)
	at org.openqa.selenium.By$ByXPath.findElement(By.java:353)
	at org.openqa.selenium.remote.RemoteWebDriver.findElement(RemoteWebDriver.java:315)
	at io.appium.java_client.DefaultGenericMobileDriver.findElement(DefaultGenericMobileDriver.java:58)
	at io.appium.java_client.AppiumDriver.findElement(AppiumDriver.java:1)
	at io.appium.java_client.ios.IOSDriver.findElement(IOSDriver.java:1)
	at base.BaseKeyword$Trait$Helper.clickToElement(BaseKeyword.groovy:88)
	at screens.HomeScreen.clickToElement(HomeScreen.groovy)
	at screens.HomeScreen.openRequestList(HomeScreen.groovy:84)
	at 046 TAI FILE TAI MAIN FILE_HO SO DI.run(046 TAI FILE TAI MAIN FILE_HO SO DI:20)
	at com.kms.katalon.core.main.ScriptEngine.run(ScriptEngine.java:194)
	at com.kms.katalon.core.main.ScriptEngine.runScriptAsRawText(ScriptEngine.java:119)
	at com.kms.katalon.core.main.TestCaseExecutor.runScript(TestCaseExecutor.java:448)
	at com.kms.katalon.core.main.TestCaseExecutor.doExecute(TestCaseExecutor.java:439)
	at com.kms.katalon.core.main.TestCaseExecutor.processExecutionPhase(TestCaseExecutor.java:418)
	at com.kms.katalon.core.main.TestCaseExecutor.accessMainPhase(TestCaseExecutor.java:410)
	at com.kms.katalon.core.main.TestCaseExecutor.execute(TestCaseExecutor.java:285)
	at com.kms.katalon.core.common.CommonExecutor.accessTestCaseMainPhase(CommonExecutor.java:65)
	at com.kms.katalon.core.main.TestSuiteExecutor.accessTestSuiteMainPhase(TestSuiteExecutor.java:150)
	at com.kms.katalon.core.main.TestSuiteExecutor.execute(TestSuiteExecutor.java:106)
	at com.kms.katalon.core.main.TestCaseMain.startTestSuite(TestCaseMain.java:180)
	at TempTestSuite1747808312062.run(TempTestSuite1747808312062.groovy:35)
	at java.base/jdk.internal.reflect.NativeMethodAccessorImpl.invoke0(Native Method)
	at java.base/jdk.internal.reflect.NativeMethodAccessorImpl.invoke(NativeMethodAccessorImpl.java:77)
	at java.base/jdk.internal.reflect.DelegatingMethodAccessorImpl.invoke(DelegatingMethodAccessorImpl.java:43)


21-05-2025T14:18:27 - [MESSAGE][ERROR] - Test Cases/IPAPER APP/046 TAI FILE TAI MAIN FILE_HO SO DI FAILED.
Reason:
org.openqa.selenium.NoSuchElementException: An element could not be located on the page using the given search parameters.
For documentation on this error, please visit: https://www.seleniumhq.org/exceptions/no_such_element.html
Build info: version: '3.141.59', revision: 'unknown', time: 'unknown'
System info: host: 'Cuong-Mac.local', ip: 'fe80:0:0:0:c43:6797:ebf2:3aad%en0', os.name: 'Mac OS X', os.arch: 'aarch64', os.version: '15.5', java.version: '17.0.7'
Driver info: io.appium.java_client.ios.IOSDriver
Capabilities {automationName: XCUITest, browserName: , databaseEnabled: false, fullReset: false, javascriptEnabled: true, locationContextEnabled: false, networkConnectionEnabled: false, noReset: true, platform: MAC, platformName: iOS, platformVersion: 18.4, takesScreenshot: true, udid: 00008110-000C10543443801E, webStorageEnabled: false}
Session ID: 01bfc3c6-5e13-4dc5-a0a0-9b9b6acbce73
*** Element info: {Using=xpath, value=//XCUIElementTypeImage[@name='ic_add']}
	at java.base/jdk.internal.reflect.NativeConstructorAccessorImpl.newInstance0(Native Method)
	at java.base/jdk.internal.reflect.NativeConstructorAccessorImpl.newInstance(NativeConstructorAccessorImpl.java:77)
	at java.base/jdk.internal.reflect.DelegatingConstructorAccessorImpl.newInstance(DelegatingConstructorAccessorImpl.java:45)
	at org.openqa.selenium.remote.http.W3CHttpResponseCodec.createException(W3CHttpResponseCodec.java:187)
	at org.openqa.selenium.remote.http.W3CHttpResponseCodec.decode(W3CHttpResponseCodec.java:122)
	at org.openqa.selenium.remote.http.W3CHttpResponseCodec.decode(W3CHttpResponseCodec.java:49)
	at org.openqa.selenium.remote.HttpCommandExecutor.execute(HttpCommandExecutor.java:158)
	at io.appium.java_client.remote.AppiumCommandExecutor.execute(AppiumCommandExecutor.java:239)
	at org.openqa.selenium.remote.RemoteWebDriver.execute(RemoteWebDriver.java:552)
	at io.appium.java_client.DefaultGenericMobileDriver.execute(DefaultGenericMobileDriver.java:42)
	at io.appium.java_client.AppiumDriver.execute(AppiumDriver.java:1)
	at io.appium.java_client.ios.IOSDriver.execute(IOSDriver.java:1)
	at org.openqa.selenium.remote.RemoteWebDriver.findElement(RemoteWebDriver.java:323)
	at io.appium.java_client.DefaultGenericMobileDriver.findElement(DefaultGenericMobileDriver.java:62)
	at io.appium.java_client.AppiumDriver.findElement(AppiumDriver.java:1)
	at io.appium.java_client.ios.IOSDriver.findElement(IOSDriver.java:1)
	at org.openqa.selenium.remote.RemoteWebDriver.findElementByXPath(RemoteWebDriver.java:428)
	at io.appium.java_client.DefaultGenericMobileDriver.findElementByXPath(DefaultGenericMobileDriver.java:152)
	at io.appium.java_client.AppiumDriver.findElementByXPath(AppiumDriver.java:1)
	at io.appium.java_client.ios.IOSDriver.findElementByXPath(IOSDriver.java:1)
	at org.openqa.selenium.By$ByXPath.findElement(By.java:353)
	at org.openqa.selenium.remote.RemoteWebDriver.findElement(RemoteWebDriver.java:315)
	at io.appium.java_client.DefaultGenericMobileDriver.findElement(DefaultGenericMobileDriver.java:58)
	at io.appium.java_client.AppiumDriver.findElement(AppiumDriver.java:1)
	at io.appium.java_client.ios.IOSDriver.findElement(IOSDriver.java:1)
	at base.BaseKeyword$Trait$Helper.clickToElement(BaseKeyword.groovy:88)
	at screens.HomeScreen.clickToElement(HomeScreen.groovy)
	at screens.HomeScreen.openRequestList(HomeScreen.groovy:84)
	at 046 TAI FILE TAI MAIN FILE_HO SO DI.run(046 TAI FILE TAI MAIN FILE_HO SO DI:20)
	at com.kms.katalon.core.main.ScriptEngine.run(ScriptEngine.java:194)
	at com.kms.katalon.core.main.ScriptEngine.runScriptAsRawText(ScriptEngine.java:119)
	at com.kms.katalon.core.main.TestCaseExecutor.runScript(TestCaseExecutor.java:448)
	at com.kms.katalon.core.main.TestCaseExecutor.doExecute(TestCaseExecutor.java:439)
	at com.kms.katalon.core.main.TestCaseExecutor.processExecutionPhase(TestCaseExecutor.java:418)
	at com.kms.katalon.core.main.TestCaseExecutor.accessMainPhase(TestCaseExecutor.java:410)
	at com.kms.katalon.core.main.TestCaseExecutor.execute(TestCaseExecutor.java:285)
	at com.kms.katalon.core.common.CommonExecutor.accessTestCaseMainPhase(CommonExecutor.java:65)
	at com.kms.katalon.core.main.TestSuiteExecutor.accessTestSuiteMainPhase(TestSuiteExecutor.java:150)
	at com.kms.katalon.core.main.TestSuiteExecutor.execute(TestSuiteExecutor.java:106)
	at com.kms.katalon.core.main.TestCaseMain.startTestSuite(TestCaseMain.java:180)
	at TempTestSuite1747808312062.run(TempTestSuite1747808312062.groovy:35)
	at java.base/jdk.internal.reflect.NativeMethodAccessorImpl.invoke0(Native Method)
	at java.base/jdk.internal.reflect.NativeMethodAccessorImpl.invoke(NativeMethodAccessorImpl.java:77)
	at java.base/jdk.internal.reflect.DelegatingMethodAccessorImpl.invoke(DelegatingMethodAccessorImpl.java:43)


21-05-2025T14:18:27 - [TEST_STEP][PASSED] - Start listener action : afterTest: null

21-05-2025T14:18:27 - [TEST_STEP][PASSED] - if (testCaseStatus != "PASSED"): Screenshot is taken

21-05-2025T14:18:27 - [TEST_STEP][PASSED] - takeScreenshot(ErrorScreen/$GlobalVariable.PLATFORM/$testCaseContext.getTestCaseId().png): Screenshot is taken

21-05-2025T14:18:27 - [MESSAGE][PASSED] - Screenshot is taken
[[ATTACHMENT|ErrorScreen/iOS/Test Cases/IPAPER APP/046 TAI FILE TAI MAIN FILE_HO SO DI.png]]

21-05-2025T14:18:27 - [TEST_STEP][PASSED] - drivers.Driver.closeApp(): drivers.Driver.closeApp is PASSED

21-05-2025T14:18:28 - [MESSAGE][PASSED] - drivers.Driver.closeApp is PASSED

21-05-2025T14:18:28 - [TEST_STEP][PASSED] - if (tsContext == null): null]]></system-out>
         <system-err><![CDATA[21-05-2025T14:18:11 - [TEST_CASE][ERROR] - Test Cases/IPAPER APP/046 TAI FILE TAI MAIN FILE_HO SO DI: Test Cases/IPAPER APP/046 TAI FILE TAI MAIN FILE_HO SO DI FAILED.
Reason:
org.openqa.selenium.NoSuchElementException: An element could not be located on the page using the given search parameters.
For documentation on this error, please visit: https://www.seleniumhq.org/exceptions/no_such_element.html
Build info: version: '3.141.59', revision: 'unknown', time: 'unknown'
System info: host: 'Cuong-Mac.local', ip: 'fe80:0:0:0:c43:6797:ebf2:3aad%en0', os.name: 'Mac OS X', os.arch: 'aarch64', os.version: '15.5', java.version: '17.0.7'
Driver info: io.appium.java_client.ios.IOSDriver
Capabilities {automationName: XCUITest, browserName: , databaseEnabled: false, fullReset: false, javascriptEnabled: true, locationContextEnabled: false, networkConnectionEnabled: false, noReset: true, platform: MAC, platformName: iOS, platformVersion: 18.4, takesScreenshot: true, udid: 00008110-000C10543443801E, webStorageEnabled: false}
Session ID: 01bfc3c6-5e13-4dc5-a0a0-9b9b6acbce73
*** Element info: {Using=xpath, value=//XCUIElementTypeImage[@name='ic_add']}
	at java.base/jdk.internal.reflect.NativeConstructorAccessorImpl.newInstance0(Native Method)
	at java.base/jdk.internal.reflect.NativeConstructorAccessorImpl.newInstance(NativeConstructorAccessorImpl.java:77)
	at java.base/jdk.internal.reflect.DelegatingConstructorAccessorImpl.newInstance(DelegatingConstructorAccessorImpl.java:45)
	at org.openqa.selenium.remote.http.W3CHttpResponseCodec.createException(W3CHttpResponseCodec.java:187)
	at org.openqa.selenium.remote.http.W3CHttpResponseCodec.decode(W3CHttpResponseCodec.java:122)
	at org.openqa.selenium.remote.http.W3CHttpResponseCodec.decode(W3CHttpResponseCodec.java:49)
	at org.openqa.selenium.remote.HttpCommandExecutor.execute(HttpCommandExecutor.java:158)
	at io.appium.java_client.remote.AppiumCommandExecutor.execute(AppiumCommandExecutor.java:239)
	at org.openqa.selenium.remote.RemoteWebDriver.execute(RemoteWebDriver.java:552)
	at io.appium.java_client.DefaultGenericMobileDriver.execute(DefaultGenericMobileDriver.java:42)
	at io.appium.java_client.AppiumDriver.execute(AppiumDriver.java:1)
	at io.appium.java_client.ios.IOSDriver.execute(IOSDriver.java:1)
	at org.openqa.selenium.remote.RemoteWebDriver.findElement(RemoteWebDriver.java:323)
	at io.appium.java_client.DefaultGenericMobileDriver.findElement(DefaultGenericMobileDriver.java:62)
	at io.appium.java_client.AppiumDriver.findElement(AppiumDriver.java:1)
	at io.appium.java_client.ios.IOSDriver.findElement(IOSDriver.java:1)
	at org.openqa.selenium.remote.RemoteWebDriver.findElementByXPath(RemoteWebDriver.java:428)
	at io.appium.java_client.DefaultGenericMobileDriver.findElementByXPath(DefaultGenericMobileDriver.java:152)
	at io.appium.java_client.AppiumDriver.findElementByXPath(AppiumDriver.java:1)
	at io.appium.java_client.ios.IOSDriver.findElementByXPath(IOSDriver.java:1)
	at org.openqa.selenium.By$ByXPath.findElement(By.java:353)
	at org.openqa.selenium.remote.RemoteWebDriver.findElement(RemoteWebDriver.java:315)
	at io.appium.java_client.DefaultGenericMobileDriver.findElement(DefaultGenericMobileDriver.java:58)
	at io.appium.java_client.AppiumDriver.findElement(AppiumDriver.java:1)
	at io.appium.java_client.ios.IOSDriver.findElement(IOSDriver.java:1)
	at base.BaseKeyword$Trait$Helper.clickToElement(BaseKeyword.groovy:88)
	at screens.HomeScreen.clickToElement(HomeScreen.groovy)
	at screens.HomeScreen.openRequestList(HomeScreen.groovy:84)
	at 046 TAI FILE TAI MAIN FILE_HO SO DI.run(046 TAI FILE TAI MAIN FILE_HO SO DI:20)
	at com.kms.katalon.core.main.ScriptEngine.run(ScriptEngine.java:194)
	at com.kms.katalon.core.main.ScriptEngine.runScriptAsRawText(ScriptEngine.java:119)
	at com.kms.katalon.core.main.TestCaseExecutor.runScript(TestCaseExecutor.java:448)
	at com.kms.katalon.core.main.TestCaseExecutor.doExecute(TestCaseExecutor.java:439)
	at com.kms.katalon.core.main.TestCaseExecutor.processExecutionPhase(TestCaseExecutor.java:418)
	at com.kms.katalon.core.main.TestCaseExecutor.accessMainPhase(TestCaseExecutor.java:410)
	at com.kms.katalon.core.main.TestCaseExecutor.execute(TestCaseExecutor.java:285)
	at com.kms.katalon.core.common.CommonExecutor.accessTestCaseMainPhase(CommonExecutor.java:65)
	at com.kms.katalon.core.main.TestSuiteExecutor.accessTestSuiteMainPhase(TestSuiteExecutor.java:150)
	at com.kms.katalon.core.main.TestSuiteExecutor.execute(TestSuiteExecutor.java:106)
	at com.kms.katalon.core.main.TestCaseMain.startTestSuite(TestCaseMain.java:180)
	at TempTestSuite1747808312062.run(TempTestSuite1747808312062.groovy:35)
	at java.base/jdk.internal.reflect.NativeMethodAccessorImpl.invoke0(Native Method)
	at java.base/jdk.internal.reflect.NativeMethodAccessorImpl.invoke(NativeMethodAccessorImpl.java:77)
	at java.base/jdk.internal.reflect.DelegatingMethodAccessorImpl.invoke(DelegatingMethodAccessorImpl.java:43)]]></system-err>
      </testcase>
      <testcase name="Test Cases/IPAPER APP/059 TẠO QUY TRINH_2 BUOC" time="17.811" classname="Test Cases/IPAPER APP/059 TẠO QUY TRINH_2 BUOC" status="ERROR">
         <error type="ERROR" message="Test Cases/IPAPER APP/059 TẠO QUY TRINH_2 BUOC FAILED.&#xa;Reason:&#xa;org.openqa.selenium.NoSuchElementException: An element could not be located on the page using the given search parameters.&#xa;For documentation on this error, please visit: https://www.seleniumhq.org/exceptions/no_such_element.html&#xa;Build info: version: '3.141.59', revision: 'unknown', time: 'unknown'&#xa;System info: host: 'Cuong-Mac.local', ip: 'fe80:0:0:0:c43:6797:ebf2:3aad%en0', os.name: 'Mac OS X', os.arch: 'aarch64', os.version: '15.5', java.version: '17.0.7'&#xa;Driver info: io.appium.java_client.ios.IOSDriver&#xa;Capabilities {automationName: XCUITest, browserName: , databaseEnabled: false, fullReset: false, javascriptEnabled: true, locationContextEnabled: false, networkConnectionEnabled: false, noReset: true, platform: MAC, platformName: iOS, platformVersion: 18.4, takesScreenshot: true, udid: 00008110-000C10543443801E, webStorageEnabled: false}&#xa;Session ID: 01bfc3c6-5e13-4dc5-a0a0-9b9b6acbce73&#xa;*** Element info: {Using=xpath, value=//XCUIElementTypeImage[@name='ic_add']}&#xa;	at java.base/jdk.internal.reflect.NativeConstructorAccessorImpl.newInstance0(Native Method)&#xa;	at java.base/jdk.internal.reflect.NativeConstructorAccessorImpl.newInstance(NativeConstructorAccessorImpl.java:77)&#xa;	at java.base/jdk.internal.reflect.DelegatingConstructorAccessorImpl.newInstance(DelegatingConstructorAccessorImpl.java:45)&#xa;	at org.openqa.selenium.remote.http.W3CHttpResponseCodec.createException(W3CHttpResponseCodec.java:187)&#xa;	at org.openqa.selenium.remote.http.W3CHttpResponseCodec.decode(W3CHttpResponseCodec.java:122)&#xa;	at org.openqa.selenium.remote.http.W3CHttpResponseCodec.decode(W3CHttpResponseCodec.java:49)&#xa;	at org.openqa.selenium.remote.HttpCommandExecutor.execute(HttpCommandExecutor.java:158)&#xa;	at io.appium.java_client.remote.AppiumCommandExecutor.execute(AppiumCommandExecutor.java:239)&#xa;	at org.openqa.selenium.remote.RemoteWebDriver.execute(RemoteWebDriver.java:552)&#xa;	at io.appium.java_client.DefaultGenericMobileDriver.execute(DefaultGenericMobileDriver.java:42)&#xa;	at io.appium.java_client.AppiumDriver.execute(AppiumDriver.java:1)&#xa;	at io.appium.java_client.ios.IOSDriver.execute(IOSDriver.java:1)&#xa;	at org.openqa.selenium.remote.RemoteWebDriver.findElement(RemoteWebDriver.java:323)&#xa;	at io.appium.java_client.DefaultGenericMobileDriver.findElement(DefaultGenericMobileDriver.java:62)&#xa;	at io.appium.java_client.AppiumDriver.findElement(AppiumDriver.java:1)&#xa;	at io.appium.java_client.ios.IOSDriver.findElement(IOSDriver.java:1)&#xa;	at org.openqa.selenium.remote.RemoteWebDriver.findElementByXPath(RemoteWebDriver.java:428)&#xa;	at io.appium.java_client.DefaultGenericMobileDriver.findElementByXPath(DefaultGenericMobileDriver.java:152)&#xa;	at io.appium.java_client.AppiumDriver.findElementByXPath(AppiumDriver.java:1)&#xa;	at io.appium.java_client.ios.IOSDriver.findElementByXPath(IOSDriver.java:1)&#xa;	at org.openqa.selenium.By$ByXPath.findElement(By.java:353)&#xa;	at org.openqa.selenium.remote.RemoteWebDriver.findElement(RemoteWebDriver.java:315)&#xa;	at io.appium.java_client.DefaultGenericMobileDriver.findElement(DefaultGenericMobileDriver.java:58)&#xa;	at io.appium.java_client.AppiumDriver.findElement(AppiumDriver.java:1)&#xa;	at io.appium.java_client.ios.IOSDriver.findElement(IOSDriver.java:1)&#xa;	at base.BaseKeyword$Trait$Helper.clickToElement(BaseKeyword.groovy:88)&#xa;	at screens.HomeScreen.clickToElement(HomeScreen.groovy)&#xa;	at screens.HomeScreen.openRequestList(HomeScreen.groovy:84)&#xa;	at 059 TẠO QUY TRINH_2 BUOC.run(059 TẠO QUY TRINH_2 BUOC:25)&#xa;	at com.kms.katalon.core.main.ScriptEngine.run(ScriptEngine.java:194)&#xa;	at com.kms.katalon.core.main.ScriptEngine.runScriptAsRawText(ScriptEngine.java:119)&#xa;	at com.kms.katalon.core.main.TestCaseExecutor.runScript(TestCaseExecutor.java:448)&#xa;	at com.kms.katalon.core.main.TestCaseExecutor.doExecute(TestCaseExecutor.java:439)&#xa;	at com.kms.katalon.core.main.TestCaseExecutor.processExecutionPhase(TestCaseExecutor.java:418)&#xa;	at com.kms.katalon.core.main.TestCaseExecutor.accessMainPhase(TestCaseExecutor.java:410)&#xa;	at com.kms.katalon.core.main.TestCaseExecutor.execute(TestCaseExecutor.java:285)&#xa;	at com.kms.katalon.core.common.CommonExecutor.accessTestCaseMainPhase(CommonExecutor.java:65)&#xa;	at com.kms.katalon.core.main.TestSuiteExecutor.accessTestSuiteMainPhase(TestSuiteExecutor.java:150)&#xa;	at com.kms.katalon.core.main.TestSuiteExecutor.execute(TestSuiteExecutor.java:106)&#xa;	at com.kms.katalon.core.main.TestCaseMain.startTestSuite(TestCaseMain.java:180)&#xa;	at TempTestSuite1747808312062.run(TempTestSuite1747808312062.groovy:35)&#xa;	at java.base/jdk.internal.reflect.NativeMethodAccessorImpl.invoke0(Native Method)&#xa;	at java.base/jdk.internal.reflect.NativeMethodAccessorImpl.invoke(NativeMethodAccessorImpl.java:77)&#xa;	at java.base/jdk.internal.reflect.DelegatingMethodAccessorImpl.invoke(DelegatingMethodAccessorImpl.java:43)&#xa;"/>
         <system-out><![CDATA[21-05-2025T14:18:28 - [TEST_CASE][ERROR] - Test Cases/IPAPER APP/059 TẠO QUY TRINH_2 BUOC: Test Cases/IPAPER APP/059 TẠO QUY TRINH_2 BUOC FAILED.
Reason:
org.openqa.selenium.NoSuchElementException: An element could not be located on the page using the given search parameters.
For documentation on this error, please visit: https://www.seleniumhq.org/exceptions/no_such_element.html
Build info: version: '3.141.59', revision: 'unknown', time: 'unknown'
System info: host: 'Cuong-Mac.local', ip: 'fe80:0:0:0:c43:6797:ebf2:3aad%en0', os.name: 'Mac OS X', os.arch: 'aarch64', os.version: '15.5', java.version: '17.0.7'
Driver info: io.appium.java_client.ios.IOSDriver
Capabilities {automationName: XCUITest, browserName: , databaseEnabled: false, fullReset: false, javascriptEnabled: true, locationContextEnabled: false, networkConnectionEnabled: false, noReset: true, platform: MAC, platformName: iOS, platformVersion: 18.4, takesScreenshot: true, udid: 00008110-000C10543443801E, webStorageEnabled: false}
Session ID: 01bfc3c6-5e13-4dc5-a0a0-9b9b6acbce73
*** Element info: {Using=xpath, value=//XCUIElementTypeImage[@name='ic_add']}
	at java.base/jdk.internal.reflect.NativeConstructorAccessorImpl.newInstance0(Native Method)
	at java.base/jdk.internal.reflect.NativeConstructorAccessorImpl.newInstance(NativeConstructorAccessorImpl.java:77)
	at java.base/jdk.internal.reflect.DelegatingConstructorAccessorImpl.newInstance(DelegatingConstructorAccessorImpl.java:45)
	at org.openqa.selenium.remote.http.W3CHttpResponseCodec.createException(W3CHttpResponseCodec.java:187)
	at org.openqa.selenium.remote.http.W3CHttpResponseCodec.decode(W3CHttpResponseCodec.java:122)
	at org.openqa.selenium.remote.http.W3CHttpResponseCodec.decode(W3CHttpResponseCodec.java:49)
	at org.openqa.selenium.remote.HttpCommandExecutor.execute(HttpCommandExecutor.java:158)
	at io.appium.java_client.remote.AppiumCommandExecutor.execute(AppiumCommandExecutor.java:239)
	at org.openqa.selenium.remote.RemoteWebDriver.execute(RemoteWebDriver.java:552)
	at io.appium.java_client.DefaultGenericMobileDriver.execute(DefaultGenericMobileDriver.java:42)
	at io.appium.java_client.AppiumDriver.execute(AppiumDriver.java:1)
	at io.appium.java_client.ios.IOSDriver.execute(IOSDriver.java:1)
	at org.openqa.selenium.remote.RemoteWebDriver.findElement(RemoteWebDriver.java:323)
	at io.appium.java_client.DefaultGenericMobileDriver.findElement(DefaultGenericMobileDriver.java:62)
	at io.appium.java_client.AppiumDriver.findElement(AppiumDriver.java:1)
	at io.appium.java_client.ios.IOSDriver.findElement(IOSDriver.java:1)
	at org.openqa.selenium.remote.RemoteWebDriver.findElementByXPath(RemoteWebDriver.java:428)
	at io.appium.java_client.DefaultGenericMobileDriver.findElementByXPath(DefaultGenericMobileDriver.java:152)
	at io.appium.java_client.AppiumDriver.findElementByXPath(AppiumDriver.java:1)
	at io.appium.java_client.ios.IOSDriver.findElementByXPath(IOSDriver.java:1)
	at org.openqa.selenium.By$ByXPath.findElement(By.java:353)
	at org.openqa.selenium.remote.RemoteWebDriver.findElement(RemoteWebDriver.java:315)
	at io.appium.java_client.DefaultGenericMobileDriver.findElement(DefaultGenericMobileDriver.java:58)
	at io.appium.java_client.AppiumDriver.findElement(AppiumDriver.java:1)
	at io.appium.java_client.ios.IOSDriver.findElement(IOSDriver.java:1)
	at base.BaseKeyword$Trait$Helper.clickToElement(BaseKeyword.groovy:88)
	at screens.HomeScreen.clickToElement(HomeScreen.groovy)
	at screens.HomeScreen.openRequestList(HomeScreen.groovy:84)
	at 059 TẠO QUY TRINH_2 BUOC.run(059 TẠO QUY TRINH_2 BUOC:25)
	at com.kms.katalon.core.main.ScriptEngine.run(ScriptEngine.java:194)
	at com.kms.katalon.core.main.ScriptEngine.runScriptAsRawText(ScriptEngine.java:119)
	at com.kms.katalon.core.main.TestCaseExecutor.runScript(TestCaseExecutor.java:448)
	at com.kms.katalon.core.main.TestCaseExecutor.doExecute(TestCaseExecutor.java:439)
	at com.kms.katalon.core.main.TestCaseExecutor.processExecutionPhase(TestCaseExecutor.java:418)
	at com.kms.katalon.core.main.TestCaseExecutor.accessMainPhase(TestCaseExecutor.java:410)
	at com.kms.katalon.core.main.TestCaseExecutor.execute(TestCaseExecutor.java:285)
	at com.kms.katalon.core.common.CommonExecutor.accessTestCaseMainPhase(CommonExecutor.java:65)
	at com.kms.katalon.core.main.TestSuiteExecutor.accessTestSuiteMainPhase(TestSuiteExecutor.java:150)
	at com.kms.katalon.core.main.TestSuiteExecutor.execute(TestSuiteExecutor.java:106)
	at com.kms.katalon.core.main.TestCaseMain.startTestSuite(TestCaseMain.java:180)
	at TempTestSuite1747808312062.run(TempTestSuite1747808312062.groovy:35)
	at java.base/jdk.internal.reflect.NativeMethodAccessorImpl.invoke0(Native Method)
	at java.base/jdk.internal.reflect.NativeMethodAccessorImpl.invoke(NativeMethodAccessorImpl.java:77)
	at java.base/jdk.internal.reflect.DelegatingMethodAccessorImpl.invoke(DelegatingMethodAccessorImpl.java:43)


21-05-2025T14:18:29 - [TEST_STEP][PASSED] - Start listener action : beforeTest: drivers.Driver.openApp is PASSED

21-05-2025T14:18:29 - [TEST_STEP][PASSED] - DataTest.init(): null

21-05-2025T14:18:29 - [TEST_STEP][PASSED] - testCaseId = split("/").last(): null

21-05-2025T14:18:29 - [TEST_STEP][PASSED] - if (!(drivers.Driver.isAppiumRunning())): drivers.Driver.isAppiumRunning is PASSED

21-05-2025T14:18:29 - [MESSAGE][INFO] - Appium running: true

21-05-2025T14:18:29 - [MESSAGE][PASSED] - drivers.Driver.isAppiumRunning is PASSED

21-05-2025T14:18:29 - [TEST_STEP][PASSED] - if (driver == null || driver.getSessionId() == null): null

21-05-2025T14:18:29 - [TEST_STEP][PASSED] - drivers.Driver.openApp(): drivers.Driver.openApp is PASSED

21-05-2025T14:18:30 - [MESSAGE][PASSED] - drivers.Driver.openApp is PASSED

21-05-2025T14:18:30 - [TEST_STEP][PASSED] - REQUEST_NAME = "Trình ký PDF có sẵn": null

21-05-2025T14:18:30 - [TEST_STEP][PASSED] - TO_DAY = SimpleDateFormat(dd/MM/yyyy).format(new java.util.Date()): null

21-05-2025T14:18:30 - [TEST_STEP][PASSED] - auto5 = DataTest.getUserTest5(): null

21-05-2025T14:18:30 - [TEST_STEP][PASSED] - auto6 = DataTest.getUserTest6(): null

21-05-2025T14:18:30 - [TEST_STEP][PASSED] - auto7 = DataTest.getUserTest7(): null

21-05-2025T14:18:30 - [TEST_STEP][PASSED] - auto8 = DataTest.getUserTest8(): null

21-05-2025T14:18:30 - [TEST_STEP][PASSED] - document = DataTest.createDocumentTest(auto5, auto6, auto7, "dummy.pdf", "dummy.pdf"): null

21-05-2025T14:18:30 - [TEST_STEP][PASSED] - loginScreen.login(auto5): null

21-05-2025T14:18:42 - [TEST_STEP][ERROR] - homeScreen.openRequestList(): Test Cases/IPAPER APP/059 TẠO QUY TRINH_2 BUOC FAILED.
Reason:
org.openqa.selenium.NoSuchElementException: An element could not be located on the page using the given search parameters.
For documentation on this error, please visit: https://www.seleniumhq.org/exceptions/no_such_element.html
Build info: version: '3.141.59', revision: 'unknown', time: 'unknown'
System info: host: 'Cuong-Mac.local', ip: 'fe80:0:0:0:c43:6797:ebf2:3aad%en0', os.name: 'Mac OS X', os.arch: 'aarch64', os.version: '15.5', java.version: '17.0.7'
Driver info: io.appium.java_client.ios.IOSDriver
Capabilities {automationName: XCUITest, browserName: , databaseEnabled: false, fullReset: false, javascriptEnabled: true, locationContextEnabled: false, networkConnectionEnabled: false, noReset: true, platform: MAC, platformName: iOS, platformVersion: 18.4, takesScreenshot: true, udid: 00008110-000C10543443801E, webStorageEnabled: false}
Session ID: 01bfc3c6-5e13-4dc5-a0a0-9b9b6acbce73
*** Element info: {Using=xpath, value=//XCUIElementTypeImage[@name='ic_add']}
	at java.base/jdk.internal.reflect.NativeConstructorAccessorImpl.newInstance0(Native Method)
	at java.base/jdk.internal.reflect.NativeConstructorAccessorImpl.newInstance(NativeConstructorAccessorImpl.java:77)
	at java.base/jdk.internal.reflect.DelegatingConstructorAccessorImpl.newInstance(DelegatingConstructorAccessorImpl.java:45)
	at org.openqa.selenium.remote.http.W3CHttpResponseCodec.createException(W3CHttpResponseCodec.java:187)
	at org.openqa.selenium.remote.http.W3CHttpResponseCodec.decode(W3CHttpResponseCodec.java:122)
	at org.openqa.selenium.remote.http.W3CHttpResponseCodec.decode(W3CHttpResponseCodec.java:49)
	at org.openqa.selenium.remote.HttpCommandExecutor.execute(HttpCommandExecutor.java:158)
	at io.appium.java_client.remote.AppiumCommandExecutor.execute(AppiumCommandExecutor.java:239)
	at org.openqa.selenium.remote.RemoteWebDriver.execute(RemoteWebDriver.java:552)
	at io.appium.java_client.DefaultGenericMobileDriver.execute(DefaultGenericMobileDriver.java:42)
	at io.appium.java_client.AppiumDriver.execute(AppiumDriver.java:1)
	at io.appium.java_client.ios.IOSDriver.execute(IOSDriver.java:1)
	at org.openqa.selenium.remote.RemoteWebDriver.findElement(RemoteWebDriver.java:323)
	at io.appium.java_client.DefaultGenericMobileDriver.findElement(DefaultGenericMobileDriver.java:62)
	at io.appium.java_client.AppiumDriver.findElement(AppiumDriver.java:1)
	at io.appium.java_client.ios.IOSDriver.findElement(IOSDriver.java:1)
	at org.openqa.selenium.remote.RemoteWebDriver.findElementByXPath(RemoteWebDriver.java:428)
	at io.appium.java_client.DefaultGenericMobileDriver.findElementByXPath(DefaultGenericMobileDriver.java:152)
	at io.appium.java_client.AppiumDriver.findElementByXPath(AppiumDriver.java:1)
	at io.appium.java_client.ios.IOSDriver.findElementByXPath(IOSDriver.java:1)
	at org.openqa.selenium.By$ByXPath.findElement(By.java:353)
	at org.openqa.selenium.remote.RemoteWebDriver.findElement(RemoteWebDriver.java:315)
	at io.appium.java_client.DefaultGenericMobileDriver.findElement(DefaultGenericMobileDriver.java:58)
	at io.appium.java_client.AppiumDriver.findElement(AppiumDriver.java:1)
	at io.appium.java_client.ios.IOSDriver.findElement(IOSDriver.java:1)
	at base.BaseKeyword$Trait$Helper.clickToElement(BaseKeyword.groovy:88)
	at screens.HomeScreen.clickToElement(HomeScreen.groovy)
	at screens.HomeScreen.openRequestList(HomeScreen.groovy:84)
	at 059 TẠO QUY TRINH_2 BUOC.run(059 TẠO QUY TRINH_2 BUOC:25)
	at com.kms.katalon.core.main.ScriptEngine.run(ScriptEngine.java:194)
	at com.kms.katalon.core.main.ScriptEngine.runScriptAsRawText(ScriptEngine.java:119)
	at com.kms.katalon.core.main.TestCaseExecutor.runScript(TestCaseExecutor.java:448)
	at com.kms.katalon.core.main.TestCaseExecutor.doExecute(TestCaseExecutor.java:439)
	at com.kms.katalon.core.main.TestCaseExecutor.processExecutionPhase(TestCaseExecutor.java:418)
	at com.kms.katalon.core.main.TestCaseExecutor.accessMainPhase(TestCaseExecutor.java:410)
	at com.kms.katalon.core.main.TestCaseExecutor.execute(TestCaseExecutor.java:285)
	at com.kms.katalon.core.common.CommonExecutor.accessTestCaseMainPhase(CommonExecutor.java:65)
	at com.kms.katalon.core.main.TestSuiteExecutor.accessTestSuiteMainPhase(TestSuiteExecutor.java:150)
	at com.kms.katalon.core.main.TestSuiteExecutor.execute(TestSuiteExecutor.java:106)
	at com.kms.katalon.core.main.TestCaseMain.startTestSuite(TestCaseMain.java:180)
	at TempTestSuite1747808312062.run(TempTestSuite1747808312062.groovy:35)
	at java.base/jdk.internal.reflect.NativeMethodAccessorImpl.invoke0(Native Method)
	at java.base/jdk.internal.reflect.NativeMethodAccessorImpl.invoke(NativeMethodAccessorImpl.java:77)
	at java.base/jdk.internal.reflect.DelegatingMethodAccessorImpl.invoke(DelegatingMethodAccessorImpl.java:43)


21-05-2025T14:18:45 - [MESSAGE][ERROR] - Test Cases/IPAPER APP/059 TẠO QUY TRINH_2 BUOC FAILED.
Reason:
org.openqa.selenium.NoSuchElementException: An element could not be located on the page using the given search parameters.
For documentation on this error, please visit: https://www.seleniumhq.org/exceptions/no_such_element.html
Build info: version: '3.141.59', revision: 'unknown', time: 'unknown'
System info: host: 'Cuong-Mac.local', ip: 'fe80:0:0:0:c43:6797:ebf2:3aad%en0', os.name: 'Mac OS X', os.arch: 'aarch64', os.version: '15.5', java.version: '17.0.7'
Driver info: io.appium.java_client.ios.IOSDriver
Capabilities {automationName: XCUITest, browserName: , databaseEnabled: false, fullReset: false, javascriptEnabled: true, locationContextEnabled: false, networkConnectionEnabled: false, noReset: true, platform: MAC, platformName: iOS, platformVersion: 18.4, takesScreenshot: true, udid: 00008110-000C10543443801E, webStorageEnabled: false}
Session ID: 01bfc3c6-5e13-4dc5-a0a0-9b9b6acbce73
*** Element info: {Using=xpath, value=//XCUIElementTypeImage[@name='ic_add']}
	at java.base/jdk.internal.reflect.NativeConstructorAccessorImpl.newInstance0(Native Method)
	at java.base/jdk.internal.reflect.NativeConstructorAccessorImpl.newInstance(NativeConstructorAccessorImpl.java:77)
	at java.base/jdk.internal.reflect.DelegatingConstructorAccessorImpl.newInstance(DelegatingConstructorAccessorImpl.java:45)
	at org.openqa.selenium.remote.http.W3CHttpResponseCodec.createException(W3CHttpResponseCodec.java:187)
	at org.openqa.selenium.remote.http.W3CHttpResponseCodec.decode(W3CHttpResponseCodec.java:122)
	at org.openqa.selenium.remote.http.W3CHttpResponseCodec.decode(W3CHttpResponseCodec.java:49)
	at org.openqa.selenium.remote.HttpCommandExecutor.execute(HttpCommandExecutor.java:158)
	at io.appium.java_client.remote.AppiumCommandExecutor.execute(AppiumCommandExecutor.java:239)
	at org.openqa.selenium.remote.RemoteWebDriver.execute(RemoteWebDriver.java:552)
	at io.appium.java_client.DefaultGenericMobileDriver.execute(DefaultGenericMobileDriver.java:42)
	at io.appium.java_client.AppiumDriver.execute(AppiumDriver.java:1)
	at io.appium.java_client.ios.IOSDriver.execute(IOSDriver.java:1)
	at org.openqa.selenium.remote.RemoteWebDriver.findElement(RemoteWebDriver.java:323)
	at io.appium.java_client.DefaultGenericMobileDriver.findElement(DefaultGenericMobileDriver.java:62)
	at io.appium.java_client.AppiumDriver.findElement(AppiumDriver.java:1)
	at io.appium.java_client.ios.IOSDriver.findElement(IOSDriver.java:1)
	at org.openqa.selenium.remote.RemoteWebDriver.findElementByXPath(RemoteWebDriver.java:428)
	at io.appium.java_client.DefaultGenericMobileDriver.findElementByXPath(DefaultGenericMobileDriver.java:152)
	at io.appium.java_client.AppiumDriver.findElementByXPath(AppiumDriver.java:1)
	at io.appium.java_client.ios.IOSDriver.findElementByXPath(IOSDriver.java:1)
	at org.openqa.selenium.By$ByXPath.findElement(By.java:353)
	at org.openqa.selenium.remote.RemoteWebDriver.findElement(RemoteWebDriver.java:315)
	at io.appium.java_client.DefaultGenericMobileDriver.findElement(DefaultGenericMobileDriver.java:58)
	at io.appium.java_client.AppiumDriver.findElement(AppiumDriver.java:1)
	at io.appium.java_client.ios.IOSDriver.findElement(IOSDriver.java:1)
	at base.BaseKeyword$Trait$Helper.clickToElement(BaseKeyword.groovy:88)
	at screens.HomeScreen.clickToElement(HomeScreen.groovy)
	at screens.HomeScreen.openRequestList(HomeScreen.groovy:84)
	at 059 TẠO QUY TRINH_2 BUOC.run(059 TẠO QUY TRINH_2 BUOC:25)
	at com.kms.katalon.core.main.ScriptEngine.run(ScriptEngine.java:194)
	at com.kms.katalon.core.main.ScriptEngine.runScriptAsRawText(ScriptEngine.java:119)
	at com.kms.katalon.core.main.TestCaseExecutor.runScript(TestCaseExecutor.java:448)
	at com.kms.katalon.core.main.TestCaseExecutor.doExecute(TestCaseExecutor.java:439)
	at com.kms.katalon.core.main.TestCaseExecutor.processExecutionPhase(TestCaseExecutor.java:418)
	at com.kms.katalon.core.main.TestCaseExecutor.accessMainPhase(TestCaseExecutor.java:410)
	at com.kms.katalon.core.main.TestCaseExecutor.execute(TestCaseExecutor.java:285)
	at com.kms.katalon.core.common.CommonExecutor.accessTestCaseMainPhase(CommonExecutor.java:65)
	at com.kms.katalon.core.main.TestSuiteExecutor.accessTestSuiteMainPhase(TestSuiteExecutor.java:150)
	at com.kms.katalon.core.main.TestSuiteExecutor.execute(TestSuiteExecutor.java:106)
	at com.kms.katalon.core.main.TestCaseMain.startTestSuite(TestCaseMain.java:180)
	at TempTestSuite1747808312062.run(TempTestSuite1747808312062.groovy:35)
	at java.base/jdk.internal.reflect.NativeMethodAccessorImpl.invoke0(Native Method)
	at java.base/jdk.internal.reflect.NativeMethodAccessorImpl.invoke(NativeMethodAccessorImpl.java:77)
	at java.base/jdk.internal.reflect.DelegatingMethodAccessorImpl.invoke(DelegatingMethodAccessorImpl.java:43)


21-05-2025T14:18:45 - [TEST_STEP][PASSED] - Start listener action : afterTest: null

21-05-2025T14:18:45 - [TEST_STEP][PASSED] - if (testCaseStatus != "PASSED"): Screenshot is taken

21-05-2025T14:18:45 - [TEST_STEP][PASSED] - takeScreenshot(ErrorScreen/$GlobalVariable.PLATFORM/$testCaseContext.getTestCaseId().png): Screenshot is taken

21-05-2025T14:18:45 - [MESSAGE][PASSED] - Screenshot is taken
[[ATTACHMENT|ErrorScreen/iOS/Test Cases/IPAPER APP/059 TẠO QUY TRINH_2 BUOC.png]]

21-05-2025T14:18:45 - [TEST_STEP][PASSED] - drivers.Driver.closeApp(): drivers.Driver.closeApp is PASSED

21-05-2025T14:18:46 - [MESSAGE][PASSED] - drivers.Driver.closeApp is PASSED

21-05-2025T14:18:46 - [TEST_STEP][PASSED] - if (tsContext == null): null]]></system-out>
         <system-err><![CDATA[21-05-2025T14:18:28 - [TEST_CASE][ERROR] - Test Cases/IPAPER APP/059 TẠO QUY TRINH_2 BUOC: Test Cases/IPAPER APP/059 TẠO QUY TRINH_2 BUOC FAILED.
Reason:
org.openqa.selenium.NoSuchElementException: An element could not be located on the page using the given search parameters.
For documentation on this error, please visit: https://www.seleniumhq.org/exceptions/no_such_element.html
Build info: version: '3.141.59', revision: 'unknown', time: 'unknown'
System info: host: 'Cuong-Mac.local', ip: 'fe80:0:0:0:c43:6797:ebf2:3aad%en0', os.name: 'Mac OS X', os.arch: 'aarch64', os.version: '15.5', java.version: '17.0.7'
Driver info: io.appium.java_client.ios.IOSDriver
Capabilities {automationName: XCUITest, browserName: , databaseEnabled: false, fullReset: false, javascriptEnabled: true, locationContextEnabled: false, networkConnectionEnabled: false, noReset: true, platform: MAC, platformName: iOS, platformVersion: 18.4, takesScreenshot: true, udid: 00008110-000C10543443801E, webStorageEnabled: false}
Session ID: 01bfc3c6-5e13-4dc5-a0a0-9b9b6acbce73
*** Element info: {Using=xpath, value=//XCUIElementTypeImage[@name='ic_add']}
	at java.base/jdk.internal.reflect.NativeConstructorAccessorImpl.newInstance0(Native Method)
	at java.base/jdk.internal.reflect.NativeConstructorAccessorImpl.newInstance(NativeConstructorAccessorImpl.java:77)
	at java.base/jdk.internal.reflect.DelegatingConstructorAccessorImpl.newInstance(DelegatingConstructorAccessorImpl.java:45)
	at org.openqa.selenium.remote.http.W3CHttpResponseCodec.createException(W3CHttpResponseCodec.java:187)
	at org.openqa.selenium.remote.http.W3CHttpResponseCodec.decode(W3CHttpResponseCodec.java:122)
	at org.openqa.selenium.remote.http.W3CHttpResponseCodec.decode(W3CHttpResponseCodec.java:49)
	at org.openqa.selenium.remote.HttpCommandExecutor.execute(HttpCommandExecutor.java:158)
	at io.appium.java_client.remote.AppiumCommandExecutor.execute(AppiumCommandExecutor.java:239)
	at org.openqa.selenium.remote.RemoteWebDriver.execute(RemoteWebDriver.java:552)
	at io.appium.java_client.DefaultGenericMobileDriver.execute(DefaultGenericMobileDriver.java:42)
	at io.appium.java_client.AppiumDriver.execute(AppiumDriver.java:1)
	at io.appium.java_client.ios.IOSDriver.execute(IOSDriver.java:1)
	at org.openqa.selenium.remote.RemoteWebDriver.findElement(RemoteWebDriver.java:323)
	at io.appium.java_client.DefaultGenericMobileDriver.findElement(DefaultGenericMobileDriver.java:62)
	at io.appium.java_client.AppiumDriver.findElement(AppiumDriver.java:1)
	at io.appium.java_client.ios.IOSDriver.findElement(IOSDriver.java:1)
	at org.openqa.selenium.remote.RemoteWebDriver.findElementByXPath(RemoteWebDriver.java:428)
	at io.appium.java_client.DefaultGenericMobileDriver.findElementByXPath(DefaultGenericMobileDriver.java:152)
	at io.appium.java_client.AppiumDriver.findElementByXPath(AppiumDriver.java:1)
	at io.appium.java_client.ios.IOSDriver.findElementByXPath(IOSDriver.java:1)
	at org.openqa.selenium.By$ByXPath.findElement(By.java:353)
	at org.openqa.selenium.remote.RemoteWebDriver.findElement(RemoteWebDriver.java:315)
	at io.appium.java_client.DefaultGenericMobileDriver.findElement(DefaultGenericMobileDriver.java:58)
	at io.appium.java_client.AppiumDriver.findElement(AppiumDriver.java:1)
	at io.appium.java_client.ios.IOSDriver.findElement(IOSDriver.java:1)
	at base.BaseKeyword$Trait$Helper.clickToElement(BaseKeyword.groovy:88)
	at screens.HomeScreen.clickToElement(HomeScreen.groovy)
	at screens.HomeScreen.openRequestList(HomeScreen.groovy:84)
	at 059 TẠO QUY TRINH_2 BUOC.run(059 TẠO QUY TRINH_2 BUOC:25)
	at com.kms.katalon.core.main.ScriptEngine.run(ScriptEngine.java:194)
	at com.kms.katalon.core.main.ScriptEngine.runScriptAsRawText(ScriptEngine.java:119)
	at com.kms.katalon.core.main.TestCaseExecutor.runScript(TestCaseExecutor.java:448)
	at com.kms.katalon.core.main.TestCaseExecutor.doExecute(TestCaseExecutor.java:439)
	at com.kms.katalon.core.main.TestCaseExecutor.processExecutionPhase(TestCaseExecutor.java:418)
	at com.kms.katalon.core.main.TestCaseExecutor.accessMainPhase(TestCaseExecutor.java:410)
	at com.kms.katalon.core.main.TestCaseExecutor.execute(TestCaseExecutor.java:285)
	at com.kms.katalon.core.common.CommonExecutor.accessTestCaseMainPhase(CommonExecutor.java:65)
	at com.kms.katalon.core.main.TestSuiteExecutor.accessTestSuiteMainPhase(TestSuiteExecutor.java:150)
	at com.kms.katalon.core.main.TestSuiteExecutor.execute(TestSuiteExecutor.java:106)
	at com.kms.katalon.core.main.TestCaseMain.startTestSuite(TestCaseMain.java:180)
	at TempTestSuite1747808312062.run(TempTestSuite1747808312062.groovy:35)
	at java.base/jdk.internal.reflect.NativeMethodAccessorImpl.invoke0(Native Method)
	at java.base/jdk.internal.reflect.NativeMethodAccessorImpl.invoke(NativeMethodAccessorImpl.java:77)
	at java.base/jdk.internal.reflect.DelegatingMethodAccessorImpl.invoke(DelegatingMethodAccessorImpl.java:43)]]></system-err>
      </testcase>
      <testcase name="Test Cases/IPAPER APP/037 LAY Y KIEN NHANH_KHONG NHAP Y KIEN" time="20.648" classname="Test Cases/IPAPER APP/037 LAY Y KIEN NHANH_KHONG NHAP Y KIEN" status="ERROR">
         <error type="ERROR" message="Test Cases/IPAPER APP/037 LAY Y KIEN NHANH_KHONG NHAP Y KIEN FAILED.&#xa;Reason:&#xa;org.openqa.selenium.NoSuchElementException: An element could not be located on the page using the given search parameters.&#xa;For documentation on this error, please visit: https://www.seleniumhq.org/exceptions/no_such_element.html&#xa;Build info: version: '3.141.59', revision: 'unknown', time: 'unknown'&#xa;System info: host: 'Cuong-Mac.local', ip: 'fe80:0:0:0:c43:6797:ebf2:3aad%en0', os.name: 'Mac OS X', os.arch: 'aarch64', os.version: '15.5', java.version: '17.0.7'&#xa;Driver info: io.appium.java_client.ios.IOSDriver&#xa;Capabilities {automationName: XCUITest, browserName: , databaseEnabled: false, fullReset: false, javascriptEnabled: true, locationContextEnabled: false, networkConnectionEnabled: false, noReset: true, platform: MAC, platformName: iOS, platformVersion: 18.4, takesScreenshot: true, udid: 00008110-000C10543443801E, webStorageEnabled: false}&#xa;Session ID: 01bfc3c6-5e13-4dc5-a0a0-9b9b6acbce73&#xa;*** Element info: {Using=xpath, value=//XCUIElementTypeImage[@name='ic_add']}&#xa;	at jdk.internal.reflect.GeneratedConstructorAccessor32.newInstance(Unknown Source)&#xa;	at java.base/jdk.internal.reflect.DelegatingConstructorAccessorImpl.newInstance(DelegatingConstructorAccessorImpl.java:45)&#xa;	at org.openqa.selenium.remote.http.W3CHttpResponseCodec.createException(W3CHttpResponseCodec.java:187)&#xa;	at org.openqa.selenium.remote.http.W3CHttpResponseCodec.decode(W3CHttpResponseCodec.java:122)&#xa;	at org.openqa.selenium.remote.http.W3CHttpResponseCodec.decode(W3CHttpResponseCodec.java:49)&#xa;	at org.openqa.selenium.remote.HttpCommandExecutor.execute(HttpCommandExecutor.java:158)&#xa;	at io.appium.java_client.remote.AppiumCommandExecutor.execute(AppiumCommandExecutor.java:239)&#xa;	at org.openqa.selenium.remote.RemoteWebDriver.execute(RemoteWebDriver.java:552)&#xa;	at io.appium.java_client.DefaultGenericMobileDriver.execute(DefaultGenericMobileDriver.java:42)&#xa;	at io.appium.java_client.AppiumDriver.execute(AppiumDriver.java:1)&#xa;	at io.appium.java_client.ios.IOSDriver.execute(IOSDriver.java:1)&#xa;	at org.openqa.selenium.remote.RemoteWebDriver.findElement(RemoteWebDriver.java:323)&#xa;	at io.appium.java_client.DefaultGenericMobileDriver.findElement(DefaultGenericMobileDriver.java:62)&#xa;	at io.appium.java_client.AppiumDriver.findElement(AppiumDriver.java:1)&#xa;	at io.appium.java_client.ios.IOSDriver.findElement(IOSDriver.java:1)&#xa;	at org.openqa.selenium.remote.RemoteWebDriver.findElementByXPath(RemoteWebDriver.java:428)&#xa;	at io.appium.java_client.DefaultGenericMobileDriver.findElementByXPath(DefaultGenericMobileDriver.java:152)&#xa;	at io.appium.java_client.AppiumDriver.findElementByXPath(AppiumDriver.java:1)&#xa;	at io.appium.java_client.ios.IOSDriver.findElementByXPath(IOSDriver.java:1)&#xa;	at org.openqa.selenium.By$ByXPath.findElement(By.java:353)&#xa;	at org.openqa.selenium.remote.RemoteWebDriver.findElement(RemoteWebDriver.java:315)&#xa;	at io.appium.java_client.DefaultGenericMobileDriver.findElement(DefaultGenericMobileDriver.java:58)&#xa;	at io.appium.java_client.AppiumDriver.findElement(AppiumDriver.java:1)&#xa;	at io.appium.java_client.ios.IOSDriver.findElement(IOSDriver.java:1)&#xa;	at base.BaseKeyword$Trait$Helper.clickToElement(BaseKeyword.groovy:88)&#xa;	at screens.HomeScreen.clickToElement(HomeScreen.groovy)&#xa;	at screens.HomeScreen.openRequestList(HomeScreen.groovy:84)&#xa;	at 037 LAY Y KIEN NHANH_KHONG NHAP Y KIEN.run(037 LAY Y KIEN NHANH_KHONG NHAP Y KIEN:26)&#xa;	at com.kms.katalon.core.main.ScriptEngine.run(ScriptEngine.java:194)&#xa;	at com.kms.katalon.core.main.ScriptEngine.runScriptAsRawText(ScriptEngine.java:119)&#xa;	at com.kms.katalon.core.main.TestCaseExecutor.runScript(TestCaseExecutor.java:448)&#xa;	at com.kms.katalon.core.main.TestCaseExecutor.doExecute(TestCaseExecutor.java:439)&#xa;	at com.kms.katalon.core.main.TestCaseExecutor.processExecutionPhase(TestCaseExecutor.java:418)&#xa;	at com.kms.katalon.core.main.TestCaseExecutor.accessMainPhase(TestCaseExecutor.java:410)&#xa;	at com.kms.katalon.core.main.TestCaseExecutor.execute(TestCaseExecutor.java:285)&#xa;	at com.kms.katalon.core.common.CommonExecutor.accessTestCaseMainPhase(CommonExecutor.java:65)&#xa;	at com.kms.katalon.core.main.TestSuiteExecutor.accessTestSuiteMainPhase(TestSuiteExecutor.java:150)&#xa;	at com.kms.katalon.core.main.TestSuiteExecutor.execute(TestSuiteExecutor.java:106)&#xa;	at com.kms.katalon.core.main.TestCaseMain.startTestSuite(TestCaseMain.java:180)&#xa;	at TempTestSuite1747808312062.run(TempTestSuite1747808312062.groovy:35)&#xa;	at java.base/jdk.internal.reflect.NativeMethodAccessorImpl.invoke0(Native Method)&#xa;	at java.base/jdk.internal.reflect.NativeMethodAccessorImpl.invoke(NativeMethodAccessorImpl.java:77)&#xa;	at java.base/jdk.internal.reflect.DelegatingMethodAccessorImpl.invoke(DelegatingMethodAccessorImpl.java:43)&#xa;"/>
         <system-out><![CDATA[21-05-2025T14:18:46 - [TEST_CASE][ERROR] - Test Cases/IPAPER APP/037 LAY Y KIEN NHANH_KHONG NHAP Y KIEN: Test Cases/IPAPER APP/037 LAY Y KIEN NHANH_KHONG NHAP Y KIEN FAILED.
Reason:
org.openqa.selenium.NoSuchElementException: An element could not be located on the page using the given search parameters.
For documentation on this error, please visit: https://www.seleniumhq.org/exceptions/no_such_element.html
Build info: version: '3.141.59', revision: 'unknown', time: 'unknown'
System info: host: 'Cuong-Mac.local', ip: 'fe80:0:0:0:c43:6797:ebf2:3aad%en0', os.name: 'Mac OS X', os.arch: 'aarch64', os.version: '15.5', java.version: '17.0.7'
Driver info: io.appium.java_client.ios.IOSDriver
Capabilities {automationName: XCUITest, browserName: , databaseEnabled: false, fullReset: false, javascriptEnabled: true, locationContextEnabled: false, networkConnectionEnabled: false, noReset: true, platform: MAC, platformName: iOS, platformVersion: 18.4, takesScreenshot: true, udid: 00008110-000C10543443801E, webStorageEnabled: false}
Session ID: 01bfc3c6-5e13-4dc5-a0a0-9b9b6acbce73
*** Element info: {Using=xpath, value=//XCUIElementTypeImage[@name='ic_add']}
	at jdk.internal.reflect.GeneratedConstructorAccessor32.newInstance(Unknown Source)
	at java.base/jdk.internal.reflect.DelegatingConstructorAccessorImpl.newInstance(DelegatingConstructorAccessorImpl.java:45)
	at org.openqa.selenium.remote.http.W3CHttpResponseCodec.createException(W3CHttpResponseCodec.java:187)
	at org.openqa.selenium.remote.http.W3CHttpResponseCodec.decode(W3CHttpResponseCodec.java:122)
	at org.openqa.selenium.remote.http.W3CHttpResponseCodec.decode(W3CHttpResponseCodec.java:49)
	at org.openqa.selenium.remote.HttpCommandExecutor.execute(HttpCommandExecutor.java:158)
	at io.appium.java_client.remote.AppiumCommandExecutor.execute(AppiumCommandExecutor.java:239)
	at org.openqa.selenium.remote.RemoteWebDriver.execute(RemoteWebDriver.java:552)
	at io.appium.java_client.DefaultGenericMobileDriver.execute(DefaultGenericMobileDriver.java:42)
	at io.appium.java_client.AppiumDriver.execute(AppiumDriver.java:1)
	at io.appium.java_client.ios.IOSDriver.execute(IOSDriver.java:1)
	at org.openqa.selenium.remote.RemoteWebDriver.findElement(RemoteWebDriver.java:323)
	at io.appium.java_client.DefaultGenericMobileDriver.findElement(DefaultGenericMobileDriver.java:62)
	at io.appium.java_client.AppiumDriver.findElement(AppiumDriver.java:1)
	at io.appium.java_client.ios.IOSDriver.findElement(IOSDriver.java:1)
	at org.openqa.selenium.remote.RemoteWebDriver.findElementByXPath(RemoteWebDriver.java:428)
	at io.appium.java_client.DefaultGenericMobileDriver.findElementByXPath(DefaultGenericMobileDriver.java:152)
	at io.appium.java_client.AppiumDriver.findElementByXPath(AppiumDriver.java:1)
	at io.appium.java_client.ios.IOSDriver.findElementByXPath(IOSDriver.java:1)
	at org.openqa.selenium.By$ByXPath.findElement(By.java:353)
	at org.openqa.selenium.remote.RemoteWebDriver.findElement(RemoteWebDriver.java:315)
	at io.appium.java_client.DefaultGenericMobileDriver.findElement(DefaultGenericMobileDriver.java:58)
	at io.appium.java_client.AppiumDriver.findElement(AppiumDriver.java:1)
	at io.appium.java_client.ios.IOSDriver.findElement(IOSDriver.java:1)
	at base.BaseKeyword$Trait$Helper.clickToElement(BaseKeyword.groovy:88)
	at screens.HomeScreen.clickToElement(HomeScreen.groovy)
	at screens.HomeScreen.openRequestList(HomeScreen.groovy:84)
	at 037 LAY Y KIEN NHANH_KHONG NHAP Y KIEN.run(037 LAY Y KIEN NHANH_KHONG NHAP Y KIEN:26)
	at com.kms.katalon.core.main.ScriptEngine.run(ScriptEngine.java:194)
	at com.kms.katalon.core.main.ScriptEngine.runScriptAsRawText(ScriptEngine.java:119)
	at com.kms.katalon.core.main.TestCaseExecutor.runScript(TestCaseExecutor.java:448)
	at com.kms.katalon.core.main.TestCaseExecutor.doExecute(TestCaseExecutor.java:439)
	at com.kms.katalon.core.main.TestCaseExecutor.processExecutionPhase(TestCaseExecutor.java:418)
	at com.kms.katalon.core.main.TestCaseExecutor.accessMainPhase(TestCaseExecutor.java:410)
	at com.kms.katalon.core.main.TestCaseExecutor.execute(TestCaseExecutor.java:285)
	at com.kms.katalon.core.common.CommonExecutor.accessTestCaseMainPhase(CommonExecutor.java:65)
	at com.kms.katalon.core.main.TestSuiteExecutor.accessTestSuiteMainPhase(TestSuiteExecutor.java:150)
	at com.kms.katalon.core.main.TestSuiteExecutor.execute(TestSuiteExecutor.java:106)
	at com.kms.katalon.core.main.TestCaseMain.startTestSuite(TestCaseMain.java:180)
	at TempTestSuite1747808312062.run(TempTestSuite1747808312062.groovy:35)
	at java.base/jdk.internal.reflect.NativeMethodAccessorImpl.invoke0(Native Method)
	at java.base/jdk.internal.reflect.NativeMethodAccessorImpl.invoke(NativeMethodAccessorImpl.java:77)
	at java.base/jdk.internal.reflect.DelegatingMethodAccessorImpl.invoke(DelegatingMethodAccessorImpl.java:43)


21-05-2025T14:18:46 - [TEST_STEP][PASSED] - Start listener action : beforeTest: drivers.Driver.openApp is PASSED

21-05-2025T14:18:46 - [TEST_STEP][PASSED] - DataTest.init(): null

21-05-2025T14:18:46 - [TEST_STEP][PASSED] - testCaseId = split("/").last(): null

21-05-2025T14:18:46 - [TEST_STEP][PASSED] - if (!(drivers.Driver.isAppiumRunning())): drivers.Driver.isAppiumRunning is PASSED

21-05-2025T14:18:46 - [MESSAGE][INFO] - Appium running: true

21-05-2025T14:18:46 - [MESSAGE][PASSED] - drivers.Driver.isAppiumRunning is PASSED

21-05-2025T14:18:46 - [TEST_STEP][PASSED] - if (driver == null || driver.getSessionId() == null): null

21-05-2025T14:18:46 - [TEST_STEP][PASSED] - drivers.Driver.openApp(): drivers.Driver.openApp is PASSED

21-05-2025T14:18:48 - [MESSAGE][PASSED] - drivers.Driver.openApp is PASSED

21-05-2025T14:18:48 - [TEST_STEP][PASSED] - REQUEST_NAME = "Trình ký PDF có sẵn": null

21-05-2025T14:18:48 - [TEST_STEP][PASSED] - USER_CREATE_COMMENT = "Commented by user create document": null

21-05-2025T14:18:48 - [TEST_STEP][PASSED] - ASSIGNER_COMMENT = "Không có bình luận": null

21-05-2025T14:18:48 - [TEST_STEP][PASSED] - documentTitle = "Trình ký " + System.currentTimeMillis(): null

21-05-2025T14:18:48 - [TEST_STEP][PASSED] - auto5 = DataTest.getUserTest5(): null

21-05-2025T14:18:48 - [TEST_STEP][PASSED] - auto6 = DataTest.getUserTest6(): null

21-05-2025T14:18:48 - [TEST_STEP][PASSED] - document = DataTest.createDocumentTest(auto5, auto6, null, "dummy.pdf", "dummy.pdf"): null

21-05-2025T14:18:48 - [TEST_STEP][PASSED] - loginScreen.login(auto5): null

21-05-2025T14:19:02 - [TEST_STEP][ERROR] - homeScreen.openRequestList(): Test Cases/IPAPER APP/037 LAY Y KIEN NHANH_KHONG NHAP Y KIEN FAILED.
Reason:
org.openqa.selenium.NoSuchElementException: An element could not be located on the page using the given search parameters.
For documentation on this error, please visit: https://www.seleniumhq.org/exceptions/no_such_element.html
Build info: version: '3.141.59', revision: 'unknown', time: 'unknown'
System info: host: 'Cuong-Mac.local', ip: 'fe80:0:0:0:c43:6797:ebf2:3aad%en0', os.name: 'Mac OS X', os.arch: 'aarch64', os.version: '15.5', java.version: '17.0.7'
Driver info: io.appium.java_client.ios.IOSDriver
Capabilities {automationName: XCUITest, browserName: , databaseEnabled: false, fullReset: false, javascriptEnabled: true, locationContextEnabled: false, networkConnectionEnabled: false, noReset: true, platform: MAC, platformName: iOS, platformVersion: 18.4, takesScreenshot: true, udid: 00008110-000C10543443801E, webStorageEnabled: false}
Session ID: 01bfc3c6-5e13-4dc5-a0a0-9b9b6acbce73
*** Element info: {Using=xpath, value=//XCUIElementTypeImage[@name='ic_add']}
	at jdk.internal.reflect.GeneratedConstructorAccessor32.newInstance(Unknown Source)
	at java.base/jdk.internal.reflect.DelegatingConstructorAccessorImpl.newInstance(DelegatingConstructorAccessorImpl.java:45)
	at org.openqa.selenium.remote.http.W3CHttpResponseCodec.createException(W3CHttpResponseCodec.java:187)
	at org.openqa.selenium.remote.http.W3CHttpResponseCodec.decode(W3CHttpResponseCodec.java:122)
	at org.openqa.selenium.remote.http.W3CHttpResponseCodec.decode(W3CHttpResponseCodec.java:49)
	at org.openqa.selenium.remote.HttpCommandExecutor.execute(HttpCommandExecutor.java:158)
	at io.appium.java_client.remote.AppiumCommandExecutor.execute(AppiumCommandExecutor.java:239)
	at org.openqa.selenium.remote.RemoteWebDriver.execute(RemoteWebDriver.java:552)
	at io.appium.java_client.DefaultGenericMobileDriver.execute(DefaultGenericMobileDriver.java:42)
	at io.appium.java_client.AppiumDriver.execute(AppiumDriver.java:1)
	at io.appium.java_client.ios.IOSDriver.execute(IOSDriver.java:1)
	at org.openqa.selenium.remote.RemoteWebDriver.findElement(RemoteWebDriver.java:323)
	at io.appium.java_client.DefaultGenericMobileDriver.findElement(DefaultGenericMobileDriver.java:62)
	at io.appium.java_client.AppiumDriver.findElement(AppiumDriver.java:1)
	at io.appium.java_client.ios.IOSDriver.findElement(IOSDriver.java:1)
	at org.openqa.selenium.remote.RemoteWebDriver.findElementByXPath(RemoteWebDriver.java:428)
	at io.appium.java_client.DefaultGenericMobileDriver.findElementByXPath(DefaultGenericMobileDriver.java:152)
	at io.appium.java_client.AppiumDriver.findElementByXPath(AppiumDriver.java:1)
	at io.appium.java_client.ios.IOSDriver.findElementByXPath(IOSDriver.java:1)
	at org.openqa.selenium.By$ByXPath.findElement(By.java:353)
	at org.openqa.selenium.remote.RemoteWebDriver.findElement(RemoteWebDriver.java:315)
	at io.appium.java_client.DefaultGenericMobileDriver.findElement(DefaultGenericMobileDriver.java:58)
	at io.appium.java_client.AppiumDriver.findElement(AppiumDriver.java:1)
	at io.appium.java_client.ios.IOSDriver.findElement(IOSDriver.java:1)
	at base.BaseKeyword$Trait$Helper.clickToElement(BaseKeyword.groovy:88)
	at screens.HomeScreen.clickToElement(HomeScreen.groovy)
	at screens.HomeScreen.openRequestList(HomeScreen.groovy:84)
	at 037 LAY Y KIEN NHANH_KHONG NHAP Y KIEN.run(037 LAY Y KIEN NHANH_KHONG NHAP Y KIEN:26)
	at com.kms.katalon.core.main.ScriptEngine.run(ScriptEngine.java:194)
	at com.kms.katalon.core.main.ScriptEngine.runScriptAsRawText(ScriptEngine.java:119)
	at com.kms.katalon.core.main.TestCaseExecutor.runScript(TestCaseExecutor.java:448)
	at com.kms.katalon.core.main.TestCaseExecutor.doExecute(TestCaseExecutor.java:439)
	at com.kms.katalon.core.main.TestCaseExecutor.processExecutionPhase(TestCaseExecutor.java:418)
	at com.kms.katalon.core.main.TestCaseExecutor.accessMainPhase(TestCaseExecutor.java:410)
	at com.kms.katalon.core.main.TestCaseExecutor.execute(TestCaseExecutor.java:285)
	at com.kms.katalon.core.common.CommonExecutor.accessTestCaseMainPhase(CommonExecutor.java:65)
	at com.kms.katalon.core.main.TestSuiteExecutor.accessTestSuiteMainPhase(TestSuiteExecutor.java:150)
	at com.kms.katalon.core.main.TestSuiteExecutor.execute(TestSuiteExecutor.java:106)
	at com.kms.katalon.core.main.TestCaseMain.startTestSuite(TestCaseMain.java:180)
	at TempTestSuite1747808312062.run(TempTestSuite1747808312062.groovy:35)
	at java.base/jdk.internal.reflect.NativeMethodAccessorImpl.invoke0(Native Method)
	at java.base/jdk.internal.reflect.NativeMethodAccessorImpl.invoke(NativeMethodAccessorImpl.java:77)
	at java.base/jdk.internal.reflect.DelegatingMethodAccessorImpl.invoke(DelegatingMethodAccessorImpl.java:43)


21-05-2025T14:19:06 - [MESSAGE][ERROR] - Test Cases/IPAPER APP/037 LAY Y KIEN NHANH_KHONG NHAP Y KIEN FAILED.
Reason:
org.openqa.selenium.NoSuchElementException: An element could not be located on the page using the given search parameters.
For documentation on this error, please visit: https://www.seleniumhq.org/exceptions/no_such_element.html
Build info: version: '3.141.59', revision: 'unknown', time: 'unknown'
System info: host: 'Cuong-Mac.local', ip: 'fe80:0:0:0:c43:6797:ebf2:3aad%en0', os.name: 'Mac OS X', os.arch: 'aarch64', os.version: '15.5', java.version: '17.0.7'
Driver info: io.appium.java_client.ios.IOSDriver
Capabilities {automationName: XCUITest, browserName: , databaseEnabled: false, fullReset: false, javascriptEnabled: true, locationContextEnabled: false, networkConnectionEnabled: false, noReset: true, platform: MAC, platformName: iOS, platformVersion: 18.4, takesScreenshot: true, udid: 00008110-000C10543443801E, webStorageEnabled: false}
Session ID: 01bfc3c6-5e13-4dc5-a0a0-9b9b6acbce73
*** Element info: {Using=xpath, value=//XCUIElementTypeImage[@name='ic_add']}
	at jdk.internal.reflect.GeneratedConstructorAccessor32.newInstance(Unknown Source)
	at java.base/jdk.internal.reflect.DelegatingConstructorAccessorImpl.newInstance(DelegatingConstructorAccessorImpl.java:45)
	at org.openqa.selenium.remote.http.W3CHttpResponseCodec.createException(W3CHttpResponseCodec.java:187)
	at org.openqa.selenium.remote.http.W3CHttpResponseCodec.decode(W3CHttpResponseCodec.java:122)
	at org.openqa.selenium.remote.http.W3CHttpResponseCodec.decode(W3CHttpResponseCodec.java:49)
	at org.openqa.selenium.remote.HttpCommandExecutor.execute(HttpCommandExecutor.java:158)
	at io.appium.java_client.remote.AppiumCommandExecutor.execute(AppiumCommandExecutor.java:239)
	at org.openqa.selenium.remote.RemoteWebDriver.execute(RemoteWebDriver.java:552)
	at io.appium.java_client.DefaultGenericMobileDriver.execute(DefaultGenericMobileDriver.java:42)
	at io.appium.java_client.AppiumDriver.execute(AppiumDriver.java:1)
	at io.appium.java_client.ios.IOSDriver.execute(IOSDriver.java:1)
	at org.openqa.selenium.remote.RemoteWebDriver.findElement(RemoteWebDriver.java:323)
	at io.appium.java_client.DefaultGenericMobileDriver.findElement(DefaultGenericMobileDriver.java:62)
	at io.appium.java_client.AppiumDriver.findElement(AppiumDriver.java:1)
	at io.appium.java_client.ios.IOSDriver.findElement(IOSDriver.java:1)
	at org.openqa.selenium.remote.RemoteWebDriver.findElementByXPath(RemoteWebDriver.java:428)
	at io.appium.java_client.DefaultGenericMobileDriver.findElementByXPath(DefaultGenericMobileDriver.java:152)
	at io.appium.java_client.AppiumDriver.findElementByXPath(AppiumDriver.java:1)
	at io.appium.java_client.ios.IOSDriver.findElementByXPath(IOSDriver.java:1)
	at org.openqa.selenium.By$ByXPath.findElement(By.java:353)
	at org.openqa.selenium.remote.RemoteWebDriver.findElement(RemoteWebDriver.java:315)
	at io.appium.java_client.DefaultGenericMobileDriver.findElement(DefaultGenericMobileDriver.java:58)
	at io.appium.java_client.AppiumDriver.findElement(AppiumDriver.java:1)
	at io.appium.java_client.ios.IOSDriver.findElement(IOSDriver.java:1)
	at base.BaseKeyword$Trait$Helper.clickToElement(BaseKeyword.groovy:88)
	at screens.HomeScreen.clickToElement(HomeScreen.groovy)
	at screens.HomeScreen.openRequestList(HomeScreen.groovy:84)
	at 037 LAY Y KIEN NHANH_KHONG NHAP Y KIEN.run(037 LAY Y KIEN NHANH_KHONG NHAP Y KIEN:26)
	at com.kms.katalon.core.main.ScriptEngine.run(ScriptEngine.java:194)
	at com.kms.katalon.core.main.ScriptEngine.runScriptAsRawText(ScriptEngine.java:119)
	at com.kms.katalon.core.main.TestCaseExecutor.runScript(TestCaseExecutor.java:448)
	at com.kms.katalon.core.main.TestCaseExecutor.doExecute(TestCaseExecutor.java:439)
	at com.kms.katalon.core.main.TestCaseExecutor.processExecutionPhase(TestCaseExecutor.java:418)
	at com.kms.katalon.core.main.TestCaseExecutor.accessMainPhase(TestCaseExecutor.java:410)
	at com.kms.katalon.core.main.TestCaseExecutor.execute(TestCaseExecutor.java:285)
	at com.kms.katalon.core.common.CommonExecutor.accessTestCaseMainPhase(CommonExecutor.java:65)
	at com.kms.katalon.core.main.TestSuiteExecutor.accessTestSuiteMainPhase(TestSuiteExecutor.java:150)
	at com.kms.katalon.core.main.TestSuiteExecutor.execute(TestSuiteExecutor.java:106)
	at com.kms.katalon.core.main.TestCaseMain.startTestSuite(TestCaseMain.java:180)
	at TempTestSuite1747808312062.run(TempTestSuite1747808312062.groovy:35)
	at java.base/jdk.internal.reflect.NativeMethodAccessorImpl.invoke0(Native Method)
	at java.base/jdk.internal.reflect.NativeMethodAccessorImpl.invoke(NativeMethodAccessorImpl.java:77)
	at java.base/jdk.internal.reflect.DelegatingMethodAccessorImpl.invoke(DelegatingMethodAccessorImpl.java:43)


21-05-2025T14:19:06 - [TEST_STEP][PASSED] - Start listener action : afterTest: null

21-05-2025T14:19:06 - [TEST_STEP][PASSED] - if (testCaseStatus != "PASSED"): Screenshot is taken

21-05-2025T14:19:06 - [TEST_STEP][PASSED] - takeScreenshot(ErrorScreen/$GlobalVariable.PLATFORM/$testCaseContext.getTestCaseId().png): Screenshot is taken

21-05-2025T14:19:06 - [MESSAGE][PASSED] - Screenshot is taken
[[ATTACHMENT|ErrorScreen/iOS/Test Cases/IPAPER APP/037 LAY Y KIEN NHANH_KHONG NHAP Y KIEN.png]]

21-05-2025T14:19:06 - [TEST_STEP][PASSED] - drivers.Driver.closeApp(): drivers.Driver.closeApp is PASSED

21-05-2025T14:19:07 - [MESSAGE][PASSED] - drivers.Driver.closeApp is PASSED

21-05-2025T14:19:07 - [TEST_STEP][PASSED] - if (tsContext == null): null]]></system-out>
         <system-err><![CDATA[21-05-2025T14:18:46 - [TEST_CASE][ERROR] - Test Cases/IPAPER APP/037 LAY Y KIEN NHANH_KHONG NHAP Y KIEN: Test Cases/IPAPER APP/037 LAY Y KIEN NHANH_KHONG NHAP Y KIEN FAILED.
Reason:
org.openqa.selenium.NoSuchElementException: An element could not be located on the page using the given search parameters.
For documentation on this error, please visit: https://www.seleniumhq.org/exceptions/no_such_element.html
Build info: version: '3.141.59', revision: 'unknown', time: 'unknown'
System info: host: 'Cuong-Mac.local', ip: 'fe80:0:0:0:c43:6797:ebf2:3aad%en0', os.name: 'Mac OS X', os.arch: 'aarch64', os.version: '15.5', java.version: '17.0.7'
Driver info: io.appium.java_client.ios.IOSDriver
Capabilities {automationName: XCUITest, browserName: , databaseEnabled: false, fullReset: false, javascriptEnabled: true, locationContextEnabled: false, networkConnectionEnabled: false, noReset: true, platform: MAC, platformName: iOS, platformVersion: 18.4, takesScreenshot: true, udid: 00008110-000C10543443801E, webStorageEnabled: false}
Session ID: 01bfc3c6-5e13-4dc5-a0a0-9b9b6acbce73
*** Element info: {Using=xpath, value=//XCUIElementTypeImage[@name='ic_add']}
	at jdk.internal.reflect.GeneratedConstructorAccessor32.newInstance(Unknown Source)
	at java.base/jdk.internal.reflect.DelegatingConstructorAccessorImpl.newInstance(DelegatingConstructorAccessorImpl.java:45)
	at org.openqa.selenium.remote.http.W3CHttpResponseCodec.createException(W3CHttpResponseCodec.java:187)
	at org.openqa.selenium.remote.http.W3CHttpResponseCodec.decode(W3CHttpResponseCodec.java:122)
	at org.openqa.selenium.remote.http.W3CHttpResponseCodec.decode(W3CHttpResponseCodec.java:49)
	at org.openqa.selenium.remote.HttpCommandExecutor.execute(HttpCommandExecutor.java:158)
	at io.appium.java_client.remote.AppiumCommandExecutor.execute(AppiumCommandExecutor.java:239)
	at org.openqa.selenium.remote.RemoteWebDriver.execute(RemoteWebDriver.java:552)
	at io.appium.java_client.DefaultGenericMobileDriver.execute(DefaultGenericMobileDriver.java:42)
	at io.appium.java_client.AppiumDriver.execute(AppiumDriver.java:1)
	at io.appium.java_client.ios.IOSDriver.execute(IOSDriver.java:1)
	at org.openqa.selenium.remote.RemoteWebDriver.findElement(RemoteWebDriver.java:323)
	at io.appium.java_client.DefaultGenericMobileDriver.findElement(DefaultGenericMobileDriver.java:62)
	at io.appium.java_client.AppiumDriver.findElement(AppiumDriver.java:1)
	at io.appium.java_client.ios.IOSDriver.findElement(IOSDriver.java:1)
	at org.openqa.selenium.remote.RemoteWebDriver.findElementByXPath(RemoteWebDriver.java:428)
	at io.appium.java_client.DefaultGenericMobileDriver.findElementByXPath(DefaultGenericMobileDriver.java:152)
	at io.appium.java_client.AppiumDriver.findElementByXPath(AppiumDriver.java:1)
	at io.appium.java_client.ios.IOSDriver.findElementByXPath(IOSDriver.java:1)
	at org.openqa.selenium.By$ByXPath.findElement(By.java:353)
	at org.openqa.selenium.remote.RemoteWebDriver.findElement(RemoteWebDriver.java:315)
	at io.appium.java_client.DefaultGenericMobileDriver.findElement(DefaultGenericMobileDriver.java:58)
	at io.appium.java_client.AppiumDriver.findElement(AppiumDriver.java:1)
	at io.appium.java_client.ios.IOSDriver.findElement(IOSDriver.java:1)
	at base.BaseKeyword$Trait$Helper.clickToElement(BaseKeyword.groovy:88)
	at screens.HomeScreen.clickToElement(HomeScreen.groovy)
	at screens.HomeScreen.openRequestList(HomeScreen.groovy:84)
	at 037 LAY Y KIEN NHANH_KHONG NHAP Y KIEN.run(037 LAY Y KIEN NHANH_KHONG NHAP Y KIEN:26)
	at com.kms.katalon.core.main.ScriptEngine.run(ScriptEngine.java:194)
	at com.kms.katalon.core.main.ScriptEngine.runScriptAsRawText(ScriptEngine.java:119)
	at com.kms.katalon.core.main.TestCaseExecutor.runScript(TestCaseExecutor.java:448)
	at com.kms.katalon.core.main.TestCaseExecutor.doExecute(TestCaseExecutor.java:439)
	at com.kms.katalon.core.main.TestCaseExecutor.processExecutionPhase(TestCaseExecutor.java:418)
	at com.kms.katalon.core.main.TestCaseExecutor.accessMainPhase(TestCaseExecutor.java:410)
	at com.kms.katalon.core.main.TestCaseExecutor.execute(TestCaseExecutor.java:285)
	at com.kms.katalon.core.common.CommonExecutor.accessTestCaseMainPhase(CommonExecutor.java:65)
	at com.kms.katalon.core.main.TestSuiteExecutor.accessTestSuiteMainPhase(TestSuiteExecutor.java:150)
	at com.kms.katalon.core.main.TestSuiteExecutor.execute(TestSuiteExecutor.java:106)
	at com.kms.katalon.core.main.TestCaseMain.startTestSuite(TestCaseMain.java:180)
	at TempTestSuite1747808312062.run(TempTestSuite1747808312062.groovy:35)
	at java.base/jdk.internal.reflect.NativeMethodAccessorImpl.invoke0(Native Method)
	at java.base/jdk.internal.reflect.NativeMethodAccessorImpl.invoke(NativeMethodAccessorImpl.java:77)
	at java.base/jdk.internal.reflect.DelegatingMethodAccessorImpl.invoke(DelegatingMethodAccessorImpl.java:43)]]></system-err>
      </testcase>
      <system-out><![CDATA[21-05-2025T13:18:33 - [TEST_SUITE][ERROR] - Demo: Test Cases/IPAPER APP/002 TAO YEU CAU FAILED.
Reason:
org.openqa.selenium.TimeoutException: Expected condition failed: waiting for base.BaseKeyword$Trait$Helper$_waitForPresentOf_closure1@1239c268 (tried for 30 second(s) with 500 milliseconds interval)
Build info: version: '3.141.59', revision: 'unknown', time: 'unknown'
System info: host: 'Cuong-Mac.local', ip: 'fe80:0:0:0:c43:6797:ebf2:3aad%en0', os.name: 'Mac OS X', os.arch: 'aarch64', os.version: '15.5', java.version: '17.0.7'
Driver info: io.appium.java_client.ios.IOSDriver
Capabilities {automationName: XCUITest, browserName: , databaseEnabled: false, fullReset: false, javascriptEnabled: true, locationContextEnabled: false, networkConnectionEnabled: false, noReset: true, platform: MAC, platformName: iOS, platformVersion: 18.4, takesScreenshot: true, udid: 00008110-000C10543443801E, webStorageEnabled: false}
Session ID: 01bfc3c6-5e13-4dc5-a0a0-9b9b6acbce73
	at org.openqa.selenium.support.ui.WebDriverWait.timeoutException(WebDriverWait.java:95)
	at org.openqa.selenium.support.ui.FluentWait.until(FluentWait.java:272)
	at base.BaseKeyword$Trait$Helper.waitForPresentOf(BaseKeyword.groovy:341)
	at screens.RelatedDocumentScreen.waitForPresentOf(RelatedDocumentScreen.groovy)
	at screens.RelatedDocumentScreen.viewInformationDocument(RelatedDocumentScreen.groovy:17)
	at 002 TAO YEU CAU.run(002 TAO YEU CAU:128)
	at com.kms.katalon.core.main.ScriptEngine.run(ScriptEngine.java:194)
	at com.kms.katalon.core.main.ScriptEngine.runScriptAsRawText(ScriptEngine.java:119)
	at com.kms.katalon.core.main.TestCaseExecutor.runScript(TestCaseExecutor.java:448)
	at com.kms.katalon.core.main.TestCaseExecutor.doExecute(TestCaseExecutor.java:439)
	at com.kms.katalon.core.main.TestCaseExecutor.processExecutionPhase(TestCaseExecutor.java:418)
	at com.kms.katalon.core.main.TestCaseExecutor.accessMainPhase(TestCaseExecutor.java:410)
	at com.kms.katalon.core.main.TestCaseExecutor.execute(TestCaseExecutor.java:285)
	at com.kms.katalon.core.common.CommonExecutor.accessTestCaseMainPhase(CommonExecutor.java:65)
	at com.kms.katalon.core.main.TestSuiteExecutor.accessTestSuiteMainPhase(TestSuiteExecutor.java:150)
	at com.kms.katalon.core.main.TestSuiteExecutor.execute(TestSuiteExecutor.java:106)
	at com.kms.katalon.core.main.TestCaseMain.startTestSuite(TestCaseMain.java:180)
	at TempTestSuite1747808312062.run(TempTestSuite1747808312062.groovy:35)
	at java.base/jdk.internal.reflect.NativeMethodAccessorImpl.invoke0(Native Method)
	at java.base/jdk.internal.reflect.NativeMethodAccessorImpl.invoke(NativeMethodAccessorImpl.java:77)
	at java.base/jdk.internal.reflect.DelegatingMethodAccessorImpl.invoke(DelegatingMethodAccessorImpl.java:43)]]></system-out>
      <system-err><![CDATA[21-05-2025T13:18:33 - [TEST_SUITE][ERROR] - Demo: Test Cases/IPAPER APP/002 TAO YEU CAU FAILED.
Reason:
org.openqa.selenium.TimeoutException: Expected condition failed: waiting for base.BaseKeyword$Trait$Helper$_waitForPresentOf_closure1@1239c268 (tried for 30 second(s) with 500 milliseconds interval)
Build info: version: '3.141.59', revision: 'unknown', time: 'unknown'
System info: host: 'Cuong-Mac.local', ip: 'fe80:0:0:0:c43:6797:ebf2:3aad%en0', os.name: 'Mac OS X', os.arch: 'aarch64', os.version: '15.5', java.version: '17.0.7'
Driver info: io.appium.java_client.ios.IOSDriver
Capabilities {automationName: XCUITest, browserName: , databaseEnabled: false, fullReset: false, javascriptEnabled: true, locationContextEnabled: false, networkConnectionEnabled: false, noReset: true, platform: MAC, platformName: iOS, platformVersion: 18.4, takesScreenshot: true, udid: 00008110-000C10543443801E, webStorageEnabled: false}
Session ID: 01bfc3c6-5e13-4dc5-a0a0-9b9b6acbce73
	at org.openqa.selenium.support.ui.WebDriverWait.timeoutException(WebDriverWait.java:95)
	at org.openqa.selenium.support.ui.FluentWait.until(FluentWait.java:272)
	at base.BaseKeyword$Trait$Helper.waitForPresentOf(BaseKeyword.groovy:341)
	at screens.RelatedDocumentScreen.waitForPresentOf(RelatedDocumentScreen.groovy)
	at screens.RelatedDocumentScreen.viewInformationDocument(RelatedDocumentScreen.groovy:17)
	at 002 TAO YEU CAU.run(002 TAO YEU CAU:128)
	at com.kms.katalon.core.main.ScriptEngine.run(ScriptEngine.java:194)
	at com.kms.katalon.core.main.ScriptEngine.runScriptAsRawText(ScriptEngine.java:119)
	at com.kms.katalon.core.main.TestCaseExecutor.runScript(TestCaseExecutor.java:448)
	at com.kms.katalon.core.main.TestCaseExecutor.doExecute(TestCaseExecutor.java:439)
	at com.kms.katalon.core.main.TestCaseExecutor.processExecutionPhase(TestCaseExecutor.java:418)
	at com.kms.katalon.core.main.TestCaseExecutor.accessMainPhase(TestCaseExecutor.java:410)
	at com.kms.katalon.core.main.TestCaseExecutor.execute(TestCaseExecutor.java:285)
	at com.kms.katalon.core.common.CommonExecutor.accessTestCaseMainPhase(CommonExecutor.java:65)
	at com.kms.katalon.core.main.TestSuiteExecutor.accessTestSuiteMainPhase(TestSuiteExecutor.java:150)
	at com.kms.katalon.core.main.TestSuiteExecutor.execute(TestSuiteExecutor.java:106)
	at com.kms.katalon.core.main.TestCaseMain.startTestSuite(TestCaseMain.java:180)
	at TempTestSuite1747808312062.run(TempTestSuite1747808312062.groovy:35)
	at java.base/jdk.internal.reflect.NativeMethodAccessorImpl.invoke0(Native Method)
	at java.base/jdk.internal.reflect.NativeMethodAccessorImpl.invoke(NativeMethodAccessorImpl.java:77)
	at java.base/jdk.internal.reflect.DelegatingMethodAccessorImpl.invoke(DelegatingMethodAccessorImpl.java:43)]]></system-err>
   </testsuite>
</testsuites>
