<?xml version="1.0" encoding="UTF-8"?>
<testsuites name="checklist" time="4036.916" tests="26" failures="3" errors="8">
   <testsuite name="checklist" tests="26" failures="3" errors="8" time="4036.916" skipped="0" timestamp="22-05-2025T15:56:29" hostname="cuongvo - localhost" id="Test Suites/checklist">
      <properties>
         <property name="deviceName" value="null"/>
         <property name="devicePlatform" value="null"/>
         <property name="logFolder" value="/Users/cuongvo/hdb_katalon/IPaper/Reports/20250522_155626/checklist/20250522_155627"/>
         <property name="logFiles" value="/Users/cuongvo/hdb_katalon/IPaper/Reports/20250522_155626/checklist/20250522_155627/execution0.log"/>
         <property name="attachments" value="ErrorScreen/Android/Test Cases/IPAPER APP/002 TAO YEU CAU.png, ErrorScreen/Android/Test Cases/IPAPER APP/005 TAO YEU CAU LAY Y KIEN_NHIEU NGUOI.png, ErrorScreen/Android/Test Cases/IPAPER APP/017 DUYET CO CC_NHAP Y KIEN.png, ErrorScreen/Android/Test Cases/IPAPER APP/019 TU CHOI CHI TIET_NHAP Y KIEN.png, ErrorScreen/Android/Test Cases/IPAPER APP/021 TU CHOI TẠI MAIN FILE_NHAP Y KIEN.png, ErrorScreen/Android/Test Cases/IPAPER APP/029 CHUYEN THUC THI.png, ErrorScreen/Android/Test Cases/IPAPER APP/032 RUT LAI HO SO.png, ErrorScreen/Android/Test Cases/IPAPER APP/033 TAO HO SO NHAP.png, ErrorScreen/Android/Test Cases/IPAPER APP/039 LAY Y KIEN CHI TIET_NHAP Y KIEN.png, ErrorScreen/Android/Test Cases/IPAPER APP/043 TAI FILE TAI CHI TIET HO SO_HO SO DEN.png, ErrorScreen/Android/Test Cases/IPAPER APP/046 TAI FILE TAI MAIN FILE_HO SO DI.png"/>
         <property name="hostName" value="cuongvo - localhost"/>
         <property name="os" value="Mac OS X 64bit"/>
         <property name="appiumServerStatus" value="{&quot;value&quot;:{&quot;ready&quot;:true,&quot;message&quot;:&quot;The server is ready to accept new connections&quot;,&quot;build&quot;:{&quot;version&quot;:&quot;2.17.1&quot;}}}"/>
         <property name="katalonVersion" value="9.7.5.223"/>
         <property name="deviceOS" value="null"/>
         <property name="appiumVersion" value="2.17.1"/>
         <property name="deviceModel" value="null"/>
         <property name="hostAddress" value="127.0.0.1"/>
         <property name="deviceManufacturer" value="null"/>
         <property name="deviceId" value="null"/>
         <property name="deviceName" value="null"/>
         <property name="deviceOSVersion" value="null"/>
      </properties>
      <testcase name="Test Cases/IPAPER APP/002 TAO YEU CAU" time="27.033" classname="Test Cases/IPAPER APP/002 TAO YEU CAU" status="ERROR">
         <error type="ERROR" message="Test Cases/IPAPER APP/002 TAO YEU CAU FAILED.&#xa;Reason:&#xa;org.openqa.selenium.NoSuchElementException: An element could not be located on the page using the given search parameters.&#xa;For documentation on this error, please visit: https://www.seleniumhq.org/exceptions/no_such_element.html&#xa;Build info: version: '3.141.59', revision: 'unknown', time: 'unknown'&#xa;System info: host: 'Cuong-Mac.local', ip: 'fe80:0:0:0:c43:6797:ebf2:3aad%en0', os.name: 'Mac OS X', os.arch: 'aarch64', os.version: '15.5', java.version: '17.0.7'&#xa;Driver info: com.kms.katalon.core.appium.driver.SwipeableAndroidDriver&#xa;Capabilities {automationName: UiAutomator2, databaseEnabled: false, desired: {automationName: UiAutomator2, deviceName: af0c5cf7, noReset: true, platformName: android, waitForIdleTimeout: 3000}, deviceApiLevel: 35, deviceManufacturer: OPPO, deviceModel: CPH2699, deviceName: af0c5cf7, deviceScreenDensity: 480, deviceScreenSize: 1080x2400, deviceUDID: af0c5cf7, javascriptEnabled: true, locationContextEnabled: false, networkConnectionEnabled: true, noReset: true, pixelRatio: 3, platform: LINUX, platformName: Android, platformVersion: 15, statBarHeight: 120, takesScreenshot: true, viewportRect: {height: 2280, left: 0, top: 120, width: 1080}, waitForIdleTimeout: 3000, warnings: {}, webStorageEnabled: false}&#xa;Session ID: 42b39363-2c25-472a-b49b-4e8f3ae7bc31&#xa;*** Element info: {Using=xpath, value=//android.widget.CheckedTextView[@resource-id='com.hdbank.ipaper:id/design_menu_item_text' and @text='Tạo yêu cầu theo mẫu']}&#xa;	at java.base/jdk.internal.reflect.NativeConstructorAccessorImpl.newInstance0(Native Method)&#xa;	at java.base/jdk.internal.reflect.NativeConstructorAccessorImpl.newInstance(NativeConstructorAccessorImpl.java:77)&#xa;	at java.base/jdk.internal.reflect.DelegatingConstructorAccessorImpl.newInstance(DelegatingConstructorAccessorImpl.java:45)&#xa;	at org.openqa.selenium.remote.http.W3CHttpResponseCodec.createException(W3CHttpResponseCodec.java:187)&#xa;	at org.openqa.selenium.remote.http.W3CHttpResponseCodec.decode(W3CHttpResponseCodec.java:122)&#xa;	at org.openqa.selenium.remote.http.W3CHttpResponseCodec.decode(W3CHttpResponseCodec.java:49)&#xa;	at org.openqa.selenium.remote.HttpCommandExecutor.execute(HttpCommandExecutor.java:158)&#xa;	at io.appium.java_client.remote.AppiumCommandExecutor.execute(AppiumCommandExecutor.java:239)&#xa;	at org.openqa.selenium.remote.RemoteWebDriver.execute(RemoteWebDriver.java:552)&#xa;	at io.appium.java_client.DefaultGenericMobileDriver.execute(DefaultGenericMobileDriver.java:42)&#xa;	at io.appium.java_client.AppiumDriver.execute(AppiumDriver.java:1)&#xa;	at io.appium.java_client.android.AndroidDriver.execute(AndroidDriver.java:1)&#xa;	at com.kms.katalon.core.appium.driver.SwipeableAndroidDriver.execute(SwipeableAndroidDriver.java:1)&#xa;	at org.openqa.selenium.remote.RemoteWebDriver.findElement(RemoteWebDriver.java:323)&#xa;	at io.appium.java_client.DefaultGenericMobileDriver.findElement(DefaultGenericMobileDriver.java:62)&#xa;	at io.appium.java_client.AppiumDriver.findElement(AppiumDriver.java:1)&#xa;	at io.appium.java_client.android.AndroidDriver.findElement(AndroidDriver.java:1)&#xa;	at com.kms.katalon.core.appium.driver.SwipeableAndroidDriver.findElement(SwipeableAndroidDriver.java:1)&#xa;	at org.openqa.selenium.remote.RemoteWebDriver.findElementByXPath(RemoteWebDriver.java:428)&#xa;	at io.appium.java_client.DefaultGenericMobileDriver.findElementByXPath(DefaultGenericMobileDriver.java:152)&#xa;	at io.appium.java_client.AppiumDriver.findElementByXPath(AppiumDriver.java:1)&#xa;	at io.appium.java_client.android.AndroidDriver.findElementByXPath(AndroidDriver.java:1)&#xa;	at com.kms.katalon.core.appium.driver.SwipeableAndroidDriver.findElementByXPath(SwipeableAndroidDriver.java:1)&#xa;	at org.openqa.selenium.By$ByXPath.findElement(By.java:353)&#xa;	at org.openqa.selenium.remote.RemoteWebDriver.findElement(RemoteWebDriver.java:315)&#xa;	at io.appium.java_client.DefaultGenericMobileDriver.findElement(DefaultGenericMobileDriver.java:58)&#xa;	at io.appium.java_client.AppiumDriver.findElement(AppiumDriver.java:1)&#xa;	at io.appium.java_client.android.AndroidDriver.findElement(AndroidDriver.java:1)&#xa;	at com.kms.katalon.core.appium.driver.SwipeableAndroidDriver.findElement(SwipeableAndroidDriver.java:1)&#xa;	at base.BaseKeyword$Trait$Helper.clickToElement(BaseKeyword.groovy:92)&#xa;	at screens.HomeScreen.clickToElement(HomeScreen.groovy)&#xa;	at screens.HomeScreen.openRequestList(HomeScreen.groovy:95)&#xa;	at 002 TAO YEU CAU.run(002 TAO YEU CAU:23)&#xa;	at com.kms.katalon.core.main.ScriptEngine.run(ScriptEngine.java:194)&#xa;	at com.kms.katalon.core.main.ScriptEngine.runScriptAsRawText(ScriptEngine.java:119)&#xa;	at com.kms.katalon.core.main.TestCaseExecutor.runScript(TestCaseExecutor.java:448)&#xa;	at com.kms.katalon.core.main.TestCaseExecutor.doExecute(TestCaseExecutor.java:439)&#xa;	at com.kms.katalon.core.main.TestCaseExecutor.processExecutionPhase(TestCaseExecutor.java:418)&#xa;	at com.kms.katalon.core.main.TestCaseExecutor.accessMainPhase(TestCaseExecutor.java:410)&#xa;	at com.kms.katalon.core.main.TestCaseExecutor.execute(TestCaseExecutor.java:285)&#xa;	at com.kms.katalon.core.common.CommonExecutor.accessTestCaseMainPhase(CommonExecutor.java:65)&#xa;	at com.kms.katalon.core.main.TestSuiteExecutor.accessTestSuiteMainPhase(TestSuiteExecutor.java:150)&#xa;	at com.kms.katalon.core.main.TestSuiteExecutor.execute(TestSuiteExecutor.java:106)&#xa;	at com.kms.katalon.core.main.TestCaseMain.startTestSuite(TestCaseMain.java:180)&#xa;	at TempTestSuite1747904187531.run(TempTestSuite1747904187531.groovy:35)&#xa;	at java.base/jdk.internal.reflect.NativeMethodAccessorImpl.invoke0(Native Method)&#xa;	at java.base/jdk.internal.reflect.NativeMethodAccessorImpl.invoke(NativeMethodAccessorImpl.java:77)&#xa;	at java.base/jdk.internal.reflect.DelegatingMethodAccessorImpl.invoke(DelegatingMethodAccessorImpl.java:43)&#xa;"/>
         <system-out><![CDATA[22-05-2025T15:56:33 - [TEST_CASE][ERROR] - Test Cases/IPAPER APP/002 TAO YEU CAU: Test Cases/IPAPER APP/002 TAO YEU CAU FAILED.
Reason:
org.openqa.selenium.NoSuchElementException: An element could not be located on the page using the given search parameters.
For documentation on this error, please visit: https://www.seleniumhq.org/exceptions/no_such_element.html
Build info: version: '3.141.59', revision: 'unknown', time: 'unknown'
System info: host: 'Cuong-Mac.local', ip: 'fe80:0:0:0:c43:6797:ebf2:3aad%en0', os.name: 'Mac OS X', os.arch: 'aarch64', os.version: '15.5', java.version: '17.0.7'
Driver info: com.kms.katalon.core.appium.driver.SwipeableAndroidDriver
Capabilities {automationName: UiAutomator2, databaseEnabled: false, desired: {automationName: UiAutomator2, deviceName: af0c5cf7, noReset: true, platformName: android, waitForIdleTimeout: 3000}, deviceApiLevel: 35, deviceManufacturer: OPPO, deviceModel: CPH2699, deviceName: af0c5cf7, deviceScreenDensity: 480, deviceScreenSize: 1080x2400, deviceUDID: af0c5cf7, javascriptEnabled: true, locationContextEnabled: false, networkConnectionEnabled: true, noReset: true, pixelRatio: 3, platform: LINUX, platformName: Android, platformVersion: 15, statBarHeight: 120, takesScreenshot: true, viewportRect: {height: 2280, left: 0, top: 120, width: 1080}, waitForIdleTimeout: 3000, warnings: {}, webStorageEnabled: false}
Session ID: 42b39363-2c25-472a-b49b-4e8f3ae7bc31
*** Element info: {Using=xpath, value=//android.widget.CheckedTextView[@resource-id='com.hdbank.ipaper:id/design_menu_item_text' and @text='Tạo yêu cầu theo mẫu']}
	at java.base/jdk.internal.reflect.NativeConstructorAccessorImpl.newInstance0(Native Method)
	at java.base/jdk.internal.reflect.NativeConstructorAccessorImpl.newInstance(NativeConstructorAccessorImpl.java:77)
	at java.base/jdk.internal.reflect.DelegatingConstructorAccessorImpl.newInstance(DelegatingConstructorAccessorImpl.java:45)
	at org.openqa.selenium.remote.http.W3CHttpResponseCodec.createException(W3CHttpResponseCodec.java:187)
	at org.openqa.selenium.remote.http.W3CHttpResponseCodec.decode(W3CHttpResponseCodec.java:122)
	at org.openqa.selenium.remote.http.W3CHttpResponseCodec.decode(W3CHttpResponseCodec.java:49)
	at org.openqa.selenium.remote.HttpCommandExecutor.execute(HttpCommandExecutor.java:158)
	at io.appium.java_client.remote.AppiumCommandExecutor.execute(AppiumCommandExecutor.java:239)
	at org.openqa.selenium.remote.RemoteWebDriver.execute(RemoteWebDriver.java:552)
	at io.appium.java_client.DefaultGenericMobileDriver.execute(DefaultGenericMobileDriver.java:42)
	at io.appium.java_client.AppiumDriver.execute(AppiumDriver.java:1)
	at io.appium.java_client.android.AndroidDriver.execute(AndroidDriver.java:1)
	at com.kms.katalon.core.appium.driver.SwipeableAndroidDriver.execute(SwipeableAndroidDriver.java:1)
	at org.openqa.selenium.remote.RemoteWebDriver.findElement(RemoteWebDriver.java:323)
	at io.appium.java_client.DefaultGenericMobileDriver.findElement(DefaultGenericMobileDriver.java:62)
	at io.appium.java_client.AppiumDriver.findElement(AppiumDriver.java:1)
	at io.appium.java_client.android.AndroidDriver.findElement(AndroidDriver.java:1)
	at com.kms.katalon.core.appium.driver.SwipeableAndroidDriver.findElement(SwipeableAndroidDriver.java:1)
	at org.openqa.selenium.remote.RemoteWebDriver.findElementByXPath(RemoteWebDriver.java:428)
	at io.appium.java_client.DefaultGenericMobileDriver.findElementByXPath(DefaultGenericMobileDriver.java:152)
	at io.appium.java_client.AppiumDriver.findElementByXPath(AppiumDriver.java:1)
	at io.appium.java_client.android.AndroidDriver.findElementByXPath(AndroidDriver.java:1)
	at com.kms.katalon.core.appium.driver.SwipeableAndroidDriver.findElementByXPath(SwipeableAndroidDriver.java:1)
	at org.openqa.selenium.By$ByXPath.findElement(By.java:353)
	at org.openqa.selenium.remote.RemoteWebDriver.findElement(RemoteWebDriver.java:315)
	at io.appium.java_client.DefaultGenericMobileDriver.findElement(DefaultGenericMobileDriver.java:58)
	at io.appium.java_client.AppiumDriver.findElement(AppiumDriver.java:1)
	at io.appium.java_client.android.AndroidDriver.findElement(AndroidDriver.java:1)
	at com.kms.katalon.core.appium.driver.SwipeableAndroidDriver.findElement(SwipeableAndroidDriver.java:1)
	at base.BaseKeyword$Trait$Helper.clickToElement(BaseKeyword.groovy:92)
	at screens.HomeScreen.clickToElement(HomeScreen.groovy)
	at screens.HomeScreen.openRequestList(HomeScreen.groovy:95)
	at 002 TAO YEU CAU.run(002 TAO YEU CAU:23)
	at com.kms.katalon.core.main.ScriptEngine.run(ScriptEngine.java:194)
	at com.kms.katalon.core.main.ScriptEngine.runScriptAsRawText(ScriptEngine.java:119)
	at com.kms.katalon.core.main.TestCaseExecutor.runScript(TestCaseExecutor.java:448)
	at com.kms.katalon.core.main.TestCaseExecutor.doExecute(TestCaseExecutor.java:439)
	at com.kms.katalon.core.main.TestCaseExecutor.processExecutionPhase(TestCaseExecutor.java:418)
	at com.kms.katalon.core.main.TestCaseExecutor.accessMainPhase(TestCaseExecutor.java:410)
	at com.kms.katalon.core.main.TestCaseExecutor.execute(TestCaseExecutor.java:285)
	at com.kms.katalon.core.common.CommonExecutor.accessTestCaseMainPhase(CommonExecutor.java:65)
	at com.kms.katalon.core.main.TestSuiteExecutor.accessTestSuiteMainPhase(TestSuiteExecutor.java:150)
	at com.kms.katalon.core.main.TestSuiteExecutor.execute(TestSuiteExecutor.java:106)
	at com.kms.katalon.core.main.TestCaseMain.startTestSuite(TestCaseMain.java:180)
	at TempTestSuite1747904187531.run(TempTestSuite1747904187531.groovy:35)
	at java.base/jdk.internal.reflect.NativeMethodAccessorImpl.invoke0(Native Method)
	at java.base/jdk.internal.reflect.NativeMethodAccessorImpl.invoke(NativeMethodAccessorImpl.java:77)
	at java.base/jdk.internal.reflect.DelegatingMethodAccessorImpl.invoke(DelegatingMethodAccessorImpl.java:43)


22-05-2025T15:56:33 - [TEST_STEP][PASSED] - Start listener action : beforeTest: drivers.Driver.openApp is PASSED

22-05-2025T15:56:33 - [TEST_STEP][PASSED] - DataTest.init(): null

22-05-2025T15:56:34 - [TEST_STEP][PASSED] - testCaseId = split("/").last(): null

22-05-2025T15:56:34 - [TEST_STEP][PASSED] - if (!(drivers.Driver.isAppiumRunning())): drivers.Driver.isAppiumRunning is PASSED

22-05-2025T15:56:34 - [MESSAGE][INFO] - Appium running: true

22-05-2025T15:56:34 - [MESSAGE][PASSED] - drivers.Driver.isAppiumRunning is PASSED

22-05-2025T15:56:34 - [TEST_STEP][PASSED] - if (driver == null || driver.getSessionId() == null): null

22-05-2025T15:56:34 - [TEST_STEP][PASSED] - drivers.Driver.openApp(): drivers.Driver.openApp is PASSED

22-05-2025T15:56:36 - [MESSAGE][PASSED] - drivers.Driver.openApp is PASSED

22-05-2025T15:56:36 - [TEST_STEP][PASSED] - REQUEST_NAME = "Trình ký PDF có sẵn": null

22-05-2025T15:56:36 - [TEST_STEP][PASSED] - TO_DAY = SimpleDateFormat(dd/MM/yyyy).format(new java.util.Date()): null

22-05-2025T15:56:36 - [TEST_STEP][PASSED] - auto5 = DataTest.getUserTest5(): null

22-05-2025T15:56:36 - [TEST_STEP][PASSED] - auto6 = DataTest.getUserTest6(): null

22-05-2025T15:56:36 - [TEST_STEP][PASSED] - auto7 = DataTest.getUserTest7(): null

22-05-2025T15:56:36 - [TEST_STEP][PASSED] - document = DataTest.createDocumentTest(auto5, auto6, auto7, "dummy.pdf", "dummy.pdf"): null

22-05-2025T15:56:36 - [TEST_STEP][PASSED] - loginScreen.login(auto5): null

22-05-2025T15:56:51 - [TEST_STEP][ERROR] - homeScreen.openRequestList(): Test Cases/IPAPER APP/002 TAO YEU CAU FAILED.
Reason:
org.openqa.selenium.NoSuchElementException: An element could not be located on the page using the given search parameters.
For documentation on this error, please visit: https://www.seleniumhq.org/exceptions/no_such_element.html
Build info: version: '3.141.59', revision: 'unknown', time: 'unknown'
System info: host: 'Cuong-Mac.local', ip: 'fe80:0:0:0:c43:6797:ebf2:3aad%en0', os.name: 'Mac OS X', os.arch: 'aarch64', os.version: '15.5', java.version: '17.0.7'
Driver info: com.kms.katalon.core.appium.driver.SwipeableAndroidDriver
Capabilities {automationName: UiAutomator2, databaseEnabled: false, desired: {automationName: UiAutomator2, deviceName: af0c5cf7, noReset: true, platformName: android, waitForIdleTimeout: 3000}, deviceApiLevel: 35, deviceManufacturer: OPPO, deviceModel: CPH2699, deviceName: af0c5cf7, deviceScreenDensity: 480, deviceScreenSize: 1080x2400, deviceUDID: af0c5cf7, javascriptEnabled: true, locationContextEnabled: false, networkConnectionEnabled: true, noReset: true, pixelRatio: 3, platform: LINUX, platformName: Android, platformVersion: 15, statBarHeight: 120, takesScreenshot: true, viewportRect: {height: 2280, left: 0, top: 120, width: 1080}, waitForIdleTimeout: 3000, warnings: {}, webStorageEnabled: false}
Session ID: 42b39363-2c25-472a-b49b-4e8f3ae7bc31
*** Element info: {Using=xpath, value=//android.widget.CheckedTextView[@resource-id='com.hdbank.ipaper:id/design_menu_item_text' and @text='Tạo yêu cầu theo mẫu']}
	at java.base/jdk.internal.reflect.NativeConstructorAccessorImpl.newInstance0(Native Method)
	at java.base/jdk.internal.reflect.NativeConstructorAccessorImpl.newInstance(NativeConstructorAccessorImpl.java:77)
	at java.base/jdk.internal.reflect.DelegatingConstructorAccessorImpl.newInstance(DelegatingConstructorAccessorImpl.java:45)
	at org.openqa.selenium.remote.http.W3CHttpResponseCodec.createException(W3CHttpResponseCodec.java:187)
	at org.openqa.selenium.remote.http.W3CHttpResponseCodec.decode(W3CHttpResponseCodec.java:122)
	at org.openqa.selenium.remote.http.W3CHttpResponseCodec.decode(W3CHttpResponseCodec.java:49)
	at org.openqa.selenium.remote.HttpCommandExecutor.execute(HttpCommandExecutor.java:158)
	at io.appium.java_client.remote.AppiumCommandExecutor.execute(AppiumCommandExecutor.java:239)
	at org.openqa.selenium.remote.RemoteWebDriver.execute(RemoteWebDriver.java:552)
	at io.appium.java_client.DefaultGenericMobileDriver.execute(DefaultGenericMobileDriver.java:42)
	at io.appium.java_client.AppiumDriver.execute(AppiumDriver.java:1)
	at io.appium.java_client.android.AndroidDriver.execute(AndroidDriver.java:1)
	at com.kms.katalon.core.appium.driver.SwipeableAndroidDriver.execute(SwipeableAndroidDriver.java:1)
	at org.openqa.selenium.remote.RemoteWebDriver.findElement(RemoteWebDriver.java:323)
	at io.appium.java_client.DefaultGenericMobileDriver.findElement(DefaultGenericMobileDriver.java:62)
	at io.appium.java_client.AppiumDriver.findElement(AppiumDriver.java:1)
	at io.appium.java_client.android.AndroidDriver.findElement(AndroidDriver.java:1)
	at com.kms.katalon.core.appium.driver.SwipeableAndroidDriver.findElement(SwipeableAndroidDriver.java:1)
	at org.openqa.selenium.remote.RemoteWebDriver.findElementByXPath(RemoteWebDriver.java:428)
	at io.appium.java_client.DefaultGenericMobileDriver.findElementByXPath(DefaultGenericMobileDriver.java:152)
	at io.appium.java_client.AppiumDriver.findElementByXPath(AppiumDriver.java:1)
	at io.appium.java_client.android.AndroidDriver.findElementByXPath(AndroidDriver.java:1)
	at com.kms.katalon.core.appium.driver.SwipeableAndroidDriver.findElementByXPath(SwipeableAndroidDriver.java:1)
	at org.openqa.selenium.By$ByXPath.findElement(By.java:353)
	at org.openqa.selenium.remote.RemoteWebDriver.findElement(RemoteWebDriver.java:315)
	at io.appium.java_client.DefaultGenericMobileDriver.findElement(DefaultGenericMobileDriver.java:58)
	at io.appium.java_client.AppiumDriver.findElement(AppiumDriver.java:1)
	at io.appium.java_client.android.AndroidDriver.findElement(AndroidDriver.java:1)
	at com.kms.katalon.core.appium.driver.SwipeableAndroidDriver.findElement(SwipeableAndroidDriver.java:1)
	at base.BaseKeyword$Trait$Helper.clickToElement(BaseKeyword.groovy:92)
	at screens.HomeScreen.clickToElement(HomeScreen.groovy)
	at screens.HomeScreen.openRequestList(HomeScreen.groovy:95)
	at 002 TAO YEU CAU.run(002 TAO YEU CAU:23)
	at com.kms.katalon.core.main.ScriptEngine.run(ScriptEngine.java:194)
	at com.kms.katalon.core.main.ScriptEngine.runScriptAsRawText(ScriptEngine.java:119)
	at com.kms.katalon.core.main.TestCaseExecutor.runScript(TestCaseExecutor.java:448)
	at com.kms.katalon.core.main.TestCaseExecutor.doExecute(TestCaseExecutor.java:439)
	at com.kms.katalon.core.main.TestCaseExecutor.processExecutionPhase(TestCaseExecutor.java:418)
	at com.kms.katalon.core.main.TestCaseExecutor.accessMainPhase(TestCaseExecutor.java:410)
	at com.kms.katalon.core.main.TestCaseExecutor.execute(TestCaseExecutor.java:285)
	at com.kms.katalon.core.common.CommonExecutor.accessTestCaseMainPhase(CommonExecutor.java:65)
	at com.kms.katalon.core.main.TestSuiteExecutor.accessTestSuiteMainPhase(TestSuiteExecutor.java:150)
	at com.kms.katalon.core.main.TestSuiteExecutor.execute(TestSuiteExecutor.java:106)
	at com.kms.katalon.core.main.TestCaseMain.startTestSuite(TestCaseMain.java:180)
	at TempTestSuite1747904187531.run(TempTestSuite1747904187531.groovy:35)
	at java.base/jdk.internal.reflect.NativeMethodAccessorImpl.invoke0(Native Method)
	at java.base/jdk.internal.reflect.NativeMethodAccessorImpl.invoke(NativeMethodAccessorImpl.java:77)
	at java.base/jdk.internal.reflect.DelegatingMethodAccessorImpl.invoke(DelegatingMethodAccessorImpl.java:43)


22-05-2025T15:56:59 - [MESSAGE][ERROR] - Test Cases/IPAPER APP/002 TAO YEU CAU FAILED.
Reason:
org.openqa.selenium.NoSuchElementException: An element could not be located on the page using the given search parameters.
For documentation on this error, please visit: https://www.seleniumhq.org/exceptions/no_such_element.html
Build info: version: '3.141.59', revision: 'unknown', time: 'unknown'
System info: host: 'Cuong-Mac.local', ip: 'fe80:0:0:0:c43:6797:ebf2:3aad%en0', os.name: 'Mac OS X', os.arch: 'aarch64', os.version: '15.5', java.version: '17.0.7'
Driver info: com.kms.katalon.core.appium.driver.SwipeableAndroidDriver
Capabilities {automationName: UiAutomator2, databaseEnabled: false, desired: {automationName: UiAutomator2, deviceName: af0c5cf7, noReset: true, platformName: android, waitForIdleTimeout: 3000}, deviceApiLevel: 35, deviceManufacturer: OPPO, deviceModel: CPH2699, deviceName: af0c5cf7, deviceScreenDensity: 480, deviceScreenSize: 1080x2400, deviceUDID: af0c5cf7, javascriptEnabled: true, locationContextEnabled: false, networkConnectionEnabled: true, noReset: true, pixelRatio: 3, platform: LINUX, platformName: Android, platformVersion: 15, statBarHeight: 120, takesScreenshot: true, viewportRect: {height: 2280, left: 0, top: 120, width: 1080}, waitForIdleTimeout: 3000, warnings: {}, webStorageEnabled: false}
Session ID: 42b39363-2c25-472a-b49b-4e8f3ae7bc31
*** Element info: {Using=xpath, value=//android.widget.CheckedTextView[@resource-id='com.hdbank.ipaper:id/design_menu_item_text' and @text='Tạo yêu cầu theo mẫu']}
	at java.base/jdk.internal.reflect.NativeConstructorAccessorImpl.newInstance0(Native Method)
	at java.base/jdk.internal.reflect.NativeConstructorAccessorImpl.newInstance(NativeConstructorAccessorImpl.java:77)
	at java.base/jdk.internal.reflect.DelegatingConstructorAccessorImpl.newInstance(DelegatingConstructorAccessorImpl.java:45)
	at org.openqa.selenium.remote.http.W3CHttpResponseCodec.createException(W3CHttpResponseCodec.java:187)
	at org.openqa.selenium.remote.http.W3CHttpResponseCodec.decode(W3CHttpResponseCodec.java:122)
	at org.openqa.selenium.remote.http.W3CHttpResponseCodec.decode(W3CHttpResponseCodec.java:49)
	at org.openqa.selenium.remote.HttpCommandExecutor.execute(HttpCommandExecutor.java:158)
	at io.appium.java_client.remote.AppiumCommandExecutor.execute(AppiumCommandExecutor.java:239)
	at org.openqa.selenium.remote.RemoteWebDriver.execute(RemoteWebDriver.java:552)
	at io.appium.java_client.DefaultGenericMobileDriver.execute(DefaultGenericMobileDriver.java:42)
	at io.appium.java_client.AppiumDriver.execute(AppiumDriver.java:1)
	at io.appium.java_client.android.AndroidDriver.execute(AndroidDriver.java:1)
	at com.kms.katalon.core.appium.driver.SwipeableAndroidDriver.execute(SwipeableAndroidDriver.java:1)
	at org.openqa.selenium.remote.RemoteWebDriver.findElement(RemoteWebDriver.java:323)
	at io.appium.java_client.DefaultGenericMobileDriver.findElement(DefaultGenericMobileDriver.java:62)
	at io.appium.java_client.AppiumDriver.findElement(AppiumDriver.java:1)
	at io.appium.java_client.android.AndroidDriver.findElement(AndroidDriver.java:1)
	at com.kms.katalon.core.appium.driver.SwipeableAndroidDriver.findElement(SwipeableAndroidDriver.java:1)
	at org.openqa.selenium.remote.RemoteWebDriver.findElementByXPath(RemoteWebDriver.java:428)
	at io.appium.java_client.DefaultGenericMobileDriver.findElementByXPath(DefaultGenericMobileDriver.java:152)
	at io.appium.java_client.AppiumDriver.findElementByXPath(AppiumDriver.java:1)
	at io.appium.java_client.android.AndroidDriver.findElementByXPath(AndroidDriver.java:1)
	at com.kms.katalon.core.appium.driver.SwipeableAndroidDriver.findElementByXPath(SwipeableAndroidDriver.java:1)
	at org.openqa.selenium.By$ByXPath.findElement(By.java:353)
	at org.openqa.selenium.remote.RemoteWebDriver.findElement(RemoteWebDriver.java:315)
	at io.appium.java_client.DefaultGenericMobileDriver.findElement(DefaultGenericMobileDriver.java:58)
	at io.appium.java_client.AppiumDriver.findElement(AppiumDriver.java:1)
	at io.appium.java_client.android.AndroidDriver.findElement(AndroidDriver.java:1)
	at com.kms.katalon.core.appium.driver.SwipeableAndroidDriver.findElement(SwipeableAndroidDriver.java:1)
	at base.BaseKeyword$Trait$Helper.clickToElement(BaseKeyword.groovy:92)
	at screens.HomeScreen.clickToElement(HomeScreen.groovy)
	at screens.HomeScreen.openRequestList(HomeScreen.groovy:95)
	at 002 TAO YEU CAU.run(002 TAO YEU CAU:23)
	at com.kms.katalon.core.main.ScriptEngine.run(ScriptEngine.java:194)
	at com.kms.katalon.core.main.ScriptEngine.runScriptAsRawText(ScriptEngine.java:119)
	at com.kms.katalon.core.main.TestCaseExecutor.runScript(TestCaseExecutor.java:448)
	at com.kms.katalon.core.main.TestCaseExecutor.doExecute(TestCaseExecutor.java:439)
	at com.kms.katalon.core.main.TestCaseExecutor.processExecutionPhase(TestCaseExecutor.java:418)
	at com.kms.katalon.core.main.TestCaseExecutor.accessMainPhase(TestCaseExecutor.java:410)
	at com.kms.katalon.core.main.TestCaseExecutor.execute(TestCaseExecutor.java:285)
	at com.kms.katalon.core.common.CommonExecutor.accessTestCaseMainPhase(CommonExecutor.java:65)
	at com.kms.katalon.core.main.TestSuiteExecutor.accessTestSuiteMainPhase(TestSuiteExecutor.java:150)
	at com.kms.katalon.core.main.TestSuiteExecutor.execute(TestSuiteExecutor.java:106)
	at com.kms.katalon.core.main.TestCaseMain.startTestSuite(TestCaseMain.java:180)
	at TempTestSuite1747904187531.run(TempTestSuite1747904187531.groovy:35)
	at java.base/jdk.internal.reflect.NativeMethodAccessorImpl.invoke0(Native Method)
	at java.base/jdk.internal.reflect.NativeMethodAccessorImpl.invoke(NativeMethodAccessorImpl.java:77)
	at java.base/jdk.internal.reflect.DelegatingMethodAccessorImpl.invoke(DelegatingMethodAccessorImpl.java:43)


22-05-2025T15:56:59 - [TEST_STEP][PASSED] - Start listener action : afterTest: null

22-05-2025T15:56:59 - [TEST_STEP][PASSED] - if (testCaseStatus != "PASSED"): Screenshot is taken

22-05-2025T15:56:59 - [TEST_STEP][PASSED] - takeScreenshot(ErrorScreen/$GlobalVariable.PLATFORM/$testCaseContext.getTestCaseId().png): Screenshot is taken

22-05-2025T15:57:00 - [MESSAGE][PASSED] - Screenshot is taken
[[ATTACHMENT|ErrorScreen/Android/Test Cases/IPAPER APP/002 TAO YEU CAU.png]]

22-05-2025T15:57:00 - [TEST_STEP][PASSED] - drivers.Driver.closeApp(): drivers.Driver.closeApp is PASSED

22-05-2025T15:57:00 - [MESSAGE][PASSED] - drivers.Driver.closeApp is PASSED

22-05-2025T15:57:00 - [TEST_STEP][PASSED] - if (tsContext == null): null]]></system-out>
         <system-err><![CDATA[22-05-2025T15:56:33 - [TEST_CASE][ERROR] - Test Cases/IPAPER APP/002 TAO YEU CAU: Test Cases/IPAPER APP/002 TAO YEU CAU FAILED.
Reason:
org.openqa.selenium.NoSuchElementException: An element could not be located on the page using the given search parameters.
For documentation on this error, please visit: https://www.seleniumhq.org/exceptions/no_such_element.html
Build info: version: '3.141.59', revision: 'unknown', time: 'unknown'
System info: host: 'Cuong-Mac.local', ip: 'fe80:0:0:0:c43:6797:ebf2:3aad%en0', os.name: 'Mac OS X', os.arch: 'aarch64', os.version: '15.5', java.version: '17.0.7'
Driver info: com.kms.katalon.core.appium.driver.SwipeableAndroidDriver
Capabilities {automationName: UiAutomator2, databaseEnabled: false, desired: {automationName: UiAutomator2, deviceName: af0c5cf7, noReset: true, platformName: android, waitForIdleTimeout: 3000}, deviceApiLevel: 35, deviceManufacturer: OPPO, deviceModel: CPH2699, deviceName: af0c5cf7, deviceScreenDensity: 480, deviceScreenSize: 1080x2400, deviceUDID: af0c5cf7, javascriptEnabled: true, locationContextEnabled: false, networkConnectionEnabled: true, noReset: true, pixelRatio: 3, platform: LINUX, platformName: Android, platformVersion: 15, statBarHeight: 120, takesScreenshot: true, viewportRect: {height: 2280, left: 0, top: 120, width: 1080}, waitForIdleTimeout: 3000, warnings: {}, webStorageEnabled: false}
Session ID: 42b39363-2c25-472a-b49b-4e8f3ae7bc31
*** Element info: {Using=xpath, value=//android.widget.CheckedTextView[@resource-id='com.hdbank.ipaper:id/design_menu_item_text' and @text='Tạo yêu cầu theo mẫu']}
	at java.base/jdk.internal.reflect.NativeConstructorAccessorImpl.newInstance0(Native Method)
	at java.base/jdk.internal.reflect.NativeConstructorAccessorImpl.newInstance(NativeConstructorAccessorImpl.java:77)
	at java.base/jdk.internal.reflect.DelegatingConstructorAccessorImpl.newInstance(DelegatingConstructorAccessorImpl.java:45)
	at org.openqa.selenium.remote.http.W3CHttpResponseCodec.createException(W3CHttpResponseCodec.java:187)
	at org.openqa.selenium.remote.http.W3CHttpResponseCodec.decode(W3CHttpResponseCodec.java:122)
	at org.openqa.selenium.remote.http.W3CHttpResponseCodec.decode(W3CHttpResponseCodec.java:49)
	at org.openqa.selenium.remote.HttpCommandExecutor.execute(HttpCommandExecutor.java:158)
	at io.appium.java_client.remote.AppiumCommandExecutor.execute(AppiumCommandExecutor.java:239)
	at org.openqa.selenium.remote.RemoteWebDriver.execute(RemoteWebDriver.java:552)
	at io.appium.java_client.DefaultGenericMobileDriver.execute(DefaultGenericMobileDriver.java:42)
	at io.appium.java_client.AppiumDriver.execute(AppiumDriver.java:1)
	at io.appium.java_client.android.AndroidDriver.execute(AndroidDriver.java:1)
	at com.kms.katalon.core.appium.driver.SwipeableAndroidDriver.execute(SwipeableAndroidDriver.java:1)
	at org.openqa.selenium.remote.RemoteWebDriver.findElement(RemoteWebDriver.java:323)
	at io.appium.java_client.DefaultGenericMobileDriver.findElement(DefaultGenericMobileDriver.java:62)
	at io.appium.java_client.AppiumDriver.findElement(AppiumDriver.java:1)
	at io.appium.java_client.android.AndroidDriver.findElement(AndroidDriver.java:1)
	at com.kms.katalon.core.appium.driver.SwipeableAndroidDriver.findElement(SwipeableAndroidDriver.java:1)
	at org.openqa.selenium.remote.RemoteWebDriver.findElementByXPath(RemoteWebDriver.java:428)
	at io.appium.java_client.DefaultGenericMobileDriver.findElementByXPath(DefaultGenericMobileDriver.java:152)
	at io.appium.java_client.AppiumDriver.findElementByXPath(AppiumDriver.java:1)
	at io.appium.java_client.android.AndroidDriver.findElementByXPath(AndroidDriver.java:1)
	at com.kms.katalon.core.appium.driver.SwipeableAndroidDriver.findElementByXPath(SwipeableAndroidDriver.java:1)
	at org.openqa.selenium.By$ByXPath.findElement(By.java:353)
	at org.openqa.selenium.remote.RemoteWebDriver.findElement(RemoteWebDriver.java:315)
	at io.appium.java_client.DefaultGenericMobileDriver.findElement(DefaultGenericMobileDriver.java:58)
	at io.appium.java_client.AppiumDriver.findElement(AppiumDriver.java:1)
	at io.appium.java_client.android.AndroidDriver.findElement(AndroidDriver.java:1)
	at com.kms.katalon.core.appium.driver.SwipeableAndroidDriver.findElement(SwipeableAndroidDriver.java:1)
	at base.BaseKeyword$Trait$Helper.clickToElement(BaseKeyword.groovy:92)
	at screens.HomeScreen.clickToElement(HomeScreen.groovy)
	at screens.HomeScreen.openRequestList(HomeScreen.groovy:95)
	at 002 TAO YEU CAU.run(002 TAO YEU CAU:23)
	at com.kms.katalon.core.main.ScriptEngine.run(ScriptEngine.java:194)
	at com.kms.katalon.core.main.ScriptEngine.runScriptAsRawText(ScriptEngine.java:119)
	at com.kms.katalon.core.main.TestCaseExecutor.runScript(TestCaseExecutor.java:448)
	at com.kms.katalon.core.main.TestCaseExecutor.doExecute(TestCaseExecutor.java:439)
	at com.kms.katalon.core.main.TestCaseExecutor.processExecutionPhase(TestCaseExecutor.java:418)
	at com.kms.katalon.core.main.TestCaseExecutor.accessMainPhase(TestCaseExecutor.java:410)
	at com.kms.katalon.core.main.TestCaseExecutor.execute(TestCaseExecutor.java:285)
	at com.kms.katalon.core.common.CommonExecutor.accessTestCaseMainPhase(CommonExecutor.java:65)
	at com.kms.katalon.core.main.TestSuiteExecutor.accessTestSuiteMainPhase(TestSuiteExecutor.java:150)
	at com.kms.katalon.core.main.TestSuiteExecutor.execute(TestSuiteExecutor.java:106)
	at com.kms.katalon.core.main.TestCaseMain.startTestSuite(TestCaseMain.java:180)
	at TempTestSuite1747904187531.run(TempTestSuite1747904187531.groovy:35)
	at java.base/jdk.internal.reflect.NativeMethodAccessorImpl.invoke0(Native Method)
	at java.base/jdk.internal.reflect.NativeMethodAccessorImpl.invoke(NativeMethodAccessorImpl.java:77)
	at java.base/jdk.internal.reflect.DelegatingMethodAccessorImpl.invoke(DelegatingMethodAccessorImpl.java:43)]]></system-err>
      </testcase>
      <testcase name="Test Cases/IPAPER APP/003 TAO YEU CAU KHONG CO ASSIGNER" time="278.134" classname="Test Cases/IPAPER APP/003 TAO YEU CAU KHONG CO ASSIGNER" status="PASSED">
         <system-out><![CDATA[22-05-2025T15:57:00 - [TEST_CASE][PASSED] - Test Cases/IPAPER APP/003 TAO YEU CAU KHONG CO ASSIGNER: Test Cases/IPAPER APP/003 TAO YEU CAU KHONG CO ASSIGNER

22-05-2025T15:57:01 - [TEST_STEP][PASSED] - Start listener action : beforeTest: drivers.Driver.openApp is PASSED

22-05-2025T15:57:01 - [TEST_STEP][PASSED] - DataTest.init(): null

22-05-2025T15:57:01 - [TEST_STEP][PASSED] - testCaseId = split("/").last(): null

22-05-2025T15:57:01 - [TEST_STEP][PASSED] - if (!(drivers.Driver.isAppiumRunning())): drivers.Driver.isAppiumRunning is PASSED

22-05-2025T15:57:01 - [MESSAGE][INFO] - Appium running: true

22-05-2025T15:57:01 - [MESSAGE][PASSED] - drivers.Driver.isAppiumRunning is PASSED

22-05-2025T15:57:01 - [TEST_STEP][PASSED] - if (driver == null || driver.getSessionId() == null): null

22-05-2025T15:57:01 - [TEST_STEP][PASSED] - drivers.Driver.openApp(): drivers.Driver.openApp is PASSED

22-05-2025T15:57:03 - [MESSAGE][PASSED] - drivers.Driver.openApp is PASSED

22-05-2025T15:57:03 - [TEST_STEP][PASSED] - REQUEST_NAME = "Trình ký PDF có sẵn": null

22-05-2025T15:57:03 - [TEST_STEP][PASSED] - STATUS = "Đang đợi xử lý": null

22-05-2025T15:57:03 - [TEST_STEP][PASSED] - TO_DAY = SimpleDateFormat(dd/MM/yyyy).format(new java.util.Date()): null

22-05-2025T15:57:03 - [TEST_STEP][PASSED] - ERROR_MESSAGE = "Vui lòng nhập Email người nhận": null

22-05-2025T15:57:03 - [TEST_STEP][PASSED] - documentTitle = "Trình ký " + System.currentTimeMillis(): null

22-05-2025T15:57:03 - [TEST_STEP][PASSED] - auto5 = DataTest.getUserTest5(): null

22-05-2025T15:57:03 - [TEST_STEP][PASSED] - auto6 = DataTest.getUserTest6(): null

22-05-2025T15:57:03 - [TEST_STEP][PASSED] - auto7 = DataTest.getUserTest7(): null

22-05-2025T15:57:03 - [TEST_STEP][PASSED] - document = DataTest.createDocumentTest(auto5, auto6, auto7, "dummy.pdf", "dummy.pdf"): null

22-05-2025T15:57:03 - [TEST_STEP][PASSED] - loginScreen.login(auto5): null

22-05-2025T15:57:17 - [TEST_STEP][PASSED] - homeScreen.openRequestList(): null

22-05-2025T15:57:22 - [TEST_STEP][PASSED] - homeScreen.createRequest(REQUEST_NAME): null

22-05-2025T15:57:27 - [TEST_STEP][PASSED] - pdfSignScreen.fillInTitle(title): null

22-05-2025T15:57:30 - [TEST_STEP][PASSED] - pdfSignScreen.selectPriority(priority): null

22-05-2025T15:57:32 - [TEST_STEP][PASSED] - pdfSignScreen.selectTime(time): null

22-05-2025T15:57:36 - [TEST_STEP][PASSED] - pdfSignScreen.fillInDescription(description): null

22-05-2025T15:57:38 - [TEST_STEP][PASSED] - pdfSignScreen.selectAssigner(getAssigner().getEmail()): null

22-05-2025T15:57:44 - [TEST_STEP][PASSED] - pdfSignScreen.openMainFileBrowser(): null

22-05-2025T15:57:49 - [TEST_STEP][PASSED] - fileBrowserScreen.attachFile(mainFileName): null

22-05-2025T15:57:59 - [TEST_STEP][PASSED] - pdfSignScreen.openSubFileBrowser(): null

22-05-2025T15:58:01 - [TEST_STEP][PASSED] - fileBrowserScreen.attachFile(subFileName): null

22-05-2025T15:58:13 - [TEST_STEP][PASSED] - pdfSignScreen.selectRelatedMember(getCc().getEmail()): null

22-05-2025T15:58:19 - [TEST_STEP][PASSED] - pdfSignScreen.performAction(SEND_APPROVE): null

22-05-2025T15:58:23 - [TEST_STEP][PASSED] - document.setStatus(WAIT_APPROVE): null

22-05-2025T15:58:23 - [TEST_STEP][PASSED] - pdfSignScreen.fillInOpinion(document.getComment()): null

22-05-2025T15:58:24 - [TEST_STEP][PASSED] - pdfSignScreen.submitRequest(): null

22-05-2025T15:58:39 - [TEST_STEP][PASSED] - documentInformationScreen.backToHome(): null

22-05-2025T15:58:39 - [TEST_STEP][PASSED] - homeScreen.goToOutComingDocument(): null

22-05-2025T15:58:49 - [TEST_STEP][PASSED] - outComingDocument.viewInformationDocument(document): null

22-05-2025T15:58:51 - [TEST_STEP][PASSED] - documentInformationScreen.checkDocumentTitle(document): Verify equals GUI: Trình ký 1747904223134 - DATA: Trình ký 1747904223134

22-05-2025T15:59:03 - [MESSAGE][PASSED] - Verify equals GUI: Trình ký 1747904223134 - DATA: Trình ký 1747904223134

22-05-2025T15:59:03 - [TEST_STEP][PASSED] - documentInformationScreen.checkSender(document): Verify equals GUI: Auto Test User 1 - DATA: Auto Test User 1

22-05-2025T15:59:04 - [MESSAGE][PASSED] - Verify equals GUI: Auto Test User 1 - DATA: Auto Test User 1

22-05-2025T15:59:04 - [TEST_STEP][PASSED] - documentInformationScreen.checkStatus(document): Verify equals GUI: Chờ giám sát phê duyệt - DATA: Chờ giám sát phê duyệt

22-05-2025T15:59:04 - [MESSAGE][PASSED] - Verify equals GUI: Chờ giám sát phê duyệt - DATA: Chờ giám sát phê duyệt

22-05-2025T15:59:04 - [TEST_STEP][PASSED] - documentInformationScreen.checkFinishDate(document): Verify equals GUI: 23/05/2025 - DATA: 23/05/2025

22-05-2025T15:59:04 - [MESSAGE][PASSED] - Verify equals GUI: 23/05/2025 - DATA: 23/05/2025

22-05-2025T15:59:04 - [TEST_STEP][PASSED] - documentInformationScreen.checkPriority(document): Verify equals GUI: Khẩn cấp - DATA: Khẩn cấp

22-05-2025T15:59:04 - [MESSAGE][PASSED] - Verify equals GUI: Khẩn cấp - DATA: Khẩn cấp

22-05-2025T15:59:04 - [TEST_STEP][PASSED] - documentInformationScreen.checkDescription(document): Verify equals GUI: 003 TAO YEU CAU KHONG CO ASSIGNER - DATA: 003 TAO YEU CAU KHONG CO ASSIGNER

22-05-2025T15:59:04 - [MESSAGE][PASSED] - Verify equals GUI: 003 TAO YEU CAU KHONG CO ASSIGNER - DATA: 003 TAO YEU CAU KHONG CO ASSIGNER

22-05-2025T15:59:04 - [TEST_STEP][PASSED] - documentInformationScreen.checkAssigner(document): Verify contains GUI: auto2@hdbank.com.vn - DATA: auto2@hdbank.com.vn

22-05-2025T15:59:06 - [MESSAGE][PASSED] - Verify contains GUI: auto2@hdbank.com.vn - DATA: auto2@hdbank.com.vn

22-05-2025T15:59:06 - [TEST_STEP][PASSED] - documentInformationScreen.checkPresentFileName(document): Verify contains GUI: dummy_20250522155759.ozd - DATA: dummy

22-05-2025T15:59:07 - [MESSAGE][PASSED] - Verify contains GUI: dummy_20250522155759.ozd - DATA: dummy

22-05-2025T15:59:07 - [TEST_STEP][PASSED] - documentInformationScreen.checkAttachFileName(document): Expected true condition

22-05-2025T15:59:09 - [MESSAGE][PASSED] - Expected true condition

22-05-2025T15:59:09 - [TEST_STEP][PASSED] - documentInformationScreen.backToHome(): null

22-05-2025T15:59:13 - [TEST_STEP][PASSED] - outComingDocument.checkItemInDocument(): null

22-05-2025T15:59:13 - [TEST_STEP][PASSED] - homeScreen.logout(): null

22-05-2025T15:59:22 - [TEST_STEP][PASSED] - document.setAssigner(auto5): null

22-05-2025T15:59:22 - [TEST_STEP][PASSED] - loginScreen.login(auto6): null

22-05-2025T15:59:38 - [TEST_STEP][PASSED] - homeScreen.goToIncomingDocument(): null

22-05-2025T15:59:38 - [TEST_STEP][PASSED] - inComingDocument.viewInformationDocument(document): View document Trình ký 1747904223134

22-05-2025T15:59:38 - [MESSAGE][INFO] - View document Trình ký 1747904223134

22-05-2025T16:00:02 - [TEST_STEP][PASSED] - documentInformationScreen.checkDocumentTitle(document): Verify equals GUI: Trình ký 1747904223134 - DATA: Trình ký 1747904223134

22-05-2025T16:00:03 - [MESSAGE][PASSED] - Verify equals GUI: Trình ký 1747904223134 - DATA: Trình ký 1747904223134

22-05-2025T16:00:03 - [TEST_STEP][PASSED] - documentInformationScreen.checkSender(document): Verify equals GUI: Auto Test User 1 - DATA: Auto Test User 1

22-05-2025T16:00:03 - [MESSAGE][PASSED] - Verify equals GUI: Auto Test User 1 - DATA: Auto Test User 1

22-05-2025T16:00:03 - [TEST_STEP][PASSED] - documentInformationScreen.checkStatus(document): Verify equals GUI: Chờ giám sát phê duyệt - DATA: Chờ giám sát phê duyệt

22-05-2025T16:00:03 - [MESSAGE][PASSED] - Verify equals GUI: Chờ giám sát phê duyệt - DATA: Chờ giám sát phê duyệt

22-05-2025T16:00:03 - [TEST_STEP][PASSED] - documentInformationScreen.checkFinishDate(document): Verify equals GUI: 23/05/2025 - DATA: 23/05/2025

22-05-2025T16:00:03 - [MESSAGE][PASSED] - Verify equals GUI: 23/05/2025 - DATA: 23/05/2025

22-05-2025T16:00:03 - [TEST_STEP][PASSED] - documentInformationScreen.checkPriority(document): Verify equals GUI: Khẩn cấp - DATA: Khẩn cấp

22-05-2025T16:00:03 - [MESSAGE][PASSED] - Verify equals GUI: Khẩn cấp - DATA: Khẩn cấp

22-05-2025T16:00:03 - [TEST_STEP][PASSED] - documentInformationScreen.checkDescription(document): Verify equals GUI: 003 TAO YEU CAU KHONG CO ASSIGNER - DATA: 003 TAO YEU CAU KHONG CO ASSIGNER

22-05-2025T16:00:04 - [MESSAGE][PASSED] - Verify equals GUI: 003 TAO YEU CAU KHONG CO ASSIGNER - DATA: 003 TAO YEU CAU KHONG CO ASSIGNER

22-05-2025T16:00:04 - [TEST_STEP][PASSED] - documentInformationScreen.checkAssigner(document): Verify contains GUI: auto1@hdbank.com.vn - DATA: auto1@hdbank.com.vn

22-05-2025T16:00:05 - [MESSAGE][PASSED] - Verify contains GUI: auto1@hdbank.com.vn - DATA: auto1@hdbank.com.vn

22-05-2025T16:00:05 - [TEST_STEP][PASSED] - documentInformationScreen.checkPresentFileName(document): Verify contains GUI: dummy_20250522155759.ozd - DATA: dummy

22-05-2025T16:00:06 - [MESSAGE][PASSED] - Verify contains GUI: dummy_20250522155759.ozd - DATA: dummy

22-05-2025T16:00:06 - [TEST_STEP][PASSED] - documentInformationScreen.checkAttachFileName(document): Expected true condition

22-05-2025T16:00:08 - [MESSAGE][PASSED] - Expected true condition

22-05-2025T16:00:08 - [TEST_STEP][PASSED] - documentInformationScreen.backToHome(): null

22-05-2025T16:00:12 - [TEST_STEP][PASSED] - inComingDocument.checkItemInDocument(): null

22-05-2025T16:00:12 - [TEST_STEP][PASSED] - homeScreen.logout(): null

22-05-2025T16:00:21 - [TEST_STEP][PASSED] - document.setAssigner(auto6): null

22-05-2025T16:00:21 - [TEST_STEP][PASSED] - loginScreen.login(auto7): null

22-05-2025T16:00:41 - [TEST_STEP][PASSED] - homeScreen.goToIncomingDocument(): null

22-05-2025T16:00:42 - [TEST_STEP][PASSED] - inComingDocument.goToRelatedDocument(): null

22-05-2025T16:00:43 - [TEST_STEP][PASSED] - relatedDocumentScreen.viewInformationDocument(document): null

22-05-2025T16:01:03 - [TEST_STEP][PASSED] - documentInformationScreen.checkDocumentTitle(document): Verify equals GUI: Trình ký 1747904223134 - DATA: Trình ký 1747904223134

22-05-2025T16:01:17 - [MESSAGE][PASSED] - Verify equals GUI: Trình ký 1747904223134 - DATA: Trình ký 1747904223134

22-05-2025T16:01:17 - [TEST_STEP][PASSED] - documentInformationScreen.checkSender(document): Verify equals GUI: Auto Test User 1 - DATA: Auto Test User 1

22-05-2025T16:01:17 - [MESSAGE][PASSED] - Verify equals GUI: Auto Test User 1 - DATA: Auto Test User 1

22-05-2025T16:01:17 - [TEST_STEP][PASSED] - documentInformationScreen.checkStatus(document): Verify equals GUI: Chờ giám sát phê duyệt - DATA: Chờ giám sát phê duyệt

22-05-2025T16:01:17 - [MESSAGE][PASSED] - Verify equals GUI: Chờ giám sát phê duyệt - DATA: Chờ giám sát phê duyệt

22-05-2025T16:01:17 - [TEST_STEP][PASSED] - documentInformationScreen.checkFinishDate(document): Verify equals GUI: 23/05/2025 - DATA: 23/05/2025

22-05-2025T16:01:17 - [MESSAGE][PASSED] - Verify equals GUI: 23/05/2025 - DATA: 23/05/2025

22-05-2025T16:01:17 - [TEST_STEP][PASSED] - documentInformationScreen.checkPriority(document): Verify equals GUI: Khẩn cấp - DATA: Khẩn cấp

22-05-2025T16:01:17 - [MESSAGE][PASSED] - Verify equals GUI: Khẩn cấp - DATA: Khẩn cấp

22-05-2025T16:01:17 - [TEST_STEP][PASSED] - documentInformationScreen.checkDescription(document): Verify equals GUI: 003 TAO YEU CAU KHONG CO ASSIGNER - DATA: 003 TAO YEU CAU KHONG CO ASSIGNER

22-05-2025T16:01:18 - [MESSAGE][PASSED] - Verify equals GUI: 003 TAO YEU CAU KHONG CO ASSIGNER - DATA: 003 TAO YEU CAU KHONG CO ASSIGNER

22-05-2025T16:01:18 - [TEST_STEP][PASSED] - documentInformationScreen.checkAssigner(document): Verify contains GUI: auto2@hdbank.com.vn - DATA: auto2@hdbank.com.vn

22-05-2025T16:01:19 - [MESSAGE][PASSED] - Verify contains GUI: auto2@hdbank.com.vn - DATA: auto2@hdbank.com.vn

22-05-2025T16:01:19 - [TEST_STEP][PASSED] - documentInformationScreen.checkPresentFileName(document): Verify contains GUI: dummy_20250522155759.ozd - DATA: dummy

22-05-2025T16:01:20 - [MESSAGE][PASSED] - Verify contains GUI: dummy_20250522155759.ozd - DATA: dummy

22-05-2025T16:01:20 - [TEST_STEP][PASSED] - documentInformationScreen.checkAttachFileName(document): Expected true condition

22-05-2025T16:01:22 - [MESSAGE][PASSED] - Expected true condition

22-05-2025T16:01:22 - [TEST_STEP][PASSED] - documentInformationScreen.checkUserCannotEditDocument(): Check user can not edit document

22-05-2025T16:01:34 - [MESSAGE][PASSED] - Check user can not edit document

22-05-2025T16:01:34 - [TEST_STEP][PASSED] - documentInformationScreen.backToHome(): null

22-05-2025T16:01:38 - [TEST_STEP][PASSED] - Start listener action : afterTest: null

22-05-2025T16:01:38 - [TEST_STEP][PASSED] - if (testCaseStatus != "PASSED"): null

22-05-2025T16:01:38 - [TEST_STEP][PASSED] - drivers.Driver.closeApp(): drivers.Driver.closeApp is PASSED

22-05-2025T16:01:39 - [MESSAGE][PASSED] - drivers.Driver.closeApp is PASSED

22-05-2025T16:01:39 - [TEST_STEP][PASSED] - if (tsContext == null): null]]></system-out>
         <system-err><![CDATA[]]></system-err>
      </testcase>
      <testcase name="Test Cases/IPAPER APP/004 TAO YEU CAU LAY Y KIEN_1 NGUOI" time="163.818" classname="Test Cases/IPAPER APP/004 TAO YEU CAU LAY Y KIEN_1 NGUOI" status="PASSED">
         <system-out><![CDATA[22-05-2025T16:01:39 - [TEST_CASE][PASSED] - Test Cases/IPAPER APP/004 TAO YEU CAU LAY Y KIEN_1 NGUOI: Test Cases/IPAPER APP/004 TAO YEU CAU LAY Y KIEN_1 NGUOI

22-05-2025T16:01:39 - [TEST_STEP][PASSED] - Start listener action : beforeTest: drivers.Driver.openApp is PASSED

22-05-2025T16:01:39 - [TEST_STEP][PASSED] - DataTest.init(): null

22-05-2025T16:01:39 - [TEST_STEP][PASSED] - testCaseId = split("/").last(): null

22-05-2025T16:01:39 - [TEST_STEP][PASSED] - if (!(drivers.Driver.isAppiumRunning())): drivers.Driver.isAppiumRunning is PASSED

22-05-2025T16:01:39 - [MESSAGE][INFO] - Appium running: true

22-05-2025T16:01:39 - [MESSAGE][PASSED] - drivers.Driver.isAppiumRunning is PASSED

22-05-2025T16:01:39 - [TEST_STEP][PASSED] - if (driver == null || driver.getSessionId() == null): null

22-05-2025T16:01:39 - [TEST_STEP][PASSED] - drivers.Driver.openApp(): drivers.Driver.openApp is PASSED

22-05-2025T16:01:41 - [MESSAGE][PASSED] - drivers.Driver.openApp is PASSED

22-05-2025T16:01:41 - [TEST_STEP][PASSED] - REQUEST_NAME = "Trình ký PDF có sẵn": null

22-05-2025T16:01:41 - [TEST_STEP][PASSED] - USER_CREATE_COMMENT = "Commented by user create document": null

22-05-2025T16:01:41 - [TEST_STEP][PASSED] - ASSIGNER_COMMENT = "Comment by assigner": null

22-05-2025T16:01:41 - [TEST_STEP][PASSED] - documentTitle = "Trình ký " + System.currentTimeMillis(): null

22-05-2025T16:01:41 - [TEST_STEP][PASSED] - auto5 = DataTest.getUserTest5(): null

22-05-2025T16:01:41 - [TEST_STEP][PASSED] - auto6 = DataTest.getUserTest6(): null

22-05-2025T16:01:41 - [TEST_STEP][PASSED] - document = DataTest.createDocumentTest(auto5, auto6, null, "dummy.pdf", "dummy.pdf"): null

22-05-2025T16:01:41 - [TEST_STEP][PASSED] - loginScreen.login(auto5): null

22-05-2025T16:01:55 - [TEST_STEP][PASSED] - homeScreen.openRequestList(): null

22-05-2025T16:02:02 - [TEST_STEP][PASSED] - homeScreen.createRequest(REQUEST_NAME): null

22-05-2025T16:02:06 - [TEST_STEP][PASSED] - pdfSignScreen.fillInTitle(document.getTitle()): null

22-05-2025T16:02:09 - [TEST_STEP][PASSED] - pdfSignScreen.selectPriority(document.getPriority()): null

22-05-2025T16:02:11 - [TEST_STEP][PASSED] - pdfSignScreen.selectTime(document.getTime()): null

22-05-2025T16:02:14 - [TEST_STEP][PASSED] - pdfSignScreen.fillInDescription(document.getDescription()): null

22-05-2025T16:02:16 - [TEST_STEP][PASSED] - pdfSignScreen.selectAssigner(getAssigner().getEmail()): null

22-05-2025T16:02:21 - [TEST_STEP][PASSED] - pdfSignScreen.openMainFileBrowser(): null

22-05-2025T16:02:30 - [TEST_STEP][PASSED] - fileBrowserScreen.attachFile(document.getMainFileName()): null

22-05-2025T16:02:40 - [TEST_STEP][PASSED] - pdfSignScreen.openSubFileBrowser(): null

22-05-2025T16:02:42 - [TEST_STEP][PASSED] - fileBrowserScreen.attachFile(document.getSubFileName()): null

22-05-2025T16:02:50 - [TEST_STEP][PASSED] - pdfSignScreen.performAction(SEND_WITH_COMENT): null

22-05-2025T16:02:53 - [TEST_STEP][PASSED] - pdfSignScreen.fillInOpinion(USER_CREATE_COMMENT): null

22-05-2025T16:02:54 - [TEST_STEP][PASSED] - pdfSignScreen.submitRequest(): null

22-05-2025T16:03:03 - [TEST_STEP][PASSED] - documentInformationScreen.backToHome(): null

22-05-2025T16:03:03 - [TEST_STEP][PASSED] - homeScreen.logout(): null

22-05-2025T16:03:11 - [TEST_STEP][PASSED] - document.setStatus(WAIT_GET_COMMENT): null

22-05-2025T16:03:11 - [TEST_STEP][PASSED] - document.setAssigner(auto5): null

22-05-2025T16:03:11 - [TEST_STEP][PASSED] - loginScreen.login(auto6): null

22-05-2025T16:03:26 - [TEST_STEP][PASSED] - homeScreen.goToIncomingDocument(): null

22-05-2025T16:03:26 - [TEST_STEP][PASSED] - inComingDocument.viewInformationDocument(document): View document Trình ký 1747904501861

22-05-2025T16:03:26 - [MESSAGE][INFO] - View document Trình ký 1747904501861

22-05-2025T16:03:34 - [TEST_STEP][PASSED] - documentInformationScreen.checkDocumentTitle(document): Verify equals GUI: Trình ký 1747904501861 - DATA: Trình ký 1747904501861

22-05-2025T16:03:34 - [MESSAGE][PASSED] - Verify equals GUI: Trình ký 1747904501861 - DATA: Trình ký 1747904501861

22-05-2025T16:03:34 - [TEST_STEP][PASSED] - documentInformationScreen.checkSender(document): Verify equals GUI: Auto Test User 1 - DATA: Auto Test User 1

22-05-2025T16:03:34 - [MESSAGE][PASSED] - Verify equals GUI: Auto Test User 1 - DATA: Auto Test User 1

22-05-2025T16:03:34 - [TEST_STEP][PASSED] - documentInformationScreen.checkStatus(document): Verify equals GUI: Chờ lấy ý kiến - DATA: Chờ lấy ý kiến

22-05-2025T16:03:34 - [MESSAGE][PASSED] - Verify equals GUI: Chờ lấy ý kiến - DATA: Chờ lấy ý kiến

22-05-2025T16:03:34 - [TEST_STEP][PASSED] - documentInformationScreen.checkCreateDate(): Verify equals GUI: 22/05/2025 - DATA: 22/05/2025

22-05-2025T16:03:34 - [MESSAGE][PASSED] - Verify equals GUI: 22/05/2025 - DATA: 22/05/2025

22-05-2025T16:03:34 - [TEST_STEP][PASSED] - documentInformationScreen.checkFinishDate(document): Verify equals GUI: 23/05/2025 - DATA: 23/05/2025

22-05-2025T16:03:35 - [MESSAGE][PASSED] - Verify equals GUI: 23/05/2025 - DATA: 23/05/2025

22-05-2025T16:03:35 - [TEST_STEP][PASSED] - documentInformationScreen.checkPriority(document): Verify equals GUI: Bình thường - DATA: Bình thường

22-05-2025T16:03:35 - [MESSAGE][PASSED] - Verify equals GUI: Bình thường - DATA: Bình thường

22-05-2025T16:03:35 - [TEST_STEP][PASSED] - documentInformationScreen.checkDescription(document): Verify equals GUI: 004 TAO YEU CAU LAY Y KIEN_1 NGUOI - DATA: 004 TAO YEU CAU LAY Y KIEN_1 NGUOI

22-05-2025T16:03:35 - [MESSAGE][PASSED] - Verify equals GUI: 004 TAO YEU CAU LAY Y KIEN_1 NGUOI - DATA: 004 TAO YEU CAU LAY Y KIEN_1 NGUOI

22-05-2025T16:03:35 - [TEST_STEP][PASSED] - documentInformationScreen.checkAssigner(document): Verify contains GUI: auto1@hdbank.com.vn - DATA: auto1@hdbank.com.vn

22-05-2025T16:03:37 - [MESSAGE][PASSED] - Verify contains GUI: auto1@hdbank.com.vn - DATA: auto1@hdbank.com.vn

22-05-2025T16:03:37 - [TEST_STEP][PASSED] - documentInformationScreen.checkPresentFileName(document): Verify contains GUI: dummy_20250522160239.ozd - DATA: dummy

22-05-2025T16:03:38 - [MESSAGE][PASSED] - Verify contains GUI: dummy_20250522160239.ozd - DATA: dummy

22-05-2025T16:03:38 - [TEST_STEP][PASSED] - documentInformationScreen.checkAttachFileName(document): Expected true condition

22-05-2025T16:03:40 - [MESSAGE][PASSED] - Expected true condition

22-05-2025T16:03:40 - [TEST_STEP][PASSED] - documentInformationScreen.performAction(document, COMMENT, ASSIGNER_COMMENT): null

22-05-2025T16:03:49 - [TEST_STEP][PASSED] - documentInformationScreen.backToHome(): null

22-05-2025T16:03:49 - [TEST_STEP][PASSED] - document.setSender(auto6): null

22-05-2025T16:03:49 - [TEST_STEP][PASSED] - inComingDocument.checkItemInDocument(): null

22-05-2025T16:03:49 - [TEST_STEP][PASSED] - homeScreen.goToOutComingDocument(): null

22-05-2025T16:03:59 - [TEST_STEP][PASSED] - outComingDocument.viewInformationDocument(document): null

22-05-2025T16:04:01 - [TEST_STEP][PASSED] - documentInformationScreen.checkDocumentTitle(document): Verify equals GUI: Trình ký 1747904501861 - DATA: Trình ký 1747904501861

22-05-2025T16:04:08 - [MESSAGE][PASSED] - Verify equals GUI: Trình ký 1747904501861 - DATA: Trình ký 1747904501861

22-05-2025T16:04:08 - [TEST_STEP][PASSED] - documentInformationScreen.checkSender(document): Verify equals GUI: Auto Test User 2 - DATA: Auto Test User 2

22-05-2025T16:04:08 - [MESSAGE][PASSED] - Verify equals GUI: Auto Test User 2 - DATA: Auto Test User 2

22-05-2025T16:04:08 - [TEST_STEP][PASSED] - documentInformationScreen.checkStatus(document): Verify equals GUI: Đã lấy ý kiến - DATA: Đã lấy ý kiến

22-05-2025T16:04:08 - [MESSAGE][PASSED] - Verify equals GUI: Đã lấy ý kiến - DATA: Đã lấy ý kiến

22-05-2025T16:04:08 - [TEST_STEP][PASSED] - documentInformationScreen.checkCreateDate(): Verify equals GUI: 22/05/2025 - DATA: 22/05/2025

22-05-2025T16:04:08 - [MESSAGE][PASSED] - Verify equals GUI: 22/05/2025 - DATA: 22/05/2025

22-05-2025T16:04:08 - [TEST_STEP][PASSED] - documentInformationScreen.checkFinishDate(document): Verify equals GUI: 23/05/2025 - DATA: 23/05/2025

22-05-2025T16:04:09 - [MESSAGE][PASSED] - Verify equals GUI: 23/05/2025 - DATA: 23/05/2025

22-05-2025T16:04:09 - [TEST_STEP][PASSED] - documentInformationScreen.checkPriority(document): Verify equals GUI: Bình thường - DATA: Bình thường

22-05-2025T16:04:09 - [MESSAGE][PASSED] - Verify equals GUI: Bình thường - DATA: Bình thường

22-05-2025T16:04:09 - [TEST_STEP][PASSED] - documentInformationScreen.checkDescription(document): Verify equals GUI: 004 TAO YEU CAU LAY Y KIEN_1 NGUOI - DATA: 004 TAO YEU CAU LAY Y KIEN_1 NGUOI

22-05-2025T16:04:09 - [MESSAGE][PASSED] - Verify equals GUI: 004 TAO YEU CAU LAY Y KIEN_1 NGUOI - DATA: 004 TAO YEU CAU LAY Y KIEN_1 NGUOI

22-05-2025T16:04:09 - [TEST_STEP][PASSED] - documentInformationScreen.isAssignerDisplayed(): Check sender not displayed

22-05-2025T16:04:12 - [MESSAGE][PASSED] - Check sender not displayed

22-05-2025T16:04:12 - [TEST_STEP][PASSED] - documentInformationScreen.checkPresentFileName(document): Verify contains GUI: dummy_20250522160239.ozd - DATA: dummy

22-05-2025T16:04:13 - [MESSAGE][PASSED] - Verify contains GUI: dummy_20250522160239.ozd - DATA: dummy

22-05-2025T16:04:13 - [TEST_STEP][PASSED] - documentInformationScreen.checkAttachFileName(document): Expected true condition

22-05-2025T16:04:15 - [MESSAGE][PASSED] - Expected true condition

22-05-2025T16:04:15 - [TEST_STEP][PASSED] - documentInformationScreen.checkComment(auto6, ASSIGNER_COMMENT): Check comment of Auto Test User 2 is Comment by assigner

22-05-2025T16:04:16 - [MESSAGE][INFO] - GUI COMMENT: Comment by assigner - DATA COMMENT: Comment by assigner

22-05-2025T16:04:16 - [MESSAGE][PASSED] - Check comment of Auto Test User 2 is Comment by assigner

22-05-2025T16:04:16 - [TEST_STEP][PASSED] - documentInformationScreen.checkComment(auto5, USER_CREATE_COMMENT): Check comment of Auto Test User 1 is Commented by user create document

22-05-2025T16:04:17 - [MESSAGE][INFO] - GUI COMMENT: Commented by user create document - DATA COMMENT: Commented by user create document

22-05-2025T16:04:17 - [MESSAGE][PASSED] - Check comment of Auto Test User 1 is Commented by user create document

22-05-2025T16:04:17 - [TEST_STEP][PASSED] - documentInformationScreen.backToHome(): null

22-05-2025T16:04:22 - [TEST_STEP][PASSED] - inComingDocument.checkItemInDocument(): null

22-05-2025T16:04:22 - [TEST_STEP][PASSED] - Start listener action : afterTest: null

22-05-2025T16:04:22 - [TEST_STEP][PASSED] - if (testCaseStatus != "PASSED"): null

22-05-2025T16:04:22 - [TEST_STEP][PASSED] - drivers.Driver.closeApp(): drivers.Driver.closeApp is PASSED

22-05-2025T16:04:22 - [MESSAGE][PASSED] - drivers.Driver.closeApp is PASSED

22-05-2025T16:04:22 - [TEST_STEP][PASSED] - if (tsContext == null): null]]></system-out>
         <system-err><![CDATA[]]></system-err>
      </testcase>
      <testcase name="Test Cases/IPAPER APP/005 TAO YEU CAU LAY Y KIEN_NHIEU NGUOI" time="287.884" classname="Test Cases/IPAPER APP/005 TAO YEU CAU LAY Y KIEN_NHIEU NGUOI" status="FAILED">
         <failure type="FAILED" message="Test Cases/IPAPER APP/005 TAO YEU CAU LAY Y KIEN_NHIEU NGUOI FAILED.&#xa;Reason:&#xa;com.kms.katalon.core.exception.StepFailedException: Verify equals GUI: Auto Test User 3 - DATA: Auto Test User 1&#xa;	at com.kms.katalon.core.util.KeywordUtil.markFailed(KeywordUtil.java:19)&#xa;	at utilities.AssertUtilities.logResult(AssertUtilities.groovy:30)&#xa;	at utilities.AssertUtilities.checkEquals(AssertUtilities.groovy:11)&#xa;	at screens.DocumentInformationScreen.checkSender(DocumentInformationScreen.groovy:112)&#xa;	at 005 TAO YEU CAU LAY Y KIEN_NHIEU NGUOI.run(005 TAO YEU CAU LAY Y KIEN_NHIEU NGUOI:154)&#xa;	at com.kms.katalon.core.main.ScriptEngine.run(ScriptEngine.java:194)&#xa;	at com.kms.katalon.core.main.ScriptEngine.runScriptAsRawText(ScriptEngine.java:119)&#xa;	at com.kms.katalon.core.main.TestCaseExecutor.runScript(TestCaseExecutor.java:448)&#xa;	at com.kms.katalon.core.main.TestCaseExecutor.doExecute(TestCaseExecutor.java:439)&#xa;	at com.kms.katalon.core.main.TestCaseExecutor.processExecutionPhase(TestCaseExecutor.java:418)&#xa;	at com.kms.katalon.core.main.TestCaseExecutor.accessMainPhase(TestCaseExecutor.java:410)&#xa;	at com.kms.katalon.core.main.TestCaseExecutor.execute(TestCaseExecutor.java:285)&#xa;	at com.kms.katalon.core.common.CommonExecutor.accessTestCaseMainPhase(CommonExecutor.java:65)&#xa;	at com.kms.katalon.core.main.TestSuiteExecutor.accessTestSuiteMainPhase(TestSuiteExecutor.java:150)&#xa;	at com.kms.katalon.core.main.TestSuiteExecutor.execute(TestSuiteExecutor.java:106)&#xa;	at com.kms.katalon.core.main.TestCaseMain.startTestSuite(TestCaseMain.java:180)&#xa;	at TempTestSuite1747904187531.run(TempTestSuite1747904187531.groovy:35)&#xa;	at java.base/jdk.internal.reflect.NativeMethodAccessorImpl.invoke0(Native Method)&#xa;	at java.base/jdk.internal.reflect.NativeMethodAccessorImpl.invoke(NativeMethodAccessorImpl.java:77)&#xa;	at java.base/jdk.internal.reflect.DelegatingMethodAccessorImpl.invoke(DelegatingMethodAccessorImpl.java:43)&#xa;"/>
         <system-out><![CDATA[22-05-2025T16:04:22 - [TEST_CASE][FAILED] - Test Cases/IPAPER APP/005 TAO YEU CAU LAY Y KIEN_NHIEU NGUOI: Test Cases/IPAPER APP/005 TAO YEU CAU LAY Y KIEN_NHIEU NGUOI FAILED.
Reason:
com.kms.katalon.core.exception.StepFailedException: Verify equals GUI: Auto Test User 3 - DATA: Auto Test User 1
	at com.kms.katalon.core.util.KeywordUtil.markFailed(KeywordUtil.java:19)
	at utilities.AssertUtilities.logResult(AssertUtilities.groovy:30)
	at utilities.AssertUtilities.checkEquals(AssertUtilities.groovy:11)
	at screens.DocumentInformationScreen.checkSender(DocumentInformationScreen.groovy:112)
	at 005 TAO YEU CAU LAY Y KIEN_NHIEU NGUOI.run(005 TAO YEU CAU LAY Y KIEN_NHIEU NGUOI:154)
	at com.kms.katalon.core.main.ScriptEngine.run(ScriptEngine.java:194)
	at com.kms.katalon.core.main.ScriptEngine.runScriptAsRawText(ScriptEngine.java:119)
	at com.kms.katalon.core.main.TestCaseExecutor.runScript(TestCaseExecutor.java:448)
	at com.kms.katalon.core.main.TestCaseExecutor.doExecute(TestCaseExecutor.java:439)
	at com.kms.katalon.core.main.TestCaseExecutor.processExecutionPhase(TestCaseExecutor.java:418)
	at com.kms.katalon.core.main.TestCaseExecutor.accessMainPhase(TestCaseExecutor.java:410)
	at com.kms.katalon.core.main.TestCaseExecutor.execute(TestCaseExecutor.java:285)
	at com.kms.katalon.core.common.CommonExecutor.accessTestCaseMainPhase(CommonExecutor.java:65)
	at com.kms.katalon.core.main.TestSuiteExecutor.accessTestSuiteMainPhase(TestSuiteExecutor.java:150)
	at com.kms.katalon.core.main.TestSuiteExecutor.execute(TestSuiteExecutor.java:106)
	at com.kms.katalon.core.main.TestCaseMain.startTestSuite(TestCaseMain.java:180)
	at TempTestSuite1747904187531.run(TempTestSuite1747904187531.groovy:35)
	at java.base/jdk.internal.reflect.NativeMethodAccessorImpl.invoke0(Native Method)
	at java.base/jdk.internal.reflect.NativeMethodAccessorImpl.invoke(NativeMethodAccessorImpl.java:77)
	at java.base/jdk.internal.reflect.DelegatingMethodAccessorImpl.invoke(DelegatingMethodAccessorImpl.java:43)


22-05-2025T16:04:22 - [TEST_STEP][PASSED] - Start listener action : beforeTest: drivers.Driver.openApp is PASSED

22-05-2025T16:04:22 - [TEST_STEP][PASSED] - DataTest.init(): null

22-05-2025T16:04:22 - [TEST_STEP][PASSED] - testCaseId = split("/").last(): null

22-05-2025T16:04:22 - [TEST_STEP][PASSED] - if (!(drivers.Driver.isAppiumRunning())): drivers.Driver.isAppiumRunning is PASSED

22-05-2025T16:04:22 - [MESSAGE][INFO] - Appium running: true

22-05-2025T16:04:22 - [MESSAGE][PASSED] - drivers.Driver.isAppiumRunning is PASSED

22-05-2025T16:04:22 - [TEST_STEP][PASSED] - if (driver == null || driver.getSessionId() == null): null

22-05-2025T16:04:22 - [TEST_STEP][PASSED] - drivers.Driver.openApp(): drivers.Driver.openApp is PASSED

22-05-2025T16:04:25 - [MESSAGE][PASSED] - drivers.Driver.openApp is PASSED

22-05-2025T16:04:25 - [TEST_STEP][PASSED] - REQUEST_NAME = "Trình ký PDF có sẵn": null

22-05-2025T16:04:25 - [TEST_STEP][PASSED] - USER_CREATE_COMMENT = "Commented by user create document": null

22-05-2025T16:04:25 - [TEST_STEP][PASSED] - AUTO6_COMMENT = "Commented by auto6": null

22-05-2025T16:04:25 - [TEST_STEP][PASSED] - AUTO7_COMMENT = "Commented by auto7": null

22-05-2025T16:04:25 - [TEST_STEP][PASSED] - AUTO8_COMMENT = "Commented by auto8": null

22-05-2025T16:04:25 - [TEST_STEP][PASSED] - auto5 = DataTest.getUserTest5(): null

22-05-2025T16:04:25 - [TEST_STEP][PASSED] - auto6 = DataTest.getUserTest6(): null

22-05-2025T16:04:25 - [TEST_STEP][PASSED] - auto7 = DataTest.getUserTest7(): null

22-05-2025T16:04:25 - [TEST_STEP][PASSED] - auto8 = DataTest.getUserTest8(): null

22-05-2025T16:04:25 - [TEST_STEP][PASSED] - document = DataTest.createDocumentTest(auto5, auto6, null, "dummy.pdf", "dummy.pdf"): null

22-05-2025T16:04:25 - [TEST_STEP][PASSED] - loginScreen.login(auto5): null

22-05-2025T16:04:37 - [TEST_STEP][PASSED] - homeScreen.openRequestList(): null

22-05-2025T16:04:43 - [TEST_STEP][PASSED] - homeScreen.createRequest(REQUEST_NAME): null

22-05-2025T16:04:47 - [TEST_STEP][PASSED] - pdfSignScreen.fillInTitle(document.getTitle()): null

22-05-2025T16:04:58 - [TEST_STEP][PASSED] - pdfSignScreen.selectPriority(document.getPriority()): null

22-05-2025T16:05:00 - [TEST_STEP][PASSED] - pdfSignScreen.selectTime(document.getTime()): null

22-05-2025T16:05:03 - [TEST_STEP][PASSED] - pdfSignScreen.fillInDescription(document.getDescription()): null

22-05-2025T16:05:05 - [TEST_STEP][PASSED] - pdfSignScreen.selectAssigner(getAssigner().getEmail()): null

22-05-2025T16:05:11 - [TEST_STEP][PASSED] - pdfSignScreen.selectAssigner(auto7): null

22-05-2025T16:05:17 - [TEST_STEP][PASSED] - pdfSignScreen.selectAssigner(auto8): null

22-05-2025T16:05:23 - [TEST_STEP][PASSED] - pdfSignScreen.openMainFileBrowser(): null

22-05-2025T16:05:28 - [TEST_STEP][PASSED] - fileBrowserScreen.attachFile(document.getMainFileName()): null

22-05-2025T16:05:37 - [TEST_STEP][PASSED] - pdfSignScreen.openSubFileBrowser(): null

22-05-2025T16:05:42 - [TEST_STEP][PASSED] - fileBrowserScreen.attachFile(document.getSubFileName()): null

22-05-2025T16:05:52 - [TEST_STEP][PASSED] - pdfSignScreen.performAction(SEND_WITH_COMENT): null

22-05-2025T16:05:55 - [TEST_STEP][PASSED] - pdfSignScreen.fillInOpinion(USER_CREATE_COMMENT): null

22-05-2025T16:05:55 - [TEST_STEP][PASSED] - pdfSignScreen.submitRequest(): null

22-05-2025T16:06:05 - [TEST_STEP][PASSED] - documentInformationScreen.backToHome(): null

22-05-2025T16:06:05 - [TEST_STEP][PASSED] - homeScreen.logout(): null

22-05-2025T16:06:13 - [TEST_STEP][PASSED] - document.setStatus(WAIT_GET_COMMENT): null

22-05-2025T16:06:13 - [TEST_STEP][PASSED] - document.setAssigner(auto5): null

22-05-2025T16:06:13 - [TEST_STEP][PASSED] - loginScreen.login(auto6): null

22-05-2025T16:06:28 - [TEST_STEP][PASSED] - homeScreen.goToIncomingDocument(): null

22-05-2025T16:06:28 - [TEST_STEP][PASSED] - inComingDocument.viewInformationDocument(document): View document Trình ký 1747904665105

22-05-2025T16:06:28 - [MESSAGE][INFO] - View document Trình ký 1747904665105

22-05-2025T16:06:35 - [TEST_STEP][PASSED] - documentInformationScreen.isSendCommentDisplayed(): Expected true condition

22-05-2025T16:06:37 - [MESSAGE][PASSED] - Expected true condition

22-05-2025T16:06:38 - [TEST_STEP][PASSED] - documentInformationScreen.checkDocumentTitle(document): Verify equals GUI: Trình ký 1747904665105 - DATA: Trình ký 1747904665105

22-05-2025T16:06:38 - [MESSAGE][PASSED] - Verify equals GUI: Trình ký 1747904665105 - DATA: Trình ký 1747904665105

22-05-2025T16:06:38 - [TEST_STEP][PASSED] - documentInformationScreen.checkSender(document): Verify equals GUI: Auto Test User 1 - DATA: Auto Test User 1

22-05-2025T16:06:38 - [MESSAGE][PASSED] - Verify equals GUI: Auto Test User 1 - DATA: Auto Test User 1

22-05-2025T16:06:38 - [TEST_STEP][PASSED] - documentInformationScreen.checkCreateDate(): Verify equals GUI: 22/05/2025 - DATA: 22/05/2025

22-05-2025T16:06:38 - [MESSAGE][PASSED] - Verify equals GUI: 22/05/2025 - DATA: 22/05/2025

22-05-2025T16:06:38 - [TEST_STEP][PASSED] - documentInformationScreen.checkFinishDate(document): Verify equals GUI: 23/05/2025 - DATA: 23/05/2025

22-05-2025T16:06:38 - [MESSAGE][PASSED] - Verify equals GUI: 23/05/2025 - DATA: 23/05/2025

22-05-2025T16:06:38 - [TEST_STEP][PASSED] - documentInformationScreen.checkPriority(document): Verify equals GUI: Cao - DATA: Cao

22-05-2025T16:06:39 - [MESSAGE][PASSED] - Verify equals GUI: Cao - DATA: Cao

22-05-2025T16:06:39 - [TEST_STEP][PASSED] - documentInformationScreen.checkDescription(document): Verify equals GUI: 005 TAO YEU CAU LAY Y KIEN_NHIEU NGUOI - DATA: 005 TAO YEU CAU LAY Y KIEN_NHIEU NGUOI

22-05-2025T16:06:39 - [MESSAGE][PASSED] - Verify equals GUI: 005 TAO YEU CAU LAY Y KIEN_NHIEU NGUOI - DATA: 005 TAO YEU CAU LAY Y KIEN_NHIEU NGUOI

22-05-2025T16:06:39 - [TEST_STEP][PASSED] - documentInformationScreen.checkAssigner(document): Verify contains GUI: auto1@hdbank.com.vn - DATA: auto1@hdbank.com.vn

22-05-2025T16:06:40 - [MESSAGE][PASSED] - Verify contains GUI: auto1@hdbank.com.vn - DATA: auto1@hdbank.com.vn

22-05-2025T16:06:40 - [TEST_STEP][PASSED] - documentInformationScreen.checkPresentFileName(document): Verify contains GUI: dummy_20250522160537.ozd - DATA: dummy

22-05-2025T16:06:41 - [MESSAGE][PASSED] - Verify contains GUI: dummy_20250522160537.ozd - DATA: dummy

22-05-2025T16:06:41 - [TEST_STEP][PASSED] - documentInformationScreen.checkAttachFileName(document): Expected true condition

22-05-2025T16:06:43 - [MESSAGE][PASSED] - Expected true condition

22-05-2025T16:06:43 - [TEST_STEP][PASSED] - documentInformationScreen.performAction(document, COMMENT, AUTO6_COMMENT): null

22-05-2025T16:06:51 - [TEST_STEP][PASSED] - documentInformationScreen.backToHome(): null

22-05-2025T16:06:52 - [TEST_STEP][PASSED] - homeScreen.logout(): null

22-05-2025T16:07:00 - [TEST_STEP][PASSED] - loginScreen.login(auto7): null

22-05-2025T16:07:13 - [TEST_STEP][PASSED] - homeScreen.goToIncomingDocument(): null

22-05-2025T16:07:14 - [TEST_STEP][PASSED] - inComingDocument.viewInformationDocument(document): View document Trình ký 1747904665105

22-05-2025T16:07:14 - [MESSAGE][INFO] - View document Trình ký 1747904665105

22-05-2025T16:07:21 - [TEST_STEP][PASSED] - documentInformationScreen.isSendCommentDisplayed(): Expected true condition

22-05-2025T16:07:22 - [MESSAGE][PASSED] - Expected true condition

22-05-2025T16:07:23 - [TEST_STEP][PASSED] - documentInformationScreen.checkDocumentTitle(document): Verify equals GUI: Trình ký 1747904665105 - DATA: Trình ký 1747904665105

22-05-2025T16:07:23 - [MESSAGE][PASSED] - Verify equals GUI: Trình ký 1747904665105 - DATA: Trình ký 1747904665105

22-05-2025T16:07:23 - [TEST_STEP][PASSED] - documentInformationScreen.checkSender(document): Verify equals GUI: Auto Test User 1 - DATA: Auto Test User 1

22-05-2025T16:07:23 - [MESSAGE][PASSED] - Verify equals GUI: Auto Test User 1 - DATA: Auto Test User 1

22-05-2025T16:07:23 - [TEST_STEP][PASSED] - documentInformationScreen.checkCreateDate(): Verify equals GUI: 22/05/2025 - DATA: 22/05/2025

22-05-2025T16:07:23 - [MESSAGE][PASSED] - Verify equals GUI: 22/05/2025 - DATA: 22/05/2025

22-05-2025T16:07:23 - [TEST_STEP][PASSED] - documentInformationScreen.checkFinishDate(document): Verify equals GUI: 23/05/2025 - DATA: 23/05/2025

22-05-2025T16:07:23 - [MESSAGE][PASSED] - Verify equals GUI: 23/05/2025 - DATA: 23/05/2025

22-05-2025T16:07:23 - [TEST_STEP][PASSED] - documentInformationScreen.checkPriority(document): Verify equals GUI: Cao - DATA: Cao

22-05-2025T16:07:23 - [MESSAGE][PASSED] - Verify equals GUI: Cao - DATA: Cao

22-05-2025T16:07:23 - [TEST_STEP][PASSED] - documentInformationScreen.checkDescription(document): Verify equals GUI: 005 TAO YEU CAU LAY Y KIEN_NHIEU NGUOI - DATA: 005 TAO YEU CAU LAY Y KIEN_NHIEU NGUOI

22-05-2025T16:07:24 - [MESSAGE][PASSED] - Verify equals GUI: 005 TAO YEU CAU LAY Y KIEN_NHIEU NGUOI - DATA: 005 TAO YEU CAU LAY Y KIEN_NHIEU NGUOI

22-05-2025T16:07:24 - [TEST_STEP][PASSED] - documentInformationScreen.checkAssigner(document): Verify contains GUI: auto1@hdbank.com.vn - DATA: auto1@hdbank.com.vn

22-05-2025T16:07:25 - [MESSAGE][PASSED] - Verify contains GUI: auto1@hdbank.com.vn - DATA: auto1@hdbank.com.vn

22-05-2025T16:07:25 - [TEST_STEP][PASSED] - documentInformationScreen.checkPresentFileName(document): Verify contains GUI: dummy_20250522160537.ozd - DATA: dummy

22-05-2025T16:07:26 - [MESSAGE][PASSED] - Verify contains GUI: dummy_20250522160537.ozd - DATA: dummy

22-05-2025T16:07:26 - [TEST_STEP][PASSED] - documentInformationScreen.checkAttachFileName(document): Expected true condition

22-05-2025T16:07:28 - [MESSAGE][PASSED] - Expected true condition

22-05-2025T16:07:28 - [TEST_STEP][PASSED] - documentInformationScreen.performAction(document, COMMENT, AUTO7_COMMENT): null

22-05-2025T16:07:36 - [TEST_STEP][PASSED] - documentInformationScreen.backToHome(): null

22-05-2025T16:07:37 - [TEST_STEP][PASSED] - homeScreen.logout(): null

22-05-2025T16:07:45 - [TEST_STEP][PASSED] - loginScreen.login(auto8): null

22-05-2025T16:08:01 - [TEST_STEP][PASSED] - homeScreen.goToIncomingDocument(): null

22-05-2025T16:08:01 - [TEST_STEP][PASSED] - inComingDocument.viewInformationDocument(document): View document Trình ký 1747904665105

22-05-2025T16:08:01 - [MESSAGE][INFO] - View document Trình ký 1747904665105

22-05-2025T16:08:07 - [TEST_STEP][PASSED] - documentInformationScreen.isSendCommentDisplayed(): Expected true condition

22-05-2025T16:08:08 - [MESSAGE][PASSED] - Expected true condition

22-05-2025T16:08:09 - [TEST_STEP][PASSED] - documentInformationScreen.checkDocumentTitle(document): Verify equals GUI: Trình ký 1747904665105 - DATA: Trình ký 1747904665105

22-05-2025T16:08:09 - [MESSAGE][PASSED] - Verify equals GUI: Trình ký 1747904665105 - DATA: Trình ký 1747904665105

22-05-2025T16:08:09 - [TEST_STEP][FAILED] - documentInformationScreen.checkSender(document): Verify equals GUI: Auto Test User 3 - DATA: Auto Test User 1

22-05-2025T16:08:09 - [MESSAGE][FAILED] - Verify equals GUI: Auto Test User 3 - DATA: Auto Test User 1

22-05-2025T16:08:09 - [TEST_STEP][PASSED] - documentInformationScreen.checkCreateDate(): Verify equals GUI: 22/05/2025 - DATA: 22/05/2025

22-05-2025T16:08:10 - [MESSAGE][PASSED] - Verify equals GUI: 22/05/2025 - DATA: 22/05/2025

22-05-2025T16:08:10 - [TEST_STEP][PASSED] - documentInformationScreen.checkFinishDate(document): Verify equals GUI: 23/05/2025 - DATA: 23/05/2025

22-05-2025T16:08:10 - [MESSAGE][PASSED] - Verify equals GUI: 23/05/2025 - DATA: 23/05/2025

22-05-2025T16:08:10 - [TEST_STEP][PASSED] - documentInformationScreen.checkPriority(document): Verify equals GUI: Cao - DATA: Cao

22-05-2025T16:08:10 - [MESSAGE][PASSED] - Verify equals GUI: Cao - DATA: Cao

22-05-2025T16:08:10 - [TEST_STEP][PASSED] - documentInformationScreen.checkDescription(document): Verify equals GUI: 005 TAO YEU CAU LAY Y KIEN_NHIEU NGUOI - DATA: 005 TAO YEU CAU LAY Y KIEN_NHIEU NGUOI

22-05-2025T16:08:10 - [MESSAGE][PASSED] - Verify equals GUI: 005 TAO YEU CAU LAY Y KIEN_NHIEU NGUOI - DATA: 005 TAO YEU CAU LAY Y KIEN_NHIEU NGUOI

22-05-2025T16:08:10 - [TEST_STEP][PASSED] - documentInformationScreen.checkAssigner(document): Verify contains GUI: auto1@hdbank.com.vn - DATA: auto1@hdbank.com.vn

22-05-2025T16:08:11 - [MESSAGE][PASSED] - Verify contains GUI: auto1@hdbank.com.vn - DATA: auto1@hdbank.com.vn

22-05-2025T16:08:11 - [TEST_STEP][PASSED] - documentInformationScreen.checkPresentFileName(document): Verify contains GUI: dummy_20250522160537.ozd - DATA: dummy

22-05-2025T16:08:12 - [MESSAGE][PASSED] - Verify contains GUI: dummy_20250522160537.ozd - DATA: dummy

22-05-2025T16:08:12 - [TEST_STEP][PASSED] - documentInformationScreen.checkAttachFileName(document): Expected true condition

22-05-2025T16:08:14 - [MESSAGE][PASSED] - Expected true condition

22-05-2025T16:08:14 - [TEST_STEP][PASSED] - documentInformationScreen.performAction(document, COMMENT, AUTO8_COMMENT): null

22-05-2025T16:08:23 - [TEST_STEP][PASSED] - documentInformationScreen.backToHome(): null

22-05-2025T16:08:23 - [TEST_STEP][PASSED] - homeScreen.logout(): null

22-05-2025T16:08:31 - [TEST_STEP][PASSED] - loginScreen.login(auto5): null

22-05-2025T16:08:45 - [TEST_STEP][PASSED] - homeScreen.goToOutComingDocument(): null

22-05-2025T16:08:55 - [TEST_STEP][PASSED] - outComingDocument.viewInformationDocument(document): null

22-05-2025T16:08:56 - [TEST_STEP][PASSED] - documentInformationScreen.checkDocumentTitle(document): Verify equals GUI: Trình ký 1747904665105 - DATA: Trình ký 1747904665105

22-05-2025T16:09:01 - [MESSAGE][PASSED] - Verify equals GUI: Trình ký 1747904665105 - DATA: Trình ký 1747904665105

22-05-2025T16:09:01 - [TEST_STEP][PASSED] - documentInformationScreen.showMoreComment(): null

22-05-2025T16:09:03 - [TEST_STEP][PASSED] - documentInformationScreen.checkComment(auto6, AUTO6_COMMENT): Check comment of Auto Test User 2 is Commented by auto6

22-05-2025T16:09:05 - [MESSAGE][INFO] - GUI COMMENT: Commented by auto6 - DATA COMMENT: Commented by auto6

22-05-2025T16:09:05 - [MESSAGE][PASSED] - Check comment of Auto Test User 2 is Commented by auto6

22-05-2025T16:09:05 - [TEST_STEP][PASSED] - documentInformationScreen.checkComment(auto7, AUTO7_COMMENT): Check comment of Auto Test User 3 is Commented by auto7

22-05-2025T16:09:06 - [MESSAGE][INFO] - GUI COMMENT: Commented by auto7 - DATA COMMENT: Commented by auto7

22-05-2025T16:09:06 - [MESSAGE][PASSED] - Check comment of Auto Test User 3 is Commented by auto7

22-05-2025T16:09:06 - [TEST_STEP][PASSED] - documentInformationScreen.checkComment(auto8, AUTO8_COMMENT): Check comment of Auto Test User 4 is Commented by auto8

22-05-2025T16:09:07 - [MESSAGE][INFO] - GUI COMMENT: Commented by auto8 - DATA COMMENT: Commented by auto8

22-05-2025T16:09:07 - [MESSAGE][PASSED] - Check comment of Auto Test User 4 is Commented by auto8

22-05-2025T16:09:07 - [TEST_STEP][PASSED] - Start listener action : afterTest: null

22-05-2025T16:09:07 - [TEST_STEP][PASSED] - if (testCaseStatus != "PASSED"): Screenshot is taken

22-05-2025T16:09:07 - [TEST_STEP][PASSED] - takeScreenshot(ErrorScreen/$GlobalVariable.PLATFORM/$testCaseContext.getTestCaseId().png): Screenshot is taken

22-05-2025T16:09:10 - [MESSAGE][PASSED] - Screenshot is taken
[[ATTACHMENT|ErrorScreen/Android/Test Cases/IPAPER APP/005 TAO YEU CAU LAY Y KIEN_NHIEU NGUOI.png]]

22-05-2025T16:09:10 - [TEST_STEP][PASSED] - drivers.Driver.closeApp(): drivers.Driver.closeApp is PASSED

22-05-2025T16:09:10 - [MESSAGE][PASSED] - drivers.Driver.closeApp is PASSED

22-05-2025T16:09:10 - [TEST_STEP][PASSED] - if (tsContext == null): null]]></system-out>
         <system-err><![CDATA[22-05-2025T16:04:22 - [TEST_CASE][FAILED] - Test Cases/IPAPER APP/005 TAO YEU CAU LAY Y KIEN_NHIEU NGUOI: Test Cases/IPAPER APP/005 TAO YEU CAU LAY Y KIEN_NHIEU NGUOI FAILED.
Reason:
com.kms.katalon.core.exception.StepFailedException: Verify equals GUI: Auto Test User 3 - DATA: Auto Test User 1
	at com.kms.katalon.core.util.KeywordUtil.markFailed(KeywordUtil.java:19)
	at utilities.AssertUtilities.logResult(AssertUtilities.groovy:30)
	at utilities.AssertUtilities.checkEquals(AssertUtilities.groovy:11)
	at screens.DocumentInformationScreen.checkSender(DocumentInformationScreen.groovy:112)
	at 005 TAO YEU CAU LAY Y KIEN_NHIEU NGUOI.run(005 TAO YEU CAU LAY Y KIEN_NHIEU NGUOI:154)
	at com.kms.katalon.core.main.ScriptEngine.run(ScriptEngine.java:194)
	at com.kms.katalon.core.main.ScriptEngine.runScriptAsRawText(ScriptEngine.java:119)
	at com.kms.katalon.core.main.TestCaseExecutor.runScript(TestCaseExecutor.java:448)
	at com.kms.katalon.core.main.TestCaseExecutor.doExecute(TestCaseExecutor.java:439)
	at com.kms.katalon.core.main.TestCaseExecutor.processExecutionPhase(TestCaseExecutor.java:418)
	at com.kms.katalon.core.main.TestCaseExecutor.accessMainPhase(TestCaseExecutor.java:410)
	at com.kms.katalon.core.main.TestCaseExecutor.execute(TestCaseExecutor.java:285)
	at com.kms.katalon.core.common.CommonExecutor.accessTestCaseMainPhase(CommonExecutor.java:65)
	at com.kms.katalon.core.main.TestSuiteExecutor.accessTestSuiteMainPhase(TestSuiteExecutor.java:150)
	at com.kms.katalon.core.main.TestSuiteExecutor.execute(TestSuiteExecutor.java:106)
	at com.kms.katalon.core.main.TestCaseMain.startTestSuite(TestCaseMain.java:180)
	at TempTestSuite1747904187531.run(TempTestSuite1747904187531.groovy:35)
	at java.base/jdk.internal.reflect.NativeMethodAccessorImpl.invoke0(Native Method)
	at java.base/jdk.internal.reflect.NativeMethodAccessorImpl.invoke(NativeMethodAccessorImpl.java:77)
	at java.base/jdk.internal.reflect.DelegatingMethodAccessorImpl.invoke(DelegatingMethodAccessorImpl.java:43)]]></system-err>
      </testcase>
      <testcase name="Test Cases/IPAPER APP/006 TAO YEU CAU LAY Y KIEN_KHONG NHAP Y KIEN" time="150.004" classname="Test Cases/IPAPER APP/006 TAO YEU CAU LAY Y KIEN_KHONG NHAP Y KIEN" status="PASSED">
         <system-out><![CDATA[22-05-2025T16:09:10 - [TEST_CASE][PASSED] - Test Cases/IPAPER APP/006 TAO YEU CAU LAY Y KIEN_KHONG NHAP Y KIEN: Test Cases/IPAPER APP/006 TAO YEU CAU LAY Y KIEN_KHONG NHAP Y KIEN

22-05-2025T16:09:10 - [TEST_STEP][PASSED] - Start listener action : beforeTest: drivers.Driver.openApp is PASSED

22-05-2025T16:09:10 - [TEST_STEP][PASSED] - DataTest.init(): null

22-05-2025T16:09:10 - [TEST_STEP][PASSED] - testCaseId = split("/").last(): null

22-05-2025T16:09:10 - [TEST_STEP][PASSED] - if (!(drivers.Driver.isAppiumRunning())): drivers.Driver.isAppiumRunning is PASSED

22-05-2025T16:09:10 - [MESSAGE][INFO] - Appium running: true

22-05-2025T16:09:10 - [MESSAGE][PASSED] - drivers.Driver.isAppiumRunning is PASSED

22-05-2025T16:09:10 - [TEST_STEP][PASSED] - if (driver == null || driver.getSessionId() == null): null

22-05-2025T16:09:10 - [TEST_STEP][PASSED] - drivers.Driver.openApp(): drivers.Driver.openApp is PASSED

22-05-2025T16:09:13 - [MESSAGE][PASSED] - drivers.Driver.openApp is PASSED

22-05-2025T16:09:13 - [TEST_STEP][PASSED] - REQUEST_NAME = "Trình ký PDF có sẵn": null

22-05-2025T16:09:13 - [TEST_STEP][PASSED] - USER_CREATE_COMMENT = "Commented by user create document": null

22-05-2025T16:09:13 - [TEST_STEP][PASSED] - ASSIGNER_COMMENT = "Comment by assigner": null

22-05-2025T16:09:13 - [TEST_STEP][PASSED] - documentTitle = "Trình ký " + System.currentTimeMillis(): null

22-05-2025T16:09:13 - [TEST_STEP][PASSED] - auto5 = DataTest.getUserTest5(): null

22-05-2025T16:09:13 - [TEST_STEP][PASSED] - auto6 = DataTest.getUserTest6(): null

22-05-2025T16:09:13 - [TEST_STEP][PASSED] - document = DataTest.createDocumentTest(auto5, auto6, null, "dummy.pdf", "dummy.pdf"): null

22-05-2025T16:09:13 - [TEST_STEP][PASSED] - loginScreen.login(auto5): null

22-05-2025T16:09:26 - [TEST_STEP][PASSED] - homeScreen.openRequestList(): null

22-05-2025T16:09:31 - [TEST_STEP][PASSED] - homeScreen.createRequest(REQUEST_NAME): null

22-05-2025T16:09:35 - [TEST_STEP][PASSED] - pdfSignScreen.fillInTitle(document.getTitle()): null

22-05-2025T16:09:38 - [TEST_STEP][PASSED] - pdfSignScreen.selectPriority(document.getPriority()): null

22-05-2025T16:09:41 - [TEST_STEP][PASSED] - pdfSignScreen.selectTime(document.getTime()): null

22-05-2025T16:09:43 - [TEST_STEP][PASSED] - pdfSignScreen.fillInDescription(document.getDescription()): null

22-05-2025T16:09:45 - [TEST_STEP][PASSED] - pdfSignScreen.selectAssigner(getAssigner().getEmail()): null

22-05-2025T16:09:52 - [TEST_STEP][PASSED] - pdfSignScreen.openMainFileBrowser(): null

22-05-2025T16:09:57 - [TEST_STEP][PASSED] - fileBrowserScreen.attachFile(document.getMainFileName()): null

22-05-2025T16:10:06 - [TEST_STEP][PASSED] - pdfSignScreen.openSubFileBrowser(): null

22-05-2025T16:10:08 - [TEST_STEP][PASSED] - fileBrowserScreen.attachFile(document.getSubFileName()): null

22-05-2025T16:10:17 - [TEST_STEP][PASSED] - pdfSignScreen.performAction(SEND_WITH_COMENT): null

22-05-2025T16:10:20 - [TEST_STEP][PASSED] - pdfSignScreen.fillInOpinion(USER_CREATE_COMMENT): null

22-05-2025T16:10:21 - [TEST_STEP][PASSED] - pdfSignScreen.submitRequest(): null

22-05-2025T16:10:29 - [TEST_STEP][PASSED] - documentInformationScreen.backToHome(): null

22-05-2025T16:10:30 - [TEST_STEP][PASSED] - homeScreen.logout(): null

22-05-2025T16:10:38 - [TEST_STEP][PASSED] - document.setStatus(WAIT_GET_COMMENT): null

22-05-2025T16:10:38 - [TEST_STEP][PASSED] - document.setAssigner(auto5): null

22-05-2025T16:10:38 - [TEST_STEP][PASSED] - loginScreen.login(auto6): null

22-05-2025T16:10:52 - [TEST_STEP][PASSED] - homeScreen.goToIncomingDocument(): null

22-05-2025T16:10:52 - [TEST_STEP][PASSED] - inComingDocument.viewInformationDocument(document): View document Trình ký 1747904953699

22-05-2025T16:10:52 - [MESSAGE][INFO] - View document Trình ký 1747904953699

22-05-2025T16:10:58 - [TEST_STEP][PASSED] - documentInformationScreen.checkDocumentTitle(document): Verify equals GUI: Trình ký 1747904953699 - DATA: Trình ký 1747904953699

22-05-2025T16:10:58 - [MESSAGE][PASSED] - Verify equals GUI: Trình ký 1747904953699 - DATA: Trình ký 1747904953699

22-05-2025T16:10:58 - [TEST_STEP][PASSED] - documentInformationScreen.checkSender(document): Verify equals GUI: Auto Test User 1 - DATA: Auto Test User 1

22-05-2025T16:10:58 - [MESSAGE][PASSED] - Verify equals GUI: Auto Test User 1 - DATA: Auto Test User 1

22-05-2025T16:10:58 - [TEST_STEP][PASSED] - documentInformationScreen.checkStatus(document): Verify equals GUI: Chờ lấy ý kiến - DATA: Chờ lấy ý kiến

22-05-2025T16:10:59 - [MESSAGE][PASSED] - Verify equals GUI: Chờ lấy ý kiến - DATA: Chờ lấy ý kiến

22-05-2025T16:10:59 - [TEST_STEP][PASSED] - documentInformationScreen.checkCreateDate(): Verify equals GUI: 22/05/2025 - DATA: 22/05/2025

22-05-2025T16:10:59 - [MESSAGE][PASSED] - Verify equals GUI: 22/05/2025 - DATA: 22/05/2025

22-05-2025T16:10:59 - [TEST_STEP][PASSED] - documentInformationScreen.checkFinishDate(document): Verify equals GUI: 23/05/2025 - DATA: 23/05/2025

22-05-2025T16:10:59 - [MESSAGE][PASSED] - Verify equals GUI: 23/05/2025 - DATA: 23/05/2025

22-05-2025T16:10:59 - [TEST_STEP][PASSED] - documentInformationScreen.checkPriority(document): Verify equals GUI: Khẩn cấp - DATA: Khẩn cấp

22-05-2025T16:10:59 - [MESSAGE][PASSED] - Verify equals GUI: Khẩn cấp - DATA: Khẩn cấp

22-05-2025T16:10:59 - [TEST_STEP][PASSED] - documentInformationScreen.checkDescription(document): Verify equals GUI: 006 TAO YEU CAU LAY Y KIEN_KHONG NHAP Y KIEN - DATA: 006 TAO YEU CAU LAY Y KIEN_KHONG NHAP Y KIEN

22-05-2025T16:10:59 - [MESSAGE][PASSED] - Verify equals GUI: 006 TAO YEU CAU LAY Y KIEN_KHONG NHAP Y KIEN - DATA: 006 TAO YEU CAU LAY Y KIEN_KHONG NHAP Y KIEN

22-05-2025T16:10:59 - [TEST_STEP][PASSED] - documentInformationScreen.checkAssigner(document): Verify contains GUI: auto1@hdbank.com.vn - DATA: auto1@hdbank.com.vn

22-05-2025T16:11:01 - [MESSAGE][PASSED] - Verify contains GUI: auto1@hdbank.com.vn - DATA: auto1@hdbank.com.vn

22-05-2025T16:11:01 - [TEST_STEP][PASSED] - documentInformationScreen.checkPresentFileName(document): Verify contains GUI: dummy_20250522161007.ozd - DATA: dummy

22-05-2025T16:11:02 - [MESSAGE][PASSED] - Verify contains GUI: dummy_20250522161007.ozd - DATA: dummy

22-05-2025T16:11:02 - [TEST_STEP][PASSED] - documentInformationScreen.checkAttachFileName(document): Expected true condition

22-05-2025T16:11:04 - [MESSAGE][PASSED] - Expected true condition

22-05-2025T16:11:04 - [TEST_STEP][PASSED] - documentInformationScreen.getComment(): null

22-05-2025T16:11:06 - [TEST_STEP][PASSED] - documentInformationScreen.isPopupRequireCommentDisplayed(): Expected true condition

22-05-2025T16:11:07 - [MESSAGE][PASSED] - Expected true condition

22-05-2025T16:11:07 - [TEST_STEP][PASSED] - documentInformationScreen.ignoreWarningPopup(): null

22-05-2025T16:11:07 - [TEST_STEP][PASSED] - documentInformationScreen.fillInComment(ASSIGNER_COMMENT): null

22-05-2025T16:11:09 - [TEST_STEP][PASSED] - documentInformationScreen.submitAction(): null

22-05-2025T16:11:10 - [TEST_STEP][PASSED] - documentInformationScreen.backToHome(): null

22-05-2025T16:11:11 - [TEST_STEP][PASSED] - document.setStatus(COMMENTED): null

22-05-2025T16:11:11 - [TEST_STEP][PASSED] - document.setSender(auto6): null

22-05-2025T16:11:11 - [TEST_STEP][PASSED] - inComingDocument.checkItemInDocument(): null

22-05-2025T16:11:11 - [TEST_STEP][PASSED] - homeScreen.goToOutComingDocument(): null

22-05-2025T16:11:21 - [TEST_STEP][PASSED] - outComingDocument.viewInformationDocument(document): null

22-05-2025T16:11:22 - [TEST_STEP][PASSED] - documentInformationScreen.checkDocumentTitle(document): Verify equals GUI: Trình ký 1747904953699 - DATA: Trình ký 1747904953699

22-05-2025T16:11:27 - [MESSAGE][PASSED] - Verify equals GUI: Trình ký 1747904953699 - DATA: Trình ký 1747904953699

22-05-2025T16:11:27 - [TEST_STEP][PASSED] - documentInformationScreen.checkSender(document): Verify equals GUI: Auto Test User 2 - DATA: Auto Test User 2

22-05-2025T16:11:27 - [MESSAGE][PASSED] - Verify equals GUI: Auto Test User 2 - DATA: Auto Test User 2

22-05-2025T16:11:27 - [TEST_STEP][PASSED] - documentInformationScreen.checkStatus(document): Verify equals GUI: Đã lấy ý kiến - DATA: Đã lấy ý kiến

22-05-2025T16:11:27 - [MESSAGE][PASSED] - Verify equals GUI: Đã lấy ý kiến - DATA: Đã lấy ý kiến

22-05-2025T16:11:27 - [TEST_STEP][PASSED] - documentInformationScreen.checkCreateDate(): Verify equals GUI: 22/05/2025 - DATA: 22/05/2025

22-05-2025T16:11:27 - [MESSAGE][PASSED] - Verify equals GUI: 22/05/2025 - DATA: 22/05/2025

22-05-2025T16:11:27 - [TEST_STEP][PASSED] - documentInformationScreen.checkFinishDate(document): Verify equals GUI: 23/05/2025 - DATA: 23/05/2025

22-05-2025T16:11:28 - [MESSAGE][PASSED] - Verify equals GUI: 23/05/2025 - DATA: 23/05/2025

22-05-2025T16:11:28 - [TEST_STEP][PASSED] - documentInformationScreen.checkPriority(document): Verify equals GUI: Khẩn cấp - DATA: Khẩn cấp

22-05-2025T16:11:28 - [MESSAGE][PASSED] - Verify equals GUI: Khẩn cấp - DATA: Khẩn cấp

22-05-2025T16:11:28 - [TEST_STEP][PASSED] - documentInformationScreen.checkDescription(document): Verify equals GUI: 006 TAO YEU CAU LAY Y KIEN_KHONG NHAP Y KIEN - DATA: 006 TAO YEU CAU LAY Y KIEN_KHONG NHAP Y KIEN

22-05-2025T16:11:28 - [MESSAGE][PASSED] - Verify equals GUI: 006 TAO YEU CAU LAY Y KIEN_KHONG NHAP Y KIEN - DATA: 006 TAO YEU CAU LAY Y KIEN_KHONG NHAP Y KIEN

22-05-2025T16:11:28 - [TEST_STEP][PASSED] - documentInformationScreen.isAssignerDisplayed(): Check sender not displayed

22-05-2025T16:11:31 - [MESSAGE][PASSED] - Check sender not displayed

22-05-2025T16:11:31 - [TEST_STEP][PASSED] - documentInformationScreen.checkPresentFileName(document): Verify contains GUI: dummy_20250522161007.ozd - DATA: dummy

22-05-2025T16:11:32 - [MESSAGE][PASSED] - Verify contains GUI: dummy_20250522161007.ozd - DATA: dummy

22-05-2025T16:11:32 - [TEST_STEP][PASSED] - documentInformationScreen.checkAttachFileName(document): Expected true condition

22-05-2025T16:11:34 - [MESSAGE][PASSED] - Expected true condition

22-05-2025T16:11:34 - [TEST_STEP][PASSED] - documentInformationScreen.checkComment(auto6, ASSIGNER_COMMENT): Check comment of Auto Test User 2 is Comment by assigner

22-05-2025T16:11:35 - [MESSAGE][INFO] - GUI COMMENT: Comment by assigner - DATA COMMENT: Comment by assigner

22-05-2025T16:11:35 - [MESSAGE][PASSED] - Check comment of Auto Test User 2 is Comment by assigner

22-05-2025T16:11:35 - [TEST_STEP][PASSED] - documentInformationScreen.backToHome(): null

22-05-2025T16:11:40 - [TEST_STEP][PASSED] - inComingDocument.checkItemInDocument(): null

22-05-2025T16:11:40 - [TEST_STEP][PASSED] - Start listener action : afterTest: null

22-05-2025T16:11:40 - [TEST_STEP][PASSED] - if (testCaseStatus != "PASSED"): null

22-05-2025T16:11:40 - [TEST_STEP][PASSED] - drivers.Driver.closeApp(): drivers.Driver.closeApp is PASSED

22-05-2025T16:11:40 - [MESSAGE][PASSED] - drivers.Driver.closeApp is PASSED

22-05-2025T16:11:40 - [TEST_STEP][PASSED] - if (tsContext == null): null]]></system-out>
         <system-err><![CDATA[]]></system-err>
      </testcase>
      <testcase name="Test Cases/IPAPER APP/010 DUYET CO DIEU KIEN_NHAP Y KIEN" time="154.783" classname="Test Cases/IPAPER APP/010 DUYET CO DIEU KIEN_NHAP Y KIEN" status="PASSED">
         <system-out><![CDATA[22-05-2025T16:11:40 - [TEST_CASE][PASSED] - Test Cases/IPAPER APP/010 DUYET CO DIEU KIEN_NHAP Y KIEN: Test Cases/IPAPER APP/010 DUYET CO DIEU KIEN_NHAP Y KIEN

22-05-2025T16:11:40 - [TEST_STEP][PASSED] - Start listener action : beforeTest: drivers.Driver.openApp is PASSED

22-05-2025T16:11:40 - [TEST_STEP][PASSED] - DataTest.init(): null

22-05-2025T16:11:40 - [TEST_STEP][PASSED] - testCaseId = split("/").last(): null

22-05-2025T16:11:40 - [TEST_STEP][PASSED] - if (!(drivers.Driver.isAppiumRunning())): drivers.Driver.isAppiumRunning is PASSED

22-05-2025T16:11:40 - [MESSAGE][INFO] - Appium running: true

22-05-2025T16:11:40 - [MESSAGE][PASSED] - drivers.Driver.isAppiumRunning is PASSED

22-05-2025T16:11:40 - [TEST_STEP][PASSED] - if (driver == null || driver.getSessionId() == null): null

22-05-2025T16:11:40 - [TEST_STEP][PASSED] - drivers.Driver.openApp(): drivers.Driver.openApp is PASSED

22-05-2025T16:11:43 - [MESSAGE][PASSED] - drivers.Driver.openApp is PASSED

22-05-2025T16:11:43 - [TEST_STEP][PASSED] - REQUEST_NAME = "Trình ký PDF có sẵn": null

22-05-2025T16:11:43 - [TEST_STEP][PASSED] - QUICK_APPROVE_OPINION = "Duyệt nhanh có điều kiện": null

22-05-2025T16:11:43 - [TEST_STEP][PASSED] - auto5 = DataTest.getUserTest5(): null

22-05-2025T16:11:43 - [TEST_STEP][PASSED] - auto6 = DataTest.getUserTest6(): null

22-05-2025T16:11:43 - [TEST_STEP][PASSED] - document = DataTest.createDocumentTest(auto5, auto6, null, "dummy.pdf", "dummy.pdf"): null

22-05-2025T16:11:43 - [TEST_STEP][PASSED] - loginScreen.login(auto5): null

22-05-2025T16:11:56 - [TEST_STEP][PASSED] - homeScreen.openRequestList(): null

22-05-2025T16:12:02 - [TEST_STEP][PASSED] - homeScreen.createRequest(REQUEST_NAME): null

22-05-2025T16:12:06 - [TEST_STEP][PASSED] - pdfSignScreen.fillInTitle(document.getTitle()): null

22-05-2025T16:12:09 - [TEST_STEP][PASSED] - pdfSignScreen.selectPriority(document.getPriority()): null

22-05-2025T16:12:11 - [TEST_STEP][PASSED] - pdfSignScreen.selectTime(document.getTime()): null

22-05-2025T16:12:15 - [TEST_STEP][PASSED] - pdfSignScreen.fillInDescription(document.getDescription()): null

22-05-2025T16:12:16 - [TEST_STEP][PASSED] - pdfSignScreen.selectAssigner(getAssigner().getEmail()): null

22-05-2025T16:12:22 - [TEST_STEP][PASSED] - pdfSignScreen.openMainFileBrowser(): null

22-05-2025T16:12:27 - [TEST_STEP][PASSED] - fileBrowserScreen.attachFile(document.getMainFileName()): null

22-05-2025T16:12:36 - [TEST_STEP][PASSED] - pdfSignScreen.openSubFileBrowser(): null

22-05-2025T16:12:38 - [TEST_STEP][PASSED] - fileBrowserScreen.attachFile(document.getSubFileName()): null

22-05-2025T16:12:47 - [TEST_STEP][PASSED] - pdfSignScreen.performAction(SEND_APPROVE): null

22-05-2025T16:12:50 - [TEST_STEP][PASSED] - pdfSignScreen.fillInOpinion(document.getComment()): null

22-05-2025T16:12:51 - [TEST_STEP][PASSED] - pdfSignScreen.submitRequest(): null

22-05-2025T16:12:59 - [TEST_STEP][PASSED] - documentInformationScreen.backToHome(): null

22-05-2025T16:13:00 - [TEST_STEP][PASSED] - homeScreen.logout(): null

22-05-2025T16:13:08 - [TEST_STEP][PASSED] - document.setStatus(WAIT_APPROVE): null

22-05-2025T16:13:08 - [TEST_STEP][PASSED] - document.setAssigner(auto5): null

22-05-2025T16:13:08 - [TEST_STEP][PASSED] - loginScreen.login(auto6): null

22-05-2025T16:13:22 - [TEST_STEP][PASSED] - homeScreen.goToIncomingDocument(): null

22-05-2025T16:13:22 - [TEST_STEP][PASSED] - inComingDocument.viewInformationDocument(document): View document Trình ký 1747905103676

22-05-2025T16:13:22 - [MESSAGE][INFO] - View document Trình ký 1747905103676

22-05-2025T16:13:29 - [TEST_STEP][PASSED] - documentInformationScreen.checkDocumentTitle(document): Verify equals GUI: Trình ký 1747905103676 - DATA: Trình ký 1747905103676

22-05-2025T16:13:29 - [MESSAGE][PASSED] - Verify equals GUI: Trình ký 1747905103676 - DATA: Trình ký 1747905103676

22-05-2025T16:13:29 - [TEST_STEP][PASSED] - documentInformationScreen.checkSender(document): Verify equals GUI: Auto Test User 1 - DATA: Auto Test User 1

22-05-2025T16:13:29 - [MESSAGE][PASSED] - Verify equals GUI: Auto Test User 1 - DATA: Auto Test User 1

22-05-2025T16:13:29 - [TEST_STEP][PASSED] - documentInformationScreen.checkStatus(document): Verify equals GUI: Chờ giám sát phê duyệt - DATA: Chờ giám sát phê duyệt

22-05-2025T16:13:29 - [MESSAGE][PASSED] - Verify equals GUI: Chờ giám sát phê duyệt - DATA: Chờ giám sát phê duyệt

22-05-2025T16:13:29 - [TEST_STEP][PASSED] - documentInformationScreen.checkCreateDate(): Verify equals GUI: 22/05/2025 - DATA: 22/05/2025

22-05-2025T16:13:30 - [MESSAGE][PASSED] - Verify equals GUI: 22/05/2025 - DATA: 22/05/2025

22-05-2025T16:13:30 - [TEST_STEP][PASSED] - documentInformationScreen.checkFinishDate(document): Verify equals GUI: 23/05/2025 - DATA: 23/05/2025

22-05-2025T16:13:30 - [MESSAGE][PASSED] - Verify equals GUI: 23/05/2025 - DATA: 23/05/2025

22-05-2025T16:13:30 - [TEST_STEP][PASSED] - documentInformationScreen.checkPriority(document): Verify equals GUI: Cao - DATA: Cao

22-05-2025T16:13:30 - [MESSAGE][PASSED] - Verify equals GUI: Cao - DATA: Cao

22-05-2025T16:13:30 - [TEST_STEP][PASSED] - documentInformationScreen.checkDescription(document): Verify equals GUI: 010 DUYET CO DIEU KIEN_NHAP Y KIEN - DATA: 010 DUYET CO DIEU KIEN_NHAP Y KIEN

22-05-2025T16:13:30 - [MESSAGE][PASSED] - Verify equals GUI: 010 DUYET CO DIEU KIEN_NHAP Y KIEN - DATA: 010 DUYET CO DIEU KIEN_NHAP Y KIEN

22-05-2025T16:13:30 - [TEST_STEP][PASSED] - documentInformationScreen.checkAssigner(document): Verify contains GUI: auto1@hdbank.com.vn - DATA: auto1@hdbank.com.vn

22-05-2025T16:13:31 - [MESSAGE][PASSED] - Verify contains GUI: auto1@hdbank.com.vn - DATA: auto1@hdbank.com.vn

22-05-2025T16:13:31 - [TEST_STEP][PASSED] - documentInformationScreen.checkPresentFileName(document): Verify contains GUI: dummy_20250522161237.ozd - DATA: dummy

22-05-2025T16:13:33 - [MESSAGE][PASSED] - Verify contains GUI: dummy_20250522161237.ozd - DATA: dummy

22-05-2025T16:13:33 - [TEST_STEP][PASSED] - documentInformationScreen.checkAttachFileName(document): Expected true condition

22-05-2025T16:13:35 - [MESSAGE][PASSED] - Expected true condition

22-05-2025T16:13:35 - [TEST_STEP][PASSED] - document.setSender(auto6): null

22-05-2025T16:13:35 - [TEST_STEP][PASSED] - documentInformationScreen.backToHome(): null

22-05-2025T16:13:39 - [TEST_STEP][PASSED] - inComingDocument.performAction(document, APPROVE_WITH_CONDITION, QUICK_APPROVE_OPINION): null

22-05-2025T16:13:48 - [TEST_STEP][PASSED] - inComingDocument.checkItemInDocument(): null

22-05-2025T16:13:48 - [TEST_STEP][PASSED] - homeScreen.goToOutComingDocument(): null

22-05-2025T16:13:58 - [TEST_STEP][PASSED] - outComingDocument.viewInformationDocument(document): null

22-05-2025T16:13:59 - [TEST_STEP][PASSED] - documentInformationScreen.checkDocumentTitle(document): Verify equals GUI: Trình ký 1747905103676 - DATA: Trình ký 1747905103676

22-05-2025T16:14:04 - [MESSAGE][PASSED] - Verify equals GUI: Trình ký 1747905103676 - DATA: Trình ký 1747905103676

22-05-2025T16:14:04 - [TEST_STEP][PASSED] - documentInformationScreen.checkSender(document): Verify equals GUI: Auto Test User 2 - DATA: Auto Test User 2

22-05-2025T16:14:04 - [MESSAGE][PASSED] - Verify equals GUI: Auto Test User 2 - DATA: Auto Test User 2

22-05-2025T16:14:04 - [TEST_STEP][PASSED] - documentInformationScreen.checkStatus(document): Verify equals GUI: Đã duyệt - DATA: Đã duyệt

22-05-2025T16:14:04 - [MESSAGE][PASSED] - Verify equals GUI: Đã duyệt - DATA: Đã duyệt

22-05-2025T16:14:04 - [TEST_STEP][PASSED] - documentInformationScreen.checkCreateDate(): Verify equals GUI: 22/05/2025 - DATA: 22/05/2025

22-05-2025T16:14:04 - [MESSAGE][PASSED] - Verify equals GUI: 22/05/2025 - DATA: 22/05/2025

22-05-2025T16:14:04 - [TEST_STEP][PASSED] - documentInformationScreen.checkFinishDate(document): Verify equals GUI: 23/05/2025 - DATA: 23/05/2025

22-05-2025T16:14:04 - [MESSAGE][PASSED] - Verify equals GUI: 23/05/2025 - DATA: 23/05/2025

22-05-2025T16:14:04 - [TEST_STEP][PASSED] - documentInformationScreen.checkPriority(document): Verify equals GUI: Cao - DATA: Cao

22-05-2025T16:14:04 - [MESSAGE][PASSED] - Verify equals GUI: Cao - DATA: Cao

22-05-2025T16:14:04 - [TEST_STEP][PASSED] - documentInformationScreen.checkDescription(document): Verify equals GUI: 010 DUYET CO DIEU KIEN_NHAP Y KIEN - DATA: 010 DUYET CO DIEU KIEN_NHAP Y KIEN

22-05-2025T16:14:05 - [MESSAGE][PASSED] - Verify equals GUI: 010 DUYET CO DIEU KIEN_NHAP Y KIEN - DATA: 010 DUYET CO DIEU KIEN_NHAP Y KIEN

22-05-2025T16:14:05 - [TEST_STEP][PASSED] - documentInformationScreen.checkAssigner(document): Verify contains GUI: auto1@hdbank.com.vn - DATA: auto1@hdbank.com.vn

22-05-2025T16:14:06 - [MESSAGE][PASSED] - Verify contains GUI: auto1@hdbank.com.vn - DATA: auto1@hdbank.com.vn

22-05-2025T16:14:06 - [TEST_STEP][PASSED] - documentInformationScreen.checkPresentFileName(document): Verify contains GUI: dummy_20250522161237.ozd - DATA: dummy

22-05-2025T16:14:07 - [MESSAGE][PASSED] - Verify contains GUI: dummy_20250522161237.ozd - DATA: dummy

22-05-2025T16:14:07 - [TEST_STEP][PASSED] - documentInformationScreen.checkAttachFileName(document): Expected true condition

22-05-2025T16:14:09 - [MESSAGE][PASSED] - Expected true condition

22-05-2025T16:14:09 - [TEST_STEP][PASSED] - documentInformationScreen.checkComment(auto6, QUICK_APPROVE_OPINION): Check comment of Auto Test User 2 is Duyệt nhanh có điều kiện

22-05-2025T16:14:10 - [MESSAGE][INFO] - GUI COMMENT: Duyệt nhanh có điều kiện - DATA COMMENT: Duyệt nhanh có điều kiện

22-05-2025T16:14:10 - [MESSAGE][PASSED] - Check comment of Auto Test User 2 is Duyệt nhanh có điều kiện

22-05-2025T16:14:10 - [TEST_STEP][PASSED] - documentInformationScreen.backToHome(): null

22-05-2025T16:14:15 - [TEST_STEP][PASSED] - inComingDocument.checkItemInDocument(): null

22-05-2025T16:14:15 - [TEST_STEP][PASSED] - Start listener action : afterTest: null

22-05-2025T16:14:15 - [TEST_STEP][PASSED] - if (testCaseStatus != "PASSED"): null

22-05-2025T16:14:15 - [TEST_STEP][PASSED] - drivers.Driver.closeApp(): drivers.Driver.closeApp is PASSED

22-05-2025T16:14:15 - [MESSAGE][PASSED] - drivers.Driver.closeApp is PASSED

22-05-2025T16:14:15 - [TEST_STEP][PASSED] - if (tsContext == null): null]]></system-out>
         <system-err><![CDATA[]]></system-err>
      </testcase>
      <testcase name="Test Cases/IPAPER APP/012 DUYET CHI TIET_NHAP Y KIEN" time="151.097" classname="Test Cases/IPAPER APP/012 DUYET CHI TIET_NHAP Y KIEN" status="PASSED">
         <system-out><![CDATA[22-05-2025T16:14:15 - [TEST_CASE][PASSED] - Test Cases/IPAPER APP/012 DUYET CHI TIET_NHAP Y KIEN: Test Cases/IPAPER APP/012 DUYET CHI TIET_NHAP Y KIEN

22-05-2025T16:14:15 - [TEST_STEP][PASSED] - Start listener action : beforeTest: drivers.Driver.openApp is PASSED

22-05-2025T16:14:15 - [TEST_STEP][PASSED] - DataTest.init(): null

22-05-2025T16:14:15 - [TEST_STEP][PASSED] - testCaseId = split("/").last(): null

22-05-2025T16:14:15 - [TEST_STEP][PASSED] - if (!(drivers.Driver.isAppiumRunning())): drivers.Driver.isAppiumRunning is PASSED

22-05-2025T16:14:15 - [MESSAGE][INFO] - Appium running: true

22-05-2025T16:14:15 - [MESSAGE][PASSED] - drivers.Driver.isAppiumRunning is PASSED

22-05-2025T16:14:15 - [TEST_STEP][PASSED] - if (driver == null || driver.getSessionId() == null): null

22-05-2025T16:14:15 - [TEST_STEP][PASSED] - drivers.Driver.openApp(): drivers.Driver.openApp is PASSED

22-05-2025T16:14:17 - [MESSAGE][PASSED] - drivers.Driver.openApp is PASSED

22-05-2025T16:14:17 - [TEST_STEP][PASSED] - REQUEST_NAME = "Trình ký PDF có sẵn": null

22-05-2025T16:14:17 - [TEST_STEP][PASSED] - COMMENT = "Automation approve": null

22-05-2025T16:14:17 - [TEST_STEP][PASSED] - auto5 = DataTest.getUserTest5(): null

22-05-2025T16:14:17 - [TEST_STEP][PASSED] - auto6 = DataTest.getUserTest6(): null

22-05-2025T16:14:17 - [TEST_STEP][PASSED] - document = DataTest.createDocumentTest(auto5, auto6, null, "dummy.pdf", "dummy.pdf"): null

22-05-2025T16:14:17 - [TEST_STEP][PASSED] - loginScreen.login(auto5): null

22-05-2025T16:14:30 - [TEST_STEP][PASSED] - homeScreen.openRequestList(): null

22-05-2025T16:14:35 - [TEST_STEP][PASSED] - homeScreen.createRequest(REQUEST_NAME): null

22-05-2025T16:14:39 - [TEST_STEP][PASSED] - pdfSignScreen.fillInTitle(document.getTitle()): null

22-05-2025T16:14:41 - [TEST_STEP][PASSED] - pdfSignScreen.selectPriority(document.getPriority()): null

22-05-2025T16:14:43 - [TEST_STEP][PASSED] - pdfSignScreen.selectTime(document.getTime()): null

22-05-2025T16:14:46 - [TEST_STEP][PASSED] - pdfSignScreen.fillInDescription(document.getDescription()): null

22-05-2025T16:14:48 - [TEST_STEP][PASSED] - pdfSignScreen.selectAssigner(getAssigner().getEmail()): null

22-05-2025T16:14:55 - [TEST_STEP][PASSED] - pdfSignScreen.openMainFileBrowser(): null

22-05-2025T16:15:00 - [TEST_STEP][PASSED] - fileBrowserScreen.attachFile(document.getMainFileName()): null

22-05-2025T16:15:10 - [TEST_STEP][PASSED] - pdfSignScreen.openSubFileBrowser(): null

22-05-2025T16:15:11 - [TEST_STEP][PASSED] - fileBrowserScreen.attachFile(document.getSubFileName()): null

22-05-2025T16:15:21 - [TEST_STEP][PASSED] - pdfSignScreen.performAction(SEND_APPROVE): null

22-05-2025T16:15:24 - [TEST_STEP][PASSED] - pdfSignScreen.fillInOpinion(document.getComment()): null

22-05-2025T16:15:25 - [TEST_STEP][PASSED] - pdfSignScreen.submitRequest(): null

22-05-2025T16:15:32 - [TEST_STEP][PASSED] - documentInformationScreen.backToHome(): null

22-05-2025T16:15:33 - [TEST_STEP][PASSED] - homeScreen.logout(): null

22-05-2025T16:15:41 - [TEST_STEP][PASSED] - document.setStatus(WAIT_APPROVE): null

22-05-2025T16:15:41 - [TEST_STEP][PASSED] - document.setAssigner(auto5): null

22-05-2025T16:15:41 - [TEST_STEP][PASSED] - loginScreen.login(auto6): null

22-05-2025T16:15:55 - [TEST_STEP][PASSED] - homeScreen.goToIncomingDocument(): null

22-05-2025T16:15:55 - [TEST_STEP][PASSED] - inComingDocument.viewInformationDocument(document): View document Trình ký 1747905257697

22-05-2025T16:15:55 - [MESSAGE][INFO] - View document Trình ký 1747905257697

22-05-2025T16:16:01 - [TEST_STEP][PASSED] - documentInformationScreen.checkDocumentTitle(document): Verify equals GUI: Trình ký 1747905257697 - DATA: Trình ký 1747905257697

22-05-2025T16:16:02 - [MESSAGE][PASSED] - Verify equals GUI: Trình ký 1747905257697 - DATA: Trình ký 1747905257697

22-05-2025T16:16:02 - [TEST_STEP][PASSED] - documentInformationScreen.checkSender(document): Verify equals GUI: Auto Test User 1 - DATA: Auto Test User 1

22-05-2025T16:16:02 - [MESSAGE][PASSED] - Verify equals GUI: Auto Test User 1 - DATA: Auto Test User 1

22-05-2025T16:16:02 - [TEST_STEP][PASSED] - documentInformationScreen.checkStatus(document): Verify equals GUI: Chờ giám sát phê duyệt - DATA: Chờ giám sát phê duyệt

22-05-2025T16:16:02 - [MESSAGE][PASSED] - Verify equals GUI: Chờ giám sát phê duyệt - DATA: Chờ giám sát phê duyệt

22-05-2025T16:16:02 - [TEST_STEP][PASSED] - documentInformationScreen.checkCreateDate(): Verify equals GUI: 22/05/2025 - DATA: 22/05/2025

22-05-2025T16:16:02 - [MESSAGE][PASSED] - Verify equals GUI: 22/05/2025 - DATA: 22/05/2025

22-05-2025T16:16:02 - [TEST_STEP][PASSED] - documentInformationScreen.checkFinishDate(document): Verify equals GUI: 23/05/2025 - DATA: 23/05/2025

22-05-2025T16:16:02 - [MESSAGE][PASSED] - Verify equals GUI: 23/05/2025 - DATA: 23/05/2025

22-05-2025T16:16:02 - [TEST_STEP][PASSED] - documentInformationScreen.checkPriority(document): Verify equals GUI: Khẩn cấp - DATA: Khẩn cấp

22-05-2025T16:16:02 - [MESSAGE][PASSED] - Verify equals GUI: Khẩn cấp - DATA: Khẩn cấp

22-05-2025T16:16:02 - [TEST_STEP][PASSED] - documentInformationScreen.checkDescription(document): Verify equals GUI: 012 DUYET CHI TIET_NHAP Y KIEN - DATA: 012 DUYET CHI TIET_NHAP Y KIEN

22-05-2025T16:16:02 - [MESSAGE][PASSED] - Verify equals GUI: 012 DUYET CHI TIET_NHAP Y KIEN - DATA: 012 DUYET CHI TIET_NHAP Y KIEN

22-05-2025T16:16:02 - [TEST_STEP][PASSED] - documentInformationScreen.checkAssigner(document): Verify contains GUI: auto1@hdbank.com.vn - DATA: auto1@hdbank.com.vn

22-05-2025T16:16:04 - [MESSAGE][PASSED] - Verify contains GUI: auto1@hdbank.com.vn - DATA: auto1@hdbank.com.vn

22-05-2025T16:16:04 - [TEST_STEP][PASSED] - documentInformationScreen.checkPresentFileName(document): Verify contains GUI: dummy_20250522161510.ozd - DATA: dummy

22-05-2025T16:16:05 - [MESSAGE][PASSED] - Verify contains GUI: dummy_20250522161510.ozd - DATA: dummy

22-05-2025T16:16:05 - [TEST_STEP][PASSED] - documentInformationScreen.checkAttachFileName(document): Expected true condition

22-05-2025T16:16:07 - [MESSAGE][PASSED] - Expected true condition

22-05-2025T16:16:07 - [TEST_STEP][PASSED] - documentInformationScreen.performAction(document, APPROVE, COMMENT): null

22-05-2025T16:16:17 - [TEST_STEP][PASSED] - documentInformationScreen.backToHome(): null

22-05-2025T16:16:17 - [TEST_STEP][PASSED] - document.setSender(auto6): null

22-05-2025T16:16:17 - [TEST_STEP][PASSED] - inComingDocument.checkItemInDocument(): null

22-05-2025T16:16:17 - [TEST_STEP][PASSED] - homeScreen.goToOutComingDocument(): null

22-05-2025T16:16:28 - [TEST_STEP][PASSED] - outComingDocument.viewInformationDocument(document): null

22-05-2025T16:16:29 - [TEST_STEP][PASSED] - documentInformationScreen.checkDocumentTitle(document): Verify equals GUI: Trình ký 1747905257697 - DATA: Trình ký 1747905257697

22-05-2025T16:16:34 - [MESSAGE][PASSED] - Verify equals GUI: Trình ký 1747905257697 - DATA: Trình ký 1747905257697

22-05-2025T16:16:34 - [TEST_STEP][PASSED] - documentInformationScreen.checkSender(document): Verify equals GUI: Auto Test User 2 - DATA: Auto Test User 2

22-05-2025T16:16:34 - [MESSAGE][PASSED] - Verify equals GUI: Auto Test User 2 - DATA: Auto Test User 2

22-05-2025T16:16:34 - [TEST_STEP][PASSED] - documentInformationScreen.checkStatus(document): Verify equals GUI: Đã duyệt - DATA: Đã duyệt

22-05-2025T16:16:34 - [MESSAGE][PASSED] - Verify equals GUI: Đã duyệt - DATA: Đã duyệt

22-05-2025T16:16:34 - [TEST_STEP][PASSED] - documentInformationScreen.checkCreateDate(): Verify equals GUI: 22/05/2025 - DATA: 22/05/2025

22-05-2025T16:16:34 - [MESSAGE][PASSED] - Verify equals GUI: 22/05/2025 - DATA: 22/05/2025

22-05-2025T16:16:34 - [TEST_STEP][PASSED] - documentInformationScreen.checkFinishDate(document): Verify equals GUI: 23/05/2025 - DATA: 23/05/2025

22-05-2025T16:16:35 - [MESSAGE][PASSED] - Verify equals GUI: 23/05/2025 - DATA: 23/05/2025

22-05-2025T16:16:35 - [TEST_STEP][PASSED] - documentInformationScreen.checkPriority(document): Verify equals GUI: Khẩn cấp - DATA: Khẩn cấp

22-05-2025T16:16:35 - [MESSAGE][PASSED] - Verify equals GUI: Khẩn cấp - DATA: Khẩn cấp

22-05-2025T16:16:35 - [TEST_STEP][PASSED] - documentInformationScreen.checkDescription(document): Verify equals GUI: 012 DUYET CHI TIET_NHAP Y KIEN - DATA: 012 DUYET CHI TIET_NHAP Y KIEN

22-05-2025T16:16:35 - [MESSAGE][PASSED] - Verify equals GUI: 012 DUYET CHI TIET_NHAP Y KIEN - DATA: 012 DUYET CHI TIET_NHAP Y KIEN

22-05-2025T16:16:35 - [TEST_STEP][PASSED] - documentInformationScreen.checkAssigner(document): Verify contains GUI: auto1@hdbank.com.vn - DATA: auto1@hdbank.com.vn

22-05-2025T16:16:37 - [MESSAGE][PASSED] - Verify contains GUI: auto1@hdbank.com.vn - DATA: auto1@hdbank.com.vn

22-05-2025T16:16:37 - [TEST_STEP][PASSED] - documentInformationScreen.checkPresentFileName(document): Verify contains GUI: dummy_20250522161510.ozd - DATA: dummy

22-05-2025T16:16:38 - [MESSAGE][PASSED] - Verify contains GUI: dummy_20250522161510.ozd - DATA: dummy

22-05-2025T16:16:38 - [TEST_STEP][PASSED] - documentInformationScreen.checkAttachFileName(document): Expected true condition

22-05-2025T16:16:40 - [MESSAGE][PASSED] - Expected true condition

22-05-2025T16:16:40 - [TEST_STEP][PASSED] - documentInformationScreen.checkComment(auto6, COMMENT): Check comment of Auto Test User 2 is Automation approve

22-05-2025T16:16:41 - [MESSAGE][INFO] - GUI COMMENT: Automation approve - DATA COMMENT: Automation approve

22-05-2025T16:16:41 - [MESSAGE][PASSED] - Check comment of Auto Test User 2 is Automation approve

22-05-2025T16:16:41 - [TEST_STEP][PASSED] - documentInformationScreen.backToHome(): null

22-05-2025T16:16:46 - [TEST_STEP][PASSED] - inComingDocument.checkItemInDocument(): null

22-05-2025T16:16:46 - [TEST_STEP][PASSED] - Start listener action : afterTest: null

22-05-2025T16:16:46 - [TEST_STEP][PASSED] - if (testCaseStatus != "PASSED"): null

22-05-2025T16:16:46 - [TEST_STEP][PASSED] - drivers.Driver.closeApp(): drivers.Driver.closeApp is PASSED

22-05-2025T16:16:46 - [MESSAGE][PASSED] - drivers.Driver.closeApp is PASSED

22-05-2025T16:16:46 - [TEST_STEP][PASSED] - if (tsContext == null): null]]></system-out>
         <system-err><![CDATA[]]></system-err>
      </testcase>
      <testcase name="Test Cases/IPAPER APP/014 DUYET TAI MAIN FILE_KHÔNG NHAP Y KIEN" time="136.294" classname="Test Cases/IPAPER APP/014 DUYET TAI MAIN FILE_KHÔNG NHAP Y KIEN" status="PASSED">
         <system-out><![CDATA[22-05-2025T16:16:46 - [TEST_CASE][PASSED] - Test Cases/IPAPER APP/014 DUYET TAI MAIN FILE_KHÔNG NHAP Y KIEN: Test Cases/IPAPER APP/014 DUYET TAI MAIN FILE_KHÔNG NHAP Y KIEN

22-05-2025T16:16:46 - [TEST_STEP][PASSED] - Start listener action : beforeTest: drivers.Driver.openApp is PASSED

22-05-2025T16:16:46 - [TEST_STEP][PASSED] - DataTest.init(): null

22-05-2025T16:16:46 - [TEST_STEP][PASSED] - testCaseId = split("/").last(): null

22-05-2025T16:16:46 - [TEST_STEP][PASSED] - if (!(drivers.Driver.isAppiumRunning())): drivers.Driver.isAppiumRunning is PASSED

22-05-2025T16:16:46 - [MESSAGE][INFO] - Appium running: true

22-05-2025T16:16:46 - [MESSAGE][PASSED] - drivers.Driver.isAppiumRunning is PASSED

22-05-2025T16:16:46 - [TEST_STEP][PASSED] - if (driver == null || driver.getSessionId() == null): null

22-05-2025T16:16:46 - [TEST_STEP][PASSED] - drivers.Driver.openApp(): drivers.Driver.openApp is PASSED

22-05-2025T16:16:48 - [MESSAGE][PASSED] - drivers.Driver.openApp is PASSED

22-05-2025T16:16:48 - [TEST_STEP][PASSED] - REQUEST_NAME = "Trình ký PDF có sẵn": null

22-05-2025T16:16:48 - [TEST_STEP][PASSED] - COMMENT = "Không có bình luận": null

22-05-2025T16:16:48 - [TEST_STEP][PASSED] - auto5 = DataTest.getUserTest5(): null

22-05-2025T16:16:48 - [TEST_STEP][PASSED] - auto6 = DataTest.getUserTest6(): null

22-05-2025T16:16:48 - [TEST_STEP][PASSED] - document = DataTest.createDocumentTest(auto5, auto6, null, "dummy.pdf", "dummy.pdf"): null

22-05-2025T16:16:48 - [TEST_STEP][PASSED] - loginScreen.login(auto5): null

22-05-2025T16:17:00 - [TEST_STEP][PASSED] - homeScreen.openRequestList(): null

22-05-2025T16:17:06 - [TEST_STEP][PASSED] - homeScreen.createRequest(REQUEST_NAME): null

22-05-2025T16:17:10 - [TEST_STEP][PASSED] - pdfSignScreen.fillInTitle(document.getTitle()): null

22-05-2025T16:17:13 - [TEST_STEP][PASSED] - pdfSignScreen.selectPriority(document.getPriority()): null

22-05-2025T16:17:15 - [TEST_STEP][PASSED] - pdfSignScreen.selectTime(document.getTime()): null

22-05-2025T16:17:18 - [TEST_STEP][PASSED] - pdfSignScreen.fillInDescription(document.getDescription()): null

22-05-2025T16:17:19 - [TEST_STEP][PASSED] - pdfSignScreen.selectAssigner(getAssigner().getEmail()): null

22-05-2025T16:17:25 - [TEST_STEP][PASSED] - pdfSignScreen.openMainFileBrowser(): null

22-05-2025T16:17:31 - [TEST_STEP][PASSED] - fileBrowserScreen.attachFile(document.getMainFileName()): null

22-05-2025T16:17:39 - [TEST_STEP][PASSED] - pdfSignScreen.openSubFileBrowser(): null

22-05-2025T16:17:40 - [TEST_STEP][PASSED] - fileBrowserScreen.attachFile(document.getSubFileName()): null

22-05-2025T16:17:50 - [TEST_STEP][PASSED] - pdfSignScreen.performAction(SEND_APPROVE): null

22-05-2025T16:17:53 - [TEST_STEP][PASSED] - pdfSignScreen.fillInOpinion(document.getComment()): null

22-05-2025T16:17:54 - [TEST_STEP][PASSED] - pdfSignScreen.submitRequest(): null

22-05-2025T16:18:02 - [TEST_STEP][PASSED] - documentInformationScreen.backToHome(): null

22-05-2025T16:18:02 - [TEST_STEP][PASSED] - homeScreen.logout(): null

22-05-2025T16:18:10 - [TEST_STEP][PASSED] - document.setStatus(WAIT_APPROVE): null

22-05-2025T16:18:10 - [TEST_STEP][PASSED] - document.setAssigner(auto5): null

22-05-2025T16:18:10 - [TEST_STEP][PASSED] - loginScreen.login(auto6): null

22-05-2025T16:18:23 - [TEST_STEP][PASSED] - homeScreen.goToIncomingDocument(): null

22-05-2025T16:18:23 - [TEST_STEP][PASSED] - inComingDocument.viewMainFile(document): View main file document: Trình ký 1747905408856

22-05-2025T16:18:23 - [MESSAGE][INFO] - View main file document: Trình ký 1747905408856

22-05-2025T16:18:28 - [TEST_STEP][PASSED] - document.setSender(auto6): null

22-05-2025T16:18:28 - [TEST_STEP][PASSED] - documentInformationScreen.performAction(document, APPROVE): null

22-05-2025T16:18:35 - [TEST_STEP][PASSED] - documentInformationScreen.backToHome(): null

22-05-2025T16:18:36 - [TEST_STEP][PASSED] - inComingDocument.checkItemInDocument(): null

22-05-2025T16:18:36 - [TEST_STEP][PASSED] - homeScreen.goToOutComingDocument(): null

22-05-2025T16:18:45 - [TEST_STEP][PASSED] - outComingDocument.viewInformationDocument(document): null

22-05-2025T16:18:46 - [TEST_STEP][PASSED] - documentInformationScreen.checkDocumentTitle(document): Verify equals GUI: Trình ký 1747905408856 - DATA: Trình ký 1747905408856

22-05-2025T16:18:51 - [MESSAGE][PASSED] - Verify equals GUI: Trình ký 1747905408856 - DATA: Trình ký 1747905408856

22-05-2025T16:18:51 - [TEST_STEP][PASSED] - documentInformationScreen.checkSender(document): Verify equals GUI: Auto Test User 2 - DATA: Auto Test User 2

22-05-2025T16:18:51 - [MESSAGE][PASSED] - Verify equals GUI: Auto Test User 2 - DATA: Auto Test User 2

22-05-2025T16:18:51 - [TEST_STEP][PASSED] - documentInformationScreen.checkStatus(document): Verify equals GUI: Đã duyệt - DATA: Đã duyệt

22-05-2025T16:18:51 - [MESSAGE][PASSED] - Verify equals GUI: Đã duyệt - DATA: Đã duyệt

22-05-2025T16:18:51 - [TEST_STEP][PASSED] - documentInformationScreen.checkCreateDate(): Verify equals GUI: 22/05/2025 - DATA: 22/05/2025

22-05-2025T16:18:51 - [MESSAGE][PASSED] - Verify equals GUI: 22/05/2025 - DATA: 22/05/2025

22-05-2025T16:18:51 - [TEST_STEP][PASSED] - documentInformationScreen.checkFinishDate(document): Verify equals GUI: 23/05/2025 - DATA: 23/05/2025

22-05-2025T16:18:52 - [MESSAGE][PASSED] - Verify equals GUI: 23/05/2025 - DATA: 23/05/2025

22-05-2025T16:18:52 - [TEST_STEP][PASSED] - documentInformationScreen.checkPriority(document): Verify equals GUI: Khẩn cấp - DATA: Khẩn cấp

22-05-2025T16:18:52 - [MESSAGE][PASSED] - Verify equals GUI: Khẩn cấp - DATA: Khẩn cấp

22-05-2025T16:18:52 - [TEST_STEP][PASSED] - documentInformationScreen.checkDescription(document): Verify equals GUI: 014 DUYET TAI MAIN FILE_KHÔNG NHAP Y KIEN - DATA: 014 DUYET TAI MAIN FILE_KHÔNG NHAP Y KIEN

22-05-2025T16:18:52 - [MESSAGE][PASSED] - Verify equals GUI: 014 DUYET TAI MAIN FILE_KHÔNG NHAP Y KIEN - DATA: 014 DUYET TAI MAIN FILE_KHÔNG NHAP Y KIEN

22-05-2025T16:18:52 - [TEST_STEP][PASSED] - documentInformationScreen.checkAssigner(document): Verify contains GUI: auto1@hdbank.com.vn - DATA: auto1@hdbank.com.vn

22-05-2025T16:18:53 - [MESSAGE][PASSED] - Verify contains GUI: auto1@hdbank.com.vn - DATA: auto1@hdbank.com.vn

22-05-2025T16:18:53 - [TEST_STEP][PASSED] - documentInformationScreen.checkPresentFileName(document): Verify contains GUI: dummy_20250522161739.ozd - DATA: dummy

22-05-2025T16:18:54 - [MESSAGE][PASSED] - Verify contains GUI: dummy_20250522161739.ozd - DATA: dummy

22-05-2025T16:18:54 - [TEST_STEP][PASSED] - documentInformationScreen.checkAttachFileName(document): Expected true condition

22-05-2025T16:18:56 - [MESSAGE][PASSED] - Expected true condition

22-05-2025T16:18:56 - [TEST_STEP][PASSED] - documentInformationScreen.checkComment(auto6, COMMENT): Check comment of Auto Test User 2 is Không có bình luận

22-05-2025T16:18:57 - [MESSAGE][INFO] - GUI COMMENT: Không có bình luận - DATA COMMENT: Không có bình luận

22-05-2025T16:18:57 - [MESSAGE][PASSED] - Check comment of Auto Test User 2 is Không có bình luận

22-05-2025T16:18:57 - [TEST_STEP][PASSED] - documentInformationScreen.backToHome(): null

22-05-2025T16:19:02 - [TEST_STEP][PASSED] - inComingDocument.checkItemInDocument(): null

22-05-2025T16:19:02 - [TEST_STEP][PASSED] - Start listener action : afterTest: null

22-05-2025T16:19:02 - [TEST_STEP][PASSED] - if (testCaseStatus != "PASSED"): null

22-05-2025T16:19:02 - [TEST_STEP][PASSED] - drivers.Driver.closeApp(): drivers.Driver.closeApp is PASSED

22-05-2025T16:19:03 - [MESSAGE][PASSED] - drivers.Driver.closeApp is PASSED

22-05-2025T16:19:03 - [TEST_STEP][PASSED] - if (tsContext == null): null]]></system-out>
         <system-err><![CDATA[]]></system-err>
      </testcase>
      <testcase name="Test Cases/IPAPER APP/016 DUYET CO CC_KHONG NHAP Y KIEN" time="208.249" classname="Test Cases/IPAPER APP/016 DUYET CO CC_KHONG NHAP Y KIEN" status="PASSED">
         <system-out><![CDATA[22-05-2025T16:19:03 - [TEST_CASE][PASSED] - Test Cases/IPAPER APP/016 DUYET CO CC_KHONG NHAP Y KIEN: Test Cases/IPAPER APP/016 DUYET CO CC_KHONG NHAP Y KIEN

22-05-2025T16:19:03 - [TEST_STEP][PASSED] - Start listener action : beforeTest: drivers.Driver.openApp is PASSED

22-05-2025T16:19:03 - [TEST_STEP][PASSED] - DataTest.init(): null

22-05-2025T16:19:03 - [TEST_STEP][PASSED] - testCaseId = split("/").last(): null

22-05-2025T16:19:03 - [TEST_STEP][PASSED] - if (!(drivers.Driver.isAppiumRunning())): drivers.Driver.isAppiumRunning is PASSED

22-05-2025T16:19:03 - [MESSAGE][INFO] - Appium running: true

22-05-2025T16:19:03 - [MESSAGE][PASSED] - drivers.Driver.isAppiumRunning is PASSED

22-05-2025T16:19:03 - [TEST_STEP][PASSED] - if (driver == null || driver.getSessionId() == null): null

22-05-2025T16:19:03 - [TEST_STEP][PASSED] - drivers.Driver.openApp(): drivers.Driver.openApp is PASSED

22-05-2025T16:19:05 - [MESSAGE][PASSED] - drivers.Driver.openApp is PASSED

22-05-2025T16:19:05 - [TEST_STEP][PASSED] - REQUEST_NAME = "Trình ký PDF có sẵn": null

22-05-2025T16:19:05 - [TEST_STEP][PASSED] - COMMENT = "Không có bình luận": null

22-05-2025T16:19:05 - [TEST_STEP][PASSED] - auto5 = DataTest.getUserTest5(): null

22-05-2025T16:19:05 - [TEST_STEP][PASSED] - auto6 = DataTest.getUserTest6(): null

22-05-2025T16:19:05 - [TEST_STEP][PASSED] - auto7 = DataTest.getUserTest7(): null

22-05-2025T16:19:05 - [TEST_STEP][PASSED] - document = DataTest.createDocumentTest(auto5, auto6, null, "dummy.pdf", "dummy.pdf"): null

22-05-2025T16:19:05 - [TEST_STEP][PASSED] - loginScreen.login(auto5): null

22-05-2025T16:19:18 - [TEST_STEP][PASSED] - homeScreen.openRequestList(): null

22-05-2025T16:19:23 - [TEST_STEP][PASSED] - homeScreen.createRequest(REQUEST_NAME): null

22-05-2025T16:19:26 - [TEST_STEP][PASSED] - pdfSignScreen.fillInTitle(document.getTitle()): null

22-05-2025T16:19:29 - [TEST_STEP][PASSED] - pdfSignScreen.selectPriority(document.getPriority()): null

22-05-2025T16:19:31 - [TEST_STEP][PASSED] - pdfSignScreen.selectTime(document.getTime()): null

22-05-2025T16:19:34 - [TEST_STEP][PASSED] - pdfSignScreen.fillInDescription(document.getDescription()): null

22-05-2025T16:19:36 - [TEST_STEP][PASSED] - pdfSignScreen.selectAssigner(getAssigner().getEmail()): null

22-05-2025T16:19:42 - [TEST_STEP][PASSED] - pdfSignScreen.openMainFileBrowser(): null

22-05-2025T16:19:47 - [TEST_STEP][PASSED] - fileBrowserScreen.attachFile(document.getMainFileName()): null

22-05-2025T16:19:56 - [TEST_STEP][PASSED] - pdfSignScreen.openSubFileBrowser(): null

22-05-2025T16:19:57 - [TEST_STEP][PASSED] - fileBrowserScreen.attachFile(document.getSubFileName()): null

22-05-2025T16:20:06 - [TEST_STEP][PASSED] - pdfSignScreen.performAction(SEND_APPROVE): null

22-05-2025T16:20:09 - [TEST_STEP][PASSED] - pdfSignScreen.fillInOpinion(document.getComment()): null

22-05-2025T16:20:10 - [TEST_STEP][PASSED] - pdfSignScreen.submitRequest(): null

22-05-2025T16:20:19 - [TEST_STEP][PASSED] - documentInformationScreen.backToHome(): null

22-05-2025T16:20:19 - [TEST_STEP][PASSED] - homeScreen.logout(): null

22-05-2025T16:20:27 - [TEST_STEP][PASSED] - document.setStatus(WAIT_APPROVE): null

22-05-2025T16:20:27 - [TEST_STEP][PASSED] - document.setAssigner(auto5): null

22-05-2025T16:20:27 - [TEST_STEP][PASSED] - loginScreen.login(auto6): null

22-05-2025T16:20:41 - [TEST_STEP][PASSED] - homeScreen.goToIncomingDocument(): null

22-05-2025T16:20:41 - [TEST_STEP][PASSED] - inComingDocument.viewMainFile(document): View main file document: Trình ký 1747905545807

22-05-2025T16:20:41 - [MESSAGE][INFO] - View main file document: Trình ký 1747905545807

22-05-2025T16:20:45 - [TEST_STEP][PASSED] - documentInformationScreen.performAction(document, APPROVE_ADD_CC, null, auto7): null

22-05-2025T16:21:01 - [TEST_STEP][PASSED] - document.setSender(auto6): null

22-05-2025T16:21:01 - [TEST_STEP][PASSED] - documentInformationScreen.backToHome(): null

22-05-2025T16:21:01 - [TEST_STEP][PASSED] - inComingDocument.checkItemInDocument(): null

22-05-2025T16:21:01 - [TEST_STEP][PASSED] - homeScreen.goToOutComingDocument(): null

22-05-2025T16:21:12 - [TEST_STEP][PASSED] - outComingDocument.viewInformationDocument(document): null

22-05-2025T16:21:13 - [TEST_STEP][PASSED] - documentInformationScreen.checkDocumentTitle(document): Verify equals GUI: Trình ký 1747905545807 - DATA: Trình ký 1747905545807

22-05-2025T16:21:17 - [MESSAGE][PASSED] - Verify equals GUI: Trình ký 1747905545807 - DATA: Trình ký 1747905545807

22-05-2025T16:21:17 - [TEST_STEP][PASSED] - documentInformationScreen.checkSender(document): Verify equals GUI: Auto Test User 2 - DATA: Auto Test User 2

22-05-2025T16:21:17 - [MESSAGE][PASSED] - Verify equals GUI: Auto Test User 2 - DATA: Auto Test User 2

22-05-2025T16:21:17 - [TEST_STEP][PASSED] - documentInformationScreen.checkStatus(document): Verify equals GUI: Đã duyệt - DATA: Đã duyệt

22-05-2025T16:21:17 - [MESSAGE][PASSED] - Verify equals GUI: Đã duyệt - DATA: Đã duyệt

22-05-2025T16:21:17 - [TEST_STEP][PASSED] - documentInformationScreen.checkCreateDate(): Verify equals GUI: 22/05/2025 - DATA: 22/05/2025

22-05-2025T16:21:18 - [MESSAGE][PASSED] - Verify equals GUI: 22/05/2025 - DATA: 22/05/2025

22-05-2025T16:21:18 - [TEST_STEP][PASSED] - documentInformationScreen.checkFinishDate(document): Verify equals GUI: 23/05/2025 - DATA: 23/05/2025

22-05-2025T16:21:18 - [MESSAGE][PASSED] - Verify equals GUI: 23/05/2025 - DATA: 23/05/2025

22-05-2025T16:21:18 - [TEST_STEP][PASSED] - documentInformationScreen.checkPriority(document): Verify equals GUI: Bình thường - DATA: Bình thường

22-05-2025T16:21:18 - [MESSAGE][PASSED] - Verify equals GUI: Bình thường - DATA: Bình thường

22-05-2025T16:21:18 - [TEST_STEP][PASSED] - documentInformationScreen.checkDescription(document): Verify equals GUI: 016 DUYET CO CC_KHONG NHAP Y KIEN - DATA: 016 DUYET CO CC_KHONG NHAP Y KIEN

22-05-2025T16:21:18 - [MESSAGE][PASSED] - Verify equals GUI: 016 DUYET CO CC_KHONG NHAP Y KIEN - DATA: 016 DUYET CO CC_KHONG NHAP Y KIEN

22-05-2025T16:21:18 - [TEST_STEP][PASSED] - documentInformationScreen.checkAssigner(document): Verify contains GUI: auto1@hdbank.com.vn - DATA: auto1@hdbank.com.vn

22-05-2025T16:21:19 - [MESSAGE][PASSED] - Verify contains GUI: auto1@hdbank.com.vn - DATA: auto1@hdbank.com.vn

22-05-2025T16:21:19 - [TEST_STEP][PASSED] - documentInformationScreen.checkPresentFileName(document): Verify contains GUI: dummy_20250522161956.ozd - DATA: dummy

22-05-2025T16:21:25 - [MESSAGE][PASSED] - Verify contains GUI: dummy_20250522161956.ozd - DATA: dummy

22-05-2025T16:21:25 - [TEST_STEP][PASSED] - documentInformationScreen.checkAttachFileName(document): Expected true condition

22-05-2025T16:21:27 - [MESSAGE][PASSED] - Expected true condition

22-05-2025T16:21:27 - [TEST_STEP][PASSED] - documentInformationScreen.checkComment(auto6, COMMENT): Check comment of Auto Test User 2 is Không có bình luận

22-05-2025T16:21:28 - [MESSAGE][INFO] - GUI COMMENT: Không có bình luận - DATA COMMENT: Không có bình luận

22-05-2025T16:21:28 - [MESSAGE][PASSED] - Check comment of Auto Test User 2 is Không có bình luận

22-05-2025T16:21:28 - [TEST_STEP][PASSED] - documentInformationScreen.backToHome(): null

22-05-2025T16:21:33 - [TEST_STEP][PASSED] - inComingDocument.checkItemInDocument(): null

22-05-2025T16:21:33 - [TEST_STEP][PASSED] - homeScreen.logout(): null

22-05-2025T16:21:41 - [TEST_STEP][PASSED] - loginScreen.login(auto7): null

22-05-2025T16:21:54 - [TEST_STEP][PASSED] - homeScreen.goToIncomingDocument(): null

22-05-2025T16:21:54 - [TEST_STEP][PASSED] - inComingDocument.goToRelatedDocument(): null

22-05-2025T16:21:55 - [TEST_STEP][PASSED] - relatedDocumentScreen.viewInformationDocument(document): null

22-05-2025T16:22:03 - [TEST_STEP][PASSED] - documentInformationScreen.checkDocumentTitle(document): Verify equals GUI: Trình ký 1747905545807 - DATA: Trình ký 1747905545807

22-05-2025T16:22:08 - [MESSAGE][PASSED] - Verify equals GUI: Trình ký 1747905545807 - DATA: Trình ký 1747905545807

22-05-2025T16:22:08 - [TEST_STEP][PASSED] - documentInformationScreen.checkSender(document): Verify equals GUI: Auto Test User 2 - DATA: Auto Test User 2

22-05-2025T16:22:08 - [MESSAGE][PASSED] - Verify equals GUI: Auto Test User 2 - DATA: Auto Test User 2

22-05-2025T16:22:08 - [TEST_STEP][PASSED] - documentInformationScreen.checkStatus(document): Verify equals GUI: Đã duyệt - DATA: Đã duyệt

22-05-2025T16:22:08 - [MESSAGE][PASSED] - Verify equals GUI: Đã duyệt - DATA: Đã duyệt

22-05-2025T16:22:08 - [TEST_STEP][PASSED] - documentInformationScreen.checkCreateDate(): Verify equals GUI: 22/05/2025 - DATA: 22/05/2025

22-05-2025T16:22:08 - [MESSAGE][PASSED] - Verify equals GUI: 22/05/2025 - DATA: 22/05/2025

22-05-2025T16:22:08 - [TEST_STEP][PASSED] - documentInformationScreen.checkFinishDate(document): Verify equals GUI: 23/05/2025 - DATA: 23/05/2025

22-05-2025T16:22:08 - [MESSAGE][PASSED] - Verify equals GUI: 23/05/2025 - DATA: 23/05/2025

22-05-2025T16:22:08 - [TEST_STEP][PASSED] - documentInformationScreen.checkPriority(document): Verify equals GUI: Bình thường - DATA: Bình thường

22-05-2025T16:22:08 - [MESSAGE][PASSED] - Verify equals GUI: Bình thường - DATA: Bình thường

22-05-2025T16:22:08 - [TEST_STEP][PASSED] - documentInformationScreen.checkDescription(document): Verify equals GUI: 016 DUYET CO CC_KHONG NHAP Y KIEN - DATA: 016 DUYET CO CC_KHONG NHAP Y KIEN

22-05-2025T16:22:08 - [MESSAGE][PASSED] - Verify equals GUI: 016 DUYET CO CC_KHONG NHAP Y KIEN - DATA: 016 DUYET CO CC_KHONG NHAP Y KIEN

22-05-2025T16:22:08 - [TEST_STEP][PASSED] - documentInformationScreen.checkAssigner(document): Verify contains GUI: auto1@hdbank.com.vn - DATA: auto1@hdbank.com.vn

22-05-2025T16:22:10 - [MESSAGE][PASSED] - Verify contains GUI: auto1@hdbank.com.vn - DATA: auto1@hdbank.com.vn

22-05-2025T16:22:10 - [TEST_STEP][PASSED] - documentInformationScreen.checkPresentFileName(document): Verify contains GUI: dummy_20250522161956.ozd - DATA: dummy

22-05-2025T16:22:11 - [MESSAGE][PASSED] - Verify contains GUI: dummy_20250522161956.ozd - DATA: dummy

22-05-2025T16:22:11 - [TEST_STEP][PASSED] - documentInformationScreen.checkAttachFileName(document): Expected true condition

22-05-2025T16:22:12 - [MESSAGE][PASSED] - Expected true condition

22-05-2025T16:22:12 - [TEST_STEP][PASSED] - documentInformationScreen.checkComment(auto6, COMMENT): Check comment of Auto Test User 2 is Không có bình luận

22-05-2025T16:22:14 - [MESSAGE][INFO] - GUI COMMENT: Không có bình luận - DATA COMMENT: Không có bình luận

22-05-2025T16:22:14 - [MESSAGE][PASSED] - Check comment of Auto Test User 2 is Không có bình luận

22-05-2025T16:22:14 - [TEST_STEP][PASSED] - documentInformationScreen.checkUserCannotEditDocument(): Check user can not edit document

22-05-2025T16:22:26 - [MESSAGE][PASSED] - Check user can not edit document

22-05-2025T16:22:26 - [TEST_STEP][PASSED] - documentInformationScreen.backToHome(): null

22-05-2025T16:22:30 - [TEST_STEP][PASSED] - Start listener action : afterTest: null

22-05-2025T16:22:30 - [TEST_STEP][PASSED] - if (testCaseStatus != "PASSED"): null

22-05-2025T16:22:30 - [TEST_STEP][PASSED] - drivers.Driver.closeApp(): drivers.Driver.closeApp is PASSED

22-05-2025T16:22:31 - [MESSAGE][PASSED] - drivers.Driver.closeApp is PASSED

22-05-2025T16:22:31 - [TEST_STEP][PASSED] - if (tsContext == null): null]]></system-out>
         <system-err><![CDATA[]]></system-err>
      </testcase>
      <testcase name="Test Cases/IPAPER APP/017 DUYET CO CC_NHAP Y KIEN" time="214.198" classname="Test Cases/IPAPER APP/017 DUYET CO CC_NHAP Y KIEN" status="FAILED">
         <failure type="FAILED" message="Test Cases/IPAPER APP/017 DUYET CO CC_NHAP Y KIEN FAILED.&#xa;Reason:&#xa;com.kms.katalon.core.exception.StepFailedException: Verify equals GUI: Auto Test User 2 - DATA: Auto Test User 1&#xa;	at com.kms.katalon.core.util.KeywordUtil.markFailed(KeywordUtil.java:19)&#xa;	at utilities.AssertUtilities.logResult(AssertUtilities.groovy:30)&#xa;	at utilities.AssertUtilities.checkEquals(AssertUtilities.groovy:11)&#xa;	at screens.DocumentInformationScreen.checkSender(DocumentInformationScreen.groovy:112)&#xa;	at 017 DUYET CO CC_NHAP Y KIEN.run(017 DUYET CO CC_NHAP Y KIEN:83)&#xa;	at com.kms.katalon.core.main.ScriptEngine.run(ScriptEngine.java:194)&#xa;	at com.kms.katalon.core.main.ScriptEngine.runScriptAsRawText(ScriptEngine.java:119)&#xa;	at com.kms.katalon.core.main.TestCaseExecutor.runScript(TestCaseExecutor.java:448)&#xa;	at com.kms.katalon.core.main.TestCaseExecutor.doExecute(TestCaseExecutor.java:439)&#xa;	at com.kms.katalon.core.main.TestCaseExecutor.processExecutionPhase(TestCaseExecutor.java:418)&#xa;	at com.kms.katalon.core.main.TestCaseExecutor.accessMainPhase(TestCaseExecutor.java:410)&#xa;	at com.kms.katalon.core.main.TestCaseExecutor.execute(TestCaseExecutor.java:285)&#xa;	at com.kms.katalon.core.common.CommonExecutor.accessTestCaseMainPhase(CommonExecutor.java:65)&#xa;	at com.kms.katalon.core.main.TestSuiteExecutor.accessTestSuiteMainPhase(TestSuiteExecutor.java:150)&#xa;	at com.kms.katalon.core.main.TestSuiteExecutor.execute(TestSuiteExecutor.java:106)&#xa;	at com.kms.katalon.core.main.TestCaseMain.startTestSuite(TestCaseMain.java:180)&#xa;	at TempTestSuite1747904187531.run(TempTestSuite1747904187531.groovy:35)&#xa;	at java.base/jdk.internal.reflect.NativeMethodAccessorImpl.invoke0(Native Method)&#xa;	at java.base/jdk.internal.reflect.NativeMethodAccessorImpl.invoke(NativeMethodAccessorImpl.java:77)&#xa;	at java.base/jdk.internal.reflect.DelegatingMethodAccessorImpl.invoke(DelegatingMethodAccessorImpl.java:43)&#xa;"/>
         <system-out><![CDATA[22-05-2025T16:22:31 - [TEST_CASE][FAILED] - Test Cases/IPAPER APP/017 DUYET CO CC_NHAP Y KIEN: Test Cases/IPAPER APP/017 DUYET CO CC_NHAP Y KIEN FAILED.
Reason:
com.kms.katalon.core.exception.StepFailedException: Verify equals GUI: Auto Test User 2 - DATA: Auto Test User 1
	at com.kms.katalon.core.util.KeywordUtil.markFailed(KeywordUtil.java:19)
	at utilities.AssertUtilities.logResult(AssertUtilities.groovy:30)
	at utilities.AssertUtilities.checkEquals(AssertUtilities.groovy:11)
	at screens.DocumentInformationScreen.checkSender(DocumentInformationScreen.groovy:112)
	at 017 DUYET CO CC_NHAP Y KIEN.run(017 DUYET CO CC_NHAP Y KIEN:83)
	at com.kms.katalon.core.main.ScriptEngine.run(ScriptEngine.java:194)
	at com.kms.katalon.core.main.ScriptEngine.runScriptAsRawText(ScriptEngine.java:119)
	at com.kms.katalon.core.main.TestCaseExecutor.runScript(TestCaseExecutor.java:448)
	at com.kms.katalon.core.main.TestCaseExecutor.doExecute(TestCaseExecutor.java:439)
	at com.kms.katalon.core.main.TestCaseExecutor.processExecutionPhase(TestCaseExecutor.java:418)
	at com.kms.katalon.core.main.TestCaseExecutor.accessMainPhase(TestCaseExecutor.java:410)
	at com.kms.katalon.core.main.TestCaseExecutor.execute(TestCaseExecutor.java:285)
	at com.kms.katalon.core.common.CommonExecutor.accessTestCaseMainPhase(CommonExecutor.java:65)
	at com.kms.katalon.core.main.TestSuiteExecutor.accessTestSuiteMainPhase(TestSuiteExecutor.java:150)
	at com.kms.katalon.core.main.TestSuiteExecutor.execute(TestSuiteExecutor.java:106)
	at com.kms.katalon.core.main.TestCaseMain.startTestSuite(TestCaseMain.java:180)
	at TempTestSuite1747904187531.run(TempTestSuite1747904187531.groovy:35)
	at java.base/jdk.internal.reflect.NativeMethodAccessorImpl.invoke0(Native Method)
	at java.base/jdk.internal.reflect.NativeMethodAccessorImpl.invoke(NativeMethodAccessorImpl.java:77)
	at java.base/jdk.internal.reflect.DelegatingMethodAccessorImpl.invoke(DelegatingMethodAccessorImpl.java:43)


22-05-2025T16:22:31 - [TEST_STEP][PASSED] - Start listener action : beforeTest: drivers.Driver.openApp is PASSED

22-05-2025T16:22:31 - [TEST_STEP][PASSED] - DataTest.init(): null

22-05-2025T16:22:31 - [TEST_STEP][PASSED] - testCaseId = split("/").last(): null

22-05-2025T16:22:31 - [TEST_STEP][PASSED] - if (!(drivers.Driver.isAppiumRunning())): drivers.Driver.isAppiumRunning is PASSED

22-05-2025T16:22:31 - [MESSAGE][INFO] - Appium running: true

22-05-2025T16:22:31 - [MESSAGE][PASSED] - drivers.Driver.isAppiumRunning is PASSED

22-05-2025T16:22:31 - [TEST_STEP][PASSED] - if (driver == null || driver.getSessionId() == null): null

22-05-2025T16:22:31 - [TEST_STEP][PASSED] - drivers.Driver.openApp(): drivers.Driver.openApp is PASSED

22-05-2025T16:22:34 - [MESSAGE][PASSED] - drivers.Driver.openApp is PASSED

22-05-2025T16:22:34 - [TEST_STEP][PASSED] - REQUEST_NAME = "Trình ký PDF có sẵn": null

22-05-2025T16:22:34 - [TEST_STEP][PASSED] - COMMENT = "Commented by automation team in case 17": null

22-05-2025T16:22:34 - [TEST_STEP][PASSED] - auto5 = DataTest.getUserTest5(): null

22-05-2025T16:22:34 - [TEST_STEP][PASSED] - auto6 = DataTest.getUserTest6(): null

22-05-2025T16:22:34 - [TEST_STEP][PASSED] - auto7 = DataTest.getUserTest7(): null

22-05-2025T16:22:34 - [TEST_STEP][PASSED] - document = DataTest.createDocumentTest(auto5, auto6, null, "dummy.pdf", "dummy.pdf"): null

22-05-2025T16:22:34 - [TEST_STEP][PASSED] - loginScreen.login(auto5): null

22-05-2025T16:22:46 - [TEST_STEP][PASSED] - homeScreen.openRequestList(): null

22-05-2025T16:22:52 - [TEST_STEP][PASSED] - homeScreen.createRequest(REQUEST_NAME): null

22-05-2025T16:22:56 - [TEST_STEP][PASSED] - pdfSignScreen.fillInTitle(document.getTitle()): null

22-05-2025T16:22:58 - [TEST_STEP][PASSED] - pdfSignScreen.selectPriority(document.getPriority()): null

22-05-2025T16:23:00 - [TEST_STEP][PASSED] - pdfSignScreen.selectTime(document.getTime()): null

22-05-2025T16:23:03 - [TEST_STEP][PASSED] - pdfSignScreen.fillInDescription(document.getDescription()): null

22-05-2025T16:23:05 - [TEST_STEP][PASSED] - pdfSignScreen.selectAssigner(getAssigner().getEmail()): null

22-05-2025T16:23:11 - [TEST_STEP][PASSED] - pdfSignScreen.openMainFileBrowser(): null

22-05-2025T16:23:16 - [TEST_STEP][PASSED] - fileBrowserScreen.attachFile(document.getMainFileName()): null

22-05-2025T16:23:25 - [TEST_STEP][PASSED] - pdfSignScreen.openSubFileBrowser(): null

22-05-2025T16:23:27 - [TEST_STEP][PASSED] - fileBrowserScreen.attachFile(document.getSubFileName()): null

22-05-2025T16:23:35 - [TEST_STEP][PASSED] - pdfSignScreen.performAction(SEND_APPROVE): null

22-05-2025T16:23:38 - [TEST_STEP][PASSED] - pdfSignScreen.fillInOpinion(document.getComment()): null

22-05-2025T16:23:39 - [TEST_STEP][PASSED] - pdfSignScreen.submitRequest(): null

22-05-2025T16:23:47 - [TEST_STEP][PASSED] - documentInformationScreen.backToHome(): null

22-05-2025T16:23:47 - [TEST_STEP][PASSED] - homeScreen.logout(): null

22-05-2025T16:23:56 - [TEST_STEP][PASSED] - document.setStatus(WAIT_PROCESS): null

22-05-2025T16:23:56 - [TEST_STEP][PASSED] - document.setAssigner(auto5): null

22-05-2025T16:23:56 - [TEST_STEP][PASSED] - loginScreen.login(auto6): null

22-05-2025T16:24:10 - [TEST_STEP][PASSED] - homeScreen.goToIncomingDocument(): null

22-05-2025T16:24:10 - [TEST_STEP][PASSED] - inComingDocument.viewMainFile(document): View main file document: Trình ký 1747905754092

22-05-2025T16:24:10 - [MESSAGE][INFO] - View main file document: Trình ký 1747905754092

22-05-2025T16:24:15 - [TEST_STEP][PASSED] - documentInformationScreen.performAction(document, APPROVE_ADD_CC, COMMENT, auto7): null

22-05-2025T16:24:31 - [TEST_STEP][PASSED] - documentInformationScreen.backToHome(): null

22-05-2025T16:24:31 - [TEST_STEP][PASSED] - inComingDocument.checkItemInDocument(): null

22-05-2025T16:24:31 - [TEST_STEP][PASSED] - homeScreen.goToOutComingDocument(): null

22-05-2025T16:24:41 - [TEST_STEP][PASSED] - outComingDocument.viewInformationDocument(document): null

22-05-2025T16:24:43 - [TEST_STEP][PASSED] - documentInformationScreen.checkDocumentTitle(document): Verify equals GUI: Trình ký 1747905754092 - DATA: Trình ký 1747905754092

22-05-2025T16:24:47 - [MESSAGE][PASSED] - Verify equals GUI: Trình ký 1747905754092 - DATA: Trình ký 1747905754092

22-05-2025T16:24:47 - [TEST_STEP][FAILED] - documentInformationScreen.checkSender(document): Verify equals GUI: Auto Test User 2 - DATA: Auto Test User 1

22-05-2025T16:24:47 - [MESSAGE][FAILED] - Verify equals GUI: Auto Test User 2 - DATA: Auto Test User 1

22-05-2025T16:24:47 - [TEST_STEP][PASSED] - documentInformationScreen.checkStatus(document): Verify equals GUI: Đã duyệt - DATA: Đã duyệt

22-05-2025T16:24:47 - [MESSAGE][PASSED] - Verify equals GUI: Đã duyệt - DATA: Đã duyệt

22-05-2025T16:24:47 - [TEST_STEP][PASSED] - documentInformationScreen.checkCreateDate(): Verify equals GUI: 22/05/2025 - DATA: 22/05/2025

22-05-2025T16:24:48 - [MESSAGE][PASSED] - Verify equals GUI: 22/05/2025 - DATA: 22/05/2025

22-05-2025T16:24:48 - [TEST_STEP][PASSED] - documentInformationScreen.checkFinishDate(document): Verify equals GUI: 23/05/2025 - DATA: 23/05/2025

22-05-2025T16:24:48 - [MESSAGE][PASSED] - Verify equals GUI: 23/05/2025 - DATA: 23/05/2025

22-05-2025T16:24:48 - [TEST_STEP][PASSED] - documentInformationScreen.checkPriority(document): Verify equals GUI: Bình thường - DATA: Bình thường

22-05-2025T16:24:48 - [MESSAGE][PASSED] - Verify equals GUI: Bình thường - DATA: Bình thường

22-05-2025T16:24:48 - [TEST_STEP][PASSED] - documentInformationScreen.checkDescription(document): Verify equals GUI: 017 DUYET CO CC_NHAP Y KIEN - DATA: 017 DUYET CO CC_NHAP Y KIEN

22-05-2025T16:24:48 - [MESSAGE][PASSED] - Verify equals GUI: 017 DUYET CO CC_NHAP Y KIEN - DATA: 017 DUYET CO CC_NHAP Y KIEN

22-05-2025T16:24:48 - [TEST_STEP][PASSED] - documentInformationScreen.checkAssigner(document): Verify contains GUI: auto1@hdbank.com.vn - DATA: auto1@hdbank.com.vn

22-05-2025T16:24:49 - [MESSAGE][PASSED] - Verify contains GUI: auto1@hdbank.com.vn - DATA: auto1@hdbank.com.vn

22-05-2025T16:24:49 - [TEST_STEP][PASSED] - documentInformationScreen.checkPresentFileName(document): Verify contains GUI: dummy_20250522162325.ozd - DATA: dummy

22-05-2025T16:24:55 - [MESSAGE][PASSED] - Verify contains GUI: dummy_20250522162325.ozd - DATA: dummy

22-05-2025T16:24:55 - [TEST_STEP][PASSED] - documentInformationScreen.checkAttachFileName(document): Expected true condition

22-05-2025T16:24:57 - [MESSAGE][PASSED] - Expected true condition

22-05-2025T16:24:57 - [TEST_STEP][PASSED] - documentInformationScreen.checkComment(auto6, COMMENT): Check comment of Auto Test User 2 is Commented by automation team in case 17

22-05-2025T16:24:58 - [MESSAGE][INFO] - GUI COMMENT: Commented by automation team in case 17 - DATA COMMENT: Commented by automation team in case 17

22-05-2025T16:24:58 - [MESSAGE][PASSED] - Check comment of Auto Test User 2 is Commented by automation team in case 17

22-05-2025T16:24:58 - [TEST_STEP][PASSED] - documentInformationScreen.backToHome(): null

22-05-2025T16:25:03 - [TEST_STEP][PASSED] - inComingDocument.checkItemInDocument(): null

22-05-2025T16:25:03 - [TEST_STEP][PASSED] - homeScreen.logout(): null

22-05-2025T16:25:11 - [TEST_STEP][PASSED] - loginScreen.login(auto7): null

22-05-2025T16:25:26 - [TEST_STEP][PASSED] - homeScreen.goToIncomingDocument(): null

22-05-2025T16:25:26 - [TEST_STEP][PASSED] - inComingDocument.goToRelatedDocument(): null

22-05-2025T16:25:27 - [TEST_STEP][PASSED] - relatedDocumentScreen.viewInformationDocument(document): null

22-05-2025T16:25:34 - [TEST_STEP][PASSED] - documentInformationScreen.checkDocumentTitle(document): Verify equals GUI: Trình ký 1747905754092 - DATA: Trình ký 1747905754092

22-05-2025T16:25:39 - [MESSAGE][PASSED] - Verify equals GUI: Trình ký 1747905754092 - DATA: Trình ký 1747905754092

22-05-2025T16:25:39 - [TEST_STEP][FAILED] - documentInformationScreen.checkSender(document): Verify equals GUI: Auto Test User 2 - DATA: Auto Test User 1

22-05-2025T16:25:39 - [MESSAGE][FAILED] - Verify equals GUI: Auto Test User 2 - DATA: Auto Test User 1

22-05-2025T16:25:39 - [TEST_STEP][PASSED] - documentInformationScreen.checkStatus(document): Verify equals GUI: Đã duyệt - DATA: Đã duyệt

22-05-2025T16:25:39 - [MESSAGE][PASSED] - Verify equals GUI: Đã duyệt - DATA: Đã duyệt

22-05-2025T16:25:39 - [TEST_STEP][PASSED] - documentInformationScreen.checkCreateDate(): Verify equals GUI: 22/05/2025 - DATA: 22/05/2025

22-05-2025T16:25:39 - [MESSAGE][PASSED] - Verify equals GUI: 22/05/2025 - DATA: 22/05/2025

22-05-2025T16:25:39 - [TEST_STEP][PASSED] - documentInformationScreen.checkFinishDate(document): Verify equals GUI: 23/05/2025 - DATA: 23/05/2025

22-05-2025T16:25:39 - [MESSAGE][PASSED] - Verify equals GUI: 23/05/2025 - DATA: 23/05/2025

22-05-2025T16:25:39 - [TEST_STEP][PASSED] - documentInformationScreen.checkPriority(document): Verify equals GUI: Bình thường - DATA: Bình thường

22-05-2025T16:25:39 - [MESSAGE][PASSED] - Verify equals GUI: Bình thường - DATA: Bình thường

22-05-2025T16:25:39 - [TEST_STEP][PASSED] - documentInformationScreen.checkDescription(document): Verify equals GUI: 017 DUYET CO CC_NHAP Y KIEN - DATA: 017 DUYET CO CC_NHAP Y KIEN

22-05-2025T16:25:40 - [MESSAGE][PASSED] - Verify equals GUI: 017 DUYET CO CC_NHAP Y KIEN - DATA: 017 DUYET CO CC_NHAP Y KIEN

22-05-2025T16:25:40 - [TEST_STEP][PASSED] - documentInformationScreen.checkAssigner(document): Verify contains GUI: auto1@hdbank.com.vn - DATA: auto1@hdbank.com.vn

22-05-2025T16:25:41 - [MESSAGE][PASSED] - Verify contains GUI: auto1@hdbank.com.vn - DATA: auto1@hdbank.com.vn

22-05-2025T16:25:41 - [TEST_STEP][PASSED] - documentInformationScreen.checkPresentFileName(document): Verify contains GUI: dummy_20250522162325.ozd - DATA: dummy

22-05-2025T16:25:42 - [MESSAGE][PASSED] - Verify contains GUI: dummy_20250522162325.ozd - DATA: dummy

22-05-2025T16:25:42 - [TEST_STEP][PASSED] - documentInformationScreen.checkAttachFileName(document): Expected true condition

22-05-2025T16:25:44 - [MESSAGE][PASSED] - Expected true condition

22-05-2025T16:25:44 - [TEST_STEP][PASSED] - documentInformationScreen.checkComment(auto6, COMMENT): Check comment of Auto Test User 2 is Commented by automation team in case 17

22-05-2025T16:25:45 - [MESSAGE][INFO] - GUI COMMENT: Commented by automation team in case 17 - DATA COMMENT: Commented by automation team in case 17

22-05-2025T16:25:45 - [MESSAGE][PASSED] - Check comment of Auto Test User 2 is Commented by automation team in case 17

22-05-2025T16:25:45 - [TEST_STEP][PASSED] - documentInformationScreen.checkUserCannotEditDocument(): Check user can not edit document

22-05-2025T16:25:57 - [MESSAGE][PASSED] - Check user can not edit document

22-05-2025T16:25:57 - [TEST_STEP][PASSED] - documentInformationScreen.backToHome(): null

22-05-2025T16:26:02 - [TEST_STEP][PASSED] - Start listener action : afterTest: null

22-05-2025T16:26:02 - [TEST_STEP][PASSED] - if (testCaseStatus != "PASSED"): Screenshot is taken

22-05-2025T16:26:02 - [TEST_STEP][PASSED] - takeScreenshot(ErrorScreen/$GlobalVariable.PLATFORM/$testCaseContext.getTestCaseId().png): Screenshot is taken

22-05-2025T16:26:04 - [MESSAGE][PASSED] - Screenshot is taken
[[ATTACHMENT|ErrorScreen/Android/Test Cases/IPAPER APP/017 DUYET CO CC_NHAP Y KIEN.png]]

22-05-2025T16:26:04 - [TEST_STEP][PASSED] - drivers.Driver.closeApp(): drivers.Driver.closeApp is PASSED

22-05-2025T16:26:05 - [MESSAGE][PASSED] - drivers.Driver.closeApp is PASSED

22-05-2025T16:26:05 - [TEST_STEP][PASSED] - if (tsContext == null): null]]></system-out>
         <system-err><![CDATA[22-05-2025T16:22:31 - [TEST_CASE][FAILED] - Test Cases/IPAPER APP/017 DUYET CO CC_NHAP Y KIEN: Test Cases/IPAPER APP/017 DUYET CO CC_NHAP Y KIEN FAILED.
Reason:
com.kms.katalon.core.exception.StepFailedException: Verify equals GUI: Auto Test User 2 - DATA: Auto Test User 1
	at com.kms.katalon.core.util.KeywordUtil.markFailed(KeywordUtil.java:19)
	at utilities.AssertUtilities.logResult(AssertUtilities.groovy:30)
	at utilities.AssertUtilities.checkEquals(AssertUtilities.groovy:11)
	at screens.DocumentInformationScreen.checkSender(DocumentInformationScreen.groovy:112)
	at 017 DUYET CO CC_NHAP Y KIEN.run(017 DUYET CO CC_NHAP Y KIEN:83)
	at com.kms.katalon.core.main.ScriptEngine.run(ScriptEngine.java:194)
	at com.kms.katalon.core.main.ScriptEngine.runScriptAsRawText(ScriptEngine.java:119)
	at com.kms.katalon.core.main.TestCaseExecutor.runScript(TestCaseExecutor.java:448)
	at com.kms.katalon.core.main.TestCaseExecutor.doExecute(TestCaseExecutor.java:439)
	at com.kms.katalon.core.main.TestCaseExecutor.processExecutionPhase(TestCaseExecutor.java:418)
	at com.kms.katalon.core.main.TestCaseExecutor.accessMainPhase(TestCaseExecutor.java:410)
	at com.kms.katalon.core.main.TestCaseExecutor.execute(TestCaseExecutor.java:285)
	at com.kms.katalon.core.common.CommonExecutor.accessTestCaseMainPhase(CommonExecutor.java:65)
	at com.kms.katalon.core.main.TestSuiteExecutor.accessTestSuiteMainPhase(TestSuiteExecutor.java:150)
	at com.kms.katalon.core.main.TestSuiteExecutor.execute(TestSuiteExecutor.java:106)
	at com.kms.katalon.core.main.TestCaseMain.startTestSuite(TestCaseMain.java:180)
	at TempTestSuite1747904187531.run(TempTestSuite1747904187531.groovy:35)
	at java.base/jdk.internal.reflect.NativeMethodAccessorImpl.invoke0(Native Method)
	at java.base/jdk.internal.reflect.NativeMethodAccessorImpl.invoke(NativeMethodAccessorImpl.java:77)
	at java.base/jdk.internal.reflect.DelegatingMethodAccessorImpl.invoke(DelegatingMethodAccessorImpl.java:43)]]></system-err>
      </testcase>
      <testcase name="Test Cases/IPAPER APP/018 TU CHOI NHANH" time="153.025" classname="Test Cases/IPAPER APP/018 TU CHOI NHANH" status="PASSED">
         <system-out><![CDATA[22-05-2025T16:26:05 - [TEST_CASE][PASSED] - Test Cases/IPAPER APP/018 TU CHOI NHANH: Test Cases/IPAPER APP/018 TU CHOI NHANH

22-05-2025T16:26:05 - [TEST_STEP][PASSED] - Start listener action : beforeTest: drivers.Driver.openApp is PASSED

22-05-2025T16:26:05 - [TEST_STEP][PASSED] - DataTest.init(): null

22-05-2025T16:26:05 - [TEST_STEP][PASSED] - testCaseId = split("/").last(): null

22-05-2025T16:26:05 - [TEST_STEP][PASSED] - if (!(drivers.Driver.isAppiumRunning())): drivers.Driver.isAppiumRunning is PASSED

22-05-2025T16:26:05 - [MESSAGE][INFO] - Appium running: true

22-05-2025T16:26:05 - [MESSAGE][PASSED] - drivers.Driver.isAppiumRunning is PASSED

22-05-2025T16:26:05 - [TEST_STEP][PASSED] - if (driver == null || driver.getSessionId() == null): null

22-05-2025T16:26:05 - [TEST_STEP][PASSED] - drivers.Driver.openApp(): drivers.Driver.openApp is PASSED

22-05-2025T16:26:07 - [MESSAGE][PASSED] - drivers.Driver.openApp is PASSED

22-05-2025T16:26:07 - [TEST_STEP][PASSED] - REQUEST_NAME = "Trình ký PDF có sẵn": null

22-05-2025T16:26:07 - [TEST_STEP][PASSED] - COMMENT = "Commented by automation team in case 18": null

22-05-2025T16:26:07 - [TEST_STEP][PASSED] - auto5 = DataTest.getUserTest5(): null

22-05-2025T16:26:07 - [TEST_STEP][PASSED] - auto6 = DataTest.getUserTest6(): null

22-05-2025T16:26:07 - [TEST_STEP][PASSED] - document = DataTest.createDocumentTest(auto5, auto6, null, "dummy.pdf", "dummy.pdf"): null

22-05-2025T16:26:07 - [TEST_STEP][PASSED] - loginScreen.login(auto5): null

22-05-2025T16:26:20 - [TEST_STEP][PASSED] - homeScreen.openRequestList(): null

22-05-2025T16:26:25 - [TEST_STEP][PASSED] - homeScreen.createRequest(REQUEST_NAME): null

22-05-2025T16:26:29 - [TEST_STEP][PASSED] - pdfSignScreen.fillInTitle(document.getTitle()): null

22-05-2025T16:26:33 - [TEST_STEP][PASSED] - pdfSignScreen.selectPriority(document.getPriority()): null

22-05-2025T16:26:35 - [TEST_STEP][PASSED] - pdfSignScreen.selectTime(document.getTime()): null

22-05-2025T16:26:37 - [TEST_STEP][PASSED] - pdfSignScreen.fillInDescription(document.getDescription()): null

22-05-2025T16:26:39 - [TEST_STEP][PASSED] - pdfSignScreen.selectAssigner(getAssigner().getEmail()): null

22-05-2025T16:26:45 - [TEST_STEP][PASSED] - pdfSignScreen.openMainFileBrowser(): null

22-05-2025T16:26:50 - [TEST_STEP][PASSED] - fileBrowserScreen.attachFile(document.getMainFileName()): null

22-05-2025T16:27:00 - [TEST_STEP][PASSED] - pdfSignScreen.openSubFileBrowser(): null

22-05-2025T16:27:01 - [TEST_STEP][PASSED] - fileBrowserScreen.attachFile(document.getSubFileName()): null

22-05-2025T16:27:11 - [TEST_STEP][PASSED] - pdfSignScreen.performAction(SEND_APPROVE): null

22-05-2025T16:27:13 - [TEST_STEP][PASSED] - pdfSignScreen.fillInOpinion(document.getComment()): null

22-05-2025T16:27:14 - [TEST_STEP][PASSED] - pdfSignScreen.submitRequest(): null

22-05-2025T16:27:22 - [TEST_STEP][PASSED] - documentInformationScreen.backToHome(): null

22-05-2025T16:27:22 - [TEST_STEP][PASSED] - homeScreen.logout(): null

22-05-2025T16:27:30 - [TEST_STEP][PASSED] - document.setStatus(WAIT_APPROVE): null

22-05-2025T16:27:30 - [TEST_STEP][PASSED] - document.setAssigner(auto5): null

22-05-2025T16:27:30 - [TEST_STEP][PASSED] - loginScreen.login(auto6): null

22-05-2025T16:27:44 - [TEST_STEP][PASSED] - homeScreen.goToIncomingDocument(): null

22-05-2025T16:27:44 - [TEST_STEP][PASSED] - inComingDocument.viewInformationDocument(document): View document Trình ký 1747905967597

22-05-2025T16:27:44 - [MESSAGE][INFO] - View document Trình ký 1747905967597

22-05-2025T16:27:51 - [TEST_STEP][PASSED] - documentInformationScreen.checkDocumentTitle(document): Verify equals GUI: Trình ký 1747905967597 - DATA: Trình ký 1747905967597

22-05-2025T16:27:51 - [MESSAGE][PASSED] - Verify equals GUI: Trình ký 1747905967597 - DATA: Trình ký 1747905967597

22-05-2025T16:27:51 - [TEST_STEP][PASSED] - documentInformationScreen.checkSender(document): Verify equals GUI: Auto Test User 1 - DATA: Auto Test User 1

22-05-2025T16:27:51 - [MESSAGE][PASSED] - Verify equals GUI: Auto Test User 1 - DATA: Auto Test User 1

22-05-2025T16:27:51 - [TEST_STEP][PASSED] - documentInformationScreen.checkStatus(document): Verify equals GUI: Chờ giám sát phê duyệt - DATA: Chờ giám sát phê duyệt

22-05-2025T16:27:52 - [MESSAGE][PASSED] - Verify equals GUI: Chờ giám sát phê duyệt - DATA: Chờ giám sát phê duyệt

22-05-2025T16:27:52 - [TEST_STEP][PASSED] - documentInformationScreen.checkCreateDate(): Verify equals GUI: 22/05/2025 - DATA: 22/05/2025

22-05-2025T16:27:52 - [MESSAGE][PASSED] - Verify equals GUI: 22/05/2025 - DATA: 22/05/2025

22-05-2025T16:27:52 - [TEST_STEP][PASSED] - documentInformationScreen.checkFinishDate(document): Verify equals GUI: 23/05/2025 - DATA: 23/05/2025

22-05-2025T16:27:52 - [MESSAGE][PASSED] - Verify equals GUI: 23/05/2025 - DATA: 23/05/2025

22-05-2025T16:27:52 - [TEST_STEP][PASSED] - documentInformationScreen.checkPriority(document): Verify equals GUI: Cao - DATA: Cao

22-05-2025T16:27:52 - [MESSAGE][PASSED] - Verify equals GUI: Cao - DATA: Cao

22-05-2025T16:27:52 - [TEST_STEP][PASSED] - documentInformationScreen.checkDescription(document): Verify equals GUI: 018 TU CHOI NHANH - DATA: 018 TU CHOI NHANH

22-05-2025T16:27:52 - [MESSAGE][PASSED] - Verify equals GUI: 018 TU CHOI NHANH - DATA: 018 TU CHOI NHANH

22-05-2025T16:27:52 - [TEST_STEP][PASSED] - documentInformationScreen.checkAssigner(document): Verify contains GUI: auto1@hdbank.com.vn - DATA: auto1@hdbank.com.vn

22-05-2025T16:27:54 - [MESSAGE][PASSED] - Verify contains GUI: auto1@hdbank.com.vn - DATA: auto1@hdbank.com.vn

22-05-2025T16:27:54 - [TEST_STEP][PASSED] - documentInformationScreen.checkPresentFileName(document): Verify contains GUI: dummy_20250522162659.ozd - DATA: dummy

22-05-2025T16:27:55 - [MESSAGE][PASSED] - Verify contains GUI: dummy_20250522162659.ozd - DATA: dummy

22-05-2025T16:27:55 - [TEST_STEP][PASSED] - documentInformationScreen.checkAttachFileName(document): Expected true condition

22-05-2025T16:27:56 - [MESSAGE][PASSED] - Expected true condition

22-05-2025T16:27:56 - [TEST_STEP][PASSED] - documentInformationScreen.backToHome(): null

22-05-2025T16:28:01 - [TEST_STEP][PASSED] - inComingDocument.performAction(document, REJECT): null

22-05-2025T16:28:08 - [TEST_STEP][PASSED] - inComingDocument.checkItemInDocument(): null

22-05-2025T16:28:08 - [TEST_STEP][PASSED] - homeScreen.goToOutComingDocument(): null

22-05-2025T16:28:18 - [TEST_STEP][PASSED] - outComingDocument.viewInformationDocument(document): null

22-05-2025T16:28:19 - [TEST_STEP][PASSED] - documentInformationScreen.checkDocumentTitle(document): Verify equals GUI: Trình ký 1747905967597 - DATA: Trình ký 1747905967597

22-05-2025T16:28:22 - [MESSAGE][PASSED] - Verify equals GUI: Trình ký 1747905967597 - DATA: Trình ký 1747905967597

22-05-2025T16:28:22 - [TEST_STEP][PASSED] - documentInformationScreen.checkSender(document): Verify equals GUI: Auto Test User 1 - DATA: Auto Test User 1

22-05-2025T16:28:22 - [MESSAGE][PASSED] - Verify equals GUI: Auto Test User 1 - DATA: Auto Test User 1

22-05-2025T16:28:22 - [TEST_STEP][PASSED] - documentInformationScreen.checkStatus(document): Verify equals GUI: Từ chối - DATA: Từ chối

22-05-2025T16:28:22 - [MESSAGE][PASSED] - Verify equals GUI: Từ chối - DATA: Từ chối

22-05-2025T16:28:22 - [TEST_STEP][PASSED] - documentInformationScreen.checkCreateDate(): Verify equals GUI: 22/05/2025 - DATA: 22/05/2025

22-05-2025T16:28:22 - [MESSAGE][PASSED] - Verify equals GUI: 22/05/2025 - DATA: 22/05/2025

22-05-2025T16:28:22 - [TEST_STEP][PASSED] - documentInformationScreen.checkFinishDate(document): Verify equals GUI: 23/05/2025 - DATA: 23/05/2025

22-05-2025T16:28:22 - [MESSAGE][PASSED] - Verify equals GUI: 23/05/2025 - DATA: 23/05/2025

22-05-2025T16:28:22 - [TEST_STEP][PASSED] - documentInformationScreen.checkPriority(document): Verify equals GUI: Cao - DATA: Cao

22-05-2025T16:28:23 - [MESSAGE][PASSED] - Verify equals GUI: Cao - DATA: Cao

22-05-2025T16:28:23 - [TEST_STEP][PASSED] - documentInformationScreen.checkDescription(document): Verify equals GUI: 018 TU CHOI NHANH - DATA: 018 TU CHOI NHANH

22-05-2025T16:28:23 - [MESSAGE][PASSED] - Verify equals GUI: 018 TU CHOI NHANH - DATA: 018 TU CHOI NHANH

22-05-2025T16:28:23 - [TEST_STEP][PASSED] - documentInformationScreen.isAssignerDisplayed(): Check sender not displayed

22-05-2025T16:28:26 - [MESSAGE][PASSED] - Check sender not displayed

22-05-2025T16:28:26 - [TEST_STEP][PASSED] - documentInformationScreen.checkPresentFileName(document): Verify contains GUI: dummy_20250522162659.ozd - DATA: dummy

22-05-2025T16:28:31 - [MESSAGE][PASSED] - Verify contains GUI: dummy_20250522162659.ozd - DATA: dummy

22-05-2025T16:28:31 - [TEST_STEP][PASSED] - documentInformationScreen.checkAttachFileName(document): Expected true condition

22-05-2025T16:28:33 - [MESSAGE][PASSED] - Expected true condition

22-05-2025T16:28:33 - [TEST_STEP][PASSED] - documentInformationScreen.backToHome(): null

22-05-2025T16:28:38 - [TEST_STEP][PASSED] - outComingDocument.checkItemInDocument(): null

22-05-2025T16:28:38 - [TEST_STEP][PASSED] - Start listener action : afterTest: null

22-05-2025T16:28:38 - [TEST_STEP][PASSED] - if (testCaseStatus != "PASSED"): null

22-05-2025T16:28:38 - [TEST_STEP][PASSED] - drivers.Driver.closeApp(): drivers.Driver.closeApp is PASSED

22-05-2025T16:28:38 - [MESSAGE][PASSED] - drivers.Driver.closeApp is PASSED

22-05-2025T16:28:38 - [TEST_STEP][PASSED] - if (tsContext == null): null]]></system-out>
         <system-err><![CDATA[]]></system-err>
      </testcase>
      <testcase name="Test Cases/IPAPER APP/019 TU CHOI CHI TIET_NHAP Y KIEN" time="161.928" classname="Test Cases/IPAPER APP/019 TU CHOI CHI TIET_NHAP Y KIEN" status="FAILED">
         <failure type="FAILED" message="Test Cases/IPAPER APP/019 TU CHOI CHI TIET_NHAP Y KIEN FAILED.&#xa;Reason:&#xa;com.kms.katalon.core.exception.StepFailedException: Verify equals GUI: Auto Test User 1 - DATA: Auto Test User 2&#xa;	at com.kms.katalon.core.util.KeywordUtil.markFailed(KeywordUtil.java:19)&#xa;	at utilities.AssertUtilities.logResult(AssertUtilities.groovy:30)&#xa;	at utilities.AssertUtilities.checkEquals(AssertUtilities.groovy:11)&#xa;	at screens.DocumentInformationScreen.checkSender(DocumentInformationScreen.groovy:112)&#xa;	at 019 TU CHOI CHI TIET_NHAP Y KIEN.run(019 TU CHOI CHI TIET_NHAP Y KIEN:101)&#xa;	at com.kms.katalon.core.main.ScriptEngine.run(ScriptEngine.java:194)&#xa;	at com.kms.katalon.core.main.ScriptEngine.runScriptAsRawText(ScriptEngine.java:119)&#xa;	at com.kms.katalon.core.main.TestCaseExecutor.runScript(TestCaseExecutor.java:448)&#xa;	at com.kms.katalon.core.main.TestCaseExecutor.doExecute(TestCaseExecutor.java:439)&#xa;	at com.kms.katalon.core.main.TestCaseExecutor.processExecutionPhase(TestCaseExecutor.java:418)&#xa;	at com.kms.katalon.core.main.TestCaseExecutor.accessMainPhase(TestCaseExecutor.java:410)&#xa;	at com.kms.katalon.core.main.TestCaseExecutor.execute(TestCaseExecutor.java:285)&#xa;	at com.kms.katalon.core.common.CommonExecutor.accessTestCaseMainPhase(CommonExecutor.java:65)&#xa;	at com.kms.katalon.core.main.TestSuiteExecutor.accessTestSuiteMainPhase(TestSuiteExecutor.java:150)&#xa;	at com.kms.katalon.core.main.TestSuiteExecutor.execute(TestSuiteExecutor.java:106)&#xa;	at com.kms.katalon.core.main.TestCaseMain.startTestSuite(TestCaseMain.java:180)&#xa;	at TempTestSuite1747904187531.run(TempTestSuite1747904187531.groovy:35)&#xa;	at java.base/jdk.internal.reflect.NativeMethodAccessorImpl.invoke0(Native Method)&#xa;	at java.base/jdk.internal.reflect.NativeMethodAccessorImpl.invoke(NativeMethodAccessorImpl.java:77)&#xa;	at java.base/jdk.internal.reflect.DelegatingMethodAccessorImpl.invoke(DelegatingMethodAccessorImpl.java:43)&#xa;"/>
         <system-out><![CDATA[22-05-2025T16:28:38 - [TEST_CASE][FAILED] - Test Cases/IPAPER APP/019 TU CHOI CHI TIET_NHAP Y KIEN: Test Cases/IPAPER APP/019 TU CHOI CHI TIET_NHAP Y KIEN FAILED.
Reason:
com.kms.katalon.core.exception.StepFailedException: Verify equals GUI: Auto Test User 1 - DATA: Auto Test User 2
	at com.kms.katalon.core.util.KeywordUtil.markFailed(KeywordUtil.java:19)
	at utilities.AssertUtilities.logResult(AssertUtilities.groovy:30)
	at utilities.AssertUtilities.checkEquals(AssertUtilities.groovy:11)
	at screens.DocumentInformationScreen.checkSender(DocumentInformationScreen.groovy:112)
	at 019 TU CHOI CHI TIET_NHAP Y KIEN.run(019 TU CHOI CHI TIET_NHAP Y KIEN:101)
	at com.kms.katalon.core.main.ScriptEngine.run(ScriptEngine.java:194)
	at com.kms.katalon.core.main.ScriptEngine.runScriptAsRawText(ScriptEngine.java:119)
	at com.kms.katalon.core.main.TestCaseExecutor.runScript(TestCaseExecutor.java:448)
	at com.kms.katalon.core.main.TestCaseExecutor.doExecute(TestCaseExecutor.java:439)
	at com.kms.katalon.core.main.TestCaseExecutor.processExecutionPhase(TestCaseExecutor.java:418)
	at com.kms.katalon.core.main.TestCaseExecutor.accessMainPhase(TestCaseExecutor.java:410)
	at com.kms.katalon.core.main.TestCaseExecutor.execute(TestCaseExecutor.java:285)
	at com.kms.katalon.core.common.CommonExecutor.accessTestCaseMainPhase(CommonExecutor.java:65)
	at com.kms.katalon.core.main.TestSuiteExecutor.accessTestSuiteMainPhase(TestSuiteExecutor.java:150)
	at com.kms.katalon.core.main.TestSuiteExecutor.execute(TestSuiteExecutor.java:106)
	at com.kms.katalon.core.main.TestCaseMain.startTestSuite(TestCaseMain.java:180)
	at TempTestSuite1747904187531.run(TempTestSuite1747904187531.groovy:35)
	at java.base/jdk.internal.reflect.NativeMethodAccessorImpl.invoke0(Native Method)
	at java.base/jdk.internal.reflect.NativeMethodAccessorImpl.invoke(NativeMethodAccessorImpl.java:77)
	at java.base/jdk.internal.reflect.DelegatingMethodAccessorImpl.invoke(DelegatingMethodAccessorImpl.java:43)


22-05-2025T16:28:38 - [TEST_STEP][PASSED] - Start listener action : beforeTest: drivers.Driver.openApp is PASSED

22-05-2025T16:28:38 - [TEST_STEP][PASSED] - DataTest.init(): null

22-05-2025T16:28:38 - [TEST_STEP][PASSED] - testCaseId = split("/").last(): null

22-05-2025T16:28:38 - [TEST_STEP][PASSED] - if (!(drivers.Driver.isAppiumRunning())): drivers.Driver.isAppiumRunning is PASSED

22-05-2025T16:28:38 - [MESSAGE][INFO] - Appium running: true

22-05-2025T16:28:38 - [MESSAGE][PASSED] - drivers.Driver.isAppiumRunning is PASSED

22-05-2025T16:28:38 - [TEST_STEP][PASSED] - if (driver == null || driver.getSessionId() == null): null

22-05-2025T16:28:38 - [TEST_STEP][PASSED] - drivers.Driver.openApp(): drivers.Driver.openApp is PASSED

22-05-2025T16:28:41 - [MESSAGE][PASSED] - drivers.Driver.openApp is PASSED

22-05-2025T16:28:41 - [TEST_STEP][PASSED] - REQUEST_NAME = "Trình ký PDF có sẵn": null

22-05-2025T16:28:41 - [TEST_STEP][PASSED] - COMMENT = "Commented by automaton test in case 19": null

22-05-2025T16:28:41 - [TEST_STEP][PASSED] - auto5 = DataTest.getUserTest5(): null

22-05-2025T16:28:41 - [TEST_STEP][PASSED] - auto6 = DataTest.getUserTest6(): null

22-05-2025T16:28:41 - [TEST_STEP][PASSED] - document = DataTest.createDocumentTest(auto5, auto6, null, "dummy.pdf", "dummy.pdf"): null

22-05-2025T16:28:41 - [TEST_STEP][PASSED] - loginScreen.login(auto5): null

22-05-2025T16:28:53 - [TEST_STEP][PASSED] - homeScreen.openRequestList(): null

22-05-2025T16:28:59 - [TEST_STEP][PASSED] - homeScreen.createRequest(REQUEST_NAME): null

22-05-2025T16:29:03 - [TEST_STEP][PASSED] - pdfSignScreen.fillInTitle(document.getTitle()): null

22-05-2025T16:29:05 - [TEST_STEP][PASSED] - pdfSignScreen.selectPriority(document.getPriority()): null

22-05-2025T16:29:08 - [TEST_STEP][PASSED] - pdfSignScreen.selectTime(document.getTime()): null

22-05-2025T16:29:10 - [TEST_STEP][PASSED] - pdfSignScreen.fillInDescription(document.getDescription()): null

22-05-2025T16:29:12 - [TEST_STEP][PASSED] - pdfSignScreen.selectAssigner(getAssigner().getEmail()): null

22-05-2025T16:29:18 - [TEST_STEP][PASSED] - pdfSignScreen.openMainFileBrowser(): null

22-05-2025T16:29:23 - [TEST_STEP][PASSED] - fileBrowserScreen.attachFile(document.getMainFileName()): null

22-05-2025T16:29:32 - [TEST_STEP][PASSED] - pdfSignScreen.openSubFileBrowser(): null

22-05-2025T16:29:33 - [TEST_STEP][PASSED] - fileBrowserScreen.attachFile(document.getSubFileName()): null

22-05-2025T16:29:43 - [TEST_STEP][PASSED] - pdfSignScreen.performAction(SEND_APPROVE): null

22-05-2025T16:29:46 - [TEST_STEP][PASSED] - pdfSignScreen.fillInOpinion(document.getComment()): null

22-05-2025T16:29:47 - [TEST_STEP][PASSED] - pdfSignScreen.submitRequest(): null

22-05-2025T16:29:55 - [TEST_STEP][PASSED] - documentInformationScreen.backToHome(): null

22-05-2025T16:29:55 - [TEST_STEP][PASSED] - homeScreen.logout(): null

22-05-2025T16:30:03 - [TEST_STEP][PASSED] - document.setStatus(WAIT_APPROVE): null

22-05-2025T16:30:03 - [TEST_STEP][PASSED] - document.setAssigner(auto5): null

22-05-2025T16:30:03 - [TEST_STEP][PASSED] - loginScreen.login(auto6): null

22-05-2025T16:30:17 - [TEST_STEP][PASSED] - homeScreen.goToIncomingDocument(): null

22-05-2025T16:30:17 - [TEST_STEP][PASSED] - inComingDocument.viewInformationDocument(document): View document Trình ký 1747906121325

22-05-2025T16:30:17 - [MESSAGE][INFO] - View document Trình ký 1747906121325

22-05-2025T16:30:28 - [TEST_STEP][PASSED] - documentInformationScreen.checkDocumentTitle(document): Verify equals GUI: Trình ký 1747906121325 - DATA: Trình ký 1747906121325

22-05-2025T16:30:28 - [MESSAGE][PASSED] - Verify equals GUI: Trình ký 1747906121325 - DATA: Trình ký 1747906121325

22-05-2025T16:30:28 - [TEST_STEP][PASSED] - documentInformationScreen.checkSender(document): Verify equals GUI: Auto Test User 1 - DATA: Auto Test User 1

22-05-2025T16:30:28 - [MESSAGE][PASSED] - Verify equals GUI: Auto Test User 1 - DATA: Auto Test User 1

22-05-2025T16:30:28 - [TEST_STEP][PASSED] - documentInformationScreen.checkStatus(document): Verify equals GUI: Chờ giám sát phê duyệt - DATA: Chờ giám sát phê duyệt

22-05-2025T16:30:28 - [MESSAGE][PASSED] - Verify equals GUI: Chờ giám sát phê duyệt - DATA: Chờ giám sát phê duyệt

22-05-2025T16:30:28 - [TEST_STEP][PASSED] - documentInformationScreen.checkCreateDate(): Verify equals GUI: 22/05/2025 - DATA: 22/05/2025

22-05-2025T16:30:28 - [MESSAGE][PASSED] - Verify equals GUI: 22/05/2025 - DATA: 22/05/2025

22-05-2025T16:30:28 - [TEST_STEP][PASSED] - documentInformationScreen.checkFinishDate(document): Verify equals GUI: 23/05/2025 - DATA: 23/05/2025

22-05-2025T16:30:29 - [MESSAGE][PASSED] - Verify equals GUI: 23/05/2025 - DATA: 23/05/2025

22-05-2025T16:30:29 - [TEST_STEP][PASSED] - documentInformationScreen.checkPriority(document): Verify equals GUI: Bình thường - DATA: Bình thường

22-05-2025T16:30:29 - [MESSAGE][PASSED] - Verify equals GUI: Bình thường - DATA: Bình thường

22-05-2025T16:30:29 - [TEST_STEP][PASSED] - documentInformationScreen.checkDescription(document): Verify equals GUI: 019 TU CHOI CHI TIET_NHAP Y KIEN - DATA: 019 TU CHOI CHI TIET_NHAP Y KIEN

22-05-2025T16:30:29 - [MESSAGE][PASSED] - Verify equals GUI: 019 TU CHOI CHI TIET_NHAP Y KIEN - DATA: 019 TU CHOI CHI TIET_NHAP Y KIEN

22-05-2025T16:30:29 - [TEST_STEP][PASSED] - documentInformationScreen.checkAssigner(document): Verify contains GUI: auto1@hdbank.com.vn - DATA: auto1@hdbank.com.vn

22-05-2025T16:30:30 - [MESSAGE][PASSED] - Verify contains GUI: auto1@hdbank.com.vn - DATA: auto1@hdbank.com.vn

22-05-2025T16:30:30 - [TEST_STEP][PASSED] - documentInformationScreen.checkPresentFileName(document): Verify contains GUI: dummy_20250522162932.ozd - DATA: dummy

22-05-2025T16:30:31 - [MESSAGE][PASSED] - Verify contains GUI: dummy_20250522162932.ozd - DATA: dummy

22-05-2025T16:30:31 - [TEST_STEP][PASSED] - documentInformationScreen.checkAttachFileName(document): Expected true condition

22-05-2025T16:30:33 - [MESSAGE][PASSED] - Expected true condition

22-05-2025T16:30:33 - [TEST_STEP][PASSED] - document.setSender(auto6): null

22-05-2025T16:30:33 - [TEST_STEP][PASSED] - documentInformationScreen.performAction(document, REJECT, COMMENT): null

22-05-2025T16:30:41 - [TEST_STEP][PASSED] - documentInformationScreen.backToHome(): null

22-05-2025T16:30:42 - [TEST_STEP][PASSED] - inComingDocument.checkItemInDocument(): null

22-05-2025T16:30:42 - [TEST_STEP][PASSED] - homeScreen.goToOutComingDocument(): null

22-05-2025T16:30:52 - [TEST_STEP][PASSED] - outComingDocument.viewInformationDocument(document): null

22-05-2025T16:30:53 - [TEST_STEP][PASSED] - documentInformationScreen.checkDocumentTitle(document): Verify equals GUI: Trình ký 1747906121325 - DATA: Trình ký 1747906121325

22-05-2025T16:31:01 - [MESSAGE][PASSED] - Verify equals GUI: Trình ký 1747906121325 - DATA: Trình ký 1747906121325

22-05-2025T16:31:01 - [TEST_STEP][FAILED] - documentInformationScreen.checkSender(document): Verify equals GUI: Auto Test User 1 - DATA: Auto Test User 2

22-05-2025T16:31:01 - [MESSAGE][FAILED] - Verify equals GUI: Auto Test User 1 - DATA: Auto Test User 2

22-05-2025T16:31:01 - [TEST_STEP][PASSED] - documentInformationScreen.checkStatus(document): Verify equals GUI: Từ chối - DATA: Từ chối

22-05-2025T16:31:01 - [MESSAGE][PASSED] - Verify equals GUI: Từ chối - DATA: Từ chối

22-05-2025T16:31:01 - [TEST_STEP][PASSED] - documentInformationScreen.checkCreateDate(): Verify equals GUI: 22/05/2025 - DATA: 22/05/2025

22-05-2025T16:31:01 - [MESSAGE][PASSED] - Verify equals GUI: 22/05/2025 - DATA: 22/05/2025

22-05-2025T16:31:01 - [TEST_STEP][PASSED] - documentInformationScreen.checkFinishDate(document): Verify equals GUI: 23/05/2025 - DATA: 23/05/2025

22-05-2025T16:31:02 - [MESSAGE][PASSED] - Verify equals GUI: 23/05/2025 - DATA: 23/05/2025

22-05-2025T16:31:02 - [TEST_STEP][PASSED] - documentInformationScreen.checkPriority(document): Verify equals GUI: Bình thường - DATA: Bình thường

22-05-2025T16:31:02 - [MESSAGE][PASSED] - Verify equals GUI: Bình thường - DATA: Bình thường

22-05-2025T16:31:02 - [TEST_STEP][PASSED] - documentInformationScreen.isAssignerDisplayed(): Check sender not displayed

22-05-2025T16:31:05 - [MESSAGE][PASSED] - Check sender not displayed

22-05-2025T16:31:05 - [TEST_STEP][PASSED] - documentInformationScreen.checkDescription(document): Verify equals GUI: 019 TU CHOI CHI TIET_NHAP Y KIEN - DATA: 019 TU CHOI CHI TIET_NHAP Y KIEN

22-05-2025T16:31:05 - [MESSAGE][PASSED] - Verify equals GUI: 019 TU CHOI CHI TIET_NHAP Y KIEN - DATA: 019 TU CHOI CHI TIET_NHAP Y KIEN

22-05-2025T16:31:05 - [TEST_STEP][PASSED] - documentInformationScreen.checkPresentFileName(document): Verify contains GUI: dummy_20250522162932.ozd - DATA: dummy

22-05-2025T16:31:11 - [MESSAGE][PASSED] - Verify contains GUI: dummy_20250522162932.ozd - DATA: dummy

22-05-2025T16:31:11 - [TEST_STEP][PASSED] - documentInformationScreen.checkAttachFileName(document): Expected true condition

22-05-2025T16:31:12 - [MESSAGE][PASSED] - Expected true condition

22-05-2025T16:31:12 - [TEST_STEP][PASSED] - documentInformationScreen.checkComment(auto6, COMMENT): Check comment of Auto Test User 2 is Commented by automaton test in case 19

22-05-2025T16:31:14 - [MESSAGE][INFO] - GUI COMMENT: Commented by automaton test in case 19 - DATA COMMENT: Commented by automaton test in case 19

22-05-2025T16:31:14 - [MESSAGE][PASSED] - Check comment of Auto Test User 2 is Commented by automaton test in case 19

22-05-2025T16:31:14 - [TEST_STEP][PASSED] - documentInformationScreen.backToHome(): null

22-05-2025T16:31:19 - [TEST_STEP][PASSED] - inComingDocument.checkItemInDocument(): null

22-05-2025T16:31:19 - [TEST_STEP][PASSED] - Start listener action : afterTest: null

22-05-2025T16:31:19 - [TEST_STEP][PASSED] - if (testCaseStatus != "PASSED"): Screenshot is taken

22-05-2025T16:31:19 - [TEST_STEP][PASSED] - takeScreenshot(ErrorScreen/$GlobalVariable.PLATFORM/$testCaseContext.getTestCaseId().png): Screenshot is taken

22-05-2025T16:31:19 - [MESSAGE][PASSED] - Screenshot is taken
[[ATTACHMENT|ErrorScreen/Android/Test Cases/IPAPER APP/019 TU CHOI CHI TIET_NHAP Y KIEN.png]]

22-05-2025T16:31:19 - [TEST_STEP][PASSED] - drivers.Driver.closeApp(): drivers.Driver.closeApp is PASSED

22-05-2025T16:31:20 - [MESSAGE][PASSED] - drivers.Driver.closeApp is PASSED

22-05-2025T16:31:20 - [TEST_STEP][PASSED] - if (tsContext == null): null]]></system-out>
         <system-err><![CDATA[22-05-2025T16:28:38 - [TEST_CASE][FAILED] - Test Cases/IPAPER APP/019 TU CHOI CHI TIET_NHAP Y KIEN: Test Cases/IPAPER APP/019 TU CHOI CHI TIET_NHAP Y KIEN FAILED.
Reason:
com.kms.katalon.core.exception.StepFailedException: Verify equals GUI: Auto Test User 1 - DATA: Auto Test User 2
	at com.kms.katalon.core.util.KeywordUtil.markFailed(KeywordUtil.java:19)
	at utilities.AssertUtilities.logResult(AssertUtilities.groovy:30)
	at utilities.AssertUtilities.checkEquals(AssertUtilities.groovy:11)
	at screens.DocumentInformationScreen.checkSender(DocumentInformationScreen.groovy:112)
	at 019 TU CHOI CHI TIET_NHAP Y KIEN.run(019 TU CHOI CHI TIET_NHAP Y KIEN:101)
	at com.kms.katalon.core.main.ScriptEngine.run(ScriptEngine.java:194)
	at com.kms.katalon.core.main.ScriptEngine.runScriptAsRawText(ScriptEngine.java:119)
	at com.kms.katalon.core.main.TestCaseExecutor.runScript(TestCaseExecutor.java:448)
	at com.kms.katalon.core.main.TestCaseExecutor.doExecute(TestCaseExecutor.java:439)
	at com.kms.katalon.core.main.TestCaseExecutor.processExecutionPhase(TestCaseExecutor.java:418)
	at com.kms.katalon.core.main.TestCaseExecutor.accessMainPhase(TestCaseExecutor.java:410)
	at com.kms.katalon.core.main.TestCaseExecutor.execute(TestCaseExecutor.java:285)
	at com.kms.katalon.core.common.CommonExecutor.accessTestCaseMainPhase(CommonExecutor.java:65)
	at com.kms.katalon.core.main.TestSuiteExecutor.accessTestSuiteMainPhase(TestSuiteExecutor.java:150)
	at com.kms.katalon.core.main.TestSuiteExecutor.execute(TestSuiteExecutor.java:106)
	at com.kms.katalon.core.main.TestCaseMain.startTestSuite(TestCaseMain.java:180)
	at TempTestSuite1747904187531.run(TempTestSuite1747904187531.groovy:35)
	at java.base/jdk.internal.reflect.NativeMethodAccessorImpl.invoke0(Native Method)
	at java.base/jdk.internal.reflect.NativeMethodAccessorImpl.invoke(NativeMethodAccessorImpl.java:77)
	at java.base/jdk.internal.reflect.DelegatingMethodAccessorImpl.invoke(DelegatingMethodAccessorImpl.java:43)]]></system-err>
      </testcase>
      <testcase name="Test Cases/IPAPER APP/021 TU CHOI TẠI MAIN FILE_NHAP Y KIEN" time="66.569" classname="Test Cases/IPAPER APP/021 TU CHOI TẠI MAIN FILE_NHAP Y KIEN" status="ERROR">
         <error type="ERROR" message="Test Cases/IPAPER APP/021 TU CHOI TẠI MAIN FILE_NHAP Y KIEN FAILED.&#xa;Reason:&#xa;org.openqa.selenium.TimeoutException: Expected condition failed: waiting for base.BaseKeyword$Trait$Helper$_waitForPresentOf_closure1@3e69185 (tried for 30 second(s) with 500 milliseconds interval)&#xa;Build info: version: '3.141.59', revision: 'unknown', time: 'unknown'&#xa;System info: host: 'Cuong-Mac.local', ip: 'fe80:0:0:0:c43:6797:ebf2:3aad%en0', os.name: 'Mac OS X', os.arch: 'aarch64', os.version: '15.5', java.version: '17.0.7'&#xa;Driver info: com.kms.katalon.core.appium.driver.SwipeableAndroidDriver&#xa;Capabilities {automationName: UiAutomator2, databaseEnabled: false, desired: {automationName: UiAutomator2, deviceName: af0c5cf7, noReset: true, platformName: android, waitForIdleTimeout: 3000}, deviceApiLevel: 35, deviceManufacturer: OPPO, deviceModel: CPH2699, deviceName: af0c5cf7, deviceScreenDensity: 480, deviceScreenSize: 1080x2400, deviceUDID: af0c5cf7, javascriptEnabled: true, locationContextEnabled: false, networkConnectionEnabled: true, noReset: true, pixelRatio: 3, platform: LINUX, platformName: Android, platformVersion: 15, statBarHeight: 120, takesScreenshot: true, viewportRect: {height: 2280, left: 0, top: 120, width: 1080}, waitForIdleTimeout: 3000, warnings: {}, webStorageEnabled: false}&#xa;Session ID: 42b39363-2c25-472a-b49b-4e8f3ae7bc31&#xa;	at org.openqa.selenium.support.ui.WebDriverWait.timeoutException(WebDriverWait.java:95)&#xa;	at org.openqa.selenium.support.ui.FluentWait.until(FluentWait.java:272)&#xa;	at base.BaseKeyword$Trait$Helper.waitForPresentOf(BaseKeyword.groovy:345)&#xa;	at screens.HomeScreen.waitForPresentOf(HomeScreen.groovy)&#xa;	at screens.HomeScreen.createRequest(HomeScreen.groovy:101)&#xa;	at 021 TU CHOI TẠI MAIN FILE_NHAP Y KIEN.run(021 TU CHOI TẠI MAIN FILE_NHAP Y KIEN:22)&#xa;	at com.kms.katalon.core.main.ScriptEngine.run(ScriptEngine.java:194)&#xa;	at com.kms.katalon.core.main.ScriptEngine.runScriptAsRawText(ScriptEngine.java:119)&#xa;	at com.kms.katalon.core.main.TestCaseExecutor.runScript(TestCaseExecutor.java:448)&#xa;	at com.kms.katalon.core.main.TestCaseExecutor.doExecute(TestCaseExecutor.java:439)&#xa;	at com.kms.katalon.core.main.TestCaseExecutor.processExecutionPhase(TestCaseExecutor.java:418)&#xa;	at com.kms.katalon.core.main.TestCaseExecutor.accessMainPhase(TestCaseExecutor.java:410)&#xa;	at com.kms.katalon.core.main.TestCaseExecutor.execute(TestCaseExecutor.java:285)&#xa;	at com.kms.katalon.core.common.CommonExecutor.accessTestCaseMainPhase(CommonExecutor.java:65)&#xa;	at com.kms.katalon.core.main.TestSuiteExecutor.accessTestSuiteMainPhase(TestSuiteExecutor.java:150)&#xa;	at com.kms.katalon.core.main.TestSuiteExecutor.execute(TestSuiteExecutor.java:106)&#xa;	at com.kms.katalon.core.main.TestCaseMain.startTestSuite(TestCaseMain.java:180)&#xa;	at TempTestSuite1747904187531.run(TempTestSuite1747904187531.groovy:35)&#xa;	at java.base/jdk.internal.reflect.NativeMethodAccessorImpl.invoke0(Native Method)&#xa;	at java.base/jdk.internal.reflect.NativeMethodAccessorImpl.invoke(NativeMethodAccessorImpl.java:77)&#xa;	at java.base/jdk.internal.reflect.DelegatingMethodAccessorImpl.invoke(DelegatingMethodAccessorImpl.java:43)&#xa;"/>
         <system-out><![CDATA[22-05-2025T16:31:20 - [TEST_CASE][ERROR] - Test Cases/IPAPER APP/021 TU CHOI TẠI MAIN FILE_NHAP Y KIEN: Test Cases/IPAPER APP/021 TU CHOI TẠI MAIN FILE_NHAP Y KIEN FAILED.
Reason:
org.openqa.selenium.TimeoutException: Expected condition failed: waiting for base.BaseKeyword$Trait$Helper$_waitForPresentOf_closure1@3e69185 (tried for 30 second(s) with 500 milliseconds interval)
Build info: version: '3.141.59', revision: 'unknown', time: 'unknown'
System info: host: 'Cuong-Mac.local', ip: 'fe80:0:0:0:c43:6797:ebf2:3aad%en0', os.name: 'Mac OS X', os.arch: 'aarch64', os.version: '15.5', java.version: '17.0.7'
Driver info: com.kms.katalon.core.appium.driver.SwipeableAndroidDriver
Capabilities {automationName: UiAutomator2, databaseEnabled: false, desired: {automationName: UiAutomator2, deviceName: af0c5cf7, noReset: true, platformName: android, waitForIdleTimeout: 3000}, deviceApiLevel: 35, deviceManufacturer: OPPO, deviceModel: CPH2699, deviceName: af0c5cf7, deviceScreenDensity: 480, deviceScreenSize: 1080x2400, deviceUDID: af0c5cf7, javascriptEnabled: true, locationContextEnabled: false, networkConnectionEnabled: true, noReset: true, pixelRatio: 3, platform: LINUX, platformName: Android, platformVersion: 15, statBarHeight: 120, takesScreenshot: true, viewportRect: {height: 2280, left: 0, top: 120, width: 1080}, waitForIdleTimeout: 3000, warnings: {}, webStorageEnabled: false}
Session ID: 42b39363-2c25-472a-b49b-4e8f3ae7bc31
	at org.openqa.selenium.support.ui.WebDriverWait.timeoutException(WebDriverWait.java:95)
	at org.openqa.selenium.support.ui.FluentWait.until(FluentWait.java:272)
	at base.BaseKeyword$Trait$Helper.waitForPresentOf(BaseKeyword.groovy:345)
	at screens.HomeScreen.waitForPresentOf(HomeScreen.groovy)
	at screens.HomeScreen.createRequest(HomeScreen.groovy:101)
	at 021 TU CHOI TẠI MAIN FILE_NHAP Y KIEN.run(021 TU CHOI TẠI MAIN FILE_NHAP Y KIEN:22)
	at com.kms.katalon.core.main.ScriptEngine.run(ScriptEngine.java:194)
	at com.kms.katalon.core.main.ScriptEngine.runScriptAsRawText(ScriptEngine.java:119)
	at com.kms.katalon.core.main.TestCaseExecutor.runScript(TestCaseExecutor.java:448)
	at com.kms.katalon.core.main.TestCaseExecutor.doExecute(TestCaseExecutor.java:439)
	at com.kms.katalon.core.main.TestCaseExecutor.processExecutionPhase(TestCaseExecutor.java:418)
	at com.kms.katalon.core.main.TestCaseExecutor.accessMainPhase(TestCaseExecutor.java:410)
	at com.kms.katalon.core.main.TestCaseExecutor.execute(TestCaseExecutor.java:285)
	at com.kms.katalon.core.common.CommonExecutor.accessTestCaseMainPhase(CommonExecutor.java:65)
	at com.kms.katalon.core.main.TestSuiteExecutor.accessTestSuiteMainPhase(TestSuiteExecutor.java:150)
	at com.kms.katalon.core.main.TestSuiteExecutor.execute(TestSuiteExecutor.java:106)
	at com.kms.katalon.core.main.TestCaseMain.startTestSuite(TestCaseMain.java:180)
	at TempTestSuite1747904187531.run(TempTestSuite1747904187531.groovy:35)
	at java.base/jdk.internal.reflect.NativeMethodAccessorImpl.invoke0(Native Method)
	at java.base/jdk.internal.reflect.NativeMethodAccessorImpl.invoke(NativeMethodAccessorImpl.java:77)
	at java.base/jdk.internal.reflect.DelegatingMethodAccessorImpl.invoke(DelegatingMethodAccessorImpl.java:43)


22-05-2025T16:31:20 - [TEST_STEP][PASSED] - Start listener action : beforeTest: drivers.Driver.openApp is PASSED

22-05-2025T16:31:20 - [TEST_STEP][PASSED] - DataTest.init(): null

22-05-2025T16:31:20 - [TEST_STEP][PASSED] - testCaseId = split("/").last(): null

22-05-2025T16:31:20 - [TEST_STEP][PASSED] - if (!(drivers.Driver.isAppiumRunning())): drivers.Driver.isAppiumRunning is PASSED

22-05-2025T16:31:20 - [MESSAGE][INFO] - Appium running: true

22-05-2025T16:31:20 - [MESSAGE][PASSED] - drivers.Driver.isAppiumRunning is PASSED

22-05-2025T16:31:20 - [TEST_STEP][PASSED] - if (driver == null || driver.getSessionId() == null): null

22-05-2025T16:31:20 - [TEST_STEP][PASSED] - drivers.Driver.openApp(): drivers.Driver.openApp is PASSED

22-05-2025T16:31:23 - [MESSAGE][PASSED] - drivers.Driver.openApp is PASSED

22-05-2025T16:31:23 - [TEST_STEP][PASSED] - REQUEST_NAME = "Trình ký PDF có sẵn": null

22-05-2025T16:31:23 - [TEST_STEP][PASSED] - COMMENT = "Commented by automation team in case 21": null

22-05-2025T16:31:23 - [TEST_STEP][PASSED] - auto5 = DataTest.getUserTest5(): null

22-05-2025T16:31:23 - [TEST_STEP][PASSED] - auto6 = DataTest.getUserTest6(): null

22-05-2025T16:31:23 - [TEST_STEP][PASSED] - document = DataTest.createDocumentTest(auto5, auto6, null, "dummy.pdf", "dummy.pdf"): null

22-05-2025T16:31:23 - [TEST_STEP][PASSED] - loginScreen.login(auto5): null

22-05-2025T16:31:48 - [TEST_STEP][PASSED] - homeScreen.openRequestList(): null

22-05-2025T16:31:53 - [TEST_STEP][ERROR] - homeScreen.createRequest(REQUEST_NAME): Test Cases/IPAPER APP/021 TU CHOI TẠI MAIN FILE_NHAP Y KIEN FAILED.
Reason:
org.openqa.selenium.TimeoutException: Expected condition failed: waiting for base.BaseKeyword$Trait$Helper$_waitForPresentOf_closure1@3e69185 (tried for 30 second(s) with 500 milliseconds interval)
Build info: version: '3.141.59', revision: 'unknown', time: 'unknown'
System info: host: 'Cuong-Mac.local', ip: 'fe80:0:0:0:c43:6797:ebf2:3aad%en0', os.name: 'Mac OS X', os.arch: 'aarch64', os.version: '15.5', java.version: '17.0.7'
Driver info: com.kms.katalon.core.appium.driver.SwipeableAndroidDriver
Capabilities {automationName: UiAutomator2, databaseEnabled: false, desired: {automationName: UiAutomator2, deviceName: af0c5cf7, noReset: true, platformName: android, waitForIdleTimeout: 3000}, deviceApiLevel: 35, deviceManufacturer: OPPO, deviceModel: CPH2699, deviceName: af0c5cf7, deviceScreenDensity: 480, deviceScreenSize: 1080x2400, deviceUDID: af0c5cf7, javascriptEnabled: true, locationContextEnabled: false, networkConnectionEnabled: true, noReset: true, pixelRatio: 3, platform: LINUX, platformName: Android, platformVersion: 15, statBarHeight: 120, takesScreenshot: true, viewportRect: {height: 2280, left: 0, top: 120, width: 1080}, waitForIdleTimeout: 3000, warnings: {}, webStorageEnabled: false}
Session ID: 42b39363-2c25-472a-b49b-4e8f3ae7bc31
	at org.openqa.selenium.support.ui.WebDriverWait.timeoutException(WebDriverWait.java:95)
	at org.openqa.selenium.support.ui.FluentWait.until(FluentWait.java:272)
	at base.BaseKeyword$Trait$Helper.waitForPresentOf(BaseKeyword.groovy:345)
	at screens.HomeScreen.waitForPresentOf(HomeScreen.groovy)
	at screens.HomeScreen.createRequest(HomeScreen.groovy:101)
	at 021 TU CHOI TẠI MAIN FILE_NHAP Y KIEN.run(021 TU CHOI TẠI MAIN FILE_NHAP Y KIEN:22)
	at com.kms.katalon.core.main.ScriptEngine.run(ScriptEngine.java:194)
	at com.kms.katalon.core.main.ScriptEngine.runScriptAsRawText(ScriptEngine.java:119)
	at com.kms.katalon.core.main.TestCaseExecutor.runScript(TestCaseExecutor.java:448)
	at com.kms.katalon.core.main.TestCaseExecutor.doExecute(TestCaseExecutor.java:439)
	at com.kms.katalon.core.main.TestCaseExecutor.processExecutionPhase(TestCaseExecutor.java:418)
	at com.kms.katalon.core.main.TestCaseExecutor.accessMainPhase(TestCaseExecutor.java:410)
	at com.kms.katalon.core.main.TestCaseExecutor.execute(TestCaseExecutor.java:285)
	at com.kms.katalon.core.common.CommonExecutor.accessTestCaseMainPhase(CommonExecutor.java:65)
	at com.kms.katalon.core.main.TestSuiteExecutor.accessTestSuiteMainPhase(TestSuiteExecutor.java:150)
	at com.kms.katalon.core.main.TestSuiteExecutor.execute(TestSuiteExecutor.java:106)
	at com.kms.katalon.core.main.TestCaseMain.startTestSuite(TestCaseMain.java:180)
	at TempTestSuite1747904187531.run(TempTestSuite1747904187531.groovy:35)
	at java.base/jdk.internal.reflect.NativeMethodAccessorImpl.invoke0(Native Method)
	at java.base/jdk.internal.reflect.NativeMethodAccessorImpl.invoke(NativeMethodAccessorImpl.java:77)
	at java.base/jdk.internal.reflect.DelegatingMethodAccessorImpl.invoke(DelegatingMethodAccessorImpl.java:43)


22-05-2025T16:32:25 - [MESSAGE][ERROR] - Test Cases/IPAPER APP/021 TU CHOI TẠI MAIN FILE_NHAP Y KIEN FAILED.
Reason:
org.openqa.selenium.TimeoutException: Expected condition failed: waiting for base.BaseKeyword$Trait$Helper$_waitForPresentOf_closure1@3e69185 (tried for 30 second(s) with 500 milliseconds interval)
Build info: version: '3.141.59', revision: 'unknown', time: 'unknown'
System info: host: 'Cuong-Mac.local', ip: 'fe80:0:0:0:c43:6797:ebf2:3aad%en0', os.name: 'Mac OS X', os.arch: 'aarch64', os.version: '15.5', java.version: '17.0.7'
Driver info: com.kms.katalon.core.appium.driver.SwipeableAndroidDriver
Capabilities {automationName: UiAutomator2, databaseEnabled: false, desired: {automationName: UiAutomator2, deviceName: af0c5cf7, noReset: true, platformName: android, waitForIdleTimeout: 3000}, deviceApiLevel: 35, deviceManufacturer: OPPO, deviceModel: CPH2699, deviceName: af0c5cf7, deviceScreenDensity: 480, deviceScreenSize: 1080x2400, deviceUDID: af0c5cf7, javascriptEnabled: true, locationContextEnabled: false, networkConnectionEnabled: true, noReset: true, pixelRatio: 3, platform: LINUX, platformName: Android, platformVersion: 15, statBarHeight: 120, takesScreenshot: true, viewportRect: {height: 2280, left: 0, top: 120, width: 1080}, waitForIdleTimeout: 3000, warnings: {}, webStorageEnabled: false}
Session ID: 42b39363-2c25-472a-b49b-4e8f3ae7bc31
	at org.openqa.selenium.support.ui.WebDriverWait.timeoutException(WebDriverWait.java:95)
	at org.openqa.selenium.support.ui.FluentWait.until(FluentWait.java:272)
	at base.BaseKeyword$Trait$Helper.waitForPresentOf(BaseKeyword.groovy:345)
	at screens.HomeScreen.waitForPresentOf(HomeScreen.groovy)
	at screens.HomeScreen.createRequest(HomeScreen.groovy:101)
	at 021 TU CHOI TẠI MAIN FILE_NHAP Y KIEN.run(021 TU CHOI TẠI MAIN FILE_NHAP Y KIEN:22)
	at com.kms.katalon.core.main.ScriptEngine.run(ScriptEngine.java:194)
	at com.kms.katalon.core.main.ScriptEngine.runScriptAsRawText(ScriptEngine.java:119)
	at com.kms.katalon.core.main.TestCaseExecutor.runScript(TestCaseExecutor.java:448)
	at com.kms.katalon.core.main.TestCaseExecutor.doExecute(TestCaseExecutor.java:439)
	at com.kms.katalon.core.main.TestCaseExecutor.processExecutionPhase(TestCaseExecutor.java:418)
	at com.kms.katalon.core.main.TestCaseExecutor.accessMainPhase(TestCaseExecutor.java:410)
	at com.kms.katalon.core.main.TestCaseExecutor.execute(TestCaseExecutor.java:285)
	at com.kms.katalon.core.common.CommonExecutor.accessTestCaseMainPhase(CommonExecutor.java:65)
	at com.kms.katalon.core.main.TestSuiteExecutor.accessTestSuiteMainPhase(TestSuiteExecutor.java:150)
	at com.kms.katalon.core.main.TestSuiteExecutor.execute(TestSuiteExecutor.java:106)
	at com.kms.katalon.core.main.TestCaseMain.startTestSuite(TestCaseMain.java:180)
	at TempTestSuite1747904187531.run(TempTestSuite1747904187531.groovy:35)
	at java.base/jdk.internal.reflect.NativeMethodAccessorImpl.invoke0(Native Method)
	at java.base/jdk.internal.reflect.NativeMethodAccessorImpl.invoke(NativeMethodAccessorImpl.java:77)
	at java.base/jdk.internal.reflect.DelegatingMethodAccessorImpl.invoke(DelegatingMethodAccessorImpl.java:43)


22-05-2025T16:32:25 - [TEST_STEP][PASSED] - Start listener action : afterTest: null

22-05-2025T16:32:25 - [TEST_STEP][PASSED] - if (testCaseStatus != "PASSED"): Screenshot is taken

22-05-2025T16:32:25 - [TEST_STEP][PASSED] - takeScreenshot(ErrorScreen/$GlobalVariable.PLATFORM/$testCaseContext.getTestCaseId().png): Screenshot is taken

22-05-2025T16:32:26 - [MESSAGE][PASSED] - Screenshot is taken
[[ATTACHMENT|ErrorScreen/Android/Test Cases/IPAPER APP/021 TU CHOI TẠI MAIN FILE_NHAP Y KIEN.png]]

22-05-2025T16:32:26 - [TEST_STEP][PASSED] - drivers.Driver.closeApp(): drivers.Driver.closeApp is PASSED

22-05-2025T16:32:27 - [MESSAGE][PASSED] - drivers.Driver.closeApp is PASSED

22-05-2025T16:32:27 - [TEST_STEP][PASSED] - if (tsContext == null): null]]></system-out>
         <system-err><![CDATA[22-05-2025T16:31:20 - [TEST_CASE][ERROR] - Test Cases/IPAPER APP/021 TU CHOI TẠI MAIN FILE_NHAP Y KIEN: Test Cases/IPAPER APP/021 TU CHOI TẠI MAIN FILE_NHAP Y KIEN FAILED.
Reason:
org.openqa.selenium.TimeoutException: Expected condition failed: waiting for base.BaseKeyword$Trait$Helper$_waitForPresentOf_closure1@3e69185 (tried for 30 second(s) with 500 milliseconds interval)
Build info: version: '3.141.59', revision: 'unknown', time: 'unknown'
System info: host: 'Cuong-Mac.local', ip: 'fe80:0:0:0:c43:6797:ebf2:3aad%en0', os.name: 'Mac OS X', os.arch: 'aarch64', os.version: '15.5', java.version: '17.0.7'
Driver info: com.kms.katalon.core.appium.driver.SwipeableAndroidDriver
Capabilities {automationName: UiAutomator2, databaseEnabled: false, desired: {automationName: UiAutomator2, deviceName: af0c5cf7, noReset: true, platformName: android, waitForIdleTimeout: 3000}, deviceApiLevel: 35, deviceManufacturer: OPPO, deviceModel: CPH2699, deviceName: af0c5cf7, deviceScreenDensity: 480, deviceScreenSize: 1080x2400, deviceUDID: af0c5cf7, javascriptEnabled: true, locationContextEnabled: false, networkConnectionEnabled: true, noReset: true, pixelRatio: 3, platform: LINUX, platformName: Android, platformVersion: 15, statBarHeight: 120, takesScreenshot: true, viewportRect: {height: 2280, left: 0, top: 120, width: 1080}, waitForIdleTimeout: 3000, warnings: {}, webStorageEnabled: false}
Session ID: 42b39363-2c25-472a-b49b-4e8f3ae7bc31
	at org.openqa.selenium.support.ui.WebDriverWait.timeoutException(WebDriverWait.java:95)
	at org.openqa.selenium.support.ui.FluentWait.until(FluentWait.java:272)
	at base.BaseKeyword$Trait$Helper.waitForPresentOf(BaseKeyword.groovy:345)
	at screens.HomeScreen.waitForPresentOf(HomeScreen.groovy)
	at screens.HomeScreen.createRequest(HomeScreen.groovy:101)
	at 021 TU CHOI TẠI MAIN FILE_NHAP Y KIEN.run(021 TU CHOI TẠI MAIN FILE_NHAP Y KIEN:22)
	at com.kms.katalon.core.main.ScriptEngine.run(ScriptEngine.java:194)
	at com.kms.katalon.core.main.ScriptEngine.runScriptAsRawText(ScriptEngine.java:119)
	at com.kms.katalon.core.main.TestCaseExecutor.runScript(TestCaseExecutor.java:448)
	at com.kms.katalon.core.main.TestCaseExecutor.doExecute(TestCaseExecutor.java:439)
	at com.kms.katalon.core.main.TestCaseExecutor.processExecutionPhase(TestCaseExecutor.java:418)
	at com.kms.katalon.core.main.TestCaseExecutor.accessMainPhase(TestCaseExecutor.java:410)
	at com.kms.katalon.core.main.TestCaseExecutor.execute(TestCaseExecutor.java:285)
	at com.kms.katalon.core.common.CommonExecutor.accessTestCaseMainPhase(CommonExecutor.java:65)
	at com.kms.katalon.core.main.TestSuiteExecutor.accessTestSuiteMainPhase(TestSuiteExecutor.java:150)
	at com.kms.katalon.core.main.TestSuiteExecutor.execute(TestSuiteExecutor.java:106)
	at com.kms.katalon.core.main.TestCaseMain.startTestSuite(TestCaseMain.java:180)
	at TempTestSuite1747904187531.run(TempTestSuite1747904187531.groovy:35)
	at java.base/jdk.internal.reflect.NativeMethodAccessorImpl.invoke0(Native Method)
	at java.base/jdk.internal.reflect.NativeMethodAccessorImpl.invoke(NativeMethodAccessorImpl.java:77)
	at java.base/jdk.internal.reflect.DelegatingMethodAccessorImpl.invoke(DelegatingMethodAccessorImpl.java:43)]]></system-err>
      </testcase>
      <testcase name="Test Cases/IPAPER APP/024 TRA VE CHI TIET_NHAP Y KIEN" time="158.744" classname="Test Cases/IPAPER APP/024 TRA VE CHI TIET_NHAP Y KIEN" status="PASSED">
         <system-out><![CDATA[22-05-2025T16:32:27 - [TEST_CASE][PASSED] - Test Cases/IPAPER APP/024 TRA VE CHI TIET_NHAP Y KIEN: Test Cases/IPAPER APP/024 TRA VE CHI TIET_NHAP Y KIEN

22-05-2025T16:32:27 - [TEST_STEP][PASSED] - Start listener action : beforeTest: drivers.Driver.openApp is PASSED

22-05-2025T16:32:27 - [TEST_STEP][PASSED] - DataTest.init(): null

22-05-2025T16:32:27 - [TEST_STEP][PASSED] - testCaseId = split("/").last(): null

22-05-2025T16:32:27 - [TEST_STEP][PASSED] - if (!(drivers.Driver.isAppiumRunning())): drivers.Driver.isAppiumRunning is PASSED

22-05-2025T16:32:27 - [MESSAGE][INFO] - Appium running: true

22-05-2025T16:32:27 - [MESSAGE][PASSED] - drivers.Driver.isAppiumRunning is PASSED

22-05-2025T16:32:27 - [TEST_STEP][PASSED] - if (driver == null || driver.getSessionId() == null): null

22-05-2025T16:32:27 - [TEST_STEP][PASSED] - drivers.Driver.openApp(): drivers.Driver.openApp is PASSED

22-05-2025T16:32:29 - [MESSAGE][PASSED] - drivers.Driver.openApp is PASSED

22-05-2025T16:32:29 - [TEST_STEP][PASSED] - REQUEST_NAME = "Trình ký PDF có sẵn": null

22-05-2025T16:32:29 - [TEST_STEP][PASSED] - COMMENT = "Commented by automaton test in case 19": null

22-05-2025T16:32:29 - [TEST_STEP][PASSED] - auto5 = DataTest.getUserTest5(): null

22-05-2025T16:32:29 - [TEST_STEP][PASSED] - auto6 = DataTest.getUserTest6(): null

22-05-2025T16:32:29 - [TEST_STEP][PASSED] - document = DataTest.createDocumentTest(auto5, auto6, null, "dummy.pdf", "dummy.pdf"): null

22-05-2025T16:32:29 - [TEST_STEP][PASSED] - loginScreen.login(auto5): null

22-05-2025T16:32:45 - [TEST_STEP][PASSED] - homeScreen.openRequestList(): null

22-05-2025T16:32:50 - [TEST_STEP][PASSED] - homeScreen.createRequest(REQUEST_NAME): null

22-05-2025T16:32:59 - [TEST_STEP][PASSED] - pdfSignScreen.fillInTitle(document.getTitle()): null

22-05-2025T16:33:02 - [TEST_STEP][PASSED] - pdfSignScreen.selectPriority(document.getPriority()): null

22-05-2025T16:33:04 - [TEST_STEP][PASSED] - pdfSignScreen.selectTime(document.getTime()): null

22-05-2025T16:33:07 - [TEST_STEP][PASSED] - pdfSignScreen.fillInDescription(document.getDescription()): null

22-05-2025T16:33:09 - [TEST_STEP][PASSED] - pdfSignScreen.selectAssigner(getAssigner().getEmail()): null

22-05-2025T16:33:15 - [TEST_STEP][PASSED] - pdfSignScreen.openMainFileBrowser(): null

22-05-2025T16:33:20 - [TEST_STEP][PASSED] - fileBrowserScreen.attachFile(document.getMainFileName()): null

22-05-2025T16:33:29 - [TEST_STEP][PASSED] - pdfSignScreen.openSubFileBrowser(): null

22-05-2025T16:33:30 - [TEST_STEP][PASSED] - fileBrowserScreen.attachFile(document.getSubFileName()): null

22-05-2025T16:33:40 - [TEST_STEP][PASSED] - pdfSignScreen.performAction(SEND_APPROVE): null

22-05-2025T16:33:43 - [TEST_STEP][PASSED] - pdfSignScreen.fillInOpinion(document.getComment()): null

22-05-2025T16:33:43 - [TEST_STEP][PASSED] - pdfSignScreen.submitRequest(): null

22-05-2025T16:33:52 - [TEST_STEP][PASSED] - documentInformationScreen.backToHome(): null

22-05-2025T16:33:53 - [TEST_STEP][PASSED] - homeScreen.logout(): null

22-05-2025T16:34:01 - [TEST_STEP][PASSED] - document.setStatus(WAIT_APPROVE): null

22-05-2025T16:34:01 - [TEST_STEP][PASSED] - document.setAssigner(auto5): null

22-05-2025T16:34:01 - [TEST_STEP][PASSED] - loginScreen.login(auto6): null

22-05-2025T16:34:15 - [TEST_STEP][PASSED] - homeScreen.goToIncomingDocument(): null

22-05-2025T16:34:15 - [TEST_STEP][PASSED] - inComingDocument.viewInformationDocument(document): View document Trình ký 1747906349221

22-05-2025T16:34:15 - [MESSAGE][INFO] - View document Trình ký 1747906349221

22-05-2025T16:34:21 - [TEST_STEP][PASSED] - documentInformationScreen.checkDocumentTitle(document): Verify equals GUI: Trình ký 1747906349221 - DATA: Trình ký 1747906349221

22-05-2025T16:34:22 - [MESSAGE][PASSED] - Verify equals GUI: Trình ký 1747906349221 - DATA: Trình ký 1747906349221

22-05-2025T16:34:22 - [TEST_STEP][PASSED] - documentInformationScreen.checkSender(document): Verify equals GUI: Auto Test User 1 - DATA: Auto Test User 1

22-05-2025T16:34:22 - [MESSAGE][PASSED] - Verify equals GUI: Auto Test User 1 - DATA: Auto Test User 1

22-05-2025T16:34:22 - [TEST_STEP][PASSED] - documentInformationScreen.checkStatus(document): Verify equals GUI: Chờ giám sát phê duyệt - DATA: Chờ giám sát phê duyệt

22-05-2025T16:34:22 - [MESSAGE][PASSED] - Verify equals GUI: Chờ giám sát phê duyệt - DATA: Chờ giám sát phê duyệt

22-05-2025T16:34:22 - [TEST_STEP][PASSED] - documentInformationScreen.checkCreateDate(): Verify equals GUI: 22/05/2025 - DATA: 22/05/2025

22-05-2025T16:34:22 - [MESSAGE][PASSED] - Verify equals GUI: 22/05/2025 - DATA: 22/05/2025

22-05-2025T16:34:22 - [TEST_STEP][PASSED] - documentInformationScreen.checkFinishDate(document): Verify equals GUI: 23/05/2025 - DATA: 23/05/2025

22-05-2025T16:34:22 - [MESSAGE][PASSED] - Verify equals GUI: 23/05/2025 - DATA: 23/05/2025

22-05-2025T16:34:22 - [TEST_STEP][PASSED] - documentInformationScreen.checkPriority(document): Verify equals GUI: Bình thường - DATA: Bình thường

22-05-2025T16:34:22 - [MESSAGE][PASSED] - Verify equals GUI: Bình thường - DATA: Bình thường

22-05-2025T16:34:22 - [TEST_STEP][PASSED] - documentInformationScreen.checkDescription(document): Verify equals GUI: 024 TRA VE CHI TIET_NHAP Y KIEN - DATA: 024 TRA VE CHI TIET_NHAP Y KIEN

22-05-2025T16:34:23 - [MESSAGE][PASSED] - Verify equals GUI: 024 TRA VE CHI TIET_NHAP Y KIEN - DATA: 024 TRA VE CHI TIET_NHAP Y KIEN

22-05-2025T16:34:23 - [TEST_STEP][PASSED] - documentInformationScreen.checkAssigner(document): Verify contains GUI: auto1@hdbank.com.vn - DATA: auto1@hdbank.com.vn

22-05-2025T16:34:24 - [MESSAGE][PASSED] - Verify contains GUI: auto1@hdbank.com.vn - DATA: auto1@hdbank.com.vn

22-05-2025T16:34:24 - [TEST_STEP][PASSED] - documentInformationScreen.checkPresentFileName(document): Verify contains GUI: dummy_20250522163330.ozd - DATA: dummy

22-05-2025T16:34:25 - [MESSAGE][PASSED] - Verify contains GUI: dummy_20250522163330.ozd - DATA: dummy

22-05-2025T16:34:25 - [TEST_STEP][PASSED] - documentInformationScreen.checkAttachFileName(document): Expected true condition

22-05-2025T16:34:27 - [MESSAGE][PASSED] - Expected true condition

22-05-2025T16:34:27 - [TEST_STEP][PASSED] - document.setSender(auto6): null

22-05-2025T16:34:27 - [TEST_STEP][PASSED] - documentInformationScreen.performAction(document, RETURN, COMMENT): null

22-05-2025T16:34:36 - [TEST_STEP][PASSED] - documentInformationScreen.backToHome(): null

22-05-2025T16:34:36 - [TEST_STEP][PASSED] - inComingDocument.checkItemInDocument(): null

22-05-2025T16:34:36 - [TEST_STEP][PASSED] - homeScreen.goToOutComingDocument(): null

22-05-2025T16:34:47 - [TEST_STEP][PASSED] - outComingDocument.viewInformationDocument(document): null

22-05-2025T16:34:48 - [TEST_STEP][PASSED] - documentInformationScreen.checkDocumentTitle(document): Verify equals GUI: Trình ký 1747906349221 - DATA: Trình ký 1747906349221

22-05-2025T16:34:52 - [MESSAGE][PASSED] - Verify equals GUI: Trình ký 1747906349221 - DATA: Trình ký 1747906349221

22-05-2025T16:34:52 - [TEST_STEP][PASSED] - documentInformationScreen.checkSender(document): Verify equals GUI: Auto Test User 2 - DATA: Auto Test User 2

22-05-2025T16:34:52 - [MESSAGE][PASSED] - Verify equals GUI: Auto Test User 2 - DATA: Auto Test User 2

22-05-2025T16:34:52 - [TEST_STEP][PASSED] - documentInformationScreen.checkStatus(document): Verify equals GUI: Chờ bổ sung hồ sơ - DATA: Chờ bổ sung hồ sơ

22-05-2025T16:34:52 - [MESSAGE][PASSED] - Verify equals GUI: Chờ bổ sung hồ sơ - DATA: Chờ bổ sung hồ sơ

22-05-2025T16:34:52 - [TEST_STEP][PASSED] - documentInformationScreen.checkCreateDate(): Verify equals GUI: 22/05/2025 - DATA: 22/05/2025

22-05-2025T16:34:52 - [MESSAGE][PASSED] - Verify equals GUI: 22/05/2025 - DATA: 22/05/2025

22-05-2025T16:34:52 - [TEST_STEP][PASSED] - documentInformationScreen.checkFinishDate(document): Verify equals GUI: 23/05/2025 - DATA: 23/05/2025

22-05-2025T16:34:52 - [MESSAGE][PASSED] - Verify equals GUI: 23/05/2025 - DATA: 23/05/2025

22-05-2025T16:34:52 - [TEST_STEP][PASSED] - documentInformationScreen.checkPriority(document): Verify equals GUI: Bình thường - DATA: Bình thường

22-05-2025T16:34:53 - [MESSAGE][PASSED] - Verify equals GUI: Bình thường - DATA: Bình thường

22-05-2025T16:34:53 - [TEST_STEP][PASSED] - documentInformationScreen.isAssignerDisplayed(): Check sender not displayed

22-05-2025T16:34:56 - [MESSAGE][PASSED] - Check sender not displayed

22-05-2025T16:34:56 - [TEST_STEP][PASSED] - documentInformationScreen.checkDescription(document): Verify equals GUI: 024 TRA VE CHI TIET_NHAP Y KIEN - DATA: 024 TRA VE CHI TIET_NHAP Y KIEN

22-05-2025T16:34:56 - [MESSAGE][PASSED] - Verify equals GUI: 024 TRA VE CHI TIET_NHAP Y KIEN - DATA: 024 TRA VE CHI TIET_NHAP Y KIEN

22-05-2025T16:34:56 - [TEST_STEP][PASSED] - documentInformationScreen.checkPresentFileName(document): Verify contains GUI: dummy_20250522163330.ozd - DATA: dummy

22-05-2025T16:34:57 - [MESSAGE][PASSED] - Verify contains GUI: dummy_20250522163330.ozd - DATA: dummy

22-05-2025T16:34:57 - [TEST_STEP][PASSED] - documentInformationScreen.checkAttachFileName(document): Expected true condition

22-05-2025T16:34:58 - [MESSAGE][PASSED] - Expected true condition

22-05-2025T16:34:58 - [TEST_STEP][PASSED] - documentInformationScreen.checkComment(auto6, COMMENT): Check comment of Auto Test User 2 is Commented by automaton test in case 19

22-05-2025T16:35:00 - [MESSAGE][INFO] - GUI COMMENT: Commented by automaton test in case 19 - DATA COMMENT: Commented by automaton test in case 19

22-05-2025T16:35:00 - [MESSAGE][PASSED] - Check comment of Auto Test User 2 is Commented by automaton test in case 19

22-05-2025T16:35:00 - [TEST_STEP][PASSED] - documentInformationScreen.backToHome(): null

22-05-2025T16:35:05 - [TEST_STEP][PASSED] - inComingDocument.checkItemInDocument(): null

22-05-2025T16:35:05 - [TEST_STEP][PASSED] - Start listener action : afterTest: null

22-05-2025T16:35:05 - [TEST_STEP][PASSED] - if (testCaseStatus != "PASSED"): null

22-05-2025T16:35:05 - [TEST_STEP][PASSED] - drivers.Driver.closeApp(): drivers.Driver.closeApp is PASSED

22-05-2025T16:35:05 - [MESSAGE][PASSED] - drivers.Driver.closeApp is PASSED

22-05-2025T16:35:05 - [TEST_STEP][PASSED] - if (tsContext == null): null]]></system-out>
         <system-err><![CDATA[]]></system-err>
      </testcase>
      <testcase name="Test Cases/IPAPER APP/025 TRA VE TAI MAIN FILE_NHAP Y KIEN" time="152.791" classname="Test Cases/IPAPER APP/025 TRA VE TAI MAIN FILE_NHAP Y KIEN" status="PASSED">
         <system-out><![CDATA[22-05-2025T16:35:05 - [TEST_CASE][PASSED] - Test Cases/IPAPER APP/025 TRA VE TAI MAIN FILE_NHAP Y KIEN: Test Cases/IPAPER APP/025 TRA VE TAI MAIN FILE_NHAP Y KIEN

22-05-2025T16:35:05 - [TEST_STEP][PASSED] - Start listener action : beforeTest: drivers.Driver.openApp is PASSED

22-05-2025T16:35:05 - [TEST_STEP][PASSED] - DataTest.init(): null

22-05-2025T16:35:05 - [TEST_STEP][PASSED] - testCaseId = split("/").last(): null

22-05-2025T16:35:05 - [TEST_STEP][PASSED] - if (!(drivers.Driver.isAppiumRunning())): drivers.Driver.isAppiumRunning is PASSED

22-05-2025T16:35:05 - [MESSAGE][INFO] - Appium running: true

22-05-2025T16:35:05 - [MESSAGE][PASSED] - drivers.Driver.isAppiumRunning is PASSED

22-05-2025T16:35:05 - [TEST_STEP][PASSED] - if (driver == null || driver.getSessionId() == null): null

22-05-2025T16:35:05 - [TEST_STEP][PASSED] - drivers.Driver.openApp(): drivers.Driver.openApp is PASSED

22-05-2025T16:35:07 - [MESSAGE][PASSED] - drivers.Driver.openApp is PASSED

22-05-2025T16:35:07 - [TEST_STEP][PASSED] - REQUEST_NAME = "Trình ký PDF có sẵn": null

22-05-2025T16:35:07 - [TEST_STEP][PASSED] - COMMENT = "Commented by automaton test in case 25": null

22-05-2025T16:35:07 - [TEST_STEP][PASSED] - auto5 = DataTest.getUserTest5(): null

22-05-2025T16:35:07 - [TEST_STEP][PASSED] - auto6 = DataTest.getUserTest6(): null

22-05-2025T16:35:07 - [TEST_STEP][PASSED] - document = DataTest.createDocumentTest(auto5, auto6, null, "dummy.pdf", "dummy.pdf"): null

22-05-2025T16:35:07 - [TEST_STEP][PASSED] - loginScreen.login(auto5): null

22-05-2025T16:35:21 - [TEST_STEP][PASSED] - homeScreen.openRequestList(): null

22-05-2025T16:35:27 - [TEST_STEP][PASSED] - homeScreen.createRequest(REQUEST_NAME): null

22-05-2025T16:35:31 - [TEST_STEP][PASSED] - pdfSignScreen.fillInTitle(document.getTitle()): null

22-05-2025T16:35:37 - [TEST_STEP][PASSED] - pdfSignScreen.selectPriority(document.getPriority()): null

22-05-2025T16:35:39 - [TEST_STEP][PASSED] - pdfSignScreen.selectTime(document.getTime()): null

22-05-2025T16:35:42 - [TEST_STEP][PASSED] - pdfSignScreen.fillInDescription(document.getDescription()): null

22-05-2025T16:35:43 - [TEST_STEP][PASSED] - pdfSignScreen.selectAssigner(getAssigner().getEmail()): null

22-05-2025T16:35:51 - [TEST_STEP][PASSED] - pdfSignScreen.openMainFileBrowser(): null

22-05-2025T16:35:57 - [TEST_STEP][PASSED] - fileBrowserScreen.attachFile(document.getMainFileName()): null

22-05-2025T16:36:07 - [TEST_STEP][PASSED] - pdfSignScreen.openSubFileBrowser(): null

22-05-2025T16:36:08 - [TEST_STEP][PASSED] - fileBrowserScreen.attachFile(document.getSubFileName()): null

22-05-2025T16:36:17 - [TEST_STEP][PASSED] - pdfSignScreen.performAction(SEND_APPROVE): null

22-05-2025T16:36:20 - [TEST_STEP][PASSED] - pdfSignScreen.fillInOpinion(document.getComment()): null

22-05-2025T16:36:21 - [TEST_STEP][PASSED] - pdfSignScreen.submitRequest(): null

22-05-2025T16:36:30 - [TEST_STEP][PASSED] - documentInformationScreen.backToHome(): null

22-05-2025T16:36:30 - [TEST_STEP][PASSED] - homeScreen.logout(): null

22-05-2025T16:36:38 - [TEST_STEP][PASSED] - document.setStatus(WAIT_APPROVE): null

22-05-2025T16:36:38 - [TEST_STEP][PASSED] - loginScreen.login(auto6): null

22-05-2025T16:36:53 - [TEST_STEP][PASSED] - homeScreen.goToIncomingDocument(): null

22-05-2025T16:36:53 - [TEST_STEP][PASSED] - inComingDocument.viewMainFile(document): View main file document: Trình ký 1747906507946

22-05-2025T16:36:53 - [MESSAGE][INFO] - View main file document: Trình ký 1747906507946

22-05-2025T16:36:58 - [TEST_STEP][PASSED] - documentInformationScreen.performAction(document, RETURN, COMMENT): null

22-05-2025T16:37:07 - [TEST_STEP][PASSED] - document.setSender(auto6): null

22-05-2025T16:37:07 - [TEST_STEP][PASSED] - documentInformationScreen.backToHome(): null

22-05-2025T16:37:07 - [TEST_STEP][PASSED] - inComingDocument.checkItemInDocument(): null

22-05-2025T16:37:07 - [TEST_STEP][PASSED] - homeScreen.goToOutComingDocument(): null

22-05-2025T16:37:18 - [TEST_STEP][PASSED] - outComingDocument.viewInformationDocument(document): null

22-05-2025T16:37:19 - [TEST_STEP][PASSED] - documentInformationScreen.checkDocumentTitle(document): Verify equals GUI: Trình ký 1747906507946 - DATA: Trình ký 1747906507946

22-05-2025T16:37:25 - [MESSAGE][PASSED] - Verify equals GUI: Trình ký 1747906507946 - DATA: Trình ký 1747906507946

22-05-2025T16:37:25 - [TEST_STEP][PASSED] - documentInformationScreen.checkSender(document): Verify equals GUI: Auto Test User 2 - DATA: Auto Test User 2

22-05-2025T16:37:25 - [MESSAGE][PASSED] - Verify equals GUI: Auto Test User 2 - DATA: Auto Test User 2

22-05-2025T16:37:25 - [TEST_STEP][PASSED] - documentInformationScreen.checkStatus(document): Verify equals GUI: Chờ bổ sung hồ sơ - DATA: Chờ bổ sung hồ sơ

22-05-2025T16:37:25 - [MESSAGE][PASSED] - Verify equals GUI: Chờ bổ sung hồ sơ - DATA: Chờ bổ sung hồ sơ

22-05-2025T16:37:25 - [TEST_STEP][PASSED] - documentInformationScreen.checkCreateDate(): Verify equals GUI: 22/05/2025 - DATA: 22/05/2025

22-05-2025T16:37:25 - [MESSAGE][PASSED] - Verify equals GUI: 22/05/2025 - DATA: 22/05/2025

22-05-2025T16:37:25 - [TEST_STEP][PASSED] - documentInformationScreen.checkFinishDate(document): Verify equals GUI: 23/05/2025 - DATA: 23/05/2025

22-05-2025T16:37:25 - [MESSAGE][PASSED] - Verify equals GUI: 23/05/2025 - DATA: 23/05/2025

22-05-2025T16:37:25 - [TEST_STEP][PASSED] - documentInformationScreen.checkPriority(document): Verify equals GUI: Bình thường - DATA: Bình thường

22-05-2025T16:37:25 - [MESSAGE][PASSED] - Verify equals GUI: Bình thường - DATA: Bình thường

22-05-2025T16:37:25 - [TEST_STEP][PASSED] - documentInformationScreen.isAssignerDisplayed(): Check sender not displayed

22-05-2025T16:37:28 - [MESSAGE][PASSED] - Check sender not displayed

22-05-2025T16:37:28 - [TEST_STEP][PASSED] - documentInformationScreen.checkDescription(document): Verify equals GUI: 025 TRA VE TAI MAIN FILE_NHAP Y KIEN - DATA: 025 TRA VE TAI MAIN FILE_NHAP Y KIEN

22-05-2025T16:37:29 - [MESSAGE][PASSED] - Verify equals GUI: 025 TRA VE TAI MAIN FILE_NHAP Y KIEN - DATA: 025 TRA VE TAI MAIN FILE_NHAP Y KIEN

22-05-2025T16:37:29 - [TEST_STEP][PASSED] - documentInformationScreen.checkPresentFileName(document): Verify contains GUI: dummy_20250522163607.ozd - DATA: dummy

22-05-2025T16:37:30 - [MESSAGE][PASSED] - Verify contains GUI: dummy_20250522163607.ozd - DATA: dummy

22-05-2025T16:37:30 - [TEST_STEP][PASSED] - documentInformationScreen.checkAttachFileName(document): Expected true condition

22-05-2025T16:37:31 - [MESSAGE][PASSED] - Expected true condition

22-05-2025T16:37:31 - [TEST_STEP][PASSED] - documentInformationScreen.checkComment(auto6, COMMENT): Check comment of Auto Test User 2 is Commented by automaton test in case 25

22-05-2025T16:37:33 - [MESSAGE][INFO] - GUI COMMENT: Commented by automaton test in case 25 - DATA COMMENT: Commented by automaton test in case 25

22-05-2025T16:37:33 - [MESSAGE][PASSED] - Check comment of Auto Test User 2 is Commented by automaton test in case 25

22-05-2025T16:37:33 - [TEST_STEP][PASSED] - documentInformationScreen.backToHome(): null

22-05-2025T16:37:38 - [TEST_STEP][PASSED] - inComingDocument.checkItemInDocument(): null

22-05-2025T16:37:38 - [TEST_STEP][PASSED] - Start listener action : afterTest: null

22-05-2025T16:37:38 - [TEST_STEP][PASSED] - if (testCaseStatus != "PASSED"): null

22-05-2025T16:37:38 - [TEST_STEP][PASSED] - drivers.Driver.closeApp(): drivers.Driver.closeApp is PASSED

22-05-2025T16:37:38 - [MESSAGE][PASSED] - drivers.Driver.closeApp is PASSED

22-05-2025T16:37:38 - [TEST_STEP][PASSED] - if (tsContext == null): null]]></system-out>
         <system-err><![CDATA[]]></system-err>
      </testcase>
      <testcase name="Test Cases/IPAPER APP/029 CHUYEN THUC THI" time="278.864" classname="Test Cases/IPAPER APP/029 CHUYEN THUC THI" status="ERROR">
         <error type="ERROR" message="Test Cases/IPAPER APP/029 CHUYEN THUC THI FAILED.&#xa;Reason:&#xa;org.openqa.selenium.TimeoutException: Expected condition failed: waiting for base.BaseKeyword$Trait$Helper$_waitForPresentOf_closure1@34a07a0d (tried for 30 second(s) with 500 milliseconds interval)&#xa;Build info: version: '3.141.59', revision: 'unknown', time: 'unknown'&#xa;System info: host: 'Cuong-Mac.local', ip: 'fe80:0:0:0:c43:6797:ebf2:3aad%en0', os.name: 'Mac OS X', os.arch: 'aarch64', os.version: '15.5', java.version: '17.0.7'&#xa;Driver info: com.kms.katalon.core.appium.driver.SwipeableAndroidDriver&#xa;Capabilities {automationName: UiAutomator2, databaseEnabled: false, desired: {automationName: UiAutomator2, deviceName: af0c5cf7, noReset: true, platformName: android, waitForIdleTimeout: 3000}, deviceApiLevel: 35, deviceManufacturer: OPPO, deviceModel: CPH2699, deviceName: af0c5cf7, deviceScreenDensity: 480, deviceScreenSize: 1080x2400, deviceUDID: af0c5cf7, javascriptEnabled: true, locationContextEnabled: false, networkConnectionEnabled: true, noReset: true, pixelRatio: 3, platform: LINUX, platformName: Android, platformVersion: 15, statBarHeight: 120, takesScreenshot: true, viewportRect: {height: 2280, left: 0, top: 120, width: 1080}, waitForIdleTimeout: 3000, warnings: {}, webStorageEnabled: false}&#xa;Session ID: 42b39363-2c25-472a-b49b-4e8f3ae7bc31&#xa;	at org.openqa.selenium.support.ui.WebDriverWait.timeoutException(WebDriverWait.java:95)&#xa;	at org.openqa.selenium.support.ui.FluentWait.until(FluentWait.java:272)&#xa;	at base.BaseKeyword$Trait$Helper.waitForPresentOf(BaseKeyword.groovy:345)&#xa;	at screens.RelatedDocumentScreen.waitForPresentOf(RelatedDocumentScreen.groovy)&#xa;	at screens.RelatedDocumentScreen.viewInformationExecuteDocument(RelatedDocumentScreen.groovy:27)&#xa;	at 029 CHUYEN THUC THI.run(029 CHUYEN THUC THI:156)&#xa;	at com.kms.katalon.core.main.ScriptEngine.run(ScriptEngine.java:194)&#xa;	at com.kms.katalon.core.main.ScriptEngine.runScriptAsRawText(ScriptEngine.java:119)&#xa;	at com.kms.katalon.core.main.TestCaseExecutor.runScript(TestCaseExecutor.java:448)&#xa;	at com.kms.katalon.core.main.TestCaseExecutor.doExecute(TestCaseExecutor.java:439)&#xa;	at com.kms.katalon.core.main.TestCaseExecutor.processExecutionPhase(TestCaseExecutor.java:418)&#xa;	at com.kms.katalon.core.main.TestCaseExecutor.accessMainPhase(TestCaseExecutor.java:410)&#xa;	at com.kms.katalon.core.main.TestCaseExecutor.execute(TestCaseExecutor.java:285)&#xa;	at com.kms.katalon.core.common.CommonExecutor.accessTestCaseMainPhase(CommonExecutor.java:65)&#xa;	at com.kms.katalon.core.main.TestSuiteExecutor.accessTestSuiteMainPhase(TestSuiteExecutor.java:150)&#xa;	at com.kms.katalon.core.main.TestSuiteExecutor.execute(TestSuiteExecutor.java:106)&#xa;	at com.kms.katalon.core.main.TestCaseMain.startTestSuite(TestCaseMain.java:180)&#xa;	at TempTestSuite1747904187531.run(TempTestSuite1747904187531.groovy:35)&#xa;	at java.base/jdk.internal.reflect.NativeMethodAccessorImpl.invoke0(Native Method)&#xa;	at java.base/jdk.internal.reflect.NativeMethodAccessorImpl.invoke(NativeMethodAccessorImpl.java:77)&#xa;	at java.base/jdk.internal.reflect.DelegatingMethodAccessorImpl.invoke(DelegatingMethodAccessorImpl.java:43)&#xa;"/>
         <system-out><![CDATA[22-05-2025T16:37:38 - [TEST_CASE][ERROR] - Test Cases/IPAPER APP/029 CHUYEN THUC THI: Test Cases/IPAPER APP/029 CHUYEN THUC THI FAILED.
Reason:
org.openqa.selenium.TimeoutException: Expected condition failed: waiting for base.BaseKeyword$Trait$Helper$_waitForPresentOf_closure1@34a07a0d (tried for 30 second(s) with 500 milliseconds interval)
Build info: version: '3.141.59', revision: 'unknown', time: 'unknown'
System info: host: 'Cuong-Mac.local', ip: 'fe80:0:0:0:c43:6797:ebf2:3aad%en0', os.name: 'Mac OS X', os.arch: 'aarch64', os.version: '15.5', java.version: '17.0.7'
Driver info: com.kms.katalon.core.appium.driver.SwipeableAndroidDriver
Capabilities {automationName: UiAutomator2, databaseEnabled: false, desired: {automationName: UiAutomator2, deviceName: af0c5cf7, noReset: true, platformName: android, waitForIdleTimeout: 3000}, deviceApiLevel: 35, deviceManufacturer: OPPO, deviceModel: CPH2699, deviceName: af0c5cf7, deviceScreenDensity: 480, deviceScreenSize: 1080x2400, deviceUDID: af0c5cf7, javascriptEnabled: true, locationContextEnabled: false, networkConnectionEnabled: true, noReset: true, pixelRatio: 3, platform: LINUX, platformName: Android, platformVersion: 15, statBarHeight: 120, takesScreenshot: true, viewportRect: {height: 2280, left: 0, top: 120, width: 1080}, waitForIdleTimeout: 3000, warnings: {}, webStorageEnabled: false}
Session ID: 42b39363-2c25-472a-b49b-4e8f3ae7bc31
	at org.openqa.selenium.support.ui.WebDriverWait.timeoutException(WebDriverWait.java:95)
	at org.openqa.selenium.support.ui.FluentWait.until(FluentWait.java:272)
	at base.BaseKeyword$Trait$Helper.waitForPresentOf(BaseKeyword.groovy:345)
	at screens.RelatedDocumentScreen.waitForPresentOf(RelatedDocumentScreen.groovy)
	at screens.RelatedDocumentScreen.viewInformationExecuteDocument(RelatedDocumentScreen.groovy:27)
	at 029 CHUYEN THUC THI.run(029 CHUYEN THUC THI:156)
	at com.kms.katalon.core.main.ScriptEngine.run(ScriptEngine.java:194)
	at com.kms.katalon.core.main.ScriptEngine.runScriptAsRawText(ScriptEngine.java:119)
	at com.kms.katalon.core.main.TestCaseExecutor.runScript(TestCaseExecutor.java:448)
	at com.kms.katalon.core.main.TestCaseExecutor.doExecute(TestCaseExecutor.java:439)
	at com.kms.katalon.core.main.TestCaseExecutor.processExecutionPhase(TestCaseExecutor.java:418)
	at com.kms.katalon.core.main.TestCaseExecutor.accessMainPhase(TestCaseExecutor.java:410)
	at com.kms.katalon.core.main.TestCaseExecutor.execute(TestCaseExecutor.java:285)
	at com.kms.katalon.core.common.CommonExecutor.accessTestCaseMainPhase(CommonExecutor.java:65)
	at com.kms.katalon.core.main.TestSuiteExecutor.accessTestSuiteMainPhase(TestSuiteExecutor.java:150)
	at com.kms.katalon.core.main.TestSuiteExecutor.execute(TestSuiteExecutor.java:106)
	at com.kms.katalon.core.main.TestCaseMain.startTestSuite(TestCaseMain.java:180)
	at TempTestSuite1747904187531.run(TempTestSuite1747904187531.groovy:35)
	at java.base/jdk.internal.reflect.NativeMethodAccessorImpl.invoke0(Native Method)
	at java.base/jdk.internal.reflect.NativeMethodAccessorImpl.invoke(NativeMethodAccessorImpl.java:77)
	at java.base/jdk.internal.reflect.DelegatingMethodAccessorImpl.invoke(DelegatingMethodAccessorImpl.java:43)


22-05-2025T16:37:38 - [TEST_STEP][PASSED] - Start listener action : beforeTest: drivers.Driver.openApp is PASSED

22-05-2025T16:37:38 - [TEST_STEP][PASSED] - DataTest.init(): null

22-05-2025T16:37:38 - [TEST_STEP][PASSED] - testCaseId = split("/").last(): null

22-05-2025T16:37:38 - [TEST_STEP][PASSED] - if (!(drivers.Driver.isAppiumRunning())): drivers.Driver.isAppiumRunning is PASSED

22-05-2025T16:37:38 - [MESSAGE][INFO] - Appium running: true

22-05-2025T16:37:38 - [MESSAGE][PASSED] - drivers.Driver.isAppiumRunning is PASSED

22-05-2025T16:37:38 - [TEST_STEP][PASSED] - if (driver == null || driver.getSessionId() == null): null

22-05-2025T16:37:38 - [TEST_STEP][PASSED] - drivers.Driver.openApp(): drivers.Driver.openApp is PASSED

22-05-2025T16:37:41 - [MESSAGE][PASSED] - drivers.Driver.openApp is PASSED

22-05-2025T16:37:41 - [TEST_STEP][PASSED] - REQUEST_NAME = "Trình ký PDF có sẵn": null

22-05-2025T16:37:41 - [TEST_STEP][PASSED] - COMMENT = "Commented by automation team": null

22-05-2025T16:37:41 - [TEST_STEP][PASSED] - auto5 = DataTest.getUserTest5(): null

22-05-2025T16:37:41 - [TEST_STEP][PASSED] - auto6 = DataTest.getUserTest6(): null

22-05-2025T16:37:41 - [TEST_STEP][PASSED] - auto7 = DataTest.getUserTest7(): null

22-05-2025T16:37:41 - [TEST_STEP][PASSED] - document = DataTest.createDocumentTest(auto5, auto6, null, "dummy.pdf", "dummy.pdf"): null

22-05-2025T16:37:41 - [TEST_STEP][PASSED] - loginScreen.login(auto5): null

22-05-2025T16:37:55 - [TEST_STEP][PASSED] - homeScreen.openRequestList(): null

22-05-2025T16:38:01 - [TEST_STEP][PASSED] - homeScreen.createRequest(REQUEST_NAME): null

22-05-2025T16:38:07 - [TEST_STEP][PASSED] - pdfSignScreen.fillInTitle(document.getTitle()): null

22-05-2025T16:38:10 - [TEST_STEP][PASSED] - pdfSignScreen.selectPriority(document.getPriority()): null

22-05-2025T16:38:12 - [TEST_STEP][PASSED] - pdfSignScreen.selectTime(document.getTime()): null

22-05-2025T16:38:15 - [TEST_STEP][PASSED] - pdfSignScreen.fillInDescription(document.getDescription()): null

22-05-2025T16:38:17 - [TEST_STEP][PASSED] - pdfSignScreen.selectAssigner(getAssigner().getEmail()): null

22-05-2025T16:38:23 - [TEST_STEP][PASSED] - pdfSignScreen.openMainFileBrowser(): null

22-05-2025T16:38:28 - [TEST_STEP][PASSED] - fileBrowserScreen.attachFile(document.getMainFileName()): null

22-05-2025T16:38:37 - [TEST_STEP][PASSED] - pdfSignScreen.openSubFileBrowser(): null

22-05-2025T16:38:38 - [TEST_STEP][PASSED] - fileBrowserScreen.attachFile(document.getSubFileName()): null

22-05-2025T16:38:48 - [TEST_STEP][PASSED] - pdfSignScreen.performAction(SEND_APPROVE): null

22-05-2025T16:38:49 - [TEST_STEP][PASSED] - pdfSignScreen.fillInOpinion(document.getComment()): null

22-05-2025T16:38:51 - [TEST_STEP][PASSED] - pdfSignScreen.submitRequest(): null

22-05-2025T16:39:00 - [TEST_STEP][PASSED] - documentInformationScreen.backToHome(): null

22-05-2025T16:39:00 - [TEST_STEP][PASSED] - homeScreen.logout(): null

22-05-2025T16:39:09 - [TEST_STEP][PASSED] - document.setStatus(WAIT_APPROVE): null

22-05-2025T16:39:09 - [TEST_STEP][PASSED] - document.setAssigner(auto5): null

22-05-2025T16:39:09 - [TEST_STEP][PASSED] - loginScreen.login(auto6): null

22-05-2025T16:39:24 - [TEST_STEP][PASSED] - homeScreen.goToIncomingDocument(): null

22-05-2025T16:39:24 - [TEST_STEP][PASSED] - inComingDocument.viewMainFile(document): View main file document: Trình ký 1747906661559

22-05-2025T16:39:24 - [MESSAGE][INFO] - View main file document: Trình ký 1747906661559

22-05-2025T16:39:29 - [TEST_STEP][PASSED] - document.setSender(auto6): null

22-05-2025T16:39:29 - [TEST_STEP][PASSED] - documentInformationScreen.performAction(document, APPROVE, COMMENT): null

22-05-2025T16:39:37 - [TEST_STEP][PASSED] - documentInformationScreen.backToHome(): null

22-05-2025T16:39:38 - [TEST_STEP][PASSED] - inComingDocument.checkItemInDocument(): null

22-05-2025T16:39:38 - [TEST_STEP][PASSED] - homeScreen.goToOutComingDocument(): null

22-05-2025T16:39:50 - [TEST_STEP][PASSED] - outComingDocument.viewInformationDocument(document): null

22-05-2025T16:39:51 - [TEST_STEP][PASSED] - documentInformationScreen.checkDocumentTitle(document): Verify equals GUI: Trình ký 1747906661559 - DATA: Trình ký 1747906661559

22-05-2025T16:39:56 - [MESSAGE][PASSED] - Verify equals GUI: Trình ký 1747906661559 - DATA: Trình ký 1747906661559

22-05-2025T16:39:56 - [TEST_STEP][PASSED] - documentInformationScreen.checkSender(document): Verify equals GUI: Auto Test User 2 - DATA: Auto Test User 2

22-05-2025T16:39:56 - [MESSAGE][PASSED] - Verify equals GUI: Auto Test User 2 - DATA: Auto Test User 2

22-05-2025T16:39:56 - [TEST_STEP][PASSED] - documentInformationScreen.checkStatus(document): Verify equals GUI: Đã duyệt - DATA: Đã duyệt

22-05-2025T16:39:56 - [MESSAGE][PASSED] - Verify equals GUI: Đã duyệt - DATA: Đã duyệt

22-05-2025T16:39:56 - [TEST_STEP][PASSED] - documentInformationScreen.checkCreateDate(): Verify equals GUI: 22/05/2025 - DATA: 22/05/2025

22-05-2025T16:39:56 - [MESSAGE][PASSED] - Verify equals GUI: 22/05/2025 - DATA: 22/05/2025

22-05-2025T16:39:56 - [TEST_STEP][PASSED] - documentInformationScreen.checkFinishDate(document): Verify equals GUI: 23/05/2025 - DATA: 23/05/2025

22-05-2025T16:39:56 - [MESSAGE][PASSED] - Verify equals GUI: 23/05/2025 - DATA: 23/05/2025

22-05-2025T16:39:56 - [TEST_STEP][PASSED] - documentInformationScreen.checkPriority(document): Verify equals GUI: Khẩn cấp - DATA: Khẩn cấp

22-05-2025T16:39:56 - [MESSAGE][PASSED] - Verify equals GUI: Khẩn cấp - DATA: Khẩn cấp

22-05-2025T16:39:56 - [TEST_STEP][PASSED] - documentInformationScreen.checkDescription(document): Verify equals GUI: 029 CHUYEN THUC THI - DATA: 029 CHUYEN THUC THI

22-05-2025T16:39:56 - [MESSAGE][PASSED] - Verify equals GUI: 029 CHUYEN THUC THI - DATA: 029 CHUYEN THUC THI

22-05-2025T16:39:56 - [TEST_STEP][PASSED] - documentInformationScreen.checkAssigner(document): Verify contains GUI: auto1@hdbank.com.vn - DATA: auto1@hdbank.com.vn

22-05-2025T16:39:58 - [MESSAGE][PASSED] - Verify contains GUI: auto1@hdbank.com.vn - DATA: auto1@hdbank.com.vn

22-05-2025T16:39:58 - [TEST_STEP][PASSED] - documentInformationScreen.checkPresentFileName(document): Verify contains GUI: dummy_20250522163837.ozd - DATA: dummy

22-05-2025T16:39:59 - [MESSAGE][PASSED] - Verify contains GUI: dummy_20250522163837.ozd - DATA: dummy

22-05-2025T16:39:59 - [TEST_STEP][PASSED] - documentInformationScreen.checkAttachFileName(document): Expected true condition

22-05-2025T16:40:01 - [MESSAGE][PASSED] - Expected true condition

22-05-2025T16:40:01 - [TEST_STEP][PASSED] - documentInformationScreen.checkComment(auto6, COMMENT): Check comment of Auto Test User 2 is Commented by automation team

22-05-2025T16:40:02 - [MESSAGE][INFO] - GUI COMMENT: Commented by automation team - DATA COMMENT: Commented by automation team

22-05-2025T16:40:02 - [MESSAGE][PASSED] - Check comment of Auto Test User 2 is Commented by automation team

22-05-2025T16:40:02 - [TEST_STEP][PASSED] - documentInformationScreen.backToHome(): null

22-05-2025T16:40:07 - [TEST_STEP][PASSED] - inComingDocument.checkItemInDocument(): null

22-05-2025T16:40:07 - [TEST_STEP][PASSED] - documentInformationScreen.backToHome(): null

22-05-2025T16:40:07 - [TEST_STEP][PASSED] - homeScreen.logout(): null

22-05-2025T16:40:15 - [TEST_STEP][PASSED] - loginScreen.login(auto5): null

22-05-2025T16:40:29 - [TEST_STEP][PASSED] - homeScreen.goToOutComingDocument(): null

22-05-2025T16:40:40 - [TEST_STEP][PASSED] - outComingDocument.viewInformationDocument(document): null

22-05-2025T16:40:41 - [TEST_STEP][PASSED] - documentInformationScreen.performAction(document, COMPLETE): null

22-05-2025T16:40:52 - [TEST_STEP][PASSED] - outComingDocument.loadDataResult(): null

22-05-2025T16:40:57 - [TEST_STEP][PASSED] - outComingDocument.viewInformationDocument(document): null

22-05-2025T16:40:58 - [TEST_STEP][PASSED] - documentInformationScreen.checkDocumentTitle(document): Verify equals GUI: Trình ký 1747906661559 - DATA: Trình ký 1747906661559

22-05-2025T16:41:02 - [MESSAGE][PASSED] - Verify equals GUI: Trình ký 1747906661559 - DATA: Trình ký 1747906661559

22-05-2025T16:41:02 - [TEST_STEP][PASSED] - documentInformationScreen.checkSender(document): Verify equals GUI: Auto Test User 2 - DATA: Auto Test User 2

22-05-2025T16:41:02 - [MESSAGE][PASSED] - Verify equals GUI: Auto Test User 2 - DATA: Auto Test User 2

22-05-2025T16:41:02 - [TEST_STEP][PASSED] - documentInformationScreen.checkStatus(document): Verify equals GUI: Đã hoàn thành - DATA: Đã hoàn thành

22-05-2025T16:41:02 - [MESSAGE][PASSED] - Verify equals GUI: Đã hoàn thành - DATA: Đã hoàn thành

22-05-2025T16:41:02 - [TEST_STEP][PASSED] - documentInformationScreen.checkCreateDate(): Verify equals GUI: 22/05/2025 - DATA: 22/05/2025

22-05-2025T16:41:02 - [MESSAGE][PASSED] - Verify equals GUI: 22/05/2025 - DATA: 22/05/2025

22-05-2025T16:41:02 - [TEST_STEP][PASSED] - documentInformationScreen.checkFinishDate(document): Verify equals GUI: 23/05/2025 - DATA: 23/05/2025

22-05-2025T16:41:02 - [MESSAGE][PASSED] - Verify equals GUI: 23/05/2025 - DATA: 23/05/2025

22-05-2025T16:41:02 - [TEST_STEP][PASSED] - documentInformationScreen.checkPriority(document): Verify equals GUI: Khẩn cấp - DATA: Khẩn cấp

22-05-2025T16:41:03 - [MESSAGE][PASSED] - Verify equals GUI: Khẩn cấp - DATA: Khẩn cấp

22-05-2025T16:41:03 - [TEST_STEP][PASSED] - documentInformationScreen.checkDescription(document): Verify equals GUI: 029 CHUYEN THUC THI - DATA: 029 CHUYEN THUC THI

22-05-2025T16:41:03 - [MESSAGE][PASSED] - Verify equals GUI: 029 CHUYEN THUC THI - DATA: 029 CHUYEN THUC THI

22-05-2025T16:41:03 - [TEST_STEP][PASSED] - documentInformationScreen.isAssignerDisplayed(): Check sender not displayed

22-05-2025T16:41:06 - [MESSAGE][PASSED] - Check sender not displayed

22-05-2025T16:41:06 - [TEST_STEP][PASSED] - documentInformationScreen.checkPresentFileName(document): Verify contains GUI: dummy_20250522163837.ozd - DATA: dummy

22-05-2025T16:41:11 - [MESSAGE][PASSED] - Verify contains GUI: dummy_20250522163837.ozd - DATA: dummy

22-05-2025T16:41:11 - [TEST_STEP][PASSED] - documentInformationScreen.checkAttachFileName(document): Expected true condition

22-05-2025T16:41:13 - [MESSAGE][PASSED] - Expected true condition

22-05-2025T16:41:13 - [TEST_STEP][PASSED] - documentInformationScreen.checkComment(auto6, COMMENT): Check comment of Auto Test User 2 is Commented by automation team

22-05-2025T16:41:14 - [MESSAGE][INFO] - GUI COMMENT: Commented by automation team - DATA COMMENT: Commented by automation team

22-05-2025T16:41:14 - [MESSAGE][PASSED] - Check comment of Auto Test User 2 is Commented by automation team

22-05-2025T16:41:14 - [TEST_STEP][PASSED] - documentInformationScreen.selectUserTransfered(auto7): null

22-05-2025T16:41:19 - [TEST_STEP][PASSED] - documentInformationScreen.performAction(document, TRANSFER_EXCUTION): null

22-05-2025T16:41:24 - [TEST_STEP][PASSED] - loginScreen.login(auto7): null

22-05-2025T16:41:32 - [TEST_STEP][PASSED] - homeScreen.goToRelatedDocument(): null

22-05-2025T16:41:43 - [TEST_STEP][ERROR] - relatedDocumentScreen.viewInformationExecuteDocument(document): Test Cases/IPAPER APP/029 CHUYEN THUC THI FAILED.
Reason:
org.openqa.selenium.TimeoutException: Expected condition failed: waiting for base.BaseKeyword$Trait$Helper$_waitForPresentOf_closure1@34a07a0d (tried for 30 second(s) with 500 milliseconds interval)
Build info: version: '3.141.59', revision: 'unknown', time: 'unknown'
System info: host: 'Cuong-Mac.local', ip: 'fe80:0:0:0:c43:6797:ebf2:3aad%en0', os.name: 'Mac OS X', os.arch: 'aarch64', os.version: '15.5', java.version: '17.0.7'
Driver info: com.kms.katalon.core.appium.driver.SwipeableAndroidDriver
Capabilities {automationName: UiAutomator2, databaseEnabled: false, desired: {automationName: UiAutomator2, deviceName: af0c5cf7, noReset: true, platformName: android, waitForIdleTimeout: 3000}, deviceApiLevel: 35, deviceManufacturer: OPPO, deviceModel: CPH2699, deviceName: af0c5cf7, deviceScreenDensity: 480, deviceScreenSize: 1080x2400, deviceUDID: af0c5cf7, javascriptEnabled: true, locationContextEnabled: false, networkConnectionEnabled: true, noReset: true, pixelRatio: 3, platform: LINUX, platformName: Android, platformVersion: 15, statBarHeight: 120, takesScreenshot: true, viewportRect: {height: 2280, left: 0, top: 120, width: 1080}, waitForIdleTimeout: 3000, warnings: {}, webStorageEnabled: false}
Session ID: 42b39363-2c25-472a-b49b-4e8f3ae7bc31
	at org.openqa.selenium.support.ui.WebDriverWait.timeoutException(WebDriverWait.java:95)
	at org.openqa.selenium.support.ui.FluentWait.until(FluentWait.java:272)
	at base.BaseKeyword$Trait$Helper.waitForPresentOf(BaseKeyword.groovy:345)
	at screens.RelatedDocumentScreen.waitForPresentOf(RelatedDocumentScreen.groovy)
	at screens.RelatedDocumentScreen.viewInformationExecuteDocument(RelatedDocumentScreen.groovy:27)
	at 029 CHUYEN THUC THI.run(029 CHUYEN THUC THI:156)
	at com.kms.katalon.core.main.ScriptEngine.run(ScriptEngine.java:194)
	at com.kms.katalon.core.main.ScriptEngine.runScriptAsRawText(ScriptEngine.java:119)
	at com.kms.katalon.core.main.TestCaseExecutor.runScript(TestCaseExecutor.java:448)
	at com.kms.katalon.core.main.TestCaseExecutor.doExecute(TestCaseExecutor.java:439)
	at com.kms.katalon.core.main.TestCaseExecutor.processExecutionPhase(TestCaseExecutor.java:418)
	at com.kms.katalon.core.main.TestCaseExecutor.accessMainPhase(TestCaseExecutor.java:410)
	at com.kms.katalon.core.main.TestCaseExecutor.execute(TestCaseExecutor.java:285)
	at com.kms.katalon.core.common.CommonExecutor.accessTestCaseMainPhase(CommonExecutor.java:65)
	at com.kms.katalon.core.main.TestSuiteExecutor.accessTestSuiteMainPhase(TestSuiteExecutor.java:150)
	at com.kms.katalon.core.main.TestSuiteExecutor.execute(TestSuiteExecutor.java:106)
	at com.kms.katalon.core.main.TestCaseMain.startTestSuite(TestCaseMain.java:180)
	at TempTestSuite1747904187531.run(TempTestSuite1747904187531.groovy:35)
	at java.base/jdk.internal.reflect.NativeMethodAccessorImpl.invoke0(Native Method)
	at java.base/jdk.internal.reflect.NativeMethodAccessorImpl.invoke(NativeMethodAccessorImpl.java:77)
	at java.base/jdk.internal.reflect.DelegatingMethodAccessorImpl.invoke(DelegatingMethodAccessorImpl.java:43)


22-05-2025T16:42:16 - [MESSAGE][ERROR] - Test Cases/IPAPER APP/029 CHUYEN THUC THI FAILED.
Reason:
org.openqa.selenium.TimeoutException: Expected condition failed: waiting for base.BaseKeyword$Trait$Helper$_waitForPresentOf_closure1@34a07a0d (tried for 30 second(s) with 500 milliseconds interval)
Build info: version: '3.141.59', revision: 'unknown', time: 'unknown'
System info: host: 'Cuong-Mac.local', ip: 'fe80:0:0:0:c43:6797:ebf2:3aad%en0', os.name: 'Mac OS X', os.arch: 'aarch64', os.version: '15.5', java.version: '17.0.7'
Driver info: com.kms.katalon.core.appium.driver.SwipeableAndroidDriver
Capabilities {automationName: UiAutomator2, databaseEnabled: false, desired: {automationName: UiAutomator2, deviceName: af0c5cf7, noReset: true, platformName: android, waitForIdleTimeout: 3000}, deviceApiLevel: 35, deviceManufacturer: OPPO, deviceModel: CPH2699, deviceName: af0c5cf7, deviceScreenDensity: 480, deviceScreenSize: 1080x2400, deviceUDID: af0c5cf7, javascriptEnabled: true, locationContextEnabled: false, networkConnectionEnabled: true, noReset: true, pixelRatio: 3, platform: LINUX, platformName: Android, platformVersion: 15, statBarHeight: 120, takesScreenshot: true, viewportRect: {height: 2280, left: 0, top: 120, width: 1080}, waitForIdleTimeout: 3000, warnings: {}, webStorageEnabled: false}
Session ID: 42b39363-2c25-472a-b49b-4e8f3ae7bc31
	at org.openqa.selenium.support.ui.WebDriverWait.timeoutException(WebDriverWait.java:95)
	at org.openqa.selenium.support.ui.FluentWait.until(FluentWait.java:272)
	at base.BaseKeyword$Trait$Helper.waitForPresentOf(BaseKeyword.groovy:345)
	at screens.RelatedDocumentScreen.waitForPresentOf(RelatedDocumentScreen.groovy)
	at screens.RelatedDocumentScreen.viewInformationExecuteDocument(RelatedDocumentScreen.groovy:27)
	at 029 CHUYEN THUC THI.run(029 CHUYEN THUC THI:156)
	at com.kms.katalon.core.main.ScriptEngine.run(ScriptEngine.java:194)
	at com.kms.katalon.core.main.ScriptEngine.runScriptAsRawText(ScriptEngine.java:119)
	at com.kms.katalon.core.main.TestCaseExecutor.runScript(TestCaseExecutor.java:448)
	at com.kms.katalon.core.main.TestCaseExecutor.doExecute(TestCaseExecutor.java:439)
	at com.kms.katalon.core.main.TestCaseExecutor.processExecutionPhase(TestCaseExecutor.java:418)
	at com.kms.katalon.core.main.TestCaseExecutor.accessMainPhase(TestCaseExecutor.java:410)
	at com.kms.katalon.core.main.TestCaseExecutor.execute(TestCaseExecutor.java:285)
	at com.kms.katalon.core.common.CommonExecutor.accessTestCaseMainPhase(CommonExecutor.java:65)
	at com.kms.katalon.core.main.TestSuiteExecutor.accessTestSuiteMainPhase(TestSuiteExecutor.java:150)
	at com.kms.katalon.core.main.TestSuiteExecutor.execute(TestSuiteExecutor.java:106)
	at com.kms.katalon.core.main.TestCaseMain.startTestSuite(TestCaseMain.java:180)
	at TempTestSuite1747904187531.run(TempTestSuite1747904187531.groovy:35)
	at java.base/jdk.internal.reflect.NativeMethodAccessorImpl.invoke0(Native Method)
	at java.base/jdk.internal.reflect.NativeMethodAccessorImpl.invoke(NativeMethodAccessorImpl.java:77)
	at java.base/jdk.internal.reflect.DelegatingMethodAccessorImpl.invoke(DelegatingMethodAccessorImpl.java:43)


22-05-2025T16:42:16 - [TEST_STEP][PASSED] - Start listener action : afterTest: null

22-05-2025T16:42:16 - [TEST_STEP][PASSED] - if (testCaseStatus != "PASSED"): Screenshot is taken

22-05-2025T16:42:16 - [TEST_STEP][PASSED] - takeScreenshot(ErrorScreen/$GlobalVariable.PLATFORM/$testCaseContext.getTestCaseId().png): Screenshot is taken

22-05-2025T16:42:16 - [MESSAGE][PASSED] - Screenshot is taken
[[ATTACHMENT|ErrorScreen/Android/Test Cases/IPAPER APP/029 CHUYEN THUC THI.png]]

22-05-2025T16:42:16 - [TEST_STEP][PASSED] - drivers.Driver.closeApp(): drivers.Driver.closeApp is PASSED

22-05-2025T16:42:17 - [MESSAGE][PASSED] - drivers.Driver.closeApp is PASSED

22-05-2025T16:42:17 - [TEST_STEP][PASSED] - if (tsContext == null): null]]></system-out>
         <system-err><![CDATA[22-05-2025T16:37:38 - [TEST_CASE][ERROR] - Test Cases/IPAPER APP/029 CHUYEN THUC THI: Test Cases/IPAPER APP/029 CHUYEN THUC THI FAILED.
Reason:
org.openqa.selenium.TimeoutException: Expected condition failed: waiting for base.BaseKeyword$Trait$Helper$_waitForPresentOf_closure1@34a07a0d (tried for 30 second(s) with 500 milliseconds interval)
Build info: version: '3.141.59', revision: 'unknown', time: 'unknown'
System info: host: 'Cuong-Mac.local', ip: 'fe80:0:0:0:c43:6797:ebf2:3aad%en0', os.name: 'Mac OS X', os.arch: 'aarch64', os.version: '15.5', java.version: '17.0.7'
Driver info: com.kms.katalon.core.appium.driver.SwipeableAndroidDriver
Capabilities {automationName: UiAutomator2, databaseEnabled: false, desired: {automationName: UiAutomator2, deviceName: af0c5cf7, noReset: true, platformName: android, waitForIdleTimeout: 3000}, deviceApiLevel: 35, deviceManufacturer: OPPO, deviceModel: CPH2699, deviceName: af0c5cf7, deviceScreenDensity: 480, deviceScreenSize: 1080x2400, deviceUDID: af0c5cf7, javascriptEnabled: true, locationContextEnabled: false, networkConnectionEnabled: true, noReset: true, pixelRatio: 3, platform: LINUX, platformName: Android, platformVersion: 15, statBarHeight: 120, takesScreenshot: true, viewportRect: {height: 2280, left: 0, top: 120, width: 1080}, waitForIdleTimeout: 3000, warnings: {}, webStorageEnabled: false}
Session ID: 42b39363-2c25-472a-b49b-4e8f3ae7bc31
	at org.openqa.selenium.support.ui.WebDriverWait.timeoutException(WebDriverWait.java:95)
	at org.openqa.selenium.support.ui.FluentWait.until(FluentWait.java:272)
	at base.BaseKeyword$Trait$Helper.waitForPresentOf(BaseKeyword.groovy:345)
	at screens.RelatedDocumentScreen.waitForPresentOf(RelatedDocumentScreen.groovy)
	at screens.RelatedDocumentScreen.viewInformationExecuteDocument(RelatedDocumentScreen.groovy:27)
	at 029 CHUYEN THUC THI.run(029 CHUYEN THUC THI:156)
	at com.kms.katalon.core.main.ScriptEngine.run(ScriptEngine.java:194)
	at com.kms.katalon.core.main.ScriptEngine.runScriptAsRawText(ScriptEngine.java:119)
	at com.kms.katalon.core.main.TestCaseExecutor.runScript(TestCaseExecutor.java:448)
	at com.kms.katalon.core.main.TestCaseExecutor.doExecute(TestCaseExecutor.java:439)
	at com.kms.katalon.core.main.TestCaseExecutor.processExecutionPhase(TestCaseExecutor.java:418)
	at com.kms.katalon.core.main.TestCaseExecutor.accessMainPhase(TestCaseExecutor.java:410)
	at com.kms.katalon.core.main.TestCaseExecutor.execute(TestCaseExecutor.java:285)
	at com.kms.katalon.core.common.CommonExecutor.accessTestCaseMainPhase(CommonExecutor.java:65)
	at com.kms.katalon.core.main.TestSuiteExecutor.accessTestSuiteMainPhase(TestSuiteExecutor.java:150)
	at com.kms.katalon.core.main.TestSuiteExecutor.execute(TestSuiteExecutor.java:106)
	at com.kms.katalon.core.main.TestCaseMain.startTestSuite(TestCaseMain.java:180)
	at TempTestSuite1747904187531.run(TempTestSuite1747904187531.groovy:35)
	at java.base/jdk.internal.reflect.NativeMethodAccessorImpl.invoke0(Native Method)
	at java.base/jdk.internal.reflect.NativeMethodAccessorImpl.invoke(NativeMethodAccessorImpl.java:77)
	at java.base/jdk.internal.reflect.DelegatingMethodAccessorImpl.invoke(DelegatingMethodAccessorImpl.java:43)]]></system-err>
      </testcase>
      <testcase name="Test Cases/IPAPER APP/031 HOAN TAT HO SO" time="214.9" classname="Test Cases/IPAPER APP/031 HOAN TAT HO SO" status="PASSED">
         <system-out><![CDATA[22-05-2025T16:42:17 - [TEST_CASE][PASSED] - Test Cases/IPAPER APP/031 HOAN TAT HO SO: Test Cases/IPAPER APP/031 HOAN TAT HO SO

22-05-2025T16:42:17 - [TEST_STEP][PASSED] - Start listener action : beforeTest: drivers.Driver.openApp is PASSED

22-05-2025T16:42:17 - [TEST_STEP][PASSED] - DataTest.init(): null

22-05-2025T16:42:17 - [TEST_STEP][PASSED] - testCaseId = split("/").last(): null

22-05-2025T16:42:17 - [TEST_STEP][PASSED] - if (!(drivers.Driver.isAppiumRunning())): drivers.Driver.isAppiumRunning is PASSED

22-05-2025T16:42:17 - [MESSAGE][INFO] - Appium running: true

22-05-2025T16:42:17 - [MESSAGE][PASSED] - drivers.Driver.isAppiumRunning is PASSED

22-05-2025T16:42:17 - [TEST_STEP][PASSED] - if (driver == null || driver.getSessionId() == null): null

22-05-2025T16:42:17 - [TEST_STEP][PASSED] - drivers.Driver.openApp(): drivers.Driver.openApp is PASSED

22-05-2025T16:42:20 - [MESSAGE][PASSED] - drivers.Driver.openApp is PASSED

22-05-2025T16:42:20 - [TEST_STEP][PASSED] - REQUEST_NAME = "Trình ký PDF có sẵn": null

22-05-2025T16:42:20 - [TEST_STEP][PASSED] - COMMENT = "Commented by automation team": null

22-05-2025T16:42:20 - [TEST_STEP][PASSED] - auto5 = DataTest.getUserTest5(): null

22-05-2025T16:42:20 - [TEST_STEP][PASSED] - auto6 = DataTest.getUserTest6(): null

22-05-2025T16:42:20 - [TEST_STEP][PASSED] - auto7 = DataTest.getUserTest7(): null

22-05-2025T16:42:20 - [TEST_STEP][PASSED] - auto8 = DataTest.getUserTest8(): null

22-05-2025T16:42:20 - [TEST_STEP][PASSED] - document = DataTest.createDocumentTest(auto5, auto6, null, "dummy.pdf", "dummy.pdf"): null

22-05-2025T16:42:20 - [TEST_STEP][PASSED] - loginScreen.login(auto5): null

22-05-2025T16:42:34 - [TEST_STEP][PASSED] - homeScreen.openRequestList(): null

22-05-2025T16:42:39 - [TEST_STEP][PASSED] - homeScreen.createRequest(REQUEST_NAME): null

22-05-2025T16:42:44 - [TEST_STEP][PASSED] - pdfSignScreen.fillInTitle(document.getTitle()): null

22-05-2025T16:42:48 - [TEST_STEP][PASSED] - pdfSignScreen.selectPriority(document.getPriority()): null

22-05-2025T16:42:50 - [TEST_STEP][PASSED] - pdfSignScreen.selectTime(document.getTime()): null

22-05-2025T16:42:54 - [TEST_STEP][PASSED] - pdfSignScreen.fillInDescription(document.getDescription()): null

22-05-2025T16:42:55 - [TEST_STEP][PASSED] - pdfSignScreen.selectAssigner(getAssigner().getEmail()): null

22-05-2025T16:43:01 - [TEST_STEP][PASSED] - pdfSignScreen.openMainFileBrowser(): null

22-05-2025T16:43:06 - [TEST_STEP][PASSED] - fileBrowserScreen.attachFile(document.getMainFileName()): null

22-05-2025T16:43:15 - [TEST_STEP][PASSED] - pdfSignScreen.openSubFileBrowser(): null

22-05-2025T16:43:17 - [TEST_STEP][PASSED] - fileBrowserScreen.attachFile(document.getSubFileName()): null

22-05-2025T16:43:26 - [TEST_STEP][PASSED] - pdfSignScreen.performAction(SEND_APPROVE): null

22-05-2025T16:43:28 - [TEST_STEP][PASSED] - pdfSignScreen.fillInOpinion(document.getComment()): null

22-05-2025T16:43:29 - [TEST_STEP][PASSED] - pdfSignScreen.submitRequest(): null

22-05-2025T16:43:37 - [TEST_STEP][PASSED] - documentInformationScreen.backToHome(): null

22-05-2025T16:43:37 - [TEST_STEP][PASSED] - homeScreen.logout(): null

22-05-2025T16:43:45 - [TEST_STEP][PASSED] - document.setStatus(WAIT_APPROVE): null

22-05-2025T16:43:45 - [TEST_STEP][PASSED] - document.setAssigner(auto5): null

22-05-2025T16:43:45 - [TEST_STEP][PASSED] - loginScreen.login(auto6): null

22-05-2025T16:44:00 - [TEST_STEP][PASSED] - homeScreen.goToIncomingDocument(): null

22-05-2025T16:44:01 - [TEST_STEP][PASSED] - inComingDocument.viewMainFile(document): View main file document: Trình ký 1747906940306

22-05-2025T16:44:01 - [MESSAGE][INFO] - View main file document: Trình ký 1747906940306

22-05-2025T16:44:05 - [TEST_STEP][PASSED] - document.setSender(auto6): null

22-05-2025T16:44:05 - [TEST_STEP][PASSED] - documentInformationScreen.performAction(document, APPROVE, COMMENT): null

22-05-2025T16:44:18 - [TEST_STEP][PASSED] - documentInformationScreen.backToHome(): null

22-05-2025T16:44:18 - [TEST_STEP][PASSED] - inComingDocument.checkItemInDocument(): null

22-05-2025T16:44:18 - [TEST_STEP][PASSED] - homeScreen.goToOutComingDocument(): null

22-05-2025T16:44:28 - [TEST_STEP][PASSED] - outComingDocument.viewInformationDocument(document): null

22-05-2025T16:44:29 - [TEST_STEP][PASSED] - documentInformationScreen.checkDocumentTitle(document): Verify equals GUI: Trình ký 1747906940306 - DATA: Trình ký 1747906940306

22-05-2025T16:44:34 - [MESSAGE][PASSED] - Verify equals GUI: Trình ký 1747906940306 - DATA: Trình ký 1747906940306

22-05-2025T16:44:34 - [TEST_STEP][PASSED] - documentInformationScreen.checkSender(document): Verify equals GUI: Auto Test User 2 - DATA: Auto Test User 2

22-05-2025T16:44:34 - [MESSAGE][PASSED] - Verify equals GUI: Auto Test User 2 - DATA: Auto Test User 2

22-05-2025T16:44:34 - [TEST_STEP][PASSED] - documentInformationScreen.checkStatus(document): Verify equals GUI: Đã duyệt - DATA: Đã duyệt

22-05-2025T16:44:34 - [MESSAGE][PASSED] - Verify equals GUI: Đã duyệt - DATA: Đã duyệt

22-05-2025T16:44:34 - [TEST_STEP][PASSED] - documentInformationScreen.checkCreateDate(): Verify equals GUI: 22/05/2025 - DATA: 22/05/2025

22-05-2025T16:44:34 - [MESSAGE][PASSED] - Verify equals GUI: 22/05/2025 - DATA: 22/05/2025

22-05-2025T16:44:34 - [TEST_STEP][PASSED] - documentInformationScreen.checkFinishDate(document): Verify equals GUI: 23/05/2025 - DATA: 23/05/2025

22-05-2025T16:44:34 - [MESSAGE][PASSED] - Verify equals GUI: 23/05/2025 - DATA: 23/05/2025

22-05-2025T16:44:34 - [TEST_STEP][PASSED] - documentInformationScreen.checkPriority(document): Verify equals GUI: Khẩn cấp - DATA: Khẩn cấp

22-05-2025T16:44:34 - [MESSAGE][PASSED] - Verify equals GUI: Khẩn cấp - DATA: Khẩn cấp

22-05-2025T16:44:34 - [TEST_STEP][PASSED] - documentInformationScreen.checkDescription(document): Verify equals GUI: 031 HOAN TAT HO SO - DATA: 031 HOAN TAT HO SO

22-05-2025T16:44:35 - [MESSAGE][PASSED] - Verify equals GUI: 031 HOAN TAT HO SO - DATA: 031 HOAN TAT HO SO

22-05-2025T16:44:35 - [TEST_STEP][PASSED] - documentInformationScreen.checkAssigner(document): Verify contains GUI: auto1@hdbank.com.vn - DATA: auto1@hdbank.com.vn

22-05-2025T16:44:36 - [MESSAGE][PASSED] - Verify contains GUI: auto1@hdbank.com.vn - DATA: auto1@hdbank.com.vn

22-05-2025T16:44:36 - [TEST_STEP][PASSED] - documentInformationScreen.checkPresentFileName(document): Verify contains GUI: dummy_20250522164315.ozd - DATA: dummy

22-05-2025T16:44:37 - [MESSAGE][PASSED] - Verify contains GUI: dummy_20250522164315.ozd - DATA: dummy

22-05-2025T16:44:37 - [TEST_STEP][PASSED] - documentInformationScreen.checkAttachFileName(document): Expected true condition

22-05-2025T16:44:39 - [MESSAGE][PASSED] - Expected true condition

22-05-2025T16:44:39 - [TEST_STEP][PASSED] - documentInformationScreen.checkComment(auto6, COMMENT): Check comment of Auto Test User 2 is Commented by automation team

22-05-2025T16:44:40 - [MESSAGE][INFO] - GUI COMMENT: Commented by automation team - DATA COMMENT: Commented by automation team

22-05-2025T16:44:40 - [MESSAGE][PASSED] - Check comment of Auto Test User 2 is Commented by automation team

22-05-2025T16:44:40 - [TEST_STEP][PASSED] - documentInformationScreen.backToHome(): null

22-05-2025T16:44:45 - [TEST_STEP][PASSED] - inComingDocument.checkItemInDocument(): null

22-05-2025T16:44:45 - [TEST_STEP][PASSED] - documentInformationScreen.backToHome(): null

22-05-2025T16:44:45 - [TEST_STEP][PASSED] - homeScreen.logout(): null

22-05-2025T16:44:53 - [TEST_STEP][PASSED] - loginScreen.login(auto5): null

22-05-2025T16:45:08 - [TEST_STEP][PASSED] - homeScreen.goToOutComingDocument(): null

22-05-2025T16:45:18 - [TEST_STEP][PASSED] - outComingDocument.viewInformationDocument(document): null

22-05-2025T16:45:19 - [TEST_STEP][PASSED] - documentInformationScreen.performAction(document, COMPLETE): null

22-05-2025T16:45:29 - [TEST_STEP][PASSED] - outComingDocument.loadDataResult(): null

22-05-2025T16:45:34 - [TEST_STEP][PASSED] - outComingDocument.viewInformationDocument(document): null

22-05-2025T16:45:35 - [TEST_STEP][PASSED] - documentInformationScreen.checkDocumentTitle(document): Verify equals GUI: Trình ký 1747906940306 - DATA: Trình ký 1747906940306

22-05-2025T16:45:39 - [MESSAGE][PASSED] - Verify equals GUI: Trình ký 1747906940306 - DATA: Trình ký 1747906940306

22-05-2025T16:45:39 - [TEST_STEP][PASSED] - documentInformationScreen.checkSender(document): Verify equals GUI: Auto Test User 2 - DATA: Auto Test User 2

22-05-2025T16:45:39 - [MESSAGE][PASSED] - Verify equals GUI: Auto Test User 2 - DATA: Auto Test User 2

22-05-2025T16:45:39 - [TEST_STEP][PASSED] - documentInformationScreen.checkStatus(document): Verify equals GUI: Đã hoàn thành - DATA: Đã hoàn thành

22-05-2025T16:45:39 - [MESSAGE][PASSED] - Verify equals GUI: Đã hoàn thành - DATA: Đã hoàn thành

22-05-2025T16:45:39 - [TEST_STEP][PASSED] - documentInformationScreen.checkCreateDate(): Verify equals GUI: 22/05/2025 - DATA: 22/05/2025

22-05-2025T16:45:39 - [MESSAGE][PASSED] - Verify equals GUI: 22/05/2025 - DATA: 22/05/2025

22-05-2025T16:45:39 - [TEST_STEP][PASSED] - documentInformationScreen.checkFinishDate(document): Verify equals GUI: 23/05/2025 - DATA: 23/05/2025

22-05-2025T16:45:39 - [MESSAGE][PASSED] - Verify equals GUI: 23/05/2025 - DATA: 23/05/2025

22-05-2025T16:45:39 - [TEST_STEP][PASSED] - documentInformationScreen.checkPriority(document): Verify equals GUI: Khẩn cấp - DATA: Khẩn cấp

22-05-2025T16:45:39 - [MESSAGE][PASSED] - Verify equals GUI: Khẩn cấp - DATA: Khẩn cấp

22-05-2025T16:45:39 - [TEST_STEP][PASSED] - documentInformationScreen.checkDescription(document): Verify equals GUI: 031 HOAN TAT HO SO - DATA: 031 HOAN TAT HO SO

22-05-2025T16:45:39 - [MESSAGE][PASSED] - Verify equals GUI: 031 HOAN TAT HO SO - DATA: 031 HOAN TAT HO SO

22-05-2025T16:45:39 - [TEST_STEP][PASSED] - documentInformationScreen.isAssignerDisplayed(): Check sender not displayed

22-05-2025T16:45:42 - [MESSAGE][PASSED] - Check sender not displayed

22-05-2025T16:45:42 - [TEST_STEP][PASSED] - documentInformationScreen.checkPresentFileName(document): Verify contains GUI: dummy_20250522164315.ozd - DATA: dummy

22-05-2025T16:45:48 - [MESSAGE][PASSED] - Verify contains GUI: dummy_20250522164315.ozd - DATA: dummy

22-05-2025T16:45:48 - [TEST_STEP][PASSED] - documentInformationScreen.checkAttachFileName(document): Expected true condition

22-05-2025T16:45:49 - [MESSAGE][PASSED] - Expected true condition

22-05-2025T16:45:49 - [TEST_STEP][PASSED] - documentInformationScreen.checkComment(auto6, COMMENT): Check comment of Auto Test User 2 is Commented by automation team

22-05-2025T16:45:51 - [MESSAGE][INFO] - GUI COMMENT: Commented by automation team - DATA COMMENT: Commented by automation team

22-05-2025T16:45:51 - [MESSAGE][PASSED] - Check comment of Auto Test User 2 is Commented by automation team

22-05-2025T16:45:51 - [TEST_STEP][PASSED] - Start listener action : afterTest: null

22-05-2025T16:45:51 - [TEST_STEP][PASSED] - if (testCaseStatus != "PASSED"): null

22-05-2025T16:45:51 - [TEST_STEP][PASSED] - drivers.Driver.closeApp(): drivers.Driver.closeApp is PASSED

22-05-2025T16:45:52 - [MESSAGE][PASSED] - drivers.Driver.closeApp is PASSED

22-05-2025T16:45:52 - [TEST_STEP][PASSED] - if (tsContext == null): null]]></system-out>
         <system-err><![CDATA[]]></system-err>
      </testcase>
      <testcase name="Test Cases/IPAPER APP/032 RUT LAI HO SO" time="151.538" classname="Test Cases/IPAPER APP/032 RUT LAI HO SO" status="ERROR">
         <error type="ERROR" message="Test Cases/IPAPER APP/032 RUT LAI HO SO FAILED.&#xa;Reason:&#xa;org.openqa.selenium.TimeoutException: Expected condition failed: waiting for base.BaseKeyword$Trait$Helper$_waitForPresentOf_closure1@43117a68 (tried for 30 second(s) with 500 milliseconds interval)&#xa;Build info: version: '3.141.59', revision: 'unknown', time: 'unknown'&#xa;System info: host: 'Cuong-Mac.local', ip: 'fe80:0:0:0:c43:6797:ebf2:3aad%en0', os.name: 'Mac OS X', os.arch: 'aarch64', os.version: '15.5', java.version: '17.0.7'&#xa;Driver info: com.kms.katalon.core.appium.driver.SwipeableAndroidDriver&#xa;Capabilities {automationName: UiAutomator2, databaseEnabled: false, desired: {automationName: UiAutomator2, deviceName: af0c5cf7, noReset: true, platformName: android, waitForIdleTimeout: 3000}, deviceApiLevel: 35, deviceManufacturer: OPPO, deviceModel: CPH2699, deviceName: af0c5cf7, deviceScreenDensity: 480, deviceScreenSize: 1080x2400, deviceUDID: af0c5cf7, javascriptEnabled: true, locationContextEnabled: false, networkConnectionEnabled: true, noReset: true, pixelRatio: 3, platform: LINUX, platformName: Android, platformVersion: 15, statBarHeight: 120, takesScreenshot: true, viewportRect: {height: 2280, left: 0, top: 120, width: 1080}, waitForIdleTimeout: 3000, warnings: {}, webStorageEnabled: false}&#xa;Session ID: 42b39363-2c25-472a-b49b-4e8f3ae7bc31&#xa;	at org.openqa.selenium.support.ui.WebDriverWait.timeoutException(WebDriverWait.java:95)&#xa;	at org.openqa.selenium.support.ui.FluentWait.until(FluentWait.java:272)&#xa;	at base.BaseKeyword$Trait$Helper.waitForPresentOf(BaseKeyword.groovy:345)&#xa;	at screens.IncomingDocumentScreen.waitForPresentOf(IncomingDocumentScreen.groovy)&#xa;	at screens.IncomingDocumentScreen.viewInformationDocument(IncomingDocumentScreen.groovy:42)&#xa;	at 032 RUT LAI HO SO.run(032 RUT LAI HO SO:62)&#xa;	at com.kms.katalon.core.main.ScriptEngine.run(ScriptEngine.java:194)&#xa;	at com.kms.katalon.core.main.ScriptEngine.runScriptAsRawText(ScriptEngine.java:119)&#xa;	at com.kms.katalon.core.main.TestCaseExecutor.runScript(TestCaseExecutor.java:448)&#xa;	at com.kms.katalon.core.main.TestCaseExecutor.doExecute(TestCaseExecutor.java:439)&#xa;	at com.kms.katalon.core.main.TestCaseExecutor.processExecutionPhase(TestCaseExecutor.java:418)&#xa;	at com.kms.katalon.core.main.TestCaseExecutor.accessMainPhase(TestCaseExecutor.java:410)&#xa;	at com.kms.katalon.core.main.TestCaseExecutor.execute(TestCaseExecutor.java:285)&#xa;	at com.kms.katalon.core.common.CommonExecutor.accessTestCaseMainPhase(CommonExecutor.java:65)&#xa;	at com.kms.katalon.core.main.TestSuiteExecutor.accessTestSuiteMainPhase(TestSuiteExecutor.java:150)&#xa;	at com.kms.katalon.core.main.TestSuiteExecutor.execute(TestSuiteExecutor.java:106)&#xa;	at com.kms.katalon.core.main.TestCaseMain.startTestSuite(TestCaseMain.java:180)&#xa;	at TempTestSuite1747904187531.run(TempTestSuite1747904187531.groovy:35)&#xa;	at java.base/jdk.internal.reflect.NativeMethodAccessorImpl.invoke0(Native Method)&#xa;	at java.base/jdk.internal.reflect.NativeMethodAccessorImpl.invoke(NativeMethodAccessorImpl.java:77)&#xa;	at java.base/jdk.internal.reflect.DelegatingMethodAccessorImpl.invoke(DelegatingMethodAccessorImpl.java:43)&#xa;"/>
         <system-out><![CDATA[22-05-2025T16:45:52 - [TEST_CASE][ERROR] - Test Cases/IPAPER APP/032 RUT LAI HO SO: Test Cases/IPAPER APP/032 RUT LAI HO SO FAILED.
Reason:
org.openqa.selenium.TimeoutException: Expected condition failed: waiting for base.BaseKeyword$Trait$Helper$_waitForPresentOf_closure1@43117a68 (tried for 30 second(s) with 500 milliseconds interval)
Build info: version: '3.141.59', revision: 'unknown', time: 'unknown'
System info: host: 'Cuong-Mac.local', ip: 'fe80:0:0:0:c43:6797:ebf2:3aad%en0', os.name: 'Mac OS X', os.arch: 'aarch64', os.version: '15.5', java.version: '17.0.7'
Driver info: com.kms.katalon.core.appium.driver.SwipeableAndroidDriver
Capabilities {automationName: UiAutomator2, databaseEnabled: false, desired: {automationName: UiAutomator2, deviceName: af0c5cf7, noReset: true, platformName: android, waitForIdleTimeout: 3000}, deviceApiLevel: 35, deviceManufacturer: OPPO, deviceModel: CPH2699, deviceName: af0c5cf7, deviceScreenDensity: 480, deviceScreenSize: 1080x2400, deviceUDID: af0c5cf7, javascriptEnabled: true, locationContextEnabled: false, networkConnectionEnabled: true, noReset: true, pixelRatio: 3, platform: LINUX, platformName: Android, platformVersion: 15, statBarHeight: 120, takesScreenshot: true, viewportRect: {height: 2280, left: 0, top: 120, width: 1080}, waitForIdleTimeout: 3000, warnings: {}, webStorageEnabled: false}
Session ID: 42b39363-2c25-472a-b49b-4e8f3ae7bc31
	at org.openqa.selenium.support.ui.WebDriverWait.timeoutException(WebDriverWait.java:95)
	at org.openqa.selenium.support.ui.FluentWait.until(FluentWait.java:272)
	at base.BaseKeyword$Trait$Helper.waitForPresentOf(BaseKeyword.groovy:345)
	at screens.IncomingDocumentScreen.waitForPresentOf(IncomingDocumentScreen.groovy)
	at screens.IncomingDocumentScreen.viewInformationDocument(IncomingDocumentScreen.groovy:42)
	at 032 RUT LAI HO SO.run(032 RUT LAI HO SO:62)
	at com.kms.katalon.core.main.ScriptEngine.run(ScriptEngine.java:194)
	at com.kms.katalon.core.main.ScriptEngine.runScriptAsRawText(ScriptEngine.java:119)
	at com.kms.katalon.core.main.TestCaseExecutor.runScript(TestCaseExecutor.java:448)
	at com.kms.katalon.core.main.TestCaseExecutor.doExecute(TestCaseExecutor.java:439)
	at com.kms.katalon.core.main.TestCaseExecutor.processExecutionPhase(TestCaseExecutor.java:418)
	at com.kms.katalon.core.main.TestCaseExecutor.accessMainPhase(TestCaseExecutor.java:410)
	at com.kms.katalon.core.main.TestCaseExecutor.execute(TestCaseExecutor.java:285)
	at com.kms.katalon.core.common.CommonExecutor.accessTestCaseMainPhase(CommonExecutor.java:65)
	at com.kms.katalon.core.main.TestSuiteExecutor.accessTestSuiteMainPhase(TestSuiteExecutor.java:150)
	at com.kms.katalon.core.main.TestSuiteExecutor.execute(TestSuiteExecutor.java:106)
	at com.kms.katalon.core.main.TestCaseMain.startTestSuite(TestCaseMain.java:180)
	at TempTestSuite1747904187531.run(TempTestSuite1747904187531.groovy:35)
	at java.base/jdk.internal.reflect.NativeMethodAccessorImpl.invoke0(Native Method)
	at java.base/jdk.internal.reflect.NativeMethodAccessorImpl.invoke(NativeMethodAccessorImpl.java:77)
	at java.base/jdk.internal.reflect.DelegatingMethodAccessorImpl.invoke(DelegatingMethodAccessorImpl.java:43)


22-05-2025T16:45:52 - [TEST_STEP][PASSED] - Start listener action : beforeTest: drivers.Driver.openApp is PASSED

22-05-2025T16:45:52 - [TEST_STEP][PASSED] - DataTest.init(): null

22-05-2025T16:45:52 - [TEST_STEP][PASSED] - testCaseId = split("/").last(): null

22-05-2025T16:45:52 - [TEST_STEP][PASSED] - if (!(drivers.Driver.isAppiumRunning())): drivers.Driver.isAppiumRunning is PASSED

22-05-2025T16:45:52 - [MESSAGE][INFO] - Appium running: true

22-05-2025T16:45:52 - [MESSAGE][PASSED] - drivers.Driver.isAppiumRunning is PASSED

22-05-2025T16:45:52 - [TEST_STEP][PASSED] - if (driver == null || driver.getSessionId() == null): null

22-05-2025T16:45:52 - [TEST_STEP][PASSED] - drivers.Driver.openApp(): drivers.Driver.openApp is PASSED

22-05-2025T16:45:54 - [MESSAGE][PASSED] - drivers.Driver.openApp is PASSED

22-05-2025T16:45:54 - [TEST_STEP][PASSED] - REQUEST_NAME = "Trình ký PDF có sẵn": null

22-05-2025T16:45:54 - [TEST_STEP][PASSED] - COMMENT = "Commented by automation team": null

22-05-2025T16:45:54 - [TEST_STEP][PASSED] - auto5 = DataTest.getUserTest5(): null

22-05-2025T16:45:54 - [TEST_STEP][PASSED] - auto6 = DataTest.getUserTest6(): null

22-05-2025T16:45:54 - [TEST_STEP][PASSED] - document = DataTest.createDocumentTest(auto5, auto6, null, "dummy.pdf", "dummy.pdf"): null

22-05-2025T16:45:54 - [TEST_STEP][PASSED] - loginScreen.login(auto5): null

22-05-2025T16:46:06 - [TEST_STEP][PASSED] - homeScreen.openRequestList(): null

22-05-2025T16:46:12 - [TEST_STEP][PASSED] - homeScreen.createRequest(REQUEST_NAME): null

22-05-2025T16:46:20 - [TEST_STEP][PASSED] - pdfSignScreen.fillInTitle(document.getTitle()): null

22-05-2025T16:46:27 - [TEST_STEP][PASSED] - pdfSignScreen.selectPriority(document.getPriority()): null

22-05-2025T16:46:30 - [TEST_STEP][PASSED] - pdfSignScreen.selectTime(document.getTime()): null

22-05-2025T16:46:32 - [TEST_STEP][PASSED] - pdfSignScreen.fillInDescription(document.getDescription()): null

22-05-2025T16:46:34 - [TEST_STEP][PASSED] - pdfSignScreen.selectAssigner(getAssigner().getEmail()): null

22-05-2025T16:46:40 - [TEST_STEP][PASSED] - pdfSignScreen.openMainFileBrowser(): null

22-05-2025T16:46:45 - [TEST_STEP][PASSED] - fileBrowserScreen.attachFile(document.getMainFileName()): null

22-05-2025T16:46:55 - [TEST_STEP][PASSED] - pdfSignScreen.openSubFileBrowser(): null

22-05-2025T16:46:55 - [TEST_STEP][PASSED] - fileBrowserScreen.attachFile(document.getSubFileName()): null

22-05-2025T16:47:06 - [TEST_STEP][PASSED] - pdfSignScreen.performAction(SEND_APPROVE): null

22-05-2025T16:47:09 - [TEST_STEP][PASSED] - pdfSignScreen.fillInOpinion(document.getComment()): null

22-05-2025T16:47:10 - [TEST_STEP][PASSED] - pdfSignScreen.submitRequest(): null

22-05-2025T16:47:22 - [TEST_STEP][PASSED] - documentInformationScreen.backToHome(): null

22-05-2025T16:47:22 - [TEST_STEP][PASSED] - homeScreen.logout(): null

22-05-2025T16:47:30 - [TEST_STEP][PASSED] - document.setStatus(WAIT_APPROVE): null

22-05-2025T16:47:30 - [TEST_STEP][PASSED] - document.setAssigner(auto5): null

22-05-2025T16:47:30 - [TEST_STEP][PASSED] - loginScreen.login(auto6): null

22-05-2025T16:47:45 - [TEST_STEP][PASSED] - homeScreen.goToIncomingDocument(): null

22-05-2025T16:47:45 - [TEST_STEP][ERROR] - inComingDocument.viewInformationDocument(document): Test Cases/IPAPER APP/032 RUT LAI HO SO FAILED.
Reason:
org.openqa.selenium.TimeoutException: Expected condition failed: waiting for base.BaseKeyword$Trait$Helper$_waitForPresentOf_closure1@43117a68 (tried for 30 second(s) with 500 milliseconds interval)
Build info: version: '3.141.59', revision: 'unknown', time: 'unknown'
System info: host: 'Cuong-Mac.local', ip: 'fe80:0:0:0:c43:6797:ebf2:3aad%en0', os.name: 'Mac OS X', os.arch: 'aarch64', os.version: '15.5', java.version: '17.0.7'
Driver info: com.kms.katalon.core.appium.driver.SwipeableAndroidDriver
Capabilities {automationName: UiAutomator2, databaseEnabled: false, desired: {automationName: UiAutomator2, deviceName: af0c5cf7, noReset: true, platformName: android, waitForIdleTimeout: 3000}, deviceApiLevel: 35, deviceManufacturer: OPPO, deviceModel: CPH2699, deviceName: af0c5cf7, deviceScreenDensity: 480, deviceScreenSize: 1080x2400, deviceUDID: af0c5cf7, javascriptEnabled: true, locationContextEnabled: false, networkConnectionEnabled: true, noReset: true, pixelRatio: 3, platform: LINUX, platformName: Android, platformVersion: 15, statBarHeight: 120, takesScreenshot: true, viewportRect: {height: 2280, left: 0, top: 120, width: 1080}, waitForIdleTimeout: 3000, warnings: {}, webStorageEnabled: false}
Session ID: 42b39363-2c25-472a-b49b-4e8f3ae7bc31
	at org.openqa.selenium.support.ui.WebDriverWait.timeoutException(WebDriverWait.java:95)
	at org.openqa.selenium.support.ui.FluentWait.until(FluentWait.java:272)
	at base.BaseKeyword$Trait$Helper.waitForPresentOf(BaseKeyword.groovy:345)
	at screens.IncomingDocumentScreen.waitForPresentOf(IncomingDocumentScreen.groovy)
	at screens.IncomingDocumentScreen.viewInformationDocument(IncomingDocumentScreen.groovy:42)
	at 032 RUT LAI HO SO.run(032 RUT LAI HO SO:62)
	at com.kms.katalon.core.main.ScriptEngine.run(ScriptEngine.java:194)
	at com.kms.katalon.core.main.ScriptEngine.runScriptAsRawText(ScriptEngine.java:119)
	at com.kms.katalon.core.main.TestCaseExecutor.runScript(TestCaseExecutor.java:448)
	at com.kms.katalon.core.main.TestCaseExecutor.doExecute(TestCaseExecutor.java:439)
	at com.kms.katalon.core.main.TestCaseExecutor.processExecutionPhase(TestCaseExecutor.java:418)
	at com.kms.katalon.core.main.TestCaseExecutor.accessMainPhase(TestCaseExecutor.java:410)
	at com.kms.katalon.core.main.TestCaseExecutor.execute(TestCaseExecutor.java:285)
	at com.kms.katalon.core.common.CommonExecutor.accessTestCaseMainPhase(CommonExecutor.java:65)
	at com.kms.katalon.core.main.TestSuiteExecutor.accessTestSuiteMainPhase(TestSuiteExecutor.java:150)
	at com.kms.katalon.core.main.TestSuiteExecutor.execute(TestSuiteExecutor.java:106)
	at com.kms.katalon.core.main.TestCaseMain.startTestSuite(TestCaseMain.java:180)
	at TempTestSuite1747904187531.run(TempTestSuite1747904187531.groovy:35)
	at java.base/jdk.internal.reflect.NativeMethodAccessorImpl.invoke0(Native Method)
	at java.base/jdk.internal.reflect.NativeMethodAccessorImpl.invoke(NativeMethodAccessorImpl.java:77)
	at java.base/jdk.internal.reflect.DelegatingMethodAccessorImpl.invoke(DelegatingMethodAccessorImpl.java:43)


22-05-2025T16:47:45 - [MESSAGE][INFO] - View document Trình ký 1747907154497

22-05-2025T16:48:20 - [MESSAGE][ERROR] - Test Cases/IPAPER APP/032 RUT LAI HO SO FAILED.
Reason:
org.openqa.selenium.TimeoutException: Expected condition failed: waiting for base.BaseKeyword$Trait$Helper$_waitForPresentOf_closure1@43117a68 (tried for 30 second(s) with 500 milliseconds interval)
Build info: version: '3.141.59', revision: 'unknown', time: 'unknown'
System info: host: 'Cuong-Mac.local', ip: 'fe80:0:0:0:c43:6797:ebf2:3aad%en0', os.name: 'Mac OS X', os.arch: 'aarch64', os.version: '15.5', java.version: '17.0.7'
Driver info: com.kms.katalon.core.appium.driver.SwipeableAndroidDriver
Capabilities {automationName: UiAutomator2, databaseEnabled: false, desired: {automationName: UiAutomator2, deviceName: af0c5cf7, noReset: true, platformName: android, waitForIdleTimeout: 3000}, deviceApiLevel: 35, deviceManufacturer: OPPO, deviceModel: CPH2699, deviceName: af0c5cf7, deviceScreenDensity: 480, deviceScreenSize: 1080x2400, deviceUDID: af0c5cf7, javascriptEnabled: true, locationContextEnabled: false, networkConnectionEnabled: true, noReset: true, pixelRatio: 3, platform: LINUX, platformName: Android, platformVersion: 15, statBarHeight: 120, takesScreenshot: true, viewportRect: {height: 2280, left: 0, top: 120, width: 1080}, waitForIdleTimeout: 3000, warnings: {}, webStorageEnabled: false}
Session ID: 42b39363-2c25-472a-b49b-4e8f3ae7bc31
	at org.openqa.selenium.support.ui.WebDriverWait.timeoutException(WebDriverWait.java:95)
	at org.openqa.selenium.support.ui.FluentWait.until(FluentWait.java:272)
	at base.BaseKeyword$Trait$Helper.waitForPresentOf(BaseKeyword.groovy:345)
	at screens.IncomingDocumentScreen.waitForPresentOf(IncomingDocumentScreen.groovy)
	at screens.IncomingDocumentScreen.viewInformationDocument(IncomingDocumentScreen.groovy:42)
	at 032 RUT LAI HO SO.run(032 RUT LAI HO SO:62)
	at com.kms.katalon.core.main.ScriptEngine.run(ScriptEngine.java:194)
	at com.kms.katalon.core.main.ScriptEngine.runScriptAsRawText(ScriptEngine.java:119)
	at com.kms.katalon.core.main.TestCaseExecutor.runScript(TestCaseExecutor.java:448)
	at com.kms.katalon.core.main.TestCaseExecutor.doExecute(TestCaseExecutor.java:439)
	at com.kms.katalon.core.main.TestCaseExecutor.processExecutionPhase(TestCaseExecutor.java:418)
	at com.kms.katalon.core.main.TestCaseExecutor.accessMainPhase(TestCaseExecutor.java:410)
	at com.kms.katalon.core.main.TestCaseExecutor.execute(TestCaseExecutor.java:285)
	at com.kms.katalon.core.common.CommonExecutor.accessTestCaseMainPhase(CommonExecutor.java:65)
	at com.kms.katalon.core.main.TestSuiteExecutor.accessTestSuiteMainPhase(TestSuiteExecutor.java:150)
	at com.kms.katalon.core.main.TestSuiteExecutor.execute(TestSuiteExecutor.java:106)
	at com.kms.katalon.core.main.TestCaseMain.startTestSuite(TestCaseMain.java:180)
	at TempTestSuite1747904187531.run(TempTestSuite1747904187531.groovy:35)
	at java.base/jdk.internal.reflect.NativeMethodAccessorImpl.invoke0(Native Method)
	at java.base/jdk.internal.reflect.NativeMethodAccessorImpl.invoke(NativeMethodAccessorImpl.java:77)
	at java.base/jdk.internal.reflect.DelegatingMethodAccessorImpl.invoke(DelegatingMethodAccessorImpl.java:43)


22-05-2025T16:48:20 - [TEST_STEP][PASSED] - Start listener action : afterTest: null

22-05-2025T16:48:20 - [TEST_STEP][PASSED] - if (testCaseStatus != "PASSED"): Screenshot is taken

22-05-2025T16:48:20 - [TEST_STEP][PASSED] - takeScreenshot(ErrorScreen/$GlobalVariable.PLATFORM/$testCaseContext.getTestCaseId().png): Screenshot is taken

22-05-2025T16:48:23 - [MESSAGE][PASSED] - Screenshot is taken
[[ATTACHMENT|ErrorScreen/Android/Test Cases/IPAPER APP/032 RUT LAI HO SO.png]]

22-05-2025T16:48:23 - [TEST_STEP][PASSED] - drivers.Driver.closeApp(): drivers.Driver.closeApp is PASSED

22-05-2025T16:48:23 - [MESSAGE][PASSED] - drivers.Driver.closeApp is PASSED

22-05-2025T16:48:23 - [TEST_STEP][PASSED] - if (tsContext == null): null]]></system-out>
         <system-err><![CDATA[22-05-2025T16:45:52 - [TEST_CASE][ERROR] - Test Cases/IPAPER APP/032 RUT LAI HO SO: Test Cases/IPAPER APP/032 RUT LAI HO SO FAILED.
Reason:
org.openqa.selenium.TimeoutException: Expected condition failed: waiting for base.BaseKeyword$Trait$Helper$_waitForPresentOf_closure1@43117a68 (tried for 30 second(s) with 500 milliseconds interval)
Build info: version: '3.141.59', revision: 'unknown', time: 'unknown'
System info: host: 'Cuong-Mac.local', ip: 'fe80:0:0:0:c43:6797:ebf2:3aad%en0', os.name: 'Mac OS X', os.arch: 'aarch64', os.version: '15.5', java.version: '17.0.7'
Driver info: com.kms.katalon.core.appium.driver.SwipeableAndroidDriver
Capabilities {automationName: UiAutomator2, databaseEnabled: false, desired: {automationName: UiAutomator2, deviceName: af0c5cf7, noReset: true, platformName: android, waitForIdleTimeout: 3000}, deviceApiLevel: 35, deviceManufacturer: OPPO, deviceModel: CPH2699, deviceName: af0c5cf7, deviceScreenDensity: 480, deviceScreenSize: 1080x2400, deviceUDID: af0c5cf7, javascriptEnabled: true, locationContextEnabled: false, networkConnectionEnabled: true, noReset: true, pixelRatio: 3, platform: LINUX, platformName: Android, platformVersion: 15, statBarHeight: 120, takesScreenshot: true, viewportRect: {height: 2280, left: 0, top: 120, width: 1080}, waitForIdleTimeout: 3000, warnings: {}, webStorageEnabled: false}
Session ID: 42b39363-2c25-472a-b49b-4e8f3ae7bc31
	at org.openqa.selenium.support.ui.WebDriverWait.timeoutException(WebDriverWait.java:95)
	at org.openqa.selenium.support.ui.FluentWait.until(FluentWait.java:272)
	at base.BaseKeyword$Trait$Helper.waitForPresentOf(BaseKeyword.groovy:345)
	at screens.IncomingDocumentScreen.waitForPresentOf(IncomingDocumentScreen.groovy)
	at screens.IncomingDocumentScreen.viewInformationDocument(IncomingDocumentScreen.groovy:42)
	at 032 RUT LAI HO SO.run(032 RUT LAI HO SO:62)
	at com.kms.katalon.core.main.ScriptEngine.run(ScriptEngine.java:194)
	at com.kms.katalon.core.main.ScriptEngine.runScriptAsRawText(ScriptEngine.java:119)
	at com.kms.katalon.core.main.TestCaseExecutor.runScript(TestCaseExecutor.java:448)
	at com.kms.katalon.core.main.TestCaseExecutor.doExecute(TestCaseExecutor.java:439)
	at com.kms.katalon.core.main.TestCaseExecutor.processExecutionPhase(TestCaseExecutor.java:418)
	at com.kms.katalon.core.main.TestCaseExecutor.accessMainPhase(TestCaseExecutor.java:410)
	at com.kms.katalon.core.main.TestCaseExecutor.execute(TestCaseExecutor.java:285)
	at com.kms.katalon.core.common.CommonExecutor.accessTestCaseMainPhase(CommonExecutor.java:65)
	at com.kms.katalon.core.main.TestSuiteExecutor.accessTestSuiteMainPhase(TestSuiteExecutor.java:150)
	at com.kms.katalon.core.main.TestSuiteExecutor.execute(TestSuiteExecutor.java:106)
	at com.kms.katalon.core.main.TestCaseMain.startTestSuite(TestCaseMain.java:180)
	at TempTestSuite1747904187531.run(TempTestSuite1747904187531.groovy:35)
	at java.base/jdk.internal.reflect.NativeMethodAccessorImpl.invoke0(Native Method)
	at java.base/jdk.internal.reflect.NativeMethodAccessorImpl.invoke(NativeMethodAccessorImpl.java:77)
	at java.base/jdk.internal.reflect.DelegatingMethodAccessorImpl.invoke(DelegatingMethodAccessorImpl.java:43)]]></system-err>
      </testcase>
      <testcase name="Test Cases/IPAPER APP/033 TAO HO SO NHAP" time="55.094" classname="Test Cases/IPAPER APP/033 TAO HO SO NHAP" status="ERROR">
         <error type="ERROR" message="Test Cases/IPAPER APP/033 TAO HO SO NHAP FAILED.&#xa;Reason:&#xa;org.openqa.selenium.TimeoutException: Expected condition failed: waiting for base.BaseKeyword$Trait$Helper$_waitForPresentOf_closure1@65aea2b7 (tried for 30 second(s) with 500 milliseconds interval)&#xa;Build info: version: '3.141.59', revision: 'unknown', time: 'unknown'&#xa;System info: host: 'Cuong-Mac.local', ip: 'fe80:0:0:0:c43:6797:ebf2:3aad%en0', os.name: 'Mac OS X', os.arch: 'aarch64', os.version: '15.5', java.version: '17.0.7'&#xa;Driver info: com.kms.katalon.core.appium.driver.SwipeableAndroidDriver&#xa;Capabilities {automationName: UiAutomator2, databaseEnabled: false, desired: {automationName: UiAutomator2, deviceName: af0c5cf7, noReset: true, platformName: android, waitForIdleTimeout: 3000}, deviceApiLevel: 35, deviceManufacturer: OPPO, deviceModel: CPH2699, deviceName: af0c5cf7, deviceScreenDensity: 480, deviceScreenSize: 1080x2400, deviceUDID: af0c5cf7, javascriptEnabled: true, locationContextEnabled: false, networkConnectionEnabled: true, noReset: true, pixelRatio: 3, platform: LINUX, platformName: Android, platformVersion: 15, statBarHeight: 120, takesScreenshot: true, viewportRect: {height: 2280, left: 0, top: 120, width: 1080}, waitForIdleTimeout: 3000, warnings: {}, webStorageEnabled: false}&#xa;Session ID: 42b39363-2c25-472a-b49b-4e8f3ae7bc31&#xa;	at org.openqa.selenium.support.ui.WebDriverWait.timeoutException(WebDriverWait.java:95)&#xa;	at org.openqa.selenium.support.ui.FluentWait.until(FluentWait.java:272)&#xa;	at base.BaseKeyword$Trait$Helper.waitForPresentOf(BaseKeyword.groovy:345)&#xa;	at screens.HomeScreen.waitForPresentOf(HomeScreen.groovy)&#xa;	at screens.HomeScreen.createRequest(HomeScreen.groovy:101)&#xa;	at 033 TAO HO SO NHAP.run(033 TAO HO SO NHAP:24)&#xa;	at com.kms.katalon.core.main.ScriptEngine.run(ScriptEngine.java:194)&#xa;	at com.kms.katalon.core.main.ScriptEngine.runScriptAsRawText(ScriptEngine.java:119)&#xa;	at com.kms.katalon.core.main.TestCaseExecutor.runScript(TestCaseExecutor.java:448)&#xa;	at com.kms.katalon.core.main.TestCaseExecutor.doExecute(TestCaseExecutor.java:439)&#xa;	at com.kms.katalon.core.main.TestCaseExecutor.processExecutionPhase(TestCaseExecutor.java:418)&#xa;	at com.kms.katalon.core.main.TestCaseExecutor.accessMainPhase(TestCaseExecutor.java:410)&#xa;	at com.kms.katalon.core.main.TestCaseExecutor.execute(TestCaseExecutor.java:285)&#xa;	at com.kms.katalon.core.common.CommonExecutor.accessTestCaseMainPhase(CommonExecutor.java:65)&#xa;	at com.kms.katalon.core.main.TestSuiteExecutor.accessTestSuiteMainPhase(TestSuiteExecutor.java:150)&#xa;	at com.kms.katalon.core.main.TestSuiteExecutor.execute(TestSuiteExecutor.java:106)&#xa;	at com.kms.katalon.core.main.TestCaseMain.startTestSuite(TestCaseMain.java:180)&#xa;	at TempTestSuite1747904187531.run(TempTestSuite1747904187531.groovy:35)&#xa;	at java.base/jdk.internal.reflect.NativeMethodAccessorImpl.invoke0(Native Method)&#xa;	at java.base/jdk.internal.reflect.NativeMethodAccessorImpl.invoke(NativeMethodAccessorImpl.java:77)&#xa;	at java.base/jdk.internal.reflect.DelegatingMethodAccessorImpl.invoke(DelegatingMethodAccessorImpl.java:43)&#xa;"/>
         <system-out><![CDATA[22-05-2025T16:48:23 - [TEST_CASE][ERROR] - Test Cases/IPAPER APP/033 TAO HO SO NHAP: Test Cases/IPAPER APP/033 TAO HO SO NHAP FAILED.
Reason:
org.openqa.selenium.TimeoutException: Expected condition failed: waiting for base.BaseKeyword$Trait$Helper$_waitForPresentOf_closure1@65aea2b7 (tried for 30 second(s) with 500 milliseconds interval)
Build info: version: '3.141.59', revision: 'unknown', time: 'unknown'
System info: host: 'Cuong-Mac.local', ip: 'fe80:0:0:0:c43:6797:ebf2:3aad%en0', os.name: 'Mac OS X', os.arch: 'aarch64', os.version: '15.5', java.version: '17.0.7'
Driver info: com.kms.katalon.core.appium.driver.SwipeableAndroidDriver
Capabilities {automationName: UiAutomator2, databaseEnabled: false, desired: {automationName: UiAutomator2, deviceName: af0c5cf7, noReset: true, platformName: android, waitForIdleTimeout: 3000}, deviceApiLevel: 35, deviceManufacturer: OPPO, deviceModel: CPH2699, deviceName: af0c5cf7, deviceScreenDensity: 480, deviceScreenSize: 1080x2400, deviceUDID: af0c5cf7, javascriptEnabled: true, locationContextEnabled: false, networkConnectionEnabled: true, noReset: true, pixelRatio: 3, platform: LINUX, platformName: Android, platformVersion: 15, statBarHeight: 120, takesScreenshot: true, viewportRect: {height: 2280, left: 0, top: 120, width: 1080}, waitForIdleTimeout: 3000, warnings: {}, webStorageEnabled: false}
Session ID: 42b39363-2c25-472a-b49b-4e8f3ae7bc31
	at org.openqa.selenium.support.ui.WebDriverWait.timeoutException(WebDriverWait.java:95)
	at org.openqa.selenium.support.ui.FluentWait.until(FluentWait.java:272)
	at base.BaseKeyword$Trait$Helper.waitForPresentOf(BaseKeyword.groovy:345)
	at screens.HomeScreen.waitForPresentOf(HomeScreen.groovy)
	at screens.HomeScreen.createRequest(HomeScreen.groovy:101)
	at 033 TAO HO SO NHAP.run(033 TAO HO SO NHAP:24)
	at com.kms.katalon.core.main.ScriptEngine.run(ScriptEngine.java:194)
	at com.kms.katalon.core.main.ScriptEngine.runScriptAsRawText(ScriptEngine.java:119)
	at com.kms.katalon.core.main.TestCaseExecutor.runScript(TestCaseExecutor.java:448)
	at com.kms.katalon.core.main.TestCaseExecutor.doExecute(TestCaseExecutor.java:439)
	at com.kms.katalon.core.main.TestCaseExecutor.processExecutionPhase(TestCaseExecutor.java:418)
	at com.kms.katalon.core.main.TestCaseExecutor.accessMainPhase(TestCaseExecutor.java:410)
	at com.kms.katalon.core.main.TestCaseExecutor.execute(TestCaseExecutor.java:285)
	at com.kms.katalon.core.common.CommonExecutor.accessTestCaseMainPhase(CommonExecutor.java:65)
	at com.kms.katalon.core.main.TestSuiteExecutor.accessTestSuiteMainPhase(TestSuiteExecutor.java:150)
	at com.kms.katalon.core.main.TestSuiteExecutor.execute(TestSuiteExecutor.java:106)
	at com.kms.katalon.core.main.TestCaseMain.startTestSuite(TestCaseMain.java:180)
	at TempTestSuite1747904187531.run(TempTestSuite1747904187531.groovy:35)
	at java.base/jdk.internal.reflect.NativeMethodAccessorImpl.invoke0(Native Method)
	at java.base/jdk.internal.reflect.NativeMethodAccessorImpl.invoke(NativeMethodAccessorImpl.java:77)
	at java.base/jdk.internal.reflect.DelegatingMethodAccessorImpl.invoke(DelegatingMethodAccessorImpl.java:43)


22-05-2025T16:48:23 - [TEST_STEP][PASSED] - Start listener action : beforeTest: drivers.Driver.openApp is PASSED

22-05-2025T16:48:23 - [TEST_STEP][PASSED] - DataTest.init(): null

22-05-2025T16:48:23 - [TEST_STEP][PASSED] - testCaseId = split("/").last(): null

22-05-2025T16:48:23 - [TEST_STEP][PASSED] - if (!(drivers.Driver.isAppiumRunning())): drivers.Driver.isAppiumRunning is PASSED

22-05-2025T16:48:23 - [MESSAGE][INFO] - Appium running: true

22-05-2025T16:48:23 - [MESSAGE][PASSED] - drivers.Driver.isAppiumRunning is PASSED

22-05-2025T16:48:23 - [TEST_STEP][PASSED] - if (driver == null || driver.getSessionId() == null): null

22-05-2025T16:48:23 - [TEST_STEP][PASSED] - drivers.Driver.openApp(): drivers.Driver.openApp is PASSED

22-05-2025T16:48:26 - [MESSAGE][PASSED] - drivers.Driver.openApp is PASSED

22-05-2025T16:48:26 - [TEST_STEP][PASSED] - REQUEST_NAME = "Trình ký PDF có sẵn": null

22-05-2025T16:48:26 - [TEST_STEP][PASSED] - COMMENT = "Commented by automation team": null

22-05-2025T16:48:26 - [TEST_STEP][PASSED] - auto5 = DataTest.getUserTest5(): null

22-05-2025T16:48:26 - [TEST_STEP][PASSED] - auto6 = DataTest.getUserTest6(): null

22-05-2025T16:48:26 - [TEST_STEP][PASSED] - document = DataTest.createDocumentTest(auto5, auto6, null, "dummy.pdf", "dummy.pdf"): null

22-05-2025T16:48:26 - [TEST_STEP][PASSED] - loginScreen.login(auto5): null

22-05-2025T16:48:41 - [TEST_STEP][PASSED] - homeScreen.openRequestList(): null

22-05-2025T16:48:46 - [TEST_STEP][ERROR] - homeScreen.createRequest(REQUEST_NAME): Test Cases/IPAPER APP/033 TAO HO SO NHAP FAILED.
Reason:
org.openqa.selenium.TimeoutException: Expected condition failed: waiting for base.BaseKeyword$Trait$Helper$_waitForPresentOf_closure1@65aea2b7 (tried for 30 second(s) with 500 milliseconds interval)
Build info: version: '3.141.59', revision: 'unknown', time: 'unknown'
System info: host: 'Cuong-Mac.local', ip: 'fe80:0:0:0:c43:6797:ebf2:3aad%en0', os.name: 'Mac OS X', os.arch: 'aarch64', os.version: '15.5', java.version: '17.0.7'
Driver info: com.kms.katalon.core.appium.driver.SwipeableAndroidDriver
Capabilities {automationName: UiAutomator2, databaseEnabled: false, desired: {automationName: UiAutomator2, deviceName: af0c5cf7, noReset: true, platformName: android, waitForIdleTimeout: 3000}, deviceApiLevel: 35, deviceManufacturer: OPPO, deviceModel: CPH2699, deviceName: af0c5cf7, deviceScreenDensity: 480, deviceScreenSize: 1080x2400, deviceUDID: af0c5cf7, javascriptEnabled: true, locationContextEnabled: false, networkConnectionEnabled: true, noReset: true, pixelRatio: 3, platform: LINUX, platformName: Android, platformVersion: 15, statBarHeight: 120, takesScreenshot: true, viewportRect: {height: 2280, left: 0, top: 120, width: 1080}, waitForIdleTimeout: 3000, warnings: {}, webStorageEnabled: false}
Session ID: 42b39363-2c25-472a-b49b-4e8f3ae7bc31
	at org.openqa.selenium.support.ui.WebDriverWait.timeoutException(WebDriverWait.java:95)
	at org.openqa.selenium.support.ui.FluentWait.until(FluentWait.java:272)
	at base.BaseKeyword$Trait$Helper.waitForPresentOf(BaseKeyword.groovy:345)
	at screens.HomeScreen.waitForPresentOf(HomeScreen.groovy)
	at screens.HomeScreen.createRequest(HomeScreen.groovy:101)
	at 033 TAO HO SO NHAP.run(033 TAO HO SO NHAP:24)
	at com.kms.katalon.core.main.ScriptEngine.run(ScriptEngine.java:194)
	at com.kms.katalon.core.main.ScriptEngine.runScriptAsRawText(ScriptEngine.java:119)
	at com.kms.katalon.core.main.TestCaseExecutor.runScript(TestCaseExecutor.java:448)
	at com.kms.katalon.core.main.TestCaseExecutor.doExecute(TestCaseExecutor.java:439)
	at com.kms.katalon.core.main.TestCaseExecutor.processExecutionPhase(TestCaseExecutor.java:418)
	at com.kms.katalon.core.main.TestCaseExecutor.accessMainPhase(TestCaseExecutor.java:410)
	at com.kms.katalon.core.main.TestCaseExecutor.execute(TestCaseExecutor.java:285)
	at com.kms.katalon.core.common.CommonExecutor.accessTestCaseMainPhase(CommonExecutor.java:65)
	at com.kms.katalon.core.main.TestSuiteExecutor.accessTestSuiteMainPhase(TestSuiteExecutor.java:150)
	at com.kms.katalon.core.main.TestSuiteExecutor.execute(TestSuiteExecutor.java:106)
	at com.kms.katalon.core.main.TestCaseMain.startTestSuite(TestCaseMain.java:180)
	at TempTestSuite1747904187531.run(TempTestSuite1747904187531.groovy:35)
	at java.base/jdk.internal.reflect.NativeMethodAccessorImpl.invoke0(Native Method)
	at java.base/jdk.internal.reflect.NativeMethodAccessorImpl.invoke(NativeMethodAccessorImpl.java:77)
	at java.base/jdk.internal.reflect.DelegatingMethodAccessorImpl.invoke(DelegatingMethodAccessorImpl.java:43)


22-05-2025T16:49:17 - [MESSAGE][ERROR] - Test Cases/IPAPER APP/033 TAO HO SO NHAP FAILED.
Reason:
org.openqa.selenium.TimeoutException: Expected condition failed: waiting for base.BaseKeyword$Trait$Helper$_waitForPresentOf_closure1@65aea2b7 (tried for 30 second(s) with 500 milliseconds interval)
Build info: version: '3.141.59', revision: 'unknown', time: 'unknown'
System info: host: 'Cuong-Mac.local', ip: 'fe80:0:0:0:c43:6797:ebf2:3aad%en0', os.name: 'Mac OS X', os.arch: 'aarch64', os.version: '15.5', java.version: '17.0.7'
Driver info: com.kms.katalon.core.appium.driver.SwipeableAndroidDriver
Capabilities {automationName: UiAutomator2, databaseEnabled: false, desired: {automationName: UiAutomator2, deviceName: af0c5cf7, noReset: true, platformName: android, waitForIdleTimeout: 3000}, deviceApiLevel: 35, deviceManufacturer: OPPO, deviceModel: CPH2699, deviceName: af0c5cf7, deviceScreenDensity: 480, deviceScreenSize: 1080x2400, deviceUDID: af0c5cf7, javascriptEnabled: true, locationContextEnabled: false, networkConnectionEnabled: true, noReset: true, pixelRatio: 3, platform: LINUX, platformName: Android, platformVersion: 15, statBarHeight: 120, takesScreenshot: true, viewportRect: {height: 2280, left: 0, top: 120, width: 1080}, waitForIdleTimeout: 3000, warnings: {}, webStorageEnabled: false}
Session ID: 42b39363-2c25-472a-b49b-4e8f3ae7bc31
	at org.openqa.selenium.support.ui.WebDriverWait.timeoutException(WebDriverWait.java:95)
	at org.openqa.selenium.support.ui.FluentWait.until(FluentWait.java:272)
	at base.BaseKeyword$Trait$Helper.waitForPresentOf(BaseKeyword.groovy:345)
	at screens.HomeScreen.waitForPresentOf(HomeScreen.groovy)
	at screens.HomeScreen.createRequest(HomeScreen.groovy:101)
	at 033 TAO HO SO NHAP.run(033 TAO HO SO NHAP:24)
	at com.kms.katalon.core.main.ScriptEngine.run(ScriptEngine.java:194)
	at com.kms.katalon.core.main.ScriptEngine.runScriptAsRawText(ScriptEngine.java:119)
	at com.kms.katalon.core.main.TestCaseExecutor.runScript(TestCaseExecutor.java:448)
	at com.kms.katalon.core.main.TestCaseExecutor.doExecute(TestCaseExecutor.java:439)
	at com.kms.katalon.core.main.TestCaseExecutor.processExecutionPhase(TestCaseExecutor.java:418)
	at com.kms.katalon.core.main.TestCaseExecutor.accessMainPhase(TestCaseExecutor.java:410)
	at com.kms.katalon.core.main.TestCaseExecutor.execute(TestCaseExecutor.java:285)
	at com.kms.katalon.core.common.CommonExecutor.accessTestCaseMainPhase(CommonExecutor.java:65)
	at com.kms.katalon.core.main.TestSuiteExecutor.accessTestSuiteMainPhase(TestSuiteExecutor.java:150)
	at com.kms.katalon.core.main.TestSuiteExecutor.execute(TestSuiteExecutor.java:106)
	at com.kms.katalon.core.main.TestCaseMain.startTestSuite(TestCaseMain.java:180)
	at TempTestSuite1747904187531.run(TempTestSuite1747904187531.groovy:35)
	at java.base/jdk.internal.reflect.NativeMethodAccessorImpl.invoke0(Native Method)
	at java.base/jdk.internal.reflect.NativeMethodAccessorImpl.invoke(NativeMethodAccessorImpl.java:77)
	at java.base/jdk.internal.reflect.DelegatingMethodAccessorImpl.invoke(DelegatingMethodAccessorImpl.java:43)


22-05-2025T16:49:17 - [TEST_STEP][PASSED] - Start listener action : afterTest: null

22-05-2025T16:49:17 - [TEST_STEP][PASSED] - if (testCaseStatus != "PASSED"): Screenshot is taken

22-05-2025T16:49:17 - [TEST_STEP][PASSED] - takeScreenshot(ErrorScreen/$GlobalVariable.PLATFORM/$testCaseContext.getTestCaseId().png): Screenshot is taken

22-05-2025T16:49:18 - [MESSAGE][PASSED] - Screenshot is taken
[[ATTACHMENT|ErrorScreen/Android/Test Cases/IPAPER APP/033 TAO HO SO NHAP.png]]

22-05-2025T16:49:18 - [TEST_STEP][PASSED] - drivers.Driver.closeApp(): drivers.Driver.closeApp is PASSED

22-05-2025T16:49:19 - [MESSAGE][PASSED] - drivers.Driver.closeApp is PASSED

22-05-2025T16:49:19 - [TEST_STEP][PASSED] - if (tsContext == null): null]]></system-out>
         <system-err><![CDATA[22-05-2025T16:48:23 - [TEST_CASE][ERROR] - Test Cases/IPAPER APP/033 TAO HO SO NHAP: Test Cases/IPAPER APP/033 TAO HO SO NHAP FAILED.
Reason:
org.openqa.selenium.TimeoutException: Expected condition failed: waiting for base.BaseKeyword$Trait$Helper$_waitForPresentOf_closure1@65aea2b7 (tried for 30 second(s) with 500 milliseconds interval)
Build info: version: '3.141.59', revision: 'unknown', time: 'unknown'
System info: host: 'Cuong-Mac.local', ip: 'fe80:0:0:0:c43:6797:ebf2:3aad%en0', os.name: 'Mac OS X', os.arch: 'aarch64', os.version: '15.5', java.version: '17.0.7'
Driver info: com.kms.katalon.core.appium.driver.SwipeableAndroidDriver
Capabilities {automationName: UiAutomator2, databaseEnabled: false, desired: {automationName: UiAutomator2, deviceName: af0c5cf7, noReset: true, platformName: android, waitForIdleTimeout: 3000}, deviceApiLevel: 35, deviceManufacturer: OPPO, deviceModel: CPH2699, deviceName: af0c5cf7, deviceScreenDensity: 480, deviceScreenSize: 1080x2400, deviceUDID: af0c5cf7, javascriptEnabled: true, locationContextEnabled: false, networkConnectionEnabled: true, noReset: true, pixelRatio: 3, platform: LINUX, platformName: Android, platformVersion: 15, statBarHeight: 120, takesScreenshot: true, viewportRect: {height: 2280, left: 0, top: 120, width: 1080}, waitForIdleTimeout: 3000, warnings: {}, webStorageEnabled: false}
Session ID: 42b39363-2c25-472a-b49b-4e8f3ae7bc31
	at org.openqa.selenium.support.ui.WebDriverWait.timeoutException(WebDriverWait.java:95)
	at org.openqa.selenium.support.ui.FluentWait.until(FluentWait.java:272)
	at base.BaseKeyword$Trait$Helper.waitForPresentOf(BaseKeyword.groovy:345)
	at screens.HomeScreen.waitForPresentOf(HomeScreen.groovy)
	at screens.HomeScreen.createRequest(HomeScreen.groovy:101)
	at 033 TAO HO SO NHAP.run(033 TAO HO SO NHAP:24)
	at com.kms.katalon.core.main.ScriptEngine.run(ScriptEngine.java:194)
	at com.kms.katalon.core.main.ScriptEngine.runScriptAsRawText(ScriptEngine.java:119)
	at com.kms.katalon.core.main.TestCaseExecutor.runScript(TestCaseExecutor.java:448)
	at com.kms.katalon.core.main.TestCaseExecutor.doExecute(TestCaseExecutor.java:439)
	at com.kms.katalon.core.main.TestCaseExecutor.processExecutionPhase(TestCaseExecutor.java:418)
	at com.kms.katalon.core.main.TestCaseExecutor.accessMainPhase(TestCaseExecutor.java:410)
	at com.kms.katalon.core.main.TestCaseExecutor.execute(TestCaseExecutor.java:285)
	at com.kms.katalon.core.common.CommonExecutor.accessTestCaseMainPhase(CommonExecutor.java:65)
	at com.kms.katalon.core.main.TestSuiteExecutor.accessTestSuiteMainPhase(TestSuiteExecutor.java:150)
	at com.kms.katalon.core.main.TestSuiteExecutor.execute(TestSuiteExecutor.java:106)
	at com.kms.katalon.core.main.TestCaseMain.startTestSuite(TestCaseMain.java:180)
	at TempTestSuite1747904187531.run(TempTestSuite1747904187531.groovy:35)
	at java.base/jdk.internal.reflect.NativeMethodAccessorImpl.invoke0(Native Method)
	at java.base/jdk.internal.reflect.NativeMethodAccessorImpl.invoke(NativeMethodAccessorImpl.java:77)
	at java.base/jdk.internal.reflect.DelegatingMethodAccessorImpl.invoke(DelegatingMethodAccessorImpl.java:43)]]></system-err>
      </testcase>
      <testcase name="Test Cases/IPAPER APP/039 LAY Y KIEN CHI TIET_NHAP Y KIEN" time="135.91" classname="Test Cases/IPAPER APP/039 LAY Y KIEN CHI TIET_NHAP Y KIEN" status="ERROR">
         <error type="ERROR" message="Test Cases/IPAPER APP/039 LAY Y KIEN CHI TIET_NHAP Y KIEN FAILED.&#xa;Reason:&#xa;org.openqa.selenium.NoSuchElementException: An element could not be located on the page using the given search parameters.&#xa;For documentation on this error, please visit: https://www.seleniumhq.org/exceptions/no_such_element.html&#xa;Build info: version: '3.141.59', revision: 'unknown', time: 'unknown'&#xa;System info: host: 'Cuong-Mac.local', ip: 'fe80:0:0:0:c43:6797:ebf2:3aad%en0', os.name: 'Mac OS X', os.arch: 'aarch64', os.version: '15.5', java.version: '17.0.7'&#xa;Driver info: com.kms.katalon.core.appium.driver.SwipeableAndroidDriver&#xa;Capabilities {automationName: UiAutomator2, databaseEnabled: false, desired: {automationName: UiAutomator2, deviceName: af0c5cf7, noReset: true, platformName: android, waitForIdleTimeout: 3000}, deviceApiLevel: 35, deviceManufacturer: OPPO, deviceModel: CPH2699, deviceName: af0c5cf7, deviceScreenDensity: 480, deviceScreenSize: 1080x2400, deviceUDID: af0c5cf7, javascriptEnabled: true, locationContextEnabled: false, networkConnectionEnabled: true, noReset: true, pixelRatio: 3, platform: LINUX, platformName: Android, platformVersion: 15, statBarHeight: 120, takesScreenshot: true, viewportRect: {height: 2280, left: 0, top: 120, width: 1080}, waitForIdleTimeout: 3000, warnings: {}, webStorageEnabled: false}&#xa;Session ID: 42b39363-2c25-472a-b49b-4e8f3ae7bc31&#xa;*** Element info: {Using=id, value=com.hdbank.ipaper:id/tv_title}&#xa;	at java.base/jdk.internal.reflect.NativeConstructorAccessorImpl.newInstance0(Native Method)&#xa;	at java.base/jdk.internal.reflect.NativeConstructorAccessorImpl.newInstance(NativeConstructorAccessorImpl.java:77)&#xa;	at java.base/jdk.internal.reflect.DelegatingConstructorAccessorImpl.newInstance(DelegatingConstructorAccessorImpl.java:45)&#xa;	at org.openqa.selenium.remote.http.W3CHttpResponseCodec.createException(W3CHttpResponseCodec.java:187)&#xa;	at org.openqa.selenium.remote.http.W3CHttpResponseCodec.decode(W3CHttpResponseCodec.java:122)&#xa;	at org.openqa.selenium.remote.http.W3CHttpResponseCodec.decode(W3CHttpResponseCodec.java:49)&#xa;	at org.openqa.selenium.remote.HttpCommandExecutor.execute(HttpCommandExecutor.java:158)&#xa;	at io.appium.java_client.remote.AppiumCommandExecutor.execute(AppiumCommandExecutor.java:239)&#xa;	at org.openqa.selenium.remote.RemoteWebDriver.execute(RemoteWebDriver.java:552)&#xa;	at io.appium.java_client.DefaultGenericMobileDriver.execute(DefaultGenericMobileDriver.java:42)&#xa;	at io.appium.java_client.AppiumDriver.execute(AppiumDriver.java:1)&#xa;	at io.appium.java_client.android.AndroidDriver.execute(AndroidDriver.java:1)&#xa;	at com.kms.katalon.core.appium.driver.SwipeableAndroidDriver.execute(SwipeableAndroidDriver.java:1)&#xa;	at org.openqa.selenium.remote.RemoteWebDriver.findElement(RemoteWebDriver.java:323)&#xa;	at io.appium.java_client.DefaultGenericMobileDriver.findElement(DefaultGenericMobileDriver.java:62)&#xa;	at io.appium.java_client.AppiumDriver.findElement(AppiumDriver.java:1)&#xa;	at io.appium.java_client.android.AndroidDriver.findElement(AndroidDriver.java:1)&#xa;	at com.kms.katalon.core.appium.driver.SwipeableAndroidDriver.findElement(SwipeableAndroidDriver.java:1)&#xa;	at org.openqa.selenium.remote.RemoteWebDriver.findElementById(RemoteWebDriver.java:372)&#xa;	at io.appium.java_client.DefaultGenericMobileDriver.findElementById(DefaultGenericMobileDriver.java:70)&#xa;	at io.appium.java_client.AppiumDriver.findElementById(AppiumDriver.java:1)&#xa;	at io.appium.java_client.android.AndroidDriver.findElementById(AndroidDriver.java:1)&#xa;	at com.kms.katalon.core.appium.driver.SwipeableAndroidDriver.findElementById(SwipeableAndroidDriver.java:1)&#xa;	at org.openqa.selenium.By$ById.findElement(By.java:188)&#xa;	at org.openqa.selenium.remote.RemoteWebDriver.findElement(RemoteWebDriver.java:315)&#xa;	at io.appium.java_client.DefaultGenericMobileDriver.findElement(DefaultGenericMobileDriver.java:58)&#xa;	at io.appium.java_client.AppiumDriver.findElement(AppiumDriver.java:1)&#xa;	at io.appium.java_client.android.AndroidDriver.findElement(AndroidDriver.java:1)&#xa;	at com.kms.katalon.core.appium.driver.SwipeableAndroidDriver.findElement(SwipeableAndroidDriver.java:1)&#xa;	at base.BaseKeyword$Trait$Helper.getText(BaseKeyword.groovy:57)&#xa;	at screens.HomeScreen.getText(HomeScreen.groovy)&#xa;	at screens.HomeScreen.isInComingDocumentScreen(HomeScreen.groovy:117)&#xa;	at screens.HomeScreen.goToIncomingDocument(HomeScreen.groovy:17)&#xa;	at 039 LAY Y KIEN CHI TIET_NHAP Y KIEN.run(039 LAY Y KIEN CHI TIET_NHAP Y KIEN:66)&#xa;	at com.kms.katalon.core.main.ScriptEngine.run(ScriptEngine.java:194)&#xa;	at com.kms.katalon.core.main.ScriptEngine.runScriptAsRawText(ScriptEngine.java:119)&#xa;	at com.kms.katalon.core.main.TestCaseExecutor.runScript(TestCaseExecutor.java:448)&#xa;	at com.kms.katalon.core.main.TestCaseExecutor.doExecute(TestCaseExecutor.java:439)&#xa;	at com.kms.katalon.core.main.TestCaseExecutor.processExecutionPhase(TestCaseExecutor.java:418)&#xa;	at com.kms.katalon.core.main.TestCaseExecutor.accessMainPhase(TestCaseExecutor.java:410)&#xa;	at com.kms.katalon.core.main.TestCaseExecutor.execute(TestCaseExecutor.java:285)&#xa;	at com.kms.katalon.core.common.CommonExecutor.accessTestCaseMainPhase(CommonExecutor.java:65)&#xa;	at com.kms.katalon.core.main.TestSuiteExecutor.accessTestSuiteMainPhase(TestSuiteExecutor.java:150)&#xa;	at com.kms.katalon.core.main.TestSuiteExecutor.execute(TestSuiteExecutor.java:106)&#xa;	at com.kms.katalon.core.main.TestCaseMain.startTestSuite(TestCaseMain.java:180)&#xa;	at TempTestSuite1747904187531.run(TempTestSuite1747904187531.groovy:35)&#xa;	at java.base/jdk.internal.reflect.NativeMethodAccessorImpl.invoke0(Native Method)&#xa;	at java.base/jdk.internal.reflect.NativeMethodAccessorImpl.invoke(NativeMethodAccessorImpl.java:77)&#xa;	at java.base/jdk.internal.reflect.DelegatingMethodAccessorImpl.invoke(DelegatingMethodAccessorImpl.java:43)&#xa;"/>
         <system-out><![CDATA[22-05-2025T16:49:19 - [TEST_CASE][ERROR] - Test Cases/IPAPER APP/039 LAY Y KIEN CHI TIET_NHAP Y KIEN: Test Cases/IPAPER APP/039 LAY Y KIEN CHI TIET_NHAP Y KIEN FAILED.
Reason:
org.openqa.selenium.NoSuchElementException: An element could not be located on the page using the given search parameters.
For documentation on this error, please visit: https://www.seleniumhq.org/exceptions/no_such_element.html
Build info: version: '3.141.59', revision: 'unknown', time: 'unknown'
System info: host: 'Cuong-Mac.local', ip: 'fe80:0:0:0:c43:6797:ebf2:3aad%en0', os.name: 'Mac OS X', os.arch: 'aarch64', os.version: '15.5', java.version: '17.0.7'
Driver info: com.kms.katalon.core.appium.driver.SwipeableAndroidDriver
Capabilities {automationName: UiAutomator2, databaseEnabled: false, desired: {automationName: UiAutomator2, deviceName: af0c5cf7, noReset: true, platformName: android, waitForIdleTimeout: 3000}, deviceApiLevel: 35, deviceManufacturer: OPPO, deviceModel: CPH2699, deviceName: af0c5cf7, deviceScreenDensity: 480, deviceScreenSize: 1080x2400, deviceUDID: af0c5cf7, javascriptEnabled: true, locationContextEnabled: false, networkConnectionEnabled: true, noReset: true, pixelRatio: 3, platform: LINUX, platformName: Android, platformVersion: 15, statBarHeight: 120, takesScreenshot: true, viewportRect: {height: 2280, left: 0, top: 120, width: 1080}, waitForIdleTimeout: 3000, warnings: {}, webStorageEnabled: false}
Session ID: 42b39363-2c25-472a-b49b-4e8f3ae7bc31
*** Element info: {Using=id, value=com.hdbank.ipaper:id/tv_title}
	at java.base/jdk.internal.reflect.NativeConstructorAccessorImpl.newInstance0(Native Method)
	at java.base/jdk.internal.reflect.NativeConstructorAccessorImpl.newInstance(NativeConstructorAccessorImpl.java:77)
	at java.base/jdk.internal.reflect.DelegatingConstructorAccessorImpl.newInstance(DelegatingConstructorAccessorImpl.java:45)
	at org.openqa.selenium.remote.http.W3CHttpResponseCodec.createException(W3CHttpResponseCodec.java:187)
	at org.openqa.selenium.remote.http.W3CHttpResponseCodec.decode(W3CHttpResponseCodec.java:122)
	at org.openqa.selenium.remote.http.W3CHttpResponseCodec.decode(W3CHttpResponseCodec.java:49)
	at org.openqa.selenium.remote.HttpCommandExecutor.execute(HttpCommandExecutor.java:158)
	at io.appium.java_client.remote.AppiumCommandExecutor.execute(AppiumCommandExecutor.java:239)
	at org.openqa.selenium.remote.RemoteWebDriver.execute(RemoteWebDriver.java:552)
	at io.appium.java_client.DefaultGenericMobileDriver.execute(DefaultGenericMobileDriver.java:42)
	at io.appium.java_client.AppiumDriver.execute(AppiumDriver.java:1)
	at io.appium.java_client.android.AndroidDriver.execute(AndroidDriver.java:1)
	at com.kms.katalon.core.appium.driver.SwipeableAndroidDriver.execute(SwipeableAndroidDriver.java:1)
	at org.openqa.selenium.remote.RemoteWebDriver.findElement(RemoteWebDriver.java:323)
	at io.appium.java_client.DefaultGenericMobileDriver.findElement(DefaultGenericMobileDriver.java:62)
	at io.appium.java_client.AppiumDriver.findElement(AppiumDriver.java:1)
	at io.appium.java_client.android.AndroidDriver.findElement(AndroidDriver.java:1)
	at com.kms.katalon.core.appium.driver.SwipeableAndroidDriver.findElement(SwipeableAndroidDriver.java:1)
	at org.openqa.selenium.remote.RemoteWebDriver.findElementById(RemoteWebDriver.java:372)
	at io.appium.java_client.DefaultGenericMobileDriver.findElementById(DefaultGenericMobileDriver.java:70)
	at io.appium.java_client.AppiumDriver.findElementById(AppiumDriver.java:1)
	at io.appium.java_client.android.AndroidDriver.findElementById(AndroidDriver.java:1)
	at com.kms.katalon.core.appium.driver.SwipeableAndroidDriver.findElementById(SwipeableAndroidDriver.java:1)
	at org.openqa.selenium.By$ById.findElement(By.java:188)
	at org.openqa.selenium.remote.RemoteWebDriver.findElement(RemoteWebDriver.java:315)
	at io.appium.java_client.DefaultGenericMobileDriver.findElement(DefaultGenericMobileDriver.java:58)
	at io.appium.java_client.AppiumDriver.findElement(AppiumDriver.java:1)
	at io.appium.java_client.android.AndroidDriver.findElement(AndroidDriver.java:1)
	at com.kms.katalon.core.appium.driver.SwipeableAndroidDriver.findElement(SwipeableAndroidDriver.java:1)
	at base.BaseKeyword$Trait$Helper.getText(BaseKeyword.groovy:57)
	at screens.HomeScreen.getText(HomeScreen.groovy)
	at screens.HomeScreen.isInComingDocumentScreen(HomeScreen.groovy:117)
	at screens.HomeScreen.goToIncomingDocument(HomeScreen.groovy:17)
	at 039 LAY Y KIEN CHI TIET_NHAP Y KIEN.run(039 LAY Y KIEN CHI TIET_NHAP Y KIEN:66)
	at com.kms.katalon.core.main.ScriptEngine.run(ScriptEngine.java:194)
	at com.kms.katalon.core.main.ScriptEngine.runScriptAsRawText(ScriptEngine.java:119)
	at com.kms.katalon.core.main.TestCaseExecutor.runScript(TestCaseExecutor.java:448)
	at com.kms.katalon.core.main.TestCaseExecutor.doExecute(TestCaseExecutor.java:439)
	at com.kms.katalon.core.main.TestCaseExecutor.processExecutionPhase(TestCaseExecutor.java:418)
	at com.kms.katalon.core.main.TestCaseExecutor.accessMainPhase(TestCaseExecutor.java:410)
	at com.kms.katalon.core.main.TestCaseExecutor.execute(TestCaseExecutor.java:285)
	at com.kms.katalon.core.common.CommonExecutor.accessTestCaseMainPhase(CommonExecutor.java:65)
	at com.kms.katalon.core.main.TestSuiteExecutor.accessTestSuiteMainPhase(TestSuiteExecutor.java:150)
	at com.kms.katalon.core.main.TestSuiteExecutor.execute(TestSuiteExecutor.java:106)
	at com.kms.katalon.core.main.TestCaseMain.startTestSuite(TestCaseMain.java:180)
	at TempTestSuite1747904187531.run(TempTestSuite1747904187531.groovy:35)
	at java.base/jdk.internal.reflect.NativeMethodAccessorImpl.invoke0(Native Method)
	at java.base/jdk.internal.reflect.NativeMethodAccessorImpl.invoke(NativeMethodAccessorImpl.java:77)
	at java.base/jdk.internal.reflect.DelegatingMethodAccessorImpl.invoke(DelegatingMethodAccessorImpl.java:43)


22-05-2025T16:49:19 - [TEST_STEP][PASSED] - Start listener action : beforeTest: drivers.Driver.openApp is PASSED

22-05-2025T16:49:19 - [TEST_STEP][PASSED] - DataTest.init(): null

22-05-2025T16:49:19 - [TEST_STEP][PASSED] - testCaseId = split("/").last(): null

22-05-2025T16:49:19 - [TEST_STEP][PASSED] - if (!(drivers.Driver.isAppiumRunning())): drivers.Driver.isAppiumRunning is PASSED

22-05-2025T16:49:19 - [MESSAGE][INFO] - Appium running: true

22-05-2025T16:49:19 - [MESSAGE][PASSED] - drivers.Driver.isAppiumRunning is PASSED

22-05-2025T16:49:19 - [TEST_STEP][PASSED] - if (driver == null || driver.getSessionId() == null): null

22-05-2025T16:49:19 - [TEST_STEP][PASSED] - drivers.Driver.openApp(): drivers.Driver.openApp is PASSED

22-05-2025T16:49:21 - [MESSAGE][PASSED] - drivers.Driver.openApp is PASSED

22-05-2025T16:49:21 - [TEST_STEP][PASSED] - REQUEST_NAME = "Trình ký PDF có sẵn": null

22-05-2025T16:49:21 - [TEST_STEP][PASSED] - USER_CREATE_COMMENT = "Commented by user create document": null

22-05-2025T16:49:21 - [TEST_STEP][PASSED] - ASSIGNER_COMMENT = "Comment by assigner": null

22-05-2025T16:49:21 - [TEST_STEP][PASSED] - documentTitle = "Trình ký " + System.currentTimeMillis(): null

22-05-2025T16:49:21 - [TEST_STEP][PASSED] - auto5 = DataTest.getUserTest5(): null

22-05-2025T16:49:21 - [TEST_STEP][PASSED] - auto6 = DataTest.getUserTest6(): null

22-05-2025T16:49:21 - [TEST_STEP][PASSED] - document = DataTest.createDocumentTest(auto5, auto6, null, "dummy.pdf", "dummy.pdf"): null

22-05-2025T16:49:21 - [TEST_STEP][PASSED] - loginScreen.login(auto5): null

22-05-2025T16:49:36 - [TEST_STEP][PASSED] - homeScreen.openRequestList(): null

22-05-2025T16:49:41 - [TEST_STEP][PASSED] - homeScreen.createRequest(REQUEST_NAME): null

22-05-2025T16:49:46 - [TEST_STEP][PASSED] - pdfSignScreen.fillInTitle(document.getTitle()): null

22-05-2025T16:49:48 - [TEST_STEP][PASSED] - pdfSignScreen.selectPriority(document.getPriority()): null

22-05-2025T16:49:50 - [TEST_STEP][PASSED] - pdfSignScreen.selectTime(document.getTime()): null

22-05-2025T16:49:53 - [TEST_STEP][PASSED] - pdfSignScreen.fillInDescription(document.getDescription()): null

22-05-2025T16:49:55 - [TEST_STEP][PASSED] - pdfSignScreen.selectAssigner(getAssigner().getEmail()): null

22-05-2025T16:50:01 - [TEST_STEP][PASSED] - pdfSignScreen.openMainFileBrowser(): null

22-05-2025T16:50:07 - [TEST_STEP][PASSED] - fileBrowserScreen.attachFile(document.getMainFileName()): null

22-05-2025T16:50:16 - [TEST_STEP][PASSED] - pdfSignScreen.openSubFileBrowser(): null

22-05-2025T16:50:17 - [TEST_STEP][PASSED] - fileBrowserScreen.attachFile(document.getSubFileName()): null

22-05-2025T16:50:30 - [TEST_STEP][PASSED] - pdfSignScreen.performAction(SEND_WITH_COMENT): null

22-05-2025T16:50:32 - [TEST_STEP][PASSED] - pdfSignScreen.fillInOpinion(USER_CREATE_COMMENT): null

22-05-2025T16:50:33 - [TEST_STEP][PASSED] - pdfSignScreen.submitRequest(): null

22-05-2025T16:50:43 - [TEST_STEP][PASSED] - documentInformationScreen.backToHome(): null

22-05-2025T16:50:43 - [TEST_STEP][PASSED] - homeScreen.logout(): null

22-05-2025T16:50:52 - [TEST_STEP][PASSED] - document.setStatus(WAIT_GET_COMMENT): null

22-05-2025T16:50:52 - [TEST_STEP][PASSED] - document.setAssigner(auto5): null

22-05-2025T16:50:52 - [TEST_STEP][PASSED] - loginScreen.login(auto6): null

22-05-2025T16:51:30 - [TEST_STEP][ERROR] - homeScreen.goToIncomingDocument(): Test Cases/IPAPER APP/039 LAY Y KIEN CHI TIET_NHAP Y KIEN FAILED.
Reason:
org.openqa.selenium.NoSuchElementException: An element could not be located on the page using the given search parameters.
For documentation on this error, please visit: https://www.seleniumhq.org/exceptions/no_such_element.html
Build info: version: '3.141.59', revision: 'unknown', time: 'unknown'
System info: host: 'Cuong-Mac.local', ip: 'fe80:0:0:0:c43:6797:ebf2:3aad%en0', os.name: 'Mac OS X', os.arch: 'aarch64', os.version: '15.5', java.version: '17.0.7'
Driver info: com.kms.katalon.core.appium.driver.SwipeableAndroidDriver
Capabilities {automationName: UiAutomator2, databaseEnabled: false, desired: {automationName: UiAutomator2, deviceName: af0c5cf7, noReset: true, platformName: android, waitForIdleTimeout: 3000}, deviceApiLevel: 35, deviceManufacturer: OPPO, deviceModel: CPH2699, deviceName: af0c5cf7, deviceScreenDensity: 480, deviceScreenSize: 1080x2400, deviceUDID: af0c5cf7, javascriptEnabled: true, locationContextEnabled: false, networkConnectionEnabled: true, noReset: true, pixelRatio: 3, platform: LINUX, platformName: Android, platformVersion: 15, statBarHeight: 120, takesScreenshot: true, viewportRect: {height: 2280, left: 0, top: 120, width: 1080}, waitForIdleTimeout: 3000, warnings: {}, webStorageEnabled: false}
Session ID: 42b39363-2c25-472a-b49b-4e8f3ae7bc31
*** Element info: {Using=id, value=com.hdbank.ipaper:id/tv_title}
	at java.base/jdk.internal.reflect.NativeConstructorAccessorImpl.newInstance0(Native Method)
	at java.base/jdk.internal.reflect.NativeConstructorAccessorImpl.newInstance(NativeConstructorAccessorImpl.java:77)
	at java.base/jdk.internal.reflect.DelegatingConstructorAccessorImpl.newInstance(DelegatingConstructorAccessorImpl.java:45)
	at org.openqa.selenium.remote.http.W3CHttpResponseCodec.createException(W3CHttpResponseCodec.java:187)
	at org.openqa.selenium.remote.http.W3CHttpResponseCodec.decode(W3CHttpResponseCodec.java:122)
	at org.openqa.selenium.remote.http.W3CHttpResponseCodec.decode(W3CHttpResponseCodec.java:49)
	at org.openqa.selenium.remote.HttpCommandExecutor.execute(HttpCommandExecutor.java:158)
	at io.appium.java_client.remote.AppiumCommandExecutor.execute(AppiumCommandExecutor.java:239)
	at org.openqa.selenium.remote.RemoteWebDriver.execute(RemoteWebDriver.java:552)
	at io.appium.java_client.DefaultGenericMobileDriver.execute(DefaultGenericMobileDriver.java:42)
	at io.appium.java_client.AppiumDriver.execute(AppiumDriver.java:1)
	at io.appium.java_client.android.AndroidDriver.execute(AndroidDriver.java:1)
	at com.kms.katalon.core.appium.driver.SwipeableAndroidDriver.execute(SwipeableAndroidDriver.java:1)
	at org.openqa.selenium.remote.RemoteWebDriver.findElement(RemoteWebDriver.java:323)
	at io.appium.java_client.DefaultGenericMobileDriver.findElement(DefaultGenericMobileDriver.java:62)
	at io.appium.java_client.AppiumDriver.findElement(AppiumDriver.java:1)
	at io.appium.java_client.android.AndroidDriver.findElement(AndroidDriver.java:1)
	at com.kms.katalon.core.appium.driver.SwipeableAndroidDriver.findElement(SwipeableAndroidDriver.java:1)
	at org.openqa.selenium.remote.RemoteWebDriver.findElementById(RemoteWebDriver.java:372)
	at io.appium.java_client.DefaultGenericMobileDriver.findElementById(DefaultGenericMobileDriver.java:70)
	at io.appium.java_client.AppiumDriver.findElementById(AppiumDriver.java:1)
	at io.appium.java_client.android.AndroidDriver.findElementById(AndroidDriver.java:1)
	at com.kms.katalon.core.appium.driver.SwipeableAndroidDriver.findElementById(SwipeableAndroidDriver.java:1)
	at org.openqa.selenium.By$ById.findElement(By.java:188)
	at org.openqa.selenium.remote.RemoteWebDriver.findElement(RemoteWebDriver.java:315)
	at io.appium.java_client.DefaultGenericMobileDriver.findElement(DefaultGenericMobileDriver.java:58)
	at io.appium.java_client.AppiumDriver.findElement(AppiumDriver.java:1)
	at io.appium.java_client.android.AndroidDriver.findElement(AndroidDriver.java:1)
	at com.kms.katalon.core.appium.driver.SwipeableAndroidDriver.findElement(SwipeableAndroidDriver.java:1)
	at base.BaseKeyword$Trait$Helper.getText(BaseKeyword.groovy:57)
	at screens.HomeScreen.getText(HomeScreen.groovy)
	at screens.HomeScreen.isInComingDocumentScreen(HomeScreen.groovy:117)
	at screens.HomeScreen.goToIncomingDocument(HomeScreen.groovy:17)
	at 039 LAY Y KIEN CHI TIET_NHAP Y KIEN.run(039 LAY Y KIEN CHI TIET_NHAP Y KIEN:66)
	at com.kms.katalon.core.main.ScriptEngine.run(ScriptEngine.java:194)
	at com.kms.katalon.core.main.ScriptEngine.runScriptAsRawText(ScriptEngine.java:119)
	at com.kms.katalon.core.main.TestCaseExecutor.runScript(TestCaseExecutor.java:448)
	at com.kms.katalon.core.main.TestCaseExecutor.doExecute(TestCaseExecutor.java:439)
	at com.kms.katalon.core.main.TestCaseExecutor.processExecutionPhase(TestCaseExecutor.java:418)
	at com.kms.katalon.core.main.TestCaseExecutor.accessMainPhase(TestCaseExecutor.java:410)
	at com.kms.katalon.core.main.TestCaseExecutor.execute(TestCaseExecutor.java:285)
	at com.kms.katalon.core.common.CommonExecutor.accessTestCaseMainPhase(CommonExecutor.java:65)
	at com.kms.katalon.core.main.TestSuiteExecutor.accessTestSuiteMainPhase(TestSuiteExecutor.java:150)
	at com.kms.katalon.core.main.TestSuiteExecutor.execute(TestSuiteExecutor.java:106)
	at com.kms.katalon.core.main.TestCaseMain.startTestSuite(TestCaseMain.java:180)
	at TempTestSuite1747904187531.run(TempTestSuite1747904187531.groovy:35)
	at java.base/jdk.internal.reflect.NativeMethodAccessorImpl.invoke0(Native Method)
	at java.base/jdk.internal.reflect.NativeMethodAccessorImpl.invoke(NativeMethodAccessorImpl.java:77)
	at java.base/jdk.internal.reflect.DelegatingMethodAccessorImpl.invoke(DelegatingMethodAccessorImpl.java:43)


22-05-2025T16:51:33 - [MESSAGE][ERROR] - Test Cases/IPAPER APP/039 LAY Y KIEN CHI TIET_NHAP Y KIEN FAILED.
Reason:
org.openqa.selenium.NoSuchElementException: An element could not be located on the page using the given search parameters.
For documentation on this error, please visit: https://www.seleniumhq.org/exceptions/no_such_element.html
Build info: version: '3.141.59', revision: 'unknown', time: 'unknown'
System info: host: 'Cuong-Mac.local', ip: 'fe80:0:0:0:c43:6797:ebf2:3aad%en0', os.name: 'Mac OS X', os.arch: 'aarch64', os.version: '15.5', java.version: '17.0.7'
Driver info: com.kms.katalon.core.appium.driver.SwipeableAndroidDriver
Capabilities {automationName: UiAutomator2, databaseEnabled: false, desired: {automationName: UiAutomator2, deviceName: af0c5cf7, noReset: true, platformName: android, waitForIdleTimeout: 3000}, deviceApiLevel: 35, deviceManufacturer: OPPO, deviceModel: CPH2699, deviceName: af0c5cf7, deviceScreenDensity: 480, deviceScreenSize: 1080x2400, deviceUDID: af0c5cf7, javascriptEnabled: true, locationContextEnabled: false, networkConnectionEnabled: true, noReset: true, pixelRatio: 3, platform: LINUX, platformName: Android, platformVersion: 15, statBarHeight: 120, takesScreenshot: true, viewportRect: {height: 2280, left: 0, top: 120, width: 1080}, waitForIdleTimeout: 3000, warnings: {}, webStorageEnabled: false}
Session ID: 42b39363-2c25-472a-b49b-4e8f3ae7bc31
*** Element info: {Using=id, value=com.hdbank.ipaper:id/tv_title}
	at java.base/jdk.internal.reflect.NativeConstructorAccessorImpl.newInstance0(Native Method)
	at java.base/jdk.internal.reflect.NativeConstructorAccessorImpl.newInstance(NativeConstructorAccessorImpl.java:77)
	at java.base/jdk.internal.reflect.DelegatingConstructorAccessorImpl.newInstance(DelegatingConstructorAccessorImpl.java:45)
	at org.openqa.selenium.remote.http.W3CHttpResponseCodec.createException(W3CHttpResponseCodec.java:187)
	at org.openqa.selenium.remote.http.W3CHttpResponseCodec.decode(W3CHttpResponseCodec.java:122)
	at org.openqa.selenium.remote.http.W3CHttpResponseCodec.decode(W3CHttpResponseCodec.java:49)
	at org.openqa.selenium.remote.HttpCommandExecutor.execute(HttpCommandExecutor.java:158)
	at io.appium.java_client.remote.AppiumCommandExecutor.execute(AppiumCommandExecutor.java:239)
	at org.openqa.selenium.remote.RemoteWebDriver.execute(RemoteWebDriver.java:552)
	at io.appium.java_client.DefaultGenericMobileDriver.execute(DefaultGenericMobileDriver.java:42)
	at io.appium.java_client.AppiumDriver.execute(AppiumDriver.java:1)
	at io.appium.java_client.android.AndroidDriver.execute(AndroidDriver.java:1)
	at com.kms.katalon.core.appium.driver.SwipeableAndroidDriver.execute(SwipeableAndroidDriver.java:1)
	at org.openqa.selenium.remote.RemoteWebDriver.findElement(RemoteWebDriver.java:323)
	at io.appium.java_client.DefaultGenericMobileDriver.findElement(DefaultGenericMobileDriver.java:62)
	at io.appium.java_client.AppiumDriver.findElement(AppiumDriver.java:1)
	at io.appium.java_client.android.AndroidDriver.findElement(AndroidDriver.java:1)
	at com.kms.katalon.core.appium.driver.SwipeableAndroidDriver.findElement(SwipeableAndroidDriver.java:1)
	at org.openqa.selenium.remote.RemoteWebDriver.findElementById(RemoteWebDriver.java:372)
	at io.appium.java_client.DefaultGenericMobileDriver.findElementById(DefaultGenericMobileDriver.java:70)
	at io.appium.java_client.AppiumDriver.findElementById(AppiumDriver.java:1)
	at io.appium.java_client.android.AndroidDriver.findElementById(AndroidDriver.java:1)
	at com.kms.katalon.core.appium.driver.SwipeableAndroidDriver.findElementById(SwipeableAndroidDriver.java:1)
	at org.openqa.selenium.By$ById.findElement(By.java:188)
	at org.openqa.selenium.remote.RemoteWebDriver.findElement(RemoteWebDriver.java:315)
	at io.appium.java_client.DefaultGenericMobileDriver.findElement(DefaultGenericMobileDriver.java:58)
	at io.appium.java_client.AppiumDriver.findElement(AppiumDriver.java:1)
	at io.appium.java_client.android.AndroidDriver.findElement(AndroidDriver.java:1)
	at com.kms.katalon.core.appium.driver.SwipeableAndroidDriver.findElement(SwipeableAndroidDriver.java:1)
	at base.BaseKeyword$Trait$Helper.getText(BaseKeyword.groovy:57)
	at screens.HomeScreen.getText(HomeScreen.groovy)
	at screens.HomeScreen.isInComingDocumentScreen(HomeScreen.groovy:117)
	at screens.HomeScreen.goToIncomingDocument(HomeScreen.groovy:17)
	at 039 LAY Y KIEN CHI TIET_NHAP Y KIEN.run(039 LAY Y KIEN CHI TIET_NHAP Y KIEN:66)
	at com.kms.katalon.core.main.ScriptEngine.run(ScriptEngine.java:194)
	at com.kms.katalon.core.main.ScriptEngine.runScriptAsRawText(ScriptEngine.java:119)
	at com.kms.katalon.core.main.TestCaseExecutor.runScript(TestCaseExecutor.java:448)
	at com.kms.katalon.core.main.TestCaseExecutor.doExecute(TestCaseExecutor.java:439)
	at com.kms.katalon.core.main.TestCaseExecutor.processExecutionPhase(TestCaseExecutor.java:418)
	at com.kms.katalon.core.main.TestCaseExecutor.accessMainPhase(TestCaseExecutor.java:410)
	at com.kms.katalon.core.main.TestCaseExecutor.execute(TestCaseExecutor.java:285)
	at com.kms.katalon.core.common.CommonExecutor.accessTestCaseMainPhase(CommonExecutor.java:65)
	at com.kms.katalon.core.main.TestSuiteExecutor.accessTestSuiteMainPhase(TestSuiteExecutor.java:150)
	at com.kms.katalon.core.main.TestSuiteExecutor.execute(TestSuiteExecutor.java:106)
	at com.kms.katalon.core.main.TestCaseMain.startTestSuite(TestCaseMain.java:180)
	at TempTestSuite1747904187531.run(TempTestSuite1747904187531.groovy:35)
	at java.base/jdk.internal.reflect.NativeMethodAccessorImpl.invoke0(Native Method)
	at java.base/jdk.internal.reflect.NativeMethodAccessorImpl.invoke(NativeMethodAccessorImpl.java:77)
	at java.base/jdk.internal.reflect.DelegatingMethodAccessorImpl.invoke(DelegatingMethodAccessorImpl.java:43)


22-05-2025T16:51:33 - [TEST_STEP][PASSED] - Start listener action : afterTest: null

22-05-2025T16:51:33 - [TEST_STEP][PASSED] - if (testCaseStatus != "PASSED"): Screenshot is taken

22-05-2025T16:51:33 - [TEST_STEP][PASSED] - takeScreenshot(ErrorScreen/$GlobalVariable.PLATFORM/$testCaseContext.getTestCaseId().png): Screenshot is taken

22-05-2025T16:51:34 - [MESSAGE][PASSED] - Screenshot is taken
[[ATTACHMENT|ErrorScreen/Android/Test Cases/IPAPER APP/039 LAY Y KIEN CHI TIET_NHAP Y KIEN.png]]

22-05-2025T16:51:34 - [TEST_STEP][PASSED] - drivers.Driver.closeApp(): drivers.Driver.closeApp is PASSED

22-05-2025T16:51:34 - [MESSAGE][PASSED] - drivers.Driver.closeApp is PASSED

22-05-2025T16:51:34 - [TEST_STEP][PASSED] - if (tsContext == null): null]]></system-out>
         <system-err><![CDATA[22-05-2025T16:49:19 - [TEST_CASE][ERROR] - Test Cases/IPAPER APP/039 LAY Y KIEN CHI TIET_NHAP Y KIEN: Test Cases/IPAPER APP/039 LAY Y KIEN CHI TIET_NHAP Y KIEN FAILED.
Reason:
org.openqa.selenium.NoSuchElementException: An element could not be located on the page using the given search parameters.
For documentation on this error, please visit: https://www.seleniumhq.org/exceptions/no_such_element.html
Build info: version: '3.141.59', revision: 'unknown', time: 'unknown'
System info: host: 'Cuong-Mac.local', ip: 'fe80:0:0:0:c43:6797:ebf2:3aad%en0', os.name: 'Mac OS X', os.arch: 'aarch64', os.version: '15.5', java.version: '17.0.7'
Driver info: com.kms.katalon.core.appium.driver.SwipeableAndroidDriver
Capabilities {automationName: UiAutomator2, databaseEnabled: false, desired: {automationName: UiAutomator2, deviceName: af0c5cf7, noReset: true, platformName: android, waitForIdleTimeout: 3000}, deviceApiLevel: 35, deviceManufacturer: OPPO, deviceModel: CPH2699, deviceName: af0c5cf7, deviceScreenDensity: 480, deviceScreenSize: 1080x2400, deviceUDID: af0c5cf7, javascriptEnabled: true, locationContextEnabled: false, networkConnectionEnabled: true, noReset: true, pixelRatio: 3, platform: LINUX, platformName: Android, platformVersion: 15, statBarHeight: 120, takesScreenshot: true, viewportRect: {height: 2280, left: 0, top: 120, width: 1080}, waitForIdleTimeout: 3000, warnings: {}, webStorageEnabled: false}
Session ID: 42b39363-2c25-472a-b49b-4e8f3ae7bc31
*** Element info: {Using=id, value=com.hdbank.ipaper:id/tv_title}
	at java.base/jdk.internal.reflect.NativeConstructorAccessorImpl.newInstance0(Native Method)
	at java.base/jdk.internal.reflect.NativeConstructorAccessorImpl.newInstance(NativeConstructorAccessorImpl.java:77)
	at java.base/jdk.internal.reflect.DelegatingConstructorAccessorImpl.newInstance(DelegatingConstructorAccessorImpl.java:45)
	at org.openqa.selenium.remote.http.W3CHttpResponseCodec.createException(W3CHttpResponseCodec.java:187)
	at org.openqa.selenium.remote.http.W3CHttpResponseCodec.decode(W3CHttpResponseCodec.java:122)
	at org.openqa.selenium.remote.http.W3CHttpResponseCodec.decode(W3CHttpResponseCodec.java:49)
	at org.openqa.selenium.remote.HttpCommandExecutor.execute(HttpCommandExecutor.java:158)
	at io.appium.java_client.remote.AppiumCommandExecutor.execute(AppiumCommandExecutor.java:239)
	at org.openqa.selenium.remote.RemoteWebDriver.execute(RemoteWebDriver.java:552)
	at io.appium.java_client.DefaultGenericMobileDriver.execute(DefaultGenericMobileDriver.java:42)
	at io.appium.java_client.AppiumDriver.execute(AppiumDriver.java:1)
	at io.appium.java_client.android.AndroidDriver.execute(AndroidDriver.java:1)
	at com.kms.katalon.core.appium.driver.SwipeableAndroidDriver.execute(SwipeableAndroidDriver.java:1)
	at org.openqa.selenium.remote.RemoteWebDriver.findElement(RemoteWebDriver.java:323)
	at io.appium.java_client.DefaultGenericMobileDriver.findElement(DefaultGenericMobileDriver.java:62)
	at io.appium.java_client.AppiumDriver.findElement(AppiumDriver.java:1)
	at io.appium.java_client.android.AndroidDriver.findElement(AndroidDriver.java:1)
	at com.kms.katalon.core.appium.driver.SwipeableAndroidDriver.findElement(SwipeableAndroidDriver.java:1)
	at org.openqa.selenium.remote.RemoteWebDriver.findElementById(RemoteWebDriver.java:372)
	at io.appium.java_client.DefaultGenericMobileDriver.findElementById(DefaultGenericMobileDriver.java:70)
	at io.appium.java_client.AppiumDriver.findElementById(AppiumDriver.java:1)
	at io.appium.java_client.android.AndroidDriver.findElementById(AndroidDriver.java:1)
	at com.kms.katalon.core.appium.driver.SwipeableAndroidDriver.findElementById(SwipeableAndroidDriver.java:1)
	at org.openqa.selenium.By$ById.findElement(By.java:188)
	at org.openqa.selenium.remote.RemoteWebDriver.findElement(RemoteWebDriver.java:315)
	at io.appium.java_client.DefaultGenericMobileDriver.findElement(DefaultGenericMobileDriver.java:58)
	at io.appium.java_client.AppiumDriver.findElement(AppiumDriver.java:1)
	at io.appium.java_client.android.AndroidDriver.findElement(AndroidDriver.java:1)
	at com.kms.katalon.core.appium.driver.SwipeableAndroidDriver.findElement(SwipeableAndroidDriver.java:1)
	at base.BaseKeyword$Trait$Helper.getText(BaseKeyword.groovy:57)
	at screens.HomeScreen.getText(HomeScreen.groovy)
	at screens.HomeScreen.isInComingDocumentScreen(HomeScreen.groovy:117)
	at screens.HomeScreen.goToIncomingDocument(HomeScreen.groovy:17)
	at 039 LAY Y KIEN CHI TIET_NHAP Y KIEN.run(039 LAY Y KIEN CHI TIET_NHAP Y KIEN:66)
	at com.kms.katalon.core.main.ScriptEngine.run(ScriptEngine.java:194)
	at com.kms.katalon.core.main.ScriptEngine.runScriptAsRawText(ScriptEngine.java:119)
	at com.kms.katalon.core.main.TestCaseExecutor.runScript(TestCaseExecutor.java:448)
	at com.kms.katalon.core.main.TestCaseExecutor.doExecute(TestCaseExecutor.java:439)
	at com.kms.katalon.core.main.TestCaseExecutor.processExecutionPhase(TestCaseExecutor.java:418)
	at com.kms.katalon.core.main.TestCaseExecutor.accessMainPhase(TestCaseExecutor.java:410)
	at com.kms.katalon.core.main.TestCaseExecutor.execute(TestCaseExecutor.java:285)
	at com.kms.katalon.core.common.CommonExecutor.accessTestCaseMainPhase(CommonExecutor.java:65)
	at com.kms.katalon.core.main.TestSuiteExecutor.accessTestSuiteMainPhase(TestSuiteExecutor.java:150)
	at com.kms.katalon.core.main.TestSuiteExecutor.execute(TestSuiteExecutor.java:106)
	at com.kms.katalon.core.main.TestCaseMain.startTestSuite(TestCaseMain.java:180)
	at TempTestSuite1747904187531.run(TempTestSuite1747904187531.groovy:35)
	at java.base/jdk.internal.reflect.NativeMethodAccessorImpl.invoke0(Native Method)
	at java.base/jdk.internal.reflect.NativeMethodAccessorImpl.invoke(NativeMethodAccessorImpl.java:77)
	at java.base/jdk.internal.reflect.DelegatingMethodAccessorImpl.invoke(DelegatingMethodAccessorImpl.java:43)]]></system-err>
      </testcase>
      <testcase name="Test Cases/IPAPER APP/043 TAI FILE TAI CHI TIET HO SO_HO SO DEN" time="24.76" classname="Test Cases/IPAPER APP/043 TAI FILE TAI CHI TIET HO SO_HO SO DEN" status="ERROR">
         <error type="ERROR" message="Test Cases/IPAPER APP/043 TAI FILE TAI CHI TIET HO SO_HO SO DEN FAILED.&#xa;Reason:&#xa;org.openqa.selenium.NoSuchElementException: An element could not be located on the page using the given search parameters.&#xa;For documentation on this error, please visit: https://www.seleniumhq.org/exceptions/no_such_element.html&#xa;Build info: version: '3.141.59', revision: 'unknown', time: 'unknown'&#xa;System info: host: 'Cuong-Mac.local', ip: 'fe80:0:0:0:c43:6797:ebf2:3aad%en0', os.name: 'Mac OS X', os.arch: 'aarch64', os.version: '15.5', java.version: '17.0.7'&#xa;Driver info: com.kms.katalon.core.appium.driver.SwipeableAndroidDriver&#xa;Capabilities {automationName: UiAutomator2, databaseEnabled: false, desired: {automationName: UiAutomator2, deviceName: af0c5cf7, noReset: true, platformName: android, waitForIdleTimeout: 3000}, deviceApiLevel: 35, deviceManufacturer: OPPO, deviceModel: CPH2699, deviceName: af0c5cf7, deviceScreenDensity: 480, deviceScreenSize: 1080x2400, deviceUDID: af0c5cf7, javascriptEnabled: true, locationContextEnabled: false, networkConnectionEnabled: true, noReset: true, pixelRatio: 3, platform: LINUX, platformName: Android, platformVersion: 15, statBarHeight: 120, takesScreenshot: true, viewportRect: {height: 2280, left: 0, top: 120, width: 1080}, waitForIdleTimeout: 3000, warnings: {}, webStorageEnabled: false}&#xa;Session ID: 42b39363-2c25-472a-b49b-4e8f3ae7bc31&#xa;*** Element info: {Using=xpath, value=//android.widget.RelativeLayout[@resource-id='com.hdbank.ipaper:id/layout_home_bar']}&#xa;	at java.base/jdk.internal.reflect.NativeConstructorAccessorImpl.newInstance0(Native Method)&#xa;	at java.base/jdk.internal.reflect.NativeConstructorAccessorImpl.newInstance(NativeConstructorAccessorImpl.java:77)&#xa;	at java.base/jdk.internal.reflect.DelegatingConstructorAccessorImpl.newInstance(DelegatingConstructorAccessorImpl.java:45)&#xa;	at org.openqa.selenium.remote.http.W3CHttpResponseCodec.createException(W3CHttpResponseCodec.java:187)&#xa;	at org.openqa.selenium.remote.http.W3CHttpResponseCodec.decode(W3CHttpResponseCodec.java:122)&#xa;	at org.openqa.selenium.remote.http.W3CHttpResponseCodec.decode(W3CHttpResponseCodec.java:49)&#xa;	at org.openqa.selenium.remote.HttpCommandExecutor.execute(HttpCommandExecutor.java:158)&#xa;	at io.appium.java_client.remote.AppiumCommandExecutor.execute(AppiumCommandExecutor.java:239)&#xa;	at org.openqa.selenium.remote.RemoteWebDriver.execute(RemoteWebDriver.java:552)&#xa;	at io.appium.java_client.DefaultGenericMobileDriver.execute(DefaultGenericMobileDriver.java:42)&#xa;	at io.appium.java_client.AppiumDriver.execute(AppiumDriver.java:1)&#xa;	at io.appium.java_client.android.AndroidDriver.execute(AndroidDriver.java:1)&#xa;	at com.kms.katalon.core.appium.driver.SwipeableAndroidDriver.execute(SwipeableAndroidDriver.java:1)&#xa;	at org.openqa.selenium.remote.RemoteWebDriver.findElement(RemoteWebDriver.java:323)&#xa;	at io.appium.java_client.DefaultGenericMobileDriver.findElement(DefaultGenericMobileDriver.java:62)&#xa;	at io.appium.java_client.AppiumDriver.findElement(AppiumDriver.java:1)&#xa;	at io.appium.java_client.android.AndroidDriver.findElement(AndroidDriver.java:1)&#xa;	at com.kms.katalon.core.appium.driver.SwipeableAndroidDriver.findElement(SwipeableAndroidDriver.java:1)&#xa;	at org.openqa.selenium.remote.RemoteWebDriver.findElementByXPath(RemoteWebDriver.java:428)&#xa;	at io.appium.java_client.DefaultGenericMobileDriver.findElementByXPath(DefaultGenericMobileDriver.java:152)&#xa;	at io.appium.java_client.AppiumDriver.findElementByXPath(AppiumDriver.java:1)&#xa;	at io.appium.java_client.android.AndroidDriver.findElementByXPath(AndroidDriver.java:1)&#xa;	at com.kms.katalon.core.appium.driver.SwipeableAndroidDriver.findElementByXPath(SwipeableAndroidDriver.java:1)&#xa;	at org.openqa.selenium.By$ByXPath.findElement(By.java:353)&#xa;	at org.openqa.selenium.remote.RemoteWebDriver.findElement(RemoteWebDriver.java:315)&#xa;	at io.appium.java_client.DefaultGenericMobileDriver.findElement(DefaultGenericMobileDriver.java:58)&#xa;	at io.appium.java_client.AppiumDriver.findElement(AppiumDriver.java:1)&#xa;	at io.appium.java_client.android.AndroidDriver.findElement(AndroidDriver.java:1)&#xa;	at com.kms.katalon.core.appium.driver.SwipeableAndroidDriver.findElement(SwipeableAndroidDriver.java:1)&#xa;	at base.BaseKeyword$Trait$Helper.convertTestObjectToWebElement(BaseKeyword.groovy:407)&#xa;	at screens.HomeScreen.convertTestObjectToWebElement(HomeScreen.groovy)&#xa;	at base.BaseKeyword$Trait$Helper.waitForVisibilityOf(BaseKeyword.groovy:375)&#xa;	at screens.HomeScreen.waitForVisibilityOf(HomeScreen.groovy)&#xa;	at screens.HomeScreen.expandMenu(HomeScreen.groovy:82)&#xa;	at screens.HomeScreen.openRequestList(HomeScreen.groovy:94)&#xa;	at 043 TAI FILE TAI CHI TIET HO SO_HO SO DEN.run(043 TAI FILE TAI CHI TIET HO SO_HO SO DEN:20)&#xa;	at com.kms.katalon.core.main.ScriptEngine.run(ScriptEngine.java:194)&#xa;	at com.kms.katalon.core.main.ScriptEngine.runScriptAsRawText(ScriptEngine.java:119)&#xa;	at com.kms.katalon.core.main.TestCaseExecutor.runScript(TestCaseExecutor.java:448)&#xa;	at com.kms.katalon.core.main.TestCaseExecutor.doExecute(TestCaseExecutor.java:439)&#xa;	at com.kms.katalon.core.main.TestCaseExecutor.processExecutionPhase(TestCaseExecutor.java:418)&#xa;	at com.kms.katalon.core.main.TestCaseExecutor.accessMainPhase(TestCaseExecutor.java:410)&#xa;	at com.kms.katalon.core.main.TestCaseExecutor.execute(TestCaseExecutor.java:285)&#xa;	at com.kms.katalon.core.common.CommonExecutor.accessTestCaseMainPhase(CommonExecutor.java:65)&#xa;	at com.kms.katalon.core.main.TestSuiteExecutor.accessTestSuiteMainPhase(TestSuiteExecutor.java:150)&#xa;	at com.kms.katalon.core.main.TestSuiteExecutor.execute(TestSuiteExecutor.java:106)&#xa;	at com.kms.katalon.core.main.TestCaseMain.startTestSuite(TestCaseMain.java:180)&#xa;	at TempTestSuite1747904187531.run(TempTestSuite1747904187531.groovy:35)&#xa;	at java.base/jdk.internal.reflect.NativeMethodAccessorImpl.invoke0(Native Method)&#xa;	at java.base/jdk.internal.reflect.NativeMethodAccessorImpl.invoke(NativeMethodAccessorImpl.java:77)&#xa;	at java.base/jdk.internal.reflect.DelegatingMethodAccessorImpl.invoke(DelegatingMethodAccessorImpl.java:43)&#xa;"/>
         <system-out><![CDATA[22-05-2025T16:51:34 - [TEST_CASE][ERROR] - Test Cases/IPAPER APP/043 TAI FILE TAI CHI TIET HO SO_HO SO DEN: Test Cases/IPAPER APP/043 TAI FILE TAI CHI TIET HO SO_HO SO DEN FAILED.
Reason:
org.openqa.selenium.NoSuchElementException: An element could not be located on the page using the given search parameters.
For documentation on this error, please visit: https://www.seleniumhq.org/exceptions/no_such_element.html
Build info: version: '3.141.59', revision: 'unknown', time: 'unknown'
System info: host: 'Cuong-Mac.local', ip: 'fe80:0:0:0:c43:6797:ebf2:3aad%en0', os.name: 'Mac OS X', os.arch: 'aarch64', os.version: '15.5', java.version: '17.0.7'
Driver info: com.kms.katalon.core.appium.driver.SwipeableAndroidDriver
Capabilities {automationName: UiAutomator2, databaseEnabled: false, desired: {automationName: UiAutomator2, deviceName: af0c5cf7, noReset: true, platformName: android, waitForIdleTimeout: 3000}, deviceApiLevel: 35, deviceManufacturer: OPPO, deviceModel: CPH2699, deviceName: af0c5cf7, deviceScreenDensity: 480, deviceScreenSize: 1080x2400, deviceUDID: af0c5cf7, javascriptEnabled: true, locationContextEnabled: false, networkConnectionEnabled: true, noReset: true, pixelRatio: 3, platform: LINUX, platformName: Android, platformVersion: 15, statBarHeight: 120, takesScreenshot: true, viewportRect: {height: 2280, left: 0, top: 120, width: 1080}, waitForIdleTimeout: 3000, warnings: {}, webStorageEnabled: false}
Session ID: 42b39363-2c25-472a-b49b-4e8f3ae7bc31
*** Element info: {Using=xpath, value=//android.widget.RelativeLayout[@resource-id='com.hdbank.ipaper:id/layout_home_bar']}
	at java.base/jdk.internal.reflect.NativeConstructorAccessorImpl.newInstance0(Native Method)
	at java.base/jdk.internal.reflect.NativeConstructorAccessorImpl.newInstance(NativeConstructorAccessorImpl.java:77)
	at java.base/jdk.internal.reflect.DelegatingConstructorAccessorImpl.newInstance(DelegatingConstructorAccessorImpl.java:45)
	at org.openqa.selenium.remote.http.W3CHttpResponseCodec.createException(W3CHttpResponseCodec.java:187)
	at org.openqa.selenium.remote.http.W3CHttpResponseCodec.decode(W3CHttpResponseCodec.java:122)
	at org.openqa.selenium.remote.http.W3CHttpResponseCodec.decode(W3CHttpResponseCodec.java:49)
	at org.openqa.selenium.remote.HttpCommandExecutor.execute(HttpCommandExecutor.java:158)
	at io.appium.java_client.remote.AppiumCommandExecutor.execute(AppiumCommandExecutor.java:239)
	at org.openqa.selenium.remote.RemoteWebDriver.execute(RemoteWebDriver.java:552)
	at io.appium.java_client.DefaultGenericMobileDriver.execute(DefaultGenericMobileDriver.java:42)
	at io.appium.java_client.AppiumDriver.execute(AppiumDriver.java:1)
	at io.appium.java_client.android.AndroidDriver.execute(AndroidDriver.java:1)
	at com.kms.katalon.core.appium.driver.SwipeableAndroidDriver.execute(SwipeableAndroidDriver.java:1)
	at org.openqa.selenium.remote.RemoteWebDriver.findElement(RemoteWebDriver.java:323)
	at io.appium.java_client.DefaultGenericMobileDriver.findElement(DefaultGenericMobileDriver.java:62)
	at io.appium.java_client.AppiumDriver.findElement(AppiumDriver.java:1)
	at io.appium.java_client.android.AndroidDriver.findElement(AndroidDriver.java:1)
	at com.kms.katalon.core.appium.driver.SwipeableAndroidDriver.findElement(SwipeableAndroidDriver.java:1)
	at org.openqa.selenium.remote.RemoteWebDriver.findElementByXPath(RemoteWebDriver.java:428)
	at io.appium.java_client.DefaultGenericMobileDriver.findElementByXPath(DefaultGenericMobileDriver.java:152)
	at io.appium.java_client.AppiumDriver.findElementByXPath(AppiumDriver.java:1)
	at io.appium.java_client.android.AndroidDriver.findElementByXPath(AndroidDriver.java:1)
	at com.kms.katalon.core.appium.driver.SwipeableAndroidDriver.findElementByXPath(SwipeableAndroidDriver.java:1)
	at org.openqa.selenium.By$ByXPath.findElement(By.java:353)
	at org.openqa.selenium.remote.RemoteWebDriver.findElement(RemoteWebDriver.java:315)
	at io.appium.java_client.DefaultGenericMobileDriver.findElement(DefaultGenericMobileDriver.java:58)
	at io.appium.java_client.AppiumDriver.findElement(AppiumDriver.java:1)
	at io.appium.java_client.android.AndroidDriver.findElement(AndroidDriver.java:1)
	at com.kms.katalon.core.appium.driver.SwipeableAndroidDriver.findElement(SwipeableAndroidDriver.java:1)
	at base.BaseKeyword$Trait$Helper.convertTestObjectToWebElement(BaseKeyword.groovy:407)
	at screens.HomeScreen.convertTestObjectToWebElement(HomeScreen.groovy)
	at base.BaseKeyword$Trait$Helper.waitForVisibilityOf(BaseKeyword.groovy:375)
	at screens.HomeScreen.waitForVisibilityOf(HomeScreen.groovy)
	at screens.HomeScreen.expandMenu(HomeScreen.groovy:82)
	at screens.HomeScreen.openRequestList(HomeScreen.groovy:94)
	at 043 TAI FILE TAI CHI TIET HO SO_HO SO DEN.run(043 TAI FILE TAI CHI TIET HO SO_HO SO DEN:20)
	at com.kms.katalon.core.main.ScriptEngine.run(ScriptEngine.java:194)
	at com.kms.katalon.core.main.ScriptEngine.runScriptAsRawText(ScriptEngine.java:119)
	at com.kms.katalon.core.main.TestCaseExecutor.runScript(TestCaseExecutor.java:448)
	at com.kms.katalon.core.main.TestCaseExecutor.doExecute(TestCaseExecutor.java:439)
	at com.kms.katalon.core.main.TestCaseExecutor.processExecutionPhase(TestCaseExecutor.java:418)
	at com.kms.katalon.core.main.TestCaseExecutor.accessMainPhase(TestCaseExecutor.java:410)
	at com.kms.katalon.core.main.TestCaseExecutor.execute(TestCaseExecutor.java:285)
	at com.kms.katalon.core.common.CommonExecutor.accessTestCaseMainPhase(CommonExecutor.java:65)
	at com.kms.katalon.core.main.TestSuiteExecutor.accessTestSuiteMainPhase(TestSuiteExecutor.java:150)
	at com.kms.katalon.core.main.TestSuiteExecutor.execute(TestSuiteExecutor.java:106)
	at com.kms.katalon.core.main.TestCaseMain.startTestSuite(TestCaseMain.java:180)
	at TempTestSuite1747904187531.run(TempTestSuite1747904187531.groovy:35)
	at java.base/jdk.internal.reflect.NativeMethodAccessorImpl.invoke0(Native Method)
	at java.base/jdk.internal.reflect.NativeMethodAccessorImpl.invoke(NativeMethodAccessorImpl.java:77)
	at java.base/jdk.internal.reflect.DelegatingMethodAccessorImpl.invoke(DelegatingMethodAccessorImpl.java:43)


22-05-2025T16:51:34 - [TEST_STEP][PASSED] - Start listener action : beforeTest: drivers.Driver.openApp is PASSED

22-05-2025T16:51:34 - [TEST_STEP][PASSED] - DataTest.init(): null

22-05-2025T16:51:34 - [TEST_STEP][PASSED] - testCaseId = split("/").last(): null

22-05-2025T16:51:34 - [TEST_STEP][PASSED] - if (!(drivers.Driver.isAppiumRunning())): drivers.Driver.isAppiumRunning is PASSED

22-05-2025T16:51:34 - [MESSAGE][INFO] - Appium running: true

22-05-2025T16:51:34 - [MESSAGE][PASSED] - drivers.Driver.isAppiumRunning is PASSED

22-05-2025T16:51:34 - [TEST_STEP][PASSED] - if (driver == null || driver.getSessionId() == null): null

22-05-2025T16:51:34 - [TEST_STEP][PASSED] - drivers.Driver.openApp(): drivers.Driver.openApp is PASSED

22-05-2025T16:51:37 - [MESSAGE][PASSED] - drivers.Driver.openApp is PASSED

22-05-2025T16:51:37 - [TEST_STEP][PASSED] - FOLDER_NAME = "IPaperDownloads": null

22-05-2025T16:51:37 - [TEST_STEP][PASSED] - REQUEST_NAME = "Trình ký PDF có sẵn": null

22-05-2025T16:51:37 - [TEST_STEP][PASSED] - auto5 = DataTest.getUserTest5(): null

22-05-2025T16:51:37 - [TEST_STEP][PASSED] - auto6 = DataTest.getUserTest6(): null

22-05-2025T16:51:37 - [TEST_STEP][PASSED] - document = DataTest.createDocumentTest(auto5, auto6, null, "dummy.pdf", "dummy.pdf"): null

22-05-2025T16:51:37 - [TEST_STEP][PASSED] - loginScreen.login(auto5): null

22-05-2025T16:51:50 - [TEST_STEP][ERROR] - homeScreen.openRequestList(): Test Cases/IPAPER APP/043 TAI FILE TAI CHI TIET HO SO_HO SO DEN FAILED.
Reason:
org.openqa.selenium.NoSuchElementException: An element could not be located on the page using the given search parameters.
For documentation on this error, please visit: https://www.seleniumhq.org/exceptions/no_such_element.html
Build info: version: '3.141.59', revision: 'unknown', time: 'unknown'
System info: host: 'Cuong-Mac.local', ip: 'fe80:0:0:0:c43:6797:ebf2:3aad%en0', os.name: 'Mac OS X', os.arch: 'aarch64', os.version: '15.5', java.version: '17.0.7'
Driver info: com.kms.katalon.core.appium.driver.SwipeableAndroidDriver
Capabilities {automationName: UiAutomator2, databaseEnabled: false, desired: {automationName: UiAutomator2, deviceName: af0c5cf7, noReset: true, platformName: android, waitForIdleTimeout: 3000}, deviceApiLevel: 35, deviceManufacturer: OPPO, deviceModel: CPH2699, deviceName: af0c5cf7, deviceScreenDensity: 480, deviceScreenSize: 1080x2400, deviceUDID: af0c5cf7, javascriptEnabled: true, locationContextEnabled: false, networkConnectionEnabled: true, noReset: true, pixelRatio: 3, platform: LINUX, platformName: Android, platformVersion: 15, statBarHeight: 120, takesScreenshot: true, viewportRect: {height: 2280, left: 0, top: 120, width: 1080}, waitForIdleTimeout: 3000, warnings: {}, webStorageEnabled: false}
Session ID: 42b39363-2c25-472a-b49b-4e8f3ae7bc31
*** Element info: {Using=xpath, value=//android.widget.RelativeLayout[@resource-id='com.hdbank.ipaper:id/layout_home_bar']}
	at java.base/jdk.internal.reflect.NativeConstructorAccessorImpl.newInstance0(Native Method)
	at java.base/jdk.internal.reflect.NativeConstructorAccessorImpl.newInstance(NativeConstructorAccessorImpl.java:77)
	at java.base/jdk.internal.reflect.DelegatingConstructorAccessorImpl.newInstance(DelegatingConstructorAccessorImpl.java:45)
	at org.openqa.selenium.remote.http.W3CHttpResponseCodec.createException(W3CHttpResponseCodec.java:187)
	at org.openqa.selenium.remote.http.W3CHttpResponseCodec.decode(W3CHttpResponseCodec.java:122)
	at org.openqa.selenium.remote.http.W3CHttpResponseCodec.decode(W3CHttpResponseCodec.java:49)
	at org.openqa.selenium.remote.HttpCommandExecutor.execute(HttpCommandExecutor.java:158)
	at io.appium.java_client.remote.AppiumCommandExecutor.execute(AppiumCommandExecutor.java:239)
	at org.openqa.selenium.remote.RemoteWebDriver.execute(RemoteWebDriver.java:552)
	at io.appium.java_client.DefaultGenericMobileDriver.execute(DefaultGenericMobileDriver.java:42)
	at io.appium.java_client.AppiumDriver.execute(AppiumDriver.java:1)
	at io.appium.java_client.android.AndroidDriver.execute(AndroidDriver.java:1)
	at com.kms.katalon.core.appium.driver.SwipeableAndroidDriver.execute(SwipeableAndroidDriver.java:1)
	at org.openqa.selenium.remote.RemoteWebDriver.findElement(RemoteWebDriver.java:323)
	at io.appium.java_client.DefaultGenericMobileDriver.findElement(DefaultGenericMobileDriver.java:62)
	at io.appium.java_client.AppiumDriver.findElement(AppiumDriver.java:1)
	at io.appium.java_client.android.AndroidDriver.findElement(AndroidDriver.java:1)
	at com.kms.katalon.core.appium.driver.SwipeableAndroidDriver.findElement(SwipeableAndroidDriver.java:1)
	at org.openqa.selenium.remote.RemoteWebDriver.findElementByXPath(RemoteWebDriver.java:428)
	at io.appium.java_client.DefaultGenericMobileDriver.findElementByXPath(DefaultGenericMobileDriver.java:152)
	at io.appium.java_client.AppiumDriver.findElementByXPath(AppiumDriver.java:1)
	at io.appium.java_client.android.AndroidDriver.findElementByXPath(AndroidDriver.java:1)
	at com.kms.katalon.core.appium.driver.SwipeableAndroidDriver.findElementByXPath(SwipeableAndroidDriver.java:1)
	at org.openqa.selenium.By$ByXPath.findElement(By.java:353)
	at org.openqa.selenium.remote.RemoteWebDriver.findElement(RemoteWebDriver.java:315)
	at io.appium.java_client.DefaultGenericMobileDriver.findElement(DefaultGenericMobileDriver.java:58)
	at io.appium.java_client.AppiumDriver.findElement(AppiumDriver.java:1)
	at io.appium.java_client.android.AndroidDriver.findElement(AndroidDriver.java:1)
	at com.kms.katalon.core.appium.driver.SwipeableAndroidDriver.findElement(SwipeableAndroidDriver.java:1)
	at base.BaseKeyword$Trait$Helper.convertTestObjectToWebElement(BaseKeyword.groovy:407)
	at screens.HomeScreen.convertTestObjectToWebElement(HomeScreen.groovy)
	at base.BaseKeyword$Trait$Helper.waitForVisibilityOf(BaseKeyword.groovy:375)
	at screens.HomeScreen.waitForVisibilityOf(HomeScreen.groovy)
	at screens.HomeScreen.expandMenu(HomeScreen.groovy:82)
	at screens.HomeScreen.openRequestList(HomeScreen.groovy:94)
	at 043 TAI FILE TAI CHI TIET HO SO_HO SO DEN.run(043 TAI FILE TAI CHI TIET HO SO_HO SO DEN:20)
	at com.kms.katalon.core.main.ScriptEngine.run(ScriptEngine.java:194)
	at com.kms.katalon.core.main.ScriptEngine.runScriptAsRawText(ScriptEngine.java:119)
	at com.kms.katalon.core.main.TestCaseExecutor.runScript(TestCaseExecutor.java:448)
	at com.kms.katalon.core.main.TestCaseExecutor.doExecute(TestCaseExecutor.java:439)
	at com.kms.katalon.core.main.TestCaseExecutor.processExecutionPhase(TestCaseExecutor.java:418)
	at com.kms.katalon.core.main.TestCaseExecutor.accessMainPhase(TestCaseExecutor.java:410)
	at com.kms.katalon.core.main.TestCaseExecutor.execute(TestCaseExecutor.java:285)
	at com.kms.katalon.core.common.CommonExecutor.accessTestCaseMainPhase(CommonExecutor.java:65)
	at com.kms.katalon.core.main.TestSuiteExecutor.accessTestSuiteMainPhase(TestSuiteExecutor.java:150)
	at com.kms.katalon.core.main.TestSuiteExecutor.execute(TestSuiteExecutor.java:106)
	at com.kms.katalon.core.main.TestCaseMain.startTestSuite(TestCaseMain.java:180)
	at TempTestSuite1747904187531.run(TempTestSuite1747904187531.groovy:35)
	at java.base/jdk.internal.reflect.NativeMethodAccessorImpl.invoke0(Native Method)
	at java.base/jdk.internal.reflect.NativeMethodAccessorImpl.invoke(NativeMethodAccessorImpl.java:77)
	at java.base/jdk.internal.reflect.DelegatingMethodAccessorImpl.invoke(DelegatingMethodAccessorImpl.java:43)


22-05-2025T16:51:56 - [MESSAGE][ERROR] - Test Cases/IPAPER APP/043 TAI FILE TAI CHI TIET HO SO_HO SO DEN FAILED.
Reason:
org.openqa.selenium.NoSuchElementException: An element could not be located on the page using the given search parameters.
For documentation on this error, please visit: https://www.seleniumhq.org/exceptions/no_such_element.html
Build info: version: '3.141.59', revision: 'unknown', time: 'unknown'
System info: host: 'Cuong-Mac.local', ip: 'fe80:0:0:0:c43:6797:ebf2:3aad%en0', os.name: 'Mac OS X', os.arch: 'aarch64', os.version: '15.5', java.version: '17.0.7'
Driver info: com.kms.katalon.core.appium.driver.SwipeableAndroidDriver
Capabilities {automationName: UiAutomator2, databaseEnabled: false, desired: {automationName: UiAutomator2, deviceName: af0c5cf7, noReset: true, platformName: android, waitForIdleTimeout: 3000}, deviceApiLevel: 35, deviceManufacturer: OPPO, deviceModel: CPH2699, deviceName: af0c5cf7, deviceScreenDensity: 480, deviceScreenSize: 1080x2400, deviceUDID: af0c5cf7, javascriptEnabled: true, locationContextEnabled: false, networkConnectionEnabled: true, noReset: true, pixelRatio: 3, platform: LINUX, platformName: Android, platformVersion: 15, statBarHeight: 120, takesScreenshot: true, viewportRect: {height: 2280, left: 0, top: 120, width: 1080}, waitForIdleTimeout: 3000, warnings: {}, webStorageEnabled: false}
Session ID: 42b39363-2c25-472a-b49b-4e8f3ae7bc31
*** Element info: {Using=xpath, value=//android.widget.RelativeLayout[@resource-id='com.hdbank.ipaper:id/layout_home_bar']}
	at java.base/jdk.internal.reflect.NativeConstructorAccessorImpl.newInstance0(Native Method)
	at java.base/jdk.internal.reflect.NativeConstructorAccessorImpl.newInstance(NativeConstructorAccessorImpl.java:77)
	at java.base/jdk.internal.reflect.DelegatingConstructorAccessorImpl.newInstance(DelegatingConstructorAccessorImpl.java:45)
	at org.openqa.selenium.remote.http.W3CHttpResponseCodec.createException(W3CHttpResponseCodec.java:187)
	at org.openqa.selenium.remote.http.W3CHttpResponseCodec.decode(W3CHttpResponseCodec.java:122)
	at org.openqa.selenium.remote.http.W3CHttpResponseCodec.decode(W3CHttpResponseCodec.java:49)
	at org.openqa.selenium.remote.HttpCommandExecutor.execute(HttpCommandExecutor.java:158)
	at io.appium.java_client.remote.AppiumCommandExecutor.execute(AppiumCommandExecutor.java:239)
	at org.openqa.selenium.remote.RemoteWebDriver.execute(RemoteWebDriver.java:552)
	at io.appium.java_client.DefaultGenericMobileDriver.execute(DefaultGenericMobileDriver.java:42)
	at io.appium.java_client.AppiumDriver.execute(AppiumDriver.java:1)
	at io.appium.java_client.android.AndroidDriver.execute(AndroidDriver.java:1)
	at com.kms.katalon.core.appium.driver.SwipeableAndroidDriver.execute(SwipeableAndroidDriver.java:1)
	at org.openqa.selenium.remote.RemoteWebDriver.findElement(RemoteWebDriver.java:323)
	at io.appium.java_client.DefaultGenericMobileDriver.findElement(DefaultGenericMobileDriver.java:62)
	at io.appium.java_client.AppiumDriver.findElement(AppiumDriver.java:1)
	at io.appium.java_client.android.AndroidDriver.findElement(AndroidDriver.java:1)
	at com.kms.katalon.core.appium.driver.SwipeableAndroidDriver.findElement(SwipeableAndroidDriver.java:1)
	at org.openqa.selenium.remote.RemoteWebDriver.findElementByXPath(RemoteWebDriver.java:428)
	at io.appium.java_client.DefaultGenericMobileDriver.findElementByXPath(DefaultGenericMobileDriver.java:152)
	at io.appium.java_client.AppiumDriver.findElementByXPath(AppiumDriver.java:1)
	at io.appium.java_client.android.AndroidDriver.findElementByXPath(AndroidDriver.java:1)
	at com.kms.katalon.core.appium.driver.SwipeableAndroidDriver.findElementByXPath(SwipeableAndroidDriver.java:1)
	at org.openqa.selenium.By$ByXPath.findElement(By.java:353)
	at org.openqa.selenium.remote.RemoteWebDriver.findElement(RemoteWebDriver.java:315)
	at io.appium.java_client.DefaultGenericMobileDriver.findElement(DefaultGenericMobileDriver.java:58)
	at io.appium.java_client.AppiumDriver.findElement(AppiumDriver.java:1)
	at io.appium.java_client.android.AndroidDriver.findElement(AndroidDriver.java:1)
	at com.kms.katalon.core.appium.driver.SwipeableAndroidDriver.findElement(SwipeableAndroidDriver.java:1)
	at base.BaseKeyword$Trait$Helper.convertTestObjectToWebElement(BaseKeyword.groovy:407)
	at screens.HomeScreen.convertTestObjectToWebElement(HomeScreen.groovy)
	at base.BaseKeyword$Trait$Helper.waitForVisibilityOf(BaseKeyword.groovy:375)
	at screens.HomeScreen.waitForVisibilityOf(HomeScreen.groovy)
	at screens.HomeScreen.expandMenu(HomeScreen.groovy:82)
	at screens.HomeScreen.openRequestList(HomeScreen.groovy:94)
	at 043 TAI FILE TAI CHI TIET HO SO_HO SO DEN.run(043 TAI FILE TAI CHI TIET HO SO_HO SO DEN:20)
	at com.kms.katalon.core.main.ScriptEngine.run(ScriptEngine.java:194)
	at com.kms.katalon.core.main.ScriptEngine.runScriptAsRawText(ScriptEngine.java:119)
	at com.kms.katalon.core.main.TestCaseExecutor.runScript(TestCaseExecutor.java:448)
	at com.kms.katalon.core.main.TestCaseExecutor.doExecute(TestCaseExecutor.java:439)
	at com.kms.katalon.core.main.TestCaseExecutor.processExecutionPhase(TestCaseExecutor.java:418)
	at com.kms.katalon.core.main.TestCaseExecutor.accessMainPhase(TestCaseExecutor.java:410)
	at com.kms.katalon.core.main.TestCaseExecutor.execute(TestCaseExecutor.java:285)
	at com.kms.katalon.core.common.CommonExecutor.accessTestCaseMainPhase(CommonExecutor.java:65)
	at com.kms.katalon.core.main.TestSuiteExecutor.accessTestSuiteMainPhase(TestSuiteExecutor.java:150)
	at com.kms.katalon.core.main.TestSuiteExecutor.execute(TestSuiteExecutor.java:106)
	at com.kms.katalon.core.main.TestCaseMain.startTestSuite(TestCaseMain.java:180)
	at TempTestSuite1747904187531.run(TempTestSuite1747904187531.groovy:35)
	at java.base/jdk.internal.reflect.NativeMethodAccessorImpl.invoke0(Native Method)
	at java.base/jdk.internal.reflect.NativeMethodAccessorImpl.invoke(NativeMethodAccessorImpl.java:77)
	at java.base/jdk.internal.reflect.DelegatingMethodAccessorImpl.invoke(DelegatingMethodAccessorImpl.java:43)


22-05-2025T16:51:56 - [TEST_STEP][PASSED] - Start listener action : afterTest: null

22-05-2025T16:51:56 - [TEST_STEP][PASSED] - if (testCaseStatus != "PASSED"): Screenshot is taken

22-05-2025T16:51:56 - [TEST_STEP][PASSED] - takeScreenshot(ErrorScreen/$GlobalVariable.PLATFORM/$testCaseContext.getTestCaseId().png): Screenshot is taken

22-05-2025T16:51:59 - [MESSAGE][PASSED] - Screenshot is taken
[[ATTACHMENT|ErrorScreen/Android/Test Cases/IPAPER APP/043 TAI FILE TAI CHI TIET HO SO_HO SO DEN.png]]

22-05-2025T16:51:59 - [TEST_STEP][PASSED] - drivers.Driver.closeApp(): drivers.Driver.closeApp is PASSED

22-05-2025T16:51:59 - [MESSAGE][PASSED] - drivers.Driver.closeApp is PASSED

22-05-2025T16:51:59 - [TEST_STEP][PASSED] - if (tsContext == null): null]]></system-out>
         <system-err><![CDATA[22-05-2025T16:51:34 - [TEST_CASE][ERROR] - Test Cases/IPAPER APP/043 TAI FILE TAI CHI TIET HO SO_HO SO DEN: Test Cases/IPAPER APP/043 TAI FILE TAI CHI TIET HO SO_HO SO DEN FAILED.
Reason:
org.openqa.selenium.NoSuchElementException: An element could not be located on the page using the given search parameters.
For documentation on this error, please visit: https://www.seleniumhq.org/exceptions/no_such_element.html
Build info: version: '3.141.59', revision: 'unknown', time: 'unknown'
System info: host: 'Cuong-Mac.local', ip: 'fe80:0:0:0:c43:6797:ebf2:3aad%en0', os.name: 'Mac OS X', os.arch: 'aarch64', os.version: '15.5', java.version: '17.0.7'
Driver info: com.kms.katalon.core.appium.driver.SwipeableAndroidDriver
Capabilities {automationName: UiAutomator2, databaseEnabled: false, desired: {automationName: UiAutomator2, deviceName: af0c5cf7, noReset: true, platformName: android, waitForIdleTimeout: 3000}, deviceApiLevel: 35, deviceManufacturer: OPPO, deviceModel: CPH2699, deviceName: af0c5cf7, deviceScreenDensity: 480, deviceScreenSize: 1080x2400, deviceUDID: af0c5cf7, javascriptEnabled: true, locationContextEnabled: false, networkConnectionEnabled: true, noReset: true, pixelRatio: 3, platform: LINUX, platformName: Android, platformVersion: 15, statBarHeight: 120, takesScreenshot: true, viewportRect: {height: 2280, left: 0, top: 120, width: 1080}, waitForIdleTimeout: 3000, warnings: {}, webStorageEnabled: false}
Session ID: 42b39363-2c25-472a-b49b-4e8f3ae7bc31
*** Element info: {Using=xpath, value=//android.widget.RelativeLayout[@resource-id='com.hdbank.ipaper:id/layout_home_bar']}
	at java.base/jdk.internal.reflect.NativeConstructorAccessorImpl.newInstance0(Native Method)
	at java.base/jdk.internal.reflect.NativeConstructorAccessorImpl.newInstance(NativeConstructorAccessorImpl.java:77)
	at java.base/jdk.internal.reflect.DelegatingConstructorAccessorImpl.newInstance(DelegatingConstructorAccessorImpl.java:45)
	at org.openqa.selenium.remote.http.W3CHttpResponseCodec.createException(W3CHttpResponseCodec.java:187)
	at org.openqa.selenium.remote.http.W3CHttpResponseCodec.decode(W3CHttpResponseCodec.java:122)
	at org.openqa.selenium.remote.http.W3CHttpResponseCodec.decode(W3CHttpResponseCodec.java:49)
	at org.openqa.selenium.remote.HttpCommandExecutor.execute(HttpCommandExecutor.java:158)
	at io.appium.java_client.remote.AppiumCommandExecutor.execute(AppiumCommandExecutor.java:239)
	at org.openqa.selenium.remote.RemoteWebDriver.execute(RemoteWebDriver.java:552)
	at io.appium.java_client.DefaultGenericMobileDriver.execute(DefaultGenericMobileDriver.java:42)
	at io.appium.java_client.AppiumDriver.execute(AppiumDriver.java:1)
	at io.appium.java_client.android.AndroidDriver.execute(AndroidDriver.java:1)
	at com.kms.katalon.core.appium.driver.SwipeableAndroidDriver.execute(SwipeableAndroidDriver.java:1)
	at org.openqa.selenium.remote.RemoteWebDriver.findElement(RemoteWebDriver.java:323)
	at io.appium.java_client.DefaultGenericMobileDriver.findElement(DefaultGenericMobileDriver.java:62)
	at io.appium.java_client.AppiumDriver.findElement(AppiumDriver.java:1)
	at io.appium.java_client.android.AndroidDriver.findElement(AndroidDriver.java:1)
	at com.kms.katalon.core.appium.driver.SwipeableAndroidDriver.findElement(SwipeableAndroidDriver.java:1)
	at org.openqa.selenium.remote.RemoteWebDriver.findElementByXPath(RemoteWebDriver.java:428)
	at io.appium.java_client.DefaultGenericMobileDriver.findElementByXPath(DefaultGenericMobileDriver.java:152)
	at io.appium.java_client.AppiumDriver.findElementByXPath(AppiumDriver.java:1)
	at io.appium.java_client.android.AndroidDriver.findElementByXPath(AndroidDriver.java:1)
	at com.kms.katalon.core.appium.driver.SwipeableAndroidDriver.findElementByXPath(SwipeableAndroidDriver.java:1)
	at org.openqa.selenium.By$ByXPath.findElement(By.java:353)
	at org.openqa.selenium.remote.RemoteWebDriver.findElement(RemoteWebDriver.java:315)
	at io.appium.java_client.DefaultGenericMobileDriver.findElement(DefaultGenericMobileDriver.java:58)
	at io.appium.java_client.AppiumDriver.findElement(AppiumDriver.java:1)
	at io.appium.java_client.android.AndroidDriver.findElement(AndroidDriver.java:1)
	at com.kms.katalon.core.appium.driver.SwipeableAndroidDriver.findElement(SwipeableAndroidDriver.java:1)
	at base.BaseKeyword$Trait$Helper.convertTestObjectToWebElement(BaseKeyword.groovy:407)
	at screens.HomeScreen.convertTestObjectToWebElement(HomeScreen.groovy)
	at base.BaseKeyword$Trait$Helper.waitForVisibilityOf(BaseKeyword.groovy:375)
	at screens.HomeScreen.waitForVisibilityOf(HomeScreen.groovy)
	at screens.HomeScreen.expandMenu(HomeScreen.groovy:82)
	at screens.HomeScreen.openRequestList(HomeScreen.groovy:94)
	at 043 TAI FILE TAI CHI TIET HO SO_HO SO DEN.run(043 TAI FILE TAI CHI TIET HO SO_HO SO DEN:20)
	at com.kms.katalon.core.main.ScriptEngine.run(ScriptEngine.java:194)
	at com.kms.katalon.core.main.ScriptEngine.runScriptAsRawText(ScriptEngine.java:119)
	at com.kms.katalon.core.main.TestCaseExecutor.runScript(TestCaseExecutor.java:448)
	at com.kms.katalon.core.main.TestCaseExecutor.doExecute(TestCaseExecutor.java:439)
	at com.kms.katalon.core.main.TestCaseExecutor.processExecutionPhase(TestCaseExecutor.java:418)
	at com.kms.katalon.core.main.TestCaseExecutor.accessMainPhase(TestCaseExecutor.java:410)
	at com.kms.katalon.core.main.TestCaseExecutor.execute(TestCaseExecutor.java:285)
	at com.kms.katalon.core.common.CommonExecutor.accessTestCaseMainPhase(CommonExecutor.java:65)
	at com.kms.katalon.core.main.TestSuiteExecutor.accessTestSuiteMainPhase(TestSuiteExecutor.java:150)
	at com.kms.katalon.core.main.TestSuiteExecutor.execute(TestSuiteExecutor.java:106)
	at com.kms.katalon.core.main.TestCaseMain.startTestSuite(TestCaseMain.java:180)
	at TempTestSuite1747904187531.run(TempTestSuite1747904187531.groovy:35)
	at java.base/jdk.internal.reflect.NativeMethodAccessorImpl.invoke0(Native Method)
	at java.base/jdk.internal.reflect.NativeMethodAccessorImpl.invoke(NativeMethodAccessorImpl.java:77)
	at java.base/jdk.internal.reflect.DelegatingMethodAccessorImpl.invoke(DelegatingMethodAccessorImpl.java:43)]]></system-err>
      </testcase>
      <testcase name="Test Cases/IPAPER APP/044 TAI FILE TAI MAIN FILE_HO SO DEN" time="42.913" classname="Test Cases/IPAPER APP/044 TAI FILE TAI MAIN FILE_HO SO DEN" status="PASSED">
         <system-out><![CDATA[22-05-2025T16:51:59 - [TEST_CASE][PASSED] - Test Cases/IPAPER APP/044 TAI FILE TAI MAIN FILE_HO SO DEN: Test Cases/IPAPER APP/044 TAI FILE TAI MAIN FILE_HO SO DEN

22-05-2025T16:51:59 - [TEST_STEP][PASSED] - Start listener action : beforeTest: drivers.Driver.openApp is PASSED

22-05-2025T16:51:59 - [TEST_STEP][PASSED] - DataTest.init(): null

22-05-2025T16:51:59 - [TEST_STEP][PASSED] - testCaseId = split("/").last(): null

22-05-2025T16:51:59 - [TEST_STEP][PASSED] - if (!(drivers.Driver.isAppiumRunning())): drivers.Driver.isAppiumRunning is PASSED

22-05-2025T16:51:59 - [MESSAGE][INFO] - Appium running: true

22-05-2025T16:51:59 - [MESSAGE][PASSED] - drivers.Driver.isAppiumRunning is PASSED

22-05-2025T16:51:59 - [TEST_STEP][PASSED] - if (driver == null || driver.getSessionId() == null): null

22-05-2025T16:51:59 - [TEST_STEP][PASSED] - drivers.Driver.openApp(): drivers.Driver.openApp is PASSED

22-05-2025T16:52:02 - [MESSAGE][PASSED] - drivers.Driver.openApp is PASSED

22-05-2025T16:52:02 - [TEST_STEP][PASSED] - FOLDER_NAME = "IPaperDownloads": null

22-05-2025T16:52:02 - [TEST_STEP][PASSED] - REQUEST_NAME = "Trình ký PDF có sẵn": null

22-05-2025T16:52:02 - [TEST_STEP][PASSED] - auto5 = DataTest.getUserTest5(): null

22-05-2025T16:52:02 - [TEST_STEP][PASSED] - auto6 = DataTest.getUserTest6(): null

22-05-2025T16:52:02 - [TEST_STEP][PASSED] - document = DataTest.createDocumentTest(auto5, auto6, null, "dummy.pdf", "dummy.pdf"): null

22-05-2025T16:52:02 - [TEST_STEP][PASSED] - loginScreen.login(auto5): null

22-05-2025T16:52:23 - [TEST_STEP][PASSED] - homeScreen.openRequestList(): null

22-05-2025T16:52:28 - [TEST_STEP][PASSED] - homeScreen.createRequest(REQUEST_NAME): null

22-05-2025T16:52:36 - [TEST_STEP][PASSED] - pdfSignScreen.fillInTitle(title): null

22-05-2025T16:52:42 - [TEST_STEP][PASSED] - Start listener action : afterTest: null

22-05-2025T16:52:42 - [TEST_STEP][PASSED] - if (testCaseStatus != "PASSED"): null

22-05-2025T16:52:42 - [TEST_STEP][PASSED] - drivers.Driver.closeApp(): drivers.Driver.closeApp is PASSED

22-05-2025T16:52:42 - [MESSAGE][PASSED] - drivers.Driver.closeApp is PASSED

22-05-2025T16:52:42 - [TEST_STEP][PASSED] - if (tsContext == null): null]]></system-out>
         <system-err><![CDATA[]]></system-err>
      </testcase>
      <testcase name="Test Cases/IPAPER APP/045 TAI FILE TAI CHI TIET HO SO_HO SO DI" time="159.699" classname="Test Cases/IPAPER APP/045 TAI FILE TAI CHI TIET HO SO_HO SO DI" status="PASSED">
         <system-out><![CDATA[22-05-2025T16:52:42 - [TEST_CASE][PASSED] - Test Cases/IPAPER APP/045 TAI FILE TAI CHI TIET HO SO_HO SO DI: Test Cases/IPAPER APP/045 TAI FILE TAI CHI TIET HO SO_HO SO DI

22-05-2025T16:52:42 - [TEST_STEP][PASSED] - Start listener action : beforeTest: drivers.Driver.openApp is PASSED

22-05-2025T16:52:42 - [TEST_STEP][PASSED] - DataTest.init(): null

22-05-2025T16:52:42 - [TEST_STEP][PASSED] - testCaseId = split("/").last(): null

22-05-2025T16:52:42 - [TEST_STEP][PASSED] - if (!(drivers.Driver.isAppiumRunning())): drivers.Driver.isAppiumRunning is PASSED

22-05-2025T16:52:42 - [MESSAGE][INFO] - Appium running: true

22-05-2025T16:52:42 - [MESSAGE][PASSED] - drivers.Driver.isAppiumRunning is PASSED

22-05-2025T16:52:42 - [TEST_STEP][PASSED] - if (driver == null || driver.getSessionId() == null): null

22-05-2025T16:52:42 - [TEST_STEP][PASSED] - drivers.Driver.openApp(): drivers.Driver.openApp is PASSED

22-05-2025T16:52:44 - [MESSAGE][PASSED] - drivers.Driver.openApp is PASSED

22-05-2025T16:52:44 - [TEST_STEP][PASSED] - FOLDER_NAME = "IPaperDownloads": null

22-05-2025T16:52:44 - [TEST_STEP][PASSED] - REQUEST_NAME = "Trình ký PDF có sẵn": null

22-05-2025T16:52:44 - [TEST_STEP][PASSED] - auto5 = DataTest.getUserTest5(): null

22-05-2025T16:52:44 - [TEST_STEP][PASSED] - auto6 = DataTest.getUserTest6(): null

22-05-2025T16:52:44 - [TEST_STEP][PASSED] - document = DataTest.createDocumentTest(auto5, auto6, null, "dummy.pdf", "dummy.pdf"): null

22-05-2025T16:52:44 - [TEST_STEP][PASSED] - loginScreen.login(auto5): null

22-05-2025T16:53:04 - [TEST_STEP][PASSED] - homeScreen.openRequestList(): null

22-05-2025T16:53:10 - [TEST_STEP][PASSED] - homeScreen.createRequest(REQUEST_NAME): null

22-05-2025T16:53:18 - [TEST_STEP][PASSED] - pdfSignScreen.fillInTitle(title): null

22-05-2025T16:53:26 - [TEST_STEP][PASSED] - pdfSignScreen.selectPriority(priority): null

22-05-2025T16:53:28 - [TEST_STEP][PASSED] - pdfSignScreen.selectTime(time): null

22-05-2025T16:53:31 - [TEST_STEP][PASSED] - pdfSignScreen.fillInDescription(description): null

22-05-2025T16:53:33 - [TEST_STEP][PASSED] - pdfSignScreen.selectAssigner(getAssigner().getEmail()): null

22-05-2025T16:53:39 - [TEST_STEP][PASSED] - pdfSignScreen.openMainFileBrowser(): null

22-05-2025T16:53:44 - [TEST_STEP][PASSED] - fileBrowserScreen.attachFile(mainFileName): null

22-05-2025T16:53:53 - [TEST_STEP][PASSED] - pdfSignScreen.openSubFileBrowser(): null

22-05-2025T16:53:55 - [TEST_STEP][PASSED] - fileBrowserScreen.attachFile(subFileName): null

22-05-2025T16:54:06 - [TEST_STEP][PASSED] - pdfSignScreen.performAction(SEND_APPROVE): null

22-05-2025T16:54:09 - [TEST_STEP][PASSED] - pdfSignScreen.fillInOpinion(document.getComment()): null

22-05-2025T16:54:10 - [TEST_STEP][PASSED] - pdfSignScreen.submitRequest(): null

22-05-2025T16:54:21 - [TEST_STEP][PASSED] - documentInformationScreen.backToHome(): null

22-05-2025T16:54:21 - [TEST_STEP][PASSED] - homeScreen.goToOutComingDocument(): null

22-05-2025T16:54:34 - [TEST_STEP][PASSED] - outComingDocument.viewInformationDocument(document): null

22-05-2025T16:54:35 - [TEST_STEP][PASSED] - documentInformationScreen.downloadFile(): null

22-05-2025T16:55:02 - [TEST_STEP][PASSED] - Utilities.closeCurentApp(): null

22-05-2025T16:55:02 - [TEST_STEP][PASSED] - Utilities.openFileManagerApp(): null

22-05-2025T16:55:02 - [TEST_STEP][PASSED] - fileManager_HomeScreen.goToIPaperFolder(FOLDER_NAME): null

22-05-2025T16:55:08 - [TEST_STEP][PASSED] - fileManager_FolderScreen.checkPDFFiles(): Check image content

22-05-2025T16:55:14 - [MESSAGE][INFO] - HAR: /Users/cuongvo/hdb_katalon/IPaper/Reports/20250522_155626/checklist/20250522_155627/requests/main/0.har

22-05-2025T16:55:14 - [MESSAGE][PASSED] - Send request successfully

22-05-2025T16:55:14 - [MESSAGE][INFO] - 🤖 Gemini response: true

22-05-2025T16:55:14 - [MESSAGE][INFO] -  Token usage → Prompt: 2339 | Response: 1 | Total: 2340

22-05-2025T16:55:14 - [MESSAGE][PASSED] - Check image content

22-05-2025T16:55:14 - [TEST_STEP][PASSED] - fileManager_FolderScreen.deleteAllFiles(): null

22-05-2025T16:55:21 - [TEST_STEP][PASSED] - Utilities.closeCurentApp(): null

22-05-2025T16:55:21 - [TEST_STEP][PASSED] - Start listener action : afterTest: null

22-05-2025T16:55:21 - [TEST_STEP][PASSED] - if (testCaseStatus != "PASSED"): null

22-05-2025T16:55:21 - [TEST_STEP][PASSED] - drivers.Driver.closeApp(): drivers.Driver.closeApp is PASSED

22-05-2025T16:55:22 - [MESSAGE][PASSED] - drivers.Driver.closeApp is PASSED

22-05-2025T16:55:22 - [TEST_STEP][PASSED] - if (tsContext == null): null]]></system-out>
         <system-err><![CDATA[]]></system-err>
      </testcase>
      <testcase name="Test Cases/IPAPER APP/046 TAI FILE TAI MAIN FILE_HO SO DI" time="144.989" classname="Test Cases/IPAPER APP/046 TAI FILE TAI MAIN FILE_HO SO DI" status="ERROR">
         <error type="ERROR" message="Test Cases/IPAPER APP/046 TAI FILE TAI MAIN FILE_HO SO DI FAILED.&#xa;Reason:&#xa;org.openqa.selenium.TimeoutException: Expected condition failed: waiting for base.BaseKeyword$Trait$Helper$_waitForPresentOf_closure1@5fcf25fc (tried for 30 second(s) with 500 milliseconds interval)&#xa;Build info: version: '3.141.59', revision: 'unknown', time: 'unknown'&#xa;System info: host: 'Cuong-Mac.local', ip: 'fe80:0:0:0:c43:6797:ebf2:3aad%en0', os.name: 'Mac OS X', os.arch: 'aarch64', os.version: '15.5', java.version: '17.0.7'&#xa;Driver info: com.kms.katalon.core.appium.driver.SwipeableAndroidDriver&#xa;Capabilities {automationName: UiAutomator2, databaseEnabled: false, desired: {automationName: UiAutomator2, deviceName: af0c5cf7, noReset: true, platformName: android, waitForIdleTimeout: 3000}, deviceApiLevel: 35, deviceManufacturer: OPPO, deviceModel: CPH2699, deviceName: af0c5cf7, deviceScreenDensity: 480, deviceScreenSize: 1080x2400, deviceUDID: af0c5cf7, javascriptEnabled: true, locationContextEnabled: false, networkConnectionEnabled: true, noReset: true, pixelRatio: 3, platform: LINUX, platformName: Android, platformVersion: 15, statBarHeight: 120, takesScreenshot: true, viewportRect: {height: 2280, left: 0, top: 120, width: 1080}, waitForIdleTimeout: 3000, warnings: {}, webStorageEnabled: false}&#xa;Session ID: 42b39363-2c25-472a-b49b-4e8f3ae7bc31&#xa;	at org.openqa.selenium.support.ui.WebDriverWait.timeoutException(WebDriverWait.java:95)&#xa;	at org.openqa.selenium.support.ui.FluentWait.until(FluentWait.java:272)&#xa;	at base.BaseKeyword$Trait$Helper.waitForPresentOf(BaseKeyword.groovy:345)&#xa;	at screens.DocumentInformationScreen.waitForPresentOf(DocumentInformationScreen.groovy)&#xa;	at screens.DocumentInformationScreen.downloadFileAtmainFile(DocumentInformationScreen.groovy:330)&#xa;	at 046 TAI FILE TAI MAIN FILE_HO SO DI.run(046 TAI FILE TAI MAIN FILE_HO SO DI:54)&#xa;	at com.kms.katalon.core.main.ScriptEngine.run(ScriptEngine.java:194)&#xa;	at com.kms.katalon.core.main.ScriptEngine.runScriptAsRawText(ScriptEngine.java:119)&#xa;	at com.kms.katalon.core.main.TestCaseExecutor.runScript(TestCaseExecutor.java:448)&#xa;	at com.kms.katalon.core.main.TestCaseExecutor.doExecute(TestCaseExecutor.java:439)&#xa;	at com.kms.katalon.core.main.TestCaseExecutor.processExecutionPhase(TestCaseExecutor.java:418)&#xa;	at com.kms.katalon.core.main.TestCaseExecutor.accessMainPhase(TestCaseExecutor.java:410)&#xa;	at com.kms.katalon.core.main.TestCaseExecutor.execute(TestCaseExecutor.java:285)&#xa;	at com.kms.katalon.core.common.CommonExecutor.accessTestCaseMainPhase(CommonExecutor.java:65)&#xa;	at com.kms.katalon.core.main.TestSuiteExecutor.accessTestSuiteMainPhase(TestSuiteExecutor.java:150)&#xa;	at com.kms.katalon.core.main.TestSuiteExecutor.execute(TestSuiteExecutor.java:106)&#xa;	at com.kms.katalon.core.main.TestCaseMain.startTestSuite(TestCaseMain.java:180)&#xa;	at TempTestSuite1747904187531.run(TempTestSuite1747904187531.groovy:35)&#xa;	at java.base/jdk.internal.reflect.NativeMethodAccessorImpl.invoke0(Native Method)&#xa;	at java.base/jdk.internal.reflect.NativeMethodAccessorImpl.invoke(NativeMethodAccessorImpl.java:77)&#xa;	at java.base/jdk.internal.reflect.DelegatingMethodAccessorImpl.invoke(DelegatingMethodAccessorImpl.java:43)&#xa;"/>
         <system-out><![CDATA[22-05-2025T16:55:22 - [TEST_CASE][ERROR] - Test Cases/IPAPER APP/046 TAI FILE TAI MAIN FILE_HO SO DI: Test Cases/IPAPER APP/046 TAI FILE TAI MAIN FILE_HO SO DI FAILED.
Reason:
org.openqa.selenium.TimeoutException: Expected condition failed: waiting for base.BaseKeyword$Trait$Helper$_waitForPresentOf_closure1@5fcf25fc (tried for 30 second(s) with 500 milliseconds interval)
Build info: version: '3.141.59', revision: 'unknown', time: 'unknown'
System info: host: 'Cuong-Mac.local', ip: 'fe80:0:0:0:c43:6797:ebf2:3aad%en0', os.name: 'Mac OS X', os.arch: 'aarch64', os.version: '15.5', java.version: '17.0.7'
Driver info: com.kms.katalon.core.appium.driver.SwipeableAndroidDriver
Capabilities {automationName: UiAutomator2, databaseEnabled: false, desired: {automationName: UiAutomator2, deviceName: af0c5cf7, noReset: true, platformName: android, waitForIdleTimeout: 3000}, deviceApiLevel: 35, deviceManufacturer: OPPO, deviceModel: CPH2699, deviceName: af0c5cf7, deviceScreenDensity: 480, deviceScreenSize: 1080x2400, deviceUDID: af0c5cf7, javascriptEnabled: true, locationContextEnabled: false, networkConnectionEnabled: true, noReset: true, pixelRatio: 3, platform: LINUX, platformName: Android, platformVersion: 15, statBarHeight: 120, takesScreenshot: true, viewportRect: {height: 2280, left: 0, top: 120, width: 1080}, waitForIdleTimeout: 3000, warnings: {}, webStorageEnabled: false}
Session ID: 42b39363-2c25-472a-b49b-4e8f3ae7bc31
	at org.openqa.selenium.support.ui.WebDriverWait.timeoutException(WebDriverWait.java:95)
	at org.openqa.selenium.support.ui.FluentWait.until(FluentWait.java:272)
	at base.BaseKeyword$Trait$Helper.waitForPresentOf(BaseKeyword.groovy:345)
	at screens.DocumentInformationScreen.waitForPresentOf(DocumentInformationScreen.groovy)
	at screens.DocumentInformationScreen.downloadFileAtmainFile(DocumentInformationScreen.groovy:330)
	at 046 TAI FILE TAI MAIN FILE_HO SO DI.run(046 TAI FILE TAI MAIN FILE_HO SO DI:54)
	at com.kms.katalon.core.main.ScriptEngine.run(ScriptEngine.java:194)
	at com.kms.katalon.core.main.ScriptEngine.runScriptAsRawText(ScriptEngine.java:119)
	at com.kms.katalon.core.main.TestCaseExecutor.runScript(TestCaseExecutor.java:448)
	at com.kms.katalon.core.main.TestCaseExecutor.doExecute(TestCaseExecutor.java:439)
	at com.kms.katalon.core.main.TestCaseExecutor.processExecutionPhase(TestCaseExecutor.java:418)
	at com.kms.katalon.core.main.TestCaseExecutor.accessMainPhase(TestCaseExecutor.java:410)
	at com.kms.katalon.core.main.TestCaseExecutor.execute(TestCaseExecutor.java:285)
	at com.kms.katalon.core.common.CommonExecutor.accessTestCaseMainPhase(CommonExecutor.java:65)
	at com.kms.katalon.core.main.TestSuiteExecutor.accessTestSuiteMainPhase(TestSuiteExecutor.java:150)
	at com.kms.katalon.core.main.TestSuiteExecutor.execute(TestSuiteExecutor.java:106)
	at com.kms.katalon.core.main.TestCaseMain.startTestSuite(TestCaseMain.java:180)
	at TempTestSuite1747904187531.run(TempTestSuite1747904187531.groovy:35)
	at java.base/jdk.internal.reflect.NativeMethodAccessorImpl.invoke0(Native Method)
	at java.base/jdk.internal.reflect.NativeMethodAccessorImpl.invoke(NativeMethodAccessorImpl.java:77)
	at java.base/jdk.internal.reflect.DelegatingMethodAccessorImpl.invoke(DelegatingMethodAccessorImpl.java:43)


22-05-2025T16:55:22 - [TEST_STEP][PASSED] - Start listener action : beforeTest: drivers.Driver.openApp is PASSED

22-05-2025T16:55:22 - [TEST_STEP][PASSED] - DataTest.init(): null

22-05-2025T16:55:22 - [TEST_STEP][PASSED] - testCaseId = split("/").last(): null

22-05-2025T16:55:22 - [TEST_STEP][PASSED] - if (!(drivers.Driver.isAppiumRunning())): drivers.Driver.isAppiumRunning is PASSED

22-05-2025T16:55:22 - [MESSAGE][INFO] - Appium running: true

22-05-2025T16:55:22 - [MESSAGE][PASSED] - drivers.Driver.isAppiumRunning is PASSED

22-05-2025T16:55:22 - [TEST_STEP][PASSED] - if (driver == null || driver.getSessionId() == null): null

22-05-2025T16:55:22 - [TEST_STEP][PASSED] - drivers.Driver.openApp(): drivers.Driver.openApp is PASSED

22-05-2025T16:55:25 - [MESSAGE][PASSED] - drivers.Driver.openApp is PASSED

22-05-2025T16:55:25 - [TEST_STEP][PASSED] - FOLDER_NAME = "IPaperDownloads": null

22-05-2025T16:55:25 - [TEST_STEP][PASSED] - REQUEST_NAME = "Trình ký PDF có sẵn": null

22-05-2025T16:55:25 - [TEST_STEP][PASSED] - auto5 = DataTest.getUserTest5(): null

22-05-2025T16:55:25 - [TEST_STEP][PASSED] - auto6 = DataTest.getUserTest6(): null

22-05-2025T16:55:25 - [TEST_STEP][PASSED] - document = DataTest.createDocumentTest(auto5, auto6, null, "dummy.pdf", "dummy.pdf"): null

22-05-2025T16:55:25 - [TEST_STEP][PASSED] - loginScreen.login(auto5): null

22-05-2025T16:55:39 - [TEST_STEP][PASSED] - homeScreen.openRequestList(): null

22-05-2025T16:55:44 - [TEST_STEP][PASSED] - homeScreen.createRequest(REQUEST_NAME): null

22-05-2025T16:55:52 - [TEST_STEP][PASSED] - pdfSignScreen.fillInTitle(title): null

22-05-2025T16:55:55 - [TEST_STEP][PASSED] - pdfSignScreen.selectPriority(priority): null

22-05-2025T16:55:58 - [TEST_STEP][PASSED] - pdfSignScreen.selectTime(time): null

22-05-2025T16:56:01 - [TEST_STEP][PASSED] - pdfSignScreen.fillInDescription(description): null

22-05-2025T16:56:02 - [TEST_STEP][PASSED] - pdfSignScreen.selectAssigner(getAssigner().getEmail()): null

22-05-2025T16:56:08 - [TEST_STEP][PASSED] - pdfSignScreen.openMainFileBrowser(): null

22-05-2025T16:56:14 - [TEST_STEP][PASSED] - fileBrowserScreen.attachFile(mainFileName): null

22-05-2025T16:56:22 - [TEST_STEP][PASSED] - pdfSignScreen.openSubFileBrowser(): null

22-05-2025T16:56:23 - [TEST_STEP][PASSED] - fileBrowserScreen.attachFile(subFileName): null

22-05-2025T16:56:33 - [TEST_STEP][PASSED] - pdfSignScreen.performAction(SEND_APPROVE): null

22-05-2025T16:56:35 - [TEST_STEP][PASSED] - pdfSignScreen.fillInOpinion(document.getComment()): null

22-05-2025T16:56:36 - [TEST_STEP][PASSED] - pdfSignScreen.submitRequest(): null

22-05-2025T16:56:48 - [TEST_STEP][PASSED] - documentInformationScreen.backToHome(): null

22-05-2025T16:56:48 - [TEST_STEP][PASSED] - homeScreen.goToOutComingDocument(): null

22-05-2025T16:56:59 - [TEST_STEP][PASSED] - outComingDocument.viewMainFile(document): null

22-05-2025T16:57:00 - [TEST_STEP][ERROR] - documentInformationScreen.downloadFileAtmainFile(): Test Cases/IPAPER APP/046 TAI FILE TAI MAIN FILE_HO SO DI FAILED.
Reason:
org.openqa.selenium.TimeoutException: Expected condition failed: waiting for base.BaseKeyword$Trait$Helper$_waitForPresentOf_closure1@5fcf25fc (tried for 30 second(s) with 500 milliseconds interval)
Build info: version: '3.141.59', revision: 'unknown', time: 'unknown'
System info: host: 'Cuong-Mac.local', ip: 'fe80:0:0:0:c43:6797:ebf2:3aad%en0', os.name: 'Mac OS X', os.arch: 'aarch64', os.version: '15.5', java.version: '17.0.7'
Driver info: com.kms.katalon.core.appium.driver.SwipeableAndroidDriver
Capabilities {automationName: UiAutomator2, databaseEnabled: false, desired: {automationName: UiAutomator2, deviceName: af0c5cf7, noReset: true, platformName: android, waitForIdleTimeout: 3000}, deviceApiLevel: 35, deviceManufacturer: OPPO, deviceModel: CPH2699, deviceName: af0c5cf7, deviceScreenDensity: 480, deviceScreenSize: 1080x2400, deviceUDID: af0c5cf7, javascriptEnabled: true, locationContextEnabled: false, networkConnectionEnabled: true, noReset: true, pixelRatio: 3, platform: LINUX, platformName: Android, platformVersion: 15, statBarHeight: 120, takesScreenshot: true, viewportRect: {height: 2280, left: 0, top: 120, width: 1080}, waitForIdleTimeout: 3000, warnings: {}, webStorageEnabled: false}
Session ID: 42b39363-2c25-472a-b49b-4e8f3ae7bc31
	at org.openqa.selenium.support.ui.WebDriverWait.timeoutException(WebDriverWait.java:95)
	at org.openqa.selenium.support.ui.FluentWait.until(FluentWait.java:272)
	at base.BaseKeyword$Trait$Helper.waitForPresentOf(BaseKeyword.groovy:345)
	at screens.DocumentInformationScreen.waitForPresentOf(DocumentInformationScreen.groovy)
	at screens.DocumentInformationScreen.downloadFileAtmainFile(DocumentInformationScreen.groovy:330)
	at 046 TAI FILE TAI MAIN FILE_HO SO DI.run(046 TAI FILE TAI MAIN FILE_HO SO DI:54)
	at com.kms.katalon.core.main.ScriptEngine.run(ScriptEngine.java:194)
	at com.kms.katalon.core.main.ScriptEngine.runScriptAsRawText(ScriptEngine.java:119)
	at com.kms.katalon.core.main.TestCaseExecutor.runScript(TestCaseExecutor.java:448)
	at com.kms.katalon.core.main.TestCaseExecutor.doExecute(TestCaseExecutor.java:439)
	at com.kms.katalon.core.main.TestCaseExecutor.processExecutionPhase(TestCaseExecutor.java:418)
	at com.kms.katalon.core.main.TestCaseExecutor.accessMainPhase(TestCaseExecutor.java:410)
	at com.kms.katalon.core.main.TestCaseExecutor.execute(TestCaseExecutor.java:285)
	at com.kms.katalon.core.common.CommonExecutor.accessTestCaseMainPhase(CommonExecutor.java:65)
	at com.kms.katalon.core.main.TestSuiteExecutor.accessTestSuiteMainPhase(TestSuiteExecutor.java:150)
	at com.kms.katalon.core.main.TestSuiteExecutor.execute(TestSuiteExecutor.java:106)
	at com.kms.katalon.core.main.TestCaseMain.startTestSuite(TestCaseMain.java:180)
	at TempTestSuite1747904187531.run(TempTestSuite1747904187531.groovy:35)
	at java.base/jdk.internal.reflect.NativeMethodAccessorImpl.invoke0(Native Method)
	at java.base/jdk.internal.reflect.NativeMethodAccessorImpl.invoke(NativeMethodAccessorImpl.java:77)
	at java.base/jdk.internal.reflect.DelegatingMethodAccessorImpl.invoke(DelegatingMethodAccessorImpl.java:43)


22-05-2025T16:57:44 - [MESSAGE][ERROR] - Test Cases/IPAPER APP/046 TAI FILE TAI MAIN FILE_HO SO DI FAILED.
Reason:
org.openqa.selenium.TimeoutException: Expected condition failed: waiting for base.BaseKeyword$Trait$Helper$_waitForPresentOf_closure1@5fcf25fc (tried for 30 second(s) with 500 milliseconds interval)
Build info: version: '3.141.59', revision: 'unknown', time: 'unknown'
System info: host: 'Cuong-Mac.local', ip: 'fe80:0:0:0:c43:6797:ebf2:3aad%en0', os.name: 'Mac OS X', os.arch: 'aarch64', os.version: '15.5', java.version: '17.0.7'
Driver info: com.kms.katalon.core.appium.driver.SwipeableAndroidDriver
Capabilities {automationName: UiAutomator2, databaseEnabled: false, desired: {automationName: UiAutomator2, deviceName: af0c5cf7, noReset: true, platformName: android, waitForIdleTimeout: 3000}, deviceApiLevel: 35, deviceManufacturer: OPPO, deviceModel: CPH2699, deviceName: af0c5cf7, deviceScreenDensity: 480, deviceScreenSize: 1080x2400, deviceUDID: af0c5cf7, javascriptEnabled: true, locationContextEnabled: false, networkConnectionEnabled: true, noReset: true, pixelRatio: 3, platform: LINUX, platformName: Android, platformVersion: 15, statBarHeight: 120, takesScreenshot: true, viewportRect: {height: 2280, left: 0, top: 120, width: 1080}, waitForIdleTimeout: 3000, warnings: {}, webStorageEnabled: false}
Session ID: 42b39363-2c25-472a-b49b-4e8f3ae7bc31
	at org.openqa.selenium.support.ui.WebDriverWait.timeoutException(WebDriverWait.java:95)
	at org.openqa.selenium.support.ui.FluentWait.until(FluentWait.java:272)
	at base.BaseKeyword$Trait$Helper.waitForPresentOf(BaseKeyword.groovy:345)
	at screens.DocumentInformationScreen.waitForPresentOf(DocumentInformationScreen.groovy)
	at screens.DocumentInformationScreen.downloadFileAtmainFile(DocumentInformationScreen.groovy:330)
	at 046 TAI FILE TAI MAIN FILE_HO SO DI.run(046 TAI FILE TAI MAIN FILE_HO SO DI:54)
	at com.kms.katalon.core.main.ScriptEngine.run(ScriptEngine.java:194)
	at com.kms.katalon.core.main.ScriptEngine.runScriptAsRawText(ScriptEngine.java:119)
	at com.kms.katalon.core.main.TestCaseExecutor.runScript(TestCaseExecutor.java:448)
	at com.kms.katalon.core.main.TestCaseExecutor.doExecute(TestCaseExecutor.java:439)
	at com.kms.katalon.core.main.TestCaseExecutor.processExecutionPhase(TestCaseExecutor.java:418)
	at com.kms.katalon.core.main.TestCaseExecutor.accessMainPhase(TestCaseExecutor.java:410)
	at com.kms.katalon.core.main.TestCaseExecutor.execute(TestCaseExecutor.java:285)
	at com.kms.katalon.core.common.CommonExecutor.accessTestCaseMainPhase(CommonExecutor.java:65)
	at com.kms.katalon.core.main.TestSuiteExecutor.accessTestSuiteMainPhase(TestSuiteExecutor.java:150)
	at com.kms.katalon.core.main.TestSuiteExecutor.execute(TestSuiteExecutor.java:106)
	at com.kms.katalon.core.main.TestCaseMain.startTestSuite(TestCaseMain.java:180)
	at TempTestSuite1747904187531.run(TempTestSuite1747904187531.groovy:35)
	at java.base/jdk.internal.reflect.NativeMethodAccessorImpl.invoke0(Native Method)
	at java.base/jdk.internal.reflect.NativeMethodAccessorImpl.invoke(NativeMethodAccessorImpl.java:77)
	at java.base/jdk.internal.reflect.DelegatingMethodAccessorImpl.invoke(DelegatingMethodAccessorImpl.java:43)


22-05-2025T16:57:44 - [TEST_STEP][PASSED] - Start listener action : afterTest: null

22-05-2025T16:57:44 - [TEST_STEP][PASSED] - if (testCaseStatus != "PASSED"): Screenshot is taken

22-05-2025T16:57:44 - [TEST_STEP][PASSED] - takeScreenshot(ErrorScreen/$GlobalVariable.PLATFORM/$testCaseContext.getTestCaseId().png): Screenshot is taken

22-05-2025T16:57:46 - [MESSAGE][PASSED] - Screenshot is taken
[[ATTACHMENT|ErrorScreen/Android/Test Cases/IPAPER APP/046 TAI FILE TAI MAIN FILE_HO SO DI.png]]

22-05-2025T16:57:46 - [TEST_STEP][PASSED] - drivers.Driver.closeApp(): drivers.Driver.closeApp is PASSED

22-05-2025T16:57:47 - [MESSAGE][PASSED] - drivers.Driver.closeApp is PASSED

22-05-2025T16:57:47 - [TEST_STEP][PASSED] - if (tsContext == null): null]]></system-out>
         <system-err><![CDATA[22-05-2025T16:55:22 - [TEST_CASE][ERROR] - Test Cases/IPAPER APP/046 TAI FILE TAI MAIN FILE_HO SO DI: Test Cases/IPAPER APP/046 TAI FILE TAI MAIN FILE_HO SO DI FAILED.
Reason:
org.openqa.selenium.TimeoutException: Expected condition failed: waiting for base.BaseKeyword$Trait$Helper$_waitForPresentOf_closure1@5fcf25fc (tried for 30 second(s) with 500 milliseconds interval)
Build info: version: '3.141.59', revision: 'unknown', time: 'unknown'
System info: host: 'Cuong-Mac.local', ip: 'fe80:0:0:0:c43:6797:ebf2:3aad%en0', os.name: 'Mac OS X', os.arch: 'aarch64', os.version: '15.5', java.version: '17.0.7'
Driver info: com.kms.katalon.core.appium.driver.SwipeableAndroidDriver
Capabilities {automationName: UiAutomator2, databaseEnabled: false, desired: {automationName: UiAutomator2, deviceName: af0c5cf7, noReset: true, platformName: android, waitForIdleTimeout: 3000}, deviceApiLevel: 35, deviceManufacturer: OPPO, deviceModel: CPH2699, deviceName: af0c5cf7, deviceScreenDensity: 480, deviceScreenSize: 1080x2400, deviceUDID: af0c5cf7, javascriptEnabled: true, locationContextEnabled: false, networkConnectionEnabled: true, noReset: true, pixelRatio: 3, platform: LINUX, platformName: Android, platformVersion: 15, statBarHeight: 120, takesScreenshot: true, viewportRect: {height: 2280, left: 0, top: 120, width: 1080}, waitForIdleTimeout: 3000, warnings: {}, webStorageEnabled: false}
Session ID: 42b39363-2c25-472a-b49b-4e8f3ae7bc31
	at org.openqa.selenium.support.ui.WebDriverWait.timeoutException(WebDriverWait.java:95)
	at org.openqa.selenium.support.ui.FluentWait.until(FluentWait.java:272)
	at base.BaseKeyword$Trait$Helper.waitForPresentOf(BaseKeyword.groovy:345)
	at screens.DocumentInformationScreen.waitForPresentOf(DocumentInformationScreen.groovy)
	at screens.DocumentInformationScreen.downloadFileAtmainFile(DocumentInformationScreen.groovy:330)
	at 046 TAI FILE TAI MAIN FILE_HO SO DI.run(046 TAI FILE TAI MAIN FILE_HO SO DI:54)
	at com.kms.katalon.core.main.ScriptEngine.run(ScriptEngine.java:194)
	at com.kms.katalon.core.main.ScriptEngine.runScriptAsRawText(ScriptEngine.java:119)
	at com.kms.katalon.core.main.TestCaseExecutor.runScript(TestCaseExecutor.java:448)
	at com.kms.katalon.core.main.TestCaseExecutor.doExecute(TestCaseExecutor.java:439)
	at com.kms.katalon.core.main.TestCaseExecutor.processExecutionPhase(TestCaseExecutor.java:418)
	at com.kms.katalon.core.main.TestCaseExecutor.accessMainPhase(TestCaseExecutor.java:410)
	at com.kms.katalon.core.main.TestCaseExecutor.execute(TestCaseExecutor.java:285)
	at com.kms.katalon.core.common.CommonExecutor.accessTestCaseMainPhase(CommonExecutor.java:65)
	at com.kms.katalon.core.main.TestSuiteExecutor.accessTestSuiteMainPhase(TestSuiteExecutor.java:150)
	at com.kms.katalon.core.main.TestSuiteExecutor.execute(TestSuiteExecutor.java:106)
	at com.kms.katalon.core.main.TestCaseMain.startTestSuite(TestCaseMain.java:180)
	at TempTestSuite1747904187531.run(TempTestSuite1747904187531.groovy:35)
	at java.base/jdk.internal.reflect.NativeMethodAccessorImpl.invoke0(Native Method)
	at java.base/jdk.internal.reflect.NativeMethodAccessorImpl.invoke(NativeMethodAccessorImpl.java:77)
	at java.base/jdk.internal.reflect.DelegatingMethodAccessorImpl.invoke(DelegatingMethodAccessorImpl.java:43)]]></system-err>
      </testcase>
      <testcase name="Test Cases/IPAPER APP/058 TẠO QUY TRINH_1 BUOC" time="170.539" classname="Test Cases/IPAPER APP/058 TẠO QUY TRINH_1 BUOC" status="PASSED">
         <system-out><![CDATA[22-05-2025T16:57:47 - [TEST_CASE][PASSED] - Test Cases/IPAPER APP/058 TẠO QUY TRINH_1 BUOC: Test Cases/IPAPER APP/058 TẠO QUY TRINH_1 BUOC

22-05-2025T16:57:47 - [TEST_STEP][PASSED] - Start listener action : beforeTest: drivers.Driver.openApp is PASSED

22-05-2025T16:57:47 - [TEST_STEP][PASSED] - DataTest.init(): null

22-05-2025T16:57:47 - [TEST_STEP][PASSED] - testCaseId = split("/").last(): null

22-05-2025T16:57:47 - [TEST_STEP][PASSED] - if (!(drivers.Driver.isAppiumRunning())): drivers.Driver.isAppiumRunning is PASSED

22-05-2025T16:57:47 - [MESSAGE][INFO] - Appium running: true

22-05-2025T16:57:47 - [MESSAGE][PASSED] - drivers.Driver.isAppiumRunning is PASSED

22-05-2025T16:57:47 - [TEST_STEP][PASSED] - if (driver == null || driver.getSessionId() == null): null

22-05-2025T16:57:47 - [TEST_STEP][PASSED] - drivers.Driver.openApp(): drivers.Driver.openApp is PASSED

22-05-2025T16:57:49 - [MESSAGE][PASSED] - drivers.Driver.openApp is PASSED

22-05-2025T16:57:49 - [TEST_STEP][PASSED] - REQUEST_NAME = "Trình ký PDF có sẵn": null

22-05-2025T16:57:49 - [TEST_STEP][PASSED] - TO_DAY = SimpleDateFormat(dd/MM/yyyy).format(new java.util.Date()): null

22-05-2025T16:57:49 - [TEST_STEP][PASSED] - auto5 = DataTest.getUserTest5(): null

22-05-2025T16:57:49 - [TEST_STEP][PASSED] - auto6 = DataTest.getUserTest6(): null

22-05-2025T16:57:49 - [TEST_STEP][PASSED] - auto7 = DataTest.getUserTest7(): null

22-05-2025T16:57:49 - [TEST_STEP][PASSED] - document = DataTest.createDocumentTest(auto5, auto6, auto7, "dummy.pdf", "dummy.pdf"): null

22-05-2025T16:57:49 - [TEST_STEP][PASSED] - loginScreen.login(auto5): null

22-05-2025T16:58:04 - [TEST_STEP][PASSED] - homeScreen.openRequestList(): null

22-05-2025T16:58:09 - [TEST_STEP][PASSED] - homeScreen.createRequest(REQUEST_NAME): null

22-05-2025T16:58:15 - [TEST_STEP][PASSED] - pdfSignScreen.fillInTitle(title): null

22-05-2025T16:58:21 - [TEST_STEP][PASSED] - pdfSignScreen.selectPriority(priority): null

22-05-2025T16:58:23 - [TEST_STEP][PASSED] - pdfSignScreen.selectTime(time): null

22-05-2025T16:58:26 - [TEST_STEP][PASSED] - pdfSignScreen.fillInDescription(description): null

22-05-2025T16:58:28 - [TEST_STEP][PASSED] - pdfSignScreen.openMainFileBrowser(): null

22-05-2025T16:58:29 - [TEST_STEP][PASSED] - fileBrowserScreen.attachFile(mainFileName): null

22-05-2025T16:58:38 - [TEST_STEP][PASSED] - pdfSignScreen.openSubFileBrowser(): null

22-05-2025T16:58:43 - [TEST_STEP][PASSED] - fileBrowserScreen.attachFile(subFileName): null

22-05-2025T16:58:55 - [TEST_STEP][PASSED] - pdfSignScreen.processDefinition(auto6): null

22-05-2025T16:59:03 - [TEST_STEP][PASSED] - pdfSignScreen.performAction(SEND_APPROVE): null

22-05-2025T16:59:06 - [TEST_STEP][PASSED] - pdfSignScreen.fillInOpinion(document.getComment()): null

22-05-2025T16:59:07 - [TEST_STEP][PASSED] - pdfSignScreen.submitRequest(): null

22-05-2025T16:59:17 - [TEST_STEP][PASSED] - document.setStatus(WAIT_APPROVE): null

22-05-2025T16:59:17 - [TEST_STEP][PASSED] - documentInformationScreen.backToHome(): null

22-05-2025T16:59:18 - [TEST_STEP][PASSED] - homeScreen.goToOutComingDocument(): null

22-05-2025T16:59:30 - [TEST_STEP][PASSED] - outComingDocument.viewInformationDocument(document): null

22-05-2025T16:59:32 - [TEST_STEP][PASSED] - documentInformationScreen.checkDocumentTitle(document): Verify equals GUI: Trình ký 1747907869968 - DATA: Trình ký 1747907869968

22-05-2025T16:59:38 - [MESSAGE][PASSED] - Verify equals GUI: Trình ký 1747907869968 - DATA: Trình ký 1747907869968

22-05-2025T16:59:38 - [TEST_STEP][PASSED] - documentInformationScreen.checkSender(document): Verify equals GUI: Auto Test User 1 - DATA: Auto Test User 1

22-05-2025T16:59:38 - [MESSAGE][PASSED] - Verify equals GUI: Auto Test User 1 - DATA: Auto Test User 1

22-05-2025T16:59:38 - [TEST_STEP][PASSED] - documentInformationScreen.checkStatus(document): Verify equals GUI: Chờ giám sát phê duyệt - DATA: Chờ giám sát phê duyệt

22-05-2025T16:59:38 - [MESSAGE][PASSED] - Verify equals GUI: Chờ giám sát phê duyệt - DATA: Chờ giám sát phê duyệt

22-05-2025T16:59:38 - [TEST_STEP][PASSED] - documentInformationScreen.checkCreateDate(): Verify equals GUI: 22/05/2025 - DATA: 22/05/2025

22-05-2025T16:59:38 - [MESSAGE][PASSED] - Verify equals GUI: 22/05/2025 - DATA: 22/05/2025

22-05-2025T16:59:38 - [TEST_STEP][PASSED] - documentInformationScreen.checkFinishDate(document): Verify equals GUI: 23/05/2025 - DATA: 23/05/2025

22-05-2025T16:59:38 - [MESSAGE][PASSED] - Verify equals GUI: 23/05/2025 - DATA: 23/05/2025

22-05-2025T16:59:38 - [TEST_STEP][PASSED] - documentInformationScreen.checkPriority(document): Verify equals GUI: Cao - DATA: Cao

22-05-2025T16:59:38 - [MESSAGE][PASSED] - Verify equals GUI: Cao - DATA: Cao

22-05-2025T16:59:38 - [TEST_STEP][PASSED] - documentInformationScreen.checkDescription(document): Verify equals GUI: 058 TẠO QUY TRINH_1 BUOC - DATA: 058 TẠO QUY TRINH_1 BUOC

22-05-2025T16:59:38 - [MESSAGE][PASSED] - Verify equals GUI: 058 TẠO QUY TRINH_1 BUOC - DATA: 058 TẠO QUY TRINH_1 BUOC

22-05-2025T16:59:38 - [TEST_STEP][PASSED] - documentInformationScreen.checkAssigner(document): Verify contains GUI: auto2@hdbank.com.vn - DATA: auto2@hdbank.com.vn

22-05-2025T16:59:40 - [MESSAGE][PASSED] - Verify contains GUI: auto2@hdbank.com.vn - DATA: auto2@hdbank.com.vn

22-05-2025T16:59:40 - [TEST_STEP][PASSED] - documentInformationScreen.checkPresentFileName(document): Verify contains GUI: dummy_20250522165838.ozd - DATA: dummy

22-05-2025T16:59:41 - [MESSAGE][PASSED] - Verify contains GUI: dummy_20250522165838.ozd - DATA: dummy

22-05-2025T16:59:41 - [TEST_STEP][PASSED] - documentInformationScreen.checkAttachFileName(document): Expected true condition

22-05-2025T16:59:42 - [MESSAGE][PASSED] - Expected true condition

22-05-2025T16:59:42 - [TEST_STEP][PASSED] - documentInformationScreen.backToHome(): null

22-05-2025T16:59:47 - [TEST_STEP][PASSED] - homeScreen.logout(): null

22-05-2025T16:59:55 - [TEST_STEP][PASSED] - loginScreen.login(auto6): null

22-05-2025T17:00:11 - [TEST_STEP][PASSED] - document.setAssigner(auto5): null

22-05-2025T17:00:11 - [TEST_STEP][PASSED] - homeScreen.goToIncomingDocument(): null

22-05-2025T17:00:11 - [TEST_STEP][PASSED] - inComingDocument.viewInformationDocument(document): View document Trình ký 1747907869968

22-05-2025T17:00:11 - [MESSAGE][INFO] - View document Trình ký 1747907869968

22-05-2025T17:00:19 - [TEST_STEP][PASSED] - documentInformationScreen.checkDocumentTitle(document): Verify equals GUI: Trình ký 1747907869968 - DATA: Trình ký 1747907869968

22-05-2025T17:00:19 - [MESSAGE][PASSED] - Verify equals GUI: Trình ký 1747907869968 - DATA: Trình ký 1747907869968

22-05-2025T17:00:19 - [TEST_STEP][PASSED] - documentInformationScreen.checkSender(document): Verify equals GUI: Auto Test User 1 - DATA: Auto Test User 1

22-05-2025T17:00:19 - [MESSAGE][PASSED] - Verify equals GUI: Auto Test User 1 - DATA: Auto Test User 1

22-05-2025T17:00:19 - [TEST_STEP][PASSED] - documentInformationScreen.checkStatus(document): Verify equals GUI: Chờ giám sát phê duyệt - DATA: Chờ giám sát phê duyệt

22-05-2025T17:00:20 - [MESSAGE][PASSED] - Verify equals GUI: Chờ giám sát phê duyệt - DATA: Chờ giám sát phê duyệt

22-05-2025T17:00:20 - [TEST_STEP][PASSED] - documentInformationScreen.checkCreateDate(): Verify equals GUI: 22/05/2025 - DATA: 22/05/2025

22-05-2025T17:00:20 - [MESSAGE][PASSED] - Verify equals GUI: 22/05/2025 - DATA: 22/05/2025

22-05-2025T17:00:20 - [TEST_STEP][PASSED] - documentInformationScreen.checkFinishDate(document): Verify equals GUI: 23/05/2025 - DATA: 23/05/2025

22-05-2025T17:00:20 - [MESSAGE][PASSED] - Verify equals GUI: 23/05/2025 - DATA: 23/05/2025

22-05-2025T17:00:20 - [TEST_STEP][PASSED] - documentInformationScreen.checkPriority(document): Verify equals GUI: Cao - DATA: Cao

22-05-2025T17:00:20 - [MESSAGE][PASSED] - Verify equals GUI: Cao - DATA: Cao

22-05-2025T17:00:20 - [TEST_STEP][PASSED] - documentInformationScreen.checkDescription(document): Verify equals GUI: 058 TẠO QUY TRINH_1 BUOC - DATA: 058 TẠO QUY TRINH_1 BUOC

22-05-2025T17:00:20 - [MESSAGE][PASSED] - Verify equals GUI: 058 TẠO QUY TRINH_1 BUOC - DATA: 058 TẠO QUY TRINH_1 BUOC

22-05-2025T17:00:20 - [TEST_STEP][PASSED] - documentInformationScreen.checkAssigner(document): Verify contains GUI: auto1@hdbank.com.vn - DATA: auto1@hdbank.com.vn

22-05-2025T17:00:21 - [MESSAGE][PASSED] - Verify contains GUI: auto1@hdbank.com.vn - DATA: auto1@hdbank.com.vn

22-05-2025T17:00:21 - [TEST_STEP][PASSED] - documentInformationScreen.checkPresentFileName(document): Verify contains GUI: dummy_20250522165838.ozd - DATA: dummy

22-05-2025T17:00:23 - [MESSAGE][PASSED] - Verify contains GUI: dummy_20250522165838.ozd - DATA: dummy

22-05-2025T17:00:23 - [TEST_STEP][PASSED] - documentInformationScreen.checkAttachFileName(document): Expected true condition

22-05-2025T17:00:24 - [MESSAGE][PASSED] - Expected true condition

22-05-2025T17:00:24 - [TEST_STEP][PASSED] - documentInformationScreen.backToHome(): null

22-05-2025T17:00:29 - [TEST_STEP][PASSED] - homeScreen.logout(): null

22-05-2025T17:00:37 - [TEST_STEP][PASSED] - Start listener action : afterTest: null

22-05-2025T17:00:37 - [TEST_STEP][PASSED] - if (testCaseStatus != "PASSED"): null

22-05-2025T17:00:37 - [TEST_STEP][PASSED] - drivers.Driver.closeApp(): drivers.Driver.closeApp is PASSED

22-05-2025T17:00:37 - [MESSAGE][PASSED] - drivers.Driver.closeApp is PASSED

22-05-2025T17:00:37 - [TEST_STEP][PASSED] - if (tsContext == null): null]]></system-out>
         <system-err><![CDATA[]]></system-err>
      </testcase>
      <testcase name="Test Cases/IPAPER APP/059 TẠO QUY TRINH_2 BUOC" time="188.313" classname="Test Cases/IPAPER APP/059 TẠO QUY TRINH_2 BUOC" status="PASSED">
         <system-out><![CDATA[22-05-2025T17:00:37 - [TEST_CASE][PASSED] - Test Cases/IPAPER APP/059 TẠO QUY TRINH_2 BUOC: Test Cases/IPAPER APP/059 TẠO QUY TRINH_2 BUOC

22-05-2025T17:00:37 - [TEST_STEP][PASSED] - Start listener action : beforeTest: drivers.Driver.openApp is PASSED

22-05-2025T17:00:37 - [TEST_STEP][PASSED] - DataTest.init(): null

22-05-2025T17:00:37 - [TEST_STEP][PASSED] - testCaseId = split("/").last(): null

22-05-2025T17:00:37 - [TEST_STEP][PASSED] - if (!(drivers.Driver.isAppiumRunning())): drivers.Driver.isAppiumRunning is PASSED

22-05-2025T17:00:37 - [MESSAGE][INFO] - Appium running: true

22-05-2025T17:00:37 - [MESSAGE][PASSED] - drivers.Driver.isAppiumRunning is PASSED

22-05-2025T17:00:37 - [TEST_STEP][PASSED] - if (driver == null || driver.getSessionId() == null): null

22-05-2025T17:00:37 - [TEST_STEP][PASSED] - drivers.Driver.openApp(): drivers.Driver.openApp is PASSED

22-05-2025T17:00:40 - [MESSAGE][PASSED] - drivers.Driver.openApp is PASSED

22-05-2025T17:00:40 - [TEST_STEP][PASSED] - REQUEST_NAME = "Trình ký PDF có sẵn": null

22-05-2025T17:00:40 - [TEST_STEP][PASSED] - TO_DAY = SimpleDateFormat(dd/MM/yyyy).format(new java.util.Date()): null

22-05-2025T17:00:40 - [TEST_STEP][PASSED] - auto5 = DataTest.getUserTest5(): null

22-05-2025T17:00:40 - [TEST_STEP][PASSED] - auto6 = DataTest.getUserTest6(): null

22-05-2025T17:00:40 - [TEST_STEP][PASSED] - auto7 = DataTest.getUserTest7(): null

22-05-2025T17:00:40 - [TEST_STEP][PASSED] - auto8 = DataTest.getUserTest8(): null

22-05-2025T17:00:40 - [TEST_STEP][PASSED] - document = DataTest.createDocumentTest(auto5, auto6, auto7, "dummy.pdf", "dummy.pdf"): null

22-05-2025T17:00:40 - [TEST_STEP][PASSED] - loginScreen.login(auto5): null

22-05-2025T17:00:56 - [TEST_STEP][PASSED] - homeScreen.openRequestList(): null

22-05-2025T17:01:02 - [TEST_STEP][PASSED] - homeScreen.createRequest(REQUEST_NAME): null

22-05-2025T17:01:07 - [TEST_STEP][PASSED] - pdfSignScreen.fillInTitle(title): null

22-05-2025T17:01:12 - [TEST_STEP][PASSED] - pdfSignScreen.selectPriority(priority): null

22-05-2025T17:01:14 - [TEST_STEP][PASSED] - pdfSignScreen.selectTime(time): null

22-05-2025T17:01:18 - [TEST_STEP][PASSED] - pdfSignScreen.fillInDescription(description): null

22-05-2025T17:01:19 - [TEST_STEP][PASSED] - pdfSignScreen.openMainFileBrowser(): null

22-05-2025T17:01:20 - [TEST_STEP][PASSED] - fileBrowserScreen.attachFile(mainFileName): null

22-05-2025T17:01:29 - [TEST_STEP][PASSED] - pdfSignScreen.openSubFileBrowser(): null

22-05-2025T17:01:35 - [TEST_STEP][PASSED] - fileBrowserScreen.attachFile(subFileName): null

22-05-2025T17:01:44 - [TEST_STEP][PASSED] - pdfSignScreen.processDefinition(auto6): null

22-05-2025T17:01:53 - [TEST_STEP][PASSED] - pdfSignScreen.processDefinition(auto7, auto8): null

22-05-2025T17:02:10 - [TEST_STEP][PASSED] - pdfSignScreen.performAction(SEND_APPROVE): null

22-05-2025T17:02:12 - [TEST_STEP][PASSED] - pdfSignScreen.fillInOpinion(document.getComment()): null

22-05-2025T17:02:13 - [TEST_STEP][PASSED] - pdfSignScreen.submitRequest(): null

22-05-2025T17:02:23 - [TEST_STEP][PASSED] - document.setStatus(WAIT_APPROVE): null

22-05-2025T17:02:23 - [TEST_STEP][PASSED] - documentInformationScreen.backToHome(): null

22-05-2025T17:02:23 - [TEST_STEP][PASSED] - homeScreen.goToOutComingDocument(): null

22-05-2025T17:02:34 - [TEST_STEP][PASSED] - outComingDocument.viewInformationDocument(document): null

22-05-2025T17:02:35 - [TEST_STEP][PASSED] - documentInformationScreen.checkDocumentTitle(document): Verify equals GUI: Trình ký 1747908040473 - DATA: Trình ký 1747908040473

22-05-2025T17:02:42 - [MESSAGE][PASSED] - Verify equals GUI: Trình ký 1747908040473 - DATA: Trình ký 1747908040473

22-05-2025T17:02:42 - [TEST_STEP][PASSED] - documentInformationScreen.checkSender(document): Verify equals GUI: Auto Test User 1 - DATA: Auto Test User 1

22-05-2025T17:02:42 - [MESSAGE][PASSED] - Verify equals GUI: Auto Test User 1 - DATA: Auto Test User 1

22-05-2025T17:02:42 - [TEST_STEP][PASSED] - documentInformationScreen.checkStatus(document): Verify equals GUI: Chờ giám sát phê duyệt - DATA: Chờ giám sát phê duyệt

22-05-2025T17:02:42 - [MESSAGE][PASSED] - Verify equals GUI: Chờ giám sát phê duyệt - DATA: Chờ giám sát phê duyệt

22-05-2025T17:02:42 - [TEST_STEP][PASSED] - documentInformationScreen.checkCreateDate(): Verify equals GUI: 22/05/2025 - DATA: 22/05/2025

22-05-2025T17:02:42 - [MESSAGE][PASSED] - Verify equals GUI: 22/05/2025 - DATA: 22/05/2025

22-05-2025T17:02:42 - [TEST_STEP][PASSED] - documentInformationScreen.checkFinishDate(document): Verify equals GUI: 23/05/2025 - DATA: 23/05/2025

22-05-2025T17:02:42 - [MESSAGE][PASSED] - Verify equals GUI: 23/05/2025 - DATA: 23/05/2025

22-05-2025T17:02:42 - [TEST_STEP][PASSED] - documentInformationScreen.checkPriority(document): Verify equals GUI: Cao - DATA: Cao

22-05-2025T17:02:42 - [MESSAGE][PASSED] - Verify equals GUI: Cao - DATA: Cao

22-05-2025T17:02:42 - [TEST_STEP][PASSED] - documentInformationScreen.checkDescription(document): Verify equals GUI: 059 TẠO QUY TRINH_2 BUOC - DATA: 059 TẠO QUY TRINH_2 BUOC

22-05-2025T17:02:43 - [MESSAGE][PASSED] - Verify equals GUI: 059 TẠO QUY TRINH_2 BUOC - DATA: 059 TẠO QUY TRINH_2 BUOC

22-05-2025T17:02:43 - [TEST_STEP][PASSED] - documentInformationScreen.checkPresentFileName(document): Verify contains GUI: dummy_20250522170130.ozd - DATA: dummy

22-05-2025T17:02:44 - [MESSAGE][PASSED] - Verify contains GUI: dummy_20250522170130.ozd - DATA: dummy

22-05-2025T17:02:44 - [TEST_STEP][PASSED] - documentInformationScreen.checkAttachFileName(document): Expected true condition

22-05-2025T17:02:45 - [MESSAGE][PASSED] - Expected true condition

22-05-2025T17:02:45 - [TEST_STEP][PASSED] - documentInformationScreen.checkAssigners(auto6, auto7, auto8): Checking if all user emails are present in the list

22-05-2025T17:02:54 - [MESSAGE][PASSED] - Checking if all user emails are present in the list

22-05-2025T17:02:54 - [TEST_STEP][PASSED] - documentInformationScreen.backToHome(): null

22-05-2025T17:02:58 - [TEST_STEP][PASSED] - homeScreen.logout(): null

22-05-2025T17:03:06 - [TEST_STEP][PASSED] - loginScreen.login(auto6): null

22-05-2025T17:03:21 - [TEST_STEP][PASSED] - document.setAssigner(auto5): null

22-05-2025T17:03:21 - [TEST_STEP][PASSED] - homeScreen.goToIncomingDocument(): null

22-05-2025T17:03:21 - [TEST_STEP][PASSED] - inComingDocument.viewInformationDocument(document): View document Trình ký 1747908040473

22-05-2025T17:03:21 - [MESSAGE][INFO] - View document Trình ký 1747908040473

22-05-2025T17:03:27 - [TEST_STEP][PASSED] - documentInformationScreen.checkDocumentTitle(document): Verify equals GUI: Trình ký 1747908040473 - DATA: Trình ký 1747908040473

22-05-2025T17:03:28 - [MESSAGE][PASSED] - Verify equals GUI: Trình ký 1747908040473 - DATA: Trình ký 1747908040473

22-05-2025T17:03:28 - [TEST_STEP][PASSED] - documentInformationScreen.checkSender(document): Verify equals GUI: Auto Test User 1 - DATA: Auto Test User 1

22-05-2025T17:03:28 - [MESSAGE][PASSED] - Verify equals GUI: Auto Test User 1 - DATA: Auto Test User 1

22-05-2025T17:03:28 - [TEST_STEP][PASSED] - documentInformationScreen.checkStatus(document): Verify equals GUI: Chờ giám sát phê duyệt - DATA: Chờ giám sát phê duyệt

22-05-2025T17:03:28 - [MESSAGE][PASSED] - Verify equals GUI: Chờ giám sát phê duyệt - DATA: Chờ giám sát phê duyệt

22-05-2025T17:03:28 - [TEST_STEP][PASSED] - documentInformationScreen.checkCreateDate(): Verify equals GUI: 22/05/2025 - DATA: 22/05/2025

22-05-2025T17:03:28 - [MESSAGE][PASSED] - Verify equals GUI: 22/05/2025 - DATA: 22/05/2025

22-05-2025T17:03:28 - [TEST_STEP][PASSED] - documentInformationScreen.checkFinishDate(document): Verify equals GUI: 23/05/2025 - DATA: 23/05/2025

22-05-2025T17:03:28 - [MESSAGE][PASSED] - Verify equals GUI: 23/05/2025 - DATA: 23/05/2025

22-05-2025T17:03:28 - [TEST_STEP][PASSED] - documentInformationScreen.checkPriority(document): Verify equals GUI: Cao - DATA: Cao

22-05-2025T17:03:28 - [MESSAGE][PASSED] - Verify equals GUI: Cao - DATA: Cao

22-05-2025T17:03:28 - [TEST_STEP][PASSED] - documentInformationScreen.checkDescription(document): Verify equals GUI: 059 TẠO QUY TRINH_2 BUOC - DATA: 059 TẠO QUY TRINH_2 BUOC

22-05-2025T17:03:28 - [MESSAGE][PASSED] - Verify equals GUI: 059 TẠO QUY TRINH_2 BUOC - DATA: 059 TẠO QUY TRINH_2 BUOC

22-05-2025T17:03:28 - [TEST_STEP][PASSED] - documentInformationScreen.checkPresentFileName(document): Verify contains GUI: dummy_20250522170130.ozd - DATA: dummy

22-05-2025T17:03:34 - [MESSAGE][PASSED] - Verify contains GUI: dummy_20250522170130.ozd - DATA: dummy

22-05-2025T17:03:34 - [TEST_STEP][PASSED] - documentInformationScreen.checkAttachFileName(document): Expected true condition

22-05-2025T17:03:37 - [MESSAGE][PASSED] - Expected true condition

22-05-2025T17:03:37 - [TEST_STEP][PASSED] - documentInformationScreen.checkAssigners(auto6, auto7, auto8): Checking if all user emails are present in the list

22-05-2025T17:03:45 - [MESSAGE][PASSED] - Checking if all user emails are present in the list

22-05-2025T17:03:45 - [TEST_STEP][PASSED] - Start listener action : afterTest: null

22-05-2025T17:03:45 - [TEST_STEP][PASSED] - if (testCaseStatus != "PASSED"): null

22-05-2025T17:03:45 - [TEST_STEP][PASSED] - drivers.Driver.closeApp(): drivers.Driver.closeApp is PASSED

22-05-2025T17:03:46 - [MESSAGE][PASSED] - drivers.Driver.closeApp is PASSED

22-05-2025T17:03:46 - [TEST_STEP][PASSED] - if (tsContext == null): null]]></system-out>
         <system-err><![CDATA[]]></system-err>
      </testcase>
      <system-out><![CDATA[22-05-2025T15:56:29 - [TEST_SUITE][ERROR] - checklist: Test Cases/IPAPER APP/002 TAO YEU CAU FAILED.
Reason:
org.openqa.selenium.NoSuchElementException: An element could not be located on the page using the given search parameters.
For documentation on this error, please visit: https://www.seleniumhq.org/exceptions/no_such_element.html
Build info: version: '3.141.59', revision: 'unknown', time: 'unknown'
System info: host: 'Cuong-Mac.local', ip: 'fe80:0:0:0:c43:6797:ebf2:3aad%en0', os.name: 'Mac OS X', os.arch: 'aarch64', os.version: '15.5', java.version: '17.0.7'
Driver info: com.kms.katalon.core.appium.driver.SwipeableAndroidDriver
Capabilities {automationName: UiAutomator2, databaseEnabled: false, desired: {automationName: UiAutomator2, deviceName: af0c5cf7, noReset: true, platformName: android, waitForIdleTimeout: 3000}, deviceApiLevel: 35, deviceManufacturer: OPPO, deviceModel: CPH2699, deviceName: af0c5cf7, deviceScreenDensity: 480, deviceScreenSize: 1080x2400, deviceUDID: af0c5cf7, javascriptEnabled: true, locationContextEnabled: false, networkConnectionEnabled: true, noReset: true, pixelRatio: 3, platform: LINUX, platformName: Android, platformVersion: 15, statBarHeight: 120, takesScreenshot: true, viewportRect: {height: 2280, left: 0, top: 120, width: 1080}, waitForIdleTimeout: 3000, warnings: {}, webStorageEnabled: false}
Session ID: 42b39363-2c25-472a-b49b-4e8f3ae7bc31
*** Element info: {Using=xpath, value=//android.widget.CheckedTextView[@resource-id='com.hdbank.ipaper:id/design_menu_item_text' and @text='Tạo yêu cầu theo mẫu']}
	at java.base/jdk.internal.reflect.NativeConstructorAccessorImpl.newInstance0(Native Method)
	at java.base/jdk.internal.reflect.NativeConstructorAccessorImpl.newInstance(NativeConstructorAccessorImpl.java:77)
	at java.base/jdk.internal.reflect.DelegatingConstructorAccessorImpl.newInstance(DelegatingConstructorAccessorImpl.java:45)
	at org.openqa.selenium.remote.http.W3CHttpResponseCodec.createException(W3CHttpResponseCodec.java:187)
	at org.openqa.selenium.remote.http.W3CHttpResponseCodec.decode(W3CHttpResponseCodec.java:122)
	at org.openqa.selenium.remote.http.W3CHttpResponseCodec.decode(W3CHttpResponseCodec.java:49)
	at org.openqa.selenium.remote.HttpCommandExecutor.execute(HttpCommandExecutor.java:158)
	at io.appium.java_client.remote.AppiumCommandExecutor.execute(AppiumCommandExecutor.java:239)
	at org.openqa.selenium.remote.RemoteWebDriver.execute(RemoteWebDriver.java:552)
	at io.appium.java_client.DefaultGenericMobileDriver.execute(DefaultGenericMobileDriver.java:42)
	at io.appium.java_client.AppiumDriver.execute(AppiumDriver.java:1)
	at io.appium.java_client.android.AndroidDriver.execute(AndroidDriver.java:1)
	at com.kms.katalon.core.appium.driver.SwipeableAndroidDriver.execute(SwipeableAndroidDriver.java:1)
	at org.openqa.selenium.remote.RemoteWebDriver.findElement(RemoteWebDriver.java:323)
	at io.appium.java_client.DefaultGenericMobileDriver.findElement(DefaultGenericMobileDriver.java:62)
	at io.appium.java_client.AppiumDriver.findElement(AppiumDriver.java:1)
	at io.appium.java_client.android.AndroidDriver.findElement(AndroidDriver.java:1)
	at com.kms.katalon.core.appium.driver.SwipeableAndroidDriver.findElement(SwipeableAndroidDriver.java:1)
	at org.openqa.selenium.remote.RemoteWebDriver.findElementByXPath(RemoteWebDriver.java:428)
	at io.appium.java_client.DefaultGenericMobileDriver.findElementByXPath(DefaultGenericMobileDriver.java:152)
	at io.appium.java_client.AppiumDriver.findElementByXPath(AppiumDriver.java:1)
	at io.appium.java_client.android.AndroidDriver.findElementByXPath(AndroidDriver.java:1)
	at com.kms.katalon.core.appium.driver.SwipeableAndroidDriver.findElementByXPath(SwipeableAndroidDriver.java:1)
	at org.openqa.selenium.By$ByXPath.findElement(By.java:353)
	at org.openqa.selenium.remote.RemoteWebDriver.findElement(RemoteWebDriver.java:315)
	at io.appium.java_client.DefaultGenericMobileDriver.findElement(DefaultGenericMobileDriver.java:58)
	at io.appium.java_client.AppiumDriver.findElement(AppiumDriver.java:1)
	at io.appium.java_client.android.AndroidDriver.findElement(AndroidDriver.java:1)
	at com.kms.katalon.core.appium.driver.SwipeableAndroidDriver.findElement(SwipeableAndroidDriver.java:1)
	at base.BaseKeyword$Trait$Helper.clickToElement(BaseKeyword.groovy:92)
	at screens.HomeScreen.clickToElement(HomeScreen.groovy)
	at screens.HomeScreen.openRequestList(HomeScreen.groovy:95)
	at 002 TAO YEU CAU.run(002 TAO YEU CAU:23)
	at com.kms.katalon.core.main.ScriptEngine.run(ScriptEngine.java:194)
	at com.kms.katalon.core.main.ScriptEngine.runScriptAsRawText(ScriptEngine.java:119)
	at com.kms.katalon.core.main.TestCaseExecutor.runScript(TestCaseExecutor.java:448)
	at com.kms.katalon.core.main.TestCaseExecutor.doExecute(TestCaseExecutor.java:439)
	at com.kms.katalon.core.main.TestCaseExecutor.processExecutionPhase(TestCaseExecutor.java:418)
	at com.kms.katalon.core.main.TestCaseExecutor.accessMainPhase(TestCaseExecutor.java:410)
	at com.kms.katalon.core.main.TestCaseExecutor.execute(TestCaseExecutor.java:285)
	at com.kms.katalon.core.common.CommonExecutor.accessTestCaseMainPhase(CommonExecutor.java:65)
	at com.kms.katalon.core.main.TestSuiteExecutor.accessTestSuiteMainPhase(TestSuiteExecutor.java:150)
	at com.kms.katalon.core.main.TestSuiteExecutor.execute(TestSuiteExecutor.java:106)
	at com.kms.katalon.core.main.TestCaseMain.startTestSuite(TestCaseMain.java:180)
	at TempTestSuite1747904187531.run(TempTestSuite1747904187531.groovy:35)
	at java.base/jdk.internal.reflect.NativeMethodAccessorImpl.invoke0(Native Method)
	at java.base/jdk.internal.reflect.NativeMethodAccessorImpl.invoke(NativeMethodAccessorImpl.java:77)
	at java.base/jdk.internal.reflect.DelegatingMethodAccessorImpl.invoke(DelegatingMethodAccessorImpl.java:43)]]></system-out>
      <system-err><![CDATA[22-05-2025T15:56:29 - [TEST_SUITE][ERROR] - checklist: Test Cases/IPAPER APP/002 TAO YEU CAU FAILED.
Reason:
org.openqa.selenium.NoSuchElementException: An element could not be located on the page using the given search parameters.
For documentation on this error, please visit: https://www.seleniumhq.org/exceptions/no_such_element.html
Build info: version: '3.141.59', revision: 'unknown', time: 'unknown'
System info: host: 'Cuong-Mac.local', ip: 'fe80:0:0:0:c43:6797:ebf2:3aad%en0', os.name: 'Mac OS X', os.arch: 'aarch64', os.version: '15.5', java.version: '17.0.7'
Driver info: com.kms.katalon.core.appium.driver.SwipeableAndroidDriver
Capabilities {automationName: UiAutomator2, databaseEnabled: false, desired: {automationName: UiAutomator2, deviceName: af0c5cf7, noReset: true, platformName: android, waitForIdleTimeout: 3000}, deviceApiLevel: 35, deviceManufacturer: OPPO, deviceModel: CPH2699, deviceName: af0c5cf7, deviceScreenDensity: 480, deviceScreenSize: 1080x2400, deviceUDID: af0c5cf7, javascriptEnabled: true, locationContextEnabled: false, networkConnectionEnabled: true, noReset: true, pixelRatio: 3, platform: LINUX, platformName: Android, platformVersion: 15, statBarHeight: 120, takesScreenshot: true, viewportRect: {height: 2280, left: 0, top: 120, width: 1080}, waitForIdleTimeout: 3000, warnings: {}, webStorageEnabled: false}
Session ID: 42b39363-2c25-472a-b49b-4e8f3ae7bc31
*** Element info: {Using=xpath, value=//android.widget.CheckedTextView[@resource-id='com.hdbank.ipaper:id/design_menu_item_text' and @text='Tạo yêu cầu theo mẫu']}
	at java.base/jdk.internal.reflect.NativeConstructorAccessorImpl.newInstance0(Native Method)
	at java.base/jdk.internal.reflect.NativeConstructorAccessorImpl.newInstance(NativeConstructorAccessorImpl.java:77)
	at java.base/jdk.internal.reflect.DelegatingConstructorAccessorImpl.newInstance(DelegatingConstructorAccessorImpl.java:45)
	at org.openqa.selenium.remote.http.W3CHttpResponseCodec.createException(W3CHttpResponseCodec.java:187)
	at org.openqa.selenium.remote.http.W3CHttpResponseCodec.decode(W3CHttpResponseCodec.java:122)
	at org.openqa.selenium.remote.http.W3CHttpResponseCodec.decode(W3CHttpResponseCodec.java:49)
	at org.openqa.selenium.remote.HttpCommandExecutor.execute(HttpCommandExecutor.java:158)
	at io.appium.java_client.remote.AppiumCommandExecutor.execute(AppiumCommandExecutor.java:239)
	at org.openqa.selenium.remote.RemoteWebDriver.execute(RemoteWebDriver.java:552)
	at io.appium.java_client.DefaultGenericMobileDriver.execute(DefaultGenericMobileDriver.java:42)
	at io.appium.java_client.AppiumDriver.execute(AppiumDriver.java:1)
	at io.appium.java_client.android.AndroidDriver.execute(AndroidDriver.java:1)
	at com.kms.katalon.core.appium.driver.SwipeableAndroidDriver.execute(SwipeableAndroidDriver.java:1)
	at org.openqa.selenium.remote.RemoteWebDriver.findElement(RemoteWebDriver.java:323)
	at io.appium.java_client.DefaultGenericMobileDriver.findElement(DefaultGenericMobileDriver.java:62)
	at io.appium.java_client.AppiumDriver.findElement(AppiumDriver.java:1)
	at io.appium.java_client.android.AndroidDriver.findElement(AndroidDriver.java:1)
	at com.kms.katalon.core.appium.driver.SwipeableAndroidDriver.findElement(SwipeableAndroidDriver.java:1)
	at org.openqa.selenium.remote.RemoteWebDriver.findElementByXPath(RemoteWebDriver.java:428)
	at io.appium.java_client.DefaultGenericMobileDriver.findElementByXPath(DefaultGenericMobileDriver.java:152)
	at io.appium.java_client.AppiumDriver.findElementByXPath(AppiumDriver.java:1)
	at io.appium.java_client.android.AndroidDriver.findElementByXPath(AndroidDriver.java:1)
	at com.kms.katalon.core.appium.driver.SwipeableAndroidDriver.findElementByXPath(SwipeableAndroidDriver.java:1)
	at org.openqa.selenium.By$ByXPath.findElement(By.java:353)
	at org.openqa.selenium.remote.RemoteWebDriver.findElement(RemoteWebDriver.java:315)
	at io.appium.java_client.DefaultGenericMobileDriver.findElement(DefaultGenericMobileDriver.java:58)
	at io.appium.java_client.AppiumDriver.findElement(AppiumDriver.java:1)
	at io.appium.java_client.android.AndroidDriver.findElement(AndroidDriver.java:1)
	at com.kms.katalon.core.appium.driver.SwipeableAndroidDriver.findElement(SwipeableAndroidDriver.java:1)
	at base.BaseKeyword$Trait$Helper.clickToElement(BaseKeyword.groovy:92)
	at screens.HomeScreen.clickToElement(HomeScreen.groovy)
	at screens.HomeScreen.openRequestList(HomeScreen.groovy:95)
	at 002 TAO YEU CAU.run(002 TAO YEU CAU:23)
	at com.kms.katalon.core.main.ScriptEngine.run(ScriptEngine.java:194)
	at com.kms.katalon.core.main.ScriptEngine.runScriptAsRawText(ScriptEngine.java:119)
	at com.kms.katalon.core.main.TestCaseExecutor.runScript(TestCaseExecutor.java:448)
	at com.kms.katalon.core.main.TestCaseExecutor.doExecute(TestCaseExecutor.java:439)
	at com.kms.katalon.core.main.TestCaseExecutor.processExecutionPhase(TestCaseExecutor.java:418)
	at com.kms.katalon.core.main.TestCaseExecutor.accessMainPhase(TestCaseExecutor.java:410)
	at com.kms.katalon.core.main.TestCaseExecutor.execute(TestCaseExecutor.java:285)
	at com.kms.katalon.core.common.CommonExecutor.accessTestCaseMainPhase(CommonExecutor.java:65)
	at com.kms.katalon.core.main.TestSuiteExecutor.accessTestSuiteMainPhase(TestSuiteExecutor.java:150)
	at com.kms.katalon.core.main.TestSuiteExecutor.execute(TestSuiteExecutor.java:106)
	at com.kms.katalon.core.main.TestCaseMain.startTestSuite(TestCaseMain.java:180)
	at TempTestSuite1747904187531.run(TempTestSuite1747904187531.groovy:35)
	at java.base/jdk.internal.reflect.NativeMethodAccessorImpl.invoke0(Native Method)
	at java.base/jdk.internal.reflect.NativeMethodAccessorImpl.invoke(NativeMethodAccessorImpl.java:77)
	at java.base/jdk.internal.reflect.DelegatingMethodAccessorImpl.invoke(DelegatingMethodAccessorImpl.java:43)]]></system-err>
   </testsuite>
</testsuites>
