<?xml version="1.0" encoding="UTF-8"?>
<testsuites name="fullcase" time="12531.554" tests="49" failures="7" errors="7">
   <testsuite name="fullcase" tests="49" failures="7" errors="7" time="12531.554" skipped="0" timestamp="23-05-2025T22:49:25" hostname="cuongvo - 192.168.30.108" id="Test Suites/fullcase">
      <properties>
         <property name="deviceName" value="null"/>
         <property name="devicePlatform" value="null"/>
         <property name="logFolder" value="/Users/cuongvo/hdb_katalon/IPaper/Reports/20250523_224922/fullcase/20250523_224923"/>
         <property name="logFiles" value="/Users/cuongvo/hdb_katalon/IPaper/Reports/20250523_224922/fullcase/20250523_224923/execution0.log"/>
         <property name="attachments" value="ErrorScreen/Android/Test Cases/IPAPER APP/005 TAO YEU CAU LAY Y KIEN_NHIEU NGUOI.png, ErrorScreen/Android/Test Cases/IPAPER APP/005 TAO YEU CAU LAY Y KIEN_NHIEU NGUOI.png, ErrorScreen/Android/Test Cases/IPAPER APP/005 TAO YEU CAU LAY Y KIEN_NHIEU NGUOI.png, ErrorScreen/Android/Test Cases/IPAPER APP/005 TAO YEU CAU LAY Y KIEN_NHIEU NGUOI.png, ErrorScreen/Android/Test Cases/IPAPER APP/015 DUYET TAI MAIN FILE_NHAP Y KIEN.png, ErrorScreen/Android/Test Cases/IPAPER APP/017 DUYET CO CC_NHAP Y KIEN.png, ErrorScreen/Android/Test Cases/IPAPER APP/017 DUYET CO CC_NHAP Y KIEN.png, ErrorScreen/Android/Test Cases/IPAPER APP/017 DUYET CO CC_NHAP Y KIEN.png, ErrorScreen/Android/Test Cases/IPAPER APP/017 DUYET CO CC_NHAP Y KIEN.png, ErrorScreen/Android/Test Cases/IPAPER APP/019 TU CHOI CHI TIET_NHAP Y KIEN.png, ErrorScreen/Android/Test Cases/IPAPER APP/019 TU CHOI CHI TIET_NHAP Y KIEN.png, ErrorScreen/Android/Test Cases/IPAPER APP/019 TU CHOI CHI TIET_NHAP Y KIEN.png, ErrorScreen/Android/Test Cases/IPAPER APP/019 TU CHOI CHI TIET_NHAP Y KIEN.png, ErrorScreen/Android/Test Cases/IPAPER APP/020 TU CHOI CHI TIET_KHONG NHAP Y KIEN.png, ErrorScreen/Android/Test Cases/IPAPER APP/020 TU CHOI CHI TIET_KHONG NHAP Y KIEN.png, ErrorScreen/Android/Test Cases/IPAPER APP/020 TU CHOI CHI TIET_KHONG NHAP Y KIEN.png, ErrorScreen/Android/Test Cases/IPAPER APP/020 TU CHOI CHI TIET_KHONG NHAP Y KIEN.png, ErrorScreen/Android/Test Cases/IPAPER APP/030 BAN HANH HO SO LEN MIS.png, ErrorScreen/Android/Test Cases/IPAPER APP/030 BAN HANH HO SO LEN MIS.png, ErrorScreen/Android/Test Cases/IPAPER APP/030 BAN HANH HO SO LEN MIS.png, ErrorScreen/Android/Test Cases/IPAPER APP/030 BAN HANH HO SO LEN MIS.png, ErrorScreen/Android/Test Cases/IPAPER APP/033 TAO HO SO NHAP.png, ErrorScreen/Android/Test Cases/IPAPER APP/033 TAO HO SO NHAP.png, ErrorScreen/Android/Test Cases/IPAPER APP/033 TAO HO SO NHAP.png, ErrorScreen/Android/Test Cases/IPAPER APP/033 TAO HO SO NHAP.png, ErrorScreen/Android/Test Cases/IPAPER APP/034 TAO HO SO NHAP_DONG Y LUU HO SO.png, ErrorScreen/Android/Test Cases/IPAPER APP/034 TAO HO SO NHAP_DONG Y LUU HO SO.png, ErrorScreen/Android/Test Cases/IPAPER APP/034 TAO HO SO NHAP_DONG Y LUU HO SO.png, ErrorScreen/Android/Test Cases/IPAPER APP/034 TAO HO SO NHAP_DONG Y LUU HO SO.png, ErrorScreen/Android/Test Cases/IPAPER APP/038 TAO YEU CAU_SONG SONG.png, ErrorScreen/Android/Test Cases/IPAPER APP/038 TAO YEU CAU_SONG SONG.png, ErrorScreen/Android/Test Cases/IPAPER APP/038 TAO YEU CAU_SONG SONG.png, ErrorScreen/Android/Test Cases/IPAPER APP/038 TAO YEU CAU_SONG SONG.png, ErrorScreen/Android/Test Cases/IPAPER APP/040 LAY Y KIEN CHI TIET_KHONG NHAP Y KIEN.png, ErrorScreen/Android/Test Cases/IPAPER APP/040 LAY Y KIEN CHI TIET_KHONG NHAP Y KIEN.png, ErrorScreen/Android/Test Cases/IPAPER APP/040 LAY Y KIEN CHI TIET_KHONG NHAP Y KIEN.png, ErrorScreen/Android/Test Cases/IPAPER APP/040 LAY Y KIEN CHI TIET_KHONG NHAP Y KIEN.png, ErrorScreen/Android/Test Cases/IPAPER APP/049 TIM KIEM HO SO THEO BO LOC.png, ErrorScreen/Android/Test Cases/IPAPER APP/049 TIM KIEM HO SO THEO BO LOC.png, ErrorScreen/Android/Test Cases/IPAPER APP/049 TIM KIEM HO SO THEO BO LOC.png, ErrorScreen/Android/Test Cases/IPAPER APP/049 TIM KIEM HO SO THEO BO LOC.png, ErrorScreen/Android/Test Cases/IPAPER APP/050 KIEM TRA THONG BAO.png, ErrorScreen/Android/Test Cases/IPAPER APP/050 KIEM TRA THONG BAO.png, ErrorScreen/Android/Test Cases/IPAPER APP/050 KIEM TRA THONG BAO.png, ErrorScreen/Android/Test Cases/IPAPER APP/050 KIEM TRA THONG BAO.png, ErrorScreen/Android/Test Cases/IPAPER APP/051 TINH NANG CHINH SUA TO TRINH.png, ErrorScreen/Android/Test Cases/IPAPER APP/051 TINH NANG CHINH SUA TO TRINH.png, ErrorScreen/Android/Test Cases/IPAPER APP/051 TINH NANG CHINH SUA TO TRINH.png, ErrorScreen/Android/Test Cases/IPAPER APP/051 TINH NANG CHINH SUA TO TRINH.png, ErrorScreen/Android/Test Cases/IPAPER APP/053 TIM KIEM HO SO CU.png, ErrorScreen/Android/Test Cases/IPAPER APP/053 TIM KIEM HO SO CU.png, ErrorScreen/Android/Test Cases/IPAPER APP/053 TIM KIEM HO SO CU.png, ErrorScreen/Android/Test Cases/IPAPER APP/053 TIM KIEM HO SO CU.png, ErrorScreen/Android/Test Cases/IPAPER APP/060 DINH NGHIA QUY TRINH CO SAN.png, ErrorScreen/Android/Test Cases/IPAPER APP/060 DINH NGHIA QUY TRINH CO SAN.png, ErrorScreen/Android/Test Cases/IPAPER APP/060 DINH NGHIA QUY TRINH CO SAN.png, ErrorScreen/Android/Test Cases/IPAPER APP/060 DINH NGHIA QUY TRINH CO SAN.png, ErrorScreen/Android/Test Cases/IPAPER APP/063 KIEM TRA SO LUONG DINH NGHIA QUY TRINH.png"/>
         <property name="hostName" value="cuongvo - 192.168.30.108"/>
         <property name="os" value="Mac OS X 64bit"/>
         <property name="appiumServerStatus" value="{&quot;value&quot;:{&quot;ready&quot;:true,&quot;message&quot;:&quot;The server is ready to accept new connections&quot;,&quot;build&quot;:{&quot;version&quot;:&quot;2.17.1&quot;}}}"/>
         <property name="katalonVersion" value="9.7.5.223"/>
         <property name="deviceOS" value="null"/>
         <property name="appiumVersion" value="2.17.1"/>
         <property name="deviceModel" value="null"/>
         <property name="hostAddress" value="192.168.30.108"/>
         <property name="deviceManufacturer" value="null"/>
         <property name="deviceId" value="null"/>
         <property name="deviceName" value="null"/>
         <property name="deviceOSVersion" value="null"/>
      </properties>
      <testcase name="Test Cases/IPAPER APP/002 TAO YEU CAU" time="202.535" classname="Test Cases/IPAPER APP/002 TAO YEU CAU" status="PASSED">
         <system-out><![CDATA[23-05-2025T22:49:33 - [TEST_CASE][PASSED] - Test Cases/IPAPER APP/002 TAO YEU CAU: Test Cases/IPAPER APP/002 TAO YEU CAU

23-05-2025T22:49:33 - [TEST_STEP][PASSED] - Start listener action : beforeTest: drivers.Driver.openApp is PASSED

23-05-2025T22:49:33 - [TEST_STEP][PASSED] - DataTest.init(): null

23-05-2025T22:49:33 - [TEST_STEP][PASSED] - testCaseId = split("/").last(): null

23-05-2025T22:49:33 - [TEST_STEP][PASSED] - if (!(drivers.Driver.isAppiumRunning())): drivers.Driver.isAppiumRunning is PASSED

23-05-2025T22:49:33 - [MESSAGE][INFO] - Appium running: true

23-05-2025T22:49:33 - [MESSAGE][PASSED] - drivers.Driver.isAppiumRunning is PASSED

23-05-2025T22:49:33 - [TEST_STEP][PASSED] - if (driver == null || driver.getSessionId() == null): null

23-05-2025T22:49:33 - [TEST_STEP][PASSED] - drivers.Driver.openApp(): drivers.Driver.openApp is PASSED

23-05-2025T22:49:36 - [MESSAGE][PASSED] - drivers.Driver.openApp is PASSED

23-05-2025T22:49:36 - [TEST_STEP][PASSED] - REQUEST_NAME = "Trình ký PDF có sẵn": null

23-05-2025T22:49:36 - [TEST_STEP][PASSED] - TO_DAY = SimpleDateFormat(dd/MM/yyyy).format(new java.util.Date()): null

23-05-2025T22:49:36 - [TEST_STEP][PASSED] - auto5 = DataTest.getUserTest5(): null

23-05-2025T22:49:36 - [TEST_STEP][PASSED] - auto6 = DataTest.getUserTest6(): null

23-05-2025T22:49:36 - [TEST_STEP][PASSED] - auto7 = DataTest.getUserTest7(): null

23-05-2025T22:49:36 - [TEST_STEP][PASSED] - document = DataTest.createDocumentTest(auto5, auto6, auto7, "dummy.pdf", "dummy.pdf"): null

23-05-2025T22:49:36 - [TEST_STEP][PASSED] - loginScreen.login(auto5): null

23-05-2025T22:49:46 - [TEST_STEP][PASSED] - homeScreen.openRequestList(): null

23-05-2025T22:49:51 - [TEST_STEP][PASSED] - homeScreen.createRequest(REQUEST_NAME): null

23-05-2025T22:49:56 - [TEST_STEP][PASSED] - pdfSignScreen.fillInTitle(title): null

23-05-2025T22:49:58 - [TEST_STEP][PASSED] - pdfSignScreen.selectPriority(priority): null

23-05-2025T22:50:01 - [TEST_STEP][PASSED] - pdfSignScreen.selectTime(time): null

23-05-2025T22:50:04 - [TEST_STEP][PASSED] - pdfSignScreen.fillInDescription(description): null

23-05-2025T22:50:06 - [TEST_STEP][PASSED] - pdfSignScreen.selectAssigner(getAssigner().getEmail()): null

23-05-2025T22:50:13 - [TEST_STEP][PASSED] - pdfSignScreen.openMainFileBrowser(): null

23-05-2025T22:50:18 - [TEST_STEP][PASSED] - fileBrowserScreen.attachFile(mainFileName): null

23-05-2025T22:50:27 - [TEST_STEP][PASSED] - pdfSignScreen.openSubFileBrowser(): null

23-05-2025T22:50:29 - [TEST_STEP][PASSED] - fileBrowserScreen.attachFile(subFileName): null

23-05-2025T22:50:40 - [TEST_STEP][PASSED] - pdfSignScreen.selectRelatedMember(getCc().getEmail()): null

23-05-2025T22:50:46 - [TEST_STEP][PASSED] - pdfSignScreen.performAction(SEND_APPROVE): null

23-05-2025T22:50:49 - [TEST_STEP][PASSED] - pdfSignScreen.fillInOpinion(document.getComment()): null

23-05-2025T22:50:50 - [TEST_STEP][PASSED] - pdfSignScreen.submitRequest(): null

23-05-2025T22:51:07 - [TEST_STEP][PASSED] - document.setStatus(WAIT_APPROVE): null

23-05-2025T22:51:07 - [TEST_STEP][PASSED] - documentInformationScreen.backToHome(): null

23-05-2025T22:51:07 - [TEST_STEP][PASSED] - homeScreen.goToOutComingDocument(): null

23-05-2025T22:51:18 - [TEST_STEP][PASSED] - outComingDocument.viewInformationDocument(document): null

23-05-2025T22:51:19 - [TEST_STEP][PASSED] - documentInformationScreen.checkDocumentTitle(document): Verify equals GUI: Trình ký 1748015376784 - DATA: Trình ký 1748015376784

23-05-2025T22:51:25 - [MESSAGE][PASSED] - Verify equals GUI: Trình ký 1748015376784 - DATA: Trình ký 1748015376784

23-05-2025T22:51:25 - [TEST_STEP][PASSED] - documentInformationScreen.checkSender(document): Verify equals GUI: Auto Test User 1 - DATA: Auto Test User 1

23-05-2025T22:51:25 - [MESSAGE][PASSED] - Verify equals GUI: Auto Test User 1 - DATA: Auto Test User 1

23-05-2025T22:51:25 - [TEST_STEP][PASSED] - documentInformationScreen.checkStatus(document): Verify equals GUI: Chờ giám sát phê duyệt - DATA: Chờ giám sát phê duyệt

23-05-2025T22:51:25 - [MESSAGE][PASSED] - Verify equals GUI: Chờ giám sát phê duyệt - DATA: Chờ giám sát phê duyệt

23-05-2025T22:51:25 - [TEST_STEP][PASSED] - documentInformationScreen.checkCreateDate(): Verify equals GUI: 23/05/2025 - DATA: 23/05/2025

23-05-2025T22:51:25 - [MESSAGE][PASSED] - Verify equals GUI: 23/05/2025 - DATA: 23/05/2025

23-05-2025T22:51:25 - [TEST_STEP][PASSED] - documentInformationScreen.checkFinishDate(document): Verify equals GUI: 24/05/2025 - DATA: 24/05/2025

23-05-2025T22:51:25 - [MESSAGE][PASSED] - Verify equals GUI: 24/05/2025 - DATA: 24/05/2025

23-05-2025T22:51:25 - [TEST_STEP][PASSED] - documentInformationScreen.checkPriority(document): Verify equals GUI: Bình thường - DATA: Bình thường

23-05-2025T22:51:25 - [MESSAGE][PASSED] - Verify equals GUI: Bình thường - DATA: Bình thường

23-05-2025T22:51:25 - [TEST_STEP][PASSED] - documentInformationScreen.checkDescription(document): Verify equals GUI: 002 TAO YEU CAU - DATA: 002 TAO YEU CAU

23-05-2025T22:51:26 - [MESSAGE][PASSED] - Verify equals GUI: 002 TAO YEU CAU - DATA: 002 TAO YEU CAU

23-05-2025T22:51:26 - [TEST_STEP][PASSED] - documentInformationScreen.checkAssigner(document): Verify contains GUI: auto2@hdbank.com.vn - DATA: auto2@hdbank.com.vn

23-05-2025T22:51:27 - [MESSAGE][PASSED] - Verify contains GUI: auto2@hdbank.com.vn - DATA: auto2@hdbank.com.vn

23-05-2025T22:51:27 - [TEST_STEP][PASSED] - documentInformationScreen.checkPresentFileName(document): Verify contains GUI: dummy_20250523225028.ozd - DATA: dummy

23-05-2025T22:51:28 - [MESSAGE][PASSED] - Verify contains GUI: dummy_20250523225028.ozd - DATA: dummy

23-05-2025T22:51:28 - [TEST_STEP][PASSED] - documentInformationScreen.checkAttachFileName(document): Expected true condition

23-05-2025T22:51:30 - [MESSAGE][PASSED] - Expected true condition

23-05-2025T22:51:30 - [TEST_STEP][PASSED] - documentInformationScreen.backToHome(): null

23-05-2025T22:51:34 - [TEST_STEP][PASSED] - homeScreen.logout(): null

23-05-2025T22:51:43 - [TEST_STEP][PASSED] - loginScreen.login(auto6): null

23-05-2025T22:51:53 - [TEST_STEP][PASSED] - document.setAssigner(auto5): null

23-05-2025T22:51:53 - [TEST_STEP][PASSED] - homeScreen.goToIncomingDocument(): null

23-05-2025T22:51:53 - [TEST_STEP][PASSED] - inComingDocument.viewInformationDocument(document): View document Trình ký 1748015376784

23-05-2025T22:51:53 - [MESSAGE][INFO] - View document Trình ký 1748015376784

23-05-2025T22:51:59 - [TEST_STEP][PASSED] - documentInformationScreen.checkDocumentTitle(document): Verify equals GUI: Trình ký 1748015376784 - DATA: Trình ký 1748015376784

23-05-2025T22:51:59 - [MESSAGE][PASSED] - Verify equals GUI: Trình ký 1748015376784 - DATA: Trình ký 1748015376784

23-05-2025T22:51:59 - [TEST_STEP][PASSED] - documentInformationScreen.checkSender(document): Verify equals GUI: Auto Test User 1 - DATA: Auto Test User 1

23-05-2025T22:51:59 - [MESSAGE][PASSED] - Verify equals GUI: Auto Test User 1 - DATA: Auto Test User 1

23-05-2025T22:51:59 - [TEST_STEP][PASSED] - documentInformationScreen.checkStatus(document): Verify equals GUI: Chờ giám sát phê duyệt - DATA: Chờ giám sát phê duyệt

23-05-2025T22:51:59 - [MESSAGE][PASSED] - Verify equals GUI: Chờ giám sát phê duyệt - DATA: Chờ giám sát phê duyệt

23-05-2025T22:51:59 - [TEST_STEP][PASSED] - documentInformationScreen.checkCreateDate(): Verify equals GUI: 23/05/2025 - DATA: 23/05/2025

23-05-2025T22:51:59 - [MESSAGE][PASSED] - Verify equals GUI: 23/05/2025 - DATA: 23/05/2025

23-05-2025T22:51:59 - [TEST_STEP][PASSED] - documentInformationScreen.checkFinishDate(document): Verify equals GUI: 24/05/2025 - DATA: 24/05/2025

23-05-2025T22:52:00 - [MESSAGE][PASSED] - Verify equals GUI: 24/05/2025 - DATA: 24/05/2025

23-05-2025T22:52:00 - [TEST_STEP][PASSED] - documentInformationScreen.checkPriority(document): Verify equals GUI: Bình thường - DATA: Bình thường

23-05-2025T22:52:00 - [MESSAGE][PASSED] - Verify equals GUI: Bình thường - DATA: Bình thường

23-05-2025T22:52:00 - [TEST_STEP][PASSED] - documentInformationScreen.checkDescription(document): Verify equals GUI: 002 TAO YEU CAU - DATA: 002 TAO YEU CAU

23-05-2025T22:52:00 - [MESSAGE][PASSED] - Verify equals GUI: 002 TAO YEU CAU - DATA: 002 TAO YEU CAU

23-05-2025T22:52:00 - [TEST_STEP][PASSED] - documentInformationScreen.checkAssigner(document): Verify contains GUI: auto1@hdbank.com.vn - DATA: auto1@hdbank.com.vn

23-05-2025T22:52:02 - [MESSAGE][PASSED] - Verify contains GUI: auto1@hdbank.com.vn - DATA: auto1@hdbank.com.vn

23-05-2025T22:52:02 - [TEST_STEP][PASSED] - documentInformationScreen.checkPresentFileName(document): Verify contains GUI: dummy_20250523225028.ozd - DATA: dummy

23-05-2025T22:52:03 - [MESSAGE][PASSED] - Verify contains GUI: dummy_20250523225028.ozd - DATA: dummy

23-05-2025T22:52:03 - [TEST_STEP][PASSED] - documentInformationScreen.checkAttachFileName(document): Expected true condition

23-05-2025T22:52:05 - [MESSAGE][PASSED] - Expected true condition

23-05-2025T22:52:05 - [TEST_STEP][PASSED] - documentInformationScreen.backToHome(): null

23-05-2025T22:52:09 - [TEST_STEP][PASSED] - homeScreen.logout(): null

23-05-2025T22:52:18 - [TEST_STEP][PASSED] - document.setAssigner(auto6): null

23-05-2025T22:52:18 - [TEST_STEP][PASSED] - loginScreen.login(auto7): null

23-05-2025T22:52:26 - [TEST_STEP][PASSED] - homeScreen.goToIncomingDocument(): null

23-05-2025T22:52:27 - [TEST_STEP][PASSED] - inComingDocument.goToRelatedDocument(): null

23-05-2025T22:52:28 - [TEST_STEP][PASSED] - relatedDocumentScreen.viewInformationDocument(document): null

23-05-2025T22:52:33 - [TEST_STEP][PASSED] - documentInformationScreen.checkDocumentTitle(document): Verify equals GUI: Trình ký 1748015376784 - DATA: Trình ký 1748015376784

23-05-2025T22:52:38 - [MESSAGE][PASSED] - Verify equals GUI: Trình ký 1748015376784 - DATA: Trình ký 1748015376784

23-05-2025T22:52:38 - [TEST_STEP][PASSED] - documentInformationScreen.checkSender(document): Verify equals GUI: Auto Test User 1 - DATA: Auto Test User 1

23-05-2025T22:52:38 - [MESSAGE][PASSED] - Verify equals GUI: Auto Test User 1 - DATA: Auto Test User 1

23-05-2025T22:52:38 - [TEST_STEP][PASSED] - documentInformationScreen.checkStatus(document): Verify equals GUI: Chờ giám sát phê duyệt - DATA: Chờ giám sát phê duyệt

23-05-2025T22:52:38 - [MESSAGE][PASSED] - Verify equals GUI: Chờ giám sát phê duyệt - DATA: Chờ giám sát phê duyệt

23-05-2025T22:52:38 - [TEST_STEP][PASSED] - documentInformationScreen.checkCreateDate(): Verify equals GUI: 23/05/2025 - DATA: 23/05/2025

23-05-2025T22:52:39 - [MESSAGE][PASSED] - Verify equals GUI: 23/05/2025 - DATA: 23/05/2025

23-05-2025T22:52:39 - [TEST_STEP][PASSED] - documentInformationScreen.checkFinishDate(document): Verify equals GUI: 24/05/2025 - DATA: 24/05/2025

23-05-2025T22:52:39 - [MESSAGE][PASSED] - Verify equals GUI: 24/05/2025 - DATA: 24/05/2025

23-05-2025T22:52:39 - [TEST_STEP][PASSED] - documentInformationScreen.checkPriority(document): Verify equals GUI: Bình thường - DATA: Bình thường

23-05-2025T22:52:39 - [MESSAGE][PASSED] - Verify equals GUI: Bình thường - DATA: Bình thường

23-05-2025T22:52:39 - [TEST_STEP][PASSED] - documentInformationScreen.checkDescription(document): Verify equals GUI: 002 TAO YEU CAU - DATA: 002 TAO YEU CAU

23-05-2025T22:52:39 - [MESSAGE][PASSED] - Verify equals GUI: 002 TAO YEU CAU - DATA: 002 TAO YEU CAU

23-05-2025T22:52:39 - [TEST_STEP][PASSED] - documentInformationScreen.checkAssigner(document): Verify contains GUI: auto2@hdbank.com.vn - DATA: auto2@hdbank.com.vn

23-05-2025T22:52:40 - [MESSAGE][PASSED] - Verify contains GUI: auto2@hdbank.com.vn - DATA: auto2@hdbank.com.vn

23-05-2025T22:52:40 - [TEST_STEP][PASSED] - documentInformationScreen.checkPresentFileName(document): Verify contains GUI: dummy_20250523225028.ozd - DATA: dummy

23-05-2025T22:52:42 - [MESSAGE][PASSED] - Verify contains GUI: dummy_20250523225028.ozd - DATA: dummy

23-05-2025T22:52:42 - [TEST_STEP][PASSED] - documentInformationScreen.checkAttachFileName(document): Expected true condition

23-05-2025T22:52:43 - [MESSAGE][PASSED] - Expected true condition

23-05-2025T22:52:43 - [TEST_STEP][PASSED] - documentInformationScreen.checkUserCannotEditDocument(): Check user can not edit document

23-05-2025T22:52:55 - [MESSAGE][PASSED] - Check user can not edit document

23-05-2025T22:52:55 - [TEST_STEP][PASSED] - Start listener action : afterTest: null

23-05-2025T22:52:55 - [TEST_STEP][PASSED] - if (testCaseStatus != "PASSED"): null

23-05-2025T22:52:55 - [TEST_STEP][PASSED] - drivers.Driver.closeApp(): drivers.Driver.closeApp is PASSED

23-05-2025T22:52:56 - [MESSAGE][PASSED] - drivers.Driver.closeApp is PASSED

23-05-2025T22:52:56 - [TEST_STEP][PASSED] - if (tsContext == null): null]]></system-out>
         <system-err><![CDATA[]]></system-err>
      </testcase>
      <testcase name="Test Cases/IPAPER APP/003 TAO YEU CAU KHONG CO ASSIGNER" time="202.843" classname="Test Cases/IPAPER APP/003 TAO YEU CAU KHONG CO ASSIGNER" status="PASSED">
         <system-out><![CDATA[23-05-2025T22:52:56 - [TEST_CASE][PASSED] - Test Cases/IPAPER APP/003 TAO YEU CAU KHONG CO ASSIGNER: Test Cases/IPAPER APP/003 TAO YEU CAU KHONG CO ASSIGNER

23-05-2025T22:52:56 - [TEST_STEP][PASSED] - Start listener action : beforeTest: drivers.Driver.openApp is PASSED

23-05-2025T22:52:56 - [TEST_STEP][PASSED] - DataTest.init(): null

23-05-2025T22:52:56 - [TEST_STEP][PASSED] - testCaseId = split("/").last(): null

23-05-2025T22:52:56 - [TEST_STEP][PASSED] - if (!(drivers.Driver.isAppiumRunning())): drivers.Driver.isAppiumRunning is PASSED

23-05-2025T22:52:56 - [MESSAGE][INFO] - Appium running: true

23-05-2025T22:52:56 - [MESSAGE][PASSED] - drivers.Driver.isAppiumRunning is PASSED

23-05-2025T22:52:56 - [TEST_STEP][PASSED] - if (driver == null || driver.getSessionId() == null): null

23-05-2025T22:52:56 - [TEST_STEP][PASSED] - drivers.Driver.openApp(): drivers.Driver.openApp is PASSED

23-05-2025T22:52:59 - [MESSAGE][PASSED] - drivers.Driver.openApp is PASSED

23-05-2025T22:52:59 - [TEST_STEP][PASSED] - REQUEST_NAME = "Trình ký PDF có sẵn": null

23-05-2025T22:52:59 - [TEST_STEP][PASSED] - STATUS = "Đang đợi xử lý": null

23-05-2025T22:52:59 - [TEST_STEP][PASSED] - TO_DAY = SimpleDateFormat(dd/MM/yyyy).format(new java.util.Date()): null

23-05-2025T22:52:59 - [TEST_STEP][PASSED] - ERROR_MESSAGE = "Vui lòng nhập Email người nhận": null

23-05-2025T22:52:59 - [TEST_STEP][PASSED] - documentTitle = "Trình ký " + System.currentTimeMillis(): null

23-05-2025T22:52:59 - [TEST_STEP][PASSED] - auto5 = DataTest.getUserTest5(): null

23-05-2025T22:52:59 - [TEST_STEP][PASSED] - auto6 = DataTest.getUserTest6(): null

23-05-2025T22:52:59 - [TEST_STEP][PASSED] - auto7 = DataTest.getUserTest7(): null

23-05-2025T22:52:59 - [TEST_STEP][PASSED] - document = DataTest.createDocumentTest(auto5, auto6, auto7, "dummy.pdf", "dummy.pdf"): null

23-05-2025T22:52:59 - [TEST_STEP][PASSED] - loginScreen.login(auto5): null

23-05-2025T22:53:06 - [TEST_STEP][PASSED] - homeScreen.openRequestList(): null

23-05-2025T22:53:11 - [TEST_STEP][PASSED] - homeScreen.createRequest(REQUEST_NAME): null

23-05-2025T22:53:17 - [TEST_STEP][PASSED] - pdfSignScreen.fillInTitle(title): null

23-05-2025T22:53:20 - [TEST_STEP][PASSED] - pdfSignScreen.selectPriority(priority): null

23-05-2025T22:53:23 - [TEST_STEP][PASSED] - pdfSignScreen.selectTime(time): null

23-05-2025T22:53:25 - [TEST_STEP][PASSED] - pdfSignScreen.fillInDescription(description): null

23-05-2025T22:53:28 - [TEST_STEP][PASSED] - pdfSignScreen.openMainFileBrowser(): null

23-05-2025T22:53:29 - [TEST_STEP][PASSED] - fileBrowserScreen.attachFile(mainFileName): null

23-05-2025T22:53:38 - [TEST_STEP][PASSED] - pdfSignScreen.openSubFileBrowser(): null

23-05-2025T22:53:43 - [TEST_STEP][PASSED] - fileBrowserScreen.attachFile(subFileName): null

23-05-2025T22:53:53 - [TEST_STEP][PASSED] - pdfSignScreen.selectRelatedMember(getCc().getEmail()): null

23-05-2025T22:53:59 - [TEST_STEP][PASSED] - pdfSignScreen.performAction(SEND_APPROVE): null

23-05-2025T22:54:02 - [TEST_STEP][PASSED] - pdfSignScreen.submitErrorPopup(): null

23-05-2025T22:54:02 - [TEST_STEP][PASSED] - pdfSignScreen.selectAssigner(getAssigner().getEmail()): null

23-05-2025T22:54:08 - [TEST_STEP][PASSED] - pdfSignScreen.performAction(SEND_APPROVE): null

23-05-2025T22:54:11 - [TEST_STEP][PASSED] - document.setStatus(WAIT_APPROVE): null

23-05-2025T22:54:11 - [TEST_STEP][PASSED] - pdfSignScreen.fillInOpinion(document.getComment()): null

23-05-2025T22:54:12 - [TEST_STEP][PASSED] - pdfSignScreen.submitRequest(): null

23-05-2025T22:54:20 - [TEST_STEP][PASSED] - documentInformationScreen.backToHome(): null

23-05-2025T22:54:20 - [TEST_STEP][PASSED] - homeScreen.goToOutComingDocument(): null

23-05-2025T22:54:30 - [TEST_STEP][PASSED] - outComingDocument.viewInformationDocument(document): null

23-05-2025T22:54:31 - [TEST_STEP][PASSED] - documentInformationScreen.checkDocumentTitle(document): Verify equals GUI: Trình ký 1748015579119 - DATA: Trình ký 1748015579119

23-05-2025T22:54:36 - [MESSAGE][PASSED] - Verify equals GUI: Trình ký 1748015579119 - DATA: Trình ký 1748015579119

23-05-2025T22:54:36 - [TEST_STEP][PASSED] - documentInformationScreen.checkSender(document): Verify equals GUI: Auto Test User 1 - DATA: Auto Test User 1

23-05-2025T22:54:36 - [MESSAGE][PASSED] - Verify equals GUI: Auto Test User 1 - DATA: Auto Test User 1

23-05-2025T22:54:36 - [TEST_STEP][PASSED] - documentInformationScreen.checkStatus(document): Verify equals GUI: Chờ giám sát phê duyệt - DATA: Chờ giám sát phê duyệt

23-05-2025T22:54:36 - [MESSAGE][PASSED] - Verify equals GUI: Chờ giám sát phê duyệt - DATA: Chờ giám sát phê duyệt

23-05-2025T22:54:36 - [TEST_STEP][PASSED] - documentInformationScreen.checkFinishDate(document): Verify equals GUI: 24/05/2025 - DATA: 24/05/2025

23-05-2025T22:54:36 - [MESSAGE][PASSED] - Verify equals GUI: 24/05/2025 - DATA: 24/05/2025

23-05-2025T22:54:36 - [TEST_STEP][PASSED] - documentInformationScreen.checkPriority(document): Verify equals GUI: Bình thường - DATA: Bình thường

23-05-2025T22:54:37 - [MESSAGE][PASSED] - Verify equals GUI: Bình thường - DATA: Bình thường

23-05-2025T22:54:37 - [TEST_STEP][PASSED] - documentInformationScreen.checkDescription(document): Verify equals GUI: 003 TAO YEU CAU KHONG CO ASSIGNER - DATA: 003 TAO YEU CAU KHONG CO ASSIGNER

23-05-2025T22:54:37 - [MESSAGE][PASSED] - Verify equals GUI: 003 TAO YEU CAU KHONG CO ASSIGNER - DATA: 003 TAO YEU CAU KHONG CO ASSIGNER

23-05-2025T22:54:37 - [TEST_STEP][PASSED] - documentInformationScreen.checkAssigner(document): Verify contains GUI: auto2@hdbank.com.vn - DATA: auto2@hdbank.com.vn

23-05-2025T22:54:38 - [MESSAGE][PASSED] - Verify contains GUI: auto2@hdbank.com.vn - DATA: auto2@hdbank.com.vn

23-05-2025T22:54:38 - [TEST_STEP][PASSED] - documentInformationScreen.checkPresentFileName(document): Verify contains GUI: dummy_20250523225338.ozd - DATA: dummy

23-05-2025T22:54:39 - [MESSAGE][PASSED] - Verify contains GUI: dummy_20250523225338.ozd - DATA: dummy

23-05-2025T22:54:39 - [TEST_STEP][PASSED] - documentInformationScreen.checkAttachFileName(document): Expected true condition

23-05-2025T22:54:41 - [MESSAGE][PASSED] - Expected true condition

23-05-2025T22:54:41 - [TEST_STEP][PASSED] - documentInformationScreen.backToHome(): null

23-05-2025T22:54:46 - [TEST_STEP][PASSED] - outComingDocument.checkItemInDocument(): null

23-05-2025T22:54:46 - [TEST_STEP][PASSED] - homeScreen.logout(): null

23-05-2025T22:54:54 - [TEST_STEP][PASSED] - document.setAssigner(auto5): null

23-05-2025T22:54:54 - [TEST_STEP][PASSED] - loginScreen.login(auto6): null

23-05-2025T22:55:02 - [TEST_STEP][PASSED] - homeScreen.goToIncomingDocument(): null

23-05-2025T22:55:02 - [TEST_STEP][PASSED] - inComingDocument.viewInformationDocument(document): View document Trình ký 1748015579119

23-05-2025T22:55:02 - [MESSAGE][INFO] - View document Trình ký 1748015579119

23-05-2025T22:55:09 - [TEST_STEP][PASSED] - documentInformationScreen.checkDocumentTitle(document): Verify equals GUI: Trình ký 1748015579119 - DATA: Trình ký 1748015579119

23-05-2025T22:55:09 - [MESSAGE][PASSED] - Verify equals GUI: Trình ký 1748015579119 - DATA: Trình ký 1748015579119

23-05-2025T22:55:09 - [TEST_STEP][PASSED] - documentInformationScreen.checkSender(document): Verify equals GUI: Auto Test User 1 - DATA: Auto Test User 1

23-05-2025T22:55:09 - [MESSAGE][PASSED] - Verify equals GUI: Auto Test User 1 - DATA: Auto Test User 1

23-05-2025T22:55:09 - [TEST_STEP][PASSED] - documentInformationScreen.checkStatus(document): Verify equals GUI: Chờ giám sát phê duyệt - DATA: Chờ giám sát phê duyệt

23-05-2025T22:55:09 - [MESSAGE][PASSED] - Verify equals GUI: Chờ giám sát phê duyệt - DATA: Chờ giám sát phê duyệt

23-05-2025T22:55:09 - [TEST_STEP][PASSED] - documentInformationScreen.checkFinishDate(document): Verify equals GUI: 24/05/2025 - DATA: 24/05/2025

23-05-2025T22:55:09 - [MESSAGE][PASSED] - Verify equals GUI: 24/05/2025 - DATA: 24/05/2025

23-05-2025T22:55:09 - [TEST_STEP][PASSED] - documentInformationScreen.checkPriority(document): Verify equals GUI: Bình thường - DATA: Bình thường

23-05-2025T22:55:10 - [MESSAGE][PASSED] - Verify equals GUI: Bình thường - DATA: Bình thường

23-05-2025T22:55:10 - [TEST_STEP][PASSED] - documentInformationScreen.checkDescription(document): Verify equals GUI: 003 TAO YEU CAU KHONG CO ASSIGNER - DATA: 003 TAO YEU CAU KHONG CO ASSIGNER

23-05-2025T22:55:10 - [MESSAGE][PASSED] - Verify equals GUI: 003 TAO YEU CAU KHONG CO ASSIGNER - DATA: 003 TAO YEU CAU KHONG CO ASSIGNER

23-05-2025T22:55:10 - [TEST_STEP][PASSED] - documentInformationScreen.checkAssigner(document): Verify contains GUI: auto1@hdbank.com.vn - DATA: auto1@hdbank.com.vn

23-05-2025T22:55:11 - [MESSAGE][PASSED] - Verify contains GUI: auto1@hdbank.com.vn - DATA: auto1@hdbank.com.vn

23-05-2025T22:55:11 - [TEST_STEP][PASSED] - documentInformationScreen.checkPresentFileName(document): Verify contains GUI: dummy_20250523225338.ozd - DATA: dummy

23-05-2025T22:55:12 - [MESSAGE][PASSED] - Verify contains GUI: dummy_20250523225338.ozd - DATA: dummy

23-05-2025T22:55:12 - [TEST_STEP][PASSED] - documentInformationScreen.checkAttachFileName(document): Expected true condition

23-05-2025T22:55:14 - [MESSAGE][PASSED] - Expected true condition

23-05-2025T22:55:14 - [TEST_STEP][PASSED] - documentInformationScreen.backToHome(): null

23-05-2025T22:55:19 - [TEST_STEP][PASSED] - inComingDocument.checkItemInDocument(): null

23-05-2025T22:55:19 - [TEST_STEP][PASSED] - homeScreen.logout(): null

23-05-2025T22:55:27 - [TEST_STEP][PASSED] - document.setAssigner(auto6): null

23-05-2025T22:55:27 - [TEST_STEP][PASSED] - loginScreen.login(auto7): null

23-05-2025T22:55:36 - [TEST_STEP][PASSED] - homeScreen.goToIncomingDocument(): null

23-05-2025T22:55:36 - [TEST_STEP][PASSED] - inComingDocument.goToRelatedDocument(): null

23-05-2025T22:55:37 - [TEST_STEP][PASSED] - relatedDocumentScreen.viewInformationDocument(document): null

23-05-2025T22:55:46 - [TEST_STEP][PASSED] - documentInformationScreen.checkDocumentTitle(document): Verify equals GUI: Trình ký 1748015579119 - DATA: Trình ký 1748015579119

23-05-2025T22:55:51 - [MESSAGE][PASSED] - Verify equals GUI: Trình ký 1748015579119 - DATA: Trình ký 1748015579119

23-05-2025T22:55:51 - [TEST_STEP][PASSED] - documentInformationScreen.checkSender(document): Verify equals GUI: Auto Test User 1 - DATA: Auto Test User 1

23-05-2025T22:55:51 - [MESSAGE][PASSED] - Verify equals GUI: Auto Test User 1 - DATA: Auto Test User 1

23-05-2025T22:55:51 - [TEST_STEP][PASSED] - documentInformationScreen.checkStatus(document): Verify equals GUI: Chờ giám sát phê duyệt - DATA: Chờ giám sát phê duyệt

23-05-2025T22:55:52 - [MESSAGE][PASSED] - Verify equals GUI: Chờ giám sát phê duyệt - DATA: Chờ giám sát phê duyệt

23-05-2025T22:55:52 - [TEST_STEP][PASSED] - documentInformationScreen.checkFinishDate(document): Verify equals GUI: 24/05/2025 - DATA: 24/05/2025

23-05-2025T22:55:52 - [MESSAGE][PASSED] - Verify equals GUI: 24/05/2025 - DATA: 24/05/2025

23-05-2025T22:55:52 - [TEST_STEP][PASSED] - documentInformationScreen.checkPriority(document): Verify equals GUI: Bình thường - DATA: Bình thường

23-05-2025T22:55:52 - [MESSAGE][PASSED] - Verify equals GUI: Bình thường - DATA: Bình thường

23-05-2025T22:55:52 - [TEST_STEP][PASSED] - documentInformationScreen.checkDescription(document): Verify equals GUI: 003 TAO YEU CAU KHONG CO ASSIGNER - DATA: 003 TAO YEU CAU KHONG CO ASSIGNER

23-05-2025T22:55:52 - [MESSAGE][PASSED] - Verify equals GUI: 003 TAO YEU CAU KHONG CO ASSIGNER - DATA: 003 TAO YEU CAU KHONG CO ASSIGNER

23-05-2025T22:55:52 - [TEST_STEP][PASSED] - documentInformationScreen.checkAssigner(document): Verify contains GUI: auto2@hdbank.com.vn - DATA: auto2@hdbank.com.vn

23-05-2025T22:55:53 - [MESSAGE][PASSED] - Verify contains GUI: auto2@hdbank.com.vn - DATA: auto2@hdbank.com.vn

23-05-2025T22:55:53 - [TEST_STEP][PASSED] - documentInformationScreen.checkPresentFileName(document): Verify contains GUI: dummy_20250523225338.ozd - DATA: dummy

23-05-2025T22:56:01 - [MESSAGE][PASSED] - Verify contains GUI: dummy_20250523225338.ozd - DATA: dummy

23-05-2025T22:56:01 - [TEST_STEP][PASSED] - documentInformationScreen.checkAttachFileName(document): Expected true condition

23-05-2025T22:56:02 - [MESSAGE][PASSED] - Expected true condition

23-05-2025T22:56:02 - [TEST_STEP][PASSED] - documentInformationScreen.checkUserCannotEditDocument(): Check user can not edit document

23-05-2025T22:56:14 - [MESSAGE][PASSED] - Check user can not edit document

23-05-2025T22:56:14 - [TEST_STEP][PASSED] - documentInformationScreen.backToHome(): null

23-05-2025T22:56:18 - [TEST_STEP][PASSED] - Start listener action : afterTest: null

23-05-2025T22:56:18 - [TEST_STEP][PASSED] - if (testCaseStatus != "PASSED"): null

23-05-2025T22:56:18 - [TEST_STEP][PASSED] - drivers.Driver.closeApp(): drivers.Driver.closeApp is PASSED

23-05-2025T22:56:19 - [MESSAGE][PASSED] - drivers.Driver.closeApp is PASSED

23-05-2025T22:56:19 - [TEST_STEP][PASSED] - if (tsContext == null): null]]></system-out>
         <system-err><![CDATA[]]></system-err>
      </testcase>
      <testcase name="Test Cases/IPAPER APP/004 TAO YEU CAU LAY Y KIEN_1 NGUOI" time="142.16" classname="Test Cases/IPAPER APP/004 TAO YEU CAU LAY Y KIEN_1 NGUOI" status="PASSED">
         <system-out><![CDATA[23-05-2025T22:56:19 - [TEST_CASE][PASSED] - Test Cases/IPAPER APP/004 TAO YEU CAU LAY Y KIEN_1 NGUOI: Test Cases/IPAPER APP/004 TAO YEU CAU LAY Y KIEN_1 NGUOI

23-05-2025T22:56:19 - [TEST_STEP][PASSED] - Start listener action : beforeTest: drivers.Driver.openApp is PASSED

23-05-2025T22:56:19 - [TEST_STEP][PASSED] - DataTest.init(): null

23-05-2025T22:56:19 - [TEST_STEP][PASSED] - testCaseId = split("/").last(): null

23-05-2025T22:56:19 - [TEST_STEP][PASSED] - if (!(drivers.Driver.isAppiumRunning())): drivers.Driver.isAppiumRunning is PASSED

23-05-2025T22:56:19 - [MESSAGE][INFO] - Appium running: true

23-05-2025T22:56:19 - [MESSAGE][PASSED] - drivers.Driver.isAppiumRunning is PASSED

23-05-2025T22:56:19 - [TEST_STEP][PASSED] - if (driver == null || driver.getSessionId() == null): null

23-05-2025T22:56:19 - [TEST_STEP][PASSED] - drivers.Driver.openApp(): drivers.Driver.openApp is PASSED

23-05-2025T22:56:21 - [MESSAGE][PASSED] - drivers.Driver.openApp is PASSED

23-05-2025T22:56:21 - [TEST_STEP][PASSED] - REQUEST_NAME = "Trình ký PDF có sẵn": null

23-05-2025T22:56:21 - [TEST_STEP][PASSED] - USER_CREATE_COMMENT = "Commented by user create document": null

23-05-2025T22:56:21 - [TEST_STEP][PASSED] - ASSIGNER_COMMENT = "Comment by assigner": null

23-05-2025T22:56:21 - [TEST_STEP][PASSED] - documentTitle = "Trình ký " + System.currentTimeMillis(): null

23-05-2025T22:56:21 - [TEST_STEP][PASSED] - auto5 = DataTest.getUserTest5(): null

23-05-2025T22:56:21 - [TEST_STEP][PASSED] - auto6 = DataTest.getUserTest6(): null

23-05-2025T22:56:21 - [TEST_STEP][PASSED] - document = DataTest.createDocumentTest(auto5, auto6, null, "dummy.pdf", "dummy.pdf"): null

23-05-2025T22:56:21 - [TEST_STEP][PASSED] - loginScreen.login(auto5): null

23-05-2025T22:56:29 - [TEST_STEP][PASSED] - homeScreen.openRequestList(): null

23-05-2025T22:56:34 - [TEST_STEP][PASSED] - homeScreen.createRequest(REQUEST_NAME): null

23-05-2025T22:56:39 - [TEST_STEP][PASSED] - pdfSignScreen.fillInTitle(document.getTitle()): null

23-05-2025T22:56:42 - [TEST_STEP][PASSED] - pdfSignScreen.selectPriority(document.getPriority()): null

23-05-2025T22:56:44 - [TEST_STEP][PASSED] - pdfSignScreen.selectTime(document.getTime()): null

23-05-2025T22:56:47 - [TEST_STEP][PASSED] - pdfSignScreen.fillInDescription(document.getDescription()): null

23-05-2025T22:56:49 - [TEST_STEP][PASSED] - pdfSignScreen.selectAssigner(getAssigner().getEmail()): null

23-05-2025T22:56:54 - [TEST_STEP][PASSED] - pdfSignScreen.openMainFileBrowser(): null

23-05-2025T22:56:59 - [TEST_STEP][PASSED] - fileBrowserScreen.attachFile(document.getMainFileName()): null

23-05-2025T22:57:09 - [TEST_STEP][PASSED] - pdfSignScreen.openSubFileBrowser(): null

23-05-2025T22:57:09 - [TEST_STEP][PASSED] - fileBrowserScreen.attachFile(document.getSubFileName()): null

23-05-2025T22:57:18 - [TEST_STEP][PASSED] - pdfSignScreen.performAction(SEND_WITH_COMENT): null

23-05-2025T22:57:21 - [TEST_STEP][PASSED] - pdfSignScreen.fillInOpinion(USER_CREATE_COMMENT): null

23-05-2025T22:57:22 - [TEST_STEP][PASSED] - pdfSignScreen.submitRequest(): null

23-05-2025T22:57:30 - [TEST_STEP][PASSED] - documentInformationScreen.backToHome(): null

23-05-2025T22:57:30 - [TEST_STEP][PASSED] - homeScreen.logout(): null

23-05-2025T22:57:39 - [TEST_STEP][PASSED] - document.setStatus(WAIT_GET_COMMENT): null

23-05-2025T22:57:39 - [TEST_STEP][PASSED] - document.setAssigner(auto5): null

23-05-2025T22:57:39 - [TEST_STEP][PASSED] - loginScreen.login(auto6): null

23-05-2025T22:57:48 - [TEST_STEP][PASSED] - homeScreen.goToIncomingDocument(): null

23-05-2025T22:57:48 - [TEST_STEP][PASSED] - inComingDocument.viewInformationDocument(document): View document Trình ký 1748015781896

23-05-2025T22:57:48 - [MESSAGE][INFO] - View document Trình ký 1748015781896

23-05-2025T22:57:55 - [TEST_STEP][PASSED] - documentInformationScreen.checkDocumentTitle(document): Verify equals GUI: Trình ký 1748015781896 - DATA: Trình ký 1748015781896

23-05-2025T22:57:55 - [MESSAGE][PASSED] - Verify equals GUI: Trình ký 1748015781896 - DATA: Trình ký 1748015781896

23-05-2025T22:57:55 - [TEST_STEP][PASSED] - documentInformationScreen.checkSender(document): Verify equals GUI: Auto Test User 1 - DATA: Auto Test User 1

23-05-2025T22:57:55 - [MESSAGE][PASSED] - Verify equals GUI: Auto Test User 1 - DATA: Auto Test User 1

23-05-2025T22:57:55 - [TEST_STEP][PASSED] - documentInformationScreen.checkStatus(document): Verify equals GUI: Chờ lấy ý kiến - DATA: Chờ lấy ý kiến

23-05-2025T22:57:55 - [MESSAGE][PASSED] - Verify equals GUI: Chờ lấy ý kiến - DATA: Chờ lấy ý kiến

23-05-2025T22:57:55 - [TEST_STEP][PASSED] - documentInformationScreen.checkCreateDate(): Verify equals GUI: 23/05/2025 - DATA: 23/05/2025

23-05-2025T22:57:55 - [MESSAGE][PASSED] - Verify equals GUI: 23/05/2025 - DATA: 23/05/2025

23-05-2025T22:57:55 - [TEST_STEP][PASSED] - documentInformationScreen.checkFinishDate(document): Verify equals GUI: 24/05/2025 - DATA: 24/05/2025

23-05-2025T22:57:55 - [MESSAGE][PASSED] - Verify equals GUI: 24/05/2025 - DATA: 24/05/2025

23-05-2025T22:57:55 - [TEST_STEP][PASSED] - documentInformationScreen.checkPriority(document): Verify equals GUI: Bình thường - DATA: Bình thường

23-05-2025T22:57:56 - [MESSAGE][PASSED] - Verify equals GUI: Bình thường - DATA: Bình thường

23-05-2025T22:57:56 - [TEST_STEP][PASSED] - documentInformationScreen.checkDescription(document): Verify equals GUI: 004 TAO YEU CAU LAY Y KIEN_1 NGUOI - DATA: 004 TAO YEU CAU LAY Y KIEN_1 NGUOI

23-05-2025T22:57:56 - [MESSAGE][PASSED] - Verify equals GUI: 004 TAO YEU CAU LAY Y KIEN_1 NGUOI - DATA: 004 TAO YEU CAU LAY Y KIEN_1 NGUOI

23-05-2025T22:57:56 - [TEST_STEP][PASSED] - documentInformationScreen.checkAssigner(document): Verify contains GUI: auto1@hdbank.com.vn - DATA: auto1@hdbank.com.vn

23-05-2025T22:57:57 - [MESSAGE][PASSED] - Verify contains GUI: auto1@hdbank.com.vn - DATA: auto1@hdbank.com.vn

23-05-2025T22:57:57 - [TEST_STEP][PASSED] - documentInformationScreen.checkPresentFileName(document): Verify contains GUI: dummy_20250523225710.ozd - DATA: dummy

23-05-2025T22:57:58 - [MESSAGE][PASSED] - Verify contains GUI: dummy_20250523225710.ozd - DATA: dummy

23-05-2025T22:57:58 - [TEST_STEP][PASSED] - documentInformationScreen.checkAttachFileName(document): Expected true condition

23-05-2025T22:58:01 - [MESSAGE][PASSED] - Expected true condition

23-05-2025T22:58:01 - [TEST_STEP][PASSED] - documentInformationScreen.performAction(document, COMMENT, ASSIGNER_COMMENT): null

23-05-2025T22:58:10 - [TEST_STEP][PASSED] - documentInformationScreen.backToHome(): null

23-05-2025T22:58:10 - [TEST_STEP][PASSED] - document.setSender(auto6): null

23-05-2025T22:58:10 - [TEST_STEP][PASSED] - inComingDocument.checkItemInDocument(): null

23-05-2025T22:58:10 - [TEST_STEP][PASSED] - homeScreen.goToOutComingDocument(): null

23-05-2025T22:58:20 - [TEST_STEP][PASSED] - outComingDocument.viewInformationDocument(document): null

23-05-2025T22:58:21 - [TEST_STEP][PASSED] - documentInformationScreen.checkDocumentTitle(document): Verify equals GUI: Trình ký 1748015781896 - DATA: Trình ký 1748015781896

23-05-2025T22:58:26 - [MESSAGE][PASSED] - Verify equals GUI: Trình ký 1748015781896 - DATA: Trình ký 1748015781896

23-05-2025T22:58:26 - [TEST_STEP][PASSED] - documentInformationScreen.checkSender(document): Verify equals GUI: Auto Test User 2 - DATA: Auto Test User 2

23-05-2025T22:58:26 - [MESSAGE][PASSED] - Verify equals GUI: Auto Test User 2 - DATA: Auto Test User 2

23-05-2025T22:58:26 - [TEST_STEP][PASSED] - documentInformationScreen.checkStatus(document): Verify equals GUI: Đã lấy ý kiến - DATA: Đã lấy ý kiến

23-05-2025T22:58:26 - [MESSAGE][PASSED] - Verify equals GUI: Đã lấy ý kiến - DATA: Đã lấy ý kiến

23-05-2025T22:58:26 - [TEST_STEP][PASSED] - documentInformationScreen.checkCreateDate(): Verify equals GUI: 23/05/2025 - DATA: 23/05/2025

23-05-2025T22:58:26 - [MESSAGE][PASSED] - Verify equals GUI: 23/05/2025 - DATA: 23/05/2025

23-05-2025T22:58:26 - [TEST_STEP][PASSED] - documentInformationScreen.checkFinishDate(document): Verify equals GUI: 24/05/2025 - DATA: 24/05/2025

23-05-2025T22:58:26 - [MESSAGE][PASSED] - Verify equals GUI: 24/05/2025 - DATA: 24/05/2025

23-05-2025T22:58:26 - [TEST_STEP][PASSED] - documentInformationScreen.checkPriority(document): Verify equals GUI: Bình thường - DATA: Bình thường

23-05-2025T22:58:27 - [MESSAGE][PASSED] - Verify equals GUI: Bình thường - DATA: Bình thường

23-05-2025T22:58:27 - [TEST_STEP][PASSED] - documentInformationScreen.checkDescription(document): Verify equals GUI: 004 TAO YEU CAU LAY Y KIEN_1 NGUOI - DATA: 004 TAO YEU CAU LAY Y KIEN_1 NGUOI

23-05-2025T22:58:27 - [MESSAGE][PASSED] - Verify equals GUI: 004 TAO YEU CAU LAY Y KIEN_1 NGUOI - DATA: 004 TAO YEU CAU LAY Y KIEN_1 NGUOI

23-05-2025T22:58:27 - [TEST_STEP][PASSED] - documentInformationScreen.isAssignerDisplayed(): Check sender not displayed

23-05-2025T22:58:30 - [MESSAGE][PASSED] - Check sender not displayed

23-05-2025T22:58:30 - [TEST_STEP][PASSED] - documentInformationScreen.checkPresentFileName(document): Verify contains GUI: dummy_20250523225710.ozd - DATA: dummy

23-05-2025T22:58:31 - [MESSAGE][PASSED] - Verify contains GUI: dummy_20250523225710.ozd - DATA: dummy

23-05-2025T22:58:31 - [TEST_STEP][PASSED] - documentInformationScreen.checkAttachFileName(document): Expected true condition

23-05-2025T22:58:33 - [MESSAGE][PASSED] - Expected true condition

23-05-2025T22:58:33 - [TEST_STEP][PASSED] - documentInformationScreen.checkComment(auto6, ASSIGNER_COMMENT): Check comment of Auto Test User 2 is Comment by assigner

23-05-2025T22:58:34 - [MESSAGE][INFO] - GUI COMMENT: Comment by assigner - DATA COMMENT: Comment by assigner

23-05-2025T22:58:34 - [MESSAGE][PASSED] - Check comment of Auto Test User 2 is Comment by assigner

23-05-2025T22:58:34 - [TEST_STEP][PASSED] - documentInformationScreen.checkComment(auto5, USER_CREATE_COMMENT): Check comment of Auto Test User 1 is Commented by user create document

23-05-2025T22:58:36 - [MESSAGE][INFO] - GUI COMMENT: Commented by user create document - DATA COMMENT: Commented by user create document

23-05-2025T22:58:36 - [MESSAGE][PASSED] - Check comment of Auto Test User 1 is Commented by user create document

23-05-2025T22:58:36 - [TEST_STEP][PASSED] - documentInformationScreen.backToHome(): null

23-05-2025T22:58:40 - [TEST_STEP][PASSED] - inComingDocument.checkItemInDocument(): null

23-05-2025T22:58:40 - [TEST_STEP][PASSED] - Start listener action : afterTest: null

23-05-2025T22:58:40 - [TEST_STEP][PASSED] - if (testCaseStatus != "PASSED"): null

23-05-2025T22:58:40 - [TEST_STEP][PASSED] - drivers.Driver.closeApp(): drivers.Driver.closeApp is PASSED

23-05-2025T22:58:41 - [MESSAGE][PASSED] - drivers.Driver.closeApp is PASSED

23-05-2025T22:58:41 - [TEST_STEP][PASSED] - if (tsContext == null): null]]></system-out>
         <system-err><![CDATA[]]></system-err>
      </testcase>
      <testcase name="Test Cases/IPAPER APP/005 TAO YEU CAU LAY Y KIEN_NHIEU NGUOI" time="49.41" classname="Test Cases/IPAPER APP/005 TAO YEU CAU LAY Y KIEN_NHIEU NGUOI" status="ERROR">
         <error type="ERROR" message="Test Cases/IPAPER APP/005 TAO YEU CAU LAY Y KIEN_NHIEU NGUOI FAILED.&#xa;Reason:&#xa;org.openqa.selenium.NoSuchElementException: An element could not be located on the page using the given search parameters.&#xa;For documentation on this error, please visit: https://www.seleniumhq.org/exceptions/no_such_element.html&#xa;Build info: version: '3.141.59', revision: 'unknown', time: 'unknown'&#xa;System info: host: '192.168.30.108', ip: 'fe80:0:0:0:857:c3df:d699:1dc0%en0', os.name: 'Mac OS X', os.arch: 'aarch64', os.version: '15.5', java.version: '17.0.7'&#xa;Driver info: com.kms.katalon.core.appium.driver.SwipeableAndroidDriver&#xa;Capabilities {automationName: UiAutomator2, databaseEnabled: false, desired: {automationName: UiAutomator2, deviceName: af0c5cf7, noReset: true, platformName: android, waitForIdleTimeout: 3000}, deviceApiLevel: 35, deviceManufacturer: OPPO, deviceModel: CPH2699, deviceName: af0c5cf7, deviceScreenDensity: 480, deviceScreenSize: 1080x2400, deviceUDID: af0c5cf7, javascriptEnabled: true, locationContextEnabled: false, networkConnectionEnabled: true, noReset: true, pixelRatio: 3, platform: LINUX, platformName: Android, platformVersion: 15, statBarHeight: 120, takesScreenshot: true, viewportRect: {height: 2280, left: 0, top: 120, width: 1080}, waitForIdleTimeout: 3000, warnings: {}, webStorageEnabled: false}&#xa;Session ID: 62e5b862-d2c0-4dcf-ad05-c0bce164dcf0&#xa;*** Element info: {Using=xpath, value=//android.widget.RelativeLayout[@resource-id='com.hdbank.ipaper:id/layout_home_bar']}&#xa;	at java.base/jdk.internal.reflect.NativeConstructorAccessorImpl.newInstance0(Native Method)&#xa;	at java.base/jdk.internal.reflect.NativeConstructorAccessorImpl.newInstance(NativeConstructorAccessorImpl.java:77)&#xa;	at java.base/jdk.internal.reflect.DelegatingConstructorAccessorImpl.newInstance(DelegatingConstructorAccessorImpl.java:45)&#xa;	at org.openqa.selenium.remote.http.W3CHttpResponseCodec.createException(W3CHttpResponseCodec.java:187)&#xa;	at org.openqa.selenium.remote.http.W3CHttpResponseCodec.decode(W3CHttpResponseCodec.java:122)&#xa;	at org.openqa.selenium.remote.http.W3CHttpResponseCodec.decode(W3CHttpResponseCodec.java:49)&#xa;	at org.openqa.selenium.remote.HttpCommandExecutor.execute(HttpCommandExecutor.java:158)&#xa;	at io.appium.java_client.remote.AppiumCommandExecutor.execute(AppiumCommandExecutor.java:239)&#xa;	at org.openqa.selenium.remote.RemoteWebDriver.execute(RemoteWebDriver.java:552)&#xa;	at io.appium.java_client.DefaultGenericMobileDriver.execute(DefaultGenericMobileDriver.java:42)&#xa;	at io.appium.java_client.AppiumDriver.execute(AppiumDriver.java:1)&#xa;	at io.appium.java_client.android.AndroidDriver.execute(AndroidDriver.java:1)&#xa;	at com.kms.katalon.core.appium.driver.SwipeableAndroidDriver.execute(SwipeableAndroidDriver.java:1)&#xa;	at org.openqa.selenium.remote.RemoteWebDriver.findElement(RemoteWebDriver.java:323)&#xa;	at io.appium.java_client.DefaultGenericMobileDriver.findElement(DefaultGenericMobileDriver.java:62)&#xa;	at io.appium.java_client.AppiumDriver.findElement(AppiumDriver.java:1)&#xa;	at io.appium.java_client.android.AndroidDriver.findElement(AndroidDriver.java:1)&#xa;	at com.kms.katalon.core.appium.driver.SwipeableAndroidDriver.findElement(SwipeableAndroidDriver.java:1)&#xa;	at org.openqa.selenium.remote.RemoteWebDriver.findElementByXPath(RemoteWebDriver.java:428)&#xa;	at io.appium.java_client.DefaultGenericMobileDriver.findElementByXPath(DefaultGenericMobileDriver.java:152)&#xa;	at io.appium.java_client.AppiumDriver.findElementByXPath(AppiumDriver.java:1)&#xa;	at io.appium.java_client.android.AndroidDriver.findElementByXPath(AndroidDriver.java:1)&#xa;	at com.kms.katalon.core.appium.driver.SwipeableAndroidDriver.findElementByXPath(SwipeableAndroidDriver.java:1)&#xa;	at org.openqa.selenium.By$ByXPath.findElement(By.java:353)&#xa;	at org.openqa.selenium.remote.RemoteWebDriver.findElement(RemoteWebDriver.java:315)&#xa;	at io.appium.java_client.DefaultGenericMobileDriver.findElement(DefaultGenericMobileDriver.java:58)&#xa;	at io.appium.java_client.AppiumDriver.findElement(AppiumDriver.java:1)&#xa;	at io.appium.java_client.android.AndroidDriver.findElement(AndroidDriver.java:1)&#xa;	at com.kms.katalon.core.appium.driver.SwipeableAndroidDriver.findElement(SwipeableAndroidDriver.java:1)&#xa;	at base.BaseKeyword$Trait$Helper.convertTestObjectToWebElement(BaseKeyword.groovy:406)&#xa;	at screens.HomeScreen.convertTestObjectToWebElement(HomeScreen.groovy)&#xa;	at base.BaseKeyword$Trait$Helper.waitForVisibilityOf(BaseKeyword.groovy:374)&#xa;	at screens.HomeScreen.waitForVisibilityOf(HomeScreen.groovy)&#xa;	at screens.HomeScreen.expandMenu(HomeScreen.groovy:82)&#xa;	at screens.HomeScreen.openRequestList(HomeScreen.groovy:94)&#xa;	at 005 TAO YEU CAU LAY Y KIEN_NHIEU NGUOI.run(005 TAO YEU CAU LAY Y KIEN_NHIEU NGUOI:32)&#xa;	at com.kms.katalon.core.main.ScriptEngine.run(ScriptEngine.java:194)&#xa;	at com.kms.katalon.core.main.ScriptEngine.runScriptAsRawText(ScriptEngine.java:119)&#xa;	at com.kms.katalon.core.main.TestCaseExecutor.runScript(TestCaseExecutor.java:448)&#xa;	at com.kms.katalon.core.main.TestCaseExecutor.doExecute(TestCaseExecutor.java:439)&#xa;	at com.kms.katalon.core.main.TestCaseExecutor.processExecutionPhase(TestCaseExecutor.java:418)&#xa;	at com.kms.katalon.core.main.TestCaseExecutor.accessMainPhase(TestCaseExecutor.java:410)&#xa;	at com.kms.katalon.core.main.TestCaseExecutor.execute(TestCaseExecutor.java:285)&#xa;	at com.kms.katalon.core.main.TestCaseExecutor.execute(TestCaseExecutor.java:369)&#xa;	at com.kms.katalon.core.main.TestCaseExecutor.execute(TestCaseExecutor.java:369)&#xa;	at com.kms.katalon.core.main.TestCaseExecutor.execute(TestCaseExecutor.java:369)&#xa;	at com.kms.katalon.core.common.CommonExecutor.accessTestCaseMainPhase(CommonExecutor.java:65)&#xa;	at com.kms.katalon.core.main.TestSuiteExecutor.accessTestSuiteMainPhase(TestSuiteExecutor.java:150)&#xa;	at com.kms.katalon.core.main.TestSuiteExecutor.execute(TestSuiteExecutor.java:106)&#xa;	at com.kms.katalon.core.main.TestCaseMain.startTestSuite(TestCaseMain.java:180)&#xa;	at TempTestSuite1748015363748.run(TempTestSuite1748015363748.groovy:35)&#xa;	at java.base/jdk.internal.reflect.NativeMethodAccessorImpl.invoke0(Native Method)&#xa;	at java.base/jdk.internal.reflect.NativeMethodAccessorImpl.invoke(NativeMethodAccessorImpl.java:77)&#xa;	at java.base/jdk.internal.reflect.DelegatingMethodAccessorImpl.invoke(DelegatingMethodAccessorImpl.java:43)&#xa;"/>
         <system-out><![CDATA[23-05-2025T23:05:12 - [TEST_CASE][ERROR] - Test Cases/IPAPER APP/005 TAO YEU CAU LAY Y KIEN_NHIEU NGUOI: Test Cases/IPAPER APP/005 TAO YEU CAU LAY Y KIEN_NHIEU NGUOI FAILED.
Reason:
org.openqa.selenium.NoSuchElementException: An element could not be located on the page using the given search parameters.
For documentation on this error, please visit: https://www.seleniumhq.org/exceptions/no_such_element.html
Build info: version: '3.141.59', revision: 'unknown', time: 'unknown'
System info: host: '192.168.30.108', ip: 'fe80:0:0:0:857:c3df:d699:1dc0%en0', os.name: 'Mac OS X', os.arch: 'aarch64', os.version: '15.5', java.version: '17.0.7'
Driver info: com.kms.katalon.core.appium.driver.SwipeableAndroidDriver
Capabilities {automationName: UiAutomator2, databaseEnabled: false, desired: {automationName: UiAutomator2, deviceName: af0c5cf7, noReset: true, platformName: android, waitForIdleTimeout: 3000}, deviceApiLevel: 35, deviceManufacturer: OPPO, deviceModel: CPH2699, deviceName: af0c5cf7, deviceScreenDensity: 480, deviceScreenSize: 1080x2400, deviceUDID: af0c5cf7, javascriptEnabled: true, locationContextEnabled: false, networkConnectionEnabled: true, noReset: true, pixelRatio: 3, platform: LINUX, platformName: Android, platformVersion: 15, statBarHeight: 120, takesScreenshot: true, viewportRect: {height: 2280, left: 0, top: 120, width: 1080}, waitForIdleTimeout: 3000, warnings: {}, webStorageEnabled: false}
Session ID: 62e5b862-d2c0-4dcf-ad05-c0bce164dcf0
*** Element info: {Using=xpath, value=//android.widget.RelativeLayout[@resource-id='com.hdbank.ipaper:id/layout_home_bar']}
	at java.base/jdk.internal.reflect.NativeConstructorAccessorImpl.newInstance0(Native Method)
	at java.base/jdk.internal.reflect.NativeConstructorAccessorImpl.newInstance(NativeConstructorAccessorImpl.java:77)
	at java.base/jdk.internal.reflect.DelegatingConstructorAccessorImpl.newInstance(DelegatingConstructorAccessorImpl.java:45)
	at org.openqa.selenium.remote.http.W3CHttpResponseCodec.createException(W3CHttpResponseCodec.java:187)
	at org.openqa.selenium.remote.http.W3CHttpResponseCodec.decode(W3CHttpResponseCodec.java:122)
	at org.openqa.selenium.remote.http.W3CHttpResponseCodec.decode(W3CHttpResponseCodec.java:49)
	at org.openqa.selenium.remote.HttpCommandExecutor.execute(HttpCommandExecutor.java:158)
	at io.appium.java_client.remote.AppiumCommandExecutor.execute(AppiumCommandExecutor.java:239)
	at org.openqa.selenium.remote.RemoteWebDriver.execute(RemoteWebDriver.java:552)
	at io.appium.java_client.DefaultGenericMobileDriver.execute(DefaultGenericMobileDriver.java:42)
	at io.appium.java_client.AppiumDriver.execute(AppiumDriver.java:1)
	at io.appium.java_client.android.AndroidDriver.execute(AndroidDriver.java:1)
	at com.kms.katalon.core.appium.driver.SwipeableAndroidDriver.execute(SwipeableAndroidDriver.java:1)
	at org.openqa.selenium.remote.RemoteWebDriver.findElement(RemoteWebDriver.java:323)
	at io.appium.java_client.DefaultGenericMobileDriver.findElement(DefaultGenericMobileDriver.java:62)
	at io.appium.java_client.AppiumDriver.findElement(AppiumDriver.java:1)
	at io.appium.java_client.android.AndroidDriver.findElement(AndroidDriver.java:1)
	at com.kms.katalon.core.appium.driver.SwipeableAndroidDriver.findElement(SwipeableAndroidDriver.java:1)
	at org.openqa.selenium.remote.RemoteWebDriver.findElementByXPath(RemoteWebDriver.java:428)
	at io.appium.java_client.DefaultGenericMobileDriver.findElementByXPath(DefaultGenericMobileDriver.java:152)
	at io.appium.java_client.AppiumDriver.findElementByXPath(AppiumDriver.java:1)
	at io.appium.java_client.android.AndroidDriver.findElementByXPath(AndroidDriver.java:1)
	at com.kms.katalon.core.appium.driver.SwipeableAndroidDriver.findElementByXPath(SwipeableAndroidDriver.java:1)
	at org.openqa.selenium.By$ByXPath.findElement(By.java:353)
	at org.openqa.selenium.remote.RemoteWebDriver.findElement(RemoteWebDriver.java:315)
	at io.appium.java_client.DefaultGenericMobileDriver.findElement(DefaultGenericMobileDriver.java:58)
	at io.appium.java_client.AppiumDriver.findElement(AppiumDriver.java:1)
	at io.appium.java_client.android.AndroidDriver.findElement(AndroidDriver.java:1)
	at com.kms.katalon.core.appium.driver.SwipeableAndroidDriver.findElement(SwipeableAndroidDriver.java:1)
	at base.BaseKeyword$Trait$Helper.convertTestObjectToWebElement(BaseKeyword.groovy:406)
	at screens.HomeScreen.convertTestObjectToWebElement(HomeScreen.groovy)
	at base.BaseKeyword$Trait$Helper.waitForVisibilityOf(BaseKeyword.groovy:374)
	at screens.HomeScreen.waitForVisibilityOf(HomeScreen.groovy)
	at screens.HomeScreen.expandMenu(HomeScreen.groovy:82)
	at screens.HomeScreen.openRequestList(HomeScreen.groovy:94)
	at 005 TAO YEU CAU LAY Y KIEN_NHIEU NGUOI.run(005 TAO YEU CAU LAY Y KIEN_NHIEU NGUOI:32)
	at com.kms.katalon.core.main.ScriptEngine.run(ScriptEngine.java:194)
	at com.kms.katalon.core.main.ScriptEngine.runScriptAsRawText(ScriptEngine.java:119)
	at com.kms.katalon.core.main.TestCaseExecutor.runScript(TestCaseExecutor.java:448)
	at com.kms.katalon.core.main.TestCaseExecutor.doExecute(TestCaseExecutor.java:439)
	at com.kms.katalon.core.main.TestCaseExecutor.processExecutionPhase(TestCaseExecutor.java:418)
	at com.kms.katalon.core.main.TestCaseExecutor.accessMainPhase(TestCaseExecutor.java:410)
	at com.kms.katalon.core.main.TestCaseExecutor.execute(TestCaseExecutor.java:285)
	at com.kms.katalon.core.main.TestCaseExecutor.execute(TestCaseExecutor.java:369)
	at com.kms.katalon.core.main.TestCaseExecutor.execute(TestCaseExecutor.java:369)
	at com.kms.katalon.core.main.TestCaseExecutor.execute(TestCaseExecutor.java:369)
	at com.kms.katalon.core.common.CommonExecutor.accessTestCaseMainPhase(CommonExecutor.java:65)
	at com.kms.katalon.core.main.TestSuiteExecutor.accessTestSuiteMainPhase(TestSuiteExecutor.java:150)
	at com.kms.katalon.core.main.TestSuiteExecutor.execute(TestSuiteExecutor.java:106)
	at com.kms.katalon.core.main.TestCaseMain.startTestSuite(TestCaseMain.java:180)
	at TempTestSuite1748015363748.run(TempTestSuite1748015363748.groovy:35)
	at java.base/jdk.internal.reflect.NativeMethodAccessorImpl.invoke0(Native Method)
	at java.base/jdk.internal.reflect.NativeMethodAccessorImpl.invoke(NativeMethodAccessorImpl.java:77)
	at java.base/jdk.internal.reflect.DelegatingMethodAccessorImpl.invoke(DelegatingMethodAccessorImpl.java:43)


23-05-2025T23:05:12 - [TEST_STEP][ERROR] - Start listener action : beforeTest: com.kms.katalon.core.exception.StepErrorException: org.openqa.selenium.TimeoutException: Expected condition failed: waiting for base.BaseKeyword$Trait$Helper$_waitForPresentOf_closure1@19d118d5 (tried for 30 second(s) with 500 milliseconds interval)
Build info: version: '3.141.59', revision: 'unknown', time: 'unknown'
System info: host: '192.168.30.108', ip: 'fe80:0:0:0:857:c3df:d699:1dc0%en0', os.name: 'Mac OS X', os.arch: 'aarch64', os.version: '15.5', java.version: '17.0.7'
Driver info: com.kms.katalon.core.appium.driver.SwipeableAndroidDriver
Capabilities {automationName: UiAutomator2, databaseEnabled: false, desired: {automationName: UiAutomator2, deviceName: af0c5cf7, noReset: true, platformName: android, waitForIdleTimeout: 3000}, deviceApiLevel: 35, deviceManufacturer: OPPO, deviceModel: CPH2699, deviceName: af0c5cf7, deviceScreenDensity: 480, deviceScreenSize: 1080x2400, deviceUDID: af0c5cf7, javascriptEnabled: true, locationContextEnabled: false, networkConnectionEnabled: true, noReset: true, pixelRatio: 3, platform: LINUX, platformName: Android, platformVersion: 15, statBarHeight: 120, takesScreenshot: true, viewportRect: {height: 2280, left: 0, top: 120, width: 1080}, waitForIdleTimeout: 3000, warnings: {}, webStorageEnabled: false}
Session ID: 62e5b862-d2c0-4dcf-ad05-c0bce164dcf0
	at com.kms.katalon.core.main.CustomKeywordDelegatingMetaClass.throwError(CustomKeywordDelegatingMetaClass.java:101)
	at com.kms.katalon.core.main.CustomKeywordDelegatingMetaClass.invokeStaticMethod(CustomKeywordDelegatingMetaClass.java:73)
	at TestListener.beforeTest(TestListener.groovy:39)
	at java.base/jdk.internal.reflect.NativeMethodAccessorImpl.invoke0(Native Method)
	at java.base/jdk.internal.reflect.NativeMethodAccessorImpl.invoke(NativeMethodAccessorImpl.java:77)
	at java.base/jdk.internal.reflect.DelegatingMethodAccessorImpl.invoke(DelegatingMethodAccessorImpl.java:43)
	at com.kms.katalon.core.context.internal.TestHooker.invokeMethod(TestHooker.java:111)
	at com.kms.katalon.core.context.internal.TestHooker.lambda$3(TestHooker.java:95)
	at com.kms.katalon.core.context.internal.TestHooker.invokeContextMethods(TestHooker.java:94)
	at com.kms.katalon.core.context.internal.TestListenerCollector.lambda$3(TestListenerCollector.java:88)
	at com.kms.katalon.core.context.internal.TestListenerCollector.handleListenerEvent(TestListenerCollector.java:85)
	at com.kms.katalon.core.context.internal.ExecutionEventManager.publicEvent(ExecutionEventManager.java:36)
	at com.kms.katalon.core.main.TestCaseExecutor.execute(TestCaseExecutor.java:268)
	at com.kms.katalon.core.main.TestCaseExecutor.execute(TestCaseExecutor.java:369)
	at com.kms.katalon.core.main.TestCaseExecutor.execute(TestCaseExecutor.java:369)
	at com.kms.katalon.core.main.TestCaseExecutor.execute(TestCaseExecutor.java:369)
	at com.kms.katalon.core.common.CommonExecutor.accessTestCaseMainPhase(CommonExecutor.java:65)
	at com.kms.katalon.core.main.TestSuiteExecutor.accessTestSuiteMainPhase(TestSuiteExecutor.java:150)
	at com.kms.katalon.core.main.TestSuiteExecutor.execute(TestSuiteExecutor.java:106)
	at com.kms.katalon.core.main.TestCaseMain.startTestSuite(TestCaseMain.java:180)
	at TempTestSuite1748015363748.run(TempTestSuite1748015363748.groovy:35)
	at java.base/jdk.internal.reflect.NativeMethodAccessorImpl.invoke0(Native Method)
	at java.base/jdk.internal.reflect.NativeMethodAccessorImpl.invoke(NativeMethodAccessorImpl.java:77)
	at java.base/jdk.internal.reflect.DelegatingMethodAccessorImpl.invoke(DelegatingMethodAccessorImpl.java:43)
Caused by: org.openqa.selenium.TimeoutException: Expected condition failed: waiting for base.BaseKeyword$Trait$Helper$_waitForPresentOf_closure1@19d118d5 (tried for 30 second(s) with 500 milliseconds interval)
Build info: version: '3.141.59', revision: 'unknown', time: 'unknown'
System info: host: '192.168.30.108', ip: 'fe80:0:0:0:857:c3df:d699:1dc0%en0', os.name: 'Mac OS X', os.arch: 'aarch64', os.version: '15.5', java.version: '17.0.7'
Driver info: com.kms.katalon.core.appium.driver.SwipeableAndroidDriver
Capabilities {automationName: UiAutomator2, databaseEnabled: false, desired: {automationName: UiAutomator2, deviceName: af0c5cf7, noReset: true, platformName: android, waitForIdleTimeout: 3000}, deviceApiLevel: 35, deviceManufacturer: OPPO, deviceModel: CPH2699, deviceName: af0c5cf7, deviceScreenDensity: 480, deviceScreenSize: 1080x2400, deviceUDID: af0c5cf7, javascriptEnabled: true, locationContextEnabled: false, networkConnectionEnabled: true, noReset: true, pixelRatio: 3, platform: LINUX, platformName: Android, platformVersion: 15, statBarHeight: 120, takesScreenshot: true, viewportRect: {height: 2280, left: 0, top: 120, width: 1080}, waitForIdleTimeout: 3000, warnings: {}, webStorageEnabled: false}
Session ID: 62e5b862-d2c0-4dcf-ad05-c0bce164dcf0
	at org.openqa.selenium.support.ui.WebDriverWait.timeoutException(WebDriverWait.java:95)
	at org.openqa.selenium.support.ui.FluentWait.until(FluentWait.java:272)
	at base.BaseKeyword$Trait$Helper.waitForPresentOf(BaseKeyword.groovy:344)
	at base.BaseApp.waitForPresentOf(BaseApp.groovy)
	at java.base/jdk.internal.reflect.NativeMethodAccessorImpl.invoke0(Native Method)
	at java.base/jdk.internal.reflect.NativeMethodAccessorImpl.invoke(NativeMethodAccessorImpl.java:77)
	at java.base/jdk.internal.reflect.DelegatingMethodAccessorImpl.invoke(DelegatingMethodAccessorImpl.java:43)
	at base.BaseApp.waitAppLauch(BaseApp.groovy:34)
	at java.base/jdk.internal.reflect.NativeMethodAccessorImpl.invoke0(Native Method)
	at java.base/jdk.internal.reflect.NativeMethodAccessorImpl.invoke(NativeMethodAccessorImpl.java:77)
	at java.base/jdk.internal.reflect.DelegatingMethodAccessorImpl.invoke(DelegatingMethodAccessorImpl.java:43)
	at drivers.Driver.openApp(Driver.groovy:60)
	at java.base/jdk.internal.reflect.NativeMethodAccessorImpl.invoke0(Native Method)
	at java.base/jdk.internal.reflect.NativeMethodAccessorImpl.invoke(NativeMethodAccessorImpl.java:77)
	at java.base/jdk.internal.reflect.DelegatingMethodAccessorImpl.invoke(DelegatingMethodAccessorImpl.java:43)
	at com.kms.katalon.core.main.CustomKeywordDelegatingMetaClass.invokeStaticMethod(CustomKeywordDelegatingMetaClass.java:55)
	... 22 more


23-05-2025T23:05:12 - [TEST_STEP][PASSED] - DataTest.init(): null

23-05-2025T23:05:12 - [TEST_STEP][PASSED] - testCaseId = split("/").last(): null

23-05-2025T23:05:12 - [TEST_STEP][PASSED] - if (!(drivers.Driver.isAppiumRunning())): drivers.Driver.isAppiumRunning is PASSED

23-05-2025T23:05:12 - [MESSAGE][INFO] - Appium running: true

23-05-2025T23:05:12 - [MESSAGE][PASSED] - drivers.Driver.isAppiumRunning is PASSED

23-05-2025T23:05:12 - [TEST_STEP][PASSED] - if (driver == null || driver.getSessionId() == null): null

23-05-2025T23:05:12 - [TEST_STEP][ERROR] - drivers.Driver.openApp(): com.kms.katalon.core.exception.StepErrorException: org.openqa.selenium.TimeoutException: Expected condition failed: waiting for base.BaseKeyword$Trait$Helper$_waitForPresentOf_closure1@19d118d5 (tried for 30 second(s) with 500 milliseconds interval)
Build info: version: '3.141.59', revision: 'unknown', time: 'unknown'
System info: host: '192.168.30.108', ip: 'fe80:0:0:0:857:c3df:d699:1dc0%en0', os.name: 'Mac OS X', os.arch: 'aarch64', os.version: '15.5', java.version: '17.0.7'
Driver info: com.kms.katalon.core.appium.driver.SwipeableAndroidDriver
Capabilities {automationName: UiAutomator2, databaseEnabled: false, desired: {automationName: UiAutomator2, deviceName: af0c5cf7, noReset: true, platformName: android, waitForIdleTimeout: 3000}, deviceApiLevel: 35, deviceManufacturer: OPPO, deviceModel: CPH2699, deviceName: af0c5cf7, deviceScreenDensity: 480, deviceScreenSize: 1080x2400, deviceUDID: af0c5cf7, javascriptEnabled: true, locationContextEnabled: false, networkConnectionEnabled: true, noReset: true, pixelRatio: 3, platform: LINUX, platformName: Android, platformVersion: 15, statBarHeight: 120, takesScreenshot: true, viewportRect: {height: 2280, left: 0, top: 120, width: 1080}, waitForIdleTimeout: 3000, warnings: {}, webStorageEnabled: false}
Session ID: 62e5b862-d2c0-4dcf-ad05-c0bce164dcf0
	at com.kms.katalon.core.main.CustomKeywordDelegatingMetaClass.throwError(CustomKeywordDelegatingMetaClass.java:101)
	at com.kms.katalon.core.main.CustomKeywordDelegatingMetaClass.invokeStaticMethod(CustomKeywordDelegatingMetaClass.java:73)
	at TestListener.beforeTest(TestListener.groovy:39)
	at java.base/jdk.internal.reflect.NativeMethodAccessorImpl.invoke0(Native Method)
	at java.base/jdk.internal.reflect.NativeMethodAccessorImpl.invoke(NativeMethodAccessorImpl.java:77)
	at java.base/jdk.internal.reflect.DelegatingMethodAccessorImpl.invoke(DelegatingMethodAccessorImpl.java:43)
	at com.kms.katalon.core.context.internal.TestHooker.invokeMethod(TestHooker.java:111)
	at com.kms.katalon.core.context.internal.TestHooker.lambda$3(TestHooker.java:95)
	at com.kms.katalon.core.context.internal.TestHooker.invokeContextMethods(TestHooker.java:94)
	at com.kms.katalon.core.context.internal.TestListenerCollector.lambda$3(TestListenerCollector.java:88)
	at com.kms.katalon.core.context.internal.TestListenerCollector.handleListenerEvent(TestListenerCollector.java:85)
	at com.kms.katalon.core.context.internal.ExecutionEventManager.publicEvent(ExecutionEventManager.java:36)
	at com.kms.katalon.core.main.TestCaseExecutor.execute(TestCaseExecutor.java:268)
	at com.kms.katalon.core.main.TestCaseExecutor.execute(TestCaseExecutor.java:369)
	at com.kms.katalon.core.main.TestCaseExecutor.execute(TestCaseExecutor.java:369)
	at com.kms.katalon.core.main.TestCaseExecutor.execute(TestCaseExecutor.java:369)
	at com.kms.katalon.core.common.CommonExecutor.accessTestCaseMainPhase(CommonExecutor.java:65)
	at com.kms.katalon.core.main.TestSuiteExecutor.accessTestSuiteMainPhase(TestSuiteExecutor.java:150)
	at com.kms.katalon.core.main.TestSuiteExecutor.execute(TestSuiteExecutor.java:106)
	at com.kms.katalon.core.main.TestCaseMain.startTestSuite(TestCaseMain.java:180)
	at TempTestSuite1748015363748.run(TempTestSuite1748015363748.groovy:35)
	at java.base/jdk.internal.reflect.NativeMethodAccessorImpl.invoke0(Native Method)
	at java.base/jdk.internal.reflect.NativeMethodAccessorImpl.invoke(NativeMethodAccessorImpl.java:77)
	at java.base/jdk.internal.reflect.DelegatingMethodAccessorImpl.invoke(DelegatingMethodAccessorImpl.java:43)
Caused by: org.openqa.selenium.TimeoutException: Expected condition failed: waiting for base.BaseKeyword$Trait$Helper$_waitForPresentOf_closure1@19d118d5 (tried for 30 second(s) with 500 milliseconds interval)
Build info: version: '3.141.59', revision: 'unknown', time: 'unknown'
System info: host: '192.168.30.108', ip: 'fe80:0:0:0:857:c3df:d699:1dc0%en0', os.name: 'Mac OS X', os.arch: 'aarch64', os.version: '15.5', java.version: '17.0.7'
Driver info: com.kms.katalon.core.appium.driver.SwipeableAndroidDriver
Capabilities {automationName: UiAutomator2, databaseEnabled: false, desired: {automationName: UiAutomator2, deviceName: af0c5cf7, noReset: true, platformName: android, waitForIdleTimeout: 3000}, deviceApiLevel: 35, deviceManufacturer: OPPO, deviceModel: CPH2699, deviceName: af0c5cf7, deviceScreenDensity: 480, deviceScreenSize: 1080x2400, deviceUDID: af0c5cf7, javascriptEnabled: true, locationContextEnabled: false, networkConnectionEnabled: true, noReset: true, pixelRatio: 3, platform: LINUX, platformName: Android, platformVersion: 15, statBarHeight: 120, takesScreenshot: true, viewportRect: {height: 2280, left: 0, top: 120, width: 1080}, waitForIdleTimeout: 3000, warnings: {}, webStorageEnabled: false}
Session ID: 62e5b862-d2c0-4dcf-ad05-c0bce164dcf0
	at org.openqa.selenium.support.ui.WebDriverWait.timeoutException(WebDriverWait.java:95)
	at org.openqa.selenium.support.ui.FluentWait.until(FluentWait.java:272)
	at base.BaseKeyword$Trait$Helper.waitForPresentOf(BaseKeyword.groovy:344)
	at base.BaseApp.waitForPresentOf(BaseApp.groovy)
	at java.base/jdk.internal.reflect.NativeMethodAccessorImpl.invoke0(Native Method)
	at java.base/jdk.internal.reflect.NativeMethodAccessorImpl.invoke(NativeMethodAccessorImpl.java:77)
	at java.base/jdk.internal.reflect.DelegatingMethodAccessorImpl.invoke(DelegatingMethodAccessorImpl.java:43)
	at base.BaseApp.waitAppLauch(BaseApp.groovy:34)
	at java.base/jdk.internal.reflect.NativeMethodAccessorImpl.invoke0(Native Method)
	at java.base/jdk.internal.reflect.NativeMethodAccessorImpl.invoke(NativeMethodAccessorImpl.java:77)
	at java.base/jdk.internal.reflect.DelegatingMethodAccessorImpl.invoke(DelegatingMethodAccessorImpl.java:43)
	at drivers.Driver.openApp(Driver.groovy:60)
	at java.base/jdk.internal.reflect.NativeMethodAccessorImpl.invoke0(Native Method)
	at java.base/jdk.internal.reflect.NativeMethodAccessorImpl.invoke(NativeMethodAccessorImpl.java:77)
	at java.base/jdk.internal.reflect.DelegatingMethodAccessorImpl.invoke(DelegatingMethodAccessorImpl.java:43)
	at com.kms.katalon.core.main.CustomKeywordDelegatingMetaClass.invokeStaticMethod(CustomKeywordDelegatingMetaClass.java:55)
	... 22 more


23-05-2025T23:05:45 - [MESSAGE][ERROR] - Expected condition failed: waiting for base.BaseKeyword$Trait$Helper$_waitForPresentOf_closure1@19d118d5 (tried for 30 second(s) with 500 milliseconds interval)
Build info: version: '3.141.59', revision: 'unknown', time: 'unknown'
System info: host: '192.168.30.108', ip: 'fe80:0:0:0:857:c3df:d699:1dc0%en0', os.name: 'Mac OS X', os.arch: 'aarch64', os.version: '15.5', java.version: '17.0.7'
Driver info: com.kms.katalon.core.appium.driver.SwipeableAndroidDriver
Capabilities {automationName: UiAutomator2, databaseEnabled: false, desired: {automationName: UiAutomator2, deviceName: af0c5cf7, noReset: true, platformName: android, waitForIdleTimeout: 3000}, deviceApiLevel: 35, deviceManufacturer: OPPO, deviceModel: CPH2699, deviceName: af0c5cf7, deviceScreenDensity: 480, deviceScreenSize: 1080x2400, deviceUDID: af0c5cf7, javascriptEnabled: true, locationContextEnabled: false, networkConnectionEnabled: true, noReset: true, pixelRatio: 3, platform: LINUX, platformName: Android, platformVersion: 15, statBarHeight: 120, takesScreenshot: true, viewportRect: {height: 2280, left: 0, top: 120, width: 1080}, waitForIdleTimeout: 3000, warnings: {}, webStorageEnabled: false}
Session ID: 62e5b862-d2c0-4dcf-ad05-c0bce164dcf0

23-05-2025T23:05:45 - [MESSAGE][ERROR] - com.kms.katalon.core.exception.StepErrorException: org.openqa.selenium.TimeoutException: Expected condition failed: waiting for base.BaseKeyword$Trait$Helper$_waitForPresentOf_closure1@19d118d5 (tried for 30 second(s) with 500 milliseconds interval)
Build info: version: '3.141.59', revision: 'unknown', time: 'unknown'
System info: host: '192.168.30.108', ip: 'fe80:0:0:0:857:c3df:d699:1dc0%en0', os.name: 'Mac OS X', os.arch: 'aarch64', os.version: '15.5', java.version: '17.0.7'
Driver info: com.kms.katalon.core.appium.driver.SwipeableAndroidDriver
Capabilities {automationName: UiAutomator2, databaseEnabled: false, desired: {automationName: UiAutomator2, deviceName: af0c5cf7, noReset: true, platformName: android, waitForIdleTimeout: 3000}, deviceApiLevel: 35, deviceManufacturer: OPPO, deviceModel: CPH2699, deviceName: af0c5cf7, deviceScreenDensity: 480, deviceScreenSize: 1080x2400, deviceUDID: af0c5cf7, javascriptEnabled: true, locationContextEnabled: false, networkConnectionEnabled: true, noReset: true, pixelRatio: 3, platform: LINUX, platformName: Android, platformVersion: 15, statBarHeight: 120, takesScreenshot: true, viewportRect: {height: 2280, left: 0, top: 120, width: 1080}, waitForIdleTimeout: 3000, warnings: {}, webStorageEnabled: false}
Session ID: 62e5b862-d2c0-4dcf-ad05-c0bce164dcf0
	at com.kms.katalon.core.main.CustomKeywordDelegatingMetaClass.throwError(CustomKeywordDelegatingMetaClass.java:101)
	at com.kms.katalon.core.main.CustomKeywordDelegatingMetaClass.invokeStaticMethod(CustomKeywordDelegatingMetaClass.java:73)
	at TestListener.beforeTest(TestListener.groovy:39)
	at java.base/jdk.internal.reflect.NativeMethodAccessorImpl.invoke0(Native Method)
	at java.base/jdk.internal.reflect.NativeMethodAccessorImpl.invoke(NativeMethodAccessorImpl.java:77)
	at java.base/jdk.internal.reflect.DelegatingMethodAccessorImpl.invoke(DelegatingMethodAccessorImpl.java:43)
	at com.kms.katalon.core.context.internal.TestHooker.invokeMethod(TestHooker.java:111)
	at com.kms.katalon.core.context.internal.TestHooker.lambda$3(TestHooker.java:95)
	at com.kms.katalon.core.context.internal.TestHooker.invokeContextMethods(TestHooker.java:94)
	at com.kms.katalon.core.context.internal.TestListenerCollector.lambda$3(TestListenerCollector.java:88)
	at com.kms.katalon.core.context.internal.TestListenerCollector.handleListenerEvent(TestListenerCollector.java:85)
	at com.kms.katalon.core.context.internal.ExecutionEventManager.publicEvent(ExecutionEventManager.java:36)
	at com.kms.katalon.core.main.TestCaseExecutor.execute(TestCaseExecutor.java:268)
	at com.kms.katalon.core.main.TestCaseExecutor.execute(TestCaseExecutor.java:369)
	at com.kms.katalon.core.main.TestCaseExecutor.execute(TestCaseExecutor.java:369)
	at com.kms.katalon.core.main.TestCaseExecutor.execute(TestCaseExecutor.java:369)
	at com.kms.katalon.core.common.CommonExecutor.accessTestCaseMainPhase(CommonExecutor.java:65)
	at com.kms.katalon.core.main.TestSuiteExecutor.accessTestSuiteMainPhase(TestSuiteExecutor.java:150)
	at com.kms.katalon.core.main.TestSuiteExecutor.execute(TestSuiteExecutor.java:106)
	at com.kms.katalon.core.main.TestCaseMain.startTestSuite(TestCaseMain.java:180)
	at TempTestSuite1748015363748.run(TempTestSuite1748015363748.groovy:35)
	at java.base/jdk.internal.reflect.NativeMethodAccessorImpl.invoke0(Native Method)
	at java.base/jdk.internal.reflect.NativeMethodAccessorImpl.invoke(NativeMethodAccessorImpl.java:77)
	at java.base/jdk.internal.reflect.DelegatingMethodAccessorImpl.invoke(DelegatingMethodAccessorImpl.java:43)
Caused by: org.openqa.selenium.TimeoutException: Expected condition failed: waiting for base.BaseKeyword$Trait$Helper$_waitForPresentOf_closure1@19d118d5 (tried for 30 second(s) with 500 milliseconds interval)
Build info: version: '3.141.59', revision: 'unknown', time: 'unknown'
System info: host: '192.168.30.108', ip: 'fe80:0:0:0:857:c3df:d699:1dc0%en0', os.name: 'Mac OS X', os.arch: 'aarch64', os.version: '15.5', java.version: '17.0.7'
Driver info: com.kms.katalon.core.appium.driver.SwipeableAndroidDriver
Capabilities {automationName: UiAutomator2, databaseEnabled: false, desired: {automationName: UiAutomator2, deviceName: af0c5cf7, noReset: true, platformName: android, waitForIdleTimeout: 3000}, deviceApiLevel: 35, deviceManufacturer: OPPO, deviceModel: CPH2699, deviceName: af0c5cf7, deviceScreenDensity: 480, deviceScreenSize: 1080x2400, deviceUDID: af0c5cf7, javascriptEnabled: true, locationContextEnabled: false, networkConnectionEnabled: true, noReset: true, pixelRatio: 3, platform: LINUX, platformName: Android, platformVersion: 15, statBarHeight: 120, takesScreenshot: true, viewportRect: {height: 2280, left: 0, top: 120, width: 1080}, waitForIdleTimeout: 3000, warnings: {}, webStorageEnabled: false}
Session ID: 62e5b862-d2c0-4dcf-ad05-c0bce164dcf0
	at org.openqa.selenium.support.ui.WebDriverWait.timeoutException(WebDriverWait.java:95)
	at org.openqa.selenium.support.ui.FluentWait.until(FluentWait.java:272)
	at base.BaseKeyword$Trait$Helper.waitForPresentOf(BaseKeyword.groovy:344)
	at base.BaseApp.waitForPresentOf(BaseApp.groovy)
	at java.base/jdk.internal.reflect.NativeMethodAccessorImpl.invoke0(Native Method)
	at java.base/jdk.internal.reflect.NativeMethodAccessorImpl.invoke(NativeMethodAccessorImpl.java:77)
	at java.base/jdk.internal.reflect.DelegatingMethodAccessorImpl.invoke(DelegatingMethodAccessorImpl.java:43)
	at base.BaseApp.waitAppLauch(BaseApp.groovy:34)
	at java.base/jdk.internal.reflect.NativeMethodAccessorImpl.invoke0(Native Method)
	at java.base/jdk.internal.reflect.NativeMethodAccessorImpl.invoke(NativeMethodAccessorImpl.java:77)
	at java.base/jdk.internal.reflect.DelegatingMethodAccessorImpl.invoke(DelegatingMethodAccessorImpl.java:43)
	at drivers.Driver.openApp(Driver.groovy:60)
	at java.base/jdk.internal.reflect.NativeMethodAccessorImpl.invoke0(Native Method)
	at java.base/jdk.internal.reflect.NativeMethodAccessorImpl.invoke(NativeMethodAccessorImpl.java:77)
	at java.base/jdk.internal.reflect.DelegatingMethodAccessorImpl.invoke(DelegatingMethodAccessorImpl.java:43)
	at com.kms.katalon.core.main.CustomKeywordDelegatingMetaClass.invokeStaticMethod(CustomKeywordDelegatingMetaClass.java:55)
	... 22 more


23-05-2025T23:05:45 - [TEST_STEP][PASSED] - REQUEST_NAME = "Trình ký PDF có sẵn": null

23-05-2025T23:05:45 - [TEST_STEP][PASSED] - USER_CREATE_COMMENT = "Commented by user create document": null

23-05-2025T23:05:45 - [TEST_STEP][PASSED] - AUTO6_COMMENT = "Commented by auto6": null

23-05-2025T23:05:45 - [TEST_STEP][PASSED] - AUTO7_COMMENT = "Commented by auto7": null

23-05-2025T23:05:45 - [TEST_STEP][PASSED] - AUTO8_COMMENT = "Commented by auto8": null

23-05-2025T23:05:45 - [TEST_STEP][PASSED] - auto5 = DataTest.getUserTest5(): null

23-05-2025T23:05:45 - [TEST_STEP][PASSED] - auto6 = DataTest.getUserTest6(): null

23-05-2025T23:05:45 - [TEST_STEP][PASSED] - auto7 = DataTest.getUserTest7(): null

23-05-2025T23:05:45 - [TEST_STEP][PASSED] - auto8 = DataTest.getUserTest8(): null

23-05-2025T23:05:45 - [TEST_STEP][PASSED] - document = DataTest.createDocumentTest(auto5, auto6, null, "dummy.pdf", "dummy.pdf"): null

23-05-2025T23:05:45 - [TEST_STEP][PASSED] - loginScreen.login(auto5): null

23-05-2025T23:05:48 - [TEST_STEP][ERROR] - homeScreen.openRequestList(): Test Cases/IPAPER APP/005 TAO YEU CAU LAY Y KIEN_NHIEU NGUOI FAILED.
Reason:
org.openqa.selenium.NoSuchElementException: An element could not be located on the page using the given search parameters.
For documentation on this error, please visit: https://www.seleniumhq.org/exceptions/no_such_element.html
Build info: version: '3.141.59', revision: 'unknown', time: 'unknown'
System info: host: '192.168.30.108', ip: 'fe80:0:0:0:857:c3df:d699:1dc0%en0', os.name: 'Mac OS X', os.arch: 'aarch64', os.version: '15.5', java.version: '17.0.7'
Driver info: com.kms.katalon.core.appium.driver.SwipeableAndroidDriver
Capabilities {automationName: UiAutomator2, databaseEnabled: false, desired: {automationName: UiAutomator2, deviceName: af0c5cf7, noReset: true, platformName: android, waitForIdleTimeout: 3000}, deviceApiLevel: 35, deviceManufacturer: OPPO, deviceModel: CPH2699, deviceName: af0c5cf7, deviceScreenDensity: 480, deviceScreenSize: 1080x2400, deviceUDID: af0c5cf7, javascriptEnabled: true, locationContextEnabled: false, networkConnectionEnabled: true, noReset: true, pixelRatio: 3, platform: LINUX, platformName: Android, platformVersion: 15, statBarHeight: 120, takesScreenshot: true, viewportRect: {height: 2280, left: 0, top: 120, width: 1080}, waitForIdleTimeout: 3000, warnings: {}, webStorageEnabled: false}
Session ID: 62e5b862-d2c0-4dcf-ad05-c0bce164dcf0
*** Element info: {Using=xpath, value=//android.widget.RelativeLayout[@resource-id='com.hdbank.ipaper:id/layout_home_bar']}
	at java.base/jdk.internal.reflect.NativeConstructorAccessorImpl.newInstance0(Native Method)
	at java.base/jdk.internal.reflect.NativeConstructorAccessorImpl.newInstance(NativeConstructorAccessorImpl.java:77)
	at java.base/jdk.internal.reflect.DelegatingConstructorAccessorImpl.newInstance(DelegatingConstructorAccessorImpl.java:45)
	at org.openqa.selenium.remote.http.W3CHttpResponseCodec.createException(W3CHttpResponseCodec.java:187)
	at org.openqa.selenium.remote.http.W3CHttpResponseCodec.decode(W3CHttpResponseCodec.java:122)
	at org.openqa.selenium.remote.http.W3CHttpResponseCodec.decode(W3CHttpResponseCodec.java:49)
	at org.openqa.selenium.remote.HttpCommandExecutor.execute(HttpCommandExecutor.java:158)
	at io.appium.java_client.remote.AppiumCommandExecutor.execute(AppiumCommandExecutor.java:239)
	at org.openqa.selenium.remote.RemoteWebDriver.execute(RemoteWebDriver.java:552)
	at io.appium.java_client.DefaultGenericMobileDriver.execute(DefaultGenericMobileDriver.java:42)
	at io.appium.java_client.AppiumDriver.execute(AppiumDriver.java:1)
	at io.appium.java_client.android.AndroidDriver.execute(AndroidDriver.java:1)
	at com.kms.katalon.core.appium.driver.SwipeableAndroidDriver.execute(SwipeableAndroidDriver.java:1)
	at org.openqa.selenium.remote.RemoteWebDriver.findElement(RemoteWebDriver.java:323)
	at io.appium.java_client.DefaultGenericMobileDriver.findElement(DefaultGenericMobileDriver.java:62)
	at io.appium.java_client.AppiumDriver.findElement(AppiumDriver.java:1)
	at io.appium.java_client.android.AndroidDriver.findElement(AndroidDriver.java:1)
	at com.kms.katalon.core.appium.driver.SwipeableAndroidDriver.findElement(SwipeableAndroidDriver.java:1)
	at org.openqa.selenium.remote.RemoteWebDriver.findElementByXPath(RemoteWebDriver.java:428)
	at io.appium.java_client.DefaultGenericMobileDriver.findElementByXPath(DefaultGenericMobileDriver.java:152)
	at io.appium.java_client.AppiumDriver.findElementByXPath(AppiumDriver.java:1)
	at io.appium.java_client.android.AndroidDriver.findElementByXPath(AndroidDriver.java:1)
	at com.kms.katalon.core.appium.driver.SwipeableAndroidDriver.findElementByXPath(SwipeableAndroidDriver.java:1)
	at org.openqa.selenium.By$ByXPath.findElement(By.java:353)
	at org.openqa.selenium.remote.RemoteWebDriver.findElement(RemoteWebDriver.java:315)
	at io.appium.java_client.DefaultGenericMobileDriver.findElement(DefaultGenericMobileDriver.java:58)
	at io.appium.java_client.AppiumDriver.findElement(AppiumDriver.java:1)
	at io.appium.java_client.android.AndroidDriver.findElement(AndroidDriver.java:1)
	at com.kms.katalon.core.appium.driver.SwipeableAndroidDriver.findElement(SwipeableAndroidDriver.java:1)
	at base.BaseKeyword$Trait$Helper.convertTestObjectToWebElement(BaseKeyword.groovy:406)
	at screens.HomeScreen.convertTestObjectToWebElement(HomeScreen.groovy)
	at base.BaseKeyword$Trait$Helper.waitForVisibilityOf(BaseKeyword.groovy:374)
	at screens.HomeScreen.waitForVisibilityOf(HomeScreen.groovy)
	at screens.HomeScreen.expandMenu(HomeScreen.groovy:82)
	at screens.HomeScreen.openRequestList(HomeScreen.groovy:94)
	at 005 TAO YEU CAU LAY Y KIEN_NHIEU NGUOI.run(005 TAO YEU CAU LAY Y KIEN_NHIEU NGUOI:32)
	at com.kms.katalon.core.main.ScriptEngine.run(ScriptEngine.java:194)
	at com.kms.katalon.core.main.ScriptEngine.runScriptAsRawText(ScriptEngine.java:119)
	at com.kms.katalon.core.main.TestCaseExecutor.runScript(TestCaseExecutor.java:448)
	at com.kms.katalon.core.main.TestCaseExecutor.doExecute(TestCaseExecutor.java:439)
	at com.kms.katalon.core.main.TestCaseExecutor.processExecutionPhase(TestCaseExecutor.java:418)
	at com.kms.katalon.core.main.TestCaseExecutor.accessMainPhase(TestCaseExecutor.java:410)
	at com.kms.katalon.core.main.TestCaseExecutor.execute(TestCaseExecutor.java:285)
	at com.kms.katalon.core.main.TestCaseExecutor.execute(TestCaseExecutor.java:369)
	at com.kms.katalon.core.main.TestCaseExecutor.execute(TestCaseExecutor.java:369)
	at com.kms.katalon.core.main.TestCaseExecutor.execute(TestCaseExecutor.java:369)
	at com.kms.katalon.core.common.CommonExecutor.accessTestCaseMainPhase(CommonExecutor.java:65)
	at com.kms.katalon.core.main.TestSuiteExecutor.accessTestSuiteMainPhase(TestSuiteExecutor.java:150)
	at com.kms.katalon.core.main.TestSuiteExecutor.execute(TestSuiteExecutor.java:106)
	at com.kms.katalon.core.main.TestCaseMain.startTestSuite(TestCaseMain.java:180)
	at TempTestSuite1748015363748.run(TempTestSuite1748015363748.groovy:35)
	at java.base/jdk.internal.reflect.NativeMethodAccessorImpl.invoke0(Native Method)
	at java.base/jdk.internal.reflect.NativeMethodAccessorImpl.invoke(NativeMethodAccessorImpl.java:77)
	at java.base/jdk.internal.reflect.DelegatingMethodAccessorImpl.invoke(DelegatingMethodAccessorImpl.java:43)


23-05-2025T23:05:58 - [MESSAGE][ERROR] - Test Cases/IPAPER APP/005 TAO YEU CAU LAY Y KIEN_NHIEU NGUOI FAILED.
Reason:
org.openqa.selenium.NoSuchElementException: An element could not be located on the page using the given search parameters.
For documentation on this error, please visit: https://www.seleniumhq.org/exceptions/no_such_element.html
Build info: version: '3.141.59', revision: 'unknown', time: 'unknown'
System info: host: '192.168.30.108', ip: 'fe80:0:0:0:857:c3df:d699:1dc0%en0', os.name: 'Mac OS X', os.arch: 'aarch64', os.version: '15.5', java.version: '17.0.7'
Driver info: com.kms.katalon.core.appium.driver.SwipeableAndroidDriver
Capabilities {automationName: UiAutomator2, databaseEnabled: false, desired: {automationName: UiAutomator2, deviceName: af0c5cf7, noReset: true, platformName: android, waitForIdleTimeout: 3000}, deviceApiLevel: 35, deviceManufacturer: OPPO, deviceModel: CPH2699, deviceName: af0c5cf7, deviceScreenDensity: 480, deviceScreenSize: 1080x2400, deviceUDID: af0c5cf7, javascriptEnabled: true, locationContextEnabled: false, networkConnectionEnabled: true, noReset: true, pixelRatio: 3, platform: LINUX, platformName: Android, platformVersion: 15, statBarHeight: 120, takesScreenshot: true, viewportRect: {height: 2280, left: 0, top: 120, width: 1080}, waitForIdleTimeout: 3000, warnings: {}, webStorageEnabled: false}
Session ID: 62e5b862-d2c0-4dcf-ad05-c0bce164dcf0
*** Element info: {Using=xpath, value=//android.widget.RelativeLayout[@resource-id='com.hdbank.ipaper:id/layout_home_bar']}
	at java.base/jdk.internal.reflect.NativeConstructorAccessorImpl.newInstance0(Native Method)
	at java.base/jdk.internal.reflect.NativeConstructorAccessorImpl.newInstance(NativeConstructorAccessorImpl.java:77)
	at java.base/jdk.internal.reflect.DelegatingConstructorAccessorImpl.newInstance(DelegatingConstructorAccessorImpl.java:45)
	at org.openqa.selenium.remote.http.W3CHttpResponseCodec.createException(W3CHttpResponseCodec.java:187)
	at org.openqa.selenium.remote.http.W3CHttpResponseCodec.decode(W3CHttpResponseCodec.java:122)
	at org.openqa.selenium.remote.http.W3CHttpResponseCodec.decode(W3CHttpResponseCodec.java:49)
	at org.openqa.selenium.remote.HttpCommandExecutor.execute(HttpCommandExecutor.java:158)
	at io.appium.java_client.remote.AppiumCommandExecutor.execute(AppiumCommandExecutor.java:239)
	at org.openqa.selenium.remote.RemoteWebDriver.execute(RemoteWebDriver.java:552)
	at io.appium.java_client.DefaultGenericMobileDriver.execute(DefaultGenericMobileDriver.java:42)
	at io.appium.java_client.AppiumDriver.execute(AppiumDriver.java:1)
	at io.appium.java_client.android.AndroidDriver.execute(AndroidDriver.java:1)
	at com.kms.katalon.core.appium.driver.SwipeableAndroidDriver.execute(SwipeableAndroidDriver.java:1)
	at org.openqa.selenium.remote.RemoteWebDriver.findElement(RemoteWebDriver.java:323)
	at io.appium.java_client.DefaultGenericMobileDriver.findElement(DefaultGenericMobileDriver.java:62)
	at io.appium.java_client.AppiumDriver.findElement(AppiumDriver.java:1)
	at io.appium.java_client.android.AndroidDriver.findElement(AndroidDriver.java:1)
	at com.kms.katalon.core.appium.driver.SwipeableAndroidDriver.findElement(SwipeableAndroidDriver.java:1)
	at org.openqa.selenium.remote.RemoteWebDriver.findElementByXPath(RemoteWebDriver.java:428)
	at io.appium.java_client.DefaultGenericMobileDriver.findElementByXPath(DefaultGenericMobileDriver.java:152)
	at io.appium.java_client.AppiumDriver.findElementByXPath(AppiumDriver.java:1)
	at io.appium.java_client.android.AndroidDriver.findElementByXPath(AndroidDriver.java:1)
	at com.kms.katalon.core.appium.driver.SwipeableAndroidDriver.findElementByXPath(SwipeableAndroidDriver.java:1)
	at org.openqa.selenium.By$ByXPath.findElement(By.java:353)
	at org.openqa.selenium.remote.RemoteWebDriver.findElement(RemoteWebDriver.java:315)
	at io.appium.java_client.DefaultGenericMobileDriver.findElement(DefaultGenericMobileDriver.java:58)
	at io.appium.java_client.AppiumDriver.findElement(AppiumDriver.java:1)
	at io.appium.java_client.android.AndroidDriver.findElement(AndroidDriver.java:1)
	at com.kms.katalon.core.appium.driver.SwipeableAndroidDriver.findElement(SwipeableAndroidDriver.java:1)
	at base.BaseKeyword$Trait$Helper.convertTestObjectToWebElement(BaseKeyword.groovy:406)
	at screens.HomeScreen.convertTestObjectToWebElement(HomeScreen.groovy)
	at base.BaseKeyword$Trait$Helper.waitForVisibilityOf(BaseKeyword.groovy:374)
	at screens.HomeScreen.waitForVisibilityOf(HomeScreen.groovy)
	at screens.HomeScreen.expandMenu(HomeScreen.groovy:82)
	at screens.HomeScreen.openRequestList(HomeScreen.groovy:94)
	at 005 TAO YEU CAU LAY Y KIEN_NHIEU NGUOI.run(005 TAO YEU CAU LAY Y KIEN_NHIEU NGUOI:32)
	at com.kms.katalon.core.main.ScriptEngine.run(ScriptEngine.java:194)
	at com.kms.katalon.core.main.ScriptEngine.runScriptAsRawText(ScriptEngine.java:119)
	at com.kms.katalon.core.main.TestCaseExecutor.runScript(TestCaseExecutor.java:448)
	at com.kms.katalon.core.main.TestCaseExecutor.doExecute(TestCaseExecutor.java:439)
	at com.kms.katalon.core.main.TestCaseExecutor.processExecutionPhase(TestCaseExecutor.java:418)
	at com.kms.katalon.core.main.TestCaseExecutor.accessMainPhase(TestCaseExecutor.java:410)
	at com.kms.katalon.core.main.TestCaseExecutor.execute(TestCaseExecutor.java:285)
	at com.kms.katalon.core.main.TestCaseExecutor.execute(TestCaseExecutor.java:369)
	at com.kms.katalon.core.main.TestCaseExecutor.execute(TestCaseExecutor.java:369)
	at com.kms.katalon.core.main.TestCaseExecutor.execute(TestCaseExecutor.java:369)
	at com.kms.katalon.core.common.CommonExecutor.accessTestCaseMainPhase(CommonExecutor.java:65)
	at com.kms.katalon.core.main.TestSuiteExecutor.accessTestSuiteMainPhase(TestSuiteExecutor.java:150)
	at com.kms.katalon.core.main.TestSuiteExecutor.execute(TestSuiteExecutor.java:106)
	at com.kms.katalon.core.main.TestCaseMain.startTestSuite(TestCaseMain.java:180)
	at TempTestSuite1748015363748.run(TempTestSuite1748015363748.groovy:35)
	at java.base/jdk.internal.reflect.NativeMethodAccessorImpl.invoke0(Native Method)
	at java.base/jdk.internal.reflect.NativeMethodAccessorImpl.invoke(NativeMethodAccessorImpl.java:77)
	at java.base/jdk.internal.reflect.DelegatingMethodAccessorImpl.invoke(DelegatingMethodAccessorImpl.java:43)


23-05-2025T23:05:58 - [TEST_STEP][PASSED] - Start listener action : afterTest: null

23-05-2025T23:05:58 - [TEST_STEP][PASSED] - if (testCaseStatus != "PASSED"): Screenshot is taken

23-05-2025T23:05:58 - [TEST_STEP][PASSED] - takeScreenshot(ErrorScreen/$GlobalVariable.PLATFORM/$testCaseContext.getTestCaseId().png): Screenshot is taken

23-05-2025T23:06:02 - [MESSAGE][PASSED] - Screenshot is taken
[[ATTACHMENT|ErrorScreen/Android/Test Cases/IPAPER APP/005 TAO YEU CAU LAY Y KIEN_NHIEU NGUOI.png]]

23-05-2025T23:06:02 - [TEST_STEP][PASSED] - drivers.Driver.closeApp(): drivers.Driver.closeApp is PASSED

23-05-2025T23:06:02 - [MESSAGE][PASSED] - drivers.Driver.closeApp is PASSED

23-05-2025T23:06:02 - [TEST_STEP][PASSED] - if (tsContext == null): null]]></system-out>
         <system-err><![CDATA[23-05-2025T23:05:12 - [TEST_CASE][ERROR] - Test Cases/IPAPER APP/005 TAO YEU CAU LAY Y KIEN_NHIEU NGUOI: Test Cases/IPAPER APP/005 TAO YEU CAU LAY Y KIEN_NHIEU NGUOI FAILED.
Reason:
org.openqa.selenium.NoSuchElementException: An element could not be located on the page using the given search parameters.
For documentation on this error, please visit: https://www.seleniumhq.org/exceptions/no_such_element.html
Build info: version: '3.141.59', revision: 'unknown', time: 'unknown'
System info: host: '192.168.30.108', ip: 'fe80:0:0:0:857:c3df:d699:1dc0%en0', os.name: 'Mac OS X', os.arch: 'aarch64', os.version: '15.5', java.version: '17.0.7'
Driver info: com.kms.katalon.core.appium.driver.SwipeableAndroidDriver
Capabilities {automationName: UiAutomator2, databaseEnabled: false, desired: {automationName: UiAutomator2, deviceName: af0c5cf7, noReset: true, platformName: android, waitForIdleTimeout: 3000}, deviceApiLevel: 35, deviceManufacturer: OPPO, deviceModel: CPH2699, deviceName: af0c5cf7, deviceScreenDensity: 480, deviceScreenSize: 1080x2400, deviceUDID: af0c5cf7, javascriptEnabled: true, locationContextEnabled: false, networkConnectionEnabled: true, noReset: true, pixelRatio: 3, platform: LINUX, platformName: Android, platformVersion: 15, statBarHeight: 120, takesScreenshot: true, viewportRect: {height: 2280, left: 0, top: 120, width: 1080}, waitForIdleTimeout: 3000, warnings: {}, webStorageEnabled: false}
Session ID: 62e5b862-d2c0-4dcf-ad05-c0bce164dcf0
*** Element info: {Using=xpath, value=//android.widget.RelativeLayout[@resource-id='com.hdbank.ipaper:id/layout_home_bar']}
	at java.base/jdk.internal.reflect.NativeConstructorAccessorImpl.newInstance0(Native Method)
	at java.base/jdk.internal.reflect.NativeConstructorAccessorImpl.newInstance(NativeConstructorAccessorImpl.java:77)
	at java.base/jdk.internal.reflect.DelegatingConstructorAccessorImpl.newInstance(DelegatingConstructorAccessorImpl.java:45)
	at org.openqa.selenium.remote.http.W3CHttpResponseCodec.createException(W3CHttpResponseCodec.java:187)
	at org.openqa.selenium.remote.http.W3CHttpResponseCodec.decode(W3CHttpResponseCodec.java:122)
	at org.openqa.selenium.remote.http.W3CHttpResponseCodec.decode(W3CHttpResponseCodec.java:49)
	at org.openqa.selenium.remote.HttpCommandExecutor.execute(HttpCommandExecutor.java:158)
	at io.appium.java_client.remote.AppiumCommandExecutor.execute(AppiumCommandExecutor.java:239)
	at org.openqa.selenium.remote.RemoteWebDriver.execute(RemoteWebDriver.java:552)
	at io.appium.java_client.DefaultGenericMobileDriver.execute(DefaultGenericMobileDriver.java:42)
	at io.appium.java_client.AppiumDriver.execute(AppiumDriver.java:1)
	at io.appium.java_client.android.AndroidDriver.execute(AndroidDriver.java:1)
	at com.kms.katalon.core.appium.driver.SwipeableAndroidDriver.execute(SwipeableAndroidDriver.java:1)
	at org.openqa.selenium.remote.RemoteWebDriver.findElement(RemoteWebDriver.java:323)
	at io.appium.java_client.DefaultGenericMobileDriver.findElement(DefaultGenericMobileDriver.java:62)
	at io.appium.java_client.AppiumDriver.findElement(AppiumDriver.java:1)
	at io.appium.java_client.android.AndroidDriver.findElement(AndroidDriver.java:1)
	at com.kms.katalon.core.appium.driver.SwipeableAndroidDriver.findElement(SwipeableAndroidDriver.java:1)
	at org.openqa.selenium.remote.RemoteWebDriver.findElementByXPath(RemoteWebDriver.java:428)
	at io.appium.java_client.DefaultGenericMobileDriver.findElementByXPath(DefaultGenericMobileDriver.java:152)
	at io.appium.java_client.AppiumDriver.findElementByXPath(AppiumDriver.java:1)
	at io.appium.java_client.android.AndroidDriver.findElementByXPath(AndroidDriver.java:1)
	at com.kms.katalon.core.appium.driver.SwipeableAndroidDriver.findElementByXPath(SwipeableAndroidDriver.java:1)
	at org.openqa.selenium.By$ByXPath.findElement(By.java:353)
	at org.openqa.selenium.remote.RemoteWebDriver.findElement(RemoteWebDriver.java:315)
	at io.appium.java_client.DefaultGenericMobileDriver.findElement(DefaultGenericMobileDriver.java:58)
	at io.appium.java_client.AppiumDriver.findElement(AppiumDriver.java:1)
	at io.appium.java_client.android.AndroidDriver.findElement(AndroidDriver.java:1)
	at com.kms.katalon.core.appium.driver.SwipeableAndroidDriver.findElement(SwipeableAndroidDriver.java:1)
	at base.BaseKeyword$Trait$Helper.convertTestObjectToWebElement(BaseKeyword.groovy:406)
	at screens.HomeScreen.convertTestObjectToWebElement(HomeScreen.groovy)
	at base.BaseKeyword$Trait$Helper.waitForVisibilityOf(BaseKeyword.groovy:374)
	at screens.HomeScreen.waitForVisibilityOf(HomeScreen.groovy)
	at screens.HomeScreen.expandMenu(HomeScreen.groovy:82)
	at screens.HomeScreen.openRequestList(HomeScreen.groovy:94)
	at 005 TAO YEU CAU LAY Y KIEN_NHIEU NGUOI.run(005 TAO YEU CAU LAY Y KIEN_NHIEU NGUOI:32)
	at com.kms.katalon.core.main.ScriptEngine.run(ScriptEngine.java:194)
	at com.kms.katalon.core.main.ScriptEngine.runScriptAsRawText(ScriptEngine.java:119)
	at com.kms.katalon.core.main.TestCaseExecutor.runScript(TestCaseExecutor.java:448)
	at com.kms.katalon.core.main.TestCaseExecutor.doExecute(TestCaseExecutor.java:439)
	at com.kms.katalon.core.main.TestCaseExecutor.processExecutionPhase(TestCaseExecutor.java:418)
	at com.kms.katalon.core.main.TestCaseExecutor.accessMainPhase(TestCaseExecutor.java:410)
	at com.kms.katalon.core.main.TestCaseExecutor.execute(TestCaseExecutor.java:285)
	at com.kms.katalon.core.main.TestCaseExecutor.execute(TestCaseExecutor.java:369)
	at com.kms.katalon.core.main.TestCaseExecutor.execute(TestCaseExecutor.java:369)
	at com.kms.katalon.core.main.TestCaseExecutor.execute(TestCaseExecutor.java:369)
	at com.kms.katalon.core.common.CommonExecutor.accessTestCaseMainPhase(CommonExecutor.java:65)
	at com.kms.katalon.core.main.TestSuiteExecutor.accessTestSuiteMainPhase(TestSuiteExecutor.java:150)
	at com.kms.katalon.core.main.TestSuiteExecutor.execute(TestSuiteExecutor.java:106)
	at com.kms.katalon.core.main.TestCaseMain.startTestSuite(TestCaseMain.java:180)
	at TempTestSuite1748015363748.run(TempTestSuite1748015363748.groovy:35)
	at java.base/jdk.internal.reflect.NativeMethodAccessorImpl.invoke0(Native Method)
	at java.base/jdk.internal.reflect.NativeMethodAccessorImpl.invoke(NativeMethodAccessorImpl.java:77)
	at java.base/jdk.internal.reflect.DelegatingMethodAccessorImpl.invoke(DelegatingMethodAccessorImpl.java:43)]]></system-err>
      </testcase>
      <testcase name="Test Cases/IPAPER APP/006 TAO YEU CAU LAY Y KIEN_KHONG NHAP Y KIEN" time="140.37" classname="Test Cases/IPAPER APP/006 TAO YEU CAU LAY Y KIEN_KHONG NHAP Y KIEN" status="PASSED">
         <system-out><![CDATA[23-05-2025T23:06:02 - [TEST_CASE][PASSED] - Test Cases/IPAPER APP/006 TAO YEU CAU LAY Y KIEN_KHONG NHAP Y KIEN: Test Cases/IPAPER APP/006 TAO YEU CAU LAY Y KIEN_KHONG NHAP Y KIEN

23-05-2025T23:06:02 - [TEST_STEP][PASSED] - Start listener action : beforeTest: drivers.Driver.openApp is PASSED

23-05-2025T23:06:02 - [TEST_STEP][PASSED] - DataTest.init(): null

23-05-2025T23:06:02 - [TEST_STEP][PASSED] - testCaseId = split("/").last(): null

23-05-2025T23:06:02 - [TEST_STEP][PASSED] - if (!(drivers.Driver.isAppiumRunning())): drivers.Driver.isAppiumRunning is PASSED

23-05-2025T23:06:02 - [MESSAGE][INFO] - Appium running: true

23-05-2025T23:06:02 - [MESSAGE][PASSED] - drivers.Driver.isAppiumRunning is PASSED

23-05-2025T23:06:02 - [TEST_STEP][PASSED] - if (driver == null || driver.getSessionId() == null): null

23-05-2025T23:06:02 - [TEST_STEP][PASSED] - drivers.Driver.openApp(): drivers.Driver.openApp is PASSED

23-05-2025T23:06:05 - [MESSAGE][PASSED] - drivers.Driver.openApp is PASSED

23-05-2025T23:06:05 - [TEST_STEP][PASSED] - REQUEST_NAME = "Trình ký PDF có sẵn": null

23-05-2025T23:06:05 - [TEST_STEP][PASSED] - USER_CREATE_COMMENT = "Commented by user create document": null

23-05-2025T23:06:05 - [TEST_STEP][PASSED] - ASSIGNER_COMMENT = "Comment by assigner": null

23-05-2025T23:06:05 - [TEST_STEP][PASSED] - documentTitle = "Trình ký " + System.currentTimeMillis(): null

23-05-2025T23:06:05 - [TEST_STEP][PASSED] - auto5 = DataTest.getUserTest5(): null

23-05-2025T23:06:05 - [TEST_STEP][PASSED] - auto6 = DataTest.getUserTest6(): null

23-05-2025T23:06:05 - [TEST_STEP][PASSED] - document = DataTest.createDocumentTest(auto5, auto6, null, "dummy.pdf", "dummy.pdf"): null

23-05-2025T23:06:05 - [TEST_STEP][PASSED] - loginScreen.login(auto5): null

23-05-2025T23:06:12 - [TEST_STEP][PASSED] - homeScreen.openRequestList(): null

23-05-2025T23:06:17 - [TEST_STEP][PASSED] - homeScreen.createRequest(REQUEST_NAME): null

23-05-2025T23:06:23 - [TEST_STEP][PASSED] - pdfSignScreen.fillInTitle(document.getTitle()): null

23-05-2025T23:06:26 - [TEST_STEP][PASSED] - pdfSignScreen.selectPriority(document.getPriority()): null

23-05-2025T23:06:28 - [TEST_STEP][PASSED] - pdfSignScreen.selectTime(document.getTime()): null

23-05-2025T23:06:31 - [TEST_STEP][PASSED] - pdfSignScreen.fillInDescription(document.getDescription()): null

23-05-2025T23:06:32 - [TEST_STEP][PASSED] - pdfSignScreen.selectAssigner(getAssigner().getEmail()): null

23-05-2025T23:06:39 - [TEST_STEP][PASSED] - pdfSignScreen.openMainFileBrowser(): null

23-05-2025T23:06:44 - [TEST_STEP][PASSED] - fileBrowserScreen.attachFile(document.getMainFileName()): null

23-05-2025T23:06:54 - [TEST_STEP][PASSED] - pdfSignScreen.openSubFileBrowser(): null

23-05-2025T23:06:54 - [TEST_STEP][PASSED] - fileBrowserScreen.attachFile(document.getSubFileName()): null

23-05-2025T23:07:04 - [TEST_STEP][PASSED] - pdfSignScreen.performAction(SEND_WITH_COMENT): null

23-05-2025T23:07:06 - [TEST_STEP][PASSED] - pdfSignScreen.fillInOpinion(USER_CREATE_COMMENT): null

23-05-2025T23:07:07 - [TEST_STEP][PASSED] - pdfSignScreen.submitRequest(): null

23-05-2025T23:07:16 - [TEST_STEP][PASSED] - documentInformationScreen.backToHome(): null

23-05-2025T23:07:16 - [TEST_STEP][PASSED] - homeScreen.logout(): null

23-05-2025T23:07:24 - [TEST_STEP][PASSED] - document.setStatus(WAIT_GET_COMMENT): null

23-05-2025T23:07:24 - [TEST_STEP][PASSED] - document.setAssigner(auto5): null

23-05-2025T23:07:24 - [TEST_STEP][PASSED] - loginScreen.login(auto6): null

23-05-2025T23:07:32 - [TEST_STEP][PASSED] - homeScreen.goToIncomingDocument(): null

23-05-2025T23:07:32 - [TEST_STEP][PASSED] - inComingDocument.viewInformationDocument(document): View document Trình ký 1748016365369

23-05-2025T23:07:32 - [MESSAGE][INFO] - View document Trình ký 1748016365369

23-05-2025T23:07:39 - [TEST_STEP][PASSED] - documentInformationScreen.checkDocumentTitle(document): Verify equals GUI: Trình ký 1748016365369 - DATA: Trình ký 1748016365369

23-05-2025T23:07:39 - [MESSAGE][PASSED] - Verify equals GUI: Trình ký 1748016365369 - DATA: Trình ký 1748016365369

23-05-2025T23:07:39 - [TEST_STEP][PASSED] - documentInformationScreen.checkSender(document): Verify equals GUI: Auto Test User 1 - DATA: Auto Test User 1

23-05-2025T23:07:39 - [MESSAGE][PASSED] - Verify equals GUI: Auto Test User 1 - DATA: Auto Test User 1

23-05-2025T23:07:39 - [TEST_STEP][PASSED] - documentInformationScreen.checkStatus(document): Verify equals GUI: Chờ lấy ý kiến - DATA: Chờ lấy ý kiến

23-05-2025T23:07:39 - [MESSAGE][PASSED] - Verify equals GUI: Chờ lấy ý kiến - DATA: Chờ lấy ý kiến

23-05-2025T23:07:39 - [TEST_STEP][PASSED] - documentInformationScreen.checkCreateDate(): Verify equals GUI: 23/05/2025 - DATA: 23/05/2025

23-05-2025T23:07:39 - [MESSAGE][PASSED] - Verify equals GUI: 23/05/2025 - DATA: 23/05/2025

23-05-2025T23:07:39 - [TEST_STEP][PASSED] - documentInformationScreen.checkFinishDate(document): Verify equals GUI: 24/05/2025 - DATA: 24/05/2025

23-05-2025T23:07:39 - [MESSAGE][PASSED] - Verify equals GUI: 24/05/2025 - DATA: 24/05/2025

23-05-2025T23:07:39 - [TEST_STEP][PASSED] - documentInformationScreen.checkPriority(document): Verify equals GUI: Khẩn cấp - DATA: Khẩn cấp

23-05-2025T23:07:40 - [MESSAGE][PASSED] - Verify equals GUI: Khẩn cấp - DATA: Khẩn cấp

23-05-2025T23:07:40 - [TEST_STEP][PASSED] - documentInformationScreen.checkDescription(document): Verify equals GUI: 006 TAO YEU CAU LAY Y KIEN_KHONG NHAP Y KIEN - DATA: 006 TAO YEU CAU LAY Y KIEN_KHONG NHAP Y KIEN

23-05-2025T23:07:40 - [MESSAGE][PASSED] - Verify equals GUI: 006 TAO YEU CAU LAY Y KIEN_KHONG NHAP Y KIEN - DATA: 006 TAO YEU CAU LAY Y KIEN_KHONG NHAP Y KIEN

23-05-2025T23:07:40 - [TEST_STEP][PASSED] - documentInformationScreen.checkAssigner(document): Verify contains GUI: auto1@hdbank.com.vn - DATA: auto1@hdbank.com.vn

23-05-2025T23:07:42 - [MESSAGE][PASSED] - Verify contains GUI: auto1@hdbank.com.vn - DATA: auto1@hdbank.com.vn

23-05-2025T23:07:42 - [TEST_STEP][PASSED] - documentInformationScreen.checkPresentFileName(document): Verify contains GUI: dummy_20250523230654.ozd - DATA: dummy

23-05-2025T23:07:43 - [MESSAGE][PASSED] - Verify contains GUI: dummy_20250523230654.ozd - DATA: dummy

23-05-2025T23:07:43 - [TEST_STEP][PASSED] - documentInformationScreen.checkAttachFileName(document): Expected true condition

23-05-2025T23:07:45 - [MESSAGE][PASSED] - Expected true condition

23-05-2025T23:07:45 - [TEST_STEP][PASSED] - documentInformationScreen.getComment(): null

23-05-2025T23:07:48 - [TEST_STEP][PASSED] - documentInformationScreen.isPopupRequireCommentDisplayed(): Expected true condition

23-05-2025T23:07:49 - [MESSAGE][PASSED] - Expected true condition

23-05-2025T23:07:49 - [TEST_STEP][PASSED] - documentInformationScreen.ignoreWarningPopup(): null

23-05-2025T23:07:49 - [TEST_STEP][PASSED] - documentInformationScreen.fillInComment(ASSIGNER_COMMENT): null

23-05-2025T23:07:51 - [TEST_STEP][PASSED] - documentInformationScreen.submitAction(): null

23-05-2025T23:07:52 - [TEST_STEP][PASSED] - documentInformationScreen.backToHome(): null

23-05-2025T23:07:53 - [TEST_STEP][PASSED] - document.setStatus(COMMENTED): null

23-05-2025T23:07:53 - [TEST_STEP][PASSED] - document.setSender(auto6): null

23-05-2025T23:07:53 - [TEST_STEP][PASSED] - inComingDocument.checkItemInDocument(): null

23-05-2025T23:07:53 - [TEST_STEP][PASSED] - homeScreen.goToOutComingDocument(): null

23-05-2025T23:08:03 - [TEST_STEP][PASSED] - outComingDocument.viewInformationDocument(document): null

23-05-2025T23:08:04 - [TEST_STEP][PASSED] - documentInformationScreen.checkDocumentTitle(document): Verify equals GUI: Trình ký 1748016365369 - DATA: Trình ký 1748016365369

23-05-2025T23:08:09 - [MESSAGE][PASSED] - Verify equals GUI: Trình ký 1748016365369 - DATA: Trình ký 1748016365369

23-05-2025T23:08:09 - [TEST_STEP][PASSED] - documentInformationScreen.checkSender(document): Verify equals GUI: Auto Test User 2 - DATA: Auto Test User 2

23-05-2025T23:08:09 - [MESSAGE][PASSED] - Verify equals GUI: Auto Test User 2 - DATA: Auto Test User 2

23-05-2025T23:08:09 - [TEST_STEP][PASSED] - documentInformationScreen.checkStatus(document): Verify equals GUI: Đã lấy ý kiến - DATA: Đã lấy ý kiến

23-05-2025T23:08:09 - [MESSAGE][PASSED] - Verify equals GUI: Đã lấy ý kiến - DATA: Đã lấy ý kiến

23-05-2025T23:08:09 - [TEST_STEP][PASSED] - documentInformationScreen.checkCreateDate(): Verify equals GUI: 23/05/2025 - DATA: 23/05/2025

23-05-2025T23:08:09 - [MESSAGE][PASSED] - Verify equals GUI: 23/05/2025 - DATA: 23/05/2025

23-05-2025T23:08:09 - [TEST_STEP][PASSED] - documentInformationScreen.checkFinishDate(document): Verify equals GUI: 24/05/2025 - DATA: 24/05/2025

23-05-2025T23:08:10 - [MESSAGE][PASSED] - Verify equals GUI: 24/05/2025 - DATA: 24/05/2025

23-05-2025T23:08:10 - [TEST_STEP][PASSED] - documentInformationScreen.checkPriority(document): Verify equals GUI: Khẩn cấp - DATA: Khẩn cấp

23-05-2025T23:08:10 - [MESSAGE][PASSED] - Verify equals GUI: Khẩn cấp - DATA: Khẩn cấp

23-05-2025T23:08:10 - [TEST_STEP][PASSED] - documentInformationScreen.checkDescription(document): Verify equals GUI: 006 TAO YEU CAU LAY Y KIEN_KHONG NHAP Y KIEN - DATA: 006 TAO YEU CAU LAY Y KIEN_KHONG NHAP Y KIEN

23-05-2025T23:08:10 - [MESSAGE][PASSED] - Verify equals GUI: 006 TAO YEU CAU LAY Y KIEN_KHONG NHAP Y KIEN - DATA: 006 TAO YEU CAU LAY Y KIEN_KHONG NHAP Y KIEN

23-05-2025T23:08:10 - [TEST_STEP][PASSED] - documentInformationScreen.isAssignerDisplayed(): Check sender not displayed

23-05-2025T23:08:13 - [MESSAGE][PASSED] - Check sender not displayed

23-05-2025T23:08:13 - [TEST_STEP][PASSED] - documentInformationScreen.checkPresentFileName(document): Verify contains GUI: dummy_20250523230654.ozd - DATA: dummy

23-05-2025T23:08:14 - [MESSAGE][PASSED] - Verify contains GUI: dummy_20250523230654.ozd - DATA: dummy

23-05-2025T23:08:14 - [TEST_STEP][PASSED] - documentInformationScreen.checkAttachFileName(document): Expected true condition

23-05-2025T23:08:16 - [MESSAGE][PASSED] - Expected true condition

23-05-2025T23:08:16 - [TEST_STEP][PASSED] - documentInformationScreen.checkComment(auto6, ASSIGNER_COMMENT): Check comment of Auto Test User 2 is Comment by assigner

23-05-2025T23:08:17 - [MESSAGE][INFO] - GUI COMMENT: Comment by assigner - DATA COMMENT: Comment by assigner

23-05-2025T23:08:17 - [MESSAGE][PASSED] - Check comment of Auto Test User 2 is Comment by assigner

23-05-2025T23:08:17 - [TEST_STEP][PASSED] - documentInformationScreen.backToHome(): null

23-05-2025T23:08:22 - [TEST_STEP][PASSED] - inComingDocument.checkItemInDocument(): null

23-05-2025T23:08:22 - [TEST_STEP][PASSED] - Start listener action : afterTest: null

23-05-2025T23:08:22 - [TEST_STEP][PASSED] - if (testCaseStatus != "PASSED"): null

23-05-2025T23:08:22 - [TEST_STEP][PASSED] - drivers.Driver.closeApp(): drivers.Driver.closeApp is PASSED

23-05-2025T23:08:22 - [MESSAGE][PASSED] - drivers.Driver.closeApp is PASSED

23-05-2025T23:08:22 - [TEST_STEP][PASSED] - if (tsContext == null): null]]></system-out>
         <system-err><![CDATA[]]></system-err>
      </testcase>
      <testcase name="Test Cases/IPAPER APP/007 HIEN THI HO SO DEN" time="10.987" classname="Test Cases/IPAPER APP/007 HIEN THI HO SO DEN" status="PASSED">
         <system-out><![CDATA[23-05-2025T23:08:22 - [TEST_CASE][PASSED] - Test Cases/IPAPER APP/007 HIEN THI HO SO DEN: Test Cases/IPAPER APP/007 HIEN THI HO SO DEN

23-05-2025T23:08:22 - [TEST_STEP][PASSED] - Start listener action : beforeTest: drivers.Driver.openApp is PASSED

23-05-2025T23:08:22 - [TEST_STEP][PASSED] - DataTest.init(): null

23-05-2025T23:08:22 - [TEST_STEP][PASSED] - testCaseId = split("/").last(): null

23-05-2025T23:08:22 - [TEST_STEP][PASSED] - if (!(drivers.Driver.isAppiumRunning())): drivers.Driver.isAppiumRunning is PASSED

23-05-2025T23:08:22 - [MESSAGE][INFO] - Appium running: true

23-05-2025T23:08:22 - [MESSAGE][PASSED] - drivers.Driver.isAppiumRunning is PASSED

23-05-2025T23:08:22 - [TEST_STEP][PASSED] - if (driver == null || driver.getSessionId() == null): null

23-05-2025T23:08:22 - [TEST_STEP][PASSED] - drivers.Driver.openApp(): drivers.Driver.openApp is PASSED

23-05-2025T23:08:25 - [MESSAGE][PASSED] - drivers.Driver.openApp is PASSED

23-05-2025T23:08:25 - [TEST_STEP][PASSED] - auto1 = DataTest.getUserTest("auto1"): null

23-05-2025T23:08:25 - [TEST_STEP][PASSED] - loginScreen.login(auto1): null

23-05-2025T23:08:33 - [TEST_STEP][PASSED] - homeScreen.goToIncomingDocument(): null

23-05-2025T23:08:33 - [TEST_STEP][PASSED] - inComingDocument.checkItemInDocument(): null

23-05-2025T23:08:33 - [TEST_STEP][PASSED] - Start listener action : afterTest: null

23-05-2025T23:08:33 - [TEST_STEP][PASSED] - if (testCaseStatus != "PASSED"): null

23-05-2025T23:08:33 - [TEST_STEP][PASSED] - drivers.Driver.closeApp(): drivers.Driver.closeApp is PASSED

23-05-2025T23:08:33 - [MESSAGE][PASSED] - drivers.Driver.closeApp is PASSED

23-05-2025T23:08:33 - [TEST_STEP][PASSED] - if (tsContext == null): null]]></system-out>
         <system-err><![CDATA[]]></system-err>
      </testcase>
      <testcase name="Test Cases/IPAPER APP/008 HIEN THI HO SO DI" time="20.802" classname="Test Cases/IPAPER APP/008 HIEN THI HO SO DI" status="PASSED">
         <system-out><![CDATA[23-05-2025T23:08:33 - [TEST_CASE][PASSED] - Test Cases/IPAPER APP/008 HIEN THI HO SO DI: Test Cases/IPAPER APP/008 HIEN THI HO SO DI

23-05-2025T23:08:33 - [TEST_STEP][PASSED] - Start listener action : beforeTest: drivers.Driver.openApp is PASSED

23-05-2025T23:08:33 - [TEST_STEP][PASSED] - DataTest.init(): null

23-05-2025T23:08:33 - [TEST_STEP][PASSED] - testCaseId = split("/").last(): null

23-05-2025T23:08:33 - [TEST_STEP][PASSED] - if (!(drivers.Driver.isAppiumRunning())): drivers.Driver.isAppiumRunning is PASSED

23-05-2025T23:08:33 - [MESSAGE][INFO] - Appium running: true

23-05-2025T23:08:33 - [MESSAGE][PASSED] - drivers.Driver.isAppiumRunning is PASSED

23-05-2025T23:08:33 - [TEST_STEP][PASSED] - if (driver == null || driver.getSessionId() == null): null

23-05-2025T23:08:33 - [TEST_STEP][PASSED] - drivers.Driver.openApp(): drivers.Driver.openApp is PASSED

23-05-2025T23:08:36 - [MESSAGE][PASSED] - drivers.Driver.openApp is PASSED

23-05-2025T23:08:36 - [TEST_STEP][PASSED] - auto1 = DataTest.getUserTest("auto1"): null

23-05-2025T23:08:36 - [TEST_STEP][PASSED] - loginScreen.login(auto1): null

23-05-2025T23:08:43 - [TEST_STEP][PASSED] - homeScreen.goToOutComingDocument(): null

23-05-2025T23:08:53 - [TEST_STEP][PASSED] - outComingDocument.checkItemInDocument(): null

23-05-2025T23:08:53 - [TEST_STEP][PASSED] - Start listener action : afterTest: null

23-05-2025T23:08:53 - [TEST_STEP][PASSED] - if (testCaseStatus != "PASSED"): null

23-05-2025T23:08:53 - [TEST_STEP][PASSED] - drivers.Driver.closeApp(): drivers.Driver.closeApp is PASSED

23-05-2025T23:08:54 - [MESSAGE][PASSED] - drivers.Driver.closeApp is PASSED

23-05-2025T23:08:54 - [TEST_STEP][PASSED] - if (tsContext == null): null]]></system-out>
         <system-err><![CDATA[]]></system-err>
      </testcase>
      <testcase name="Test Cases/IPAPER APP/009 DUYET NHANH" time="140.105" classname="Test Cases/IPAPER APP/009 DUYET NHANH" status="PASSED">
         <system-out><![CDATA[23-05-2025T23:08:54 - [TEST_CASE][PASSED] - Test Cases/IPAPER APP/009 DUYET NHANH: Test Cases/IPAPER APP/009 DUYET NHANH

23-05-2025T23:08:54 - [TEST_STEP][PASSED] - Start listener action : beforeTest: drivers.Driver.openApp is PASSED

23-05-2025T23:08:54 - [TEST_STEP][PASSED] - DataTest.init(): null

23-05-2025T23:08:54 - [TEST_STEP][PASSED] - testCaseId = split("/").last(): null

23-05-2025T23:08:54 - [TEST_STEP][PASSED] - if (!(drivers.Driver.isAppiumRunning())): drivers.Driver.isAppiumRunning is PASSED

23-05-2025T23:08:54 - [MESSAGE][INFO] - Appium running: true

23-05-2025T23:08:54 - [MESSAGE][PASSED] - drivers.Driver.isAppiumRunning is PASSED

23-05-2025T23:08:54 - [TEST_STEP][PASSED] - if (driver == null || driver.getSessionId() == null): null

23-05-2025T23:08:54 - [TEST_STEP][PASSED] - drivers.Driver.openApp(): drivers.Driver.openApp is PASSED

23-05-2025T23:08:57 - [MESSAGE][PASSED] - drivers.Driver.openApp is PASSED

23-05-2025T23:08:57 - [TEST_STEP][PASSED] - REQUEST_NAME = "Trình ký PDF có sẵn": null

23-05-2025T23:08:57 - [TEST_STEP][PASSED] - auto5 = DataTest.getUserTest5(): null

23-05-2025T23:08:57 - [TEST_STEP][PASSED] - auto6 = DataTest.getUserTest6(): null

23-05-2025T23:08:57 - [TEST_STEP][PASSED] - document = DataTest.createDocumentTest(auto5, auto6, null, "dummy.pdf", "dummy.docx"): null

23-05-2025T23:08:57 - [TEST_STEP][PASSED] - loginScreen.login(auto5): null

23-05-2025T23:09:04 - [TEST_STEP][PASSED] - homeScreen.openRequestList(): null

23-05-2025T23:09:09 - [TEST_STEP][PASSED] - homeScreen.createRequest(REQUEST_NAME): null

23-05-2025T23:09:16 - [TEST_STEP][PASSED] - pdfSignScreen.fillInTitle(document.getTitle()): null

23-05-2025T23:09:19 - [TEST_STEP][PASSED] - pdfSignScreen.selectPriority(document.getPriority()): null

23-05-2025T23:09:21 - [TEST_STEP][PASSED] - pdfSignScreen.selectTime(document.getTime()): null

23-05-2025T23:09:24 - [TEST_STEP][PASSED] - pdfSignScreen.fillInDescription(document.getDescription()): null

23-05-2025T23:09:26 - [TEST_STEP][PASSED] - pdfSignScreen.selectAssigner(getAssigner().getEmail()): null

23-05-2025T23:09:32 - [TEST_STEP][PASSED] - pdfSignScreen.openMainFileBrowser(): null

23-05-2025T23:09:37 - [TEST_STEP][PASSED] - fileBrowserScreen.attachFile(document.getMainFileName()): null

23-05-2025T23:09:46 - [TEST_STEP][PASSED] - pdfSignScreen.openSubFileBrowser(): null

23-05-2025T23:09:47 - [TEST_STEP][PASSED] - fileBrowserScreen.attachFile(document.getSubFileName()): null

23-05-2025T23:09:57 - [TEST_STEP][PASSED] - pdfSignScreen.performAction(SEND_APPROVE): null

23-05-2025T23:09:59 - [TEST_STEP][PASSED] - pdfSignScreen.fillInOpinion(document.getComment()): null

23-05-2025T23:10:01 - [TEST_STEP][PASSED] - pdfSignScreen.submitRequest(): null

23-05-2025T23:10:09 - [TEST_STEP][PASSED] - documentInformationScreen.backToHome(): null

23-05-2025T23:10:09 - [TEST_STEP][PASSED] - homeScreen.logout(): null

23-05-2025T23:10:17 - [TEST_STEP][PASSED] - document.setStatus(WAIT_APPROVE): null

23-05-2025T23:10:17 - [TEST_STEP][PASSED] - document.setAssigner(auto5): null

23-05-2025T23:10:17 - [TEST_STEP][PASSED] - loginScreen.login(auto6): null

23-05-2025T23:10:26 - [TEST_STEP][PASSED] - homeScreen.goToIncomingDocument(): null

23-05-2025T23:10:26 - [TEST_STEP][PASSED] - inComingDocument.viewInformationDocument(document): View document Trình ký 1748016537062

23-05-2025T23:10:26 - [MESSAGE][INFO] - View document Trình ký 1748016537062

23-05-2025T23:10:32 - [TEST_STEP][PASSED] - documentInformationScreen.checkDocumentTitle(document): Verify equals GUI: Trình ký 1748016537062 - DATA: Trình ký 1748016537062

23-05-2025T23:10:32 - [MESSAGE][PASSED] - Verify equals GUI: Trình ký 1748016537062 - DATA: Trình ký 1748016537062

23-05-2025T23:10:32 - [TEST_STEP][PASSED] - documentInformationScreen.checkSender(document): Verify equals GUI: Auto Test User 1 - DATA: Auto Test User 1

23-05-2025T23:10:32 - [MESSAGE][PASSED] - Verify equals GUI: Auto Test User 1 - DATA: Auto Test User 1

23-05-2025T23:10:32 - [TEST_STEP][PASSED] - documentInformationScreen.checkStatus(document): Verify equals GUI: Chờ giám sát phê duyệt - DATA: Chờ giám sát phê duyệt

23-05-2025T23:10:33 - [MESSAGE][PASSED] - Verify equals GUI: Chờ giám sát phê duyệt - DATA: Chờ giám sát phê duyệt

23-05-2025T23:10:33 - [TEST_STEP][PASSED] - documentInformationScreen.checkCreateDate(): Verify equals GUI: 23/05/2025 - DATA: 23/05/2025

23-05-2025T23:10:33 - [MESSAGE][PASSED] - Verify equals GUI: 23/05/2025 - DATA: 23/05/2025

23-05-2025T23:10:33 - [TEST_STEP][PASSED] - documentInformationScreen.checkFinishDate(document): Verify equals GUI: 24/05/2025 - DATA: 24/05/2025

23-05-2025T23:10:33 - [MESSAGE][PASSED] - Verify equals GUI: 24/05/2025 - DATA: 24/05/2025

23-05-2025T23:10:33 - [TEST_STEP][PASSED] - documentInformationScreen.checkPriority(document): Verify equals GUI: Bình thường - DATA: Bình thường

23-05-2025T23:10:33 - [MESSAGE][PASSED] - Verify equals GUI: Bình thường - DATA: Bình thường

23-05-2025T23:10:33 - [TEST_STEP][PASSED] - documentInformationScreen.checkDescription(document): Verify equals GUI: 009 DUYET NHANH - DATA: 009 DUYET NHANH

23-05-2025T23:10:33 - [MESSAGE][PASSED] - Verify equals GUI: 009 DUYET NHANH - DATA: 009 DUYET NHANH

23-05-2025T23:10:33 - [TEST_STEP][PASSED] - documentInformationScreen.checkAssigner(document): Verify contains GUI: auto1@hdbank.com.vn - DATA: auto1@hdbank.com.vn

23-05-2025T23:10:34 - [MESSAGE][PASSED] - Verify contains GUI: auto1@hdbank.com.vn - DATA: auto1@hdbank.com.vn

23-05-2025T23:10:34 - [TEST_STEP][PASSED] - documentInformationScreen.checkPresentFileName(document): Verify contains GUI: dummy_20250523230946.ozd - DATA: dummy

23-05-2025T23:10:36 - [MESSAGE][PASSED] - Verify contains GUI: dummy_20250523230946.ozd - DATA: dummy

23-05-2025T23:10:36 - [TEST_STEP][PASSED] - documentInformationScreen.checkAttachFileName(document): Expected true condition

23-05-2025T23:10:38 - [MESSAGE][PASSED] - Expected true condition

23-05-2025T23:10:38 - [TEST_STEP][PASSED] - documentInformationScreen.backToHome(): null

23-05-2025T23:10:42 - [TEST_STEP][PASSED] - inComingDocument.performAction(document, QUICK_APPROVE): null

23-05-2025T23:10:47 - [TEST_STEP][PASSED] - document.setSender(auto6): null

23-05-2025T23:10:47 - [TEST_STEP][PASSED] - inComingDocument.checkItemInDocument(): null

23-05-2025T23:10:47 - [TEST_STEP][PASSED] - homeScreen.goToOutComingDocument(): null

23-05-2025T23:10:57 - [TEST_STEP][PASSED] - outComingDocument.viewInformationDocument(document): null

23-05-2025T23:10:58 - [TEST_STEP][PASSED] - documentInformationScreen.checkDocumentTitle(document): Verify equals GUI: Trình ký 1748016537062 - DATA: Trình ký 1748016537062

23-05-2025T23:11:04 - [MESSAGE][PASSED] - Verify equals GUI: Trình ký 1748016537062 - DATA: Trình ký 1748016537062

23-05-2025T23:11:04 - [TEST_STEP][PASSED] - documentInformationScreen.checkSender(document): Verify equals GUI: Auto Test User 2 - DATA: Auto Test User 2

23-05-2025T23:11:04 - [MESSAGE][PASSED] - Verify equals GUI: Auto Test User 2 - DATA: Auto Test User 2

23-05-2025T23:11:04 - [TEST_STEP][PASSED] - documentInformationScreen.checkStatus(document): Verify equals GUI: Đã duyệt - DATA: Đã duyệt

23-05-2025T23:11:04 - [MESSAGE][PASSED] - Verify equals GUI: Đã duyệt - DATA: Đã duyệt

23-05-2025T23:11:04 - [TEST_STEP][PASSED] - documentInformationScreen.checkCreateDate(): Verify equals GUI: 23/05/2025 - DATA: 23/05/2025

23-05-2025T23:11:04 - [MESSAGE][PASSED] - Verify equals GUI: 23/05/2025 - DATA: 23/05/2025

23-05-2025T23:11:04 - [TEST_STEP][PASSED] - documentInformationScreen.checkFinishDate(document): Verify equals GUI: 24/05/2025 - DATA: 24/05/2025

23-05-2025T23:11:04 - [MESSAGE][PASSED] - Verify equals GUI: 24/05/2025 - DATA: 24/05/2025

23-05-2025T23:11:04 - [TEST_STEP][PASSED] - documentInformationScreen.checkPriority(document): Verify equals GUI: Bình thường - DATA: Bình thường

23-05-2025T23:11:05 - [MESSAGE][PASSED] - Verify equals GUI: Bình thường - DATA: Bình thường

23-05-2025T23:11:05 - [TEST_STEP][PASSED] - documentInformationScreen.checkDescription(document): Verify equals GUI: 009 DUYET NHANH - DATA: 009 DUYET NHANH

23-05-2025T23:11:05 - [MESSAGE][PASSED] - Verify equals GUI: 009 DUYET NHANH - DATA: 009 DUYET NHANH

23-05-2025T23:11:05 - [TEST_STEP][PASSED] - documentInformationScreen.checkAssigner(document): Verify contains GUI: auto1@hdbank.com.vn - DATA: auto1@hdbank.com.vn

23-05-2025T23:11:06 - [MESSAGE][PASSED] - Verify contains GUI: auto1@hdbank.com.vn - DATA: auto1@hdbank.com.vn

23-05-2025T23:11:06 - [TEST_STEP][PASSED] - documentInformationScreen.checkPresentFileName(document): Verify contains GUI: dummy_20250523230946.ozd - DATA: dummy

23-05-2025T23:11:07 - [MESSAGE][PASSED] - Verify contains GUI: dummy_20250523230946.ozd - DATA: dummy

23-05-2025T23:11:07 - [TEST_STEP][PASSED] - documentInformationScreen.checkAttachFileName(document): Expected true condition

23-05-2025T23:11:09 - [MESSAGE][PASSED] - Expected true condition

23-05-2025T23:11:09 - [TEST_STEP][PASSED] - documentInformationScreen.backToHome(): null

23-05-2025T23:11:14 - [TEST_STEP][PASSED] - inComingDocument.checkItemInDocument(): null

23-05-2025T23:11:14 - [TEST_STEP][PASSED] - Start listener action : afterTest: null

23-05-2025T23:11:14 - [TEST_STEP][PASSED] - if (testCaseStatus != "PASSED"): null

23-05-2025T23:11:14 - [TEST_STEP][PASSED] - drivers.Driver.closeApp(): drivers.Driver.closeApp is PASSED

23-05-2025T23:11:14 - [MESSAGE][PASSED] - drivers.Driver.closeApp is PASSED

23-05-2025T23:11:14 - [TEST_STEP][PASSED] - if (tsContext == null): null]]></system-out>
         <system-err><![CDATA[]]></system-err>
      </testcase>
      <testcase name="Test Cases/IPAPER APP/010 DUYET CO DIEU KIEN_NHAP Y KIEN" time="145.441" classname="Test Cases/IPAPER APP/010 DUYET CO DIEU KIEN_NHAP Y KIEN" status="PASSED">
         <system-out><![CDATA[23-05-2025T23:11:14 - [TEST_CASE][PASSED] - Test Cases/IPAPER APP/010 DUYET CO DIEU KIEN_NHAP Y KIEN: Test Cases/IPAPER APP/010 DUYET CO DIEU KIEN_NHAP Y KIEN

23-05-2025T23:11:14 - [TEST_STEP][PASSED] - Start listener action : beforeTest: drivers.Driver.openApp is PASSED

23-05-2025T23:11:14 - [TEST_STEP][PASSED] - DataTest.init(): null

23-05-2025T23:11:14 - [TEST_STEP][PASSED] - testCaseId = split("/").last(): null

23-05-2025T23:11:14 - [TEST_STEP][PASSED] - if (!(drivers.Driver.isAppiumRunning())): drivers.Driver.isAppiumRunning is PASSED

23-05-2025T23:11:14 - [MESSAGE][INFO] - Appium running: true

23-05-2025T23:11:14 - [MESSAGE][PASSED] - drivers.Driver.isAppiumRunning is PASSED

23-05-2025T23:11:14 - [TEST_STEP][PASSED] - if (driver == null || driver.getSessionId() == null): null

23-05-2025T23:11:14 - [TEST_STEP][PASSED] - drivers.Driver.openApp(): drivers.Driver.openApp is PASSED

23-05-2025T23:11:17 - [MESSAGE][PASSED] - drivers.Driver.openApp is PASSED

23-05-2025T23:11:17 - [TEST_STEP][PASSED] - REQUEST_NAME = "Trình ký PDF có sẵn": null

23-05-2025T23:11:17 - [TEST_STEP][PASSED] - QUICK_APPROVE_OPINION = "Duyệt nhanh có điều kiện": null

23-05-2025T23:11:17 - [TEST_STEP][PASSED] - auto5 = DataTest.getUserTest5(): null

23-05-2025T23:11:17 - [TEST_STEP][PASSED] - auto6 = DataTest.getUserTest6(): null

23-05-2025T23:11:17 - [TEST_STEP][PASSED] - document = DataTest.createDocumentTest(auto5, auto6, null, "dummy.pdf", "dummy.pdf"): null

23-05-2025T23:11:17 - [TEST_STEP][PASSED] - loginScreen.login(auto5): null

23-05-2025T23:11:24 - [TEST_STEP][PASSED] - homeScreen.openRequestList(): null

23-05-2025T23:11:29 - [TEST_STEP][PASSED] - homeScreen.createRequest(REQUEST_NAME): null

23-05-2025T23:11:36 - [TEST_STEP][PASSED] - pdfSignScreen.fillInTitle(document.getTitle()): null

23-05-2025T23:11:38 - [TEST_STEP][PASSED] - pdfSignScreen.selectPriority(document.getPriority()): null

23-05-2025T23:11:41 - [TEST_STEP][PASSED] - pdfSignScreen.selectTime(document.getTime()): null

23-05-2025T23:11:43 - [TEST_STEP][PASSED] - pdfSignScreen.fillInDescription(document.getDescription()): null

23-05-2025T23:11:45 - [TEST_STEP][PASSED] - pdfSignScreen.selectAssigner(getAssigner().getEmail()): null

23-05-2025T23:11:51 - [TEST_STEP][PASSED] - pdfSignScreen.openMainFileBrowser(): null

23-05-2025T23:11:56 - [TEST_STEP][PASSED] - fileBrowserScreen.attachFile(document.getMainFileName()): null

23-05-2025T23:12:06 - [TEST_STEP][PASSED] - pdfSignScreen.openSubFileBrowser(): null

23-05-2025T23:12:07 - [TEST_STEP][PASSED] - fileBrowserScreen.attachFile(document.getSubFileName()): null

23-05-2025T23:12:18 - [TEST_STEP][PASSED] - pdfSignScreen.performAction(SEND_APPROVE): null

23-05-2025T23:12:20 - [TEST_STEP][PASSED] - pdfSignScreen.fillInOpinion(document.getComment()): null

23-05-2025T23:12:21 - [TEST_STEP][PASSED] - pdfSignScreen.submitRequest(): null

23-05-2025T23:12:30 - [TEST_STEP][PASSED] - documentInformationScreen.backToHome(): null

23-05-2025T23:12:30 - [TEST_STEP][PASSED] - homeScreen.logout(): null

23-05-2025T23:12:39 - [TEST_STEP][PASSED] - document.setStatus(WAIT_APPROVE): null

23-05-2025T23:12:39 - [TEST_STEP][PASSED] - document.setAssigner(auto5): null

23-05-2025T23:12:39 - [TEST_STEP][PASSED] - loginScreen.login(auto6): null

23-05-2025T23:12:48 - [TEST_STEP][PASSED] - homeScreen.goToIncomingDocument(): null

23-05-2025T23:12:48 - [TEST_STEP][PASSED] - inComingDocument.viewInformationDocument(document): View document Trình ký 1748016677152

23-05-2025T23:12:48 - [MESSAGE][INFO] - View document Trình ký 1748016677152

23-05-2025T23:12:54 - [TEST_STEP][PASSED] - documentInformationScreen.checkDocumentTitle(document): Verify equals GUI: Trình ký 1748016677152 - DATA: Trình ký 1748016677152

23-05-2025T23:12:54 - [MESSAGE][PASSED] - Verify equals GUI: Trình ký 1748016677152 - DATA: Trình ký 1748016677152

23-05-2025T23:12:54 - [TEST_STEP][PASSED] - documentInformationScreen.checkSender(document): Verify equals GUI: Auto Test User 1 - DATA: Auto Test User 1

23-05-2025T23:12:55 - [MESSAGE][PASSED] - Verify equals GUI: Auto Test User 1 - DATA: Auto Test User 1

23-05-2025T23:12:55 - [TEST_STEP][PASSED] - documentInformationScreen.checkStatus(document): Verify equals GUI: Chờ giám sát phê duyệt - DATA: Chờ giám sát phê duyệt

23-05-2025T23:12:55 - [MESSAGE][PASSED] - Verify equals GUI: Chờ giám sát phê duyệt - DATA: Chờ giám sát phê duyệt

23-05-2025T23:12:55 - [TEST_STEP][PASSED] - documentInformationScreen.checkCreateDate(): Verify equals GUI: 23/05/2025 - DATA: 23/05/2025

23-05-2025T23:12:55 - [MESSAGE][PASSED] - Verify equals GUI: 23/05/2025 - DATA: 23/05/2025

23-05-2025T23:12:55 - [TEST_STEP][PASSED] - documentInformationScreen.checkFinishDate(document): Verify equals GUI: 24/05/2025 - DATA: 24/05/2025

23-05-2025T23:12:55 - [MESSAGE][PASSED] - Verify equals GUI: 24/05/2025 - DATA: 24/05/2025

23-05-2025T23:12:55 - [TEST_STEP][PASSED] - documentInformationScreen.checkPriority(document): Verify equals GUI: Khẩn cấp - DATA: Khẩn cấp

23-05-2025T23:12:55 - [MESSAGE][PASSED] - Verify equals GUI: Khẩn cấp - DATA: Khẩn cấp

23-05-2025T23:12:55 - [TEST_STEP][PASSED] - documentInformationScreen.checkDescription(document): Verify equals GUI: 010 DUYET CO DIEU KIEN_NHAP Y KIEN - DATA: 010 DUYET CO DIEU KIEN_NHAP Y KIEN

23-05-2025T23:12:55 - [MESSAGE][PASSED] - Verify equals GUI: 010 DUYET CO DIEU KIEN_NHAP Y KIEN - DATA: 010 DUYET CO DIEU KIEN_NHAP Y KIEN

23-05-2025T23:12:55 - [TEST_STEP][PASSED] - documentInformationScreen.checkAssigner(document): Verify contains GUI: auto1@hdbank.com.vn - DATA: auto1@hdbank.com.vn

23-05-2025T23:12:57 - [MESSAGE][PASSED] - Verify contains GUI: auto1@hdbank.com.vn - DATA: auto1@hdbank.com.vn

23-05-2025T23:12:57 - [TEST_STEP][PASSED] - documentInformationScreen.checkPresentFileName(document): Verify contains GUI: dummy_20250523231207.ozd - DATA: dummy

23-05-2025T23:12:58 - [MESSAGE][PASSED] - Verify contains GUI: dummy_20250523231207.ozd - DATA: dummy

23-05-2025T23:12:58 - [TEST_STEP][PASSED] - documentInformationScreen.checkAttachFileName(document): Expected true condition

23-05-2025T23:12:59 - [MESSAGE][PASSED] - Expected true condition

23-05-2025T23:12:59 - [TEST_STEP][PASSED] - document.setSender(auto6): null

23-05-2025T23:12:59 - [TEST_STEP][PASSED] - documentInformationScreen.backToHome(): null

23-05-2025T23:13:04 - [TEST_STEP][PASSED] - inComingDocument.performAction(document, APPROVE_WITH_CONDITION, QUICK_APPROVE_OPINION): null

23-05-2025T23:13:12 - [TEST_STEP][PASSED] - inComingDocument.checkItemInDocument(): null

23-05-2025T23:13:12 - [TEST_STEP][PASSED] - homeScreen.goToOutComingDocument(): null

23-05-2025T23:13:22 - [TEST_STEP][PASSED] - outComingDocument.viewInformationDocument(document): null

23-05-2025T23:13:23 - [TEST_STEP][PASSED] - documentInformationScreen.checkDocumentTitle(document): Verify equals GUI: Trình ký 1748016677152 - DATA: Trình ký 1748016677152

23-05-2025T23:13:28 - [MESSAGE][PASSED] - Verify equals GUI: Trình ký 1748016677152 - DATA: Trình ký 1748016677152

23-05-2025T23:13:28 - [TEST_STEP][PASSED] - documentInformationScreen.checkSender(document): Verify equals GUI: Auto Test User 2 - DATA: Auto Test User 2

23-05-2025T23:13:28 - [MESSAGE][PASSED] - Verify equals GUI: Auto Test User 2 - DATA: Auto Test User 2

23-05-2025T23:13:28 - [TEST_STEP][PASSED] - documentInformationScreen.checkStatus(document): Verify equals GUI: Đã duyệt - DATA: Đã duyệt

23-05-2025T23:13:28 - [MESSAGE][PASSED] - Verify equals GUI: Đã duyệt - DATA: Đã duyệt

23-05-2025T23:13:28 - [TEST_STEP][PASSED] - documentInformationScreen.checkCreateDate(): Verify equals GUI: 23/05/2025 - DATA: 23/05/2025

23-05-2025T23:13:28 - [MESSAGE][PASSED] - Verify equals GUI: 23/05/2025 - DATA: 23/05/2025

23-05-2025T23:13:28 - [TEST_STEP][PASSED] - documentInformationScreen.checkFinishDate(document): Verify equals GUI: 24/05/2025 - DATA: 24/05/2025

23-05-2025T23:13:28 - [MESSAGE][PASSED] - Verify equals GUI: 24/05/2025 - DATA: 24/05/2025

23-05-2025T23:13:28 - [TEST_STEP][PASSED] - documentInformationScreen.checkPriority(document): Verify equals GUI: Khẩn cấp - DATA: Khẩn cấp

23-05-2025T23:13:28 - [MESSAGE][PASSED] - Verify equals GUI: Khẩn cấp - DATA: Khẩn cấp

23-05-2025T23:13:28 - [TEST_STEP][PASSED] - documentInformationScreen.checkDescription(document): Verify equals GUI: 010 DUYET CO DIEU KIEN_NHAP Y KIEN - DATA: 010 DUYET CO DIEU KIEN_NHAP Y KIEN

23-05-2025T23:13:28 - [MESSAGE][PASSED] - Verify equals GUI: 010 DUYET CO DIEU KIEN_NHAP Y KIEN - DATA: 010 DUYET CO DIEU KIEN_NHAP Y KIEN

23-05-2025T23:13:28 - [TEST_STEP][PASSED] - documentInformationScreen.checkAssigner(document): Verify contains GUI: auto1@hdbank.com.vn - DATA: auto1@hdbank.com.vn

23-05-2025T23:13:30 - [MESSAGE][PASSED] - Verify contains GUI: auto1@hdbank.com.vn - DATA: auto1@hdbank.com.vn

23-05-2025T23:13:30 - [TEST_STEP][PASSED] - documentInformationScreen.checkPresentFileName(document): Verify contains GUI: dummy_20250523231207.ozd - DATA: dummy

23-05-2025T23:13:31 - [MESSAGE][PASSED] - Verify contains GUI: dummy_20250523231207.ozd - DATA: dummy

23-05-2025T23:13:31 - [TEST_STEP][PASSED] - documentInformationScreen.checkAttachFileName(document): Expected true condition

23-05-2025T23:13:33 - [MESSAGE][PASSED] - Expected true condition

23-05-2025T23:13:33 - [TEST_STEP][PASSED] - documentInformationScreen.checkComment(auto6, QUICK_APPROVE_OPINION): Check comment of Auto Test User 2 is Duyệt nhanh có điều kiện

23-05-2025T23:13:34 - [MESSAGE][INFO] - GUI COMMENT: Duyệt nhanh có điều kiện - DATA COMMENT: Duyệt nhanh có điều kiện

23-05-2025T23:13:34 - [MESSAGE][PASSED] - Check comment of Auto Test User 2 is Duyệt nhanh có điều kiện

23-05-2025T23:13:34 - [TEST_STEP][PASSED] - documentInformationScreen.backToHome(): null

23-05-2025T23:13:39 - [TEST_STEP][PASSED] - inComingDocument.checkItemInDocument(): null

23-05-2025T23:13:39 - [TEST_STEP][PASSED] - Start listener action : afterTest: null

23-05-2025T23:13:39 - [TEST_STEP][PASSED] - if (testCaseStatus != "PASSED"): null

23-05-2025T23:13:39 - [TEST_STEP][PASSED] - drivers.Driver.closeApp(): drivers.Driver.closeApp is PASSED

23-05-2025T23:13:39 - [MESSAGE][PASSED] - drivers.Driver.closeApp is PASSED

23-05-2025T23:13:39 - [TEST_STEP][PASSED] - if (tsContext == null): null]]></system-out>
         <system-err><![CDATA[]]></system-err>
      </testcase>
      <testcase name="Test Cases/IPAPER APP/011 DUYET CO DIEU KIEN_KHONG NHAP Y KIEN" time="142.585" classname="Test Cases/IPAPER APP/011 DUYET CO DIEU KIEN_KHONG NHAP Y KIEN" status="PASSED">
         <system-out><![CDATA[23-05-2025T23:13:39 - [TEST_CASE][PASSED] - Test Cases/IPAPER APP/011 DUYET CO DIEU KIEN_KHONG NHAP Y KIEN: Test Cases/IPAPER APP/011 DUYET CO DIEU KIEN_KHONG NHAP Y KIEN

23-05-2025T23:13:39 - [TEST_STEP][PASSED] - Start listener action : beforeTest: drivers.Driver.openApp is PASSED

23-05-2025T23:13:39 - [TEST_STEP][PASSED] - DataTest.init(): null

23-05-2025T23:13:39 - [TEST_STEP][PASSED] - testCaseId = split("/").last(): null

23-05-2025T23:13:39 - [TEST_STEP][PASSED] - if (!(drivers.Driver.isAppiumRunning())): drivers.Driver.isAppiumRunning is PASSED

23-05-2025T23:13:39 - [MESSAGE][INFO] - Appium running: true

23-05-2025T23:13:39 - [MESSAGE][PASSED] - drivers.Driver.isAppiumRunning is PASSED

23-05-2025T23:13:39 - [TEST_STEP][PASSED] - if (driver == null || driver.getSessionId() == null): null

23-05-2025T23:13:39 - [TEST_STEP][PASSED] - drivers.Driver.openApp(): drivers.Driver.openApp is PASSED

23-05-2025T23:13:42 - [MESSAGE][PASSED] - drivers.Driver.openApp is PASSED

23-05-2025T23:13:42 - [TEST_STEP][PASSED] - REQUEST_NAME = "Trình ký PDF có sẵn": null

23-05-2025T23:13:42 - [TEST_STEP][PASSED] - QUICK_APPROVE_OPINION = "Không có bình luận": null

23-05-2025T23:13:42 - [TEST_STEP][PASSED] - auto5 = DataTest.getUserTest5(): null

23-05-2025T23:13:42 - [TEST_STEP][PASSED] - auto6 = DataTest.getUserTest6(): null

23-05-2025T23:13:42 - [TEST_STEP][PASSED] - document = DataTest.createDocumentTest(auto5, auto6, null, "dummy.pdf", "dummy.pdf"): null

23-05-2025T23:13:42 - [TEST_STEP][PASSED] - loginScreen.login(auto5): null

23-05-2025T23:13:49 - [TEST_STEP][PASSED] - homeScreen.openRequestList(): null

23-05-2025T23:13:54 - [TEST_STEP][PASSED] - homeScreen.createRequest(REQUEST_NAME): null

23-05-2025T23:14:01 - [TEST_STEP][PASSED] - pdfSignScreen.fillInTitle(document.getTitle()): null

23-05-2025T23:14:04 - [TEST_STEP][PASSED] - pdfSignScreen.selectPriority(document.getPriority()): null

23-05-2025T23:14:06 - [TEST_STEP][PASSED] - pdfSignScreen.selectTime(document.getTime()): null

23-05-2025T23:14:08 - [TEST_STEP][PASSED] - pdfSignScreen.fillInDescription(document.getDescription()): null

23-05-2025T23:14:10 - [TEST_STEP][PASSED] - pdfSignScreen.selectAssigner(getAssigner().getEmail()): null

23-05-2025T23:14:16 - [TEST_STEP][PASSED] - pdfSignScreen.openMainFileBrowser(): null

23-05-2025T23:14:22 - [TEST_STEP][PASSED] - fileBrowserScreen.attachFile(document.getMainFileName()): null

23-05-2025T23:14:30 - [TEST_STEP][PASSED] - pdfSignScreen.openSubFileBrowser(): null

23-05-2025T23:14:31 - [TEST_STEP][PASSED] - fileBrowserScreen.attachFile(document.getSubFileName()): null

23-05-2025T23:14:40 - [TEST_STEP][PASSED] - pdfSignScreen.performAction(SEND_APPROVE): null

23-05-2025T23:14:43 - [TEST_STEP][PASSED] - pdfSignScreen.fillInOpinion(document.getComment()): null

23-05-2025T23:14:44 - [TEST_STEP][PASSED] - pdfSignScreen.submitRequest(): null

23-05-2025T23:14:52 - [TEST_STEP][PASSED] - documentInformationScreen.backToHome(): null

23-05-2025T23:14:52 - [TEST_STEP][PASSED] - homeScreen.logout(): null

23-05-2025T23:15:00 - [TEST_STEP][PASSED] - document.setStatus(WAIT_APPROVE): null

23-05-2025T23:15:00 - [TEST_STEP][PASSED] - document.setAssigner(auto5): null

23-05-2025T23:15:00 - [TEST_STEP][PASSED] - loginScreen.login(auto6): null

23-05-2025T23:15:09 - [TEST_STEP][PASSED] - homeScreen.goToIncomingDocument(): null

23-05-2025T23:15:09 - [TEST_STEP][PASSED] - inComingDocument.viewInformationDocument(document): View document Trình ký 1748016822591

23-05-2025T23:15:09 - [MESSAGE][INFO] - View document Trình ký 1748016822591

23-05-2025T23:15:15 - [TEST_STEP][PASSED] - documentInformationScreen.checkDocumentTitle(document): Verify equals GUI: Trình ký 1748016822591 - DATA: Trình ký 1748016822591

23-05-2025T23:15:15 - [MESSAGE][PASSED] - Verify equals GUI: Trình ký 1748016822591 - DATA: Trình ký 1748016822591

23-05-2025T23:15:15 - [TEST_STEP][PASSED] - documentInformationScreen.checkSender(document): Verify equals GUI: Auto Test User 1 - DATA: Auto Test User 1

23-05-2025T23:15:16 - [MESSAGE][PASSED] - Verify equals GUI: Auto Test User 1 - DATA: Auto Test User 1

23-05-2025T23:15:16 - [TEST_STEP][PASSED] - documentInformationScreen.checkStatus(document): Verify equals GUI: Chờ giám sát phê duyệt - DATA: Chờ giám sát phê duyệt

23-05-2025T23:15:16 - [MESSAGE][PASSED] - Verify equals GUI: Chờ giám sát phê duyệt - DATA: Chờ giám sát phê duyệt

23-05-2025T23:15:16 - [TEST_STEP][PASSED] - documentInformationScreen.checkCreateDate(): Verify equals GUI: 23/05/2025 - DATA: 23/05/2025

23-05-2025T23:15:16 - [MESSAGE][PASSED] - Verify equals GUI: 23/05/2025 - DATA: 23/05/2025

23-05-2025T23:15:16 - [TEST_STEP][PASSED] - documentInformationScreen.checkFinishDate(document): Verify equals GUI: 24/05/2025 - DATA: 24/05/2025

23-05-2025T23:15:16 - [MESSAGE][PASSED] - Verify equals GUI: 24/05/2025 - DATA: 24/05/2025

23-05-2025T23:15:16 - [TEST_STEP][PASSED] - documentInformationScreen.checkPriority(document): Verify equals GUI: Cao - DATA: Cao

23-05-2025T23:15:16 - [MESSAGE][PASSED] - Verify equals GUI: Cao - DATA: Cao

23-05-2025T23:15:16 - [TEST_STEP][PASSED] - documentInformationScreen.checkDescription(document): Verify equals GUI: 011 DUYET CO DIEU KIEN_KHONG NHAP Y KIEN - DATA: 011 DUYET CO DIEU KIEN_KHONG NHAP Y KIEN

23-05-2025T23:15:16 - [MESSAGE][PASSED] - Verify equals GUI: 011 DUYET CO DIEU KIEN_KHONG NHAP Y KIEN - DATA: 011 DUYET CO DIEU KIEN_KHONG NHAP Y KIEN

23-05-2025T23:15:16 - [TEST_STEP][PASSED] - documentInformationScreen.checkAssigner(document): Verify contains GUI: auto1@hdbank.com.vn - DATA: auto1@hdbank.com.vn

23-05-2025T23:15:18 - [MESSAGE][PASSED] - Verify contains GUI: auto1@hdbank.com.vn - DATA: auto1@hdbank.com.vn

23-05-2025T23:15:18 - [TEST_STEP][PASSED] - documentInformationScreen.checkPresentFileName(document): Verify contains GUI: dummy_20250523231431.ozd - DATA: dummy

23-05-2025T23:15:19 - [MESSAGE][PASSED] - Verify contains GUI: dummy_20250523231431.ozd - DATA: dummy

23-05-2025T23:15:19 - [TEST_STEP][PASSED] - documentInformationScreen.checkAttachFileName(document): Expected true condition

23-05-2025T23:15:20 - [MESSAGE][PASSED] - Expected true condition

23-05-2025T23:15:20 - [TEST_STEP][PASSED] - documentInformationScreen.backToHome(): null

23-05-2025T23:15:25 - [TEST_STEP][PASSED] - inComingDocument.performAction(document, APPROVE_WITH_CONDITION, QUICK_APPROVE_OPINION): null

23-05-2025T23:15:34 - [TEST_STEP][PASSED] - document.setSender(auto6): null

23-05-2025T23:15:34 - [TEST_STEP][PASSED] - inComingDocument.checkItemInDocument(): null

23-05-2025T23:15:34 - [TEST_STEP][PASSED] - homeScreen.goToOutComingDocument(): null

23-05-2025T23:15:44 - [TEST_STEP][PASSED] - outComingDocument.viewInformationDocument(document): null

23-05-2025T23:15:45 - [TEST_STEP][PASSED] - documentInformationScreen.checkDocumentTitle(document): Verify equals GUI: Trình ký 1748016822591 - DATA: Trình ký 1748016822591

23-05-2025T23:15:50 - [MESSAGE][PASSED] - Verify equals GUI: Trình ký 1748016822591 - DATA: Trình ký 1748016822591

23-05-2025T23:15:50 - [TEST_STEP][PASSED] - documentInformationScreen.checkSender(document): Verify equals GUI: Auto Test User 2 - DATA: Auto Test User 2

23-05-2025T23:15:51 - [MESSAGE][PASSED] - Verify equals GUI: Auto Test User 2 - DATA: Auto Test User 2

23-05-2025T23:15:51 - [TEST_STEP][PASSED] - documentInformationScreen.checkStatus(document): Verify equals GUI: Đã duyệt - DATA: Đã duyệt

23-05-2025T23:15:51 - [MESSAGE][PASSED] - Verify equals GUI: Đã duyệt - DATA: Đã duyệt

23-05-2025T23:15:51 - [TEST_STEP][PASSED] - documentInformationScreen.checkCreateDate(): Verify equals GUI: 23/05/2025 - DATA: 23/05/2025

23-05-2025T23:15:51 - [MESSAGE][PASSED] - Verify equals GUI: 23/05/2025 - DATA: 23/05/2025

23-05-2025T23:15:51 - [TEST_STEP][PASSED] - documentInformationScreen.checkFinishDate(document): Verify equals GUI: 24/05/2025 - DATA: 24/05/2025

23-05-2025T23:15:51 - [MESSAGE][PASSED] - Verify equals GUI: 24/05/2025 - DATA: 24/05/2025

23-05-2025T23:15:51 - [TEST_STEP][PASSED] - documentInformationScreen.checkPriority(document): Verify equals GUI: Cao - DATA: Cao

23-05-2025T23:15:51 - [MESSAGE][PASSED] - Verify equals GUI: Cao - DATA: Cao

23-05-2025T23:15:51 - [TEST_STEP][PASSED] - documentInformationScreen.checkDescription(document): Verify equals GUI: 011 DUYET CO DIEU KIEN_KHONG NHAP Y KIEN - DATA: 011 DUYET CO DIEU KIEN_KHONG NHAP Y KIEN

23-05-2025T23:15:51 - [MESSAGE][PASSED] - Verify equals GUI: 011 DUYET CO DIEU KIEN_KHONG NHAP Y KIEN - DATA: 011 DUYET CO DIEU KIEN_KHONG NHAP Y KIEN

23-05-2025T23:15:51 - [TEST_STEP][PASSED] - documentInformationScreen.checkAssigner(document): Verify contains GUI: auto1@hdbank.com.vn - DATA: auto1@hdbank.com.vn

23-05-2025T23:15:52 - [MESSAGE][PASSED] - Verify contains GUI: auto1@hdbank.com.vn - DATA: auto1@hdbank.com.vn

23-05-2025T23:15:52 - [TEST_STEP][PASSED] - documentInformationScreen.checkPresentFileName(document): Verify contains GUI: dummy_20250523231431.ozd - DATA: dummy

23-05-2025T23:15:53 - [MESSAGE][PASSED] - Verify contains GUI: dummy_20250523231431.ozd - DATA: dummy

23-05-2025T23:15:53 - [TEST_STEP][PASSED] - documentInformationScreen.checkAttachFileName(document): Expected true condition

23-05-2025T23:15:55 - [MESSAGE][PASSED] - Expected true condition

23-05-2025T23:15:55 - [TEST_STEP][PASSED] - documentInformationScreen.checkComment(auto6, QUICK_APPROVE_OPINION): Check comment of Auto Test User 2 is Không có bình luận

23-05-2025T23:15:57 - [MESSAGE][INFO] - GUI COMMENT: Không có bình luận - DATA COMMENT: Không có bình luận

23-05-2025T23:15:57 - [MESSAGE][PASSED] - Check comment of Auto Test User 2 is Không có bình luận

23-05-2025T23:15:57 - [TEST_STEP][PASSED] - documentInformationScreen.backToHome(): null

23-05-2025T23:16:02 - [TEST_STEP][PASSED] - inComingDocument.checkItemInDocument(): null

23-05-2025T23:16:02 - [TEST_STEP][PASSED] - Start listener action : afterTest: null

23-05-2025T23:16:02 - [TEST_STEP][PASSED] - if (testCaseStatus != "PASSED"): null

23-05-2025T23:16:02 - [TEST_STEP][PASSED] - drivers.Driver.closeApp(): drivers.Driver.closeApp is PASSED

23-05-2025T23:16:02 - [MESSAGE][PASSED] - drivers.Driver.closeApp is PASSED

23-05-2025T23:16:02 - [TEST_STEP][PASSED] - if (tsContext == null): null]]></system-out>
         <system-err><![CDATA[]]></system-err>
      </testcase>
      <testcase name="Test Cases/IPAPER APP/012 DUYET CHI TIET_NHAP Y KIEN" time="142.546" classname="Test Cases/IPAPER APP/012 DUYET CHI TIET_NHAP Y KIEN" status="PASSED">
         <system-out><![CDATA[23-05-2025T23:16:02 - [TEST_CASE][PASSED] - Test Cases/IPAPER APP/012 DUYET CHI TIET_NHAP Y KIEN: Test Cases/IPAPER APP/012 DUYET CHI TIET_NHAP Y KIEN

23-05-2025T23:16:02 - [TEST_STEP][PASSED] - Start listener action : beforeTest: drivers.Driver.openApp is PASSED

23-05-2025T23:16:02 - [TEST_STEP][PASSED] - DataTest.init(): null

23-05-2025T23:16:02 - [TEST_STEP][PASSED] - testCaseId = split("/").last(): null

23-05-2025T23:16:02 - [TEST_STEP][PASSED] - if (!(drivers.Driver.isAppiumRunning())): drivers.Driver.isAppiumRunning is PASSED

23-05-2025T23:16:02 - [MESSAGE][INFO] - Appium running: true

23-05-2025T23:16:02 - [MESSAGE][PASSED] - drivers.Driver.isAppiumRunning is PASSED

23-05-2025T23:16:02 - [TEST_STEP][PASSED] - if (driver == null || driver.getSessionId() == null): null

23-05-2025T23:16:02 - [TEST_STEP][PASSED] - drivers.Driver.openApp(): drivers.Driver.openApp is PASSED

23-05-2025T23:16:05 - [MESSAGE][PASSED] - drivers.Driver.openApp is PASSED

23-05-2025T23:16:05 - [TEST_STEP][PASSED] - REQUEST_NAME = "Trình ký PDF có sẵn": null

23-05-2025T23:16:05 - [TEST_STEP][PASSED] - COMMENT = "Automation approve": null

23-05-2025T23:16:05 - [TEST_STEP][PASSED] - auto5 = DataTest.getUserTest5(): null

23-05-2025T23:16:05 - [TEST_STEP][PASSED] - auto6 = DataTest.getUserTest6(): null

23-05-2025T23:16:05 - [TEST_STEP][PASSED] - document = DataTest.createDocumentTest(auto5, auto6, null, "dummy.pdf", "dummy.pdf"): null

23-05-2025T23:16:05 - [TEST_STEP][PASSED] - loginScreen.login(auto5): null

23-05-2025T23:16:12 - [TEST_STEP][PASSED] - homeScreen.openRequestList(): null

23-05-2025T23:16:17 - [TEST_STEP][PASSED] - homeScreen.createRequest(REQUEST_NAME): null

23-05-2025T23:16:23 - [TEST_STEP][PASSED] - pdfSignScreen.fillInTitle(document.getTitle()): null

23-05-2025T23:16:25 - [TEST_STEP][PASSED] - pdfSignScreen.selectPriority(document.getPriority()): null

23-05-2025T23:16:27 - [TEST_STEP][PASSED] - pdfSignScreen.selectTime(document.getTime()): null

23-05-2025T23:16:30 - [TEST_STEP][PASSED] - pdfSignScreen.fillInDescription(document.getDescription()): null

23-05-2025T23:16:32 - [TEST_STEP][PASSED] - pdfSignScreen.selectAssigner(getAssigner().getEmail()): null

23-05-2025T23:16:39 - [TEST_STEP][PASSED] - pdfSignScreen.openMainFileBrowser(): null

23-05-2025T23:16:44 - [TEST_STEP][PASSED] - fileBrowserScreen.attachFile(document.getMainFileName()): null

23-05-2025T23:16:53 - [TEST_STEP][PASSED] - pdfSignScreen.openSubFileBrowser(): null

23-05-2025T23:16:54 - [TEST_STEP][PASSED] - fileBrowserScreen.attachFile(document.getSubFileName()): null

23-05-2025T23:17:05 - [TEST_STEP][PASSED] - pdfSignScreen.performAction(SEND_APPROVE): null

23-05-2025T23:17:08 - [TEST_STEP][PASSED] - pdfSignScreen.fillInOpinion(document.getComment()): null

23-05-2025T23:17:09 - [TEST_STEP][PASSED] - pdfSignScreen.submitRequest(): null

23-05-2025T23:17:16 - [TEST_STEP][PASSED] - documentInformationScreen.backToHome(): null

23-05-2025T23:17:17 - [TEST_STEP][PASSED] - homeScreen.logout(): null

23-05-2025T23:17:25 - [TEST_STEP][PASSED] - document.setStatus(WAIT_APPROVE): null

23-05-2025T23:17:25 - [TEST_STEP][PASSED] - document.setAssigner(auto5): null

23-05-2025T23:17:25 - [TEST_STEP][PASSED] - loginScreen.login(auto6): null

23-05-2025T23:17:37 - [TEST_STEP][PASSED] - homeScreen.goToIncomingDocument(): null

23-05-2025T23:17:37 - [TEST_STEP][PASSED] - inComingDocument.viewInformationDocument(document): View document Trình ký 1748016965185

23-05-2025T23:17:37 - [MESSAGE][INFO] - View document Trình ký 1748016965185

23-05-2025T23:17:44 - [TEST_STEP][PASSED] - documentInformationScreen.checkDocumentTitle(document): Verify equals GUI: Trình ký 1748016965185 - DATA: Trình ký 1748016965185

23-05-2025T23:17:44 - [MESSAGE][PASSED] - Verify equals GUI: Trình ký 1748016965185 - DATA: Trình ký 1748016965185

23-05-2025T23:17:44 - [TEST_STEP][PASSED] - documentInformationScreen.checkSender(document): Verify equals GUI: Auto Test User 1 - DATA: Auto Test User 1

23-05-2025T23:17:44 - [MESSAGE][PASSED] - Verify equals GUI: Auto Test User 1 - DATA: Auto Test User 1

23-05-2025T23:17:44 - [TEST_STEP][PASSED] - documentInformationScreen.checkStatus(document): Verify equals GUI: Chờ giám sát phê duyệt - DATA: Chờ giám sát phê duyệt

23-05-2025T23:17:44 - [MESSAGE][PASSED] - Verify equals GUI: Chờ giám sát phê duyệt - DATA: Chờ giám sát phê duyệt

23-05-2025T23:17:44 - [TEST_STEP][PASSED] - documentInformationScreen.checkCreateDate(): Verify equals GUI: 23/05/2025 - DATA: 23/05/2025

23-05-2025T23:17:45 - [MESSAGE][PASSED] - Verify equals GUI: 23/05/2025 - DATA: 23/05/2025

23-05-2025T23:17:45 - [TEST_STEP][PASSED] - documentInformationScreen.checkFinishDate(document): Verify equals GUI: 24/05/2025 - DATA: 24/05/2025

23-05-2025T23:17:45 - [MESSAGE][PASSED] - Verify equals GUI: 24/05/2025 - DATA: 24/05/2025

23-05-2025T23:17:45 - [TEST_STEP][PASSED] - documentInformationScreen.checkPriority(document): Verify equals GUI: Bình thường - DATA: Bình thường

23-05-2025T23:17:45 - [MESSAGE][PASSED] - Verify equals GUI: Bình thường - DATA: Bình thường

23-05-2025T23:17:45 - [TEST_STEP][PASSED] - documentInformationScreen.checkDescription(document): Verify equals GUI: 012 DUYET CHI TIET_NHAP Y KIEN - DATA: 012 DUYET CHI TIET_NHAP Y KIEN

23-05-2025T23:17:45 - [MESSAGE][PASSED] - Verify equals GUI: 012 DUYET CHI TIET_NHAP Y KIEN - DATA: 012 DUYET CHI TIET_NHAP Y KIEN

23-05-2025T23:17:45 - [TEST_STEP][PASSED] - documentInformationScreen.checkAssigner(document): Verify contains GUI: auto1@hdbank.com.vn - DATA: auto1@hdbank.com.vn

23-05-2025T23:17:46 - [MESSAGE][PASSED] - Verify contains GUI: auto1@hdbank.com.vn - DATA: auto1@hdbank.com.vn

23-05-2025T23:17:46 - [TEST_STEP][PASSED] - documentInformationScreen.checkPresentFileName(document): Verify contains GUI: dummy_20250523231653.ozd - DATA: dummy

23-05-2025T23:17:48 - [MESSAGE][PASSED] - Verify contains GUI: dummy_20250523231653.ozd - DATA: dummy

23-05-2025T23:17:48 - [TEST_STEP][PASSED] - documentInformationScreen.checkAttachFileName(document): Expected true condition

23-05-2025T23:17:49 - [MESSAGE][PASSED] - Expected true condition

23-05-2025T23:17:49 - [TEST_STEP][PASSED] - documentInformationScreen.performAction(document, APPROVE, COMMENT): null

23-05-2025T23:17:58 - [TEST_STEP][PASSED] - documentInformationScreen.backToHome(): null

23-05-2025T23:17:58 - [TEST_STEP][PASSED] - document.setSender(auto6): null

23-05-2025T23:17:58 - [TEST_STEP][PASSED] - inComingDocument.checkItemInDocument(): null

23-05-2025T23:17:58 - [TEST_STEP][PASSED] - homeScreen.goToOutComingDocument(): null

23-05-2025T23:18:08 - [TEST_STEP][PASSED] - outComingDocument.viewInformationDocument(document): null

23-05-2025T23:18:10 - [TEST_STEP][PASSED] - documentInformationScreen.checkDocumentTitle(document): Verify equals GUI: Trình ký 1748016965185 - DATA: Trình ký 1748016965185

23-05-2025T23:18:13 - [MESSAGE][PASSED] - Verify equals GUI: Trình ký 1748016965185 - DATA: Trình ký 1748016965185

23-05-2025T23:18:13 - [TEST_STEP][PASSED] - documentInformationScreen.checkSender(document): Verify equals GUI: Auto Test User 2 - DATA: Auto Test User 2

23-05-2025T23:18:14 - [MESSAGE][PASSED] - Verify equals GUI: Auto Test User 2 - DATA: Auto Test User 2

23-05-2025T23:18:14 - [TEST_STEP][PASSED] - documentInformationScreen.checkStatus(document): Verify equals GUI: Đã duyệt - DATA: Đã duyệt

23-05-2025T23:18:14 - [MESSAGE][PASSED] - Verify equals GUI: Đã duyệt - DATA: Đã duyệt

23-05-2025T23:18:14 - [TEST_STEP][PASSED] - documentInformationScreen.checkCreateDate(): Verify equals GUI: 23/05/2025 - DATA: 23/05/2025

23-05-2025T23:18:14 - [MESSAGE][PASSED] - Verify equals GUI: 23/05/2025 - DATA: 23/05/2025

23-05-2025T23:18:14 - [TEST_STEP][PASSED] - documentInformationScreen.checkFinishDate(document): Verify equals GUI: 24/05/2025 - DATA: 24/05/2025

23-05-2025T23:18:14 - [MESSAGE][PASSED] - Verify equals GUI: 24/05/2025 - DATA: 24/05/2025

23-05-2025T23:18:14 - [TEST_STEP][PASSED] - documentInformationScreen.checkPriority(document): Verify equals GUI: Bình thường - DATA: Bình thường

23-05-2025T23:18:14 - [MESSAGE][PASSED] - Verify equals GUI: Bình thường - DATA: Bình thường

23-05-2025T23:18:14 - [TEST_STEP][PASSED] - documentInformationScreen.checkDescription(document): Verify equals GUI: 012 DUYET CHI TIET_NHAP Y KIEN - DATA: 012 DUYET CHI TIET_NHAP Y KIEN

23-05-2025T23:18:14 - [MESSAGE][PASSED] - Verify equals GUI: 012 DUYET CHI TIET_NHAP Y KIEN - DATA: 012 DUYET CHI TIET_NHAP Y KIEN

23-05-2025T23:18:14 - [TEST_STEP][PASSED] - documentInformationScreen.checkAssigner(document): Verify contains GUI: auto1@hdbank.com.vn - DATA: auto1@hdbank.com.vn

23-05-2025T23:18:16 - [MESSAGE][PASSED] - Verify contains GUI: auto1@hdbank.com.vn - DATA: auto1@hdbank.com.vn

23-05-2025T23:18:16 - [TEST_STEP][PASSED] - documentInformationScreen.checkPresentFileName(document): Verify contains GUI: dummy_20250523231653.ozd - DATA: dummy

23-05-2025T23:18:17 - [MESSAGE][PASSED] - Verify contains GUI: dummy_20250523231653.ozd - DATA: dummy

23-05-2025T23:18:17 - [TEST_STEP][PASSED] - documentInformationScreen.checkAttachFileName(document): Expected true condition

23-05-2025T23:18:18 - [MESSAGE][PASSED] - Expected true condition

23-05-2025T23:18:18 - [TEST_STEP][PASSED] - documentInformationScreen.checkComment(auto6, COMMENT): Check comment of Auto Test User 2 is Automation approve

23-05-2025T23:18:20 - [MESSAGE][INFO] - GUI COMMENT: Automation approve - DATA COMMENT: Automation approve

23-05-2025T23:18:20 - [MESSAGE][PASSED] - Check comment of Auto Test User 2 is Automation approve

23-05-2025T23:18:20 - [TEST_STEP][PASSED] - documentInformationScreen.backToHome(): null

23-05-2025T23:18:24 - [TEST_STEP][PASSED] - inComingDocument.checkItemInDocument(): null

23-05-2025T23:18:24 - [TEST_STEP][PASSED] - Start listener action : afterTest: null

23-05-2025T23:18:24 - [TEST_STEP][PASSED] - if (testCaseStatus != "PASSED"): null

23-05-2025T23:18:24 - [TEST_STEP][PASSED] - drivers.Driver.closeApp(): drivers.Driver.closeApp is PASSED

23-05-2025T23:18:25 - [MESSAGE][PASSED] - drivers.Driver.closeApp is PASSED

23-05-2025T23:18:25 - [TEST_STEP][PASSED] - if (tsContext == null): null]]></system-out>
         <system-err><![CDATA[]]></system-err>
      </testcase>
      <testcase name="Test Cases/IPAPER APP/013 DUYET CHI TIET_KHONG NHAP Y KIEN" time="134.391" classname="Test Cases/IPAPER APP/013 DUYET CHI TIET_KHONG NHAP Y KIEN" status="PASSED">
         <system-out><![CDATA[23-05-2025T23:18:25 - [TEST_CASE][PASSED] - Test Cases/IPAPER APP/013 DUYET CHI TIET_KHONG NHAP Y KIEN: Test Cases/IPAPER APP/013 DUYET CHI TIET_KHONG NHAP Y KIEN

23-05-2025T23:18:25 - [TEST_STEP][PASSED] - Start listener action : beforeTest: drivers.Driver.openApp is PASSED

23-05-2025T23:18:25 - [TEST_STEP][PASSED] - DataTest.init(): null

23-05-2025T23:18:25 - [TEST_STEP][PASSED] - testCaseId = split("/").last(): null

23-05-2025T23:18:25 - [TEST_STEP][PASSED] - if (!(drivers.Driver.isAppiumRunning())): drivers.Driver.isAppiumRunning is PASSED

23-05-2025T23:18:25 - [MESSAGE][INFO] - Appium running: true

23-05-2025T23:18:25 - [MESSAGE][PASSED] - drivers.Driver.isAppiumRunning is PASSED

23-05-2025T23:18:25 - [TEST_STEP][PASSED] - if (driver == null || driver.getSessionId() == null): null

23-05-2025T23:18:25 - [TEST_STEP][PASSED] - drivers.Driver.openApp(): drivers.Driver.openApp is PASSED

23-05-2025T23:18:27 - [MESSAGE][PASSED] - drivers.Driver.openApp is PASSED

23-05-2025T23:18:27 - [TEST_STEP][PASSED] - REQUEST_NAME = "Trình ký PDF có sẵn": null

23-05-2025T23:18:27 - [TEST_STEP][PASSED] - COMMENT = "Không có bình luận": null

23-05-2025T23:18:27 - [TEST_STEP][PASSED] - auto5 = DataTest.getUserTest5(): null

23-05-2025T23:18:27 - [TEST_STEP][PASSED] - auto6 = DataTest.getUserTest6(): null

23-05-2025T23:18:27 - [TEST_STEP][PASSED] - document = DataTest.createDocumentTest(auto5, auto6, null, "dummy.pdf", "dummy.pdf"): null

23-05-2025T23:18:27 - [TEST_STEP][PASSED] - loginScreen.login(auto5): null

23-05-2025T23:18:34 - [TEST_STEP][PASSED] - homeScreen.openRequestList(): null

23-05-2025T23:18:39 - [TEST_STEP][PASSED] - homeScreen.createRequest(REQUEST_NAME): null

23-05-2025T23:18:46 - [TEST_STEP][PASSED] - pdfSignScreen.fillInTitle(document.getTitle()): null

23-05-2025T23:18:49 - [TEST_STEP][PASSED] - pdfSignScreen.selectPriority(document.getPriority()): null

23-05-2025T23:18:51 - [TEST_STEP][PASSED] - pdfSignScreen.selectTime(document.getTime()): null

23-05-2025T23:18:54 - [TEST_STEP][PASSED] - pdfSignScreen.fillInDescription(document.getDescription()): null

23-05-2025T23:18:56 - [TEST_STEP][PASSED] - pdfSignScreen.selectAssigner(getAssigner().getEmail()): null

23-05-2025T23:19:02 - [TEST_STEP][PASSED] - pdfSignScreen.openMainFileBrowser(): null

23-05-2025T23:19:07 - [TEST_STEP][PASSED] - fileBrowserScreen.attachFile(document.getMainFileName()): null

23-05-2025T23:19:16 - [TEST_STEP][PASSED] - pdfSignScreen.openSubFileBrowser(): null

23-05-2025T23:19:17 - [TEST_STEP][PASSED] - fileBrowserScreen.attachFile(document.getSubFileName()): null

23-05-2025T23:19:26 - [TEST_STEP][PASSED] - pdfSignScreen.performAction(SEND_APPROVE): null

23-05-2025T23:19:29 - [TEST_STEP][PASSED] - pdfSignScreen.fillInOpinion(document.getComment()): null

23-05-2025T23:19:30 - [TEST_STEP][PASSED] - pdfSignScreen.submitRequest(): null

23-05-2025T23:19:37 - [TEST_STEP][PASSED] - documentInformationScreen.backToHome(): null

23-05-2025T23:19:37 - [TEST_STEP][PASSED] - homeScreen.logout(): null

23-05-2025T23:19:46 - [TEST_STEP][PASSED] - document.setStatus(WAIT_APPROVE): null

23-05-2025T23:19:46 - [TEST_STEP][PASSED] - document.setAssigner(auto5): null

23-05-2025T23:19:46 - [TEST_STEP][PASSED] - loginScreen.login(auto6): null

23-05-2025T23:19:54 - [TEST_STEP][PASSED] - homeScreen.goToIncomingDocument(): null

23-05-2025T23:19:54 - [TEST_STEP][PASSED] - inComingDocument.viewInformationDocument(document): View document Trình ký 1748017107761

23-05-2025T23:19:54 - [MESSAGE][INFO] - View document Trình ký 1748017107761

23-05-2025T23:20:00 - [TEST_STEP][PASSED] - documentInformationScreen.checkDocumentTitle(document): Verify equals GUI: Trình ký 1748017107761 - DATA: Trình ký 1748017107761

23-05-2025T23:20:01 - [MESSAGE][PASSED] - Verify equals GUI: Trình ký 1748017107761 - DATA: Trình ký 1748017107761

23-05-2025T23:20:01 - [TEST_STEP][PASSED] - documentInformationScreen.checkSender(document): Verify equals GUI: Auto Test User 1 - DATA: Auto Test User 1

23-05-2025T23:20:01 - [MESSAGE][PASSED] - Verify equals GUI: Auto Test User 1 - DATA: Auto Test User 1

23-05-2025T23:20:01 - [TEST_STEP][PASSED] - documentInformationScreen.checkStatus(document): Verify equals GUI: Chờ giám sát phê duyệt - DATA: Chờ giám sát phê duyệt

23-05-2025T23:20:01 - [MESSAGE][PASSED] - Verify equals GUI: Chờ giám sát phê duyệt - DATA: Chờ giám sát phê duyệt

23-05-2025T23:20:01 - [TEST_STEP][PASSED] - documentInformationScreen.checkCreateDate(): Verify equals GUI: 23/05/2025 - DATA: 23/05/2025

23-05-2025T23:20:01 - [MESSAGE][PASSED] - Verify equals GUI: 23/05/2025 - DATA: 23/05/2025

23-05-2025T23:20:01 - [TEST_STEP][PASSED] - documentInformationScreen.checkFinishDate(document): Verify equals GUI: 24/05/2025 - DATA: 24/05/2025

23-05-2025T23:20:01 - [MESSAGE][PASSED] - Verify equals GUI: 24/05/2025 - DATA: 24/05/2025

23-05-2025T23:20:01 - [TEST_STEP][PASSED] - documentInformationScreen.checkPriority(document): Verify equals GUI: Cao - DATA: Cao

23-05-2025T23:20:01 - [MESSAGE][PASSED] - Verify equals GUI: Cao - DATA: Cao

23-05-2025T23:20:01 - [TEST_STEP][PASSED] - documentInformationScreen.checkDescription(document): Verify equals GUI: 013 DUYET CHI TIET_KHONG NHAP Y KIEN - DATA: 013 DUYET CHI TIET_KHONG NHAP Y KIEN

23-05-2025T23:20:01 - [MESSAGE][PASSED] - Verify equals GUI: 013 DUYET CHI TIET_KHONG NHAP Y KIEN - DATA: 013 DUYET CHI TIET_KHONG NHAP Y KIEN

23-05-2025T23:20:01 - [TEST_STEP][PASSED] - documentInformationScreen.checkAssigner(document): Verify contains GUI: auto1@hdbank.com.vn - DATA: auto1@hdbank.com.vn

23-05-2025T23:20:03 - [MESSAGE][PASSED] - Verify contains GUI: auto1@hdbank.com.vn - DATA: auto1@hdbank.com.vn

23-05-2025T23:20:03 - [TEST_STEP][PASSED] - documentInformationScreen.checkPresentFileName(document): Verify contains GUI: dummy_20250523231916.ozd - DATA: dummy

23-05-2025T23:20:04 - [MESSAGE][PASSED] - Verify contains GUI: dummy_20250523231916.ozd - DATA: dummy

23-05-2025T23:20:04 - [TEST_STEP][PASSED] - documentInformationScreen.checkAttachFileName(document): Expected true condition

23-05-2025T23:20:06 - [MESSAGE][PASSED] - Expected true condition

23-05-2025T23:20:06 - [TEST_STEP][PASSED] - documentInformationScreen.performAction(document, APPROVE): null

23-05-2025T23:20:12 - [TEST_STEP][PASSED] - documentInformationScreen.backToHome(): null

23-05-2025T23:20:12 - [TEST_STEP][PASSED] - document.setSender(auto6): null

23-05-2025T23:20:12 - [TEST_STEP][PASSED] - inComingDocument.checkItemInDocument(): null

23-05-2025T23:20:12 - [TEST_STEP][PASSED] - homeScreen.goToOutComingDocument(): null

23-05-2025T23:20:22 - [TEST_STEP][PASSED] - outComingDocument.viewInformationDocument(document): null

23-05-2025T23:20:23 - [TEST_STEP][PASSED] - documentInformationScreen.checkDocumentTitle(document): Verify equals GUI: Trình ký 1748017107761 - DATA: Trình ký 1748017107761

23-05-2025T23:20:28 - [MESSAGE][PASSED] - Verify equals GUI: Trình ký 1748017107761 - DATA: Trình ký 1748017107761

23-05-2025T23:20:28 - [TEST_STEP][PASSED] - documentInformationScreen.checkSender(document): Verify equals GUI: Auto Test User 2 - DATA: Auto Test User 2

23-05-2025T23:20:28 - [MESSAGE][PASSED] - Verify equals GUI: Auto Test User 2 - DATA: Auto Test User 2

23-05-2025T23:20:28 - [TEST_STEP][PASSED] - documentInformationScreen.checkStatus(document): Verify equals GUI: Đã duyệt - DATA: Đã duyệt

23-05-2025T23:20:28 - [MESSAGE][PASSED] - Verify equals GUI: Đã duyệt - DATA: Đã duyệt

23-05-2025T23:20:28 - [TEST_STEP][PASSED] - documentInformationScreen.checkCreateDate(): Verify equals GUI: 23/05/2025 - DATA: 23/05/2025

23-05-2025T23:20:28 - [MESSAGE][PASSED] - Verify equals GUI: 23/05/2025 - DATA: 23/05/2025

23-05-2025T23:20:28 - [TEST_STEP][PASSED] - documentInformationScreen.checkFinishDate(document): Verify equals GUI: 24/05/2025 - DATA: 24/05/2025

23-05-2025T23:20:28 - [MESSAGE][PASSED] - Verify equals GUI: 24/05/2025 - DATA: 24/05/2025

23-05-2025T23:20:28 - [TEST_STEP][PASSED] - documentInformationScreen.checkPriority(document): Verify equals GUI: Cao - DATA: Cao

23-05-2025T23:20:28 - [MESSAGE][PASSED] - Verify equals GUI: Cao - DATA: Cao

23-05-2025T23:20:28 - [TEST_STEP][PASSED] - documentInformationScreen.checkDescription(document): Verify equals GUI: 013 DUYET CHI TIET_KHONG NHAP Y KIEN - DATA: 013 DUYET CHI TIET_KHONG NHAP Y KIEN

23-05-2025T23:20:28 - [MESSAGE][PASSED] - Verify equals GUI: 013 DUYET CHI TIET_KHONG NHAP Y KIEN - DATA: 013 DUYET CHI TIET_KHONG NHAP Y KIEN

23-05-2025T23:20:28 - [TEST_STEP][PASSED] - documentInformationScreen.checkAssigner(document): Verify contains GUI: auto1@hdbank.com.vn - DATA: auto1@hdbank.com.vn

23-05-2025T23:20:30 - [MESSAGE][PASSED] - Verify contains GUI: auto1@hdbank.com.vn - DATA: auto1@hdbank.com.vn

23-05-2025T23:20:30 - [TEST_STEP][PASSED] - documentInformationScreen.checkPresentFileName(document): Verify contains GUI: dummy_20250523231916.ozd - DATA: dummy

23-05-2025T23:20:31 - [MESSAGE][PASSED] - Verify contains GUI: dummy_20250523231916.ozd - DATA: dummy

23-05-2025T23:20:31 - [TEST_STEP][PASSED] - documentInformationScreen.checkAttachFileName(document): Expected true condition

23-05-2025T23:20:33 - [MESSAGE][PASSED] - Expected true condition

23-05-2025T23:20:33 - [TEST_STEP][PASSED] - documentInformationScreen.checkComment(auto6, COMMENT): Check comment of Auto Test User 2 is Không có bình luận

23-05-2025T23:20:34 - [MESSAGE][INFO] - GUI COMMENT: Không có bình luận - DATA COMMENT: Không có bình luận

23-05-2025T23:20:34 - [MESSAGE][PASSED] - Check comment of Auto Test User 2 is Không có bình luận

23-05-2025T23:20:34 - [TEST_STEP][PASSED] - documentInformationScreen.backToHome(): null

23-05-2025T23:20:38 - [TEST_STEP][PASSED] - inComingDocument.checkItemInDocument(): null

23-05-2025T23:20:38 - [TEST_STEP][PASSED] - Start listener action : afterTest: null

23-05-2025T23:20:38 - [TEST_STEP][PASSED] - if (testCaseStatus != "PASSED"): null

23-05-2025T23:20:38 - [TEST_STEP][PASSED] - drivers.Driver.closeApp(): drivers.Driver.closeApp is PASSED

23-05-2025T23:20:39 - [MESSAGE][PASSED] - drivers.Driver.closeApp is PASSED

23-05-2025T23:20:39 - [TEST_STEP][PASSED] - if (tsContext == null): null]]></system-out>
         <system-err><![CDATA[]]></system-err>
      </testcase>
      <testcase name="Test Cases/IPAPER APP/015 DUYET TAI MAIN FILE_NHAP Y KIEN" time="131.781" classname="Test Cases/IPAPER APP/015 DUYET TAI MAIN FILE_NHAP Y KIEN" status="PASSED">
         <system-out><![CDATA[23-05-2025T23:21:37 - [TEST_CASE][PASSED] - Test Cases/IPAPER APP/015 DUYET TAI MAIN FILE_NHAP Y KIEN: Test Cases/IPAPER APP/015 DUYET TAI MAIN FILE_NHAP Y KIEN

23-05-2025T23:21:37 - [TEST_STEP][PASSED] - Start listener action : beforeTest: drivers.Driver.openApp is PASSED

23-05-2025T23:21:37 - [TEST_STEP][PASSED] - DataTest.init(): null

23-05-2025T23:21:37 - [TEST_STEP][PASSED] - testCaseId = split("/").last(): null

23-05-2025T23:21:37 - [TEST_STEP][PASSED] - if (!(drivers.Driver.isAppiumRunning())): drivers.Driver.isAppiumRunning is PASSED

23-05-2025T23:21:37 - [MESSAGE][INFO] - Appium running: true

23-05-2025T23:21:37 - [MESSAGE][PASSED] - drivers.Driver.isAppiumRunning is PASSED

23-05-2025T23:21:37 - [TEST_STEP][PASSED] - if (driver == null || driver.getSessionId() == null): null

23-05-2025T23:21:37 - [TEST_STEP][PASSED] - drivers.Driver.openApp(): drivers.Driver.openApp is PASSED

23-05-2025T23:21:39 - [MESSAGE][PASSED] - drivers.Driver.openApp is PASSED

23-05-2025T23:21:39 - [TEST_STEP][PASSED] - REQUEST_NAME = "Trình ký PDF có sẵn": null

23-05-2025T23:21:39 - [TEST_STEP][PASSED] - COMMENT = "Commented by automation team": null

23-05-2025T23:21:39 - [TEST_STEP][PASSED] - auto5 = DataTest.getUserTest5(): null

23-05-2025T23:21:39 - [TEST_STEP][PASSED] - auto6 = DataTest.getUserTest6(): null

23-05-2025T23:21:39 - [TEST_STEP][PASSED] - document = DataTest.createDocumentTest(auto5, auto6, null, "dummy.pdf", "dummy.pdf"): null

23-05-2025T23:21:39 - [TEST_STEP][PASSED] - loginScreen.login(auto5): null

23-05-2025T23:21:47 - [TEST_STEP][PASSED] - homeScreen.openRequestList(): null

23-05-2025T23:21:52 - [TEST_STEP][PASSED] - homeScreen.createRequest(REQUEST_NAME): null

23-05-2025T23:21:58 - [TEST_STEP][PASSED] - pdfSignScreen.fillInTitle(document.getTitle()): null

23-05-2025T23:22:01 - [TEST_STEP][PASSED] - pdfSignScreen.selectPriority(document.getPriority()): null

23-05-2025T23:22:03 - [TEST_STEP][PASSED] - pdfSignScreen.selectTime(document.getTime()): null

23-05-2025T23:22:06 - [TEST_STEP][PASSED] - pdfSignScreen.fillInDescription(document.getDescription()): null

23-05-2025T23:22:08 - [TEST_STEP][PASSED] - pdfSignScreen.selectAssigner(getAssigner().getEmail()): null

23-05-2025T23:22:14 - [TEST_STEP][PASSED] - pdfSignScreen.openMainFileBrowser(): null

23-05-2025T23:22:19 - [TEST_STEP][PASSED] - fileBrowserScreen.attachFile(document.getMainFileName()): null

23-05-2025T23:22:28 - [TEST_STEP][PASSED] - pdfSignScreen.openSubFileBrowser(): null

23-05-2025T23:22:29 - [TEST_STEP][PASSED] - fileBrowserScreen.attachFile(document.getSubFileName()): null

23-05-2025T23:22:38 - [TEST_STEP][PASSED] - pdfSignScreen.performAction(SEND_APPROVE): null

23-05-2025T23:22:41 - [TEST_STEP][PASSED] - pdfSignScreen.fillInOpinion(document.getComment()): null

23-05-2025T23:22:42 - [TEST_STEP][PASSED] - pdfSignScreen.submitRequest(): null

23-05-2025T23:22:50 - [TEST_STEP][PASSED] - documentInformationScreen.backToHome(): null

23-05-2025T23:22:50 - [TEST_STEP][PASSED] - homeScreen.logout(): null

23-05-2025T23:22:59 - [TEST_STEP][PASSED] - document.setStatus(WAIT_APPROVE): null

23-05-2025T23:22:59 - [TEST_STEP][PASSED] - document.setAssigner(auto5): null

23-05-2025T23:22:59 - [TEST_STEP][PASSED] - loginScreen.login(auto6): null

23-05-2025T23:23:07 - [TEST_STEP][PASSED] - homeScreen.goToIncomingDocument(): null

23-05-2025T23:23:07 - [TEST_STEP][PASSED] - inComingDocument.viewMainFile(document): View main file document: Trình ký 1748017299827

23-05-2025T23:23:07 - [MESSAGE][INFO] - View main file document: Trình ký 1748017299827

23-05-2025T23:23:12 - [TEST_STEP][PASSED] - document.setSender(auto6): null

23-05-2025T23:23:12 - [TEST_STEP][PASSED] - documentInformationScreen.performAction(document, APPROVE, COMMENT): null

23-05-2025T23:23:22 - [TEST_STEP][PASSED] - documentInformationScreen.backToHome(): null

23-05-2025T23:23:22 - [TEST_STEP][PASSED] - inComingDocument.checkItemInDocument(): null

23-05-2025T23:23:22 - [TEST_STEP][PASSED] - homeScreen.goToOutComingDocument(): null

23-05-2025T23:23:32 - [TEST_STEP][PASSED] - outComingDocument.viewInformationDocument(document): null

23-05-2025T23:23:33 - [TEST_STEP][PASSED] - documentInformationScreen.checkDocumentTitle(document): Verify equals GUI: Trình ký 1748017299827 - DATA: Trình ký 1748017299827

23-05-2025T23:23:37 - [MESSAGE][PASSED] - Verify equals GUI: Trình ký 1748017299827 - DATA: Trình ký 1748017299827

23-05-2025T23:23:37 - [TEST_STEP][PASSED] - documentInformationScreen.checkSender(document): Verify equals GUI: Auto Test User 2 - DATA: Auto Test User 2

23-05-2025T23:23:37 - [MESSAGE][PASSED] - Verify equals GUI: Auto Test User 2 - DATA: Auto Test User 2

23-05-2025T23:23:37 - [TEST_STEP][PASSED] - documentInformationScreen.checkStatus(document): Verify equals GUI: Đã duyệt - DATA: Đã duyệt

23-05-2025T23:23:37 - [MESSAGE][PASSED] - Verify equals GUI: Đã duyệt - DATA: Đã duyệt

23-05-2025T23:23:37 - [TEST_STEP][PASSED] - documentInformationScreen.checkCreateDate(): Verify equals GUI: 23/05/2025 - DATA: 23/05/2025

23-05-2025T23:23:38 - [MESSAGE][PASSED] - Verify equals GUI: 23/05/2025 - DATA: 23/05/2025

23-05-2025T23:23:38 - [TEST_STEP][PASSED] - documentInformationScreen.checkFinishDate(document): Verify equals GUI: 24/05/2025 - DATA: 24/05/2025

23-05-2025T23:23:38 - [MESSAGE][PASSED] - Verify equals GUI: 24/05/2025 - DATA: 24/05/2025

23-05-2025T23:23:38 - [TEST_STEP][PASSED] - documentInformationScreen.checkPriority(document): Verify equals GUI: Cao - DATA: Cao

23-05-2025T23:23:38 - [MESSAGE][PASSED] - Verify equals GUI: Cao - DATA: Cao

23-05-2025T23:23:38 - [TEST_STEP][PASSED] - documentInformationScreen.checkDescription(document): Verify equals GUI: 015 DUYET TAI MAIN FILE_NHAP Y KIEN - DATA: 015 DUYET TAI MAIN FILE_NHAP Y KIEN

23-05-2025T23:23:38 - [MESSAGE][PASSED] - Verify equals GUI: 015 DUYET TAI MAIN FILE_NHAP Y KIEN - DATA: 015 DUYET TAI MAIN FILE_NHAP Y KIEN

23-05-2025T23:23:38 - [TEST_STEP][PASSED] - documentInformationScreen.checkAssigner(document): Verify contains GUI: auto1@hdbank.com.vn - DATA: auto1@hdbank.com.vn

23-05-2025T23:23:39 - [MESSAGE][PASSED] - Verify contains GUI: auto1@hdbank.com.vn - DATA: auto1@hdbank.com.vn

23-05-2025T23:23:39 - [TEST_STEP][PASSED] - documentInformationScreen.checkPresentFileName(document): Verify contains GUI: dummy_20250523232228.ozd - DATA: dummy

23-05-2025T23:23:40 - [MESSAGE][PASSED] - Verify contains GUI: dummy_20250523232228.ozd - DATA: dummy

23-05-2025T23:23:40 - [TEST_STEP][PASSED] - documentInformationScreen.checkAttachFileName(document): Expected true condition

23-05-2025T23:23:42 - [MESSAGE][PASSED] - Expected true condition

23-05-2025T23:23:42 - [TEST_STEP][PASSED] - documentInformationScreen.checkComment(auto6, COMMENT): Check comment of Auto Test User 2 is Commented by automation team

23-05-2025T23:23:44 - [MESSAGE][INFO] - GUI COMMENT: Commented by automation team - DATA COMMENT: Commented by automation team

23-05-2025T23:23:44 - [MESSAGE][PASSED] - Check comment of Auto Test User 2 is Commented by automation team

23-05-2025T23:23:44 - [TEST_STEP][PASSED] - documentInformationScreen.backToHome(): null

23-05-2025T23:23:48 - [TEST_STEP][PASSED] - inComingDocument.checkItemInDocument(): null

23-05-2025T23:23:48 - [TEST_STEP][PASSED] - Start listener action : afterTest: null

23-05-2025T23:23:48 - [TEST_STEP][PASSED] - if (testCaseStatus != "PASSED"): null

23-05-2025T23:23:48 - [TEST_STEP][PASSED] - drivers.Driver.closeApp(): drivers.Driver.closeApp is PASSED

23-05-2025T23:23:49 - [MESSAGE][PASSED] - drivers.Driver.closeApp is PASSED

23-05-2025T23:23:49 - [TEST_STEP][PASSED] - if (tsContext == null): null]]></system-out>
         <system-err><![CDATA[]]></system-err>
      </testcase>
      <testcase name="Test Cases/IPAPER APP/014 DUYET TAI MAIN FILE_KHÔNG NHAP Y KIEN" time="127.18" classname="Test Cases/IPAPER APP/014 DUYET TAI MAIN FILE_KHÔNG NHAP Y KIEN" status="PASSED">
         <system-out><![CDATA[23-05-2025T23:23:49 - [TEST_CASE][PASSED] - Test Cases/IPAPER APP/014 DUYET TAI MAIN FILE_KHÔNG NHAP Y KIEN: Test Cases/IPAPER APP/014 DUYET TAI MAIN FILE_KHÔNG NHAP Y KIEN

23-05-2025T23:23:49 - [TEST_STEP][PASSED] - Start listener action : beforeTest: drivers.Driver.openApp is PASSED

23-05-2025T23:23:49 - [TEST_STEP][PASSED] - DataTest.init(): null

23-05-2025T23:23:49 - [TEST_STEP][PASSED] - testCaseId = split("/").last(): null

23-05-2025T23:23:49 - [TEST_STEP][PASSED] - if (!(drivers.Driver.isAppiumRunning())): drivers.Driver.isAppiumRunning is PASSED

23-05-2025T23:23:49 - [MESSAGE][INFO] - Appium running: true

23-05-2025T23:23:49 - [MESSAGE][PASSED] - drivers.Driver.isAppiumRunning is PASSED

23-05-2025T23:23:49 - [TEST_STEP][PASSED] - if (driver == null || driver.getSessionId() == null): null

23-05-2025T23:23:49 - [TEST_STEP][PASSED] - drivers.Driver.openApp(): drivers.Driver.openApp is PASSED

23-05-2025T23:23:51 - [MESSAGE][PASSED] - drivers.Driver.openApp is PASSED

23-05-2025T23:23:51 - [TEST_STEP][PASSED] - REQUEST_NAME = "Trình ký PDF có sẵn": null

23-05-2025T23:23:51 - [TEST_STEP][PASSED] - COMMENT = "Không có bình luận": null

23-05-2025T23:23:51 - [TEST_STEP][PASSED] - auto5 = DataTest.getUserTest5(): null

23-05-2025T23:23:51 - [TEST_STEP][PASSED] - auto6 = DataTest.getUserTest6(): null

23-05-2025T23:23:51 - [TEST_STEP][PASSED] - document = DataTest.createDocumentTest(auto5, auto6, null, "dummy.pdf", "dummy.pdf"): null

23-05-2025T23:23:51 - [TEST_STEP][PASSED] - loginScreen.login(auto5): null

23-05-2025T23:23:58 - [TEST_STEP][PASSED] - homeScreen.openRequestList(): null

23-05-2025T23:24:04 - [TEST_STEP][PASSED] - homeScreen.createRequest(REQUEST_NAME): null

23-05-2025T23:24:10 - [TEST_STEP][PASSED] - pdfSignScreen.fillInTitle(document.getTitle()): null

23-05-2025T23:24:12 - [TEST_STEP][PASSED] - pdfSignScreen.selectPriority(document.getPriority()): null

23-05-2025T23:24:14 - [TEST_STEP][PASSED] - pdfSignScreen.selectTime(document.getTime()): null

23-05-2025T23:24:17 - [TEST_STEP][PASSED] - pdfSignScreen.fillInDescription(document.getDescription()): null

23-05-2025T23:24:19 - [TEST_STEP][PASSED] - pdfSignScreen.selectAssigner(getAssigner().getEmail()): null

23-05-2025T23:24:24 - [TEST_STEP][PASSED] - pdfSignScreen.openMainFileBrowser(): null

23-05-2025T23:24:29 - [TEST_STEP][PASSED] - fileBrowserScreen.attachFile(document.getMainFileName()): null

23-05-2025T23:24:38 - [TEST_STEP][PASSED] - pdfSignScreen.openSubFileBrowser(): null

23-05-2025T23:24:40 - [TEST_STEP][PASSED] - fileBrowserScreen.attachFile(document.getSubFileName()): null

23-05-2025T23:24:48 - [TEST_STEP][PASSED] - pdfSignScreen.performAction(SEND_APPROVE): null

23-05-2025T23:24:49 - [TEST_STEP][PASSED] - pdfSignScreen.fillInOpinion(document.getComment()): null

23-05-2025T23:24:51 - [TEST_STEP][PASSED] - pdfSignScreen.submitRequest(): null

23-05-2025T23:24:59 - [TEST_STEP][PASSED] - documentInformationScreen.backToHome(): null

23-05-2025T23:25:00 - [TEST_STEP][PASSED] - homeScreen.logout(): null

23-05-2025T23:25:08 - [TEST_STEP][PASSED] - document.setStatus(WAIT_APPROVE): null

23-05-2025T23:25:08 - [TEST_STEP][PASSED] - document.setAssigner(auto5): null

23-05-2025T23:25:08 - [TEST_STEP][PASSED] - loginScreen.login(auto6): null

23-05-2025T23:25:16 - [TEST_STEP][PASSED] - homeScreen.goToIncomingDocument(): null

23-05-2025T23:25:16 - [TEST_STEP][PASSED] - inComingDocument.viewMainFile(document): View main file document: Trình ký 1748017431668

23-05-2025T23:25:16 - [MESSAGE][INFO] - View main file document: Trình ký 1748017431668

23-05-2025T23:25:21 - [TEST_STEP][PASSED] - document.setSender(auto6): null

23-05-2025T23:25:21 - [TEST_STEP][PASSED] - documentInformationScreen.performAction(document, APPROVE): null

23-05-2025T23:25:28 - [TEST_STEP][PASSED] - documentInformationScreen.backToHome(): null

23-05-2025T23:25:28 - [TEST_STEP][PASSED] - inComingDocument.checkItemInDocument(): null

23-05-2025T23:25:28 - [TEST_STEP][PASSED] - homeScreen.goToOutComingDocument(): null

23-05-2025T23:25:38 - [TEST_STEP][PASSED] - outComingDocument.viewInformationDocument(document): null

23-05-2025T23:25:40 - [TEST_STEP][PASSED] - documentInformationScreen.checkDocumentTitle(document): Verify equals GUI: Trình ký 1748017431668 - DATA: Trình ký 1748017431668

23-05-2025T23:25:44 - [MESSAGE][PASSED] - Verify equals GUI: Trình ký 1748017431668 - DATA: Trình ký 1748017431668

23-05-2025T23:25:44 - [TEST_STEP][PASSED] - documentInformationScreen.checkSender(document): Verify equals GUI: Auto Test User 2 - DATA: Auto Test User 2

23-05-2025T23:25:45 - [MESSAGE][PASSED] - Verify equals GUI: Auto Test User 2 - DATA: Auto Test User 2

23-05-2025T23:25:45 - [TEST_STEP][PASSED] - documentInformationScreen.checkStatus(document): Verify equals GUI: Đã duyệt - DATA: Đã duyệt

23-05-2025T23:25:45 - [MESSAGE][PASSED] - Verify equals GUI: Đã duyệt - DATA: Đã duyệt

23-05-2025T23:25:45 - [TEST_STEP][PASSED] - documentInformationScreen.checkCreateDate(): Verify equals GUI: 23/05/2025 - DATA: 23/05/2025

23-05-2025T23:25:45 - [MESSAGE][PASSED] - Verify equals GUI: 23/05/2025 - DATA: 23/05/2025

23-05-2025T23:25:45 - [TEST_STEP][PASSED] - documentInformationScreen.checkFinishDate(document): Verify equals GUI: 24/05/2025 - DATA: 24/05/2025

23-05-2025T23:25:45 - [MESSAGE][PASSED] - Verify equals GUI: 24/05/2025 - DATA: 24/05/2025

23-05-2025T23:25:45 - [TEST_STEP][PASSED] - documentInformationScreen.checkPriority(document): Verify equals GUI: Khẩn cấp - DATA: Khẩn cấp

23-05-2025T23:25:45 - [MESSAGE][PASSED] - Verify equals GUI: Khẩn cấp - DATA: Khẩn cấp

23-05-2025T23:25:45 - [TEST_STEP][PASSED] - documentInformationScreen.checkDescription(document): Verify equals GUI: 014 DUYET TAI MAIN FILE_KHÔNG NHAP Y KIEN - DATA: 014 DUYET TAI MAIN FILE_KHÔNG NHAP Y KIEN

23-05-2025T23:25:45 - [MESSAGE][PASSED] - Verify equals GUI: 014 DUYET TAI MAIN FILE_KHÔNG NHAP Y KIEN - DATA: 014 DUYET TAI MAIN FILE_KHÔNG NHAP Y KIEN

23-05-2025T23:25:45 - [TEST_STEP][PASSED] - documentInformationScreen.checkAssigner(document): Verify contains GUI: auto1@hdbank.com.vn - DATA: auto1@hdbank.com.vn

23-05-2025T23:25:47 - [MESSAGE][PASSED] - Verify contains GUI: auto1@hdbank.com.vn - DATA: auto1@hdbank.com.vn

23-05-2025T23:25:47 - [TEST_STEP][PASSED] - documentInformationScreen.checkPresentFileName(document): Verify contains GUI: dummy_20250523232438.ozd - DATA: dummy

23-05-2025T23:25:48 - [MESSAGE][PASSED] - Verify contains GUI: dummy_20250523232438.ozd - DATA: dummy

23-05-2025T23:25:48 - [TEST_STEP][PASSED] - documentInformationScreen.checkAttachFileName(document): Expected true condition

23-05-2025T23:25:49 - [MESSAGE][PASSED] - Expected true condition

23-05-2025T23:25:49 - [TEST_STEP][PASSED] - documentInformationScreen.checkComment(auto6, COMMENT): Check comment of Auto Test User 2 is Không có bình luận

23-05-2025T23:25:51 - [MESSAGE][INFO] - GUI COMMENT: Không có bình luận - DATA COMMENT: Không có bình luận

23-05-2025T23:25:51 - [MESSAGE][PASSED] - Check comment of Auto Test User 2 is Không có bình luận

23-05-2025T23:25:51 - [TEST_STEP][PASSED] - documentInformationScreen.backToHome(): null

23-05-2025T23:25:55 - [TEST_STEP][PASSED] - inComingDocument.checkItemInDocument(): null

23-05-2025T23:25:55 - [TEST_STEP][PASSED] - Start listener action : afterTest: null

23-05-2025T23:25:55 - [TEST_STEP][PASSED] - if (testCaseStatus != "PASSED"): null

23-05-2025T23:25:55 - [TEST_STEP][PASSED] - drivers.Driver.closeApp(): drivers.Driver.closeApp is PASSED

23-05-2025T23:25:56 - [MESSAGE][PASSED] - drivers.Driver.closeApp is PASSED

23-05-2025T23:25:56 - [TEST_STEP][PASSED] - if (tsContext == null): null]]></system-out>
         <system-err><![CDATA[]]></system-err>
      </testcase>
      <testcase name="Test Cases/IPAPER APP/016 DUYET CO CC_KHONG NHAP Y KIEN" time="204.802" classname="Test Cases/IPAPER APP/016 DUYET CO CC_KHONG NHAP Y KIEN" status="PASSED">
         <system-out><![CDATA[23-05-2025T23:25:56 - [TEST_CASE][PASSED] - Test Cases/IPAPER APP/016 DUYET CO CC_KHONG NHAP Y KIEN: Test Cases/IPAPER APP/016 DUYET CO CC_KHONG NHAP Y KIEN

23-05-2025T23:25:56 - [TEST_STEP][PASSED] - Start listener action : beforeTest: drivers.Driver.openApp is PASSED

23-05-2025T23:25:56 - [TEST_STEP][PASSED] - DataTest.init(): null

23-05-2025T23:25:56 - [TEST_STEP][PASSED] - testCaseId = split("/").last(): null

23-05-2025T23:25:56 - [TEST_STEP][PASSED] - if (!(drivers.Driver.isAppiumRunning())): drivers.Driver.isAppiumRunning is PASSED

23-05-2025T23:25:56 - [MESSAGE][INFO] - Appium running: true

23-05-2025T23:25:56 - [MESSAGE][PASSED] - drivers.Driver.isAppiumRunning is PASSED

23-05-2025T23:25:56 - [TEST_STEP][PASSED] - if (driver == null || driver.getSessionId() == null): null

23-05-2025T23:25:56 - [TEST_STEP][PASSED] - drivers.Driver.openApp(): drivers.Driver.openApp is PASSED

23-05-2025T23:25:58 - [MESSAGE][PASSED] - drivers.Driver.openApp is PASSED

23-05-2025T23:25:58 - [TEST_STEP][PASSED] - REQUEST_NAME = "Trình ký PDF có sẵn": null

23-05-2025T23:25:58 - [TEST_STEP][PASSED] - COMMENT = "Không có bình luận": null

23-05-2025T23:25:58 - [TEST_STEP][PASSED] - auto5 = DataTest.getUserTest5(): null

23-05-2025T23:25:58 - [TEST_STEP][PASSED] - auto6 = DataTest.getUserTest6(): null

23-05-2025T23:25:58 - [TEST_STEP][PASSED] - auto7 = DataTest.getUserTest7(): null

23-05-2025T23:25:58 - [TEST_STEP][PASSED] - document = DataTest.createDocumentTest(auto5, auto6, null, "dummy.pdf", "dummy.pdf"): null

23-05-2025T23:25:58 - [TEST_STEP][PASSED] - loginScreen.login(auto5): null

23-05-2025T23:26:06 - [TEST_STEP][PASSED] - homeScreen.openRequestList(): null

23-05-2025T23:26:11 - [TEST_STEP][PASSED] - homeScreen.createRequest(REQUEST_NAME): null

23-05-2025T23:26:18 - [TEST_STEP][PASSED] - pdfSignScreen.fillInTitle(document.getTitle()): null

23-05-2025T23:26:20 - [TEST_STEP][PASSED] - pdfSignScreen.selectPriority(document.getPriority()): null

23-05-2025T23:26:22 - [TEST_STEP][PASSED] - pdfSignScreen.selectTime(document.getTime()): null

23-05-2025T23:26:25 - [TEST_STEP][PASSED] - pdfSignScreen.fillInDescription(document.getDescription()): null

23-05-2025T23:26:27 - [TEST_STEP][PASSED] - pdfSignScreen.selectAssigner(getAssigner().getEmail()): null

23-05-2025T23:26:33 - [TEST_STEP][PASSED] - pdfSignScreen.openMainFileBrowser(): null

23-05-2025T23:26:38 - [TEST_STEP][PASSED] - fileBrowserScreen.attachFile(document.getMainFileName()): null

23-05-2025T23:26:47 - [TEST_STEP][PASSED] - pdfSignScreen.openSubFileBrowser(): null

23-05-2025T23:26:48 - [TEST_STEP][PASSED] - fileBrowserScreen.attachFile(document.getSubFileName()): null

23-05-2025T23:26:57 - [TEST_STEP][PASSED] - pdfSignScreen.performAction(SEND_APPROVE): null

23-05-2025T23:27:00 - [TEST_STEP][PASSED] - pdfSignScreen.fillInOpinion(document.getComment()): null

23-05-2025T23:27:01 - [TEST_STEP][PASSED] - pdfSignScreen.submitRequest(): null

23-05-2025T23:27:09 - [TEST_STEP][PASSED] - documentInformationScreen.backToHome(): null

23-05-2025T23:27:09 - [TEST_STEP][PASSED] - homeScreen.logout(): null

23-05-2025T23:27:18 - [TEST_STEP][PASSED] - document.setStatus(WAIT_APPROVE): null

23-05-2025T23:27:18 - [TEST_STEP][PASSED] - document.setAssigner(auto5): null

23-05-2025T23:27:18 - [TEST_STEP][PASSED] - loginScreen.login(auto6): null

23-05-2025T23:27:27 - [TEST_STEP][PASSED] - homeScreen.goToIncomingDocument(): null

23-05-2025T23:27:27 - [TEST_STEP][PASSED] - inComingDocument.viewMainFile(document): View main file document: Trình ký 1748017558846

23-05-2025T23:27:27 - [MESSAGE][INFO] - View main file document: Trình ký 1748017558846

23-05-2025T23:27:32 - [TEST_STEP][PASSED] - documentInformationScreen.performAction(document, APPROVE_ADD_CC, null, auto7): null

23-05-2025T23:27:49 - [TEST_STEP][PASSED] - document.setSender(auto6): null

23-05-2025T23:27:49 - [TEST_STEP][PASSED] - documentInformationScreen.backToHome(): null

23-05-2025T23:27:49 - [TEST_STEP][PASSED] - inComingDocument.checkItemInDocument(): null

23-05-2025T23:27:49 - [TEST_STEP][PASSED] - homeScreen.goToOutComingDocument(): null

23-05-2025T23:27:59 - [TEST_STEP][PASSED] - outComingDocument.viewInformationDocument(document): null

23-05-2025T23:28:00 - [TEST_STEP][PASSED] - documentInformationScreen.checkDocumentTitle(document): Verify equals GUI: Trình ký 1748017558846 - DATA: Trình ký 1748017558846

23-05-2025T23:28:04 - [MESSAGE][PASSED] - Verify equals GUI: Trình ký 1748017558846 - DATA: Trình ký 1748017558846

23-05-2025T23:28:04 - [TEST_STEP][PASSED] - documentInformationScreen.checkSender(document): Verify equals GUI: Auto Test User 2 - DATA: Auto Test User 2

23-05-2025T23:28:04 - [MESSAGE][PASSED] - Verify equals GUI: Auto Test User 2 - DATA: Auto Test User 2

23-05-2025T23:28:04 - [TEST_STEP][PASSED] - documentInformationScreen.checkStatus(document): Verify equals GUI: Đã duyệt - DATA: Đã duyệt

23-05-2025T23:28:04 - [MESSAGE][PASSED] - Verify equals GUI: Đã duyệt - DATA: Đã duyệt

23-05-2025T23:28:04 - [TEST_STEP][PASSED] - documentInformationScreen.checkCreateDate(): Verify equals GUI: 23/05/2025 - DATA: 23/05/2025

23-05-2025T23:28:04 - [MESSAGE][PASSED] - Verify equals GUI: 23/05/2025 - DATA: 23/05/2025

23-05-2025T23:28:04 - [TEST_STEP][PASSED] - documentInformationScreen.checkFinishDate(document): Verify equals GUI: 24/05/2025 - DATA: 24/05/2025

23-05-2025T23:28:05 - [MESSAGE][PASSED] - Verify equals GUI: 24/05/2025 - DATA: 24/05/2025

23-05-2025T23:28:05 - [TEST_STEP][PASSED] - documentInformationScreen.checkPriority(document): Verify equals GUI: Khẩn cấp - DATA: Khẩn cấp

23-05-2025T23:28:05 - [MESSAGE][PASSED] - Verify equals GUI: Khẩn cấp - DATA: Khẩn cấp

23-05-2025T23:28:05 - [TEST_STEP][PASSED] - documentInformationScreen.checkDescription(document): Verify equals GUI: 016 DUYET CO CC_KHONG NHAP Y KIEN - DATA: 016 DUYET CO CC_KHONG NHAP Y KIEN

23-05-2025T23:28:05 - [MESSAGE][PASSED] - Verify equals GUI: 016 DUYET CO CC_KHONG NHAP Y KIEN - DATA: 016 DUYET CO CC_KHONG NHAP Y KIEN

23-05-2025T23:28:05 - [TEST_STEP][PASSED] - documentInformationScreen.checkAssigner(document): Verify contains GUI: auto1@hdbank.com.vn - DATA: auto1@hdbank.com.vn

23-05-2025T23:28:06 - [MESSAGE][PASSED] - Verify contains GUI: auto1@hdbank.com.vn - DATA: auto1@hdbank.com.vn

23-05-2025T23:28:06 - [TEST_STEP][PASSED] - documentInformationScreen.checkPresentFileName(document): Verify contains GUI: dummy_20250523232647.ozd - DATA: dummy

23-05-2025T23:28:12 - [MESSAGE][PASSED] - Verify contains GUI: dummy_20250523232647.ozd - DATA: dummy

23-05-2025T23:28:12 - [TEST_STEP][PASSED] - documentInformationScreen.checkAttachFileName(document): Expected true condition

23-05-2025T23:28:14 - [MESSAGE][PASSED] - Expected true condition

23-05-2025T23:28:14 - [TEST_STEP][PASSED] - documentInformationScreen.checkComment(auto6, COMMENT): Check comment of Auto Test User 2 is Không có bình luận

23-05-2025T23:28:15 - [MESSAGE][INFO] - GUI COMMENT: Không có bình luận - DATA COMMENT: Không có bình luận

23-05-2025T23:28:15 - [MESSAGE][PASSED] - Check comment of Auto Test User 2 is Không có bình luận

23-05-2025T23:28:15 - [TEST_STEP][PASSED] - documentInformationScreen.backToHome(): null

23-05-2025T23:28:19 - [TEST_STEP][PASSED] - inComingDocument.checkItemInDocument(): null

23-05-2025T23:28:19 - [TEST_STEP][PASSED] - homeScreen.logout(): null

23-05-2025T23:28:28 - [TEST_STEP][PASSED] - loginScreen.login(auto7): null

23-05-2025T23:28:36 - [TEST_STEP][PASSED] - homeScreen.goToIncomingDocument(): null

23-05-2025T23:28:36 - [TEST_STEP][PASSED] - inComingDocument.goToRelatedDocument(): null

23-05-2025T23:28:38 - [TEST_STEP][PASSED] - relatedDocumentScreen.viewInformationDocument(document): null

23-05-2025T23:28:48 - [TEST_STEP][PASSED] - documentInformationScreen.checkDocumentTitle(document): Verify equals GUI: Trình ký 1748017558846 - DATA: Trình ký 1748017558846

23-05-2025T23:28:53 - [MESSAGE][PASSED] - Verify equals GUI: Trình ký 1748017558846 - DATA: Trình ký 1748017558846

23-05-2025T23:28:53 - [TEST_STEP][PASSED] - documentInformationScreen.checkSender(document): Verify equals GUI: Auto Test User 2 - DATA: Auto Test User 2

23-05-2025T23:28:53 - [MESSAGE][PASSED] - Verify equals GUI: Auto Test User 2 - DATA: Auto Test User 2

23-05-2025T23:28:53 - [TEST_STEP][PASSED] - documentInformationScreen.checkStatus(document): Verify equals GUI: Đã duyệt - DATA: Đã duyệt

23-05-2025T23:28:53 - [MESSAGE][PASSED] - Verify equals GUI: Đã duyệt - DATA: Đã duyệt

23-05-2025T23:28:53 - [TEST_STEP][PASSED] - documentInformationScreen.checkCreateDate(): Verify equals GUI: 23/05/2025 - DATA: 23/05/2025

23-05-2025T23:28:53 - [MESSAGE][PASSED] - Verify equals GUI: 23/05/2025 - DATA: 23/05/2025

23-05-2025T23:28:53 - [TEST_STEP][PASSED] - documentInformationScreen.checkFinishDate(document): Verify equals GUI: 24/05/2025 - DATA: 24/05/2025

23-05-2025T23:28:53 - [MESSAGE][PASSED] - Verify equals GUI: 24/05/2025 - DATA: 24/05/2025

23-05-2025T23:28:53 - [TEST_STEP][PASSED] - documentInformationScreen.checkPriority(document): Verify equals GUI: Khẩn cấp - DATA: Khẩn cấp

23-05-2025T23:28:53 - [MESSAGE][PASSED] - Verify equals GUI: Khẩn cấp - DATA: Khẩn cấp

23-05-2025T23:28:53 - [TEST_STEP][PASSED] - documentInformationScreen.checkDescription(document): Verify equals GUI: 016 DUYET CO CC_KHONG NHAP Y KIEN - DATA: 016 DUYET CO CC_KHONG NHAP Y KIEN

23-05-2025T23:28:54 - [MESSAGE][PASSED] - Verify equals GUI: 016 DUYET CO CC_KHONG NHAP Y KIEN - DATA: 016 DUYET CO CC_KHONG NHAP Y KIEN

23-05-2025T23:28:54 - [TEST_STEP][PASSED] - documentInformationScreen.checkAssigner(document): Verify contains GUI: auto1@hdbank.com.vn - DATA: auto1@hdbank.com.vn

23-05-2025T23:28:55 - [MESSAGE][PASSED] - Verify contains GUI: auto1@hdbank.com.vn - DATA: auto1@hdbank.com.vn

23-05-2025T23:28:55 - [TEST_STEP][PASSED] - documentInformationScreen.checkPresentFileName(document): Verify contains GUI: dummy_20250523232647.ozd - DATA: dummy

23-05-2025T23:29:01 - [MESSAGE][PASSED] - Verify contains GUI: dummy_20250523232647.ozd - DATA: dummy

23-05-2025T23:29:01 - [TEST_STEP][PASSED] - documentInformationScreen.checkAttachFileName(document): Expected true condition

23-05-2025T23:29:02 - [MESSAGE][PASSED] - Expected true condition

23-05-2025T23:29:02 - [TEST_STEP][PASSED] - documentInformationScreen.checkComment(auto6, COMMENT): Check comment of Auto Test User 2 is Không có bình luận

23-05-2025T23:29:04 - [MESSAGE][INFO] - GUI COMMENT: Không có bình luận - DATA COMMENT: Không có bình luận

23-05-2025T23:29:04 - [MESSAGE][PASSED] - Check comment of Auto Test User 2 is Không có bình luận

23-05-2025T23:29:04 - [TEST_STEP][PASSED] - documentInformationScreen.checkUserCannotEditDocument(): Check user can not edit document

23-05-2025T23:29:15 - [MESSAGE][PASSED] - Check user can not edit document

23-05-2025T23:29:15 - [TEST_STEP][PASSED] - documentInformationScreen.backToHome(): null

23-05-2025T23:29:20 - [TEST_STEP][PASSED] - Start listener action : afterTest: null

23-05-2025T23:29:20 - [TEST_STEP][PASSED] - if (testCaseStatus != "PASSED"): null

23-05-2025T23:29:20 - [TEST_STEP][PASSED] - drivers.Driver.closeApp(): drivers.Driver.closeApp is PASSED

23-05-2025T23:29:21 - [MESSAGE][PASSED] - drivers.Driver.closeApp is PASSED

23-05-2025T23:29:21 - [TEST_STEP][PASSED] - if (tsContext == null): null]]></system-out>
         <system-err><![CDATA[]]></system-err>
      </testcase>
      <testcase name="Test Cases/IPAPER APP/017 DUYET CO CC_NHAP Y KIEN" time="130.695" classname="Test Cases/IPAPER APP/017 DUYET CO CC_NHAP Y KIEN" status="ERROR">
         <error type="ERROR" message="Test Cases/IPAPER APP/017 DUYET CO CC_NHAP Y KIEN FAILED.&#xa;Reason:&#xa;org.openqa.selenium.TimeoutException: Expected condition failed: waiting for base.BaseKeyword$Trait$Helper$_waitForPresentOf_closure1@6202727d (tried for 30 second(s) with 500 milliseconds interval)&#xa;Build info: version: '3.141.59', revision: 'unknown', time: 'unknown'&#xa;System info: host: '192.168.30.108', ip: 'fe80:0:0:0:857:c3df:d699:1dc0%en0', os.name: 'Mac OS X', os.arch: 'aarch64', os.version: '15.5', java.version: '17.0.7'&#xa;Driver info: com.kms.katalon.core.appium.driver.SwipeableAndroidDriver&#xa;Capabilities {automationName: UiAutomator2, databaseEnabled: false, desired: {automationName: UiAutomator2, deviceName: af0c5cf7, noReset: true, platformName: android, waitForIdleTimeout: 3000}, deviceApiLevel: 35, deviceManufacturer: OPPO, deviceModel: CPH2699, deviceName: af0c5cf7, deviceScreenDensity: 480, deviceScreenSize: 1080x2400, deviceUDID: af0c5cf7, javascriptEnabled: true, locationContextEnabled: false, networkConnectionEnabled: true, noReset: true, pixelRatio: 3, platform: LINUX, platformName: Android, platformVersion: 15, statBarHeight: 120, takesScreenshot: true, viewportRect: {height: 2280, left: 0, top: 120, width: 1080}, waitForIdleTimeout: 3000, warnings: {}, webStorageEnabled: false}&#xa;Session ID: 62e5b862-d2c0-4dcf-ad05-c0bce164dcf0&#xa;	at org.openqa.selenium.support.ui.WebDriverWait.timeoutException(WebDriverWait.java:95)&#xa;	at org.openqa.selenium.support.ui.FluentWait.until(FluentWait.java:272)&#xa;	at base.BaseKeyword$Trait$Helper.waitForPresentOf(BaseKeyword.groovy:344)&#xa;	at screens.IncomingDocumentScreen.waitForPresentOf(IncomingDocumentScreen.groovy)&#xa;	at screens.IncomingDocumentScreen.viewMainFile(IncomingDocumentScreen.groovy:51)&#xa;	at 017 DUYET CO CC_NHAP Y KIEN.run(017 DUYET CO CC_NHAP Y KIEN:65)&#xa;	at com.kms.katalon.core.main.ScriptEngine.run(ScriptEngine.java:194)&#xa;	at com.kms.katalon.core.main.ScriptEngine.runScriptAsRawText(ScriptEngine.java:119)&#xa;	at com.kms.katalon.core.main.TestCaseExecutor.runScript(TestCaseExecutor.java:448)&#xa;	at com.kms.katalon.core.main.TestCaseExecutor.doExecute(TestCaseExecutor.java:439)&#xa;	at com.kms.katalon.core.main.TestCaseExecutor.processExecutionPhase(TestCaseExecutor.java:418)&#xa;	at com.kms.katalon.core.main.TestCaseExecutor.accessMainPhase(TestCaseExecutor.java:410)&#xa;	at com.kms.katalon.core.main.TestCaseExecutor.execute(TestCaseExecutor.java:285)&#xa;	at com.kms.katalon.core.main.TestCaseExecutor.execute(TestCaseExecutor.java:369)&#xa;	at com.kms.katalon.core.main.TestCaseExecutor.execute(TestCaseExecutor.java:369)&#xa;	at com.kms.katalon.core.main.TestCaseExecutor.execute(TestCaseExecutor.java:369)&#xa;	at com.kms.katalon.core.common.CommonExecutor.accessTestCaseMainPhase(CommonExecutor.java:65)&#xa;	at com.kms.katalon.core.main.TestSuiteExecutor.accessTestSuiteMainPhase(TestSuiteExecutor.java:150)&#xa;	at com.kms.katalon.core.main.TestSuiteExecutor.execute(TestSuiteExecutor.java:106)&#xa;	at com.kms.katalon.core.main.TestCaseMain.startTestSuite(TestCaseMain.java:180)&#xa;	at TempTestSuite1748015363748.run(TempTestSuite1748015363748.groovy:35)&#xa;	at java.base/jdk.internal.reflect.NativeMethodAccessorImpl.invoke0(Native Method)&#xa;	at java.base/jdk.internal.reflect.NativeMethodAccessorImpl.invoke(NativeMethodAccessorImpl.java:77)&#xa;	at java.base/jdk.internal.reflect.DelegatingMethodAccessorImpl.invoke(DelegatingMethodAccessorImpl.java:43)&#xa;"/>
         <system-out><![CDATA[23-05-2025T23:39:45 - [TEST_CASE][ERROR] - Test Cases/IPAPER APP/017 DUYET CO CC_NHAP Y KIEN: Test Cases/IPAPER APP/017 DUYET CO CC_NHAP Y KIEN FAILED.
Reason:
org.openqa.selenium.TimeoutException: Expected condition failed: waiting for base.BaseKeyword$Trait$Helper$_waitForPresentOf_closure1@6202727d (tried for 30 second(s) with 500 milliseconds interval)
Build info: version: '3.141.59', revision: 'unknown', time: 'unknown'
System info: host: '192.168.30.108', ip: 'fe80:0:0:0:857:c3df:d699:1dc0%en0', os.name: 'Mac OS X', os.arch: 'aarch64', os.version: '15.5', java.version: '17.0.7'
Driver info: com.kms.katalon.core.appium.driver.SwipeableAndroidDriver
Capabilities {automationName: UiAutomator2, databaseEnabled: false, desired: {automationName: UiAutomator2, deviceName: af0c5cf7, noReset: true, platformName: android, waitForIdleTimeout: 3000}, deviceApiLevel: 35, deviceManufacturer: OPPO, deviceModel: CPH2699, deviceName: af0c5cf7, deviceScreenDensity: 480, deviceScreenSize: 1080x2400, deviceUDID: af0c5cf7, javascriptEnabled: true, locationContextEnabled: false, networkConnectionEnabled: true, noReset: true, pixelRatio: 3, platform: LINUX, platformName: Android, platformVersion: 15, statBarHeight: 120, takesScreenshot: true, viewportRect: {height: 2280, left: 0, top: 120, width: 1080}, waitForIdleTimeout: 3000, warnings: {}, webStorageEnabled: false}
Session ID: 62e5b862-d2c0-4dcf-ad05-c0bce164dcf0
	at org.openqa.selenium.support.ui.WebDriverWait.timeoutException(WebDriverWait.java:95)
	at org.openqa.selenium.support.ui.FluentWait.until(FluentWait.java:272)
	at base.BaseKeyword$Trait$Helper.waitForPresentOf(BaseKeyword.groovy:344)
	at screens.IncomingDocumentScreen.waitForPresentOf(IncomingDocumentScreen.groovy)
	at screens.IncomingDocumentScreen.viewMainFile(IncomingDocumentScreen.groovy:51)
	at 017 DUYET CO CC_NHAP Y KIEN.run(017 DUYET CO CC_NHAP Y KIEN:65)
	at com.kms.katalon.core.main.ScriptEngine.run(ScriptEngine.java:194)
	at com.kms.katalon.core.main.ScriptEngine.runScriptAsRawText(ScriptEngine.java:119)
	at com.kms.katalon.core.main.TestCaseExecutor.runScript(TestCaseExecutor.java:448)
	at com.kms.katalon.core.main.TestCaseExecutor.doExecute(TestCaseExecutor.java:439)
	at com.kms.katalon.core.main.TestCaseExecutor.processExecutionPhase(TestCaseExecutor.java:418)
	at com.kms.katalon.core.main.TestCaseExecutor.accessMainPhase(TestCaseExecutor.java:410)
	at com.kms.katalon.core.main.TestCaseExecutor.execute(TestCaseExecutor.java:285)
	at com.kms.katalon.core.main.TestCaseExecutor.execute(TestCaseExecutor.java:369)
	at com.kms.katalon.core.main.TestCaseExecutor.execute(TestCaseExecutor.java:369)
	at com.kms.katalon.core.main.TestCaseExecutor.execute(TestCaseExecutor.java:369)
	at com.kms.katalon.core.common.CommonExecutor.accessTestCaseMainPhase(CommonExecutor.java:65)
	at com.kms.katalon.core.main.TestSuiteExecutor.accessTestSuiteMainPhase(TestSuiteExecutor.java:150)
	at com.kms.katalon.core.main.TestSuiteExecutor.execute(TestSuiteExecutor.java:106)
	at com.kms.katalon.core.main.TestCaseMain.startTestSuite(TestCaseMain.java:180)
	at TempTestSuite1748015363748.run(TempTestSuite1748015363748.groovy:35)
	at java.base/jdk.internal.reflect.NativeMethodAccessorImpl.invoke0(Native Method)
	at java.base/jdk.internal.reflect.NativeMethodAccessorImpl.invoke(NativeMethodAccessorImpl.java:77)
	at java.base/jdk.internal.reflect.DelegatingMethodAccessorImpl.invoke(DelegatingMethodAccessorImpl.java:43)


23-05-2025T23:39:45 - [TEST_STEP][PASSED] - Start listener action : beforeTest: drivers.Driver.openApp is PASSED

23-05-2025T23:39:45 - [TEST_STEP][PASSED] - DataTest.init(): null

23-05-2025T23:39:45 - [TEST_STEP][PASSED] - testCaseId = split("/").last(): null

23-05-2025T23:39:45 - [TEST_STEP][PASSED] - if (!(drivers.Driver.isAppiumRunning())): drivers.Driver.isAppiumRunning is PASSED

23-05-2025T23:39:45 - [MESSAGE][INFO] - Appium running: true

23-05-2025T23:39:45 - [MESSAGE][PASSED] - drivers.Driver.isAppiumRunning is PASSED

23-05-2025T23:39:45 - [TEST_STEP][PASSED] - if (driver == null || driver.getSessionId() == null): null

23-05-2025T23:39:45 - [TEST_STEP][PASSED] - drivers.Driver.openApp(): drivers.Driver.openApp is PASSED

23-05-2025T23:39:48 - [MESSAGE][PASSED] - drivers.Driver.openApp is PASSED

23-05-2025T23:39:48 - [TEST_STEP][PASSED] - REQUEST_NAME = "Trình ký PDF có sẵn": null

23-05-2025T23:39:48 - [TEST_STEP][PASSED] - COMMENT = "Commented by automation team in case 17": null

23-05-2025T23:39:48 - [TEST_STEP][PASSED] - auto5 = DataTest.getUserTest5(): null

23-05-2025T23:39:48 - [TEST_STEP][PASSED] - auto6 = DataTest.getUserTest6(): null

23-05-2025T23:39:48 - [TEST_STEP][PASSED] - auto7 = DataTest.getUserTest7(): null

23-05-2025T23:39:48 - [TEST_STEP][PASSED] - document = DataTest.createDocumentTest(auto5, auto6, null, "dummy.pdf", "dummy.pdf"): null

23-05-2025T23:39:48 - [TEST_STEP][PASSED] - loginScreen.login(auto5): null

23-05-2025T23:39:56 - [TEST_STEP][PASSED] - homeScreen.openRequestList(): null

23-05-2025T23:40:01 - [TEST_STEP][PASSED] - homeScreen.createRequest(REQUEST_NAME): null

23-05-2025T23:40:08 - [TEST_STEP][PASSED] - pdfSignScreen.fillInTitle(document.getTitle()): null

23-05-2025T23:40:10 - [TEST_STEP][PASSED] - pdfSignScreen.selectPriority(document.getPriority()): null

23-05-2025T23:40:12 - [TEST_STEP][PASSED] - pdfSignScreen.selectTime(document.getTime()): null

23-05-2025T23:40:15 - [TEST_STEP][PASSED] - pdfSignScreen.fillInDescription(document.getDescription()): null

23-05-2025T23:40:17 - [TEST_STEP][PASSED] - pdfSignScreen.selectAssigner(getAssigner().getEmail()): null

23-05-2025T23:40:23 - [TEST_STEP][PASSED] - pdfSignScreen.openMainFileBrowser(): null

23-05-2025T23:40:28 - [TEST_STEP][PASSED] - fileBrowserScreen.attachFile(document.getMainFileName()): null

23-05-2025T23:40:37 - [TEST_STEP][PASSED] - pdfSignScreen.openSubFileBrowser(): null

23-05-2025T23:40:38 - [TEST_STEP][PASSED] - fileBrowserScreen.attachFile(document.getSubFileName()): null

23-05-2025T23:40:49 - [TEST_STEP][PASSED] - pdfSignScreen.performAction(SEND_APPROVE): null

23-05-2025T23:40:52 - [TEST_STEP][PASSED] - pdfSignScreen.fillInOpinion(document.getComment()): null

23-05-2025T23:40:52 - [TEST_STEP][PASSED] - pdfSignScreen.submitRequest(): null

23-05-2025T23:41:03 - [TEST_STEP][PASSED] - documentInformationScreen.backToHome(): null

23-05-2025T23:41:03 - [TEST_STEP][PASSED] - homeScreen.logout(): null

23-05-2025T23:41:12 - [TEST_STEP][PASSED] - document.setStatus(WAIT_PROCESS): null

23-05-2025T23:41:12 - [TEST_STEP][PASSED] - document.setAssigner(auto5): null

23-05-2025T23:41:12 - [TEST_STEP][PASSED] - loginScreen.login(auto6): null

23-05-2025T23:41:20 - [TEST_STEP][PASSED] - homeScreen.goToIncomingDocument(): null

23-05-2025T23:41:20 - [TEST_STEP][ERROR] - inComingDocument.viewMainFile(document): Test Cases/IPAPER APP/017 DUYET CO CC_NHAP Y KIEN FAILED.
Reason:
org.openqa.selenium.TimeoutException: Expected condition failed: waiting for base.BaseKeyword$Trait$Helper$_waitForPresentOf_closure1@6202727d (tried for 30 second(s) with 500 milliseconds interval)
Build info: version: '3.141.59', revision: 'unknown', time: 'unknown'
System info: host: '192.168.30.108', ip: 'fe80:0:0:0:857:c3df:d699:1dc0%en0', os.name: 'Mac OS X', os.arch: 'aarch64', os.version: '15.5', java.version: '17.0.7'
Driver info: com.kms.katalon.core.appium.driver.SwipeableAndroidDriver
Capabilities {automationName: UiAutomator2, databaseEnabled: false, desired: {automationName: UiAutomator2, deviceName: af0c5cf7, noReset: true, platformName: android, waitForIdleTimeout: 3000}, deviceApiLevel: 35, deviceManufacturer: OPPO, deviceModel: CPH2699, deviceName: af0c5cf7, deviceScreenDensity: 480, deviceScreenSize: 1080x2400, deviceUDID: af0c5cf7, javascriptEnabled: true, locationContextEnabled: false, networkConnectionEnabled: true, noReset: true, pixelRatio: 3, platform: LINUX, platformName: Android, platformVersion: 15, statBarHeight: 120, takesScreenshot: true, viewportRect: {height: 2280, left: 0, top: 120, width: 1080}, waitForIdleTimeout: 3000, warnings: {}, webStorageEnabled: false}
Session ID: 62e5b862-d2c0-4dcf-ad05-c0bce164dcf0
	at org.openqa.selenium.support.ui.WebDriverWait.timeoutException(WebDriverWait.java:95)
	at org.openqa.selenium.support.ui.FluentWait.until(FluentWait.java:272)
	at base.BaseKeyword$Trait$Helper.waitForPresentOf(BaseKeyword.groovy:344)
	at screens.IncomingDocumentScreen.waitForPresentOf(IncomingDocumentScreen.groovy)
	at screens.IncomingDocumentScreen.viewMainFile(IncomingDocumentScreen.groovy:51)
	at 017 DUYET CO CC_NHAP Y KIEN.run(017 DUYET CO CC_NHAP Y KIEN:65)
	at com.kms.katalon.core.main.ScriptEngine.run(ScriptEngine.java:194)
	at com.kms.katalon.core.main.ScriptEngine.runScriptAsRawText(ScriptEngine.java:119)
	at com.kms.katalon.core.main.TestCaseExecutor.runScript(TestCaseExecutor.java:448)
	at com.kms.katalon.core.main.TestCaseExecutor.doExecute(TestCaseExecutor.java:439)
	at com.kms.katalon.core.main.TestCaseExecutor.processExecutionPhase(TestCaseExecutor.java:418)
	at com.kms.katalon.core.main.TestCaseExecutor.accessMainPhase(TestCaseExecutor.java:410)
	at com.kms.katalon.core.main.TestCaseExecutor.execute(TestCaseExecutor.java:285)
	at com.kms.katalon.core.main.TestCaseExecutor.execute(TestCaseExecutor.java:369)
	at com.kms.katalon.core.main.TestCaseExecutor.execute(TestCaseExecutor.java:369)
	at com.kms.katalon.core.main.TestCaseExecutor.execute(TestCaseExecutor.java:369)
	at com.kms.katalon.core.common.CommonExecutor.accessTestCaseMainPhase(CommonExecutor.java:65)
	at com.kms.katalon.core.main.TestSuiteExecutor.accessTestSuiteMainPhase(TestSuiteExecutor.java:150)
	at com.kms.katalon.core.main.TestSuiteExecutor.execute(TestSuiteExecutor.java:106)
	at com.kms.katalon.core.main.TestCaseMain.startTestSuite(TestCaseMain.java:180)
	at TempTestSuite1748015363748.run(TempTestSuite1748015363748.groovy:35)
	at java.base/jdk.internal.reflect.NativeMethodAccessorImpl.invoke0(Native Method)
	at java.base/jdk.internal.reflect.NativeMethodAccessorImpl.invoke(NativeMethodAccessorImpl.java:77)
	at java.base/jdk.internal.reflect.DelegatingMethodAccessorImpl.invoke(DelegatingMethodAccessorImpl.java:43)


23-05-2025T23:41:20 - [MESSAGE][INFO] - View main file document: Trình ký 1748018388154

23-05-2025T23:41:53 - [MESSAGE][ERROR] - Test Cases/IPAPER APP/017 DUYET CO CC_NHAP Y KIEN FAILED.
Reason:
org.openqa.selenium.TimeoutException: Expected condition failed: waiting for base.BaseKeyword$Trait$Helper$_waitForPresentOf_closure1@6202727d (tried for 30 second(s) with 500 milliseconds interval)
Build info: version: '3.141.59', revision: 'unknown', time: 'unknown'
System info: host: '192.168.30.108', ip: 'fe80:0:0:0:857:c3df:d699:1dc0%en0', os.name: 'Mac OS X', os.arch: 'aarch64', os.version: '15.5', java.version: '17.0.7'
Driver info: com.kms.katalon.core.appium.driver.SwipeableAndroidDriver
Capabilities {automationName: UiAutomator2, databaseEnabled: false, desired: {automationName: UiAutomator2, deviceName: af0c5cf7, noReset: true, platformName: android, waitForIdleTimeout: 3000}, deviceApiLevel: 35, deviceManufacturer: OPPO, deviceModel: CPH2699, deviceName: af0c5cf7, deviceScreenDensity: 480, deviceScreenSize: 1080x2400, deviceUDID: af0c5cf7, javascriptEnabled: true, locationContextEnabled: false, networkConnectionEnabled: true, noReset: true, pixelRatio: 3, platform: LINUX, platformName: Android, platformVersion: 15, statBarHeight: 120, takesScreenshot: true, viewportRect: {height: 2280, left: 0, top: 120, width: 1080}, waitForIdleTimeout: 3000, warnings: {}, webStorageEnabled: false}
Session ID: 62e5b862-d2c0-4dcf-ad05-c0bce164dcf0
	at org.openqa.selenium.support.ui.WebDriverWait.timeoutException(WebDriverWait.java:95)
	at org.openqa.selenium.support.ui.FluentWait.until(FluentWait.java:272)
	at base.BaseKeyword$Trait$Helper.waitForPresentOf(BaseKeyword.groovy:344)
	at screens.IncomingDocumentScreen.waitForPresentOf(IncomingDocumentScreen.groovy)
	at screens.IncomingDocumentScreen.viewMainFile(IncomingDocumentScreen.groovy:51)
	at 017 DUYET CO CC_NHAP Y KIEN.run(017 DUYET CO CC_NHAP Y KIEN:65)
	at com.kms.katalon.core.main.ScriptEngine.run(ScriptEngine.java:194)
	at com.kms.katalon.core.main.ScriptEngine.runScriptAsRawText(ScriptEngine.java:119)
	at com.kms.katalon.core.main.TestCaseExecutor.runScript(TestCaseExecutor.java:448)
	at com.kms.katalon.core.main.TestCaseExecutor.doExecute(TestCaseExecutor.java:439)
	at com.kms.katalon.core.main.TestCaseExecutor.processExecutionPhase(TestCaseExecutor.java:418)
	at com.kms.katalon.core.main.TestCaseExecutor.accessMainPhase(TestCaseExecutor.java:410)
	at com.kms.katalon.core.main.TestCaseExecutor.execute(TestCaseExecutor.java:285)
	at com.kms.katalon.core.main.TestCaseExecutor.execute(TestCaseExecutor.java:369)
	at com.kms.katalon.core.main.TestCaseExecutor.execute(TestCaseExecutor.java:369)
	at com.kms.katalon.core.main.TestCaseExecutor.execute(TestCaseExecutor.java:369)
	at com.kms.katalon.core.common.CommonExecutor.accessTestCaseMainPhase(CommonExecutor.java:65)
	at com.kms.katalon.core.main.TestSuiteExecutor.accessTestSuiteMainPhase(TestSuiteExecutor.java:150)
	at com.kms.katalon.core.main.TestSuiteExecutor.execute(TestSuiteExecutor.java:106)
	at com.kms.katalon.core.main.TestCaseMain.startTestSuite(TestCaseMain.java:180)
	at TempTestSuite1748015363748.run(TempTestSuite1748015363748.groovy:35)
	at java.base/jdk.internal.reflect.NativeMethodAccessorImpl.invoke0(Native Method)
	at java.base/jdk.internal.reflect.NativeMethodAccessorImpl.invoke(NativeMethodAccessorImpl.java:77)
	at java.base/jdk.internal.reflect.DelegatingMethodAccessorImpl.invoke(DelegatingMethodAccessorImpl.java:43)


23-05-2025T23:41:53 - [TEST_STEP][PASSED] - Start listener action : afterTest: null

23-05-2025T23:41:53 - [TEST_STEP][PASSED] - if (testCaseStatus != "PASSED"): Screenshot is taken

23-05-2025T23:41:53 - [TEST_STEP][PASSED] - takeScreenshot(ErrorScreen/$GlobalVariable.PLATFORM/$testCaseContext.getTestCaseId().png): Screenshot is taken

23-05-2025T23:41:55 - [MESSAGE][PASSED] - Screenshot is taken
[[ATTACHMENT|ErrorScreen/Android/Test Cases/IPAPER APP/017 DUYET CO CC_NHAP Y KIEN.png]]

23-05-2025T23:41:55 - [TEST_STEP][PASSED] - drivers.Driver.closeApp(): drivers.Driver.closeApp is PASSED

23-05-2025T23:41:56 - [MESSAGE][PASSED] - drivers.Driver.closeApp is PASSED

23-05-2025T23:41:56 - [TEST_STEP][PASSED] - if (tsContext == null): null]]></system-out>
         <system-err><![CDATA[23-05-2025T23:39:45 - [TEST_CASE][ERROR] - Test Cases/IPAPER APP/017 DUYET CO CC_NHAP Y KIEN: Test Cases/IPAPER APP/017 DUYET CO CC_NHAP Y KIEN FAILED.
Reason:
org.openqa.selenium.TimeoutException: Expected condition failed: waiting for base.BaseKeyword$Trait$Helper$_waitForPresentOf_closure1@6202727d (tried for 30 second(s) with 500 milliseconds interval)
Build info: version: '3.141.59', revision: 'unknown', time: 'unknown'
System info: host: '192.168.30.108', ip: 'fe80:0:0:0:857:c3df:d699:1dc0%en0', os.name: 'Mac OS X', os.arch: 'aarch64', os.version: '15.5', java.version: '17.0.7'
Driver info: com.kms.katalon.core.appium.driver.SwipeableAndroidDriver
Capabilities {automationName: UiAutomator2, databaseEnabled: false, desired: {automationName: UiAutomator2, deviceName: af0c5cf7, noReset: true, platformName: android, waitForIdleTimeout: 3000}, deviceApiLevel: 35, deviceManufacturer: OPPO, deviceModel: CPH2699, deviceName: af0c5cf7, deviceScreenDensity: 480, deviceScreenSize: 1080x2400, deviceUDID: af0c5cf7, javascriptEnabled: true, locationContextEnabled: false, networkConnectionEnabled: true, noReset: true, pixelRatio: 3, platform: LINUX, platformName: Android, platformVersion: 15, statBarHeight: 120, takesScreenshot: true, viewportRect: {height: 2280, left: 0, top: 120, width: 1080}, waitForIdleTimeout: 3000, warnings: {}, webStorageEnabled: false}
Session ID: 62e5b862-d2c0-4dcf-ad05-c0bce164dcf0
	at org.openqa.selenium.support.ui.WebDriverWait.timeoutException(WebDriverWait.java:95)
	at org.openqa.selenium.support.ui.FluentWait.until(FluentWait.java:272)
	at base.BaseKeyword$Trait$Helper.waitForPresentOf(BaseKeyword.groovy:344)
	at screens.IncomingDocumentScreen.waitForPresentOf(IncomingDocumentScreen.groovy)
	at screens.IncomingDocumentScreen.viewMainFile(IncomingDocumentScreen.groovy:51)
	at 017 DUYET CO CC_NHAP Y KIEN.run(017 DUYET CO CC_NHAP Y KIEN:65)
	at com.kms.katalon.core.main.ScriptEngine.run(ScriptEngine.java:194)
	at com.kms.katalon.core.main.ScriptEngine.runScriptAsRawText(ScriptEngine.java:119)
	at com.kms.katalon.core.main.TestCaseExecutor.runScript(TestCaseExecutor.java:448)
	at com.kms.katalon.core.main.TestCaseExecutor.doExecute(TestCaseExecutor.java:439)
	at com.kms.katalon.core.main.TestCaseExecutor.processExecutionPhase(TestCaseExecutor.java:418)
	at com.kms.katalon.core.main.TestCaseExecutor.accessMainPhase(TestCaseExecutor.java:410)
	at com.kms.katalon.core.main.TestCaseExecutor.execute(TestCaseExecutor.java:285)
	at com.kms.katalon.core.main.TestCaseExecutor.execute(TestCaseExecutor.java:369)
	at com.kms.katalon.core.main.TestCaseExecutor.execute(TestCaseExecutor.java:369)
	at com.kms.katalon.core.main.TestCaseExecutor.execute(TestCaseExecutor.java:369)
	at com.kms.katalon.core.common.CommonExecutor.accessTestCaseMainPhase(CommonExecutor.java:65)
	at com.kms.katalon.core.main.TestSuiteExecutor.accessTestSuiteMainPhase(TestSuiteExecutor.java:150)
	at com.kms.katalon.core.main.TestSuiteExecutor.execute(TestSuiteExecutor.java:106)
	at com.kms.katalon.core.main.TestCaseMain.startTestSuite(TestCaseMain.java:180)
	at TempTestSuite1748015363748.run(TempTestSuite1748015363748.groovy:35)
	at java.base/jdk.internal.reflect.NativeMethodAccessorImpl.invoke0(Native Method)
	at java.base/jdk.internal.reflect.NativeMethodAccessorImpl.invoke(NativeMethodAccessorImpl.java:77)
	at java.base/jdk.internal.reflect.DelegatingMethodAccessorImpl.invoke(DelegatingMethodAccessorImpl.java:43)]]></system-err>
      </testcase>
      <testcase name="Test Cases/IPAPER APP/018 TU CHOI NHANH" time="153.273" classname="Test Cases/IPAPER APP/018 TU CHOI NHANH" status="PASSED">
         <system-out><![CDATA[23-05-2025T23:41:56 - [TEST_CASE][PASSED] - Test Cases/IPAPER APP/018 TU CHOI NHANH: Test Cases/IPAPER APP/018 TU CHOI NHANH

23-05-2025T23:41:56 - [TEST_STEP][PASSED] - Start listener action : beforeTest: drivers.Driver.openApp is PASSED

23-05-2025T23:41:56 - [TEST_STEP][PASSED] - DataTest.init(): null

23-05-2025T23:41:56 - [TEST_STEP][PASSED] - testCaseId = split("/").last(): null

23-05-2025T23:41:56 - [TEST_STEP][PASSED] - if (!(drivers.Driver.isAppiumRunning())): drivers.Driver.isAppiumRunning is PASSED

23-05-2025T23:41:56 - [MESSAGE][INFO] - Appium running: true

23-05-2025T23:41:56 - [MESSAGE][PASSED] - drivers.Driver.isAppiumRunning is PASSED

23-05-2025T23:41:56 - [TEST_STEP][PASSED] - if (driver == null || driver.getSessionId() == null): null

23-05-2025T23:41:56 - [TEST_STEP][PASSED] - drivers.Driver.openApp(): drivers.Driver.openApp is PASSED

23-05-2025T23:41:58 - [MESSAGE][PASSED] - drivers.Driver.openApp is PASSED

23-05-2025T23:41:58 - [TEST_STEP][PASSED] - REQUEST_NAME = "Trình ký PDF có sẵn": null

23-05-2025T23:41:58 - [TEST_STEP][PASSED] - COMMENT = "Commented by automation team in case 18": null

23-05-2025T23:41:58 - [TEST_STEP][PASSED] - auto5 = DataTest.getUserTest5(): null

23-05-2025T23:41:58 - [TEST_STEP][PASSED] - auto6 = DataTest.getUserTest6(): null

23-05-2025T23:41:58 - [TEST_STEP][PASSED] - document = DataTest.createDocumentTest(auto5, auto6, null, "dummy.pdf", "dummy.pdf"): null

23-05-2025T23:41:58 - [TEST_STEP][PASSED] - loginScreen.login(auto5): null

23-05-2025T23:42:07 - [TEST_STEP][PASSED] - homeScreen.openRequestList(): null

23-05-2025T23:42:13 - [TEST_STEP][PASSED] - homeScreen.createRequest(REQUEST_NAME): null

23-05-2025T23:42:20 - [TEST_STEP][PASSED] - pdfSignScreen.fillInTitle(document.getTitle()): null

23-05-2025T23:42:23 - [TEST_STEP][PASSED] - pdfSignScreen.selectPriority(document.getPriority()): null

23-05-2025T23:42:25 - [TEST_STEP][PASSED] - pdfSignScreen.selectTime(document.getTime()): null

23-05-2025T23:42:28 - [TEST_STEP][PASSED] - pdfSignScreen.fillInDescription(document.getDescription()): null

23-05-2025T23:42:30 - [TEST_STEP][PASSED] - pdfSignScreen.selectAssigner(getAssigner().getEmail()): null

23-05-2025T23:42:36 - [TEST_STEP][PASSED] - pdfSignScreen.openMainFileBrowser(): null

23-05-2025T23:42:41 - [TEST_STEP][PASSED] - fileBrowserScreen.attachFile(document.getMainFileName()): null

23-05-2025T23:42:50 - [TEST_STEP][PASSED] - pdfSignScreen.openSubFileBrowser(): null

23-05-2025T23:42:51 - [TEST_STEP][PASSED] - fileBrowserScreen.attachFile(document.getSubFileName()): null

23-05-2025T23:43:01 - [TEST_STEP][PASSED] - pdfSignScreen.performAction(SEND_APPROVE): null

23-05-2025T23:43:03 - [TEST_STEP][PASSED] - pdfSignScreen.fillInOpinion(document.getComment()): null

23-05-2025T23:43:04 - [TEST_STEP][PASSED] - pdfSignScreen.submitRequest(): null

23-05-2025T23:43:15 - [TEST_STEP][PASSED] - documentInformationScreen.backToHome(): null

23-05-2025T23:43:15 - [TEST_STEP][PASSED] - homeScreen.logout(): null

23-05-2025T23:43:23 - [TEST_STEP][PASSED] - document.setStatus(WAIT_APPROVE): null

23-05-2025T23:43:23 - [TEST_STEP][PASSED] - document.setAssigner(auto5): null

23-05-2025T23:43:23 - [TEST_STEP][PASSED] - loginScreen.login(auto6): null

23-05-2025T23:43:34 - [TEST_STEP][PASSED] - homeScreen.goToIncomingDocument(): null

23-05-2025T23:43:34 - [TEST_STEP][PASSED] - inComingDocument.viewInformationDocument(document): View document Trình ký 1748018518795

23-05-2025T23:43:34 - [MESSAGE][INFO] - View document Trình ký 1748018518795

23-05-2025T23:43:41 - [TEST_STEP][PASSED] - documentInformationScreen.checkDocumentTitle(document): Verify equals GUI: Trình ký 1748018518795 - DATA: Trình ký 1748018518795

23-05-2025T23:43:41 - [MESSAGE][PASSED] - Verify equals GUI: Trình ký 1748018518795 - DATA: Trình ký 1748018518795

23-05-2025T23:43:41 - [TEST_STEP][PASSED] - documentInformationScreen.checkSender(document): Verify equals GUI: Auto Test User 1 - DATA: Auto Test User 1

23-05-2025T23:43:41 - [MESSAGE][PASSED] - Verify equals GUI: Auto Test User 1 - DATA: Auto Test User 1

23-05-2025T23:43:41 - [TEST_STEP][PASSED] - documentInformationScreen.checkStatus(document): Verify equals GUI: Chờ giám sát phê duyệt - DATA: Chờ giám sát phê duyệt

23-05-2025T23:43:41 - [MESSAGE][PASSED] - Verify equals GUI: Chờ giám sát phê duyệt - DATA: Chờ giám sát phê duyệt

23-05-2025T23:43:41 - [TEST_STEP][PASSED] - documentInformationScreen.checkCreateDate(): Verify equals GUI: 23/05/2025 - DATA: 23/05/2025

23-05-2025T23:43:42 - [MESSAGE][PASSED] - Verify equals GUI: 23/05/2025 - DATA: 23/05/2025

23-05-2025T23:43:42 - [TEST_STEP][PASSED] - documentInformationScreen.checkFinishDate(document): Verify equals GUI: 24/05/2025 - DATA: 24/05/2025

23-05-2025T23:43:42 - [MESSAGE][PASSED] - Verify equals GUI: 24/05/2025 - DATA: 24/05/2025

23-05-2025T23:43:42 - [TEST_STEP][PASSED] - documentInformationScreen.checkPriority(document): Verify equals GUI: Khẩn cấp - DATA: Khẩn cấp

23-05-2025T23:43:42 - [MESSAGE][PASSED] - Verify equals GUI: Khẩn cấp - DATA: Khẩn cấp

23-05-2025T23:43:42 - [TEST_STEP][PASSED] - documentInformationScreen.checkDescription(document): Verify equals GUI: 018 TU CHOI NHANH - DATA: 018 TU CHOI NHANH

23-05-2025T23:43:42 - [MESSAGE][PASSED] - Verify equals GUI: 018 TU CHOI NHANH - DATA: 018 TU CHOI NHANH

23-05-2025T23:43:42 - [TEST_STEP][PASSED] - documentInformationScreen.checkAssigner(document): Verify contains GUI: auto1@hdbank.com.vn - DATA: auto1@hdbank.com.vn

23-05-2025T23:43:43 - [MESSAGE][PASSED] - Verify contains GUI: auto1@hdbank.com.vn - DATA: auto1@hdbank.com.vn

23-05-2025T23:43:43 - [TEST_STEP][PASSED] - documentInformationScreen.checkPresentFileName(document): Verify contains GUI: dummy_20250523234251.ozd - DATA: dummy

23-05-2025T23:43:44 - [MESSAGE][PASSED] - Verify contains GUI: dummy_20250523234251.ozd - DATA: dummy

23-05-2025T23:43:44 - [TEST_STEP][PASSED] - documentInformationScreen.checkAttachFileName(document): Expected true condition

23-05-2025T23:43:46 - [MESSAGE][PASSED] - Expected true condition

23-05-2025T23:43:46 - [TEST_STEP][PASSED] - documentInformationScreen.backToHome(): null

23-05-2025T23:43:51 - [TEST_STEP][PASSED] - inComingDocument.performAction(document, REJECT): null

23-05-2025T23:43:58 - [TEST_STEP][PASSED] - inComingDocument.checkItemInDocument(): null

23-05-2025T23:43:58 - [TEST_STEP][PASSED] - homeScreen.goToOutComingDocument(): null

23-05-2025T23:44:08 - [TEST_STEP][PASSED] - outComingDocument.viewInformationDocument(document): null

23-05-2025T23:44:09 - [TEST_STEP][PASSED] - documentInformationScreen.checkDocumentTitle(document): Verify equals GUI: Trình ký 1748018518795 - DATA: Trình ký 1748018518795

23-05-2025T23:44:13 - [MESSAGE][PASSED] - Verify equals GUI: Trình ký 1748018518795 - DATA: Trình ký 1748018518795

23-05-2025T23:44:13 - [TEST_STEP][PASSED] - documentInformationScreen.checkSender(document): Verify equals GUI: Auto Test User 1 - DATA: Auto Test User 1

23-05-2025T23:44:13 - [MESSAGE][PASSED] - Verify equals GUI: Auto Test User 1 - DATA: Auto Test User 1

23-05-2025T23:44:13 - [TEST_STEP][PASSED] - documentInformationScreen.checkStatus(document): Verify equals GUI: Từ chối - DATA: Từ chối

23-05-2025T23:44:13 - [MESSAGE][PASSED] - Verify equals GUI: Từ chối - DATA: Từ chối

23-05-2025T23:44:13 - [TEST_STEP][PASSED] - documentInformationScreen.checkCreateDate(): Verify equals GUI: 23/05/2025 - DATA: 23/05/2025

23-05-2025T23:44:13 - [MESSAGE][PASSED] - Verify equals GUI: 23/05/2025 - DATA: 23/05/2025

23-05-2025T23:44:13 - [TEST_STEP][PASSED] - documentInformationScreen.checkFinishDate(document): Verify equals GUI: 24/05/2025 - DATA: 24/05/2025

23-05-2025T23:44:13 - [MESSAGE][PASSED] - Verify equals GUI: 24/05/2025 - DATA: 24/05/2025

23-05-2025T23:44:13 - [TEST_STEP][PASSED] - documentInformationScreen.checkPriority(document): Verify equals GUI: Khẩn cấp - DATA: Khẩn cấp

23-05-2025T23:44:13 - [MESSAGE][PASSED] - Verify equals GUI: Khẩn cấp - DATA: Khẩn cấp

23-05-2025T23:44:13 - [TEST_STEP][PASSED] - documentInformationScreen.checkDescription(document): Verify equals GUI: 018 TU CHOI NHANH - DATA: 018 TU CHOI NHANH

23-05-2025T23:44:14 - [MESSAGE][PASSED] - Verify equals GUI: 018 TU CHOI NHANH - DATA: 018 TU CHOI NHANH

23-05-2025T23:44:14 - [TEST_STEP][PASSED] - documentInformationScreen.isAssignerDisplayed(): Check sender not displayed

23-05-2025T23:44:17 - [MESSAGE][PASSED] - Check sender not displayed

23-05-2025T23:44:17 - [TEST_STEP][PASSED] - documentInformationScreen.checkPresentFileName(document): Verify contains GUI: dummy_20250523234251.ozd - DATA: dummy

23-05-2025T23:44:22 - [MESSAGE][PASSED] - Verify contains GUI: dummy_20250523234251.ozd - DATA: dummy

23-05-2025T23:44:22 - [TEST_STEP][PASSED] - documentInformationScreen.checkAttachFileName(document): Expected true condition

23-05-2025T23:44:24 - [MESSAGE][PASSED] - Expected true condition

23-05-2025T23:44:24 - [TEST_STEP][PASSED] - documentInformationScreen.backToHome(): null

23-05-2025T23:44:28 - [TEST_STEP][PASSED] - outComingDocument.checkItemInDocument(): null

23-05-2025T23:44:28 - [TEST_STEP][PASSED] - Start listener action : afterTest: null

23-05-2025T23:44:28 - [TEST_STEP][PASSED] - if (testCaseStatus != "PASSED"): null

23-05-2025T23:44:28 - [TEST_STEP][PASSED] - drivers.Driver.closeApp(): drivers.Driver.closeApp is PASSED

23-05-2025T23:44:29 - [MESSAGE][PASSED] - drivers.Driver.closeApp is PASSED

23-05-2025T23:44:29 - [TEST_STEP][PASSED] - if (tsContext == null): null]]></system-out>
         <system-err><![CDATA[]]></system-err>
      </testcase>
      <testcase name="Test Cases/IPAPER APP/019 TU CHOI CHI TIET_NHAP Y KIEN" time="145.001" classname="Test Cases/IPAPER APP/019 TU CHOI CHI TIET_NHAP Y KIEN" status="FAILED">
         <failure type="FAILED" message="Test Cases/IPAPER APP/019 TU CHOI CHI TIET_NHAP Y KIEN FAILED.&#xa;Reason:&#xa;com.kms.katalon.core.exception.StepFailedException: Verify equals GUI: Auto Test User 1 - DATA: Auto Test User 2&#xa;	at com.kms.katalon.core.util.KeywordUtil.markFailed(KeywordUtil.java:19)&#xa;	at utilities.AssertUtilities.logResult(AssertUtilities.groovy:30)&#xa;	at utilities.AssertUtilities.checkEquals(AssertUtilities.groovy:11)&#xa;	at screens.DocumentInformationScreen.checkSender(DocumentInformationScreen.groovy:116)&#xa;	at 019 TU CHOI CHI TIET_NHAP Y KIEN.run(019 TU CHOI CHI TIET_NHAP Y KIEN:101)&#xa;	at com.kms.katalon.core.main.ScriptEngine.run(ScriptEngine.java:194)&#xa;	at com.kms.katalon.core.main.ScriptEngine.runScriptAsRawText(ScriptEngine.java:119)&#xa;	at com.kms.katalon.core.main.TestCaseExecutor.runScript(TestCaseExecutor.java:448)&#xa;	at com.kms.katalon.core.main.TestCaseExecutor.doExecute(TestCaseExecutor.java:439)&#xa;	at com.kms.katalon.core.main.TestCaseExecutor.processExecutionPhase(TestCaseExecutor.java:418)&#xa;	at com.kms.katalon.core.main.TestCaseExecutor.accessMainPhase(TestCaseExecutor.java:410)&#xa;	at com.kms.katalon.core.main.TestCaseExecutor.execute(TestCaseExecutor.java:285)&#xa;	at com.kms.katalon.core.main.TestCaseExecutor.execute(TestCaseExecutor.java:369)&#xa;	at com.kms.katalon.core.main.TestCaseExecutor.execute(TestCaseExecutor.java:369)&#xa;	at com.kms.katalon.core.main.TestCaseExecutor.execute(TestCaseExecutor.java:369)&#xa;	at com.kms.katalon.core.common.CommonExecutor.accessTestCaseMainPhase(CommonExecutor.java:65)&#xa;	at com.kms.katalon.core.main.TestSuiteExecutor.accessTestSuiteMainPhase(TestSuiteExecutor.java:150)&#xa;	at com.kms.katalon.core.main.TestSuiteExecutor.execute(TestSuiteExecutor.java:106)&#xa;	at com.kms.katalon.core.main.TestCaseMain.startTestSuite(TestCaseMain.java:180)&#xa;	at TempTestSuite1748015363748.run(TempTestSuite1748015363748.groovy:35)&#xa;	at java.base/jdk.internal.reflect.NativeMethodAccessorImpl.invoke0(Native Method)&#xa;	at java.base/jdk.internal.reflect.NativeMethodAccessorImpl.invoke(NativeMethodAccessorImpl.java:77)&#xa;	at java.base/jdk.internal.reflect.DelegatingMethodAccessorImpl.invoke(DelegatingMethodAccessorImpl.java:43)&#xa;"/>
         <system-out><![CDATA[23-05-2025T23:51:50 - [TEST_CASE][FAILED] - Test Cases/IPAPER APP/019 TU CHOI CHI TIET_NHAP Y KIEN: Test Cases/IPAPER APP/019 TU CHOI CHI TIET_NHAP Y KIEN FAILED.
Reason:
com.kms.katalon.core.exception.StepFailedException: Verify equals GUI: Auto Test User 1 - DATA: Auto Test User 2
	at com.kms.katalon.core.util.KeywordUtil.markFailed(KeywordUtil.java:19)
	at utilities.AssertUtilities.logResult(AssertUtilities.groovy:30)
	at utilities.AssertUtilities.checkEquals(AssertUtilities.groovy:11)
	at screens.DocumentInformationScreen.checkSender(DocumentInformationScreen.groovy:116)
	at 019 TU CHOI CHI TIET_NHAP Y KIEN.run(019 TU CHOI CHI TIET_NHAP Y KIEN:101)
	at com.kms.katalon.core.main.ScriptEngine.run(ScriptEngine.java:194)
	at com.kms.katalon.core.main.ScriptEngine.runScriptAsRawText(ScriptEngine.java:119)
	at com.kms.katalon.core.main.TestCaseExecutor.runScript(TestCaseExecutor.java:448)
	at com.kms.katalon.core.main.TestCaseExecutor.doExecute(TestCaseExecutor.java:439)
	at com.kms.katalon.core.main.TestCaseExecutor.processExecutionPhase(TestCaseExecutor.java:418)
	at com.kms.katalon.core.main.TestCaseExecutor.accessMainPhase(TestCaseExecutor.java:410)
	at com.kms.katalon.core.main.TestCaseExecutor.execute(TestCaseExecutor.java:285)
	at com.kms.katalon.core.main.TestCaseExecutor.execute(TestCaseExecutor.java:369)
	at com.kms.katalon.core.main.TestCaseExecutor.execute(TestCaseExecutor.java:369)
	at com.kms.katalon.core.main.TestCaseExecutor.execute(TestCaseExecutor.java:369)
	at com.kms.katalon.core.common.CommonExecutor.accessTestCaseMainPhase(CommonExecutor.java:65)
	at com.kms.katalon.core.main.TestSuiteExecutor.accessTestSuiteMainPhase(TestSuiteExecutor.java:150)
	at com.kms.katalon.core.main.TestSuiteExecutor.execute(TestSuiteExecutor.java:106)
	at com.kms.katalon.core.main.TestCaseMain.startTestSuite(TestCaseMain.java:180)
	at TempTestSuite1748015363748.run(TempTestSuite1748015363748.groovy:35)
	at java.base/jdk.internal.reflect.NativeMethodAccessorImpl.invoke0(Native Method)
	at java.base/jdk.internal.reflect.NativeMethodAccessorImpl.invoke(NativeMethodAccessorImpl.java:77)
	at java.base/jdk.internal.reflect.DelegatingMethodAccessorImpl.invoke(DelegatingMethodAccessorImpl.java:43)


23-05-2025T23:51:51 - [TEST_STEP][PASSED] - Start listener action : beforeTest: drivers.Driver.openApp is PASSED

23-05-2025T23:51:51 - [TEST_STEP][PASSED] - DataTest.init(): null

23-05-2025T23:51:51 - [TEST_STEP][PASSED] - testCaseId = split("/").last(): null

23-05-2025T23:51:51 - [TEST_STEP][PASSED] - if (!(drivers.Driver.isAppiumRunning())): drivers.Driver.isAppiumRunning is PASSED

23-05-2025T23:51:51 - [MESSAGE][INFO] - Appium running: true

23-05-2025T23:51:51 - [MESSAGE][PASSED] - drivers.Driver.isAppiumRunning is PASSED

23-05-2025T23:51:51 - [TEST_STEP][PASSED] - if (driver == null || driver.getSessionId() == null): null

23-05-2025T23:51:51 - [TEST_STEP][PASSED] - drivers.Driver.openApp(): drivers.Driver.openApp is PASSED

23-05-2025T23:51:53 - [MESSAGE][PASSED] - drivers.Driver.openApp is PASSED

23-05-2025T23:51:53 - [TEST_STEP][PASSED] - REQUEST_NAME = "Trình ký PDF có sẵn": null

23-05-2025T23:51:53 - [TEST_STEP][PASSED] - COMMENT = "Commented by automaton test in case 19": null

23-05-2025T23:51:53 - [TEST_STEP][PASSED] - auto5 = DataTest.getUserTest5(): null

23-05-2025T23:51:53 - [TEST_STEP][PASSED] - auto6 = DataTest.getUserTest6(): null

23-05-2025T23:51:53 - [TEST_STEP][PASSED] - document = DataTest.createDocumentTest(auto5, auto6, null, "dummy.pdf", "dummy.pdf"): null

23-05-2025T23:51:53 - [TEST_STEP][PASSED] - loginScreen.login(auto5): null

23-05-2025T23:52:01 - [TEST_STEP][PASSED] - homeScreen.openRequestList(): null

23-05-2025T23:52:07 - [TEST_STEP][PASSED] - homeScreen.createRequest(REQUEST_NAME): null

23-05-2025T23:52:13 - [TEST_STEP][PASSED] - pdfSignScreen.fillInTitle(document.getTitle()): null

23-05-2025T23:52:16 - [TEST_STEP][PASSED] - pdfSignScreen.selectPriority(document.getPriority()): null

23-05-2025T23:52:18 - [TEST_STEP][PASSED] - pdfSignScreen.selectTime(document.getTime()): null

23-05-2025T23:52:21 - [TEST_STEP][PASSED] - pdfSignScreen.fillInDescription(document.getDescription()): null

23-05-2025T23:52:23 - [TEST_STEP][PASSED] - pdfSignScreen.selectAssigner(getAssigner().getEmail()): null

23-05-2025T23:52:29 - [TEST_STEP][PASSED] - pdfSignScreen.openMainFileBrowser(): null

23-05-2025T23:52:34 - [TEST_STEP][PASSED] - fileBrowserScreen.attachFile(document.getMainFileName()): null

23-05-2025T23:52:43 - [TEST_STEP][PASSED] - pdfSignScreen.openSubFileBrowser(): null

23-05-2025T23:52:44 - [TEST_STEP][PASSED] - fileBrowserScreen.attachFile(document.getSubFileName()): null

23-05-2025T23:52:53 - [TEST_STEP][PASSED] - pdfSignScreen.performAction(SEND_APPROVE): null

23-05-2025T23:52:56 - [TEST_STEP][PASSED] - pdfSignScreen.fillInOpinion(document.getComment()): null

23-05-2025T23:52:56 - [TEST_STEP][PASSED] - pdfSignScreen.submitRequest(): null

23-05-2025T23:53:05 - [TEST_STEP][PASSED] - documentInformationScreen.backToHome(): null

23-05-2025T23:53:05 - [TEST_STEP][PASSED] - homeScreen.logout(): null

23-05-2025T23:53:14 - [TEST_STEP][PASSED] - document.setStatus(WAIT_APPROVE): null

23-05-2025T23:53:14 - [TEST_STEP][PASSED] - document.setAssigner(auto5): null

23-05-2025T23:53:14 - [TEST_STEP][PASSED] - loginScreen.login(auto6): null

23-05-2025T23:53:22 - [TEST_STEP][PASSED] - homeScreen.goToIncomingDocument(): null

23-05-2025T23:53:22 - [TEST_STEP][PASSED] - inComingDocument.viewInformationDocument(document): View document Trình ký 1748019113628

23-05-2025T23:53:22 - [MESSAGE][INFO] - View document Trình ký 1748019113628

23-05-2025T23:53:28 - [TEST_STEP][PASSED] - documentInformationScreen.checkDocumentTitle(document): Verify equals GUI: Trình ký 1748019113628 - DATA: Trình ký 1748019113628

23-05-2025T23:53:28 - [MESSAGE][PASSED] - Verify equals GUI: Trình ký 1748019113628 - DATA: Trình ký 1748019113628

23-05-2025T23:53:28 - [TEST_STEP][PASSED] - documentInformationScreen.checkSender(document): Verify equals GUI: Auto Test User 1 - DATA: Auto Test User 1

23-05-2025T23:53:29 - [MESSAGE][PASSED] - Verify equals GUI: Auto Test User 1 - DATA: Auto Test User 1

23-05-2025T23:53:29 - [TEST_STEP][PASSED] - documentInformationScreen.checkStatus(document): Verify equals GUI: Chờ giám sát phê duyệt - DATA: Chờ giám sát phê duyệt

23-05-2025T23:53:29 - [MESSAGE][PASSED] - Verify equals GUI: Chờ giám sát phê duyệt - DATA: Chờ giám sát phê duyệt

23-05-2025T23:53:29 - [TEST_STEP][PASSED] - documentInformationScreen.checkCreateDate(): Verify equals GUI: 23/05/2025 - DATA: 23/05/2025

23-05-2025T23:53:29 - [MESSAGE][PASSED] - Verify equals GUI: 23/05/2025 - DATA: 23/05/2025

23-05-2025T23:53:29 - [TEST_STEP][PASSED] - documentInformationScreen.checkFinishDate(document): Verify equals GUI: 24/05/2025 - DATA: 24/05/2025

23-05-2025T23:53:29 - [MESSAGE][PASSED] - Verify equals GUI: 24/05/2025 - DATA: 24/05/2025

23-05-2025T23:53:29 - [TEST_STEP][PASSED] - documentInformationScreen.checkPriority(document): Verify equals GUI: Khẩn cấp - DATA: Khẩn cấp

23-05-2025T23:53:29 - [MESSAGE][PASSED] - Verify equals GUI: Khẩn cấp - DATA: Khẩn cấp

23-05-2025T23:53:29 - [TEST_STEP][PASSED] - documentInformationScreen.checkDescription(document): Verify equals GUI: 019 TU CHOI CHI TIET_NHAP Y KIEN - DATA: 019 TU CHOI CHI TIET_NHAP Y KIEN

23-05-2025T23:53:29 - [MESSAGE][PASSED] - Verify equals GUI: 019 TU CHOI CHI TIET_NHAP Y KIEN - DATA: 019 TU CHOI CHI TIET_NHAP Y KIEN

23-05-2025T23:53:29 - [TEST_STEP][PASSED] - documentInformationScreen.checkAssigner(document): Verify contains GUI: auto1@hdbank.com.vn - DATA: auto1@hdbank.com.vn

23-05-2025T23:53:31 - [MESSAGE][PASSED] - Verify contains GUI: auto1@hdbank.com.vn - DATA: auto1@hdbank.com.vn

23-05-2025T23:53:31 - [TEST_STEP][PASSED] - documentInformationScreen.checkPresentFileName(document): Verify contains GUI: dummy_20250523235243.ozd - DATA: dummy

23-05-2025T23:53:32 - [MESSAGE][PASSED] - Verify contains GUI: dummy_20250523235243.ozd - DATA: dummy

23-05-2025T23:53:32 - [TEST_STEP][PASSED] - documentInformationScreen.checkAttachFileName(document): Expected true condition

23-05-2025T23:53:33 - [MESSAGE][PASSED] - Expected true condition

23-05-2025T23:53:33 - [TEST_STEP][PASSED] - document.setSender(auto6): null

23-05-2025T23:53:33 - [TEST_STEP][PASSED] - documentInformationScreen.performAction(document, REJECT, COMMENT): null

23-05-2025T23:53:43 - [TEST_STEP][PASSED] - documentInformationScreen.backToHome(): null

23-05-2025T23:53:43 - [TEST_STEP][PASSED] - inComingDocument.checkItemInDocument(): null

23-05-2025T23:53:43 - [TEST_STEP][PASSED] - homeScreen.goToOutComingDocument(): null

23-05-2025T23:53:53 - [TEST_STEP][PASSED] - outComingDocument.viewInformationDocument(document): null

23-05-2025T23:53:54 - [TEST_STEP][PASSED] - documentInformationScreen.checkDocumentTitle(document): Verify equals GUI: Trình ký 1748019113628 - DATA: Trình ký 1748019113628

23-05-2025T23:53:58 - [MESSAGE][PASSED] - Verify equals GUI: Trình ký 1748019113628 - DATA: Trình ký 1748019113628

23-05-2025T23:53:58 - [TEST_STEP][FAILED] - documentInformationScreen.checkSender(document): Verify equals GUI: Auto Test User 1 - DATA: Auto Test User 2

23-05-2025T23:53:58 - [MESSAGE][FAILED] - Verify equals GUI: Auto Test User 1 - DATA: Auto Test User 2

23-05-2025T23:53:58 - [TEST_STEP][PASSED] - documentInformationScreen.checkStatus(document): Verify equals GUI: Từ chối - DATA: Từ chối

23-05-2025T23:53:58 - [MESSAGE][PASSED] - Verify equals GUI: Từ chối - DATA: Từ chối

23-05-2025T23:53:58 - [TEST_STEP][PASSED] - documentInformationScreen.checkCreateDate(): Verify equals GUI: 23/05/2025 - DATA: 23/05/2025

23-05-2025T23:53:58 - [MESSAGE][PASSED] - Verify equals GUI: 23/05/2025 - DATA: 23/05/2025

23-05-2025T23:53:58 - [TEST_STEP][PASSED] - documentInformationScreen.checkFinishDate(document): Verify equals GUI: 24/05/2025 - DATA: 24/05/2025

23-05-2025T23:53:58 - [MESSAGE][PASSED] - Verify equals GUI: 24/05/2025 - DATA: 24/05/2025

23-05-2025T23:53:58 - [TEST_STEP][PASSED] - documentInformationScreen.checkPriority(document): Verify equals GUI: Khẩn cấp - DATA: Khẩn cấp

23-05-2025T23:53:58 - [MESSAGE][PASSED] - Verify equals GUI: Khẩn cấp - DATA: Khẩn cấp

23-05-2025T23:53:58 - [TEST_STEP][PASSED] - documentInformationScreen.isAssignerDisplayed(): Check sender not displayed

23-05-2025T23:54:01 - [MESSAGE][PASSED] - Check sender not displayed

23-05-2025T23:54:01 - [TEST_STEP][PASSED] - documentInformationScreen.checkDescription(document): Verify equals GUI: 019 TU CHOI CHI TIET_NHAP Y KIEN - DATA: 019 TU CHOI CHI TIET_NHAP Y KIEN

23-05-2025T23:54:02 - [MESSAGE][PASSED] - Verify equals GUI: 019 TU CHOI CHI TIET_NHAP Y KIEN - DATA: 019 TU CHOI CHI TIET_NHAP Y KIEN

23-05-2025T23:54:02 - [TEST_STEP][PASSED] - documentInformationScreen.checkPresentFileName(document): Verify contains GUI: dummy_20250523235243.ozd - DATA: dummy

23-05-2025T23:54:06 - [MESSAGE][PASSED] - Verify contains GUI: dummy_20250523235243.ozd - DATA: dummy

23-05-2025T23:54:06 - [TEST_STEP][PASSED] - documentInformationScreen.checkAttachFileName(document): Expected true condition

23-05-2025T23:54:08 - [MESSAGE][PASSED] - Expected true condition

23-05-2025T23:54:08 - [TEST_STEP][PASSED] - documentInformationScreen.checkComment(auto6, COMMENT): Check comment of Auto Test User 2 is Commented by automaton test in case 19

23-05-2025T23:54:09 - [MESSAGE][INFO] - GUI COMMENT: Commented by automaton test in case 19 - DATA COMMENT: Commented by automaton test in case 19

23-05-2025T23:54:09 - [MESSAGE][PASSED] - Check comment of Auto Test User 2 is Commented by automaton test in case 19

23-05-2025T23:54:09 - [TEST_STEP][PASSED] - documentInformationScreen.backToHome(): null

23-05-2025T23:54:14 - [TEST_STEP][PASSED] - inComingDocument.checkItemInDocument(): null

23-05-2025T23:54:14 - [TEST_STEP][PASSED] - Start listener action : afterTest: null

23-05-2025T23:54:14 - [TEST_STEP][PASSED] - if (testCaseStatus != "PASSED"): Screenshot is taken

23-05-2025T23:54:14 - [TEST_STEP][PASSED] - takeScreenshot(ErrorScreen/$GlobalVariable.PLATFORM/$testCaseContext.getTestCaseId().png): Screenshot is taken

23-05-2025T23:54:15 - [MESSAGE][PASSED] - Screenshot is taken
[[ATTACHMENT|ErrorScreen/Android/Test Cases/IPAPER APP/019 TU CHOI CHI TIET_NHAP Y KIEN.png]]

23-05-2025T23:54:15 - [TEST_STEP][PASSED] - drivers.Driver.closeApp(): drivers.Driver.closeApp is PASSED

23-05-2025T23:54:15 - [MESSAGE][PASSED] - drivers.Driver.closeApp is PASSED

23-05-2025T23:54:15 - [TEST_STEP][PASSED] - if (tsContext == null): null]]></system-out>
         <system-err><![CDATA[23-05-2025T23:51:50 - [TEST_CASE][FAILED] - Test Cases/IPAPER APP/019 TU CHOI CHI TIET_NHAP Y KIEN: Test Cases/IPAPER APP/019 TU CHOI CHI TIET_NHAP Y KIEN FAILED.
Reason:
com.kms.katalon.core.exception.StepFailedException: Verify equals GUI: Auto Test User 1 - DATA: Auto Test User 2
	at com.kms.katalon.core.util.KeywordUtil.markFailed(KeywordUtil.java:19)
	at utilities.AssertUtilities.logResult(AssertUtilities.groovy:30)
	at utilities.AssertUtilities.checkEquals(AssertUtilities.groovy:11)
	at screens.DocumentInformationScreen.checkSender(DocumentInformationScreen.groovy:116)
	at 019 TU CHOI CHI TIET_NHAP Y KIEN.run(019 TU CHOI CHI TIET_NHAP Y KIEN:101)
	at com.kms.katalon.core.main.ScriptEngine.run(ScriptEngine.java:194)
	at com.kms.katalon.core.main.ScriptEngine.runScriptAsRawText(ScriptEngine.java:119)
	at com.kms.katalon.core.main.TestCaseExecutor.runScript(TestCaseExecutor.java:448)
	at com.kms.katalon.core.main.TestCaseExecutor.doExecute(TestCaseExecutor.java:439)
	at com.kms.katalon.core.main.TestCaseExecutor.processExecutionPhase(TestCaseExecutor.java:418)
	at com.kms.katalon.core.main.TestCaseExecutor.accessMainPhase(TestCaseExecutor.java:410)
	at com.kms.katalon.core.main.TestCaseExecutor.execute(TestCaseExecutor.java:285)
	at com.kms.katalon.core.main.TestCaseExecutor.execute(TestCaseExecutor.java:369)
	at com.kms.katalon.core.main.TestCaseExecutor.execute(TestCaseExecutor.java:369)
	at com.kms.katalon.core.main.TestCaseExecutor.execute(TestCaseExecutor.java:369)
	at com.kms.katalon.core.common.CommonExecutor.accessTestCaseMainPhase(CommonExecutor.java:65)
	at com.kms.katalon.core.main.TestSuiteExecutor.accessTestSuiteMainPhase(TestSuiteExecutor.java:150)
	at com.kms.katalon.core.main.TestSuiteExecutor.execute(TestSuiteExecutor.java:106)
	at com.kms.katalon.core.main.TestCaseMain.startTestSuite(TestCaseMain.java:180)
	at TempTestSuite1748015363748.run(TempTestSuite1748015363748.groovy:35)
	at java.base/jdk.internal.reflect.NativeMethodAccessorImpl.invoke0(Native Method)
	at java.base/jdk.internal.reflect.NativeMethodAccessorImpl.invoke(NativeMethodAccessorImpl.java:77)
	at java.base/jdk.internal.reflect.DelegatingMethodAccessorImpl.invoke(DelegatingMethodAccessorImpl.java:43)]]></system-err>
      </testcase>
      <testcase name="Test Cases/IPAPER APP/020 TU CHOI CHI TIET_KHONG NHAP Y KIEN" time="142.7" classname="Test Cases/IPAPER APP/020 TU CHOI CHI TIET_KHONG NHAP Y KIEN" status="FAILED">
         <failure type="FAILED" message="Test Cases/IPAPER APP/020 TU CHOI CHI TIET_KHONG NHAP Y KIEN FAILED.&#xa;Reason:&#xa;com.kms.katalon.core.exception.StepFailedException: Verify equals GUI: Auto Test User 1 - DATA: Auto Test User 2&#xa;	at com.kms.katalon.core.util.KeywordUtil.markFailed(KeywordUtil.java:19)&#xa;	at utilities.AssertUtilities.logResult(AssertUtilities.groovy:30)&#xa;	at utilities.AssertUtilities.checkEquals(AssertUtilities.groovy:11)&#xa;	at screens.DocumentInformationScreen.checkSender(DocumentInformationScreen.groovy:116)&#xa;	at 020 TU CHOI CHI TIET_KHONG NHAP Y KIEN.run(020 TU CHOI CHI TIET_KHONG NHAP Y KIEN:101)&#xa;	at com.kms.katalon.core.main.ScriptEngine.run(ScriptEngine.java:194)&#xa;	at com.kms.katalon.core.main.ScriptEngine.runScriptAsRawText(ScriptEngine.java:119)&#xa;	at com.kms.katalon.core.main.TestCaseExecutor.runScript(TestCaseExecutor.java:448)&#xa;	at com.kms.katalon.core.main.TestCaseExecutor.doExecute(TestCaseExecutor.java:439)&#xa;	at com.kms.katalon.core.main.TestCaseExecutor.processExecutionPhase(TestCaseExecutor.java:418)&#xa;	at com.kms.katalon.core.main.TestCaseExecutor.accessMainPhase(TestCaseExecutor.java:410)&#xa;	at com.kms.katalon.core.main.TestCaseExecutor.execute(TestCaseExecutor.java:285)&#xa;	at com.kms.katalon.core.main.TestCaseExecutor.execute(TestCaseExecutor.java:369)&#xa;	at com.kms.katalon.core.main.TestCaseExecutor.execute(TestCaseExecutor.java:369)&#xa;	at com.kms.katalon.core.main.TestCaseExecutor.execute(TestCaseExecutor.java:369)&#xa;	at com.kms.katalon.core.common.CommonExecutor.accessTestCaseMainPhase(CommonExecutor.java:65)&#xa;	at com.kms.katalon.core.main.TestSuiteExecutor.accessTestSuiteMainPhase(TestSuiteExecutor.java:150)&#xa;	at com.kms.katalon.core.main.TestSuiteExecutor.execute(TestSuiteExecutor.java:106)&#xa;	at com.kms.katalon.core.main.TestCaseMain.startTestSuite(TestCaseMain.java:180)&#xa;	at TempTestSuite1748015363748.run(TempTestSuite1748015363748.groovy:35)&#xa;	at java.base/jdk.internal.reflect.NativeMethodAccessorImpl.invoke0(Native Method)&#xa;	at java.base/jdk.internal.reflect.NativeMethodAccessorImpl.invoke(NativeMethodAccessorImpl.java:77)&#xa;	at java.base/jdk.internal.reflect.DelegatingMethodAccessorImpl.invoke(DelegatingMethodAccessorImpl.java:43)&#xa;"/>
         <system-out><![CDATA[23-05-2025T23:59:49 - [TEST_CASE][FAILED] - Test Cases/IPAPER APP/020 TU CHOI CHI TIET_KHONG NHAP Y KIEN: Test Cases/IPAPER APP/020 TU CHOI CHI TIET_KHONG NHAP Y KIEN FAILED.
Reason:
com.kms.katalon.core.exception.StepFailedException: Verify equals GUI: Auto Test User 1 - DATA: Auto Test User 2
	at com.kms.katalon.core.util.KeywordUtil.markFailed(KeywordUtil.java:19)
	at utilities.AssertUtilities.logResult(AssertUtilities.groovy:30)
	at utilities.AssertUtilities.checkEquals(AssertUtilities.groovy:11)
	at screens.DocumentInformationScreen.checkSender(DocumentInformationScreen.groovy:116)
	at 020 TU CHOI CHI TIET_KHONG NHAP Y KIEN.run(020 TU CHOI CHI TIET_KHONG NHAP Y KIEN:101)
	at com.kms.katalon.core.main.ScriptEngine.run(ScriptEngine.java:194)
	at com.kms.katalon.core.main.ScriptEngine.runScriptAsRawText(ScriptEngine.java:119)
	at com.kms.katalon.core.main.TestCaseExecutor.runScript(TestCaseExecutor.java:448)
	at com.kms.katalon.core.main.TestCaseExecutor.doExecute(TestCaseExecutor.java:439)
	at com.kms.katalon.core.main.TestCaseExecutor.processExecutionPhase(TestCaseExecutor.java:418)
	at com.kms.katalon.core.main.TestCaseExecutor.accessMainPhase(TestCaseExecutor.java:410)
	at com.kms.katalon.core.main.TestCaseExecutor.execute(TestCaseExecutor.java:285)
	at com.kms.katalon.core.main.TestCaseExecutor.execute(TestCaseExecutor.java:369)
	at com.kms.katalon.core.main.TestCaseExecutor.execute(TestCaseExecutor.java:369)
	at com.kms.katalon.core.main.TestCaseExecutor.execute(TestCaseExecutor.java:369)
	at com.kms.katalon.core.common.CommonExecutor.accessTestCaseMainPhase(CommonExecutor.java:65)
	at com.kms.katalon.core.main.TestSuiteExecutor.accessTestSuiteMainPhase(TestSuiteExecutor.java:150)
	at com.kms.katalon.core.main.TestSuiteExecutor.execute(TestSuiteExecutor.java:106)
	at com.kms.katalon.core.main.TestCaseMain.startTestSuite(TestCaseMain.java:180)
	at TempTestSuite1748015363748.run(TempTestSuite1748015363748.groovy:35)
	at java.base/jdk.internal.reflect.NativeMethodAccessorImpl.invoke0(Native Method)
	at java.base/jdk.internal.reflect.NativeMethodAccessorImpl.invoke(NativeMethodAccessorImpl.java:77)
	at java.base/jdk.internal.reflect.DelegatingMethodAccessorImpl.invoke(DelegatingMethodAccessorImpl.java:43)


23-05-2025T23:59:49 - [TEST_STEP][PASSED] - Start listener action : beforeTest: drivers.Driver.openApp is PASSED

23-05-2025T23:59:49 - [TEST_STEP][PASSED] - DataTest.init(): null

23-05-2025T23:59:49 - [TEST_STEP][PASSED] - testCaseId = split("/").last(): null

23-05-2025T23:59:49 - [TEST_STEP][PASSED] - if (!(drivers.Driver.isAppiumRunning())): drivers.Driver.isAppiumRunning is PASSED

23-05-2025T23:59:49 - [MESSAGE][INFO] - Appium running: true

23-05-2025T23:59:49 - [MESSAGE][PASSED] - drivers.Driver.isAppiumRunning is PASSED

23-05-2025T23:59:49 - [TEST_STEP][PASSED] - if (driver == null || driver.getSessionId() == null): null

23-05-2025T23:59:49 - [TEST_STEP][PASSED] - drivers.Driver.openApp(): drivers.Driver.openApp is PASSED

23-05-2025T23:59:52 - [MESSAGE][PASSED] - drivers.Driver.openApp is PASSED

23-05-2025T23:59:52 - [TEST_STEP][PASSED] - REQUEST_NAME = "Trình ký PDF có sẵn": null

23-05-2025T23:59:52 - [TEST_STEP][PASSED] - COMMENT = "Không có bình luận": null

23-05-2025T23:59:52 - [TEST_STEP][PASSED] - auto5 = DataTest.getUserTest5(): null

23-05-2025T23:59:52 - [TEST_STEP][PASSED] - auto6 = DataTest.getUserTest6(): null

23-05-2025T23:59:52 - [TEST_STEP][PASSED] - document = DataTest.createDocumentTest(auto5, auto6, null, "dummy.pdf", "dummy.pdf"): null

23-05-2025T23:59:52 - [TEST_STEP][PASSED] - loginScreen.login(auto5): null

23-05-2025T23:59:59 - [TEST_STEP][PASSED] - homeScreen.openRequestList(): null

24-05-2025T00:00:04 - [TEST_STEP][PASSED] - homeScreen.createRequest(REQUEST_NAME): null

24-05-2025T00:00:11 - [TEST_STEP][PASSED] - pdfSignScreen.fillInTitle(document.getTitle()): null

24-05-2025T00:00:13 - [TEST_STEP][PASSED] - pdfSignScreen.selectPriority(document.getPriority()): null

24-05-2025T00:00:16 - [TEST_STEP][PASSED] - pdfSignScreen.selectTime(document.getTime()): null

24-05-2025T00:00:18 - [TEST_STEP][PASSED] - pdfSignScreen.fillInDescription(document.getDescription()): null

24-05-2025T00:00:20 - [TEST_STEP][PASSED] - pdfSignScreen.selectAssigner(getAssigner().getEmail()): null

24-05-2025T00:00:26 - [TEST_STEP][PASSED] - pdfSignScreen.openMainFileBrowser(): null

24-05-2025T00:00:31 - [TEST_STEP][PASSED] - fileBrowserScreen.attachFile(document.getMainFileName()): null

24-05-2025T00:00:40 - [TEST_STEP][PASSED] - pdfSignScreen.openSubFileBrowser(): null

24-05-2025T00:00:41 - [TEST_STEP][PASSED] - fileBrowserScreen.attachFile(document.getSubFileName()): null

24-05-2025T00:00:50 - [TEST_STEP][PASSED] - pdfSignScreen.performAction(SEND_APPROVE): null

24-05-2025T00:00:53 - [TEST_STEP][PASSED] - pdfSignScreen.fillInOpinion(document.getComment()): null

24-05-2025T00:00:54 - [TEST_STEP][PASSED] - pdfSignScreen.submitRequest(): null

24-05-2025T00:01:02 - [TEST_STEP][PASSED] - documentInformationScreen.backToHome(): null

24-05-2025T00:01:03 - [TEST_STEP][PASSED] - homeScreen.logout(): null

24-05-2025T00:01:11 - [TEST_STEP][PASSED] - document.setStatus(WAIT_APPROVE): null

24-05-2025T00:01:11 - [TEST_STEP][PASSED] - document.setAssigner(auto5): null

24-05-2025T00:01:11 - [TEST_STEP][PASSED] - loginScreen.login(auto6): null

24-05-2025T00:01:19 - [TEST_STEP][PASSED] - homeScreen.goToIncomingDocument(): null

24-05-2025T00:01:19 - [TEST_STEP][PASSED] - inComingDocument.viewInformationDocument(document): View document Trình ký 1748019592035

24-05-2025T00:01:19 - [MESSAGE][INFO] - View document Trình ký 1748019592035

24-05-2025T00:01:25 - [TEST_STEP][PASSED] - documentInformationScreen.checkDocumentTitle(document): Verify equals GUI: Trình ký 1748019592035 - DATA: Trình ký 1748019592035

24-05-2025T00:01:25 - [MESSAGE][PASSED] - Verify equals GUI: Trình ký 1748019592035 - DATA: Trình ký 1748019592035

24-05-2025T00:01:25 - [TEST_STEP][PASSED] - documentInformationScreen.checkSender(document): Verify equals GUI: Auto Test User 1 - DATA: Auto Test User 1

24-05-2025T00:01:25 - [MESSAGE][PASSED] - Verify equals GUI: Auto Test User 1 - DATA: Auto Test User 1

24-05-2025T00:01:25 - [TEST_STEP][PASSED] - documentInformationScreen.checkStatus(document): Verify equals GUI: Chờ giám sát phê duyệt - DATA: Chờ giám sát phê duyệt

24-05-2025T00:01:25 - [MESSAGE][PASSED] - Verify equals GUI: Chờ giám sát phê duyệt - DATA: Chờ giám sát phê duyệt

24-05-2025T00:01:25 - [TEST_STEP][PASSED] - documentInformationScreen.checkCreateDate(): Verify equals GUI: 24/05/2025 - DATA: 24/05/2025

24-05-2025T00:01:25 - [MESSAGE][PASSED] - Verify equals GUI: 24/05/2025 - DATA: 24/05/2025

24-05-2025T00:01:25 - [TEST_STEP][PASSED] - documentInformationScreen.checkFinishDate(document): Verify equals GUI: 24/05/2025 - DATA: 24/05/2025

24-05-2025T00:01:26 - [MESSAGE][PASSED] - Verify equals GUI: 24/05/2025 - DATA: 24/05/2025

24-05-2025T00:01:26 - [TEST_STEP][PASSED] - documentInformationScreen.checkPriority(document): Verify equals GUI: Bình thường - DATA: Bình thường

24-05-2025T00:01:26 - [MESSAGE][PASSED] - Verify equals GUI: Bình thường - DATA: Bình thường

24-05-2025T00:01:26 - [TEST_STEP][PASSED] - documentInformationScreen.checkDescription(document): Verify equals GUI: 020 TU CHOI CHI TIET_KHONG NHAP Y KIEN - DATA: 020 TU CHOI CHI TIET_KHONG NHAP Y KIEN

24-05-2025T00:01:26 - [MESSAGE][PASSED] - Verify equals GUI: 020 TU CHOI CHI TIET_KHONG NHAP Y KIEN - DATA: 020 TU CHOI CHI TIET_KHONG NHAP Y KIEN

24-05-2025T00:01:26 - [TEST_STEP][PASSED] - documentInformationScreen.checkAssigner(document): Verify contains GUI: auto1@hdbank.com.vn - DATA: auto1@hdbank.com.vn

24-05-2025T00:01:27 - [MESSAGE][PASSED] - Verify contains GUI: auto1@hdbank.com.vn - DATA: auto1@hdbank.com.vn

24-05-2025T00:01:27 - [TEST_STEP][PASSED] - documentInformationScreen.checkPresentFileName(document): Verify contains GUI: dummy_20250524000041.ozd - DATA: dummy

24-05-2025T00:01:28 - [MESSAGE][PASSED] - Verify contains GUI: dummy_20250524000041.ozd - DATA: dummy

24-05-2025T00:01:28 - [TEST_STEP][PASSED] - documentInformationScreen.checkAttachFileName(document): Expected true condition

24-05-2025T00:01:30 - [MESSAGE][PASSED] - Expected true condition

24-05-2025T00:01:30 - [TEST_STEP][PASSED] - document.setSender(auto6): null

24-05-2025T00:01:30 - [TEST_STEP][PASSED] - documentInformationScreen.performAction(document, REJECT): null

24-05-2025T00:01:37 - [TEST_STEP][PASSED] - documentInformationScreen.backToHome(): null

24-05-2025T00:01:37 - [TEST_STEP][PASSED] - inComingDocument.checkItemInDocument(): null

24-05-2025T00:01:37 - [TEST_STEP][PASSED] - homeScreen.goToOutComingDocument(): null

24-05-2025T00:01:47 - [TEST_STEP][PASSED] - outComingDocument.viewInformationDocument(document): null

24-05-2025T00:01:48 - [TEST_STEP][PASSED] - documentInformationScreen.checkDocumentTitle(document): Verify equals GUI: Trình ký 1748019592035 - DATA: Trình ký 1748019592035

24-05-2025T00:01:51 - [MESSAGE][PASSED] - Verify equals GUI: Trình ký 1748019592035 - DATA: Trình ký 1748019592035

24-05-2025T00:01:51 - [TEST_STEP][FAILED] - documentInformationScreen.checkSender(document): Verify equals GUI: Auto Test User 1 - DATA: Auto Test User 2

24-05-2025T00:01:51 - [MESSAGE][FAILED] - Verify equals GUI: Auto Test User 1 - DATA: Auto Test User 2

24-05-2025T00:01:51 - [TEST_STEP][PASSED] - documentInformationScreen.checkStatus(document): Verify equals GUI: Từ chối - DATA: Từ chối

24-05-2025T00:01:51 - [MESSAGE][PASSED] - Verify equals GUI: Từ chối - DATA: Từ chối

24-05-2025T00:01:51 - [TEST_STEP][PASSED] - documentInformationScreen.checkCreateDate(): Verify equals GUI: 24/05/2025 - DATA: 24/05/2025

24-05-2025T00:01:51 - [MESSAGE][PASSED] - Verify equals GUI: 24/05/2025 - DATA: 24/05/2025

24-05-2025T00:01:51 - [TEST_STEP][PASSED] - documentInformationScreen.checkFinishDate(document): Verify equals GUI: 24/05/2025 - DATA: 24/05/2025

24-05-2025T00:01:52 - [MESSAGE][PASSED] - Verify equals GUI: 24/05/2025 - DATA: 24/05/2025

24-05-2025T00:01:52 - [TEST_STEP][PASSED] - documentInformationScreen.checkPriority(document): Verify equals GUI: Bình thường - DATA: Bình thường

24-05-2025T00:01:52 - [MESSAGE][PASSED] - Verify equals GUI: Bình thường - DATA: Bình thường

24-05-2025T00:01:52 - [TEST_STEP][PASSED] - documentInformationScreen.checkDescription(document): Verify equals GUI: 020 TU CHOI CHI TIET_KHONG NHAP Y KIEN - DATA: 020 TU CHOI CHI TIET_KHONG NHAP Y KIEN

24-05-2025T00:01:52 - [MESSAGE][PASSED] - Verify equals GUI: 020 TU CHOI CHI TIET_KHONG NHAP Y KIEN - DATA: 020 TU CHOI CHI TIET_KHONG NHAP Y KIEN

24-05-2025T00:01:52 - [TEST_STEP][PASSED] - documentInformationScreen.isAssignerDisplayed(): Check sender not displayed

24-05-2025T00:01:55 - [MESSAGE][PASSED] - Check sender not displayed

24-05-2025T00:01:55 - [TEST_STEP][PASSED] - documentInformationScreen.checkPresentFileName(document): Verify contains GUI: dummy_20250524000041.ozd - DATA: dummy

24-05-2025T00:02:01 - [MESSAGE][PASSED] - Verify contains GUI: dummy_20250524000041.ozd - DATA: dummy

24-05-2025T00:02:01 - [TEST_STEP][PASSED] - documentInformationScreen.checkAttachFileName(document): Expected true condition

24-05-2025T00:02:03 - [MESSAGE][PASSED] - Expected true condition

24-05-2025T00:02:03 - [TEST_STEP][PASSED] - documentInformationScreen.checkComment(auto6, COMMENT): Check comment of Auto Test User 2 is Không có bình luận

24-05-2025T00:02:04 - [MESSAGE][INFO] - GUI COMMENT: Không có bình luận - DATA COMMENT: Không có bình luận

24-05-2025T00:02:04 - [MESSAGE][PASSED] - Check comment of Auto Test User 2 is Không có bình luận

24-05-2025T00:02:04 - [TEST_STEP][PASSED] - documentInformationScreen.backToHome(): null

24-05-2025T00:02:08 - [TEST_STEP][PASSED] - inComingDocument.checkItemInDocument(): null

24-05-2025T00:02:08 - [TEST_STEP][PASSED] - Start listener action : afterTest: null

24-05-2025T00:02:08 - [TEST_STEP][PASSED] - if (testCaseStatus != "PASSED"): Screenshot is taken

24-05-2025T00:02:08 - [TEST_STEP][PASSED] - takeScreenshot(ErrorScreen/$GlobalVariable.PLATFORM/$testCaseContext.getTestCaseId().png): Screenshot is taken

24-05-2025T00:02:11 - [MESSAGE][PASSED] - Screenshot is taken
[[ATTACHMENT|ErrorScreen/Android/Test Cases/IPAPER APP/020 TU CHOI CHI TIET_KHONG NHAP Y KIEN.png]]

24-05-2025T00:02:11 - [TEST_STEP][PASSED] - drivers.Driver.closeApp(): drivers.Driver.closeApp is PASSED

24-05-2025T00:02:12 - [MESSAGE][PASSED] - drivers.Driver.closeApp is PASSED

24-05-2025T00:02:12 - [TEST_STEP][PASSED] - if (tsContext == null): null]]></system-out>
         <system-err><![CDATA[23-05-2025T23:59:49 - [TEST_CASE][FAILED] - Test Cases/IPAPER APP/020 TU CHOI CHI TIET_KHONG NHAP Y KIEN: Test Cases/IPAPER APP/020 TU CHOI CHI TIET_KHONG NHAP Y KIEN FAILED.
Reason:
com.kms.katalon.core.exception.StepFailedException: Verify equals GUI: Auto Test User 1 - DATA: Auto Test User 2
	at com.kms.katalon.core.util.KeywordUtil.markFailed(KeywordUtil.java:19)
	at utilities.AssertUtilities.logResult(AssertUtilities.groovy:30)
	at utilities.AssertUtilities.checkEquals(AssertUtilities.groovy:11)
	at screens.DocumentInformationScreen.checkSender(DocumentInformationScreen.groovy:116)
	at 020 TU CHOI CHI TIET_KHONG NHAP Y KIEN.run(020 TU CHOI CHI TIET_KHONG NHAP Y KIEN:101)
	at com.kms.katalon.core.main.ScriptEngine.run(ScriptEngine.java:194)
	at com.kms.katalon.core.main.ScriptEngine.runScriptAsRawText(ScriptEngine.java:119)
	at com.kms.katalon.core.main.TestCaseExecutor.runScript(TestCaseExecutor.java:448)
	at com.kms.katalon.core.main.TestCaseExecutor.doExecute(TestCaseExecutor.java:439)
	at com.kms.katalon.core.main.TestCaseExecutor.processExecutionPhase(TestCaseExecutor.java:418)
	at com.kms.katalon.core.main.TestCaseExecutor.accessMainPhase(TestCaseExecutor.java:410)
	at com.kms.katalon.core.main.TestCaseExecutor.execute(TestCaseExecutor.java:285)
	at com.kms.katalon.core.main.TestCaseExecutor.execute(TestCaseExecutor.java:369)
	at com.kms.katalon.core.main.TestCaseExecutor.execute(TestCaseExecutor.java:369)
	at com.kms.katalon.core.main.TestCaseExecutor.execute(TestCaseExecutor.java:369)
	at com.kms.katalon.core.common.CommonExecutor.accessTestCaseMainPhase(CommonExecutor.java:65)
	at com.kms.katalon.core.main.TestSuiteExecutor.accessTestSuiteMainPhase(TestSuiteExecutor.java:150)
	at com.kms.katalon.core.main.TestSuiteExecutor.execute(TestSuiteExecutor.java:106)
	at com.kms.katalon.core.main.TestCaseMain.startTestSuite(TestCaseMain.java:180)
	at TempTestSuite1748015363748.run(TempTestSuite1748015363748.groovy:35)
	at java.base/jdk.internal.reflect.NativeMethodAccessorImpl.invoke0(Native Method)
	at java.base/jdk.internal.reflect.NativeMethodAccessorImpl.invoke(NativeMethodAccessorImpl.java:77)
	at java.base/jdk.internal.reflect.DelegatingMethodAccessorImpl.invoke(DelegatingMethodAccessorImpl.java:43)]]></system-err>
      </testcase>
      <testcase name="Test Cases/IPAPER APP/021 TU CHOI TẠI MAIN FILE_NHAP Y KIEN" time="141.601" classname="Test Cases/IPAPER APP/021 TU CHOI TẠI MAIN FILE_NHAP Y KIEN" status="PASSED">
         <system-out><![CDATA[24-05-2025T00:02:12 - [TEST_CASE][PASSED] - Test Cases/IPAPER APP/021 TU CHOI TẠI MAIN FILE_NHAP Y KIEN: Test Cases/IPAPER APP/021 TU CHOI TẠI MAIN FILE_NHAP Y KIEN

24-05-2025T00:02:12 - [TEST_STEP][PASSED] - Start listener action : beforeTest: drivers.Driver.openApp is PASSED

24-05-2025T00:02:12 - [TEST_STEP][PASSED] - DataTest.init(): null

24-05-2025T00:02:12 - [TEST_STEP][PASSED] - testCaseId = split("/").last(): null

24-05-2025T00:02:12 - [TEST_STEP][PASSED] - if (!(drivers.Driver.isAppiumRunning())): drivers.Driver.isAppiumRunning is PASSED

24-05-2025T00:02:12 - [MESSAGE][INFO] - Appium running: true

24-05-2025T00:02:12 - [MESSAGE][PASSED] - drivers.Driver.isAppiumRunning is PASSED

24-05-2025T00:02:12 - [TEST_STEP][PASSED] - if (driver == null || driver.getSessionId() == null): null

24-05-2025T00:02:12 - [TEST_STEP][PASSED] - drivers.Driver.openApp(): drivers.Driver.openApp is PASSED

24-05-2025T00:02:14 - [MESSAGE][PASSED] - drivers.Driver.openApp is PASSED

24-05-2025T00:02:14 - [TEST_STEP][PASSED] - REQUEST_NAME = "Trình ký PDF có sẵn": null

24-05-2025T00:02:14 - [TEST_STEP][PASSED] - COMMENT = "Commented by automation team in case 21": null

24-05-2025T00:02:14 - [TEST_STEP][PASSED] - auto5 = DataTest.getUserTest5(): null

24-05-2025T00:02:14 - [TEST_STEP][PASSED] - auto6 = DataTest.getUserTest6(): null

24-05-2025T00:02:14 - [TEST_STEP][PASSED] - document = DataTest.createDocumentTest(auto5, auto6, null, "dummy.pdf", "dummy.pdf"): null

24-05-2025T00:02:14 - [TEST_STEP][PASSED] - loginScreen.login(auto5): null

24-05-2025T00:02:22 - [TEST_STEP][PASSED] - homeScreen.openRequestList(): null

24-05-2025T00:02:27 - [TEST_STEP][PASSED] - homeScreen.createRequest(REQUEST_NAME): null

24-05-2025T00:02:33 - [TEST_STEP][PASSED] - pdfSignScreen.fillInTitle(document.getTitle()): null

24-05-2025T00:02:39 - [TEST_STEP][PASSED] - pdfSignScreen.selectPriority(document.getPriority()): null

24-05-2025T00:02:41 - [TEST_STEP][PASSED] - pdfSignScreen.selectTime(document.getTime()): null

24-05-2025T00:02:44 - [TEST_STEP][PASSED] - pdfSignScreen.fillInDescription(document.getDescription()): null

24-05-2025T00:02:46 - [TEST_STEP][PASSED] - pdfSignScreen.selectAssigner(getAssigner().getEmail()): null

24-05-2025T00:02:52 - [TEST_STEP][PASSED] - pdfSignScreen.openMainFileBrowser(): null

24-05-2025T00:02:57 - [TEST_STEP][PASSED] - fileBrowserScreen.attachFile(document.getMainFileName()): null

24-05-2025T00:03:07 - [TEST_STEP][PASSED] - pdfSignScreen.openSubFileBrowser(): null

24-05-2025T00:03:08 - [TEST_STEP][PASSED] - fileBrowserScreen.attachFile(document.getSubFileName()): null

24-05-2025T00:03:17 - [TEST_STEP][PASSED] - pdfSignScreen.performAction(SEND_APPROVE): null

24-05-2025T00:03:19 - [TEST_STEP][PASSED] - pdfSignScreen.fillInOpinion(document.getComment()): null

24-05-2025T00:03:20 - [TEST_STEP][PASSED] - pdfSignScreen.submitRequest(): null

24-05-2025T00:03:29 - [TEST_STEP][PASSED] - documentInformationScreen.backToHome(): null

24-05-2025T00:03:29 - [TEST_STEP][PASSED] - homeScreen.logout(): null

24-05-2025T00:03:37 - [TEST_STEP][PASSED] - document.setStatus(WAIT_APPROVE): null

24-05-2025T00:03:37 - [TEST_STEP][PASSED] - document.setAssigner(auto5): null

24-05-2025T00:03:37 - [TEST_STEP][PASSED] - loginScreen.login(auto6): null

24-05-2025T00:03:46 - [TEST_STEP][PASSED] - homeScreen.goToIncomingDocument(): null

24-05-2025T00:03:46 - [TEST_STEP][PASSED] - inComingDocument.viewMainFile(document): View main file document: Trình ký 1748019734804

24-05-2025T00:03:46 - [MESSAGE][INFO] - View main file document: Trình ký 1748019734804

24-05-2025T00:03:50 - [TEST_STEP][PASSED] - documentInformationScreen.performAction(document, REJECT, COMMENT): null

24-05-2025T00:04:01 - [TEST_STEP][PASSED] - documentInformationScreen.backToHome(): null

24-05-2025T00:04:01 - [TEST_STEP][PASSED] - inComingDocument.checkItemInDocument(): null

24-05-2025T00:04:01 - [TEST_STEP][PASSED] - homeScreen.goToOutComingDocument(): null

24-05-2025T00:04:12 - [TEST_STEP][PASSED] - outComingDocument.viewInformationDocument(document): null

24-05-2025T00:04:13 - [TEST_STEP][PASSED] - documentInformationScreen.checkDocumentTitle(document): Verify equals GUI: Trình ký 1748019734804 - DATA: Trình ký 1748019734804

24-05-2025T00:04:16 - [MESSAGE][PASSED] - Verify equals GUI: Trình ký 1748019734804 - DATA: Trình ký 1748019734804

24-05-2025T00:04:16 - [TEST_STEP][PASSED] - documentInformationScreen.checkSender(document): Verify equals GUI: Auto Test User 1 - DATA: Auto Test User 1

24-05-2025T00:04:16 - [MESSAGE][PASSED] - Verify equals GUI: Auto Test User 1 - DATA: Auto Test User 1

24-05-2025T00:04:16 - [TEST_STEP][PASSED] - documentInformationScreen.checkStatus(document): Verify equals GUI: Từ chối - DATA: Từ chối

24-05-2025T00:04:16 - [MESSAGE][PASSED] - Verify equals GUI: Từ chối - DATA: Từ chối

24-05-2025T00:04:16 - [TEST_STEP][PASSED] - documentInformationScreen.checkCreateDate(): Verify equals GUI: 24/05/2025 - DATA: 24/05/2025

24-05-2025T00:04:16 - [MESSAGE][PASSED] - Verify equals GUI: 24/05/2025 - DATA: 24/05/2025

24-05-2025T00:04:16 - [TEST_STEP][PASSED] - documentInformationScreen.checkFinishDate(document): Verify equals GUI: 25/05/2025 - DATA: 25/05/2025

24-05-2025T00:04:16 - [MESSAGE][PASSED] - Verify equals GUI: 25/05/2025 - DATA: 25/05/2025

24-05-2025T00:04:16 - [TEST_STEP][PASSED] - documentInformationScreen.checkPriority(document): Verify equals GUI: Khẩn cấp - DATA: Khẩn cấp

24-05-2025T00:04:16 - [MESSAGE][PASSED] - Verify equals GUI: Khẩn cấp - DATA: Khẩn cấp

24-05-2025T00:04:16 - [TEST_STEP][PASSED] - documentInformationScreen.checkDescription(document): Verify equals GUI: 021 TU CHOI TẠI MAIN FILE_NHAP Y KIEN - DATA: 021 TU CHOI TẠI MAIN FILE_NHAP Y KIEN

24-05-2025T00:04:17 - [MESSAGE][PASSED] - Verify equals GUI: 021 TU CHOI TẠI MAIN FILE_NHAP Y KIEN - DATA: 021 TU CHOI TẠI MAIN FILE_NHAP Y KIEN

24-05-2025T00:04:17 - [TEST_STEP][PASSED] - documentInformationScreen.checkPresentFileName(document): Verify contains GUI: dummy_20250524000307.ozd - DATA: dummy

24-05-2025T00:04:22 - [MESSAGE][PASSED] - Verify contains GUI: dummy_20250524000307.ozd - DATA: dummy

24-05-2025T00:04:22 - [TEST_STEP][PASSED] - documentInformationScreen.isAssignerDisplayed(): Check sender not displayed

24-05-2025T00:04:25 - [MESSAGE][PASSED] - Check sender not displayed

24-05-2025T00:04:25 - [TEST_STEP][PASSED] - documentInformationScreen.checkAttachFileName(document): Expected true condition

24-05-2025T00:04:27 - [MESSAGE][PASSED] - Expected true condition

24-05-2025T00:04:27 - [TEST_STEP][PASSED] - documentInformationScreen.checkComment(auto6, COMMENT): Check comment of Auto Test User 2 is Commented by automation team in case 21

24-05-2025T00:04:28 - [MESSAGE][INFO] - GUI COMMENT: Commented by automation team in case 21 - DATA COMMENT: Commented by automation team in case 21

24-05-2025T00:04:28 - [MESSAGE][PASSED] - Check comment of Auto Test User 2 is Commented by automation team in case 21

24-05-2025T00:04:28 - [TEST_STEP][PASSED] - documentInformationScreen.backToHome(): null

24-05-2025T00:04:33 - [TEST_STEP][PASSED] - inComingDocument.checkItemInDocument(): null

24-05-2025T00:04:33 - [TEST_STEP][PASSED] - Start listener action : afterTest: null

24-05-2025T00:04:33 - [TEST_STEP][PASSED] - if (testCaseStatus != "PASSED"): null

24-05-2025T00:04:33 - [TEST_STEP][PASSED] - drivers.Driver.closeApp(): drivers.Driver.closeApp is PASSED

24-05-2025T00:04:33 - [MESSAGE][PASSED] - drivers.Driver.closeApp is PASSED

24-05-2025T00:04:33 - [TEST_STEP][PASSED] - if (tsContext == null): null]]></system-out>
         <system-err><![CDATA[]]></system-err>
      </testcase>
      <testcase name="Test Cases/IPAPER APP/022 TU CHOI TẠI MAIN FILE_KHONG NHAP Y KIEN" time="136.88" classname="Test Cases/IPAPER APP/022 TU CHOI TẠI MAIN FILE_KHONG NHAP Y KIEN" status="PASSED">
         <system-out><![CDATA[24-05-2025T00:04:33 - [TEST_CASE][PASSED] - Test Cases/IPAPER APP/022 TU CHOI TẠI MAIN FILE_KHONG NHAP Y KIEN: Test Cases/IPAPER APP/022 TU CHOI TẠI MAIN FILE_KHONG NHAP Y KIEN

24-05-2025T00:04:33 - [TEST_STEP][PASSED] - Start listener action : beforeTest: drivers.Driver.openApp is PASSED

24-05-2025T00:04:33 - [TEST_STEP][PASSED] - DataTest.init(): null

24-05-2025T00:04:33 - [TEST_STEP][PASSED] - testCaseId = split("/").last(): null

24-05-2025T00:04:33 - [TEST_STEP][PASSED] - if (!(drivers.Driver.isAppiumRunning())): drivers.Driver.isAppiumRunning is PASSED

24-05-2025T00:04:33 - [MESSAGE][INFO] - Appium running: true

24-05-2025T00:04:33 - [MESSAGE][PASSED] - drivers.Driver.isAppiumRunning is PASSED

24-05-2025T00:04:33 - [TEST_STEP][PASSED] - if (driver == null || driver.getSessionId() == null): null

24-05-2025T00:04:33 - [TEST_STEP][PASSED] - drivers.Driver.openApp(): drivers.Driver.openApp is PASSED

24-05-2025T00:04:36 - [MESSAGE][PASSED] - drivers.Driver.openApp is PASSED

24-05-2025T00:04:36 - [TEST_STEP][PASSED] - REQUEST_NAME = "Trình ký PDF có sẵn": null

24-05-2025T00:04:36 - [TEST_STEP][PASSED] - COMMENT = "Không có bình luận": null

24-05-2025T00:04:36 - [TEST_STEP][PASSED] - auto5 = DataTest.getUserTest5(): null

24-05-2025T00:04:36 - [TEST_STEP][PASSED] - auto6 = DataTest.getUserTest6(): null

24-05-2025T00:04:36 - [TEST_STEP][PASSED] - document = DataTest.createDocumentTest(auto5, auto6, null, "dummy.pdf", "dummy.pdf"): null

24-05-2025T00:04:36 - [TEST_STEP][PASSED] - loginScreen.login(auto5): null

24-05-2025T00:04:43 - [TEST_STEP][PASSED] - homeScreen.openRequestList(): null

24-05-2025T00:04:48 - [TEST_STEP][PASSED] - homeScreen.createRequest(REQUEST_NAME): null

24-05-2025T00:04:55 - [TEST_STEP][PASSED] - pdfSignScreen.fillInTitle(document.getTitle()): null

24-05-2025T00:04:58 - [TEST_STEP][PASSED] - pdfSignScreen.selectPriority(document.getPriority()): null

24-05-2025T00:05:01 - [TEST_STEP][PASSED] - pdfSignScreen.selectTime(document.getTime()): null

24-05-2025T00:05:03 - [TEST_STEP][PASSED] - pdfSignScreen.fillInDescription(document.getDescription()): null

24-05-2025T00:05:05 - [TEST_STEP][PASSED] - pdfSignScreen.selectAssigner(getAssigner().getEmail()): null

24-05-2025T00:05:11 - [TEST_STEP][PASSED] - pdfSignScreen.openMainFileBrowser(): null

24-05-2025T00:05:16 - [TEST_STEP][PASSED] - fileBrowserScreen.attachFile(document.getMainFileName()): null

24-05-2025T00:05:26 - [TEST_STEP][PASSED] - pdfSignScreen.openSubFileBrowser(): null

24-05-2025T00:05:27 - [TEST_STEP][PASSED] - fileBrowserScreen.attachFile(document.getSubFileName()): null

24-05-2025T00:05:36 - [TEST_STEP][PASSED] - pdfSignScreen.performAction(SEND_APPROVE): null

24-05-2025T00:05:39 - [TEST_STEP][PASSED] - pdfSignScreen.fillInOpinion(document.getComment()): null

24-05-2025T00:05:40 - [TEST_STEP][PASSED] - pdfSignScreen.submitRequest(): null

24-05-2025T00:05:48 - [TEST_STEP][PASSED] - documentInformationScreen.backToHome(): null

24-05-2025T00:05:48 - [TEST_STEP][PASSED] - homeScreen.logout(): null

24-05-2025T00:05:57 - [TEST_STEP][PASSED] - document.setStatus(WAIT_APPROVE): null

24-05-2025T00:05:57 - [TEST_STEP][PASSED] - document.setAssigner(auto5): null

24-05-2025T00:05:57 - [TEST_STEP][PASSED] - loginScreen.login(auto6): null

24-05-2025T00:06:06 - [TEST_STEP][PASSED] - homeScreen.goToIncomingDocument(): null

24-05-2025T00:06:06 - [TEST_STEP][PASSED] - inComingDocument.viewMainFile(document): View main file document: Trình ký 1748019876535

24-05-2025T00:06:06 - [MESSAGE][INFO] - View main file document: Trình ký 1748019876535

24-05-2025T00:06:11 - [TEST_STEP][PASSED] - documentInformationScreen.performAction(document, REJECT): null

24-05-2025T00:06:17 - [TEST_STEP][PASSED] - documentInformationScreen.backToHome(): null

24-05-2025T00:06:17 - [TEST_STEP][PASSED] - inComingDocument.checkItemInDocument(): null

24-05-2025T00:06:17 - [TEST_STEP][PASSED] - homeScreen.goToOutComingDocument(): null

24-05-2025T00:06:28 - [TEST_STEP][PASSED] - outComingDocument.viewInformationDocument(document): null

24-05-2025T00:06:29 - [TEST_STEP][PASSED] - documentInformationScreen.checkDocumentTitle(document): Verify equals GUI: Trình ký 1748019876535 - DATA: Trình ký 1748019876535

24-05-2025T00:06:33 - [MESSAGE][PASSED] - Verify equals GUI: Trình ký 1748019876535 - DATA: Trình ký 1748019876535

24-05-2025T00:06:33 - [TEST_STEP][PASSED] - documentInformationScreen.checkSender(document): Verify equals GUI: Auto Test User 1 - DATA: Auto Test User 1

24-05-2025T00:06:33 - [MESSAGE][PASSED] - Verify equals GUI: Auto Test User 1 - DATA: Auto Test User 1

24-05-2025T00:06:33 - [TEST_STEP][PASSED] - documentInformationScreen.checkStatus(document): Verify equals GUI: Từ chối - DATA: Từ chối

24-05-2025T00:06:33 - [MESSAGE][PASSED] - Verify equals GUI: Từ chối - DATA: Từ chối

24-05-2025T00:06:33 - [TEST_STEP][PASSED] - documentInformationScreen.checkCreateDate(): Verify equals GUI: 24/05/2025 - DATA: 24/05/2025

24-05-2025T00:06:33 - [MESSAGE][PASSED] - Verify equals GUI: 24/05/2025 - DATA: 24/05/2025

24-05-2025T00:06:33 - [TEST_STEP][PASSED] - documentInformationScreen.checkFinishDate(document): Verify equals GUI: 25/05/2025 - DATA: 25/05/2025

24-05-2025T00:06:33 - [MESSAGE][PASSED] - Verify equals GUI: 25/05/2025 - DATA: 25/05/2025

24-05-2025T00:06:33 - [TEST_STEP][PASSED] - documentInformationScreen.checkPriority(document): Verify equals GUI: Bình thường - DATA: Bình thường

24-05-2025T00:06:33 - [MESSAGE][PASSED] - Verify equals GUI: Bình thường - DATA: Bình thường

24-05-2025T00:06:33 - [TEST_STEP][PASSED] - documentInformationScreen.checkDescription(document): Verify equals GUI: 022 TU CHOI TẠI MAIN FILE_KHONG NHAP Y KIEN - DATA: 022 TU CHOI TẠI MAIN FILE_KHONG NHAP Y KIEN

24-05-2025T00:06:34 - [MESSAGE][PASSED] - Verify equals GUI: 022 TU CHOI TẠI MAIN FILE_KHONG NHAP Y KIEN - DATA: 022 TU CHOI TẠI MAIN FILE_KHONG NHAP Y KIEN

24-05-2025T00:06:34 - [TEST_STEP][PASSED] - documentInformationScreen.isAssignerDisplayed(): Check sender not displayed

24-05-2025T00:06:37 - [MESSAGE][PASSED] - Check sender not displayed

24-05-2025T00:06:37 - [TEST_STEP][PASSED] - documentInformationScreen.checkPresentFileName(document): Verify contains GUI: dummy_20250524000526.ozd - DATA: dummy

24-05-2025T00:06:42 - [MESSAGE][PASSED] - Verify contains GUI: dummy_20250524000526.ozd - DATA: dummy

24-05-2025T00:06:42 - [TEST_STEP][PASSED] - documentInformationScreen.checkAttachFileName(document): Expected true condition

24-05-2025T00:06:44 - [MESSAGE][PASSED] - Expected true condition

24-05-2025T00:06:44 - [TEST_STEP][PASSED] - documentInformationScreen.checkComment(auto6, COMMENT): Check comment of Auto Test User 2 is Không có bình luận

24-05-2025T00:06:45 - [MESSAGE][INFO] - GUI COMMENT: Không có bình luận - DATA COMMENT: Không có bình luận

24-05-2025T00:06:45 - [MESSAGE][PASSED] - Check comment of Auto Test User 2 is Không có bình luận

24-05-2025T00:06:45 - [TEST_STEP][PASSED] - documentInformationScreen.backToHome(): null

24-05-2025T00:06:50 - [TEST_STEP][PASSED] - inComingDocument.checkItemInDocument(): null

24-05-2025T00:06:50 - [TEST_STEP][PASSED] - Start listener action : afterTest: null

24-05-2025T00:06:50 - [TEST_STEP][PASSED] - if (testCaseStatus != "PASSED"): null

24-05-2025T00:06:50 - [TEST_STEP][PASSED] - drivers.Driver.closeApp(): drivers.Driver.closeApp is PASSED

24-05-2025T00:06:50 - [MESSAGE][PASSED] - drivers.Driver.closeApp is PASSED

24-05-2025T00:06:50 - [TEST_STEP][PASSED] - if (tsContext == null): null]]></system-out>
         <system-err><![CDATA[]]></system-err>
      </testcase>
      <testcase name="Test Cases/IPAPER APP/024 TRA VE CHI TIET_NHAP Y KIEN" time="151.1" classname="Test Cases/IPAPER APP/024 TRA VE CHI TIET_NHAP Y KIEN" status="PASSED">
         <system-out><![CDATA[24-05-2025T00:06:50 - [TEST_CASE][PASSED] - Test Cases/IPAPER APP/024 TRA VE CHI TIET_NHAP Y KIEN: Test Cases/IPAPER APP/024 TRA VE CHI TIET_NHAP Y KIEN

24-05-2025T00:06:50 - [TEST_STEP][PASSED] - Start listener action : beforeTest: drivers.Driver.openApp is PASSED

24-05-2025T00:06:50 - [TEST_STEP][PASSED] - DataTest.init(): null

24-05-2025T00:06:50 - [TEST_STEP][PASSED] - testCaseId = split("/").last(): null

24-05-2025T00:06:50 - [TEST_STEP][PASSED] - if (!(drivers.Driver.isAppiumRunning())): drivers.Driver.isAppiumRunning is PASSED

24-05-2025T00:06:50 - [MESSAGE][INFO] - Appium running: true

24-05-2025T00:06:50 - [MESSAGE][PASSED] - drivers.Driver.isAppiumRunning is PASSED

24-05-2025T00:06:50 - [TEST_STEP][PASSED] - if (driver == null || driver.getSessionId() == null): null

24-05-2025T00:06:50 - [TEST_STEP][PASSED] - drivers.Driver.openApp(): drivers.Driver.openApp is PASSED

24-05-2025T00:06:53 - [MESSAGE][PASSED] - drivers.Driver.openApp is PASSED

24-05-2025T00:06:53 - [TEST_STEP][PASSED] - REQUEST_NAME = "Trình ký PDF có sẵn": null

24-05-2025T00:06:53 - [TEST_STEP][PASSED] - COMMENT = "Commented by automaton test in case 19": null

24-05-2025T00:06:53 - [TEST_STEP][PASSED] - auto5 = DataTest.getUserTest5(): null

24-05-2025T00:06:53 - [TEST_STEP][PASSED] - auto6 = DataTest.getUserTest6(): null

24-05-2025T00:06:53 - [TEST_STEP][PASSED] - document = DataTest.createDocumentTest(auto5, auto6, null, "dummy.pdf", "dummy.pdf"): null

24-05-2025T00:06:53 - [TEST_STEP][PASSED] - loginScreen.login(auto5): null

24-05-2025T00:07:01 - [TEST_STEP][PASSED] - homeScreen.openRequestList(): null

24-05-2025T00:07:06 - [TEST_STEP][PASSED] - homeScreen.createRequest(REQUEST_NAME): null

24-05-2025T00:07:14 - [TEST_STEP][PASSED] - pdfSignScreen.fillInTitle(document.getTitle()): null

24-05-2025T00:07:20 - [TEST_STEP][PASSED] - pdfSignScreen.selectPriority(document.getPriority()): null

24-05-2025T00:07:22 - [TEST_STEP][PASSED] - pdfSignScreen.selectTime(document.getTime()): null

24-05-2025T00:07:25 - [TEST_STEP][PASSED] - pdfSignScreen.fillInDescription(document.getDescription()): null

24-05-2025T00:07:27 - [TEST_STEP][PASSED] - pdfSignScreen.selectAssigner(getAssigner().getEmail()): null

24-05-2025T00:07:33 - [TEST_STEP][PASSED] - pdfSignScreen.openMainFileBrowser(): null

24-05-2025T00:07:38 - [TEST_STEP][PASSED] - fileBrowserScreen.attachFile(document.getMainFileName()): null

24-05-2025T00:07:47 - [TEST_STEP][PASSED] - pdfSignScreen.openSubFileBrowser(): null

24-05-2025T00:07:48 - [TEST_STEP][PASSED] - fileBrowserScreen.attachFile(document.getSubFileName()): null

24-05-2025T00:07:57 - [TEST_STEP][PASSED] - pdfSignScreen.performAction(SEND_APPROVE): null

24-05-2025T00:08:00 - [TEST_STEP][PASSED] - pdfSignScreen.fillInOpinion(document.getComment()): null

24-05-2025T00:08:01 - [TEST_STEP][PASSED] - pdfSignScreen.submitRequest(): null

24-05-2025T00:08:11 - [TEST_STEP][PASSED] - documentInformationScreen.backToHome(): null

24-05-2025T00:08:11 - [TEST_STEP][PASSED] - homeScreen.logout(): null

24-05-2025T00:08:19 - [TEST_STEP][PASSED] - document.setStatus(WAIT_APPROVE): null

24-05-2025T00:08:19 - [TEST_STEP][PASSED] - document.setAssigner(auto5): null

24-05-2025T00:08:19 - [TEST_STEP][PASSED] - loginScreen.login(auto6): null

24-05-2025T00:08:28 - [TEST_STEP][PASSED] - homeScreen.goToIncomingDocument(): null

24-05-2025T00:08:29 - [TEST_STEP][PASSED] - inComingDocument.viewInformationDocument(document): View document Trình ký 1748020013290

24-05-2025T00:08:29 - [MESSAGE][INFO] - View document Trình ký 1748020013290

24-05-2025T00:08:36 - [TEST_STEP][PASSED] - documentInformationScreen.checkDocumentTitle(document): Verify equals GUI: Trình ký 1748020013290 - DATA: Trình ký 1748020013290

24-05-2025T00:08:37 - [MESSAGE][PASSED] - Verify equals GUI: Trình ký 1748020013290 - DATA: Trình ký 1748020013290

24-05-2025T00:08:37 - [TEST_STEP][PASSED] - documentInformationScreen.checkSender(document): Verify equals GUI: Auto Test User 1 - DATA: Auto Test User 1

24-05-2025T00:08:37 - [MESSAGE][PASSED] - Verify equals GUI: Auto Test User 1 - DATA: Auto Test User 1

24-05-2025T00:08:37 - [TEST_STEP][PASSED] - documentInformationScreen.checkStatus(document): Verify equals GUI: Chờ giám sát phê duyệt - DATA: Chờ giám sát phê duyệt

24-05-2025T00:08:37 - [MESSAGE][PASSED] - Verify equals GUI: Chờ giám sát phê duyệt - DATA: Chờ giám sát phê duyệt

24-05-2025T00:08:37 - [TEST_STEP][PASSED] - documentInformationScreen.checkCreateDate(): Verify equals GUI: 24/05/2025 - DATA: 24/05/2025

24-05-2025T00:08:37 - [MESSAGE][PASSED] - Verify equals GUI: 24/05/2025 - DATA: 24/05/2025

24-05-2025T00:08:37 - [TEST_STEP][PASSED] - documentInformationScreen.checkFinishDate(document): Verify equals GUI: 25/05/2025 - DATA: 25/05/2025

24-05-2025T00:08:37 - [MESSAGE][PASSED] - Verify equals GUI: 25/05/2025 - DATA: 25/05/2025

24-05-2025T00:08:37 - [TEST_STEP][PASSED] - documentInformationScreen.checkPriority(document): Verify equals GUI: Khẩn cấp - DATA: Khẩn cấp

24-05-2025T00:08:37 - [MESSAGE][PASSED] - Verify equals GUI: Khẩn cấp - DATA: Khẩn cấp

24-05-2025T00:08:37 - [TEST_STEP][PASSED] - documentInformationScreen.checkDescription(document): Verify equals GUI: 024 TRA VE CHI TIET_NHAP Y KIEN - DATA: 024 TRA VE CHI TIET_NHAP Y KIEN

24-05-2025T00:08:37 - [MESSAGE][PASSED] - Verify equals GUI: 024 TRA VE CHI TIET_NHAP Y KIEN - DATA: 024 TRA VE CHI TIET_NHAP Y KIEN

24-05-2025T00:08:37 - [TEST_STEP][PASSED] - documentInformationScreen.checkAssigner(document): Verify contains GUI: auto1@hdbank.com.vn - DATA: auto1@hdbank.com.vn

24-05-2025T00:08:39 - [MESSAGE][PASSED] - Verify contains GUI: auto1@hdbank.com.vn - DATA: auto1@hdbank.com.vn

24-05-2025T00:08:39 - [TEST_STEP][PASSED] - documentInformationScreen.checkPresentFileName(document): Verify contains GUI: dummy_20250524000748.ozd - DATA: dummy

24-05-2025T00:08:40 - [MESSAGE][PASSED] - Verify contains GUI: dummy_20250524000748.ozd - DATA: dummy

24-05-2025T00:08:40 - [TEST_STEP][PASSED] - documentInformationScreen.checkAttachFileName(document): Expected true condition

24-05-2025T00:08:41 - [MESSAGE][PASSED] - Expected true condition

24-05-2025T00:08:41 - [TEST_STEP][PASSED] - document.setSender(auto6): null

24-05-2025T00:08:41 - [TEST_STEP][PASSED] - documentInformationScreen.performAction(document, RETURN, COMMENT): null

24-05-2025T00:08:51 - [TEST_STEP][PASSED] - documentInformationScreen.backToHome(): null

24-05-2025T00:08:51 - [TEST_STEP][PASSED] - inComingDocument.checkItemInDocument(): null

24-05-2025T00:08:51 - [TEST_STEP][PASSED] - homeScreen.goToOutComingDocument(): null

24-05-2025T00:09:02 - [TEST_STEP][PASSED] - outComingDocument.viewInformationDocument(document): null

24-05-2025T00:09:03 - [TEST_STEP][PASSED] - documentInformationScreen.checkDocumentTitle(document): Verify equals GUI: Trình ký 1748020013290 - DATA: Trình ký 1748020013290

24-05-2025T00:09:09 - [MESSAGE][PASSED] - Verify equals GUI: Trình ký 1748020013290 - DATA: Trình ký 1748020013290

24-05-2025T00:09:09 - [TEST_STEP][PASSED] - documentInformationScreen.checkSender(document): Verify equals GUI: Auto Test User 2 - DATA: Auto Test User 2

24-05-2025T00:09:09 - [MESSAGE][PASSED] - Verify equals GUI: Auto Test User 2 - DATA: Auto Test User 2

24-05-2025T00:09:09 - [TEST_STEP][PASSED] - documentInformationScreen.checkStatus(document): Verify equals GUI: Chờ bổ sung hồ sơ - DATA: Chờ bổ sung hồ sơ

24-05-2025T00:09:09 - [MESSAGE][PASSED] - Verify equals GUI: Chờ bổ sung hồ sơ - DATA: Chờ bổ sung hồ sơ

24-05-2025T00:09:09 - [TEST_STEP][PASSED] - documentInformationScreen.checkCreateDate(): Verify equals GUI: 24/05/2025 - DATA: 24/05/2025

24-05-2025T00:09:09 - [MESSAGE][PASSED] - Verify equals GUI: 24/05/2025 - DATA: 24/05/2025

24-05-2025T00:09:09 - [TEST_STEP][PASSED] - documentInformationScreen.checkFinishDate(document): Verify equals GUI: 25/05/2025 - DATA: 25/05/2025

24-05-2025T00:09:09 - [MESSAGE][PASSED] - Verify equals GUI: 25/05/2025 - DATA: 25/05/2025

24-05-2025T00:09:09 - [TEST_STEP][PASSED] - documentInformationScreen.checkPriority(document): Verify equals GUI: Khẩn cấp - DATA: Khẩn cấp

24-05-2025T00:09:09 - [MESSAGE][PASSED] - Verify equals GUI: Khẩn cấp - DATA: Khẩn cấp

24-05-2025T00:09:09 - [TEST_STEP][PASSED] - documentInformationScreen.isAssignerDisplayed(): Check sender not displayed

24-05-2025T00:09:12 - [MESSAGE][PASSED] - Check sender not displayed

24-05-2025T00:09:12 - [TEST_STEP][PASSED] - documentInformationScreen.checkDescription(document): Verify equals GUI: 024 TRA VE CHI TIET_NHAP Y KIEN - DATA: 024 TRA VE CHI TIET_NHAP Y KIEN

24-05-2025T00:09:12 - [MESSAGE][PASSED] - Verify equals GUI: 024 TRA VE CHI TIET_NHAP Y KIEN - DATA: 024 TRA VE CHI TIET_NHAP Y KIEN

24-05-2025T00:09:12 - [TEST_STEP][PASSED] - documentInformationScreen.checkPresentFileName(document): Verify contains GUI: dummy_20250524000748.ozd - DATA: dummy

24-05-2025T00:09:13 - [MESSAGE][PASSED] - Verify contains GUI: dummy_20250524000748.ozd - DATA: dummy

24-05-2025T00:09:13 - [TEST_STEP][PASSED] - documentInformationScreen.checkAttachFileName(document): Expected true condition

24-05-2025T00:09:15 - [MESSAGE][PASSED] - Expected true condition

24-05-2025T00:09:15 - [TEST_STEP][PASSED] - documentInformationScreen.checkComment(auto6, COMMENT): Check comment of Auto Test User 2 is Commented by automaton test in case 19

24-05-2025T00:09:16 - [MESSAGE][INFO] - GUI COMMENT: Commented by automaton test in case 19 - DATA COMMENT: Commented by automaton test in case 19

24-05-2025T00:09:16 - [MESSAGE][PASSED] - Check comment of Auto Test User 2 is Commented by automaton test in case 19

24-05-2025T00:09:16 - [TEST_STEP][PASSED] - documentInformationScreen.backToHome(): null

24-05-2025T00:09:21 - [TEST_STEP][PASSED] - inComingDocument.checkItemInDocument(): null

24-05-2025T00:09:21 - [TEST_STEP][PASSED] - Start listener action : afterTest: null

24-05-2025T00:09:21 - [TEST_STEP][PASSED] - if (testCaseStatus != "PASSED"): null

24-05-2025T00:09:21 - [TEST_STEP][PASSED] - drivers.Driver.closeApp(): drivers.Driver.closeApp is PASSED

24-05-2025T00:09:21 - [MESSAGE][PASSED] - drivers.Driver.closeApp is PASSED

24-05-2025T00:09:21 - [TEST_STEP][PASSED] - if (tsContext == null): null]]></system-out>
         <system-err><![CDATA[]]></system-err>
      </testcase>
      <testcase name="Test Cases/IPAPER APP/025 TRA VE TAI MAIN FILE_NHAP Y KIEN" time="138.728" classname="Test Cases/IPAPER APP/025 TRA VE TAI MAIN FILE_NHAP Y KIEN" status="PASSED">
         <system-out><![CDATA[24-05-2025T00:09:21 - [TEST_CASE][PASSED] - Test Cases/IPAPER APP/025 TRA VE TAI MAIN FILE_NHAP Y KIEN: Test Cases/IPAPER APP/025 TRA VE TAI MAIN FILE_NHAP Y KIEN

24-05-2025T00:09:21 - [TEST_STEP][PASSED] - Start listener action : beforeTest: drivers.Driver.openApp is PASSED

24-05-2025T00:09:21 - [TEST_STEP][PASSED] - DataTest.init(): null

24-05-2025T00:09:21 - [TEST_STEP][PASSED] - testCaseId = split("/").last(): null

24-05-2025T00:09:21 - [TEST_STEP][PASSED] - if (!(drivers.Driver.isAppiumRunning())): drivers.Driver.isAppiumRunning is PASSED

24-05-2025T00:09:21 - [MESSAGE][INFO] - Appium running: true

24-05-2025T00:09:21 - [MESSAGE][PASSED] - drivers.Driver.isAppiumRunning is PASSED

24-05-2025T00:09:21 - [TEST_STEP][PASSED] - if (driver == null || driver.getSessionId() == null): null

24-05-2025T00:09:21 - [TEST_STEP][PASSED] - drivers.Driver.openApp(): drivers.Driver.openApp is PASSED

24-05-2025T00:09:24 - [MESSAGE][PASSED] - drivers.Driver.openApp is PASSED

24-05-2025T00:09:24 - [TEST_STEP][PASSED] - REQUEST_NAME = "Trình ký PDF có sẵn": null

24-05-2025T00:09:24 - [TEST_STEP][PASSED] - COMMENT = "Commented by automaton test in case 25": null

24-05-2025T00:09:24 - [TEST_STEP][PASSED] - auto5 = DataTest.getUserTest5(): null

24-05-2025T00:09:24 - [TEST_STEP][PASSED] - auto6 = DataTest.getUserTest6(): null

24-05-2025T00:09:24 - [TEST_STEP][PASSED] - document = DataTest.createDocumentTest(auto5, auto6, null, "dummy.pdf", "dummy.pdf"): null

24-05-2025T00:09:24 - [TEST_STEP][PASSED] - loginScreen.login(auto5): null

24-05-2025T00:09:32 - [TEST_STEP][PASSED] - homeScreen.openRequestList(): null

24-05-2025T00:09:38 - [TEST_STEP][PASSED] - homeScreen.createRequest(REQUEST_NAME): null

24-05-2025T00:09:45 - [TEST_STEP][PASSED] - pdfSignScreen.fillInTitle(document.getTitle()): null

24-05-2025T00:09:48 - [TEST_STEP][PASSED] - pdfSignScreen.selectPriority(document.getPriority()): null

24-05-2025T00:09:50 - [TEST_STEP][PASSED] - pdfSignScreen.selectTime(document.getTime()): null

24-05-2025T00:09:53 - [TEST_STEP][PASSED] - pdfSignScreen.fillInDescription(document.getDescription()): null

24-05-2025T00:09:55 - [TEST_STEP][PASSED] - pdfSignScreen.selectAssigner(getAssigner().getEmail()): null

24-05-2025T00:10:01 - [TEST_STEP][PASSED] - pdfSignScreen.openMainFileBrowser(): null

24-05-2025T00:10:06 - [TEST_STEP][PASSED] - fileBrowserScreen.attachFile(document.getMainFileName()): null

24-05-2025T00:10:15 - [TEST_STEP][PASSED] - pdfSignScreen.openSubFileBrowser(): null

24-05-2025T00:10:16 - [TEST_STEP][PASSED] - fileBrowserScreen.attachFile(document.getSubFileName()): null

24-05-2025T00:10:26 - [TEST_STEP][PASSED] - pdfSignScreen.performAction(SEND_APPROVE): null

24-05-2025T00:10:28 - [TEST_STEP][PASSED] - pdfSignScreen.fillInOpinion(document.getComment()): null

24-05-2025T00:10:29 - [TEST_STEP][PASSED] - pdfSignScreen.submitRequest(): null

24-05-2025T00:10:38 - [TEST_STEP][PASSED] - documentInformationScreen.backToHome(): null

24-05-2025T00:10:38 - [TEST_STEP][PASSED] - homeScreen.logout(): null

24-05-2025T00:10:46 - [TEST_STEP][PASSED] - document.setStatus(WAIT_APPROVE): null

24-05-2025T00:10:46 - [TEST_STEP][PASSED] - loginScreen.login(auto6): null

24-05-2025T00:10:55 - [TEST_STEP][PASSED] - homeScreen.goToIncomingDocument(): null

24-05-2025T00:10:55 - [TEST_STEP][PASSED] - inComingDocument.viewMainFile(document): View main file document: Trình ký 1748020164377

24-05-2025T00:10:55 - [MESSAGE][INFO] - View main file document: Trình ký 1748020164377

24-05-2025T00:11:00 - [TEST_STEP][PASSED] - documentInformationScreen.performAction(document, RETURN, COMMENT): null

24-05-2025T00:11:10 - [TEST_STEP][PASSED] - document.setSender(auto6): null

24-05-2025T00:11:10 - [TEST_STEP][PASSED] - documentInformationScreen.backToHome(): null

24-05-2025T00:11:10 - [TEST_STEP][PASSED] - inComingDocument.checkItemInDocument(): null

24-05-2025T00:11:10 - [TEST_STEP][PASSED] - homeScreen.goToOutComingDocument(): null

24-05-2025T00:11:21 - [TEST_STEP][PASSED] - outComingDocument.viewInformationDocument(document): null

24-05-2025T00:11:22 - [TEST_STEP][PASSED] - documentInformationScreen.checkDocumentTitle(document): Verify equals GUI: Trình ký 1748020164377 - DATA: Trình ký 1748020164377

24-05-2025T00:11:27 - [MESSAGE][PASSED] - Verify equals GUI: Trình ký 1748020164377 - DATA: Trình ký 1748020164377

24-05-2025T00:11:27 - [TEST_STEP][PASSED] - documentInformationScreen.checkSender(document): Verify equals GUI: Auto Test User 2 - DATA: Auto Test User 2

24-05-2025T00:11:27 - [MESSAGE][PASSED] - Verify equals GUI: Auto Test User 2 - DATA: Auto Test User 2

24-05-2025T00:11:27 - [TEST_STEP][PASSED] - documentInformationScreen.checkStatus(document): Verify equals GUI: Chờ bổ sung hồ sơ - DATA: Chờ bổ sung hồ sơ

24-05-2025T00:11:27 - [MESSAGE][PASSED] - Verify equals GUI: Chờ bổ sung hồ sơ - DATA: Chờ bổ sung hồ sơ

24-05-2025T00:11:27 - [TEST_STEP][PASSED] - documentInformationScreen.checkCreateDate(): Verify equals GUI: 24/05/2025 - DATA: 24/05/2025

24-05-2025T00:11:27 - [MESSAGE][PASSED] - Verify equals GUI: 24/05/2025 - DATA: 24/05/2025

24-05-2025T00:11:27 - [TEST_STEP][PASSED] - documentInformationScreen.checkFinishDate(document): Verify equals GUI: 25/05/2025 - DATA: 25/05/2025

24-05-2025T00:11:28 - [MESSAGE][PASSED] - Verify equals GUI: 25/05/2025 - DATA: 25/05/2025

24-05-2025T00:11:28 - [TEST_STEP][PASSED] - documentInformationScreen.checkPriority(document): Verify equals GUI: Bình thường - DATA: Bình thường

24-05-2025T00:11:28 - [MESSAGE][PASSED] - Verify equals GUI: Bình thường - DATA: Bình thường

24-05-2025T00:11:28 - [TEST_STEP][PASSED] - documentInformationScreen.isAssignerDisplayed(): Check sender not displayed

24-05-2025T00:11:31 - [MESSAGE][PASSED] - Check sender not displayed

24-05-2025T00:11:31 - [TEST_STEP][PASSED] - documentInformationScreen.checkDescription(document): Verify equals GUI: 025 TRA VE TAI MAIN FILE_NHAP Y KIEN - DATA: 025 TRA VE TAI MAIN FILE_NHAP Y KIEN

24-05-2025T00:11:31 - [MESSAGE][PASSED] - Verify equals GUI: 025 TRA VE TAI MAIN FILE_NHAP Y KIEN - DATA: 025 TRA VE TAI MAIN FILE_NHAP Y KIEN

24-05-2025T00:11:31 - [TEST_STEP][PASSED] - documentInformationScreen.checkPresentFileName(document): Verify contains GUI: dummy_20250524001016.ozd - DATA: dummy

24-05-2025T00:11:32 - [MESSAGE][PASSED] - Verify contains GUI: dummy_20250524001016.ozd - DATA: dummy

24-05-2025T00:11:32 - [TEST_STEP][PASSED] - documentInformationScreen.checkAttachFileName(document): Expected true condition

24-05-2025T00:11:34 - [MESSAGE][PASSED] - Expected true condition

24-05-2025T00:11:34 - [TEST_STEP][PASSED] - documentInformationScreen.checkComment(auto6, COMMENT): Check comment of Auto Test User 2 is Commented by automaton test in case 25

24-05-2025T00:11:35 - [MESSAGE][INFO] - GUI COMMENT: Commented by automaton test in case 25 - DATA COMMENT: Commented by automaton test in case 25

24-05-2025T00:11:35 - [MESSAGE][PASSED] - Check comment of Auto Test User 2 is Commented by automaton test in case 25

24-05-2025T00:11:35 - [TEST_STEP][PASSED] - documentInformationScreen.backToHome(): null

24-05-2025T00:11:39 - [TEST_STEP][PASSED] - inComingDocument.checkItemInDocument(): null

24-05-2025T00:11:39 - [TEST_STEP][PASSED] - Start listener action : afterTest: null

24-05-2025T00:11:39 - [TEST_STEP][PASSED] - if (testCaseStatus != "PASSED"): null

24-05-2025T00:11:39 - [TEST_STEP][PASSED] - drivers.Driver.closeApp(): drivers.Driver.closeApp is PASSED

24-05-2025T00:11:40 - [MESSAGE][PASSED] - drivers.Driver.closeApp is PASSED

24-05-2025T00:11:40 - [TEST_STEP][PASSED] - if (tsContext == null): null]]></system-out>
         <system-err><![CDATA[]]></system-err>
      </testcase>
      <testcase name="Test Cases/IPAPER APP/026 TRA VE TAI MAIN FILE_KHONG NHAP Y KIEN" time="138.707" classname="Test Cases/IPAPER APP/026 TRA VE TAI MAIN FILE_KHONG NHAP Y KIEN" status="PASSED">
         <system-out><![CDATA[24-05-2025T00:11:40 - [TEST_CASE][PASSED] - Test Cases/IPAPER APP/026 TRA VE TAI MAIN FILE_KHONG NHAP Y KIEN: Test Cases/IPAPER APP/026 TRA VE TAI MAIN FILE_KHONG NHAP Y KIEN

24-05-2025T00:11:40 - [TEST_STEP][PASSED] - Start listener action : beforeTest: drivers.Driver.openApp is PASSED

24-05-2025T00:11:40 - [TEST_STEP][PASSED] - DataTest.init(): null

24-05-2025T00:11:40 - [TEST_STEP][PASSED] - testCaseId = split("/").last(): null

24-05-2025T00:11:40 - [TEST_STEP][PASSED] - if (!(drivers.Driver.isAppiumRunning())): drivers.Driver.isAppiumRunning is PASSED

24-05-2025T00:11:40 - [MESSAGE][INFO] - Appium running: true

24-05-2025T00:11:40 - [MESSAGE][PASSED] - drivers.Driver.isAppiumRunning is PASSED

24-05-2025T00:11:40 - [TEST_STEP][PASSED] - if (driver == null || driver.getSessionId() == null): null

24-05-2025T00:11:40 - [TEST_STEP][PASSED] - drivers.Driver.openApp(): drivers.Driver.openApp is PASSED

24-05-2025T00:11:43 - [MESSAGE][PASSED] - drivers.Driver.openApp is PASSED

24-05-2025T00:11:43 - [TEST_STEP][PASSED] - REQUEST_NAME = "Trình ký PDF có sẵn": null

24-05-2025T00:11:43 - [TEST_STEP][PASSED] - COMMENT = " ": null

24-05-2025T00:11:43 - [TEST_STEP][PASSED] - auto5 = DataTest.getUserTest5(): null

24-05-2025T00:11:43 - [TEST_STEP][PASSED] - auto6 = DataTest.getUserTest6(): null

24-05-2025T00:11:43 - [TEST_STEP][PASSED] - document = DataTest.createDocumentTest(auto5, auto6, null, "dummy.pdf", "dummy.pdf"): null

24-05-2025T00:11:43 - [TEST_STEP][PASSED] - loginScreen.login(auto5): null

24-05-2025T00:11:51 - [TEST_STEP][PASSED] - homeScreen.openRequestList(): null

24-05-2025T00:11:56 - [TEST_STEP][PASSED] - homeScreen.createRequest(REQUEST_NAME): null

24-05-2025T00:12:03 - [TEST_STEP][PASSED] - pdfSignScreen.fillInTitle(document.getTitle()): null

24-05-2025T00:12:06 - [TEST_STEP][PASSED] - pdfSignScreen.selectPriority(document.getPriority()): null

24-05-2025T00:12:08 - [TEST_STEP][PASSED] - pdfSignScreen.selectTime(document.getTime()): null

24-05-2025T00:12:11 - [TEST_STEP][PASSED] - pdfSignScreen.fillInDescription(document.getDescription()): null

24-05-2025T00:12:13 - [TEST_STEP][PASSED] - pdfSignScreen.selectAssigner(getAssigner().getEmail()): null

24-05-2025T00:12:19 - [TEST_STEP][PASSED] - pdfSignScreen.openMainFileBrowser(): null

24-05-2025T00:12:25 - [TEST_STEP][PASSED] - fileBrowserScreen.attachFile(document.getMainFileName()): null

24-05-2025T00:12:33 - [TEST_STEP][PASSED] - pdfSignScreen.openSubFileBrowser(): null

24-05-2025T00:12:34 - [TEST_STEP][PASSED] - fileBrowserScreen.attachFile(document.getSubFileName()): null

24-05-2025T00:12:44 - [TEST_STEP][PASSED] - pdfSignScreen.performAction(SEND_APPROVE): null

24-05-2025T00:12:47 - [TEST_STEP][PASSED] - pdfSignScreen.fillInOpinion(document.getComment()): null

24-05-2025T00:12:48 - [TEST_STEP][PASSED] - pdfSignScreen.submitRequest(): null

24-05-2025T00:12:58 - [TEST_STEP][PASSED] - documentInformationScreen.backToHome(): null

24-05-2025T00:12:58 - [TEST_STEP][PASSED] - homeScreen.logout(): null

24-05-2025T00:13:06 - [TEST_STEP][PASSED] - document.setStatus(WAIT_APPROVE): null

24-05-2025T00:13:06 - [TEST_STEP][PASSED] - loginScreen.login(auto6): null

24-05-2025T00:13:15 - [TEST_STEP][PASSED] - homeScreen.goToIncomingDocument(): null

24-05-2025T00:13:15 - [TEST_STEP][PASSED] - inComingDocument.viewMainFile(document): View main file document: Trình ký 1748020303097

24-05-2025T00:13:15 - [MESSAGE][INFO] - View main file document: Trình ký 1748020303097

24-05-2025T00:13:20 - [TEST_STEP][PASSED] - documentInformationScreen.performAction(document, RETURN): null

24-05-2025T00:13:29 - [TEST_STEP][PASSED] - document.setSender(auto6): null

24-05-2025T00:13:29 - [TEST_STEP][PASSED] - documentInformationScreen.backToHome(): null

24-05-2025T00:13:29 - [TEST_STEP][PASSED] - inComingDocument.checkItemInDocument(): null

24-05-2025T00:13:29 - [TEST_STEP][PASSED] - homeScreen.goToOutComingDocument(): null

24-05-2025T00:13:40 - [TEST_STEP][PASSED] - outComingDocument.viewInformationDocument(document): null

24-05-2025T00:13:41 - [TEST_STEP][PASSED] - documentInformationScreen.checkDocumentTitle(document): Verify equals GUI: Trình ký 1748020303097 - DATA: Trình ký 1748020303097

24-05-2025T00:13:46 - [MESSAGE][PASSED] - Verify equals GUI: Trình ký 1748020303097 - DATA: Trình ký 1748020303097

24-05-2025T00:13:46 - [TEST_STEP][PASSED] - documentInformationScreen.checkSender(document): Verify equals GUI: Auto Test User 2 - DATA: Auto Test User 2

24-05-2025T00:13:46 - [MESSAGE][PASSED] - Verify equals GUI: Auto Test User 2 - DATA: Auto Test User 2

24-05-2025T00:13:46 - [TEST_STEP][PASSED] - documentInformationScreen.checkStatus(document): Verify equals GUI: Chờ bổ sung hồ sơ - DATA: Chờ bổ sung hồ sơ

24-05-2025T00:13:46 - [MESSAGE][PASSED] - Verify equals GUI: Chờ bổ sung hồ sơ - DATA: Chờ bổ sung hồ sơ

24-05-2025T00:13:46 - [TEST_STEP][PASSED] - documentInformationScreen.checkCreateDate(): Verify equals GUI: 24/05/2025 - DATA: 24/05/2025

24-05-2025T00:13:46 - [MESSAGE][PASSED] - Verify equals GUI: 24/05/2025 - DATA: 24/05/2025

24-05-2025T00:13:46 - [TEST_STEP][PASSED] - documentInformationScreen.checkFinishDate(document): Verify equals GUI: 25/05/2025 - DATA: 25/05/2025

24-05-2025T00:13:46 - [MESSAGE][PASSED] - Verify equals GUI: 25/05/2025 - DATA: 25/05/2025

24-05-2025T00:13:46 - [TEST_STEP][PASSED] - documentInformationScreen.checkPriority(document): Verify equals GUI: Khẩn cấp - DATA: Khẩn cấp

24-05-2025T00:13:47 - [MESSAGE][PASSED] - Verify equals GUI: Khẩn cấp - DATA: Khẩn cấp

24-05-2025T00:13:47 - [TEST_STEP][PASSED] - documentInformationScreen.isAssignerDisplayed(): Check sender not displayed

24-05-2025T00:13:50 - [MESSAGE][PASSED] - Check sender not displayed

24-05-2025T00:13:50 - [TEST_STEP][PASSED] - documentInformationScreen.checkDescription(document): Verify equals GUI: 026 TRA VE TAI MAIN FILE_KHONG NHAP Y KIEN - DATA: 026 TRA VE TAI MAIN FILE_KHONG NHAP Y KIEN

24-05-2025T00:13:50 - [MESSAGE][PASSED] - Verify equals GUI: 026 TRA VE TAI MAIN FILE_KHONG NHAP Y KIEN - DATA: 026 TRA VE TAI MAIN FILE_KHONG NHAP Y KIEN

24-05-2025T00:13:50 - [TEST_STEP][PASSED] - documentInformationScreen.checkPresentFileName(document): Verify contains GUI: dummy_20250524001234.ozd - DATA: dummy

24-05-2025T00:13:51 - [MESSAGE][PASSED] - Verify contains GUI: dummy_20250524001234.ozd - DATA: dummy

24-05-2025T00:13:51 - [TEST_STEP][PASSED] - documentInformationScreen.checkAttachFileName(document): Expected true condition

24-05-2025T00:13:52 - [MESSAGE][PASSED] - Expected true condition

24-05-2025T00:13:52 - [TEST_STEP][PASSED] - documentInformationScreen.checkComment(auto6, COMMENT): Check comment of Auto Test User 2 is  

24-05-2025T00:13:54 - [MESSAGE][INFO] - GUI COMMENT: Không có bình luận - DATA COMMENT:  

24-05-2025T00:13:54 - [MESSAGE][PASSED] - Check comment of Auto Test User 2 is  

24-05-2025T00:13:54 - [TEST_STEP][PASSED] - documentInformationScreen.backToHome(): null

24-05-2025T00:13:58 - [TEST_STEP][PASSED] - inComingDocument.checkItemInDocument(): null

24-05-2025T00:13:58 - [TEST_STEP][PASSED] - Start listener action : afterTest: null

24-05-2025T00:13:58 - [TEST_STEP][PASSED] - if (testCaseStatus != "PASSED"): null

24-05-2025T00:13:58 - [TEST_STEP][PASSED] - drivers.Driver.closeApp(): drivers.Driver.closeApp is PASSED

24-05-2025T00:13:59 - [MESSAGE][PASSED] - drivers.Driver.closeApp is PASSED

24-05-2025T00:13:59 - [TEST_STEP][PASSED] - if (tsContext == null): null]]></system-out>
         <system-err><![CDATA[]]></system-err>
      </testcase>
      <testcase name="Test Cases/IPAPER APP/029 CHUYEN THUC THI" time="274.893" classname="Test Cases/IPAPER APP/029 CHUYEN THUC THI" status="PASSED">
         <system-out><![CDATA[24-05-2025T00:13:59 - [TEST_CASE][PASSED] - Test Cases/IPAPER APP/029 CHUYEN THUC THI: Test Cases/IPAPER APP/029 CHUYEN THUC THI

24-05-2025T00:13:59 - [TEST_STEP][PASSED] - Start listener action : beforeTest: drivers.Driver.openApp is PASSED

24-05-2025T00:13:59 - [TEST_STEP][PASSED] - DataTest.init(): null

24-05-2025T00:13:59 - [TEST_STEP][PASSED] - testCaseId = split("/").last(): null

24-05-2025T00:13:59 - [TEST_STEP][PASSED] - if (!(drivers.Driver.isAppiumRunning())): drivers.Driver.isAppiumRunning is PASSED

24-05-2025T00:13:59 - [MESSAGE][INFO] - Appium running: true

24-05-2025T00:13:59 - [MESSAGE][PASSED] - drivers.Driver.isAppiumRunning is PASSED

24-05-2025T00:13:59 - [TEST_STEP][PASSED] - if (driver == null || driver.getSessionId() == null): null

24-05-2025T00:13:59 - [TEST_STEP][PASSED] - drivers.Driver.openApp(): drivers.Driver.openApp is PASSED

24-05-2025T00:14:01 - [MESSAGE][PASSED] - drivers.Driver.openApp is PASSED

24-05-2025T00:14:01 - [TEST_STEP][PASSED] - REQUEST_NAME = "Trình ký PDF có sẵn": null

24-05-2025T00:14:01 - [TEST_STEP][PASSED] - COMMENT = "Commented by automation team": null

24-05-2025T00:14:01 - [TEST_STEP][PASSED] - auto5 = DataTest.getUserTest5(): null

24-05-2025T00:14:01 - [TEST_STEP][PASSED] - auto6 = DataTest.getUserTest6(): null

24-05-2025T00:14:01 - [TEST_STEP][PASSED] - auto7 = DataTest.getUserTest7(): null

24-05-2025T00:14:01 - [TEST_STEP][PASSED] - document = DataTest.createDocumentTest(auto5, auto6, null, "dummy.pdf", "dummy.pdf"): null

24-05-2025T00:14:01 - [TEST_STEP][PASSED] - loginScreen.login(auto5): null

24-05-2025T00:14:10 - [TEST_STEP][PASSED] - homeScreen.openRequestList(): null

24-05-2025T00:14:15 - [TEST_STEP][PASSED] - homeScreen.createRequest(REQUEST_NAME): null

24-05-2025T00:14:25 - [TEST_STEP][PASSED] - pdfSignScreen.fillInTitle(document.getTitle()): null

24-05-2025T00:14:28 - [TEST_STEP][PASSED] - pdfSignScreen.selectPriority(document.getPriority()): null

24-05-2025T00:14:30 - [TEST_STEP][PASSED] - pdfSignScreen.selectTime(document.getTime()): null

24-05-2025T00:14:33 - [TEST_STEP][PASSED] - pdfSignScreen.fillInDescription(document.getDescription()): null

24-05-2025T00:14:35 - [TEST_STEP][PASSED] - pdfSignScreen.selectAssigner(getAssigner().getEmail()): null

24-05-2025T00:14:41 - [TEST_STEP][PASSED] - pdfSignScreen.openMainFileBrowser(): null

24-05-2025T00:14:46 - [TEST_STEP][PASSED] - fileBrowserScreen.attachFile(document.getMainFileName()): null

24-05-2025T00:14:56 - [TEST_STEP][PASSED] - pdfSignScreen.openSubFileBrowser(): null

24-05-2025T00:14:56 - [TEST_STEP][PASSED] - fileBrowserScreen.attachFile(document.getSubFileName()): null

24-05-2025T00:15:06 - [TEST_STEP][PASSED] - pdfSignScreen.performAction(SEND_APPROVE): null

24-05-2025T00:15:08 - [TEST_STEP][PASSED] - pdfSignScreen.fillInOpinion(document.getComment()): null

24-05-2025T00:15:09 - [TEST_STEP][PASSED] - pdfSignScreen.submitRequest(): null

24-05-2025T00:15:19 - [TEST_STEP][PASSED] - documentInformationScreen.backToHome(): null

24-05-2025T00:15:20 - [TEST_STEP][PASSED] - homeScreen.logout(): null

24-05-2025T00:15:28 - [TEST_STEP][PASSED] - document.setStatus(WAIT_APPROVE): null

24-05-2025T00:15:28 - [TEST_STEP][PASSED] - document.setAssigner(auto5): null

24-05-2025T00:15:28 - [TEST_STEP][PASSED] - loginScreen.login(auto6): null

24-05-2025T00:15:37 - [TEST_STEP][PASSED] - homeScreen.goToIncomingDocument(): null

24-05-2025T00:15:37 - [TEST_STEP][PASSED] - inComingDocument.viewMainFile(document): View main file document: Trình ký 1748020441822

24-05-2025T00:15:37 - [MESSAGE][INFO] - View main file document: Trình ký 1748020441822

24-05-2025T00:15:42 - [TEST_STEP][PASSED] - document.setSender(auto6): null

24-05-2025T00:15:42 - [TEST_STEP][PASSED] - documentInformationScreen.performAction(document, APPROVE, COMMENT): null

24-05-2025T00:15:53 - [TEST_STEP][PASSED] - documentInformationScreen.backToHome(): null

24-05-2025T00:15:54 - [TEST_STEP][PASSED] - inComingDocument.checkItemInDocument(): null

24-05-2025T00:15:54 - [TEST_STEP][PASSED] - homeScreen.goToOutComingDocument(): null

24-05-2025T00:16:06 - [TEST_STEP][PASSED] - outComingDocument.viewInformationDocument(document): null

24-05-2025T00:16:07 - [TEST_STEP][PASSED] - documentInformationScreen.checkDocumentTitle(document): Verify equals GUI: Trình ký 1748020441822 - DATA: Trình ký 1748020441822

24-05-2025T00:16:14 - [MESSAGE][PASSED] - Verify equals GUI: Trình ký 1748020441822 - DATA: Trình ký 1748020441822

24-05-2025T00:16:14 - [TEST_STEP][PASSED] - documentInformationScreen.checkSender(document): Verify equals GUI: Auto Test User 2 - DATA: Auto Test User 2

24-05-2025T00:16:14 - [MESSAGE][PASSED] - Verify equals GUI: Auto Test User 2 - DATA: Auto Test User 2

24-05-2025T00:16:14 - [TEST_STEP][PASSED] - documentInformationScreen.checkStatus(document): Verify equals GUI: Đã duyệt - DATA: Đã duyệt

24-05-2025T00:16:14 - [MESSAGE][PASSED] - Verify equals GUI: Đã duyệt - DATA: Đã duyệt

24-05-2025T00:16:14 - [TEST_STEP][PASSED] - documentInformationScreen.checkCreateDate(): Verify equals GUI: 24/05/2025 - DATA: 24/05/2025

24-05-2025T00:16:14 - [MESSAGE][PASSED] - Verify equals GUI: 24/05/2025 - DATA: 24/05/2025

24-05-2025T00:16:14 - [TEST_STEP][PASSED] - documentInformationScreen.checkFinishDate(document): Verify equals GUI: 25/05/2025 - DATA: 25/05/2025

24-05-2025T00:16:14 - [MESSAGE][PASSED] - Verify equals GUI: 25/05/2025 - DATA: 25/05/2025

24-05-2025T00:16:14 - [TEST_STEP][PASSED] - documentInformationScreen.checkPriority(document): Verify equals GUI: Khẩn cấp - DATA: Khẩn cấp

24-05-2025T00:16:14 - [MESSAGE][PASSED] - Verify equals GUI: Khẩn cấp - DATA: Khẩn cấp

24-05-2025T00:16:14 - [TEST_STEP][PASSED] - documentInformationScreen.checkDescription(document): Verify equals GUI: 029 CHUYEN THUC THI - DATA: 029 CHUYEN THUC THI

24-05-2025T00:16:15 - [MESSAGE][PASSED] - Verify equals GUI: 029 CHUYEN THUC THI - DATA: 029 CHUYEN THUC THI

24-05-2025T00:16:15 - [TEST_STEP][PASSED] - documentInformationScreen.checkAssigner(document): Verify contains GUI: auto1@hdbank.com.vn - DATA: auto1@hdbank.com.vn

24-05-2025T00:16:16 - [MESSAGE][PASSED] - Verify contains GUI: auto1@hdbank.com.vn - DATA: auto1@hdbank.com.vn

24-05-2025T00:16:16 - [TEST_STEP][PASSED] - documentInformationScreen.checkPresentFileName(document): Verify contains GUI: dummy_20250524001456.ozd - DATA: dummy

24-05-2025T00:16:17 - [MESSAGE][PASSED] - Verify contains GUI: dummy_20250524001456.ozd - DATA: dummy

24-05-2025T00:16:17 - [TEST_STEP][PASSED] - documentInformationScreen.checkAttachFileName(document): Expected true condition

24-05-2025T00:16:19 - [MESSAGE][PASSED] - Expected true condition

24-05-2025T00:16:19 - [TEST_STEP][PASSED] - documentInformationScreen.checkComment(auto6, COMMENT): Check comment of Auto Test User 2 is Commented by automation team

24-05-2025T00:16:20 - [MESSAGE][INFO] - GUI COMMENT: Commented by automation team - DATA COMMENT: Commented by automation team

24-05-2025T00:16:20 - [MESSAGE][PASSED] - Check comment of Auto Test User 2 is Commented by automation team

24-05-2025T00:16:20 - [TEST_STEP][PASSED] - documentInformationScreen.backToHome(): null

24-05-2025T00:16:24 - [TEST_STEP][PASSED] - inComingDocument.checkItemInDocument(): null

24-05-2025T00:16:24 - [TEST_STEP][PASSED] - documentInformationScreen.backToHome(): null

24-05-2025T00:16:25 - [TEST_STEP][PASSED] - homeScreen.logout(): null

24-05-2025T00:16:33 - [TEST_STEP][PASSED] - loginScreen.login(auto5): null

24-05-2025T00:16:42 - [TEST_STEP][PASSED] - homeScreen.goToOutComingDocument(): null

24-05-2025T00:16:53 - [TEST_STEP][PASSED] - outComingDocument.viewInformationDocument(document): null

24-05-2025T00:16:54 - [TEST_STEP][PASSED] - documentInformationScreen.performAction(document, COMPLETE): null

24-05-2025T00:17:06 - [TEST_STEP][PASSED] - outComingDocument.loadDataResult(): null

24-05-2025T00:17:13 - [TEST_STEP][PASSED] - outComingDocument.viewInformationDocument(document): null

24-05-2025T00:17:14 - [TEST_STEP][PASSED] - documentInformationScreen.checkDocumentTitle(document): Verify equals GUI: Trình ký 1748020441822 - DATA: Trình ký 1748020441822

24-05-2025T00:17:17 - [MESSAGE][PASSED] - Verify equals GUI: Trình ký 1748020441822 - DATA: Trình ký 1748020441822

24-05-2025T00:17:17 - [TEST_STEP][PASSED] - documentInformationScreen.checkSender(document): Verify equals GUI: Auto Test User 2 - DATA: Auto Test User 2

24-05-2025T00:17:17 - [MESSAGE][PASSED] - Verify equals GUI: Auto Test User 2 - DATA: Auto Test User 2

24-05-2025T00:17:17 - [TEST_STEP][PASSED] - documentInformationScreen.checkStatus(document): Verify equals GUI: Đã hoàn thành - DATA: Đã hoàn thành

24-05-2025T00:17:17 - [MESSAGE][PASSED] - Verify equals GUI: Đã hoàn thành - DATA: Đã hoàn thành

24-05-2025T00:17:17 - [TEST_STEP][PASSED] - documentInformationScreen.checkCreateDate(): Verify equals GUI: 24/05/2025 - DATA: 24/05/2025

24-05-2025T00:17:18 - [MESSAGE][PASSED] - Verify equals GUI: 24/05/2025 - DATA: 24/05/2025

24-05-2025T00:17:18 - [TEST_STEP][PASSED] - documentInformationScreen.checkFinishDate(document): Verify equals GUI: 25/05/2025 - DATA: 25/05/2025

24-05-2025T00:17:18 - [MESSAGE][PASSED] - Verify equals GUI: 25/05/2025 - DATA: 25/05/2025

24-05-2025T00:17:18 - [TEST_STEP][PASSED] - documentInformationScreen.checkPriority(document): Verify equals GUI: Khẩn cấp - DATA: Khẩn cấp

24-05-2025T00:17:18 - [MESSAGE][PASSED] - Verify equals GUI: Khẩn cấp - DATA: Khẩn cấp

24-05-2025T00:17:18 - [TEST_STEP][PASSED] - documentInformationScreen.checkDescription(document): Verify equals GUI: 029 CHUYEN THUC THI - DATA: 029 CHUYEN THUC THI

24-05-2025T00:17:18 - [MESSAGE][PASSED] - Verify equals GUI: 029 CHUYEN THUC THI - DATA: 029 CHUYEN THUC THI

24-05-2025T00:17:18 - [TEST_STEP][PASSED] - documentInformationScreen.isAssignerDisplayed(): Check sender not displayed

24-05-2025T00:17:21 - [MESSAGE][PASSED] - Check sender not displayed

24-05-2025T00:17:21 - [TEST_STEP][PASSED] - documentInformationScreen.checkPresentFileName(document): Verify contains GUI: dummy_20250524001456.ozd - DATA: dummy

24-05-2025T00:17:27 - [MESSAGE][PASSED] - Verify contains GUI: dummy_20250524001456.ozd - DATA: dummy

24-05-2025T00:17:27 - [TEST_STEP][PASSED] - documentInformationScreen.checkAttachFileName(document): Expected true condition

24-05-2025T00:17:28 - [MESSAGE][PASSED] - Expected true condition

24-05-2025T00:17:28 - [TEST_STEP][PASSED] - documentInformationScreen.checkComment(auto6, COMMENT): Check comment of Auto Test User 2 is Commented by automation team

24-05-2025T00:17:30 - [MESSAGE][INFO] - GUI COMMENT: Commented by automation team - DATA COMMENT: Commented by automation team

24-05-2025T00:17:30 - [MESSAGE][PASSED] - Check comment of Auto Test User 2 is Commented by automation team

24-05-2025T00:17:30 - [TEST_STEP][PASSED] - documentInformationScreen.selectUserTransfered(auto7): null

24-05-2025T00:17:35 - [TEST_STEP][PASSED] - documentInformationScreen.performAction(document, TRANSFER_EXCUTION): null

24-05-2025T00:17:41 - [TEST_STEP][PASSED] - homeScreen.logout(): null

24-05-2025T00:17:49 - [TEST_STEP][PASSED] - loginScreen.login(auto7): null

24-05-2025T00:17:57 - [TEST_STEP][PASSED] - homeScreen.goToRelatedDocument(): null

24-05-2025T00:18:17 - [TEST_STEP][PASSED] - relatedDocumentScreen.viewInformationExecuteDocument(document): null

24-05-2025T00:18:18 - [TEST_STEP][PASSED] - documentInformationScreen.checkDocumentTitle(document): Verify equals GUI: Trình ký 1748020441822 - DATA: Trình ký 1748020441822

24-05-2025T00:18:22 - [MESSAGE][PASSED] - Verify equals GUI: Trình ký 1748020441822 - DATA: Trình ký 1748020441822

24-05-2025T00:18:22 - [TEST_STEP][PASSED] - documentInformationScreen.checkSender(document): Verify equals GUI: Auto Test User 2 - DATA: Auto Test User 2

24-05-2025T00:18:22 - [MESSAGE][PASSED] - Verify equals GUI: Auto Test User 2 - DATA: Auto Test User 2

24-05-2025T00:18:22 - [TEST_STEP][PASSED] - documentInformationScreen.checkStatus(document): Verify equals GUI: Đã hoàn thành - DATA: Đã hoàn thành

24-05-2025T00:18:22 - [MESSAGE][PASSED] - Verify equals GUI: Đã hoàn thành - DATA: Đã hoàn thành

24-05-2025T00:18:22 - [TEST_STEP][PASSED] - documentInformationScreen.checkCreateDate(): Verify equals GUI: 24/05/2025 - DATA: 24/05/2025

24-05-2025T00:18:23 - [MESSAGE][PASSED] - Verify equals GUI: 24/05/2025 - DATA: 24/05/2025

24-05-2025T00:18:23 - [TEST_STEP][PASSED] - documentInformationScreen.checkFinishDate(document): Verify equals GUI: 25/05/2025 - DATA: 25/05/2025

24-05-2025T00:18:23 - [MESSAGE][PASSED] - Verify equals GUI: 25/05/2025 - DATA: 25/05/2025

24-05-2025T00:18:23 - [TEST_STEP][PASSED] - documentInformationScreen.checkPriority(document): Verify equals GUI: Khẩn cấp - DATA: Khẩn cấp

24-05-2025T00:18:23 - [MESSAGE][PASSED] - Verify equals GUI: Khẩn cấp - DATA: Khẩn cấp

24-05-2025T00:18:23 - [TEST_STEP][PASSED] - documentInformationScreen.checkDescription(document): Verify equals GUI: 029 CHUYEN THUC THI - DATA: 029 CHUYEN THUC THI

24-05-2025T00:18:23 - [MESSAGE][PASSED] - Verify equals GUI: 029 CHUYEN THUC THI - DATA: 029 CHUYEN THUC THI

24-05-2025T00:18:23 - [TEST_STEP][PASSED] - documentInformationScreen.isAssignerDisplayed(): Check sender not displayed

24-05-2025T00:18:26 - [MESSAGE][PASSED] - Check sender not displayed

24-05-2025T00:18:26 - [TEST_STEP][PASSED] - documentInformationScreen.checkPresentFileName(document): Verify contains GUI: dummy_20250524001456.ozd - DATA: dummy

24-05-2025T00:18:31 - [MESSAGE][PASSED] - Verify contains GUI: dummy_20250524001456.ozd - DATA: dummy

24-05-2025T00:18:31 - [TEST_STEP][PASSED] - documentInformationScreen.checkAttachFileName(document): Expected true condition

24-05-2025T00:18:33 - [MESSAGE][PASSED] - Expected true condition

24-05-2025T00:18:33 - [TEST_STEP][PASSED] - Start listener action : afterTest: null

24-05-2025T00:18:33 - [TEST_STEP][PASSED] - if (testCaseStatus != "PASSED"): null

24-05-2025T00:18:33 - [TEST_STEP][PASSED] - drivers.Driver.closeApp(): drivers.Driver.closeApp is PASSED

24-05-2025T00:18:34 - [MESSAGE][PASSED] - drivers.Driver.closeApp is PASSED

24-05-2025T00:18:34 - [TEST_STEP][PASSED] - if (tsContext == null): null]]></system-out>
         <system-err><![CDATA[]]></system-err>
      </testcase>
      <testcase name="Test Cases/IPAPER APP/030 BAN HANH HO SO LEN MIS" time="218.823" classname="Test Cases/IPAPER APP/030 BAN HANH HO SO LEN MIS" status="ERROR">
         <error type="ERROR" message="Test Cases/IPAPER APP/030 BAN HANH HO SO LEN MIS FAILED.&#xa;Reason:&#xa;org.openqa.selenium.NoSuchElementException: An element could not be located on the page using the given search parameters.&#xa;For documentation on this error, please visit: https://www.seleniumhq.org/exceptions/no_such_element.html&#xa;Build info: version: '3.141.59', revision: 'unknown', time: 'unknown'&#xa;System info: host: '192.168.30.108', ip: 'fe80:0:0:0:857:c3df:d699:1dc0%en0', os.name: 'Mac OS X', os.arch: 'aarch64', os.version: '15.5', java.version: '17.0.7'&#xa;Driver info: com.kms.katalon.core.appium.driver.SwipeableAndroidDriver&#xa;Capabilities {automationName: UiAutomator2, databaseEnabled: false, desired: {automationName: UiAutomator2, deviceName: af0c5cf7, noReset: true, platformName: android, waitForIdleTimeout: 3000}, deviceApiLevel: 35, deviceManufacturer: OPPO, deviceModel: CPH2699, deviceName: af0c5cf7, deviceScreenDensity: 480, deviceScreenSize: 1080x2400, deviceUDID: af0c5cf7, javascriptEnabled: true, locationContextEnabled: false, networkConnectionEnabled: true, noReset: true, pixelRatio: 3, platform: LINUX, platformName: Android, platformVersion: 15, statBarHeight: 120, takesScreenshot: true, viewportRect: {height: 2280, left: 0, top: 120, width: 1080}, waitForIdleTimeout: 3000, warnings: {}, webStorageEnabled: false}&#xa;Session ID: 62e5b862-d2c0-4dcf-ad05-c0bce164dcf0&#xa;*** Element info: {Using=id, value=android:id/date_picker_header_year}&#xa;	at java.base/jdk.internal.reflect.NativeConstructorAccessorImpl.newInstance0(Native Method)&#xa;	at java.base/jdk.internal.reflect.NativeConstructorAccessorImpl.newInstance(NativeConstructorAccessorImpl.java:77)&#xa;	at java.base/jdk.internal.reflect.DelegatingConstructorAccessorImpl.newInstance(DelegatingConstructorAccessorImpl.java:45)&#xa;	at org.openqa.selenium.remote.http.W3CHttpResponseCodec.createException(W3CHttpResponseCodec.java:187)&#xa;	at org.openqa.selenium.remote.http.W3CHttpResponseCodec.decode(W3CHttpResponseCodec.java:122)&#xa;	at org.openqa.selenium.remote.http.W3CHttpResponseCodec.decode(W3CHttpResponseCodec.java:49)&#xa;	at org.openqa.selenium.remote.HttpCommandExecutor.execute(HttpCommandExecutor.java:158)&#xa;	at io.appium.java_client.remote.AppiumCommandExecutor.execute(AppiumCommandExecutor.java:239)&#xa;	at org.openqa.selenium.remote.RemoteWebDriver.execute(RemoteWebDriver.java:552)&#xa;	at io.appium.java_client.DefaultGenericMobileDriver.execute(DefaultGenericMobileDriver.java:42)&#xa;	at io.appium.java_client.AppiumDriver.execute(AppiumDriver.java:1)&#xa;	at io.appium.java_client.android.AndroidDriver.execute(AndroidDriver.java:1)&#xa;	at com.kms.katalon.core.appium.driver.SwipeableAndroidDriver.execute(SwipeableAndroidDriver.java:1)&#xa;	at org.openqa.selenium.remote.RemoteWebDriver.findElement(RemoteWebDriver.java:323)&#xa;	at io.appium.java_client.DefaultGenericMobileDriver.findElement(DefaultGenericMobileDriver.java:62)&#xa;	at io.appium.java_client.AppiumDriver.findElement(AppiumDriver.java:1)&#xa;	at io.appium.java_client.android.AndroidDriver.findElement(AndroidDriver.java:1)&#xa;	at com.kms.katalon.core.appium.driver.SwipeableAndroidDriver.findElement(SwipeableAndroidDriver.java:1)&#xa;	at org.openqa.selenium.remote.RemoteWebDriver.findElementById(RemoteWebDriver.java:372)&#xa;	at io.appium.java_client.DefaultGenericMobileDriver.findElementById(DefaultGenericMobileDriver.java:70)&#xa;	at io.appium.java_client.AppiumDriver.findElementById(AppiumDriver.java:1)&#xa;	at io.appium.java_client.android.AndroidDriver.findElementById(AndroidDriver.java:1)&#xa;	at com.kms.katalon.core.appium.driver.SwipeableAndroidDriver.findElementById(SwipeableAndroidDriver.java:1)&#xa;	at org.openqa.selenium.By$ById.findElement(By.java:188)&#xa;	at org.openqa.selenium.remote.RemoteWebDriver.findElement(RemoteWebDriver.java:315)&#xa;	at io.appium.java_client.DefaultGenericMobileDriver.findElement(DefaultGenericMobileDriver.java:58)&#xa;	at io.appium.java_client.AppiumDriver.findElement(AppiumDriver.java:1)&#xa;	at io.appium.java_client.android.AndroidDriver.findElement(AndroidDriver.java:1)&#xa;	at com.kms.katalon.core.appium.driver.SwipeableAndroidDriver.findElement(SwipeableAndroidDriver.java:1)&#xa;	at base.BaseKeyword$Trait$Helper.getText(BaseKeyword.groovy:57)&#xa;	at utilities.CalendarUtilities.getText(CalendarUtilities.groovy)&#xa;	at utilities.CalendarUtilities.getCurrentYear(CalendarUtilities.groovy:81)&#xa;	at utilities.CalendarUtilities.selectYearAndroid(CalendarUtilities.groovy:40)&#xa;	at utilities.CalendarUtilities.selectDateAndroid(CalendarUtilities.groovy:34)&#xa;	at utilities.CalendarUtilities.selectDate(CalendarUtilities.groovy:21)&#xa;	at screens.MisFormScreen.selectFinishDate(MisFormScreen.groovy:38)&#xa;	at 030 BAN HANH HO SO LEN MIS.run(030 BAN HANH HO SO LEN MIS:150)&#xa;	at com.kms.katalon.core.main.ScriptEngine.run(ScriptEngine.java:194)&#xa;	at com.kms.katalon.core.main.ScriptEngine.runScriptAsRawText(ScriptEngine.java:119)&#xa;	at com.kms.katalon.core.main.TestCaseExecutor.runScript(TestCaseExecutor.java:448)&#xa;	at com.kms.katalon.core.main.TestCaseExecutor.doExecute(TestCaseExecutor.java:439)&#xa;	at com.kms.katalon.core.main.TestCaseExecutor.processExecutionPhase(TestCaseExecutor.java:418)&#xa;	at com.kms.katalon.core.main.TestCaseExecutor.accessMainPhase(TestCaseExecutor.java:410)&#xa;	at com.kms.katalon.core.main.TestCaseExecutor.execute(TestCaseExecutor.java:285)&#xa;	at com.kms.katalon.core.main.TestCaseExecutor.execute(TestCaseExecutor.java:369)&#xa;	at com.kms.katalon.core.main.TestCaseExecutor.execute(TestCaseExecutor.java:369)&#xa;	at com.kms.katalon.core.main.TestCaseExecutor.execute(TestCaseExecutor.java:369)&#xa;	at com.kms.katalon.core.common.CommonExecutor.accessTestCaseMainPhase(CommonExecutor.java:65)&#xa;	at com.kms.katalon.core.main.TestSuiteExecutor.accessTestSuiteMainPhase(TestSuiteExecutor.java:150)&#xa;	at com.kms.katalon.core.main.TestSuiteExecutor.execute(TestSuiteExecutor.java:106)&#xa;	at com.kms.katalon.core.main.TestCaseMain.startTestSuite(TestCaseMain.java:180)&#xa;	at TempTestSuite1748015363748.run(TempTestSuite1748015363748.groovy:35)&#xa;	at java.base/jdk.internal.reflect.NativeMethodAccessorImpl.invoke0(Native Method)&#xa;	at java.base/jdk.internal.reflect.NativeMethodAccessorImpl.invoke(NativeMethodAccessorImpl.java:77)&#xa;	at java.base/jdk.internal.reflect.DelegatingMethodAccessorImpl.invoke(DelegatingMethodAccessorImpl.java:43)&#xa;"/>
         <system-out><![CDATA[24-05-2025T00:29:16 - [TEST_CASE][ERROR] - Test Cases/IPAPER APP/030 BAN HANH HO SO LEN MIS: Test Cases/IPAPER APP/030 BAN HANH HO SO LEN MIS FAILED.
Reason:
org.openqa.selenium.NoSuchElementException: An element could not be located on the page using the given search parameters.
For documentation on this error, please visit: https://www.seleniumhq.org/exceptions/no_such_element.html
Build info: version: '3.141.59', revision: 'unknown', time: 'unknown'
System info: host: '192.168.30.108', ip: 'fe80:0:0:0:857:c3df:d699:1dc0%en0', os.name: 'Mac OS X', os.arch: 'aarch64', os.version: '15.5', java.version: '17.0.7'
Driver info: com.kms.katalon.core.appium.driver.SwipeableAndroidDriver
Capabilities {automationName: UiAutomator2, databaseEnabled: false, desired: {automationName: UiAutomator2, deviceName: af0c5cf7, noReset: true, platformName: android, waitForIdleTimeout: 3000}, deviceApiLevel: 35, deviceManufacturer: OPPO, deviceModel: CPH2699, deviceName: af0c5cf7, deviceScreenDensity: 480, deviceScreenSize: 1080x2400, deviceUDID: af0c5cf7, javascriptEnabled: true, locationContextEnabled: false, networkConnectionEnabled: true, noReset: true, pixelRatio: 3, platform: LINUX, platformName: Android, platformVersion: 15, statBarHeight: 120, takesScreenshot: true, viewportRect: {height: 2280, left: 0, top: 120, width: 1080}, waitForIdleTimeout: 3000, warnings: {}, webStorageEnabled: false}
Session ID: 62e5b862-d2c0-4dcf-ad05-c0bce164dcf0
*** Element info: {Using=id, value=android:id/date_picker_header_year}
	at java.base/jdk.internal.reflect.NativeConstructorAccessorImpl.newInstance0(Native Method)
	at java.base/jdk.internal.reflect.NativeConstructorAccessorImpl.newInstance(NativeConstructorAccessorImpl.java:77)
	at java.base/jdk.internal.reflect.DelegatingConstructorAccessorImpl.newInstance(DelegatingConstructorAccessorImpl.java:45)
	at org.openqa.selenium.remote.http.W3CHttpResponseCodec.createException(W3CHttpResponseCodec.java:187)
	at org.openqa.selenium.remote.http.W3CHttpResponseCodec.decode(W3CHttpResponseCodec.java:122)
	at org.openqa.selenium.remote.http.W3CHttpResponseCodec.decode(W3CHttpResponseCodec.java:49)
	at org.openqa.selenium.remote.HttpCommandExecutor.execute(HttpCommandExecutor.java:158)
	at io.appium.java_client.remote.AppiumCommandExecutor.execute(AppiumCommandExecutor.java:239)
	at org.openqa.selenium.remote.RemoteWebDriver.execute(RemoteWebDriver.java:552)
	at io.appium.java_client.DefaultGenericMobileDriver.execute(DefaultGenericMobileDriver.java:42)
	at io.appium.java_client.AppiumDriver.execute(AppiumDriver.java:1)
	at io.appium.java_client.android.AndroidDriver.execute(AndroidDriver.java:1)
	at com.kms.katalon.core.appium.driver.SwipeableAndroidDriver.execute(SwipeableAndroidDriver.java:1)
	at org.openqa.selenium.remote.RemoteWebDriver.findElement(RemoteWebDriver.java:323)
	at io.appium.java_client.DefaultGenericMobileDriver.findElement(DefaultGenericMobileDriver.java:62)
	at io.appium.java_client.AppiumDriver.findElement(AppiumDriver.java:1)
	at io.appium.java_client.android.AndroidDriver.findElement(AndroidDriver.java:1)
	at com.kms.katalon.core.appium.driver.SwipeableAndroidDriver.findElement(SwipeableAndroidDriver.java:1)
	at org.openqa.selenium.remote.RemoteWebDriver.findElementById(RemoteWebDriver.java:372)
	at io.appium.java_client.DefaultGenericMobileDriver.findElementById(DefaultGenericMobileDriver.java:70)
	at io.appium.java_client.AppiumDriver.findElementById(AppiumDriver.java:1)
	at io.appium.java_client.android.AndroidDriver.findElementById(AndroidDriver.java:1)
	at com.kms.katalon.core.appium.driver.SwipeableAndroidDriver.findElementById(SwipeableAndroidDriver.java:1)
	at org.openqa.selenium.By$ById.findElement(By.java:188)
	at org.openqa.selenium.remote.RemoteWebDriver.findElement(RemoteWebDriver.java:315)
	at io.appium.java_client.DefaultGenericMobileDriver.findElement(DefaultGenericMobileDriver.java:58)
	at io.appium.java_client.AppiumDriver.findElement(AppiumDriver.java:1)
	at io.appium.java_client.android.AndroidDriver.findElement(AndroidDriver.java:1)
	at com.kms.katalon.core.appium.driver.SwipeableAndroidDriver.findElement(SwipeableAndroidDriver.java:1)
	at base.BaseKeyword$Trait$Helper.getText(BaseKeyword.groovy:57)
	at utilities.CalendarUtilities.getText(CalendarUtilities.groovy)
	at utilities.CalendarUtilities.getCurrentYear(CalendarUtilities.groovy:81)
	at utilities.CalendarUtilities.selectYearAndroid(CalendarUtilities.groovy:40)
	at utilities.CalendarUtilities.selectDateAndroid(CalendarUtilities.groovy:34)
	at utilities.CalendarUtilities.selectDate(CalendarUtilities.groovy:21)
	at screens.MisFormScreen.selectFinishDate(MisFormScreen.groovy:38)
	at 030 BAN HANH HO SO LEN MIS.run(030 BAN HANH HO SO LEN MIS:150)
	at com.kms.katalon.core.main.ScriptEngine.run(ScriptEngine.java:194)
	at com.kms.katalon.core.main.ScriptEngine.runScriptAsRawText(ScriptEngine.java:119)
	at com.kms.katalon.core.main.TestCaseExecutor.runScript(TestCaseExecutor.java:448)
	at com.kms.katalon.core.main.TestCaseExecutor.doExecute(TestCaseExecutor.java:439)
	at com.kms.katalon.core.main.TestCaseExecutor.processExecutionPhase(TestCaseExecutor.java:418)
	at com.kms.katalon.core.main.TestCaseExecutor.accessMainPhase(TestCaseExecutor.java:410)
	at com.kms.katalon.core.main.TestCaseExecutor.execute(TestCaseExecutor.java:285)
	at com.kms.katalon.core.main.TestCaseExecutor.execute(TestCaseExecutor.java:369)
	at com.kms.katalon.core.main.TestCaseExecutor.execute(TestCaseExecutor.java:369)
	at com.kms.katalon.core.main.TestCaseExecutor.execute(TestCaseExecutor.java:369)
	at com.kms.katalon.core.common.CommonExecutor.accessTestCaseMainPhase(CommonExecutor.java:65)
	at com.kms.katalon.core.main.TestSuiteExecutor.accessTestSuiteMainPhase(TestSuiteExecutor.java:150)
	at com.kms.katalon.core.main.TestSuiteExecutor.execute(TestSuiteExecutor.java:106)
	at com.kms.katalon.core.main.TestCaseMain.startTestSuite(TestCaseMain.java:180)
	at TempTestSuite1748015363748.run(TempTestSuite1748015363748.groovy:35)
	at java.base/jdk.internal.reflect.NativeMethodAccessorImpl.invoke0(Native Method)
	at java.base/jdk.internal.reflect.NativeMethodAccessorImpl.invoke(NativeMethodAccessorImpl.java:77)
	at java.base/jdk.internal.reflect.DelegatingMethodAccessorImpl.invoke(DelegatingMethodAccessorImpl.java:43)


24-05-2025T00:29:16 - [TEST_STEP][PASSED] - Start listener action : beforeTest: drivers.Driver.openApp is PASSED

24-05-2025T00:29:16 - [TEST_STEP][PASSED] - DataTest.init(): null

24-05-2025T00:29:16 - [TEST_STEP][PASSED] - testCaseId = split("/").last(): null

24-05-2025T00:29:16 - [TEST_STEP][PASSED] - if (!(drivers.Driver.isAppiumRunning())): drivers.Driver.isAppiumRunning is PASSED

24-05-2025T00:29:16 - [MESSAGE][INFO] - Appium running: true

24-05-2025T00:29:16 - [MESSAGE][PASSED] - drivers.Driver.isAppiumRunning is PASSED

24-05-2025T00:29:16 - [TEST_STEP][PASSED] - if (driver == null || driver.getSessionId() == null): null

24-05-2025T00:29:16 - [TEST_STEP][PASSED] - drivers.Driver.openApp(): drivers.Driver.openApp is PASSED

24-05-2025T00:29:19 - [MESSAGE][PASSED] - drivers.Driver.openApp is PASSED

24-05-2025T00:29:19 - [TEST_STEP][PASSED] - REQUEST_NAME = "Trình ký PDF có sẵn": null

24-05-2025T00:29:19 - [TEST_STEP][PASSED] - COMMENT = "Commented by automation team": null

24-05-2025T00:29:19 - [TEST_STEP][PASSED] - auto5 = DataTest.getUserTest5(): null

24-05-2025T00:29:19 - [TEST_STEP][PASSED] - auto6 = DataTest.getUserTest6(): null

24-05-2025T00:29:19 - [TEST_STEP][PASSED] - auto7 = DataTest.getUserTest7(): null

24-05-2025T00:29:19 - [TEST_STEP][PASSED] - auto8 = DataTest.getUserTest8(): null

24-05-2025T00:29:19 - [TEST_STEP][PASSED] - document = DataTest.createDocumentTest(auto5, auto6, null, "dummy.pdf", "dummy.pdf"): null

24-05-2025T00:29:19 - [TEST_STEP][PASSED] - loginScreen.login(auto5): null

24-05-2025T00:29:27 - [TEST_STEP][PASSED] - homeScreen.openRequestList(): null

24-05-2025T00:29:32 - [TEST_STEP][PASSED] - homeScreen.createRequest(REQUEST_NAME): null

24-05-2025T00:29:39 - [TEST_STEP][PASSED] - pdfSignScreen.fillInTitle(document.getTitle()): null

24-05-2025T00:29:42 - [TEST_STEP][PASSED] - pdfSignScreen.selectPriority(document.getPriority()): null

24-05-2025T00:29:44 - [TEST_STEP][PASSED] - pdfSignScreen.selectTime(document.getTime()): null

24-05-2025T00:29:47 - [TEST_STEP][PASSED] - pdfSignScreen.fillInDescription(document.getDescription()): null

24-05-2025T00:29:49 - [TEST_STEP][PASSED] - pdfSignScreen.selectAssigner(getAssigner().getEmail()): null

24-05-2025T00:29:55 - [TEST_STEP][PASSED] - pdfSignScreen.openMainFileBrowser(): null

24-05-2025T00:30:01 - [TEST_STEP][PASSED] - fileBrowserScreen.attachFile(document.getMainFileName()): null

24-05-2025T00:30:10 - [TEST_STEP][PASSED] - pdfSignScreen.openSubFileBrowser(): null

24-05-2025T00:30:11 - [TEST_STEP][PASSED] - fileBrowserScreen.attachFile(document.getSubFileName()): null

24-05-2025T00:30:22 - [TEST_STEP][PASSED] - pdfSignScreen.performAction(SEND_APPROVE): null

24-05-2025T00:30:24 - [TEST_STEP][PASSED] - pdfSignScreen.fillInOpinion(document.getComment()): null

24-05-2025T00:30:25 - [TEST_STEP][PASSED] - pdfSignScreen.submitRequest(): null

24-05-2025T00:30:39 - [TEST_STEP][PASSED] - documentInformationScreen.backToHome(): null

24-05-2025T00:30:39 - [TEST_STEP][PASSED] - homeScreen.logout(): null

24-05-2025T00:30:47 - [TEST_STEP][PASSED] - document.setStatus(WAIT_APPROVE): null

24-05-2025T00:30:47 - [TEST_STEP][PASSED] - document.setAssigner(auto5): null

24-05-2025T00:30:47 - [TEST_STEP][PASSED] - loginScreen.login(auto6): null

24-05-2025T00:30:57 - [TEST_STEP][PASSED] - homeScreen.goToIncomingDocument(): null

24-05-2025T00:30:57 - [TEST_STEP][PASSED] - inComingDocument.viewMainFile(document): View main file document: Trình ký 1748021359141

24-05-2025T00:30:57 - [MESSAGE][INFO] - View main file document: Trình ký 1748021359141

24-05-2025T00:31:01 - [TEST_STEP][PASSED] - document.setSender(auto6): null

24-05-2025T00:31:01 - [TEST_STEP][PASSED] - documentInformationScreen.performAction(document, APPROVE, COMMENT): null

24-05-2025T00:31:11 - [TEST_STEP][PASSED] - documentInformationScreen.backToHome(): null

24-05-2025T00:31:11 - [TEST_STEP][PASSED] - inComingDocument.checkItemInDocument(): null

24-05-2025T00:31:11 - [TEST_STEP][PASSED] - homeScreen.goToOutComingDocument(): null

24-05-2025T00:31:21 - [TEST_STEP][PASSED] - outComingDocument.viewInformationDocument(document): null

24-05-2025T00:31:23 - [TEST_STEP][PASSED] - documentInformationScreen.checkDocumentTitle(document): Verify equals GUI: Trình ký 1748021359141 - DATA: Trình ký 1748021359141

24-05-2025T00:31:28 - [MESSAGE][PASSED] - Verify equals GUI: Trình ký 1748021359141 - DATA: Trình ký 1748021359141

24-05-2025T00:31:28 - [TEST_STEP][PASSED] - documentInformationScreen.checkSender(document): Verify equals GUI: Auto Test User 2 - DATA: Auto Test User 2

24-05-2025T00:31:28 - [MESSAGE][PASSED] - Verify equals GUI: Auto Test User 2 - DATA: Auto Test User 2

24-05-2025T00:31:28 - [TEST_STEP][PASSED] - documentInformationScreen.checkStatus(document): Verify equals GUI: Đã duyệt - DATA: Đã duyệt

24-05-2025T00:31:28 - [MESSAGE][PASSED] - Verify equals GUI: Đã duyệt - DATA: Đã duyệt

24-05-2025T00:31:28 - [TEST_STEP][PASSED] - documentInformationScreen.checkCreateDate(): Verify equals GUI: 24/05/2025 - DATA: 24/05/2025

24-05-2025T00:31:28 - [MESSAGE][PASSED] - Verify equals GUI: 24/05/2025 - DATA: 24/05/2025

24-05-2025T00:31:28 - [TEST_STEP][PASSED] - documentInformationScreen.checkFinishDate(document): Verify equals GUI: 25/05/2025 - DATA: 25/05/2025

24-05-2025T00:31:28 - [MESSAGE][PASSED] - Verify equals GUI: 25/05/2025 - DATA: 25/05/2025

24-05-2025T00:31:28 - [TEST_STEP][PASSED] - documentInformationScreen.checkPriority(document): Verify equals GUI: Cao - DATA: Cao

24-05-2025T00:31:29 - [MESSAGE][PASSED] - Verify equals GUI: Cao - DATA: Cao

24-05-2025T00:31:29 - [TEST_STEP][PASSED] - documentInformationScreen.checkDescription(document): Verify equals GUI: 030 BAN HANH HO SO LEN MIS - DATA: 030 BAN HANH HO SO LEN MIS

24-05-2025T00:31:29 - [MESSAGE][PASSED] - Verify equals GUI: 030 BAN HANH HO SO LEN MIS - DATA: 030 BAN HANH HO SO LEN MIS

24-05-2025T00:31:29 - [TEST_STEP][PASSED] - documentInformationScreen.checkAssigner(document): Verify contains GUI: auto1@hdbank.com.vn - DATA: auto1@hdbank.com.vn

24-05-2025T00:31:30 - [MESSAGE][PASSED] - Verify contains GUI: auto1@hdbank.com.vn - DATA: auto1@hdbank.com.vn

24-05-2025T00:31:30 - [TEST_STEP][PASSED] - documentInformationScreen.checkPresentFileName(document): Verify contains GUI: dummy_20250524003011.ozd - DATA: dummy

24-05-2025T00:31:31 - [MESSAGE][PASSED] - Verify contains GUI: dummy_20250524003011.ozd - DATA: dummy

24-05-2025T00:31:31 - [TEST_STEP][PASSED] - documentInformationScreen.checkAttachFileName(document): Expected true condition

24-05-2025T00:31:33 - [MESSAGE][PASSED] - Expected true condition

24-05-2025T00:31:33 - [TEST_STEP][PASSED] - documentInformationScreen.checkComment(auto6, COMMENT): Check comment of Auto Test User 2 is Commented by automation team

24-05-2025T00:31:34 - [MESSAGE][INFO] - GUI COMMENT: Commented by automation team - DATA COMMENT: Commented by automation team

24-05-2025T00:31:34 - [MESSAGE][PASSED] - Check comment of Auto Test User 2 is Commented by automation team

24-05-2025T00:31:34 - [TEST_STEP][PASSED] - documentInformationScreen.backToHome(): null

24-05-2025T00:31:39 - [TEST_STEP][PASSED] - inComingDocument.checkItemInDocument(): null

24-05-2025T00:31:39 - [TEST_STEP][PASSED] - documentInformationScreen.backToHome(): null

24-05-2025T00:31:39 - [TEST_STEP][PASSED] - homeScreen.logout(): null

24-05-2025T00:31:47 - [TEST_STEP][PASSED] - loginScreen.login(auto5): null

24-05-2025T00:31:56 - [TEST_STEP][PASSED] - homeScreen.goToOutComingDocument(): null

24-05-2025T00:32:07 - [TEST_STEP][PASSED] - outComingDocument.viewInformationDocument(document): null

24-05-2025T00:32:08 - [TEST_STEP][PASSED] - documentInformationScreen.performAction(document, COMPLETE): null

24-05-2025T00:32:20 - [TEST_STEP][PASSED] - outComingDocument.loadDataResult(): null

24-05-2025T00:32:26 - [TEST_STEP][PASSED] - outComingDocument.viewInformationDocument(document): null

24-05-2025T00:32:27 - [TEST_STEP][PASSED] - documentInformationScreen.checkDocumentTitle(document): Verify equals GUI: Trình ký 1748021359141 - DATA: Trình ký 1748021359141

24-05-2025T00:32:31 - [MESSAGE][PASSED] - Verify equals GUI: Trình ký 1748021359141 - DATA: Trình ký 1748021359141

24-05-2025T00:32:31 - [TEST_STEP][PASSED] - documentInformationScreen.checkSender(document): Verify equals GUI: Auto Test User 2 - DATA: Auto Test User 2

24-05-2025T00:32:31 - [MESSAGE][PASSED] - Verify equals GUI: Auto Test User 2 - DATA: Auto Test User 2

24-05-2025T00:32:31 - [TEST_STEP][PASSED] - documentInformationScreen.checkStatus(document): Verify equals GUI: Đã hoàn thành - DATA: Đã hoàn thành

24-05-2025T00:32:31 - [MESSAGE][PASSED] - Verify equals GUI: Đã hoàn thành - DATA: Đã hoàn thành

24-05-2025T00:32:31 - [TEST_STEP][PASSED] - documentInformationScreen.checkCreateDate(): Verify equals GUI: 24/05/2025 - DATA: 24/05/2025

24-05-2025T00:32:31 - [MESSAGE][PASSED] - Verify equals GUI: 24/05/2025 - DATA: 24/05/2025

24-05-2025T00:32:31 - [TEST_STEP][PASSED] - documentInformationScreen.checkFinishDate(document): Verify equals GUI: 25/05/2025 - DATA: 25/05/2025

24-05-2025T00:32:31 - [MESSAGE][PASSED] - Verify equals GUI: 25/05/2025 - DATA: 25/05/2025

24-05-2025T00:32:31 - [TEST_STEP][PASSED] - documentInformationScreen.checkPriority(document): Verify equals GUI: Cao - DATA: Cao

24-05-2025T00:32:31 - [MESSAGE][PASSED] - Verify equals GUI: Cao - DATA: Cao

24-05-2025T00:32:31 - [TEST_STEP][PASSED] - documentInformationScreen.checkDescription(document): Verify equals GUI: 030 BAN HANH HO SO LEN MIS - DATA: 030 BAN HANH HO SO LEN MIS

24-05-2025T00:32:31 - [MESSAGE][PASSED] - Verify equals GUI: 030 BAN HANH HO SO LEN MIS - DATA: 030 BAN HANH HO SO LEN MIS

24-05-2025T00:32:31 - [TEST_STEP][PASSED] - documentInformationScreen.isAssignerDisplayed(): Check sender not displayed

24-05-2025T00:32:34 - [MESSAGE][PASSED] - Check sender not displayed

24-05-2025T00:32:34 - [TEST_STEP][PASSED] - documentInformationScreen.checkPresentFileName(document): Verify contains GUI: dummy_20250524003011.ozd - DATA: dummy

24-05-2025T00:32:40 - [MESSAGE][PASSED] - Verify contains GUI: dummy_20250524003011.ozd - DATA: dummy

24-05-2025T00:32:40 - [TEST_STEP][PASSED] - documentInformationScreen.checkAttachFileName(document): Expected true condition

24-05-2025T00:32:42 - [MESSAGE][PASSED] - Expected true condition

24-05-2025T00:32:42 - [TEST_STEP][PASSED] - documentInformationScreen.checkComment(auto6, COMMENT): Check comment of Auto Test User 2 is Commented by automation team

24-05-2025T00:32:43 - [MESSAGE][INFO] - GUI COMMENT: Commented by automation team - DATA COMMENT: Commented by automation team

24-05-2025T00:32:43 - [MESSAGE][PASSED] - Check comment of Auto Test User 2 is Commented by automation team

24-05-2025T00:32:43 - [TEST_STEP][PASSED] - documentInformationScreen.performAction(document, ISSUE_MIS): null

24-05-2025T00:32:45 - [TEST_STEP][PASSED] - misFormScreen.fillDocumentName("Automation Test"): null

24-05-2025T00:32:46 - [TEST_STEP][ERROR] - misFormScreen.selectFinishDate(): Test Cases/IPAPER APP/030 BAN HANH HO SO LEN MIS FAILED.
Reason:
org.openqa.selenium.NoSuchElementException: An element could not be located on the page using the given search parameters.
For documentation on this error, please visit: https://www.seleniumhq.org/exceptions/no_such_element.html
Build info: version: '3.141.59', revision: 'unknown', time: 'unknown'
System info: host: '192.168.30.108', ip: 'fe80:0:0:0:857:c3df:d699:1dc0%en0', os.name: 'Mac OS X', os.arch: 'aarch64', os.version: '15.5', java.version: '17.0.7'
Driver info: com.kms.katalon.core.appium.driver.SwipeableAndroidDriver
Capabilities {automationName: UiAutomator2, databaseEnabled: false, desired: {automationName: UiAutomator2, deviceName: af0c5cf7, noReset: true, platformName: android, waitForIdleTimeout: 3000}, deviceApiLevel: 35, deviceManufacturer: OPPO, deviceModel: CPH2699, deviceName: af0c5cf7, deviceScreenDensity: 480, deviceScreenSize: 1080x2400, deviceUDID: af0c5cf7, javascriptEnabled: true, locationContextEnabled: false, networkConnectionEnabled: true, noReset: true, pixelRatio: 3, platform: LINUX, platformName: Android, platformVersion: 15, statBarHeight: 120, takesScreenshot: true, viewportRect: {height: 2280, left: 0, top: 120, width: 1080}, waitForIdleTimeout: 3000, warnings: {}, webStorageEnabled: false}
Session ID: 62e5b862-d2c0-4dcf-ad05-c0bce164dcf0
*** Element info: {Using=id, value=android:id/date_picker_header_year}
	at java.base/jdk.internal.reflect.NativeConstructorAccessorImpl.newInstance0(Native Method)
	at java.base/jdk.internal.reflect.NativeConstructorAccessorImpl.newInstance(NativeConstructorAccessorImpl.java:77)
	at java.base/jdk.internal.reflect.DelegatingConstructorAccessorImpl.newInstance(DelegatingConstructorAccessorImpl.java:45)
	at org.openqa.selenium.remote.http.W3CHttpResponseCodec.createException(W3CHttpResponseCodec.java:187)
	at org.openqa.selenium.remote.http.W3CHttpResponseCodec.decode(W3CHttpResponseCodec.java:122)
	at org.openqa.selenium.remote.http.W3CHttpResponseCodec.decode(W3CHttpResponseCodec.java:49)
	at org.openqa.selenium.remote.HttpCommandExecutor.execute(HttpCommandExecutor.java:158)
	at io.appium.java_client.remote.AppiumCommandExecutor.execute(AppiumCommandExecutor.java:239)
	at org.openqa.selenium.remote.RemoteWebDriver.execute(RemoteWebDriver.java:552)
	at io.appium.java_client.DefaultGenericMobileDriver.execute(DefaultGenericMobileDriver.java:42)
	at io.appium.java_client.AppiumDriver.execute(AppiumDriver.java:1)
	at io.appium.java_client.android.AndroidDriver.execute(AndroidDriver.java:1)
	at com.kms.katalon.core.appium.driver.SwipeableAndroidDriver.execute(SwipeableAndroidDriver.java:1)
	at org.openqa.selenium.remote.RemoteWebDriver.findElement(RemoteWebDriver.java:323)
	at io.appium.java_client.DefaultGenericMobileDriver.findElement(DefaultGenericMobileDriver.java:62)
	at io.appium.java_client.AppiumDriver.findElement(AppiumDriver.java:1)
	at io.appium.java_client.android.AndroidDriver.findElement(AndroidDriver.java:1)
	at com.kms.katalon.core.appium.driver.SwipeableAndroidDriver.findElement(SwipeableAndroidDriver.java:1)
	at org.openqa.selenium.remote.RemoteWebDriver.findElementById(RemoteWebDriver.java:372)
	at io.appium.java_client.DefaultGenericMobileDriver.findElementById(DefaultGenericMobileDriver.java:70)
	at io.appium.java_client.AppiumDriver.findElementById(AppiumDriver.java:1)
	at io.appium.java_client.android.AndroidDriver.findElementById(AndroidDriver.java:1)
	at com.kms.katalon.core.appium.driver.SwipeableAndroidDriver.findElementById(SwipeableAndroidDriver.java:1)
	at org.openqa.selenium.By$ById.findElement(By.java:188)
	at org.openqa.selenium.remote.RemoteWebDriver.findElement(RemoteWebDriver.java:315)
	at io.appium.java_client.DefaultGenericMobileDriver.findElement(DefaultGenericMobileDriver.java:58)
	at io.appium.java_client.AppiumDriver.findElement(AppiumDriver.java:1)
	at io.appium.java_client.android.AndroidDriver.findElement(AndroidDriver.java:1)
	at com.kms.katalon.core.appium.driver.SwipeableAndroidDriver.findElement(SwipeableAndroidDriver.java:1)
	at base.BaseKeyword$Trait$Helper.getText(BaseKeyword.groovy:57)
	at utilities.CalendarUtilities.getText(CalendarUtilities.groovy)
	at utilities.CalendarUtilities.getCurrentYear(CalendarUtilities.groovy:81)
	at utilities.CalendarUtilities.selectYearAndroid(CalendarUtilities.groovy:40)
	at utilities.CalendarUtilities.selectDateAndroid(CalendarUtilities.groovy:34)
	at utilities.CalendarUtilities.selectDate(CalendarUtilities.groovy:21)
	at screens.MisFormScreen.selectFinishDate(MisFormScreen.groovy:38)
	at 030 BAN HANH HO SO LEN MIS.run(030 BAN HANH HO SO LEN MIS:150)
	at com.kms.katalon.core.main.ScriptEngine.run(ScriptEngine.java:194)
	at com.kms.katalon.core.main.ScriptEngine.runScriptAsRawText(ScriptEngine.java:119)
	at com.kms.katalon.core.main.TestCaseExecutor.runScript(TestCaseExecutor.java:448)
	at com.kms.katalon.core.main.TestCaseExecutor.doExecute(TestCaseExecutor.java:439)
	at com.kms.katalon.core.main.TestCaseExecutor.processExecutionPhase(TestCaseExecutor.java:418)
	at com.kms.katalon.core.main.TestCaseExecutor.accessMainPhase(TestCaseExecutor.java:410)
	at com.kms.katalon.core.main.TestCaseExecutor.execute(TestCaseExecutor.java:285)
	at com.kms.katalon.core.main.TestCaseExecutor.execute(TestCaseExecutor.java:369)
	at com.kms.katalon.core.main.TestCaseExecutor.execute(TestCaseExecutor.java:369)
	at com.kms.katalon.core.main.TestCaseExecutor.execute(TestCaseExecutor.java:369)
	at com.kms.katalon.core.common.CommonExecutor.accessTestCaseMainPhase(CommonExecutor.java:65)
	at com.kms.katalon.core.main.TestSuiteExecutor.accessTestSuiteMainPhase(TestSuiteExecutor.java:150)
	at com.kms.katalon.core.main.TestSuiteExecutor.execute(TestSuiteExecutor.java:106)
	at com.kms.katalon.core.main.TestCaseMain.startTestSuite(TestCaseMain.java:180)
	at TempTestSuite1748015363748.run(TempTestSuite1748015363748.groovy:35)
	at java.base/jdk.internal.reflect.NativeMethodAccessorImpl.invoke0(Native Method)
	at java.base/jdk.internal.reflect.NativeMethodAccessorImpl.invoke(NativeMethodAccessorImpl.java:77)
	at java.base/jdk.internal.reflect.DelegatingMethodAccessorImpl.invoke(DelegatingMethodAccessorImpl.java:43)


24-05-2025T00:32:52 - [MESSAGE][ERROR] - Test Cases/IPAPER APP/030 BAN HANH HO SO LEN MIS FAILED.
Reason:
org.openqa.selenium.NoSuchElementException: An element could not be located on the page using the given search parameters.
For documentation on this error, please visit: https://www.seleniumhq.org/exceptions/no_such_element.html
Build info: version: '3.141.59', revision: 'unknown', time: 'unknown'
System info: host: '192.168.30.108', ip: 'fe80:0:0:0:857:c3df:d699:1dc0%en0', os.name: 'Mac OS X', os.arch: 'aarch64', os.version: '15.5', java.version: '17.0.7'
Driver info: com.kms.katalon.core.appium.driver.SwipeableAndroidDriver
Capabilities {automationName: UiAutomator2, databaseEnabled: false, desired: {automationName: UiAutomator2, deviceName: af0c5cf7, noReset: true, platformName: android, waitForIdleTimeout: 3000}, deviceApiLevel: 35, deviceManufacturer: OPPO, deviceModel: CPH2699, deviceName: af0c5cf7, deviceScreenDensity: 480, deviceScreenSize: 1080x2400, deviceUDID: af0c5cf7, javascriptEnabled: true, locationContextEnabled: false, networkConnectionEnabled: true, noReset: true, pixelRatio: 3, platform: LINUX, platformName: Android, platformVersion: 15, statBarHeight: 120, takesScreenshot: true, viewportRect: {height: 2280, left: 0, top: 120, width: 1080}, waitForIdleTimeout: 3000, warnings: {}, webStorageEnabled: false}
Session ID: 62e5b862-d2c0-4dcf-ad05-c0bce164dcf0
*** Element info: {Using=id, value=android:id/date_picker_header_year}
	at java.base/jdk.internal.reflect.NativeConstructorAccessorImpl.newInstance0(Native Method)
	at java.base/jdk.internal.reflect.NativeConstructorAccessorImpl.newInstance(NativeConstructorAccessorImpl.java:77)
	at java.base/jdk.internal.reflect.DelegatingConstructorAccessorImpl.newInstance(DelegatingConstructorAccessorImpl.java:45)
	at org.openqa.selenium.remote.http.W3CHttpResponseCodec.createException(W3CHttpResponseCodec.java:187)
	at org.openqa.selenium.remote.http.W3CHttpResponseCodec.decode(W3CHttpResponseCodec.java:122)
	at org.openqa.selenium.remote.http.W3CHttpResponseCodec.decode(W3CHttpResponseCodec.java:49)
	at org.openqa.selenium.remote.HttpCommandExecutor.execute(HttpCommandExecutor.java:158)
	at io.appium.java_client.remote.AppiumCommandExecutor.execute(AppiumCommandExecutor.java:239)
	at org.openqa.selenium.remote.RemoteWebDriver.execute(RemoteWebDriver.java:552)
	at io.appium.java_client.DefaultGenericMobileDriver.execute(DefaultGenericMobileDriver.java:42)
	at io.appium.java_client.AppiumDriver.execute(AppiumDriver.java:1)
	at io.appium.java_client.android.AndroidDriver.execute(AndroidDriver.java:1)
	at com.kms.katalon.core.appium.driver.SwipeableAndroidDriver.execute(SwipeableAndroidDriver.java:1)
	at org.openqa.selenium.remote.RemoteWebDriver.findElement(RemoteWebDriver.java:323)
	at io.appium.java_client.DefaultGenericMobileDriver.findElement(DefaultGenericMobileDriver.java:62)
	at io.appium.java_client.AppiumDriver.findElement(AppiumDriver.java:1)
	at io.appium.java_client.android.AndroidDriver.findElement(AndroidDriver.java:1)
	at com.kms.katalon.core.appium.driver.SwipeableAndroidDriver.findElement(SwipeableAndroidDriver.java:1)
	at org.openqa.selenium.remote.RemoteWebDriver.findElementById(RemoteWebDriver.java:372)
	at io.appium.java_client.DefaultGenericMobileDriver.findElementById(DefaultGenericMobileDriver.java:70)
	at io.appium.java_client.AppiumDriver.findElementById(AppiumDriver.java:1)
	at io.appium.java_client.android.AndroidDriver.findElementById(AndroidDriver.java:1)
	at com.kms.katalon.core.appium.driver.SwipeableAndroidDriver.findElementById(SwipeableAndroidDriver.java:1)
	at org.openqa.selenium.By$ById.findElement(By.java:188)
	at org.openqa.selenium.remote.RemoteWebDriver.findElement(RemoteWebDriver.java:315)
	at io.appium.java_client.DefaultGenericMobileDriver.findElement(DefaultGenericMobileDriver.java:58)
	at io.appium.java_client.AppiumDriver.findElement(AppiumDriver.java:1)
	at io.appium.java_client.android.AndroidDriver.findElement(AndroidDriver.java:1)
	at com.kms.katalon.core.appium.driver.SwipeableAndroidDriver.findElement(SwipeableAndroidDriver.java:1)
	at base.BaseKeyword$Trait$Helper.getText(BaseKeyword.groovy:57)
	at utilities.CalendarUtilities.getText(CalendarUtilities.groovy)
	at utilities.CalendarUtilities.getCurrentYear(CalendarUtilities.groovy:81)
	at utilities.CalendarUtilities.selectYearAndroid(CalendarUtilities.groovy:40)
	at utilities.CalendarUtilities.selectDateAndroid(CalendarUtilities.groovy:34)
	at utilities.CalendarUtilities.selectDate(CalendarUtilities.groovy:21)
	at screens.MisFormScreen.selectFinishDate(MisFormScreen.groovy:38)
	at 030 BAN HANH HO SO LEN MIS.run(030 BAN HANH HO SO LEN MIS:150)
	at com.kms.katalon.core.main.ScriptEngine.run(ScriptEngine.java:194)
	at com.kms.katalon.core.main.ScriptEngine.runScriptAsRawText(ScriptEngine.java:119)
	at com.kms.katalon.core.main.TestCaseExecutor.runScript(TestCaseExecutor.java:448)
	at com.kms.katalon.core.main.TestCaseExecutor.doExecute(TestCaseExecutor.java:439)
	at com.kms.katalon.core.main.TestCaseExecutor.processExecutionPhase(TestCaseExecutor.java:418)
	at com.kms.katalon.core.main.TestCaseExecutor.accessMainPhase(TestCaseExecutor.java:410)
	at com.kms.katalon.core.main.TestCaseExecutor.execute(TestCaseExecutor.java:285)
	at com.kms.katalon.core.main.TestCaseExecutor.execute(TestCaseExecutor.java:369)
	at com.kms.katalon.core.main.TestCaseExecutor.execute(TestCaseExecutor.java:369)
	at com.kms.katalon.core.main.TestCaseExecutor.execute(TestCaseExecutor.java:369)
	at com.kms.katalon.core.common.CommonExecutor.accessTestCaseMainPhase(CommonExecutor.java:65)
	at com.kms.katalon.core.main.TestSuiteExecutor.accessTestSuiteMainPhase(TestSuiteExecutor.java:150)
	at com.kms.katalon.core.main.TestSuiteExecutor.execute(TestSuiteExecutor.java:106)
	at com.kms.katalon.core.main.TestCaseMain.startTestSuite(TestCaseMain.java:180)
	at TempTestSuite1748015363748.run(TempTestSuite1748015363748.groovy:35)
	at java.base/jdk.internal.reflect.NativeMethodAccessorImpl.invoke0(Native Method)
	at java.base/jdk.internal.reflect.NativeMethodAccessorImpl.invoke(NativeMethodAccessorImpl.java:77)
	at java.base/jdk.internal.reflect.DelegatingMethodAccessorImpl.invoke(DelegatingMethodAccessorImpl.java:43)


24-05-2025T00:32:52 - [TEST_STEP][PASSED] - Start listener action : afterTest: null

24-05-2025T00:32:52 - [TEST_STEP][PASSED] - if (testCaseStatus != "PASSED"): Screenshot is taken

24-05-2025T00:32:52 - [TEST_STEP][PASSED] - takeScreenshot(ErrorScreen/$GlobalVariable.PLATFORM/$testCaseContext.getTestCaseId().png): Screenshot is taken

24-05-2025T00:32:54 - [MESSAGE][PASSED] - Screenshot is taken
[[ATTACHMENT|ErrorScreen/Android/Test Cases/IPAPER APP/030 BAN HANH HO SO LEN MIS.png]]

24-05-2025T00:32:54 - [TEST_STEP][PASSED] - drivers.Driver.closeApp(): drivers.Driver.closeApp is PASSED

24-05-2025T00:32:55 - [MESSAGE][PASSED] - drivers.Driver.closeApp is PASSED

24-05-2025T00:32:55 - [TEST_STEP][PASSED] - if (tsContext == null): null]]></system-out>
         <system-err><![CDATA[24-05-2025T00:29:16 - [TEST_CASE][ERROR] - Test Cases/IPAPER APP/030 BAN HANH HO SO LEN MIS: Test Cases/IPAPER APP/030 BAN HANH HO SO LEN MIS FAILED.
Reason:
org.openqa.selenium.NoSuchElementException: An element could not be located on the page using the given search parameters.
For documentation on this error, please visit: https://www.seleniumhq.org/exceptions/no_such_element.html
Build info: version: '3.141.59', revision: 'unknown', time: 'unknown'
System info: host: '192.168.30.108', ip: 'fe80:0:0:0:857:c3df:d699:1dc0%en0', os.name: 'Mac OS X', os.arch: 'aarch64', os.version: '15.5', java.version: '17.0.7'
Driver info: com.kms.katalon.core.appium.driver.SwipeableAndroidDriver
Capabilities {automationName: UiAutomator2, databaseEnabled: false, desired: {automationName: UiAutomator2, deviceName: af0c5cf7, noReset: true, platformName: android, waitForIdleTimeout: 3000}, deviceApiLevel: 35, deviceManufacturer: OPPO, deviceModel: CPH2699, deviceName: af0c5cf7, deviceScreenDensity: 480, deviceScreenSize: 1080x2400, deviceUDID: af0c5cf7, javascriptEnabled: true, locationContextEnabled: false, networkConnectionEnabled: true, noReset: true, pixelRatio: 3, platform: LINUX, platformName: Android, platformVersion: 15, statBarHeight: 120, takesScreenshot: true, viewportRect: {height: 2280, left: 0, top: 120, width: 1080}, waitForIdleTimeout: 3000, warnings: {}, webStorageEnabled: false}
Session ID: 62e5b862-d2c0-4dcf-ad05-c0bce164dcf0
*** Element info: {Using=id, value=android:id/date_picker_header_year}
	at java.base/jdk.internal.reflect.NativeConstructorAccessorImpl.newInstance0(Native Method)
	at java.base/jdk.internal.reflect.NativeConstructorAccessorImpl.newInstance(NativeConstructorAccessorImpl.java:77)
	at java.base/jdk.internal.reflect.DelegatingConstructorAccessorImpl.newInstance(DelegatingConstructorAccessorImpl.java:45)
	at org.openqa.selenium.remote.http.W3CHttpResponseCodec.createException(W3CHttpResponseCodec.java:187)
	at org.openqa.selenium.remote.http.W3CHttpResponseCodec.decode(W3CHttpResponseCodec.java:122)
	at org.openqa.selenium.remote.http.W3CHttpResponseCodec.decode(W3CHttpResponseCodec.java:49)
	at org.openqa.selenium.remote.HttpCommandExecutor.execute(HttpCommandExecutor.java:158)
	at io.appium.java_client.remote.AppiumCommandExecutor.execute(AppiumCommandExecutor.java:239)
	at org.openqa.selenium.remote.RemoteWebDriver.execute(RemoteWebDriver.java:552)
	at io.appium.java_client.DefaultGenericMobileDriver.execute(DefaultGenericMobileDriver.java:42)
	at io.appium.java_client.AppiumDriver.execute(AppiumDriver.java:1)
	at io.appium.java_client.android.AndroidDriver.execute(AndroidDriver.java:1)
	at com.kms.katalon.core.appium.driver.SwipeableAndroidDriver.execute(SwipeableAndroidDriver.java:1)
	at org.openqa.selenium.remote.RemoteWebDriver.findElement(RemoteWebDriver.java:323)
	at io.appium.java_client.DefaultGenericMobileDriver.findElement(DefaultGenericMobileDriver.java:62)
	at io.appium.java_client.AppiumDriver.findElement(AppiumDriver.java:1)
	at io.appium.java_client.android.AndroidDriver.findElement(AndroidDriver.java:1)
	at com.kms.katalon.core.appium.driver.SwipeableAndroidDriver.findElement(SwipeableAndroidDriver.java:1)
	at org.openqa.selenium.remote.RemoteWebDriver.findElementById(RemoteWebDriver.java:372)
	at io.appium.java_client.DefaultGenericMobileDriver.findElementById(DefaultGenericMobileDriver.java:70)
	at io.appium.java_client.AppiumDriver.findElementById(AppiumDriver.java:1)
	at io.appium.java_client.android.AndroidDriver.findElementById(AndroidDriver.java:1)
	at com.kms.katalon.core.appium.driver.SwipeableAndroidDriver.findElementById(SwipeableAndroidDriver.java:1)
	at org.openqa.selenium.By$ById.findElement(By.java:188)
	at org.openqa.selenium.remote.RemoteWebDriver.findElement(RemoteWebDriver.java:315)
	at io.appium.java_client.DefaultGenericMobileDriver.findElement(DefaultGenericMobileDriver.java:58)
	at io.appium.java_client.AppiumDriver.findElement(AppiumDriver.java:1)
	at io.appium.java_client.android.AndroidDriver.findElement(AndroidDriver.java:1)
	at com.kms.katalon.core.appium.driver.SwipeableAndroidDriver.findElement(SwipeableAndroidDriver.java:1)
	at base.BaseKeyword$Trait$Helper.getText(BaseKeyword.groovy:57)
	at utilities.CalendarUtilities.getText(CalendarUtilities.groovy)
	at utilities.CalendarUtilities.getCurrentYear(CalendarUtilities.groovy:81)
	at utilities.CalendarUtilities.selectYearAndroid(CalendarUtilities.groovy:40)
	at utilities.CalendarUtilities.selectDateAndroid(CalendarUtilities.groovy:34)
	at utilities.CalendarUtilities.selectDate(CalendarUtilities.groovy:21)
	at screens.MisFormScreen.selectFinishDate(MisFormScreen.groovy:38)
	at 030 BAN HANH HO SO LEN MIS.run(030 BAN HANH HO SO LEN MIS:150)
	at com.kms.katalon.core.main.ScriptEngine.run(ScriptEngine.java:194)
	at com.kms.katalon.core.main.ScriptEngine.runScriptAsRawText(ScriptEngine.java:119)
	at com.kms.katalon.core.main.TestCaseExecutor.runScript(TestCaseExecutor.java:448)
	at com.kms.katalon.core.main.TestCaseExecutor.doExecute(TestCaseExecutor.java:439)
	at com.kms.katalon.core.main.TestCaseExecutor.processExecutionPhase(TestCaseExecutor.java:418)
	at com.kms.katalon.core.main.TestCaseExecutor.accessMainPhase(TestCaseExecutor.java:410)
	at com.kms.katalon.core.main.TestCaseExecutor.execute(TestCaseExecutor.java:285)
	at com.kms.katalon.core.main.TestCaseExecutor.execute(TestCaseExecutor.java:369)
	at com.kms.katalon.core.main.TestCaseExecutor.execute(TestCaseExecutor.java:369)
	at com.kms.katalon.core.main.TestCaseExecutor.execute(TestCaseExecutor.java:369)
	at com.kms.katalon.core.common.CommonExecutor.accessTestCaseMainPhase(CommonExecutor.java:65)
	at com.kms.katalon.core.main.TestSuiteExecutor.accessTestSuiteMainPhase(TestSuiteExecutor.java:150)
	at com.kms.katalon.core.main.TestSuiteExecutor.execute(TestSuiteExecutor.java:106)
	at com.kms.katalon.core.main.TestCaseMain.startTestSuite(TestCaseMain.java:180)
	at TempTestSuite1748015363748.run(TempTestSuite1748015363748.groovy:35)
	at java.base/jdk.internal.reflect.NativeMethodAccessorImpl.invoke0(Native Method)
	at java.base/jdk.internal.reflect.NativeMethodAccessorImpl.invoke(NativeMethodAccessorImpl.java:77)
	at java.base/jdk.internal.reflect.DelegatingMethodAccessorImpl.invoke(DelegatingMethodAccessorImpl.java:43)]]></system-err>
      </testcase>
      <testcase name="Test Cases/IPAPER APP/031 HOAN TAT HO SO" time="199.373" classname="Test Cases/IPAPER APP/031 HOAN TAT HO SO" status="PASSED">
         <system-out><![CDATA[24-05-2025T00:32:55 - [TEST_CASE][PASSED] - Test Cases/IPAPER APP/031 HOAN TAT HO SO: Test Cases/IPAPER APP/031 HOAN TAT HO SO

24-05-2025T00:32:55 - [TEST_STEP][PASSED] - Start listener action : beforeTest: drivers.Driver.openApp is PASSED

24-05-2025T00:32:55 - [TEST_STEP][PASSED] - DataTest.init(): null

24-05-2025T00:32:55 - [TEST_STEP][PASSED] - testCaseId = split("/").last(): null

24-05-2025T00:32:55 - [TEST_STEP][PASSED] - if (!(drivers.Driver.isAppiumRunning())): drivers.Driver.isAppiumRunning is PASSED

24-05-2025T00:32:55 - [MESSAGE][INFO] - Appium running: true

24-05-2025T00:32:55 - [MESSAGE][PASSED] - drivers.Driver.isAppiumRunning is PASSED

24-05-2025T00:32:55 - [TEST_STEP][PASSED] - if (driver == null || driver.getSessionId() == null): null

24-05-2025T00:32:55 - [TEST_STEP][PASSED] - drivers.Driver.openApp(): drivers.Driver.openApp is PASSED

24-05-2025T00:32:57 - [MESSAGE][PASSED] - drivers.Driver.openApp is PASSED

24-05-2025T00:32:58 - [TEST_STEP][PASSED] - REQUEST_NAME = "Trình ký PDF có sẵn": null

24-05-2025T00:32:58 - [TEST_STEP][PASSED] - COMMENT = "Commented by automation team": null

24-05-2025T00:32:58 - [TEST_STEP][PASSED] - auto5 = DataTest.getUserTest5(): null

24-05-2025T00:32:58 - [TEST_STEP][PASSED] - auto6 = DataTest.getUserTest6(): null

24-05-2025T00:32:58 - [TEST_STEP][PASSED] - auto7 = DataTest.getUserTest7(): null

24-05-2025T00:32:58 - [TEST_STEP][PASSED] - auto8 = DataTest.getUserTest8(): null

24-05-2025T00:32:58 - [TEST_STEP][PASSED] - document = DataTest.createDocumentTest(auto5, auto6, null, "dummy.pdf", "dummy.pdf"): null

24-05-2025T00:32:58 - [TEST_STEP][PASSED] - loginScreen.login(auto5): null

24-05-2025T00:33:06 - [TEST_STEP][PASSED] - homeScreen.openRequestList(): null

24-05-2025T00:33:12 - [TEST_STEP][PASSED] - homeScreen.createRequest(REQUEST_NAME): null

24-05-2025T00:33:18 - [TEST_STEP][PASSED] - pdfSignScreen.fillInTitle(document.getTitle()): null

24-05-2025T00:33:21 - [TEST_STEP][PASSED] - pdfSignScreen.selectPriority(document.getPriority()): null

24-05-2025T00:33:24 - [TEST_STEP][PASSED] - pdfSignScreen.selectTime(document.getTime()): null

24-05-2025T00:33:26 - [TEST_STEP][PASSED] - pdfSignScreen.fillInDescription(document.getDescription()): null

24-05-2025T00:33:28 - [TEST_STEP][PASSED] - pdfSignScreen.selectAssigner(getAssigner().getEmail()): null

24-05-2025T00:33:34 - [TEST_STEP][PASSED] - pdfSignScreen.openMainFileBrowser(): null

24-05-2025T00:33:39 - [TEST_STEP][PASSED] - fileBrowserScreen.attachFile(document.getMainFileName()): null

24-05-2025T00:33:48 - [TEST_STEP][PASSED] - pdfSignScreen.openSubFileBrowser(): null

24-05-2025T00:33:49 - [TEST_STEP][PASSED] - fileBrowserScreen.attachFile(document.getSubFileName()): null

24-05-2025T00:33:58 - [TEST_STEP][PASSED] - pdfSignScreen.performAction(SEND_APPROVE): null

24-05-2025T00:34:02 - [TEST_STEP][PASSED] - pdfSignScreen.fillInOpinion(document.getComment()): null

24-05-2025T00:34:02 - [TEST_STEP][PASSED] - pdfSignScreen.submitRequest(): null

24-05-2025T00:34:12 - [TEST_STEP][PASSED] - documentInformationScreen.backToHome(): null

24-05-2025T00:34:13 - [TEST_STEP][PASSED] - homeScreen.logout(): null

24-05-2025T00:34:21 - [TEST_STEP][PASSED] - document.setStatus(WAIT_APPROVE): null

24-05-2025T00:34:21 - [TEST_STEP][PASSED] - document.setAssigner(auto5): null

24-05-2025T00:34:21 - [TEST_STEP][PASSED] - loginScreen.login(auto6): null

24-05-2025T00:34:30 - [TEST_STEP][PASSED] - homeScreen.goToIncomingDocument(): null

24-05-2025T00:34:30 - [TEST_STEP][PASSED] - inComingDocument.viewMainFile(document): View main file document: Trình ký 1748021578014

24-05-2025T00:34:30 - [MESSAGE][INFO] - View main file document: Trình ký 1748021578014

24-05-2025T00:34:34 - [TEST_STEP][PASSED] - document.setSender(auto6): null

24-05-2025T00:34:34 - [TEST_STEP][PASSED] - documentInformationScreen.performAction(document, APPROVE, COMMENT): null

24-05-2025T00:34:44 - [TEST_STEP][PASSED] - documentInformationScreen.backToHome(): null

24-05-2025T00:34:44 - [TEST_STEP][PASSED] - inComingDocument.checkItemInDocument(): null

24-05-2025T00:34:44 - [TEST_STEP][PASSED] - homeScreen.goToOutComingDocument(): null

24-05-2025T00:34:55 - [TEST_STEP][PASSED] - outComingDocument.viewInformationDocument(document): null

24-05-2025T00:34:56 - [TEST_STEP][PASSED] - documentInformationScreen.checkDocumentTitle(document): Verify equals GUI: Trình ký 1748021578014 - DATA: Trình ký 1748021578014

24-05-2025T00:35:01 - [MESSAGE][PASSED] - Verify equals GUI: Trình ký 1748021578014 - DATA: Trình ký 1748021578014

24-05-2025T00:35:01 - [TEST_STEP][PASSED] - documentInformationScreen.checkSender(document): Verify equals GUI: Auto Test User 2 - DATA: Auto Test User 2

24-05-2025T00:35:01 - [MESSAGE][PASSED] - Verify equals GUI: Auto Test User 2 - DATA: Auto Test User 2

24-05-2025T00:35:01 - [TEST_STEP][PASSED] - documentInformationScreen.checkStatus(document): Verify equals GUI: Đã duyệt - DATA: Đã duyệt

24-05-2025T00:35:01 - [MESSAGE][PASSED] - Verify equals GUI: Đã duyệt - DATA: Đã duyệt

24-05-2025T00:35:01 - [TEST_STEP][PASSED] - documentInformationScreen.checkCreateDate(): Verify equals GUI: 24/05/2025 - DATA: 24/05/2025

24-05-2025T00:35:01 - [MESSAGE][PASSED] - Verify equals GUI: 24/05/2025 - DATA: 24/05/2025

24-05-2025T00:35:01 - [TEST_STEP][PASSED] - documentInformationScreen.checkFinishDate(document): Verify equals GUI: 25/05/2025 - DATA: 25/05/2025

24-05-2025T00:35:01 - [MESSAGE][PASSED] - Verify equals GUI: 25/05/2025 - DATA: 25/05/2025

24-05-2025T00:35:01 - [TEST_STEP][PASSED] - documentInformationScreen.checkPriority(document): Verify equals GUI: Bình thường - DATA: Bình thường

24-05-2025T00:35:02 - [MESSAGE][PASSED] - Verify equals GUI: Bình thường - DATA: Bình thường

24-05-2025T00:35:02 - [TEST_STEP][PASSED] - documentInformationScreen.checkDescription(document): Verify equals GUI: 031 HOAN TAT HO SO - DATA: 031 HOAN TAT HO SO

24-05-2025T00:35:02 - [MESSAGE][PASSED] - Verify equals GUI: 031 HOAN TAT HO SO - DATA: 031 HOAN TAT HO SO

24-05-2025T00:35:02 - [TEST_STEP][PASSED] - documentInformationScreen.checkAssigner(document): Verify contains GUI: auto1@hdbank.com.vn - DATA: auto1@hdbank.com.vn

24-05-2025T00:35:03 - [MESSAGE][PASSED] - Verify contains GUI: auto1@hdbank.com.vn - DATA: auto1@hdbank.com.vn

24-05-2025T00:35:03 - [TEST_STEP][PASSED] - documentInformationScreen.checkPresentFileName(document): Verify contains GUI: dummy_20250524003349.ozd - DATA: dummy

24-05-2025T00:35:04 - [MESSAGE][PASSED] - Verify contains GUI: dummy_20250524003349.ozd - DATA: dummy

24-05-2025T00:35:04 - [TEST_STEP][PASSED] - documentInformationScreen.checkAttachFileName(document): Expected true condition

24-05-2025T00:35:06 - [MESSAGE][PASSED] - Expected true condition

24-05-2025T00:35:06 - [TEST_STEP][PASSED] - documentInformationScreen.checkComment(auto6, COMMENT): Check comment of Auto Test User 2 is Commented by automation team

24-05-2025T00:35:07 - [MESSAGE][INFO] - GUI COMMENT: Commented by automation team - DATA COMMENT: Commented by automation team

24-05-2025T00:35:07 - [MESSAGE][PASSED] - Check comment of Auto Test User 2 is Commented by automation team

24-05-2025T00:35:07 - [TEST_STEP][PASSED] - documentInformationScreen.backToHome(): null

24-05-2025T00:35:12 - [TEST_STEP][PASSED] - inComingDocument.checkItemInDocument(): null

24-05-2025T00:35:12 - [TEST_STEP][PASSED] - documentInformationScreen.backToHome(): null

24-05-2025T00:35:12 - [TEST_STEP][PASSED] - homeScreen.logout(): null

24-05-2025T00:35:20 - [TEST_STEP][PASSED] - loginScreen.login(auto5): null

24-05-2025T00:35:29 - [TEST_STEP][PASSED] - homeScreen.goToOutComingDocument(): null

24-05-2025T00:35:39 - [TEST_STEP][PASSED] - outComingDocument.viewInformationDocument(document): null

24-05-2025T00:35:40 - [TEST_STEP][PASSED] - documentInformationScreen.performAction(document, COMPLETE): null

24-05-2025T00:35:51 - [TEST_STEP][PASSED] - outComingDocument.loadDataResult(): null

24-05-2025T00:35:57 - [TEST_STEP][PASSED] - outComingDocument.viewInformationDocument(document): null

24-05-2025T00:35:58 - [TEST_STEP][PASSED] - documentInformationScreen.checkDocumentTitle(document): Verify equals GUI: Trình ký 1748021578014 - DATA: Trình ký 1748021578014

24-05-2025T00:36:01 - [MESSAGE][PASSED] - Verify equals GUI: Trình ký 1748021578014 - DATA: Trình ký 1748021578014

24-05-2025T00:36:01 - [TEST_STEP][PASSED] - documentInformationScreen.checkSender(document): Verify equals GUI: Auto Test User 2 - DATA: Auto Test User 2

24-05-2025T00:36:02 - [MESSAGE][PASSED] - Verify equals GUI: Auto Test User 2 - DATA: Auto Test User 2

24-05-2025T00:36:02 - [TEST_STEP][PASSED] - documentInformationScreen.checkStatus(document): Verify equals GUI: Đã hoàn thành - DATA: Đã hoàn thành

24-05-2025T00:36:02 - [MESSAGE][PASSED] - Verify equals GUI: Đã hoàn thành - DATA: Đã hoàn thành

24-05-2025T00:36:02 - [TEST_STEP][PASSED] - documentInformationScreen.checkCreateDate(): Verify equals GUI: 24/05/2025 - DATA: 24/05/2025

24-05-2025T00:36:02 - [MESSAGE][PASSED] - Verify equals GUI: 24/05/2025 - DATA: 24/05/2025

24-05-2025T00:36:02 - [TEST_STEP][PASSED] - documentInformationScreen.checkFinishDate(document): Verify equals GUI: 25/05/2025 - DATA: 25/05/2025

24-05-2025T00:36:02 - [MESSAGE][PASSED] - Verify equals GUI: 25/05/2025 - DATA: 25/05/2025

24-05-2025T00:36:02 - [TEST_STEP][PASSED] - documentInformationScreen.checkPriority(document): Verify equals GUI: Bình thường - DATA: Bình thường

24-05-2025T00:36:02 - [MESSAGE][PASSED] - Verify equals GUI: Bình thường - DATA: Bình thường

24-05-2025T00:36:02 - [TEST_STEP][PASSED] - documentInformationScreen.checkDescription(document): Verify equals GUI: 031 HOAN TAT HO SO - DATA: 031 HOAN TAT HO SO

24-05-2025T00:36:02 - [MESSAGE][PASSED] - Verify equals GUI: 031 HOAN TAT HO SO - DATA: 031 HOAN TAT HO SO

24-05-2025T00:36:02 - [TEST_STEP][PASSED] - documentInformationScreen.isAssignerDisplayed(): Check sender not displayed

24-05-2025T00:36:05 - [MESSAGE][PASSED] - Check sender not displayed

24-05-2025T00:36:05 - [TEST_STEP][PASSED] - documentInformationScreen.checkPresentFileName(document): Verify contains GUI: dummy_20250524003349.ozd - DATA: dummy

24-05-2025T00:36:11 - [MESSAGE][PASSED] - Verify contains GUI: dummy_20250524003349.ozd - DATA: dummy

24-05-2025T00:36:11 - [TEST_STEP][PASSED] - documentInformationScreen.checkAttachFileName(document): Expected true condition

24-05-2025T00:36:12 - [MESSAGE][PASSED] - Expected true condition

24-05-2025T00:36:12 - [TEST_STEP][PASSED] - documentInformationScreen.checkComment(auto6, COMMENT): Check comment of Auto Test User 2 is Commented by automation team

24-05-2025T00:36:14 - [MESSAGE][INFO] - GUI COMMENT: Commented by automation team - DATA COMMENT: Commented by automation team

24-05-2025T00:36:14 - [MESSAGE][PASSED] - Check comment of Auto Test User 2 is Commented by automation team

24-05-2025T00:36:14 - [TEST_STEP][PASSED] - Start listener action : afterTest: null

24-05-2025T00:36:14 - [TEST_STEP][PASSED] - if (testCaseStatus != "PASSED"): null

24-05-2025T00:36:14 - [TEST_STEP][PASSED] - drivers.Driver.closeApp(): drivers.Driver.closeApp is PASSED

24-05-2025T00:36:14 - [MESSAGE][PASSED] - drivers.Driver.closeApp is PASSED

24-05-2025T00:36:14 - [TEST_STEP][PASSED] - if (tsContext == null): null]]></system-out>
         <system-err><![CDATA[]]></system-err>
      </testcase>
      <testcase name="Test Cases/IPAPER APP/032 RUT LAI HO SO" time="172.883" classname="Test Cases/IPAPER APP/032 RUT LAI HO SO" status="PASSED">
         <system-out><![CDATA[24-05-2025T00:36:14 - [TEST_CASE][PASSED] - Test Cases/IPAPER APP/032 RUT LAI HO SO: Test Cases/IPAPER APP/032 RUT LAI HO SO

24-05-2025T00:36:14 - [TEST_STEP][PASSED] - Start listener action : beforeTest: drivers.Driver.openApp is PASSED

24-05-2025T00:36:14 - [TEST_STEP][PASSED] - DataTest.init(): null

24-05-2025T00:36:14 - [TEST_STEP][PASSED] - testCaseId = split("/").last(): null

24-05-2025T00:36:14 - [TEST_STEP][PASSED] - if (!(drivers.Driver.isAppiumRunning())): drivers.Driver.isAppiumRunning is PASSED

24-05-2025T00:36:14 - [MESSAGE][INFO] - Appium running: true

24-05-2025T00:36:14 - [MESSAGE][PASSED] - drivers.Driver.isAppiumRunning is PASSED

24-05-2025T00:36:14 - [TEST_STEP][PASSED] - if (driver == null || driver.getSessionId() == null): null

24-05-2025T00:36:14 - [TEST_STEP][PASSED] - drivers.Driver.openApp(): drivers.Driver.openApp is PASSED

24-05-2025T00:36:17 - [MESSAGE][PASSED] - drivers.Driver.openApp is PASSED

24-05-2025T00:36:17 - [TEST_STEP][PASSED] - REQUEST_NAME = "Trình ký PDF có sẵn": null

24-05-2025T00:36:17 - [TEST_STEP][PASSED] - COMMENT = "Commented by automation team": null

24-05-2025T00:36:17 - [TEST_STEP][PASSED] - auto5 = DataTest.getUserTest5(): null

24-05-2025T00:36:17 - [TEST_STEP][PASSED] - auto6 = DataTest.getUserTest6(): null

24-05-2025T00:36:17 - [TEST_STEP][PASSED] - document = DataTest.createDocumentTest(auto5, auto6, null, "dummy.pdf", "dummy.docx"): null

24-05-2025T00:36:17 - [TEST_STEP][PASSED] - loginScreen.login(auto5): null

24-05-2025T00:36:25 - [TEST_STEP][PASSED] - homeScreen.openRequestList(): null

24-05-2025T00:36:30 - [TEST_STEP][PASSED] - homeScreen.createRequest(REQUEST_NAME): null

24-05-2025T00:36:37 - [TEST_STEP][PASSED] - pdfSignScreen.fillInTitle(document.getTitle()): null

24-05-2025T00:36:40 - [TEST_STEP][PASSED] - pdfSignScreen.selectPriority(document.getPriority()): null

24-05-2025T00:36:42 - [TEST_STEP][PASSED] - pdfSignScreen.selectTime(document.getTime()): null

24-05-2025T00:36:45 - [TEST_STEP][PASSED] - pdfSignScreen.fillInDescription(document.getDescription()): null

24-05-2025T00:36:46 - [TEST_STEP][PASSED] - pdfSignScreen.selectAssigner(getAssigner().getEmail()): null

24-05-2025T00:36:52 - [TEST_STEP][PASSED] - pdfSignScreen.openMainFileBrowser(): null

24-05-2025T00:36:57 - [TEST_STEP][PASSED] - fileBrowserScreen.attachFile(document.getMainFileName()): null

24-05-2025T00:37:07 - [TEST_STEP][PASSED] - pdfSignScreen.openSubFileBrowser(): null

24-05-2025T00:37:08 - [TEST_STEP][PASSED] - fileBrowserScreen.attachFile(document.getSubFileName()): null

24-05-2025T00:37:19 - [TEST_STEP][PASSED] - pdfSignScreen.performAction(SEND_APPROVE): null

24-05-2025T00:37:22 - [TEST_STEP][PASSED] - pdfSignScreen.fillInOpinion(document.getComment()): null

24-05-2025T00:37:23 - [TEST_STEP][PASSED] - pdfSignScreen.submitRequest(): null

24-05-2025T00:37:31 - [TEST_STEP][PASSED] - documentInformationScreen.backToHome(): null

24-05-2025T00:37:31 - [TEST_STEP][PASSED] - homeScreen.logout(): null

24-05-2025T00:37:40 - [TEST_STEP][PASSED] - document.setStatus(WAIT_APPROVE): null

24-05-2025T00:37:40 - [TEST_STEP][PASSED] - document.setAssigner(auto5): null

24-05-2025T00:37:40 - [TEST_STEP][PASSED] - loginScreen.login(auto6): null

24-05-2025T00:37:49 - [TEST_STEP][PASSED] - homeScreen.goToIncomingDocument(): null

24-05-2025T00:37:49 - [TEST_STEP][PASSED] - inComingDocument.viewInformationDocument(document): View document Trình ký 1748021777391

24-05-2025T00:37:49 - [MESSAGE][INFO] - View document Trình ký 1748021777391

24-05-2025T00:37:55 - [TEST_STEP][PASSED] - documentInformationScreen.checkDocumentTitle(document): Verify equals GUI: Trình ký 1748021777391 - DATA: Trình ký 1748021777391

24-05-2025T00:37:55 - [MESSAGE][PASSED] - Verify equals GUI: Trình ký 1748021777391 - DATA: Trình ký 1748021777391

24-05-2025T00:37:55 - [TEST_STEP][PASSED] - documentInformationScreen.checkSender(document): Verify equals GUI: Auto Test User 1 - DATA: Auto Test User 1

24-05-2025T00:37:55 - [MESSAGE][PASSED] - Verify equals GUI: Auto Test User 1 - DATA: Auto Test User 1

24-05-2025T00:37:55 - [TEST_STEP][PASSED] - documentInformationScreen.checkStatus(document): Verify equals GUI: Chờ giám sát phê duyệt - DATA: Chờ giám sát phê duyệt

24-05-2025T00:37:55 - [MESSAGE][PASSED] - Verify equals GUI: Chờ giám sát phê duyệt - DATA: Chờ giám sát phê duyệt

24-05-2025T00:37:55 - [TEST_STEP][PASSED] - documentInformationScreen.checkCreateDate(): Verify equals GUI: 24/05/2025 - DATA: 24/05/2025

24-05-2025T00:37:55 - [MESSAGE][PASSED] - Verify equals GUI: 24/05/2025 - DATA: 24/05/2025

24-05-2025T00:37:55 - [TEST_STEP][PASSED] - documentInformationScreen.checkFinishDate(document): Verify equals GUI: 25/05/2025 - DATA: 25/05/2025

24-05-2025T00:37:55 - [MESSAGE][PASSED] - Verify equals GUI: 25/05/2025 - DATA: 25/05/2025

24-05-2025T00:37:55 - [TEST_STEP][PASSED] - documentInformationScreen.checkPriority(document): Verify equals GUI: Cao - DATA: Cao

24-05-2025T00:37:55 - [MESSAGE][PASSED] - Verify equals GUI: Cao - DATA: Cao

24-05-2025T00:37:55 - [TEST_STEP][PASSED] - documentInformationScreen.checkDescription(document): Verify equals GUI: 032 RUT LAI HO SO - DATA: 032 RUT LAI HO SO

24-05-2025T00:37:56 - [MESSAGE][PASSED] - Verify equals GUI: 032 RUT LAI HO SO - DATA: 032 RUT LAI HO SO

24-05-2025T00:37:56 - [TEST_STEP][PASSED] - documentInformationScreen.checkAssigner(document): Verify contains GUI: auto1@hdbank.com.vn - DATA: auto1@hdbank.com.vn

24-05-2025T00:37:57 - [MESSAGE][PASSED] - Verify contains GUI: auto1@hdbank.com.vn - DATA: auto1@hdbank.com.vn

24-05-2025T00:37:57 - [TEST_STEP][PASSED] - documentInformationScreen.checkPresentFileName(document): Verify contains GUI: dummy_20250524003708.ozd - DATA: dummy

24-05-2025T00:37:58 - [MESSAGE][PASSED] - Verify contains GUI: dummy_20250524003708.ozd - DATA: dummy

24-05-2025T00:37:58 - [TEST_STEP][PASSED] - documentInformationScreen.checkAttachFileName(document): Expected true condition

24-05-2025T00:38:00 - [MESSAGE][PASSED] - Expected true condition

24-05-2025T00:38:00 - [TEST_STEP][PASSED] - documentInformationScreen.backToHome(): null

24-05-2025T00:38:05 - [TEST_STEP][PASSED] - homeScreen.logout(): null

24-05-2025T00:38:13 - [TEST_STEP][PASSED] - loginScreen.login(auto5): null

24-05-2025T00:38:21 - [TEST_STEP][PASSED] - homeScreen.goToOutComingDocument(): null

24-05-2025T00:38:31 - [TEST_STEP][PASSED] - outComingDocument.viewInformationDocument(document): null

24-05-2025T00:38:32 - [TEST_STEP][PASSED] - documentInformationScreen.performAction(document, WITHDRAW_DOCUMENT): null

24-05-2025T00:38:44 - [TEST_STEP][PASSED] - documentInformationScreen.backToHome(): null

24-05-2025T00:38:45 - [TEST_STEP][PASSED] - outComingDocument.loadDataResult(): null

24-05-2025T00:38:50 - [TEST_STEP][PASSED] - outComingDocument.viewInformationDocument(document): null

24-05-2025T00:38:51 - [TEST_STEP][PASSED] - documentInformationScreen.checkDocumentTitle(document): Verify equals GUI: Trình ký 1748021777391 - DATA: Trình ký 1748021777391

24-05-2025T00:38:56 - [MESSAGE][PASSED] - Verify equals GUI: Trình ký 1748021777391 - DATA: Trình ký 1748021777391

24-05-2025T00:38:56 - [TEST_STEP][PASSED] - documentInformationScreen.checkSender(document): Verify equals GUI: Auto Test User 1 - DATA: Auto Test User 1

24-05-2025T00:38:56 - [MESSAGE][PASSED] - Verify equals GUI: Auto Test User 1 - DATA: Auto Test User 1

24-05-2025T00:38:56 - [TEST_STEP][PASSED] - documentInformationScreen.checkStatus(document): Verify equals GUI: Chờ xử lý - DATA: Chờ xử lý

24-05-2025T00:38:56 - [MESSAGE][PASSED] - Verify equals GUI: Chờ xử lý - DATA: Chờ xử lý

24-05-2025T00:38:56 - [TEST_STEP][PASSED] - documentInformationScreen.checkCreateDate(): Verify equals GUI: 24/05/2025 - DATA: 24/05/2025

24-05-2025T00:38:56 - [MESSAGE][PASSED] - Verify equals GUI: 24/05/2025 - DATA: 24/05/2025

24-05-2025T00:38:56 - [TEST_STEP][PASSED] - documentInformationScreen.checkFinishDate(document): Verify equals GUI: 25/05/2025 - DATA: 25/05/2025

24-05-2025T00:38:56 - [MESSAGE][PASSED] - Verify equals GUI: 25/05/2025 - DATA: 25/05/2025

24-05-2025T00:38:56 - [TEST_STEP][PASSED] - documentInformationScreen.checkPriority(document): Verify equals GUI: Cao - DATA: Cao

24-05-2025T00:38:56 - [MESSAGE][PASSED] - Verify equals GUI: Cao - DATA: Cao

24-05-2025T00:38:56 - [TEST_STEP][PASSED] - documentInformationScreen.checkDescription(document): Verify equals GUI: 032 RUT LAI HO SO - DATA: 032 RUT LAI HO SO

24-05-2025T00:38:56 - [MESSAGE][PASSED] - Verify equals GUI: 032 RUT LAI HO SO - DATA: 032 RUT LAI HO SO

24-05-2025T00:38:56 - [TEST_STEP][PASSED] - documentInformationScreen.isAssignerDisplayed(): Check sender not displayed

24-05-2025T00:38:59 - [MESSAGE][PASSED] - Check sender not displayed

24-05-2025T00:38:59 - [TEST_STEP][PASSED] - documentInformationScreen.checkPresentFileName(document): Verify contains GUI: dummy_20250524003708.ozd - DATA: dummy

24-05-2025T00:39:05 - [MESSAGE][PASSED] - Verify contains GUI: dummy_20250524003708.ozd - DATA: dummy

24-05-2025T00:39:05 - [TEST_STEP][PASSED] - documentInformationScreen.checkAttachFileName(document): Expected true condition

24-05-2025T00:39:07 - [MESSAGE][PASSED] - Expected true condition

24-05-2025T00:39:07 - [TEST_STEP][PASSED] - Start listener action : afterTest: null

24-05-2025T00:39:07 - [TEST_STEP][PASSED] - if (testCaseStatus != "PASSED"): null

24-05-2025T00:39:07 - [TEST_STEP][PASSED] - drivers.Driver.closeApp(): drivers.Driver.closeApp is PASSED

24-05-2025T00:39:07 - [MESSAGE][PASSED] - drivers.Driver.closeApp is PASSED

24-05-2025T00:39:07 - [TEST_STEP][PASSED] - if (tsContext == null): null]]></system-out>
         <system-err><![CDATA[]]></system-err>
      </testcase>
      <testcase name="Test Cases/IPAPER APP/033 TAO HO SO NHAP" time="86.751" classname="Test Cases/IPAPER APP/033 TAO HO SO NHAP" status="FAILED">
         <failure type="FAILED" message="Test Cases/IPAPER APP/033 TAO HO SO NHAP FAILED.&#xa;Reason:&#xa;com.kms.katalon.core.exception.StepFailedException: Verify equals GUI:  - DATA: 24/05/2025&#xa;	at com.kms.katalon.core.util.KeywordUtil.markFailed(KeywordUtil.java:19)&#xa;	at utilities.AssertUtilities.logResult(AssertUtilities.groovy:30)&#xa;	at utilities.AssertUtilities.checkEquals(AssertUtilities.groovy:11)&#xa;	at screens.DocumentInformationScreen.checkCreateDate(DocumentInformationScreen.groovy:130)&#xa;	at 033 TAO HO SO NHAP.run(033 TAO HO SO NHAP:54)&#xa;	at com.kms.katalon.core.main.ScriptEngine.run(ScriptEngine.java:194)&#xa;	at com.kms.katalon.core.main.ScriptEngine.runScriptAsRawText(ScriptEngine.java:119)&#xa;	at com.kms.katalon.core.main.TestCaseExecutor.runScript(TestCaseExecutor.java:448)&#xa;	at com.kms.katalon.core.main.TestCaseExecutor.doExecute(TestCaseExecutor.java:439)&#xa;	at com.kms.katalon.core.main.TestCaseExecutor.processExecutionPhase(TestCaseExecutor.java:418)&#xa;	at com.kms.katalon.core.main.TestCaseExecutor.accessMainPhase(TestCaseExecutor.java:410)&#xa;	at com.kms.katalon.core.main.TestCaseExecutor.execute(TestCaseExecutor.java:285)&#xa;	at com.kms.katalon.core.main.TestCaseExecutor.execute(TestCaseExecutor.java:369)&#xa;	at com.kms.katalon.core.main.TestCaseExecutor.execute(TestCaseExecutor.java:369)&#xa;	at com.kms.katalon.core.main.TestCaseExecutor.execute(TestCaseExecutor.java:369)&#xa;	at com.kms.katalon.core.common.CommonExecutor.accessTestCaseMainPhase(CommonExecutor.java:65)&#xa;	at com.kms.katalon.core.main.TestSuiteExecutor.accessTestSuiteMainPhase(TestSuiteExecutor.java:150)&#xa;	at com.kms.katalon.core.main.TestSuiteExecutor.execute(TestSuiteExecutor.java:106)&#xa;	at com.kms.katalon.core.main.TestCaseMain.startTestSuite(TestCaseMain.java:180)&#xa;	at TempTestSuite1748015363748.run(TempTestSuite1748015363748.groovy:35)&#xa;	at java.base/jdk.internal.reflect.NativeMethodAccessorImpl.invoke0(Native Method)&#xa;	at java.base/jdk.internal.reflect.NativeMethodAccessorImpl.invoke(NativeMethodAccessorImpl.java:77)&#xa;	at java.base/jdk.internal.reflect.DelegatingMethodAccessorImpl.invoke(DelegatingMethodAccessorImpl.java:43)&#xa;"/>
         <system-out><![CDATA[24-05-2025T00:43:11 - [TEST_CASE][FAILED] - Test Cases/IPAPER APP/033 TAO HO SO NHAP: Test Cases/IPAPER APP/033 TAO HO SO NHAP FAILED.
Reason:
com.kms.katalon.core.exception.StepFailedException: Verify equals GUI:  - DATA: 24/05/2025
	at com.kms.katalon.core.util.KeywordUtil.markFailed(KeywordUtil.java:19)
	at utilities.AssertUtilities.logResult(AssertUtilities.groovy:30)
	at utilities.AssertUtilities.checkEquals(AssertUtilities.groovy:11)
	at screens.DocumentInformationScreen.checkCreateDate(DocumentInformationScreen.groovy:130)
	at 033 TAO HO SO NHAP.run(033 TAO HO SO NHAP:54)
	at com.kms.katalon.core.main.ScriptEngine.run(ScriptEngine.java:194)
	at com.kms.katalon.core.main.ScriptEngine.runScriptAsRawText(ScriptEngine.java:119)
	at com.kms.katalon.core.main.TestCaseExecutor.runScript(TestCaseExecutor.java:448)
	at com.kms.katalon.core.main.TestCaseExecutor.doExecute(TestCaseExecutor.java:439)
	at com.kms.katalon.core.main.TestCaseExecutor.processExecutionPhase(TestCaseExecutor.java:418)
	at com.kms.katalon.core.main.TestCaseExecutor.accessMainPhase(TestCaseExecutor.java:410)
	at com.kms.katalon.core.main.TestCaseExecutor.execute(TestCaseExecutor.java:285)
	at com.kms.katalon.core.main.TestCaseExecutor.execute(TestCaseExecutor.java:369)
	at com.kms.katalon.core.main.TestCaseExecutor.execute(TestCaseExecutor.java:369)
	at com.kms.katalon.core.main.TestCaseExecutor.execute(TestCaseExecutor.java:369)
	at com.kms.katalon.core.common.CommonExecutor.accessTestCaseMainPhase(CommonExecutor.java:65)
	at com.kms.katalon.core.main.TestSuiteExecutor.accessTestSuiteMainPhase(TestSuiteExecutor.java:150)
	at com.kms.katalon.core.main.TestSuiteExecutor.execute(TestSuiteExecutor.java:106)
	at com.kms.katalon.core.main.TestCaseMain.startTestSuite(TestCaseMain.java:180)
	at TempTestSuite1748015363748.run(TempTestSuite1748015363748.groovy:35)
	at java.base/jdk.internal.reflect.NativeMethodAccessorImpl.invoke0(Native Method)
	at java.base/jdk.internal.reflect.NativeMethodAccessorImpl.invoke(NativeMethodAccessorImpl.java:77)
	at java.base/jdk.internal.reflect.DelegatingMethodAccessorImpl.invoke(DelegatingMethodAccessorImpl.java:43)


24-05-2025T00:43:11 - [TEST_STEP][PASSED] - Start listener action : beforeTest: drivers.Driver.openApp is PASSED

24-05-2025T00:43:11 - [TEST_STEP][PASSED] - DataTest.init(): null

24-05-2025T00:43:11 - [TEST_STEP][PASSED] - testCaseId = split("/").last(): null

24-05-2025T00:43:11 - [TEST_STEP][PASSED] - if (!(drivers.Driver.isAppiumRunning())): drivers.Driver.isAppiumRunning is PASSED

24-05-2025T00:43:11 - [MESSAGE][INFO] - Appium running: true

24-05-2025T00:43:11 - [MESSAGE][PASSED] - drivers.Driver.isAppiumRunning is PASSED

24-05-2025T00:43:11 - [TEST_STEP][PASSED] - if (driver == null || driver.getSessionId() == null): null

24-05-2025T00:43:11 - [TEST_STEP][PASSED] - drivers.Driver.openApp(): drivers.Driver.openApp is PASSED

24-05-2025T00:43:13 - [MESSAGE][PASSED] - drivers.Driver.openApp is PASSED

24-05-2025T00:43:13 - [TEST_STEP][PASSED] - REQUEST_NAME = "Trình ký PDF có sẵn": null

24-05-2025T00:43:13 - [TEST_STEP][PASSED] - COMMENT = "Commented by automation team": null

24-05-2025T00:43:13 - [TEST_STEP][PASSED] - auto5 = DataTest.getUserTest5(): null

24-05-2025T00:43:13 - [TEST_STEP][PASSED] - auto6 = DataTest.getUserTest6(): null

24-05-2025T00:43:13 - [TEST_STEP][PASSED] - document = DataTest.createDocumentTest(auto5, auto6, null, "dummy.pdf", "dummy.pdf"): null

24-05-2025T00:43:13 - [TEST_STEP][PASSED] - loginScreen.login(auto5): null

24-05-2025T00:43:24 - [TEST_STEP][PASSED] - homeScreen.openRequestList(): null

24-05-2025T00:43:29 - [TEST_STEP][PASSED] - homeScreen.createRequest(REQUEST_NAME): null

24-05-2025T00:43:35 - [TEST_STEP][PASSED] - pdfSignScreen.fillInTitle(document.getTitle()): null

24-05-2025T00:43:38 - [TEST_STEP][PASSED] - pdfSignScreen.selectPriority(document.getPriority()): null

24-05-2025T00:43:40 - [TEST_STEP][PASSED] - pdfSignScreen.selectTime(document.getTime()): null

24-05-2025T00:43:43 - [TEST_STEP][PASSED] - pdfSignScreen.fillInDescription(document.getDescription()): null

24-05-2025T00:43:45 - [TEST_STEP][PASSED] - pdfSignScreen.selectAssigner(getAssigner().getEmail()): null

24-05-2025T00:43:51 - [TEST_STEP][PASSED] - pdfSignScreen.performAction(SAVE_DRAFT): null

24-05-2025T00:43:53 - [TEST_STEP][PASSED] - document.setStatus(DRAFTED): null

24-05-2025T00:43:53 - [TEST_STEP][PASSED] - documentInformationScreen.checkDocumentTitle(document): Verify equals GUI: Trình ký 1748022193859 - DATA: Trình ký 1748022193859

24-05-2025T00:43:56 - [MESSAGE][PASSED] - Verify equals GUI: Trình ký 1748022193859 - DATA: Trình ký 1748022193859

24-05-2025T00:43:56 - [TEST_STEP][PASSED] - documentInformationScreen.checkSender(document): Verify equals GUI: Auto Test User 1 - DATA: Auto Test User 1

24-05-2025T00:43:56 - [MESSAGE][PASSED] - Verify equals GUI: Auto Test User 1 - DATA: Auto Test User 1

24-05-2025T00:43:56 - [TEST_STEP][PASSED] - documentInformationScreen.checkStatus(document): Verify equals GUI: Lưu nháp - DATA: Lưu nháp

24-05-2025T00:43:56 - [MESSAGE][PASSED] - Verify equals GUI: Lưu nháp - DATA: Lưu nháp

24-05-2025T00:43:56 - [TEST_STEP][FAILED] - documentInformationScreen.checkCreateDate(): Verify equals GUI:  - DATA: 24/05/2025

24-05-2025T00:43:56 - [MESSAGE][FAILED] - Verify equals GUI:  - DATA: 24/05/2025

24-05-2025T00:43:56 - [TEST_STEP][PASSED] - documentInformationScreen.checkFinishDate(document): Verify equals GUI: 25/05/2025 - DATA: 25/05/2025

24-05-2025T00:43:56 - [MESSAGE][PASSED] - Verify equals GUI: 25/05/2025 - DATA: 25/05/2025

24-05-2025T00:43:56 - [TEST_STEP][PASSED] - documentInformationScreen.checkPriority(document): Verify equals GUI: Khẩn cấp - DATA: Khẩn cấp

24-05-2025T00:43:56 - [MESSAGE][PASSED] - Verify equals GUI: Khẩn cấp - DATA: Khẩn cấp

24-05-2025T00:43:56 - [TEST_STEP][PASSED] - documentInformationScreen.checkDescription(document): Verify equals GUI: 033 TAO HO SO NHAP - DATA: 033 TAO HO SO NHAP

24-05-2025T00:43:56 - [MESSAGE][PASSED] - Verify equals GUI: 033 TAO HO SO NHAP - DATA: 033 TAO HO SO NHAP

24-05-2025T00:43:56 - [TEST_STEP][PASSED] - documentInformationScreen.checkAssigner(document): Verify contains GUI: auto2@hdbank.com.vn - DATA: auto2@hdbank.com.vn

24-05-2025T00:43:57 - [MESSAGE][PASSED] - Verify contains GUI: auto2@hdbank.com.vn - DATA: auto2@hdbank.com.vn

24-05-2025T00:43:57 - [TEST_STEP][PASSED] - documentInformationScreen.backToHome(): null

24-05-2025T00:44:02 - [TEST_STEP][PASSED] - homeScreen.goToDraftDocument(): null

24-05-2025T00:44:12 - [TEST_STEP][PASSED] - draftDocumentScreen.loadDataResult(): null

24-05-2025T00:44:17 - [TEST_STEP][PASSED] - draftDocumentScreen.viewInformationDocument(document): View document Trình ký 1748022193859

24-05-2025T00:44:17 - [MESSAGE][INFO] - View document Trình ký 1748022193859

24-05-2025T00:44:21 - [TEST_STEP][PASSED] - draftDocumentScreen.backToHome(): null

24-05-2025T00:44:25 - [TEST_STEP][PASSED] - draftDocumentScreen.checkItemInDocument(): Time is correctly

24-05-2025T00:44:30 - [MESSAGE][INFO] - [[title:Trình ký 1748022193859, time:24/05/2025 - 00:43]]

24-05-2025T00:44:34 - [MESSAGE][INFO] - [[title:Trình ký 1748022193859, time:24/05/2025 - 00:43], [title:Trình ký 1748022112242, time:24/05/2025 - 00:42]]

24-05-2025T00:44:34 - [MESSAGE][INFO] - Title is not duplicated

24-05-2025T00:44:34 - [MESSAGE][INFO] - Time is correctly

24-05-2025T00:44:34 - [TEST_STEP][PASSED] - Start listener action : afterTest: null

24-05-2025T00:44:34 - [TEST_STEP][PASSED] - if (testCaseStatus != "PASSED"): Screenshot is taken

24-05-2025T00:44:34 - [TEST_STEP][PASSED] - takeScreenshot(ErrorScreen/$GlobalVariable.PLATFORM/$testCaseContext.getTestCaseId().png): Screenshot is taken

24-05-2025T00:44:37 - [MESSAGE][PASSED] - Screenshot is taken
[[ATTACHMENT|ErrorScreen/Android/Test Cases/IPAPER APP/033 TAO HO SO NHAP.png]]

24-05-2025T00:44:37 - [TEST_STEP][PASSED] - drivers.Driver.closeApp(): drivers.Driver.closeApp is PASSED

24-05-2025T00:44:38 - [MESSAGE][PASSED] - drivers.Driver.closeApp is PASSED

24-05-2025T00:44:38 - [TEST_STEP][PASSED] - if (tsContext == null): null]]></system-out>
         <system-err><![CDATA[24-05-2025T00:43:11 - [TEST_CASE][FAILED] - Test Cases/IPAPER APP/033 TAO HO SO NHAP: Test Cases/IPAPER APP/033 TAO HO SO NHAP FAILED.
Reason:
com.kms.katalon.core.exception.StepFailedException: Verify equals GUI:  - DATA: 24/05/2025
	at com.kms.katalon.core.util.KeywordUtil.markFailed(KeywordUtil.java:19)
	at utilities.AssertUtilities.logResult(AssertUtilities.groovy:30)
	at utilities.AssertUtilities.checkEquals(AssertUtilities.groovy:11)
	at screens.DocumentInformationScreen.checkCreateDate(DocumentInformationScreen.groovy:130)
	at 033 TAO HO SO NHAP.run(033 TAO HO SO NHAP:54)
	at com.kms.katalon.core.main.ScriptEngine.run(ScriptEngine.java:194)
	at com.kms.katalon.core.main.ScriptEngine.runScriptAsRawText(ScriptEngine.java:119)
	at com.kms.katalon.core.main.TestCaseExecutor.runScript(TestCaseExecutor.java:448)
	at com.kms.katalon.core.main.TestCaseExecutor.doExecute(TestCaseExecutor.java:439)
	at com.kms.katalon.core.main.TestCaseExecutor.processExecutionPhase(TestCaseExecutor.java:418)
	at com.kms.katalon.core.main.TestCaseExecutor.accessMainPhase(TestCaseExecutor.java:410)
	at com.kms.katalon.core.main.TestCaseExecutor.execute(TestCaseExecutor.java:285)
	at com.kms.katalon.core.main.TestCaseExecutor.execute(TestCaseExecutor.java:369)
	at com.kms.katalon.core.main.TestCaseExecutor.execute(TestCaseExecutor.java:369)
	at com.kms.katalon.core.main.TestCaseExecutor.execute(TestCaseExecutor.java:369)
	at com.kms.katalon.core.common.CommonExecutor.accessTestCaseMainPhase(CommonExecutor.java:65)
	at com.kms.katalon.core.main.TestSuiteExecutor.accessTestSuiteMainPhase(TestSuiteExecutor.java:150)
	at com.kms.katalon.core.main.TestSuiteExecutor.execute(TestSuiteExecutor.java:106)
	at com.kms.katalon.core.main.TestCaseMain.startTestSuite(TestCaseMain.java:180)
	at TempTestSuite1748015363748.run(TempTestSuite1748015363748.groovy:35)
	at java.base/jdk.internal.reflect.NativeMethodAccessorImpl.invoke0(Native Method)
	at java.base/jdk.internal.reflect.NativeMethodAccessorImpl.invoke(NativeMethodAccessorImpl.java:77)
	at java.base/jdk.internal.reflect.DelegatingMethodAccessorImpl.invoke(DelegatingMethodAccessorImpl.java:43)]]></system-err>
      </testcase>
      <testcase name="Test Cases/IPAPER APP/034 TAO HO SO NHAP_DONG Y LUU HO SO" time="116.713" classname="Test Cases/IPAPER APP/034 TAO HO SO NHAP_DONG Y LUU HO SO" status="ERROR">
         <error type="ERROR" message="Test Cases/IPAPER APP/034 TAO HO SO NHAP_DONG Y LUU HO SO FAILED.&#xa;Reason:&#xa;org.openqa.selenium.TimeoutException: Expected condition failed: waiting for base.BaseKeyword$Trait$Helper$_waitForPresentOf_closure1@19c7baa7 (tried for 30 second(s) with 500 milliseconds interval)&#xa;Build info: version: '3.141.59', revision: 'unknown', time: 'unknown'&#xa;System info: host: '192.168.30.108', ip: 'fe80:0:0:0:857:c3df:d699:1dc0%en0', os.name: 'Mac OS X', os.arch: 'aarch64', os.version: '15.5', java.version: '17.0.7'&#xa;Driver info: com.kms.katalon.core.appium.driver.SwipeableAndroidDriver&#xa;Capabilities {automationName: UiAutomator2, databaseEnabled: false, desired: {automationName: UiAutomator2, deviceName: af0c5cf7, noReset: true, platformName: android, waitForIdleTimeout: 3000}, deviceApiLevel: 35, deviceManufacturer: OPPO, deviceModel: CPH2699, deviceName: af0c5cf7, deviceScreenDensity: 480, deviceScreenSize: 1080x2400, deviceUDID: af0c5cf7, javascriptEnabled: true, locationContextEnabled: false, networkConnectionEnabled: true, noReset: true, pixelRatio: 3, platform: LINUX, platformName: Android, platformVersion: 15, statBarHeight: 120, takesScreenshot: true, viewportRect: {height: 2280, left: 0, top: 120, width: 1080}, waitForIdleTimeout: 3000, warnings: {}, webStorageEnabled: false}&#xa;Session ID: 62e5b862-d2c0-4dcf-ad05-c0bce164dcf0&#xa;	at org.openqa.selenium.support.ui.WebDriverWait.timeoutException(WebDriverWait.java:95)&#xa;	at org.openqa.selenium.support.ui.FluentWait.until(FluentWait.java:272)&#xa;	at base.BaseKeyword$Trait$Helper.waitForPresentOf(BaseKeyword.groovy:344)&#xa;	at screens.DraftDocumentScreen.waitForPresentOf(DraftDocumentScreen.groovy)&#xa;	at screens.DraftDocumentScreen.viewInformationDocument(DraftDocumentScreen.groovy:23)&#xa;	at 034 TAO HO SO NHAP_DONG Y LUU HO SO.run(034 TAO HO SO NHAP_DONG Y LUU HO SO:56)&#xa;	at com.kms.katalon.core.main.ScriptEngine.run(ScriptEngine.java:194)&#xa;	at com.kms.katalon.core.main.ScriptEngine.runScriptAsRawText(ScriptEngine.java:119)&#xa;	at com.kms.katalon.core.main.TestCaseExecutor.runScript(TestCaseExecutor.java:448)&#xa;	at com.kms.katalon.core.main.TestCaseExecutor.doExecute(TestCaseExecutor.java:439)&#xa;	at com.kms.katalon.core.main.TestCaseExecutor.processExecutionPhase(TestCaseExecutor.java:418)&#xa;	at com.kms.katalon.core.main.TestCaseExecutor.accessMainPhase(TestCaseExecutor.java:410)&#xa;	at com.kms.katalon.core.main.TestCaseExecutor.execute(TestCaseExecutor.java:285)&#xa;	at com.kms.katalon.core.main.TestCaseExecutor.execute(TestCaseExecutor.java:369)&#xa;	at com.kms.katalon.core.main.TestCaseExecutor.execute(TestCaseExecutor.java:369)&#xa;	at com.kms.katalon.core.main.TestCaseExecutor.execute(TestCaseExecutor.java:369)&#xa;	at com.kms.katalon.core.common.CommonExecutor.accessTestCaseMainPhase(CommonExecutor.java:65)&#xa;	at com.kms.katalon.core.main.TestSuiteExecutor.accessTestSuiteMainPhase(TestSuiteExecutor.java:150)&#xa;	at com.kms.katalon.core.main.TestSuiteExecutor.execute(TestSuiteExecutor.java:106)&#xa;	at com.kms.katalon.core.main.TestCaseMain.startTestSuite(TestCaseMain.java:180)&#xa;	at TempTestSuite1748015363748.run(TempTestSuite1748015363748.groovy:35)&#xa;	at java.base/jdk.internal.reflect.NativeMethodAccessorImpl.invoke0(Native Method)&#xa;	at java.base/jdk.internal.reflect.NativeMethodAccessorImpl.invoke(NativeMethodAccessorImpl.java:77)&#xa;	at java.base/jdk.internal.reflect.DelegatingMethodAccessorImpl.invoke(DelegatingMethodAccessorImpl.java:43)&#xa;"/>
         <system-out><![CDATA[24-05-2025T00:50:27 - [TEST_CASE][ERROR] - Test Cases/IPAPER APP/034 TAO HO SO NHAP_DONG Y LUU HO SO: Test Cases/IPAPER APP/034 TAO HO SO NHAP_DONG Y LUU HO SO FAILED.
Reason:
org.openqa.selenium.TimeoutException: Expected condition failed: waiting for base.BaseKeyword$Trait$Helper$_waitForPresentOf_closure1@19c7baa7 (tried for 30 second(s) with 500 milliseconds interval)
Build info: version: '3.141.59', revision: 'unknown', time: 'unknown'
System info: host: '192.168.30.108', ip: 'fe80:0:0:0:857:c3df:d699:1dc0%en0', os.name: 'Mac OS X', os.arch: 'aarch64', os.version: '15.5', java.version: '17.0.7'
Driver info: com.kms.katalon.core.appium.driver.SwipeableAndroidDriver
Capabilities {automationName: UiAutomator2, databaseEnabled: false, desired: {automationName: UiAutomator2, deviceName: af0c5cf7, noReset: true, platformName: android, waitForIdleTimeout: 3000}, deviceApiLevel: 35, deviceManufacturer: OPPO, deviceModel: CPH2699, deviceName: af0c5cf7, deviceScreenDensity: 480, deviceScreenSize: 1080x2400, deviceUDID: af0c5cf7, javascriptEnabled: true, locationContextEnabled: false, networkConnectionEnabled: true, noReset: true, pixelRatio: 3, platform: LINUX, platformName: Android, platformVersion: 15, statBarHeight: 120, takesScreenshot: true, viewportRect: {height: 2280, left: 0, top: 120, width: 1080}, waitForIdleTimeout: 3000, warnings: {}, webStorageEnabled: false}
Session ID: 62e5b862-d2c0-4dcf-ad05-c0bce164dcf0
	at org.openqa.selenium.support.ui.WebDriverWait.timeoutException(WebDriverWait.java:95)
	at org.openqa.selenium.support.ui.FluentWait.until(FluentWait.java:272)
	at base.BaseKeyword$Trait$Helper.waitForPresentOf(BaseKeyword.groovy:344)
	at screens.DraftDocumentScreen.waitForPresentOf(DraftDocumentScreen.groovy)
	at screens.DraftDocumentScreen.viewInformationDocument(DraftDocumentScreen.groovy:23)
	at 034 TAO HO SO NHAP_DONG Y LUU HO SO.run(034 TAO HO SO NHAP_DONG Y LUU HO SO:56)
	at com.kms.katalon.core.main.ScriptEngine.run(ScriptEngine.java:194)
	at com.kms.katalon.core.main.ScriptEngine.runScriptAsRawText(ScriptEngine.java:119)
	at com.kms.katalon.core.main.TestCaseExecutor.runScript(TestCaseExecutor.java:448)
	at com.kms.katalon.core.main.TestCaseExecutor.doExecute(TestCaseExecutor.java:439)
	at com.kms.katalon.core.main.TestCaseExecutor.processExecutionPhase(TestCaseExecutor.java:418)
	at com.kms.katalon.core.main.TestCaseExecutor.accessMainPhase(TestCaseExecutor.java:410)
	at com.kms.katalon.core.main.TestCaseExecutor.execute(TestCaseExecutor.java:285)
	at com.kms.katalon.core.main.TestCaseExecutor.execute(TestCaseExecutor.java:369)
	at com.kms.katalon.core.main.TestCaseExecutor.execute(TestCaseExecutor.java:369)
	at com.kms.katalon.core.main.TestCaseExecutor.execute(TestCaseExecutor.java:369)
	at com.kms.katalon.core.common.CommonExecutor.accessTestCaseMainPhase(CommonExecutor.java:65)
	at com.kms.katalon.core.main.TestSuiteExecutor.accessTestSuiteMainPhase(TestSuiteExecutor.java:150)
	at com.kms.katalon.core.main.TestSuiteExecutor.execute(TestSuiteExecutor.java:106)
	at com.kms.katalon.core.main.TestCaseMain.startTestSuite(TestCaseMain.java:180)
	at TempTestSuite1748015363748.run(TempTestSuite1748015363748.groovy:35)
	at java.base/jdk.internal.reflect.NativeMethodAccessorImpl.invoke0(Native Method)
	at java.base/jdk.internal.reflect.NativeMethodAccessorImpl.invoke(NativeMethodAccessorImpl.java:77)
	at java.base/jdk.internal.reflect.DelegatingMethodAccessorImpl.invoke(DelegatingMethodAccessorImpl.java:43)


24-05-2025T00:50:27 - [TEST_STEP][PASSED] - Start listener action : beforeTest: drivers.Driver.openApp is PASSED

24-05-2025T00:50:27 - [TEST_STEP][PASSED] - DataTest.init(): null

24-05-2025T00:50:27 - [TEST_STEP][PASSED] - testCaseId = split("/").last(): null

24-05-2025T00:50:27 - [TEST_STEP][PASSED] - if (!(drivers.Driver.isAppiumRunning())): drivers.Driver.isAppiumRunning is PASSED

24-05-2025T00:50:27 - [MESSAGE][INFO] - Appium running: true

24-05-2025T00:50:27 - [MESSAGE][PASSED] - drivers.Driver.isAppiumRunning is PASSED

24-05-2025T00:50:27 - [TEST_STEP][PASSED] - if (driver == null || driver.getSessionId() == null): null

24-05-2025T00:50:27 - [TEST_STEP][PASSED] - drivers.Driver.openApp(): drivers.Driver.openApp is PASSED

24-05-2025T00:50:30 - [MESSAGE][PASSED] - drivers.Driver.openApp is PASSED

24-05-2025T00:50:30 - [TEST_STEP][PASSED] - REQUEST_NAME = "Trình ký PDF có sẵn": null

24-05-2025T00:50:30 - [TEST_STEP][PASSED] - COMMENT = "Commented by automation team": null

24-05-2025T00:50:30 - [TEST_STEP][PASSED] - auto5 = DataTest.getUserTest5(): null

24-05-2025T00:50:30 - [TEST_STEP][PASSED] - auto6 = DataTest.getUserTest6(): null

24-05-2025T00:50:30 - [TEST_STEP][PASSED] - document = DataTest.createDocumentTest(auto5, auto6, null, "dummy.pdf", "dummy.pdf"): null

24-05-2025T00:50:30 - [TEST_STEP][PASSED] - loginScreen.login(auto5): null

24-05-2025T00:50:37 - [TEST_STEP][PASSED] - homeScreen.openRequestList(): null

24-05-2025T00:50:42 - [TEST_STEP][PASSED] - homeScreen.createRequest(REQUEST_NAME): null

24-05-2025T00:50:48 - [TEST_STEP][PASSED] - pdfSignScreen.fillInTitle(document.getTitle()): null

24-05-2025T00:50:51 - [TEST_STEP][PASSED] - pdfSignScreen.selectPriority(document.getPriority()): null

24-05-2025T00:50:53 - [TEST_STEP][PASSED] - pdfSignScreen.selectTime(document.getTime()): null

24-05-2025T00:50:56 - [TEST_STEP][PASSED] - pdfSignScreen.fillInDescription(document.getDescription()): null

24-05-2025T00:50:57 - [TEST_STEP][PASSED] - pdfSignScreen.selectAssigner(getAssigner().getEmail()): null

24-05-2025T00:51:04 - [TEST_STEP][PASSED] - pdfSignScreen.openMainFileBrowser(): null

24-05-2025T00:51:09 - [TEST_STEP][PASSED] - fileBrowserScreen.attachFile(document.getMainFileName()): null

24-05-2025T00:51:18 - [TEST_STEP][PASSED] - pdfSignScreen.openSubFileBrowser(): null

24-05-2025T00:51:19 - [TEST_STEP][PASSED] - fileBrowserScreen.attachFile(document.getSubFileName()): null

24-05-2025T00:51:30 - [TEST_STEP][PASSED] - pdfSignScreen.clickOnBackBtn(): null

24-05-2025T00:51:30 - [TEST_STEP][PASSED] - pdfSignScreen.submitSaveDocument(): null

24-05-2025T00:51:31 - [TEST_STEP][PASSED] - document.setStatus(DRAFTED): null

24-05-2025T00:51:31 - [TEST_STEP][PASSED] - documentInformationScreen.backToHome(): null

24-05-2025T00:51:35 - [TEST_STEP][PASSED] - homeScreen.goToDraftDocument(): null

24-05-2025T00:51:45 - [TEST_STEP][PASSED] - draftDocumentScreen.loadDataResult(): null

24-05-2025T00:51:48 - [TEST_STEP][ERROR] - draftDocumentScreen.viewInformationDocument(document): Test Cases/IPAPER APP/034 TAO HO SO NHAP_DONG Y LUU HO SO FAILED.
Reason:
org.openqa.selenium.TimeoutException: Expected condition failed: waiting for base.BaseKeyword$Trait$Helper$_waitForPresentOf_closure1@19c7baa7 (tried for 30 second(s) with 500 milliseconds interval)
Build info: version: '3.141.59', revision: 'unknown', time: 'unknown'
System info: host: '192.168.30.108', ip: 'fe80:0:0:0:857:c3df:d699:1dc0%en0', os.name: 'Mac OS X', os.arch: 'aarch64', os.version: '15.5', java.version: '17.0.7'
Driver info: com.kms.katalon.core.appium.driver.SwipeableAndroidDriver
Capabilities {automationName: UiAutomator2, databaseEnabled: false, desired: {automationName: UiAutomator2, deviceName: af0c5cf7, noReset: true, platformName: android, waitForIdleTimeout: 3000}, deviceApiLevel: 35, deviceManufacturer: OPPO, deviceModel: CPH2699, deviceName: af0c5cf7, deviceScreenDensity: 480, deviceScreenSize: 1080x2400, deviceUDID: af0c5cf7, javascriptEnabled: true, locationContextEnabled: false, networkConnectionEnabled: true, noReset: true, pixelRatio: 3, platform: LINUX, platformName: Android, platformVersion: 15, statBarHeight: 120, takesScreenshot: true, viewportRect: {height: 2280, left: 0, top: 120, width: 1080}, waitForIdleTimeout: 3000, warnings: {}, webStorageEnabled: false}
Session ID: 62e5b862-d2c0-4dcf-ad05-c0bce164dcf0
	at org.openqa.selenium.support.ui.WebDriverWait.timeoutException(WebDriverWait.java:95)
	at org.openqa.selenium.support.ui.FluentWait.until(FluentWait.java:272)
	at base.BaseKeyword$Trait$Helper.waitForPresentOf(BaseKeyword.groovy:344)
	at screens.DraftDocumentScreen.waitForPresentOf(DraftDocumentScreen.groovy)
	at screens.DraftDocumentScreen.viewInformationDocument(DraftDocumentScreen.groovy:23)
	at 034 TAO HO SO NHAP_DONG Y LUU HO SO.run(034 TAO HO SO NHAP_DONG Y LUU HO SO:56)
	at com.kms.katalon.core.main.ScriptEngine.run(ScriptEngine.java:194)
	at com.kms.katalon.core.main.ScriptEngine.runScriptAsRawText(ScriptEngine.java:119)
	at com.kms.katalon.core.main.TestCaseExecutor.runScript(TestCaseExecutor.java:448)
	at com.kms.katalon.core.main.TestCaseExecutor.doExecute(TestCaseExecutor.java:439)
	at com.kms.katalon.core.main.TestCaseExecutor.processExecutionPhase(TestCaseExecutor.java:418)
	at com.kms.katalon.core.main.TestCaseExecutor.accessMainPhase(TestCaseExecutor.java:410)
	at com.kms.katalon.core.main.TestCaseExecutor.execute(TestCaseExecutor.java:285)
	at com.kms.katalon.core.main.TestCaseExecutor.execute(TestCaseExecutor.java:369)
	at com.kms.katalon.core.main.TestCaseExecutor.execute(TestCaseExecutor.java:369)
	at com.kms.katalon.core.main.TestCaseExecutor.execute(TestCaseExecutor.java:369)
	at com.kms.katalon.core.common.CommonExecutor.accessTestCaseMainPhase(CommonExecutor.java:65)
	at com.kms.katalon.core.main.TestSuiteExecutor.accessTestSuiteMainPhase(TestSuiteExecutor.java:150)
	at com.kms.katalon.core.main.TestSuiteExecutor.execute(TestSuiteExecutor.java:106)
	at com.kms.katalon.core.main.TestCaseMain.startTestSuite(TestCaseMain.java:180)
	at TempTestSuite1748015363748.run(TempTestSuite1748015363748.groovy:35)
	at java.base/jdk.internal.reflect.NativeMethodAccessorImpl.invoke0(Native Method)
	at java.base/jdk.internal.reflect.NativeMethodAccessorImpl.invoke(NativeMethodAccessorImpl.java:77)
	at java.base/jdk.internal.reflect.DelegatingMethodAccessorImpl.invoke(DelegatingMethodAccessorImpl.java:43)


24-05-2025T00:51:48 - [MESSAGE][INFO] - View document Trình ký 1748022630200

24-05-2025T00:52:21 - [MESSAGE][ERROR] - Test Cases/IPAPER APP/034 TAO HO SO NHAP_DONG Y LUU HO SO FAILED.
Reason:
org.openqa.selenium.TimeoutException: Expected condition failed: waiting for base.BaseKeyword$Trait$Helper$_waitForPresentOf_closure1@19c7baa7 (tried for 30 second(s) with 500 milliseconds interval)
Build info: version: '3.141.59', revision: 'unknown', time: 'unknown'
System info: host: '192.168.30.108', ip: 'fe80:0:0:0:857:c3df:d699:1dc0%en0', os.name: 'Mac OS X', os.arch: 'aarch64', os.version: '15.5', java.version: '17.0.7'
Driver info: com.kms.katalon.core.appium.driver.SwipeableAndroidDriver
Capabilities {automationName: UiAutomator2, databaseEnabled: false, desired: {automationName: UiAutomator2, deviceName: af0c5cf7, noReset: true, platformName: android, waitForIdleTimeout: 3000}, deviceApiLevel: 35, deviceManufacturer: OPPO, deviceModel: CPH2699, deviceName: af0c5cf7, deviceScreenDensity: 480, deviceScreenSize: 1080x2400, deviceUDID: af0c5cf7, javascriptEnabled: true, locationContextEnabled: false, networkConnectionEnabled: true, noReset: true, pixelRatio: 3, platform: LINUX, platformName: Android, platformVersion: 15, statBarHeight: 120, takesScreenshot: true, viewportRect: {height: 2280, left: 0, top: 120, width: 1080}, waitForIdleTimeout: 3000, warnings: {}, webStorageEnabled: false}
Session ID: 62e5b862-d2c0-4dcf-ad05-c0bce164dcf0
	at org.openqa.selenium.support.ui.WebDriverWait.timeoutException(WebDriverWait.java:95)
	at org.openqa.selenium.support.ui.FluentWait.until(FluentWait.java:272)
	at base.BaseKeyword$Trait$Helper.waitForPresentOf(BaseKeyword.groovy:344)
	at screens.DraftDocumentScreen.waitForPresentOf(DraftDocumentScreen.groovy)
	at screens.DraftDocumentScreen.viewInformationDocument(DraftDocumentScreen.groovy:23)
	at 034 TAO HO SO NHAP_DONG Y LUU HO SO.run(034 TAO HO SO NHAP_DONG Y LUU HO SO:56)
	at com.kms.katalon.core.main.ScriptEngine.run(ScriptEngine.java:194)
	at com.kms.katalon.core.main.ScriptEngine.runScriptAsRawText(ScriptEngine.java:119)
	at com.kms.katalon.core.main.TestCaseExecutor.runScript(TestCaseExecutor.java:448)
	at com.kms.katalon.core.main.TestCaseExecutor.doExecute(TestCaseExecutor.java:439)
	at com.kms.katalon.core.main.TestCaseExecutor.processExecutionPhase(TestCaseExecutor.java:418)
	at com.kms.katalon.core.main.TestCaseExecutor.accessMainPhase(TestCaseExecutor.java:410)
	at com.kms.katalon.core.main.TestCaseExecutor.execute(TestCaseExecutor.java:285)
	at com.kms.katalon.core.main.TestCaseExecutor.execute(TestCaseExecutor.java:369)
	at com.kms.katalon.core.main.TestCaseExecutor.execute(TestCaseExecutor.java:369)
	at com.kms.katalon.core.main.TestCaseExecutor.execute(TestCaseExecutor.java:369)
	at com.kms.katalon.core.common.CommonExecutor.accessTestCaseMainPhase(CommonExecutor.java:65)
	at com.kms.katalon.core.main.TestSuiteExecutor.accessTestSuiteMainPhase(TestSuiteExecutor.java:150)
	at com.kms.katalon.core.main.TestSuiteExecutor.execute(TestSuiteExecutor.java:106)
	at com.kms.katalon.core.main.TestCaseMain.startTestSuite(TestCaseMain.java:180)
	at TempTestSuite1748015363748.run(TempTestSuite1748015363748.groovy:35)
	at java.base/jdk.internal.reflect.NativeMethodAccessorImpl.invoke0(Native Method)
	at java.base/jdk.internal.reflect.NativeMethodAccessorImpl.invoke(NativeMethodAccessorImpl.java:77)
	at java.base/jdk.internal.reflect.DelegatingMethodAccessorImpl.invoke(DelegatingMethodAccessorImpl.java:43)


24-05-2025T00:52:21 - [TEST_STEP][PASSED] - Start listener action : afterTest: null

24-05-2025T00:52:21 - [TEST_STEP][PASSED] - if (testCaseStatus != "PASSED"): Screenshot is taken

24-05-2025T00:52:21 - [TEST_STEP][PASSED] - takeScreenshot(ErrorScreen/$GlobalVariable.PLATFORM/$testCaseContext.getTestCaseId().png): Screenshot is taken

24-05-2025T00:52:23 - [MESSAGE][PASSED] - Screenshot is taken
[[ATTACHMENT|ErrorScreen/Android/Test Cases/IPAPER APP/034 TAO HO SO NHAP_DONG Y LUU HO SO.png]]

24-05-2025T00:52:23 - [TEST_STEP][PASSED] - drivers.Driver.closeApp(): drivers.Driver.closeApp is PASSED

24-05-2025T00:52:24 - [MESSAGE][PASSED] - drivers.Driver.closeApp is PASSED

24-05-2025T00:52:24 - [TEST_STEP][PASSED] - if (tsContext == null): null]]></system-out>
         <system-err><![CDATA[24-05-2025T00:50:27 - [TEST_CASE][ERROR] - Test Cases/IPAPER APP/034 TAO HO SO NHAP_DONG Y LUU HO SO: Test Cases/IPAPER APP/034 TAO HO SO NHAP_DONG Y LUU HO SO FAILED.
Reason:
org.openqa.selenium.TimeoutException: Expected condition failed: waiting for base.BaseKeyword$Trait$Helper$_waitForPresentOf_closure1@19c7baa7 (tried for 30 second(s) with 500 milliseconds interval)
Build info: version: '3.141.59', revision: 'unknown', time: 'unknown'
System info: host: '192.168.30.108', ip: 'fe80:0:0:0:857:c3df:d699:1dc0%en0', os.name: 'Mac OS X', os.arch: 'aarch64', os.version: '15.5', java.version: '17.0.7'
Driver info: com.kms.katalon.core.appium.driver.SwipeableAndroidDriver
Capabilities {automationName: UiAutomator2, databaseEnabled: false, desired: {automationName: UiAutomator2, deviceName: af0c5cf7, noReset: true, platformName: android, waitForIdleTimeout: 3000}, deviceApiLevel: 35, deviceManufacturer: OPPO, deviceModel: CPH2699, deviceName: af0c5cf7, deviceScreenDensity: 480, deviceScreenSize: 1080x2400, deviceUDID: af0c5cf7, javascriptEnabled: true, locationContextEnabled: false, networkConnectionEnabled: true, noReset: true, pixelRatio: 3, platform: LINUX, platformName: Android, platformVersion: 15, statBarHeight: 120, takesScreenshot: true, viewportRect: {height: 2280, left: 0, top: 120, width: 1080}, waitForIdleTimeout: 3000, warnings: {}, webStorageEnabled: false}
Session ID: 62e5b862-d2c0-4dcf-ad05-c0bce164dcf0
	at org.openqa.selenium.support.ui.WebDriverWait.timeoutException(WebDriverWait.java:95)
	at org.openqa.selenium.support.ui.FluentWait.until(FluentWait.java:272)
	at base.BaseKeyword$Trait$Helper.waitForPresentOf(BaseKeyword.groovy:344)
	at screens.DraftDocumentScreen.waitForPresentOf(DraftDocumentScreen.groovy)
	at screens.DraftDocumentScreen.viewInformationDocument(DraftDocumentScreen.groovy:23)
	at 034 TAO HO SO NHAP_DONG Y LUU HO SO.run(034 TAO HO SO NHAP_DONG Y LUU HO SO:56)
	at com.kms.katalon.core.main.ScriptEngine.run(ScriptEngine.java:194)
	at com.kms.katalon.core.main.ScriptEngine.runScriptAsRawText(ScriptEngine.java:119)
	at com.kms.katalon.core.main.TestCaseExecutor.runScript(TestCaseExecutor.java:448)
	at com.kms.katalon.core.main.TestCaseExecutor.doExecute(TestCaseExecutor.java:439)
	at com.kms.katalon.core.main.TestCaseExecutor.processExecutionPhase(TestCaseExecutor.java:418)
	at com.kms.katalon.core.main.TestCaseExecutor.accessMainPhase(TestCaseExecutor.java:410)
	at com.kms.katalon.core.main.TestCaseExecutor.execute(TestCaseExecutor.java:285)
	at com.kms.katalon.core.main.TestCaseExecutor.execute(TestCaseExecutor.java:369)
	at com.kms.katalon.core.main.TestCaseExecutor.execute(TestCaseExecutor.java:369)
	at com.kms.katalon.core.main.TestCaseExecutor.execute(TestCaseExecutor.java:369)
	at com.kms.katalon.core.common.CommonExecutor.accessTestCaseMainPhase(CommonExecutor.java:65)
	at com.kms.katalon.core.main.TestSuiteExecutor.accessTestSuiteMainPhase(TestSuiteExecutor.java:150)
	at com.kms.katalon.core.main.TestSuiteExecutor.execute(TestSuiteExecutor.java:106)
	at com.kms.katalon.core.main.TestCaseMain.startTestSuite(TestCaseMain.java:180)
	at TempTestSuite1748015363748.run(TempTestSuite1748015363748.groovy:35)
	at java.base/jdk.internal.reflect.NativeMethodAccessorImpl.invoke0(Native Method)
	at java.base/jdk.internal.reflect.NativeMethodAccessorImpl.invoke(NativeMethodAccessorImpl.java:77)
	at java.base/jdk.internal.reflect.DelegatingMethodAccessorImpl.invoke(DelegatingMethodAccessorImpl.java:43)]]></system-err>
      </testcase>
      <testcase name="Test Cases/IPAPER APP/035 TAO HO SO NHAP_HUY TAO HO SO" time="90.914" classname="Test Cases/IPAPER APP/035 TAO HO SO NHAP_HUY TAO HO SO" status="PASSED">
         <system-out><![CDATA[24-05-2025T00:52:24 - [TEST_CASE][PASSED] - Test Cases/IPAPER APP/035 TAO HO SO NHAP_HUY TAO HO SO: Test Cases/IPAPER APP/035 TAO HO SO NHAP_HUY TAO HO SO

24-05-2025T00:52:24 - [TEST_STEP][PASSED] - Start listener action : beforeTest: drivers.Driver.openApp is PASSED

24-05-2025T00:52:24 - [TEST_STEP][PASSED] - DataTest.init(): null

24-05-2025T00:52:24 - [TEST_STEP][PASSED] - testCaseId = split("/").last(): null

24-05-2025T00:52:24 - [TEST_STEP][PASSED] - if (!(drivers.Driver.isAppiumRunning())): drivers.Driver.isAppiumRunning is PASSED

24-05-2025T00:52:24 - [MESSAGE][INFO] - Appium running: true

24-05-2025T00:52:24 - [MESSAGE][PASSED] - drivers.Driver.isAppiumRunning is PASSED

24-05-2025T00:52:24 - [TEST_STEP][PASSED] - if (driver == null || driver.getSessionId() == null): null

24-05-2025T00:52:24 - [TEST_STEP][PASSED] - drivers.Driver.openApp(): drivers.Driver.openApp is PASSED

24-05-2025T00:52:26 - [MESSAGE][PASSED] - drivers.Driver.openApp is PASSED

24-05-2025T00:52:27 - [TEST_STEP][PASSED] - REQUEST_NAME = "Trình ký PDF có sẵn": null

24-05-2025T00:52:27 - [TEST_STEP][PASSED] - COMMENT = "Commented by automation team": null

24-05-2025T00:52:27 - [TEST_STEP][PASSED] - auto5 = DataTest.getUserTest5(): null

24-05-2025T00:52:27 - [TEST_STEP][PASSED] - auto6 = DataTest.getUserTest6(): null

24-05-2025T00:52:27 - [TEST_STEP][PASSED] - document = DataTest.createDocumentTest(auto5, auto6, null, "dummy.pdf", "dummy.docx"): null

24-05-2025T00:52:27 - [TEST_STEP][PASSED] - loginScreen.login(auto5): null

24-05-2025T00:52:34 - [TEST_STEP][PASSED] - homeScreen.openRequestList(): null

24-05-2025T00:52:39 - [TEST_STEP][PASSED] - homeScreen.createRequest(REQUEST_NAME): null

24-05-2025T00:52:45 - [TEST_STEP][PASSED] - pdfSignScreen.fillInTitle(document.getTitle()): null

24-05-2025T00:52:48 - [TEST_STEP][PASSED] - pdfSignScreen.selectPriority(document.getPriority()): null

24-05-2025T00:52:49 - [TEST_STEP][PASSED] - pdfSignScreen.selectTime(document.getTime()): null

24-05-2025T00:52:52 - [TEST_STEP][PASSED] - pdfSignScreen.fillInDescription(document.getDescription()): null

24-05-2025T00:52:54 - [TEST_STEP][PASSED] - pdfSignScreen.selectAssigner(getAssigner().getEmail()): null

24-05-2025T00:53:00 - [TEST_STEP][PASSED] - pdfSignScreen.openMainFileBrowser(): null

24-05-2025T00:53:06 - [TEST_STEP][PASSED] - fileBrowserScreen.attachFile(document.getMainFileName()): null

24-05-2025T00:53:15 - [TEST_STEP][PASSED] - pdfSignScreen.openSubFileBrowser(): null

24-05-2025T00:53:16 - [TEST_STEP][PASSED] - fileBrowserScreen.attachFile(document.getSubFileName()): null

24-05-2025T00:53:25 - [TEST_STEP][PASSED] - pdfSignScreen.clickOnBackBtn(): null

24-05-2025T00:53:25 - [TEST_STEP][PASSED] - pdfSignScreen.submitSaveDocument(): null

24-05-2025T00:53:26 - [TEST_STEP][PASSED] - document.setStatus(DRAFTED): null

24-05-2025T00:53:26 - [TEST_STEP][PASSED] - documentInformationScreen.backToHome(): null

24-05-2025T00:53:30 - [TEST_STEP][PASSED] - homeScreen.goToDraftDocument(): null

24-05-2025T00:53:39 - [TEST_STEP][PASSED] - draftDocumentScreen.loadDataResult(): null

24-05-2025T00:53:43 - [TEST_STEP][PASSED] - draftDocumentScreen.isDocumentNotDisplayed(document): Expected false condition

24-05-2025T00:53:54 - [MESSAGE][PASSED] - Expected false condition

24-05-2025T00:53:54 - [TEST_STEP][PASSED] - Start listener action : afterTest: null

24-05-2025T00:53:54 - [TEST_STEP][PASSED] - if (testCaseStatus != "PASSED"): null

24-05-2025T00:53:54 - [TEST_STEP][PASSED] - drivers.Driver.closeApp(): drivers.Driver.closeApp is PASSED

24-05-2025T00:53:55 - [MESSAGE][PASSED] - drivers.Driver.closeApp is PASSED

24-05-2025T00:53:55 - [TEST_STEP][PASSED] - if (tsContext == null): null]]></system-out>
         <system-err><![CDATA[]]></system-err>
      </testcase>
      <testcase name="Test Cases/IPAPER APP/037 LAY Y KIEN NHANH_KHONG NHAP Y KIEN" time="144.836" classname="Test Cases/IPAPER APP/037 LAY Y KIEN NHANH_KHONG NHAP Y KIEN" status="PASSED">
         <system-out><![CDATA[24-05-2025T00:53:55 - [TEST_CASE][PASSED] - Test Cases/IPAPER APP/037 LAY Y KIEN NHANH_KHONG NHAP Y KIEN: Test Cases/IPAPER APP/037 LAY Y KIEN NHANH_KHONG NHAP Y KIEN

24-05-2025T00:53:55 - [TEST_STEP][PASSED] - Start listener action : beforeTest: drivers.Driver.openApp is PASSED

24-05-2025T00:53:55 - [TEST_STEP][PASSED] - DataTest.init(): null

24-05-2025T00:53:55 - [TEST_STEP][PASSED] - testCaseId = split("/").last(): null

24-05-2025T00:53:55 - [TEST_STEP][PASSED] - if (!(drivers.Driver.isAppiumRunning())): drivers.Driver.isAppiumRunning is PASSED

24-05-2025T00:53:55 - [MESSAGE][INFO] - Appium running: true

24-05-2025T00:53:55 - [MESSAGE][PASSED] - drivers.Driver.isAppiumRunning is PASSED

24-05-2025T00:53:55 - [TEST_STEP][PASSED] - if (driver == null || driver.getSessionId() == null): null

24-05-2025T00:53:55 - [TEST_STEP][PASSED] - drivers.Driver.openApp(): drivers.Driver.openApp is PASSED

24-05-2025T00:53:57 - [MESSAGE][PASSED] - drivers.Driver.openApp is PASSED

24-05-2025T00:53:57 - [TEST_STEP][PASSED] - REQUEST_NAME = "Trình ký PDF có sẵn": null

24-05-2025T00:53:57 - [TEST_STEP][PASSED] - USER_CREATE_COMMENT = "Commented by user create document": null

24-05-2025T00:53:57 - [TEST_STEP][PASSED] - ASSIGNER_COMMENT = "Không có bình luận": null

24-05-2025T00:53:57 - [TEST_STEP][PASSED] - documentTitle = "Trình ký " + System.currentTimeMillis(): null

24-05-2025T00:53:57 - [TEST_STEP][PASSED] - auto5 = DataTest.getUserTest5(): null

24-05-2025T00:53:57 - [TEST_STEP][PASSED] - auto6 = DataTest.getUserTest6(): null

24-05-2025T00:53:57 - [TEST_STEP][PASSED] - document = DataTest.createDocumentTest(auto5, auto6, null, "dummy.pdf", "dummy.pdf"): null

24-05-2025T00:53:57 - [TEST_STEP][PASSED] - loginScreen.login(auto5): null

24-05-2025T00:54:05 - [TEST_STEP][PASSED] - homeScreen.openRequestList(): null

24-05-2025T00:54:10 - [TEST_STEP][PASSED] - homeScreen.createRequest(REQUEST_NAME): null

24-05-2025T00:54:16 - [TEST_STEP][PASSED] - pdfSignScreen.fillInTitle(document.getTitle()): null

24-05-2025T00:54:19 - [TEST_STEP][PASSED] - pdfSignScreen.selectPriority(document.getPriority()): null

24-05-2025T00:54:21 - [TEST_STEP][PASSED] - pdfSignScreen.selectTime(document.getTime()): null

24-05-2025T00:54:24 - [TEST_STEP][PASSED] - pdfSignScreen.fillInDescription(document.getDescription()): null

24-05-2025T00:54:26 - [TEST_STEP][PASSED] - pdfSignScreen.selectAssigner(getAssigner().getEmail()): null

24-05-2025T00:54:32 - [TEST_STEP][PASSED] - pdfSignScreen.openMainFileBrowser(): null

24-05-2025T00:54:37 - [TEST_STEP][PASSED] - fileBrowserScreen.attachFile(document.getMainFileName()): null

24-05-2025T00:54:46 - [TEST_STEP][PASSED] - pdfSignScreen.openSubFileBrowser(): null

24-05-2025T00:54:47 - [TEST_STEP][PASSED] - fileBrowserScreen.attachFile(document.getSubFileName()): null

24-05-2025T00:54:56 - [TEST_STEP][PASSED] - pdfSignScreen.performAction(SEND_WITH_COMENT): null

24-05-2025T00:54:59 - [TEST_STEP][PASSED] - pdfSignScreen.fillInOpinion(USER_CREATE_COMMENT): null

24-05-2025T00:55:00 - [TEST_STEP][PASSED] - pdfSignScreen.submitRequest(): null

24-05-2025T00:55:08 - [TEST_STEP][PASSED] - documentInformationScreen.backToHome(): null

24-05-2025T00:55:08 - [TEST_STEP][PASSED] - homeScreen.logout(): null

24-05-2025T00:55:17 - [TEST_STEP][PASSED] - document.setStatus(WAIT_GET_COMMENT): null

24-05-2025T00:55:17 - [TEST_STEP][PASSED] - document.setAssigner(auto5): null

24-05-2025T00:55:17 - [TEST_STEP][PASSED] - loginScreen.login(auto6): null

24-05-2025T00:55:25 - [TEST_STEP][PASSED] - homeScreen.goToIncomingDocument(): null

24-05-2025T00:55:25 - [TEST_STEP][PASSED] - inComingDocument.viewInformationDocument(document): View document Trình ký 1748022837881

24-05-2025T00:55:25 - [MESSAGE][INFO] - View document Trình ký 1748022837881

24-05-2025T00:55:32 - [TEST_STEP][PASSED] - documentInformationScreen.checkDocumentTitle(document): Verify equals GUI: Trình ký 1748022837881 - DATA: Trình ký 1748022837881

24-05-2025T00:55:32 - [MESSAGE][PASSED] - Verify equals GUI: Trình ký 1748022837881 - DATA: Trình ký 1748022837881

24-05-2025T00:55:32 - [TEST_STEP][PASSED] - documentInformationScreen.checkSender(document): Verify equals GUI: Auto Test User 1 - DATA: Auto Test User 1

24-05-2025T00:55:32 - [MESSAGE][PASSED] - Verify equals GUI: Auto Test User 1 - DATA: Auto Test User 1

24-05-2025T00:55:32 - [TEST_STEP][PASSED] - documentInformationScreen.checkStatus(document): Verify equals GUI: Chờ lấy ý kiến - DATA: Chờ lấy ý kiến

24-05-2025T00:55:32 - [MESSAGE][PASSED] - Verify equals GUI: Chờ lấy ý kiến - DATA: Chờ lấy ý kiến

24-05-2025T00:55:32 - [TEST_STEP][PASSED] - documentInformationScreen.checkCreateDate(): Verify equals GUI: 24/05/2025 - DATA: 24/05/2025

24-05-2025T00:55:32 - [MESSAGE][PASSED] - Verify equals GUI: 24/05/2025 - DATA: 24/05/2025

24-05-2025T00:55:32 - [TEST_STEP][PASSED] - documentInformationScreen.checkFinishDate(document): Verify equals GUI: 25/05/2025 - DATA: 25/05/2025

24-05-2025T00:55:33 - [MESSAGE][PASSED] - Verify equals GUI: 25/05/2025 - DATA: 25/05/2025

24-05-2025T00:55:33 - [TEST_STEP][PASSED] - documentInformationScreen.checkPriority(document): Verify equals GUI: Khẩn cấp - DATA: Khẩn cấp

24-05-2025T00:55:33 - [MESSAGE][PASSED] - Verify equals GUI: Khẩn cấp - DATA: Khẩn cấp

24-05-2025T00:55:33 - [TEST_STEP][PASSED] - documentInformationScreen.checkDescription(document): Verify equals GUI: 037 LAY Y KIEN NHANH_KHONG NHAP Y KIEN - DATA: 037 LAY Y KIEN NHANH_KHONG NHAP Y KIEN

24-05-2025T00:55:33 - [MESSAGE][PASSED] - Verify equals GUI: 037 LAY Y KIEN NHANH_KHONG NHAP Y KIEN - DATA: 037 LAY Y KIEN NHANH_KHONG NHAP Y KIEN

24-05-2025T00:55:33 - [TEST_STEP][PASSED] - documentInformationScreen.checkAssigner(document): Verify contains GUI: auto1@hdbank.com.vn - DATA: auto1@hdbank.com.vn

24-05-2025T00:55:34 - [MESSAGE][PASSED] - Verify contains GUI: auto1@hdbank.com.vn - DATA: auto1@hdbank.com.vn

24-05-2025T00:55:34 - [TEST_STEP][PASSED] - documentInformationScreen.checkPresentFileName(document): Verify contains GUI: dummy_20250524005447.ozd - DATA: dummy

24-05-2025T00:55:35 - [MESSAGE][PASSED] - Verify contains GUI: dummy_20250524005447.ozd - DATA: dummy

24-05-2025T00:55:35 - [TEST_STEP][PASSED] - documentInformationScreen.checkAttachFileName(document): Expected true condition

24-05-2025T00:55:37 - [MESSAGE][PASSED] - Expected true condition

24-05-2025T00:55:37 - [TEST_STEP][PASSED] - documentInformationScreen.backToHome(): null

24-05-2025T00:55:42 - [TEST_STEP][PASSED] - inComingDocument.performAction(document, SEND_COMMENT, ASSIGNER_COMMENT): null

24-05-2025T00:55:50 - [TEST_STEP][PASSED] - document.setSender(auto6): null

24-05-2025T00:55:50 - [TEST_STEP][PASSED] - inComingDocument.checkItemInDocument(): null

24-05-2025T00:55:50 - [TEST_STEP][PASSED] - homeScreen.goToOutComingDocument(): null

24-05-2025T00:56:00 - [TEST_STEP][PASSED] - outComingDocument.viewInformationDocument(document): null

24-05-2025T00:56:01 - [TEST_STEP][PASSED] - documentInformationScreen.checkDocumentTitle(document): Verify equals GUI: Trình ký 1748022837881 - DATA: Trình ký 1748022837881

24-05-2025T00:56:06 - [MESSAGE][PASSED] - Verify equals GUI: Trình ký 1748022837881 - DATA: Trình ký 1748022837881

24-05-2025T00:56:06 - [TEST_STEP][PASSED] - documentInformationScreen.checkSender(document): Verify equals GUI: Auto Test User 2 - DATA: Auto Test User 2

24-05-2025T00:56:06 - [MESSAGE][PASSED] - Verify equals GUI: Auto Test User 2 - DATA: Auto Test User 2

24-05-2025T00:56:06 - [TEST_STEP][PASSED] - documentInformationScreen.checkStatus(document): Verify equals GUI: Đã lấy ý kiến - DATA: Đã lấy ý kiến

24-05-2025T00:56:06 - [MESSAGE][PASSED] - Verify equals GUI: Đã lấy ý kiến - DATA: Đã lấy ý kiến

24-05-2025T00:56:06 - [TEST_STEP][PASSED] - documentInformationScreen.checkCreateDate(): Verify equals GUI: 24/05/2025 - DATA: 24/05/2025

24-05-2025T00:56:06 - [MESSAGE][PASSED] - Verify equals GUI: 24/05/2025 - DATA: 24/05/2025

24-05-2025T00:56:06 - [TEST_STEP][PASSED] - documentInformationScreen.checkFinishDate(document): Verify equals GUI: 25/05/2025 - DATA: 25/05/2025

24-05-2025T00:56:06 - [MESSAGE][PASSED] - Verify equals GUI: 25/05/2025 - DATA: 25/05/2025

24-05-2025T00:56:06 - [TEST_STEP][PASSED] - documentInformationScreen.checkPriority(document): Verify equals GUI: Khẩn cấp - DATA: Khẩn cấp

24-05-2025T00:56:06 - [MESSAGE][PASSED] - Verify equals GUI: Khẩn cấp - DATA: Khẩn cấp

24-05-2025T00:56:06 - [TEST_STEP][PASSED] - documentInformationScreen.checkDescription(document): Verify equals GUI: 037 LAY Y KIEN NHANH_KHONG NHAP Y KIEN - DATA: 037 LAY Y KIEN NHANH_KHONG NHAP Y KIEN

24-05-2025T00:56:06 - [MESSAGE][PASSED] - Verify equals GUI: 037 LAY Y KIEN NHANH_KHONG NHAP Y KIEN - DATA: 037 LAY Y KIEN NHANH_KHONG NHAP Y KIEN

24-05-2025T00:56:06 - [TEST_STEP][PASSED] - documentInformationScreen.isAssignerDisplayed(): Check sender not displayed

24-05-2025T00:56:09 - [MESSAGE][PASSED] - Check sender not displayed

24-05-2025T00:56:09 - [TEST_STEP][PASSED] - documentInformationScreen.checkPresentFileName(document): Verify contains GUI: dummy_20250524005447.ozd - DATA: dummy

24-05-2025T00:56:10 - [MESSAGE][PASSED] - Verify contains GUI: dummy_20250524005447.ozd - DATA: dummy

24-05-2025T00:56:10 - [TEST_STEP][PASSED] - documentInformationScreen.checkAttachFileName(document): Expected true condition

24-05-2025T00:56:12 - [MESSAGE][PASSED] - Expected true condition

24-05-2025T00:56:12 - [TEST_STEP][PASSED] - documentInformationScreen.checkComment(auto6, ASSIGNER_COMMENT): Check comment of Auto Test User 2 is Không có bình luận

24-05-2025T00:56:13 - [MESSAGE][INFO] - GUI COMMENT: Không có bình luận - DATA COMMENT: Không có bình luận

24-05-2025T00:56:13 - [MESSAGE][PASSED] - Check comment of Auto Test User 2 is Không có bình luận

24-05-2025T00:56:13 - [TEST_STEP][PASSED] - documentInformationScreen.checkComment(auto5, USER_CREATE_COMMENT): Check comment of Auto Test User 1 is Commented by user create document

24-05-2025T00:56:15 - [MESSAGE][INFO] - GUI COMMENT: Commented by user create document - DATA COMMENT: Commented by user create document

24-05-2025T00:56:15 - [MESSAGE][PASSED] - Check comment of Auto Test User 1 is Commented by user create document

24-05-2025T00:56:15 - [TEST_STEP][PASSED] - documentInformationScreen.backToHome(): null

24-05-2025T00:56:19 - [TEST_STEP][PASSED] - inComingDocument.checkItemInDocument(): null

24-05-2025T00:56:19 - [TEST_STEP][PASSED] - Start listener action : afterTest: null

24-05-2025T00:56:19 - [TEST_STEP][PASSED] - if (testCaseStatus != "PASSED"): null

24-05-2025T00:56:19 - [TEST_STEP][PASSED] - drivers.Driver.closeApp(): drivers.Driver.closeApp is PASSED

24-05-2025T00:56:20 - [MESSAGE][PASSED] - drivers.Driver.closeApp is PASSED

24-05-2025T00:56:20 - [TEST_STEP][PASSED] - if (tsContext == null): null]]></system-out>
         <system-err><![CDATA[]]></system-err>
      </testcase>
      <testcase name="Test Cases/IPAPER APP/038 LAY Y KIEN NHANH_NHAP Y KIEN" time="142.79" classname="Test Cases/IPAPER APP/038 LAY Y KIEN NHANH_NHAP Y KIEN" status="PASSED">
         <system-out><![CDATA[24-05-2025T00:56:20 - [TEST_CASE][PASSED] - Test Cases/IPAPER APP/038 LAY Y KIEN NHANH_NHAP Y KIEN: Test Cases/IPAPER APP/038 LAY Y KIEN NHANH_NHAP Y KIEN

24-05-2025T00:56:20 - [TEST_STEP][PASSED] - Start listener action : beforeTest: drivers.Driver.openApp is PASSED

24-05-2025T00:56:20 - [TEST_STEP][PASSED] - DataTest.init(): null

24-05-2025T00:56:20 - [TEST_STEP][PASSED] - testCaseId = split("/").last(): null

24-05-2025T00:56:20 - [TEST_STEP][PASSED] - if (!(drivers.Driver.isAppiumRunning())): drivers.Driver.isAppiumRunning is PASSED

24-05-2025T00:56:20 - [MESSAGE][INFO] - Appium running: true

24-05-2025T00:56:20 - [MESSAGE][PASSED] - drivers.Driver.isAppiumRunning is PASSED

24-05-2025T00:56:20 - [TEST_STEP][PASSED] - if (driver == null || driver.getSessionId() == null): null

24-05-2025T00:56:20 - [TEST_STEP][PASSED] - drivers.Driver.openApp(): drivers.Driver.openApp is PASSED

24-05-2025T00:56:22 - [MESSAGE][PASSED] - drivers.Driver.openApp is PASSED

24-05-2025T00:56:22 - [TEST_STEP][PASSED] - REQUEST_NAME = "Trình ký PDF có sẵn": null

24-05-2025T00:56:22 - [TEST_STEP][PASSED] - USER_CREATE_COMMENT = "Commented by user create document": null

24-05-2025T00:56:22 - [TEST_STEP][PASSED] - ASSIGNER_COMMENT = "Comment by assigner": null

24-05-2025T00:56:22 - [TEST_STEP][PASSED] - documentTitle = "Trình ký " + System.currentTimeMillis(): null

24-05-2025T00:56:22 - [TEST_STEP][PASSED] - auto5 = DataTest.getUserTest5(): null

24-05-2025T00:56:22 - [TEST_STEP][PASSED] - auto6 = DataTest.getUserTest6(): null

24-05-2025T00:56:22 - [TEST_STEP][PASSED] - document = DataTest.createDocumentTest(auto5, auto6, null, "dummy.pdf", "dummy.pdf"): null

24-05-2025T00:56:22 - [TEST_STEP][PASSED] - loginScreen.login(auto5): null

24-05-2025T00:56:29 - [TEST_STEP][PASSED] - homeScreen.openRequestList(): null

24-05-2025T00:56:35 - [TEST_STEP][PASSED] - homeScreen.createRequest(REQUEST_NAME): null

24-05-2025T00:56:41 - [TEST_STEP][PASSED] - pdfSignScreen.fillInTitle(document.getTitle()): null

24-05-2025T00:56:43 - [TEST_STEP][PASSED] - pdfSignScreen.selectPriority(document.getPriority()): null

24-05-2025T00:56:46 - [TEST_STEP][PASSED] - pdfSignScreen.selectTime(document.getTime()): null

24-05-2025T00:56:48 - [TEST_STEP][PASSED] - pdfSignScreen.fillInDescription(document.getDescription()): null

24-05-2025T00:56:50 - [TEST_STEP][PASSED] - pdfSignScreen.selectAssigner(getAssigner().getEmail()): null

24-05-2025T00:56:56 - [TEST_STEP][PASSED] - pdfSignScreen.openMainFileBrowser(): null

24-05-2025T00:57:01 - [TEST_STEP][PASSED] - fileBrowserScreen.attachFile(document.getMainFileName()): null

24-05-2025T00:57:11 - [TEST_STEP][PASSED] - pdfSignScreen.openSubFileBrowser(): null

24-05-2025T00:57:11 - [TEST_STEP][PASSED] - fileBrowserScreen.attachFile(document.getSubFileName()): null

24-05-2025T00:57:20 - [TEST_STEP][PASSED] - pdfSignScreen.performAction(SEND_WITH_COMENT): null

24-05-2025T00:57:23 - [TEST_STEP][PASSED] - pdfSignScreen.fillInOpinion(USER_CREATE_COMMENT): null

24-05-2025T00:57:24 - [TEST_STEP][PASSED] - pdfSignScreen.submitRequest(): null

24-05-2025T00:57:32 - [TEST_STEP][PASSED] - documentInformationScreen.backToHome(): null

24-05-2025T00:57:32 - [TEST_STEP][PASSED] - homeScreen.logout(): null

24-05-2025T00:57:41 - [TEST_STEP][PASSED] - document.setStatus(WAIT_GET_COMMENT): null

24-05-2025T00:57:41 - [TEST_STEP][PASSED] - document.setAssigner(auto5): null

24-05-2025T00:57:41 - [TEST_STEP][PASSED] - loginScreen.login(auto6): null

24-05-2025T00:57:48 - [TEST_STEP][PASSED] - homeScreen.goToIncomingDocument(): null

24-05-2025T00:57:48 - [TEST_STEP][PASSED] - inComingDocument.viewInformationDocument(document): View document Trình ký 1748022982890

24-05-2025T00:57:48 - [MESSAGE][INFO] - View document Trình ký 1748022982890

24-05-2025T00:57:55 - [TEST_STEP][PASSED] - documentInformationScreen.checkDocumentTitle(document): Verify equals GUI: Trình ký 1748022982890 - DATA: Trình ký 1748022982890

24-05-2025T00:57:55 - [MESSAGE][PASSED] - Verify equals GUI: Trình ký 1748022982890 - DATA: Trình ký 1748022982890

24-05-2025T00:57:55 - [TEST_STEP][PASSED] - documentInformationScreen.checkSender(document): Verify equals GUI: Auto Test User 1 - DATA: Auto Test User 1

24-05-2025T00:57:55 - [MESSAGE][PASSED] - Verify equals GUI: Auto Test User 1 - DATA: Auto Test User 1

24-05-2025T00:57:55 - [TEST_STEP][PASSED] - documentInformationScreen.checkStatus(document): Verify equals GUI: Chờ lấy ý kiến - DATA: Chờ lấy ý kiến

24-05-2025T00:57:55 - [MESSAGE][PASSED] - Verify equals GUI: Chờ lấy ý kiến - DATA: Chờ lấy ý kiến

24-05-2025T00:57:55 - [TEST_STEP][PASSED] - documentInformationScreen.checkCreateDate(): Verify equals GUI: 24/05/2025 - DATA: 24/05/2025

24-05-2025T00:57:55 - [MESSAGE][PASSED] - Verify equals GUI: 24/05/2025 - DATA: 24/05/2025

24-05-2025T00:57:55 - [TEST_STEP][PASSED] - documentInformationScreen.checkFinishDate(document): Verify equals GUI: 25/05/2025 - DATA: 25/05/2025

24-05-2025T00:57:55 - [MESSAGE][PASSED] - Verify equals GUI: 25/05/2025 - DATA: 25/05/2025

24-05-2025T00:57:55 - [TEST_STEP][PASSED] - documentInformationScreen.checkPriority(document): Verify equals GUI: Cao - DATA: Cao

24-05-2025T00:57:55 - [MESSAGE][PASSED] - Verify equals GUI: Cao - DATA: Cao

24-05-2025T00:57:55 - [TEST_STEP][PASSED] - documentInformationScreen.checkDescription(document): Verify equals GUI: 038 LAY Y KIEN NHANH_NHAP Y KIEN - DATA: 038 LAY Y KIEN NHANH_NHAP Y KIEN

24-05-2025T00:57:56 - [MESSAGE][PASSED] - Verify equals GUI: 038 LAY Y KIEN NHANH_NHAP Y KIEN - DATA: 038 LAY Y KIEN NHANH_NHAP Y KIEN

24-05-2025T00:57:56 - [TEST_STEP][PASSED] - documentInformationScreen.checkAssigner(document): Verify contains GUI: auto1@hdbank.com.vn - DATA: auto1@hdbank.com.vn

24-05-2025T00:57:57 - [MESSAGE][PASSED] - Verify contains GUI: auto1@hdbank.com.vn - DATA: auto1@hdbank.com.vn

24-05-2025T00:57:57 - [TEST_STEP][PASSED] - documentInformationScreen.checkPresentFileName(document): Verify contains GUI: dummy_20250524005711.ozd - DATA: dummy

24-05-2025T00:57:58 - [MESSAGE][PASSED] - Verify contains GUI: dummy_20250524005711.ozd - DATA: dummy

24-05-2025T00:57:58 - [TEST_STEP][PASSED] - documentInformationScreen.checkAttachFileName(document): Expected true condition

24-05-2025T00:58:00 - [MESSAGE][PASSED] - Expected true condition

24-05-2025T00:58:00 - [TEST_STEP][PASSED] - documentInformationScreen.backToHome(): null

24-05-2025T00:58:05 - [TEST_STEP][PASSED] - inComingDocument.performAction(document, SEND_COMMENT, ASSIGNER_COMMENT): null

24-05-2025T00:58:13 - [TEST_STEP][PASSED] - document.setSender(auto6): null

24-05-2025T00:58:13 - [TEST_STEP][PASSED] - inComingDocument.checkItemInDocument(): null

24-05-2025T00:58:13 - [TEST_STEP][PASSED] - homeScreen.goToOutComingDocument(): null

24-05-2025T00:58:23 - [TEST_STEP][PASSED] - outComingDocument.viewInformationDocument(document): null

24-05-2025T00:58:24 - [TEST_STEP][PASSED] - documentInformationScreen.checkDocumentTitle(document): Verify equals GUI: Trình ký 1748022982890 - DATA: Trình ký 1748022982890

24-05-2025T00:58:28 - [MESSAGE][PASSED] - Verify equals GUI: Trình ký 1748022982890 - DATA: Trình ký 1748022982890

24-05-2025T00:58:28 - [TEST_STEP][PASSED] - documentInformationScreen.checkSender(document): Verify equals GUI: Auto Test User 2 - DATA: Auto Test User 2

24-05-2025T00:58:28 - [MESSAGE][PASSED] - Verify equals GUI: Auto Test User 2 - DATA: Auto Test User 2

24-05-2025T00:58:28 - [TEST_STEP][PASSED] - documentInformationScreen.checkStatus(document): Verify equals GUI: Đã lấy ý kiến - DATA: Đã lấy ý kiến

24-05-2025T00:58:29 - [MESSAGE][PASSED] - Verify equals GUI: Đã lấy ý kiến - DATA: Đã lấy ý kiến

24-05-2025T00:58:29 - [TEST_STEP][PASSED] - documentInformationScreen.checkCreateDate(): Verify equals GUI: 24/05/2025 - DATA: 24/05/2025

24-05-2025T00:58:29 - [MESSAGE][PASSED] - Verify equals GUI: 24/05/2025 - DATA: 24/05/2025

24-05-2025T00:58:29 - [TEST_STEP][PASSED] - documentInformationScreen.checkFinishDate(document): Verify equals GUI: 25/05/2025 - DATA: 25/05/2025

24-05-2025T00:58:29 - [MESSAGE][PASSED] - Verify equals GUI: 25/05/2025 - DATA: 25/05/2025

24-05-2025T00:58:29 - [TEST_STEP][PASSED] - documentInformationScreen.checkPriority(document): Verify equals GUI: Cao - DATA: Cao

24-05-2025T00:58:29 - [MESSAGE][PASSED] - Verify equals GUI: Cao - DATA: Cao

24-05-2025T00:58:29 - [TEST_STEP][PASSED] - documentInformationScreen.checkDescription(document): Verify equals GUI: 038 LAY Y KIEN NHANH_NHAP Y KIEN - DATA: 038 LAY Y KIEN NHANH_NHAP Y KIEN

24-05-2025T00:58:29 - [MESSAGE][PASSED] - Verify equals GUI: 038 LAY Y KIEN NHANH_NHAP Y KIEN - DATA: 038 LAY Y KIEN NHANH_NHAP Y KIEN

24-05-2025T00:58:29 - [TEST_STEP][PASSED] - documentInformationScreen.isAssignerDisplayed(): Check sender not displayed

24-05-2025T00:58:32 - [MESSAGE][PASSED] - Check sender not displayed

24-05-2025T00:58:32 - [TEST_STEP][PASSED] - documentInformationScreen.checkPresentFileName(document): Verify contains GUI: dummy_20250524005711.ozd - DATA: dummy

24-05-2025T00:58:33 - [MESSAGE][PASSED] - Verify contains GUI: dummy_20250524005711.ozd - DATA: dummy

24-05-2025T00:58:33 - [TEST_STEP][PASSED] - documentInformationScreen.checkAttachFileName(document): Expected true condition

24-05-2025T00:58:34 - [MESSAGE][PASSED] - Expected true condition

24-05-2025T00:58:34 - [TEST_STEP][PASSED] - documentInformationScreen.checkComment(auto6, ASSIGNER_COMMENT): Check comment of Auto Test User 2 is Comment by assigner

24-05-2025T00:58:36 - [MESSAGE][INFO] - GUI COMMENT: Comment by assigner - DATA COMMENT: Comment by assigner

24-05-2025T00:58:36 - [MESSAGE][PASSED] - Check comment of Auto Test User 2 is Comment by assigner

24-05-2025T00:58:36 - [TEST_STEP][PASSED] - documentInformationScreen.checkComment(auto5, USER_CREATE_COMMENT): Check comment of Auto Test User 1 is Commented by user create document

24-05-2025T00:58:37 - [MESSAGE][INFO] - GUI COMMENT: Commented by user create document - DATA COMMENT: Commented by user create document

24-05-2025T00:58:37 - [MESSAGE][PASSED] - Check comment of Auto Test User 1 is Commented by user create document

24-05-2025T00:58:37 - [TEST_STEP][PASSED] - documentInformationScreen.backToHome(): null

24-05-2025T00:58:42 - [TEST_STEP][PASSED] - inComingDocument.checkItemInDocument(): null

24-05-2025T00:58:42 - [TEST_STEP][PASSED] - Start listener action : afterTest: null

24-05-2025T00:58:42 - [TEST_STEP][PASSED] - if (testCaseStatus != "PASSED"): null

24-05-2025T00:58:42 - [TEST_STEP][PASSED] - drivers.Driver.closeApp(): drivers.Driver.closeApp is PASSED

24-05-2025T00:58:42 - [MESSAGE][PASSED] - drivers.Driver.closeApp is PASSED

24-05-2025T00:58:42 - [TEST_STEP][PASSED] - if (tsContext == null): null]]></system-out>
         <system-err><![CDATA[]]></system-err>
      </testcase>
      <testcase name="Test Cases/IPAPER APP/039 LAY Y KIEN CHI TIET_NHAP Y KIEN" time="139.921" classname="Test Cases/IPAPER APP/039 LAY Y KIEN CHI TIET_NHAP Y KIEN" status="PASSED">
         <system-out><![CDATA[24-05-2025T00:58:42 - [TEST_CASE][PASSED] - Test Cases/IPAPER APP/039 LAY Y KIEN CHI TIET_NHAP Y KIEN: Test Cases/IPAPER APP/039 LAY Y KIEN CHI TIET_NHAP Y KIEN

24-05-2025T00:58:42 - [TEST_STEP][PASSED] - Start listener action : beforeTest: drivers.Driver.openApp is PASSED

24-05-2025T00:58:42 - [TEST_STEP][PASSED] - DataTest.init(): null

24-05-2025T00:58:42 - [TEST_STEP][PASSED] - testCaseId = split("/").last(): null

24-05-2025T00:58:42 - [TEST_STEP][PASSED] - if (!(drivers.Driver.isAppiumRunning())): drivers.Driver.isAppiumRunning is PASSED

24-05-2025T00:58:42 - [MESSAGE][INFO] - Appium running: true

24-05-2025T00:58:42 - [MESSAGE][PASSED] - drivers.Driver.isAppiumRunning is PASSED

24-05-2025T00:58:42 - [TEST_STEP][PASSED] - if (driver == null || driver.getSessionId() == null): null

24-05-2025T00:58:42 - [TEST_STEP][PASSED] - drivers.Driver.openApp(): drivers.Driver.openApp is PASSED

24-05-2025T00:58:45 - [MESSAGE][PASSED] - drivers.Driver.openApp is PASSED

24-05-2025T00:58:45 - [TEST_STEP][PASSED] - REQUEST_NAME = "Trình ký PDF có sẵn": null

24-05-2025T00:58:45 - [TEST_STEP][PASSED] - USER_CREATE_COMMENT = "Commented by user create document": null

24-05-2025T00:58:45 - [TEST_STEP][PASSED] - ASSIGNER_COMMENT = "Comment by assigner": null

24-05-2025T00:58:45 - [TEST_STEP][PASSED] - documentTitle = "Trình ký " + System.currentTimeMillis(): null

24-05-2025T00:58:45 - [TEST_STEP][PASSED] - auto5 = DataTest.getUserTest5(): null

24-05-2025T00:58:45 - [TEST_STEP][PASSED] - auto6 = DataTest.getUserTest6(): null

24-05-2025T00:58:45 - [TEST_STEP][PASSED] - document = DataTest.createDocumentTest(auto5, auto6, null, "dummy.pdf", "dummy.pdf"): null

24-05-2025T00:58:45 - [TEST_STEP][PASSED] - loginScreen.login(auto5): null

24-05-2025T00:58:53 - [TEST_STEP][PASSED] - homeScreen.openRequestList(): null

24-05-2025T00:58:58 - [TEST_STEP][PASSED] - homeScreen.createRequest(REQUEST_NAME): null

24-05-2025T00:59:04 - [TEST_STEP][PASSED] - pdfSignScreen.fillInTitle(document.getTitle()): null

24-05-2025T00:59:07 - [TEST_STEP][PASSED] - pdfSignScreen.selectPriority(document.getPriority()): null

24-05-2025T00:59:09 - [TEST_STEP][PASSED] - pdfSignScreen.selectTime(document.getTime()): null

24-05-2025T00:59:12 - [TEST_STEP][PASSED] - pdfSignScreen.fillInDescription(document.getDescription()): null

24-05-2025T00:59:13 - [TEST_STEP][PASSED] - pdfSignScreen.selectAssigner(getAssigner().getEmail()): null

24-05-2025T00:59:20 - [TEST_STEP][PASSED] - pdfSignScreen.openMainFileBrowser(): null

24-05-2025T00:59:25 - [TEST_STEP][PASSED] - fileBrowserScreen.attachFile(document.getMainFileName()): null

24-05-2025T00:59:33 - [TEST_STEP][PASSED] - pdfSignScreen.openSubFileBrowser(): null

24-05-2025T00:59:34 - [TEST_STEP][PASSED] - fileBrowserScreen.attachFile(document.getSubFileName()): null

24-05-2025T00:59:43 - [TEST_STEP][PASSED] - pdfSignScreen.performAction(SEND_WITH_COMENT): null

24-05-2025T00:59:46 - [TEST_STEP][PASSED] - pdfSignScreen.fillInOpinion(USER_CREATE_COMMENT): null

24-05-2025T00:59:47 - [TEST_STEP][PASSED] - pdfSignScreen.submitRequest(): null

24-05-2025T00:59:55 - [TEST_STEP][PASSED] - documentInformationScreen.backToHome(): null

24-05-2025T00:59:55 - [TEST_STEP][PASSED] - homeScreen.logout(): null

24-05-2025T01:00:04 - [TEST_STEP][PASSED] - document.setStatus(WAIT_GET_COMMENT): null

24-05-2025T01:00:04 - [TEST_STEP][PASSED] - document.setAssigner(auto5): null

24-05-2025T01:00:04 - [TEST_STEP][PASSED] - loginScreen.login(auto6): null

24-05-2025T01:00:12 - [TEST_STEP][PASSED] - homeScreen.goToIncomingDocument(): null

24-05-2025T01:00:12 - [TEST_STEP][PASSED] - inComingDocument.viewInformationDocument(document): View document Trình ký 1748023125530

24-05-2025T01:00:12 - [MESSAGE][INFO] - View document Trình ký 1748023125530

24-05-2025T01:00:18 - [TEST_STEP][PASSED] - documentInformationScreen.checkDocumentTitle(document): Verify equals GUI: Trình ký 1748023125530 - DATA: Trình ký 1748023125530

24-05-2025T01:00:19 - [MESSAGE][PASSED] - Verify equals GUI: Trình ký 1748023125530 - DATA: Trình ký 1748023125530

24-05-2025T01:00:19 - [TEST_STEP][PASSED] - documentInformationScreen.checkSender(document): Verify equals GUI: Auto Test User 1 - DATA: Auto Test User 1

24-05-2025T01:00:19 - [MESSAGE][PASSED] - Verify equals GUI: Auto Test User 1 - DATA: Auto Test User 1

24-05-2025T01:00:19 - [TEST_STEP][PASSED] - documentInformationScreen.checkStatus(document): Verify equals GUI: Chờ lấy ý kiến - DATA: Chờ lấy ý kiến

24-05-2025T01:00:19 - [MESSAGE][PASSED] - Verify equals GUI: Chờ lấy ý kiến - DATA: Chờ lấy ý kiến

24-05-2025T01:00:19 - [TEST_STEP][PASSED] - documentInformationScreen.checkCreateDate(): Verify equals GUI: 24/05/2025 - DATA: 24/05/2025

24-05-2025T01:00:19 - [MESSAGE][PASSED] - Verify equals GUI: 24/05/2025 - DATA: 24/05/2025

24-05-2025T01:00:19 - [TEST_STEP][PASSED] - documentInformationScreen.checkFinishDate(document): Verify equals GUI: 25/05/2025 - DATA: 25/05/2025

24-05-2025T01:00:19 - [MESSAGE][PASSED] - Verify equals GUI: 25/05/2025 - DATA: 25/05/2025

24-05-2025T01:00:19 - [TEST_STEP][PASSED] - documentInformationScreen.checkPriority(document): Verify equals GUI: Bình thường - DATA: Bình thường

24-05-2025T01:00:19 - [MESSAGE][PASSED] - Verify equals GUI: Bình thường - DATA: Bình thường

24-05-2025T01:00:19 - [TEST_STEP][PASSED] - documentInformationScreen.checkDescription(document): Verify equals GUI: 039 LAY Y KIEN CHI TIET_NHAP Y KIEN - DATA: 039 LAY Y KIEN CHI TIET_NHAP Y KIEN

24-05-2025T01:00:19 - [MESSAGE][PASSED] - Verify equals GUI: 039 LAY Y KIEN CHI TIET_NHAP Y KIEN - DATA: 039 LAY Y KIEN CHI TIET_NHAP Y KIEN

24-05-2025T01:00:19 - [TEST_STEP][PASSED] - documentInformationScreen.checkAssigner(document): Verify contains GUI: auto1@hdbank.com.vn - DATA: auto1@hdbank.com.vn

24-05-2025T01:00:21 - [MESSAGE][PASSED] - Verify contains GUI: auto1@hdbank.com.vn - DATA: auto1@hdbank.com.vn

24-05-2025T01:00:21 - [TEST_STEP][PASSED] - documentInformationScreen.checkPresentFileName(document): Verify contains GUI: dummy_20250524005934.ozd - DATA: dummy

24-05-2025T01:00:22 - [MESSAGE][PASSED] - Verify contains GUI: dummy_20250524005934.ozd - DATA: dummy

24-05-2025T01:00:22 - [TEST_STEP][PASSED] - documentInformationScreen.checkAttachFileName(document): Expected true condition

24-05-2025T01:00:23 - [MESSAGE][PASSED] - Expected true condition

24-05-2025T01:00:23 - [TEST_STEP][PASSED] - documentInformationScreen.performAction(document, COMMENT, ASSIGNER_COMMENT): null

24-05-2025T01:00:32 - [TEST_STEP][PASSED] - documentInformationScreen.backToHome(): null

24-05-2025T01:00:32 - [TEST_STEP][PASSED] - document.setSender(auto6): null

24-05-2025T01:00:32 - [TEST_STEP][PASSED] - inComingDocument.checkItemInDocument(): null

24-05-2025T01:00:32 - [TEST_STEP][PASSED] - homeScreen.goToOutComingDocument(): null

24-05-2025T01:00:43 - [TEST_STEP][PASSED] - outComingDocument.viewInformationDocument(document): null

24-05-2025T01:00:44 - [TEST_STEP][PASSED] - documentInformationScreen.checkDocumentTitle(document): Verify equals GUI: Trình ký 1748023125530 - DATA: Trình ký 1748023125530

24-05-2025T01:00:48 - [MESSAGE][PASSED] - Verify equals GUI: Trình ký 1748023125530 - DATA: Trình ký 1748023125530

24-05-2025T01:00:48 - [TEST_STEP][PASSED] - documentInformationScreen.checkSender(document): Verify equals GUI: Auto Test User 2 - DATA: Auto Test User 2

24-05-2025T01:00:48 - [MESSAGE][PASSED] - Verify equals GUI: Auto Test User 2 - DATA: Auto Test User 2

24-05-2025T01:00:48 - [TEST_STEP][PASSED] - documentInformationScreen.checkStatus(document): Verify equals GUI: Đã lấy ý kiến - DATA: Đã lấy ý kiến

24-05-2025T01:00:48 - [MESSAGE][PASSED] - Verify equals GUI: Đã lấy ý kiến - DATA: Đã lấy ý kiến

24-05-2025T01:00:48 - [TEST_STEP][PASSED] - documentInformationScreen.checkCreateDate(): Verify equals GUI: 24/05/2025 - DATA: 24/05/2025

24-05-2025T01:00:48 - [MESSAGE][PASSED] - Verify equals GUI: 24/05/2025 - DATA: 24/05/2025

24-05-2025T01:00:48 - [TEST_STEP][PASSED] - documentInformationScreen.checkFinishDate(document): Verify equals GUI: 25/05/2025 - DATA: 25/05/2025

24-05-2025T01:00:49 - [MESSAGE][PASSED] - Verify equals GUI: 25/05/2025 - DATA: 25/05/2025

24-05-2025T01:00:49 - [TEST_STEP][PASSED] - documentInformationScreen.checkPriority(document): Verify equals GUI: Bình thường - DATA: Bình thường

24-05-2025T01:00:49 - [MESSAGE][PASSED] - Verify equals GUI: Bình thường - DATA: Bình thường

24-05-2025T01:00:49 - [TEST_STEP][PASSED] - documentInformationScreen.checkDescription(document): Verify equals GUI: 039 LAY Y KIEN CHI TIET_NHAP Y KIEN - DATA: 039 LAY Y KIEN CHI TIET_NHAP Y KIEN

24-05-2025T01:00:49 - [MESSAGE][PASSED] - Verify equals GUI: 039 LAY Y KIEN CHI TIET_NHAP Y KIEN - DATA: 039 LAY Y KIEN CHI TIET_NHAP Y KIEN

24-05-2025T01:00:49 - [TEST_STEP][PASSED] - documentInformationScreen.isAssignerDisplayed(): Check sender not displayed

24-05-2025T01:00:52 - [MESSAGE][PASSED] - Check sender not displayed

24-05-2025T01:00:52 - [TEST_STEP][PASSED] - documentInformationScreen.checkPresentFileName(document): Verify contains GUI: dummy_20250524005934.ozd - DATA: dummy

24-05-2025T01:00:53 - [MESSAGE][PASSED] - Verify contains GUI: dummy_20250524005934.ozd - DATA: dummy

24-05-2025T01:00:53 - [TEST_STEP][PASSED] - documentInformationScreen.checkAttachFileName(document): Expected true condition

24-05-2025T01:00:55 - [MESSAGE][PASSED] - Expected true condition

24-05-2025T01:00:55 - [TEST_STEP][PASSED] - documentInformationScreen.checkComment(auto6, ASSIGNER_COMMENT): Check comment of Auto Test User 2 is Comment by assigner

24-05-2025T01:00:56 - [MESSAGE][INFO] - GUI COMMENT: Comment by assigner - DATA COMMENT: Comment by assigner

24-05-2025T01:00:56 - [MESSAGE][PASSED] - Check comment of Auto Test User 2 is Comment by assigner

24-05-2025T01:00:56 - [TEST_STEP][PASSED] - documentInformationScreen.checkComment(auto5, USER_CREATE_COMMENT): Check comment of Auto Test User 1 is Commented by user create document

24-05-2025T01:00:57 - [MESSAGE][INFO] - GUI COMMENT: Commented by user create document - DATA COMMENT: Commented by user create document

24-05-2025T01:00:57 - [MESSAGE][PASSED] - Check comment of Auto Test User 1 is Commented by user create document

24-05-2025T01:00:57 - [TEST_STEP][PASSED] - documentInformationScreen.backToHome(): null

24-05-2025T01:01:02 - [TEST_STEP][PASSED] - inComingDocument.checkItemInDocument(): null

24-05-2025T01:01:02 - [TEST_STEP][PASSED] - Start listener action : afterTest: null

24-05-2025T01:01:02 - [TEST_STEP][PASSED] - if (testCaseStatus != "PASSED"): null

24-05-2025T01:01:02 - [TEST_STEP][PASSED] - drivers.Driver.closeApp(): drivers.Driver.closeApp is PASSED

24-05-2025T01:01:02 - [MESSAGE][PASSED] - drivers.Driver.closeApp is PASSED

24-05-2025T01:01:02 - [TEST_STEP][PASSED] - if (tsContext == null): null]]></system-out>
         <system-err><![CDATA[]]></system-err>
      </testcase>
      <testcase name="Test Cases/IPAPER APP/038 TAO YEU CAU_SONG SONG" time="211.653" classname="Test Cases/IPAPER APP/038 TAO YEU CAU_SONG SONG" status="FAILED">
         <failure type="FAILED" message="Test Cases/IPAPER APP/038 TAO YEU CAU_SONG SONG FAILED.&#xa;Reason:&#xa;com.kms.katalon.core.exception.StepFailedException: Verify equals GUI: Auto Test User 2 - DATA: Auto Test User 1&#xa;	at com.kms.katalon.core.util.KeywordUtil.markFailed(KeywordUtil.java:19)&#xa;	at utilities.AssertUtilities.logResult(AssertUtilities.groovy:30)&#xa;	at utilities.AssertUtilities.checkEquals(AssertUtilities.groovy:11)&#xa;	at screens.DocumentInformationScreen.checkSender(DocumentInformationScreen.groovy:116)&#xa;	at 038 TAO YEU CAU_SONG SONG.run(038 TAO YEU CAU_SONG SONG:110)&#xa;	at com.kms.katalon.core.main.ScriptEngine.run(ScriptEngine.java:194)&#xa;	at com.kms.katalon.core.main.ScriptEngine.runScriptAsRawText(ScriptEngine.java:119)&#xa;	at com.kms.katalon.core.main.TestCaseExecutor.runScript(TestCaseExecutor.java:448)&#xa;	at com.kms.katalon.core.main.TestCaseExecutor.doExecute(TestCaseExecutor.java:439)&#xa;	at com.kms.katalon.core.main.TestCaseExecutor.processExecutionPhase(TestCaseExecutor.java:418)&#xa;	at com.kms.katalon.core.main.TestCaseExecutor.accessMainPhase(TestCaseExecutor.java:410)&#xa;	at com.kms.katalon.core.main.TestCaseExecutor.execute(TestCaseExecutor.java:285)&#xa;	at com.kms.katalon.core.main.TestCaseExecutor.execute(TestCaseExecutor.java:369)&#xa;	at com.kms.katalon.core.main.TestCaseExecutor.execute(TestCaseExecutor.java:369)&#xa;	at com.kms.katalon.core.main.TestCaseExecutor.execute(TestCaseExecutor.java:369)&#xa;	at com.kms.katalon.core.common.CommonExecutor.accessTestCaseMainPhase(CommonExecutor.java:65)&#xa;	at com.kms.katalon.core.main.TestSuiteExecutor.accessTestSuiteMainPhase(TestSuiteExecutor.java:150)&#xa;	at com.kms.katalon.core.main.TestSuiteExecutor.execute(TestSuiteExecutor.java:106)&#xa;	at com.kms.katalon.core.main.TestCaseMain.startTestSuite(TestCaseMain.java:180)&#xa;	at TempTestSuite1748015363748.run(TempTestSuite1748015363748.groovy:35)&#xa;	at java.base/jdk.internal.reflect.NativeMethodAccessorImpl.invoke0(Native Method)&#xa;	at java.base/jdk.internal.reflect.NativeMethodAccessorImpl.invoke(NativeMethodAccessorImpl.java:77)&#xa;	at java.base/jdk.internal.reflect.DelegatingMethodAccessorImpl.invoke(DelegatingMethodAccessorImpl.java:43)&#xa;"/>
         <system-out><![CDATA[24-05-2025T01:12:11 - [TEST_CASE][FAILED] - Test Cases/IPAPER APP/038 TAO YEU CAU_SONG SONG: Test Cases/IPAPER APP/038 TAO YEU CAU_SONG SONG FAILED.
Reason:
com.kms.katalon.core.exception.StepFailedException: Verify equals GUI: Auto Test User 2 - DATA: Auto Test User 1
	at com.kms.katalon.core.util.KeywordUtil.markFailed(KeywordUtil.java:19)
	at utilities.AssertUtilities.logResult(AssertUtilities.groovy:30)
	at utilities.AssertUtilities.checkEquals(AssertUtilities.groovy:11)
	at screens.DocumentInformationScreen.checkSender(DocumentInformationScreen.groovy:116)
	at 038 TAO YEU CAU_SONG SONG.run(038 TAO YEU CAU_SONG SONG:110)
	at com.kms.katalon.core.main.ScriptEngine.run(ScriptEngine.java:194)
	at com.kms.katalon.core.main.ScriptEngine.runScriptAsRawText(ScriptEngine.java:119)
	at com.kms.katalon.core.main.TestCaseExecutor.runScript(TestCaseExecutor.java:448)
	at com.kms.katalon.core.main.TestCaseExecutor.doExecute(TestCaseExecutor.java:439)
	at com.kms.katalon.core.main.TestCaseExecutor.processExecutionPhase(TestCaseExecutor.java:418)
	at com.kms.katalon.core.main.TestCaseExecutor.accessMainPhase(TestCaseExecutor.java:410)
	at com.kms.katalon.core.main.TestCaseExecutor.execute(TestCaseExecutor.java:285)
	at com.kms.katalon.core.main.TestCaseExecutor.execute(TestCaseExecutor.java:369)
	at com.kms.katalon.core.main.TestCaseExecutor.execute(TestCaseExecutor.java:369)
	at com.kms.katalon.core.main.TestCaseExecutor.execute(TestCaseExecutor.java:369)
	at com.kms.katalon.core.common.CommonExecutor.accessTestCaseMainPhase(CommonExecutor.java:65)
	at com.kms.katalon.core.main.TestSuiteExecutor.accessTestSuiteMainPhase(TestSuiteExecutor.java:150)
	at com.kms.katalon.core.main.TestSuiteExecutor.execute(TestSuiteExecutor.java:106)
	at com.kms.katalon.core.main.TestCaseMain.startTestSuite(TestCaseMain.java:180)
	at TempTestSuite1748015363748.run(TempTestSuite1748015363748.groovy:35)
	at java.base/jdk.internal.reflect.NativeMethodAccessorImpl.invoke0(Native Method)
	at java.base/jdk.internal.reflect.NativeMethodAccessorImpl.invoke(NativeMethodAccessorImpl.java:77)
	at java.base/jdk.internal.reflect.DelegatingMethodAccessorImpl.invoke(DelegatingMethodAccessorImpl.java:43)


24-05-2025T01:12:11 - [TEST_STEP][PASSED] - Start listener action : beforeTest: drivers.Driver.openApp is PASSED

24-05-2025T01:12:11 - [TEST_STEP][PASSED] - DataTest.init(): null

24-05-2025T01:12:11 - [TEST_STEP][PASSED] - testCaseId = split("/").last(): null

24-05-2025T01:12:11 - [TEST_STEP][PASSED] - if (!(drivers.Driver.isAppiumRunning())): drivers.Driver.isAppiumRunning is PASSED

24-05-2025T01:12:11 - [MESSAGE][INFO] - Appium running: true

24-05-2025T01:12:11 - [MESSAGE][PASSED] - drivers.Driver.isAppiumRunning is PASSED

24-05-2025T01:12:11 - [TEST_STEP][PASSED] - if (driver == null || driver.getSessionId() == null): null

24-05-2025T01:12:11 - [TEST_STEP][PASSED] - drivers.Driver.openApp(): drivers.Driver.openApp is PASSED

24-05-2025T01:12:13 - [MESSAGE][PASSED] - drivers.Driver.openApp is PASSED

24-05-2025T01:12:13 - [TEST_STEP][PASSED] - REQUEST_NAME = "Trình ký PDF có sẵn": null

24-05-2025T01:12:13 - [TEST_STEP][PASSED] - USER_CREATE_COMMENT = "Commented by user create document": null

24-05-2025T01:12:13 - [TEST_STEP][PASSED] - AUTO6_COMMENT = "Commented by auto6": null

24-05-2025T01:12:13 - [TEST_STEP][PASSED] - AUTO7_COMMENT = "Commented by auto7": null

24-05-2025T01:12:13 - [TEST_STEP][PASSED] - auto5 = DataTest.getUserTest5(): null

24-05-2025T01:12:13 - [TEST_STEP][PASSED] - auto6 = DataTest.getUserTest6(): null

24-05-2025T01:12:13 - [TEST_STEP][PASSED] - auto7 = DataTest.getUserTest7(): null

24-05-2025T01:12:13 - [TEST_STEP][PASSED] - document = DataTest.createDocumentTest(auto5, auto6, null, "dummy.pdf", "dummy.docx"): null

24-05-2025T01:12:13 - [TEST_STEP][PASSED] - loginScreen.login(auto5): null

24-05-2025T01:12:22 - [TEST_STEP][PASSED] - homeScreen.openRequestList(): null

24-05-2025T01:12:27 - [TEST_STEP][PASSED] - homeScreen.createRequest(REQUEST_NAME): null

24-05-2025T01:12:33 - [TEST_STEP][PASSED] - pdfSignScreen.fillInTitle(document.getTitle()): null

24-05-2025T01:12:36 - [TEST_STEP][PASSED] - pdfSignScreen.selectPriority(document.getPriority()): null

24-05-2025T01:12:38 - [TEST_STEP][PASSED] - pdfSignScreen.selectTime(document.getTime()): null

24-05-2025T01:12:41 - [TEST_STEP][PASSED] - pdfSignScreen.fillInDescription(document.getDescription()): null

24-05-2025T01:12:43 - [TEST_STEP][PASSED] - pdfSignScreen.selectAssigner(getAssigner().getEmail()): null

24-05-2025T01:12:50 - [TEST_STEP][PASSED] - pdfSignScreen.selectAssigner(auto7): null

24-05-2025T01:12:56 - [TEST_STEP][PASSED] - pdfSignScreen.openMainFileBrowser(): null

24-05-2025T01:13:01 - [TEST_STEP][PASSED] - fileBrowserScreen.attachFile(document.getMainFileName()): null

24-05-2025T01:13:10 - [TEST_STEP][PASSED] - pdfSignScreen.openSubFileBrowser(): null

24-05-2025T01:13:11 - [TEST_STEP][PASSED] - fileBrowserScreen.attachFile(document.getSubFileName()): null

24-05-2025T01:13:22 - [TEST_STEP][PASSED] - pdfSignScreen.performAction(SEND_APPROVE): null

24-05-2025T01:13:25 - [TEST_STEP][PASSED] - pdfSignScreen.fillInOpinion(USER_CREATE_COMMENT): null

24-05-2025T01:13:26 - [TEST_STEP][PASSED] - pdfSignScreen.submitRequest(): null

24-05-2025T01:13:36 - [TEST_STEP][PASSED] - documentInformationScreen.backToHome(): null

24-05-2025T01:13:36 - [TEST_STEP][PASSED] - homeScreen.logout(): null

24-05-2025T01:13:44 - [TEST_STEP][PASSED] - document.setStatus(WAIT_APPROVE): null

24-05-2025T01:13:44 - [TEST_STEP][PASSED] - document.setAssigner(auto5): null

24-05-2025T01:13:44 - [TEST_STEP][PASSED] - loginScreen.login(auto6): null

24-05-2025T01:13:53 - [TEST_STEP][PASSED] - homeScreen.goToIncomingDocument(): null

24-05-2025T01:13:53 - [TEST_STEP][PASSED] - inComingDocument.viewInformationDocument(document): View document Trình ký 1748023933943

24-05-2025T01:13:53 - [MESSAGE][INFO] - View document Trình ký 1748023933943

24-05-2025T01:14:00 - [TEST_STEP][PASSED] - documentInformationScreen.checkDocumentTitle(document): Verify equals GUI: Trình ký 1748023933943 - DATA: Trình ký 1748023933943

24-05-2025T01:14:00 - [MESSAGE][PASSED] - Verify equals GUI: Trình ký 1748023933943 - DATA: Trình ký 1748023933943

24-05-2025T01:14:00 - [TEST_STEP][PASSED] - documentInformationScreen.checkSender(document): Verify equals GUI: Auto Test User 1 - DATA: Auto Test User 1

24-05-2025T01:14:01 - [MESSAGE][PASSED] - Verify equals GUI: Auto Test User 1 - DATA: Auto Test User 1

24-05-2025T01:14:01 - [TEST_STEP][PASSED] - documentInformationScreen.checkCreateDate(): Verify equals GUI: 24/05/2025 - DATA: 24/05/2025

24-05-2025T01:14:01 - [MESSAGE][PASSED] - Verify equals GUI: 24/05/2025 - DATA: 24/05/2025

24-05-2025T01:14:01 - [TEST_STEP][PASSED] - documentInformationScreen.checkFinishDate(document): Verify equals GUI: 25/05/2025 - DATA: 25/05/2025

24-05-2025T01:14:01 - [MESSAGE][PASSED] - Verify equals GUI: 25/05/2025 - DATA: 25/05/2025

24-05-2025T01:14:01 - [TEST_STEP][PASSED] - documentInformationScreen.checkPriority(document): Verify equals GUI: Cao - DATA: Cao

24-05-2025T01:14:01 - [MESSAGE][PASSED] - Verify equals GUI: Cao - DATA: Cao

24-05-2025T01:14:01 - [TEST_STEP][PASSED] - documentInformationScreen.checkDescription(document): Verify equals GUI: 038 TAO YEU CAU_SONG SONG - DATA: 038 TAO YEU CAU_SONG SONG

24-05-2025T01:14:01 - [MESSAGE][PASSED] - Verify equals GUI: 038 TAO YEU CAU_SONG SONG - DATA: 038 TAO YEU CAU_SONG SONG

24-05-2025T01:14:01 - [TEST_STEP][PASSED] - documentInformationScreen.checkAssigner(document): Verify contains GUI: auto1@hdbank.com.vn - DATA: auto1@hdbank.com.vn

24-05-2025T01:14:02 - [MESSAGE][PASSED] - Verify contains GUI: auto1@hdbank.com.vn - DATA: auto1@hdbank.com.vn

24-05-2025T01:14:02 - [TEST_STEP][PASSED] - documentInformationScreen.checkPresentFileName(document): Verify contains GUI: dummy_20250524011311.ozd - DATA: dummy

24-05-2025T01:14:04 - [MESSAGE][PASSED] - Verify contains GUI: dummy_20250524011311.ozd - DATA: dummy

24-05-2025T01:14:04 - [TEST_STEP][PASSED] - documentInformationScreen.checkAttachFileName(document): Expected true condition

24-05-2025T01:14:05 - [MESSAGE][PASSED] - Expected true condition

24-05-2025T01:14:05 - [TEST_STEP][PASSED] - documentInformationScreen.performAction(document, APPROVE, AUTO6_COMMENT): null

24-05-2025T01:14:13 - [TEST_STEP][PASSED] - documentInformationScreen.backToHome(): null

24-05-2025T01:14:13 - [TEST_STEP][PASSED] - homeScreen.logout(): null

24-05-2025T01:14:21 - [TEST_STEP][PASSED] - document.setStatus(WAIT_APPROVE): null

24-05-2025T01:14:21 - [TEST_STEP][PASSED] - loginScreen.login(auto7): null

24-05-2025T01:14:30 - [TEST_STEP][PASSED] - homeScreen.goToIncomingDocument(): null

24-05-2025T01:14:30 - [TEST_STEP][PASSED] - inComingDocument.viewInformationDocument(document): View document Trình ký 1748023933943

24-05-2025T01:14:30 - [MESSAGE][INFO] - View document Trình ký 1748023933943

24-05-2025T01:14:37 - [TEST_STEP][PASSED] - documentInformationScreen.checkDocumentTitle(document): Verify equals GUI: Trình ký 1748023933943 - DATA: Trình ký 1748023933943

24-05-2025T01:14:37 - [MESSAGE][PASSED] - Verify equals GUI: Trình ký 1748023933943 - DATA: Trình ký 1748023933943

24-05-2025T01:14:37 - [TEST_STEP][PASSED] - documentInformationScreen.checkStatus(document): Verify equals GUI: Chờ giám sát phê duyệt - DATA: Chờ giám sát phê duyệt

24-05-2025T01:14:37 - [MESSAGE][PASSED] - Verify equals GUI: Chờ giám sát phê duyệt - DATA: Chờ giám sát phê duyệt

24-05-2025T01:14:37 - [TEST_STEP][FAILED] - documentInformationScreen.checkSender(document): Verify equals GUI: Auto Test User 2 - DATA: Auto Test User 1

24-05-2025T01:14:37 - [MESSAGE][FAILED] - Verify equals GUI: Auto Test User 2 - DATA: Auto Test User 1

24-05-2025T01:14:37 - [TEST_STEP][PASSED] - documentInformationScreen.checkCreateDate(): Verify equals GUI: 24/05/2025 - DATA: 24/05/2025

24-05-2025T01:14:37 - [MESSAGE][PASSED] - Verify equals GUI: 24/05/2025 - DATA: 24/05/2025

24-05-2025T01:14:37 - [TEST_STEP][PASSED] - documentInformationScreen.checkFinishDate(document): Verify equals GUI: 25/05/2025 - DATA: 25/05/2025

24-05-2025T01:14:37 - [MESSAGE][PASSED] - Verify equals GUI: 25/05/2025 - DATA: 25/05/2025

24-05-2025T01:14:37 - [TEST_STEP][PASSED] - documentInformationScreen.checkPriority(document): Verify equals GUI: Cao - DATA: Cao

24-05-2025T01:14:37 - [MESSAGE][PASSED] - Verify equals GUI: Cao - DATA: Cao

24-05-2025T01:14:37 - [TEST_STEP][PASSED] - documentInformationScreen.checkDescription(document): Verify equals GUI: 038 TAO YEU CAU_SONG SONG - DATA: 038 TAO YEU CAU_SONG SONG

24-05-2025T01:14:38 - [MESSAGE][PASSED] - Verify equals GUI: 038 TAO YEU CAU_SONG SONG - DATA: 038 TAO YEU CAU_SONG SONG

24-05-2025T01:14:38 - [TEST_STEP][PASSED] - documentInformationScreen.checkAssigner(document): Verify contains GUI: auto1@hdbank.com.vn - DATA: auto1@hdbank.com.vn

24-05-2025T01:14:39 - [MESSAGE][PASSED] - Verify contains GUI: auto1@hdbank.com.vn - DATA: auto1@hdbank.com.vn

24-05-2025T01:14:39 - [TEST_STEP][PASSED] - documentInformationScreen.checkPresentFileName(document): Verify contains GUI: dummy_20250524011311.ozd - DATA: dummy

24-05-2025T01:14:40 - [MESSAGE][PASSED] - Verify contains GUI: dummy_20250524011311.ozd - DATA: dummy

24-05-2025T01:14:40 - [TEST_STEP][PASSED] - documentInformationScreen.checkAttachFileName(document): Expected true condition

24-05-2025T01:14:42 - [MESSAGE][PASSED] - Expected true condition

24-05-2025T01:14:42 - [TEST_STEP][PASSED] - documentInformationScreen.performAction(document, APPROVE, AUTO7_COMMENT): null

24-05-2025T01:14:51 - [TEST_STEP][PASSED] - documentInformationScreen.backToHome(): null

24-05-2025T01:14:51 - [TEST_STEP][PASSED] - homeScreen.logout(): null

24-05-2025T01:14:59 - [TEST_STEP][PASSED] - document.setSender(auto7): null

24-05-2025T01:14:59 - [TEST_STEP][PASSED] - loginScreen.login(auto5): null

24-05-2025T01:15:09 - [TEST_STEP][PASSED] - homeScreen.goToOutComingDocument(): null

24-05-2025T01:15:20 - [TEST_STEP][PASSED] - outComingDocument.viewInformationDocument(document): null

24-05-2025T01:15:21 - [TEST_STEP][PASSED] - documentInformationScreen.checkDocumentTitle(document): Verify equals GUI: Trình ký 1748023933943 - DATA: Trình ký 1748023933943

24-05-2025T01:15:26 - [MESSAGE][PASSED] - Verify equals GUI: Trình ký 1748023933943 - DATA: Trình ký 1748023933943

24-05-2025T01:15:26 - [TEST_STEP][PASSED] - documentInformationScreen.checkStatus(document): Verify equals GUI: Đã duyệt - DATA: Đã duyệt

24-05-2025T01:15:26 - [MESSAGE][PASSED] - Verify equals GUI: Đã duyệt - DATA: Đã duyệt

24-05-2025T01:15:26 - [TEST_STEP][PASSED] - documentInformationScreen.checkSender(document): Verify equals GUI: Auto Test User 3 - DATA: Auto Test User 3

24-05-2025T01:15:26 - [MESSAGE][PASSED] - Verify equals GUI: Auto Test User 3 - DATA: Auto Test User 3

24-05-2025T01:15:26 - [TEST_STEP][PASSED] - documentInformationScreen.checkCreateDate(): Verify equals GUI: 24/05/2025 - DATA: 24/05/2025

24-05-2025T01:15:26 - [MESSAGE][PASSED] - Verify equals GUI: 24/05/2025 - DATA: 24/05/2025

24-05-2025T01:15:26 - [TEST_STEP][PASSED] - documentInformationScreen.checkFinishDate(document): Verify equals GUI: 25/05/2025 - DATA: 25/05/2025

24-05-2025T01:15:26 - [MESSAGE][PASSED] - Verify equals GUI: 25/05/2025 - DATA: 25/05/2025

24-05-2025T01:15:26 - [TEST_STEP][PASSED] - documentInformationScreen.checkPriority(document): Verify equals GUI: Cao - DATA: Cao

24-05-2025T01:15:27 - [MESSAGE][PASSED] - Verify equals GUI: Cao - DATA: Cao

24-05-2025T01:15:27 - [TEST_STEP][PASSED] - documentInformationScreen.checkDescription(document): Verify equals GUI: 038 TAO YEU CAU_SONG SONG - DATA: 038 TAO YEU CAU_SONG SONG

24-05-2025T01:15:27 - [MESSAGE][PASSED] - Verify equals GUI: 038 TAO YEU CAU_SONG SONG - DATA: 038 TAO YEU CAU_SONG SONG

24-05-2025T01:15:27 - [TEST_STEP][PASSED] - documentInformationScreen.isAssignerDisplayed(): Check sender not displayed

24-05-2025T01:15:30 - [MESSAGE][PASSED] - Check sender not displayed

24-05-2025T01:15:30 - [TEST_STEP][PASSED] - documentInformationScreen.checkPresentFileName(document): Verify contains GUI: dummy_20250524011311.ozd - DATA: dummy

24-05-2025T01:15:35 - [MESSAGE][PASSED] - Verify contains GUI: dummy_20250524011311.ozd - DATA: dummy

24-05-2025T01:15:35 - [TEST_STEP][PASSED] - documentInformationScreen.checkAttachFileName(document): Expected true condition

24-05-2025T01:15:37 - [MESSAGE][PASSED] - Expected true condition

24-05-2025T01:15:37 - [TEST_STEP][PASSED] - documentInformationScreen.checkComment(auto6, AUTO6_COMMENT): Check comment of Auto Test User 2 is Commented by auto6

24-05-2025T01:15:38 - [MESSAGE][INFO] - GUI COMMENT: Commented by auto6 - DATA COMMENT: Commented by auto6

24-05-2025T01:15:38 - [MESSAGE][PASSED] - Check comment of Auto Test User 2 is Commented by auto6

24-05-2025T01:15:38 - [TEST_STEP][PASSED] - documentInformationScreen.checkComment(auto7, AUTO7_COMMENT): Check comment of Auto Test User 3 is Commented by auto7

24-05-2025T01:15:39 - [MESSAGE][INFO] - GUI COMMENT: Commented by auto7 - DATA COMMENT: Commented by auto7

24-05-2025T01:15:39 - [MESSAGE][PASSED] - Check comment of Auto Test User 3 is Commented by auto7

24-05-2025T01:15:39 - [TEST_STEP][PASSED] - Start listener action : afterTest: null

24-05-2025T01:15:39 - [TEST_STEP][PASSED] - if (testCaseStatus != "PASSED"): Screenshot is taken

24-05-2025T01:15:39 - [TEST_STEP][PASSED] - takeScreenshot(ErrorScreen/$GlobalVariable.PLATFORM/$testCaseContext.getTestCaseId().png): Screenshot is taken

24-05-2025T01:15:42 - [MESSAGE][PASSED] - Screenshot is taken
[[ATTACHMENT|ErrorScreen/Android/Test Cases/IPAPER APP/038 TAO YEU CAU_SONG SONG.png]]

24-05-2025T01:15:42 - [TEST_STEP][PASSED] - drivers.Driver.closeApp(): drivers.Driver.closeApp is PASSED

24-05-2025T01:15:43 - [MESSAGE][PASSED] - drivers.Driver.closeApp is PASSED

24-05-2025T01:15:43 - [TEST_STEP][PASSED] - if (tsContext == null): null]]></system-out>
         <system-err><![CDATA[24-05-2025T01:12:11 - [TEST_CASE][FAILED] - Test Cases/IPAPER APP/038 TAO YEU CAU_SONG SONG: Test Cases/IPAPER APP/038 TAO YEU CAU_SONG SONG FAILED.
Reason:
com.kms.katalon.core.exception.StepFailedException: Verify equals GUI: Auto Test User 2 - DATA: Auto Test User 1
	at com.kms.katalon.core.util.KeywordUtil.markFailed(KeywordUtil.java:19)
	at utilities.AssertUtilities.logResult(AssertUtilities.groovy:30)
	at utilities.AssertUtilities.checkEquals(AssertUtilities.groovy:11)
	at screens.DocumentInformationScreen.checkSender(DocumentInformationScreen.groovy:116)
	at 038 TAO YEU CAU_SONG SONG.run(038 TAO YEU CAU_SONG SONG:110)
	at com.kms.katalon.core.main.ScriptEngine.run(ScriptEngine.java:194)
	at com.kms.katalon.core.main.ScriptEngine.runScriptAsRawText(ScriptEngine.java:119)
	at com.kms.katalon.core.main.TestCaseExecutor.runScript(TestCaseExecutor.java:448)
	at com.kms.katalon.core.main.TestCaseExecutor.doExecute(TestCaseExecutor.java:439)
	at com.kms.katalon.core.main.TestCaseExecutor.processExecutionPhase(TestCaseExecutor.java:418)
	at com.kms.katalon.core.main.TestCaseExecutor.accessMainPhase(TestCaseExecutor.java:410)
	at com.kms.katalon.core.main.TestCaseExecutor.execute(TestCaseExecutor.java:285)
	at com.kms.katalon.core.main.TestCaseExecutor.execute(TestCaseExecutor.java:369)
	at com.kms.katalon.core.main.TestCaseExecutor.execute(TestCaseExecutor.java:369)
	at com.kms.katalon.core.main.TestCaseExecutor.execute(TestCaseExecutor.java:369)
	at com.kms.katalon.core.common.CommonExecutor.accessTestCaseMainPhase(CommonExecutor.java:65)
	at com.kms.katalon.core.main.TestSuiteExecutor.accessTestSuiteMainPhase(TestSuiteExecutor.java:150)
	at com.kms.katalon.core.main.TestSuiteExecutor.execute(TestSuiteExecutor.java:106)
	at com.kms.katalon.core.main.TestCaseMain.startTestSuite(TestCaseMain.java:180)
	at TempTestSuite1748015363748.run(TempTestSuite1748015363748.groovy:35)
	at java.base/jdk.internal.reflect.NativeMethodAccessorImpl.invoke0(Native Method)
	at java.base/jdk.internal.reflect.NativeMethodAccessorImpl.invoke(NativeMethodAccessorImpl.java:77)
	at java.base/jdk.internal.reflect.DelegatingMethodAccessorImpl.invoke(DelegatingMethodAccessorImpl.java:43)]]></system-err>
      </testcase>
      <testcase name="Test Cases/IPAPER APP/040 LAY Y KIEN CHI TIET_KHONG NHAP Y KIEN" time="146.515" classname="Test Cases/IPAPER APP/040 LAY Y KIEN CHI TIET_KHONG NHAP Y KIEN" status="FAILED">
         <failure type="FAILED" message="Test Cases/IPAPER APP/040 LAY Y KIEN CHI TIET_KHONG NHAP Y KIEN FAILED.&#xa;Reason:&#xa;com.kms.katalon.core.exception.StepFailedException: Check comment of Auto Test User 2 is Comment by assigner&#xa;	at com.kms.katalon.core.util.KeywordUtil.markFailed(KeywordUtil.java:19)&#xa;	at utilities.AssertUtilities.logResult(AssertUtilities.groovy:30)&#xa;	at utilities.AssertUtilities.assertTrue(AssertUtilities.groovy:19)&#xa;	at screens.DocumentInformationScreen.checkComment(DocumentInformationScreen.groovy:212)&#xa;	at 040 LAY Y KIEN CHI TIET_KHONG NHAP Y KIEN.run(040 LAY Y KIEN CHI TIET_KHONG NHAP Y KIEN:136)&#xa;	at com.kms.katalon.core.main.ScriptEngine.run(ScriptEngine.java:194)&#xa;	at com.kms.katalon.core.main.ScriptEngine.runScriptAsRawText(ScriptEngine.java:119)&#xa;	at com.kms.katalon.core.main.TestCaseExecutor.runScript(TestCaseExecutor.java:448)&#xa;	at com.kms.katalon.core.main.TestCaseExecutor.doExecute(TestCaseExecutor.java:439)&#xa;	at com.kms.katalon.core.main.TestCaseExecutor.processExecutionPhase(TestCaseExecutor.java:418)&#xa;	at com.kms.katalon.core.main.TestCaseExecutor.accessMainPhase(TestCaseExecutor.java:410)&#xa;	at com.kms.katalon.core.main.TestCaseExecutor.execute(TestCaseExecutor.java:285)&#xa;	at com.kms.katalon.core.main.TestCaseExecutor.execute(TestCaseExecutor.java:369)&#xa;	at com.kms.katalon.core.main.TestCaseExecutor.execute(TestCaseExecutor.java:369)&#xa;	at com.kms.katalon.core.main.TestCaseExecutor.execute(TestCaseExecutor.java:369)&#xa;	at com.kms.katalon.core.common.CommonExecutor.accessTestCaseMainPhase(CommonExecutor.java:65)&#xa;	at com.kms.katalon.core.main.TestSuiteExecutor.accessTestSuiteMainPhase(TestSuiteExecutor.java:150)&#xa;	at com.kms.katalon.core.main.TestSuiteExecutor.execute(TestSuiteExecutor.java:106)&#xa;	at com.kms.katalon.core.main.TestCaseMain.startTestSuite(TestCaseMain.java:180)&#xa;	at TempTestSuite1748015363748.run(TempTestSuite1748015363748.groovy:35)&#xa;	at java.base/jdk.internal.reflect.NativeMethodAccessorImpl.invoke0(Native Method)&#xa;	at java.base/jdk.internal.reflect.NativeMethodAccessorImpl.invoke(NativeMethodAccessorImpl.java:77)&#xa;	at java.base/jdk.internal.reflect.DelegatingMethodAccessorImpl.invoke(DelegatingMethodAccessorImpl.java:43)&#xa;"/>
         <system-out><![CDATA[24-05-2025T01:23:20 - [TEST_CASE][FAILED] - Test Cases/IPAPER APP/040 LAY Y KIEN CHI TIET_KHONG NHAP Y KIEN: Test Cases/IPAPER APP/040 LAY Y KIEN CHI TIET_KHONG NHAP Y KIEN FAILED.
Reason:
com.kms.katalon.core.exception.StepFailedException: Check comment of Auto Test User 2 is Comment by assigner
	at com.kms.katalon.core.util.KeywordUtil.markFailed(KeywordUtil.java:19)
	at utilities.AssertUtilities.logResult(AssertUtilities.groovy:30)
	at utilities.AssertUtilities.assertTrue(AssertUtilities.groovy:19)
	at screens.DocumentInformationScreen.checkComment(DocumentInformationScreen.groovy:212)
	at 040 LAY Y KIEN CHI TIET_KHONG NHAP Y KIEN.run(040 LAY Y KIEN CHI TIET_KHONG NHAP Y KIEN:136)
	at com.kms.katalon.core.main.ScriptEngine.run(ScriptEngine.java:194)
	at com.kms.katalon.core.main.ScriptEngine.runScriptAsRawText(ScriptEngine.java:119)
	at com.kms.katalon.core.main.TestCaseExecutor.runScript(TestCaseExecutor.java:448)
	at com.kms.katalon.core.main.TestCaseExecutor.doExecute(TestCaseExecutor.java:439)
	at com.kms.katalon.core.main.TestCaseExecutor.processExecutionPhase(TestCaseExecutor.java:418)
	at com.kms.katalon.core.main.TestCaseExecutor.accessMainPhase(TestCaseExecutor.java:410)
	at com.kms.katalon.core.main.TestCaseExecutor.execute(TestCaseExecutor.java:285)
	at com.kms.katalon.core.main.TestCaseExecutor.execute(TestCaseExecutor.java:369)
	at com.kms.katalon.core.main.TestCaseExecutor.execute(TestCaseExecutor.java:369)
	at com.kms.katalon.core.main.TestCaseExecutor.execute(TestCaseExecutor.java:369)
	at com.kms.katalon.core.common.CommonExecutor.accessTestCaseMainPhase(CommonExecutor.java:65)
	at com.kms.katalon.core.main.TestSuiteExecutor.accessTestSuiteMainPhase(TestSuiteExecutor.java:150)
	at com.kms.katalon.core.main.TestSuiteExecutor.execute(TestSuiteExecutor.java:106)
	at com.kms.katalon.core.main.TestCaseMain.startTestSuite(TestCaseMain.java:180)
	at TempTestSuite1748015363748.run(TempTestSuite1748015363748.groovy:35)
	at java.base/jdk.internal.reflect.NativeMethodAccessorImpl.invoke0(Native Method)
	at java.base/jdk.internal.reflect.NativeMethodAccessorImpl.invoke(NativeMethodAccessorImpl.java:77)
	at java.base/jdk.internal.reflect.DelegatingMethodAccessorImpl.invoke(DelegatingMethodAccessorImpl.java:43)


24-05-2025T01:23:20 - [TEST_STEP][PASSED] - Start listener action : beforeTest: drivers.Driver.openApp is PASSED

24-05-2025T01:23:20 - [TEST_STEP][PASSED] - DataTest.init(): null

24-05-2025T01:23:20 - [TEST_STEP][PASSED] - testCaseId = split("/").last(): null

24-05-2025T01:23:20 - [TEST_STEP][PASSED] - if (!(drivers.Driver.isAppiumRunning())): drivers.Driver.isAppiumRunning is PASSED

24-05-2025T01:23:20 - [MESSAGE][INFO] - Appium running: true

24-05-2025T01:23:20 - [MESSAGE][PASSED] - drivers.Driver.isAppiumRunning is PASSED

24-05-2025T01:23:20 - [TEST_STEP][PASSED] - if (driver == null || driver.getSessionId() == null): null

24-05-2025T01:23:20 - [TEST_STEP][PASSED] - drivers.Driver.openApp(): drivers.Driver.openApp is PASSED

24-05-2025T01:23:23 - [MESSAGE][PASSED] - drivers.Driver.openApp is PASSED

24-05-2025T01:23:23 - [TEST_STEP][PASSED] - REQUEST_NAME = "Trình ký PDF có sẵn": null

24-05-2025T01:23:23 - [TEST_STEP][PASSED] - USER_CREATE_COMMENT = "Commented by user create document": null

24-05-2025T01:23:23 - [TEST_STEP][PASSED] - ASSIGNER_COMMENT = "Comment by assigner": null

24-05-2025T01:23:23 - [TEST_STEP][PASSED] - documentTitle = "Trình ký " + System.currentTimeMillis(): null

24-05-2025T01:23:23 - [TEST_STEP][PASSED] - auto5 = DataTest.getUserTest5(): null

24-05-2025T01:23:23 - [TEST_STEP][PASSED] - auto6 = DataTest.getUserTest6(): null

24-05-2025T01:23:23 - [TEST_STEP][PASSED] - document = DataTest.createDocumentTest(auto5, auto6, null, "dummy.pdf", "dummy.pdf"): null

24-05-2025T01:23:23 - [TEST_STEP][PASSED] - loginScreen.login(auto5): null

24-05-2025T01:23:31 - [TEST_STEP][PASSED] - homeScreen.openRequestList(): null

24-05-2025T01:23:37 - [TEST_STEP][PASSED] - homeScreen.createRequest(REQUEST_NAME): null

24-05-2025T01:23:44 - [TEST_STEP][PASSED] - pdfSignScreen.fillInTitle(document.getTitle()): null

24-05-2025T01:23:47 - [TEST_STEP][PASSED] - pdfSignScreen.selectPriority(document.getPriority()): null

24-05-2025T01:23:50 - [TEST_STEP][PASSED] - pdfSignScreen.selectTime(document.getTime()): null

24-05-2025T01:23:53 - [TEST_STEP][PASSED] - pdfSignScreen.fillInDescription(document.getDescription()): null

24-05-2025T01:23:54 - [TEST_STEP][PASSED] - pdfSignScreen.selectAssigner(getAssigner().getEmail()): null

24-05-2025T01:24:00 - [TEST_STEP][PASSED] - pdfSignScreen.openMainFileBrowser(): null

24-05-2025T01:24:05 - [TEST_STEP][PASSED] - fileBrowserScreen.attachFile(document.getMainFileName()): null

24-05-2025T01:24:14 - [TEST_STEP][PASSED] - pdfSignScreen.openSubFileBrowser(): null

24-05-2025T01:24:15 - [TEST_STEP][PASSED] - fileBrowserScreen.attachFile(document.getSubFileName()): null

24-05-2025T01:24:24 - [TEST_STEP][PASSED] - pdfSignScreen.performAction(SEND_WITH_COMENT): null

24-05-2025T01:24:27 - [TEST_STEP][PASSED] - pdfSignScreen.fillInOpinion(USER_CREATE_COMMENT): null

24-05-2025T01:24:27 - [TEST_STEP][PASSED] - pdfSignScreen.submitRequest(): null

24-05-2025T01:24:37 - [TEST_STEP][PASSED] - documentInformationScreen.backToHome(): null

24-05-2025T01:24:37 - [TEST_STEP][PASSED] - homeScreen.logout(): null

24-05-2025T01:24:45 - [TEST_STEP][PASSED] - document.setStatus(WAIT_GET_COMMENT): null

24-05-2025T01:24:45 - [TEST_STEP][PASSED] - document.setAssigner(auto5): null

24-05-2025T01:24:45 - [TEST_STEP][PASSED] - loginScreen.login(auto6): null

24-05-2025T01:24:55 - [TEST_STEP][PASSED] - homeScreen.goToIncomingDocument(): null

24-05-2025T01:24:55 - [TEST_STEP][PASSED] - inComingDocument.viewInformationDocument(document): View document Trình ký 1748024603363

24-05-2025T01:24:55 - [MESSAGE][INFO] - View document Trình ký 1748024603363

24-05-2025T01:25:02 - [TEST_STEP][PASSED] - documentInformationScreen.checkDocumentTitle(document): Verify equals GUI: Trình ký 1748024603363 - DATA: Trình ký 1748024603363

24-05-2025T01:25:02 - [MESSAGE][PASSED] - Verify equals GUI: Trình ký 1748024603363 - DATA: Trình ký 1748024603363

24-05-2025T01:25:02 - [TEST_STEP][PASSED] - documentInformationScreen.checkSender(document): Verify equals GUI: Auto Test User 1 - DATA: Auto Test User 1

24-05-2025T01:25:02 - [MESSAGE][PASSED] - Verify equals GUI: Auto Test User 1 - DATA: Auto Test User 1

24-05-2025T01:25:02 - [TEST_STEP][PASSED] - documentInformationScreen.checkStatus(document): Verify equals GUI: Chờ lấy ý kiến - DATA: Chờ lấy ý kiến

24-05-2025T01:25:03 - [MESSAGE][PASSED] - Verify equals GUI: Chờ lấy ý kiến - DATA: Chờ lấy ý kiến

24-05-2025T01:25:03 - [TEST_STEP][PASSED] - documentInformationScreen.checkCreateDate(): Verify equals GUI: 24/05/2025 - DATA: 24/05/2025

24-05-2025T01:25:03 - [MESSAGE][PASSED] - Verify equals GUI: 24/05/2025 - DATA: 24/05/2025

24-05-2025T01:25:03 - [TEST_STEP][PASSED] - documentInformationScreen.checkFinishDate(document): Verify equals GUI: 25/05/2025 - DATA: 25/05/2025

24-05-2025T01:25:03 - [MESSAGE][PASSED] - Verify equals GUI: 25/05/2025 - DATA: 25/05/2025

24-05-2025T01:25:03 - [TEST_STEP][PASSED] - documentInformationScreen.checkPriority(document): Verify equals GUI: Bình thường - DATA: Bình thường

24-05-2025T01:25:03 - [MESSAGE][PASSED] - Verify equals GUI: Bình thường - DATA: Bình thường

24-05-2025T01:25:03 - [TEST_STEP][PASSED] - documentInformationScreen.checkDescription(document): Verify equals GUI: 040 LAY Y KIEN CHI TIET_KHONG NHAP Y KIEN - DATA: 040 LAY Y KIEN CHI TIET_KHONG NHAP Y KIEN

24-05-2025T01:25:03 - [MESSAGE][PASSED] - Verify equals GUI: 040 LAY Y KIEN CHI TIET_KHONG NHAP Y KIEN - DATA: 040 LAY Y KIEN CHI TIET_KHONG NHAP Y KIEN

24-05-2025T01:25:03 - [TEST_STEP][PASSED] - documentInformationScreen.checkAssigner(document): Verify contains GUI: auto1@hdbank.com.vn - DATA: auto1@hdbank.com.vn

24-05-2025T01:25:04 - [MESSAGE][PASSED] - Verify contains GUI: auto1@hdbank.com.vn - DATA: auto1@hdbank.com.vn

24-05-2025T01:25:04 - [TEST_STEP][PASSED] - documentInformationScreen.checkPresentFileName(document): Verify contains GUI: dummy_20250524012416.ozd - DATA: dummy

24-05-2025T01:25:05 - [MESSAGE][PASSED] - Verify contains GUI: dummy_20250524012416.ozd - DATA: dummy

24-05-2025T01:25:05 - [TEST_STEP][PASSED] - documentInformationScreen.checkAttachFileName(document): Expected true condition

24-05-2025T01:25:07 - [MESSAGE][PASSED] - Expected true condition

24-05-2025T01:25:07 - [TEST_STEP][PASSED] - documentInformationScreen.getComment(): null

24-05-2025T01:25:10 - [TEST_STEP][PASSED] - documentInformationScreen.isPopupRequireCommentDisplayed(): Expected true condition

24-05-2025T01:25:10 - [MESSAGE][PASSED] - Expected true condition

24-05-2025T01:25:10 - [TEST_STEP][PASSED] - documentInformationScreen.ignoreWarningPopup(): null

24-05-2025T01:25:10 - [TEST_STEP][PASSED] - documentInformationScreen.fillInComment(USER_CREATE_COMMENT): null

24-05-2025T01:25:12 - [TEST_STEP][PASSED] - documentInformationScreen.submitAction(): null

24-05-2025T01:25:14 - [TEST_STEP][PASSED] - documentInformationScreen.backToHome(): null

24-05-2025T01:25:15 - [TEST_STEP][PASSED] - document.setStatus(COMMENTED): null

24-05-2025T01:25:15 - [TEST_STEP][PASSED] - document.setSender(auto6): null

24-05-2025T01:25:15 - [TEST_STEP][PASSED] - inComingDocument.checkItemInDocument(): null

24-05-2025T01:25:15 - [TEST_STEP][PASSED] - homeScreen.goToOutComingDocument(): null

24-05-2025T01:25:25 - [TEST_STEP][PASSED] - outComingDocument.viewInformationDocument(document): null

24-05-2025T01:25:26 - [TEST_STEP][PASSED] - documentInformationScreen.checkDocumentTitle(document): Verify equals GUI: Trình ký 1748024603363 - DATA: Trình ký 1748024603363

24-05-2025T01:25:32 - [MESSAGE][PASSED] - Verify equals GUI: Trình ký 1748024603363 - DATA: Trình ký 1748024603363

24-05-2025T01:25:32 - [TEST_STEP][PASSED] - documentInformationScreen.checkSender(document): Verify equals GUI: Auto Test User 2 - DATA: Auto Test User 2

24-05-2025T01:25:32 - [MESSAGE][PASSED] - Verify equals GUI: Auto Test User 2 - DATA: Auto Test User 2

24-05-2025T01:25:32 - [TEST_STEP][PASSED] - documentInformationScreen.checkStatus(document): Verify equals GUI: Đã lấy ý kiến - DATA: Đã lấy ý kiến

24-05-2025T01:25:32 - [MESSAGE][PASSED] - Verify equals GUI: Đã lấy ý kiến - DATA: Đã lấy ý kiến

24-05-2025T01:25:32 - [TEST_STEP][PASSED] - documentInformationScreen.checkCreateDate(): Verify equals GUI: 24/05/2025 - DATA: 24/05/2025

24-05-2025T01:25:32 - [MESSAGE][PASSED] - Verify equals GUI: 24/05/2025 - DATA: 24/05/2025

24-05-2025T01:25:32 - [TEST_STEP][PASSED] - documentInformationScreen.checkFinishDate(document): Verify equals GUI: 25/05/2025 - DATA: 25/05/2025

24-05-2025T01:25:32 - [MESSAGE][PASSED] - Verify equals GUI: 25/05/2025 - DATA: 25/05/2025

24-05-2025T01:25:32 - [TEST_STEP][PASSED] - documentInformationScreen.checkPriority(document): Verify equals GUI: Bình thường - DATA: Bình thường

24-05-2025T01:25:32 - [MESSAGE][PASSED] - Verify equals GUI: Bình thường - DATA: Bình thường

24-05-2025T01:25:32 - [TEST_STEP][PASSED] - documentInformationScreen.checkDescription(document): Verify equals GUI: 040 LAY Y KIEN CHI TIET_KHONG NHAP Y KIEN - DATA: 040 LAY Y KIEN CHI TIET_KHONG NHAP Y KIEN

24-05-2025T01:25:32 - [MESSAGE][PASSED] - Verify equals GUI: 040 LAY Y KIEN CHI TIET_KHONG NHAP Y KIEN - DATA: 040 LAY Y KIEN CHI TIET_KHONG NHAP Y KIEN

24-05-2025T01:25:32 - [TEST_STEP][PASSED] - documentInformationScreen.isAssignerDisplayed(): Check sender not displayed

24-05-2025T01:25:35 - [MESSAGE][PASSED] - Check sender not displayed

24-05-2025T01:25:35 - [TEST_STEP][PASSED] - documentInformationScreen.checkPresentFileName(document): Verify contains GUI: dummy_20250524012416.ozd - DATA: dummy

24-05-2025T01:25:37 - [MESSAGE][PASSED] - Verify contains GUI: dummy_20250524012416.ozd - DATA: dummy

24-05-2025T01:25:37 - [TEST_STEP][PASSED] - documentInformationScreen.checkAttachFileName(document): Expected true condition

24-05-2025T01:25:39 - [MESSAGE][PASSED] - Expected true condition

24-05-2025T01:25:39 - [TEST_STEP][PASSED] - documentInformationScreen.checkComment(auto5, USER_CREATE_COMMENT): Check comment of Auto Test User 1 is Commented by user create document

24-05-2025T01:25:40 - [MESSAGE][INFO] - GUI COMMENT: Commented by user create document - DATA COMMENT: Commented by user create document

24-05-2025T01:25:40 - [MESSAGE][PASSED] - Check comment of Auto Test User 1 is Commented by user create document

24-05-2025T01:25:40 - [TEST_STEP][FAILED] - documentInformationScreen.checkComment(auto6, ASSIGNER_COMMENT): Check comment of Auto Test User 2 is Comment by assigner

24-05-2025T01:25:41 - [MESSAGE][INFO] - GUI COMMENT: Commented by user create document - DATA COMMENT: Comment by assigner

24-05-2025T01:25:41 - [MESSAGE][FAILED] - Check comment of Auto Test User 2 is Comment by assigner

24-05-2025T01:25:41 - [TEST_STEP][PASSED] - documentInformationScreen.backToHome(): null

24-05-2025T01:25:46 - [TEST_STEP][PASSED] - inComingDocument.checkItemInDocument(): null

24-05-2025T01:25:46 - [TEST_STEP][PASSED] - Start listener action : afterTest: null

24-05-2025T01:25:46 - [TEST_STEP][PASSED] - if (testCaseStatus != "PASSED"): Screenshot is taken

24-05-2025T01:25:46 - [TEST_STEP][PASSED] - takeScreenshot(ErrorScreen/$GlobalVariable.PLATFORM/$testCaseContext.getTestCaseId().png): Screenshot is taken

24-05-2025T01:25:46 - [MESSAGE][PASSED] - Screenshot is taken
[[ATTACHMENT|ErrorScreen/Android/Test Cases/IPAPER APP/040 LAY Y KIEN CHI TIET_KHONG NHAP Y KIEN.png]]

24-05-2025T01:25:46 - [TEST_STEP][PASSED] - drivers.Driver.closeApp(): drivers.Driver.closeApp is PASSED

24-05-2025T01:25:47 - [MESSAGE][PASSED] - drivers.Driver.closeApp is PASSED

24-05-2025T01:25:47 - [TEST_STEP][PASSED] - if (tsContext == null): null]]></system-out>
         <system-err><![CDATA[24-05-2025T01:23:20 - [TEST_CASE][FAILED] - Test Cases/IPAPER APP/040 LAY Y KIEN CHI TIET_KHONG NHAP Y KIEN: Test Cases/IPAPER APP/040 LAY Y KIEN CHI TIET_KHONG NHAP Y KIEN FAILED.
Reason:
com.kms.katalon.core.exception.StepFailedException: Check comment of Auto Test User 2 is Comment by assigner
	at com.kms.katalon.core.util.KeywordUtil.markFailed(KeywordUtil.java:19)
	at utilities.AssertUtilities.logResult(AssertUtilities.groovy:30)
	at utilities.AssertUtilities.assertTrue(AssertUtilities.groovy:19)
	at screens.DocumentInformationScreen.checkComment(DocumentInformationScreen.groovy:212)
	at 040 LAY Y KIEN CHI TIET_KHONG NHAP Y KIEN.run(040 LAY Y KIEN CHI TIET_KHONG NHAP Y KIEN:136)
	at com.kms.katalon.core.main.ScriptEngine.run(ScriptEngine.java:194)
	at com.kms.katalon.core.main.ScriptEngine.runScriptAsRawText(ScriptEngine.java:119)
	at com.kms.katalon.core.main.TestCaseExecutor.runScript(TestCaseExecutor.java:448)
	at com.kms.katalon.core.main.TestCaseExecutor.doExecute(TestCaseExecutor.java:439)
	at com.kms.katalon.core.main.TestCaseExecutor.processExecutionPhase(TestCaseExecutor.java:418)
	at com.kms.katalon.core.main.TestCaseExecutor.accessMainPhase(TestCaseExecutor.java:410)
	at com.kms.katalon.core.main.TestCaseExecutor.execute(TestCaseExecutor.java:285)
	at com.kms.katalon.core.main.TestCaseExecutor.execute(TestCaseExecutor.java:369)
	at com.kms.katalon.core.main.TestCaseExecutor.execute(TestCaseExecutor.java:369)
	at com.kms.katalon.core.main.TestCaseExecutor.execute(TestCaseExecutor.java:369)
	at com.kms.katalon.core.common.CommonExecutor.accessTestCaseMainPhase(CommonExecutor.java:65)
	at com.kms.katalon.core.main.TestSuiteExecutor.accessTestSuiteMainPhase(TestSuiteExecutor.java:150)
	at com.kms.katalon.core.main.TestSuiteExecutor.execute(TestSuiteExecutor.java:106)
	at com.kms.katalon.core.main.TestCaseMain.startTestSuite(TestCaseMain.java:180)
	at TempTestSuite1748015363748.run(TempTestSuite1748015363748.groovy:35)
	at java.base/jdk.internal.reflect.NativeMethodAccessorImpl.invoke0(Native Method)
	at java.base/jdk.internal.reflect.NativeMethodAccessorImpl.invoke(NativeMethodAccessorImpl.java:77)
	at java.base/jdk.internal.reflect.DelegatingMethodAccessorImpl.invoke(DelegatingMethodAccessorImpl.java:43)]]></system-err>
      </testcase>
      <testcase name="Test Cases/IPAPER APP/043 TAI FILE TAI CHI TIET HO SO_HO SO DEN" time="141.605" classname="Test Cases/IPAPER APP/043 TAI FILE TAI CHI TIET HO SO_HO SO DEN" status="PASSED">
         <system-out><![CDATA[24-05-2025T01:25:47 - [TEST_CASE][PASSED] - Test Cases/IPAPER APP/043 TAI FILE TAI CHI TIET HO SO_HO SO DEN: Test Cases/IPAPER APP/043 TAI FILE TAI CHI TIET HO SO_HO SO DEN

24-05-2025T01:25:47 - [TEST_STEP][PASSED] - Start listener action : beforeTest: drivers.Driver.openApp is PASSED

24-05-2025T01:25:47 - [TEST_STEP][PASSED] - DataTest.init(): null

24-05-2025T01:25:47 - [TEST_STEP][PASSED] - testCaseId = split("/").last(): null

24-05-2025T01:25:47 - [TEST_STEP][PASSED] - if (!(drivers.Driver.isAppiumRunning())): drivers.Driver.isAppiumRunning is PASSED

24-05-2025T01:25:47 - [MESSAGE][INFO] - Appium running: true

24-05-2025T01:25:47 - [MESSAGE][PASSED] - drivers.Driver.isAppiumRunning is PASSED

24-05-2025T01:25:47 - [TEST_STEP][PASSED] - if (driver == null || driver.getSessionId() == null): null

24-05-2025T01:25:47 - [TEST_STEP][PASSED] - drivers.Driver.openApp(): drivers.Driver.openApp is PASSED

24-05-2025T01:25:49 - [MESSAGE][PASSED] - drivers.Driver.openApp is PASSED

24-05-2025T01:25:49 - [TEST_STEP][PASSED] - FOLDER_NAME = "IPaperDownloads": null

24-05-2025T01:25:49 - [TEST_STEP][PASSED] - REQUEST_NAME = "Trình ký PDF có sẵn": null

24-05-2025T01:25:49 - [TEST_STEP][PASSED] - auto5 = DataTest.getUserTest5(): null

24-05-2025T01:25:49 - [TEST_STEP][PASSED] - auto6 = DataTest.getUserTest6(): null

24-05-2025T01:25:49 - [TEST_STEP][PASSED] - document = DataTest.createDocumentTest(auto5, auto6, null, "dummy.pdf", "dummy.docx"): null

24-05-2025T01:25:49 - [TEST_STEP][PASSED] - loginScreen.login(auto5): null

24-05-2025T01:25:57 - [TEST_STEP][PASSED] - homeScreen.openRequestList(): null

24-05-2025T01:26:03 - [TEST_STEP][PASSED] - homeScreen.createRequest(REQUEST_NAME): null

24-05-2025T01:26:11 - [TEST_STEP][PASSED] - pdfSignScreen.fillInTitle(title): null

24-05-2025T01:26:13 - [TEST_STEP][PASSED] - pdfSignScreen.selectPriority(priority): null

24-05-2025T01:26:15 - [TEST_STEP][PASSED] - pdfSignScreen.selectTime(time): null

24-05-2025T01:26:18 - [TEST_STEP][PASSED] - pdfSignScreen.fillInDescription(description): null

24-05-2025T01:26:20 - [TEST_STEP][PASSED] - pdfSignScreen.selectAssigner(getAssigner().getEmail()): null

24-05-2025T01:26:26 - [TEST_STEP][PASSED] - pdfSignScreen.openMainFileBrowser(): null

24-05-2025T01:26:30 - [TEST_STEP][PASSED] - fileBrowserScreen.attachFile(mainFileName): null

24-05-2025T01:26:40 - [TEST_STEP][PASSED] - pdfSignScreen.openSubFileBrowser(): null

24-05-2025T01:26:41 - [TEST_STEP][PASSED] - fileBrowserScreen.attachFile(subFileName): null

24-05-2025T01:26:50 - [TEST_STEP][PASSED] - pdfSignScreen.performAction(SEND_APPROVE): null

24-05-2025T01:26:53 - [TEST_STEP][PASSED] - pdfSignScreen.fillInOpinion(document.getComment()): null

24-05-2025T01:26:54 - [TEST_STEP][PASSED] - pdfSignScreen.submitRequest(): null

24-05-2025T01:27:03 - [TEST_STEP][PASSED] - documentInformationScreen.backToHome(): null

24-05-2025T01:27:03 - [TEST_STEP][PASSED] - homeScreen.logout(): null

24-05-2025T01:27:12 - [TEST_STEP][PASSED] - loginScreen.login(auto6): null

24-05-2025T01:27:21 - [TEST_STEP][PASSED] - homeScreen.goToIncomingDocument(): null

24-05-2025T01:27:21 - [TEST_STEP][PASSED] - inComingDocument.viewInformationDocument(document): View document Trình ký 1748024749859

24-05-2025T01:27:21 - [MESSAGE][INFO] - View document Trình ký 1748024749859

24-05-2025T01:27:28 - [TEST_STEP][PASSED] - documentInformationScreen.downloadFile(): null

24-05-2025T01:27:47 - [TEST_STEP][PASSED] - Utilities.closeCurentApp(): null

24-05-2025T01:27:47 - [TEST_STEP][PASSED] - Utilities.openFileManagerApp(): null

24-05-2025T01:27:47 - [TEST_STEP][PASSED] - fileManager_HomeScreen.goToIPaperFolder(FOLDER_NAME): null

24-05-2025T01:27:54 - [TEST_STEP][PASSED] - fileManager_FolderScreen.checkPDFFiles(): Check image content

24-05-2025T01:28:00 - [MESSAGE][INFO] - HAR: /Users/cuongvo/hdb_katalon/IPaper/Reports/20250523_224922/fullcase/20250523_224923/requests/main/0.har

24-05-2025T01:28:00 - [MESSAGE][PASSED] - Send request successfully

24-05-2025T01:28:00 - [MESSAGE][INFO] - 🤖 Gemini response: True

24-05-2025T01:28:00 - [MESSAGE][INFO] -  Token usage → Prompt: 2339 | Response: 1 | Total: 2340

24-05-2025T01:28:00 - [MESSAGE][PASSED] - Check image content

24-05-2025T01:28:00 - [TEST_STEP][PASSED] - fileManager_FolderScreen.deleteAllFiles(): null

24-05-2025T01:28:08 - [TEST_STEP][PASSED] - Utilities.closeCurentApp(): null

24-05-2025T01:28:08 - [TEST_STEP][PASSED] - Start listener action : afterTest: null

24-05-2025T01:28:08 - [TEST_STEP][PASSED] - if (testCaseStatus != "PASSED"): null

24-05-2025T01:28:08 - [TEST_STEP][PASSED] - drivers.Driver.closeApp(): drivers.Driver.closeApp is PASSED

24-05-2025T01:28:08 - [MESSAGE][PASSED] - drivers.Driver.closeApp is PASSED

24-05-2025T01:28:08 - [TEST_STEP][PASSED] - if (tsContext == null): null]]></system-out>
         <system-err><![CDATA[]]></system-err>
      </testcase>
      <testcase name="Test Cases/IPAPER APP/044 TAI FILE TAI MAIN FILE_HO SO DEN" time="130.504" classname="Test Cases/IPAPER APP/044 TAI FILE TAI MAIN FILE_HO SO DEN" status="PASSED">
         <system-out><![CDATA[24-05-2025T01:28:08 - [TEST_CASE][PASSED] - Test Cases/IPAPER APP/044 TAI FILE TAI MAIN FILE_HO SO DEN: Test Cases/IPAPER APP/044 TAI FILE TAI MAIN FILE_HO SO DEN

24-05-2025T01:28:08 - [TEST_STEP][PASSED] - Start listener action : beforeTest: drivers.Driver.openApp is PASSED

24-05-2025T01:28:08 - [TEST_STEP][PASSED] - DataTest.init(): null

24-05-2025T01:28:08 - [TEST_STEP][PASSED] - testCaseId = split("/").last(): null

24-05-2025T01:28:08 - [TEST_STEP][PASSED] - if (!(drivers.Driver.isAppiumRunning())): drivers.Driver.isAppiumRunning is PASSED

24-05-2025T01:28:08 - [MESSAGE][INFO] - Appium running: true

24-05-2025T01:28:08 - [MESSAGE][PASSED] - drivers.Driver.isAppiumRunning is PASSED

24-05-2025T01:28:08 - [TEST_STEP][PASSED] - if (driver == null || driver.getSessionId() == null): null

24-05-2025T01:28:08 - [TEST_STEP][PASSED] - drivers.Driver.openApp(): drivers.Driver.openApp is PASSED

24-05-2025T01:28:11 - [MESSAGE][PASSED] - drivers.Driver.openApp is PASSED

24-05-2025T01:28:11 - [TEST_STEP][PASSED] - FOLDER_NAME = "IPaperDownloads": null

24-05-2025T01:28:11 - [TEST_STEP][PASSED] - REQUEST_NAME = "Trình ký PDF có sẵn": null

24-05-2025T01:28:11 - [TEST_STEP][PASSED] - auto5 = DataTest.getUserTest5(): null

24-05-2025T01:28:11 - [TEST_STEP][PASSED] - auto6 = DataTest.getUserTest6(): null

24-05-2025T01:28:11 - [TEST_STEP][PASSED] - document = DataTest.createDocumentTest(auto5, auto6, null, "dummy.pdf", "dummy.docx"): null

24-05-2025T01:28:11 - [TEST_STEP][PASSED] - loginScreen.login(auto5): null

24-05-2025T01:28:19 - [TEST_STEP][PASSED] - homeScreen.openRequestList(): null

24-05-2025T01:28:25 - [TEST_STEP][PASSED] - homeScreen.createRequest(REQUEST_NAME): null

24-05-2025T01:28:33 - [TEST_STEP][PASSED] - pdfSignScreen.fillInTitle(title): null

24-05-2025T01:28:35 - [TEST_STEP][PASSED] - pdfSignScreen.selectPriority(priority): null

24-05-2025T01:28:38 - [TEST_STEP][PASSED] - pdfSignScreen.selectTime(time): null

24-05-2025T01:28:41 - [TEST_STEP][PASSED] - pdfSignScreen.fillInDescription(description): null

24-05-2025T01:28:42 - [TEST_STEP][PASSED] - pdfSignScreen.selectAssigner(getAssigner().getEmail()): null

24-05-2025T01:28:49 - [TEST_STEP][PASSED] - pdfSignScreen.openMainFileBrowser(): null

24-05-2025T01:28:54 - [TEST_STEP][PASSED] - fileBrowserScreen.attachFile(mainFileName): null

24-05-2025T01:29:03 - [TEST_STEP][PASSED] - pdfSignScreen.openSubFileBrowser(): null

24-05-2025T01:29:04 - [TEST_STEP][PASSED] - fileBrowserScreen.attachFile(subFileName): null

24-05-2025T01:29:13 - [TEST_STEP][PASSED] - pdfSignScreen.performAction(SEND_APPROVE): null

24-05-2025T01:29:16 - [TEST_STEP][PASSED] - pdfSignScreen.fillInOpinion(document.getComment()): null

24-05-2025T01:29:17 - [TEST_STEP][PASSED] - pdfSignScreen.submitRequest(): null

24-05-2025T01:29:26 - [TEST_STEP][PASSED] - documentInformationScreen.backToHome(): null

24-05-2025T01:29:26 - [TEST_STEP][PASSED] - homeScreen.logout(): null

24-05-2025T01:29:34 - [TEST_STEP][PASSED] - loginScreen.login(auto6): null

24-05-2025T01:29:43 - [TEST_STEP][PASSED] - homeScreen.goToIncomingDocument(): null

24-05-2025T01:29:43 - [TEST_STEP][PASSED] - inComingDocument.viewMainFile(document): View main file document: Trình ký 1748024891524

24-05-2025T01:29:43 - [MESSAGE][INFO] - View main file document: Trình ký 1748024891524

24-05-2025T01:29:48 - [TEST_STEP][PASSED] - documentInformationScreen.downloadFileAtMainFile(): null

24-05-2025T01:30:02 - [TEST_STEP][PASSED] - Utilities.closeCurentApp(): null

24-05-2025T01:30:02 - [TEST_STEP][PASSED] - Utilities.openFileManagerApp(): null

24-05-2025T01:30:02 - [TEST_STEP][PASSED] - fileManager_HomeScreen.goToIPaperFolder(FOLDER_NAME): null

24-05-2025T01:30:05 - [TEST_STEP][PASSED] - fileManager_FolderScreen.checkPDFFiles(): Check image content

24-05-2025T01:30:11 - [MESSAGE][INFO] - HAR: /Users/cuongvo/hdb_katalon/IPaper/Reports/20250523_224922/fullcase/20250523_224923/requests/main/1.har

24-05-2025T01:30:11 - [MESSAGE][PASSED] - Send request successfully

24-05-2025T01:30:11 - [MESSAGE][INFO] - 🤖 Gemini response: true

24-05-2025T01:30:11 - [MESSAGE][INFO] -  Token usage → Prompt: 2339 | Response: 1 | Total: 2340

24-05-2025T01:30:11 - [MESSAGE][PASSED] - Check image content

24-05-2025T01:30:11 - [TEST_STEP][PASSED] - fileManager_FolderScreen.deleteAllFiles(): null

24-05-2025T01:30:18 - [TEST_STEP][PASSED] - Utilities.closeCurentApp(): null

24-05-2025T01:30:18 - [TEST_STEP][PASSED] - Start listener action : afterTest: null

24-05-2025T01:30:18 - [TEST_STEP][PASSED] - if (testCaseStatus != "PASSED"): null

24-05-2025T01:30:18 - [TEST_STEP][PASSED] - drivers.Driver.closeApp(): drivers.Driver.closeApp is PASSED

24-05-2025T01:30:19 - [MESSAGE][PASSED] - drivers.Driver.closeApp is PASSED

24-05-2025T01:30:19 - [TEST_STEP][PASSED] - if (tsContext == null): null]]></system-out>
         <system-err><![CDATA[]]></system-err>
      </testcase>
      <testcase name="Test Cases/IPAPER APP/045 TAI FILE TAI CHI TIET HO SO_HO SO DI" time="136.345" classname="Test Cases/IPAPER APP/045 TAI FILE TAI CHI TIET HO SO_HO SO DI" status="PASSED">
         <system-out><![CDATA[24-05-2025T01:30:19 - [TEST_CASE][PASSED] - Test Cases/IPAPER APP/045 TAI FILE TAI CHI TIET HO SO_HO SO DI: Test Cases/IPAPER APP/045 TAI FILE TAI CHI TIET HO SO_HO SO DI

24-05-2025T01:30:19 - [TEST_STEP][PASSED] - Start listener action : beforeTest: drivers.Driver.openApp is PASSED

24-05-2025T01:30:19 - [TEST_STEP][PASSED] - DataTest.init(): null

24-05-2025T01:30:19 - [TEST_STEP][PASSED] - testCaseId = split("/").last(): null

24-05-2025T01:30:19 - [TEST_STEP][PASSED] - if (!(drivers.Driver.isAppiumRunning())): drivers.Driver.isAppiumRunning is PASSED

24-05-2025T01:30:19 - [MESSAGE][INFO] - Appium running: true

24-05-2025T01:30:19 - [MESSAGE][PASSED] - drivers.Driver.isAppiumRunning is PASSED

24-05-2025T01:30:19 - [TEST_STEP][PASSED] - if (driver == null || driver.getSessionId() == null): null

24-05-2025T01:30:19 - [TEST_STEP][PASSED] - drivers.Driver.openApp(): drivers.Driver.openApp is PASSED

24-05-2025T01:30:22 - [MESSAGE][PASSED] - drivers.Driver.openApp is PASSED

24-05-2025T01:30:22 - [TEST_STEP][PASSED] - FOLDER_NAME = "IPaperDownloads": null

24-05-2025T01:30:22 - [TEST_STEP][PASSED] - REQUEST_NAME = "Trình ký PDF có sẵn": null

24-05-2025T01:30:22 - [TEST_STEP][PASSED] - auto5 = DataTest.getUserTest5(): null

24-05-2025T01:30:22 - [TEST_STEP][PASSED] - auto6 = DataTest.getUserTest6(): null

24-05-2025T01:30:22 - [TEST_STEP][PASSED] - document = DataTest.createDocumentTest(auto5, auto6, null, "dummy.pdf", "dummy.docx"): null

24-05-2025T01:30:22 - [TEST_STEP][PASSED] - loginScreen.login(auto5): null

24-05-2025T01:30:29 - [TEST_STEP][PASSED] - homeScreen.openRequestList(): null

24-05-2025T01:30:34 - [TEST_STEP][PASSED] - homeScreen.createRequest(REQUEST_NAME): null

24-05-2025T01:30:42 - [TEST_STEP][PASSED] - pdfSignScreen.fillInTitle(title): null

24-05-2025T01:30:44 - [TEST_STEP][PASSED] - pdfSignScreen.selectPriority(priority): null

24-05-2025T01:30:47 - [TEST_STEP][PASSED] - pdfSignScreen.selectTime(time): null

24-05-2025T01:30:49 - [TEST_STEP][PASSED] - pdfSignScreen.fillInDescription(description): null

24-05-2025T01:30:51 - [TEST_STEP][PASSED] - pdfSignScreen.selectAssigner(getAssigner().getEmail()): null

24-05-2025T01:30:57 - [TEST_STEP][PASSED] - pdfSignScreen.openMainFileBrowser(): null

24-05-2025T01:31:02 - [TEST_STEP][PASSED] - fileBrowserScreen.attachFile(mainFileName): null

24-05-2025T01:31:11 - [TEST_STEP][PASSED] - pdfSignScreen.openSubFileBrowser(): null

24-05-2025T01:31:13 - [TEST_STEP][PASSED] - fileBrowserScreen.attachFile(subFileName): null

24-05-2025T01:31:24 - [TEST_STEP][PASSED] - pdfSignScreen.performAction(SEND_APPROVE): null

24-05-2025T01:31:26 - [TEST_STEP][PASSED] - pdfSignScreen.fillInOpinion(document.getComment()): null

24-05-2025T01:31:27 - [TEST_STEP][PASSED] - pdfSignScreen.submitRequest(): null

24-05-2025T01:31:38 - [TEST_STEP][PASSED] - documentInformationScreen.backToHome(): null

24-05-2025T01:31:38 - [TEST_STEP][PASSED] - homeScreen.goToOutComingDocument(): null

24-05-2025T01:31:50 - [TEST_STEP][PASSED] - outComingDocument.viewInformationDocument(document): null

24-05-2025T01:31:52 - [TEST_STEP][PASSED] - documentInformationScreen.downloadFile(): null

24-05-2025T01:32:19 - [TEST_STEP][PASSED] - Utilities.closeCurentApp(): null

24-05-2025T01:32:19 - [TEST_STEP][PASSED] - Utilities.openFileManagerApp(): null

24-05-2025T01:32:19 - [TEST_STEP][PASSED] - fileManager_HomeScreen.goToIPaperFolder(FOLDER_NAME): null

24-05-2025T01:32:22 - [TEST_STEP][PASSED] - fileManager_FolderScreen.checkPDFFiles(): Check image content

24-05-2025T01:32:27 - [MESSAGE][INFO] - HAR: /Users/cuongvo/hdb_katalon/IPaper/Reports/20250523_224922/fullcase/20250523_224923/requests/main/2.har

24-05-2025T01:32:27 - [MESSAGE][PASSED] - Send request successfully

24-05-2025T01:32:27 - [MESSAGE][INFO] - 🤖 Gemini response: True

24-05-2025T01:32:27 - [MESSAGE][INFO] -  Token usage → Prompt: 2339 | Response: 1 | Total: 2340

24-05-2025T01:32:27 - [MESSAGE][PASSED] - Check image content

24-05-2025T01:32:27 - [TEST_STEP][PASSED] - fileManager_FolderScreen.deleteAllFiles(): null

24-05-2025T01:32:35 - [TEST_STEP][PASSED] - Utilities.closeCurentApp(): null

24-05-2025T01:32:35 - [TEST_STEP][PASSED] - Start listener action : afterTest: null

24-05-2025T01:32:35 - [TEST_STEP][PASSED] - if (testCaseStatus != "PASSED"): null

24-05-2025T01:32:35 - [TEST_STEP][PASSED] - drivers.Driver.closeApp(): drivers.Driver.closeApp is PASSED

24-05-2025T01:32:35 - [MESSAGE][PASSED] - drivers.Driver.closeApp is PASSED

24-05-2025T01:32:35 - [TEST_STEP][PASSED] - if (tsContext == null): null]]></system-out>
         <system-err><![CDATA[]]></system-err>
      </testcase>
      <testcase name="Test Cases/IPAPER APP/046 TAI FILE TAI MAIN FILE_HO SO DI" time="131.2" classname="Test Cases/IPAPER APP/046 TAI FILE TAI MAIN FILE_HO SO DI" status="PASSED">
         <system-out><![CDATA[24-05-2025T01:32:35 - [TEST_CASE][PASSED] - Test Cases/IPAPER APP/046 TAI FILE TAI MAIN FILE_HO SO DI: Test Cases/IPAPER APP/046 TAI FILE TAI MAIN FILE_HO SO DI

24-05-2025T01:32:35 - [TEST_STEP][PASSED] - Start listener action : beforeTest: drivers.Driver.openApp is PASSED

24-05-2025T01:32:35 - [TEST_STEP][PASSED] - DataTest.init(): null

24-05-2025T01:32:35 - [TEST_STEP][PASSED] - testCaseId = split("/").last(): null

24-05-2025T01:32:35 - [TEST_STEP][PASSED] - if (!(drivers.Driver.isAppiumRunning())): drivers.Driver.isAppiumRunning is PASSED

24-05-2025T01:32:35 - [MESSAGE][INFO] - Appium running: true

24-05-2025T01:32:35 - [MESSAGE][PASSED] - drivers.Driver.isAppiumRunning is PASSED

24-05-2025T01:32:35 - [TEST_STEP][PASSED] - if (driver == null || driver.getSessionId() == null): null

24-05-2025T01:32:35 - [TEST_STEP][PASSED] - drivers.Driver.openApp(): drivers.Driver.openApp is PASSED

24-05-2025T01:32:38 - [MESSAGE][PASSED] - drivers.Driver.openApp is PASSED

24-05-2025T01:32:38 - [TEST_STEP][PASSED] - FOLDER_NAME = "IPaperDownloads": null

24-05-2025T01:32:38 - [TEST_STEP][PASSED] - REQUEST_NAME = "Trình ký PDF có sẵn": null

24-05-2025T01:32:38 - [TEST_STEP][PASSED] - auto5 = DataTest.getUserTest5(): null

24-05-2025T01:32:38 - [TEST_STEP][PASSED] - auto6 = DataTest.getUserTest6(): null

24-05-2025T01:32:38 - [TEST_STEP][PASSED] - document = DataTest.createDocumentTest(auto5, auto6, null, "dummy.pdf", "dummy.docx"): null

24-05-2025T01:32:38 - [TEST_STEP][PASSED] - loginScreen.login(auto5): null

24-05-2025T01:32:46 - [TEST_STEP][PASSED] - homeScreen.openRequestList(): null

24-05-2025T01:32:51 - [TEST_STEP][PASSED] - homeScreen.createRequest(REQUEST_NAME): null

24-05-2025T01:32:59 - [TEST_STEP][PASSED] - pdfSignScreen.fillInTitle(title): null

24-05-2025T01:33:02 - [TEST_STEP][PASSED] - pdfSignScreen.selectPriority(priority): null

24-05-2025T01:33:04 - [TEST_STEP][PASSED] - pdfSignScreen.selectTime(time): null

24-05-2025T01:33:07 - [TEST_STEP][PASSED] - pdfSignScreen.fillInDescription(description): null

24-05-2025T01:33:09 - [TEST_STEP][PASSED] - pdfSignScreen.selectAssigner(getAssigner().getEmail()): null

24-05-2025T01:33:15 - [TEST_STEP][PASSED] - pdfSignScreen.openMainFileBrowser(): null

24-05-2025T01:33:20 - [TEST_STEP][PASSED] - fileBrowserScreen.attachFile(mainFileName): null

24-05-2025T01:33:29 - [TEST_STEP][PASSED] - pdfSignScreen.openSubFileBrowser(): null

24-05-2025T01:33:30 - [TEST_STEP][PASSED] - fileBrowserScreen.attachFile(subFileName): null

24-05-2025T01:33:40 - [TEST_STEP][PASSED] - pdfSignScreen.performAction(SEND_APPROVE): null

24-05-2025T01:33:43 - [TEST_STEP][PASSED] - pdfSignScreen.fillInOpinion(document.getComment()): null

24-05-2025T01:33:44 - [TEST_STEP][PASSED] - pdfSignScreen.submitRequest(): null

24-05-2025T01:33:54 - [TEST_STEP][PASSED] - documentInformationScreen.backToHome(): null

24-05-2025T01:33:54 - [TEST_STEP][PASSED] - homeScreen.goToOutComingDocument(): null

24-05-2025T01:34:04 - [TEST_STEP][PASSED] - outComingDocument.viewMainFile(document): null

24-05-2025T01:34:05 - [TEST_STEP][PASSED] - documentInformationScreen.downloadFileAtMainFile(): null

24-05-2025T01:34:30 - [TEST_STEP][PASSED] - Utilities.closeCurentApp(): null

24-05-2025T01:34:30 - [TEST_STEP][PASSED] - Utilities.openFileManagerApp(): null

24-05-2025T01:34:30 - [TEST_STEP][PASSED] - fileManager_HomeScreen.goToIPaperFolder(FOLDER_NAME): null

24-05-2025T01:34:33 - [TEST_STEP][PASSED] - fileManager_FolderScreen.checkPDFFiles(): Check image content

24-05-2025T01:34:38 - [MESSAGE][INFO] - HAR: /Users/cuongvo/hdb_katalon/IPaper/Reports/20250523_224922/fullcase/20250523_224923/requests/main/3.har

24-05-2025T01:34:38 - [MESSAGE][PASSED] - Send request successfully

24-05-2025T01:34:38 - [MESSAGE][INFO] - 🤖 Gemini response: True

24-05-2025T01:34:38 - [MESSAGE][INFO] -  Token usage → Prompt: 2339 | Response: 1 | Total: 2340

24-05-2025T01:34:38 - [MESSAGE][PASSED] - Check image content

24-05-2025T01:34:38 - [TEST_STEP][PASSED] - fileManager_FolderScreen.deleteAllFiles(): null

24-05-2025T01:34:46 - [TEST_STEP][PASSED] - Utilities.closeCurentApp(): null

24-05-2025T01:34:46 - [TEST_STEP][PASSED] - Start listener action : afterTest: null

24-05-2025T01:34:46 - [TEST_STEP][PASSED] - if (testCaseStatus != "PASSED"): null

24-05-2025T01:34:46 - [TEST_STEP][PASSED] - drivers.Driver.closeApp(): drivers.Driver.closeApp is PASSED

24-05-2025T01:34:46 - [MESSAGE][PASSED] - drivers.Driver.closeApp is PASSED

24-05-2025T01:34:46 - [TEST_STEP][PASSED] - if (tsContext == null): null]]></system-out>
         <system-err><![CDATA[]]></system-err>
      </testcase>
      <testcase name="Test Cases/IPAPER APP/049 TIM KIEM HO SO THEO BO LOC" time="153.845" classname="Test Cases/IPAPER APP/049 TIM KIEM HO SO THEO BO LOC" status="FAILED">
         <failure type="FAILED" message="Test Cases/IPAPER APP/049 TIM KIEM HO SO THEO BO LOC FAILED.&#xa;Reason:&#xa;com.kms.katalon.core.exception.StepFailedException: Verify equals GUI: Đã lấy ý kiến - DATA: Đã duyệt&#xa;	at com.kms.katalon.core.util.KeywordUtil.markFailed(KeywordUtil.java:19)&#xa;	at utilities.AssertUtilities.logResult(AssertUtilities.groovy:30)&#xa;	at utilities.AssertUtilities.checkEquals(AssertUtilities.groovy:11)&#xa;	at screens.DocumentInformationScreen.checkStatus(DocumentInformationScreen.groovy:124)&#xa;	at 049 TIM KIEM HO SO THEO BO LOC.run(049 TIM KIEM HO SO THEO BO LOC:39)&#xa;	at com.kms.katalon.core.main.ScriptEngine.run(ScriptEngine.java:194)&#xa;	at com.kms.katalon.core.main.ScriptEngine.runScriptAsRawText(ScriptEngine.java:119)&#xa;	at com.kms.katalon.core.main.TestCaseExecutor.runScript(TestCaseExecutor.java:448)&#xa;	at com.kms.katalon.core.main.TestCaseExecutor.doExecute(TestCaseExecutor.java:439)&#xa;	at com.kms.katalon.core.main.TestCaseExecutor.processExecutionPhase(TestCaseExecutor.java:418)&#xa;	at com.kms.katalon.core.main.TestCaseExecutor.accessMainPhase(TestCaseExecutor.java:410)&#xa;	at com.kms.katalon.core.main.TestCaseExecutor.execute(TestCaseExecutor.java:285)&#xa;	at com.kms.katalon.core.main.TestCaseExecutor.execute(TestCaseExecutor.java:369)&#xa;	at com.kms.katalon.core.main.TestCaseExecutor.execute(TestCaseExecutor.java:369)&#xa;	at com.kms.katalon.core.main.TestCaseExecutor.execute(TestCaseExecutor.java:369)&#xa;	at com.kms.katalon.core.common.CommonExecutor.accessTestCaseMainPhase(CommonExecutor.java:65)&#xa;	at com.kms.katalon.core.main.TestSuiteExecutor.accessTestSuiteMainPhase(TestSuiteExecutor.java:150)&#xa;	at com.kms.katalon.core.main.TestSuiteExecutor.execute(TestSuiteExecutor.java:106)&#xa;	at com.kms.katalon.core.main.TestCaseMain.startTestSuite(TestCaseMain.java:180)&#xa;	at TempTestSuite1748015363748.run(TempTestSuite1748015363748.groovy:35)&#xa;	at java.base/jdk.internal.reflect.NativeMethodAccessorImpl.invoke0(Native Method)&#xa;	at java.base/jdk.internal.reflect.NativeMethodAccessorImpl.invoke(NativeMethodAccessorImpl.java:77)&#xa;	at java.base/jdk.internal.reflect.DelegatingMethodAccessorImpl.invoke(DelegatingMethodAccessorImpl.java:43)&#xa;"/>
         <system-out><![CDATA[24-05-2025T01:42:30 - [TEST_CASE][FAILED] - Test Cases/IPAPER APP/049 TIM KIEM HO SO THEO BO LOC: Test Cases/IPAPER APP/049 TIM KIEM HO SO THEO BO LOC FAILED.
Reason:
com.kms.katalon.core.exception.StepFailedException: Verify equals GUI: Đã lấy ý kiến - DATA: Đã duyệt
	at com.kms.katalon.core.util.KeywordUtil.markFailed(KeywordUtil.java:19)
	at utilities.AssertUtilities.logResult(AssertUtilities.groovy:30)
	at utilities.AssertUtilities.checkEquals(AssertUtilities.groovy:11)
	at screens.DocumentInformationScreen.checkStatus(DocumentInformationScreen.groovy:124)
	at 049 TIM KIEM HO SO THEO BO LOC.run(049 TIM KIEM HO SO THEO BO LOC:39)
	at com.kms.katalon.core.main.ScriptEngine.run(ScriptEngine.java:194)
	at com.kms.katalon.core.main.ScriptEngine.runScriptAsRawText(ScriptEngine.java:119)
	at com.kms.katalon.core.main.TestCaseExecutor.runScript(TestCaseExecutor.java:448)
	at com.kms.katalon.core.main.TestCaseExecutor.doExecute(TestCaseExecutor.java:439)
	at com.kms.katalon.core.main.TestCaseExecutor.processExecutionPhase(TestCaseExecutor.java:418)
	at com.kms.katalon.core.main.TestCaseExecutor.accessMainPhase(TestCaseExecutor.java:410)
	at com.kms.katalon.core.main.TestCaseExecutor.execute(TestCaseExecutor.java:285)
	at com.kms.katalon.core.main.TestCaseExecutor.execute(TestCaseExecutor.java:369)
	at com.kms.katalon.core.main.TestCaseExecutor.execute(TestCaseExecutor.java:369)
	at com.kms.katalon.core.main.TestCaseExecutor.execute(TestCaseExecutor.java:369)
	at com.kms.katalon.core.common.CommonExecutor.accessTestCaseMainPhase(CommonExecutor.java:65)
	at com.kms.katalon.core.main.TestSuiteExecutor.accessTestSuiteMainPhase(TestSuiteExecutor.java:150)
	at com.kms.katalon.core.main.TestSuiteExecutor.execute(TestSuiteExecutor.java:106)
	at com.kms.katalon.core.main.TestCaseMain.startTestSuite(TestCaseMain.java:180)
	at TempTestSuite1748015363748.run(TempTestSuite1748015363748.groovy:35)
	at java.base/jdk.internal.reflect.NativeMethodAccessorImpl.invoke0(Native Method)
	at java.base/jdk.internal.reflect.NativeMethodAccessorImpl.invoke(NativeMethodAccessorImpl.java:77)
	at java.base/jdk.internal.reflect.DelegatingMethodAccessorImpl.invoke(DelegatingMethodAccessorImpl.java:43)


24-05-2025T01:42:30 - [TEST_STEP][PASSED] - Start listener action : beforeTest: drivers.Driver.openApp is PASSED

24-05-2025T01:42:30 - [TEST_STEP][PASSED] - DataTest.init(): null

24-05-2025T01:42:30 - [TEST_STEP][PASSED] - testCaseId = split("/").last(): null

24-05-2025T01:42:30 - [TEST_STEP][PASSED] - if (!(drivers.Driver.isAppiumRunning())): drivers.Driver.isAppiumRunning is PASSED

24-05-2025T01:42:30 - [MESSAGE][INFO] - Appium running: true

24-05-2025T01:42:30 - [MESSAGE][PASSED] - drivers.Driver.isAppiumRunning is PASSED

24-05-2025T01:42:30 - [TEST_STEP][PASSED] - if (driver == null || driver.getSessionId() == null): null

24-05-2025T01:42:30 - [TEST_STEP][PASSED] - drivers.Driver.openApp(): drivers.Driver.openApp is PASSED

24-05-2025T01:42:32 - [MESSAGE][PASSED] - drivers.Driver.openApp is PASSED

24-05-2025T01:42:32 - [TEST_STEP][PASSED] - index = 0: null

24-05-2025T01:42:32 - [TEST_STEP][PASSED] - auto5 = DataTest.getUserTest5(): null

24-05-2025T01:42:32 - [TEST_STEP][PASSED] - auto6 = DataTest.getUserTest6(): null

24-05-2025T01:42:32 - [TEST_STEP][PASSED] - documentTitles = <not implemented yet for class: org.codehaus.groovy.ast.expr.EmptyExpression>: null

24-05-2025T01:42:32 - [TEST_STEP][PASSED] - waitApproveStatus = "Chưa duyệt": null

24-05-2025T01:42:32 - [TEST_STEP][PASSED] - document = DataTest.createDocumentTest(auto5, auto6, null, "dummy.pdf", "dummy.pdf"): null

24-05-2025T01:42:32 - [TEST_STEP][PASSED] - loginScreen.login(auto6): null

24-05-2025T01:42:41 - [TEST_STEP][PASSED] - homeScreen.goToIncomingDocument(): null

24-05-2025T01:42:41 - [TEST_STEP][PASSED] - inComingDocument.filterByStatus(waitApproveStatus): Filter by Chưa duyệt status

24-05-2025T01:42:50 - [MESSAGE][INFO] - Filter by Chưa duyệt status

24-05-2025T01:42:50 - [TEST_STEP][PASSED] - documentTitles = inComingDocument.getListDocumentTitle(): null

24-05-2025T01:42:51 - [TEST_STEP][PASSED] - for ([i = 0, i < documentTitles.size() - 1, (i++)]): null

24-05-2025T01:42:51 - [TEST_STEP][PASSED] - titleItem = documentTitles[i]: null

24-05-2025T01:42:51 - [TEST_STEP][PASSED] - document.setTitle(titleItem): null

24-05-2025T01:42:51 - [TEST_STEP][PASSED] - inComingDocument.viewInformationDocument(document): View document Trình ký 1748025158425

24-05-2025T01:42:51 - [MESSAGE][INFO] - View document Trình ký 1748025158425

24-05-2025T01:42:59 - [TEST_STEP][PASSED] - documentInformationScreen.checkStatus(WAIT_APPROVE): Verify equals GUI: Chờ giám sát phê duyệt - DATA: Chờ giám sát phê duyệt

24-05-2025T01:42:59 - [MESSAGE][PASSED] - Verify equals GUI: Chờ giám sát phê duyệt - DATA: Chờ giám sát phê duyệt

24-05-2025T01:42:59 - [TEST_STEP][PASSED] - documentInformationScreen.backToHome(): null

24-05-2025T01:43:04 - [TEST_STEP][PASSED] - titleItem = documentTitles[i]: null

24-05-2025T01:43:04 - [TEST_STEP][PASSED] - document.setTitle(titleItem): null

24-05-2025T01:43:04 - [TEST_STEP][PASSED] - inComingDocument.viewInformationDocument(document): View document Trình ký 1748025022071

24-05-2025T01:43:04 - [MESSAGE][INFO] - View document Trình ký 1748025022071

24-05-2025T01:43:10 - [TEST_STEP][PASSED] - documentInformationScreen.checkStatus(WAIT_APPROVE): Verify equals GUI: Chờ giám sát phê duyệt - DATA: Chờ giám sát phê duyệt

24-05-2025T01:43:10 - [MESSAGE][PASSED] - Verify equals GUI: Chờ giám sát phê duyệt - DATA: Chờ giám sát phê duyệt

24-05-2025T01:43:10 - [TEST_STEP][PASSED] - documentInformationScreen.backToHome(): null

24-05-2025T01:43:15 - [TEST_STEP][PASSED] - inComingDocument.filterByStatus(APPROVED): Filter by Đã duyệt status

24-05-2025T01:43:22 - [MESSAGE][INFO] - Filter by Đã duyệt status

24-05-2025T01:43:22 - [TEST_STEP][PASSED] - documentTitles = inComingDocument.getListDocumentTitle(): null

24-05-2025T01:43:23 - [TEST_STEP][FAILED] - for ([i = 0, i < documentTitles.size() - 1, (i++)]): null

24-05-2025T01:43:23 - [TEST_STEP][PASSED] - titleItem = documentTitles[i]: null

24-05-2025T01:43:23 - [TEST_STEP][PASSED] - document.setTitle(titleItem): null

24-05-2025T01:43:23 - [TEST_STEP][PASSED] - inComingDocument.viewInformationDocument(document): View document Trình ký 1748024603363

24-05-2025T01:43:23 - [MESSAGE][INFO] - View document Trình ký 1748024603363

24-05-2025T01:43:30 - [TEST_STEP][FAILED] - documentInformationScreen.checkStatus(APPROVED): Verify equals GUI: Đã lấy ý kiến - DATA: Đã duyệt

24-05-2025T01:43:30 - [MESSAGE][FAILED] - Verify equals GUI: Đã lấy ý kiến - DATA: Đã duyệt

24-05-2025T01:43:30 - [TEST_STEP][PASSED] - documentInformationScreen.backToHome(): null

24-05-2025T01:43:35 - [TEST_STEP][PASSED] - titleItem = documentTitles[i]: null

24-05-2025T01:43:35 - [TEST_STEP][PASSED] - document.setTitle(titleItem): null

24-05-2025T01:43:35 - [TEST_STEP][PASSED] - inComingDocument.viewInformationDocument(document): View document Trình ký 1748024448181

24-05-2025T01:43:35 - [MESSAGE][INFO] - View document Trình ký 1748024448181

24-05-2025T01:43:41 - [TEST_STEP][FAILED] - documentInformationScreen.checkStatus(APPROVED): Verify equals GUI: Đã lấy ý kiến - DATA: Đã duyệt

24-05-2025T01:43:41 - [MESSAGE][FAILED] - Verify equals GUI: Đã lấy ý kiến - DATA: Đã duyệt

24-05-2025T01:43:41 - [TEST_STEP][PASSED] - documentInformationScreen.backToHome(): null

24-05-2025T01:43:45 - [TEST_STEP][PASSED] - titleItem = documentTitles[i]: null

24-05-2025T01:43:45 - [TEST_STEP][PASSED] - document.setTitle(titleItem): null

24-05-2025T01:43:45 - [TEST_STEP][PASSED] - inComingDocument.viewInformationDocument(document): View document Trình ký 1748024296398

24-05-2025T01:43:45 - [MESSAGE][INFO] - View document Trình ký 1748024296398

24-05-2025T01:43:52 - [TEST_STEP][FAILED] - documentInformationScreen.checkStatus(APPROVED): Verify equals GUI: Đã lấy ý kiến - DATA: Đã duyệt

24-05-2025T01:43:52 - [MESSAGE][FAILED] - Verify equals GUI: Đã lấy ý kiến - DATA: Đã duyệt

24-05-2025T01:43:52 - [TEST_STEP][PASSED] - documentInformationScreen.backToHome(): null

24-05-2025T01:43:57 - [TEST_STEP][PASSED] - titleItem = documentTitles[i]: null

24-05-2025T01:43:57 - [TEST_STEP][PASSED] - document.setTitle(titleItem): null

24-05-2025T01:43:57 - [TEST_STEP][PASSED] - inComingDocument.viewInformationDocument(document): View document Trình ký 1748024145663

24-05-2025T01:43:57 - [MESSAGE][INFO] - View document Trình ký 1748024145663

24-05-2025T01:44:03 - [TEST_STEP][FAILED] - documentInformationScreen.checkStatus(APPROVED): Verify equals GUI: Đã lấy ý kiến - DATA: Đã duyệt

24-05-2025T01:44:04 - [MESSAGE][FAILED] - Verify equals GUI: Đã lấy ý kiến - DATA: Đã duyệt

24-05-2025T01:44:04 - [TEST_STEP][PASSED] - documentInformationScreen.backToHome(): null

24-05-2025T01:44:08 - [TEST_STEP][PASSED] - inComingDocument.filterByStatus(REJECT): Filter by Từ chối status

24-05-2025T01:44:16 - [MESSAGE][INFO] - Filter by Từ chối status

24-05-2025T01:44:16 - [TEST_STEP][PASSED] - documentTitles = inComingDocument.getListDocumentTitle(): null

24-05-2025T01:44:17 - [TEST_STEP][PASSED] - for ([i = 0, i < documentTitles.size() - 1, (i++)]): null

24-05-2025T01:44:17 - [TEST_STEP][PASSED] - titleItem = documentTitles[i]: null

24-05-2025T01:44:17 - [TEST_STEP][PASSED] - document.setTitle(titleItem): null

24-05-2025T01:44:17 - [TEST_STEP][PASSED] - inComingDocument.viewInformationDocument(document): View document Trình ký 1748019876535

24-05-2025T01:44:17 - [MESSAGE][INFO] - View document Trình ký 1748019876535

24-05-2025T01:44:22 - [TEST_STEP][PASSED] - documentInformationScreen.checkStatus(REJECT): Verify equals GUI: Từ chối - DATA: Từ chối

24-05-2025T01:44:22 - [MESSAGE][PASSED] - Verify equals GUI: Từ chối - DATA: Từ chối

24-05-2025T01:44:22 - [TEST_STEP][PASSED] - documentInformationScreen.backToHome(): null

24-05-2025T01:44:26 - [TEST_STEP][PASSED] - titleItem = documentTitles[i]: null

24-05-2025T01:44:26 - [TEST_STEP][PASSED] - document.setTitle(titleItem): null

24-05-2025T01:44:26 - [TEST_STEP][PASSED] - inComingDocument.viewInformationDocument(document): View document Trình ký 1748019734804

24-05-2025T01:44:26 - [MESSAGE][INFO] - View document Trình ký 1748019734804

24-05-2025T01:44:31 - [TEST_STEP][PASSED] - documentInformationScreen.checkStatus(REJECT): Verify equals GUI: Từ chối - DATA: Từ chối

24-05-2025T01:44:31 - [MESSAGE][PASSED] - Verify equals GUI: Từ chối - DATA: Từ chối

24-05-2025T01:44:31 - [TEST_STEP][PASSED] - documentInformationScreen.backToHome(): null

24-05-2025T01:44:37 - [TEST_STEP][PASSED] - titleItem = documentTitles[i]: null

24-05-2025T01:44:37 - [TEST_STEP][PASSED] - document.setTitle(titleItem): null

24-05-2025T01:44:37 - [TEST_STEP][PASSED] - inComingDocument.viewInformationDocument(document): View document Trình ký 1748019592035

24-05-2025T01:44:37 - [MESSAGE][INFO] - View document Trình ký 1748019592035

24-05-2025T01:44:41 - [TEST_STEP][PASSED] - documentInformationScreen.checkStatus(REJECT): Verify equals GUI: Từ chối - DATA: Từ chối

24-05-2025T01:44:42 - [MESSAGE][PASSED] - Verify equals GUI: Từ chối - DATA: Từ chối

24-05-2025T01:44:42 - [TEST_STEP][PASSED] - documentInformationScreen.backToHome(): null

24-05-2025T01:44:46 - [TEST_STEP][PASSED] - titleItem = documentTitles[i]: null

24-05-2025T01:44:46 - [TEST_STEP][PASSED] - document.setTitle(titleItem): null

24-05-2025T01:44:46 - [TEST_STEP][PASSED] - inComingDocument.viewInformationDocument(document): View document Trình ký 1748019449989

24-05-2025T01:44:46 - [MESSAGE][INFO] - View document Trình ký 1748019449989

24-05-2025T01:44:51 - [TEST_STEP][PASSED] - documentInformationScreen.checkStatus(REJECT): Verify equals GUI: Từ chối - DATA: Từ chối

24-05-2025T01:44:51 - [MESSAGE][PASSED] - Verify equals GUI: Từ chối - DATA: Từ chối

24-05-2025T01:44:51 - [TEST_STEP][PASSED] - documentInformationScreen.backToHome(): null

24-05-2025T01:44:55 - [TEST_STEP][ERROR] - inComingDocument.filterByStatus(RETURNED): Test Cases/IPAPER APP/049 TIM KIEM HO SO THEO BO LOC FAILED.
Reason:
org.openqa.selenium.NoSuchElementException: An element could not be located on the page using the given search parameters.
For documentation on this error, please visit: https://www.seleniumhq.org/exceptions/no_such_element.html
Build info: version: '3.141.59', revision: 'unknown', time: 'unknown'
System info: host: '192.168.30.108', ip: 'fe80:0:0:0:857:c3df:d699:1dc0%en0', os.name: 'Mac OS X', os.arch: 'aarch64', os.version: '15.5', java.version: '17.0.7'
Driver info: com.kms.katalon.core.appium.driver.SwipeableAndroidDriver
Capabilities {automationName: UiAutomator2, databaseEnabled: false, desired: {automationName: UiAutomator2, deviceName: af0c5cf7, noReset: true, platformName: android, waitForIdleTimeout: 3000}, deviceApiLevel: 35, deviceManufacturer: OPPO, deviceModel: CPH2699, deviceName: af0c5cf7, deviceScreenDensity: 480, deviceScreenSize: 1080x2400, deviceUDID: af0c5cf7, javascriptEnabled: true, locationContextEnabled: false, networkConnectionEnabled: true, noReset: true, pixelRatio: 3, platform: LINUX, platformName: Android, platformVersion: 15, statBarHeight: 120, takesScreenshot: true, viewportRect: {height: 2280, left: 0, top: 120, width: 1080}, waitForIdleTimeout: 3000, warnings: {}, webStorageEnabled: false}
Session ID: 62e5b862-d2c0-4dcf-ad05-c0bce164dcf0
*** Element info: {Using=xpath, value=//android.widget.TextView[@resource-id='com.hdbank.ipaper:id/tv_filter' and @text='Chờ bổ sung hồ sơ']}
	at java.base/jdk.internal.reflect.NativeConstructorAccessorImpl.newInstance0(Native Method)
	at java.base/jdk.internal.reflect.NativeConstructorAccessorImpl.newInstance(NativeConstructorAccessorImpl.java:77)
	at java.base/jdk.internal.reflect.DelegatingConstructorAccessorImpl.newInstance(DelegatingConstructorAccessorImpl.java:45)
	at org.openqa.selenium.remote.http.W3CHttpResponseCodec.createException(W3CHttpResponseCodec.java:187)
	at org.openqa.selenium.remote.http.W3CHttpResponseCodec.decode(W3CHttpResponseCodec.java:122)
	at org.openqa.selenium.remote.http.W3CHttpResponseCodec.decode(W3CHttpResponseCodec.java:49)
	at org.openqa.selenium.remote.HttpCommandExecutor.execute(HttpCommandExecutor.java:158)
	at io.appium.java_client.remote.AppiumCommandExecutor.execute(AppiumCommandExecutor.java:239)
	at org.openqa.selenium.remote.RemoteWebDriver.execute(RemoteWebDriver.java:552)
	at io.appium.java_client.DefaultGenericMobileDriver.execute(DefaultGenericMobileDriver.java:42)
	at io.appium.java_client.AppiumDriver.execute(AppiumDriver.java:1)
	at io.appium.java_client.android.AndroidDriver.execute(AndroidDriver.java:1)
	at com.kms.katalon.core.appium.driver.SwipeableAndroidDriver.execute(SwipeableAndroidDriver.java:1)
	at org.openqa.selenium.remote.RemoteWebDriver.findElement(RemoteWebDriver.java:323)
	at io.appium.java_client.DefaultGenericMobileDriver.findElement(DefaultGenericMobileDriver.java:62)
	at io.appium.java_client.AppiumDriver.findElement(AppiumDriver.java:1)
	at io.appium.java_client.android.AndroidDriver.findElement(AndroidDriver.java:1)
	at com.kms.katalon.core.appium.driver.SwipeableAndroidDriver.findElement(SwipeableAndroidDriver.java:1)
	at org.openqa.selenium.remote.RemoteWebDriver.findElementByXPath(RemoteWebDriver.java:428)
	at io.appium.java_client.DefaultGenericMobileDriver.findElementByXPath(DefaultGenericMobileDriver.java:152)
	at io.appium.java_client.AppiumDriver.findElementByXPath(AppiumDriver.java:1)
	at io.appium.java_client.android.AndroidDriver.findElementByXPath(AndroidDriver.java:1)
	at com.kms.katalon.core.appium.driver.SwipeableAndroidDriver.findElementByXPath(SwipeableAndroidDriver.java:1)
	at org.openqa.selenium.By$ByXPath.findElement(By.java:353)
	at org.openqa.selenium.remote.RemoteWebDriver.findElement(RemoteWebDriver.java:315)
	at io.appium.java_client.DefaultGenericMobileDriver.findElement(DefaultGenericMobileDriver.java:58)
	at io.appium.java_client.AppiumDriver.findElement(AppiumDriver.java:1)
	at io.appium.java_client.android.AndroidDriver.findElement(AndroidDriver.java:1)
	at com.kms.katalon.core.appium.driver.SwipeableAndroidDriver.findElement(SwipeableAndroidDriver.java:1)
	at base.BaseKeyword$Trait$Helper.clickToElement(BaseKeyword.groovy:91)
	at screens.IncomingDocumentScreen.clickToElement(IncomingDocumentScreen.groovy)
	at screens.IncomingDocumentScreen.filterByStatus(IncomingDocumentScreen.groovy:254)
	at 049 TIM KIEM HO SO THEO BO LOC.run(049 TIM KIEM HO SO THEO BO LOC:55)
	at com.kms.katalon.core.main.ScriptEngine.run(ScriptEngine.java:194)
	at com.kms.katalon.core.main.ScriptEngine.runScriptAsRawText(ScriptEngine.java:119)
	at com.kms.katalon.core.main.TestCaseExecutor.runScript(TestCaseExecutor.java:448)
	at com.kms.katalon.core.main.TestCaseExecutor.doExecute(TestCaseExecutor.java:439)
	at com.kms.katalon.core.main.TestCaseExecutor.processExecutionPhase(TestCaseExecutor.java:418)
	at com.kms.katalon.core.main.TestCaseExecutor.accessMainPhase(TestCaseExecutor.java:410)
	at com.kms.katalon.core.main.TestCaseExecutor.execute(TestCaseExecutor.java:285)
	at com.kms.katalon.core.main.TestCaseExecutor.execute(TestCaseExecutor.java:369)
	at com.kms.katalon.core.main.TestCaseExecutor.execute(TestCaseExecutor.java:369)
	at com.kms.katalon.core.main.TestCaseExecutor.execute(TestCaseExecutor.java:369)
	at com.kms.katalon.core.common.CommonExecutor.accessTestCaseMainPhase(CommonExecutor.java:65)
	at com.kms.katalon.core.main.TestSuiteExecutor.accessTestSuiteMainPhase(TestSuiteExecutor.java:150)
	at com.kms.katalon.core.main.TestSuiteExecutor.execute(TestSuiteExecutor.java:106)
	at com.kms.katalon.core.main.TestCaseMain.startTestSuite(TestCaseMain.java:180)
	at TempTestSuite1748015363748.run(TempTestSuite1748015363748.groovy:35)
	at java.base/jdk.internal.reflect.NativeMethodAccessorImpl.invoke0(Native Method)
	at java.base/jdk.internal.reflect.NativeMethodAccessorImpl.invoke(NativeMethodAccessorImpl.java:77)
	at java.base/jdk.internal.reflect.DelegatingMethodAccessorImpl.invoke(DelegatingMethodAccessorImpl.java:43)


24-05-2025T01:45:00 - [MESSAGE][ERROR] - Test Cases/IPAPER APP/049 TIM KIEM HO SO THEO BO LOC FAILED.
Reason:
org.openqa.selenium.NoSuchElementException: An element could not be located on the page using the given search parameters.
For documentation on this error, please visit: https://www.seleniumhq.org/exceptions/no_such_element.html
Build info: version: '3.141.59', revision: 'unknown', time: 'unknown'
System info: host: '192.168.30.108', ip: 'fe80:0:0:0:857:c3df:d699:1dc0%en0', os.name: 'Mac OS X', os.arch: 'aarch64', os.version: '15.5', java.version: '17.0.7'
Driver info: com.kms.katalon.core.appium.driver.SwipeableAndroidDriver
Capabilities {automationName: UiAutomator2, databaseEnabled: false, desired: {automationName: UiAutomator2, deviceName: af0c5cf7, noReset: true, platformName: android, waitForIdleTimeout: 3000}, deviceApiLevel: 35, deviceManufacturer: OPPO, deviceModel: CPH2699, deviceName: af0c5cf7, deviceScreenDensity: 480, deviceScreenSize: 1080x2400, deviceUDID: af0c5cf7, javascriptEnabled: true, locationContextEnabled: false, networkConnectionEnabled: true, noReset: true, pixelRatio: 3, platform: LINUX, platformName: Android, platformVersion: 15, statBarHeight: 120, takesScreenshot: true, viewportRect: {height: 2280, left: 0, top: 120, width: 1080}, waitForIdleTimeout: 3000, warnings: {}, webStorageEnabled: false}
Session ID: 62e5b862-d2c0-4dcf-ad05-c0bce164dcf0
*** Element info: {Using=xpath, value=//android.widget.TextView[@resource-id='com.hdbank.ipaper:id/tv_filter' and @text='Chờ bổ sung hồ sơ']}
	at java.base/jdk.internal.reflect.NativeConstructorAccessorImpl.newInstance0(Native Method)
	at java.base/jdk.internal.reflect.NativeConstructorAccessorImpl.newInstance(NativeConstructorAccessorImpl.java:77)
	at java.base/jdk.internal.reflect.DelegatingConstructorAccessorImpl.newInstance(DelegatingConstructorAccessorImpl.java:45)
	at org.openqa.selenium.remote.http.W3CHttpResponseCodec.createException(W3CHttpResponseCodec.java:187)
	at org.openqa.selenium.remote.http.W3CHttpResponseCodec.decode(W3CHttpResponseCodec.java:122)
	at org.openqa.selenium.remote.http.W3CHttpResponseCodec.decode(W3CHttpResponseCodec.java:49)
	at org.openqa.selenium.remote.HttpCommandExecutor.execute(HttpCommandExecutor.java:158)
	at io.appium.java_client.remote.AppiumCommandExecutor.execute(AppiumCommandExecutor.java:239)
	at org.openqa.selenium.remote.RemoteWebDriver.execute(RemoteWebDriver.java:552)
	at io.appium.java_client.DefaultGenericMobileDriver.execute(DefaultGenericMobileDriver.java:42)
	at io.appium.java_client.AppiumDriver.execute(AppiumDriver.java:1)
	at io.appium.java_client.android.AndroidDriver.execute(AndroidDriver.java:1)
	at com.kms.katalon.core.appium.driver.SwipeableAndroidDriver.execute(SwipeableAndroidDriver.java:1)
	at org.openqa.selenium.remote.RemoteWebDriver.findElement(RemoteWebDriver.java:323)
	at io.appium.java_client.DefaultGenericMobileDriver.findElement(DefaultGenericMobileDriver.java:62)
	at io.appium.java_client.AppiumDriver.findElement(AppiumDriver.java:1)
	at io.appium.java_client.android.AndroidDriver.findElement(AndroidDriver.java:1)
	at com.kms.katalon.core.appium.driver.SwipeableAndroidDriver.findElement(SwipeableAndroidDriver.java:1)
	at org.openqa.selenium.remote.RemoteWebDriver.findElementByXPath(RemoteWebDriver.java:428)
	at io.appium.java_client.DefaultGenericMobileDriver.findElementByXPath(DefaultGenericMobileDriver.java:152)
	at io.appium.java_client.AppiumDriver.findElementByXPath(AppiumDriver.java:1)
	at io.appium.java_client.android.AndroidDriver.findElementByXPath(AndroidDriver.java:1)
	at com.kms.katalon.core.appium.driver.SwipeableAndroidDriver.findElementByXPath(SwipeableAndroidDriver.java:1)
	at org.openqa.selenium.By$ByXPath.findElement(By.java:353)
	at org.openqa.selenium.remote.RemoteWebDriver.findElement(RemoteWebDriver.java:315)
	at io.appium.java_client.DefaultGenericMobileDriver.findElement(DefaultGenericMobileDriver.java:58)
	at io.appium.java_client.AppiumDriver.findElement(AppiumDriver.java:1)
	at io.appium.java_client.android.AndroidDriver.findElement(AndroidDriver.java:1)
	at com.kms.katalon.core.appium.driver.SwipeableAndroidDriver.findElement(SwipeableAndroidDriver.java:1)
	at base.BaseKeyword$Trait$Helper.clickToElement(BaseKeyword.groovy:91)
	at screens.IncomingDocumentScreen.clickToElement(IncomingDocumentScreen.groovy)
	at screens.IncomingDocumentScreen.filterByStatus(IncomingDocumentScreen.groovy:254)
	at 049 TIM KIEM HO SO THEO BO LOC.run(049 TIM KIEM HO SO THEO BO LOC:55)
	at com.kms.katalon.core.main.ScriptEngine.run(ScriptEngine.java:194)
	at com.kms.katalon.core.main.ScriptEngine.runScriptAsRawText(ScriptEngine.java:119)
	at com.kms.katalon.core.main.TestCaseExecutor.runScript(TestCaseExecutor.java:448)
	at com.kms.katalon.core.main.TestCaseExecutor.doExecute(TestCaseExecutor.java:439)
	at com.kms.katalon.core.main.TestCaseExecutor.processExecutionPhase(TestCaseExecutor.java:418)
	at com.kms.katalon.core.main.TestCaseExecutor.accessMainPhase(TestCaseExecutor.java:410)
	at com.kms.katalon.core.main.TestCaseExecutor.execute(TestCaseExecutor.java:285)
	at com.kms.katalon.core.main.TestCaseExecutor.execute(TestCaseExecutor.java:369)
	at com.kms.katalon.core.main.TestCaseExecutor.execute(TestCaseExecutor.java:369)
	at com.kms.katalon.core.main.TestCaseExecutor.execute(TestCaseExecutor.java:369)
	at com.kms.katalon.core.common.CommonExecutor.accessTestCaseMainPhase(CommonExecutor.java:65)
	at com.kms.katalon.core.main.TestSuiteExecutor.accessTestSuiteMainPhase(TestSuiteExecutor.java:150)
	at com.kms.katalon.core.main.TestSuiteExecutor.execute(TestSuiteExecutor.java:106)
	at com.kms.katalon.core.main.TestCaseMain.startTestSuite(TestCaseMain.java:180)
	at TempTestSuite1748015363748.run(TempTestSuite1748015363748.groovy:35)
	at java.base/jdk.internal.reflect.NativeMethodAccessorImpl.invoke0(Native Method)
	at java.base/jdk.internal.reflect.NativeMethodAccessorImpl.invoke(NativeMethodAccessorImpl.java:77)
	at java.base/jdk.internal.reflect.DelegatingMethodAccessorImpl.invoke(DelegatingMethodAccessorImpl.java:43)


24-05-2025T01:45:00 - [TEST_STEP][PASSED] - Start listener action : afterTest: null

24-05-2025T01:45:00 - [TEST_STEP][PASSED] - if (testCaseStatus != "PASSED"): Screenshot is taken

24-05-2025T01:45:00 - [TEST_STEP][PASSED] - takeScreenshot(ErrorScreen/$GlobalVariable.PLATFORM/$testCaseContext.getTestCaseId().png): Screenshot is taken

24-05-2025T01:45:03 - [MESSAGE][PASSED] - Screenshot is taken
[[ATTACHMENT|ErrorScreen/Android/Test Cases/IPAPER APP/049 TIM KIEM HO SO THEO BO LOC.png]]

24-05-2025T01:45:03 - [TEST_STEP][PASSED] - drivers.Driver.closeApp(): drivers.Driver.closeApp is PASSED

24-05-2025T01:45:04 - [MESSAGE][PASSED] - drivers.Driver.closeApp is PASSED

24-05-2025T01:45:04 - [TEST_STEP][PASSED] - if (tsContext == null): null]]></system-out>
         <system-err><![CDATA[24-05-2025T01:42:30 - [TEST_CASE][FAILED] - Test Cases/IPAPER APP/049 TIM KIEM HO SO THEO BO LOC: Test Cases/IPAPER APP/049 TIM KIEM HO SO THEO BO LOC FAILED.
Reason:
com.kms.katalon.core.exception.StepFailedException: Verify equals GUI: Đã lấy ý kiến - DATA: Đã duyệt
	at com.kms.katalon.core.util.KeywordUtil.markFailed(KeywordUtil.java:19)
	at utilities.AssertUtilities.logResult(AssertUtilities.groovy:30)
	at utilities.AssertUtilities.checkEquals(AssertUtilities.groovy:11)
	at screens.DocumentInformationScreen.checkStatus(DocumentInformationScreen.groovy:124)
	at 049 TIM KIEM HO SO THEO BO LOC.run(049 TIM KIEM HO SO THEO BO LOC:39)
	at com.kms.katalon.core.main.ScriptEngine.run(ScriptEngine.java:194)
	at com.kms.katalon.core.main.ScriptEngine.runScriptAsRawText(ScriptEngine.java:119)
	at com.kms.katalon.core.main.TestCaseExecutor.runScript(TestCaseExecutor.java:448)
	at com.kms.katalon.core.main.TestCaseExecutor.doExecute(TestCaseExecutor.java:439)
	at com.kms.katalon.core.main.TestCaseExecutor.processExecutionPhase(TestCaseExecutor.java:418)
	at com.kms.katalon.core.main.TestCaseExecutor.accessMainPhase(TestCaseExecutor.java:410)
	at com.kms.katalon.core.main.TestCaseExecutor.execute(TestCaseExecutor.java:285)
	at com.kms.katalon.core.main.TestCaseExecutor.execute(TestCaseExecutor.java:369)
	at com.kms.katalon.core.main.TestCaseExecutor.execute(TestCaseExecutor.java:369)
	at com.kms.katalon.core.main.TestCaseExecutor.execute(TestCaseExecutor.java:369)
	at com.kms.katalon.core.common.CommonExecutor.accessTestCaseMainPhase(CommonExecutor.java:65)
	at com.kms.katalon.core.main.TestSuiteExecutor.accessTestSuiteMainPhase(TestSuiteExecutor.java:150)
	at com.kms.katalon.core.main.TestSuiteExecutor.execute(TestSuiteExecutor.java:106)
	at com.kms.katalon.core.main.TestCaseMain.startTestSuite(TestCaseMain.java:180)
	at TempTestSuite1748015363748.run(TempTestSuite1748015363748.groovy:35)
	at java.base/jdk.internal.reflect.NativeMethodAccessorImpl.invoke0(Native Method)
	at java.base/jdk.internal.reflect.NativeMethodAccessorImpl.invoke(NativeMethodAccessorImpl.java:77)
	at java.base/jdk.internal.reflect.DelegatingMethodAccessorImpl.invoke(DelegatingMethodAccessorImpl.java:43)]]></system-err>
      </testcase>
      <testcase name="Test Cases/IPAPER APP/050 KIEM TRA THONG BAO" time="44.539" classname="Test Cases/IPAPER APP/050 KIEM TRA THONG BAO" status="ERROR">
         <error type="ERROR" message="Test Cases/IPAPER APP/050 KIEM TRA THONG BAO FAILED.&#xa;Reason:&#xa;org.openqa.selenium.TimeoutException: Expected condition failed: waiting for base.BaseKeyword$Trait$Helper$_waitForAttributeValueOf_closure6@f9bdb50 (tried for 30 second(s) with 500 milliseconds interval)&#xa;Build info: version: '3.141.59', revision: 'unknown', time: 'unknown'&#xa;System info: host: '192.168.30.108', ip: 'fe80:0:0:0:857:c3df:d699:1dc0%en0', os.name: 'Mac OS X', os.arch: 'aarch64', os.version: '15.5', java.version: '17.0.7'&#xa;Driver info: com.kms.katalon.core.appium.driver.SwipeableAndroidDriver&#xa;Capabilities {automationName: UiAutomator2, databaseEnabled: false, desired: {automationName: UiAutomator2, deviceName: af0c5cf7, noReset: true, platformName: android, waitForIdleTimeout: 3000}, deviceApiLevel: 35, deviceManufacturer: OPPO, deviceModel: CPH2699, deviceName: af0c5cf7, deviceScreenDensity: 480, deviceScreenSize: 1080x2400, deviceUDID: af0c5cf7, javascriptEnabled: true, locationContextEnabled: false, networkConnectionEnabled: true, noReset: true, pixelRatio: 3, platform: LINUX, platformName: Android, platformVersion: 15, statBarHeight: 120, takesScreenshot: true, viewportRect: {height: 2280, left: 0, top: 120, width: 1080}, waitForIdleTimeout: 3000, warnings: {}, webStorageEnabled: false}&#xa;Session ID: 62e5b862-d2c0-4dcf-ad05-c0bce164dcf0&#xa;	at org.openqa.selenium.support.ui.WebDriverWait.timeoutException(WebDriverWait.java:95)&#xa;	at org.openqa.selenium.support.ui.FluentWait.until(FluentWait.java:272)&#xa;	at base.BaseKeyword$Trait$Helper.waitForAttributeValueOf(BaseKeyword.groovy:391)&#xa;	at screens.HomeScreen.waitForAttributeValueOf(HomeScreen.groovy)&#xa;	at base.BaseKeyword$Trait$Helper.waitForAttributeValueOf(BaseKeyword.groovy:387)&#xa;	at screens.HomeScreen.waitForAttributeValueOf(HomeScreen.groovy)&#xa;	at screens.HomeScreen.goToNotificationScreen(HomeScreen.groovy:48)&#xa;	at 050 KIEM TRA THONG BAO.run(050 KIEM TRA THONG BAO:9)&#xa;	at com.kms.katalon.core.main.ScriptEngine.run(ScriptEngine.java:194)&#xa;	at com.kms.katalon.core.main.ScriptEngine.runScriptAsRawText(ScriptEngine.java:119)&#xa;	at com.kms.katalon.core.main.TestCaseExecutor.runScript(TestCaseExecutor.java:448)&#xa;	at com.kms.katalon.core.main.TestCaseExecutor.doExecute(TestCaseExecutor.java:439)&#xa;	at com.kms.katalon.core.main.TestCaseExecutor.processExecutionPhase(TestCaseExecutor.java:418)&#xa;	at com.kms.katalon.core.main.TestCaseExecutor.accessMainPhase(TestCaseExecutor.java:410)&#xa;	at com.kms.katalon.core.main.TestCaseExecutor.execute(TestCaseExecutor.java:285)&#xa;	at com.kms.katalon.core.main.TestCaseExecutor.execute(TestCaseExecutor.java:369)&#xa;	at com.kms.katalon.core.main.TestCaseExecutor.execute(TestCaseExecutor.java:369)&#xa;	at com.kms.katalon.core.main.TestCaseExecutor.execute(TestCaseExecutor.java:369)&#xa;	at com.kms.katalon.core.common.CommonExecutor.accessTestCaseMainPhase(CommonExecutor.java:65)&#xa;	at com.kms.katalon.core.main.TestSuiteExecutor.accessTestSuiteMainPhase(TestSuiteExecutor.java:150)&#xa;	at com.kms.katalon.core.main.TestSuiteExecutor.execute(TestSuiteExecutor.java:106)&#xa;	at com.kms.katalon.core.main.TestCaseMain.startTestSuite(TestCaseMain.java:180)&#xa;	at TempTestSuite1748015363748.run(TempTestSuite1748015363748.groovy:35)&#xa;	at java.base/jdk.internal.reflect.NativeMethodAccessorImpl.invoke0(Native Method)&#xa;	at java.base/jdk.internal.reflect.NativeMethodAccessorImpl.invoke(NativeMethodAccessorImpl.java:77)&#xa;	at java.base/jdk.internal.reflect.DelegatingMethodAccessorImpl.invoke(DelegatingMethodAccessorImpl.java:43)&#xa;"/>
         <system-out><![CDATA[24-05-2025T01:47:36 - [TEST_CASE][ERROR] - Test Cases/IPAPER APP/050 KIEM TRA THONG BAO: Test Cases/IPAPER APP/050 KIEM TRA THONG BAO FAILED.
Reason:
org.openqa.selenium.TimeoutException: Expected condition failed: waiting for base.BaseKeyword$Trait$Helper$_waitForAttributeValueOf_closure6@f9bdb50 (tried for 30 second(s) with 500 milliseconds interval)
Build info: version: '3.141.59', revision: 'unknown', time: 'unknown'
System info: host: '192.168.30.108', ip: 'fe80:0:0:0:857:c3df:d699:1dc0%en0', os.name: 'Mac OS X', os.arch: 'aarch64', os.version: '15.5', java.version: '17.0.7'
Driver info: com.kms.katalon.core.appium.driver.SwipeableAndroidDriver
Capabilities {automationName: UiAutomator2, databaseEnabled: false, desired: {automationName: UiAutomator2, deviceName: af0c5cf7, noReset: true, platformName: android, waitForIdleTimeout: 3000}, deviceApiLevel: 35, deviceManufacturer: OPPO, deviceModel: CPH2699, deviceName: af0c5cf7, deviceScreenDensity: 480, deviceScreenSize: 1080x2400, deviceUDID: af0c5cf7, javascriptEnabled: true, locationContextEnabled: false, networkConnectionEnabled: true, noReset: true, pixelRatio: 3, platform: LINUX, platformName: Android, platformVersion: 15, statBarHeight: 120, takesScreenshot: true, viewportRect: {height: 2280, left: 0, top: 120, width: 1080}, waitForIdleTimeout: 3000, warnings: {}, webStorageEnabled: false}
Session ID: 62e5b862-d2c0-4dcf-ad05-c0bce164dcf0
	at org.openqa.selenium.support.ui.WebDriverWait.timeoutException(WebDriverWait.java:95)
	at org.openqa.selenium.support.ui.FluentWait.until(FluentWait.java:272)
	at base.BaseKeyword$Trait$Helper.waitForAttributeValueOf(BaseKeyword.groovy:391)
	at screens.HomeScreen.waitForAttributeValueOf(HomeScreen.groovy)
	at base.BaseKeyword$Trait$Helper.waitForAttributeValueOf(BaseKeyword.groovy:387)
	at screens.HomeScreen.waitForAttributeValueOf(HomeScreen.groovy)
	at screens.HomeScreen.goToNotificationScreen(HomeScreen.groovy:48)
	at 050 KIEM TRA THONG BAO.run(050 KIEM TRA THONG BAO:9)
	at com.kms.katalon.core.main.ScriptEngine.run(ScriptEngine.java:194)
	at com.kms.katalon.core.main.ScriptEngine.runScriptAsRawText(ScriptEngine.java:119)
	at com.kms.katalon.core.main.TestCaseExecutor.runScript(TestCaseExecutor.java:448)
	at com.kms.katalon.core.main.TestCaseExecutor.doExecute(TestCaseExecutor.java:439)
	at com.kms.katalon.core.main.TestCaseExecutor.processExecutionPhase(TestCaseExecutor.java:418)
	at com.kms.katalon.core.main.TestCaseExecutor.accessMainPhase(TestCaseExecutor.java:410)
	at com.kms.katalon.core.main.TestCaseExecutor.execute(TestCaseExecutor.java:285)
	at com.kms.katalon.core.main.TestCaseExecutor.execute(TestCaseExecutor.java:369)
	at com.kms.katalon.core.main.TestCaseExecutor.execute(TestCaseExecutor.java:369)
	at com.kms.katalon.core.main.TestCaseExecutor.execute(TestCaseExecutor.java:369)
	at com.kms.katalon.core.common.CommonExecutor.accessTestCaseMainPhase(CommonExecutor.java:65)
	at com.kms.katalon.core.main.TestSuiteExecutor.accessTestSuiteMainPhase(TestSuiteExecutor.java:150)
	at com.kms.katalon.core.main.TestSuiteExecutor.execute(TestSuiteExecutor.java:106)
	at com.kms.katalon.core.main.TestCaseMain.startTestSuite(TestCaseMain.java:180)
	at TempTestSuite1748015363748.run(TempTestSuite1748015363748.groovy:35)
	at java.base/jdk.internal.reflect.NativeMethodAccessorImpl.invoke0(Native Method)
	at java.base/jdk.internal.reflect.NativeMethodAccessorImpl.invoke(NativeMethodAccessorImpl.java:77)
	at java.base/jdk.internal.reflect.DelegatingMethodAccessorImpl.invoke(DelegatingMethodAccessorImpl.java:43)


24-05-2025T01:47:36 - [TEST_STEP][PASSED] - Start listener action : beforeTest: drivers.Driver.openApp is PASSED

24-05-2025T01:47:36 - [TEST_STEP][PASSED] - DataTest.init(): null

24-05-2025T01:47:36 - [TEST_STEP][PASSED] - testCaseId = split("/").last(): null

24-05-2025T01:47:36 - [TEST_STEP][PASSED] - if (!(drivers.Driver.isAppiumRunning())): drivers.Driver.isAppiumRunning is PASSED

24-05-2025T01:47:36 - [MESSAGE][INFO] - Appium running: true

24-05-2025T01:47:36 - [MESSAGE][PASSED] - drivers.Driver.isAppiumRunning is PASSED

24-05-2025T01:47:36 - [TEST_STEP][PASSED] - if (driver == null || driver.getSessionId() == null): null

24-05-2025T01:47:36 - [TEST_STEP][PASSED] - drivers.Driver.openApp(): drivers.Driver.openApp is PASSED

24-05-2025T01:47:38 - [MESSAGE][PASSED] - drivers.Driver.openApp is PASSED

24-05-2025T01:47:38 - [TEST_STEP][PASSED] - auto3 = DataTest.getUserA4NVTest(): null

24-05-2025T01:47:38 - [TEST_STEP][PASSED] - loginScreen.login(auto3): null

24-05-2025T01:47:47 - [TEST_STEP][ERROR] - homeScreen.goToNotificationScreen(): Test Cases/IPAPER APP/050 KIEM TRA THONG BAO FAILED.
Reason:
org.openqa.selenium.TimeoutException: Expected condition failed: waiting for base.BaseKeyword$Trait$Helper$_waitForAttributeValueOf_closure6@f9bdb50 (tried for 30 second(s) with 500 milliseconds interval)
Build info: version: '3.141.59', revision: 'unknown', time: 'unknown'
System info: host: '192.168.30.108', ip: 'fe80:0:0:0:857:c3df:d699:1dc0%en0', os.name: 'Mac OS X', os.arch: 'aarch64', os.version: '15.5', java.version: '17.0.7'
Driver info: com.kms.katalon.core.appium.driver.SwipeableAndroidDriver
Capabilities {automationName: UiAutomator2, databaseEnabled: false, desired: {automationName: UiAutomator2, deviceName: af0c5cf7, noReset: true, platformName: android, waitForIdleTimeout: 3000}, deviceApiLevel: 35, deviceManufacturer: OPPO, deviceModel: CPH2699, deviceName: af0c5cf7, deviceScreenDensity: 480, deviceScreenSize: 1080x2400, deviceUDID: af0c5cf7, javascriptEnabled: true, locationContextEnabled: false, networkConnectionEnabled: true, noReset: true, pixelRatio: 3, platform: LINUX, platformName: Android, platformVersion: 15, statBarHeight: 120, takesScreenshot: true, viewportRect: {height: 2280, left: 0, top: 120, width: 1080}, waitForIdleTimeout: 3000, warnings: {}, webStorageEnabled: false}
Session ID: 62e5b862-d2c0-4dcf-ad05-c0bce164dcf0
	at org.openqa.selenium.support.ui.WebDriverWait.timeoutException(WebDriverWait.java:95)
	at org.openqa.selenium.support.ui.FluentWait.until(FluentWait.java:272)
	at base.BaseKeyword$Trait$Helper.waitForAttributeValueOf(BaseKeyword.groovy:391)
	at screens.HomeScreen.waitForAttributeValueOf(HomeScreen.groovy)
	at base.BaseKeyword$Trait$Helper.waitForAttributeValueOf(BaseKeyword.groovy:387)
	at screens.HomeScreen.waitForAttributeValueOf(HomeScreen.groovy)
	at screens.HomeScreen.goToNotificationScreen(HomeScreen.groovy:48)
	at 050 KIEM TRA THONG BAO.run(050 KIEM TRA THONG BAO:9)
	at com.kms.katalon.core.main.ScriptEngine.run(ScriptEngine.java:194)
	at com.kms.katalon.core.main.ScriptEngine.runScriptAsRawText(ScriptEngine.java:119)
	at com.kms.katalon.core.main.TestCaseExecutor.runScript(TestCaseExecutor.java:448)
	at com.kms.katalon.core.main.TestCaseExecutor.doExecute(TestCaseExecutor.java:439)
	at com.kms.katalon.core.main.TestCaseExecutor.processExecutionPhase(TestCaseExecutor.java:418)
	at com.kms.katalon.core.main.TestCaseExecutor.accessMainPhase(TestCaseExecutor.java:410)
	at com.kms.katalon.core.main.TestCaseExecutor.execute(TestCaseExecutor.java:285)
	at com.kms.katalon.core.main.TestCaseExecutor.execute(TestCaseExecutor.java:369)
	at com.kms.katalon.core.main.TestCaseExecutor.execute(TestCaseExecutor.java:369)
	at com.kms.katalon.core.main.TestCaseExecutor.execute(TestCaseExecutor.java:369)
	at com.kms.katalon.core.common.CommonExecutor.accessTestCaseMainPhase(CommonExecutor.java:65)
	at com.kms.katalon.core.main.TestSuiteExecutor.accessTestSuiteMainPhase(TestSuiteExecutor.java:150)
	at com.kms.katalon.core.main.TestSuiteExecutor.execute(TestSuiteExecutor.java:106)
	at com.kms.katalon.core.main.TestCaseMain.startTestSuite(TestCaseMain.java:180)
	at TempTestSuite1748015363748.run(TempTestSuite1748015363748.groovy:35)
	at java.base/jdk.internal.reflect.NativeMethodAccessorImpl.invoke0(Native Method)
	at java.base/jdk.internal.reflect.NativeMethodAccessorImpl.invoke(NativeMethodAccessorImpl.java:77)
	at java.base/jdk.internal.reflect.DelegatingMethodAccessorImpl.invoke(DelegatingMethodAccessorImpl.java:43)


24-05-2025T01:48:17 - [MESSAGE][ERROR] - Test Cases/IPAPER APP/050 KIEM TRA THONG BAO FAILED.
Reason:
org.openqa.selenium.TimeoutException: Expected condition failed: waiting for base.BaseKeyword$Trait$Helper$_waitForAttributeValueOf_closure6@f9bdb50 (tried for 30 second(s) with 500 milliseconds interval)
Build info: version: '3.141.59', revision: 'unknown', time: 'unknown'
System info: host: '192.168.30.108', ip: 'fe80:0:0:0:857:c3df:d699:1dc0%en0', os.name: 'Mac OS X', os.arch: 'aarch64', os.version: '15.5', java.version: '17.0.7'
Driver info: com.kms.katalon.core.appium.driver.SwipeableAndroidDriver
Capabilities {automationName: UiAutomator2, databaseEnabled: false, desired: {automationName: UiAutomator2, deviceName: af0c5cf7, noReset: true, platformName: android, waitForIdleTimeout: 3000}, deviceApiLevel: 35, deviceManufacturer: OPPO, deviceModel: CPH2699, deviceName: af0c5cf7, deviceScreenDensity: 480, deviceScreenSize: 1080x2400, deviceUDID: af0c5cf7, javascriptEnabled: true, locationContextEnabled: false, networkConnectionEnabled: true, noReset: true, pixelRatio: 3, platform: LINUX, platformName: Android, platformVersion: 15, statBarHeight: 120, takesScreenshot: true, viewportRect: {height: 2280, left: 0, top: 120, width: 1080}, waitForIdleTimeout: 3000, warnings: {}, webStorageEnabled: false}
Session ID: 62e5b862-d2c0-4dcf-ad05-c0bce164dcf0
	at org.openqa.selenium.support.ui.WebDriverWait.timeoutException(WebDriverWait.java:95)
	at org.openqa.selenium.support.ui.FluentWait.until(FluentWait.java:272)
	at base.BaseKeyword$Trait$Helper.waitForAttributeValueOf(BaseKeyword.groovy:391)
	at screens.HomeScreen.waitForAttributeValueOf(HomeScreen.groovy)
	at base.BaseKeyword$Trait$Helper.waitForAttributeValueOf(BaseKeyword.groovy:387)
	at screens.HomeScreen.waitForAttributeValueOf(HomeScreen.groovy)
	at screens.HomeScreen.goToNotificationScreen(HomeScreen.groovy:48)
	at 050 KIEM TRA THONG BAO.run(050 KIEM TRA THONG BAO:9)
	at com.kms.katalon.core.main.ScriptEngine.run(ScriptEngine.java:194)
	at com.kms.katalon.core.main.ScriptEngine.runScriptAsRawText(ScriptEngine.java:119)
	at com.kms.katalon.core.main.TestCaseExecutor.runScript(TestCaseExecutor.java:448)
	at com.kms.katalon.core.main.TestCaseExecutor.doExecute(TestCaseExecutor.java:439)
	at com.kms.katalon.core.main.TestCaseExecutor.processExecutionPhase(TestCaseExecutor.java:418)
	at com.kms.katalon.core.main.TestCaseExecutor.accessMainPhase(TestCaseExecutor.java:410)
	at com.kms.katalon.core.main.TestCaseExecutor.execute(TestCaseExecutor.java:285)
	at com.kms.katalon.core.main.TestCaseExecutor.execute(TestCaseExecutor.java:369)
	at com.kms.katalon.core.main.TestCaseExecutor.execute(TestCaseExecutor.java:369)
	at com.kms.katalon.core.main.TestCaseExecutor.execute(TestCaseExecutor.java:369)
	at com.kms.katalon.core.common.CommonExecutor.accessTestCaseMainPhase(CommonExecutor.java:65)
	at com.kms.katalon.core.main.TestSuiteExecutor.accessTestSuiteMainPhase(TestSuiteExecutor.java:150)
	at com.kms.katalon.core.main.TestSuiteExecutor.execute(TestSuiteExecutor.java:106)
	at com.kms.katalon.core.main.TestCaseMain.startTestSuite(TestCaseMain.java:180)
	at TempTestSuite1748015363748.run(TempTestSuite1748015363748.groovy:35)
	at java.base/jdk.internal.reflect.NativeMethodAccessorImpl.invoke0(Native Method)
	at java.base/jdk.internal.reflect.NativeMethodAccessorImpl.invoke(NativeMethodAccessorImpl.java:77)
	at java.base/jdk.internal.reflect.DelegatingMethodAccessorImpl.invoke(DelegatingMethodAccessorImpl.java:43)


24-05-2025T01:48:17 - [TEST_STEP][PASSED] - Start listener action : afterTest: null

24-05-2025T01:48:17 - [TEST_STEP][PASSED] - if (testCaseStatus != "PASSED"): Screenshot is taken

24-05-2025T01:48:17 - [TEST_STEP][PASSED] - takeScreenshot(ErrorScreen/$GlobalVariable.PLATFORM/$testCaseContext.getTestCaseId().png): Screenshot is taken

24-05-2025T01:48:20 - [MESSAGE][PASSED] - Screenshot is taken
[[ATTACHMENT|ErrorScreen/Android/Test Cases/IPAPER APP/050 KIEM TRA THONG BAO.png]]

24-05-2025T01:48:20 - [TEST_STEP][PASSED] - drivers.Driver.closeApp(): drivers.Driver.closeApp is PASSED

24-05-2025T01:48:20 - [MESSAGE][PASSED] - drivers.Driver.closeApp is PASSED

24-05-2025T01:48:20 - [TEST_STEP][PASSED] - if (tsContext == null): null]]></system-out>
         <system-err><![CDATA[24-05-2025T01:47:36 - [TEST_CASE][ERROR] - Test Cases/IPAPER APP/050 KIEM TRA THONG BAO: Test Cases/IPAPER APP/050 KIEM TRA THONG BAO FAILED.
Reason:
org.openqa.selenium.TimeoutException: Expected condition failed: waiting for base.BaseKeyword$Trait$Helper$_waitForAttributeValueOf_closure6@f9bdb50 (tried for 30 second(s) with 500 milliseconds interval)
Build info: version: '3.141.59', revision: 'unknown', time: 'unknown'
System info: host: '192.168.30.108', ip: 'fe80:0:0:0:857:c3df:d699:1dc0%en0', os.name: 'Mac OS X', os.arch: 'aarch64', os.version: '15.5', java.version: '17.0.7'
Driver info: com.kms.katalon.core.appium.driver.SwipeableAndroidDriver
Capabilities {automationName: UiAutomator2, databaseEnabled: false, desired: {automationName: UiAutomator2, deviceName: af0c5cf7, noReset: true, platformName: android, waitForIdleTimeout: 3000}, deviceApiLevel: 35, deviceManufacturer: OPPO, deviceModel: CPH2699, deviceName: af0c5cf7, deviceScreenDensity: 480, deviceScreenSize: 1080x2400, deviceUDID: af0c5cf7, javascriptEnabled: true, locationContextEnabled: false, networkConnectionEnabled: true, noReset: true, pixelRatio: 3, platform: LINUX, platformName: Android, platformVersion: 15, statBarHeight: 120, takesScreenshot: true, viewportRect: {height: 2280, left: 0, top: 120, width: 1080}, waitForIdleTimeout: 3000, warnings: {}, webStorageEnabled: false}
Session ID: 62e5b862-d2c0-4dcf-ad05-c0bce164dcf0
	at org.openqa.selenium.support.ui.WebDriverWait.timeoutException(WebDriverWait.java:95)
	at org.openqa.selenium.support.ui.FluentWait.until(FluentWait.java:272)
	at base.BaseKeyword$Trait$Helper.waitForAttributeValueOf(BaseKeyword.groovy:391)
	at screens.HomeScreen.waitForAttributeValueOf(HomeScreen.groovy)
	at base.BaseKeyword$Trait$Helper.waitForAttributeValueOf(BaseKeyword.groovy:387)
	at screens.HomeScreen.waitForAttributeValueOf(HomeScreen.groovy)
	at screens.HomeScreen.goToNotificationScreen(HomeScreen.groovy:48)
	at 050 KIEM TRA THONG BAO.run(050 KIEM TRA THONG BAO:9)
	at com.kms.katalon.core.main.ScriptEngine.run(ScriptEngine.java:194)
	at com.kms.katalon.core.main.ScriptEngine.runScriptAsRawText(ScriptEngine.java:119)
	at com.kms.katalon.core.main.TestCaseExecutor.runScript(TestCaseExecutor.java:448)
	at com.kms.katalon.core.main.TestCaseExecutor.doExecute(TestCaseExecutor.java:439)
	at com.kms.katalon.core.main.TestCaseExecutor.processExecutionPhase(TestCaseExecutor.java:418)
	at com.kms.katalon.core.main.TestCaseExecutor.accessMainPhase(TestCaseExecutor.java:410)
	at com.kms.katalon.core.main.TestCaseExecutor.execute(TestCaseExecutor.java:285)
	at com.kms.katalon.core.main.TestCaseExecutor.execute(TestCaseExecutor.java:369)
	at com.kms.katalon.core.main.TestCaseExecutor.execute(TestCaseExecutor.java:369)
	at com.kms.katalon.core.main.TestCaseExecutor.execute(TestCaseExecutor.java:369)
	at com.kms.katalon.core.common.CommonExecutor.accessTestCaseMainPhase(CommonExecutor.java:65)
	at com.kms.katalon.core.main.TestSuiteExecutor.accessTestSuiteMainPhase(TestSuiteExecutor.java:150)
	at com.kms.katalon.core.main.TestSuiteExecutor.execute(TestSuiteExecutor.java:106)
	at com.kms.katalon.core.main.TestCaseMain.startTestSuite(TestCaseMain.java:180)
	at TempTestSuite1748015363748.run(TempTestSuite1748015363748.groovy:35)
	at java.base/jdk.internal.reflect.NativeMethodAccessorImpl.invoke0(Native Method)
	at java.base/jdk.internal.reflect.NativeMethodAccessorImpl.invoke(NativeMethodAccessorImpl.java:77)
	at java.base/jdk.internal.reflect.DelegatingMethodAccessorImpl.invoke(DelegatingMethodAccessorImpl.java:43)]]></system-err>
      </testcase>
      <testcase name="Test Cases/IPAPER APP/051 TINH NANG CHINH SUA TO TRINH" time="124.275" classname="Test Cases/IPAPER APP/051 TINH NANG CHINH SUA TO TRINH" status="ERROR">
         <error type="ERROR" message="Test Cases/IPAPER APP/051 TINH NANG CHINH SUA TO TRINH FAILED.&#xa;Reason:&#xa;org.openqa.selenium.NoSuchElementException: An element could not be located on the page using the given search parameters.&#xa;For documentation on this error, please visit: https://www.seleniumhq.org/exceptions/no_such_element.html&#xa;Build info: version: '3.141.59', revision: 'unknown', time: 'unknown'&#xa;System info: host: '192.168.30.108', ip: 'fe80:0:0:0:857:c3df:d699:1dc0%en0', os.name: 'Mac OS X', os.arch: 'aarch64', os.version: '15.5', java.version: '17.0.7'&#xa;Driver info: com.kms.katalon.core.appium.driver.SwipeableAndroidDriver&#xa;Capabilities {automationName: UiAutomator2, databaseEnabled: false, desired: {automationName: UiAutomator2, deviceName: af0c5cf7, noReset: true, platformName: android, waitForIdleTimeout: 3000}, deviceApiLevel: 35, deviceManufacturer: OPPO, deviceModel: CPH2699, deviceName: af0c5cf7, deviceScreenDensity: 480, deviceScreenSize: 1080x2400, deviceUDID: af0c5cf7, javascriptEnabled: true, locationContextEnabled: false, networkConnectionEnabled: true, noReset: true, pixelRatio: 3, platform: LINUX, platformName: Android, platformVersion: 15, statBarHeight: 120, takesScreenshot: true, viewportRect: {height: 2280, left: 0, top: 120, width: 1080}, waitForIdleTimeout: 3000, warnings: {}, webStorageEnabled: false}&#xa;Session ID: 62e5b862-d2c0-4dcf-ad05-c0bce164dcf0&#xa;*** Element info: {Using=xpath, value=//android.widget.CheckedTextView[@resource-id='com.hdbank.ipaper:id/design_menu_item_text' and @text='Cài đặt']}&#xa;	at java.base/jdk.internal.reflect.NativeConstructorAccessorImpl.newInstance0(Native Method)&#xa;	at java.base/jdk.internal.reflect.NativeConstructorAccessorImpl.newInstance(NativeConstructorAccessorImpl.java:77)&#xa;	at java.base/jdk.internal.reflect.DelegatingConstructorAccessorImpl.newInstance(DelegatingConstructorAccessorImpl.java:45)&#xa;	at org.openqa.selenium.remote.http.W3CHttpResponseCodec.createException(W3CHttpResponseCodec.java:187)&#xa;	at org.openqa.selenium.remote.http.W3CHttpResponseCodec.decode(W3CHttpResponseCodec.java:122)&#xa;	at org.openqa.selenium.remote.http.W3CHttpResponseCodec.decode(W3CHttpResponseCodec.java:49)&#xa;	at org.openqa.selenium.remote.HttpCommandExecutor.execute(HttpCommandExecutor.java:158)&#xa;	at io.appium.java_client.remote.AppiumCommandExecutor.execute(AppiumCommandExecutor.java:239)&#xa;	at org.openqa.selenium.remote.RemoteWebDriver.execute(RemoteWebDriver.java:552)&#xa;	at io.appium.java_client.DefaultGenericMobileDriver.execute(DefaultGenericMobileDriver.java:42)&#xa;	at io.appium.java_client.AppiumDriver.execute(AppiumDriver.java:1)&#xa;	at io.appium.java_client.android.AndroidDriver.execute(AndroidDriver.java:1)&#xa;	at com.kms.katalon.core.appium.driver.SwipeableAndroidDriver.execute(SwipeableAndroidDriver.java:1)&#xa;	at org.openqa.selenium.remote.RemoteWebDriver.findElement(RemoteWebDriver.java:323)&#xa;	at io.appium.java_client.DefaultGenericMobileDriver.findElement(DefaultGenericMobileDriver.java:62)&#xa;	at io.appium.java_client.AppiumDriver.findElement(AppiumDriver.java:1)&#xa;	at io.appium.java_client.android.AndroidDriver.findElement(AndroidDriver.java:1)&#xa;	at com.kms.katalon.core.appium.driver.SwipeableAndroidDriver.findElement(SwipeableAndroidDriver.java:1)&#xa;	at org.openqa.selenium.remote.RemoteWebDriver.findElementByXPath(RemoteWebDriver.java:428)&#xa;	at io.appium.java_client.DefaultGenericMobileDriver.findElementByXPath(DefaultGenericMobileDriver.java:152)&#xa;	at io.appium.java_client.AppiumDriver.findElementByXPath(AppiumDriver.java:1)&#xa;	at io.appium.java_client.android.AndroidDriver.findElementByXPath(AndroidDriver.java:1)&#xa;	at com.kms.katalon.core.appium.driver.SwipeableAndroidDriver.findElementByXPath(SwipeableAndroidDriver.java:1)&#xa;	at org.openqa.selenium.By$ByXPath.findElement(By.java:353)&#xa;	at org.openqa.selenium.remote.RemoteWebDriver.findElement(RemoteWebDriver.java:315)&#xa;	at io.appium.java_client.DefaultGenericMobileDriver.findElement(DefaultGenericMobileDriver.java:58)&#xa;	at io.appium.java_client.AppiumDriver.findElement(AppiumDriver.java:1)&#xa;	at io.appium.java_client.android.AndroidDriver.findElement(AndroidDriver.java:1)&#xa;	at com.kms.katalon.core.appium.driver.SwipeableAndroidDriver.findElement(SwipeableAndroidDriver.java:1)&#xa;	at base.BaseKeyword$Trait$Helper.clickToElement(BaseKeyword.groovy:91)&#xa;	at screens.HomeScreen.clickToElement(HomeScreen.groovy)&#xa;	at screens.HomeScreen.goToSetting(HomeScreen.groovy:62)&#xa;	at 051 TINH NANG CHINH SUA TO TRINH.run(051 TINH NANG CHINH SUA TO TRINH:69)&#xa;	at com.kms.katalon.core.main.ScriptEngine.run(ScriptEngine.java:194)&#xa;	at com.kms.katalon.core.main.ScriptEngine.runScriptAsRawText(ScriptEngine.java:119)&#xa;	at com.kms.katalon.core.main.TestCaseExecutor.runScript(TestCaseExecutor.java:448)&#xa;	at com.kms.katalon.core.main.TestCaseExecutor.doExecute(TestCaseExecutor.java:439)&#xa;	at com.kms.katalon.core.main.TestCaseExecutor.processExecutionPhase(TestCaseExecutor.java:418)&#xa;	at com.kms.katalon.core.main.TestCaseExecutor.accessMainPhase(TestCaseExecutor.java:410)&#xa;	at com.kms.katalon.core.main.TestCaseExecutor.execute(TestCaseExecutor.java:285)&#xa;	at com.kms.katalon.core.main.TestCaseExecutor.execute(TestCaseExecutor.java:369)&#xa;	at com.kms.katalon.core.main.TestCaseExecutor.execute(TestCaseExecutor.java:369)&#xa;	at com.kms.katalon.core.main.TestCaseExecutor.execute(TestCaseExecutor.java:369)&#xa;	at com.kms.katalon.core.common.CommonExecutor.accessTestCaseMainPhase(CommonExecutor.java:65)&#xa;	at com.kms.katalon.core.main.TestSuiteExecutor.accessTestSuiteMainPhase(TestSuiteExecutor.java:150)&#xa;	at com.kms.katalon.core.main.TestSuiteExecutor.execute(TestSuiteExecutor.java:106)&#xa;	at com.kms.katalon.core.main.TestCaseMain.startTestSuite(TestCaseMain.java:180)&#xa;	at TempTestSuite1748015363748.run(TempTestSuite1748015363748.groovy:35)&#xa;	at java.base/jdk.internal.reflect.NativeMethodAccessorImpl.invoke0(Native Method)&#xa;	at java.base/jdk.internal.reflect.NativeMethodAccessorImpl.invoke(NativeMethodAccessorImpl.java:77)&#xa;	at java.base/jdk.internal.reflect.DelegatingMethodAccessorImpl.invoke(DelegatingMethodAccessorImpl.java:43)&#xa;"/>
         <system-out><![CDATA[24-05-2025T01:54:31 - [TEST_CASE][ERROR] - Test Cases/IPAPER APP/051 TINH NANG CHINH SUA TO TRINH: Test Cases/IPAPER APP/051 TINH NANG CHINH SUA TO TRINH FAILED.
Reason:
org.openqa.selenium.NoSuchElementException: An element could not be located on the page using the given search parameters.
For documentation on this error, please visit: https://www.seleniumhq.org/exceptions/no_such_element.html
Build info: version: '3.141.59', revision: 'unknown', time: 'unknown'
System info: host: '192.168.30.108', ip: 'fe80:0:0:0:857:c3df:d699:1dc0%en0', os.name: 'Mac OS X', os.arch: 'aarch64', os.version: '15.5', java.version: '17.0.7'
Driver info: com.kms.katalon.core.appium.driver.SwipeableAndroidDriver
Capabilities {automationName: UiAutomator2, databaseEnabled: false, desired: {automationName: UiAutomator2, deviceName: af0c5cf7, noReset: true, platformName: android, waitForIdleTimeout: 3000}, deviceApiLevel: 35, deviceManufacturer: OPPO, deviceModel: CPH2699, deviceName: af0c5cf7, deviceScreenDensity: 480, deviceScreenSize: 1080x2400, deviceUDID: af0c5cf7, javascriptEnabled: true, locationContextEnabled: false, networkConnectionEnabled: true, noReset: true, pixelRatio: 3, platform: LINUX, platformName: Android, platformVersion: 15, statBarHeight: 120, takesScreenshot: true, viewportRect: {height: 2280, left: 0, top: 120, width: 1080}, waitForIdleTimeout: 3000, warnings: {}, webStorageEnabled: false}
Session ID: 62e5b862-d2c0-4dcf-ad05-c0bce164dcf0
*** Element info: {Using=xpath, value=//android.widget.CheckedTextView[@resource-id='com.hdbank.ipaper:id/design_menu_item_text' and @text='Cài đặt']}
	at java.base/jdk.internal.reflect.NativeConstructorAccessorImpl.newInstance0(Native Method)
	at java.base/jdk.internal.reflect.NativeConstructorAccessorImpl.newInstance(NativeConstructorAccessorImpl.java:77)
	at java.base/jdk.internal.reflect.DelegatingConstructorAccessorImpl.newInstance(DelegatingConstructorAccessorImpl.java:45)
	at org.openqa.selenium.remote.http.W3CHttpResponseCodec.createException(W3CHttpResponseCodec.java:187)
	at org.openqa.selenium.remote.http.W3CHttpResponseCodec.decode(W3CHttpResponseCodec.java:122)
	at org.openqa.selenium.remote.http.W3CHttpResponseCodec.decode(W3CHttpResponseCodec.java:49)
	at org.openqa.selenium.remote.HttpCommandExecutor.execute(HttpCommandExecutor.java:158)
	at io.appium.java_client.remote.AppiumCommandExecutor.execute(AppiumCommandExecutor.java:239)
	at org.openqa.selenium.remote.RemoteWebDriver.execute(RemoteWebDriver.java:552)
	at io.appium.java_client.DefaultGenericMobileDriver.execute(DefaultGenericMobileDriver.java:42)
	at io.appium.java_client.AppiumDriver.execute(AppiumDriver.java:1)
	at io.appium.java_client.android.AndroidDriver.execute(AndroidDriver.java:1)
	at com.kms.katalon.core.appium.driver.SwipeableAndroidDriver.execute(SwipeableAndroidDriver.java:1)
	at org.openqa.selenium.remote.RemoteWebDriver.findElement(RemoteWebDriver.java:323)
	at io.appium.java_client.DefaultGenericMobileDriver.findElement(DefaultGenericMobileDriver.java:62)
	at io.appium.java_client.AppiumDriver.findElement(AppiumDriver.java:1)
	at io.appium.java_client.android.AndroidDriver.findElement(AndroidDriver.java:1)
	at com.kms.katalon.core.appium.driver.SwipeableAndroidDriver.findElement(SwipeableAndroidDriver.java:1)
	at org.openqa.selenium.remote.RemoteWebDriver.findElementByXPath(RemoteWebDriver.java:428)
	at io.appium.java_client.DefaultGenericMobileDriver.findElementByXPath(DefaultGenericMobileDriver.java:152)
	at io.appium.java_client.AppiumDriver.findElementByXPath(AppiumDriver.java:1)
	at io.appium.java_client.android.AndroidDriver.findElementByXPath(AndroidDriver.java:1)
	at com.kms.katalon.core.appium.driver.SwipeableAndroidDriver.findElementByXPath(SwipeableAndroidDriver.java:1)
	at org.openqa.selenium.By$ByXPath.findElement(By.java:353)
	at org.openqa.selenium.remote.RemoteWebDriver.findElement(RemoteWebDriver.java:315)
	at io.appium.java_client.DefaultGenericMobileDriver.findElement(DefaultGenericMobileDriver.java:58)
	at io.appium.java_client.AppiumDriver.findElement(AppiumDriver.java:1)
	at io.appium.java_client.android.AndroidDriver.findElement(AndroidDriver.java:1)
	at com.kms.katalon.core.appium.driver.SwipeableAndroidDriver.findElement(SwipeableAndroidDriver.java:1)
	at base.BaseKeyword$Trait$Helper.clickToElement(BaseKeyword.groovy:91)
	at screens.HomeScreen.clickToElement(HomeScreen.groovy)
	at screens.HomeScreen.goToSetting(HomeScreen.groovy:62)
	at 051 TINH NANG CHINH SUA TO TRINH.run(051 TINH NANG CHINH SUA TO TRINH:69)
	at com.kms.katalon.core.main.ScriptEngine.run(ScriptEngine.java:194)
	at com.kms.katalon.core.main.ScriptEngine.runScriptAsRawText(ScriptEngine.java:119)
	at com.kms.katalon.core.main.TestCaseExecutor.runScript(TestCaseExecutor.java:448)
	at com.kms.katalon.core.main.TestCaseExecutor.doExecute(TestCaseExecutor.java:439)
	at com.kms.katalon.core.main.TestCaseExecutor.processExecutionPhase(TestCaseExecutor.java:418)
	at com.kms.katalon.core.main.TestCaseExecutor.accessMainPhase(TestCaseExecutor.java:410)
	at com.kms.katalon.core.main.TestCaseExecutor.execute(TestCaseExecutor.java:285)
	at com.kms.katalon.core.main.TestCaseExecutor.execute(TestCaseExecutor.java:369)
	at com.kms.katalon.core.main.TestCaseExecutor.execute(TestCaseExecutor.java:369)
	at com.kms.katalon.core.main.TestCaseExecutor.execute(TestCaseExecutor.java:369)
	at com.kms.katalon.core.common.CommonExecutor.accessTestCaseMainPhase(CommonExecutor.java:65)
	at com.kms.katalon.core.main.TestSuiteExecutor.accessTestSuiteMainPhase(TestSuiteExecutor.java:150)
	at com.kms.katalon.core.main.TestSuiteExecutor.execute(TestSuiteExecutor.java:106)
	at com.kms.katalon.core.main.TestCaseMain.startTestSuite(TestCaseMain.java:180)
	at TempTestSuite1748015363748.run(TempTestSuite1748015363748.groovy:35)
	at java.base/jdk.internal.reflect.NativeMethodAccessorImpl.invoke0(Native Method)
	at java.base/jdk.internal.reflect.NativeMethodAccessorImpl.invoke(NativeMethodAccessorImpl.java:77)
	at java.base/jdk.internal.reflect.DelegatingMethodAccessorImpl.invoke(DelegatingMethodAccessorImpl.java:43)


24-05-2025T01:54:31 - [TEST_STEP][PASSED] - Start listener action : beforeTest: drivers.Driver.openApp is PASSED

24-05-2025T01:54:31 - [TEST_STEP][PASSED] - DataTest.init(): null

24-05-2025T01:54:31 - [TEST_STEP][PASSED] - testCaseId = split("/").last(): null

24-05-2025T01:54:31 - [TEST_STEP][PASSED] - if (!(drivers.Driver.isAppiumRunning())): drivers.Driver.isAppiumRunning is PASSED

24-05-2025T01:54:31 - [MESSAGE][INFO] - Appium running: true

24-05-2025T01:54:31 - [MESSAGE][PASSED] - drivers.Driver.isAppiumRunning is PASSED

24-05-2025T01:54:31 - [TEST_STEP][PASSED] - if (driver == null || driver.getSessionId() == null): null

24-05-2025T01:54:31 - [TEST_STEP][PASSED] - drivers.Driver.openApp(): drivers.Driver.openApp is PASSED

24-05-2025T01:54:34 - [MESSAGE][PASSED] - drivers.Driver.openApp is PASSED

24-05-2025T01:54:34 - [TEST_STEP][PASSED] - auto5 = DataTest.getUserTest5(): null

24-05-2025T01:54:34 - [TEST_STEP][PASSED] - auto6 = DataTest.getUserTest6(): null

24-05-2025T01:54:34 - [TEST_STEP][PASSED] - REQUEST_NAME = "Trình ký PDF có sẵn": null

24-05-2025T01:54:34 - [TEST_STEP][PASSED] - document = DataTest.createDocumentTest(auto5, auto6, null, "dummy.pdf", "dummy.pdf"): null

24-05-2025T01:54:34 - [TEST_STEP][PASSED] - loginScreen.login(auto5): null

24-05-2025T01:54:42 - [TEST_STEP][PASSED] - homeScreen.openRequestList(): null

24-05-2025T01:54:48 - [TEST_STEP][PASSED] - homeScreen.createRequest(REQUEST_NAME): null

24-05-2025T01:54:54 - [TEST_STEP][PASSED] - pdfSignScreen.fillInTitle(title): null

24-05-2025T01:54:57 - [TEST_STEP][PASSED] - pdfSignScreen.selectPriority(priority): null

24-05-2025T01:54:59 - [TEST_STEP][PASSED] - pdfSignScreen.selectTime(time): null

24-05-2025T01:55:02 - [TEST_STEP][PASSED] - pdfSignScreen.fillInDescription(description): null

24-05-2025T01:55:04 - [TEST_STEP][PASSED] - pdfSignScreen.selectAssigner(getAssigner().getEmail()): null

24-05-2025T01:55:10 - [TEST_STEP][PASSED] - pdfSignScreen.openMainFileBrowser(): null

24-05-2025T01:55:15 - [TEST_STEP][PASSED] - fileBrowserScreen.attachFile(mainFileName): null

24-05-2025T01:55:24 - [TEST_STEP][PASSED] - pdfSignScreen.openSubFileBrowser(): null

24-05-2025T01:55:25 - [TEST_STEP][PASSED] - fileBrowserScreen.attachFile(subFileName): null

24-05-2025T01:55:34 - [TEST_STEP][PASSED] - pdfSignScreen.performAction(SEND_APPROVE): null

24-05-2025T01:55:37 - [TEST_STEP][PASSED] - pdfSignScreen.fillInOpinion(document.getComment()): null

24-05-2025T01:55:38 - [TEST_STEP][PASSED] - pdfSignScreen.submitRequest(): null

24-05-2025T01:55:48 - [TEST_STEP][PASSED] - document.setStatus(WAIT_APPROVE): null

24-05-2025T01:55:48 - [TEST_STEP][PASSED] - documentInformationScreen.backToHome(): null

24-05-2025T01:55:49 - [TEST_STEP][PASSED] - homeScreen.logout(): null

24-05-2025T01:55:57 - [TEST_STEP][PASSED] - loginScreen.login(auto6): null

24-05-2025T01:56:05 - [TEST_STEP][PASSED] - homeScreen.goToSetting(): null

24-05-2025T01:56:11 - [TEST_STEP][PASSED] - settingScreen.enableEditFileAttach(true): null

24-05-2025T01:56:13 - [TEST_STEP][PASSED] - settingScreen.backToHome(): null

24-05-2025T01:56:13 - [TEST_STEP][PASSED] - homeScreen.goToIncomingDocument(): null

24-05-2025T01:56:15 - [TEST_STEP][PASSED] - inComingDocument.viewMainFile(document): View main file document: Trình ký 1748026474012

24-05-2025T01:56:15 - [MESSAGE][INFO] - View main file document: Trình ký 1748026474012

24-05-2025T01:56:20 - [TEST_STEP][PASSED] - documentInformationScreen.isEditFileIconDisplayed(): Check edit file icon is displayed

24-05-2025T01:56:24 - [MESSAGE][PASSED] - Check edit file icon is displayed

24-05-2025T01:56:24 - [TEST_STEP][ERROR] - homeScreen.goToSetting(): Test Cases/IPAPER APP/051 TINH NANG CHINH SUA TO TRINH FAILED.
Reason:
org.openqa.selenium.NoSuchElementException: An element could not be located on the page using the given search parameters.
For documentation on this error, please visit: https://www.seleniumhq.org/exceptions/no_such_element.html
Build info: version: '3.141.59', revision: 'unknown', time: 'unknown'
System info: host: '192.168.30.108', ip: 'fe80:0:0:0:857:c3df:d699:1dc0%en0', os.name: 'Mac OS X', os.arch: 'aarch64', os.version: '15.5', java.version: '17.0.7'
Driver info: com.kms.katalon.core.appium.driver.SwipeableAndroidDriver
Capabilities {automationName: UiAutomator2, databaseEnabled: false, desired: {automationName: UiAutomator2, deviceName: af0c5cf7, noReset: true, platformName: android, waitForIdleTimeout: 3000}, deviceApiLevel: 35, deviceManufacturer: OPPO, deviceModel: CPH2699, deviceName: af0c5cf7, deviceScreenDensity: 480, deviceScreenSize: 1080x2400, deviceUDID: af0c5cf7, javascriptEnabled: true, locationContextEnabled: false, networkConnectionEnabled: true, noReset: true, pixelRatio: 3, platform: LINUX, platformName: Android, platformVersion: 15, statBarHeight: 120, takesScreenshot: true, viewportRect: {height: 2280, left: 0, top: 120, width: 1080}, waitForIdleTimeout: 3000, warnings: {}, webStorageEnabled: false}
Session ID: 62e5b862-d2c0-4dcf-ad05-c0bce164dcf0
*** Element info: {Using=xpath, value=//android.widget.CheckedTextView[@resource-id='com.hdbank.ipaper:id/design_menu_item_text' and @text='Cài đặt']}
	at java.base/jdk.internal.reflect.NativeConstructorAccessorImpl.newInstance0(Native Method)
	at java.base/jdk.internal.reflect.NativeConstructorAccessorImpl.newInstance(NativeConstructorAccessorImpl.java:77)
	at java.base/jdk.internal.reflect.DelegatingConstructorAccessorImpl.newInstance(DelegatingConstructorAccessorImpl.java:45)
	at org.openqa.selenium.remote.http.W3CHttpResponseCodec.createException(W3CHttpResponseCodec.java:187)
	at org.openqa.selenium.remote.http.W3CHttpResponseCodec.decode(W3CHttpResponseCodec.java:122)
	at org.openqa.selenium.remote.http.W3CHttpResponseCodec.decode(W3CHttpResponseCodec.java:49)
	at org.openqa.selenium.remote.HttpCommandExecutor.execute(HttpCommandExecutor.java:158)
	at io.appium.java_client.remote.AppiumCommandExecutor.execute(AppiumCommandExecutor.java:239)
	at org.openqa.selenium.remote.RemoteWebDriver.execute(RemoteWebDriver.java:552)
	at io.appium.java_client.DefaultGenericMobileDriver.execute(DefaultGenericMobileDriver.java:42)
	at io.appium.java_client.AppiumDriver.execute(AppiumDriver.java:1)
	at io.appium.java_client.android.AndroidDriver.execute(AndroidDriver.java:1)
	at com.kms.katalon.core.appium.driver.SwipeableAndroidDriver.execute(SwipeableAndroidDriver.java:1)
	at org.openqa.selenium.remote.RemoteWebDriver.findElement(RemoteWebDriver.java:323)
	at io.appium.java_client.DefaultGenericMobileDriver.findElement(DefaultGenericMobileDriver.java:62)
	at io.appium.java_client.AppiumDriver.findElement(AppiumDriver.java:1)
	at io.appium.java_client.android.AndroidDriver.findElement(AndroidDriver.java:1)
	at com.kms.katalon.core.appium.driver.SwipeableAndroidDriver.findElement(SwipeableAndroidDriver.java:1)
	at org.openqa.selenium.remote.RemoteWebDriver.findElementByXPath(RemoteWebDriver.java:428)
	at io.appium.java_client.DefaultGenericMobileDriver.findElementByXPath(DefaultGenericMobileDriver.java:152)
	at io.appium.java_client.AppiumDriver.findElementByXPath(AppiumDriver.java:1)
	at io.appium.java_client.android.AndroidDriver.findElementByXPath(AndroidDriver.java:1)
	at com.kms.katalon.core.appium.driver.SwipeableAndroidDriver.findElementByXPath(SwipeableAndroidDriver.java:1)
	at org.openqa.selenium.By$ByXPath.findElement(By.java:353)
	at org.openqa.selenium.remote.RemoteWebDriver.findElement(RemoteWebDriver.java:315)
	at io.appium.java_client.DefaultGenericMobileDriver.findElement(DefaultGenericMobileDriver.java:58)
	at io.appium.java_client.AppiumDriver.findElement(AppiumDriver.java:1)
	at io.appium.java_client.android.AndroidDriver.findElement(AndroidDriver.java:1)
	at com.kms.katalon.core.appium.driver.SwipeableAndroidDriver.findElement(SwipeableAndroidDriver.java:1)
	at base.BaseKeyword$Trait$Helper.clickToElement(BaseKeyword.groovy:91)
	at screens.HomeScreen.clickToElement(HomeScreen.groovy)
	at screens.HomeScreen.goToSetting(HomeScreen.groovy:62)
	at 051 TINH NANG CHINH SUA TO TRINH.run(051 TINH NANG CHINH SUA TO TRINH:69)
	at com.kms.katalon.core.main.ScriptEngine.run(ScriptEngine.java:194)
	at com.kms.katalon.core.main.ScriptEngine.runScriptAsRawText(ScriptEngine.java:119)
	at com.kms.katalon.core.main.TestCaseExecutor.runScript(TestCaseExecutor.java:448)
	at com.kms.katalon.core.main.TestCaseExecutor.doExecute(TestCaseExecutor.java:439)
	at com.kms.katalon.core.main.TestCaseExecutor.processExecutionPhase(TestCaseExecutor.java:418)
	at com.kms.katalon.core.main.TestCaseExecutor.accessMainPhase(TestCaseExecutor.java:410)
	at com.kms.katalon.core.main.TestCaseExecutor.execute(TestCaseExecutor.java:285)
	at com.kms.katalon.core.main.TestCaseExecutor.execute(TestCaseExecutor.java:369)
	at com.kms.katalon.core.main.TestCaseExecutor.execute(TestCaseExecutor.java:369)
	at com.kms.katalon.core.main.TestCaseExecutor.execute(TestCaseExecutor.java:369)
	at com.kms.katalon.core.common.CommonExecutor.accessTestCaseMainPhase(CommonExecutor.java:65)
	at com.kms.katalon.core.main.TestSuiteExecutor.accessTestSuiteMainPhase(TestSuiteExecutor.java:150)
	at com.kms.katalon.core.main.TestSuiteExecutor.execute(TestSuiteExecutor.java:106)
	at com.kms.katalon.core.main.TestCaseMain.startTestSuite(TestCaseMain.java:180)
	at TempTestSuite1748015363748.run(TempTestSuite1748015363748.groovy:35)
	at java.base/jdk.internal.reflect.NativeMethodAccessorImpl.invoke0(Native Method)
	at java.base/jdk.internal.reflect.NativeMethodAccessorImpl.invoke(NativeMethodAccessorImpl.java:77)
	at java.base/jdk.internal.reflect.DelegatingMethodAccessorImpl.invoke(DelegatingMethodAccessorImpl.java:43)


24-05-2025T01:56:32 - [MESSAGE][ERROR] - Test Cases/IPAPER APP/051 TINH NANG CHINH SUA TO TRINH FAILED.
Reason:
org.openqa.selenium.NoSuchElementException: An element could not be located on the page using the given search parameters.
For documentation on this error, please visit: https://www.seleniumhq.org/exceptions/no_such_element.html
Build info: version: '3.141.59', revision: 'unknown', time: 'unknown'
System info: host: '192.168.30.108', ip: 'fe80:0:0:0:857:c3df:d699:1dc0%en0', os.name: 'Mac OS X', os.arch: 'aarch64', os.version: '15.5', java.version: '17.0.7'
Driver info: com.kms.katalon.core.appium.driver.SwipeableAndroidDriver
Capabilities {automationName: UiAutomator2, databaseEnabled: false, desired: {automationName: UiAutomator2, deviceName: af0c5cf7, noReset: true, platformName: android, waitForIdleTimeout: 3000}, deviceApiLevel: 35, deviceManufacturer: OPPO, deviceModel: CPH2699, deviceName: af0c5cf7, deviceScreenDensity: 480, deviceScreenSize: 1080x2400, deviceUDID: af0c5cf7, javascriptEnabled: true, locationContextEnabled: false, networkConnectionEnabled: true, noReset: true, pixelRatio: 3, platform: LINUX, platformName: Android, platformVersion: 15, statBarHeight: 120, takesScreenshot: true, viewportRect: {height: 2280, left: 0, top: 120, width: 1080}, waitForIdleTimeout: 3000, warnings: {}, webStorageEnabled: false}
Session ID: 62e5b862-d2c0-4dcf-ad05-c0bce164dcf0
*** Element info: {Using=xpath, value=//android.widget.CheckedTextView[@resource-id='com.hdbank.ipaper:id/design_menu_item_text' and @text='Cài đặt']}
	at java.base/jdk.internal.reflect.NativeConstructorAccessorImpl.newInstance0(Native Method)
	at java.base/jdk.internal.reflect.NativeConstructorAccessorImpl.newInstance(NativeConstructorAccessorImpl.java:77)
	at java.base/jdk.internal.reflect.DelegatingConstructorAccessorImpl.newInstance(DelegatingConstructorAccessorImpl.java:45)
	at org.openqa.selenium.remote.http.W3CHttpResponseCodec.createException(W3CHttpResponseCodec.java:187)
	at org.openqa.selenium.remote.http.W3CHttpResponseCodec.decode(W3CHttpResponseCodec.java:122)
	at org.openqa.selenium.remote.http.W3CHttpResponseCodec.decode(W3CHttpResponseCodec.java:49)
	at org.openqa.selenium.remote.HttpCommandExecutor.execute(HttpCommandExecutor.java:158)
	at io.appium.java_client.remote.AppiumCommandExecutor.execute(AppiumCommandExecutor.java:239)
	at org.openqa.selenium.remote.RemoteWebDriver.execute(RemoteWebDriver.java:552)
	at io.appium.java_client.DefaultGenericMobileDriver.execute(DefaultGenericMobileDriver.java:42)
	at io.appium.java_client.AppiumDriver.execute(AppiumDriver.java:1)
	at io.appium.java_client.android.AndroidDriver.execute(AndroidDriver.java:1)
	at com.kms.katalon.core.appium.driver.SwipeableAndroidDriver.execute(SwipeableAndroidDriver.java:1)
	at org.openqa.selenium.remote.RemoteWebDriver.findElement(RemoteWebDriver.java:323)
	at io.appium.java_client.DefaultGenericMobileDriver.findElement(DefaultGenericMobileDriver.java:62)
	at io.appium.java_client.AppiumDriver.findElement(AppiumDriver.java:1)
	at io.appium.java_client.android.AndroidDriver.findElement(AndroidDriver.java:1)
	at com.kms.katalon.core.appium.driver.SwipeableAndroidDriver.findElement(SwipeableAndroidDriver.java:1)
	at org.openqa.selenium.remote.RemoteWebDriver.findElementByXPath(RemoteWebDriver.java:428)
	at io.appium.java_client.DefaultGenericMobileDriver.findElementByXPath(DefaultGenericMobileDriver.java:152)
	at io.appium.java_client.AppiumDriver.findElementByXPath(AppiumDriver.java:1)
	at io.appium.java_client.android.AndroidDriver.findElementByXPath(AndroidDriver.java:1)
	at com.kms.katalon.core.appium.driver.SwipeableAndroidDriver.findElementByXPath(SwipeableAndroidDriver.java:1)
	at org.openqa.selenium.By$ByXPath.findElement(By.java:353)
	at org.openqa.selenium.remote.RemoteWebDriver.findElement(RemoteWebDriver.java:315)
	at io.appium.java_client.DefaultGenericMobileDriver.findElement(DefaultGenericMobileDriver.java:58)
	at io.appium.java_client.AppiumDriver.findElement(AppiumDriver.java:1)
	at io.appium.java_client.android.AndroidDriver.findElement(AndroidDriver.java:1)
	at com.kms.katalon.core.appium.driver.SwipeableAndroidDriver.findElement(SwipeableAndroidDriver.java:1)
	at base.BaseKeyword$Trait$Helper.clickToElement(BaseKeyword.groovy:91)
	at screens.HomeScreen.clickToElement(HomeScreen.groovy)
	at screens.HomeScreen.goToSetting(HomeScreen.groovy:62)
	at 051 TINH NANG CHINH SUA TO TRINH.run(051 TINH NANG CHINH SUA TO TRINH:69)
	at com.kms.katalon.core.main.ScriptEngine.run(ScriptEngine.java:194)
	at com.kms.katalon.core.main.ScriptEngine.runScriptAsRawText(ScriptEngine.java:119)
	at com.kms.katalon.core.main.TestCaseExecutor.runScript(TestCaseExecutor.java:448)
	at com.kms.katalon.core.main.TestCaseExecutor.doExecute(TestCaseExecutor.java:439)
	at com.kms.katalon.core.main.TestCaseExecutor.processExecutionPhase(TestCaseExecutor.java:418)
	at com.kms.katalon.core.main.TestCaseExecutor.accessMainPhase(TestCaseExecutor.java:410)
	at com.kms.katalon.core.main.TestCaseExecutor.execute(TestCaseExecutor.java:285)
	at com.kms.katalon.core.main.TestCaseExecutor.execute(TestCaseExecutor.java:369)
	at com.kms.katalon.core.main.TestCaseExecutor.execute(TestCaseExecutor.java:369)
	at com.kms.katalon.core.main.TestCaseExecutor.execute(TestCaseExecutor.java:369)
	at com.kms.katalon.core.common.CommonExecutor.accessTestCaseMainPhase(CommonExecutor.java:65)
	at com.kms.katalon.core.main.TestSuiteExecutor.accessTestSuiteMainPhase(TestSuiteExecutor.java:150)
	at com.kms.katalon.core.main.TestSuiteExecutor.execute(TestSuiteExecutor.java:106)
	at com.kms.katalon.core.main.TestCaseMain.startTestSuite(TestCaseMain.java:180)
	at TempTestSuite1748015363748.run(TempTestSuite1748015363748.groovy:35)
	at java.base/jdk.internal.reflect.NativeMethodAccessorImpl.invoke0(Native Method)
	at java.base/jdk.internal.reflect.NativeMethodAccessorImpl.invoke(NativeMethodAccessorImpl.java:77)
	at java.base/jdk.internal.reflect.DelegatingMethodAccessorImpl.invoke(DelegatingMethodAccessorImpl.java:43)


24-05-2025T01:56:32 - [TEST_STEP][PASSED] - Start listener action : afterTest: null

24-05-2025T01:56:32 - [TEST_STEP][PASSED] - if (testCaseStatus != "PASSED"): Screenshot is taken

24-05-2025T01:56:32 - [TEST_STEP][PASSED] - takeScreenshot(ErrorScreen/$GlobalVariable.PLATFORM/$testCaseContext.getTestCaseId().png): Screenshot is taken

24-05-2025T01:56:35 - [MESSAGE][PASSED] - Screenshot is taken
[[ATTACHMENT|ErrorScreen/Android/Test Cases/IPAPER APP/051 TINH NANG CHINH SUA TO TRINH.png]]

24-05-2025T01:56:35 - [TEST_STEP][PASSED] - drivers.Driver.closeApp(): drivers.Driver.closeApp is PASSED

24-05-2025T01:56:35 - [MESSAGE][PASSED] - drivers.Driver.closeApp is PASSED

24-05-2025T01:56:35 - [TEST_STEP][PASSED] - if (tsContext == null): null]]></system-out>
         <system-err><![CDATA[24-05-2025T01:54:31 - [TEST_CASE][ERROR] - Test Cases/IPAPER APP/051 TINH NANG CHINH SUA TO TRINH: Test Cases/IPAPER APP/051 TINH NANG CHINH SUA TO TRINH FAILED.
Reason:
org.openqa.selenium.NoSuchElementException: An element could not be located on the page using the given search parameters.
For documentation on this error, please visit: https://www.seleniumhq.org/exceptions/no_such_element.html
Build info: version: '3.141.59', revision: 'unknown', time: 'unknown'
System info: host: '192.168.30.108', ip: 'fe80:0:0:0:857:c3df:d699:1dc0%en0', os.name: 'Mac OS X', os.arch: 'aarch64', os.version: '15.5', java.version: '17.0.7'
Driver info: com.kms.katalon.core.appium.driver.SwipeableAndroidDriver
Capabilities {automationName: UiAutomator2, databaseEnabled: false, desired: {automationName: UiAutomator2, deviceName: af0c5cf7, noReset: true, platformName: android, waitForIdleTimeout: 3000}, deviceApiLevel: 35, deviceManufacturer: OPPO, deviceModel: CPH2699, deviceName: af0c5cf7, deviceScreenDensity: 480, deviceScreenSize: 1080x2400, deviceUDID: af0c5cf7, javascriptEnabled: true, locationContextEnabled: false, networkConnectionEnabled: true, noReset: true, pixelRatio: 3, platform: LINUX, platformName: Android, platformVersion: 15, statBarHeight: 120, takesScreenshot: true, viewportRect: {height: 2280, left: 0, top: 120, width: 1080}, waitForIdleTimeout: 3000, warnings: {}, webStorageEnabled: false}
Session ID: 62e5b862-d2c0-4dcf-ad05-c0bce164dcf0
*** Element info: {Using=xpath, value=//android.widget.CheckedTextView[@resource-id='com.hdbank.ipaper:id/design_menu_item_text' and @text='Cài đặt']}
	at java.base/jdk.internal.reflect.NativeConstructorAccessorImpl.newInstance0(Native Method)
	at java.base/jdk.internal.reflect.NativeConstructorAccessorImpl.newInstance(NativeConstructorAccessorImpl.java:77)
	at java.base/jdk.internal.reflect.DelegatingConstructorAccessorImpl.newInstance(DelegatingConstructorAccessorImpl.java:45)
	at org.openqa.selenium.remote.http.W3CHttpResponseCodec.createException(W3CHttpResponseCodec.java:187)
	at org.openqa.selenium.remote.http.W3CHttpResponseCodec.decode(W3CHttpResponseCodec.java:122)
	at org.openqa.selenium.remote.http.W3CHttpResponseCodec.decode(W3CHttpResponseCodec.java:49)
	at org.openqa.selenium.remote.HttpCommandExecutor.execute(HttpCommandExecutor.java:158)
	at io.appium.java_client.remote.AppiumCommandExecutor.execute(AppiumCommandExecutor.java:239)
	at org.openqa.selenium.remote.RemoteWebDriver.execute(RemoteWebDriver.java:552)
	at io.appium.java_client.DefaultGenericMobileDriver.execute(DefaultGenericMobileDriver.java:42)
	at io.appium.java_client.AppiumDriver.execute(AppiumDriver.java:1)
	at io.appium.java_client.android.AndroidDriver.execute(AndroidDriver.java:1)
	at com.kms.katalon.core.appium.driver.SwipeableAndroidDriver.execute(SwipeableAndroidDriver.java:1)
	at org.openqa.selenium.remote.RemoteWebDriver.findElement(RemoteWebDriver.java:323)
	at io.appium.java_client.DefaultGenericMobileDriver.findElement(DefaultGenericMobileDriver.java:62)
	at io.appium.java_client.AppiumDriver.findElement(AppiumDriver.java:1)
	at io.appium.java_client.android.AndroidDriver.findElement(AndroidDriver.java:1)
	at com.kms.katalon.core.appium.driver.SwipeableAndroidDriver.findElement(SwipeableAndroidDriver.java:1)
	at org.openqa.selenium.remote.RemoteWebDriver.findElementByXPath(RemoteWebDriver.java:428)
	at io.appium.java_client.DefaultGenericMobileDriver.findElementByXPath(DefaultGenericMobileDriver.java:152)
	at io.appium.java_client.AppiumDriver.findElementByXPath(AppiumDriver.java:1)
	at io.appium.java_client.android.AndroidDriver.findElementByXPath(AndroidDriver.java:1)
	at com.kms.katalon.core.appium.driver.SwipeableAndroidDriver.findElementByXPath(SwipeableAndroidDriver.java:1)
	at org.openqa.selenium.By$ByXPath.findElement(By.java:353)
	at org.openqa.selenium.remote.RemoteWebDriver.findElement(RemoteWebDriver.java:315)
	at io.appium.java_client.DefaultGenericMobileDriver.findElement(DefaultGenericMobileDriver.java:58)
	at io.appium.java_client.AppiumDriver.findElement(AppiumDriver.java:1)
	at io.appium.java_client.android.AndroidDriver.findElement(AndroidDriver.java:1)
	at com.kms.katalon.core.appium.driver.SwipeableAndroidDriver.findElement(SwipeableAndroidDriver.java:1)
	at base.BaseKeyword$Trait$Helper.clickToElement(BaseKeyword.groovy:91)
	at screens.HomeScreen.clickToElement(HomeScreen.groovy)
	at screens.HomeScreen.goToSetting(HomeScreen.groovy:62)
	at 051 TINH NANG CHINH SUA TO TRINH.run(051 TINH NANG CHINH SUA TO TRINH:69)
	at com.kms.katalon.core.main.ScriptEngine.run(ScriptEngine.java:194)
	at com.kms.katalon.core.main.ScriptEngine.runScriptAsRawText(ScriptEngine.java:119)
	at com.kms.katalon.core.main.TestCaseExecutor.runScript(TestCaseExecutor.java:448)
	at com.kms.katalon.core.main.TestCaseExecutor.doExecute(TestCaseExecutor.java:439)
	at com.kms.katalon.core.main.TestCaseExecutor.processExecutionPhase(TestCaseExecutor.java:418)
	at com.kms.katalon.core.main.TestCaseExecutor.accessMainPhase(TestCaseExecutor.java:410)
	at com.kms.katalon.core.main.TestCaseExecutor.execute(TestCaseExecutor.java:285)
	at com.kms.katalon.core.main.TestCaseExecutor.execute(TestCaseExecutor.java:369)
	at com.kms.katalon.core.main.TestCaseExecutor.execute(TestCaseExecutor.java:369)
	at com.kms.katalon.core.main.TestCaseExecutor.execute(TestCaseExecutor.java:369)
	at com.kms.katalon.core.common.CommonExecutor.accessTestCaseMainPhase(CommonExecutor.java:65)
	at com.kms.katalon.core.main.TestSuiteExecutor.accessTestSuiteMainPhase(TestSuiteExecutor.java:150)
	at com.kms.katalon.core.main.TestSuiteExecutor.execute(TestSuiteExecutor.java:106)
	at com.kms.katalon.core.main.TestCaseMain.startTestSuite(TestCaseMain.java:180)
	at TempTestSuite1748015363748.run(TempTestSuite1748015363748.groovy:35)
	at java.base/jdk.internal.reflect.NativeMethodAccessorImpl.invoke0(Native Method)
	at java.base/jdk.internal.reflect.NativeMethodAccessorImpl.invoke(NativeMethodAccessorImpl.java:77)
	at java.base/jdk.internal.reflect.DelegatingMethodAccessorImpl.invoke(DelegatingMethodAccessorImpl.java:43)]]></system-err>
      </testcase>
      <testcase name="Test Cases/IPAPER APP/053 TIM KIEM HO SO CU" time="60.389" classname="Test Cases/IPAPER APP/053 TIM KIEM HO SO CU" status="FAILED">
         <failure type="FAILED" message="Test Cases/IPAPER APP/053 TIM KIEM HO SO CU FAILED.&#xa;Reason:&#xa;com.kms.katalon.core.exception.StepFailedException: Check Tờ trình ngoại lệ sản phẩm KHDN. CONG TY ABD:-sắt thép-TT22011400030 is displayed&#xa;	at com.kms.katalon.core.util.KeywordUtil.markFailed(KeywordUtil.java:19)&#xa;	at utilities.AssertUtilities.logResult(AssertUtilities.groovy:30)&#xa;	at utilities.AssertUtilities.assertTrue(AssertUtilities.groovy:19)&#xa;	at screens.IncomingDocumentScreen.isDocumentDisplayed(IncomingDocumentScreen.groovy:269)&#xa;	at 053 TIM KIEM HO SO CU.run(053 TIM KIEM HO SO CU:30)&#xa;	at com.kms.katalon.core.main.ScriptEngine.run(ScriptEngine.java:194)&#xa;	at com.kms.katalon.core.main.ScriptEngine.runScriptAsRawText(ScriptEngine.java:119)&#xa;	at com.kms.katalon.core.main.TestCaseExecutor.runScript(TestCaseExecutor.java:448)&#xa;	at com.kms.katalon.core.main.TestCaseExecutor.doExecute(TestCaseExecutor.java:439)&#xa;	at com.kms.katalon.core.main.TestCaseExecutor.processExecutionPhase(TestCaseExecutor.java:418)&#xa;	at com.kms.katalon.core.main.TestCaseExecutor.accessMainPhase(TestCaseExecutor.java:410)&#xa;	at com.kms.katalon.core.main.TestCaseExecutor.execute(TestCaseExecutor.java:285)&#xa;	at com.kms.katalon.core.main.TestCaseExecutor.execute(TestCaseExecutor.java:369)&#xa;	at com.kms.katalon.core.main.TestCaseExecutor.execute(TestCaseExecutor.java:369)&#xa;	at com.kms.katalon.core.main.TestCaseExecutor.execute(TestCaseExecutor.java:369)&#xa;	at com.kms.katalon.core.common.CommonExecutor.accessTestCaseMainPhase(CommonExecutor.java:65)&#xa;	at com.kms.katalon.core.main.TestSuiteExecutor.accessTestSuiteMainPhase(TestSuiteExecutor.java:150)&#xa;	at com.kms.katalon.core.main.TestSuiteExecutor.execute(TestSuiteExecutor.java:106)&#xa;	at com.kms.katalon.core.main.TestCaseMain.startTestSuite(TestCaseMain.java:180)&#xa;	at TempTestSuite1748015363748.run(TempTestSuite1748015363748.groovy:35)&#xa;	at java.base/jdk.internal.reflect.NativeMethodAccessorImpl.invoke0(Native Method)&#xa;	at java.base/jdk.internal.reflect.NativeMethodAccessorImpl.invoke(NativeMethodAccessorImpl.java:77)&#xa;	at java.base/jdk.internal.reflect.DelegatingMethodAccessorImpl.invoke(DelegatingMethodAccessorImpl.java:43)&#xa;"/>
         <system-out><![CDATA[24-05-2025T01:59:39 - [TEST_CASE][FAILED] - Test Cases/IPAPER APP/053 TIM KIEM HO SO CU: Test Cases/IPAPER APP/053 TIM KIEM HO SO CU FAILED.
Reason:
com.kms.katalon.core.exception.StepFailedException: Check Tờ trình ngoại lệ sản phẩm KHDN. CONG TY ABD:-sắt thép-TT22011400030 is displayed
	at com.kms.katalon.core.util.KeywordUtil.markFailed(KeywordUtil.java:19)
	at utilities.AssertUtilities.logResult(AssertUtilities.groovy:30)
	at utilities.AssertUtilities.assertTrue(AssertUtilities.groovy:19)
	at screens.IncomingDocumentScreen.isDocumentDisplayed(IncomingDocumentScreen.groovy:269)
	at 053 TIM KIEM HO SO CU.run(053 TIM KIEM HO SO CU:30)
	at com.kms.katalon.core.main.ScriptEngine.run(ScriptEngine.java:194)
	at com.kms.katalon.core.main.ScriptEngine.runScriptAsRawText(ScriptEngine.java:119)
	at com.kms.katalon.core.main.TestCaseExecutor.runScript(TestCaseExecutor.java:448)
	at com.kms.katalon.core.main.TestCaseExecutor.doExecute(TestCaseExecutor.java:439)
	at com.kms.katalon.core.main.TestCaseExecutor.processExecutionPhase(TestCaseExecutor.java:418)
	at com.kms.katalon.core.main.TestCaseExecutor.accessMainPhase(TestCaseExecutor.java:410)
	at com.kms.katalon.core.main.TestCaseExecutor.execute(TestCaseExecutor.java:285)
	at com.kms.katalon.core.main.TestCaseExecutor.execute(TestCaseExecutor.java:369)
	at com.kms.katalon.core.main.TestCaseExecutor.execute(TestCaseExecutor.java:369)
	at com.kms.katalon.core.main.TestCaseExecutor.execute(TestCaseExecutor.java:369)
	at com.kms.katalon.core.common.CommonExecutor.accessTestCaseMainPhase(CommonExecutor.java:65)
	at com.kms.katalon.core.main.TestSuiteExecutor.accessTestSuiteMainPhase(TestSuiteExecutor.java:150)
	at com.kms.katalon.core.main.TestSuiteExecutor.execute(TestSuiteExecutor.java:106)
	at com.kms.katalon.core.main.TestCaseMain.startTestSuite(TestCaseMain.java:180)
	at TempTestSuite1748015363748.run(TempTestSuite1748015363748.groovy:35)
	at java.base/jdk.internal.reflect.NativeMethodAccessorImpl.invoke0(Native Method)
	at java.base/jdk.internal.reflect.NativeMethodAccessorImpl.invoke(NativeMethodAccessorImpl.java:77)
	at java.base/jdk.internal.reflect.DelegatingMethodAccessorImpl.invoke(DelegatingMethodAccessorImpl.java:43)


24-05-2025T01:59:39 - [TEST_STEP][PASSED] - Start listener action : beforeTest: drivers.Driver.openApp is PASSED

24-05-2025T01:59:39 - [TEST_STEP][PASSED] - DataTest.init(): null

24-05-2025T01:59:39 - [TEST_STEP][PASSED] - testCaseId = split("/").last(): null

24-05-2025T01:59:39 - [TEST_STEP][PASSED] - if (!(drivers.Driver.isAppiumRunning())): drivers.Driver.isAppiumRunning is PASSED

24-05-2025T01:59:39 - [MESSAGE][INFO] - Appium running: true

24-05-2025T01:59:39 - [MESSAGE][PASSED] - drivers.Driver.isAppiumRunning is PASSED

24-05-2025T01:59:39 - [TEST_STEP][PASSED] - if (driver == null || driver.getSessionId() == null): null

24-05-2025T01:59:39 - [TEST_STEP][PASSED] - drivers.Driver.openApp(): drivers.Driver.openApp is PASSED

24-05-2025T01:59:41 - [MESSAGE][PASSED] - drivers.Driver.openApp is PASSED

24-05-2025T01:59:41 - [TEST_STEP][PASSED] - a8nv = DataTest.getUserTest("userA8NV"): null

24-05-2025T01:59:41 - [TEST_STEP][PASSED] - auto6 = DataTest.getUserTest6(): null

24-05-2025T01:59:41 - [TEST_STEP][PASSED] - document = DataTest.createDocumentTest(a8nv, auto6, null, "dummy.pdf", "dummy.pdf"): null

24-05-2025T01:59:41 - [TEST_STEP][PASSED] - document.setTitle("Tờ trình ngoại lệ sản phẩm KHDN. CONG TY ABD:-sắt thép-TT22011400030"): null

24-05-2025T01:59:41 - [TEST_STEP][PASSED] - loginScreen.login(a8nv): null

24-05-2025T01:59:50 - [TEST_STEP][PASSED] - homeScreen.goToSetting(): null

24-05-2025T01:59:55 - [TEST_STEP][PASSED] - settingScreen.enableShowDocumentOlder(true): null

24-05-2025T01:59:57 - [TEST_STEP][PASSED] - settingScreen.backToHome(): null

24-05-2025T01:59:57 - [TEST_STEP][PASSED] - homeScreen.goToIncomingDocument(): null

24-05-2025T01:59:59 - [TEST_STEP][PASSED] - inComingDocument.loadDataResult(): null

24-05-2025T02:00:06 - [TEST_STEP][PASSED] - inComingDocument.searchDocument(document.getTitle()): null

24-05-2025T02:00:09 - [TEST_STEP][FAILED] - inComingDocument.isDocumentDisplayed(document): Check Tờ trình ngoại lệ sản phẩm KHDN. CONG TY ABD:-sắt thép-TT22011400030 is displayed

24-05-2025T02:00:12 - [MESSAGE][FAILED] - Check Tờ trình ngoại lệ sản phẩm KHDN. CONG TY ABD:-sắt thép-TT22011400030 is displayed

24-05-2025T02:00:12 - [TEST_STEP][PASSED] - documentInformationScreen.backToHome(): null

24-05-2025T02:00:17 - [TEST_STEP][PASSED] - homeScreen.goToSetting(): null

24-05-2025T02:00:22 - [TEST_STEP][PASSED] - settingScreen.enableShowDocumentOlder(false): null

24-05-2025T02:00:24 - [TEST_STEP][PASSED] - settingScreen.backToHome(): null

24-05-2025T02:00:25 - [TEST_STEP][PASSED] - homeScreen.goToIncomingDocument(): null

24-05-2025T02:00:25 - [TEST_STEP][PASSED] - inComingDocument.loadDataResult(): null

24-05-2025T02:00:31 - [TEST_STEP][PASSED] - inComingDocument.searchDocument(document.getTitle()): null

24-05-2025T02:00:34 - [TEST_STEP][FAILED] - inComingDocument.isDocumentDisplayed(document): Check Tờ trình ngoại lệ sản phẩm KHDN. CONG TY ABD:-sắt thép-TT22011400030 is displayed

24-05-2025T02:00:37 - [MESSAGE][FAILED] - Check Tờ trình ngoại lệ sản phẩm KHDN. CONG TY ABD:-sắt thép-TT22011400030 is displayed

24-05-2025T02:00:37 - [TEST_STEP][PASSED] - Start listener action : afterTest: null

24-05-2025T02:00:37 - [TEST_STEP][PASSED] - if (testCaseStatus != "PASSED"): Screenshot is taken

24-05-2025T02:00:37 - [TEST_STEP][PASSED] - takeScreenshot(ErrorScreen/$GlobalVariable.PLATFORM/$testCaseContext.getTestCaseId().png): Screenshot is taken

24-05-2025T02:00:38 - [MESSAGE][PASSED] - Screenshot is taken
[[ATTACHMENT|ErrorScreen/Android/Test Cases/IPAPER APP/053 TIM KIEM HO SO CU.png]]

24-05-2025T02:00:38 - [TEST_STEP][PASSED] - drivers.Driver.closeApp(): drivers.Driver.closeApp is PASSED

24-05-2025T02:00:39 - [MESSAGE][PASSED] - drivers.Driver.closeApp is PASSED

24-05-2025T02:00:39 - [TEST_STEP][PASSED] - if (tsContext == null): null]]></system-out>
         <system-err><![CDATA[24-05-2025T01:59:39 - [TEST_CASE][FAILED] - Test Cases/IPAPER APP/053 TIM KIEM HO SO CU: Test Cases/IPAPER APP/053 TIM KIEM HO SO CU FAILED.
Reason:
com.kms.katalon.core.exception.StepFailedException: Check Tờ trình ngoại lệ sản phẩm KHDN. CONG TY ABD:-sắt thép-TT22011400030 is displayed
	at com.kms.katalon.core.util.KeywordUtil.markFailed(KeywordUtil.java:19)
	at utilities.AssertUtilities.logResult(AssertUtilities.groovy:30)
	at utilities.AssertUtilities.assertTrue(AssertUtilities.groovy:19)
	at screens.IncomingDocumentScreen.isDocumentDisplayed(IncomingDocumentScreen.groovy:269)
	at 053 TIM KIEM HO SO CU.run(053 TIM KIEM HO SO CU:30)
	at com.kms.katalon.core.main.ScriptEngine.run(ScriptEngine.java:194)
	at com.kms.katalon.core.main.ScriptEngine.runScriptAsRawText(ScriptEngine.java:119)
	at com.kms.katalon.core.main.TestCaseExecutor.runScript(TestCaseExecutor.java:448)
	at com.kms.katalon.core.main.TestCaseExecutor.doExecute(TestCaseExecutor.java:439)
	at com.kms.katalon.core.main.TestCaseExecutor.processExecutionPhase(TestCaseExecutor.java:418)
	at com.kms.katalon.core.main.TestCaseExecutor.accessMainPhase(TestCaseExecutor.java:410)
	at com.kms.katalon.core.main.TestCaseExecutor.execute(TestCaseExecutor.java:285)
	at com.kms.katalon.core.main.TestCaseExecutor.execute(TestCaseExecutor.java:369)
	at com.kms.katalon.core.main.TestCaseExecutor.execute(TestCaseExecutor.java:369)
	at com.kms.katalon.core.main.TestCaseExecutor.execute(TestCaseExecutor.java:369)
	at com.kms.katalon.core.common.CommonExecutor.accessTestCaseMainPhase(CommonExecutor.java:65)
	at com.kms.katalon.core.main.TestSuiteExecutor.accessTestSuiteMainPhase(TestSuiteExecutor.java:150)
	at com.kms.katalon.core.main.TestSuiteExecutor.execute(TestSuiteExecutor.java:106)
	at com.kms.katalon.core.main.TestCaseMain.startTestSuite(TestCaseMain.java:180)
	at TempTestSuite1748015363748.run(TempTestSuite1748015363748.groovy:35)
	at java.base/jdk.internal.reflect.NativeMethodAccessorImpl.invoke0(Native Method)
	at java.base/jdk.internal.reflect.NativeMethodAccessorImpl.invoke(NativeMethodAccessorImpl.java:77)
	at java.base/jdk.internal.reflect.DelegatingMethodAccessorImpl.invoke(DelegatingMethodAccessorImpl.java:43)]]></system-err>
      </testcase>
      <testcase name="Test Cases/IPAPER APP/058 TẠO QUY TRINH_1 BUOC" time="151.7" classname="Test Cases/IPAPER APP/058 TẠO QUY TRINH_1 BUOC" status="PASSED">
         <system-out><![CDATA[24-05-2025T02:00:39 - [TEST_CASE][PASSED] - Test Cases/IPAPER APP/058 TẠO QUY TRINH_1 BUOC: Test Cases/IPAPER APP/058 TẠO QUY TRINH_1 BUOC

24-05-2025T02:00:39 - [TEST_STEP][PASSED] - Start listener action : beforeTest: drivers.Driver.openApp is PASSED

24-05-2025T02:00:39 - [TEST_STEP][PASSED] - DataTest.init(): null

24-05-2025T02:00:39 - [TEST_STEP][PASSED] - testCaseId = split("/").last(): null

24-05-2025T02:00:39 - [TEST_STEP][PASSED] - if (!(drivers.Driver.isAppiumRunning())): drivers.Driver.isAppiumRunning is PASSED

24-05-2025T02:00:39 - [MESSAGE][INFO] - Appium running: true

24-05-2025T02:00:39 - [MESSAGE][PASSED] - drivers.Driver.isAppiumRunning is PASSED

24-05-2025T02:00:39 - [TEST_STEP][PASSED] - if (driver == null || driver.getSessionId() == null): null

24-05-2025T02:00:39 - [TEST_STEP][PASSED] - drivers.Driver.openApp(): drivers.Driver.openApp is PASSED

24-05-2025T02:00:42 - [MESSAGE][PASSED] - drivers.Driver.openApp is PASSED

24-05-2025T02:00:42 - [TEST_STEP][PASSED] - REQUEST_NAME = "Trình ký PDF có sẵn": null

24-05-2025T02:00:42 - [TEST_STEP][PASSED] - TO_DAY = SimpleDateFormat(dd/MM/yyyy).format(new java.util.Date()): null

24-05-2025T02:00:42 - [TEST_STEP][PASSED] - auto5 = DataTest.getUserTest5(): null

24-05-2025T02:00:42 - [TEST_STEP][PASSED] - auto6 = DataTest.getUserTest6(): null

24-05-2025T02:00:42 - [TEST_STEP][PASSED] - auto7 = DataTest.getUserTest7(): null

24-05-2025T02:00:42 - [TEST_STEP][PASSED] - document = DataTest.createDocumentTest(auto5, auto6, auto7, "dummy.pdf", "dummy.pdf"): null

24-05-2025T02:00:42 - [TEST_STEP][PASSED] - loginScreen.login(auto5): null

24-05-2025T02:00:50 - [TEST_STEP][PASSED] - homeScreen.openRequestList(): null

24-05-2025T02:00:55 - [TEST_STEP][PASSED] - homeScreen.createRequest(REQUEST_NAME): null

24-05-2025T02:01:02 - [TEST_STEP][PASSED] - pdfSignScreen.fillInTitle(title): null

24-05-2025T02:01:05 - [TEST_STEP][PASSED] - pdfSignScreen.selectPriority(priority): null

24-05-2025T02:01:07 - [TEST_STEP][PASSED] - pdfSignScreen.selectTime(time): null

24-05-2025T02:01:10 - [TEST_STEP][PASSED] - pdfSignScreen.fillInDescription(description): null

24-05-2025T02:01:12 - [TEST_STEP][PASSED] - pdfSignScreen.openMainFileBrowser(): null

24-05-2025T02:01:13 - [TEST_STEP][PASSED] - fileBrowserScreen.attachFile(mainFileName): null

24-05-2025T02:01:22 - [TEST_STEP][PASSED] - pdfSignScreen.openSubFileBrowser(): null

24-05-2025T02:01:27 - [TEST_STEP][PASSED] - fileBrowserScreen.attachFile(subFileName): null

24-05-2025T02:01:37 - [TEST_STEP][PASSED] - pdfSignScreen.processDefinition(auto6): null

24-05-2025T02:01:44 - [TEST_STEP][PASSED] - pdfSignScreen.performAction(SEND_APPROVE): null

24-05-2025T02:01:47 - [TEST_STEP][PASSED] - pdfSignScreen.fillInOpinion(document.getComment()): null

24-05-2025T02:01:48 - [TEST_STEP][PASSED] - pdfSignScreen.submitRequest(): null

24-05-2025T02:01:59 - [TEST_STEP][PASSED] - document.setStatus(WAIT_APPROVE): null

24-05-2025T02:01:59 - [TEST_STEP][PASSED] - documentInformationScreen.backToHome(): null

24-05-2025T02:01:59 - [TEST_STEP][PASSED] - homeScreen.goToOutComingDocument(): null

24-05-2025T02:02:10 - [TEST_STEP][PASSED] - outComingDocument.viewInformationDocument(document): null

24-05-2025T02:02:11 - [TEST_STEP][PASSED] - documentInformationScreen.checkDocumentTitle(document): Verify equals GUI: Trình ký 1748026842071 - DATA: Trình ký 1748026842071

24-05-2025T02:02:17 - [MESSAGE][PASSED] - Verify equals GUI: Trình ký 1748026842071 - DATA: Trình ký 1748026842071

24-05-2025T02:02:17 - [TEST_STEP][PASSED] - documentInformationScreen.checkSender(document): Verify equals GUI: Auto Test User 1 - DATA: Auto Test User 1

24-05-2025T02:02:17 - [MESSAGE][PASSED] - Verify equals GUI: Auto Test User 1 - DATA: Auto Test User 1

24-05-2025T02:02:17 - [TEST_STEP][PASSED] - documentInformationScreen.checkStatus(document): Verify equals GUI: Chờ giám sát phê duyệt - DATA: Chờ giám sát phê duyệt

24-05-2025T02:02:17 - [MESSAGE][PASSED] - Verify equals GUI: Chờ giám sát phê duyệt - DATA: Chờ giám sát phê duyệt

24-05-2025T02:02:17 - [TEST_STEP][PASSED] - documentInformationScreen.checkCreateDate(): Verify equals GUI: 24/05/2025 - DATA: 24/05/2025

24-05-2025T02:02:17 - [MESSAGE][PASSED] - Verify equals GUI: 24/05/2025 - DATA: 24/05/2025

24-05-2025T02:02:17 - [TEST_STEP][PASSED] - documentInformationScreen.checkFinishDate(document): Verify equals GUI: 25/05/2025 - DATA: 25/05/2025

24-05-2025T02:02:18 - [MESSAGE][PASSED] - Verify equals GUI: 25/05/2025 - DATA: 25/05/2025

24-05-2025T02:02:18 - [TEST_STEP][PASSED] - documentInformationScreen.checkPriority(document): Verify equals GUI: Cao - DATA: Cao

24-05-2025T02:02:18 - [MESSAGE][PASSED] - Verify equals GUI: Cao - DATA: Cao

24-05-2025T02:02:18 - [TEST_STEP][PASSED] - documentInformationScreen.checkDescription(document): Verify equals GUI: 058 TẠO QUY TRINH_1 BUOC - DATA: 058 TẠO QUY TRINH_1 BUOC

24-05-2025T02:02:18 - [MESSAGE][PASSED] - Verify equals GUI: 058 TẠO QUY TRINH_1 BUOC - DATA: 058 TẠO QUY TRINH_1 BUOC

24-05-2025T02:02:18 - [TEST_STEP][PASSED] - documentInformationScreen.checkAssigner(document): Verify contains GUI: auto2@hdbank.com.vn - DATA: auto2@hdbank.com.vn

24-05-2025T02:02:19 - [MESSAGE][PASSED] - Verify contains GUI: auto2@hdbank.com.vn - DATA: auto2@hdbank.com.vn

24-05-2025T02:02:19 - [TEST_STEP][PASSED] - documentInformationScreen.checkPresentFileName(document): Verify contains GUI: dummy_20250524020123.ozd - DATA: dummy

24-05-2025T02:02:20 - [MESSAGE][PASSED] - Verify contains GUI: dummy_20250524020123.ozd - DATA: dummy

24-05-2025T02:02:20 - [TEST_STEP][PASSED] - documentInformationScreen.checkAttachFileName(document): Expected true condition

24-05-2025T02:02:22 - [MESSAGE][PASSED] - Expected true condition

24-05-2025T02:02:22 - [TEST_STEP][PASSED] - documentInformationScreen.backToHome(): null

24-05-2025T02:02:27 - [TEST_STEP][PASSED] - homeScreen.logout(): null

24-05-2025T02:02:35 - [TEST_STEP][PASSED] - loginScreen.login(auto6): null

24-05-2025T02:02:44 - [TEST_STEP][PASSED] - document.setAssigner(auto5): null

24-05-2025T02:02:44 - [TEST_STEP][PASSED] - homeScreen.goToIncomingDocument(): null

24-05-2025T02:02:44 - [TEST_STEP][PASSED] - inComingDocument.viewInformationDocument(document): View document Trình ký 1748026842071

24-05-2025T02:02:44 - [MESSAGE][INFO] - View document Trình ký 1748026842071

24-05-2025T02:02:51 - [TEST_STEP][PASSED] - documentInformationScreen.checkDocumentTitle(document): Verify equals GUI: Trình ký 1748026842071 - DATA: Trình ký 1748026842071

24-05-2025T02:02:52 - [MESSAGE][PASSED] - Verify equals GUI: Trình ký 1748026842071 - DATA: Trình ký 1748026842071

24-05-2025T02:02:52 - [TEST_STEP][PASSED] - documentInformationScreen.checkSender(document): Verify equals GUI: Auto Test User 1 - DATA: Auto Test User 1

24-05-2025T02:02:52 - [MESSAGE][PASSED] - Verify equals GUI: Auto Test User 1 - DATA: Auto Test User 1

24-05-2025T02:02:52 - [TEST_STEP][PASSED] - documentInformationScreen.checkStatus(document): Verify equals GUI: Chờ giám sát phê duyệt - DATA: Chờ giám sát phê duyệt

24-05-2025T02:02:52 - [MESSAGE][PASSED] - Verify equals GUI: Chờ giám sát phê duyệt - DATA: Chờ giám sát phê duyệt

24-05-2025T02:02:52 - [TEST_STEP][PASSED] - documentInformationScreen.checkCreateDate(): Verify equals GUI: 24/05/2025 - DATA: 24/05/2025

24-05-2025T02:02:52 - [MESSAGE][PASSED] - Verify equals GUI: 24/05/2025 - DATA: 24/05/2025

24-05-2025T02:02:52 - [TEST_STEP][PASSED] - documentInformationScreen.checkFinishDate(document): Verify equals GUI: 25/05/2025 - DATA: 25/05/2025

24-05-2025T02:02:52 - [MESSAGE][PASSED] - Verify equals GUI: 25/05/2025 - DATA: 25/05/2025

24-05-2025T02:02:52 - [TEST_STEP][PASSED] - documentInformationScreen.checkPriority(document): Verify equals GUI: Cao - DATA: Cao

24-05-2025T02:02:52 - [MESSAGE][PASSED] - Verify equals GUI: Cao - DATA: Cao

24-05-2025T02:02:52 - [TEST_STEP][PASSED] - documentInformationScreen.checkDescription(document): Verify equals GUI: 058 TẠO QUY TRINH_1 BUOC - DATA: 058 TẠO QUY TRINH_1 BUOC

24-05-2025T02:02:52 - [MESSAGE][PASSED] - Verify equals GUI: 058 TẠO QUY TRINH_1 BUOC - DATA: 058 TẠO QUY TRINH_1 BUOC

24-05-2025T02:02:52 - [TEST_STEP][PASSED] - documentInformationScreen.checkAssigner(document): Verify contains GUI: auto1@hdbank.com.vn - DATA: auto1@hdbank.com.vn

24-05-2025T02:02:54 - [MESSAGE][PASSED] - Verify contains GUI: auto1@hdbank.com.vn - DATA: auto1@hdbank.com.vn

24-05-2025T02:02:54 - [TEST_STEP][PASSED] - documentInformationScreen.checkPresentFileName(document): Verify contains GUI: dummy_20250524020123.ozd - DATA: dummy

24-05-2025T02:02:55 - [MESSAGE][PASSED] - Verify contains GUI: dummy_20250524020123.ozd - DATA: dummy

24-05-2025T02:02:55 - [TEST_STEP][PASSED] - documentInformationScreen.checkAttachFileName(document): Expected true condition

24-05-2025T02:02:56 - [MESSAGE][PASSED] - Expected true condition

24-05-2025T02:02:56 - [TEST_STEP][PASSED] - documentInformationScreen.backToHome(): null

24-05-2025T02:03:02 - [TEST_STEP][PASSED] - homeScreen.logout(): null

24-05-2025T02:03:10 - [TEST_STEP][PASSED] - Start listener action : afterTest: null

24-05-2025T02:03:10 - [TEST_STEP][PASSED] - if (testCaseStatus != "PASSED"): null

24-05-2025T02:03:10 - [TEST_STEP][PASSED] - drivers.Driver.closeApp(): drivers.Driver.closeApp is PASSED

24-05-2025T02:03:11 - [MESSAGE][PASSED] - drivers.Driver.closeApp is PASSED

24-05-2025T02:03:11 - [TEST_STEP][PASSED] - if (tsContext == null): null]]></system-out>
         <system-err><![CDATA[]]></system-err>
      </testcase>
      <testcase name="Test Cases/IPAPER APP/059 TẠO QUY TRINH_2 BUOC" time="168.908" classname="Test Cases/IPAPER APP/059 TẠO QUY TRINH_2 BUOC" status="PASSED">
         <system-out><![CDATA[24-05-2025T02:03:11 - [TEST_CASE][PASSED] - Test Cases/IPAPER APP/059 TẠO QUY TRINH_2 BUOC: Test Cases/IPAPER APP/059 TẠO QUY TRINH_2 BUOC

24-05-2025T02:03:11 - [TEST_STEP][PASSED] - Start listener action : beforeTest: drivers.Driver.openApp is PASSED

24-05-2025T02:03:11 - [TEST_STEP][PASSED] - DataTest.init(): null

24-05-2025T02:03:11 - [TEST_STEP][PASSED] - testCaseId = split("/").last(): null

24-05-2025T02:03:11 - [TEST_STEP][PASSED] - if (!(drivers.Driver.isAppiumRunning())): drivers.Driver.isAppiumRunning is PASSED

24-05-2025T02:03:11 - [MESSAGE][INFO] - Appium running: true

24-05-2025T02:03:11 - [MESSAGE][PASSED] - drivers.Driver.isAppiumRunning is PASSED

24-05-2025T02:03:11 - [TEST_STEP][PASSED] - if (driver == null || driver.getSessionId() == null): null

24-05-2025T02:03:11 - [TEST_STEP][PASSED] - drivers.Driver.openApp(): drivers.Driver.openApp is PASSED

24-05-2025T02:03:13 - [MESSAGE][PASSED] - drivers.Driver.openApp is PASSED

24-05-2025T02:03:13 - [TEST_STEP][PASSED] - REQUEST_NAME = "Trình ký PDF có sẵn": null

24-05-2025T02:03:13 - [TEST_STEP][PASSED] - TO_DAY = SimpleDateFormat(dd/MM/yyyy).format(new java.util.Date()): null

24-05-2025T02:03:13 - [TEST_STEP][PASSED] - auto5 = DataTest.getUserTest5(): null

24-05-2025T02:03:13 - [TEST_STEP][PASSED] - auto6 = DataTest.getUserTest6(): null

24-05-2025T02:03:13 - [TEST_STEP][PASSED] - auto7 = DataTest.getUserTest7(): null

24-05-2025T02:03:13 - [TEST_STEP][PASSED] - auto8 = DataTest.getUserTest8(): null

24-05-2025T02:03:13 - [TEST_STEP][PASSED] - document = DataTest.createDocumentTest(auto5, auto6, auto7, "dummy.pdf", "dummy.pdf"): null

24-05-2025T02:03:13 - [TEST_STEP][PASSED] - loginScreen.login(auto5): null

24-05-2025T02:03:22 - [TEST_STEP][PASSED] - homeScreen.openRequestList(): null

24-05-2025T02:03:27 - [TEST_STEP][PASSED] - homeScreen.createRequest(REQUEST_NAME): null

24-05-2025T02:03:34 - [TEST_STEP][PASSED] - pdfSignScreen.fillInTitle(title): null

24-05-2025T02:03:37 - [TEST_STEP][PASSED] - pdfSignScreen.selectPriority(priority): null

24-05-2025T02:03:39 - [TEST_STEP][PASSED] - pdfSignScreen.selectTime(time): null

24-05-2025T02:03:42 - [TEST_STEP][PASSED] - pdfSignScreen.fillInDescription(description): null

24-05-2025T02:03:43 - [TEST_STEP][PASSED] - pdfSignScreen.openMainFileBrowser(): null

24-05-2025T02:03:44 - [TEST_STEP][PASSED] - fileBrowserScreen.attachFile(mainFileName): null

24-05-2025T02:03:54 - [TEST_STEP][PASSED] - pdfSignScreen.openSubFileBrowser(): null

24-05-2025T02:03:59 - [TEST_STEP][PASSED] - fileBrowserScreen.attachFile(subFileName): null

24-05-2025T02:04:08 - [TEST_STEP][PASSED] - pdfSignScreen.processDefinition(auto6): null

24-05-2025T02:04:16 - [TEST_STEP][PASSED] - pdfSignScreen.processDefinition(auto7, auto8): null

24-05-2025T02:04:31 - [TEST_STEP][PASSED] - pdfSignScreen.performAction(SEND_APPROVE): null

24-05-2025T02:04:34 - [TEST_STEP][PASSED] - pdfSignScreen.fillInOpinion(document.getComment()): null

24-05-2025T02:04:35 - [TEST_STEP][PASSED] - pdfSignScreen.submitRequest(): null

24-05-2025T02:04:44 - [TEST_STEP][PASSED] - document.setStatus(WAIT_APPROVE): null

24-05-2025T02:04:44 - [TEST_STEP][PASSED] - documentInformationScreen.backToHome(): null

24-05-2025T02:04:44 - [TEST_STEP][PASSED] - homeScreen.goToOutComingDocument(): null

24-05-2025T02:04:55 - [TEST_STEP][PASSED] - outComingDocument.viewInformationDocument(document): null

24-05-2025T02:04:56 - [TEST_STEP][PASSED] - documentInformationScreen.checkDocumentTitle(document): Verify equals GUI: Trình ký 1748026993766 - DATA: Trình ký 1748026993766

24-05-2025T02:05:03 - [MESSAGE][PASSED] - Verify equals GUI: Trình ký 1748026993766 - DATA: Trình ký 1748026993766

24-05-2025T02:05:03 - [TEST_STEP][PASSED] - documentInformationScreen.checkSender(document): Verify equals GUI: Auto Test User 1 - DATA: Auto Test User 1

24-05-2025T02:05:03 - [MESSAGE][PASSED] - Verify equals GUI: Auto Test User 1 - DATA: Auto Test User 1

24-05-2025T02:05:03 - [TEST_STEP][PASSED] - documentInformationScreen.checkStatus(document): Verify equals GUI: Chờ giám sát phê duyệt - DATA: Chờ giám sát phê duyệt

24-05-2025T02:05:03 - [MESSAGE][PASSED] - Verify equals GUI: Chờ giám sát phê duyệt - DATA: Chờ giám sát phê duyệt

24-05-2025T02:05:03 - [TEST_STEP][PASSED] - documentInformationScreen.checkCreateDate(): Verify equals GUI: 24/05/2025 - DATA: 24/05/2025

24-05-2025T02:05:03 - [MESSAGE][PASSED] - Verify equals GUI: 24/05/2025 - DATA: 24/05/2025

24-05-2025T02:05:03 - [TEST_STEP][PASSED] - documentInformationScreen.checkFinishDate(document): Verify equals GUI: 25/05/2025 - DATA: 25/05/2025

24-05-2025T02:05:03 - [MESSAGE][PASSED] - Verify equals GUI: 25/05/2025 - DATA: 25/05/2025

24-05-2025T02:05:03 - [TEST_STEP][PASSED] - documentInformationScreen.checkPriority(document): Verify equals GUI: Khẩn cấp - DATA: Khẩn cấp

24-05-2025T02:05:03 - [MESSAGE][PASSED] - Verify equals GUI: Khẩn cấp - DATA: Khẩn cấp

24-05-2025T02:05:03 - [TEST_STEP][PASSED] - documentInformationScreen.checkDescription(document): Verify equals GUI: 059 TẠO QUY TRINH_2 BUOC - DATA: 059 TẠO QUY TRINH_2 BUOC

24-05-2025T02:05:04 - [MESSAGE][PASSED] - Verify equals GUI: 059 TẠO QUY TRINH_2 BUOC - DATA: 059 TẠO QUY TRINH_2 BUOC

24-05-2025T02:05:04 - [TEST_STEP][PASSED] - documentInformationScreen.checkPresentFileName(document): Verify contains GUI: dummy_20250524020355.ozd - DATA: dummy

24-05-2025T02:05:05 - [MESSAGE][PASSED] - Verify contains GUI: dummy_20250524020355.ozd - DATA: dummy

24-05-2025T02:05:05 - [TEST_STEP][PASSED] - documentInformationScreen.checkAttachFileName(document): Expected true condition

24-05-2025T02:05:06 - [MESSAGE][PASSED] - Expected true condition

24-05-2025T02:05:06 - [TEST_STEP][PASSED] - documentInformationScreen.checkAssigners(auto6, auto7, auto8): Checking if all user emails are present in the list

24-05-2025T02:05:14 - [MESSAGE][PASSED] - Checking if all user emails are present in the list

24-05-2025T02:05:14 - [TEST_STEP][PASSED] - documentInformationScreen.backToHome(): null

24-05-2025T02:05:19 - [TEST_STEP][PASSED] - homeScreen.logout(): null

24-05-2025T02:05:27 - [TEST_STEP][PASSED] - loginScreen.login(auto6): null

24-05-2025T02:05:36 - [TEST_STEP][PASSED] - document.setAssigner(auto5): null

24-05-2025T02:05:36 - [TEST_STEP][PASSED] - homeScreen.goToIncomingDocument(): null

24-05-2025T02:05:36 - [TEST_STEP][PASSED] - inComingDocument.viewInformationDocument(document): View document Trình ký 1748026993766

24-05-2025T02:05:36 - [MESSAGE][INFO] - View document Trình ký 1748026993766

24-05-2025T02:05:43 - [TEST_STEP][PASSED] - documentInformationScreen.checkDocumentTitle(document): Verify equals GUI: Trình ký 1748026993766 - DATA: Trình ký 1748026993766

24-05-2025T02:05:43 - [MESSAGE][PASSED] - Verify equals GUI: Trình ký 1748026993766 - DATA: Trình ký 1748026993766

24-05-2025T02:05:43 - [TEST_STEP][PASSED] - documentInformationScreen.checkSender(document): Verify equals GUI: Auto Test User 1 - DATA: Auto Test User 1

24-05-2025T02:05:43 - [MESSAGE][PASSED] - Verify equals GUI: Auto Test User 1 - DATA: Auto Test User 1

24-05-2025T02:05:43 - [TEST_STEP][PASSED] - documentInformationScreen.checkStatus(document): Verify equals GUI: Chờ giám sát phê duyệt - DATA: Chờ giám sát phê duyệt

24-05-2025T02:05:43 - [MESSAGE][PASSED] - Verify equals GUI: Chờ giám sát phê duyệt - DATA: Chờ giám sát phê duyệt

24-05-2025T02:05:43 - [TEST_STEP][PASSED] - documentInformationScreen.checkCreateDate(): Verify equals GUI: 24/05/2025 - DATA: 24/05/2025

24-05-2025T02:05:43 - [MESSAGE][PASSED] - Verify equals GUI: 24/05/2025 - DATA: 24/05/2025

24-05-2025T02:05:43 - [TEST_STEP][PASSED] - documentInformationScreen.checkFinishDate(document): Verify equals GUI: 25/05/2025 - DATA: 25/05/2025

24-05-2025T02:05:44 - [MESSAGE][PASSED] - Verify equals GUI: 25/05/2025 - DATA: 25/05/2025

24-05-2025T02:05:44 - [TEST_STEP][PASSED] - documentInformationScreen.checkPriority(document): Verify equals GUI: Khẩn cấp - DATA: Khẩn cấp

24-05-2025T02:05:44 - [MESSAGE][PASSED] - Verify equals GUI: Khẩn cấp - DATA: Khẩn cấp

24-05-2025T02:05:44 - [TEST_STEP][PASSED] - documentInformationScreen.checkDescription(document): Verify equals GUI: 059 TẠO QUY TRINH_2 BUOC - DATA: 059 TẠO QUY TRINH_2 BUOC

24-05-2025T02:05:44 - [MESSAGE][PASSED] - Verify equals GUI: 059 TẠO QUY TRINH_2 BUOC - DATA: 059 TẠO QUY TRINH_2 BUOC

24-05-2025T02:05:44 - [TEST_STEP][PASSED] - documentInformationScreen.checkPresentFileName(document): Verify contains GUI: dummy_20250524020355.ozd - DATA: dummy

24-05-2025T02:05:49 - [MESSAGE][PASSED] - Verify contains GUI: dummy_20250524020355.ozd - DATA: dummy

24-05-2025T02:05:49 - [TEST_STEP][PASSED] - documentInformationScreen.checkAttachFileName(document): Expected true condition

24-05-2025T02:05:51 - [MESSAGE][PASSED] - Expected true condition

24-05-2025T02:05:51 - [TEST_STEP][PASSED] - documentInformationScreen.checkAssigners(auto6, auto7, auto8): Checking if all user emails are present in the list

24-05-2025T02:05:59 - [MESSAGE][PASSED] - Checking if all user emails are present in the list

24-05-2025T02:05:59 - [TEST_STEP][PASSED] - Start listener action : afterTest: null

24-05-2025T02:05:59 - [TEST_STEP][PASSED] - if (testCaseStatus != "PASSED"): null

24-05-2025T02:05:59 - [TEST_STEP][PASSED] - drivers.Driver.closeApp(): drivers.Driver.closeApp is PASSED

24-05-2025T02:06:00 - [MESSAGE][PASSED] - drivers.Driver.closeApp is PASSED

24-05-2025T02:06:00 - [TEST_STEP][PASSED] - if (tsContext == null): null]]></system-out>
         <system-err><![CDATA[]]></system-err>
      </testcase>
      <testcase name="Test Cases/IPAPER APP/060 DINH NGHIA QUY TRINH CO SAN" time="101.064" classname="Test Cases/IPAPER APP/060 DINH NGHIA QUY TRINH CO SAN" status="ERROR">
         <error type="ERROR" message="Test Cases/IPAPER APP/060 DINH NGHIA QUY TRINH CO SAN FAILED.&#xa;Reason:&#xa;org.openqa.selenium.TimeoutException: Expected condition failed: waiting for base.BaseKeyword$Trait$Helper$_waitForPresentOf_closure1@3c28c0da (tried for 30 second(s) with 500 milliseconds interval)&#xa;Build info: version: '3.141.59', revision: 'unknown', time: 'unknown'&#xa;System info: host: '192.168.30.108', ip: 'fe80:0:0:0:857:c3df:d699:1dc0%en0', os.name: 'Mac OS X', os.arch: 'aarch64', os.version: '15.5', java.version: '17.0.7'&#xa;Driver info: com.kms.katalon.core.appium.driver.SwipeableAndroidDriver&#xa;Capabilities {automationName: UiAutomator2, databaseEnabled: false, desired: {automationName: UiAutomator2, deviceName: af0c5cf7, noReset: true, platformName: android, waitForIdleTimeout: 3000}, deviceApiLevel: 35, deviceManufacturer: OPPO, deviceModel: CPH2699, deviceName: af0c5cf7, deviceScreenDensity: 480, deviceScreenSize: 1080x2400, deviceUDID: af0c5cf7, javascriptEnabled: true, locationContextEnabled: false, networkConnectionEnabled: true, noReset: true, pixelRatio: 3, platform: LINUX, platformName: Android, platformVersion: 15, statBarHeight: 120, takesScreenshot: true, viewportRect: {height: 2280, left: 0, top: 120, width: 1080}, waitForIdleTimeout: 3000, warnings: {}, webStorageEnabled: false}&#xa;Session ID: 62e5b862-d2c0-4dcf-ad05-c0bce164dcf0&#xa;	at org.openqa.selenium.support.ui.WebDriverWait.timeoutException(WebDriverWait.java:95)&#xa;	at org.openqa.selenium.support.ui.FluentWait.until(FluentWait.java:272)&#xa;	at base.BaseKeyword$Trait$Helper.waitForPresentOf(BaseKeyword.groovy:344)&#xa;	at screens.PDFSignScreen.waitForPresentOf(PDFSignScreen.groovy)&#xa;	at screens.PDFSignScreen.selectProcessDefined(PDFSignScreen.groovy:200)&#xa;	at 060 DINH NGHIA QUY TRINH CO SAN.run(060 DINH NGHIA QUY TRINH CO SAN:50)&#xa;	at com.kms.katalon.core.main.ScriptEngine.run(ScriptEngine.java:194)&#xa;	at com.kms.katalon.core.main.ScriptEngine.runScriptAsRawText(ScriptEngine.java:119)&#xa;	at com.kms.katalon.core.main.TestCaseExecutor.runScript(TestCaseExecutor.java:448)&#xa;	at com.kms.katalon.core.main.TestCaseExecutor.doExecute(TestCaseExecutor.java:439)&#xa;	at com.kms.katalon.core.main.TestCaseExecutor.processExecutionPhase(TestCaseExecutor.java:418)&#xa;	at com.kms.katalon.core.main.TestCaseExecutor.accessMainPhase(TestCaseExecutor.java:410)&#xa;	at com.kms.katalon.core.main.TestCaseExecutor.execute(TestCaseExecutor.java:285)&#xa;	at com.kms.katalon.core.main.TestCaseExecutor.execute(TestCaseExecutor.java:369)&#xa;	at com.kms.katalon.core.main.TestCaseExecutor.execute(TestCaseExecutor.java:369)&#xa;	at com.kms.katalon.core.main.TestCaseExecutor.execute(TestCaseExecutor.java:369)&#xa;	at com.kms.katalon.core.common.CommonExecutor.accessTestCaseMainPhase(CommonExecutor.java:65)&#xa;	at com.kms.katalon.core.main.TestSuiteExecutor.accessTestSuiteMainPhase(TestSuiteExecutor.java:150)&#xa;	at com.kms.katalon.core.main.TestSuiteExecutor.execute(TestSuiteExecutor.java:106)&#xa;	at com.kms.katalon.core.main.TestCaseMain.startTestSuite(TestCaseMain.java:180)&#xa;	at TempTestSuite1748015363748.run(TempTestSuite1748015363748.groovy:35)&#xa;	at java.base/jdk.internal.reflect.NativeMethodAccessorImpl.invoke0(Native Method)&#xa;	at java.base/jdk.internal.reflect.NativeMethodAccessorImpl.invoke(NativeMethodAccessorImpl.java:77)&#xa;	at java.base/jdk.internal.reflect.DelegatingMethodAccessorImpl.invoke(DelegatingMethodAccessorImpl.java:43)&#xa;"/>
         <system-out><![CDATA[24-05-2025T02:10:44 - [TEST_CASE][ERROR] - Test Cases/IPAPER APP/060 DINH NGHIA QUY TRINH CO SAN: Test Cases/IPAPER APP/060 DINH NGHIA QUY TRINH CO SAN FAILED.
Reason:
org.openqa.selenium.TimeoutException: Expected condition failed: waiting for base.BaseKeyword$Trait$Helper$_waitForPresentOf_closure1@3c28c0da (tried for 30 second(s) with 500 milliseconds interval)
Build info: version: '3.141.59', revision: 'unknown', time: 'unknown'
System info: host: '192.168.30.108', ip: 'fe80:0:0:0:857:c3df:d699:1dc0%en0', os.name: 'Mac OS X', os.arch: 'aarch64', os.version: '15.5', java.version: '17.0.7'
Driver info: com.kms.katalon.core.appium.driver.SwipeableAndroidDriver
Capabilities {automationName: UiAutomator2, databaseEnabled: false, desired: {automationName: UiAutomator2, deviceName: af0c5cf7, noReset: true, platformName: android, waitForIdleTimeout: 3000}, deviceApiLevel: 35, deviceManufacturer: OPPO, deviceModel: CPH2699, deviceName: af0c5cf7, deviceScreenDensity: 480, deviceScreenSize: 1080x2400, deviceUDID: af0c5cf7, javascriptEnabled: true, locationContextEnabled: false, networkConnectionEnabled: true, noReset: true, pixelRatio: 3, platform: LINUX, platformName: Android, platformVersion: 15, statBarHeight: 120, takesScreenshot: true, viewportRect: {height: 2280, left: 0, top: 120, width: 1080}, waitForIdleTimeout: 3000, warnings: {}, webStorageEnabled: false}
Session ID: 62e5b862-d2c0-4dcf-ad05-c0bce164dcf0
	at org.openqa.selenium.support.ui.WebDriverWait.timeoutException(WebDriverWait.java:95)
	at org.openqa.selenium.support.ui.FluentWait.until(FluentWait.java:272)
	at base.BaseKeyword$Trait$Helper.waitForPresentOf(BaseKeyword.groovy:344)
	at screens.PDFSignScreen.waitForPresentOf(PDFSignScreen.groovy)
	at screens.PDFSignScreen.selectProcessDefined(PDFSignScreen.groovy:200)
	at 060 DINH NGHIA QUY TRINH CO SAN.run(060 DINH NGHIA QUY TRINH CO SAN:50)
	at com.kms.katalon.core.main.ScriptEngine.run(ScriptEngine.java:194)
	at com.kms.katalon.core.main.ScriptEngine.runScriptAsRawText(ScriptEngine.java:119)
	at com.kms.katalon.core.main.TestCaseExecutor.runScript(TestCaseExecutor.java:448)
	at com.kms.katalon.core.main.TestCaseExecutor.doExecute(TestCaseExecutor.java:439)
	at com.kms.katalon.core.main.TestCaseExecutor.processExecutionPhase(TestCaseExecutor.java:418)
	at com.kms.katalon.core.main.TestCaseExecutor.accessMainPhase(TestCaseExecutor.java:410)
	at com.kms.katalon.core.main.TestCaseExecutor.execute(TestCaseExecutor.java:285)
	at com.kms.katalon.core.main.TestCaseExecutor.execute(TestCaseExecutor.java:369)
	at com.kms.katalon.core.main.TestCaseExecutor.execute(TestCaseExecutor.java:369)
	at com.kms.katalon.core.main.TestCaseExecutor.execute(TestCaseExecutor.java:369)
	at com.kms.katalon.core.common.CommonExecutor.accessTestCaseMainPhase(CommonExecutor.java:65)
	at com.kms.katalon.core.main.TestSuiteExecutor.accessTestSuiteMainPhase(TestSuiteExecutor.java:150)
	at com.kms.katalon.core.main.TestSuiteExecutor.execute(TestSuiteExecutor.java:106)
	at com.kms.katalon.core.main.TestCaseMain.startTestSuite(TestCaseMain.java:180)
	at TempTestSuite1748015363748.run(TempTestSuite1748015363748.groovy:35)
	at java.base/jdk.internal.reflect.NativeMethodAccessorImpl.invoke0(Native Method)
	at java.base/jdk.internal.reflect.NativeMethodAccessorImpl.invoke(NativeMethodAccessorImpl.java:77)
	at java.base/jdk.internal.reflect.DelegatingMethodAccessorImpl.invoke(DelegatingMethodAccessorImpl.java:43)


24-05-2025T02:10:44 - [TEST_STEP][PASSED] - Start listener action : beforeTest: drivers.Driver.openApp is PASSED

24-05-2025T02:10:44 - [TEST_STEP][PASSED] - DataTest.init(): null

24-05-2025T02:10:44 - [TEST_STEP][PASSED] - testCaseId = split("/").last(): null

24-05-2025T02:10:44 - [TEST_STEP][PASSED] - if (!(drivers.Driver.isAppiumRunning())): drivers.Driver.isAppiumRunning is PASSED

24-05-2025T02:10:44 - [MESSAGE][INFO] - Appium running: true

24-05-2025T02:10:44 - [MESSAGE][PASSED] - drivers.Driver.isAppiumRunning is PASSED

24-05-2025T02:10:44 - [TEST_STEP][PASSED] - if (driver == null || driver.getSessionId() == null): null

24-05-2025T02:10:44 - [TEST_STEP][PASSED] - drivers.Driver.openApp(): drivers.Driver.openApp is PASSED

24-05-2025T02:10:46 - [MESSAGE][PASSED] - drivers.Driver.openApp is PASSED

24-05-2025T02:10:46 - [TEST_STEP][PASSED] - REQUEST_NAME = "Trình ký PDF có sẵn": null

24-05-2025T02:10:46 - [TEST_STEP][PASSED] - PROCESS_NAME = "Automation Test": null

24-05-2025T02:10:46 - [TEST_STEP][PASSED] - TO_DAY = SimpleDateFormat(dd/MM/yyyy).format(new java.util.Date()): null

24-05-2025T02:10:46 - [TEST_STEP][PASSED] - auto5 = DataTest.getUserTest5(): null

24-05-2025T02:10:46 - [TEST_STEP][PASSED] - auto6 = DataTest.getUserTest6(): null

24-05-2025T02:10:46 - [TEST_STEP][PASSED] - auto7 = DataTest.getUserTest7(): null

24-05-2025T02:10:46 - [TEST_STEP][PASSED] - auto8 = DataTest.getUserTest8(): null

24-05-2025T02:10:46 - [TEST_STEP][PASSED] - document = DataTest.createDocumentTest(auto5, auto6, auto7, "dummy.pdf", "dummy.pdf"): null

24-05-2025T02:10:46 - [TEST_STEP][PASSED] - loginScreen.login(auto5): null

24-05-2025T02:10:55 - [TEST_STEP][PASSED] - homeScreen.openRequestList(): null

24-05-2025T02:11:00 - [TEST_STEP][PASSED] - homeScreen.createRequest(REQUEST_NAME): null

24-05-2025T02:11:08 - [TEST_STEP][PASSED] - pdfSignScreen.fillInTitle(title): null

24-05-2025T02:11:10 - [TEST_STEP][PASSED] - pdfSignScreen.selectPriority(priority): null

24-05-2025T02:11:12 - [TEST_STEP][PASSED] - pdfSignScreen.selectTime(time): null

24-05-2025T02:11:15 - [TEST_STEP][PASSED] - pdfSignScreen.fillInDescription(description): null

24-05-2025T02:11:17 - [TEST_STEP][PASSED] - pdfSignScreen.openMainFileBrowser(): null

24-05-2025T02:11:18 - [TEST_STEP][PASSED] - fileBrowserScreen.attachFile(mainFileName): null

24-05-2025T02:11:27 - [TEST_STEP][PASSED] - pdfSignScreen.openSubFileBrowser(): null

24-05-2025T02:11:32 - [TEST_STEP][PASSED] - fileBrowserScreen.attachFile(subFileName): null

24-05-2025T02:11:48 - [TEST_STEP][ERROR] - pdfSignScreen.selectProcessDefined(PROCESS_NAME): Test Cases/IPAPER APP/060 DINH NGHIA QUY TRINH CO SAN FAILED.
Reason:
org.openqa.selenium.TimeoutException: Expected condition failed: waiting for base.BaseKeyword$Trait$Helper$_waitForPresentOf_closure1@3c28c0da (tried for 30 second(s) with 500 milliseconds interval)
Build info: version: '3.141.59', revision: 'unknown', time: 'unknown'
System info: host: '192.168.30.108', ip: 'fe80:0:0:0:857:c3df:d699:1dc0%en0', os.name: 'Mac OS X', os.arch: 'aarch64', os.version: '15.5', java.version: '17.0.7'
Driver info: com.kms.katalon.core.appium.driver.SwipeableAndroidDriver
Capabilities {automationName: UiAutomator2, databaseEnabled: false, desired: {automationName: UiAutomator2, deviceName: af0c5cf7, noReset: true, platformName: android, waitForIdleTimeout: 3000}, deviceApiLevel: 35, deviceManufacturer: OPPO, deviceModel: CPH2699, deviceName: af0c5cf7, deviceScreenDensity: 480, deviceScreenSize: 1080x2400, deviceUDID: af0c5cf7, javascriptEnabled: true, locationContextEnabled: false, networkConnectionEnabled: true, noReset: true, pixelRatio: 3, platform: LINUX, platformName: Android, platformVersion: 15, statBarHeight: 120, takesScreenshot: true, viewportRect: {height: 2280, left: 0, top: 120, width: 1080}, waitForIdleTimeout: 3000, warnings: {}, webStorageEnabled: false}
Session ID: 62e5b862-d2c0-4dcf-ad05-c0bce164dcf0
	at org.openqa.selenium.support.ui.WebDriverWait.timeoutException(WebDriverWait.java:95)
	at org.openqa.selenium.support.ui.FluentWait.until(FluentWait.java:272)
	at base.BaseKeyword$Trait$Helper.waitForPresentOf(BaseKeyword.groovy:344)
	at screens.PDFSignScreen.waitForPresentOf(PDFSignScreen.groovy)
	at screens.PDFSignScreen.selectProcessDefined(PDFSignScreen.groovy:200)
	at 060 DINH NGHIA QUY TRINH CO SAN.run(060 DINH NGHIA QUY TRINH CO SAN:50)
	at com.kms.katalon.core.main.ScriptEngine.run(ScriptEngine.java:194)
	at com.kms.katalon.core.main.ScriptEngine.runScriptAsRawText(ScriptEngine.java:119)
	at com.kms.katalon.core.main.TestCaseExecutor.runScript(TestCaseExecutor.java:448)
	at com.kms.katalon.core.main.TestCaseExecutor.doExecute(TestCaseExecutor.java:439)
	at com.kms.katalon.core.main.TestCaseExecutor.processExecutionPhase(TestCaseExecutor.java:418)
	at com.kms.katalon.core.main.TestCaseExecutor.accessMainPhase(TestCaseExecutor.java:410)
	at com.kms.katalon.core.main.TestCaseExecutor.execute(TestCaseExecutor.java:285)
	at com.kms.katalon.core.main.TestCaseExecutor.execute(TestCaseExecutor.java:369)
	at com.kms.katalon.core.main.TestCaseExecutor.execute(TestCaseExecutor.java:369)
	at com.kms.katalon.core.main.TestCaseExecutor.execute(TestCaseExecutor.java:369)
	at com.kms.katalon.core.common.CommonExecutor.accessTestCaseMainPhase(CommonExecutor.java:65)
	at com.kms.katalon.core.main.TestSuiteExecutor.accessTestSuiteMainPhase(TestSuiteExecutor.java:150)
	at com.kms.katalon.core.main.TestSuiteExecutor.execute(TestSuiteExecutor.java:106)
	at com.kms.katalon.core.main.TestCaseMain.startTestSuite(TestCaseMain.java:180)
	at TempTestSuite1748015363748.run(TempTestSuite1748015363748.groovy:35)
	at java.base/jdk.internal.reflect.NativeMethodAccessorImpl.invoke0(Native Method)
	at java.base/jdk.internal.reflect.NativeMethodAccessorImpl.invoke(NativeMethodAccessorImpl.java:77)
	at java.base/jdk.internal.reflect.DelegatingMethodAccessorImpl.invoke(DelegatingMethodAccessorImpl.java:43)


24-05-2025T02:12:22 - [MESSAGE][ERROR] - Test Cases/IPAPER APP/060 DINH NGHIA QUY TRINH CO SAN FAILED.
Reason:
org.openqa.selenium.TimeoutException: Expected condition failed: waiting for base.BaseKeyword$Trait$Helper$_waitForPresentOf_closure1@3c28c0da (tried for 30 second(s) with 500 milliseconds interval)
Build info: version: '3.141.59', revision: 'unknown', time: 'unknown'
System info: host: '192.168.30.108', ip: 'fe80:0:0:0:857:c3df:d699:1dc0%en0', os.name: 'Mac OS X', os.arch: 'aarch64', os.version: '15.5', java.version: '17.0.7'
Driver info: com.kms.katalon.core.appium.driver.SwipeableAndroidDriver
Capabilities {automationName: UiAutomator2, databaseEnabled: false, desired: {automationName: UiAutomator2, deviceName: af0c5cf7, noReset: true, platformName: android, waitForIdleTimeout: 3000}, deviceApiLevel: 35, deviceManufacturer: OPPO, deviceModel: CPH2699, deviceName: af0c5cf7, deviceScreenDensity: 480, deviceScreenSize: 1080x2400, deviceUDID: af0c5cf7, javascriptEnabled: true, locationContextEnabled: false, networkConnectionEnabled: true, noReset: true, pixelRatio: 3, platform: LINUX, platformName: Android, platformVersion: 15, statBarHeight: 120, takesScreenshot: true, viewportRect: {height: 2280, left: 0, top: 120, width: 1080}, waitForIdleTimeout: 3000, warnings: {}, webStorageEnabled: false}
Session ID: 62e5b862-d2c0-4dcf-ad05-c0bce164dcf0
	at org.openqa.selenium.support.ui.WebDriverWait.timeoutException(WebDriverWait.java:95)
	at org.openqa.selenium.support.ui.FluentWait.until(FluentWait.java:272)
	at base.BaseKeyword$Trait$Helper.waitForPresentOf(BaseKeyword.groovy:344)
	at screens.PDFSignScreen.waitForPresentOf(PDFSignScreen.groovy)
	at screens.PDFSignScreen.selectProcessDefined(PDFSignScreen.groovy:200)
	at 060 DINH NGHIA QUY TRINH CO SAN.run(060 DINH NGHIA QUY TRINH CO SAN:50)
	at com.kms.katalon.core.main.ScriptEngine.run(ScriptEngine.java:194)
	at com.kms.katalon.core.main.ScriptEngine.runScriptAsRawText(ScriptEngine.java:119)
	at com.kms.katalon.core.main.TestCaseExecutor.runScript(TestCaseExecutor.java:448)
	at com.kms.katalon.core.main.TestCaseExecutor.doExecute(TestCaseExecutor.java:439)
	at com.kms.katalon.core.main.TestCaseExecutor.processExecutionPhase(TestCaseExecutor.java:418)
	at com.kms.katalon.core.main.TestCaseExecutor.accessMainPhase(TestCaseExecutor.java:410)
	at com.kms.katalon.core.main.TestCaseExecutor.execute(TestCaseExecutor.java:285)
	at com.kms.katalon.core.main.TestCaseExecutor.execute(TestCaseExecutor.java:369)
	at com.kms.katalon.core.main.TestCaseExecutor.execute(TestCaseExecutor.java:369)
	at com.kms.katalon.core.main.TestCaseExecutor.execute(TestCaseExecutor.java:369)
	at com.kms.katalon.core.common.CommonExecutor.accessTestCaseMainPhase(CommonExecutor.java:65)
	at com.kms.katalon.core.main.TestSuiteExecutor.accessTestSuiteMainPhase(TestSuiteExecutor.java:150)
	at com.kms.katalon.core.main.TestSuiteExecutor.execute(TestSuiteExecutor.java:106)
	at com.kms.katalon.core.main.TestCaseMain.startTestSuite(TestCaseMain.java:180)
	at TempTestSuite1748015363748.run(TempTestSuite1748015363748.groovy:35)
	at java.base/jdk.internal.reflect.NativeMethodAccessorImpl.invoke0(Native Method)
	at java.base/jdk.internal.reflect.NativeMethodAccessorImpl.invoke(NativeMethodAccessorImpl.java:77)
	at java.base/jdk.internal.reflect.DelegatingMethodAccessorImpl.invoke(DelegatingMethodAccessorImpl.java:43)


24-05-2025T02:12:22 - [TEST_STEP][PASSED] - Start listener action : afterTest: null

24-05-2025T02:12:22 - [TEST_STEP][PASSED] - if (testCaseStatus != "PASSED"): Screenshot is taken

24-05-2025T02:12:22 - [TEST_STEP][PASSED] - takeScreenshot(ErrorScreen/$GlobalVariable.PLATFORM/$testCaseContext.getTestCaseId().png): Screenshot is taken

24-05-2025T02:12:24 - [MESSAGE][PASSED] - Screenshot is taken
[[ATTACHMENT|ErrorScreen/Android/Test Cases/IPAPER APP/060 DINH NGHIA QUY TRINH CO SAN.png]]

24-05-2025T02:12:24 - [TEST_STEP][PASSED] - drivers.Driver.closeApp(): drivers.Driver.closeApp is PASSED

24-05-2025T02:12:25 - [MESSAGE][PASSED] - drivers.Driver.closeApp is PASSED

24-05-2025T02:12:25 - [TEST_STEP][PASSED] - if (tsContext == null): null]]></system-out>
         <system-err><![CDATA[24-05-2025T02:10:44 - [TEST_CASE][ERROR] - Test Cases/IPAPER APP/060 DINH NGHIA QUY TRINH CO SAN: Test Cases/IPAPER APP/060 DINH NGHIA QUY TRINH CO SAN FAILED.
Reason:
org.openqa.selenium.TimeoutException: Expected condition failed: waiting for base.BaseKeyword$Trait$Helper$_waitForPresentOf_closure1@3c28c0da (tried for 30 second(s) with 500 milliseconds interval)
Build info: version: '3.141.59', revision: 'unknown', time: 'unknown'
System info: host: '192.168.30.108', ip: 'fe80:0:0:0:857:c3df:d699:1dc0%en0', os.name: 'Mac OS X', os.arch: 'aarch64', os.version: '15.5', java.version: '17.0.7'
Driver info: com.kms.katalon.core.appium.driver.SwipeableAndroidDriver
Capabilities {automationName: UiAutomator2, databaseEnabled: false, desired: {automationName: UiAutomator2, deviceName: af0c5cf7, noReset: true, platformName: android, waitForIdleTimeout: 3000}, deviceApiLevel: 35, deviceManufacturer: OPPO, deviceModel: CPH2699, deviceName: af0c5cf7, deviceScreenDensity: 480, deviceScreenSize: 1080x2400, deviceUDID: af0c5cf7, javascriptEnabled: true, locationContextEnabled: false, networkConnectionEnabled: true, noReset: true, pixelRatio: 3, platform: LINUX, platformName: Android, platformVersion: 15, statBarHeight: 120, takesScreenshot: true, viewportRect: {height: 2280, left: 0, top: 120, width: 1080}, waitForIdleTimeout: 3000, warnings: {}, webStorageEnabled: false}
Session ID: 62e5b862-d2c0-4dcf-ad05-c0bce164dcf0
	at org.openqa.selenium.support.ui.WebDriverWait.timeoutException(WebDriverWait.java:95)
	at org.openqa.selenium.support.ui.FluentWait.until(FluentWait.java:272)
	at base.BaseKeyword$Trait$Helper.waitForPresentOf(BaseKeyword.groovy:344)
	at screens.PDFSignScreen.waitForPresentOf(PDFSignScreen.groovy)
	at screens.PDFSignScreen.selectProcessDefined(PDFSignScreen.groovy:200)
	at 060 DINH NGHIA QUY TRINH CO SAN.run(060 DINH NGHIA QUY TRINH CO SAN:50)
	at com.kms.katalon.core.main.ScriptEngine.run(ScriptEngine.java:194)
	at com.kms.katalon.core.main.ScriptEngine.runScriptAsRawText(ScriptEngine.java:119)
	at com.kms.katalon.core.main.TestCaseExecutor.runScript(TestCaseExecutor.java:448)
	at com.kms.katalon.core.main.TestCaseExecutor.doExecute(TestCaseExecutor.java:439)
	at com.kms.katalon.core.main.TestCaseExecutor.processExecutionPhase(TestCaseExecutor.java:418)
	at com.kms.katalon.core.main.TestCaseExecutor.accessMainPhase(TestCaseExecutor.java:410)
	at com.kms.katalon.core.main.TestCaseExecutor.execute(TestCaseExecutor.java:285)
	at com.kms.katalon.core.main.TestCaseExecutor.execute(TestCaseExecutor.java:369)
	at com.kms.katalon.core.main.TestCaseExecutor.execute(TestCaseExecutor.java:369)
	at com.kms.katalon.core.main.TestCaseExecutor.execute(TestCaseExecutor.java:369)
	at com.kms.katalon.core.common.CommonExecutor.accessTestCaseMainPhase(CommonExecutor.java:65)
	at com.kms.katalon.core.main.TestSuiteExecutor.accessTestSuiteMainPhase(TestSuiteExecutor.java:150)
	at com.kms.katalon.core.main.TestSuiteExecutor.execute(TestSuiteExecutor.java:106)
	at com.kms.katalon.core.main.TestCaseMain.startTestSuite(TestCaseMain.java:180)
	at TempTestSuite1748015363748.run(TempTestSuite1748015363748.groovy:35)
	at java.base/jdk.internal.reflect.NativeMethodAccessorImpl.invoke0(Native Method)
	at java.base/jdk.internal.reflect.NativeMethodAccessorImpl.invoke(NativeMethodAccessorImpl.java:77)
	at java.base/jdk.internal.reflect.DelegatingMethodAccessorImpl.invoke(DelegatingMethodAccessorImpl.java:43)]]></system-err>
      </testcase>
      <testcase name="Test Cases/IPAPER APP/061 CHINH SUA USER DINH NGHIA QUY TRINH" time="158.514" classname="Test Cases/IPAPER APP/061 CHINH SUA USER DINH NGHIA QUY TRINH" status="PASSED">
         <system-out><![CDATA[24-05-2025T02:12:25 - [TEST_CASE][PASSED] - Test Cases/IPAPER APP/061 CHINH SUA USER DINH NGHIA QUY TRINH: Test Cases/IPAPER APP/061 CHINH SUA USER DINH NGHIA QUY TRINH

24-05-2025T02:12:25 - [TEST_STEP][PASSED] - Start listener action : beforeTest: drivers.Driver.openApp is PASSED

24-05-2025T02:12:25 - [TEST_STEP][PASSED] - DataTest.init(): null

24-05-2025T02:12:25 - [TEST_STEP][PASSED] - testCaseId = split("/").last(): null

24-05-2025T02:12:25 - [TEST_STEP][PASSED] - if (!(drivers.Driver.isAppiumRunning())): drivers.Driver.isAppiumRunning is PASSED

24-05-2025T02:12:25 - [MESSAGE][INFO] - Appium running: true

24-05-2025T02:12:25 - [MESSAGE][PASSED] - drivers.Driver.isAppiumRunning is PASSED

24-05-2025T02:12:25 - [TEST_STEP][PASSED] - if (driver == null || driver.getSessionId() == null): null

24-05-2025T02:12:25 - [TEST_STEP][PASSED] - drivers.Driver.openApp(): drivers.Driver.openApp is PASSED

24-05-2025T02:12:27 - [MESSAGE][PASSED] - drivers.Driver.openApp is PASSED

24-05-2025T02:12:27 - [TEST_STEP][PASSED] - REQUEST_NAME = "Trình ký PDF có sẵn": null

24-05-2025T02:12:27 - [TEST_STEP][PASSED] - PROCESS_NAME = "Automation Test": null

24-05-2025T02:12:27 - [TEST_STEP][PASSED] - TO_DAY = SimpleDateFormat(dd/MM/yyyy).format(new java.util.Date()): null

24-05-2025T02:12:27 - [TEST_STEP][PASSED] - auto5 = DataTest.getUserTest("auto5"): null

24-05-2025T02:12:27 - [TEST_STEP][PASSED] - auto6 = DataTest.getUserTest("auto6"): null

24-05-2025T02:12:27 - [TEST_STEP][PASSED] - auto7 = DataTest.getUserTest("auto7"): null

24-05-2025T02:12:27 - [TEST_STEP][PASSED] - auto8 = DataTest.getUserTest("auto8"): null

24-05-2025T02:12:27 - [TEST_STEP][PASSED] - auto1 = DataTest.getUserTest("auto1"): null

24-05-2025T02:12:27 - [TEST_STEP][PASSED] - document = DataTest.createDocumentTest(auto5, auto6, null, "dummy.pdf", "dummy.docx"): null

24-05-2025T02:12:27 - [TEST_STEP][PASSED] - loginScreen.login(auto5): null

24-05-2025T02:12:36 - [TEST_STEP][PASSED] - homeScreen.openRequestList(): null

24-05-2025T02:12:41 - [TEST_STEP][PASSED] - homeScreen.createRequest(REQUEST_NAME): null

24-05-2025T02:12:48 - [TEST_STEP][PASSED] - pdfSignScreen.fillInTitle(title): null

24-05-2025T02:12:51 - [TEST_STEP][PASSED] - pdfSignScreen.selectPriority(priority): null

24-05-2025T02:12:53 - [TEST_STEP][PASSED] - pdfSignScreen.selectTime(time): null

24-05-2025T02:12:56 - [TEST_STEP][PASSED] - pdfSignScreen.fillInDescription(description): null

24-05-2025T02:12:58 - [TEST_STEP][PASSED] - pdfSignScreen.openMainFileBrowser(): null

24-05-2025T02:12:59 - [TEST_STEP][PASSED] - fileBrowserScreen.attachFile(mainFileName): null

24-05-2025T02:13:08 - [TEST_STEP][PASSED] - pdfSignScreen.openSubFileBrowser(): null

24-05-2025T02:13:13 - [TEST_STEP][PASSED] - fileBrowserScreen.attachFile(subFileName): null

24-05-2025T02:13:24 - [TEST_STEP][PASSED] - pdfSignScreen.selectProcessDefined(PROCESS_NAME): null

24-05-2025T02:13:26 - [TEST_STEP][PASSED] - pdfSignScreen.addUserIntoProcess(1, auto1): null

24-05-2025T02:13:34 - [TEST_STEP][PASSED] - pdfSignScreen.addUserIntoProcess(1, auto6): null

24-05-2025T02:13:41 - [TEST_STEP][PASSED] - pdfSignScreen.deleteUserInProcess(auto7): null

24-05-2025T02:13:43 - [TEST_STEP][PASSED] - pdfSignScreen.performAction(SEND_APPROVE): null

24-05-2025T02:13:45 - [TEST_STEP][PASSED] - pdfSignScreen.fillInOpinion(document.getComment()): null

24-05-2025T02:13:46 - [TEST_STEP][PASSED] - pdfSignScreen.submitRequest(): null

24-05-2025T02:13:55 - [TEST_STEP][PASSED] - document.setStatus(WAIT_APPROVE): null

24-05-2025T02:13:55 - [TEST_STEP][PASSED] - documentInformationScreen.backToHome(): null

24-05-2025T02:13:55 - [TEST_STEP][PASSED] - homeScreen.goToOutComingDocument(): null

24-05-2025T02:14:06 - [TEST_STEP][PASSED] - outComingDocument.viewInformationDocument(document): null

24-05-2025T02:14:07 - [TEST_STEP][PASSED] - documentInformationScreen.checkDocumentTitle(document): Verify equals GUI: Trình ký 1748027547816 - DATA: Trình ký 1748027547816

24-05-2025T02:14:12 - [MESSAGE][PASSED] - Verify equals GUI: Trình ký 1748027547816 - DATA: Trình ký 1748027547816

24-05-2025T02:14:12 - [TEST_STEP][PASSED] - documentInformationScreen.checkSender(document): Verify equals GUI: Auto Test User 5 - DATA: Auto Test User 5

24-05-2025T02:14:12 - [MESSAGE][PASSED] - Verify equals GUI: Auto Test User 5 - DATA: Auto Test User 5

24-05-2025T02:14:12 - [TEST_STEP][PASSED] - documentInformationScreen.checkStatus(document): Verify equals GUI: Chờ giám sát phê duyệt - DATA: Chờ giám sát phê duyệt

24-05-2025T02:14:12 - [MESSAGE][PASSED] - Verify equals GUI: Chờ giám sát phê duyệt - DATA: Chờ giám sát phê duyệt

24-05-2025T02:14:12 - [TEST_STEP][PASSED] - documentInformationScreen.checkCreateDate(): Verify equals GUI: 24/05/2025 - DATA: 24/05/2025

24-05-2025T02:14:13 - [MESSAGE][PASSED] - Verify equals GUI: 24/05/2025 - DATA: 24/05/2025

24-05-2025T02:14:13 - [TEST_STEP][PASSED] - documentInformationScreen.checkFinishDate(document): Verify equals GUI: 25/05/2025 - DATA: 25/05/2025

24-05-2025T02:14:13 - [MESSAGE][PASSED] - Verify equals GUI: 25/05/2025 - DATA: 25/05/2025

24-05-2025T02:14:13 - [TEST_STEP][PASSED] - documentInformationScreen.checkPriority(document): Verify equals GUI: Cao - DATA: Cao

24-05-2025T02:14:13 - [MESSAGE][PASSED] - Verify equals GUI: Cao - DATA: Cao

24-05-2025T02:14:13 - [TEST_STEP][PASSED] - documentInformationScreen.checkDescription(document): Verify equals GUI: 061 CHINH SUA USER DINH NGHIA QUY TRINH - DATA: 061 CHINH SUA USER DINH NGHIA QUY TRINH

24-05-2025T02:14:13 - [MESSAGE][PASSED] - Verify equals GUI: 061 CHINH SUA USER DINH NGHIA QUY TRINH - DATA: 061 CHINH SUA USER DINH NGHIA QUY TRINH

24-05-2025T02:14:13 - [TEST_STEP][PASSED] - documentInformationScreen.checkPresentFileName(document): Verify contains GUI: dummy_20250524021310.ozd - DATA: dummy

24-05-2025T02:14:22 - [MESSAGE][PASSED] - Verify contains GUI: dummy_20250524021310.ozd - DATA: dummy

24-05-2025T02:14:22 - [TEST_STEP][PASSED] - documentInformationScreen.checkAttachFileName(document): Expected true condition

24-05-2025T02:14:24 - [MESSAGE][PASSED] - Expected true condition

24-05-2025T02:14:24 - [TEST_STEP][PASSED] - documentInformationScreen.backToHome(): null

24-05-2025T02:14:29 - [TEST_STEP][PASSED] - homeScreen.logout(): null

24-05-2025T02:14:37 - [TEST_STEP][PASSED] - loginScreen.login(auto6): null

24-05-2025T02:14:46 - [TEST_STEP][PASSED] - document.setAssigner(auto5): null

24-05-2025T02:14:46 - [TEST_STEP][PASSED] - homeScreen.goToIncomingDocument(): null

24-05-2025T02:14:46 - [TEST_STEP][PASSED] - inComingDocument.viewInformationDocument(document): View document Trình ký 1748027547816

24-05-2025T02:14:46 - [MESSAGE][INFO] - View document Trình ký 1748027547816

24-05-2025T02:14:54 - [TEST_STEP][PASSED] - documentInformationScreen.checkDocumentTitle(document): Verify equals GUI: Trình ký 1748027547816 - DATA: Trình ký 1748027547816

24-05-2025T02:14:55 - [MESSAGE][PASSED] - Verify equals GUI: Trình ký 1748027547816 - DATA: Trình ký 1748027547816

24-05-2025T02:14:55 - [TEST_STEP][PASSED] - documentInformationScreen.checkSender(document): Verify equals GUI: Auto Test User 5 - DATA: Auto Test User 5

24-05-2025T02:14:55 - [MESSAGE][PASSED] - Verify equals GUI: Auto Test User 5 - DATA: Auto Test User 5

24-05-2025T02:14:55 - [TEST_STEP][PASSED] - documentInformationScreen.checkStatus(document): Verify equals GUI: Chờ giám sát phê duyệt - DATA: Chờ giám sát phê duyệt

24-05-2025T02:14:55 - [MESSAGE][PASSED] - Verify equals GUI: Chờ giám sát phê duyệt - DATA: Chờ giám sát phê duyệt

24-05-2025T02:14:55 - [TEST_STEP][PASSED] - documentInformationScreen.checkCreateDate(): Verify equals GUI: 24/05/2025 - DATA: 24/05/2025

24-05-2025T02:14:55 - [MESSAGE][PASSED] - Verify equals GUI: 24/05/2025 - DATA: 24/05/2025

24-05-2025T02:14:55 - [TEST_STEP][PASSED] - documentInformationScreen.checkFinishDate(document): Verify equals GUI: 25/05/2025 - DATA: 25/05/2025

24-05-2025T02:14:55 - [MESSAGE][PASSED] - Verify equals GUI: 25/05/2025 - DATA: 25/05/2025

24-05-2025T02:14:55 - [TEST_STEP][PASSED] - documentInformationScreen.checkPriority(document): Verify equals GUI: Cao - DATA: Cao

24-05-2025T02:14:55 - [MESSAGE][PASSED] - Verify equals GUI: Cao - DATA: Cao

24-05-2025T02:14:55 - [TEST_STEP][PASSED] - documentInformationScreen.checkDescription(document): Verify equals GUI: 061 CHINH SUA USER DINH NGHIA QUY TRINH - DATA: 061 CHINH SUA USER DINH NGHIA QUY TRINH

24-05-2025T02:14:55 - [MESSAGE][PASSED] - Verify equals GUI: 061 CHINH SUA USER DINH NGHIA QUY TRINH - DATA: 061 CHINH SUA USER DINH NGHIA QUY TRINH

24-05-2025T02:14:55 - [TEST_STEP][PASSED] - documentInformationScreen.checkPresentFileName(document): Verify contains GUI: dummy_20250524021310.ozd - DATA: dummy

24-05-2025T02:15:01 - [MESSAGE][PASSED] - Verify contains GUI: dummy_20250524021310.ozd - DATA: dummy

24-05-2025T02:15:01 - [TEST_STEP][PASSED] - documentInformationScreen.checkAttachFileName(document): Expected true condition

24-05-2025T02:15:03 - [MESSAGE][PASSED] - Expected true condition

24-05-2025T02:15:03 - [TEST_STEP][PASSED] - Start listener action : afterTest: null

24-05-2025T02:15:03 - [TEST_STEP][PASSED] - if (testCaseStatus != "PASSED"): null

24-05-2025T02:15:03 - [TEST_STEP][PASSED] - drivers.Driver.closeApp(): drivers.Driver.closeApp is PASSED

24-05-2025T02:15:03 - [MESSAGE][PASSED] - drivers.Driver.closeApp is PASSED

24-05-2025T02:15:03 - [TEST_STEP][PASSED] - if (tsContext == null): null]]></system-out>
         <system-err><![CDATA[]]></system-err>
      </testcase>
      <testcase name="Test Cases/IPAPER APP/063 KIEM TRA SO LUONG DINH NGHIA QUY TRINH" time="83.557" classname="Test Cases/IPAPER APP/063 KIEM TRA SO LUONG DINH NGHIA QUY TRINH" status="PASSED">
         <system-out><![CDATA[24-05-2025T02:16:53 - [TEST_CASE][PASSED] - Test Cases/IPAPER APP/063 KIEM TRA SO LUONG DINH NGHIA QUY TRINH: Test Cases/IPAPER APP/063 KIEM TRA SO LUONG DINH NGHIA QUY TRINH

24-05-2025T02:16:53 - [TEST_STEP][PASSED] - Start listener action : beforeTest: drivers.Driver.openApp is PASSED

24-05-2025T02:16:53 - [TEST_STEP][PASSED] - DataTest.init(): null

24-05-2025T02:16:53 - [TEST_STEP][PASSED] - testCaseId = split("/").last(): null

24-05-2025T02:16:53 - [TEST_STEP][PASSED] - if (!(drivers.Driver.isAppiumRunning())): drivers.Driver.isAppiumRunning is PASSED

24-05-2025T02:16:53 - [MESSAGE][INFO] - Appium running: true

24-05-2025T02:16:53 - [MESSAGE][PASSED] - drivers.Driver.isAppiumRunning is PASSED

24-05-2025T02:16:53 - [TEST_STEP][PASSED] - if (driver == null || driver.getSessionId() == null): null

24-05-2025T02:16:53 - [TEST_STEP][PASSED] - drivers.Driver.openApp(): drivers.Driver.openApp is PASSED

24-05-2025T02:16:56 - [MESSAGE][PASSED] - drivers.Driver.openApp is PASSED

24-05-2025T02:16:56 - [TEST_STEP][PASSED] - REQUEST_NAME = "Trình ký PDF có sẵn": null

24-05-2025T02:16:56 - [TEST_STEP][PASSED] - auto5 = DataTest.getUserTest("auto5"): null

24-05-2025T02:16:56 - [TEST_STEP][PASSED] - auto1 = DataTest.getUserTest("auto1"): null

24-05-2025T02:16:56 - [TEST_STEP][PASSED] - loginScreen.login(auto5): null

24-05-2025T02:17:04 - [TEST_STEP][PASSED] - homeScreen.openRequestList(): null

24-05-2025T02:17:09 - [TEST_STEP][PASSED] - homeScreen.createRequest(REQUEST_NAME): null

24-05-2025T02:17:16 - [TEST_STEP][PASSED] - pdfSignScreen.checkProcessDefineNumber(5): Verify contains GUI: 5 - DATA: 5

24-05-2025T02:17:26 - [MESSAGE][PASSED] - Verify contains GUI: 5 - DATA: 5

24-05-2025T02:17:26 - [TEST_STEP][PASSED] - pdfSignScreen.isEyeIconEnabled(): Check eye icon in process define is enabled

24-05-2025T02:17:27 - [MESSAGE][PASSED] - Check eye icon in process define is enabled

24-05-2025T02:17:27 - [TEST_STEP][PASSED] - pdfSignScreen.isAttachIconDisplayed(): Check attach icon is displayed

24-05-2025T02:17:28 - [MESSAGE][PASSED] - Check attach icon is displayed

24-05-2025T02:17:28 - [TEST_STEP][PASSED] - pdfSignScreen.backToHome(): null

24-05-2025T02:17:29 - [TEST_STEP][PASSED] - documentInformationScreen.backToHome(): null

24-05-2025T02:17:34 - [TEST_STEP][PASSED] - homeScreen.logout(): null

24-05-2025T02:17:42 - [TEST_STEP][PASSED] - loginScreen.login(auto1): null

24-05-2025T02:17:52 - [TEST_STEP][PASSED] - homeScreen.openRequestList(): null

24-05-2025T02:17:57 - [TEST_STEP][PASSED] - homeScreen.createRequest(REQUEST_NAME): null

24-05-2025T02:18:04 - [TEST_STEP][PASSED] - pdfSignScreen.checkProcessDefineNumber(0): Verify contains GUI: 0 - DATA: 0

24-05-2025T02:18:13 - [MESSAGE][PASSED] - Verify contains GUI: 0 - DATA: 0

24-05-2025T02:18:13 - [TEST_STEP][PASSED] - pdfSignScreen.isEyeIconDisabled(): Check eye icon in process define is enabled

24-05-2025T02:18:16 - [MESSAGE][PASSED] - Check eye icon in process define is enabled

24-05-2025T02:18:16 - [TEST_STEP][PASSED] - pdfSignScreen.isAttachIconDisplayed(): Check attach icon is displayed

24-05-2025T02:18:16 - [MESSAGE][PASSED] - Check attach icon is displayed

24-05-2025T02:18:16 - [TEST_STEP][PASSED] - Start listener action : afterTest: null

24-05-2025T02:18:16 - [TEST_STEP][PASSED] - if (testCaseStatus != "PASSED"): null

24-05-2025T02:18:16 - [TEST_STEP][PASSED] - drivers.Driver.closeApp(): drivers.Driver.closeApp is PASSED

24-05-2025T02:18:17 - [MESSAGE][PASSED] - drivers.Driver.closeApp is PASSED

24-05-2025T02:18:17 - [TEST_STEP][PASSED] - if (tsContext == null): null]]></system-out>
         <system-err><![CDATA[]]></system-err>
      </testcase>
      <system-out><![CDATA[23-05-2025T22:49:25 - [TEST_SUITE][INCOMPLETE] - fullcase: null]]></system-out>
      <system-err><![CDATA[23-05-2025T22:49:25 - [TEST_SUITE][INCOMPLETE] - fullcase: null]]></system-err>
   </testsuite>
</testsuites>
