<?xml version="1.0" encoding="UTF-8"?>
<testsuites name="Demo" time="3892.033" tests="31" failures="4" errors="3">
   <testsuite name="Demo" tests="31" failures="4" errors="3" time="3892.033" skipped="0" timestamp="18-05-2025T14:17:42" hostname="cuongvo - 125.235.4.59.adsl.viettel.vn" id="Test Suites/Demo">
      <properties>
         <property name="deviceName" value="null"/>
         <property name="devicePlatform" value="null"/>
         <property name="logFolder" value="/Users/cuongvo/hdb_katalon/IPaper/Reports/20250518_141741/Demo/20250518_141741"/>
         <property name="logFiles" value="/Users/cuongvo/hdb_katalon/IPaper/Reports/20250518_141741/Demo/20250518_141741/execution0.log"/>
         <property name="attachments" value="ErrorScreen/Android/Test Cases/IPAPER APP/037 LAY Y KIEN NHANH_KHONG NHAP Y KIEN.png, ErrorScreen/Android/Test Cases/IPAPER APP/049 TIM KIEM HO SO THEO BO LOC.png, ErrorScreen/Android/Test Cases/IPAPER APP/020 TU CHOI CHI TIET_KHONG NHAP Y KIEN.png, ErrorScreen/Android/Test Cases/IPAPER APP/019 TU CHOI CHI TIET_NHAP Y KIEN.png, ErrorScreen/Android/Test Cases/IPAPER APP/040 LAY Y KIEN CHI TIET_KHONG NHAP Y KIEN.png, ErrorScreen/Android/Test Cases/IPAPER APP/016 DUYET CO CC_KHONG NHAP Y KIEN.png, ErrorScreen/Android/Test Cases/IPAPER APP/017 DUYET CO CC_NHAP Y KIEN.png"/>
         <property name="hostName" value="cuongvo - 125.235.4.59.adsl.viettel.vn"/>
         <property name="os" value="Mac OS X 64bit"/>
         <property name="appiumServerStatus" value="{&quot;value&quot;:{&quot;ready&quot;:true,&quot;message&quot;:&quot;The server is ready to accept new connections&quot;,&quot;build&quot;:{&quot;version&quot;:&quot;2.17.1&quot;}}}"/>
         <property name="katalonVersion" value="9.7.5.223"/>
         <property name="deviceOS" value="null"/>
         <property name="appiumVersion" value="2.17.1"/>
         <property name="deviceModel" value="null"/>
         <property name="hostAddress" value="125.235.4.59"/>
         <property name="deviceManufacturer" value="null"/>
         <property name="deviceId" value="null"/>
         <property name="deviceName" value="null"/>
         <property name="deviceOSVersion" value="null"/>
      </properties>
      <testcase name="Test Cases/IPAPER APP/060 DINH NGHIA QUY TRINH CO SAN" time="146.266" classname="Test Cases/IPAPER APP/060 DINH NGHIA QUY TRINH CO SAN" status="PASSED">
         <system-out><![CDATA[18-05-2025T14:17:51 - [TEST_CASE][PASSED] - Test Cases/IPAPER APP/060 DINH NGHIA QUY TRINH CO SAN: Test Cases/IPAPER APP/060 DINH NGHIA QUY TRINH CO SAN

18-05-2025T14:17:51 - [TEST_STEP][PASSED] - Start listener action : beforeTest: drivers.Driver.openApp is PASSED

18-05-2025T14:17:51 - [TEST_STEP][PASSED] - DataTest.init(): null

18-05-2025T14:17:51 - [TEST_STEP][PASSED] - testCaseId = split("/").last(): null

18-05-2025T14:17:51 - [TEST_STEP][PASSED] - if (!(drivers.Driver.isAppiumRunning())): drivers.Driver.isAppiumRunning is PASSED

18-05-2025T14:17:51 - [MESSAGE][INFO] - Appium running: true

18-05-2025T14:17:51 - [MESSAGE][PASSED] - drivers.Driver.isAppiumRunning is PASSED

18-05-2025T14:17:51 - [TEST_STEP][PASSED] - if (driver == null || driver.getSessionId() == null): null

18-05-2025T14:17:51 - [TEST_STEP][PASSED] - drivers.Driver.openApp(): drivers.Driver.openApp is PASSED

18-05-2025T14:17:53 - [MESSAGE][PASSED] - drivers.Driver.openApp is PASSED

18-05-2025T14:17:53 - [TEST_STEP][PASSED] - REQUEST_NAME = "Trình ký PDF có sẵn": null

18-05-2025T14:17:53 - [TEST_STEP][PASSED] - PROCESS_NAME = "Automation Test": null

18-05-2025T14:17:53 - [TEST_STEP][PASSED] - TO_DAY = SimpleDateFormat(dd/MM/yyyy).format(new java.util.Date()): null

18-05-2025T14:17:53 - [TEST_STEP][PASSED] - auto5 = DataTest.getUserTest("auto5"): null

18-05-2025T14:17:53 - [TEST_STEP][PASSED] - auto6 = DataTest.getUserTest("auto6"): null

18-05-2025T14:17:53 - [TEST_STEP][PASSED] - auto7 = DataTest.getUserTest("auto7"): null

18-05-2025T14:17:53 - [TEST_STEP][PASSED] - auto8 = DataTest.getUserTest("auto8"): null

18-05-2025T14:17:53 - [TEST_STEP][PASSED] - document = DataTest.createDocumentTest(auto5, auto6, auto7, "dummy.pdf", "dummy.pdf"): null

18-05-2025T14:17:53 - [TEST_STEP][PASSED] - loginScreen.login(auto5): null

18-05-2025T14:18:02 - [TEST_STEP][PASSED] - homeScreen.openRequestList(): null

18-05-2025T14:18:08 - [TEST_STEP][PASSED] - homeScreen.createRequest(REQUEST_NAME): null

18-05-2025T14:18:11 - [TEST_STEP][PASSED] - pdfSignScreen.fillInTitle(title): null

18-05-2025T14:18:14 - [TEST_STEP][PASSED] - pdfSignScreen.selectPriority(priority): null

18-05-2025T14:18:16 - [TEST_STEP][PASSED] - pdfSignScreen.selectTime(time): null

18-05-2025T14:18:20 - [TEST_STEP][PASSED] - pdfSignScreen.fillInDescription(description): null

18-05-2025T14:18:22 - [TEST_STEP][PASSED] - pdfSignScreen.openMainFileBrowser(): null

18-05-2025T14:18:23 - [TEST_STEP][PASSED] - fileBrowserScreen.attachFile(mainFileName): null

18-05-2025T14:18:29 - [TEST_STEP][PASSED] - pdfSignScreen.openSubFileBrowser(): null

18-05-2025T14:18:34 - [TEST_STEP][PASSED] - fileBrowserScreen.attachFile(subFileName): null

18-05-2025T14:18:41 - [TEST_STEP][PASSED] - pdfSignScreen.selectProcessDefined(PROCESS_NAME): null

18-05-2025T14:18:45 - [TEST_STEP][PASSED] - pdfSignScreen.performAction(SEND_APPROVE): null

18-05-2025T14:18:48 - [TEST_STEP][PASSED] - pdfSignScreen.fillInOpinion(document.getComment()): null

18-05-2025T14:18:48 - [TEST_STEP][PASSED] - pdfSignScreen.submitRequest(): null

18-05-2025T14:19:03 - [TEST_STEP][PASSED] - document.setStatus(WAIT_APPROVE): null

18-05-2025T14:19:03 - [TEST_STEP][PASSED] - documentInformationScreen.backToHome(): null

18-05-2025T14:19:03 - [TEST_STEP][PASSED] - homeScreen.goToOutComingDocument(): null

18-05-2025T14:19:14 - [TEST_STEP][PASSED] - outComingDocument.viewInformationDocument(document): null

18-05-2025T14:19:15 - [TEST_STEP][PASSED] - documentInformationScreen.checkDocumentTitle(document): Verify equals GUI: Trình ký 1747552673393 - DATA: Trình ký 1747552673393

18-05-2025T14:19:20 - [MESSAGE][PASSED] - Verify equals GUI: Trình ký 1747552673393 - DATA: Trình ký 1747552673393

18-05-2025T14:19:20 - [TEST_STEP][PASSED] - documentInformationScreen.checkSender(document): Verify equals GUI: Auto Test User 5 - DATA: Auto Test User 5

18-05-2025T14:19:20 - [MESSAGE][PASSED] - Verify equals GUI: Auto Test User 5 - DATA: Auto Test User 5

18-05-2025T14:19:20 - [TEST_STEP][PASSED] - documentInformationScreen.checkStatus(document): Verify equals GUI: Chờ giám sát phê duyệt - DATA: Chờ giám sát phê duyệt

18-05-2025T14:19:20 - [MESSAGE][PASSED] - Verify equals GUI: Chờ giám sát phê duyệt - DATA: Chờ giám sát phê duyệt

18-05-2025T14:19:20 - [TEST_STEP][PASSED] - documentInformationScreen.checkCreateDate(): Verify equals GUI: 18/05/2025 - DATA: 18/05/2025

18-05-2025T14:19:20 - [MESSAGE][PASSED] - Verify equals GUI: 18/05/2025 - DATA: 18/05/2025

18-05-2025T14:19:20 - [TEST_STEP][PASSED] - documentInformationScreen.checkFinishDate(document): Verify equals GUI: 19/05/2025 - DATA: 19/05/2025

18-05-2025T14:19:20 - [MESSAGE][PASSED] - Verify equals GUI: 19/05/2025 - DATA: 19/05/2025

18-05-2025T14:19:20 - [TEST_STEP][PASSED] - documentInformationScreen.checkPriority(document): Verify equals GUI: Bình thường - DATA: Bình thường

18-05-2025T14:19:21 - [MESSAGE][PASSED] - Verify equals GUI: Bình thường - DATA: Bình thường

18-05-2025T14:19:21 - [TEST_STEP][PASSED] - documentInformationScreen.checkDescription(document): Verify equals GUI: 060 DINH NGHIA QUY TRINH CO SAN - DATA: 060 DINH NGHIA QUY TRINH CO SAN

18-05-2025T14:19:21 - [MESSAGE][PASSED] - Verify equals GUI: 060 DINH NGHIA QUY TRINH CO SAN - DATA: 060 DINH NGHIA QUY TRINH CO SAN

18-05-2025T14:19:21 - [TEST_STEP][PASSED] - documentInformationScreen.checkPresentFileName(document): Verify contains GUI: dummy_20250518141905.ozd - DATA: dummy

18-05-2025T14:19:22 - [MESSAGE][PASSED] - Verify contains GUI: dummy_20250518141905.ozd - DATA: dummy

18-05-2025T14:19:22 - [TEST_STEP][PASSED] - documentInformationScreen.checkAttachFileName(document): Expected true condition

18-05-2025T14:19:24 - [MESSAGE][PASSED] - Expected true condition

18-05-2025T14:19:24 - [TEST_STEP][PASSED] - documentInformationScreen.checkAssigners(auto6, auto7, auto8): Checking if all user emails are present in the list

18-05-2025T14:19:32 - [MESSAGE][PASSED] - Checking if all user emails are present in the list

18-05-2025T14:19:32 - [TEST_STEP][PASSED] - documentInformationScreen.backToHome(): null

18-05-2025T14:19:37 - [TEST_STEP][PASSED] - homeScreen.logout(): null

18-05-2025T14:19:47 - [TEST_STEP][PASSED] - loginScreen.login(auto6): null

18-05-2025T14:19:57 - [TEST_STEP][PASSED] - document.setAssigner(auto5): null

18-05-2025T14:19:57 - [TEST_STEP][PASSED] - homeScreen.goToIncomingDocument(): null

18-05-2025T14:19:57 - [TEST_STEP][PASSED] - inComingDocument.viewInformationDocument(document): View document Trình ký 1747552673393

18-05-2025T14:19:57 - [MESSAGE][INFO] - View document Trình ký 1747552673393

18-05-2025T14:20:03 - [TEST_STEP][PASSED] - documentInformationScreen.checkDocumentTitle(document): Verify equals GUI: Trình ký 1747552673393 - DATA: Trình ký 1747552673393

18-05-2025T14:20:04 - [MESSAGE][PASSED] - Verify equals GUI: Trình ký 1747552673393 - DATA: Trình ký 1747552673393

18-05-2025T14:20:04 - [TEST_STEP][PASSED] - documentInformationScreen.checkSender(document): Verify equals GUI: Auto Test User 5 - DATA: Auto Test User 5

18-05-2025T14:20:04 - [MESSAGE][PASSED] - Verify equals GUI: Auto Test User 5 - DATA: Auto Test User 5

18-05-2025T14:20:04 - [TEST_STEP][PASSED] - documentInformationScreen.checkStatus(document): Verify equals GUI: Chờ giám sát phê duyệt - DATA: Chờ giám sát phê duyệt

18-05-2025T14:20:04 - [MESSAGE][PASSED] - Verify equals GUI: Chờ giám sát phê duyệt - DATA: Chờ giám sát phê duyệt

18-05-2025T14:20:04 - [TEST_STEP][PASSED] - documentInformationScreen.checkCreateDate(): Verify equals GUI: 18/05/2025 - DATA: 18/05/2025

18-05-2025T14:20:04 - [MESSAGE][PASSED] - Verify equals GUI: 18/05/2025 - DATA: 18/05/2025

18-05-2025T14:20:04 - [TEST_STEP][PASSED] - documentInformationScreen.checkFinishDate(document): Verify equals GUI: 19/05/2025 - DATA: 19/05/2025

18-05-2025T14:20:04 - [MESSAGE][PASSED] - Verify equals GUI: 19/05/2025 - DATA: 19/05/2025

18-05-2025T14:20:04 - [TEST_STEP][PASSED] - documentInformationScreen.checkPriority(document): Verify equals GUI: Bình thường - DATA: Bình thường

18-05-2025T14:20:04 - [MESSAGE][PASSED] - Verify equals GUI: Bình thường - DATA: Bình thường

18-05-2025T14:20:04 - [TEST_STEP][PASSED] - documentInformationScreen.checkDescription(document): Verify equals GUI: 060 DINH NGHIA QUY TRINH CO SAN - DATA: 060 DINH NGHIA QUY TRINH CO SAN

18-05-2025T14:20:04 - [MESSAGE][PASSED] - Verify equals GUI: 060 DINH NGHIA QUY TRINH CO SAN - DATA: 060 DINH NGHIA QUY TRINH CO SAN

18-05-2025T14:20:04 - [TEST_STEP][PASSED] - documentInformationScreen.checkPresentFileName(document): Verify contains GUI: dummy_20250518141905.ozd - DATA: dummy

18-05-2025T14:20:09 - [MESSAGE][PASSED] - Verify contains GUI: dummy_20250518141905.ozd - DATA: dummy

18-05-2025T14:20:09 - [TEST_STEP][PASSED] - documentInformationScreen.checkAttachFileName(document): Expected true condition

18-05-2025T14:20:11 - [MESSAGE][PASSED] - Expected true condition

18-05-2025T14:20:11 - [TEST_STEP][PASSED] - documentInformationScreen.checkAssigners(auto6, auto7, auto8): Checking if all user emails are present in the list

18-05-2025T14:20:16 - [MESSAGE][PASSED] - Checking if all user emails are present in the list

18-05-2025T14:20:16 - [TEST_STEP][PASSED] - Start listener action : afterTest: null

18-05-2025T14:20:16 - [TEST_STEP][PASSED] - if (testCaseStatus != "PASSED"): null

18-05-2025T14:20:16 - [TEST_STEP][PASSED] - drivers.Driver.closeApp(): drivers.Driver.closeApp is PASSED

18-05-2025T14:20:17 - [MESSAGE][PASSED] - drivers.Driver.closeApp is PASSED

18-05-2025T14:20:17 - [TEST_STEP][PASSED] - if (tsContext == null): null]]></system-out>
         <system-err><![CDATA[]]></system-err>
      </testcase>
      <testcase name="Test Cases/IPAPER APP/058 TẠO QUY TRINH_1 BUOC" time="136.948" classname="Test Cases/IPAPER APP/058 TẠO QUY TRINH_1 BUOC" status="PASSED">
         <system-out><![CDATA[18-05-2025T14:20:17 - [TEST_CASE][PASSED] - Test Cases/IPAPER APP/058 TẠO QUY TRINH_1 BUOC: Test Cases/IPAPER APP/058 TẠO QUY TRINH_1 BUOC

18-05-2025T14:20:17 - [TEST_STEP][PASSED] - Start listener action : beforeTest: drivers.Driver.openApp is PASSED

18-05-2025T14:20:17 - [TEST_STEP][PASSED] - DataTest.init(): null

18-05-2025T14:20:17 - [TEST_STEP][PASSED] - testCaseId = split("/").last(): null

18-05-2025T14:20:17 - [TEST_STEP][PASSED] - if (!(drivers.Driver.isAppiumRunning())): drivers.Driver.isAppiumRunning is PASSED

18-05-2025T14:20:17 - [MESSAGE][INFO] - Appium running: true

18-05-2025T14:20:17 - [MESSAGE][PASSED] - drivers.Driver.isAppiumRunning is PASSED

18-05-2025T14:20:17 - [TEST_STEP][PASSED] - if (driver == null || driver.getSessionId() == null): null

18-05-2025T14:20:17 - [TEST_STEP][PASSED] - drivers.Driver.openApp(): drivers.Driver.openApp is PASSED

18-05-2025T14:20:20 - [MESSAGE][PASSED] - drivers.Driver.openApp is PASSED

18-05-2025T14:20:20 - [TEST_STEP][PASSED] - REQUEST_NAME = "Trình ký PDF có sẵn": null

18-05-2025T14:20:20 - [TEST_STEP][PASSED] - TO_DAY = SimpleDateFormat(dd/MM/yyyy).format(new java.util.Date()): null

18-05-2025T14:20:20 - [TEST_STEP][PASSED] - auto5 = DataTest.getUserTest("auto5"): null

18-05-2025T14:20:20 - [TEST_STEP][PASSED] - auto6 = DataTest.getUserTest("auto6"): null

18-05-2025T14:20:20 - [TEST_STEP][PASSED] - auto7 = DataTest.getUserTest("auto7"): null

18-05-2025T14:20:20 - [TEST_STEP][PASSED] - document = DataTest.createDocumentTest(auto5, auto6, auto7, "dummy.pdf", "dummy.pdf"): null

18-05-2025T14:20:20 - [TEST_STEP][PASSED] - loginScreen.login(auto5): null

18-05-2025T14:20:28 - [TEST_STEP][PASSED] - homeScreen.openRequestList(): null

18-05-2025T14:20:33 - [TEST_STEP][PASSED] - homeScreen.createRequest(REQUEST_NAME): null

18-05-2025T14:20:37 - [TEST_STEP][PASSED] - pdfSignScreen.fillInTitle(title): null

18-05-2025T14:20:41 - [TEST_STEP][PASSED] - pdfSignScreen.selectPriority(priority): null

18-05-2025T14:20:43 - [TEST_STEP][PASSED] - pdfSignScreen.selectTime(time): null

18-05-2025T14:20:46 - [TEST_STEP][PASSED] - pdfSignScreen.fillInDescription(description): null

18-05-2025T14:20:47 - [TEST_STEP][PASSED] - pdfSignScreen.openMainFileBrowser(): null

18-05-2025T14:20:48 - [TEST_STEP][PASSED] - fileBrowserScreen.attachFile(mainFileName): null

18-05-2025T14:20:54 - [TEST_STEP][PASSED] - pdfSignScreen.openSubFileBrowser(): null

18-05-2025T14:20:59 - [TEST_STEP][PASSED] - fileBrowserScreen.attachFile(subFileName): null

18-05-2025T14:21:05 - [TEST_STEP][PASSED] - pdfSignScreen.processDefinition(auto6): null

18-05-2025T14:21:15 - [TEST_STEP][PASSED] - pdfSignScreen.performAction(SEND_APPROVE): null

18-05-2025T14:21:16 - [TEST_STEP][PASSED] - pdfSignScreen.fillInOpinion(document.getComment()): null

18-05-2025T14:21:18 - [TEST_STEP][PASSED] - pdfSignScreen.submitRequest(): null

18-05-2025T14:21:27 - [TEST_STEP][PASSED] - document.setStatus(WAIT_APPROVE): null

18-05-2025T14:21:27 - [TEST_STEP][PASSED] - documentInformationScreen.backToHome(): null

18-05-2025T14:21:27 - [TEST_STEP][PASSED] - homeScreen.goToOutComingDocument(): null

18-05-2025T14:21:36 - [TEST_STEP][PASSED] - outComingDocument.viewInformationDocument(document): null

18-05-2025T14:21:37 - [TEST_STEP][PASSED] - documentInformationScreen.checkDocumentTitle(document): Verify equals GUI: Trình ký 1747552820390 - DATA: Trình ký 1747552820390

18-05-2025T14:21:42 - [MESSAGE][PASSED] - Verify equals GUI: Trình ký 1747552820390 - DATA: Trình ký 1747552820390

18-05-2025T14:21:42 - [TEST_STEP][PASSED] - documentInformationScreen.checkSender(document): Verify equals GUI: Auto Test User 5 - DATA: Auto Test User 5

18-05-2025T14:21:42 - [MESSAGE][PASSED] - Verify equals GUI: Auto Test User 5 - DATA: Auto Test User 5

18-05-2025T14:21:42 - [TEST_STEP][PASSED] - documentInformationScreen.checkStatus(document): Verify equals GUI: Chờ giám sát phê duyệt - DATA: Chờ giám sát phê duyệt

18-05-2025T14:21:42 - [MESSAGE][PASSED] - Verify equals GUI: Chờ giám sát phê duyệt - DATA: Chờ giám sát phê duyệt

18-05-2025T14:21:42 - [TEST_STEP][PASSED] - documentInformationScreen.checkCreateDate(): Verify equals GUI: 18/05/2025 - DATA: 18/05/2025

18-05-2025T14:21:42 - [MESSAGE][PASSED] - Verify equals GUI: 18/05/2025 - DATA: 18/05/2025

18-05-2025T14:21:42 - [TEST_STEP][PASSED] - documentInformationScreen.checkFinishDate(document): Verify equals GUI: 19/05/2025 - DATA: 19/05/2025

18-05-2025T14:21:43 - [MESSAGE][PASSED] - Verify equals GUI: 19/05/2025 - DATA: 19/05/2025

18-05-2025T14:21:43 - [TEST_STEP][PASSED] - documentInformationScreen.checkPriority(document): Verify equals GUI: Bình thường - DATA: Bình thường

18-05-2025T14:21:43 - [MESSAGE][PASSED] - Verify equals GUI: Bình thường - DATA: Bình thường

18-05-2025T14:21:43 - [TEST_STEP][PASSED] - documentInformationScreen.checkDescription(document): Verify equals GUI: 058 TẠO QUY TRINH_1 BUOC - DATA: 058 TẠO QUY TRINH_1 BUOC

18-05-2025T14:21:43 - [MESSAGE][PASSED] - Verify equals GUI: 058 TẠO QUY TRINH_1 BUOC - DATA: 058 TẠO QUY TRINH_1 BUOC

18-05-2025T14:21:43 - [TEST_STEP][PASSED] - documentInformationScreen.checkAssigner(document): Verify contains GUI: auto6@hdbank.com.vn - DATA: auto6@hdbank.com.vn

18-05-2025T14:21:44 - [MESSAGE][PASSED] - Verify contains GUI: auto6@hdbank.com.vn - DATA: auto6@hdbank.com.vn

18-05-2025T14:21:44 - [TEST_STEP][PASSED] - documentInformationScreen.checkPresentFileName(document): Verify contains GUI: dummy_20250518142130.ozd - DATA: dummy

18-05-2025T14:21:45 - [MESSAGE][PASSED] - Verify contains GUI: dummy_20250518142130.ozd - DATA: dummy

18-05-2025T14:21:45 - [TEST_STEP][PASSED] - documentInformationScreen.checkAttachFileName(document): Expected true condition

18-05-2025T14:21:47 - [MESSAGE][PASSED] - Expected true condition

18-05-2025T14:21:47 - [TEST_STEP][PASSED] - documentInformationScreen.backToHome(): null

18-05-2025T14:21:52 - [TEST_STEP][PASSED] - homeScreen.logout(): null

18-05-2025T14:22:00 - [TEST_STEP][PASSED] - loginScreen.login(auto6): null

18-05-2025T14:22:09 - [TEST_STEP][PASSED] - document.setAssigner(auto5): null

18-05-2025T14:22:09 - [TEST_STEP][PASSED] - homeScreen.goToIncomingDocument(): null

18-05-2025T14:22:09 - [TEST_STEP][PASSED] - inComingDocument.viewInformationDocument(document): View document Trình ký 1747552820390

18-05-2025T14:22:09 - [MESSAGE][INFO] - View document Trình ký 1747552820390

18-05-2025T14:22:15 - [TEST_STEP][PASSED] - documentInformationScreen.checkDocumentTitle(document): Verify equals GUI: Trình ký 1747552820390 - DATA: Trình ký 1747552820390

18-05-2025T14:22:15 - [MESSAGE][PASSED] - Verify equals GUI: Trình ký 1747552820390 - DATA: Trình ký 1747552820390

18-05-2025T14:22:15 - [TEST_STEP][PASSED] - documentInformationScreen.checkSender(document): Verify equals GUI: Auto Test User 5 - DATA: Auto Test User 5

18-05-2025T14:22:15 - [MESSAGE][PASSED] - Verify equals GUI: Auto Test User 5 - DATA: Auto Test User 5

18-05-2025T14:22:15 - [TEST_STEP][PASSED] - documentInformationScreen.checkStatus(document): Verify equals GUI: Chờ giám sát phê duyệt - DATA: Chờ giám sát phê duyệt

18-05-2025T14:22:15 - [MESSAGE][PASSED] - Verify equals GUI: Chờ giám sát phê duyệt - DATA: Chờ giám sát phê duyệt

18-05-2025T14:22:15 - [TEST_STEP][PASSED] - documentInformationScreen.checkCreateDate(): Verify equals GUI: 18/05/2025 - DATA: 18/05/2025

18-05-2025T14:22:16 - [MESSAGE][PASSED] - Verify equals GUI: 18/05/2025 - DATA: 18/05/2025

18-05-2025T14:22:16 - [TEST_STEP][PASSED] - documentInformationScreen.checkFinishDate(document): Verify equals GUI: 19/05/2025 - DATA: 19/05/2025

18-05-2025T14:22:16 - [MESSAGE][PASSED] - Verify equals GUI: 19/05/2025 - DATA: 19/05/2025

18-05-2025T14:22:16 - [TEST_STEP][PASSED] - documentInformationScreen.checkPriority(document): Verify equals GUI: Bình thường - DATA: Bình thường

18-05-2025T14:22:16 - [MESSAGE][PASSED] - Verify equals GUI: Bình thường - DATA: Bình thường

18-05-2025T14:22:16 - [TEST_STEP][PASSED] - documentInformationScreen.checkDescription(document): Verify equals GUI: 058 TẠO QUY TRINH_1 BUOC - DATA: 058 TẠO QUY TRINH_1 BUOC

18-05-2025T14:22:16 - [MESSAGE][PASSED] - Verify equals GUI: 058 TẠO QUY TRINH_1 BUOC - DATA: 058 TẠO QUY TRINH_1 BUOC

18-05-2025T14:22:16 - [TEST_STEP][PASSED] - documentInformationScreen.checkAssigner(document): Verify contains GUI: auto5@hdbank.com.vn - DATA: auto5@hdbank.com.vn

18-05-2025T14:22:17 - [MESSAGE][PASSED] - Verify contains GUI: auto5@hdbank.com.vn - DATA: auto5@hdbank.com.vn

18-05-2025T14:22:17 - [TEST_STEP][PASSED] - documentInformationScreen.checkPresentFileName(document): Verify contains GUI: dummy_20250518142130.ozd - DATA: dummy

18-05-2025T14:22:19 - [MESSAGE][PASSED] - Verify contains GUI: dummy_20250518142130.ozd - DATA: dummy

18-05-2025T14:22:19 - [TEST_STEP][PASSED] - documentInformationScreen.checkAttachFileName(document): Expected true condition

18-05-2025T14:22:20 - [MESSAGE][PASSED] - Expected true condition

18-05-2025T14:22:20 - [TEST_STEP][PASSED] - documentInformationScreen.backToHome(): null

18-05-2025T14:22:25 - [TEST_STEP][PASSED] - homeScreen.logout(): null

18-05-2025T14:22:33 - [TEST_STEP][PASSED] - Start listener action : afterTest: null

18-05-2025T14:22:33 - [TEST_STEP][PASSED] - if (testCaseStatus != "PASSED"): null

18-05-2025T14:22:33 - [TEST_STEP][PASSED] - drivers.Driver.closeApp(): drivers.Driver.closeApp is PASSED

18-05-2025T14:22:34 - [MESSAGE][PASSED] - drivers.Driver.closeApp is PASSED

18-05-2025T14:22:34 - [TEST_STEP][PASSED] - if (tsContext == null): null]]></system-out>
         <system-err><![CDATA[]]></system-err>
      </testcase>
      <testcase name="Test Cases/IPAPER APP/002 TAO YEU CAU" time="179.515" classname="Test Cases/IPAPER APP/002 TAO YEU CAU" status="PASSED">
         <system-out><![CDATA[18-05-2025T14:22:34 - [TEST_CASE][PASSED] - Test Cases/IPAPER APP/002 TAO YEU CAU: Test Cases/IPAPER APP/002 TAO YEU CAU

18-05-2025T14:22:34 - [TEST_STEP][PASSED] - Start listener action : beforeTest: drivers.Driver.openApp is PASSED

18-05-2025T14:22:34 - [TEST_STEP][PASSED] - DataTest.init(): null

18-05-2025T14:22:34 - [TEST_STEP][PASSED] - testCaseId = split("/").last(): null

18-05-2025T14:22:34 - [TEST_STEP][PASSED] - if (!(drivers.Driver.isAppiumRunning())): drivers.Driver.isAppiumRunning is PASSED

18-05-2025T14:22:34 - [MESSAGE][INFO] - Appium running: true

18-05-2025T14:22:34 - [MESSAGE][PASSED] - drivers.Driver.isAppiumRunning is PASSED

18-05-2025T14:22:34 - [TEST_STEP][PASSED] - if (driver == null || driver.getSessionId() == null): null

18-05-2025T14:22:34 - [TEST_STEP][PASSED] - drivers.Driver.openApp(): drivers.Driver.openApp is PASSED

18-05-2025T14:22:36 - [MESSAGE][PASSED] - drivers.Driver.openApp is PASSED

18-05-2025T14:22:36 - [TEST_STEP][PASSED] - REQUEST_NAME = "Trình ký PDF có sẵn": null

18-05-2025T14:22:36 - [TEST_STEP][PASSED] - TO_DAY = SimpleDateFormat(dd/MM/yyyy).format(new java.util.Date()): null

18-05-2025T14:22:36 - [TEST_STEP][PASSED] - auto5 = DataTest.getUserTest("auto5"): null

18-05-2025T14:22:36 - [TEST_STEP][PASSED] - auto6 = DataTest.getUserTest("auto6"): null

18-05-2025T14:22:36 - [TEST_STEP][PASSED] - auto7 = DataTest.getUserTest("auto7"): null

18-05-2025T14:22:36 - [TEST_STEP][PASSED] - document = DataTest.createDocumentTest(auto5, auto6, auto7, "dummy.pdf", "dummy.pdf"): null

18-05-2025T14:22:36 - [TEST_STEP][PASSED] - loginScreen.login(auto5): null

18-05-2025T14:22:44 - [TEST_STEP][PASSED] - homeScreen.openRequestList(): null

18-05-2025T14:22:49 - [TEST_STEP][PASSED] - homeScreen.createRequest(REQUEST_NAME): null

18-05-2025T14:22:53 - [TEST_STEP][PASSED] - pdfSignScreen.fillInTitle(title): null

18-05-2025T14:22:56 - [TEST_STEP][PASSED] - pdfSignScreen.selectPriority(priority): null

18-05-2025T14:22:58 - [TEST_STEP][PASSED] - pdfSignScreen.selectTime(time): null

18-05-2025T14:23:01 - [TEST_STEP][PASSED] - pdfSignScreen.fillInDescription(description): null

18-05-2025T14:23:03 - [TEST_STEP][PASSED] - pdfSignScreen.selectAssigner(getAssigner().getEmail()): null

18-05-2025T14:23:08 - [TEST_STEP][PASSED] - pdfSignScreen.openMainFileBrowser(): null

18-05-2025T14:23:14 - [TEST_STEP][PASSED] - fileBrowserScreen.attachFile(mainFileName): null

18-05-2025T14:23:19 - [TEST_STEP][PASSED] - pdfSignScreen.openSubFileBrowser(): null

18-05-2025T14:23:21 - [TEST_STEP][PASSED] - fileBrowserScreen.attachFile(subFileName): null

18-05-2025T14:23:27 - [TEST_STEP][PASSED] - pdfSignScreen.selectRelatedMember(getCc().getEmail()): null

18-05-2025T14:23:34 - [TEST_STEP][PASSED] - pdfSignScreen.performAction(SEND_APPROVE): null

18-05-2025T14:23:37 - [TEST_STEP][PASSED] - pdfSignScreen.fillInOpinion(document.getComment()): null

18-05-2025T14:23:38 - [TEST_STEP][PASSED] - pdfSignScreen.submitRequest(): null

18-05-2025T14:23:46 - [TEST_STEP][PASSED] - document.setStatus(WAIT_APPROVE): null

18-05-2025T14:23:46 - [TEST_STEP][PASSED] - documentInformationScreen.backToHome(): null

18-05-2025T14:23:46 - [TEST_STEP][PASSED] - homeScreen.goToOutComingDocument(): null

18-05-2025T14:23:56 - [TEST_STEP][PASSED] - outComingDocument.viewInformationDocument(document): null

18-05-2025T14:23:57 - [TEST_STEP][PASSED] - documentInformationScreen.checkDocumentTitle(document): Verify equals GUI: Trình ký 1747552956987 - DATA: Trình ký 1747552956987

18-05-2025T14:24:02 - [MESSAGE][PASSED] - Verify equals GUI: Trình ký 1747552956987 - DATA: Trình ký 1747552956987

18-05-2025T14:24:02 - [TEST_STEP][PASSED] - documentInformationScreen.checkSender(document): Verify equals GUI: Auto Test User 5 - DATA: Auto Test User 5

18-05-2025T14:24:02 - [MESSAGE][PASSED] - Verify equals GUI: Auto Test User 5 - DATA: Auto Test User 5

18-05-2025T14:24:02 - [TEST_STEP][PASSED] - documentInformationScreen.checkStatus(document): Verify equals GUI: Chờ giám sát phê duyệt - DATA: Chờ giám sát phê duyệt

18-05-2025T14:24:02 - [MESSAGE][PASSED] - Verify equals GUI: Chờ giám sát phê duyệt - DATA: Chờ giám sát phê duyệt

18-05-2025T14:24:02 - [TEST_STEP][PASSED] - documentInformationScreen.checkCreateDate(): Verify equals GUI: 18/05/2025 - DATA: 18/05/2025

18-05-2025T14:24:02 - [MESSAGE][PASSED] - Verify equals GUI: 18/05/2025 - DATA: 18/05/2025

18-05-2025T14:24:02 - [TEST_STEP][PASSED] - documentInformationScreen.checkFinishDate(document): Verify equals GUI: 19/05/2025 - DATA: 19/05/2025

18-05-2025T14:24:02 - [MESSAGE][PASSED] - Verify equals GUI: 19/05/2025 - DATA: 19/05/2025

18-05-2025T14:24:02 - [TEST_STEP][PASSED] - documentInformationScreen.checkPriority(document): Verify equals GUI: Bình thường - DATA: Bình thường

18-05-2025T14:24:02 - [MESSAGE][PASSED] - Verify equals GUI: Bình thường - DATA: Bình thường

18-05-2025T14:24:02 - [TEST_STEP][PASSED] - documentInformationScreen.checkDescription(document): Verify equals GUI: 002 TAO YEU CAU - DATA: 002 TAO YEU CAU

18-05-2025T14:24:02 - [MESSAGE][PASSED] - Verify equals GUI: 002 TAO YEU CAU - DATA: 002 TAO YEU CAU

18-05-2025T14:24:02 - [TEST_STEP][PASSED] - documentInformationScreen.checkAssigner(document): Verify contains GUI: auto6@hdbank.com.vn - DATA: auto6@hdbank.com.vn

18-05-2025T14:24:04 - [MESSAGE][PASSED] - Verify contains GUI: auto6@hdbank.com.vn - DATA: auto6@hdbank.com.vn

18-05-2025T14:24:04 - [TEST_STEP][PASSED] - documentInformationScreen.checkPresentFileName(document): Verify contains GUI: dummy_20250518142355.ozd - DATA: dummy

18-05-2025T14:24:05 - [MESSAGE][PASSED] - Verify contains GUI: dummy_20250518142355.ozd - DATA: dummy

18-05-2025T14:24:05 - [TEST_STEP][PASSED] - documentInformationScreen.checkAttachFileName(document): Expected true condition

18-05-2025T14:24:07 - [MESSAGE][PASSED] - Expected true condition

18-05-2025T14:24:07 - [TEST_STEP][PASSED] - documentInformationScreen.backToHome(): null

18-05-2025T14:24:11 - [TEST_STEP][PASSED] - homeScreen.logout(): null

18-05-2025T14:24:19 - [TEST_STEP][PASSED] - loginScreen.login(auto6): null

18-05-2025T14:24:29 - [TEST_STEP][PASSED] - document.setAssigner(auto5): null

18-05-2025T14:24:29 - [TEST_STEP][PASSED] - homeScreen.goToIncomingDocument(): null

18-05-2025T14:24:29 - [TEST_STEP][PASSED] - inComingDocument.viewInformationDocument(document): View document Trình ký 1747552956987

18-05-2025T14:24:29 - [MESSAGE][INFO] - View document Trình ký 1747552956987

18-05-2025T14:24:34 - [TEST_STEP][PASSED] - documentInformationScreen.checkDocumentTitle(document): Verify equals GUI: Trình ký 1747552956987 - DATA: Trình ký 1747552956987

18-05-2025T14:24:35 - [MESSAGE][PASSED] - Verify equals GUI: Trình ký 1747552956987 - DATA: Trình ký 1747552956987

18-05-2025T14:24:35 - [TEST_STEP][PASSED] - documentInformationScreen.checkSender(document): Verify equals GUI: Auto Test User 5 - DATA: Auto Test User 5

18-05-2025T14:24:35 - [MESSAGE][PASSED] - Verify equals GUI: Auto Test User 5 - DATA: Auto Test User 5

18-05-2025T14:24:35 - [TEST_STEP][PASSED] - documentInformationScreen.checkStatus(document): Verify equals GUI: Chờ giám sát phê duyệt - DATA: Chờ giám sát phê duyệt

18-05-2025T14:24:35 - [MESSAGE][PASSED] - Verify equals GUI: Chờ giám sát phê duyệt - DATA: Chờ giám sát phê duyệt

18-05-2025T14:24:35 - [TEST_STEP][PASSED] - documentInformationScreen.checkCreateDate(): Verify equals GUI: 18/05/2025 - DATA: 18/05/2025

18-05-2025T14:24:35 - [MESSAGE][PASSED] - Verify equals GUI: 18/05/2025 - DATA: 18/05/2025

18-05-2025T14:24:35 - [TEST_STEP][PASSED] - documentInformationScreen.checkFinishDate(document): Verify equals GUI: 19/05/2025 - DATA: 19/05/2025

18-05-2025T14:24:35 - [MESSAGE][PASSED] - Verify equals GUI: 19/05/2025 - DATA: 19/05/2025

18-05-2025T14:24:35 - [TEST_STEP][PASSED] - documentInformationScreen.checkPriority(document): Verify equals GUI: Bình thường - DATA: Bình thường

18-05-2025T14:24:35 - [MESSAGE][PASSED] - Verify equals GUI: Bình thường - DATA: Bình thường

18-05-2025T14:24:35 - [TEST_STEP][PASSED] - documentInformationScreen.checkDescription(document): Verify equals GUI: 002 TAO YEU CAU - DATA: 002 TAO YEU CAU

18-05-2025T14:24:35 - [MESSAGE][PASSED] - Verify equals GUI: 002 TAO YEU CAU - DATA: 002 TAO YEU CAU

18-05-2025T14:24:35 - [TEST_STEP][PASSED] - documentInformationScreen.checkAssigner(document): Verify contains GUI: auto5@hdbank.com.vn - DATA: auto5@hdbank.com.vn

18-05-2025T14:24:37 - [MESSAGE][PASSED] - Verify contains GUI: auto5@hdbank.com.vn - DATA: auto5@hdbank.com.vn

18-05-2025T14:24:37 - [TEST_STEP][PASSED] - documentInformationScreen.checkPresentFileName(document): Verify contains GUI: dummy_20250518142355.ozd - DATA: dummy

18-05-2025T14:24:38 - [MESSAGE][PASSED] - Verify contains GUI: dummy_20250518142355.ozd - DATA: dummy

18-05-2025T14:24:38 - [TEST_STEP][PASSED] - documentInformationScreen.checkAttachFileName(document): Expected true condition

18-05-2025T14:24:40 - [MESSAGE][PASSED] - Expected true condition

18-05-2025T14:24:40 - [TEST_STEP][PASSED] - documentInformationScreen.backToHome(): null

18-05-2025T14:24:45 - [TEST_STEP][PASSED] - homeScreen.logout(): null

18-05-2025T14:24:53 - [TEST_STEP][PASSED] - document.setAssigner(auto6): null

18-05-2025T14:24:53 - [TEST_STEP][PASSED] - loginScreen.login(auto7): null

18-05-2025T14:25:03 - [TEST_STEP][PASSED] - homeScreen.goToIncomingDocument(): null

18-05-2025T14:25:03 - [TEST_STEP][PASSED] - inComingDocument.goToRelatedDocument(): null

18-05-2025T14:25:04 - [TEST_STEP][PASSED] - relatedDocumentScreen.viewInformationDocument(document): null

18-05-2025T14:25:12 - [TEST_STEP][PASSED] - documentInformationScreen.checkDocumentTitle(document): Verify equals GUI: Trình ký 1747552956987 - DATA: Trình ký 1747552956987

18-05-2025T14:25:16 - [MESSAGE][PASSED] - Verify equals GUI: Trình ký 1747552956987 - DATA: Trình ký 1747552956987

18-05-2025T14:25:16 - [TEST_STEP][PASSED] - documentInformationScreen.checkSender(document): Verify equals GUI: Auto Test User 5 - DATA: Auto Test User 5

18-05-2025T14:25:16 - [MESSAGE][PASSED] - Verify equals GUI: Auto Test User 5 - DATA: Auto Test User 5

18-05-2025T14:25:16 - [TEST_STEP][PASSED] - documentInformationScreen.checkStatus(document): Verify equals GUI: Chờ giám sát phê duyệt - DATA: Chờ giám sát phê duyệt

18-05-2025T14:25:16 - [MESSAGE][PASSED] - Verify equals GUI: Chờ giám sát phê duyệt - DATA: Chờ giám sát phê duyệt

18-05-2025T14:25:16 - [TEST_STEP][PASSED] - documentInformationScreen.checkCreateDate(): Verify equals GUI: 18/05/2025 - DATA: 18/05/2025

18-05-2025T14:25:17 - [MESSAGE][PASSED] - Verify equals GUI: 18/05/2025 - DATA: 18/05/2025

18-05-2025T14:25:17 - [TEST_STEP][PASSED] - documentInformationScreen.checkFinishDate(document): Verify equals GUI: 19/05/2025 - DATA: 19/05/2025

18-05-2025T14:25:17 - [MESSAGE][PASSED] - Verify equals GUI: 19/05/2025 - DATA: 19/05/2025

18-05-2025T14:25:17 - [TEST_STEP][PASSED] - documentInformationScreen.checkPriority(document): Verify equals GUI: Bình thường - DATA: Bình thường

18-05-2025T14:25:17 - [MESSAGE][PASSED] - Verify equals GUI: Bình thường - DATA: Bình thường

18-05-2025T14:25:17 - [TEST_STEP][PASSED] - documentInformationScreen.checkDescription(document): Verify equals GUI: 002 TAO YEU CAU - DATA: 002 TAO YEU CAU

18-05-2025T14:25:17 - [MESSAGE][PASSED] - Verify equals GUI: 002 TAO YEU CAU - DATA: 002 TAO YEU CAU

18-05-2025T14:25:17 - [TEST_STEP][PASSED] - documentInformationScreen.checkAssigner(document): Verify contains GUI: auto6@hdbank.com.vn - DATA: auto6@hdbank.com.vn

18-05-2025T14:25:18 - [MESSAGE][PASSED] - Verify contains GUI: auto6@hdbank.com.vn - DATA: auto6@hdbank.com.vn

18-05-2025T14:25:18 - [TEST_STEP][PASSED] - documentInformationScreen.checkPresentFileName(document): Verify contains GUI: dummy_20250518142355.ozd - DATA: dummy

18-05-2025T14:25:19 - [MESSAGE][PASSED] - Verify contains GUI: dummy_20250518142355.ozd - DATA: dummy

18-05-2025T14:25:19 - [TEST_STEP][PASSED] - documentInformationScreen.checkAttachFileName(document): Expected true condition

18-05-2025T14:25:21 - [MESSAGE][PASSED] - Expected true condition

18-05-2025T14:25:21 - [TEST_STEP][PASSED] - documentInformationScreen.checkUserCannotEditDocument(): Check user can not edit document

18-05-2025T14:25:33 - [MESSAGE][PASSED] - Check user can not edit document

18-05-2025T14:25:33 - [TEST_STEP][PASSED] - Start listener action : afterTest: null

18-05-2025T14:25:33 - [TEST_STEP][PASSED] - if (testCaseStatus != "PASSED"): null

18-05-2025T14:25:33 - [TEST_STEP][PASSED] - drivers.Driver.closeApp(): drivers.Driver.closeApp is PASSED

18-05-2025T14:25:33 - [MESSAGE][PASSED] - drivers.Driver.closeApp is PASSED

18-05-2025T14:25:33 - [TEST_STEP][PASSED] - if (tsContext == null): null]]></system-out>
         <system-err><![CDATA[]]></system-err>
      </testcase>
      <testcase name="Test Cases/IPAPER APP/037 LAY Y KIEN NHANH_KHONG NHAP Y KIEN" time="113.061" classname="Test Cases/IPAPER APP/037 LAY Y KIEN NHANH_KHONG NHAP Y KIEN" status="ERROR">
         <error type="ERROR" message="Test Cases/IPAPER APP/037 LAY Y KIEN NHANH_KHONG NHAP Y KIEN FAILED.&#xa;Reason:&#xa;org.openqa.selenium.NoSuchElementException: An element could not be located on the page using the given search parameters.&#xa;For documentation on this error, please visit: https://www.seleniumhq.org/exceptions/no_such_element.html&#xa;Build info: version: '3.141.59', revision: 'unknown', time: 'unknown'&#xa;System info: host: '192.168.1.4.non-exists.ptr.local', ip: '2402:800:63f2:b9ce:1859:4296:77a1:a88d%en0', os.name: 'Mac OS X', os.arch: 'aarch64', os.version: '15.4.1', java.version: '17.0.7'&#xa;Driver info: com.kms.katalon.core.appium.driver.SwipeableAndroidDriver&#xa;Capabilities {automationName: UiAutomator2, databaseEnabled: false, desired: {automationName: UiAutomator2, deviceName: af0c5cf7, noReset: true, platformName: android, waitForIdleTimeout: 3000}, deviceApiLevel: 35, deviceManufacturer: OPPO, deviceModel: CPH2699, deviceName: af0c5cf7, deviceScreenDensity: 480, deviceScreenSize: 1080x2400, deviceUDID: af0c5cf7, javascriptEnabled: true, locationContextEnabled: false, networkConnectionEnabled: true, noReset: true, pixelRatio: 3, platform: LINUX, platformName: Android, platformVersion: 15, statBarHeight: 120, takesScreenshot: true, viewportRect: {height: 2280, left: 0, top: 120, width: 1080}, waitForIdleTimeout: 3000, warnings: {}, webStorageEnabled: false}&#xa;Session ID: a2ddd6f2-eda7-4b95-9f4b-0be7892e4c4b&#xa;*** Element info: {Using=id, value=com.hdbank.ipaper:id/img_home_bar}&#xa;	at java.base/jdk.internal.reflect.NativeConstructorAccessorImpl.newInstance0(Native Method)&#xa;	at java.base/jdk.internal.reflect.NativeConstructorAccessorImpl.newInstance(NativeConstructorAccessorImpl.java:77)&#xa;	at java.base/jdk.internal.reflect.DelegatingConstructorAccessorImpl.newInstance(DelegatingConstructorAccessorImpl.java:45)&#xa;	at org.openqa.selenium.remote.http.W3CHttpResponseCodec.createException(W3CHttpResponseCodec.java:187)&#xa;	at org.openqa.selenium.remote.http.W3CHttpResponseCodec.decode(W3CHttpResponseCodec.java:122)&#xa;	at org.openqa.selenium.remote.http.W3CHttpResponseCodec.decode(W3CHttpResponseCodec.java:49)&#xa;	at org.openqa.selenium.remote.HttpCommandExecutor.execute(HttpCommandExecutor.java:158)&#xa;	at io.appium.java_client.remote.AppiumCommandExecutor.execute(AppiumCommandExecutor.java:239)&#xa;	at org.openqa.selenium.remote.RemoteWebDriver.execute(RemoteWebDriver.java:552)&#xa;	at io.appium.java_client.DefaultGenericMobileDriver.execute(DefaultGenericMobileDriver.java:42)&#xa;	at io.appium.java_client.AppiumDriver.execute(AppiumDriver.java:1)&#xa;	at io.appium.java_client.android.AndroidDriver.execute(AndroidDriver.java:1)&#xa;	at com.kms.katalon.core.appium.driver.SwipeableAndroidDriver.execute(SwipeableAndroidDriver.java:1)&#xa;	at org.openqa.selenium.remote.RemoteWebDriver.findElement(RemoteWebDriver.java:323)&#xa;	at io.appium.java_client.DefaultGenericMobileDriver.findElement(DefaultGenericMobileDriver.java:62)&#xa;	at io.appium.java_client.AppiumDriver.findElement(AppiumDriver.java:1)&#xa;	at io.appium.java_client.android.AndroidDriver.findElement(AndroidDriver.java:1)&#xa;	at com.kms.katalon.core.appium.driver.SwipeableAndroidDriver.findElement(SwipeableAndroidDriver.java:1)&#xa;	at org.openqa.selenium.remote.RemoteWebDriver.findElementById(RemoteWebDriver.java:372)&#xa;	at io.appium.java_client.DefaultGenericMobileDriver.findElementById(DefaultGenericMobileDriver.java:70)&#xa;	at io.appium.java_client.AppiumDriver.findElementById(AppiumDriver.java:1)&#xa;	at io.appium.java_client.android.AndroidDriver.findElementById(AndroidDriver.java:1)&#xa;	at com.kms.katalon.core.appium.driver.SwipeableAndroidDriver.findElementById(SwipeableAndroidDriver.java:1)&#xa;	at org.openqa.selenium.By$ById.findElement(By.java:188)&#xa;	at org.openqa.selenium.remote.RemoteWebDriver.findElement(RemoteWebDriver.java:315)&#xa;	at io.appium.java_client.DefaultGenericMobileDriver.findElement(DefaultGenericMobileDriver.java:58)&#xa;	at io.appium.java_client.AppiumDriver.findElement(AppiumDriver.java:1)&#xa;	at io.appium.java_client.android.AndroidDriver.findElement(AndroidDriver.java:1)&#xa;	at com.kms.katalon.core.appium.driver.SwipeableAndroidDriver.findElement(SwipeableAndroidDriver.java:1)&#xa;	at base.BaseKeyword$Trait$Helper.clickToElement(BaseKeyword.groovy:59)&#xa;	at screens.IncomingDocumentScreen.clickToElement(IncomingDocumentScreen.groovy)&#xa;	at screens.IncomingDocumentScreen.backToHome(IncomingDocumentScreen.groovy:233)&#xa;	at screens.IncomingDocumentScreen.performAction(IncomingDocumentScreen.groovy:113)&#xa;	at screens.IncomingDocumentScreen.performAction(IncomingDocumentScreen.groovy)&#xa;	at 037 LAY Y KIEN NHANH_KHONG NHAP Y KIEN.run(037 LAY Y KIEN NHANH_KHONG NHAP Y KIEN:93)&#xa;	at com.kms.katalon.core.main.ScriptEngine.run(ScriptEngine.java:194)&#xa;	at com.kms.katalon.core.main.ScriptEngine.runScriptAsRawText(ScriptEngine.java:119)&#xa;	at com.kms.katalon.core.main.TestCaseExecutor.runScript(TestCaseExecutor.java:448)&#xa;	at com.kms.katalon.core.main.TestCaseExecutor.doExecute(TestCaseExecutor.java:439)&#xa;	at com.kms.katalon.core.main.TestCaseExecutor.processExecutionPhase(TestCaseExecutor.java:418)&#xa;	at com.kms.katalon.core.main.TestCaseExecutor.accessMainPhase(TestCaseExecutor.java:410)&#xa;	at com.kms.katalon.core.main.TestCaseExecutor.execute(TestCaseExecutor.java:285)&#xa;	at com.kms.katalon.core.common.CommonExecutor.accessTestCaseMainPhase(CommonExecutor.java:65)&#xa;	at com.kms.katalon.core.main.TestSuiteExecutor.accessTestSuiteMainPhase(TestSuiteExecutor.java:150)&#xa;	at com.kms.katalon.core.main.TestSuiteExecutor.execute(TestSuiteExecutor.java:106)&#xa;	at com.kms.katalon.core.main.TestCaseMain.startTestSuite(TestCaseMain.java:180)&#xa;	at TempTestSuite1747552661021.run(TempTestSuite1747552661021.groovy:35)&#xa;	at java.base/jdk.internal.reflect.NativeMethodAccessorImpl.invoke0(Native Method)&#xa;	at java.base/jdk.internal.reflect.NativeMethodAccessorImpl.invoke(NativeMethodAccessorImpl.java:77)&#xa;	at java.base/jdk.internal.reflect.DelegatingMethodAccessorImpl.invoke(DelegatingMethodAccessorImpl.java:43)&#xa;"/>
         <system-out><![CDATA[18-05-2025T14:25:33 - [TEST_CASE][ERROR] - Test Cases/IPAPER APP/037 LAY Y KIEN NHANH_KHONG NHAP Y KIEN: Test Cases/IPAPER APP/037 LAY Y KIEN NHANH_KHONG NHAP Y KIEN FAILED.
Reason:
org.openqa.selenium.NoSuchElementException: An element could not be located on the page using the given search parameters.
For documentation on this error, please visit: https://www.seleniumhq.org/exceptions/no_such_element.html
Build info: version: '3.141.59', revision: 'unknown', time: 'unknown'
System info: host: '192.168.1.4.non-exists.ptr.local', ip: '2402:800:63f2:b9ce:1859:4296:77a1:a88d%en0', os.name: 'Mac OS X', os.arch: 'aarch64', os.version: '15.4.1', java.version: '17.0.7'
Driver info: com.kms.katalon.core.appium.driver.SwipeableAndroidDriver
Capabilities {automationName: UiAutomator2, databaseEnabled: false, desired: {automationName: UiAutomator2, deviceName: af0c5cf7, noReset: true, platformName: android, waitForIdleTimeout: 3000}, deviceApiLevel: 35, deviceManufacturer: OPPO, deviceModel: CPH2699, deviceName: af0c5cf7, deviceScreenDensity: 480, deviceScreenSize: 1080x2400, deviceUDID: af0c5cf7, javascriptEnabled: true, locationContextEnabled: false, networkConnectionEnabled: true, noReset: true, pixelRatio: 3, platform: LINUX, platformName: Android, platformVersion: 15, statBarHeight: 120, takesScreenshot: true, viewportRect: {height: 2280, left: 0, top: 120, width: 1080}, waitForIdleTimeout: 3000, warnings: {}, webStorageEnabled: false}
Session ID: a2ddd6f2-eda7-4b95-9f4b-0be7892e4c4b
*** Element info: {Using=id, value=com.hdbank.ipaper:id/img_home_bar}
	at java.base/jdk.internal.reflect.NativeConstructorAccessorImpl.newInstance0(Native Method)
	at java.base/jdk.internal.reflect.NativeConstructorAccessorImpl.newInstance(NativeConstructorAccessorImpl.java:77)
	at java.base/jdk.internal.reflect.DelegatingConstructorAccessorImpl.newInstance(DelegatingConstructorAccessorImpl.java:45)
	at org.openqa.selenium.remote.http.W3CHttpResponseCodec.createException(W3CHttpResponseCodec.java:187)
	at org.openqa.selenium.remote.http.W3CHttpResponseCodec.decode(W3CHttpResponseCodec.java:122)
	at org.openqa.selenium.remote.http.W3CHttpResponseCodec.decode(W3CHttpResponseCodec.java:49)
	at org.openqa.selenium.remote.HttpCommandExecutor.execute(HttpCommandExecutor.java:158)
	at io.appium.java_client.remote.AppiumCommandExecutor.execute(AppiumCommandExecutor.java:239)
	at org.openqa.selenium.remote.RemoteWebDriver.execute(RemoteWebDriver.java:552)
	at io.appium.java_client.DefaultGenericMobileDriver.execute(DefaultGenericMobileDriver.java:42)
	at io.appium.java_client.AppiumDriver.execute(AppiumDriver.java:1)
	at io.appium.java_client.android.AndroidDriver.execute(AndroidDriver.java:1)
	at com.kms.katalon.core.appium.driver.SwipeableAndroidDriver.execute(SwipeableAndroidDriver.java:1)
	at org.openqa.selenium.remote.RemoteWebDriver.findElement(RemoteWebDriver.java:323)
	at io.appium.java_client.DefaultGenericMobileDriver.findElement(DefaultGenericMobileDriver.java:62)
	at io.appium.java_client.AppiumDriver.findElement(AppiumDriver.java:1)
	at io.appium.java_client.android.AndroidDriver.findElement(AndroidDriver.java:1)
	at com.kms.katalon.core.appium.driver.SwipeableAndroidDriver.findElement(SwipeableAndroidDriver.java:1)
	at org.openqa.selenium.remote.RemoteWebDriver.findElementById(RemoteWebDriver.java:372)
	at io.appium.java_client.DefaultGenericMobileDriver.findElementById(DefaultGenericMobileDriver.java:70)
	at io.appium.java_client.AppiumDriver.findElementById(AppiumDriver.java:1)
	at io.appium.java_client.android.AndroidDriver.findElementById(AndroidDriver.java:1)
	at com.kms.katalon.core.appium.driver.SwipeableAndroidDriver.findElementById(SwipeableAndroidDriver.java:1)
	at org.openqa.selenium.By$ById.findElement(By.java:188)
	at org.openqa.selenium.remote.RemoteWebDriver.findElement(RemoteWebDriver.java:315)
	at io.appium.java_client.DefaultGenericMobileDriver.findElement(DefaultGenericMobileDriver.java:58)
	at io.appium.java_client.AppiumDriver.findElement(AppiumDriver.java:1)
	at io.appium.java_client.android.AndroidDriver.findElement(AndroidDriver.java:1)
	at com.kms.katalon.core.appium.driver.SwipeableAndroidDriver.findElement(SwipeableAndroidDriver.java:1)
	at base.BaseKeyword$Trait$Helper.clickToElement(BaseKeyword.groovy:59)
	at screens.IncomingDocumentScreen.clickToElement(IncomingDocumentScreen.groovy)
	at screens.IncomingDocumentScreen.backToHome(IncomingDocumentScreen.groovy:233)
	at screens.IncomingDocumentScreen.performAction(IncomingDocumentScreen.groovy:113)
	at screens.IncomingDocumentScreen.performAction(IncomingDocumentScreen.groovy)
	at 037 LAY Y KIEN NHANH_KHONG NHAP Y KIEN.run(037 LAY Y KIEN NHANH_KHONG NHAP Y KIEN:93)
	at com.kms.katalon.core.main.ScriptEngine.run(ScriptEngine.java:194)
	at com.kms.katalon.core.main.ScriptEngine.runScriptAsRawText(ScriptEngine.java:119)
	at com.kms.katalon.core.main.TestCaseExecutor.runScript(TestCaseExecutor.java:448)
	at com.kms.katalon.core.main.TestCaseExecutor.doExecute(TestCaseExecutor.java:439)
	at com.kms.katalon.core.main.TestCaseExecutor.processExecutionPhase(TestCaseExecutor.java:418)
	at com.kms.katalon.core.main.TestCaseExecutor.accessMainPhase(TestCaseExecutor.java:410)
	at com.kms.katalon.core.main.TestCaseExecutor.execute(TestCaseExecutor.java:285)
	at com.kms.katalon.core.common.CommonExecutor.accessTestCaseMainPhase(CommonExecutor.java:65)
	at com.kms.katalon.core.main.TestSuiteExecutor.accessTestSuiteMainPhase(TestSuiteExecutor.java:150)
	at com.kms.katalon.core.main.TestSuiteExecutor.execute(TestSuiteExecutor.java:106)
	at com.kms.katalon.core.main.TestCaseMain.startTestSuite(TestCaseMain.java:180)
	at TempTestSuite1747552661021.run(TempTestSuite1747552661021.groovy:35)
	at java.base/jdk.internal.reflect.NativeMethodAccessorImpl.invoke0(Native Method)
	at java.base/jdk.internal.reflect.NativeMethodAccessorImpl.invoke(NativeMethodAccessorImpl.java:77)
	at java.base/jdk.internal.reflect.DelegatingMethodAccessorImpl.invoke(DelegatingMethodAccessorImpl.java:43)


18-05-2025T14:25:33 - [TEST_STEP][PASSED] - Start listener action : beforeTest: drivers.Driver.openApp is PASSED

18-05-2025T14:25:33 - [TEST_STEP][PASSED] - DataTest.init(): null

18-05-2025T14:25:33 - [TEST_STEP][PASSED] - testCaseId = split("/").last(): null

18-05-2025T14:25:33 - [TEST_STEP][PASSED] - if (!(drivers.Driver.isAppiumRunning())): drivers.Driver.isAppiumRunning is PASSED

18-05-2025T14:25:33 - [MESSAGE][INFO] - Appium running: true

18-05-2025T14:25:33 - [MESSAGE][PASSED] - drivers.Driver.isAppiumRunning is PASSED

18-05-2025T14:25:33 - [TEST_STEP][PASSED] - if (driver == null || driver.getSessionId() == null): null

18-05-2025T14:25:33 - [TEST_STEP][PASSED] - drivers.Driver.openApp(): drivers.Driver.openApp is PASSED

18-05-2025T14:25:35 - [MESSAGE][PASSED] - drivers.Driver.openApp is PASSED

18-05-2025T14:25:35 - [TEST_STEP][PASSED] - REQUEST_NAME = "Trình ký PDF có sẵn": null

18-05-2025T14:25:35 - [TEST_STEP][PASSED] - USER_CREATE_COMMENT = "Commented by user create document": null

18-05-2025T14:25:35 - [TEST_STEP][PASSED] - ASSIGNER_COMMENT = "Không có bình luận": null

18-05-2025T14:25:35 - [TEST_STEP][PASSED] - documentTitle = "Trình ký " + System.currentTimeMillis(): null

18-05-2025T14:25:35 - [TEST_STEP][PASSED] - auto5 = DataTest.getUserTest("auto5"): null

18-05-2025T14:25:35 - [TEST_STEP][PASSED] - auto6 = DataTest.getUserTest("auto6"): null

18-05-2025T14:25:35 - [TEST_STEP][PASSED] - document = DataTest.createDocumentTest(auto5, auto6, null, "dummy.pdf", "dummy.pdf"): null

18-05-2025T14:25:35 - [TEST_STEP][PASSED] - loginScreen.login(auto5): null

18-05-2025T14:25:44 - [TEST_STEP][PASSED] - homeScreen.openRequestList(): null

18-05-2025T14:25:49 - [TEST_STEP][PASSED] - homeScreen.createRequest(REQUEST_NAME): null

18-05-2025T14:25:52 - [TEST_STEP][PASSED] - pdfSignScreen.fillInTitle(document.getTitle()): null

18-05-2025T14:25:55 - [TEST_STEP][PASSED] - pdfSignScreen.selectPriority(document.getPriority()): null

18-05-2025T14:25:57 - [TEST_STEP][PASSED] - pdfSignScreen.selectTime(document.getTime()): null

18-05-2025T14:26:00 - [TEST_STEP][PASSED] - pdfSignScreen.fillInDescription(document.getDescription()): null

18-05-2025T14:26:02 - [TEST_STEP][PASSED] - pdfSignScreen.selectAssigner(getAssigner().getEmail()): null

18-05-2025T14:26:07 - [TEST_STEP][PASSED] - pdfSignScreen.openMainFileBrowser(): null

18-05-2025T14:26:12 - [TEST_STEP][PASSED] - fileBrowserScreen.attachFile(document.getMainFileName()): null

18-05-2025T14:26:18 - [TEST_STEP][PASSED] - pdfSignScreen.openSubFileBrowser(): null

18-05-2025T14:26:20 - [TEST_STEP][PASSED] - fileBrowserScreen.attachFile(document.getSubFileName()): null

18-05-2025T14:26:26 - [TEST_STEP][PASSED] - pdfSignScreen.performAction(SEND_WITH_COMENT): null

18-05-2025T14:26:30 - [TEST_STEP][PASSED] - pdfSignScreen.fillInOpinion(USER_CREATE_COMMENT): null

18-05-2025T14:26:31 - [TEST_STEP][PASSED] - pdfSignScreen.submitRequest(): null

18-05-2025T14:26:38 - [TEST_STEP][PASSED] - documentInformationScreen.backToHome(): null

18-05-2025T14:26:38 - [TEST_STEP][PASSED] - homeScreen.logout(): null

18-05-2025T14:26:47 - [TEST_STEP][PASSED] - document.setStatus(WAIT_GET_COMMENT): null

18-05-2025T14:26:47 - [TEST_STEP][PASSED] - document.setAssigner(auto5): null

18-05-2025T14:26:47 - [TEST_STEP][PASSED] - loginScreen.login(auto6): null

18-05-2025T14:26:56 - [TEST_STEP][PASSED] - homeScreen.goToIncomingDocument(): null

18-05-2025T14:26:56 - [TEST_STEP][PASSED] - inComingDocument.viewInformationDocument(document): View document Trình ký 1747553135980

18-05-2025T14:26:56 - [MESSAGE][INFO] - View document Trình ký 1747553135980

18-05-2025T14:27:01 - [TEST_STEP][PASSED] - documentInformationScreen.checkDocumentTitle(document): Verify equals GUI: Trình ký 1747553135980 - DATA: Trình ký 1747553135980

18-05-2025T14:27:02 - [MESSAGE][PASSED] - Verify equals GUI: Trình ký 1747553135980 - DATA: Trình ký 1747553135980

18-05-2025T14:27:02 - [TEST_STEP][PASSED] - documentInformationScreen.checkSender(document): Verify equals GUI: Auto Test User 5 - DATA: Auto Test User 5

18-05-2025T14:27:02 - [MESSAGE][PASSED] - Verify equals GUI: Auto Test User 5 - DATA: Auto Test User 5

18-05-2025T14:27:02 - [TEST_STEP][PASSED] - documentInformationScreen.checkStatus(document): Verify equals GUI: Chờ lấy ý kiến - DATA: Chờ lấy ý kiến

18-05-2025T14:27:02 - [MESSAGE][PASSED] - Verify equals GUI: Chờ lấy ý kiến - DATA: Chờ lấy ý kiến

18-05-2025T14:27:02 - [TEST_STEP][PASSED] - documentInformationScreen.checkCreateDate(): Verify equals GUI: 18/05/2025 - DATA: 18/05/2025

18-05-2025T14:27:02 - [MESSAGE][PASSED] - Verify equals GUI: 18/05/2025 - DATA: 18/05/2025

18-05-2025T14:27:02 - [TEST_STEP][PASSED] - documentInformationScreen.checkFinishDate(document): Verify equals GUI: 19/05/2025 - DATA: 19/05/2025

18-05-2025T14:27:02 - [MESSAGE][PASSED] - Verify equals GUI: 19/05/2025 - DATA: 19/05/2025

18-05-2025T14:27:02 - [TEST_STEP][PASSED] - documentInformationScreen.checkPriority(document): Verify equals GUI: Bình thường - DATA: Bình thường

18-05-2025T14:27:02 - [MESSAGE][PASSED] - Verify equals GUI: Bình thường - DATA: Bình thường

18-05-2025T14:27:02 - [TEST_STEP][PASSED] - documentInformationScreen.checkDescription(document): Verify equals GUI: 037 LAY Y KIEN NHANH_KHONG NHAP Y KIEN - DATA: 037 LAY Y KIEN NHANH_KHONG NHAP Y KIEN

18-05-2025T14:27:03 - [MESSAGE][PASSED] - Verify equals GUI: 037 LAY Y KIEN NHANH_KHONG NHAP Y KIEN - DATA: 037 LAY Y KIEN NHANH_KHONG NHAP Y KIEN

18-05-2025T14:27:03 - [TEST_STEP][PASSED] - documentInformationScreen.checkAssigner(document): Verify contains GUI: auto5@hdbank.com.vn - DATA: auto5@hdbank.com.vn

18-05-2025T14:27:04 - [MESSAGE][PASSED] - Verify contains GUI: auto5@hdbank.com.vn - DATA: auto5@hdbank.com.vn

18-05-2025T14:27:04 - [TEST_STEP][PASSED] - documentInformationScreen.checkPresentFileName(document): Verify contains GUI: dummy_20250518142654.ozd - DATA: dummy

18-05-2025T14:27:05 - [MESSAGE][PASSED] - Verify contains GUI: dummy_20250518142654.ozd - DATA: dummy

18-05-2025T14:27:05 - [TEST_STEP][PASSED] - documentInformationScreen.checkAttachFileName(document): Expected true condition

18-05-2025T14:27:07 - [MESSAGE][PASSED] - Expected true condition

18-05-2025T14:27:07 - [TEST_STEP][PASSED] - documentInformationScreen.backToHome(): null

18-05-2025T14:27:11 - [TEST_STEP][ERROR] - inComingDocument.performAction(document, SEND_COMMENT): Test Cases/IPAPER APP/037 LAY Y KIEN NHANH_KHONG NHAP Y KIEN FAILED.
Reason:
org.openqa.selenium.NoSuchElementException: An element could not be located on the page using the given search parameters.
For documentation on this error, please visit: https://www.seleniumhq.org/exceptions/no_such_element.html
Build info: version: '3.141.59', revision: 'unknown', time: 'unknown'
System info: host: '192.168.1.4.non-exists.ptr.local', ip: '2402:800:63f2:b9ce:1859:4296:77a1:a88d%en0', os.name: 'Mac OS X', os.arch: 'aarch64', os.version: '15.4.1', java.version: '17.0.7'
Driver info: com.kms.katalon.core.appium.driver.SwipeableAndroidDriver
Capabilities {automationName: UiAutomator2, databaseEnabled: false, desired: {automationName: UiAutomator2, deviceName: af0c5cf7, noReset: true, platformName: android, waitForIdleTimeout: 3000}, deviceApiLevel: 35, deviceManufacturer: OPPO, deviceModel: CPH2699, deviceName: af0c5cf7, deviceScreenDensity: 480, deviceScreenSize: 1080x2400, deviceUDID: af0c5cf7, javascriptEnabled: true, locationContextEnabled: false, networkConnectionEnabled: true, noReset: true, pixelRatio: 3, platform: LINUX, platformName: Android, platformVersion: 15, statBarHeight: 120, takesScreenshot: true, viewportRect: {height: 2280, left: 0, top: 120, width: 1080}, waitForIdleTimeout: 3000, warnings: {}, webStorageEnabled: false}
Session ID: a2ddd6f2-eda7-4b95-9f4b-0be7892e4c4b
*** Element info: {Using=id, value=com.hdbank.ipaper:id/img_home_bar}
	at java.base/jdk.internal.reflect.NativeConstructorAccessorImpl.newInstance0(Native Method)
	at java.base/jdk.internal.reflect.NativeConstructorAccessorImpl.newInstance(NativeConstructorAccessorImpl.java:77)
	at java.base/jdk.internal.reflect.DelegatingConstructorAccessorImpl.newInstance(DelegatingConstructorAccessorImpl.java:45)
	at org.openqa.selenium.remote.http.W3CHttpResponseCodec.createException(W3CHttpResponseCodec.java:187)
	at org.openqa.selenium.remote.http.W3CHttpResponseCodec.decode(W3CHttpResponseCodec.java:122)
	at org.openqa.selenium.remote.http.W3CHttpResponseCodec.decode(W3CHttpResponseCodec.java:49)
	at org.openqa.selenium.remote.HttpCommandExecutor.execute(HttpCommandExecutor.java:158)
	at io.appium.java_client.remote.AppiumCommandExecutor.execute(AppiumCommandExecutor.java:239)
	at org.openqa.selenium.remote.RemoteWebDriver.execute(RemoteWebDriver.java:552)
	at io.appium.java_client.DefaultGenericMobileDriver.execute(DefaultGenericMobileDriver.java:42)
	at io.appium.java_client.AppiumDriver.execute(AppiumDriver.java:1)
	at io.appium.java_client.android.AndroidDriver.execute(AndroidDriver.java:1)
	at com.kms.katalon.core.appium.driver.SwipeableAndroidDriver.execute(SwipeableAndroidDriver.java:1)
	at org.openqa.selenium.remote.RemoteWebDriver.findElement(RemoteWebDriver.java:323)
	at io.appium.java_client.DefaultGenericMobileDriver.findElement(DefaultGenericMobileDriver.java:62)
	at io.appium.java_client.AppiumDriver.findElement(AppiumDriver.java:1)
	at io.appium.java_client.android.AndroidDriver.findElement(AndroidDriver.java:1)
	at com.kms.katalon.core.appium.driver.SwipeableAndroidDriver.findElement(SwipeableAndroidDriver.java:1)
	at org.openqa.selenium.remote.RemoteWebDriver.findElementById(RemoteWebDriver.java:372)
	at io.appium.java_client.DefaultGenericMobileDriver.findElementById(DefaultGenericMobileDriver.java:70)
	at io.appium.java_client.AppiumDriver.findElementById(AppiumDriver.java:1)
	at io.appium.java_client.android.AndroidDriver.findElementById(AndroidDriver.java:1)
	at com.kms.katalon.core.appium.driver.SwipeableAndroidDriver.findElementById(SwipeableAndroidDriver.java:1)
	at org.openqa.selenium.By$ById.findElement(By.java:188)
	at org.openqa.selenium.remote.RemoteWebDriver.findElement(RemoteWebDriver.java:315)
	at io.appium.java_client.DefaultGenericMobileDriver.findElement(DefaultGenericMobileDriver.java:58)
	at io.appium.java_client.AppiumDriver.findElement(AppiumDriver.java:1)
	at io.appium.java_client.android.AndroidDriver.findElement(AndroidDriver.java:1)
	at com.kms.katalon.core.appium.driver.SwipeableAndroidDriver.findElement(SwipeableAndroidDriver.java:1)
	at base.BaseKeyword$Trait$Helper.clickToElement(BaseKeyword.groovy:59)
	at screens.IncomingDocumentScreen.clickToElement(IncomingDocumentScreen.groovy)
	at screens.IncomingDocumentScreen.backToHome(IncomingDocumentScreen.groovy:233)
	at screens.IncomingDocumentScreen.performAction(IncomingDocumentScreen.groovy:113)
	at screens.IncomingDocumentScreen.performAction(IncomingDocumentScreen.groovy)
	at 037 LAY Y KIEN NHANH_KHONG NHAP Y KIEN.run(037 LAY Y KIEN NHANH_KHONG NHAP Y KIEN:93)
	at com.kms.katalon.core.main.ScriptEngine.run(ScriptEngine.java:194)
	at com.kms.katalon.core.main.ScriptEngine.runScriptAsRawText(ScriptEngine.java:119)
	at com.kms.katalon.core.main.TestCaseExecutor.runScript(TestCaseExecutor.java:448)
	at com.kms.katalon.core.main.TestCaseExecutor.doExecute(TestCaseExecutor.java:439)
	at com.kms.katalon.core.main.TestCaseExecutor.processExecutionPhase(TestCaseExecutor.java:418)
	at com.kms.katalon.core.main.TestCaseExecutor.accessMainPhase(TestCaseExecutor.java:410)
	at com.kms.katalon.core.main.TestCaseExecutor.execute(TestCaseExecutor.java:285)
	at com.kms.katalon.core.common.CommonExecutor.accessTestCaseMainPhase(CommonExecutor.java:65)
	at com.kms.katalon.core.main.TestSuiteExecutor.accessTestSuiteMainPhase(TestSuiteExecutor.java:150)
	at com.kms.katalon.core.main.TestSuiteExecutor.execute(TestSuiteExecutor.java:106)
	at com.kms.katalon.core.main.TestCaseMain.startTestSuite(TestCaseMain.java:180)
	at TempTestSuite1747552661021.run(TempTestSuite1747552661021.groovy:35)
	at java.base/jdk.internal.reflect.NativeMethodAccessorImpl.invoke0(Native Method)
	at java.base/jdk.internal.reflect.NativeMethodAccessorImpl.invoke(NativeMethodAccessorImpl.java:77)
	at java.base/jdk.internal.reflect.DelegatingMethodAccessorImpl.invoke(DelegatingMethodAccessorImpl.java:43)


18-05-2025T14:27:23 - [MESSAGE][ERROR] - Test Cases/IPAPER APP/037 LAY Y KIEN NHANH_KHONG NHAP Y KIEN FAILED.
Reason:
org.openqa.selenium.NoSuchElementException: An element could not be located on the page using the given search parameters.
For documentation on this error, please visit: https://www.seleniumhq.org/exceptions/no_such_element.html
Build info: version: '3.141.59', revision: 'unknown', time: 'unknown'
System info: host: '192.168.1.4.non-exists.ptr.local', ip: '2402:800:63f2:b9ce:1859:4296:77a1:a88d%en0', os.name: 'Mac OS X', os.arch: 'aarch64', os.version: '15.4.1', java.version: '17.0.7'
Driver info: com.kms.katalon.core.appium.driver.SwipeableAndroidDriver
Capabilities {automationName: UiAutomator2, databaseEnabled: false, desired: {automationName: UiAutomator2, deviceName: af0c5cf7, noReset: true, platformName: android, waitForIdleTimeout: 3000}, deviceApiLevel: 35, deviceManufacturer: OPPO, deviceModel: CPH2699, deviceName: af0c5cf7, deviceScreenDensity: 480, deviceScreenSize: 1080x2400, deviceUDID: af0c5cf7, javascriptEnabled: true, locationContextEnabled: false, networkConnectionEnabled: true, noReset: true, pixelRatio: 3, platform: LINUX, platformName: Android, platformVersion: 15, statBarHeight: 120, takesScreenshot: true, viewportRect: {height: 2280, left: 0, top: 120, width: 1080}, waitForIdleTimeout: 3000, warnings: {}, webStorageEnabled: false}
Session ID: a2ddd6f2-eda7-4b95-9f4b-0be7892e4c4b
*** Element info: {Using=id, value=com.hdbank.ipaper:id/img_home_bar}
	at java.base/jdk.internal.reflect.NativeConstructorAccessorImpl.newInstance0(Native Method)
	at java.base/jdk.internal.reflect.NativeConstructorAccessorImpl.newInstance(NativeConstructorAccessorImpl.java:77)
	at java.base/jdk.internal.reflect.DelegatingConstructorAccessorImpl.newInstance(DelegatingConstructorAccessorImpl.java:45)
	at org.openqa.selenium.remote.http.W3CHttpResponseCodec.createException(W3CHttpResponseCodec.java:187)
	at org.openqa.selenium.remote.http.W3CHttpResponseCodec.decode(W3CHttpResponseCodec.java:122)
	at org.openqa.selenium.remote.http.W3CHttpResponseCodec.decode(W3CHttpResponseCodec.java:49)
	at org.openqa.selenium.remote.HttpCommandExecutor.execute(HttpCommandExecutor.java:158)
	at io.appium.java_client.remote.AppiumCommandExecutor.execute(AppiumCommandExecutor.java:239)
	at org.openqa.selenium.remote.RemoteWebDriver.execute(RemoteWebDriver.java:552)
	at io.appium.java_client.DefaultGenericMobileDriver.execute(DefaultGenericMobileDriver.java:42)
	at io.appium.java_client.AppiumDriver.execute(AppiumDriver.java:1)
	at io.appium.java_client.android.AndroidDriver.execute(AndroidDriver.java:1)
	at com.kms.katalon.core.appium.driver.SwipeableAndroidDriver.execute(SwipeableAndroidDriver.java:1)
	at org.openqa.selenium.remote.RemoteWebDriver.findElement(RemoteWebDriver.java:323)
	at io.appium.java_client.DefaultGenericMobileDriver.findElement(DefaultGenericMobileDriver.java:62)
	at io.appium.java_client.AppiumDriver.findElement(AppiumDriver.java:1)
	at io.appium.java_client.android.AndroidDriver.findElement(AndroidDriver.java:1)
	at com.kms.katalon.core.appium.driver.SwipeableAndroidDriver.findElement(SwipeableAndroidDriver.java:1)
	at org.openqa.selenium.remote.RemoteWebDriver.findElementById(RemoteWebDriver.java:372)
	at io.appium.java_client.DefaultGenericMobileDriver.findElementById(DefaultGenericMobileDriver.java:70)
	at io.appium.java_client.AppiumDriver.findElementById(AppiumDriver.java:1)
	at io.appium.java_client.android.AndroidDriver.findElementById(AndroidDriver.java:1)
	at com.kms.katalon.core.appium.driver.SwipeableAndroidDriver.findElementById(SwipeableAndroidDriver.java:1)
	at org.openqa.selenium.By$ById.findElement(By.java:188)
	at org.openqa.selenium.remote.RemoteWebDriver.findElement(RemoteWebDriver.java:315)
	at io.appium.java_client.DefaultGenericMobileDriver.findElement(DefaultGenericMobileDriver.java:58)
	at io.appium.java_client.AppiumDriver.findElement(AppiumDriver.java:1)
	at io.appium.java_client.android.AndroidDriver.findElement(AndroidDriver.java:1)
	at com.kms.katalon.core.appium.driver.SwipeableAndroidDriver.findElement(SwipeableAndroidDriver.java:1)
	at base.BaseKeyword$Trait$Helper.clickToElement(BaseKeyword.groovy:59)
	at screens.IncomingDocumentScreen.clickToElement(IncomingDocumentScreen.groovy)
	at screens.IncomingDocumentScreen.backToHome(IncomingDocumentScreen.groovy:233)
	at screens.IncomingDocumentScreen.performAction(IncomingDocumentScreen.groovy:113)
	at screens.IncomingDocumentScreen.performAction(IncomingDocumentScreen.groovy)
	at 037 LAY Y KIEN NHANH_KHONG NHAP Y KIEN.run(037 LAY Y KIEN NHANH_KHONG NHAP Y KIEN:93)
	at com.kms.katalon.core.main.ScriptEngine.run(ScriptEngine.java:194)
	at com.kms.katalon.core.main.ScriptEngine.runScriptAsRawText(ScriptEngine.java:119)
	at com.kms.katalon.core.main.TestCaseExecutor.runScript(TestCaseExecutor.java:448)
	at com.kms.katalon.core.main.TestCaseExecutor.doExecute(TestCaseExecutor.java:439)
	at com.kms.katalon.core.main.TestCaseExecutor.processExecutionPhase(TestCaseExecutor.java:418)
	at com.kms.katalon.core.main.TestCaseExecutor.accessMainPhase(TestCaseExecutor.java:410)
	at com.kms.katalon.core.main.TestCaseExecutor.execute(TestCaseExecutor.java:285)
	at com.kms.katalon.core.common.CommonExecutor.accessTestCaseMainPhase(CommonExecutor.java:65)
	at com.kms.katalon.core.main.TestSuiteExecutor.accessTestSuiteMainPhase(TestSuiteExecutor.java:150)
	at com.kms.katalon.core.main.TestSuiteExecutor.execute(TestSuiteExecutor.java:106)
	at com.kms.katalon.core.main.TestCaseMain.startTestSuite(TestCaseMain.java:180)
	at TempTestSuite1747552661021.run(TempTestSuite1747552661021.groovy:35)
	at java.base/jdk.internal.reflect.NativeMethodAccessorImpl.invoke0(Native Method)
	at java.base/jdk.internal.reflect.NativeMethodAccessorImpl.invoke(NativeMethodAccessorImpl.java:77)
	at java.base/jdk.internal.reflect.DelegatingMethodAccessorImpl.invoke(DelegatingMethodAccessorImpl.java:43)


18-05-2025T14:27:23 - [TEST_STEP][PASSED] - Start listener action : afterTest: null

18-05-2025T14:27:23 - [TEST_STEP][PASSED] - if (testCaseStatus != "PASSED"): Screenshot is taken

18-05-2025T14:27:23 - [TEST_STEP][PASSED] - takeScreenshot(ErrorScreen/$GlobalVariable.PLATFORM/$testCaseContext.getTestCaseId().png): Screenshot is taken

18-05-2025T14:27:26 - [MESSAGE][PASSED] - Screenshot is taken
[[ATTACHMENT|ErrorScreen/Android/Test Cases/IPAPER APP/037 LAY Y KIEN NHANH_KHONG NHAP Y KIEN.png]]

18-05-2025T14:27:26 - [TEST_STEP][PASSED] - drivers.Driver.closeApp(): drivers.Driver.closeApp is PASSED

18-05-2025T14:27:26 - [MESSAGE][PASSED] - drivers.Driver.closeApp is PASSED

18-05-2025T14:27:26 - [TEST_STEP][PASSED] - if (tsContext == null): null]]></system-out>
         <system-err><![CDATA[18-05-2025T14:25:33 - [TEST_CASE][ERROR] - Test Cases/IPAPER APP/037 LAY Y KIEN NHANH_KHONG NHAP Y KIEN: Test Cases/IPAPER APP/037 LAY Y KIEN NHANH_KHONG NHAP Y KIEN FAILED.
Reason:
org.openqa.selenium.NoSuchElementException: An element could not be located on the page using the given search parameters.
For documentation on this error, please visit: https://www.seleniumhq.org/exceptions/no_such_element.html
Build info: version: '3.141.59', revision: 'unknown', time: 'unknown'
System info: host: '192.168.1.4.non-exists.ptr.local', ip: '2402:800:63f2:b9ce:1859:4296:77a1:a88d%en0', os.name: 'Mac OS X', os.arch: 'aarch64', os.version: '15.4.1', java.version: '17.0.7'
Driver info: com.kms.katalon.core.appium.driver.SwipeableAndroidDriver
Capabilities {automationName: UiAutomator2, databaseEnabled: false, desired: {automationName: UiAutomator2, deviceName: af0c5cf7, noReset: true, platformName: android, waitForIdleTimeout: 3000}, deviceApiLevel: 35, deviceManufacturer: OPPO, deviceModel: CPH2699, deviceName: af0c5cf7, deviceScreenDensity: 480, deviceScreenSize: 1080x2400, deviceUDID: af0c5cf7, javascriptEnabled: true, locationContextEnabled: false, networkConnectionEnabled: true, noReset: true, pixelRatio: 3, platform: LINUX, platformName: Android, platformVersion: 15, statBarHeight: 120, takesScreenshot: true, viewportRect: {height: 2280, left: 0, top: 120, width: 1080}, waitForIdleTimeout: 3000, warnings: {}, webStorageEnabled: false}
Session ID: a2ddd6f2-eda7-4b95-9f4b-0be7892e4c4b
*** Element info: {Using=id, value=com.hdbank.ipaper:id/img_home_bar}
	at java.base/jdk.internal.reflect.NativeConstructorAccessorImpl.newInstance0(Native Method)
	at java.base/jdk.internal.reflect.NativeConstructorAccessorImpl.newInstance(NativeConstructorAccessorImpl.java:77)
	at java.base/jdk.internal.reflect.DelegatingConstructorAccessorImpl.newInstance(DelegatingConstructorAccessorImpl.java:45)
	at org.openqa.selenium.remote.http.W3CHttpResponseCodec.createException(W3CHttpResponseCodec.java:187)
	at org.openqa.selenium.remote.http.W3CHttpResponseCodec.decode(W3CHttpResponseCodec.java:122)
	at org.openqa.selenium.remote.http.W3CHttpResponseCodec.decode(W3CHttpResponseCodec.java:49)
	at org.openqa.selenium.remote.HttpCommandExecutor.execute(HttpCommandExecutor.java:158)
	at io.appium.java_client.remote.AppiumCommandExecutor.execute(AppiumCommandExecutor.java:239)
	at org.openqa.selenium.remote.RemoteWebDriver.execute(RemoteWebDriver.java:552)
	at io.appium.java_client.DefaultGenericMobileDriver.execute(DefaultGenericMobileDriver.java:42)
	at io.appium.java_client.AppiumDriver.execute(AppiumDriver.java:1)
	at io.appium.java_client.android.AndroidDriver.execute(AndroidDriver.java:1)
	at com.kms.katalon.core.appium.driver.SwipeableAndroidDriver.execute(SwipeableAndroidDriver.java:1)
	at org.openqa.selenium.remote.RemoteWebDriver.findElement(RemoteWebDriver.java:323)
	at io.appium.java_client.DefaultGenericMobileDriver.findElement(DefaultGenericMobileDriver.java:62)
	at io.appium.java_client.AppiumDriver.findElement(AppiumDriver.java:1)
	at io.appium.java_client.android.AndroidDriver.findElement(AndroidDriver.java:1)
	at com.kms.katalon.core.appium.driver.SwipeableAndroidDriver.findElement(SwipeableAndroidDriver.java:1)
	at org.openqa.selenium.remote.RemoteWebDriver.findElementById(RemoteWebDriver.java:372)
	at io.appium.java_client.DefaultGenericMobileDriver.findElementById(DefaultGenericMobileDriver.java:70)
	at io.appium.java_client.AppiumDriver.findElementById(AppiumDriver.java:1)
	at io.appium.java_client.android.AndroidDriver.findElementById(AndroidDriver.java:1)
	at com.kms.katalon.core.appium.driver.SwipeableAndroidDriver.findElementById(SwipeableAndroidDriver.java:1)
	at org.openqa.selenium.By$ById.findElement(By.java:188)
	at org.openqa.selenium.remote.RemoteWebDriver.findElement(RemoteWebDriver.java:315)
	at io.appium.java_client.DefaultGenericMobileDriver.findElement(DefaultGenericMobileDriver.java:58)
	at io.appium.java_client.AppiumDriver.findElement(AppiumDriver.java:1)
	at io.appium.java_client.android.AndroidDriver.findElement(AndroidDriver.java:1)
	at com.kms.katalon.core.appium.driver.SwipeableAndroidDriver.findElement(SwipeableAndroidDriver.java:1)
	at base.BaseKeyword$Trait$Helper.clickToElement(BaseKeyword.groovy:59)
	at screens.IncomingDocumentScreen.clickToElement(IncomingDocumentScreen.groovy)
	at screens.IncomingDocumentScreen.backToHome(IncomingDocumentScreen.groovy:233)
	at screens.IncomingDocumentScreen.performAction(IncomingDocumentScreen.groovy:113)
	at screens.IncomingDocumentScreen.performAction(IncomingDocumentScreen.groovy)
	at 037 LAY Y KIEN NHANH_KHONG NHAP Y KIEN.run(037 LAY Y KIEN NHANH_KHONG NHAP Y KIEN:93)
	at com.kms.katalon.core.main.ScriptEngine.run(ScriptEngine.java:194)
	at com.kms.katalon.core.main.ScriptEngine.runScriptAsRawText(ScriptEngine.java:119)
	at com.kms.katalon.core.main.TestCaseExecutor.runScript(TestCaseExecutor.java:448)
	at com.kms.katalon.core.main.TestCaseExecutor.doExecute(TestCaseExecutor.java:439)
	at com.kms.katalon.core.main.TestCaseExecutor.processExecutionPhase(TestCaseExecutor.java:418)
	at com.kms.katalon.core.main.TestCaseExecutor.accessMainPhase(TestCaseExecutor.java:410)
	at com.kms.katalon.core.main.TestCaseExecutor.execute(TestCaseExecutor.java:285)
	at com.kms.katalon.core.common.CommonExecutor.accessTestCaseMainPhase(CommonExecutor.java:65)
	at com.kms.katalon.core.main.TestSuiteExecutor.accessTestSuiteMainPhase(TestSuiteExecutor.java:150)
	at com.kms.katalon.core.main.TestSuiteExecutor.execute(TestSuiteExecutor.java:106)
	at com.kms.katalon.core.main.TestCaseMain.startTestSuite(TestCaseMain.java:180)
	at TempTestSuite1747552661021.run(TempTestSuite1747552661021.groovy:35)
	at java.base/jdk.internal.reflect.NativeMethodAccessorImpl.invoke0(Native Method)
	at java.base/jdk.internal.reflect.NativeMethodAccessorImpl.invoke(NativeMethodAccessorImpl.java:77)
	at java.base/jdk.internal.reflect.DelegatingMethodAccessorImpl.invoke(DelegatingMethodAccessorImpl.java:43)]]></system-err>
      </testcase>
      <testcase name="Test Cases/IPAPER APP/059 TẠO QUY TRINH_2 BUOC" time="154.549" classname="Test Cases/IPAPER APP/059 TẠO QUY TRINH_2 BUOC" status="PASSED">
         <system-out><![CDATA[18-05-2025T14:27:26 - [TEST_CASE][PASSED] - Test Cases/IPAPER APP/059 TẠO QUY TRINH_2 BUOC: Test Cases/IPAPER APP/059 TẠO QUY TRINH_2 BUOC

18-05-2025T14:27:26 - [TEST_STEP][PASSED] - Start listener action : beforeTest: drivers.Driver.openApp is PASSED

18-05-2025T14:27:26 - [TEST_STEP][PASSED] - DataTest.init(): null

18-05-2025T14:27:26 - [TEST_STEP][PASSED] - testCaseId = split("/").last(): null

18-05-2025T14:27:26 - [TEST_STEP][PASSED] - if (!(drivers.Driver.isAppiumRunning())): drivers.Driver.isAppiumRunning is PASSED

18-05-2025T14:27:26 - [MESSAGE][INFO] - Appium running: true

18-05-2025T14:27:26 - [MESSAGE][PASSED] - drivers.Driver.isAppiumRunning is PASSED

18-05-2025T14:27:26 - [TEST_STEP][PASSED] - if (driver == null || driver.getSessionId() == null): null

18-05-2025T14:27:26 - [TEST_STEP][PASSED] - drivers.Driver.openApp(): drivers.Driver.openApp is PASSED

18-05-2025T14:27:29 - [MESSAGE][PASSED] - drivers.Driver.openApp is PASSED

18-05-2025T14:27:29 - [TEST_STEP][PASSED] - REQUEST_NAME = "Trình ký PDF có sẵn": null

18-05-2025T14:27:29 - [TEST_STEP][PASSED] - TO_DAY = SimpleDateFormat(dd/MM/yyyy).format(new java.util.Date()): null

18-05-2025T14:27:29 - [TEST_STEP][PASSED] - auto5 = DataTest.getUserTest("auto5"): null

18-05-2025T14:27:29 - [TEST_STEP][PASSED] - auto6 = DataTest.getUserTest("auto6"): null

18-05-2025T14:27:29 - [TEST_STEP][PASSED] - auto7 = DataTest.getUserTest("auto7"): null

18-05-2025T14:27:29 - [TEST_STEP][PASSED] - auto8 = DataTest.getUserTest("auto8"): null

18-05-2025T14:27:29 - [TEST_STEP][PASSED] - document = DataTest.createDocumentTest(auto5, auto6, auto7, "dummy.pdf", "dummy.pdf"): null

18-05-2025T14:27:29 - [TEST_STEP][PASSED] - loginScreen.login(auto5): null

18-05-2025T14:27:37 - [TEST_STEP][PASSED] - homeScreen.openRequestList(): null

18-05-2025T14:27:42 - [TEST_STEP][PASSED] - homeScreen.createRequest(REQUEST_NAME): null

18-05-2025T14:27:46 - [TEST_STEP][PASSED] - pdfSignScreen.fillInTitle(title): null

18-05-2025T14:27:48 - [TEST_STEP][PASSED] - pdfSignScreen.selectPriority(priority): null

18-05-2025T14:27:50 - [TEST_STEP][PASSED] - pdfSignScreen.selectTime(time): null

18-05-2025T14:27:53 - [TEST_STEP][PASSED] - pdfSignScreen.fillInDescription(description): null

18-05-2025T14:27:55 - [TEST_STEP][PASSED] - pdfSignScreen.openMainFileBrowser(): null

18-05-2025T14:27:56 - [TEST_STEP][PASSED] - fileBrowserScreen.attachFile(mainFileName): null

18-05-2025T14:28:02 - [TEST_STEP][PASSED] - pdfSignScreen.openSubFileBrowser(): null

18-05-2025T14:28:07 - [TEST_STEP][PASSED] - fileBrowserScreen.attachFile(subFileName): null

18-05-2025T14:28:13 - [TEST_STEP][PASSED] - pdfSignScreen.processDefinition(auto6): null

18-05-2025T14:28:21 - [TEST_STEP][PASSED] - pdfSignScreen.processDefinition(auto7, auto8): null

18-05-2025T14:28:37 - [TEST_STEP][PASSED] - pdfSignScreen.performAction(SEND_APPROVE): null

18-05-2025T14:28:40 - [TEST_STEP][PASSED] - pdfSignScreen.fillInOpinion(document.getComment()): null

18-05-2025T14:28:40 - [TEST_STEP][PASSED] - pdfSignScreen.submitRequest(): null

18-05-2025T14:28:49 - [TEST_STEP][PASSED] - document.setStatus(WAIT_APPROVE): null

18-05-2025T14:28:49 - [TEST_STEP][PASSED] - documentInformationScreen.backToHome(): null

18-05-2025T14:28:49 - [TEST_STEP][PASSED] - homeScreen.goToOutComingDocument(): null

18-05-2025T14:28:59 - [TEST_STEP][PASSED] - outComingDocument.viewInformationDocument(document): null

18-05-2025T14:29:00 - [TEST_STEP][PASSED] - documentInformationScreen.checkDocumentTitle(document): Verify equals GUI: Trình ký 1747553249549 - DATA: Trình ký 1747553249549

18-05-2025T14:29:04 - [MESSAGE][PASSED] - Verify equals GUI: Trình ký 1747553249549 - DATA: Trình ký 1747553249549

18-05-2025T14:29:04 - [TEST_STEP][PASSED] - documentInformationScreen.checkSender(document): Verify equals GUI: Auto Test User 5 - DATA: Auto Test User 5

18-05-2025T14:29:04 - [MESSAGE][PASSED] - Verify equals GUI: Auto Test User 5 - DATA: Auto Test User 5

18-05-2025T14:29:04 - [TEST_STEP][PASSED] - documentInformationScreen.checkStatus(document): Verify equals GUI: Chờ giám sát phê duyệt - DATA: Chờ giám sát phê duyệt

18-05-2025T14:29:04 - [MESSAGE][PASSED] - Verify equals GUI: Chờ giám sát phê duyệt - DATA: Chờ giám sát phê duyệt

18-05-2025T14:29:04 - [TEST_STEP][PASSED] - documentInformationScreen.checkCreateDate(): Verify equals GUI: 18/05/2025 - DATA: 18/05/2025

18-05-2025T14:29:04 - [MESSAGE][PASSED] - Verify equals GUI: 18/05/2025 - DATA: 18/05/2025

18-05-2025T14:29:04 - [TEST_STEP][PASSED] - documentInformationScreen.checkFinishDate(document): Verify equals GUI: 19/05/2025 - DATA: 19/05/2025

18-05-2025T14:29:05 - [MESSAGE][PASSED] - Verify equals GUI: 19/05/2025 - DATA: 19/05/2025

18-05-2025T14:29:05 - [TEST_STEP][PASSED] - documentInformationScreen.checkPriority(document): Verify equals GUI: Bình thường - DATA: Bình thường

18-05-2025T14:29:05 - [MESSAGE][PASSED] - Verify equals GUI: Bình thường - DATA: Bình thường

18-05-2025T14:29:05 - [TEST_STEP][PASSED] - documentInformationScreen.checkDescription(document): Verify equals GUI: 059 TẠO QUY TRINH_2 BUOC - DATA: 059 TẠO QUY TRINH_2 BUOC

18-05-2025T14:29:05 - [MESSAGE][PASSED] - Verify equals GUI: 059 TẠO QUY TRINH_2 BUOC - DATA: 059 TẠO QUY TRINH_2 BUOC

18-05-2025T14:29:05 - [TEST_STEP][PASSED] - documentInformationScreen.checkPresentFileName(document): Verify contains GUI: dummy_20250518142838.ozd - DATA: dummy

18-05-2025T14:29:06 - [MESSAGE][PASSED] - Verify contains GUI: dummy_20250518142838.ozd - DATA: dummy

18-05-2025T14:29:06 - [TEST_STEP][PASSED] - documentInformationScreen.checkAttachFileName(document): Expected true condition

18-05-2025T14:29:07 - [MESSAGE][PASSED] - Expected true condition

18-05-2025T14:29:07 - [TEST_STEP][PASSED] - documentInformationScreen.checkAssigners(auto6, auto7, auto8): Checking if all user emails are present in the list

18-05-2025T14:29:16 - [MESSAGE][PASSED] - Checking if all user emails are present in the list

18-05-2025T14:29:16 - [TEST_STEP][PASSED] - documentInformationScreen.backToHome(): null

18-05-2025T14:29:20 - [TEST_STEP][PASSED] - homeScreen.logout(): null

18-05-2025T14:29:29 - [TEST_STEP][PASSED] - loginScreen.login(auto6): null

18-05-2025T14:29:37 - [TEST_STEP][PASSED] - document.setAssigner(auto5): null

18-05-2025T14:29:37 - [TEST_STEP][PASSED] - homeScreen.goToIncomingDocument(): null

18-05-2025T14:29:37 - [TEST_STEP][PASSED] - inComingDocument.viewInformationDocument(document): View document Trình ký 1747553249549

18-05-2025T14:29:37 - [MESSAGE][INFO] - View document Trình ký 1747553249549

18-05-2025T14:29:43 - [TEST_STEP][PASSED] - documentInformationScreen.checkDocumentTitle(document): Verify equals GUI: Trình ký 1747553249549 - DATA: Trình ký 1747553249549

18-05-2025T14:29:44 - [MESSAGE][PASSED] - Verify equals GUI: Trình ký 1747553249549 - DATA: Trình ký 1747553249549

18-05-2025T14:29:44 - [TEST_STEP][PASSED] - documentInformationScreen.checkSender(document): Verify equals GUI: Auto Test User 5 - DATA: Auto Test User 5

18-05-2025T14:29:44 - [MESSAGE][PASSED] - Verify equals GUI: Auto Test User 5 - DATA: Auto Test User 5

18-05-2025T14:29:44 - [TEST_STEP][PASSED] - documentInformationScreen.checkStatus(document): Verify equals GUI: Chờ giám sát phê duyệt - DATA: Chờ giám sát phê duyệt

18-05-2025T14:29:44 - [MESSAGE][PASSED] - Verify equals GUI: Chờ giám sát phê duyệt - DATA: Chờ giám sát phê duyệt

18-05-2025T14:29:44 - [TEST_STEP][PASSED] - documentInformationScreen.checkCreateDate(): Verify equals GUI: 18/05/2025 - DATA: 18/05/2025

18-05-2025T14:29:44 - [MESSAGE][PASSED] - Verify equals GUI: 18/05/2025 - DATA: 18/05/2025

18-05-2025T14:29:44 - [TEST_STEP][PASSED] - documentInformationScreen.checkFinishDate(document): Verify equals GUI: 19/05/2025 - DATA: 19/05/2025

18-05-2025T14:29:44 - [MESSAGE][PASSED] - Verify equals GUI: 19/05/2025 - DATA: 19/05/2025

18-05-2025T14:29:44 - [TEST_STEP][PASSED] - documentInformationScreen.checkPriority(document): Verify equals GUI: Bình thường - DATA: Bình thường

18-05-2025T14:29:44 - [MESSAGE][PASSED] - Verify equals GUI: Bình thường - DATA: Bình thường

18-05-2025T14:29:44 - [TEST_STEP][PASSED] - documentInformationScreen.checkDescription(document): Verify equals GUI: 059 TẠO QUY TRINH_2 BUOC - DATA: 059 TẠO QUY TRINH_2 BUOC

18-05-2025T14:29:44 - [MESSAGE][PASSED] - Verify equals GUI: 059 TẠO QUY TRINH_2 BUOC - DATA: 059 TẠO QUY TRINH_2 BUOC

18-05-2025T14:29:44 - [TEST_STEP][PASSED] - documentInformationScreen.checkPresentFileName(document): Verify contains GUI: dummy_20250518142838.ozd - DATA: dummy

18-05-2025T14:29:50 - [MESSAGE][PASSED] - Verify contains GUI: dummy_20250518142838.ozd - DATA: dummy

18-05-2025T14:29:50 - [TEST_STEP][PASSED] - documentInformationScreen.checkAttachFileName(document): Expected true condition

18-05-2025T14:29:52 - [MESSAGE][PASSED] - Expected true condition

18-05-2025T14:29:52 - [TEST_STEP][PASSED] - documentInformationScreen.checkAssigners(auto6, auto7, auto8): Checking if all user emails are present in the list

18-05-2025T14:30:00 - [MESSAGE][PASSED] - Checking if all user emails are present in the list

18-05-2025T14:30:00 - [TEST_STEP][PASSED] - Start listener action : afterTest: null

18-05-2025T14:30:00 - [TEST_STEP][PASSED] - if (testCaseStatus != "PASSED"): null

18-05-2025T14:30:00 - [TEST_STEP][PASSED] - drivers.Driver.closeApp(): drivers.Driver.closeApp is PASSED

18-05-2025T14:30:01 - [MESSAGE][PASSED] - drivers.Driver.closeApp is PASSED

18-05-2025T14:30:01 - [TEST_STEP][PASSED] - if (tsContext == null): null]]></system-out>
         <system-err><![CDATA[]]></system-err>
      </testcase>
      <testcase name="Test Cases/IPAPER APP/031 HOAN TAT HO SO" time="147.993" classname="Test Cases/IPAPER APP/031 HOAN TAT HO SO" status="PASSED">
         <system-out><![CDATA[18-05-2025T14:30:01 - [TEST_CASE][PASSED] - Test Cases/IPAPER APP/031 HOAN TAT HO SO: Test Cases/IPAPER APP/031 HOAN TAT HO SO

18-05-2025T14:30:01 - [TEST_STEP][PASSED] - Start listener action : beforeTest: drivers.Driver.openApp is PASSED

18-05-2025T14:30:01 - [TEST_STEP][PASSED] - DataTest.init(): null

18-05-2025T14:30:01 - [TEST_STEP][PASSED] - testCaseId = split("/").last(): null

18-05-2025T14:30:01 - [TEST_STEP][PASSED] - if (!(drivers.Driver.isAppiumRunning())): drivers.Driver.isAppiumRunning is PASSED

18-05-2025T14:30:01 - [MESSAGE][INFO] - Appium running: true

18-05-2025T14:30:01 - [MESSAGE][PASSED] - drivers.Driver.isAppiumRunning is PASSED

18-05-2025T14:30:01 - [TEST_STEP][PASSED] - if (driver == null || driver.getSessionId() == null): null

18-05-2025T14:30:01 - [TEST_STEP][PASSED] - drivers.Driver.openApp(): drivers.Driver.openApp is PASSED

18-05-2025T14:30:03 - [MESSAGE][PASSED] - drivers.Driver.openApp is PASSED

18-05-2025T14:30:03 - [TEST_STEP][PASSED] - REQUEST_NAME = "Trình ký PDF có sẵn": null

18-05-2025T14:30:03 - [TEST_STEP][PASSED] - COMMENT = "Commented by automation team": null

18-05-2025T14:30:03 - [TEST_STEP][PASSED] - auto5 = DataTest.getUserTest("auto5"): null

18-05-2025T14:30:03 - [TEST_STEP][PASSED] - auto6 = DataTest.getUserTest("auto6"): null

18-05-2025T14:30:03 - [TEST_STEP][PASSED] - document = DataTest.createDocumentTest(auto5, auto6, null, "dummy.pdf", "dummy.pdf"): null

18-05-2025T14:30:03 - [TEST_STEP][PASSED] - loginScreen.login(auto5): null

18-05-2025T14:30:11 - [TEST_STEP][PASSED] - homeScreen.openRequestList(): null

18-05-2025T14:30:16 - [TEST_STEP][PASSED] - homeScreen.createRequest(REQUEST_NAME): null

18-05-2025T14:30:19 - [TEST_STEP][PASSED] - pdfSignScreen.fillInTitle(document.getTitle()): null

18-05-2025T14:30:22 - [TEST_STEP][PASSED] - pdfSignScreen.selectPriority(document.getPriority()): null

18-05-2025T14:30:24 - [TEST_STEP][PASSED] - pdfSignScreen.selectTime(document.getTime()): null

18-05-2025T14:30:27 - [TEST_STEP][PASSED] - pdfSignScreen.fillInDescription(document.getDescription()): null

18-05-2025T14:30:29 - [TEST_STEP][PASSED] - pdfSignScreen.selectAssigner(getAssigner().getEmail()): null

18-05-2025T14:30:34 - [TEST_STEP][PASSED] - pdfSignScreen.openMainFileBrowser(): null

18-05-2025T14:30:39 - [TEST_STEP][PASSED] - fileBrowserScreen.attachFile(document.getMainFileName()): null

18-05-2025T14:30:46 - [TEST_STEP][PASSED] - pdfSignScreen.openSubFileBrowser(): null

18-05-2025T14:30:47 - [TEST_STEP][PASSED] - fileBrowserScreen.attachFile(document.getSubFileName()): null

18-05-2025T14:30:53 - [TEST_STEP][PASSED] - pdfSignScreen.performAction(SEND_APPROVE): null

18-05-2025T14:30:57 - [TEST_STEP][PASSED] - pdfSignScreen.fillInOpinion(document.getComment()): null

18-05-2025T14:30:58 - [TEST_STEP][PASSED] - pdfSignScreen.submitRequest(): null

18-05-2025T14:31:06 - [TEST_STEP][PASSED] - documentInformationScreen.backToHome(): null

18-05-2025T14:31:07 - [TEST_STEP][PASSED] - homeScreen.logout(): null

18-05-2025T14:31:15 - [TEST_STEP][PASSED] - document.setStatus(WAIT_APPROVE): null

18-05-2025T14:31:15 - [TEST_STEP][PASSED] - document.setAssigner(auto5): null

18-05-2025T14:31:15 - [TEST_STEP][PASSED] - loginScreen.login(auto6): null

18-05-2025T14:31:25 - [TEST_STEP][PASSED] - homeScreen.goToIncomingDocument(): null

18-05-2025T14:31:25 - [TEST_STEP][PASSED] - inComingDocument.viewMainFile(document): null

18-05-2025T14:31:26 - [TEST_STEP][PASSED] - document.setSender(auto6): null

18-05-2025T14:31:26 - [TEST_STEP][PASSED] - documentInformationScreen.performAction(document, APPROVE, COMMENT): null

18-05-2025T14:31:34 - [TEST_STEP][PASSED] - documentInformationScreen.backToHome(): null

18-05-2025T14:31:36 - [TEST_STEP][PASSED] - inComingDocument.checkItemInDocument(): null

18-05-2025T14:31:36 - [TEST_STEP][PASSED] - homeScreen.goToOutComingDocument(): null

18-05-2025T14:31:46 - [TEST_STEP][PASSED] - outComingDocument.viewInformationDocument(document): null

18-05-2025T14:31:47 - [TEST_STEP][PASSED] - documentInformationScreen.checkDocumentTitle(document): Verify equals GUI: Trình ký 1747553403593 - DATA: Trình ký 1747553403593

18-05-2025T14:31:51 - [MESSAGE][PASSED] - Verify equals GUI: Trình ký 1747553403593 - DATA: Trình ký 1747553403593

18-05-2025T14:31:51 - [TEST_STEP][PASSED] - documentInformationScreen.checkSender(document): Verify equals GUI: Auto Test User 6 - DATA: Auto Test User 6

18-05-2025T14:31:51 - [MESSAGE][PASSED] - Verify equals GUI: Auto Test User 6 - DATA: Auto Test User 6

18-05-2025T14:31:51 - [TEST_STEP][PASSED] - documentInformationScreen.checkStatus(document): Verify equals GUI: Đã duyệt - DATA: Đã duyệt

18-05-2025T14:31:51 - [MESSAGE][PASSED] - Verify equals GUI: Đã duyệt - DATA: Đã duyệt

18-05-2025T14:31:51 - [TEST_STEP][PASSED] - documentInformationScreen.checkCreateDate(): Verify equals GUI: 18/05/2025 - DATA: 18/05/2025

18-05-2025T14:31:51 - [MESSAGE][PASSED] - Verify equals GUI: 18/05/2025 - DATA: 18/05/2025

18-05-2025T14:31:51 - [TEST_STEP][PASSED] - documentInformationScreen.checkFinishDate(document): Verify equals GUI: 19/05/2025 - DATA: 19/05/2025

18-05-2025T14:31:51 - [MESSAGE][PASSED] - Verify equals GUI: 19/05/2025 - DATA: 19/05/2025

18-05-2025T14:31:51 - [TEST_STEP][PASSED] - documentInformationScreen.checkPriority(document): Verify equals GUI: Khẩn cấp - DATA: Khẩn cấp

18-05-2025T14:31:52 - [MESSAGE][PASSED] - Verify equals GUI: Khẩn cấp - DATA: Khẩn cấp

18-05-2025T14:31:52 - [TEST_STEP][PASSED] - documentInformationScreen.checkDescription(document): Verify equals GUI: 031 HOAN TAT HO SO - DATA: 031 HOAN TAT HO SO

18-05-2025T14:31:52 - [MESSAGE][PASSED] - Verify equals GUI: 031 HOAN TAT HO SO - DATA: 031 HOAN TAT HO SO

18-05-2025T14:31:52 - [TEST_STEP][PASSED] - documentInformationScreen.checkAssigner(document): Verify contains GUI: auto5@hdbank.com.vn - DATA: auto5@hdbank.com.vn

18-05-2025T14:31:53 - [MESSAGE][PASSED] - Verify contains GUI: auto5@hdbank.com.vn - DATA: auto5@hdbank.com.vn

18-05-2025T14:31:53 - [TEST_STEP][PASSED] - documentInformationScreen.checkPresentFileName(document): Verify contains GUI: dummy_20250518143122.ozd - DATA: dummy

18-05-2025T14:31:54 - [MESSAGE][PASSED] - Verify contains GUI: dummy_20250518143122.ozd - DATA: dummy

18-05-2025T14:31:54 - [TEST_STEP][PASSED] - documentInformationScreen.checkAttachFileName(document): Expected true condition

18-05-2025T14:31:56 - [MESSAGE][PASSED] - Expected true condition

18-05-2025T14:31:56 - [TEST_STEP][PASSED] - documentInformationScreen.checkComment(auto6, COMMENT): Check comment of Auto Test User 6 is Commented by automation team

18-05-2025T14:31:57 - [MESSAGE][INFO] - GUI COMMENT: Commented by automation team - DATA COMMENT: Commented by automation team

18-05-2025T14:31:57 - [MESSAGE][PASSED] - Check comment of Auto Test User 6 is Commented by automation team

18-05-2025T14:31:57 - [TEST_STEP][PASSED] - documentInformationScreen.backToHome(): null

18-05-2025T14:32:02 - [TEST_STEP][PASSED] - inComingDocument.checkItemInDocument(): null

18-05-2025T14:32:02 - [TEST_STEP][PASSED] - documentInformationScreen.backToHome(): null

18-05-2025T14:32:02 - [TEST_STEP][PASSED] - homeScreen.logout(): null

18-05-2025T14:32:10 - [TEST_STEP][PASSED] - loginScreen.login(auto5): null

18-05-2025T14:32:19 - [TEST_STEP][PASSED] - homeScreen.goToOutComingDocument(): null

18-05-2025T14:32:28 - [TEST_STEP][PASSED] - Start listener action : afterTest: null

18-05-2025T14:32:28 - [TEST_STEP][PASSED] - if (testCaseStatus != "PASSED"): null

18-05-2025T14:32:28 - [TEST_STEP][PASSED] - drivers.Driver.closeApp(): drivers.Driver.closeApp is PASSED

18-05-2025T14:32:29 - [MESSAGE][PASSED] - drivers.Driver.closeApp is PASSED

18-05-2025T14:32:29 - [TEST_STEP][PASSED] - if (tsContext == null): null]]></system-out>
         <system-err><![CDATA[]]></system-err>
      </testcase>
      <testcase name="Test Cases/IPAPER APP/021 TU CHOI TẠI MAIN FILE_NHAP Y KIEN" time="124.468" classname="Test Cases/IPAPER APP/021 TU CHOI TẠI MAIN FILE_NHAP Y KIEN" status="PASSED">
         <system-out><![CDATA[18-05-2025T14:32:29 - [TEST_CASE][PASSED] - Test Cases/IPAPER APP/021 TU CHOI TẠI MAIN FILE_NHAP Y KIEN: Test Cases/IPAPER APP/021 TU CHOI TẠI MAIN FILE_NHAP Y KIEN

18-05-2025T14:32:29 - [TEST_STEP][PASSED] - Start listener action : beforeTest: drivers.Driver.openApp is PASSED

18-05-2025T14:32:29 - [TEST_STEP][PASSED] - DataTest.init(): null

18-05-2025T14:32:29 - [TEST_STEP][PASSED] - testCaseId = split("/").last(): null

18-05-2025T14:32:29 - [TEST_STEP][PASSED] - if (!(drivers.Driver.isAppiumRunning())): drivers.Driver.isAppiumRunning is PASSED

18-05-2025T14:32:29 - [MESSAGE][INFO] - Appium running: true

18-05-2025T14:32:29 - [MESSAGE][PASSED] - drivers.Driver.isAppiumRunning is PASSED

18-05-2025T14:32:29 - [TEST_STEP][PASSED] - if (driver == null || driver.getSessionId() == null): null

18-05-2025T14:32:29 - [TEST_STEP][PASSED] - drivers.Driver.openApp(): drivers.Driver.openApp is PASSED

18-05-2025T14:32:32 - [MESSAGE][PASSED] - drivers.Driver.openApp is PASSED

18-05-2025T14:32:32 - [TEST_STEP][PASSED] - REQUEST_NAME = "Trình ký PDF có sẵn": null

18-05-2025T14:32:32 - [TEST_STEP][PASSED] - COMMENT = "Commented by automation team in case 21": null

18-05-2025T14:32:32 - [TEST_STEP][PASSED] - auto5 = DataTest.getUserTest("auto5"): null

18-05-2025T14:32:32 - [TEST_STEP][PASSED] - auto6 = DataTest.getUserTest("auto6"): null

18-05-2025T14:32:32 - [TEST_STEP][PASSED] - document = DataTest.createDocumentTest(auto5, auto6, null, "dummy.pdf", "dummy.pdf"): null

18-05-2025T14:32:32 - [TEST_STEP][PASSED] - loginScreen.login(auto5): null

18-05-2025T14:32:39 - [TEST_STEP][PASSED] - homeScreen.openRequestList(): null

18-05-2025T14:32:44 - [TEST_STEP][PASSED] - homeScreen.createRequest(REQUEST_NAME): null

18-05-2025T14:32:47 - [TEST_STEP][PASSED] - pdfSignScreen.fillInTitle(document.getTitle()): null

18-05-2025T14:32:50 - [TEST_STEP][PASSED] - pdfSignScreen.selectPriority(document.getPriority()): null

18-05-2025T14:32:52 - [TEST_STEP][PASSED] - pdfSignScreen.selectTime(document.getTime()): null

18-05-2025T14:32:54 - [TEST_STEP][PASSED] - pdfSignScreen.fillInDescription(document.getDescription()): null

18-05-2025T14:32:56 - [TEST_STEP][PASSED] - pdfSignScreen.selectAssigner(getAssigner().getEmail()): null

18-05-2025T14:33:02 - [TEST_STEP][PASSED] - pdfSignScreen.openMainFileBrowser(): null

18-05-2025T14:33:07 - [TEST_STEP][PASSED] - fileBrowserScreen.attachFile(document.getMainFileName()): null

18-05-2025T14:33:13 - [TEST_STEP][PASSED] - pdfSignScreen.openSubFileBrowser(): null

18-05-2025T14:33:15 - [TEST_STEP][PASSED] - fileBrowserScreen.attachFile(document.getSubFileName()): null

18-05-2025T14:33:21 - [TEST_STEP][PASSED] - pdfSignScreen.performAction(SEND_APPROVE): null

18-05-2025T14:33:25 - [TEST_STEP][PASSED] - pdfSignScreen.fillInOpinion(document.getComment()): null

18-05-2025T14:33:26 - [TEST_STEP][PASSED] - pdfSignScreen.submitRequest(): null

18-05-2025T14:33:33 - [TEST_STEP][PASSED] - documentInformationScreen.backToHome(): null

18-05-2025T14:33:33 - [TEST_STEP][PASSED] - homeScreen.logout(): null

18-05-2025T14:33:42 - [TEST_STEP][PASSED] - document.setStatus(WAIT_APPROVE): null

18-05-2025T14:33:42 - [TEST_STEP][PASSED] - document.setAssigner(auto5): null

18-05-2025T14:33:42 - [TEST_STEP][PASSED] - loginScreen.login(auto6): null

18-05-2025T14:33:51 - [TEST_STEP][PASSED] - homeScreen.goToIncomingDocument(): null

18-05-2025T14:33:51 - [TEST_STEP][PASSED] - inComingDocument.viewMainFile(document): null

18-05-2025T14:33:52 - [TEST_STEP][PASSED] - documentInformationScreen.performAction(document, REJECT, COMMENT): null

18-05-2025T14:34:00 - [TEST_STEP][PASSED] - documentInformationScreen.backToHome(): null

18-05-2025T14:34:02 - [TEST_STEP][PASSED] - inComingDocument.checkItemInDocument(): null

18-05-2025T14:34:02 - [TEST_STEP][PASSED] - homeScreen.goToOutComingDocument(): null

18-05-2025T14:34:12 - [TEST_STEP][PASSED] - outComingDocument.viewInformationDocument(document): null

18-05-2025T14:34:13 - [TEST_STEP][PASSED] - documentInformationScreen.checkDocumentTitle(document): Verify equals GUI: Trình ký 1747553552082 - DATA: Trình ký 1747553552082

18-05-2025T14:34:16 - [MESSAGE][PASSED] - Verify equals GUI: Trình ký 1747553552082 - DATA: Trình ký 1747553552082

18-05-2025T14:34:16 - [TEST_STEP][PASSED] - documentInformationScreen.checkSender(document): Verify equals GUI: Auto Test User 5 - DATA: Auto Test User 5

18-05-2025T14:34:16 - [MESSAGE][PASSED] - Verify equals GUI: Auto Test User 5 - DATA: Auto Test User 5

18-05-2025T14:34:16 - [TEST_STEP][PASSED] - documentInformationScreen.checkStatus(document): Verify equals GUI: Từ chối - DATA: Từ chối

18-05-2025T14:34:16 - [MESSAGE][PASSED] - Verify equals GUI: Từ chối - DATA: Từ chối

18-05-2025T14:34:16 - [TEST_STEP][PASSED] - documentInformationScreen.checkCreateDate(): Verify equals GUI: 18/05/2025 - DATA: 18/05/2025

18-05-2025T14:34:16 - [MESSAGE][PASSED] - Verify equals GUI: 18/05/2025 - DATA: 18/05/2025

18-05-2025T14:34:16 - [TEST_STEP][PASSED] - documentInformationScreen.checkFinishDate(document): Verify equals GUI: 19/05/2025 - DATA: 19/05/2025

18-05-2025T14:34:16 - [MESSAGE][PASSED] - Verify equals GUI: 19/05/2025 - DATA: 19/05/2025

18-05-2025T14:34:16 - [TEST_STEP][PASSED] - documentInformationScreen.checkPriority(document): Verify equals GUI: Cao - DATA: Cao

18-05-2025T14:34:17 - [MESSAGE][PASSED] - Verify equals GUI: Cao - DATA: Cao

18-05-2025T14:34:17 - [TEST_STEP][PASSED] - documentInformationScreen.checkDescription(document): Verify equals GUI: 021 TU CHOI TẠI MAIN FILE_NHAP Y KIEN - DATA: 021 TU CHOI TẠI MAIN FILE_NHAP Y KIEN

18-05-2025T14:34:17 - [MESSAGE][PASSED] - Verify equals GUI: 021 TU CHOI TẠI MAIN FILE_NHAP Y KIEN - DATA: 021 TU CHOI TẠI MAIN FILE_NHAP Y KIEN

18-05-2025T14:34:17 - [TEST_STEP][PASSED] - documentInformationScreen.checkPresentFileName(document): Verify contains GUI: dummy_20250518143349.ozd - DATA: dummy

18-05-2025T14:34:22 - [MESSAGE][PASSED] - Verify contains GUI: dummy_20250518143349.ozd - DATA: dummy

18-05-2025T14:34:22 - [TEST_STEP][PASSED] - documentInformationScreen.isAssignerDisplayed(): Check sender not displayed

18-05-2025T14:34:25 - [MESSAGE][PASSED] - Check sender not displayed

18-05-2025T14:34:25 - [TEST_STEP][PASSED] - documentInformationScreen.checkAttachFileName(document): Expected true condition

18-05-2025T14:34:27 - [MESSAGE][PASSED] - Expected true condition

18-05-2025T14:34:27 - [TEST_STEP][PASSED] - documentInformationScreen.checkComment(auto6, COMMENT): Check comment of Auto Test User 6 is Commented by automation team in case 21

18-05-2025T14:34:28 - [MESSAGE][INFO] - GUI COMMENT: Commented by automation team in case 21 - DATA COMMENT: Commented by automation team in case 21

18-05-2025T14:34:28 - [MESSAGE][PASSED] - Check comment of Auto Test User 6 is Commented by automation team in case 21

18-05-2025T14:34:28 - [TEST_STEP][PASSED] - documentInformationScreen.backToHome(): null

18-05-2025T14:34:33 - [TEST_STEP][PASSED] - inComingDocument.checkItemInDocument(): null

18-05-2025T14:34:33 - [TEST_STEP][PASSED] - Start listener action : afterTest: null

18-05-2025T14:34:33 - [TEST_STEP][PASSED] - if (testCaseStatus != "PASSED"): null

18-05-2025T14:34:33 - [TEST_STEP][PASSED] - drivers.Driver.closeApp(): drivers.Driver.closeApp is PASSED

18-05-2025T14:34:33 - [MESSAGE][PASSED] - drivers.Driver.closeApp is PASSED

18-05-2025T14:34:33 - [TEST_STEP][PASSED] - if (tsContext == null): null]]></system-out>
         <system-err><![CDATA[]]></system-err>
      </testcase>
      <testcase name="Test Cases/IPAPER APP/038 LAY Y KIEN NHANH_NHAP Y KIEN" time="136.786" classname="Test Cases/IPAPER APP/038 LAY Y KIEN NHANH_NHAP Y KIEN" status="PASSED">
         <system-out><![CDATA[18-05-2025T14:34:33 - [TEST_CASE][PASSED] - Test Cases/IPAPER APP/038 LAY Y KIEN NHANH_NHAP Y KIEN: Test Cases/IPAPER APP/038 LAY Y KIEN NHANH_NHAP Y KIEN

18-05-2025T14:34:33 - [TEST_STEP][PASSED] - Start listener action : beforeTest: drivers.Driver.openApp is PASSED

18-05-2025T14:34:33 - [TEST_STEP][PASSED] - DataTest.init(): null

18-05-2025T14:34:33 - [TEST_STEP][PASSED] - testCaseId = split("/").last(): null

18-05-2025T14:34:33 - [TEST_STEP][PASSED] - if (!(drivers.Driver.isAppiumRunning())): drivers.Driver.isAppiumRunning is PASSED

18-05-2025T14:34:33 - [MESSAGE][INFO] - Appium running: true

18-05-2025T14:34:33 - [MESSAGE][PASSED] - drivers.Driver.isAppiumRunning is PASSED

18-05-2025T14:34:33 - [TEST_STEP][PASSED] - if (driver == null || driver.getSessionId() == null): null

18-05-2025T14:34:33 - [TEST_STEP][PASSED] - drivers.Driver.openApp(): drivers.Driver.openApp is PASSED

18-05-2025T14:34:36 - [MESSAGE][PASSED] - drivers.Driver.openApp is PASSED

18-05-2025T14:34:36 - [TEST_STEP][PASSED] - REQUEST_NAME = "Trình ký PDF có sẵn": null

18-05-2025T14:34:36 - [TEST_STEP][PASSED] - USER_CREATE_COMMENT = "Commented by user create document": null

18-05-2025T14:34:36 - [TEST_STEP][PASSED] - ASSIGNER_COMMENT = "Comment by assigner": null

18-05-2025T14:34:36 - [TEST_STEP][PASSED] - documentTitle = "Trình ký " + System.currentTimeMillis(): null

18-05-2025T14:34:36 - [TEST_STEP][PASSED] - auto5 = DataTest.getUserTest("auto5"): null

18-05-2025T14:34:36 - [TEST_STEP][PASSED] - auto6 = DataTest.getUserTest("auto6"): null

18-05-2025T14:34:36 - [TEST_STEP][PASSED] - document = DataTest.createDocumentTest(auto5, auto6, null, "dummy.pdf", "dummy.pdf"): null

18-05-2025T14:34:36 - [TEST_STEP][PASSED] - loginScreen.login(auto5): null

18-05-2025T14:34:44 - [TEST_STEP][PASSED] - homeScreen.openRequestList(): null

18-05-2025T14:34:49 - [TEST_STEP][PASSED] - homeScreen.createRequest(REQUEST_NAME): null

18-05-2025T14:34:53 - [TEST_STEP][PASSED] - pdfSignScreen.fillInTitle(document.getTitle()): null

18-05-2025T14:34:56 - [TEST_STEP][PASSED] - pdfSignScreen.selectPriority(document.getPriority()): null

18-05-2025T14:34:58 - [TEST_STEP][PASSED] - pdfSignScreen.selectTime(document.getTime()): null

18-05-2025T14:35:01 - [TEST_STEP][PASSED] - pdfSignScreen.fillInDescription(document.getDescription()): null

18-05-2025T14:35:03 - [TEST_STEP][PASSED] - pdfSignScreen.selectAssigner(getAssigner().getEmail()): null

18-05-2025T14:35:08 - [TEST_STEP][PASSED] - pdfSignScreen.openMainFileBrowser(): null

18-05-2025T14:35:13 - [TEST_STEP][PASSED] - fileBrowserScreen.attachFile(document.getMainFileName()): null

18-05-2025T14:35:19 - [TEST_STEP][PASSED] - pdfSignScreen.openSubFileBrowser(): null

18-05-2025T14:35:20 - [TEST_STEP][PASSED] - fileBrowserScreen.attachFile(document.getSubFileName()): null

18-05-2025T14:35:26 - [TEST_STEP][PASSED] - pdfSignScreen.performAction(SEND_WITH_COMENT): null

18-05-2025T14:35:29 - [TEST_STEP][PASSED] - pdfSignScreen.fillInOpinion(USER_CREATE_COMMENT): null

18-05-2025T14:35:31 - [TEST_STEP][PASSED] - pdfSignScreen.submitRequest(): null

18-05-2025T14:35:38 - [TEST_STEP][PASSED] - documentInformationScreen.backToHome(): null

18-05-2025T14:35:39 - [TEST_STEP][PASSED] - homeScreen.logout(): null

18-05-2025T14:35:47 - [TEST_STEP][PASSED] - document.setStatus(WAIT_GET_COMMENT): null

18-05-2025T14:35:47 - [TEST_STEP][PASSED] - document.setAssigner(auto5): null

18-05-2025T14:35:47 - [TEST_STEP][PASSED] - loginScreen.login(auto6): null

18-05-2025T14:35:56 - [TEST_STEP][PASSED] - homeScreen.goToIncomingDocument(): null

18-05-2025T14:35:56 - [TEST_STEP][PASSED] - inComingDocument.viewInformationDocument(document): View document Trình ký 1747553676521

18-05-2025T14:35:56 - [MESSAGE][INFO] - View document Trình ký 1747553676521

18-05-2025T14:36:03 - [TEST_STEP][PASSED] - documentInformationScreen.checkDocumentTitle(document): Verify equals GUI: Trình ký 1747553676521 - DATA: Trình ký 1747553676521

18-05-2025T14:36:03 - [MESSAGE][PASSED] - Verify equals GUI: Trình ký 1747553676521 - DATA: Trình ký 1747553676521

18-05-2025T14:36:03 - [TEST_STEP][PASSED] - documentInformationScreen.checkSender(document): Verify equals GUI: Auto Test User 5 - DATA: Auto Test User 5

18-05-2025T14:36:03 - [MESSAGE][PASSED] - Verify equals GUI: Auto Test User 5 - DATA: Auto Test User 5

18-05-2025T14:36:03 - [TEST_STEP][PASSED] - documentInformationScreen.checkStatus(document): Verify equals GUI: Chờ lấy ý kiến - DATA: Chờ lấy ý kiến

18-05-2025T14:36:03 - [MESSAGE][PASSED] - Verify equals GUI: Chờ lấy ý kiến - DATA: Chờ lấy ý kiến

18-05-2025T14:36:03 - [TEST_STEP][PASSED] - documentInformationScreen.checkCreateDate(): Verify equals GUI: 18/05/2025 - DATA: 18/05/2025

18-05-2025T14:36:03 - [MESSAGE][PASSED] - Verify equals GUI: 18/05/2025 - DATA: 18/05/2025

18-05-2025T14:36:03 - [TEST_STEP][PASSED] - documentInformationScreen.checkFinishDate(document): Verify equals GUI: 19/05/2025 - DATA: 19/05/2025

18-05-2025T14:36:03 - [MESSAGE][PASSED] - Verify equals GUI: 19/05/2025 - DATA: 19/05/2025

18-05-2025T14:36:03 - [TEST_STEP][PASSED] - documentInformationScreen.checkPriority(document): Verify equals GUI: Cao - DATA: Cao

18-05-2025T14:36:04 - [MESSAGE][PASSED] - Verify equals GUI: Cao - DATA: Cao

18-05-2025T14:36:04 - [TEST_STEP][PASSED] - documentInformationScreen.checkDescription(document): Verify equals GUI: 038 LAY Y KIEN NHANH_NHAP Y KIEN - DATA: 038 LAY Y KIEN NHANH_NHAP Y KIEN

18-05-2025T14:36:04 - [MESSAGE][PASSED] - Verify equals GUI: 038 LAY Y KIEN NHANH_NHAP Y KIEN - DATA: 038 LAY Y KIEN NHANH_NHAP Y KIEN

18-05-2025T14:36:04 - [TEST_STEP][PASSED] - documentInformationScreen.checkAssigner(document): Verify contains GUI: auto5@hdbank.com.vn - DATA: auto5@hdbank.com.vn

18-05-2025T14:36:05 - [MESSAGE][PASSED] - Verify contains GUI: auto5@hdbank.com.vn - DATA: auto5@hdbank.com.vn

18-05-2025T14:36:05 - [TEST_STEP][PASSED] - documentInformationScreen.checkPresentFileName(document): Verify contains GUI: dummy_20250518143554.ozd - DATA: dummy

18-05-2025T14:36:06 - [MESSAGE][PASSED] - Verify contains GUI: dummy_20250518143554.ozd - DATA: dummy

18-05-2025T14:36:06 - [TEST_STEP][PASSED] - documentInformationScreen.checkAttachFileName(document): Expected true condition

18-05-2025T14:36:08 - [MESSAGE][PASSED] - Expected true condition

18-05-2025T14:36:08 - [TEST_STEP][PASSED] - documentInformationScreen.backToHome(): null

18-05-2025T14:36:13 - [TEST_STEP][PASSED] - inComingDocument.performAction(document, SEND_COMMENT, ASSIGNER_COMMENT): null

18-05-2025T14:36:21 - [TEST_STEP][PASSED] - document.setSender(auto6): null

18-05-2025T14:36:21 - [TEST_STEP][PASSED] - inComingDocument.checkItemInDocument(): null

18-05-2025T14:36:21 - [TEST_STEP][PASSED] - homeScreen.goToOutComingDocument(): null

18-05-2025T14:36:31 - [TEST_STEP][PASSED] - outComingDocument.viewInformationDocument(document): null

18-05-2025T14:36:32 - [TEST_STEP][PASSED] - documentInformationScreen.checkDocumentTitle(document): Verify equals GUI: Trình ký 1747553676521 - DATA: Trình ký 1747553676521

18-05-2025T14:36:36 - [MESSAGE][PASSED] - Verify equals GUI: Trình ký 1747553676521 - DATA: Trình ký 1747553676521

18-05-2025T14:36:36 - [TEST_STEP][PASSED] - documentInformationScreen.checkSender(document): Verify equals GUI: Auto Test User 6 - DATA: Auto Test User 6

18-05-2025T14:36:36 - [MESSAGE][PASSED] - Verify equals GUI: Auto Test User 6 - DATA: Auto Test User 6

18-05-2025T14:36:36 - [TEST_STEP][PASSED] - documentInformationScreen.checkStatus(document): Verify equals GUI: Đã lấy ý kiến - DATA: Đã lấy ý kiến

18-05-2025T14:36:36 - [MESSAGE][PASSED] - Verify equals GUI: Đã lấy ý kiến - DATA: Đã lấy ý kiến

18-05-2025T14:36:36 - [TEST_STEP][PASSED] - documentInformationScreen.checkCreateDate(): Verify equals GUI: 18/05/2025 - DATA: 18/05/2025

18-05-2025T14:36:36 - [MESSAGE][PASSED] - Verify equals GUI: 18/05/2025 - DATA: 18/05/2025

18-05-2025T14:36:36 - [TEST_STEP][PASSED] - documentInformationScreen.checkFinishDate(document): Verify equals GUI: 19/05/2025 - DATA: 19/05/2025

18-05-2025T14:36:37 - [MESSAGE][PASSED] - Verify equals GUI: 19/05/2025 - DATA: 19/05/2025

18-05-2025T14:36:37 - [TEST_STEP][PASSED] - documentInformationScreen.checkPriority(document): Verify equals GUI: Cao - DATA: Cao

18-05-2025T14:36:37 - [MESSAGE][PASSED] - Verify equals GUI: Cao - DATA: Cao

18-05-2025T14:36:37 - [TEST_STEP][PASSED] - documentInformationScreen.checkDescription(document): Verify equals GUI: 038 LAY Y KIEN NHANH_NHAP Y KIEN - DATA: 038 LAY Y KIEN NHANH_NHAP Y KIEN

18-05-2025T14:36:37 - [MESSAGE][PASSED] - Verify equals GUI: 038 LAY Y KIEN NHANH_NHAP Y KIEN - DATA: 038 LAY Y KIEN NHANH_NHAP Y KIEN

18-05-2025T14:36:37 - [TEST_STEP][PASSED] - documentInformationScreen.isAssignerDisplayed(): Check sender not displayed

18-05-2025T14:36:40 - [MESSAGE][PASSED] - Check sender not displayed

18-05-2025T14:36:40 - [TEST_STEP][PASSED] - documentInformationScreen.checkPresentFileName(document): Verify contains GUI: dummy_20250518143554.ozd - DATA: dummy

18-05-2025T14:36:41 - [MESSAGE][PASSED] - Verify contains GUI: dummy_20250518143554.ozd - DATA: dummy

18-05-2025T14:36:41 - [TEST_STEP][PASSED] - documentInformationScreen.checkAttachFileName(document): Expected true condition

18-05-2025T14:36:43 - [MESSAGE][PASSED] - Expected true condition

18-05-2025T14:36:43 - [TEST_STEP][PASSED] - documentInformationScreen.checkComment(auto6, ASSIGNER_COMMENT): Check comment of Auto Test User 6 is Comment by assigner

18-05-2025T14:36:44 - [MESSAGE][INFO] - GUI COMMENT: Comment by assigner - DATA COMMENT: Comment by assigner

18-05-2025T14:36:44 - [MESSAGE][PASSED] - Check comment of Auto Test User 6 is Comment by assigner

18-05-2025T14:36:44 - [TEST_STEP][PASSED] - documentInformationScreen.checkComment(auto5, USER_CREATE_COMMENT): Check comment of Auto Test User 5 is Commented by user create document

18-05-2025T14:36:45 - [MESSAGE][INFO] - GUI COMMENT: Commented by user create document - DATA COMMENT: Commented by user create document

18-05-2025T14:36:45 - [MESSAGE][PASSED] - Check comment of Auto Test User 5 is Commented by user create document

18-05-2025T14:36:45 - [TEST_STEP][PASSED] - documentInformationScreen.backToHome(): null

18-05-2025T14:36:50 - [TEST_STEP][PASSED] - inComingDocument.checkItemInDocument(): null

18-05-2025T14:36:50 - [TEST_STEP][PASSED] - Start listener action : afterTest: null

18-05-2025T14:36:50 - [TEST_STEP][PASSED] - if (testCaseStatus != "PASSED"): null

18-05-2025T14:36:50 - [TEST_STEP][PASSED] - drivers.Driver.closeApp(): drivers.Driver.closeApp is PASSED

18-05-2025T14:36:50 - [MESSAGE][PASSED] - drivers.Driver.closeApp is PASSED

18-05-2025T14:36:50 - [TEST_STEP][PASSED] - if (tsContext == null): null]]></system-out>
         <system-err><![CDATA[]]></system-err>
      </testcase>
      <testcase name="Test Cases/IPAPER APP/008 HIEN THI HO SO DI" time="21.535" classname="Test Cases/IPAPER APP/008 HIEN THI HO SO DI" status="PASSED">
         <system-out><![CDATA[18-05-2025T14:36:50 - [TEST_CASE][PASSED] - Test Cases/IPAPER APP/008 HIEN THI HO SO DI: Test Cases/IPAPER APP/008 HIEN THI HO SO DI

18-05-2025T14:36:50 - [TEST_STEP][PASSED] - Start listener action : beforeTest: drivers.Driver.openApp is PASSED

18-05-2025T14:36:50 - [TEST_STEP][PASSED] - DataTest.init(): null

18-05-2025T14:36:50 - [TEST_STEP][PASSED] - testCaseId = split("/").last(): null

18-05-2025T14:36:50 - [TEST_STEP][PASSED] - if (!(drivers.Driver.isAppiumRunning())): drivers.Driver.isAppiumRunning is PASSED

18-05-2025T14:36:50 - [MESSAGE][INFO] - Appium running: true

18-05-2025T14:36:50 - [MESSAGE][PASSED] - drivers.Driver.isAppiumRunning is PASSED

18-05-2025T14:36:50 - [TEST_STEP][PASSED] - if (driver == null || driver.getSessionId() == null): null

18-05-2025T14:36:50 - [TEST_STEP][PASSED] - drivers.Driver.openApp(): drivers.Driver.openApp is PASSED

18-05-2025T14:36:53 - [MESSAGE][PASSED] - drivers.Driver.openApp is PASSED

18-05-2025T14:36:53 - [TEST_STEP][PASSED] - auto1 = DataTest.getUserTest("auto1"): null

18-05-2025T14:36:53 - [TEST_STEP][PASSED] - loginScreen.login(auto1): null

18-05-2025T14:37:01 - [TEST_STEP][PASSED] - homeScreen.goToOutComingDocument(): null

18-05-2025T14:37:11 - [TEST_STEP][PASSED] - outComingDocument.checkItemInDocument(): null

18-05-2025T14:37:11 - [TEST_STEP][PASSED] - Start listener action : afterTest: null

18-05-2025T14:37:11 - [TEST_STEP][PASSED] - if (testCaseStatus != "PASSED"): null

18-05-2025T14:37:11 - [TEST_STEP][PASSED] - drivers.Driver.closeApp(): drivers.Driver.closeApp is PASSED

18-05-2025T14:37:12 - [MESSAGE][PASSED] - drivers.Driver.closeApp is PASSED

18-05-2025T14:37:12 - [TEST_STEP][PASSED] - if (tsContext == null): null]]></system-out>
         <system-err><![CDATA[]]></system-err>
      </testcase>
      <testcase name="Test Cases/IPAPER APP/024 TRA VE CHI TIET_NHAP Y KIEN" time="128.678" classname="Test Cases/IPAPER APP/024 TRA VE CHI TIET_NHAP Y KIEN" status="PASSED">
         <system-out><![CDATA[18-05-2025T14:37:12 - [TEST_CASE][PASSED] - Test Cases/IPAPER APP/024 TRA VE CHI TIET_NHAP Y KIEN: Test Cases/IPAPER APP/024 TRA VE CHI TIET_NHAP Y KIEN

18-05-2025T14:37:12 - [TEST_STEP][PASSED] - Start listener action : beforeTest: drivers.Driver.openApp is PASSED

18-05-2025T14:37:12 - [TEST_STEP][PASSED] - DataTest.init(): null

18-05-2025T14:37:12 - [TEST_STEP][PASSED] - testCaseId = split("/").last(): null

18-05-2025T14:37:12 - [TEST_STEP][PASSED] - if (!(drivers.Driver.isAppiumRunning())): drivers.Driver.isAppiumRunning is PASSED

18-05-2025T14:37:12 - [MESSAGE][INFO] - Appium running: true

18-05-2025T14:37:12 - [MESSAGE][PASSED] - drivers.Driver.isAppiumRunning is PASSED

18-05-2025T14:37:12 - [TEST_STEP][PASSED] - if (driver == null || driver.getSessionId() == null): null

18-05-2025T14:37:12 - [TEST_STEP][PASSED] - drivers.Driver.openApp(): drivers.Driver.openApp is PASSED

18-05-2025T14:37:14 - [MESSAGE][PASSED] - drivers.Driver.openApp is PASSED

18-05-2025T14:37:14 - [TEST_STEP][PASSED] - REQUEST_NAME = "Trình ký PDF có sẵn": null

18-05-2025T14:37:14 - [TEST_STEP][PASSED] - COMMENT = "Commented by automaton test in case 19": null

18-05-2025T14:37:14 - [TEST_STEP][PASSED] - auto5 = DataTest.getUserTest("auto5"): null

18-05-2025T14:37:14 - [TEST_STEP][PASSED] - auto6 = DataTest.getUserTest("auto6"): null

18-05-2025T14:37:14 - [TEST_STEP][PASSED] - document = DataTest.createDocumentTest(auto5, auto6, null, "dummy.pdf", "dummy.pdf"): null

18-05-2025T14:37:14 - [TEST_STEP][PASSED] - loginScreen.login(auto5): null

18-05-2025T14:37:22 - [TEST_STEP][PASSED] - homeScreen.openRequestList(): null

18-05-2025T14:37:27 - [TEST_STEP][PASSED] - homeScreen.createRequest(REQUEST_NAME): null

18-05-2025T14:37:30 - [TEST_STEP][PASSED] - pdfSignScreen.fillInTitle(document.getTitle()): null

18-05-2025T14:37:32 - [TEST_STEP][PASSED] - pdfSignScreen.selectPriority(document.getPriority()): null

18-05-2025T14:37:35 - [TEST_STEP][PASSED] - pdfSignScreen.selectTime(document.getTime()): null

18-05-2025T14:37:37 - [TEST_STEP][PASSED] - pdfSignScreen.fillInDescription(document.getDescription()): null

18-05-2025T14:37:39 - [TEST_STEP][PASSED] - pdfSignScreen.selectAssigner(getAssigner().getEmail()): null

18-05-2025T14:37:45 - [TEST_STEP][PASSED] - pdfSignScreen.openMainFileBrowser(): null

18-05-2025T14:37:50 - [TEST_STEP][PASSED] - fileBrowserScreen.attachFile(document.getMainFileName()): null

18-05-2025T14:37:56 - [TEST_STEP][PASSED] - pdfSignScreen.openSubFileBrowser(): null

18-05-2025T14:37:57 - [TEST_STEP][PASSED] - fileBrowserScreen.attachFile(document.getSubFileName()): null

18-05-2025T14:38:04 - [TEST_STEP][PASSED] - pdfSignScreen.performAction(SEND_APPROVE): null

18-05-2025T14:38:07 - [TEST_STEP][PASSED] - pdfSignScreen.fillInOpinion(document.getComment()): null

18-05-2025T14:38:09 - [TEST_STEP][PASSED] - pdfSignScreen.submitRequest(): null

18-05-2025T14:38:16 - [TEST_STEP][PASSED] - documentInformationScreen.backToHome(): null

18-05-2025T14:38:17 - [TEST_STEP][PASSED] - homeScreen.logout(): null

18-05-2025T14:38:25 - [TEST_STEP][PASSED] - document.setStatus(WAIT_APPROVE): null

18-05-2025T14:38:25 - [TEST_STEP][PASSED] - document.setAssigner(auto5): null

18-05-2025T14:38:25 - [TEST_STEP][PASSED] - loginScreen.login(auto6): null

18-05-2025T14:38:34 - [TEST_STEP][PASSED] - homeScreen.goToIncomingDocument(): null

18-05-2025T14:38:34 - [TEST_STEP][PASSED] - inComingDocument.viewInformationDocument(document): View document Trình ký 1747553834864

18-05-2025T14:38:34 - [MESSAGE][INFO] - View document Trình ký 1747553834864

18-05-2025T14:38:39 - [TEST_STEP][PASSED] - documentInformationScreen.checkDocumentTitle(document): Verify equals GUI: Trình ký 1747553834864 - DATA: Trình ký 1747553834864

18-05-2025T14:38:39 - [MESSAGE][PASSED] - Verify equals GUI: Trình ký 1747553834864 - DATA: Trình ký 1747553834864

18-05-2025T14:38:39 - [TEST_STEP][PASSED] - documentInformationScreen.checkSender(document): Verify equals GUI: Auto Test User 5 - DATA: Auto Test User 5

18-05-2025T14:38:39 - [MESSAGE][PASSED] - Verify equals GUI: Auto Test User 5 - DATA: Auto Test User 5

18-05-2025T14:38:39 - [TEST_STEP][PASSED] - documentInformationScreen.checkStatus(document): Verify equals GUI: Chờ giám sát phê duyệt - DATA: Chờ giám sát phê duyệt

18-05-2025T14:38:39 - [MESSAGE][PASSED] - Verify equals GUI: Chờ giám sát phê duyệt - DATA: Chờ giám sát phê duyệt

18-05-2025T14:38:39 - [TEST_STEP][PASSED] - documentInformationScreen.checkCreateDate(): Verify equals GUI: 18/05/2025 - DATA: 18/05/2025

18-05-2025T14:38:40 - [MESSAGE][PASSED] - Verify equals GUI: 18/05/2025 - DATA: 18/05/2025

18-05-2025T14:38:40 - [TEST_STEP][PASSED] - documentInformationScreen.checkFinishDate(document): Verify equals GUI: 19/05/2025 - DATA: 19/05/2025

18-05-2025T14:38:40 - [MESSAGE][PASSED] - Verify equals GUI: 19/05/2025 - DATA: 19/05/2025

18-05-2025T14:38:40 - [TEST_STEP][PASSED] - documentInformationScreen.checkPriority(document): Verify equals GUI: Bình thường - DATA: Bình thường

18-05-2025T14:38:40 - [MESSAGE][PASSED] - Verify equals GUI: Bình thường - DATA: Bình thường

18-05-2025T14:38:40 - [TEST_STEP][PASSED] - documentInformationScreen.checkDescription(document): Verify equals GUI: 024 TRA VE CHI TIET_NHAP Y KIEN - DATA: 024 TRA VE CHI TIET_NHAP Y KIEN

18-05-2025T14:38:40 - [MESSAGE][PASSED] - Verify equals GUI: 024 TRA VE CHI TIET_NHAP Y KIEN - DATA: 024 TRA VE CHI TIET_NHAP Y KIEN

18-05-2025T14:38:40 - [TEST_STEP][PASSED] - documentInformationScreen.checkAssigner(document): Verify contains GUI: auto5@hdbank.com.vn - DATA: auto5@hdbank.com.vn

18-05-2025T14:38:41 - [MESSAGE][PASSED] - Verify contains GUI: auto5@hdbank.com.vn - DATA: auto5@hdbank.com.vn

18-05-2025T14:38:41 - [TEST_STEP][PASSED] - documentInformationScreen.checkPresentFileName(document): Verify contains GUI: dummy_20250518143832.ozd - DATA: dummy

18-05-2025T14:38:42 - [MESSAGE][PASSED] - Verify contains GUI: dummy_20250518143832.ozd - DATA: dummy

18-05-2025T14:38:42 - [TEST_STEP][PASSED] - documentInformationScreen.checkAttachFileName(document): Expected true condition

18-05-2025T14:38:44 - [MESSAGE][PASSED] - Expected true condition

18-05-2025T14:38:44 - [TEST_STEP][PASSED] - document.setSender(auto6): null

18-05-2025T14:38:44 - [TEST_STEP][PASSED] - documentInformationScreen.performAction(document, RETURN, COMMENT): null

18-05-2025T14:38:49 - [TEST_STEP][PASSED] - documentInformationScreen.backToHome(): null

18-05-2025T14:38:51 - [TEST_STEP][PASSED] - inComingDocument.checkItemInDocument(): null

18-05-2025T14:38:51 - [TEST_STEP][PASSED] - homeScreen.goToOutComingDocument(): null

18-05-2025T14:39:00 - [TEST_STEP][PASSED] - outComingDocument.viewInformationDocument(document): null

18-05-2025T14:39:01 - [TEST_STEP][PASSED] - documentInformationScreen.checkDocumentTitle(document): Verify equals GUI: Trình ký 1747553834864 - DATA: Trình ký 1747553834864

18-05-2025T14:39:07 - [MESSAGE][PASSED] - Verify equals GUI: Trình ký 1747553834864 - DATA: Trình ký 1747553834864

18-05-2025T14:39:07 - [TEST_STEP][PASSED] - documentInformationScreen.checkSender(document): Verify equals GUI: Auto Test User 6 - DATA: Auto Test User 6

18-05-2025T14:39:07 - [MESSAGE][PASSED] - Verify equals GUI: Auto Test User 6 - DATA: Auto Test User 6

18-05-2025T14:39:07 - [TEST_STEP][PASSED] - documentInformationScreen.checkStatus(document): Verify equals GUI: Chờ bổ sung hồ sơ - DATA: Chờ bổ sung hồ sơ

18-05-2025T14:39:07 - [MESSAGE][PASSED] - Verify equals GUI: Chờ bổ sung hồ sơ - DATA: Chờ bổ sung hồ sơ

18-05-2025T14:39:07 - [TEST_STEP][PASSED] - documentInformationScreen.checkCreateDate(): Verify equals GUI: 18/05/2025 - DATA: 18/05/2025

18-05-2025T14:39:07 - [MESSAGE][PASSED] - Verify equals GUI: 18/05/2025 - DATA: 18/05/2025

18-05-2025T14:39:07 - [TEST_STEP][PASSED] - documentInformationScreen.checkFinishDate(document): Verify equals GUI: 19/05/2025 - DATA: 19/05/2025

18-05-2025T14:39:07 - [MESSAGE][PASSED] - Verify equals GUI: 19/05/2025 - DATA: 19/05/2025

18-05-2025T14:39:07 - [TEST_STEP][PASSED] - documentInformationScreen.checkPriority(document): Verify equals GUI: Bình thường - DATA: Bình thường

18-05-2025T14:39:08 - [MESSAGE][PASSED] - Verify equals GUI: Bình thường - DATA: Bình thường

18-05-2025T14:39:08 - [TEST_STEP][PASSED] - documentInformationScreen.isAssignerDisplayed(): Check sender not displayed

18-05-2025T14:39:11 - [MESSAGE][PASSED] - Check sender not displayed

18-05-2025T14:39:11 - [TEST_STEP][PASSED] - documentInformationScreen.checkDescription(document): Verify equals GUI: 024 TRA VE CHI TIET_NHAP Y KIEN - DATA: 024 TRA VE CHI TIET_NHAP Y KIEN

18-05-2025T14:39:11 - [MESSAGE][PASSED] - Verify equals GUI: 024 TRA VE CHI TIET_NHAP Y KIEN - DATA: 024 TRA VE CHI TIET_NHAP Y KIEN

18-05-2025T14:39:11 - [TEST_STEP][PASSED] - documentInformationScreen.checkPresentFileName(document): Verify contains GUI: dummy_20250518143832.ozd - DATA: dummy

18-05-2025T14:39:12 - [MESSAGE][PASSED] - Verify contains GUI: dummy_20250518143832.ozd - DATA: dummy

18-05-2025T14:39:12 - [TEST_STEP][PASSED] - documentInformationScreen.checkAttachFileName(document): Expected true condition

18-05-2025T14:39:14 - [MESSAGE][PASSED] - Expected true condition

18-05-2025T14:39:14 - [TEST_STEP][PASSED] - documentInformationScreen.checkComment(auto6, COMMENT): Check comment of Auto Test User 6 is Commented by automaton test in case 19

18-05-2025T14:39:15 - [MESSAGE][INFO] - GUI COMMENT: Commented by automaton test in case 19 - DATA COMMENT: Commented by automaton test in case 19

18-05-2025T14:39:15 - [MESSAGE][PASSED] - Check comment of Auto Test User 6 is Commented by automaton test in case 19

18-05-2025T14:39:15 - [TEST_STEP][PASSED] - documentInformationScreen.backToHome(): null

18-05-2025T14:39:20 - [TEST_STEP][PASSED] - inComingDocument.checkItemInDocument(): null

18-05-2025T14:39:20 - [TEST_STEP][PASSED] - Start listener action : afterTest: null

18-05-2025T14:39:20 - [TEST_STEP][PASSED] - if (testCaseStatus != "PASSED"): null

18-05-2025T14:39:20 - [TEST_STEP][PASSED] - drivers.Driver.closeApp(): drivers.Driver.closeApp is PASSED

18-05-2025T14:39:20 - [MESSAGE][PASSED] - drivers.Driver.closeApp is PASSED

18-05-2025T14:39:20 - [TEST_STEP][PASSED] - if (tsContext == null): null]]></system-out>
         <system-err><![CDATA[]]></system-err>
      </testcase>
      <testcase name="Test Cases/IPAPER APP/009 DUYET NHANH" time="126.654" classname="Test Cases/IPAPER APP/009 DUYET NHANH" status="PASSED">
         <system-out><![CDATA[18-05-2025T14:39:20 - [TEST_CASE][PASSED] - Test Cases/IPAPER APP/009 DUYET NHANH: Test Cases/IPAPER APP/009 DUYET NHANH

18-05-2025T14:39:20 - [TEST_STEP][PASSED] - Start listener action : beforeTest: drivers.Driver.openApp is PASSED

18-05-2025T14:39:20 - [TEST_STEP][PASSED] - DataTest.init(): null

18-05-2025T14:39:20 - [TEST_STEP][PASSED] - testCaseId = split("/").last(): null

18-05-2025T14:39:20 - [TEST_STEP][PASSED] - if (!(drivers.Driver.isAppiumRunning())): drivers.Driver.isAppiumRunning is PASSED

18-05-2025T14:39:20 - [MESSAGE][INFO] - Appium running: true

18-05-2025T14:39:20 - [MESSAGE][PASSED] - drivers.Driver.isAppiumRunning is PASSED

18-05-2025T14:39:20 - [TEST_STEP][PASSED] - if (driver == null || driver.getSessionId() == null): null

18-05-2025T14:39:20 - [TEST_STEP][PASSED] - drivers.Driver.openApp(): drivers.Driver.openApp is PASSED

18-05-2025T14:39:23 - [MESSAGE][PASSED] - drivers.Driver.openApp is PASSED

18-05-2025T14:39:23 - [TEST_STEP][PASSED] - REQUEST_NAME = "Trình ký PDF có sẵn": null

18-05-2025T14:39:23 - [TEST_STEP][PASSED] - auto5 = DataTest.getUserTest("auto5"): null

18-05-2025T14:39:23 - [TEST_STEP][PASSED] - auto6 = DataTest.getUserTest("auto6"): null

18-05-2025T14:39:23 - [TEST_STEP][PASSED] - document = DataTest.createDocumentTest(auto5, auto6, null, "dummy.pdf", "dummy.pdf"): null

18-05-2025T14:39:23 - [TEST_STEP][PASSED] - loginScreen.login(auto5): null

18-05-2025T14:39:31 - [TEST_STEP][PASSED] - homeScreen.openRequestList(): null

18-05-2025T14:39:36 - [TEST_STEP][PASSED] - homeScreen.createRequest(REQUEST_NAME): null

18-05-2025T14:39:40 - [TEST_STEP][PASSED] - pdfSignScreen.fillInTitle(document.getTitle()): null

18-05-2025T14:39:42 - [TEST_STEP][PASSED] - pdfSignScreen.selectPriority(document.getPriority()): null

18-05-2025T14:39:44 - [TEST_STEP][PASSED] - pdfSignScreen.selectTime(document.getTime()): null

18-05-2025T14:39:47 - [TEST_STEP][PASSED] - pdfSignScreen.fillInDescription(document.getDescription()): null

18-05-2025T14:39:49 - [TEST_STEP][PASSED] - pdfSignScreen.selectAssigner(getAssigner().getEmail()): null

18-05-2025T14:39:54 - [TEST_STEP][PASSED] - pdfSignScreen.openMainFileBrowser(): null

18-05-2025T14:40:00 - [TEST_STEP][PASSED] - fileBrowserScreen.attachFile(document.getMainFileName()): null

18-05-2025T14:40:05 - [TEST_STEP][PASSED] - pdfSignScreen.openSubFileBrowser(): null

18-05-2025T14:40:07 - [TEST_STEP][PASSED] - fileBrowserScreen.attachFile(document.getSubFileName()): null

18-05-2025T14:40:13 - [TEST_STEP][PASSED] - pdfSignScreen.performAction(SEND_APPROVE): null

18-05-2025T14:40:17 - [TEST_STEP][PASSED] - pdfSignScreen.fillInOpinion(document.getComment()): null

18-05-2025T14:40:18 - [TEST_STEP][PASSED] - pdfSignScreen.submitRequest(): null

18-05-2025T14:40:25 - [TEST_STEP][PASSED] - documentInformationScreen.backToHome(): null

18-05-2025T14:40:25 - [TEST_STEP][PASSED] - homeScreen.logout(): null

18-05-2025T14:40:33 - [TEST_STEP][PASSED] - document.setStatus(WAIT_APPROVE): null

18-05-2025T14:40:33 - [TEST_STEP][PASSED] - document.setAssigner(auto5): null

18-05-2025T14:40:33 - [TEST_STEP][PASSED] - loginScreen.login(auto6): null

18-05-2025T14:40:42 - [TEST_STEP][PASSED] - homeScreen.goToIncomingDocument(): null

18-05-2025T14:40:42 - [TEST_STEP][PASSED] - inComingDocument.viewInformationDocument(document): View document Trình ký 1747553963618

18-05-2025T14:40:42 - [MESSAGE][INFO] - View document Trình ký 1747553963618

18-05-2025T14:40:48 - [TEST_STEP][PASSED] - documentInformationScreen.checkDocumentTitle(document): Verify equals GUI: Trình ký 1747553963618 - DATA: Trình ký 1747553963618

18-05-2025T14:40:48 - [MESSAGE][PASSED] - Verify equals GUI: Trình ký 1747553963618 - DATA: Trình ký 1747553963618

18-05-2025T14:40:48 - [TEST_STEP][PASSED] - documentInformationScreen.checkSender(document): Verify equals GUI: Auto Test User 5 - DATA: Auto Test User 5

18-05-2025T14:40:48 - [MESSAGE][PASSED] - Verify equals GUI: Auto Test User 5 - DATA: Auto Test User 5

18-05-2025T14:40:48 - [TEST_STEP][PASSED] - documentInformationScreen.checkStatus(document): Verify equals GUI: Chờ giám sát phê duyệt - DATA: Chờ giám sát phê duyệt

18-05-2025T14:40:48 - [MESSAGE][PASSED] - Verify equals GUI: Chờ giám sát phê duyệt - DATA: Chờ giám sát phê duyệt

18-05-2025T14:40:48 - [TEST_STEP][PASSED] - documentInformationScreen.checkCreateDate(): Verify equals GUI: 18/05/2025 - DATA: 18/05/2025

18-05-2025T14:40:49 - [MESSAGE][PASSED] - Verify equals GUI: 18/05/2025 - DATA: 18/05/2025

18-05-2025T14:40:49 - [TEST_STEP][PASSED] - documentInformationScreen.checkFinishDate(document): Verify equals GUI: 19/05/2025 - DATA: 19/05/2025

18-05-2025T14:40:49 - [MESSAGE][PASSED] - Verify equals GUI: 19/05/2025 - DATA: 19/05/2025

18-05-2025T14:40:49 - [TEST_STEP][PASSED] - documentInformationScreen.checkPriority(document): Verify equals GUI: Khẩn cấp - DATA: Khẩn cấp

18-05-2025T14:40:49 - [MESSAGE][PASSED] - Verify equals GUI: Khẩn cấp - DATA: Khẩn cấp

18-05-2025T14:40:49 - [TEST_STEP][PASSED] - documentInformationScreen.checkDescription(document): Verify equals GUI: 009 DUYET NHANH - DATA: 009 DUYET NHANH

18-05-2025T14:40:49 - [MESSAGE][PASSED] - Verify equals GUI: 009 DUYET NHANH - DATA: 009 DUYET NHANH

18-05-2025T14:40:49 - [TEST_STEP][PASSED] - documentInformationScreen.checkAssigner(document): Verify contains GUI: auto5@hdbank.com.vn - DATA: auto5@hdbank.com.vn

18-05-2025T14:40:50 - [MESSAGE][PASSED] - Verify contains GUI: auto5@hdbank.com.vn - DATA: auto5@hdbank.com.vn

18-05-2025T14:40:50 - [TEST_STEP][PASSED] - documentInformationScreen.checkPresentFileName(document): Verify contains GUI: dummy_20250518144041.ozd - DATA: dummy

18-05-2025T14:40:52 - [MESSAGE][PASSED] - Verify contains GUI: dummy_20250518144041.ozd - DATA: dummy

18-05-2025T14:40:52 - [TEST_STEP][PASSED] - documentInformationScreen.checkAttachFileName(document): Expected true condition

18-05-2025T14:40:53 - [MESSAGE][PASSED] - Expected true condition

18-05-2025T14:40:53 - [TEST_STEP][PASSED] - documentInformationScreen.backToHome(): null

18-05-2025T14:40:58 - [TEST_STEP][PASSED] - inComingDocument.performAction(document, QUICK_APPROVE): null

18-05-2025T14:41:02 - [TEST_STEP][PASSED] - document.setSender(auto6): null

18-05-2025T14:41:02 - [TEST_STEP][PASSED] - inComingDocument.checkItemInDocument(): null

18-05-2025T14:41:02 - [TEST_STEP][PASSED] - homeScreen.goToOutComingDocument(): null

18-05-2025T14:41:12 - [TEST_STEP][PASSED] - outComingDocument.viewInformationDocument(document): null

18-05-2025T14:41:13 - [TEST_STEP][PASSED] - documentInformationScreen.checkDocumentTitle(document): Verify equals GUI: Trình ký 1747553963618 - DATA: Trình ký 1747553963618

18-05-2025T14:41:17 - [MESSAGE][PASSED] - Verify equals GUI: Trình ký 1747553963618 - DATA: Trình ký 1747553963618

18-05-2025T14:41:17 - [TEST_STEP][PASSED] - documentInformationScreen.checkSender(document): Verify equals GUI: Auto Test User 6 - DATA: Auto Test User 6

18-05-2025T14:41:17 - [MESSAGE][PASSED] - Verify equals GUI: Auto Test User 6 - DATA: Auto Test User 6

18-05-2025T14:41:17 - [TEST_STEP][PASSED] - documentInformationScreen.checkStatus(document): Verify equals GUI: Đã duyệt - DATA: Đã duyệt

18-05-2025T14:41:17 - [MESSAGE][PASSED] - Verify equals GUI: Đã duyệt - DATA: Đã duyệt

18-05-2025T14:41:17 - [TEST_STEP][PASSED] - documentInformationScreen.checkCreateDate(): Verify equals GUI: 18/05/2025 - DATA: 18/05/2025

18-05-2025T14:41:17 - [MESSAGE][PASSED] - Verify equals GUI: 18/05/2025 - DATA: 18/05/2025

18-05-2025T14:41:17 - [TEST_STEP][PASSED] - documentInformationScreen.checkFinishDate(document): Verify equals GUI: 19/05/2025 - DATA: 19/05/2025

18-05-2025T14:41:18 - [MESSAGE][PASSED] - Verify equals GUI: 19/05/2025 - DATA: 19/05/2025

18-05-2025T14:41:18 - [TEST_STEP][PASSED] - documentInformationScreen.checkPriority(document): Verify equals GUI: Khẩn cấp - DATA: Khẩn cấp

18-05-2025T14:41:18 - [MESSAGE][PASSED] - Verify equals GUI: Khẩn cấp - DATA: Khẩn cấp

18-05-2025T14:41:18 - [TEST_STEP][PASSED] - documentInformationScreen.checkDescription(document): Verify equals GUI: 009 DUYET NHANH - DATA: 009 DUYET NHANH

18-05-2025T14:41:18 - [MESSAGE][PASSED] - Verify equals GUI: 009 DUYET NHANH - DATA: 009 DUYET NHANH

18-05-2025T14:41:18 - [TEST_STEP][PASSED] - documentInformationScreen.checkAssigner(document): Verify contains GUI: auto5@hdbank.com.vn - DATA: auto5@hdbank.com.vn

18-05-2025T14:41:19 - [MESSAGE][PASSED] - Verify contains GUI: auto5@hdbank.com.vn - DATA: auto5@hdbank.com.vn

18-05-2025T14:41:19 - [TEST_STEP][PASSED] - documentInformationScreen.checkPresentFileName(document): Verify contains GUI: dummy_20250518144041.ozd - DATA: dummy

18-05-2025T14:41:20 - [MESSAGE][PASSED] - Verify contains GUI: dummy_20250518144041.ozd - DATA: dummy

18-05-2025T14:41:20 - [TEST_STEP][PASSED] - documentInformationScreen.checkAttachFileName(document): Expected true condition

18-05-2025T14:41:22 - [MESSAGE][PASSED] - Expected true condition

18-05-2025T14:41:22 - [TEST_STEP][PASSED] - documentInformationScreen.backToHome(): null

18-05-2025T14:41:27 - [TEST_STEP][PASSED] - inComingDocument.checkItemInDocument(): null

18-05-2025T14:41:27 - [TEST_STEP][PASSED] - Start listener action : afterTest: null

18-05-2025T14:41:27 - [TEST_STEP][PASSED] - if (testCaseStatus != "PASSED"): null

18-05-2025T14:41:27 - [TEST_STEP][PASSED] - drivers.Driver.closeApp(): drivers.Driver.closeApp is PASSED

18-05-2025T14:41:27 - [MESSAGE][PASSED] - drivers.Driver.closeApp is PASSED

18-05-2025T14:41:27 - [TEST_STEP][PASSED] - if (tsContext == null): null]]></system-out>
         <system-err><![CDATA[]]></system-err>
      </testcase>
      <testcase name="Test Cases/IPAPER APP/049 TIM KIEM HO SO THEO BO LOC" time="145.341" classname="Test Cases/IPAPER APP/049 TIM KIEM HO SO THEO BO LOC" status="FAILED">
         <failure type="FAILED" message="Test Cases/IPAPER APP/049 TIM KIEM HO SO THEO BO LOC FAILED.&#xa;Reason:&#xa;com.kms.katalon.core.exception.StepFailedException: Verify equals GUI: Chờ lấy ý kiến - DATA: Chờ giám sát phê duyệt&#xa;	at com.kms.katalon.core.util.KeywordUtil.markFailed(KeywordUtil.java:19)&#xa;	at utilities.AssertUtilities.logResult(AssertUtilities.groovy:30)&#xa;	at utilities.AssertUtilities.checkEquals(AssertUtilities.groovy:11)&#xa;	at screens.DocumentInformationScreen.checkStatus(DocumentInformationScreen.groovy:111)&#xa;	at 049 TIM KIEM HO SO THEO BO LOC.run(049 TIM KIEM HO SO THEO BO LOC:28)&#xa;	at com.kms.katalon.core.main.ScriptEngine.run(ScriptEngine.java:194)&#xa;	at com.kms.katalon.core.main.ScriptEngine.runScriptAsRawText(ScriptEngine.java:119)&#xa;	at com.kms.katalon.core.main.TestCaseExecutor.runScript(TestCaseExecutor.java:448)&#xa;	at com.kms.katalon.core.main.TestCaseExecutor.doExecute(TestCaseExecutor.java:439)&#xa;	at com.kms.katalon.core.main.TestCaseExecutor.processExecutionPhase(TestCaseExecutor.java:418)&#xa;	at com.kms.katalon.core.main.TestCaseExecutor.accessMainPhase(TestCaseExecutor.java:410)&#xa;	at com.kms.katalon.core.main.TestCaseExecutor.execute(TestCaseExecutor.java:285)&#xa;	at com.kms.katalon.core.common.CommonExecutor.accessTestCaseMainPhase(CommonExecutor.java:65)&#xa;	at com.kms.katalon.core.main.TestSuiteExecutor.accessTestSuiteMainPhase(TestSuiteExecutor.java:150)&#xa;	at com.kms.katalon.core.main.TestSuiteExecutor.execute(TestSuiteExecutor.java:106)&#xa;	at com.kms.katalon.core.main.TestCaseMain.startTestSuite(TestCaseMain.java:180)&#xa;	at TempTestSuite1747552661021.run(TempTestSuite1747552661021.groovy:35)&#xa;	at java.base/jdk.internal.reflect.NativeMethodAccessorImpl.invoke0(Native Method)&#xa;	at java.base/jdk.internal.reflect.NativeMethodAccessorImpl.invoke(NativeMethodAccessorImpl.java:77)&#xa;	at java.base/jdk.internal.reflect.DelegatingMethodAccessorImpl.invoke(DelegatingMethodAccessorImpl.java:43)&#xa;"/>
         <system-out><![CDATA[18-05-2025T14:41:27 - [TEST_CASE][FAILED] - Test Cases/IPAPER APP/049 TIM KIEM HO SO THEO BO LOC: Test Cases/IPAPER APP/049 TIM KIEM HO SO THEO BO LOC FAILED.
Reason:
com.kms.katalon.core.exception.StepFailedException: Verify equals GUI: Chờ lấy ý kiến - DATA: Chờ giám sát phê duyệt
	at com.kms.katalon.core.util.KeywordUtil.markFailed(KeywordUtil.java:19)
	at utilities.AssertUtilities.logResult(AssertUtilities.groovy:30)
	at utilities.AssertUtilities.checkEquals(AssertUtilities.groovy:11)
	at screens.DocumentInformationScreen.checkStatus(DocumentInformationScreen.groovy:111)
	at 049 TIM KIEM HO SO THEO BO LOC.run(049 TIM KIEM HO SO THEO BO LOC:28)
	at com.kms.katalon.core.main.ScriptEngine.run(ScriptEngine.java:194)
	at com.kms.katalon.core.main.ScriptEngine.runScriptAsRawText(ScriptEngine.java:119)
	at com.kms.katalon.core.main.TestCaseExecutor.runScript(TestCaseExecutor.java:448)
	at com.kms.katalon.core.main.TestCaseExecutor.doExecute(TestCaseExecutor.java:439)
	at com.kms.katalon.core.main.TestCaseExecutor.processExecutionPhase(TestCaseExecutor.java:418)
	at com.kms.katalon.core.main.TestCaseExecutor.accessMainPhase(TestCaseExecutor.java:410)
	at com.kms.katalon.core.main.TestCaseExecutor.execute(TestCaseExecutor.java:285)
	at com.kms.katalon.core.common.CommonExecutor.accessTestCaseMainPhase(CommonExecutor.java:65)
	at com.kms.katalon.core.main.TestSuiteExecutor.accessTestSuiteMainPhase(TestSuiteExecutor.java:150)
	at com.kms.katalon.core.main.TestSuiteExecutor.execute(TestSuiteExecutor.java:106)
	at com.kms.katalon.core.main.TestCaseMain.startTestSuite(TestCaseMain.java:180)
	at TempTestSuite1747552661021.run(TempTestSuite1747552661021.groovy:35)
	at java.base/jdk.internal.reflect.NativeMethodAccessorImpl.invoke0(Native Method)
	at java.base/jdk.internal.reflect.NativeMethodAccessorImpl.invoke(NativeMethodAccessorImpl.java:77)
	at java.base/jdk.internal.reflect.DelegatingMethodAccessorImpl.invoke(DelegatingMethodAccessorImpl.java:43)


18-05-2025T14:41:27 - [TEST_STEP][PASSED] - Start listener action : beforeTest: drivers.Driver.openApp is PASSED

18-05-2025T14:41:27 - [TEST_STEP][PASSED] - DataTest.init(): null

18-05-2025T14:41:27 - [TEST_STEP][PASSED] - testCaseId = split("/").last(): null

18-05-2025T14:41:27 - [TEST_STEP][PASSED] - if (!(drivers.Driver.isAppiumRunning())): drivers.Driver.isAppiumRunning is PASSED

18-05-2025T14:41:27 - [MESSAGE][INFO] - Appium running: true

18-05-2025T14:41:27 - [MESSAGE][PASSED] - drivers.Driver.isAppiumRunning is PASSED

18-05-2025T14:41:27 - [TEST_STEP][PASSED] - if (driver == null || driver.getSessionId() == null): null

18-05-2025T14:41:27 - [TEST_STEP][PASSED] - drivers.Driver.openApp(): drivers.Driver.openApp is PASSED

18-05-2025T14:41:30 - [MESSAGE][PASSED] - drivers.Driver.openApp is PASSED

18-05-2025T14:41:30 - [TEST_STEP][PASSED] - index = 0: null

18-05-2025T14:41:30 - [TEST_STEP][PASSED] - auto6 = DataTest.getUserTest("auto6"): null

18-05-2025T14:41:30 - [TEST_STEP][PASSED] - auto5 = DataTest.getUserTest("auto5"): null

18-05-2025T14:41:30 - [TEST_STEP][PASSED] - documentTitles = <not implemented yet for class: org.codehaus.groovy.ast.expr.EmptyExpression>: null

18-05-2025T14:41:30 - [TEST_STEP][PASSED] - waitApproveStatus = "Chưa duyệt": null

18-05-2025T14:41:30 - [TEST_STEP][PASSED] - document = DataTest.createDocumentTest(auto5, auto6, null, "dummy.pdf", "dummy.pdf"): null

18-05-2025T14:41:30 - [TEST_STEP][PASSED] - loginScreen.login(auto6): null

18-05-2025T14:41:38 - [TEST_STEP][PASSED] - homeScreen.goToIncomingDocument(): null

18-05-2025T14:41:38 - [TEST_STEP][PASSED] - inComingDocument.filterByStatus(waitApproveStatus): Filter by Chưa duyệt status

18-05-2025T14:41:44 - [MESSAGE][INFO] - Filter by Chưa duyệt status

18-05-2025T14:41:44 - [TEST_STEP][PASSED] - documentTitles = inComingDocument.getListDocumentTitle(): null

18-05-2025T14:41:46 - [TEST_STEP][FAILED] - for ([i = 0, i < documentTitles.size() - 1, (i++)]): null

18-05-2025T14:41:46 - [TEST_STEP][PASSED] - titleItem = documentTitles[i]: null

18-05-2025T14:41:46 - [TEST_STEP][PASSED] - document.setTitle(titleItem): null

18-05-2025T14:41:46 - [TEST_STEP][PASSED] - inComingDocument.viewInformationDocument(document): View document Trình ký 1747553249549

18-05-2025T14:41:46 - [MESSAGE][INFO] - View document Trình ký 1747553249549

18-05-2025T14:41:52 - [TEST_STEP][PASSED] - documentInformationScreen.checkStatus(WAIT_APPROVE): Verify equals GUI: Chờ giám sát phê duyệt - DATA: Chờ giám sát phê duyệt

18-05-2025T14:41:52 - [MESSAGE][PASSED] - Verify equals GUI: Chờ giám sát phê duyệt - DATA: Chờ giám sát phê duyệt

18-05-2025T14:41:52 - [TEST_STEP][PASSED] - documentInformationScreen.backToHome(): null

18-05-2025T14:41:57 - [TEST_STEP][PASSED] - titleItem = documentTitles[i]: null

18-05-2025T14:41:57 - [TEST_STEP][PASSED] - document.setTitle(titleItem): null

18-05-2025T14:41:57 - [TEST_STEP][PASSED] - inComingDocument.viewInformationDocument(document): View document Trình ký 1747553135980

18-05-2025T14:41:57 - [MESSAGE][INFO] - View document Trình ký 1747553135980

18-05-2025T14:42:03 - [TEST_STEP][FAILED] - documentInformationScreen.checkStatus(WAIT_APPROVE): Verify equals GUI: Chờ lấy ý kiến - DATA: Chờ giám sát phê duyệt

18-05-2025T14:42:03 - [MESSAGE][FAILED] - Verify equals GUI: Chờ lấy ý kiến - DATA: Chờ giám sát phê duyệt

18-05-2025T14:42:03 - [TEST_STEP][PASSED] - documentInformationScreen.backToHome(): null

18-05-2025T14:42:07 - [TEST_STEP][PASSED] - titleItem = documentTitles[i]: null

18-05-2025T14:42:07 - [TEST_STEP][PASSED] - document.setTitle(titleItem): null

18-05-2025T14:42:07 - [TEST_STEP][PASSED] - inComingDocument.viewInformationDocument(document): View document Trình ký 1747552956987

18-05-2025T14:42:07 - [MESSAGE][INFO] - View document Trình ký 1747552956987

18-05-2025T14:42:13 - [TEST_STEP][PASSED] - documentInformationScreen.checkStatus(WAIT_APPROVE): Verify equals GUI: Chờ giám sát phê duyệt - DATA: Chờ giám sát phê duyệt

18-05-2025T14:42:13 - [MESSAGE][PASSED] - Verify equals GUI: Chờ giám sát phê duyệt - DATA: Chờ giám sát phê duyệt

18-05-2025T14:42:13 - [TEST_STEP][PASSED] - documentInformationScreen.backToHome(): null

18-05-2025T14:42:18 - [TEST_STEP][PASSED] - inComingDocument.filterByStatus(APPROVED): Filter by Đã duyệt status

18-05-2025T14:42:24 - [MESSAGE][INFO] - Filter by Đã duyệt status

18-05-2025T14:42:24 - [TEST_STEP][PASSED] - documentTitles = inComingDocument.getListDocumentTitle(): null

18-05-2025T14:42:26 - [TEST_STEP][FAILED] - for ([i = 0, i < documentTitles.size() - 1, (i++)]): null

18-05-2025T14:42:26 - [TEST_STEP][PASSED] - titleItem = documentTitles[i]: null

18-05-2025T14:42:26 - [TEST_STEP][PASSED] - document.setTitle(titleItem): null

18-05-2025T14:42:26 - [TEST_STEP][PASSED] - inComingDocument.viewInformationDocument(document): View document Trình ký 1747553963618

18-05-2025T14:42:26 - [MESSAGE][INFO] - View document Trình ký 1747553963618

18-05-2025T14:42:30 - [TEST_STEP][PASSED] - documentInformationScreen.checkStatus(APPROVED): Verify equals GUI: Đã duyệt - DATA: Đã duyệt

18-05-2025T14:42:31 - [MESSAGE][PASSED] - Verify equals GUI: Đã duyệt - DATA: Đã duyệt

18-05-2025T14:42:31 - [TEST_STEP][PASSED] - documentInformationScreen.backToHome(): null

18-05-2025T14:42:35 - [TEST_STEP][PASSED] - titleItem = documentTitles[i]: null

18-05-2025T14:42:35 - [TEST_STEP][PASSED] - document.setTitle(titleItem): null

18-05-2025T14:42:35 - [TEST_STEP][PASSED] - inComingDocument.viewInformationDocument(document): View document Trình ký 1747553676521

18-05-2025T14:42:35 - [MESSAGE][INFO] - View document Trình ký 1747553676521

18-05-2025T14:42:41 - [TEST_STEP][FAILED] - documentInformationScreen.checkStatus(APPROVED): Verify equals GUI: Đã lấy ý kiến - DATA: Đã duyệt

18-05-2025T14:42:41 - [MESSAGE][FAILED] - Verify equals GUI: Đã lấy ý kiến - DATA: Đã duyệt

18-05-2025T14:42:41 - [TEST_STEP][PASSED] - documentInformationScreen.backToHome(): null

18-05-2025T14:42:45 - [TEST_STEP][PASSED] - titleItem = documentTitles[i]: null

18-05-2025T14:42:45 - [TEST_STEP][PASSED] - document.setTitle(titleItem): null

18-05-2025T14:42:45 - [TEST_STEP][PASSED] - inComingDocument.viewInformationDocument(document): View document Trình ký 1747553403593

18-05-2025T14:42:45 - [MESSAGE][INFO] - View document Trình ký 1747553403593

18-05-2025T14:42:50 - [TEST_STEP][PASSED] - documentInformationScreen.checkStatus(APPROVED): Verify equals GUI: Đã duyệt - DATA: Đã duyệt

18-05-2025T14:42:50 - [MESSAGE][PASSED] - Verify equals GUI: Đã duyệt - DATA: Đã duyệt

18-05-2025T14:42:50 - [TEST_STEP][PASSED] - documentInformationScreen.backToHome(): null

18-05-2025T14:42:55 - [TEST_STEP][PASSED] - titleItem = documentTitles[i]: null

18-05-2025T14:42:55 - [TEST_STEP][PASSED] - document.setTitle(titleItem): null

18-05-2025T14:42:55 - [TEST_STEP][PASSED] - inComingDocument.viewInformationDocument(document): View document UAT -xxxx test trả hồ sơ

18-05-2025T14:42:55 - [MESSAGE][INFO] - View document UAT -xxxx test trả hồ sơ

18-05-2025T14:43:00 - [TEST_STEP][PASSED] - documentInformationScreen.checkStatus(APPROVED): Verify equals GUI: Đã duyệt - DATA: Đã duyệt

18-05-2025T14:43:00 - [MESSAGE][PASSED] - Verify equals GUI: Đã duyệt - DATA: Đã duyệt

18-05-2025T14:43:00 - [TEST_STEP][PASSED] - documentInformationScreen.backToHome(): null

18-05-2025T14:43:05 - [TEST_STEP][PASSED] - inComingDocument.filterByStatus(REJECT): Filter by Từ chối status

18-05-2025T14:43:12 - [MESSAGE][INFO] - Filter by Từ chối status

18-05-2025T14:43:12 - [TEST_STEP][PASSED] - documentTitles = inComingDocument.getListDocumentTitle(): null

18-05-2025T14:43:13 - [TEST_STEP][PASSED] - for ([i = 0, i < documentTitles.size() - 1, (i++)]): null

18-05-2025T14:43:13 - [TEST_STEP][PASSED] - titleItem = documentTitles[i]: null

18-05-2025T14:43:13 - [TEST_STEP][PASSED] - document.setTitle(titleItem): null

18-05-2025T14:43:13 - [TEST_STEP][PASSED] - inComingDocument.viewInformationDocument(document): View document Trình ký 1747553552082

18-05-2025T14:43:13 - [MESSAGE][INFO] - View document Trình ký 1747553552082

18-05-2025T14:43:17 - [TEST_STEP][PASSED] - documentInformationScreen.checkStatus(REJECT): Verify equals GUI: Từ chối - DATA: Từ chối

18-05-2025T14:43:17 - [MESSAGE][PASSED] - Verify equals GUI: Từ chối - DATA: Từ chối

18-05-2025T14:43:17 - [TEST_STEP][PASSED] - documentInformationScreen.backToHome(): null

18-05-2025T14:43:22 - [TEST_STEP][PASSED] - titleItem = documentTitles[i]: null

18-05-2025T14:43:22 - [TEST_STEP][PASSED] - document.setTitle(titleItem): null

18-05-2025T14:43:22 - [TEST_STEP][PASSED] - inComingDocument.viewInformationDocument(document): View document Test Trình ký hồ sơ

18-05-2025T14:43:22 - [MESSAGE][INFO] - View document Test Trình ký hồ sơ

18-05-2025T14:43:25 - [TEST_STEP][PASSED] - documentInformationScreen.checkStatus(REJECT): Verify equals GUI: Từ chối - DATA: Từ chối

18-05-2025T14:43:26 - [MESSAGE][PASSED] - Verify equals GUI: Từ chối - DATA: Từ chối

18-05-2025T14:43:26 - [TEST_STEP][PASSED] - documentInformationScreen.backToHome(): null

18-05-2025T14:43:30 - [TEST_STEP][PASSED] - titleItem = documentTitles[i]: null

18-05-2025T14:43:30 - [TEST_STEP][PASSED] - document.setTitle(titleItem): null

18-05-2025T14:43:30 - [TEST_STEP][PASSED] - inComingDocument.viewInformationDocument(document): View document Trình ký 1747540498451

18-05-2025T14:43:30 - [MESSAGE][INFO] - View document Trình ký 1747540498451

18-05-2025T14:43:34 - [TEST_STEP][PASSED] - documentInformationScreen.checkStatus(REJECT): Verify equals GUI: Từ chối - DATA: Từ chối

18-05-2025T14:43:34 - [MESSAGE][PASSED] - Verify equals GUI: Từ chối - DATA: Từ chối

18-05-2025T14:43:34 - [TEST_STEP][PASSED] - documentInformationScreen.backToHome(): null

18-05-2025T14:43:38 - [TEST_STEP][PASSED] - titleItem = documentTitles[i]: null

18-05-2025T14:43:38 - [TEST_STEP][PASSED] - document.setTitle(titleItem): null

18-05-2025T14:43:38 - [TEST_STEP][PASSED] - inComingDocument.viewInformationDocument(document): View document Trình ký 20250515143805

18-05-2025T14:43:38 - [MESSAGE][INFO] - View document Trình ký 20250515143805

18-05-2025T14:43:42 - [TEST_STEP][PASSED] - documentInformationScreen.checkStatus(REJECT): Verify equals GUI: Từ chối - DATA: Từ chối

18-05-2025T14:43:42 - [MESSAGE][PASSED] - Verify equals GUI: Từ chối - DATA: Từ chối

18-05-2025T14:43:42 - [TEST_STEP][PASSED] - documentInformationScreen.backToHome(): null

18-05-2025T14:43:47 - [TEST_STEP][ERROR] - inComingDocument.filterByStatus(RETURNED): Test Cases/IPAPER APP/049 TIM KIEM HO SO THEO BO LOC FAILED.
Reason:
org.openqa.selenium.NoSuchElementException: An element could not be located on the page using the given search parameters.
For documentation on this error, please visit: https://www.seleniumhq.org/exceptions/no_such_element.html
Build info: version: '3.141.59', revision: 'unknown', time: 'unknown'
System info: host: '192.168.1.4.non-exists.ptr.local', ip: '2402:800:63f2:b9ce:1859:4296:77a1:a88d%en0', os.name: 'Mac OS X', os.arch: 'aarch64', os.version: '15.4.1', java.version: '17.0.7'
Driver info: com.kms.katalon.core.appium.driver.SwipeableAndroidDriver
Capabilities {automationName: UiAutomator2, databaseEnabled: false, desired: {automationName: UiAutomator2, deviceName: af0c5cf7, noReset: true, platformName: android, waitForIdleTimeout: 3000}, deviceApiLevel: 35, deviceManufacturer: OPPO, deviceModel: CPH2699, deviceName: af0c5cf7, deviceScreenDensity: 480, deviceScreenSize: 1080x2400, deviceUDID: af0c5cf7, javascriptEnabled: true, locationContextEnabled: false, networkConnectionEnabled: true, noReset: true, pixelRatio: 3, platform: LINUX, platformName: Android, platformVersion: 15, statBarHeight: 120, takesScreenshot: true, viewportRect: {height: 2280, left: 0, top: 120, width: 1080}, waitForIdleTimeout: 3000, warnings: {}, webStorageEnabled: false}
Session ID: a2ddd6f2-eda7-4b95-9f4b-0be7892e4c4b
*** Element info: {Using=xpath, value=//android.widget.TextView[@resource-id='com.hdbank.ipaper:id/tv_filter' and @text='Chờ bổ sung hồ sơ']}
	at java.base/jdk.internal.reflect.NativeConstructorAccessorImpl.newInstance0(Native Method)
	at java.base/jdk.internal.reflect.NativeConstructorAccessorImpl.newInstance(NativeConstructorAccessorImpl.java:77)
	at java.base/jdk.internal.reflect.DelegatingConstructorAccessorImpl.newInstance(DelegatingConstructorAccessorImpl.java:45)
	at org.openqa.selenium.remote.http.W3CHttpResponseCodec.createException(W3CHttpResponseCodec.java:187)
	at org.openqa.selenium.remote.http.W3CHttpResponseCodec.decode(W3CHttpResponseCodec.java:122)
	at org.openqa.selenium.remote.http.W3CHttpResponseCodec.decode(W3CHttpResponseCodec.java:49)
	at org.openqa.selenium.remote.HttpCommandExecutor.execute(HttpCommandExecutor.java:158)
	at io.appium.java_client.remote.AppiumCommandExecutor.execute(AppiumCommandExecutor.java:239)
	at org.openqa.selenium.remote.RemoteWebDriver.execute(RemoteWebDriver.java:552)
	at io.appium.java_client.DefaultGenericMobileDriver.execute(DefaultGenericMobileDriver.java:42)
	at io.appium.java_client.AppiumDriver.execute(AppiumDriver.java:1)
	at io.appium.java_client.android.AndroidDriver.execute(AndroidDriver.java:1)
	at com.kms.katalon.core.appium.driver.SwipeableAndroidDriver.execute(SwipeableAndroidDriver.java:1)
	at org.openqa.selenium.remote.RemoteWebDriver.findElement(RemoteWebDriver.java:323)
	at io.appium.java_client.DefaultGenericMobileDriver.findElement(DefaultGenericMobileDriver.java:62)
	at io.appium.java_client.AppiumDriver.findElement(AppiumDriver.java:1)
	at io.appium.java_client.android.AndroidDriver.findElement(AndroidDriver.java:1)
	at com.kms.katalon.core.appium.driver.SwipeableAndroidDriver.findElement(SwipeableAndroidDriver.java:1)
	at org.openqa.selenium.remote.RemoteWebDriver.findElementByXPath(RemoteWebDriver.java:428)
	at io.appium.java_client.DefaultGenericMobileDriver.findElementByXPath(DefaultGenericMobileDriver.java:152)
	at io.appium.java_client.AppiumDriver.findElementByXPath(AppiumDriver.java:1)
	at io.appium.java_client.android.AndroidDriver.findElementByXPath(AndroidDriver.java:1)
	at com.kms.katalon.core.appium.driver.SwipeableAndroidDriver.findElementByXPath(SwipeableAndroidDriver.java:1)
	at org.openqa.selenium.By$ByXPath.findElement(By.java:353)
	at org.openqa.selenium.remote.RemoteWebDriver.findElement(RemoteWebDriver.java:315)
	at io.appium.java_client.DefaultGenericMobileDriver.findElement(DefaultGenericMobileDriver.java:58)
	at io.appium.java_client.AppiumDriver.findElement(AppiumDriver.java:1)
	at io.appium.java_client.android.AndroidDriver.findElement(AndroidDriver.java:1)
	at com.kms.katalon.core.appium.driver.SwipeableAndroidDriver.findElement(SwipeableAndroidDriver.java:1)
	at base.BaseKeyword$Trait$Helper.clickToElement(BaseKeyword.groovy:59)
	at screens.IncomingDocumentScreen.clickToElement(IncomingDocumentScreen.groovy)
	at screens.IncomingDocumentScreen.filterByStatus(IncomingDocumentScreen.groovy:241)
	at 049 TIM KIEM HO SO THEO BO LOC.run(049 TIM KIEM HO SO THEO BO LOC:55)
	at com.kms.katalon.core.main.ScriptEngine.run(ScriptEngine.java:194)
	at com.kms.katalon.core.main.ScriptEngine.runScriptAsRawText(ScriptEngine.java:119)
	at com.kms.katalon.core.main.TestCaseExecutor.runScript(TestCaseExecutor.java:448)
	at com.kms.katalon.core.main.TestCaseExecutor.doExecute(TestCaseExecutor.java:439)
	at com.kms.katalon.core.main.TestCaseExecutor.processExecutionPhase(TestCaseExecutor.java:418)
	at com.kms.katalon.core.main.TestCaseExecutor.accessMainPhase(TestCaseExecutor.java:410)
	at com.kms.katalon.core.main.TestCaseExecutor.execute(TestCaseExecutor.java:285)
	at com.kms.katalon.core.common.CommonExecutor.accessTestCaseMainPhase(CommonExecutor.java:65)
	at com.kms.katalon.core.main.TestSuiteExecutor.accessTestSuiteMainPhase(TestSuiteExecutor.java:150)
	at com.kms.katalon.core.main.TestSuiteExecutor.execute(TestSuiteExecutor.java:106)
	at com.kms.katalon.core.main.TestCaseMain.startTestSuite(TestCaseMain.java:180)
	at TempTestSuite1747552661021.run(TempTestSuite1747552661021.groovy:35)
	at java.base/jdk.internal.reflect.NativeMethodAccessorImpl.invoke0(Native Method)
	at java.base/jdk.internal.reflect.NativeMethodAccessorImpl.invoke(NativeMethodAccessorImpl.java:77)
	at java.base/jdk.internal.reflect.DelegatingMethodAccessorImpl.invoke(DelegatingMethodAccessorImpl.java:43)


18-05-2025T14:43:51 - [MESSAGE][ERROR] - Test Cases/IPAPER APP/049 TIM KIEM HO SO THEO BO LOC FAILED.
Reason:
org.openqa.selenium.NoSuchElementException: An element could not be located on the page using the given search parameters.
For documentation on this error, please visit: https://www.seleniumhq.org/exceptions/no_such_element.html
Build info: version: '3.141.59', revision: 'unknown', time: 'unknown'
System info: host: '192.168.1.4.non-exists.ptr.local', ip: '2402:800:63f2:b9ce:1859:4296:77a1:a88d%en0', os.name: 'Mac OS X', os.arch: 'aarch64', os.version: '15.4.1', java.version: '17.0.7'
Driver info: com.kms.katalon.core.appium.driver.SwipeableAndroidDriver
Capabilities {automationName: UiAutomator2, databaseEnabled: false, desired: {automationName: UiAutomator2, deviceName: af0c5cf7, noReset: true, platformName: android, waitForIdleTimeout: 3000}, deviceApiLevel: 35, deviceManufacturer: OPPO, deviceModel: CPH2699, deviceName: af0c5cf7, deviceScreenDensity: 480, deviceScreenSize: 1080x2400, deviceUDID: af0c5cf7, javascriptEnabled: true, locationContextEnabled: false, networkConnectionEnabled: true, noReset: true, pixelRatio: 3, platform: LINUX, platformName: Android, platformVersion: 15, statBarHeight: 120, takesScreenshot: true, viewportRect: {height: 2280, left: 0, top: 120, width: 1080}, waitForIdleTimeout: 3000, warnings: {}, webStorageEnabled: false}
Session ID: a2ddd6f2-eda7-4b95-9f4b-0be7892e4c4b
*** Element info: {Using=xpath, value=//android.widget.TextView[@resource-id='com.hdbank.ipaper:id/tv_filter' and @text='Chờ bổ sung hồ sơ']}
	at java.base/jdk.internal.reflect.NativeConstructorAccessorImpl.newInstance0(Native Method)
	at java.base/jdk.internal.reflect.NativeConstructorAccessorImpl.newInstance(NativeConstructorAccessorImpl.java:77)
	at java.base/jdk.internal.reflect.DelegatingConstructorAccessorImpl.newInstance(DelegatingConstructorAccessorImpl.java:45)
	at org.openqa.selenium.remote.http.W3CHttpResponseCodec.createException(W3CHttpResponseCodec.java:187)
	at org.openqa.selenium.remote.http.W3CHttpResponseCodec.decode(W3CHttpResponseCodec.java:122)
	at org.openqa.selenium.remote.http.W3CHttpResponseCodec.decode(W3CHttpResponseCodec.java:49)
	at org.openqa.selenium.remote.HttpCommandExecutor.execute(HttpCommandExecutor.java:158)
	at io.appium.java_client.remote.AppiumCommandExecutor.execute(AppiumCommandExecutor.java:239)
	at org.openqa.selenium.remote.RemoteWebDriver.execute(RemoteWebDriver.java:552)
	at io.appium.java_client.DefaultGenericMobileDriver.execute(DefaultGenericMobileDriver.java:42)
	at io.appium.java_client.AppiumDriver.execute(AppiumDriver.java:1)
	at io.appium.java_client.android.AndroidDriver.execute(AndroidDriver.java:1)
	at com.kms.katalon.core.appium.driver.SwipeableAndroidDriver.execute(SwipeableAndroidDriver.java:1)
	at org.openqa.selenium.remote.RemoteWebDriver.findElement(RemoteWebDriver.java:323)
	at io.appium.java_client.DefaultGenericMobileDriver.findElement(DefaultGenericMobileDriver.java:62)
	at io.appium.java_client.AppiumDriver.findElement(AppiumDriver.java:1)
	at io.appium.java_client.android.AndroidDriver.findElement(AndroidDriver.java:1)
	at com.kms.katalon.core.appium.driver.SwipeableAndroidDriver.findElement(SwipeableAndroidDriver.java:1)
	at org.openqa.selenium.remote.RemoteWebDriver.findElementByXPath(RemoteWebDriver.java:428)
	at io.appium.java_client.DefaultGenericMobileDriver.findElementByXPath(DefaultGenericMobileDriver.java:152)
	at io.appium.java_client.AppiumDriver.findElementByXPath(AppiumDriver.java:1)
	at io.appium.java_client.android.AndroidDriver.findElementByXPath(AndroidDriver.java:1)
	at com.kms.katalon.core.appium.driver.SwipeableAndroidDriver.findElementByXPath(SwipeableAndroidDriver.java:1)
	at org.openqa.selenium.By$ByXPath.findElement(By.java:353)
	at org.openqa.selenium.remote.RemoteWebDriver.findElement(RemoteWebDriver.java:315)
	at io.appium.java_client.DefaultGenericMobileDriver.findElement(DefaultGenericMobileDriver.java:58)
	at io.appium.java_client.AppiumDriver.findElement(AppiumDriver.java:1)
	at io.appium.java_client.android.AndroidDriver.findElement(AndroidDriver.java:1)
	at com.kms.katalon.core.appium.driver.SwipeableAndroidDriver.findElement(SwipeableAndroidDriver.java:1)
	at base.BaseKeyword$Trait$Helper.clickToElement(BaseKeyword.groovy:59)
	at screens.IncomingDocumentScreen.clickToElement(IncomingDocumentScreen.groovy)
	at screens.IncomingDocumentScreen.filterByStatus(IncomingDocumentScreen.groovy:241)
	at 049 TIM KIEM HO SO THEO BO LOC.run(049 TIM KIEM HO SO THEO BO LOC:55)
	at com.kms.katalon.core.main.ScriptEngine.run(ScriptEngine.java:194)
	at com.kms.katalon.core.main.ScriptEngine.runScriptAsRawText(ScriptEngine.java:119)
	at com.kms.katalon.core.main.TestCaseExecutor.runScript(TestCaseExecutor.java:448)
	at com.kms.katalon.core.main.TestCaseExecutor.doExecute(TestCaseExecutor.java:439)
	at com.kms.katalon.core.main.TestCaseExecutor.processExecutionPhase(TestCaseExecutor.java:418)
	at com.kms.katalon.core.main.TestCaseExecutor.accessMainPhase(TestCaseExecutor.java:410)
	at com.kms.katalon.core.main.TestCaseExecutor.execute(TestCaseExecutor.java:285)
	at com.kms.katalon.core.common.CommonExecutor.accessTestCaseMainPhase(CommonExecutor.java:65)
	at com.kms.katalon.core.main.TestSuiteExecutor.accessTestSuiteMainPhase(TestSuiteExecutor.java:150)
	at com.kms.katalon.core.main.TestSuiteExecutor.execute(TestSuiteExecutor.java:106)
	at com.kms.katalon.core.main.TestCaseMain.startTestSuite(TestCaseMain.java:180)
	at TempTestSuite1747552661021.run(TempTestSuite1747552661021.groovy:35)
	at java.base/jdk.internal.reflect.NativeMethodAccessorImpl.invoke0(Native Method)
	at java.base/jdk.internal.reflect.NativeMethodAccessorImpl.invoke(NativeMethodAccessorImpl.java:77)
	at java.base/jdk.internal.reflect.DelegatingMethodAccessorImpl.invoke(DelegatingMethodAccessorImpl.java:43)


18-05-2025T14:43:51 - [TEST_STEP][PASSED] - Start listener action : afterTest: null

18-05-2025T14:43:51 - [TEST_STEP][PASSED] - if (testCaseStatus != "PASSED"): Screenshot is taken

18-05-2025T14:43:51 - [TEST_STEP][PASSED] - takeScreenshot(ErrorScreen/$GlobalVariable.PLATFORM/$testCaseContext.getTestCaseId().png): Screenshot is taken

18-05-2025T14:43:52 - [MESSAGE][PASSED] - Screenshot is taken
[[ATTACHMENT|ErrorScreen/Android/Test Cases/IPAPER APP/049 TIM KIEM HO SO THEO BO LOC.png]]

18-05-2025T14:43:52 - [TEST_STEP][PASSED] - drivers.Driver.closeApp(): drivers.Driver.closeApp is PASSED

18-05-2025T14:43:52 - [MESSAGE][PASSED] - drivers.Driver.closeApp is PASSED

18-05-2025T14:43:52 - [TEST_STEP][PASSED] - if (tsContext == null): null]]></system-out>
         <system-err><![CDATA[18-05-2025T14:41:27 - [TEST_CASE][FAILED] - Test Cases/IPAPER APP/049 TIM KIEM HO SO THEO BO LOC: Test Cases/IPAPER APP/049 TIM KIEM HO SO THEO BO LOC FAILED.
Reason:
com.kms.katalon.core.exception.StepFailedException: Verify equals GUI: Chờ lấy ý kiến - DATA: Chờ giám sát phê duyệt
	at com.kms.katalon.core.util.KeywordUtil.markFailed(KeywordUtil.java:19)
	at utilities.AssertUtilities.logResult(AssertUtilities.groovy:30)
	at utilities.AssertUtilities.checkEquals(AssertUtilities.groovy:11)
	at screens.DocumentInformationScreen.checkStatus(DocumentInformationScreen.groovy:111)
	at 049 TIM KIEM HO SO THEO BO LOC.run(049 TIM KIEM HO SO THEO BO LOC:28)
	at com.kms.katalon.core.main.ScriptEngine.run(ScriptEngine.java:194)
	at com.kms.katalon.core.main.ScriptEngine.runScriptAsRawText(ScriptEngine.java:119)
	at com.kms.katalon.core.main.TestCaseExecutor.runScript(TestCaseExecutor.java:448)
	at com.kms.katalon.core.main.TestCaseExecutor.doExecute(TestCaseExecutor.java:439)
	at com.kms.katalon.core.main.TestCaseExecutor.processExecutionPhase(TestCaseExecutor.java:418)
	at com.kms.katalon.core.main.TestCaseExecutor.accessMainPhase(TestCaseExecutor.java:410)
	at com.kms.katalon.core.main.TestCaseExecutor.execute(TestCaseExecutor.java:285)
	at com.kms.katalon.core.common.CommonExecutor.accessTestCaseMainPhase(CommonExecutor.java:65)
	at com.kms.katalon.core.main.TestSuiteExecutor.accessTestSuiteMainPhase(TestSuiteExecutor.java:150)
	at com.kms.katalon.core.main.TestSuiteExecutor.execute(TestSuiteExecutor.java:106)
	at com.kms.katalon.core.main.TestCaseMain.startTestSuite(TestCaseMain.java:180)
	at TempTestSuite1747552661021.run(TempTestSuite1747552661021.groovy:35)
	at java.base/jdk.internal.reflect.NativeMethodAccessorImpl.invoke0(Native Method)
	at java.base/jdk.internal.reflect.NativeMethodAccessorImpl.invoke(NativeMethodAccessorImpl.java:77)
	at java.base/jdk.internal.reflect.DelegatingMethodAccessorImpl.invoke(DelegatingMethodAccessorImpl.java:43)]]></system-err>
      </testcase>
      <testcase name="Test Cases/IPAPER APP/025 TRA VE TAI MAIN FILE_NHAP Y KIEN" time="121.3" classname="Test Cases/IPAPER APP/025 TRA VE TAI MAIN FILE_NHAP Y KIEN" status="PASSED">
         <system-out><![CDATA[18-05-2025T14:43:52 - [TEST_CASE][PASSED] - Test Cases/IPAPER APP/025 TRA VE TAI MAIN FILE_NHAP Y KIEN: Test Cases/IPAPER APP/025 TRA VE TAI MAIN FILE_NHAP Y KIEN

18-05-2025T14:43:52 - [TEST_STEP][PASSED] - Start listener action : beforeTest: drivers.Driver.openApp is PASSED

18-05-2025T14:43:52 - [TEST_STEP][PASSED] - DataTest.init(): null

18-05-2025T14:43:52 - [TEST_STEP][PASSED] - testCaseId = split("/").last(): null

18-05-2025T14:43:52 - [TEST_STEP][PASSED] - if (!(drivers.Driver.isAppiumRunning())): drivers.Driver.isAppiumRunning is PASSED

18-05-2025T14:43:52 - [MESSAGE][INFO] - Appium running: true

18-05-2025T14:43:52 - [MESSAGE][PASSED] - drivers.Driver.isAppiumRunning is PASSED

18-05-2025T14:43:52 - [TEST_STEP][PASSED] - if (driver == null || driver.getSessionId() == null): null

18-05-2025T14:43:52 - [TEST_STEP][PASSED] - drivers.Driver.openApp(): drivers.Driver.openApp is PASSED

18-05-2025T14:43:55 - [MESSAGE][PASSED] - drivers.Driver.openApp is PASSED

18-05-2025T14:43:55 - [TEST_STEP][PASSED] - REQUEST_NAME = "Trình ký PDF có sẵn": null

18-05-2025T14:43:55 - [TEST_STEP][PASSED] - COMMENT = "Commented by automaton test in case 25": null

18-05-2025T14:43:55 - [TEST_STEP][PASSED] - auto5 = DataTest.getUserTest("auto5"): null

18-05-2025T14:43:55 - [TEST_STEP][PASSED] - auto6 = DataTest.getUserTest("auto6"): null

18-05-2025T14:43:55 - [TEST_STEP][PASSED] - document = DataTest.createDocumentTest(auto5, auto6, null, "dummy.pdf", "dummy.pdf"): null

18-05-2025T14:43:55 - [TEST_STEP][PASSED] - loginScreen.login(auto5): null

18-05-2025T14:44:03 - [TEST_STEP][PASSED] - homeScreen.openRequestList(): null

18-05-2025T14:44:08 - [TEST_STEP][PASSED] - homeScreen.createRequest(REQUEST_NAME): null

18-05-2025T14:44:11 - [TEST_STEP][PASSED] - pdfSignScreen.fillInTitle(document.getTitle()): null

18-05-2025T14:44:14 - [TEST_STEP][PASSED] - pdfSignScreen.selectPriority(document.getPriority()): null

18-05-2025T14:44:16 - [TEST_STEP][PASSED] - pdfSignScreen.selectTime(document.getTime()): null

18-05-2025T14:44:19 - [TEST_STEP][PASSED] - pdfSignScreen.fillInDescription(document.getDescription()): null

18-05-2025T14:44:21 - [TEST_STEP][PASSED] - pdfSignScreen.selectAssigner(getAssigner().getEmail()): null

18-05-2025T14:44:27 - [TEST_STEP][PASSED] - pdfSignScreen.openMainFileBrowser(): null

18-05-2025T14:44:32 - [TEST_STEP][PASSED] - fileBrowserScreen.attachFile(document.getMainFileName()): null

18-05-2025T14:44:38 - [TEST_STEP][PASSED] - pdfSignScreen.openSubFileBrowser(): null

18-05-2025T14:44:39 - [TEST_STEP][PASSED] - fileBrowserScreen.attachFile(document.getSubFileName()): null

18-05-2025T14:44:46 - [TEST_STEP][PASSED] - pdfSignScreen.performAction(SEND_APPROVE): null

18-05-2025T14:44:50 - [TEST_STEP][PASSED] - pdfSignScreen.fillInOpinion(document.getComment()): null

18-05-2025T14:44:51 - [TEST_STEP][PASSED] - pdfSignScreen.submitRequest(): null

18-05-2025T14:44:58 - [TEST_STEP][PASSED] - documentInformationScreen.backToHome(): null

18-05-2025T14:44:58 - [TEST_STEP][PASSED] - homeScreen.logout(): null

18-05-2025T14:45:06 - [TEST_STEP][PASSED] - document.setStatus(WAIT_APPROVE): null

18-05-2025T14:45:06 - [TEST_STEP][PASSED] - loginScreen.login(auto6): null

18-05-2025T14:45:15 - [TEST_STEP][PASSED] - homeScreen.goToIncomingDocument(): null

18-05-2025T14:45:15 - [TEST_STEP][PASSED] - inComingDocument.viewMainFile(document): null

18-05-2025T14:45:16 - [TEST_STEP][PASSED] - documentInformationScreen.performAction(document, RETURN, COMMENT): null

18-05-2025T14:45:24 - [TEST_STEP][PASSED] - document.setSender(auto6): null

18-05-2025T14:45:24 - [TEST_STEP][PASSED] - documentInformationScreen.backToHome(): null

18-05-2025T14:45:26 - [TEST_STEP][PASSED] - inComingDocument.checkItemInDocument(): null

18-05-2025T14:45:26 - [TEST_STEP][PASSED] - homeScreen.goToOutComingDocument(): null

18-05-2025T14:45:35 - [TEST_STEP][PASSED] - outComingDocument.viewInformationDocument(document): null

18-05-2025T14:45:36 - [TEST_STEP][PASSED] - documentInformationScreen.checkDocumentTitle(document): Verify equals GUI: Trình ký 1747554235572 - DATA: Trình ký 1747554235572

18-05-2025T14:45:41 - [MESSAGE][PASSED] - Verify equals GUI: Trình ký 1747554235572 - DATA: Trình ký 1747554235572

18-05-2025T14:45:41 - [TEST_STEP][PASSED] - documentInformationScreen.checkSender(document): Verify equals GUI: Auto Test User 6 - DATA: Auto Test User 6

18-05-2025T14:45:41 - [MESSAGE][PASSED] - Verify equals GUI: Auto Test User 6 - DATA: Auto Test User 6

18-05-2025T14:45:41 - [TEST_STEP][PASSED] - documentInformationScreen.checkStatus(document): Verify equals GUI: Chờ bổ sung hồ sơ - DATA: Chờ bổ sung hồ sơ

18-05-2025T14:45:41 - [MESSAGE][PASSED] - Verify equals GUI: Chờ bổ sung hồ sơ - DATA: Chờ bổ sung hồ sơ

18-05-2025T14:45:41 - [TEST_STEP][PASSED] - documentInformationScreen.checkCreateDate(): Verify equals GUI: 18/05/2025 - DATA: 18/05/2025

18-05-2025T14:45:41 - [MESSAGE][PASSED] - Verify equals GUI: 18/05/2025 - DATA: 18/05/2025

18-05-2025T14:45:41 - [TEST_STEP][PASSED] - documentInformationScreen.checkFinishDate(document): Verify equals GUI: 19/05/2025 - DATA: 19/05/2025

18-05-2025T14:45:41 - [MESSAGE][PASSED] - Verify equals GUI: 19/05/2025 - DATA: 19/05/2025

18-05-2025T14:45:41 - [TEST_STEP][PASSED] - documentInformationScreen.checkPriority(document): Verify equals GUI: Cao - DATA: Cao

18-05-2025T14:45:41 - [MESSAGE][PASSED] - Verify equals GUI: Cao - DATA: Cao

18-05-2025T14:45:41 - [TEST_STEP][PASSED] - documentInformationScreen.isAssignerDisplayed(): Check sender not displayed

18-05-2025T14:45:45 - [MESSAGE][PASSED] - Check sender not displayed

18-05-2025T14:45:45 - [TEST_STEP][PASSED] - documentInformationScreen.checkDescription(document): Verify equals GUI: 025 TRA VE TAI MAIN FILE_NHAP Y KIEN - DATA: 025 TRA VE TAI MAIN FILE_NHAP Y KIEN

18-05-2025T14:45:45 - [MESSAGE][PASSED] - Verify equals GUI: 025 TRA VE TAI MAIN FILE_NHAP Y KIEN - DATA: 025 TRA VE TAI MAIN FILE_NHAP Y KIEN

18-05-2025T14:45:45 - [TEST_STEP][PASSED] - documentInformationScreen.checkPresentFileName(document): Verify contains GUI: dummy_20250518144514.ozd - DATA: dummy

18-05-2025T14:45:46 - [MESSAGE][PASSED] - Verify contains GUI: dummy_20250518144514.ozd - DATA: dummy

18-05-2025T14:45:46 - [TEST_STEP][PASSED] - documentInformationScreen.checkAttachFileName(document): Expected true condition

18-05-2025T14:45:47 - [MESSAGE][PASSED] - Expected true condition

18-05-2025T14:45:47 - [TEST_STEP][PASSED] - documentInformationScreen.checkComment(auto6, COMMENT): Check comment of Auto Test User 6 is Commented by automaton test in case 25

18-05-2025T14:45:49 - [MESSAGE][INFO] - GUI COMMENT: Commented by automaton test in case 25 - DATA COMMENT: Commented by automaton test in case 25

18-05-2025T14:45:49 - [MESSAGE][PASSED] - Check comment of Auto Test User 6 is Commented by automaton test in case 25

18-05-2025T14:45:49 - [TEST_STEP][PASSED] - documentInformationScreen.backToHome(): null

18-05-2025T14:45:53 - [TEST_STEP][PASSED] - inComingDocument.checkItemInDocument(): null

18-05-2025T14:45:53 - [TEST_STEP][PASSED] - Start listener action : afterTest: null

18-05-2025T14:45:53 - [TEST_STEP][PASSED] - if (testCaseStatus != "PASSED"): null

18-05-2025T14:45:53 - [TEST_STEP][PASSED] - drivers.Driver.closeApp(): drivers.Driver.closeApp is PASSED

18-05-2025T14:45:54 - [MESSAGE][PASSED] - drivers.Driver.closeApp is PASSED

18-05-2025T14:45:54 - [TEST_STEP][PASSED] - if (tsContext == null): null]]></system-out>
         <system-err><![CDATA[]]></system-err>
      </testcase>
      <testcase name="Test Cases/IPAPER APP/003 TAO YEU CAU KHONG CO ASSIGNER" time="182.857" classname="Test Cases/IPAPER APP/003 TAO YEU CAU KHONG CO ASSIGNER" status="PASSED">
         <system-out><![CDATA[18-05-2025T14:45:54 - [TEST_CASE][PASSED] - Test Cases/IPAPER APP/003 TAO YEU CAU KHONG CO ASSIGNER: Test Cases/IPAPER APP/003 TAO YEU CAU KHONG CO ASSIGNER

18-05-2025T14:45:54 - [TEST_STEP][PASSED] - Start listener action : beforeTest: drivers.Driver.openApp is PASSED

18-05-2025T14:45:54 - [TEST_STEP][PASSED] - DataTest.init(): null

18-05-2025T14:45:54 - [TEST_STEP][PASSED] - testCaseId = split("/").last(): null

18-05-2025T14:45:54 - [TEST_STEP][PASSED] - if (!(drivers.Driver.isAppiumRunning())): drivers.Driver.isAppiumRunning is PASSED

18-05-2025T14:45:54 - [MESSAGE][INFO] - Appium running: true

18-05-2025T14:45:54 - [MESSAGE][PASSED] - drivers.Driver.isAppiumRunning is PASSED

18-05-2025T14:45:54 - [TEST_STEP][PASSED] - if (driver == null || driver.getSessionId() == null): null

18-05-2025T14:45:54 - [TEST_STEP][PASSED] - drivers.Driver.openApp(): drivers.Driver.openApp is PASSED

18-05-2025T14:45:56 - [MESSAGE][PASSED] - drivers.Driver.openApp is PASSED

18-05-2025T14:45:56 - [TEST_STEP][PASSED] - REQUEST_NAME = "Trình ký PDF có sẵn": null

18-05-2025T14:45:56 - [TEST_STEP][PASSED] - STATUS = "Đang đợi xử lý": null

18-05-2025T14:45:56 - [TEST_STEP][PASSED] - TO_DAY = SimpleDateFormat(dd/MM/yyyy).format(new java.util.Date()): null

18-05-2025T14:45:56 - [TEST_STEP][PASSED] - ERROR_MESSAGE = "Vui lòng nhập Email người nhận": null

18-05-2025T14:45:56 - [TEST_STEP][PASSED] - documentTitle = "Trình ký " + System.currentTimeMillis(): null

18-05-2025T14:45:56 - [TEST_STEP][PASSED] - auto5 = DataTest.getUserTest("auto5"): null

18-05-2025T14:45:56 - [TEST_STEP][PASSED] - auto6 = DataTest.getUserTest("auto6"): null

18-05-2025T14:45:56 - [TEST_STEP][PASSED] - auto7 = DataTest.getUserTest("auto7"): null

18-05-2025T14:45:56 - [TEST_STEP][PASSED] - document = DataTest.createDocumentTest(auto5, auto6, auto7, "dummy.pdf", "dummy.pdf"): null

18-05-2025T14:45:56 - [TEST_STEP][PASSED] - loginScreen.login(auto5): null

18-05-2025T14:46:05 - [TEST_STEP][PASSED] - homeScreen.openRequestList(): null

18-05-2025T14:46:10 - [TEST_STEP][PASSED] - homeScreen.createRequest(REQUEST_NAME): null

18-05-2025T14:46:14 - [TEST_STEP][PASSED] - pdfSignScreen.fillInTitle(title): null

18-05-2025T14:46:17 - [TEST_STEP][PASSED] - pdfSignScreen.selectPriority(priority): null

18-05-2025T14:46:19 - [TEST_STEP][PASSED] - pdfSignScreen.selectTime(time): null

18-05-2025T14:46:22 - [TEST_STEP][PASSED] - pdfSignScreen.fillInDescription(description): null

18-05-2025T14:46:24 - [TEST_STEP][PASSED] - pdfSignScreen.selectAssigner(getAssigner().getEmail()): null

18-05-2025T14:46:29 - [TEST_STEP][PASSED] - pdfSignScreen.openMainFileBrowser(): null

18-05-2025T14:46:34 - [TEST_STEP][PASSED] - fileBrowserScreen.attachFile(mainFileName): null

18-05-2025T14:46:40 - [TEST_STEP][PASSED] - pdfSignScreen.openSubFileBrowser(): null

18-05-2025T14:46:41 - [TEST_STEP][PASSED] - fileBrowserScreen.attachFile(subFileName): null

18-05-2025T14:46:47 - [TEST_STEP][PASSED] - pdfSignScreen.selectRelatedMember(getCc().getEmail()): null

18-05-2025T14:46:54 - [TEST_STEP][PASSED] - pdfSignScreen.performAction(SEND_APPROVE): null

18-05-2025T14:46:57 - [TEST_STEP][PASSED] - document.setStatus(WAIT_APPROVE): null

18-05-2025T14:46:57 - [TEST_STEP][PASSED] - pdfSignScreen.fillInOpinion(document.getComment()): null

18-05-2025T14:46:58 - [TEST_STEP][PASSED] - pdfSignScreen.submitRequest(): null

18-05-2025T14:47:05 - [TEST_STEP][PASSED] - documentInformationScreen.backToHome(): null

18-05-2025T14:47:06 - [TEST_STEP][PASSED] - homeScreen.goToOutComingDocument(): null

18-05-2025T14:47:15 - [TEST_STEP][PASSED] - outComingDocument.viewInformationDocument(document): null

18-05-2025T14:47:16 - [TEST_STEP][PASSED] - documentInformationScreen.checkDocumentTitle(document): Verify equals GUI: Trình ký 1747554356895 - DATA: Trình ký 1747554356895

18-05-2025T14:47:20 - [MESSAGE][PASSED] - Verify equals GUI: Trình ký 1747554356895 - DATA: Trình ký 1747554356895

18-05-2025T14:47:20 - [TEST_STEP][PASSED] - documentInformationScreen.checkSender(document): Verify equals GUI: Auto Test User 5 - DATA: Auto Test User 5

18-05-2025T14:47:20 - [MESSAGE][PASSED] - Verify equals GUI: Auto Test User 5 - DATA: Auto Test User 5

18-05-2025T14:47:20 - [TEST_STEP][PASSED] - documentInformationScreen.checkStatus(document): Verify equals GUI: Chờ giám sát phê duyệt - DATA: Chờ giám sát phê duyệt

18-05-2025T14:47:21 - [MESSAGE][PASSED] - Verify equals GUI: Chờ giám sát phê duyệt - DATA: Chờ giám sát phê duyệt

18-05-2025T14:47:21 - [TEST_STEP][PASSED] - documentInformationScreen.checkFinishDate(document): Verify equals GUI: 19/05/2025 - DATA: 19/05/2025

18-05-2025T14:47:21 - [MESSAGE][PASSED] - Verify equals GUI: 19/05/2025 - DATA: 19/05/2025

18-05-2025T14:47:21 - [TEST_STEP][PASSED] - documentInformationScreen.checkPriority(document): Verify equals GUI: Khẩn cấp - DATA: Khẩn cấp

18-05-2025T14:47:21 - [MESSAGE][PASSED] - Verify equals GUI: Khẩn cấp - DATA: Khẩn cấp

18-05-2025T14:47:21 - [TEST_STEP][PASSED] - documentInformationScreen.checkDescription(document): Verify equals GUI: 003 TAO YEU CAU KHONG CO ASSIGNER - DATA: 003 TAO YEU CAU KHONG CO ASSIGNER

18-05-2025T14:47:21 - [MESSAGE][PASSED] - Verify equals GUI: 003 TAO YEU CAU KHONG CO ASSIGNER - DATA: 003 TAO YEU CAU KHONG CO ASSIGNER

18-05-2025T14:47:21 - [TEST_STEP][PASSED] - documentInformationScreen.checkAssigner(document): Verify contains GUI: auto6@hdbank.com.vn - DATA: auto6@hdbank.com.vn

18-05-2025T14:47:22 - [MESSAGE][PASSED] - Verify contains GUI: auto6@hdbank.com.vn - DATA: auto6@hdbank.com.vn

18-05-2025T14:47:22 - [TEST_STEP][PASSED] - documentInformationScreen.checkPresentFileName(document): Verify contains GUI: dummy_20250518144715.ozd - DATA: dummy

18-05-2025T14:47:28 - [MESSAGE][PASSED] - Verify contains GUI: dummy_20250518144715.ozd - DATA: dummy

18-05-2025T14:47:28 - [TEST_STEP][PASSED] - documentInformationScreen.checkAttachFileName(document): Expected true condition

18-05-2025T14:47:29 - [MESSAGE][PASSED] - Expected true condition

18-05-2025T14:47:29 - [TEST_STEP][PASSED] - documentInformationScreen.backToHome(): null

18-05-2025T14:47:34 - [TEST_STEP][PASSED] - outComingDocument.checkItemInDocument(): null

18-05-2025T14:47:34 - [TEST_STEP][PASSED] - homeScreen.logout(): null

18-05-2025T14:47:42 - [TEST_STEP][PASSED] - document.setAssigner(auto5): null

18-05-2025T14:47:42 - [TEST_STEP][PASSED] - loginScreen.login(auto6): null

18-05-2025T14:47:51 - [TEST_STEP][PASSED] - homeScreen.goToIncomingDocument(): null

18-05-2025T14:47:51 - [TEST_STEP][PASSED] - inComingDocument.viewInformationDocument(document): View document Trình ký 1747554356895

18-05-2025T14:47:51 - [MESSAGE][INFO] - View document Trình ký 1747554356895

18-05-2025T14:47:57 - [TEST_STEP][PASSED] - documentInformationScreen.checkDocumentTitle(document): Verify equals GUI: Trình ký 1747554356895 - DATA: Trình ký 1747554356895

18-05-2025T14:47:57 - [MESSAGE][PASSED] - Verify equals GUI: Trình ký 1747554356895 - DATA: Trình ký 1747554356895

18-05-2025T14:47:57 - [TEST_STEP][PASSED] - documentInformationScreen.checkSender(document): Verify equals GUI: Auto Test User 5 - DATA: Auto Test User 5

18-05-2025T14:47:57 - [MESSAGE][PASSED] - Verify equals GUI: Auto Test User 5 - DATA: Auto Test User 5

18-05-2025T14:47:57 - [TEST_STEP][PASSED] - documentInformationScreen.checkStatus(document): Verify equals GUI: Chờ giám sát phê duyệt - DATA: Chờ giám sát phê duyệt

18-05-2025T14:47:57 - [MESSAGE][PASSED] - Verify equals GUI: Chờ giám sát phê duyệt - DATA: Chờ giám sát phê duyệt

18-05-2025T14:47:57 - [TEST_STEP][PASSED] - documentInformationScreen.checkFinishDate(document): Verify equals GUI: 19/05/2025 - DATA: 19/05/2025

18-05-2025T14:47:57 - [MESSAGE][PASSED] - Verify equals GUI: 19/05/2025 - DATA: 19/05/2025

18-05-2025T14:47:57 - [TEST_STEP][PASSED] - documentInformationScreen.checkPriority(document): Verify equals GUI: Khẩn cấp - DATA: Khẩn cấp

18-05-2025T14:47:57 - [MESSAGE][PASSED] - Verify equals GUI: Khẩn cấp - DATA: Khẩn cấp

18-05-2025T14:47:57 - [TEST_STEP][PASSED] - documentInformationScreen.checkDescription(document): Verify equals GUI: 003 TAO YEU CAU KHONG CO ASSIGNER - DATA: 003 TAO YEU CAU KHONG CO ASSIGNER

18-05-2025T14:47:58 - [MESSAGE][PASSED] - Verify equals GUI: 003 TAO YEU CAU KHONG CO ASSIGNER - DATA: 003 TAO YEU CAU KHONG CO ASSIGNER

18-05-2025T14:47:58 - [TEST_STEP][PASSED] - documentInformationScreen.checkAssigner(document): Verify contains GUI: auto5@hdbank.com.vn - DATA: auto5@hdbank.com.vn

18-05-2025T14:47:59 - [MESSAGE][PASSED] - Verify contains GUI: auto5@hdbank.com.vn - DATA: auto5@hdbank.com.vn

18-05-2025T14:47:59 - [TEST_STEP][PASSED] - documentInformationScreen.checkPresentFileName(document): Verify contains GUI: dummy_20250518144715.ozd - DATA: dummy

18-05-2025T14:48:00 - [MESSAGE][PASSED] - Verify contains GUI: dummy_20250518144715.ozd - DATA: dummy

18-05-2025T14:48:00 - [TEST_STEP][PASSED] - documentInformationScreen.checkAttachFileName(document): Expected true condition

18-05-2025T14:48:02 - [MESSAGE][PASSED] - Expected true condition

18-05-2025T14:48:02 - [TEST_STEP][PASSED] - documentInformationScreen.backToHome(): null

18-05-2025T14:48:07 - [TEST_STEP][PASSED] - inComingDocument.checkItemInDocument(): null

18-05-2025T14:48:07 - [TEST_STEP][PASSED] - homeScreen.logout(): null

18-05-2025T14:48:14 - [TEST_STEP][PASSED] - document.setAssigner(auto6): null

18-05-2025T14:48:14 - [TEST_STEP][PASSED] - loginScreen.login(auto7): null

18-05-2025T14:48:23 - [TEST_STEP][PASSED] - homeScreen.goToIncomingDocument(): null

18-05-2025T14:48:23 - [TEST_STEP][PASSED] - inComingDocument.goToRelatedDocument(): null

18-05-2025T14:48:25 - [TEST_STEP][PASSED] - relatedDocumentScreen.viewInformationDocument(document): null

18-05-2025T14:48:30 - [TEST_STEP][PASSED] - documentInformationScreen.checkDocumentTitle(document): Verify equals GUI: Trình ký 1747554356895 - DATA: Trình ký 1747554356895

18-05-2025T14:48:35 - [MESSAGE][PASSED] - Verify equals GUI: Trình ký 1747554356895 - DATA: Trình ký 1747554356895

18-05-2025T14:48:35 - [TEST_STEP][PASSED] - documentInformationScreen.checkSender(document): Verify equals GUI: Auto Test User 5 - DATA: Auto Test User 5

18-05-2025T14:48:35 - [MESSAGE][PASSED] - Verify equals GUI: Auto Test User 5 - DATA: Auto Test User 5

18-05-2025T14:48:35 - [TEST_STEP][PASSED] - documentInformationScreen.checkStatus(document): Verify equals GUI: Chờ giám sát phê duyệt - DATA: Chờ giám sát phê duyệt

18-05-2025T14:48:35 - [MESSAGE][PASSED] - Verify equals GUI: Chờ giám sát phê duyệt - DATA: Chờ giám sát phê duyệt

18-05-2025T14:48:35 - [TEST_STEP][PASSED] - documentInformationScreen.checkFinishDate(document): Verify equals GUI: 19/05/2025 - DATA: 19/05/2025

18-05-2025T14:48:35 - [MESSAGE][PASSED] - Verify equals GUI: 19/05/2025 - DATA: 19/05/2025

18-05-2025T14:48:35 - [TEST_STEP][PASSED] - documentInformationScreen.checkPriority(document): Verify equals GUI: Khẩn cấp - DATA: Khẩn cấp

18-05-2025T14:48:35 - [MESSAGE][PASSED] - Verify equals GUI: Khẩn cấp - DATA: Khẩn cấp

18-05-2025T14:48:35 - [TEST_STEP][PASSED] - documentInformationScreen.checkDescription(document): Verify equals GUI: 003 TAO YEU CAU KHONG CO ASSIGNER - DATA: 003 TAO YEU CAU KHONG CO ASSIGNER

18-05-2025T14:48:36 - [MESSAGE][PASSED] - Verify equals GUI: 003 TAO YEU CAU KHONG CO ASSIGNER - DATA: 003 TAO YEU CAU KHONG CO ASSIGNER

18-05-2025T14:48:36 - [TEST_STEP][PASSED] - documentInformationScreen.checkAssigner(document): Verify contains GUI: auto6@hdbank.com.vn - DATA: auto6@hdbank.com.vn

18-05-2025T14:48:37 - [MESSAGE][PASSED] - Verify contains GUI: auto6@hdbank.com.vn - DATA: auto6@hdbank.com.vn

18-05-2025T14:48:37 - [TEST_STEP][PASSED] - documentInformationScreen.checkPresentFileName(document): Verify contains GUI: dummy_20250518144715.ozd - DATA: dummy

18-05-2025T14:48:38 - [MESSAGE][PASSED] - Verify contains GUI: dummy_20250518144715.ozd - DATA: dummy

18-05-2025T14:48:38 - [TEST_STEP][PASSED] - documentInformationScreen.checkAttachFileName(document): Expected true condition

18-05-2025T14:48:40 - [MESSAGE][PASSED] - Expected true condition

18-05-2025T14:48:40 - [TEST_STEP][PASSED] - documentInformationScreen.checkUserCannotEditDocument(): Check user can not edit document

18-05-2025T14:48:52 - [MESSAGE][PASSED] - Check user can not edit document

18-05-2025T14:48:52 - [TEST_STEP][PASSED] - documentInformationScreen.backToHome(): null

18-05-2025T14:48:56 - [TEST_STEP][PASSED] - Start listener action : afterTest: null

18-05-2025T14:48:56 - [TEST_STEP][PASSED] - if (testCaseStatus != "PASSED"): null

18-05-2025T14:48:56 - [TEST_STEP][PASSED] - drivers.Driver.closeApp(): drivers.Driver.closeApp is PASSED

18-05-2025T14:48:57 - [MESSAGE][PASSED] - drivers.Driver.closeApp is PASSED

18-05-2025T14:48:57 - [TEST_STEP][PASSED] - if (tsContext == null): null]]></system-out>
         <system-err><![CDATA[]]></system-err>
      </testcase>
      <testcase name="Test Cases/IPAPER APP/013 DUYET CHI TIET_KHONG NHAP Y KIEN" time="126.538" classname="Test Cases/IPAPER APP/013 DUYET CHI TIET_KHONG NHAP Y KIEN" status="PASSED">
         <system-out><![CDATA[18-05-2025T14:48:57 - [TEST_CASE][PASSED] - Test Cases/IPAPER APP/013 DUYET CHI TIET_KHONG NHAP Y KIEN: Test Cases/IPAPER APP/013 DUYET CHI TIET_KHONG NHAP Y KIEN

18-05-2025T14:48:57 - [TEST_STEP][PASSED] - Start listener action : beforeTest: drivers.Driver.openApp is PASSED

18-05-2025T14:48:57 - [TEST_STEP][PASSED] - DataTest.init(): null

18-05-2025T14:48:57 - [TEST_STEP][PASSED] - testCaseId = split("/").last(): null

18-05-2025T14:48:57 - [TEST_STEP][PASSED] - if (!(drivers.Driver.isAppiumRunning())): drivers.Driver.isAppiumRunning is PASSED

18-05-2025T14:48:57 - [MESSAGE][INFO] - Appium running: true

18-05-2025T14:48:57 - [MESSAGE][PASSED] - drivers.Driver.isAppiumRunning is PASSED

18-05-2025T14:48:57 - [TEST_STEP][PASSED] - if (driver == null || driver.getSessionId() == null): null

18-05-2025T14:48:57 - [TEST_STEP][PASSED] - drivers.Driver.openApp(): drivers.Driver.openApp is PASSED

18-05-2025T14:48:59 - [MESSAGE][PASSED] - drivers.Driver.openApp is PASSED

18-05-2025T14:48:59 - [TEST_STEP][PASSED] - REQUEST_NAME = "Trình ký PDF có sẵn": null

18-05-2025T14:48:59 - [TEST_STEP][PASSED] - COMMENT = "Không có bình luận": null

18-05-2025T14:48:59 - [TEST_STEP][PASSED] - auto5 = DataTest.getUserTest("auto5"): null

18-05-2025T14:48:59 - [TEST_STEP][PASSED] - auto6 = DataTest.getUserTest("auto6"): null

18-05-2025T14:48:59 - [TEST_STEP][PASSED] - document = DataTest.createDocumentTest(auto5, auto6, null, "dummy.pdf", "dummy.pdf"): null

18-05-2025T14:48:59 - [TEST_STEP][PASSED] - loginScreen.login(auto5): null

18-05-2025T14:49:07 - [TEST_STEP][PASSED] - homeScreen.openRequestList(): null

18-05-2025T14:49:13 - [TEST_STEP][PASSED] - homeScreen.createRequest(REQUEST_NAME): null

18-05-2025T14:49:16 - [TEST_STEP][PASSED] - pdfSignScreen.fillInTitle(document.getTitle()): null

18-05-2025T14:49:19 - [TEST_STEP][PASSED] - pdfSignScreen.selectPriority(document.getPriority()): null

18-05-2025T14:49:21 - [TEST_STEP][PASSED] - pdfSignScreen.selectTime(document.getTime()): null

18-05-2025T14:49:24 - [TEST_STEP][PASSED] - pdfSignScreen.fillInDescription(document.getDescription()): null

18-05-2025T14:49:26 - [TEST_STEP][PASSED] - pdfSignScreen.selectAssigner(getAssigner().getEmail()): null

18-05-2025T14:49:32 - [TEST_STEP][PASSED] - pdfSignScreen.openMainFileBrowser(): null

18-05-2025T14:49:37 - [TEST_STEP][PASSED] - fileBrowserScreen.attachFile(document.getMainFileName()): null

18-05-2025T14:49:43 - [TEST_STEP][PASSED] - pdfSignScreen.openSubFileBrowser(): null

18-05-2025T14:49:44 - [TEST_STEP][PASSED] - fileBrowserScreen.attachFile(document.getSubFileName()): null

18-05-2025T14:49:50 - [TEST_STEP][PASSED] - pdfSignScreen.performAction(SEND_APPROVE): null

18-05-2025T14:49:54 - [TEST_STEP][PASSED] - pdfSignScreen.fillInOpinion(document.getComment()): null

18-05-2025T14:49:55 - [TEST_STEP][PASSED] - pdfSignScreen.submitRequest(): null

18-05-2025T14:50:03 - [TEST_STEP][PASSED] - documentInformationScreen.backToHome(): null

18-05-2025T14:50:03 - [TEST_STEP][PASSED] - homeScreen.logout(): null

18-05-2025T14:50:11 - [TEST_STEP][PASSED] - document.setStatus(WAIT_APPROVE): null

18-05-2025T14:50:11 - [TEST_STEP][PASSED] - document.setAssigner(auto5): null

18-05-2025T14:50:11 - [TEST_STEP][PASSED] - loginScreen.login(auto6): null

18-05-2025T14:50:20 - [TEST_STEP][PASSED] - homeScreen.goToIncomingDocument(): null

18-05-2025T14:50:20 - [TEST_STEP][PASSED] - inComingDocument.viewInformationDocument(document): View document Trình ký 1747554539757

18-05-2025T14:50:20 - [MESSAGE][INFO] - View document Trình ký 1747554539757

18-05-2025T14:50:26 - [TEST_STEP][PASSED] - documentInformationScreen.checkDocumentTitle(document): Verify equals GUI: Trình ký 1747554539757 - DATA: Trình ký 1747554539757

18-05-2025T14:50:27 - [MESSAGE][PASSED] - Verify equals GUI: Trình ký 1747554539757 - DATA: Trình ký 1747554539757

18-05-2025T14:50:27 - [TEST_STEP][PASSED] - documentInformationScreen.checkSender(document): Verify equals GUI: Auto Test User 5 - DATA: Auto Test User 5

18-05-2025T14:50:27 - [MESSAGE][PASSED] - Verify equals GUI: Auto Test User 5 - DATA: Auto Test User 5

18-05-2025T14:50:27 - [TEST_STEP][PASSED] - documentInformationScreen.checkStatus(document): Verify equals GUI: Chờ giám sát phê duyệt - DATA: Chờ giám sát phê duyệt

18-05-2025T14:50:27 - [MESSAGE][PASSED] - Verify equals GUI: Chờ giám sát phê duyệt - DATA: Chờ giám sát phê duyệt

18-05-2025T14:50:27 - [TEST_STEP][PASSED] - documentInformationScreen.checkCreateDate(): Verify equals GUI: 18/05/2025 - DATA: 18/05/2025

18-05-2025T14:50:27 - [MESSAGE][PASSED] - Verify equals GUI: 18/05/2025 - DATA: 18/05/2025

18-05-2025T14:50:27 - [TEST_STEP][PASSED] - documentInformationScreen.checkFinishDate(document): Verify equals GUI: 19/05/2025 - DATA: 19/05/2025

18-05-2025T14:50:27 - [MESSAGE][PASSED] - Verify equals GUI: 19/05/2025 - DATA: 19/05/2025

18-05-2025T14:50:27 - [TEST_STEP][PASSED] - documentInformationScreen.checkPriority(document): Verify equals GUI: Cao - DATA: Cao

18-05-2025T14:50:27 - [MESSAGE][PASSED] - Verify equals GUI: Cao - DATA: Cao

18-05-2025T14:50:27 - [TEST_STEP][PASSED] - documentInformationScreen.checkDescription(document): Verify equals GUI: 013 DUYET CHI TIET_KHONG NHAP Y KIEN - DATA: 013 DUYET CHI TIET_KHONG NHAP Y KIEN

18-05-2025T14:50:27 - [MESSAGE][PASSED] - Verify equals GUI: 013 DUYET CHI TIET_KHONG NHAP Y KIEN - DATA: 013 DUYET CHI TIET_KHONG NHAP Y KIEN

18-05-2025T14:50:27 - [TEST_STEP][PASSED] - documentInformationScreen.checkAssigner(document): Verify contains GUI: auto5@hdbank.com.vn - DATA: auto5@hdbank.com.vn

18-05-2025T14:50:29 - [MESSAGE][PASSED] - Verify contains GUI: auto5@hdbank.com.vn - DATA: auto5@hdbank.com.vn

18-05-2025T14:50:29 - [TEST_STEP][PASSED] - documentInformationScreen.checkPresentFileName(document): Verify contains GUI: dummy_20250518145019.ozd - DATA: dummy

18-05-2025T14:50:30 - [MESSAGE][PASSED] - Verify contains GUI: dummy_20250518145019.ozd - DATA: dummy

18-05-2025T14:50:30 - [TEST_STEP][PASSED] - documentInformationScreen.checkAttachFileName(document): Expected true condition

18-05-2025T14:50:31 - [MESSAGE][PASSED] - Expected true condition

18-05-2025T14:50:31 - [TEST_STEP][PASSED] - documentInformationScreen.performAction(document, APPROVE): null

18-05-2025T14:50:34 - [TEST_STEP][PASSED] - documentInformationScreen.backToHome(): null

18-05-2025T14:50:36 - [TEST_STEP][PASSED] - document.setSender(auto6): null

18-05-2025T14:50:36 - [TEST_STEP][PASSED] - inComingDocument.checkItemInDocument(): null

18-05-2025T14:50:36 - [TEST_STEP][PASSED] - homeScreen.goToOutComingDocument(): null

18-05-2025T14:50:46 - [TEST_STEP][PASSED] - outComingDocument.viewInformationDocument(document): null

18-05-2025T14:50:47 - [TEST_STEP][PASSED] - documentInformationScreen.checkDocumentTitle(document): Verify equals GUI: Trình ký 1747554539757 - DATA: Trình ký 1747554539757

18-05-2025T14:50:52 - [MESSAGE][PASSED] - Verify equals GUI: Trình ký 1747554539757 - DATA: Trình ký 1747554539757

18-05-2025T14:50:52 - [TEST_STEP][PASSED] - documentInformationScreen.checkSender(document): Verify equals GUI: Auto Test User 6 - DATA: Auto Test User 6

18-05-2025T14:50:52 - [MESSAGE][PASSED] - Verify equals GUI: Auto Test User 6 - DATA: Auto Test User 6

18-05-2025T14:50:52 - [TEST_STEP][PASSED] - documentInformationScreen.checkStatus(document): Verify equals GUI: Đã duyệt - DATA: Đã duyệt

18-05-2025T14:50:52 - [MESSAGE][PASSED] - Verify equals GUI: Đã duyệt - DATA: Đã duyệt

18-05-2025T14:50:52 - [TEST_STEP][PASSED] - documentInformationScreen.checkCreateDate(): Verify equals GUI: 18/05/2025 - DATA: 18/05/2025

18-05-2025T14:50:52 - [MESSAGE][PASSED] - Verify equals GUI: 18/05/2025 - DATA: 18/05/2025

18-05-2025T14:50:52 - [TEST_STEP][PASSED] - documentInformationScreen.checkFinishDate(document): Verify equals GUI: 19/05/2025 - DATA: 19/05/2025

18-05-2025T14:50:52 - [MESSAGE][PASSED] - Verify equals GUI: 19/05/2025 - DATA: 19/05/2025

18-05-2025T14:50:52 - [TEST_STEP][PASSED] - documentInformationScreen.checkPriority(document): Verify equals GUI: Cao - DATA: Cao

18-05-2025T14:50:52 - [MESSAGE][PASSED] - Verify equals GUI: Cao - DATA: Cao

18-05-2025T14:50:52 - [TEST_STEP][PASSED] - documentInformationScreen.checkDescription(document): Verify equals GUI: 013 DUYET CHI TIET_KHONG NHAP Y KIEN - DATA: 013 DUYET CHI TIET_KHONG NHAP Y KIEN

18-05-2025T14:50:53 - [MESSAGE][PASSED] - Verify equals GUI: 013 DUYET CHI TIET_KHONG NHAP Y KIEN - DATA: 013 DUYET CHI TIET_KHONG NHAP Y KIEN

18-05-2025T14:50:53 - [TEST_STEP][PASSED] - documentInformationScreen.checkAssigner(document): Verify contains GUI: auto5@hdbank.com.vn - DATA: auto5@hdbank.com.vn

18-05-2025T14:50:54 - [MESSAGE][PASSED] - Verify contains GUI: auto5@hdbank.com.vn - DATA: auto5@hdbank.com.vn

18-05-2025T14:50:54 - [TEST_STEP][PASSED] - documentInformationScreen.checkPresentFileName(document): Verify contains GUI: dummy_20250518145019.ozd - DATA: dummy

18-05-2025T14:50:55 - [MESSAGE][PASSED] - Verify contains GUI: dummy_20250518145019.ozd - DATA: dummy

18-05-2025T14:50:55 - [TEST_STEP][PASSED] - documentInformationScreen.checkAttachFileName(document): Expected true condition

18-05-2025T14:50:57 - [MESSAGE][PASSED] - Expected true condition

18-05-2025T14:50:57 - [TEST_STEP][PASSED] - documentInformationScreen.checkComment(auto6, COMMENT): Check comment of Auto Test User 6 is Không có bình luận

18-05-2025T14:50:58 - [MESSAGE][INFO] - GUI COMMENT: Không có bình luận - DATA COMMENT: Không có bình luận

18-05-2025T14:50:58 - [MESSAGE][PASSED] - Check comment of Auto Test User 6 is Không có bình luận

18-05-2025T14:50:58 - [TEST_STEP][PASSED] - documentInformationScreen.backToHome(): null

18-05-2025T14:51:03 - [TEST_STEP][PASSED] - inComingDocument.checkItemInDocument(): null

18-05-2025T14:51:03 - [TEST_STEP][PASSED] - Start listener action : afterTest: null

18-05-2025T14:51:03 - [TEST_STEP][PASSED] - if (testCaseStatus != "PASSED"): null

18-05-2025T14:51:03 - [TEST_STEP][PASSED] - drivers.Driver.closeApp(): drivers.Driver.closeApp is PASSED

18-05-2025T14:51:03 - [MESSAGE][PASSED] - drivers.Driver.closeApp is PASSED

18-05-2025T14:51:03 - [TEST_STEP][PASSED] - if (tsContext == null): null]]></system-out>
         <system-err><![CDATA[]]></system-err>
      </testcase>
      <testcase name="Test Cases/IPAPER APP/015 DUYET TAI MAIN FILE_NHAP Y KIEN" time="121.257" classname="Test Cases/IPAPER APP/015 DUYET TAI MAIN FILE_NHAP Y KIEN" status="PASSED">
         <system-out><![CDATA[18-05-2025T14:51:03 - [TEST_CASE][PASSED] - Test Cases/IPAPER APP/015 DUYET TAI MAIN FILE_NHAP Y KIEN: Test Cases/IPAPER APP/015 DUYET TAI MAIN FILE_NHAP Y KIEN

18-05-2025T14:51:03 - [TEST_STEP][PASSED] - Start listener action : beforeTest: drivers.Driver.openApp is PASSED

18-05-2025T14:51:03 - [TEST_STEP][PASSED] - DataTest.init(): null

18-05-2025T14:51:03 - [TEST_STEP][PASSED] - testCaseId = split("/").last(): null

18-05-2025T14:51:03 - [TEST_STEP][PASSED] - if (!(drivers.Driver.isAppiumRunning())): drivers.Driver.isAppiumRunning is PASSED

18-05-2025T14:51:03 - [MESSAGE][INFO] - Appium running: true

18-05-2025T14:51:03 - [MESSAGE][PASSED] - drivers.Driver.isAppiumRunning is PASSED

18-05-2025T14:51:03 - [TEST_STEP][PASSED] - if (driver == null || driver.getSessionId() == null): null

18-05-2025T14:51:03 - [TEST_STEP][PASSED] - drivers.Driver.openApp(): drivers.Driver.openApp is PASSED

18-05-2025T14:51:06 - [MESSAGE][PASSED] - drivers.Driver.openApp is PASSED

18-05-2025T14:51:06 - [TEST_STEP][PASSED] - REQUEST_NAME = "Trình ký PDF có sẵn": null

18-05-2025T14:51:06 - [TEST_STEP][PASSED] - COMMENT = "Commented by automation team": null

18-05-2025T14:51:06 - [TEST_STEP][PASSED] - auto5 = DataTest.getUserTest("auto5"): null

18-05-2025T14:51:06 - [TEST_STEP][PASSED] - auto6 = DataTest.getUserTest("auto6"): null

18-05-2025T14:51:06 - [TEST_STEP][PASSED] - document = DataTest.createDocumentTest(auto5, auto6, null, "dummy.pdf", "dummy.pdf"): null

18-05-2025T14:51:06 - [TEST_STEP][PASSED] - loginScreen.login(auto5): null

18-05-2025T14:51:14 - [TEST_STEP][PASSED] - homeScreen.openRequestList(): null

18-05-2025T14:51:19 - [TEST_STEP][PASSED] - homeScreen.createRequest(REQUEST_NAME): null

18-05-2025T14:51:23 - [TEST_STEP][PASSED] - pdfSignScreen.fillInTitle(document.getTitle()): null

18-05-2025T14:51:26 - [TEST_STEP][PASSED] - pdfSignScreen.selectPriority(document.getPriority()): null

18-05-2025T14:51:27 - [TEST_STEP][PASSED] - pdfSignScreen.selectTime(document.getTime()): null

18-05-2025T14:51:30 - [TEST_STEP][PASSED] - pdfSignScreen.fillInDescription(document.getDescription()): null

18-05-2025T14:51:32 - [TEST_STEP][PASSED] - pdfSignScreen.selectAssigner(getAssigner().getEmail()): null

18-05-2025T14:51:38 - [TEST_STEP][PASSED] - pdfSignScreen.openMainFileBrowser(): null

18-05-2025T14:51:43 - [TEST_STEP][PASSED] - fileBrowserScreen.attachFile(document.getMainFileName()): null

18-05-2025T14:51:49 - [TEST_STEP][PASSED] - pdfSignScreen.openSubFileBrowser(): null

18-05-2025T14:51:51 - [TEST_STEP][PASSED] - fileBrowserScreen.attachFile(document.getSubFileName()): null

18-05-2025T14:51:57 - [TEST_STEP][PASSED] - pdfSignScreen.performAction(SEND_APPROVE): null

18-05-2025T14:52:01 - [TEST_STEP][PASSED] - pdfSignScreen.fillInOpinion(document.getComment()): null

18-05-2025T14:52:02 - [TEST_STEP][PASSED] - pdfSignScreen.submitRequest(): null

18-05-2025T14:52:11 - [TEST_STEP][PASSED] - documentInformationScreen.backToHome(): null

18-05-2025T14:52:11 - [TEST_STEP][PASSED] - homeScreen.logout(): null

18-05-2025T14:52:19 - [TEST_STEP][PASSED] - document.setStatus(WAIT_APPROVE): null

18-05-2025T14:52:19 - [TEST_STEP][PASSED] - document.setAssigner(auto5): null

18-05-2025T14:52:19 - [TEST_STEP][PASSED] - loginScreen.login(auto6): null

18-05-2025T14:52:28 - [TEST_STEP][PASSED] - homeScreen.goToIncomingDocument(): null

18-05-2025T14:52:28 - [TEST_STEP][PASSED] - inComingDocument.viewMainFile(document): null

18-05-2025T14:52:30 - [TEST_STEP][PASSED] - document.setSender(auto6): null

18-05-2025T14:52:30 - [TEST_STEP][PASSED] - documentInformationScreen.performAction(document, APPROVE, COMMENT): null

18-05-2025T14:52:37 - [TEST_STEP][PASSED] - documentInformationScreen.backToHome(): null

18-05-2025T14:52:39 - [TEST_STEP][PASSED] - inComingDocument.checkItemInDocument(): null

18-05-2025T14:52:39 - [TEST_STEP][PASSED] - homeScreen.goToOutComingDocument(): null

18-05-2025T14:52:48 - [TEST_STEP][PASSED] - outComingDocument.viewInformationDocument(document): null

18-05-2025T14:52:49 - [TEST_STEP][PASSED] - documentInformationScreen.checkDocumentTitle(document): Verify equals GUI: Trình ký 1747554666255 - DATA: Trình ký 1747554666255

18-05-2025T14:52:53 - [MESSAGE][PASSED] - Verify equals GUI: Trình ký 1747554666255 - DATA: Trình ký 1747554666255

18-05-2025T14:52:53 - [TEST_STEP][PASSED] - documentInformationScreen.checkSender(document): Verify equals GUI: Auto Test User 6 - DATA: Auto Test User 6

18-05-2025T14:52:53 - [MESSAGE][PASSED] - Verify equals GUI: Auto Test User 6 - DATA: Auto Test User 6

18-05-2025T14:52:53 - [TEST_STEP][PASSED] - documentInformationScreen.checkStatus(document): Verify equals GUI: Đã duyệt - DATA: Đã duyệt

18-05-2025T14:52:54 - [MESSAGE][PASSED] - Verify equals GUI: Đã duyệt - DATA: Đã duyệt

18-05-2025T14:52:54 - [TEST_STEP][PASSED] - documentInformationScreen.checkCreateDate(): Verify equals GUI: 18/05/2025 - DATA: 18/05/2025

18-05-2025T14:52:54 - [MESSAGE][PASSED] - Verify equals GUI: 18/05/2025 - DATA: 18/05/2025

18-05-2025T14:52:54 - [TEST_STEP][PASSED] - documentInformationScreen.checkFinishDate(document): Verify equals GUI: 19/05/2025 - DATA: 19/05/2025

18-05-2025T14:52:54 - [MESSAGE][PASSED] - Verify equals GUI: 19/05/2025 - DATA: 19/05/2025

18-05-2025T14:52:54 - [TEST_STEP][PASSED] - documentInformationScreen.checkPriority(document): Verify equals GUI: Khẩn cấp - DATA: Khẩn cấp

18-05-2025T14:52:54 - [MESSAGE][PASSED] - Verify equals GUI: Khẩn cấp - DATA: Khẩn cấp

18-05-2025T14:52:54 - [TEST_STEP][PASSED] - documentInformationScreen.checkDescription(document): Verify equals GUI: 015 DUYET TAI MAIN FILE_NHAP Y KIEN - DATA: 015 DUYET TAI MAIN FILE_NHAP Y KIEN

18-05-2025T14:52:54 - [MESSAGE][PASSED] - Verify equals GUI: 015 DUYET TAI MAIN FILE_NHAP Y KIEN - DATA: 015 DUYET TAI MAIN FILE_NHAP Y KIEN

18-05-2025T14:52:54 - [TEST_STEP][PASSED] - documentInformationScreen.checkAssigner(document): Verify contains GUI: auto5@hdbank.com.vn - DATA: auto5@hdbank.com.vn

18-05-2025T14:52:55 - [MESSAGE][PASSED] - Verify contains GUI: auto5@hdbank.com.vn - DATA: auto5@hdbank.com.vn

18-05-2025T14:52:55 - [TEST_STEP][PASSED] - documentInformationScreen.checkPresentFileName(document): Verify contains GUI: dummy_20250518145225.ozd - DATA: dummy

18-05-2025T14:52:56 - [MESSAGE][PASSED] - Verify contains GUI: dummy_20250518145225.ozd - DATA: dummy

18-05-2025T14:52:56 - [TEST_STEP][PASSED] - documentInformationScreen.checkAttachFileName(document): Expected true condition

18-05-2025T14:52:58 - [MESSAGE][PASSED] - Expected true condition

18-05-2025T14:52:58 - [TEST_STEP][PASSED] - documentInformationScreen.checkComment(auto6, COMMENT): Check comment of Auto Test User 6 is Commented by automation team

18-05-2025T14:52:59 - [MESSAGE][INFO] - GUI COMMENT: Commented by automation team - DATA COMMENT: Commented by automation team

18-05-2025T14:52:59 - [MESSAGE][PASSED] - Check comment of Auto Test User 6 is Commented by automation team

18-05-2025T14:52:59 - [TEST_STEP][PASSED] - documentInformationScreen.backToHome(): null

18-05-2025T14:53:04 - [TEST_STEP][PASSED] - inComingDocument.checkItemInDocument(): null

18-05-2025T14:53:04 - [TEST_STEP][PASSED] - Start listener action : afterTest: null

18-05-2025T14:53:04 - [TEST_STEP][PASSED] - if (testCaseStatus != "PASSED"): null

18-05-2025T14:53:04 - [TEST_STEP][PASSED] - drivers.Driver.closeApp(): drivers.Driver.closeApp is PASSED

18-05-2025T14:53:04 - [MESSAGE][PASSED] - drivers.Driver.closeApp is PASSED

18-05-2025T14:53:04 - [TEST_STEP][PASSED] - if (tsContext == null): null]]></system-out>
         <system-err><![CDATA[]]></system-err>
      </testcase>
      <testcase name="Test Cases/IPAPER APP/020 TU CHOI CHI TIET_KHONG NHAP Y KIEN" time="132.519" classname="Test Cases/IPAPER APP/020 TU CHOI CHI TIET_KHONG NHAP Y KIEN" status="FAILED">
         <failure type="FAILED" message="Test Cases/IPAPER APP/020 TU CHOI CHI TIET_KHONG NHAP Y KIEN FAILED.&#xa;Reason:&#xa;com.kms.katalon.core.exception.StepFailedException: Verify equals GUI: Auto Test User 5 - DATA: Auto Test User 6&#xa;	at com.kms.katalon.core.util.KeywordUtil.markFailed(KeywordUtil.java:19)&#xa;	at utilities.AssertUtilities.logResult(AssertUtilities.groovy:30)&#xa;	at utilities.AssertUtilities.checkEquals(AssertUtilities.groovy:11)&#xa;	at screens.DocumentInformationScreen.checkSender(DocumentInformationScreen.groovy:99)&#xa;	at 020 TU CHOI CHI TIET_KHONG NHAP Y KIEN.run(020 TU CHOI CHI TIET_KHONG NHAP Y KIEN:101)&#xa;	at com.kms.katalon.core.main.ScriptEngine.run(ScriptEngine.java:194)&#xa;	at com.kms.katalon.core.main.ScriptEngine.runScriptAsRawText(ScriptEngine.java:119)&#xa;	at com.kms.katalon.core.main.TestCaseExecutor.runScript(TestCaseExecutor.java:448)&#xa;	at com.kms.katalon.core.main.TestCaseExecutor.doExecute(TestCaseExecutor.java:439)&#xa;	at com.kms.katalon.core.main.TestCaseExecutor.processExecutionPhase(TestCaseExecutor.java:418)&#xa;	at com.kms.katalon.core.main.TestCaseExecutor.accessMainPhase(TestCaseExecutor.java:410)&#xa;	at com.kms.katalon.core.main.TestCaseExecutor.execute(TestCaseExecutor.java:285)&#xa;	at com.kms.katalon.core.common.CommonExecutor.accessTestCaseMainPhase(CommonExecutor.java:65)&#xa;	at com.kms.katalon.core.main.TestSuiteExecutor.accessTestSuiteMainPhase(TestSuiteExecutor.java:150)&#xa;	at com.kms.katalon.core.main.TestSuiteExecutor.execute(TestSuiteExecutor.java:106)&#xa;	at com.kms.katalon.core.main.TestCaseMain.startTestSuite(TestCaseMain.java:180)&#xa;	at TempTestSuite1747552661021.run(TempTestSuite1747552661021.groovy:35)&#xa;	at java.base/jdk.internal.reflect.NativeMethodAccessorImpl.invoke0(Native Method)&#xa;	at java.base/jdk.internal.reflect.NativeMethodAccessorImpl.invoke(NativeMethodAccessorImpl.java:77)&#xa;	at java.base/jdk.internal.reflect.DelegatingMethodAccessorImpl.invoke(DelegatingMethodAccessorImpl.java:43)&#xa;"/>
         <system-out><![CDATA[18-05-2025T14:53:04 - [TEST_CASE][FAILED] - Test Cases/IPAPER APP/020 TU CHOI CHI TIET_KHONG NHAP Y KIEN: Test Cases/IPAPER APP/020 TU CHOI CHI TIET_KHONG NHAP Y KIEN FAILED.
Reason:
com.kms.katalon.core.exception.StepFailedException: Verify equals GUI: Auto Test User 5 - DATA: Auto Test User 6
	at com.kms.katalon.core.util.KeywordUtil.markFailed(KeywordUtil.java:19)
	at utilities.AssertUtilities.logResult(AssertUtilities.groovy:30)
	at utilities.AssertUtilities.checkEquals(AssertUtilities.groovy:11)
	at screens.DocumentInformationScreen.checkSender(DocumentInformationScreen.groovy:99)
	at 020 TU CHOI CHI TIET_KHONG NHAP Y KIEN.run(020 TU CHOI CHI TIET_KHONG NHAP Y KIEN:101)
	at com.kms.katalon.core.main.ScriptEngine.run(ScriptEngine.java:194)
	at com.kms.katalon.core.main.ScriptEngine.runScriptAsRawText(ScriptEngine.java:119)
	at com.kms.katalon.core.main.TestCaseExecutor.runScript(TestCaseExecutor.java:448)
	at com.kms.katalon.core.main.TestCaseExecutor.doExecute(TestCaseExecutor.java:439)
	at com.kms.katalon.core.main.TestCaseExecutor.processExecutionPhase(TestCaseExecutor.java:418)
	at com.kms.katalon.core.main.TestCaseExecutor.accessMainPhase(TestCaseExecutor.java:410)
	at com.kms.katalon.core.main.TestCaseExecutor.execute(TestCaseExecutor.java:285)
	at com.kms.katalon.core.common.CommonExecutor.accessTestCaseMainPhase(CommonExecutor.java:65)
	at com.kms.katalon.core.main.TestSuiteExecutor.accessTestSuiteMainPhase(TestSuiteExecutor.java:150)
	at com.kms.katalon.core.main.TestSuiteExecutor.execute(TestSuiteExecutor.java:106)
	at com.kms.katalon.core.main.TestCaseMain.startTestSuite(TestCaseMain.java:180)
	at TempTestSuite1747552661021.run(TempTestSuite1747552661021.groovy:35)
	at java.base/jdk.internal.reflect.NativeMethodAccessorImpl.invoke0(Native Method)
	at java.base/jdk.internal.reflect.NativeMethodAccessorImpl.invoke(NativeMethodAccessorImpl.java:77)
	at java.base/jdk.internal.reflect.DelegatingMethodAccessorImpl.invoke(DelegatingMethodAccessorImpl.java:43)


18-05-2025T14:53:04 - [TEST_STEP][PASSED] - Start listener action : beforeTest: drivers.Driver.openApp is PASSED

18-05-2025T14:53:04 - [TEST_STEP][PASSED] - DataTest.init(): null

18-05-2025T14:53:04 - [TEST_STEP][PASSED] - testCaseId = split("/").last(): null

18-05-2025T14:53:04 - [TEST_STEP][PASSED] - if (!(drivers.Driver.isAppiumRunning())): drivers.Driver.isAppiumRunning is PASSED

18-05-2025T14:53:04 - [MESSAGE][INFO] - Appium running: true

18-05-2025T14:53:04 - [MESSAGE][PASSED] - drivers.Driver.isAppiumRunning is PASSED

18-05-2025T14:53:04 - [TEST_STEP][PASSED] - if (driver == null || driver.getSessionId() == null): null

18-05-2025T14:53:04 - [TEST_STEP][PASSED] - drivers.Driver.openApp(): drivers.Driver.openApp is PASSED

18-05-2025T14:53:07 - [MESSAGE][PASSED] - drivers.Driver.openApp is PASSED

18-05-2025T14:53:07 - [TEST_STEP][PASSED] - REQUEST_NAME = "Trình ký PDF có sẵn": null

18-05-2025T14:53:07 - [TEST_STEP][PASSED] - COMMENT = "Không có bình luận": null

18-05-2025T14:53:07 - [TEST_STEP][PASSED] - auto5 = DataTest.getUserTest("auto5"): null

18-05-2025T14:53:07 - [TEST_STEP][PASSED] - auto6 = DataTest.getUserTest("auto6"): null

18-05-2025T14:53:07 - [TEST_STEP][PASSED] - document = DataTest.createDocumentTest(auto5, auto6, null, "dummy.pdf", "dummy.pdf"): null

18-05-2025T14:53:07 - [TEST_STEP][PASSED] - loginScreen.login(auto5): null

18-05-2025T14:53:15 - [TEST_STEP][PASSED] - homeScreen.openRequestList(): null

18-05-2025T14:53:20 - [TEST_STEP][PASSED] - homeScreen.createRequest(REQUEST_NAME): null

18-05-2025T14:53:23 - [TEST_STEP][PASSED] - pdfSignScreen.fillInTitle(document.getTitle()): null

18-05-2025T14:53:26 - [TEST_STEP][PASSED] - pdfSignScreen.selectPriority(document.getPriority()): null

18-05-2025T14:53:28 - [TEST_STEP][PASSED] - pdfSignScreen.selectTime(document.getTime()): null

18-05-2025T14:53:31 - [TEST_STEP][PASSED] - pdfSignScreen.fillInDescription(document.getDescription()): null

18-05-2025T14:53:32 - [TEST_STEP][PASSED] - pdfSignScreen.selectAssigner(getAssigner().getEmail()): null

18-05-2025T14:53:38 - [TEST_STEP][PASSED] - pdfSignScreen.openMainFileBrowser(): null

18-05-2025T14:53:43 - [TEST_STEP][PASSED] - fileBrowserScreen.attachFile(document.getMainFileName()): null

18-05-2025T14:53:49 - [TEST_STEP][PASSED] - pdfSignScreen.openSubFileBrowser(): null

18-05-2025T14:53:51 - [TEST_STEP][PASSED] - fileBrowserScreen.attachFile(document.getSubFileName()): null

18-05-2025T14:53:57 - [TEST_STEP][PASSED] - pdfSignScreen.performAction(SEND_APPROVE): null

18-05-2025T14:54:01 - [TEST_STEP][PASSED] - pdfSignScreen.fillInOpinion(document.getComment()): null

18-05-2025T14:54:02 - [TEST_STEP][PASSED] - pdfSignScreen.submitRequest(): null

18-05-2025T14:54:10 - [TEST_STEP][PASSED] - documentInformationScreen.backToHome(): null

18-05-2025T14:54:10 - [TEST_STEP][PASSED] - homeScreen.logout(): null

18-05-2025T14:54:19 - [TEST_STEP][PASSED] - document.setStatus(WAIT_APPROVE): null

18-05-2025T14:54:19 - [TEST_STEP][PASSED] - document.setAssigner(auto5): null

18-05-2025T14:54:19 - [TEST_STEP][PASSED] - loginScreen.login(auto6): null

18-05-2025T14:54:28 - [TEST_STEP][PASSED] - homeScreen.goToIncomingDocument(): null

18-05-2025T14:54:28 - [TEST_STEP][PASSED] - inComingDocument.viewInformationDocument(document): View document Trình ký 1747554787550

18-05-2025T14:54:28 - [MESSAGE][INFO] - View document Trình ký 1747554787550

18-05-2025T14:54:34 - [TEST_STEP][PASSED] - documentInformationScreen.checkDocumentTitle(document): Verify equals GUI: Trình ký 1747554787550 - DATA: Trình ký 1747554787550

18-05-2025T14:54:34 - [MESSAGE][PASSED] - Verify equals GUI: Trình ký 1747554787550 - DATA: Trình ký 1747554787550

18-05-2025T14:54:34 - [TEST_STEP][PASSED] - documentInformationScreen.checkSender(document): Verify equals GUI: Auto Test User 5 - DATA: Auto Test User 5

18-05-2025T14:54:34 - [MESSAGE][PASSED] - Verify equals GUI: Auto Test User 5 - DATA: Auto Test User 5

18-05-2025T14:54:34 - [TEST_STEP][PASSED] - documentInformationScreen.checkStatus(document): Verify equals GUI: Chờ giám sát phê duyệt - DATA: Chờ giám sát phê duyệt

18-05-2025T14:54:34 - [MESSAGE][PASSED] - Verify equals GUI: Chờ giám sát phê duyệt - DATA: Chờ giám sát phê duyệt

18-05-2025T14:54:34 - [TEST_STEP][PASSED] - documentInformationScreen.checkCreateDate(): Verify equals GUI: 18/05/2025 - DATA: 18/05/2025

18-05-2025T14:54:34 - [MESSAGE][PASSED] - Verify equals GUI: 18/05/2025 - DATA: 18/05/2025

18-05-2025T14:54:34 - [TEST_STEP][PASSED] - documentInformationScreen.checkFinishDate(document): Verify equals GUI: 19/05/2025 - DATA: 19/05/2025

18-05-2025T14:54:34 - [MESSAGE][PASSED] - Verify equals GUI: 19/05/2025 - DATA: 19/05/2025

18-05-2025T14:54:34 - [TEST_STEP][PASSED] - documentInformationScreen.checkPriority(document): Verify equals GUI: Bình thường - DATA: Bình thường

18-05-2025T14:54:35 - [MESSAGE][PASSED] - Verify equals GUI: Bình thường - DATA: Bình thường

18-05-2025T14:54:35 - [TEST_STEP][PASSED] - documentInformationScreen.checkDescription(document): Verify equals GUI: 020 TU CHOI CHI TIET_KHONG NHAP Y KIEN - DATA: 020 TU CHOI CHI TIET_KHONG NHAP Y KIEN

18-05-2025T14:54:35 - [MESSAGE][PASSED] - Verify equals GUI: 020 TU CHOI CHI TIET_KHONG NHAP Y KIEN - DATA: 020 TU CHOI CHI TIET_KHONG NHAP Y KIEN

18-05-2025T14:54:35 - [TEST_STEP][PASSED] - documentInformationScreen.checkAssigner(document): Verify contains GUI: auto5@hdbank.com.vn - DATA: auto5@hdbank.com.vn

18-05-2025T14:54:36 - [MESSAGE][PASSED] - Verify contains GUI: auto5@hdbank.com.vn - DATA: auto5@hdbank.com.vn

18-05-2025T14:54:36 - [TEST_STEP][PASSED] - documentInformationScreen.checkPresentFileName(document): Verify contains GUI: dummy_20250518145425.ozd - DATA: dummy

18-05-2025T14:54:37 - [MESSAGE][PASSED] - Verify contains GUI: dummy_20250518145425.ozd - DATA: dummy

18-05-2025T14:54:37 - [TEST_STEP][PASSED] - documentInformationScreen.checkAttachFileName(document): Expected true condition

18-05-2025T14:54:39 - [MESSAGE][PASSED] - Expected true condition

18-05-2025T14:54:39 - [TEST_STEP][PASSED] - document.setSender(auto6): null

18-05-2025T14:54:39 - [TEST_STEP][PASSED] - documentInformationScreen.performAction(document, REJECT): null

18-05-2025T14:54:42 - [TEST_STEP][PASSED] - documentInformationScreen.backToHome(): null

18-05-2025T14:54:43 - [TEST_STEP][PASSED] - inComingDocument.checkItemInDocument(): null

18-05-2025T14:54:43 - [TEST_STEP][PASSED] - homeScreen.goToOutComingDocument(): null

18-05-2025T14:54:52 - [TEST_STEP][PASSED] - outComingDocument.viewInformationDocument(document): null

18-05-2025T14:54:53 - [TEST_STEP][PASSED] - documentInformationScreen.checkDocumentTitle(document): Verify equals GUI: Trình ký 1747554787550 - DATA: Trình ký 1747554787550

18-05-2025T14:54:56 - [MESSAGE][PASSED] - Verify equals GUI: Trình ký 1747554787550 - DATA: Trình ký 1747554787550

18-05-2025T14:54:56 - [TEST_STEP][FAILED] - documentInformationScreen.checkSender(document): Verify equals GUI: Auto Test User 5 - DATA: Auto Test User 6

18-05-2025T14:54:56 - [MESSAGE][FAILED] - Verify equals GUI: Auto Test User 5 - DATA: Auto Test User 6

18-05-2025T14:54:56 - [TEST_STEP][PASSED] - documentInformationScreen.checkStatus(document): Verify equals GUI: Từ chối - DATA: Từ chối

18-05-2025T14:54:56 - [MESSAGE][PASSED] - Verify equals GUI: Từ chối - DATA: Từ chối

18-05-2025T14:54:56 - [TEST_STEP][PASSED] - documentInformationScreen.checkCreateDate(): Verify equals GUI: 18/05/2025 - DATA: 18/05/2025

18-05-2025T14:54:56 - [MESSAGE][PASSED] - Verify equals GUI: 18/05/2025 - DATA: 18/05/2025

18-05-2025T14:54:56 - [TEST_STEP][PASSED] - documentInformationScreen.checkFinishDate(document): Verify equals GUI: 19/05/2025 - DATA: 19/05/2025

18-05-2025T14:54:56 - [MESSAGE][PASSED] - Verify equals GUI: 19/05/2025 - DATA: 19/05/2025

18-05-2025T14:54:56 - [TEST_STEP][PASSED] - documentInformationScreen.checkPriority(document): Verify equals GUI: Bình thường - DATA: Bình thường

18-05-2025T14:54:56 - [MESSAGE][PASSED] - Verify equals GUI: Bình thường - DATA: Bình thường

18-05-2025T14:54:56 - [TEST_STEP][PASSED] - documentInformationScreen.checkDescription(document): Verify equals GUI: 020 TU CHOI CHI TIET_KHONG NHAP Y KIEN - DATA: 020 TU CHOI CHI TIET_KHONG NHAP Y KIEN

18-05-2025T14:54:57 - [MESSAGE][PASSED] - Verify equals GUI: 020 TU CHOI CHI TIET_KHONG NHAP Y KIEN - DATA: 020 TU CHOI CHI TIET_KHONG NHAP Y KIEN

18-05-2025T14:54:57 - [TEST_STEP][PASSED] - documentInformationScreen.isAssignerDisplayed(): Check sender not displayed

18-05-2025T14:55:00 - [MESSAGE][PASSED] - Check sender not displayed

18-05-2025T14:55:00 - [TEST_STEP][PASSED] - documentInformationScreen.checkPresentFileName(document): Verify contains GUI: dummy_20250518145425.ozd - DATA: dummy

18-05-2025T14:55:06 - [MESSAGE][PASSED] - Verify contains GUI: dummy_20250518145425.ozd - DATA: dummy

18-05-2025T14:55:06 - [TEST_STEP][PASSED] - documentInformationScreen.checkAttachFileName(document): Expected true condition

18-05-2025T14:55:07 - [MESSAGE][PASSED] - Expected true condition

18-05-2025T14:55:07 - [TEST_STEP][PASSED] - documentInformationScreen.checkComment(auto6, COMMENT): Check comment of Auto Test User 6 is Không có bình luận

18-05-2025T14:55:09 - [MESSAGE][INFO] - GUI COMMENT: Không có bình luận - DATA COMMENT: Không có bình luận

18-05-2025T14:55:09 - [MESSAGE][PASSED] - Check comment of Auto Test User 6 is Không có bình luận

18-05-2025T14:55:09 - [TEST_STEP][PASSED] - documentInformationScreen.backToHome(): null

18-05-2025T14:55:14 - [TEST_STEP][PASSED] - inComingDocument.checkItemInDocument(): null

18-05-2025T14:55:14 - [TEST_STEP][PASSED] - Start listener action : afterTest: null

18-05-2025T14:55:14 - [TEST_STEP][PASSED] - if (testCaseStatus != "PASSED"): Screenshot is taken

18-05-2025T14:55:14 - [TEST_STEP][PASSED] - takeScreenshot(ErrorScreen/$GlobalVariable.PLATFORM/$testCaseContext.getTestCaseId().png): Screenshot is taken

18-05-2025T14:55:16 - [MESSAGE][PASSED] - Screenshot is taken
[[ATTACHMENT|ErrorScreen/Android/Test Cases/IPAPER APP/020 TU CHOI CHI TIET_KHONG NHAP Y KIEN.png]]

18-05-2025T14:55:16 - [TEST_STEP][PASSED] - drivers.Driver.closeApp(): drivers.Driver.closeApp is PASSED

18-05-2025T14:55:17 - [MESSAGE][PASSED] - drivers.Driver.closeApp is PASSED

18-05-2025T14:55:17 - [TEST_STEP][PASSED] - if (tsContext == null): null]]></system-out>
         <system-err><![CDATA[18-05-2025T14:53:04 - [TEST_CASE][FAILED] - Test Cases/IPAPER APP/020 TU CHOI CHI TIET_KHONG NHAP Y KIEN: Test Cases/IPAPER APP/020 TU CHOI CHI TIET_KHONG NHAP Y KIEN FAILED.
Reason:
com.kms.katalon.core.exception.StepFailedException: Verify equals GUI: Auto Test User 5 - DATA: Auto Test User 6
	at com.kms.katalon.core.util.KeywordUtil.markFailed(KeywordUtil.java:19)
	at utilities.AssertUtilities.logResult(AssertUtilities.groovy:30)
	at utilities.AssertUtilities.checkEquals(AssertUtilities.groovy:11)
	at screens.DocumentInformationScreen.checkSender(DocumentInformationScreen.groovy:99)
	at 020 TU CHOI CHI TIET_KHONG NHAP Y KIEN.run(020 TU CHOI CHI TIET_KHONG NHAP Y KIEN:101)
	at com.kms.katalon.core.main.ScriptEngine.run(ScriptEngine.java:194)
	at com.kms.katalon.core.main.ScriptEngine.runScriptAsRawText(ScriptEngine.java:119)
	at com.kms.katalon.core.main.TestCaseExecutor.runScript(TestCaseExecutor.java:448)
	at com.kms.katalon.core.main.TestCaseExecutor.doExecute(TestCaseExecutor.java:439)
	at com.kms.katalon.core.main.TestCaseExecutor.processExecutionPhase(TestCaseExecutor.java:418)
	at com.kms.katalon.core.main.TestCaseExecutor.accessMainPhase(TestCaseExecutor.java:410)
	at com.kms.katalon.core.main.TestCaseExecutor.execute(TestCaseExecutor.java:285)
	at com.kms.katalon.core.common.CommonExecutor.accessTestCaseMainPhase(CommonExecutor.java:65)
	at com.kms.katalon.core.main.TestSuiteExecutor.accessTestSuiteMainPhase(TestSuiteExecutor.java:150)
	at com.kms.katalon.core.main.TestSuiteExecutor.execute(TestSuiteExecutor.java:106)
	at com.kms.katalon.core.main.TestCaseMain.startTestSuite(TestCaseMain.java:180)
	at TempTestSuite1747552661021.run(TempTestSuite1747552661021.groovy:35)
	at java.base/jdk.internal.reflect.NativeMethodAccessorImpl.invoke0(Native Method)
	at java.base/jdk.internal.reflect.NativeMethodAccessorImpl.invoke(NativeMethodAccessorImpl.java:77)
	at java.base/jdk.internal.reflect.DelegatingMethodAccessorImpl.invoke(DelegatingMethodAccessorImpl.java:43)]]></system-err>
      </testcase>
      <testcase name="Test Cases/IPAPER APP/010 DUYET CO DIEU KIEN_NHAP Y KIEN" time="134.731" classname="Test Cases/IPAPER APP/010 DUYET CO DIEU KIEN_NHAP Y KIEN" status="PASSED">
         <system-out><![CDATA[18-05-2025T14:55:17 - [TEST_CASE][PASSED] - Test Cases/IPAPER APP/010 DUYET CO DIEU KIEN_NHAP Y KIEN: Test Cases/IPAPER APP/010 DUYET CO DIEU KIEN_NHAP Y KIEN

18-05-2025T14:55:17 - [TEST_STEP][PASSED] - Start listener action : beforeTest: drivers.Driver.openApp is PASSED

18-05-2025T14:55:17 - [TEST_STEP][PASSED] - DataTest.init(): null

18-05-2025T14:55:17 - [TEST_STEP][PASSED] - testCaseId = split("/").last(): null

18-05-2025T14:55:17 - [TEST_STEP][PASSED] - if (!(drivers.Driver.isAppiumRunning())): drivers.Driver.isAppiumRunning is PASSED

18-05-2025T14:55:17 - [MESSAGE][INFO] - Appium running: true

18-05-2025T14:55:17 - [MESSAGE][PASSED] - drivers.Driver.isAppiumRunning is PASSED

18-05-2025T14:55:17 - [TEST_STEP][PASSED] - if (driver == null || driver.getSessionId() == null): null

18-05-2025T14:55:17 - [TEST_STEP][PASSED] - drivers.Driver.openApp(): drivers.Driver.openApp is PASSED

18-05-2025T14:55:19 - [MESSAGE][PASSED] - drivers.Driver.openApp is PASSED

18-05-2025T14:55:19 - [TEST_STEP][PASSED] - REQUEST_NAME = "Trình ký PDF có sẵn": null

18-05-2025T14:55:19 - [TEST_STEP][PASSED] - QUICK_APPROVE_OPINION = "Duyệt nhanh có điều kiện": null

18-05-2025T14:55:19 - [TEST_STEP][PASSED] - auto5 = DataTest.getUserTest("auto5"): null

18-05-2025T14:55:19 - [TEST_STEP][PASSED] - auto6 = DataTest.getUserTest("auto6"): null

18-05-2025T14:55:19 - [TEST_STEP][PASSED] - document = DataTest.createDocumentTest(auto5, auto6, null, "dummy.pdf", "dummy.pdf"): null

18-05-2025T14:55:19 - [TEST_STEP][PASSED] - loginScreen.login(auto5): null

18-05-2025T14:55:27 - [TEST_STEP][PASSED] - homeScreen.openRequestList(): null

18-05-2025T14:55:33 - [TEST_STEP][PASSED] - homeScreen.createRequest(REQUEST_NAME): null

18-05-2025T14:55:36 - [TEST_STEP][PASSED] - pdfSignScreen.fillInTitle(document.getTitle()): null

18-05-2025T14:55:39 - [TEST_STEP][PASSED] - pdfSignScreen.selectPriority(document.getPriority()): null

18-05-2025T14:55:41 - [TEST_STEP][PASSED] - pdfSignScreen.selectTime(document.getTime()): null

18-05-2025T14:55:44 - [TEST_STEP][PASSED] - pdfSignScreen.fillInDescription(document.getDescription()): null

18-05-2025T14:55:46 - [TEST_STEP][PASSED] - pdfSignScreen.selectAssigner(getAssigner().getEmail()): null

18-05-2025T14:55:52 - [TEST_STEP][PASSED] - pdfSignScreen.openMainFileBrowser(): null

18-05-2025T14:55:57 - [TEST_STEP][PASSED] - fileBrowserScreen.attachFile(document.getMainFileName()): null

18-05-2025T14:56:03 - [TEST_STEP][PASSED] - pdfSignScreen.openSubFileBrowser(): null

18-05-2025T14:56:06 - [TEST_STEP][PASSED] - fileBrowserScreen.attachFile(document.getSubFileName()): null

18-05-2025T14:56:11 - [TEST_STEP][PASSED] - pdfSignScreen.performAction(SEND_APPROVE): null

18-05-2025T14:56:14 - [TEST_STEP][PASSED] - pdfSignScreen.fillInOpinion(document.getComment()): null

18-05-2025T14:56:15 - [TEST_STEP][PASSED] - pdfSignScreen.submitRequest(): null

18-05-2025T14:56:23 - [TEST_STEP][PASSED] - documentInformationScreen.backToHome(): null

18-05-2025T14:56:23 - [TEST_STEP][PASSED] - homeScreen.logout(): null

18-05-2025T14:56:31 - [TEST_STEP][PASSED] - document.setStatus(WAIT_APPROVE): null

18-05-2025T14:56:31 - [TEST_STEP][PASSED] - document.setAssigner(auto5): null

18-05-2025T14:56:31 - [TEST_STEP][PASSED] - loginScreen.login(auto6): null

18-05-2025T14:56:40 - [TEST_STEP][PASSED] - homeScreen.goToIncomingDocument(): null

18-05-2025T14:56:40 - [TEST_STEP][PASSED] - inComingDocument.viewInformationDocument(document): View document Trình ký 1747554919527

18-05-2025T14:56:40 - [MESSAGE][INFO] - View document Trình ký 1747554919527

18-05-2025T14:56:46 - [TEST_STEP][PASSED] - documentInformationScreen.checkDocumentTitle(document): Verify equals GUI: Trình ký 1747554919527 - DATA: Trình ký 1747554919527

18-05-2025T14:56:46 - [MESSAGE][PASSED] - Verify equals GUI: Trình ký 1747554919527 - DATA: Trình ký 1747554919527

18-05-2025T14:56:46 - [TEST_STEP][PASSED] - documentInformationScreen.checkSender(document): Verify equals GUI: Auto Test User 5 - DATA: Auto Test User 5

18-05-2025T14:56:46 - [MESSAGE][PASSED] - Verify equals GUI: Auto Test User 5 - DATA: Auto Test User 5

18-05-2025T14:56:46 - [TEST_STEP][PASSED] - documentInformationScreen.checkStatus(document): Verify equals GUI: Chờ giám sát phê duyệt - DATA: Chờ giám sát phê duyệt

18-05-2025T14:56:47 - [MESSAGE][PASSED] - Verify equals GUI: Chờ giám sát phê duyệt - DATA: Chờ giám sát phê duyệt

18-05-2025T14:56:47 - [TEST_STEP][PASSED] - documentInformationScreen.checkCreateDate(): Verify equals GUI: 18/05/2025 - DATA: 18/05/2025

18-05-2025T14:56:47 - [MESSAGE][PASSED] - Verify equals GUI: 18/05/2025 - DATA: 18/05/2025

18-05-2025T14:56:47 - [TEST_STEP][PASSED] - documentInformationScreen.checkFinishDate(document): Verify equals GUI: 19/05/2025 - DATA: 19/05/2025

18-05-2025T14:56:47 - [MESSAGE][PASSED] - Verify equals GUI: 19/05/2025 - DATA: 19/05/2025

18-05-2025T14:56:47 - [TEST_STEP][PASSED] - documentInformationScreen.checkPriority(document): Verify equals GUI: Khẩn cấp - DATA: Khẩn cấp

18-05-2025T14:56:47 - [MESSAGE][PASSED] - Verify equals GUI: Khẩn cấp - DATA: Khẩn cấp

18-05-2025T14:56:47 - [TEST_STEP][PASSED] - documentInformationScreen.checkDescription(document): Verify equals GUI: 010 DUYET CO DIEU KIEN_NHAP Y KIEN - DATA: 010 DUYET CO DIEU KIEN_NHAP Y KIEN

18-05-2025T14:56:47 - [MESSAGE][PASSED] - Verify equals GUI: 010 DUYET CO DIEU KIEN_NHAP Y KIEN - DATA: 010 DUYET CO DIEU KIEN_NHAP Y KIEN

18-05-2025T14:56:47 - [TEST_STEP][PASSED] - documentInformationScreen.checkAssigner(document): Verify contains GUI: auto5@hdbank.com.vn - DATA: auto5@hdbank.com.vn

18-05-2025T14:56:48 - [MESSAGE][PASSED] - Verify contains GUI: auto5@hdbank.com.vn - DATA: auto5@hdbank.com.vn

18-05-2025T14:56:48 - [TEST_STEP][PASSED] - documentInformationScreen.checkPresentFileName(document): Verify contains GUI: dummy_20250518145639.ozd - DATA: dummy

18-05-2025T14:56:49 - [MESSAGE][PASSED] - Verify contains GUI: dummy_20250518145639.ozd - DATA: dummy

18-05-2025T14:56:49 - [TEST_STEP][PASSED] - documentInformationScreen.checkAttachFileName(document): Expected true condition

18-05-2025T14:56:51 - [MESSAGE][PASSED] - Expected true condition

18-05-2025T14:56:51 - [TEST_STEP][PASSED] - document.setSender(auto6): null

18-05-2025T14:56:51 - [TEST_STEP][PASSED] - documentInformationScreen.backToHome(): null

18-05-2025T14:56:56 - [TEST_STEP][PASSED] - inComingDocument.performAction(document, APPROVE_WITH_CONDITION, QUICK_APPROVE_OPINION): null

18-05-2025T14:57:05 - [TEST_STEP][PASSED] - inComingDocument.checkItemInDocument(): null

18-05-2025T14:57:05 - [TEST_STEP][PASSED] - homeScreen.goToOutComingDocument(): null

18-05-2025T14:57:14 - [TEST_STEP][PASSED] - outComingDocument.viewInformationDocument(document): null

18-05-2025T14:57:15 - [TEST_STEP][PASSED] - documentInformationScreen.checkDocumentTitle(document): Verify equals GUI: Trình ký 1747554919527 - DATA: Trình ký 1747554919527

18-05-2025T14:57:20 - [MESSAGE][PASSED] - Verify equals GUI: Trình ký 1747554919527 - DATA: Trình ký 1747554919527

18-05-2025T14:57:20 - [TEST_STEP][PASSED] - documentInformationScreen.checkSender(document): Verify equals GUI: Auto Test User 6 - DATA: Auto Test User 6

18-05-2025T14:57:20 - [MESSAGE][PASSED] - Verify equals GUI: Auto Test User 6 - DATA: Auto Test User 6

18-05-2025T14:57:20 - [TEST_STEP][PASSED] - documentInformationScreen.checkStatus(document): Verify equals GUI: Đã duyệt - DATA: Đã duyệt

18-05-2025T14:57:20 - [MESSAGE][PASSED] - Verify equals GUI: Đã duyệt - DATA: Đã duyệt

18-05-2025T14:57:20 - [TEST_STEP][PASSED] - documentInformationScreen.checkCreateDate(): Verify equals GUI: 18/05/2025 - DATA: 18/05/2025

18-05-2025T14:57:20 - [MESSAGE][PASSED] - Verify equals GUI: 18/05/2025 - DATA: 18/05/2025

18-05-2025T14:57:20 - [TEST_STEP][PASSED] - documentInformationScreen.checkFinishDate(document): Verify equals GUI: 19/05/2025 - DATA: 19/05/2025

18-05-2025T14:57:20 - [MESSAGE][PASSED] - Verify equals GUI: 19/05/2025 - DATA: 19/05/2025

18-05-2025T14:57:20 - [TEST_STEP][PASSED] - documentInformationScreen.checkPriority(document): Verify equals GUI: Khẩn cấp - DATA: Khẩn cấp

18-05-2025T14:57:21 - [MESSAGE][PASSED] - Verify equals GUI: Khẩn cấp - DATA: Khẩn cấp

18-05-2025T14:57:21 - [TEST_STEP][PASSED] - documentInformationScreen.checkDescription(document): Verify equals GUI: 010 DUYET CO DIEU KIEN_NHAP Y KIEN - DATA: 010 DUYET CO DIEU KIEN_NHAP Y KIEN

18-05-2025T14:57:21 - [MESSAGE][PASSED] - Verify equals GUI: 010 DUYET CO DIEU KIEN_NHAP Y KIEN - DATA: 010 DUYET CO DIEU KIEN_NHAP Y KIEN

18-05-2025T14:57:21 - [TEST_STEP][PASSED] - documentInformationScreen.checkAssigner(document): Verify contains GUI: auto5@hdbank.com.vn - DATA: auto5@hdbank.com.vn

18-05-2025T14:57:22 - [MESSAGE][PASSED] - Verify contains GUI: auto5@hdbank.com.vn - DATA: auto5@hdbank.com.vn

18-05-2025T14:57:22 - [TEST_STEP][PASSED] - documentInformationScreen.checkPresentFileName(document): Verify contains GUI: dummy_20250518145639.ozd - DATA: dummy

18-05-2025T14:57:23 - [MESSAGE][PASSED] - Verify contains GUI: dummy_20250518145639.ozd - DATA: dummy

18-05-2025T14:57:23 - [TEST_STEP][PASSED] - documentInformationScreen.checkAttachFileName(document): Expected true condition

18-05-2025T14:57:25 - [MESSAGE][PASSED] - Expected true condition

18-05-2025T14:57:25 - [TEST_STEP][PASSED] - documentInformationScreen.checkComment(auto6, QUICK_APPROVE_OPINION): Check comment of Auto Test User 6 is Duyệt nhanh có điều kiện

18-05-2025T14:57:26 - [MESSAGE][INFO] - GUI COMMENT: Duyệt nhanh có điều kiện - DATA COMMENT: Duyệt nhanh có điều kiện

18-05-2025T14:57:26 - [MESSAGE][PASSED] - Check comment of Auto Test User 6 is Duyệt nhanh có điều kiện

18-05-2025T14:57:26 - [TEST_STEP][PASSED] - documentInformationScreen.backToHome(): null

18-05-2025T14:57:31 - [TEST_STEP][PASSED] - inComingDocument.checkItemInDocument(): null

18-05-2025T14:57:31 - [TEST_STEP][PASSED] - Start listener action : afterTest: null

18-05-2025T14:57:31 - [TEST_STEP][PASSED] - if (testCaseStatus != "PASSED"): null

18-05-2025T14:57:31 - [TEST_STEP][PASSED] - drivers.Driver.closeApp(): drivers.Driver.closeApp is PASSED

18-05-2025T14:57:32 - [MESSAGE][PASSED] - drivers.Driver.closeApp is PASSED

18-05-2025T14:57:32 - [TEST_STEP][PASSED] - if (tsContext == null): null]]></system-out>
         <system-err><![CDATA[]]></system-err>
      </testcase>
      <testcase name="Test Cases/IPAPER APP/019 TU CHOI CHI TIET_NHAP Y KIEN" time="136.143" classname="Test Cases/IPAPER APP/019 TU CHOI CHI TIET_NHAP Y KIEN" status="FAILED">
         <failure type="FAILED" message="Test Cases/IPAPER APP/019 TU CHOI CHI TIET_NHAP Y KIEN FAILED.&#xa;Reason:&#xa;com.kms.katalon.core.exception.StepFailedException: Verify equals GUI: Auto Test User 5 - DATA: Auto Test User 6&#xa;	at com.kms.katalon.core.util.KeywordUtil.markFailed(KeywordUtil.java:19)&#xa;	at utilities.AssertUtilities.logResult(AssertUtilities.groovy:30)&#xa;	at utilities.AssertUtilities.checkEquals(AssertUtilities.groovy:11)&#xa;	at screens.DocumentInformationScreen.checkSender(DocumentInformationScreen.groovy:99)&#xa;	at 019 TU CHOI CHI TIET_NHAP Y KIEN.run(019 TU CHOI CHI TIET_NHAP Y KIEN:101)&#xa;	at com.kms.katalon.core.main.ScriptEngine.run(ScriptEngine.java:194)&#xa;	at com.kms.katalon.core.main.ScriptEngine.runScriptAsRawText(ScriptEngine.java:119)&#xa;	at com.kms.katalon.core.main.TestCaseExecutor.runScript(TestCaseExecutor.java:448)&#xa;	at com.kms.katalon.core.main.TestCaseExecutor.doExecute(TestCaseExecutor.java:439)&#xa;	at com.kms.katalon.core.main.TestCaseExecutor.processExecutionPhase(TestCaseExecutor.java:418)&#xa;	at com.kms.katalon.core.main.TestCaseExecutor.accessMainPhase(TestCaseExecutor.java:410)&#xa;	at com.kms.katalon.core.main.TestCaseExecutor.execute(TestCaseExecutor.java:285)&#xa;	at com.kms.katalon.core.common.CommonExecutor.accessTestCaseMainPhase(CommonExecutor.java:65)&#xa;	at com.kms.katalon.core.main.TestSuiteExecutor.accessTestSuiteMainPhase(TestSuiteExecutor.java:150)&#xa;	at com.kms.katalon.core.main.TestSuiteExecutor.execute(TestSuiteExecutor.java:106)&#xa;	at com.kms.katalon.core.main.TestCaseMain.startTestSuite(TestCaseMain.java:180)&#xa;	at TempTestSuite1747552661021.run(TempTestSuite1747552661021.groovy:35)&#xa;	at java.base/jdk.internal.reflect.NativeMethodAccessorImpl.invoke0(Native Method)&#xa;	at java.base/jdk.internal.reflect.NativeMethodAccessorImpl.invoke(NativeMethodAccessorImpl.java:77)&#xa;	at java.base/jdk.internal.reflect.DelegatingMethodAccessorImpl.invoke(DelegatingMethodAccessorImpl.java:43)&#xa;"/>
         <system-out><![CDATA[18-05-2025T14:57:32 - [TEST_CASE][FAILED] - Test Cases/IPAPER APP/019 TU CHOI CHI TIET_NHAP Y KIEN: Test Cases/IPAPER APP/019 TU CHOI CHI TIET_NHAP Y KIEN FAILED.
Reason:
com.kms.katalon.core.exception.StepFailedException: Verify equals GUI: Auto Test User 5 - DATA: Auto Test User 6
	at com.kms.katalon.core.util.KeywordUtil.markFailed(KeywordUtil.java:19)
	at utilities.AssertUtilities.logResult(AssertUtilities.groovy:30)
	at utilities.AssertUtilities.checkEquals(AssertUtilities.groovy:11)
	at screens.DocumentInformationScreen.checkSender(DocumentInformationScreen.groovy:99)
	at 019 TU CHOI CHI TIET_NHAP Y KIEN.run(019 TU CHOI CHI TIET_NHAP Y KIEN:101)
	at com.kms.katalon.core.main.ScriptEngine.run(ScriptEngine.java:194)
	at com.kms.katalon.core.main.ScriptEngine.runScriptAsRawText(ScriptEngine.java:119)
	at com.kms.katalon.core.main.TestCaseExecutor.runScript(TestCaseExecutor.java:448)
	at com.kms.katalon.core.main.TestCaseExecutor.doExecute(TestCaseExecutor.java:439)
	at com.kms.katalon.core.main.TestCaseExecutor.processExecutionPhase(TestCaseExecutor.java:418)
	at com.kms.katalon.core.main.TestCaseExecutor.accessMainPhase(TestCaseExecutor.java:410)
	at com.kms.katalon.core.main.TestCaseExecutor.execute(TestCaseExecutor.java:285)
	at com.kms.katalon.core.common.CommonExecutor.accessTestCaseMainPhase(CommonExecutor.java:65)
	at com.kms.katalon.core.main.TestSuiteExecutor.accessTestSuiteMainPhase(TestSuiteExecutor.java:150)
	at com.kms.katalon.core.main.TestSuiteExecutor.execute(TestSuiteExecutor.java:106)
	at com.kms.katalon.core.main.TestCaseMain.startTestSuite(TestCaseMain.java:180)
	at TempTestSuite1747552661021.run(TempTestSuite1747552661021.groovy:35)
	at java.base/jdk.internal.reflect.NativeMethodAccessorImpl.invoke0(Native Method)
	at java.base/jdk.internal.reflect.NativeMethodAccessorImpl.invoke(NativeMethodAccessorImpl.java:77)
	at java.base/jdk.internal.reflect.DelegatingMethodAccessorImpl.invoke(DelegatingMethodAccessorImpl.java:43)


18-05-2025T14:57:32 - [TEST_STEP][PASSED] - Start listener action : beforeTest: drivers.Driver.openApp is PASSED

18-05-2025T14:57:32 - [TEST_STEP][PASSED] - DataTest.init(): null

18-05-2025T14:57:32 - [TEST_STEP][PASSED] - testCaseId = split("/").last(): null

18-05-2025T14:57:32 - [TEST_STEP][PASSED] - if (!(drivers.Driver.isAppiumRunning())): drivers.Driver.isAppiumRunning is PASSED

18-05-2025T14:57:32 - [MESSAGE][INFO] - Appium running: true

18-05-2025T14:57:32 - [MESSAGE][PASSED] - drivers.Driver.isAppiumRunning is PASSED

18-05-2025T14:57:32 - [TEST_STEP][PASSED] - if (driver == null || driver.getSessionId() == null): null

18-05-2025T14:57:32 - [TEST_STEP][PASSED] - drivers.Driver.openApp(): drivers.Driver.openApp is PASSED

18-05-2025T14:57:34 - [MESSAGE][PASSED] - drivers.Driver.openApp is PASSED

18-05-2025T14:57:34 - [TEST_STEP][PASSED] - REQUEST_NAME = "Trình ký PDF có sẵn": null

18-05-2025T14:57:34 - [TEST_STEP][PASSED] - COMMENT = "Commented by automaton test in case 19": null

18-05-2025T14:57:34 - [TEST_STEP][PASSED] - auto5 = DataTest.getUserTest("auto5"): null

18-05-2025T14:57:34 - [TEST_STEP][PASSED] - auto6 = DataTest.getUserTest("auto6"): null

18-05-2025T14:57:34 - [TEST_STEP][PASSED] - document = DataTest.createDocumentTest(auto5, auto6, null, "dummy.pdf", "dummy.pdf"): null

18-05-2025T14:57:34 - [TEST_STEP][PASSED] - loginScreen.login(auto5): null

18-05-2025T14:57:42 - [TEST_STEP][PASSED] - homeScreen.openRequestList(): null

18-05-2025T14:57:47 - [TEST_STEP][PASSED] - homeScreen.createRequest(REQUEST_NAME): null

18-05-2025T14:57:50 - [TEST_STEP][PASSED] - pdfSignScreen.fillInTitle(document.getTitle()): null

18-05-2025T14:57:53 - [TEST_STEP][PASSED] - pdfSignScreen.selectPriority(document.getPriority()): null

18-05-2025T14:57:55 - [TEST_STEP][PASSED] - pdfSignScreen.selectTime(document.getTime()): null

18-05-2025T14:57:58 - [TEST_STEP][PASSED] - pdfSignScreen.fillInDescription(document.getDescription()): null

18-05-2025T14:58:00 - [TEST_STEP][PASSED] - pdfSignScreen.selectAssigner(getAssigner().getEmail()): null

18-05-2025T14:58:06 - [TEST_STEP][PASSED] - pdfSignScreen.openMainFileBrowser(): null

18-05-2025T14:58:11 - [TEST_STEP][PASSED] - fileBrowserScreen.attachFile(document.getMainFileName()): null

18-05-2025T14:58:17 - [TEST_STEP][PASSED] - pdfSignScreen.openSubFileBrowser(): null

18-05-2025T14:58:19 - [TEST_STEP][PASSED] - fileBrowserScreen.attachFile(document.getSubFileName()): null

18-05-2025T14:58:25 - [TEST_STEP][PASSED] - pdfSignScreen.performAction(SEND_APPROVE): null

18-05-2025T14:58:29 - [TEST_STEP][PASSED] - pdfSignScreen.fillInOpinion(document.getComment()): null

18-05-2025T14:58:30 - [TEST_STEP][PASSED] - pdfSignScreen.submitRequest(): null

18-05-2025T14:58:37 - [TEST_STEP][PASSED] - documentInformationScreen.backToHome(): null

18-05-2025T14:58:37 - [TEST_STEP][PASSED] - homeScreen.logout(): null

18-05-2025T14:58:45 - [TEST_STEP][PASSED] - document.setStatus(WAIT_APPROVE): null

18-05-2025T14:58:45 - [TEST_STEP][PASSED] - document.setAssigner(auto5): null

18-05-2025T14:58:45 - [TEST_STEP][PASSED] - loginScreen.login(auto6): null

18-05-2025T14:58:54 - [TEST_STEP][PASSED] - homeScreen.goToIncomingDocument(): null

18-05-2025T14:58:54 - [TEST_STEP][PASSED] - inComingDocument.viewInformationDocument(document): View document Trình ký 1747555054268

18-05-2025T14:58:54 - [MESSAGE][INFO] - View document Trình ký 1747555054268

18-05-2025T14:58:59 - [TEST_STEP][PASSED] - documentInformationScreen.checkDocumentTitle(document): Verify equals GUI: Trình ký 1747555054268 - DATA: Trình ký 1747555054268

18-05-2025T14:59:00 - [MESSAGE][PASSED] - Verify equals GUI: Trình ký 1747555054268 - DATA: Trình ký 1747555054268

18-05-2025T14:59:00 - [TEST_STEP][PASSED] - documentInformationScreen.checkSender(document): Verify equals GUI: Auto Test User 5 - DATA: Auto Test User 5

18-05-2025T14:59:00 - [MESSAGE][PASSED] - Verify equals GUI: Auto Test User 5 - DATA: Auto Test User 5

18-05-2025T14:59:00 - [TEST_STEP][PASSED] - documentInformationScreen.checkStatus(document): Verify equals GUI: Chờ giám sát phê duyệt - DATA: Chờ giám sát phê duyệt

18-05-2025T14:59:00 - [MESSAGE][PASSED] - Verify equals GUI: Chờ giám sát phê duyệt - DATA: Chờ giám sát phê duyệt

18-05-2025T14:59:00 - [TEST_STEP][PASSED] - documentInformationScreen.checkCreateDate(): Verify equals GUI: 18/05/2025 - DATA: 18/05/2025

18-05-2025T14:59:01 - [MESSAGE][PASSED] - Verify equals GUI: 18/05/2025 - DATA: 18/05/2025

18-05-2025T14:59:01 - [TEST_STEP][PASSED] - documentInformationScreen.checkFinishDate(document): Verify equals GUI: 19/05/2025 - DATA: 19/05/2025

18-05-2025T14:59:01 - [MESSAGE][PASSED] - Verify equals GUI: 19/05/2025 - DATA: 19/05/2025

18-05-2025T14:59:01 - [TEST_STEP][PASSED] - documentInformationScreen.checkPriority(document): Verify equals GUI: Khẩn cấp - DATA: Khẩn cấp

18-05-2025T14:59:01 - [MESSAGE][PASSED] - Verify equals GUI: Khẩn cấp - DATA: Khẩn cấp

18-05-2025T14:59:01 - [TEST_STEP][PASSED] - documentInformationScreen.checkDescription(document): Verify equals GUI: 019 TU CHOI CHI TIET_NHAP Y KIEN - DATA: 019 TU CHOI CHI TIET_NHAP Y KIEN

18-05-2025T14:59:01 - [MESSAGE][PASSED] - Verify equals GUI: 019 TU CHOI CHI TIET_NHAP Y KIEN - DATA: 019 TU CHOI CHI TIET_NHAP Y KIEN

18-05-2025T14:59:01 - [TEST_STEP][PASSED] - documentInformationScreen.checkAssigner(document): Verify contains GUI: auto5@hdbank.com.vn - DATA: auto5@hdbank.com.vn

18-05-2025T14:59:02 - [MESSAGE][PASSED] - Verify contains GUI: auto5@hdbank.com.vn - DATA: auto5@hdbank.com.vn

18-05-2025T14:59:02 - [TEST_STEP][PASSED] - documentInformationScreen.checkPresentFileName(document): Verify contains GUI: dummy_20250518145853.ozd - DATA: dummy

18-05-2025T14:59:07 - [MESSAGE][PASSED] - Verify contains GUI: dummy_20250518145853.ozd - DATA: dummy

18-05-2025T14:59:07 - [TEST_STEP][PASSED] - documentInformationScreen.checkAttachFileName(document): Expected true condition

18-05-2025T14:59:09 - [MESSAGE][PASSED] - Expected true condition

18-05-2025T14:59:09 - [TEST_STEP][PASSED] - document.setSender(auto6): null

18-05-2025T14:59:09 - [TEST_STEP][PASSED] - documentInformationScreen.performAction(document, REJECT, COMMENT): null

18-05-2025T14:59:14 - [TEST_STEP][PASSED] - documentInformationScreen.backToHome(): null

18-05-2025T14:59:15 - [TEST_STEP][PASSED] - inComingDocument.checkItemInDocument(): null

18-05-2025T14:59:15 - [TEST_STEP][PASSED] - homeScreen.goToOutComingDocument(): null

18-05-2025T14:59:24 - [TEST_STEP][PASSED] - outComingDocument.viewInformationDocument(document): null

18-05-2025T14:59:25 - [TEST_STEP][PASSED] - documentInformationScreen.checkDocumentTitle(document): Verify equals GUI: Trình ký 1747555054268 - DATA: Trình ký 1747555054268

18-05-2025T14:59:28 - [MESSAGE][PASSED] - Verify equals GUI: Trình ký 1747555054268 - DATA: Trình ký 1747555054268

18-05-2025T14:59:28 - [TEST_STEP][FAILED] - documentInformationScreen.checkSender(document): Verify equals GUI: Auto Test User 5 - DATA: Auto Test User 6

18-05-2025T14:59:28 - [MESSAGE][FAILED] - Verify equals GUI: Auto Test User 5 - DATA: Auto Test User 6

18-05-2025T14:59:28 - [TEST_STEP][PASSED] - documentInformationScreen.checkStatus(document): Verify equals GUI: Từ chối - DATA: Từ chối

18-05-2025T14:59:28 - [MESSAGE][PASSED] - Verify equals GUI: Từ chối - DATA: Từ chối

18-05-2025T14:59:28 - [TEST_STEP][PASSED] - documentInformationScreen.checkCreateDate(): Verify equals GUI: 18/05/2025 - DATA: 18/05/2025

18-05-2025T14:59:28 - [MESSAGE][PASSED] - Verify equals GUI: 18/05/2025 - DATA: 18/05/2025

18-05-2025T14:59:28 - [TEST_STEP][PASSED] - documentInformationScreen.checkFinishDate(document): Verify equals GUI: 19/05/2025 - DATA: 19/05/2025

18-05-2025T14:59:28 - [MESSAGE][PASSED] - Verify equals GUI: 19/05/2025 - DATA: 19/05/2025

18-05-2025T14:59:28 - [TEST_STEP][PASSED] - documentInformationScreen.checkPriority(document): Verify equals GUI: Khẩn cấp - DATA: Khẩn cấp

18-05-2025T14:59:28 - [MESSAGE][PASSED] - Verify equals GUI: Khẩn cấp - DATA: Khẩn cấp

18-05-2025T14:59:28 - [TEST_STEP][PASSED] - documentInformationScreen.isAssignerDisplayed(): Check sender not displayed

18-05-2025T14:59:32 - [MESSAGE][PASSED] - Check sender not displayed

18-05-2025T14:59:32 - [TEST_STEP][PASSED] - documentInformationScreen.checkDescription(document): Verify equals GUI: 019 TU CHOI CHI TIET_NHAP Y KIEN - DATA: 019 TU CHOI CHI TIET_NHAP Y KIEN

18-05-2025T14:59:32 - [MESSAGE][PASSED] - Verify equals GUI: 019 TU CHOI CHI TIET_NHAP Y KIEN - DATA: 019 TU CHOI CHI TIET_NHAP Y KIEN

18-05-2025T14:59:32 - [TEST_STEP][PASSED] - documentInformationScreen.checkPresentFileName(document): Verify contains GUI: dummy_20250518145853.ozd - DATA: dummy

18-05-2025T14:59:37 - [MESSAGE][PASSED] - Verify contains GUI: dummy_20250518145853.ozd - DATA: dummy

18-05-2025T14:59:37 - [TEST_STEP][PASSED] - documentInformationScreen.checkAttachFileName(document): Expected true condition

18-05-2025T14:59:39 - [MESSAGE][PASSED] - Expected true condition

18-05-2025T14:59:39 - [TEST_STEP][PASSED] - documentInformationScreen.checkComment(auto6, COMMENT): Check comment of Auto Test User 6 is Commented by automaton test in case 19

18-05-2025T14:59:40 - [MESSAGE][INFO] - GUI COMMENT: Commented by automaton test in case 19 - DATA COMMENT: Commented by automaton test in case 19

18-05-2025T14:59:40 - [MESSAGE][PASSED] - Check comment of Auto Test User 6 is Commented by automaton test in case 19

18-05-2025T14:59:40 - [TEST_STEP][PASSED] - documentInformationScreen.backToHome(): null

18-05-2025T14:59:45 - [TEST_STEP][PASSED] - inComingDocument.checkItemInDocument(): null

18-05-2025T14:59:45 - [TEST_STEP][PASSED] - Start listener action : afterTest: null

18-05-2025T14:59:45 - [TEST_STEP][PASSED] - if (testCaseStatus != "PASSED"): Screenshot is taken

18-05-2025T14:59:45 - [TEST_STEP][PASSED] - takeScreenshot(ErrorScreen/$GlobalVariable.PLATFORM/$testCaseContext.getTestCaseId().png): Screenshot is taken

18-05-2025T14:59:47 - [MESSAGE][PASSED] - Screenshot is taken
[[ATTACHMENT|ErrorScreen/Android/Test Cases/IPAPER APP/019 TU CHOI CHI TIET_NHAP Y KIEN.png]]

18-05-2025T14:59:47 - [TEST_STEP][PASSED] - drivers.Driver.closeApp(): drivers.Driver.closeApp is PASSED

18-05-2025T14:59:48 - [MESSAGE][PASSED] - drivers.Driver.closeApp is PASSED

18-05-2025T14:59:48 - [TEST_STEP][PASSED] - if (tsContext == null): null]]></system-out>
         <system-err><![CDATA[18-05-2025T14:57:32 - [TEST_CASE][FAILED] - Test Cases/IPAPER APP/019 TU CHOI CHI TIET_NHAP Y KIEN: Test Cases/IPAPER APP/019 TU CHOI CHI TIET_NHAP Y KIEN FAILED.
Reason:
com.kms.katalon.core.exception.StepFailedException: Verify equals GUI: Auto Test User 5 - DATA: Auto Test User 6
	at com.kms.katalon.core.util.KeywordUtil.markFailed(KeywordUtil.java:19)
	at utilities.AssertUtilities.logResult(AssertUtilities.groovy:30)
	at utilities.AssertUtilities.checkEquals(AssertUtilities.groovy:11)
	at screens.DocumentInformationScreen.checkSender(DocumentInformationScreen.groovy:99)
	at 019 TU CHOI CHI TIET_NHAP Y KIEN.run(019 TU CHOI CHI TIET_NHAP Y KIEN:101)
	at com.kms.katalon.core.main.ScriptEngine.run(ScriptEngine.java:194)
	at com.kms.katalon.core.main.ScriptEngine.runScriptAsRawText(ScriptEngine.java:119)
	at com.kms.katalon.core.main.TestCaseExecutor.runScript(TestCaseExecutor.java:448)
	at com.kms.katalon.core.main.TestCaseExecutor.doExecute(TestCaseExecutor.java:439)
	at com.kms.katalon.core.main.TestCaseExecutor.processExecutionPhase(TestCaseExecutor.java:418)
	at com.kms.katalon.core.main.TestCaseExecutor.accessMainPhase(TestCaseExecutor.java:410)
	at com.kms.katalon.core.main.TestCaseExecutor.execute(TestCaseExecutor.java:285)
	at com.kms.katalon.core.common.CommonExecutor.accessTestCaseMainPhase(CommonExecutor.java:65)
	at com.kms.katalon.core.main.TestSuiteExecutor.accessTestSuiteMainPhase(TestSuiteExecutor.java:150)
	at com.kms.katalon.core.main.TestSuiteExecutor.execute(TestSuiteExecutor.java:106)
	at com.kms.katalon.core.main.TestCaseMain.startTestSuite(TestCaseMain.java:180)
	at TempTestSuite1747552661021.run(TempTestSuite1747552661021.groovy:35)
	at java.base/jdk.internal.reflect.NativeMethodAccessorImpl.invoke0(Native Method)
	at java.base/jdk.internal.reflect.NativeMethodAccessorImpl.invoke(NativeMethodAccessorImpl.java:77)
	at java.base/jdk.internal.reflect.DelegatingMethodAccessorImpl.invoke(DelegatingMethodAccessorImpl.java:43)]]></system-err>
      </testcase>
      <testcase name="Test Cases/IPAPER APP/011 DUYET CO DIEU KIEN_KHONG NHAP Y KIEN" time="131.373" classname="Test Cases/IPAPER APP/011 DUYET CO DIEU KIEN_KHONG NHAP Y KIEN" status="PASSED">
         <system-out><![CDATA[18-05-2025T14:59:48 - [TEST_CASE][PASSED] - Test Cases/IPAPER APP/011 DUYET CO DIEU KIEN_KHONG NHAP Y KIEN: Test Cases/IPAPER APP/011 DUYET CO DIEU KIEN_KHONG NHAP Y KIEN

18-05-2025T14:59:48 - [TEST_STEP][PASSED] - Start listener action : beforeTest: drivers.Driver.openApp is PASSED

18-05-2025T14:59:48 - [TEST_STEP][PASSED] - DataTest.init(): null

18-05-2025T14:59:48 - [TEST_STEP][PASSED] - testCaseId = split("/").last(): null

18-05-2025T14:59:48 - [TEST_STEP][PASSED] - if (!(drivers.Driver.isAppiumRunning())): drivers.Driver.isAppiumRunning is PASSED

18-05-2025T14:59:48 - [MESSAGE][INFO] - Appium running: true

18-05-2025T14:59:48 - [MESSAGE][PASSED] - drivers.Driver.isAppiumRunning is PASSED

18-05-2025T14:59:48 - [TEST_STEP][PASSED] - if (driver == null || driver.getSessionId() == null): null

18-05-2025T14:59:48 - [TEST_STEP][PASSED] - drivers.Driver.openApp(): drivers.Driver.openApp is PASSED

18-05-2025T14:59:50 - [MESSAGE][PASSED] - drivers.Driver.openApp is PASSED

18-05-2025T14:59:50 - [TEST_STEP][PASSED] - REQUEST_NAME = "Trình ký PDF có sẵn": null

18-05-2025T14:59:50 - [TEST_STEP][PASSED] - QUICK_APPROVE_OPINION = "Không có bình luận": null

18-05-2025T14:59:50 - [TEST_STEP][PASSED] - auto5 = DataTest.getUserTest("auto5"): null

18-05-2025T14:59:50 - [TEST_STEP][PASSED] - auto6 = DataTest.getUserTest("auto6"): null

18-05-2025T14:59:50 - [TEST_STEP][PASSED] - document = DataTest.createDocumentTest(auto5, auto6, null, "dummy.pdf", "dummy.pdf"): null

18-05-2025T14:59:50 - [TEST_STEP][PASSED] - loginScreen.login(auto5): null

18-05-2025T14:59:58 - [TEST_STEP][PASSED] - homeScreen.openRequestList(): null

18-05-2025T15:00:03 - [TEST_STEP][PASSED] - homeScreen.createRequest(REQUEST_NAME): null

18-05-2025T15:00:06 - [TEST_STEP][PASSED] - pdfSignScreen.fillInTitle(document.getTitle()): null

18-05-2025T15:00:09 - [TEST_STEP][PASSED] - pdfSignScreen.selectPriority(document.getPriority()): null

18-05-2025T15:00:12 - [TEST_STEP][PASSED] - pdfSignScreen.selectTime(document.getTime()): null

18-05-2025T15:00:15 - [TEST_STEP][PASSED] - pdfSignScreen.fillInDescription(document.getDescription()): null

18-05-2025T15:00:16 - [TEST_STEP][PASSED] - pdfSignScreen.selectAssigner(getAssigner().getEmail()): null

18-05-2025T15:00:22 - [TEST_STEP][PASSED] - pdfSignScreen.openMainFileBrowser(): null

18-05-2025T15:00:27 - [TEST_STEP][PASSED] - fileBrowserScreen.attachFile(document.getMainFileName()): null

18-05-2025T15:00:33 - [TEST_STEP][PASSED] - pdfSignScreen.openSubFileBrowser(): null

18-05-2025T15:00:35 - [TEST_STEP][PASSED] - fileBrowserScreen.attachFile(document.getSubFileName()): null

18-05-2025T15:00:41 - [TEST_STEP][PASSED] - pdfSignScreen.performAction(SEND_APPROVE): null

18-05-2025T15:00:45 - [TEST_STEP][PASSED] - pdfSignScreen.fillInOpinion(document.getComment()): null

18-05-2025T15:00:46 - [TEST_STEP][PASSED] - pdfSignScreen.submitRequest(): null

18-05-2025T15:00:53 - [TEST_STEP][PASSED] - documentInformationScreen.backToHome(): null

18-05-2025T15:00:53 - [TEST_STEP][PASSED] - homeScreen.logout(): null

18-05-2025T15:01:01 - [TEST_STEP][PASSED] - document.setStatus(WAIT_APPROVE): null

18-05-2025T15:01:01 - [TEST_STEP][PASSED] - document.setAssigner(auto5): null

18-05-2025T15:01:01 - [TEST_STEP][PASSED] - loginScreen.login(auto6): null

18-05-2025T15:01:10 - [TEST_STEP][PASSED] - homeScreen.goToIncomingDocument(): null

18-05-2025T15:01:10 - [TEST_STEP][PASSED] - inComingDocument.viewInformationDocument(document): View document Trình ký 1747555190915

18-05-2025T15:01:10 - [MESSAGE][INFO] - View document Trình ký 1747555190915

18-05-2025T15:01:15 - [TEST_STEP][PASSED] - documentInformationScreen.checkDocumentTitle(document): Verify equals GUI: Trình ký 1747555190915 - DATA: Trình ký 1747555190915

18-05-2025T15:01:16 - [MESSAGE][PASSED] - Verify equals GUI: Trình ký 1747555190915 - DATA: Trình ký 1747555190915

18-05-2025T15:01:16 - [TEST_STEP][PASSED] - documentInformationScreen.checkSender(document): Verify equals GUI: Auto Test User 5 - DATA: Auto Test User 5

18-05-2025T15:01:16 - [MESSAGE][PASSED] - Verify equals GUI: Auto Test User 5 - DATA: Auto Test User 5

18-05-2025T15:01:16 - [TEST_STEP][PASSED] - documentInformationScreen.checkStatus(document): Verify equals GUI: Chờ giám sát phê duyệt - DATA: Chờ giám sát phê duyệt

18-05-2025T15:01:16 - [MESSAGE][PASSED] - Verify equals GUI: Chờ giám sát phê duyệt - DATA: Chờ giám sát phê duyệt

18-05-2025T15:01:16 - [TEST_STEP][PASSED] - documentInformationScreen.checkCreateDate(): Verify equals GUI: 18/05/2025 - DATA: 18/05/2025

18-05-2025T15:01:16 - [MESSAGE][PASSED] - Verify equals GUI: 18/05/2025 - DATA: 18/05/2025

18-05-2025T15:01:16 - [TEST_STEP][PASSED] - documentInformationScreen.checkFinishDate(document): Verify equals GUI: 19/05/2025 - DATA: 19/05/2025

18-05-2025T15:01:16 - [MESSAGE][PASSED] - Verify equals GUI: 19/05/2025 - DATA: 19/05/2025

18-05-2025T15:01:16 - [TEST_STEP][PASSED] - documentInformationScreen.checkPriority(document): Verify equals GUI: Cao - DATA: Cao

18-05-2025T15:01:16 - [MESSAGE][PASSED] - Verify equals GUI: Cao - DATA: Cao

18-05-2025T15:01:16 - [TEST_STEP][PASSED] - documentInformationScreen.checkDescription(document): Verify equals GUI: 011 DUYET CO DIEU KIEN_KHONG NHAP Y KIEN - DATA: 011 DUYET CO DIEU KIEN_KHONG NHAP Y KIEN

18-05-2025T15:01:16 - [MESSAGE][PASSED] - Verify equals GUI: 011 DUYET CO DIEU KIEN_KHONG NHAP Y KIEN - DATA: 011 DUYET CO DIEU KIEN_KHONG NHAP Y KIEN

18-05-2025T15:01:16 - [TEST_STEP][PASSED] - documentInformationScreen.checkAssigner(document): Verify contains GUI: auto5@hdbank.com.vn - DATA: auto5@hdbank.com.vn

18-05-2025T15:01:18 - [MESSAGE][PASSED] - Verify contains GUI: auto5@hdbank.com.vn - DATA: auto5@hdbank.com.vn

18-05-2025T15:01:18 - [TEST_STEP][PASSED] - documentInformationScreen.checkPresentFileName(document): Verify contains GUI: dummy_20250518150109.ozd - DATA: dummy

18-05-2025T15:01:19 - [MESSAGE][PASSED] - Verify contains GUI: dummy_20250518150109.ozd - DATA: dummy

18-05-2025T15:01:19 - [TEST_STEP][PASSED] - documentInformationScreen.checkAttachFileName(document): Expected true condition

18-05-2025T15:01:21 - [MESSAGE][PASSED] - Expected true condition

18-05-2025T15:01:21 - [TEST_STEP][PASSED] - documentInformationScreen.backToHome(): null

18-05-2025T15:01:25 - [TEST_STEP][PASSED] - inComingDocument.performAction(document, APPROVE_WITH_CONDITION, QUICK_APPROVE_OPINION): null

18-05-2025T15:01:33 - [TEST_STEP][PASSED] - document.setSender(auto6): null

18-05-2025T15:01:33 - [TEST_STEP][PASSED] - inComingDocument.checkItemInDocument(): null

18-05-2025T15:01:33 - [TEST_STEP][PASSED] - homeScreen.goToOutComingDocument(): null

18-05-2025T15:01:43 - [TEST_STEP][PASSED] - outComingDocument.viewInformationDocument(document): null

18-05-2025T15:01:44 - [TEST_STEP][PASSED] - documentInformationScreen.checkDocumentTitle(document): Verify equals GUI: Trình ký 1747555190915 - DATA: Trình ký 1747555190915

18-05-2025T15:01:48 - [MESSAGE][PASSED] - Verify equals GUI: Trình ký 1747555190915 - DATA: Trình ký 1747555190915

18-05-2025T15:01:48 - [TEST_STEP][PASSED] - documentInformationScreen.checkSender(document): Verify equals GUI: Auto Test User 6 - DATA: Auto Test User 6

18-05-2025T15:01:48 - [MESSAGE][PASSED] - Verify equals GUI: Auto Test User 6 - DATA: Auto Test User 6

18-05-2025T15:01:48 - [TEST_STEP][PASSED] - documentInformationScreen.checkStatus(document): Verify equals GUI: Đã duyệt - DATA: Đã duyệt

18-05-2025T15:01:48 - [MESSAGE][PASSED] - Verify equals GUI: Đã duyệt - DATA: Đã duyệt

18-05-2025T15:01:48 - [TEST_STEP][PASSED] - documentInformationScreen.checkCreateDate(): Verify equals GUI: 18/05/2025 - DATA: 18/05/2025

18-05-2025T15:01:48 - [MESSAGE][PASSED] - Verify equals GUI: 18/05/2025 - DATA: 18/05/2025

18-05-2025T15:01:48 - [TEST_STEP][PASSED] - documentInformationScreen.checkFinishDate(document): Verify equals GUI: 19/05/2025 - DATA: 19/05/2025

18-05-2025T15:01:49 - [MESSAGE][PASSED] - Verify equals GUI: 19/05/2025 - DATA: 19/05/2025

18-05-2025T15:01:49 - [TEST_STEP][PASSED] - documentInformationScreen.checkPriority(document): Verify equals GUI: Cao - DATA: Cao

18-05-2025T15:01:49 - [MESSAGE][PASSED] - Verify equals GUI: Cao - DATA: Cao

18-05-2025T15:01:49 - [TEST_STEP][PASSED] - documentInformationScreen.checkDescription(document): Verify equals GUI: 011 DUYET CO DIEU KIEN_KHONG NHAP Y KIEN - DATA: 011 DUYET CO DIEU KIEN_KHONG NHAP Y KIEN

18-05-2025T15:01:49 - [MESSAGE][PASSED] - Verify equals GUI: 011 DUYET CO DIEU KIEN_KHONG NHAP Y KIEN - DATA: 011 DUYET CO DIEU KIEN_KHONG NHAP Y KIEN

18-05-2025T15:01:49 - [TEST_STEP][PASSED] - documentInformationScreen.checkAssigner(document): Verify contains GUI: auto5@hdbank.com.vn - DATA: auto5@hdbank.com.vn

18-05-2025T15:01:50 - [MESSAGE][PASSED] - Verify contains GUI: auto5@hdbank.com.vn - DATA: auto5@hdbank.com.vn

18-05-2025T15:01:50 - [TEST_STEP][PASSED] - documentInformationScreen.checkPresentFileName(document): Verify contains GUI: dummy_20250518150109.ozd - DATA: dummy

18-05-2025T15:01:51 - [MESSAGE][PASSED] - Verify contains GUI: dummy_20250518150109.ozd - DATA: dummy

18-05-2025T15:01:51 - [TEST_STEP][PASSED] - documentInformationScreen.checkAttachFileName(document): Expected true condition

18-05-2025T15:01:53 - [MESSAGE][PASSED] - Expected true condition

18-05-2025T15:01:53 - [TEST_STEP][PASSED] - documentInformationScreen.checkComment(auto6, QUICK_APPROVE_OPINION): Check comment of Auto Test User 6 is Không có bình luận

18-05-2025T15:01:54 - [MESSAGE][INFO] - GUI COMMENT: Không có bình luận - DATA COMMENT: Không có bình luận

18-05-2025T15:01:54 - [MESSAGE][PASSED] - Check comment of Auto Test User 6 is Không có bình luận

18-05-2025T15:01:54 - [TEST_STEP][PASSED] - documentInformationScreen.backToHome(): null

18-05-2025T15:01:59 - [TEST_STEP][PASSED] - inComingDocument.checkItemInDocument(): null

18-05-2025T15:01:59 - [TEST_STEP][PASSED] - Start listener action : afterTest: null

18-05-2025T15:01:59 - [TEST_STEP][PASSED] - if (testCaseStatus != "PASSED"): null

18-05-2025T15:01:59 - [TEST_STEP][PASSED] - drivers.Driver.closeApp(): drivers.Driver.closeApp is PASSED

18-05-2025T15:01:59 - [MESSAGE][PASSED] - drivers.Driver.closeApp is PASSED

18-05-2025T15:01:59 - [TEST_STEP][PASSED] - if (tsContext == null): null]]></system-out>
         <system-err><![CDATA[]]></system-err>
      </testcase>
      <testcase name="Test Cases/IPAPER APP/007 HIEN THI HO SO DEN" time="10.414" classname="Test Cases/IPAPER APP/007 HIEN THI HO SO DEN" status="PASSED">
         <system-out><![CDATA[18-05-2025T15:01:59 - [TEST_CASE][PASSED] - Test Cases/IPAPER APP/007 HIEN THI HO SO DEN: Test Cases/IPAPER APP/007 HIEN THI HO SO DEN

18-05-2025T15:01:59 - [TEST_STEP][PASSED] - Start listener action : beforeTest: drivers.Driver.openApp is PASSED

18-05-2025T15:01:59 - [TEST_STEP][PASSED] - DataTest.init(): null

18-05-2025T15:01:59 - [TEST_STEP][PASSED] - testCaseId = split("/").last(): null

18-05-2025T15:01:59 - [TEST_STEP][PASSED] - if (!(drivers.Driver.isAppiumRunning())): drivers.Driver.isAppiumRunning is PASSED

18-05-2025T15:01:59 - [MESSAGE][INFO] - Appium running: true

18-05-2025T15:01:59 - [MESSAGE][PASSED] - drivers.Driver.isAppiumRunning is PASSED

18-05-2025T15:01:59 - [TEST_STEP][PASSED] - if (driver == null || driver.getSessionId() == null): null

18-05-2025T15:01:59 - [TEST_STEP][PASSED] - drivers.Driver.openApp(): drivers.Driver.openApp is PASSED

18-05-2025T15:02:02 - [MESSAGE][PASSED] - drivers.Driver.openApp is PASSED

18-05-2025T15:02:02 - [TEST_STEP][PASSED] - auto1 = DataTest.getUserTest("auto1"): null

18-05-2025T15:02:02 - [TEST_STEP][PASSED] - loginScreen.login(auto1): null

18-05-2025T15:02:09 - [TEST_STEP][PASSED] - homeScreen.goToIncomingDocument(): null

18-05-2025T15:02:09 - [TEST_STEP][PASSED] - inComingDocument.checkItemInDocument(): null

18-05-2025T15:02:09 - [TEST_STEP][PASSED] - Start listener action : afterTest: null

18-05-2025T15:02:09 - [TEST_STEP][PASSED] - if (testCaseStatus != "PASSED"): null

18-05-2025T15:02:09 - [TEST_STEP][PASSED] - drivers.Driver.closeApp(): drivers.Driver.closeApp is PASSED

18-05-2025T15:02:10 - [MESSAGE][PASSED] - drivers.Driver.closeApp is PASSED

18-05-2025T15:02:10 - [TEST_STEP][PASSED] - if (tsContext == null): null]]></system-out>
         <system-err><![CDATA[]]></system-err>
      </testcase>
      <testcase name="Test Cases/IPAPER APP/004 TAO YEU CAU LAY Y KIEN_1 NGUOI" time="130.038" classname="Test Cases/IPAPER APP/004 TAO YEU CAU LAY Y KIEN_1 NGUOI" status="PASSED">
         <system-out><![CDATA[18-05-2025T15:02:10 - [TEST_CASE][PASSED] - Test Cases/IPAPER APP/004 TAO YEU CAU LAY Y KIEN_1 NGUOI: Test Cases/IPAPER APP/004 TAO YEU CAU LAY Y KIEN_1 NGUOI

18-05-2025T15:02:10 - [TEST_STEP][PASSED] - Start listener action : beforeTest: drivers.Driver.openApp is PASSED

18-05-2025T15:02:10 - [TEST_STEP][PASSED] - DataTest.init(): null

18-05-2025T15:02:10 - [TEST_STEP][PASSED] - testCaseId = split("/").last(): null

18-05-2025T15:02:10 - [TEST_STEP][PASSED] - if (!(drivers.Driver.isAppiumRunning())): drivers.Driver.isAppiumRunning is PASSED

18-05-2025T15:02:10 - [MESSAGE][INFO] - Appium running: true

18-05-2025T15:02:10 - [MESSAGE][PASSED] - drivers.Driver.isAppiumRunning is PASSED

18-05-2025T15:02:10 - [TEST_STEP][PASSED] - if (driver == null || driver.getSessionId() == null): null

18-05-2025T15:02:10 - [TEST_STEP][PASSED] - drivers.Driver.openApp(): drivers.Driver.openApp is PASSED

18-05-2025T15:02:12 - [MESSAGE][PASSED] - drivers.Driver.openApp is PASSED

18-05-2025T15:02:12 - [TEST_STEP][PASSED] - REQUEST_NAME = "Trình ký PDF có sẵn": null

18-05-2025T15:02:12 - [TEST_STEP][PASSED] - USER_CREATE_COMMENT = "Commented by user create document": null

18-05-2025T15:02:12 - [TEST_STEP][PASSED] - ASSIGNER_COMMENT = "Comment by assigner": null

18-05-2025T15:02:12 - [TEST_STEP][PASSED] - documentTitle = "Trình ký " + System.currentTimeMillis(): null

18-05-2025T15:02:12 - [TEST_STEP][PASSED] - auto5 = DataTest.getUserTest("auto5"): null

18-05-2025T15:02:12 - [TEST_STEP][PASSED] - auto6 = DataTest.getUserTest("auto6"): null

18-05-2025T15:02:12 - [TEST_STEP][PASSED] - document = DataTest.createDocumentTest(auto5, auto6, null, "dummy.pdf", "dummy.pdf"): null

18-05-2025T15:02:12 - [TEST_STEP][PASSED] - loginScreen.login(auto5): null

18-05-2025T15:02:21 - [TEST_STEP][PASSED] - homeScreen.openRequestList(): null

18-05-2025T15:02:26 - [TEST_STEP][PASSED] - homeScreen.createRequest(REQUEST_NAME): null

18-05-2025T15:02:30 - [TEST_STEP][PASSED] - pdfSignScreen.fillInTitle(document.getTitle()): null

18-05-2025T15:02:32 - [TEST_STEP][PASSED] - pdfSignScreen.selectPriority(document.getPriority()): null

18-05-2025T15:02:34 - [TEST_STEP][PASSED] - pdfSignScreen.selectTime(document.getTime()): null

18-05-2025T15:02:37 - [TEST_STEP][PASSED] - pdfSignScreen.fillInDescription(document.getDescription()): null

18-05-2025T15:02:39 - [TEST_STEP][PASSED] - pdfSignScreen.selectAssigner(getAssigner().getEmail()): null

18-05-2025T15:02:45 - [TEST_STEP][PASSED] - pdfSignScreen.openMainFileBrowser(): null

18-05-2025T15:02:51 - [TEST_STEP][PASSED] - fileBrowserScreen.attachFile(document.getMainFileName()): null

18-05-2025T15:02:56 - [TEST_STEP][PASSED] - pdfSignScreen.openSubFileBrowser(): null

18-05-2025T15:02:58 - [TEST_STEP][PASSED] - fileBrowserScreen.attachFile(document.getSubFileName()): null

18-05-2025T15:03:04 - [TEST_STEP][PASSED] - pdfSignScreen.performAction(SEND_WITH_COMENT): null

18-05-2025T15:03:07 - [TEST_STEP][PASSED] - pdfSignScreen.fillInOpinion(USER_CREATE_COMMENT): null

18-05-2025T15:03:08 - [TEST_STEP][PASSED] - pdfSignScreen.submitRequest(): null

18-05-2025T15:03:15 - [TEST_STEP][PASSED] - documentInformationScreen.backToHome(): null

18-05-2025T15:03:15 - [TEST_STEP][PASSED] - homeScreen.logout(): null

18-05-2025T15:03:23 - [TEST_STEP][PASSED] - document.setStatus(WAIT_GET_COMMENT): null

18-05-2025T15:03:23 - [TEST_STEP][PASSED] - document.setAssigner(auto5): null

18-05-2025T15:03:23 - [TEST_STEP][PASSED] - loginScreen.login(auto6): null

18-05-2025T15:03:32 - [TEST_STEP][PASSED] - homeScreen.goToIncomingDocument(): null

18-05-2025T15:03:32 - [TEST_STEP][PASSED] - inComingDocument.viewInformationDocument(document): View document Trình ký 1747555332891

18-05-2025T15:03:32 - [MESSAGE][INFO] - View document Trình ký 1747555332891

18-05-2025T15:03:38 - [TEST_STEP][PASSED] - documentInformationScreen.checkDocumentTitle(document): Verify equals GUI: Trình ký 1747555332891 - DATA: Trình ký 1747555332891

18-05-2025T15:03:38 - [MESSAGE][PASSED] - Verify equals GUI: Trình ký 1747555332891 - DATA: Trình ký 1747555332891

18-05-2025T15:03:38 - [TEST_STEP][PASSED] - documentInformationScreen.checkSender(document): Verify equals GUI: Auto Test User 5 - DATA: Auto Test User 5

18-05-2025T15:03:38 - [MESSAGE][PASSED] - Verify equals GUI: Auto Test User 5 - DATA: Auto Test User 5

18-05-2025T15:03:38 - [TEST_STEP][PASSED] - documentInformationScreen.checkStatus(document): Verify equals GUI: Chờ lấy ý kiến - DATA: Chờ lấy ý kiến

18-05-2025T15:03:38 - [MESSAGE][PASSED] - Verify equals GUI: Chờ lấy ý kiến - DATA: Chờ lấy ý kiến

18-05-2025T15:03:38 - [TEST_STEP][PASSED] - documentInformationScreen.checkCreateDate(): Verify equals GUI: 18/05/2025 - DATA: 18/05/2025

18-05-2025T15:03:38 - [MESSAGE][PASSED] - Verify equals GUI: 18/05/2025 - DATA: 18/05/2025

18-05-2025T15:03:38 - [TEST_STEP][PASSED] - documentInformationScreen.checkFinishDate(document): Verify equals GUI: 19/05/2025 - DATA: 19/05/2025

18-05-2025T15:03:39 - [MESSAGE][PASSED] - Verify equals GUI: 19/05/2025 - DATA: 19/05/2025

18-05-2025T15:03:39 - [TEST_STEP][PASSED] - documentInformationScreen.checkPriority(document): Verify equals GUI: Khẩn cấp - DATA: Khẩn cấp

18-05-2025T15:03:39 - [MESSAGE][PASSED] - Verify equals GUI: Khẩn cấp - DATA: Khẩn cấp

18-05-2025T15:03:39 - [TEST_STEP][PASSED] - documentInformationScreen.checkDescription(document): Verify equals GUI: 004 TAO YEU CAU LAY Y KIEN_1 NGUOI - DATA: 004 TAO YEU CAU LAY Y KIEN_1 NGUOI

18-05-2025T15:03:39 - [MESSAGE][PASSED] - Verify equals GUI: 004 TAO YEU CAU LAY Y KIEN_1 NGUOI - DATA: 004 TAO YEU CAU LAY Y KIEN_1 NGUOI

18-05-2025T15:03:39 - [TEST_STEP][PASSED] - documentInformationScreen.checkAssigner(document): Verify contains GUI: auto5@hdbank.com.vn - DATA: auto5@hdbank.com.vn

18-05-2025T15:03:40 - [MESSAGE][PASSED] - Verify contains GUI: auto5@hdbank.com.vn - DATA: auto5@hdbank.com.vn

18-05-2025T15:03:40 - [TEST_STEP][PASSED] - documentInformationScreen.checkPresentFileName(document): Verify contains GUI: dummy_20250518150332.ozd - DATA: dummy

18-05-2025T15:03:41 - [MESSAGE][PASSED] - Verify contains GUI: dummy_20250518150332.ozd - DATA: dummy

18-05-2025T15:03:41 - [TEST_STEP][PASSED] - documentInformationScreen.checkAttachFileName(document): Expected true condition

18-05-2025T15:03:43 - [MESSAGE][PASSED] - Expected true condition

18-05-2025T15:03:43 - [TEST_STEP][PASSED] - documentInformationScreen.performAction(document, COMMENT, ASSIGNER_COMMENT): null

18-05-2025T15:03:48 - [TEST_STEP][PASSED] - documentInformationScreen.backToHome(): null

18-05-2025T15:03:50 - [TEST_STEP][PASSED] - document.setSender(auto6): null

18-05-2025T15:03:50 - [TEST_STEP][PASSED] - inComingDocument.checkItemInDocument(): null

18-05-2025T15:03:50 - [TEST_STEP][PASSED] - homeScreen.goToOutComingDocument(): null

18-05-2025T15:03:59 - [TEST_STEP][PASSED] - outComingDocument.viewInformationDocument(document): null

18-05-2025T15:04:01 - [TEST_STEP][PASSED] - documentInformationScreen.checkDocumentTitle(document): Verify equals GUI: Trình ký 1747555332891 - DATA: Trình ký 1747555332891

18-05-2025T15:04:05 - [MESSAGE][PASSED] - Verify equals GUI: Trình ký 1747555332891 - DATA: Trình ký 1747555332891

18-05-2025T15:04:05 - [TEST_STEP][PASSED] - documentInformationScreen.checkSender(document): Verify equals GUI: Auto Test User 6 - DATA: Auto Test User 6

18-05-2025T15:04:05 - [MESSAGE][PASSED] - Verify equals GUI: Auto Test User 6 - DATA: Auto Test User 6

18-05-2025T15:04:05 - [TEST_STEP][PASSED] - documentInformationScreen.checkStatus(document): Verify equals GUI: Đã lấy ý kiến - DATA: Đã lấy ý kiến

18-05-2025T15:04:05 - [MESSAGE][PASSED] - Verify equals GUI: Đã lấy ý kiến - DATA: Đã lấy ý kiến

18-05-2025T15:04:05 - [TEST_STEP][PASSED] - documentInformationScreen.checkCreateDate(): Verify equals GUI: 18/05/2025 - DATA: 18/05/2025

18-05-2025T15:04:06 - [MESSAGE][PASSED] - Verify equals GUI: 18/05/2025 - DATA: 18/05/2025

18-05-2025T15:04:06 - [TEST_STEP][PASSED] - documentInformationScreen.checkFinishDate(document): Verify equals GUI: 19/05/2025 - DATA: 19/05/2025

18-05-2025T15:04:06 - [MESSAGE][PASSED] - Verify equals GUI: 19/05/2025 - DATA: 19/05/2025

18-05-2025T15:04:06 - [TEST_STEP][PASSED] - documentInformationScreen.checkPriority(document): Verify equals GUI: Khẩn cấp - DATA: Khẩn cấp

18-05-2025T15:04:06 - [MESSAGE][PASSED] - Verify equals GUI: Khẩn cấp - DATA: Khẩn cấp

18-05-2025T15:04:06 - [TEST_STEP][PASSED] - documentInformationScreen.checkDescription(document): Verify equals GUI: 004 TAO YEU CAU LAY Y KIEN_1 NGUOI - DATA: 004 TAO YEU CAU LAY Y KIEN_1 NGUOI

18-05-2025T15:04:06 - [MESSAGE][PASSED] - Verify equals GUI: 004 TAO YEU CAU LAY Y KIEN_1 NGUOI - DATA: 004 TAO YEU CAU LAY Y KIEN_1 NGUOI

18-05-2025T15:04:06 - [TEST_STEP][PASSED] - documentInformationScreen.isAssignerDisplayed(): Check sender not displayed

18-05-2025T15:04:09 - [MESSAGE][PASSED] - Check sender not displayed

18-05-2025T15:04:09 - [TEST_STEP][PASSED] - documentInformationScreen.checkPresentFileName(document): Verify contains GUI: dummy_20250518150332.ozd - DATA: dummy

18-05-2025T15:04:10 - [MESSAGE][PASSED] - Verify contains GUI: dummy_20250518150332.ozd - DATA: dummy

18-05-2025T15:04:10 - [TEST_STEP][PASSED] - documentInformationScreen.checkAttachFileName(document): Expected true condition

18-05-2025T15:04:12 - [MESSAGE][PASSED] - Expected true condition

18-05-2025T15:04:12 - [TEST_STEP][PASSED] - documentInformationScreen.checkComment(auto6, ASSIGNER_COMMENT): Check comment of Auto Test User 6 is Comment by assigner

18-05-2025T15:04:14 - [MESSAGE][INFO] - GUI COMMENT: Comment by assigner - DATA COMMENT: Comment by assigner

18-05-2025T15:04:14 - [MESSAGE][PASSED] - Check comment of Auto Test User 6 is Comment by assigner

18-05-2025T15:04:14 - [TEST_STEP][PASSED] - documentInformationScreen.checkComment(auto5, USER_CREATE_COMMENT): Check comment of Auto Test User 5 is Commented by user create document

18-05-2025T15:04:15 - [MESSAGE][INFO] - GUI COMMENT: Commented by user create document - DATA COMMENT: Commented by user create document

18-05-2025T15:04:15 - [MESSAGE][PASSED] - Check comment of Auto Test User 5 is Commented by user create document

18-05-2025T15:04:15 - [TEST_STEP][PASSED] - documentInformationScreen.backToHome(): null

18-05-2025T15:04:19 - [TEST_STEP][PASSED] - inComingDocument.checkItemInDocument(): null

18-05-2025T15:04:19 - [TEST_STEP][PASSED] - Start listener action : afterTest: null

18-05-2025T15:04:19 - [TEST_STEP][PASSED] - if (testCaseStatus != "PASSED"): null

18-05-2025T15:04:19 - [TEST_STEP][PASSED] - drivers.Driver.closeApp(): drivers.Driver.closeApp is PASSED

18-05-2025T15:04:20 - [MESSAGE][PASSED] - drivers.Driver.closeApp is PASSED

18-05-2025T15:04:20 - [TEST_STEP][PASSED] - if (tsContext == null): null]]></system-out>
         <system-err><![CDATA[]]></system-err>
      </testcase>
      <testcase name="Test Cases/IPAPER APP/039 LAY Y KIEN CHI TIET_NHAP Y KIEN" time="130.014" classname="Test Cases/IPAPER APP/039 LAY Y KIEN CHI TIET_NHAP Y KIEN" status="PASSED">
         <system-out><![CDATA[18-05-2025T15:04:20 - [TEST_CASE][PASSED] - Test Cases/IPAPER APP/039 LAY Y KIEN CHI TIET_NHAP Y KIEN: Test Cases/IPAPER APP/039 LAY Y KIEN CHI TIET_NHAP Y KIEN

18-05-2025T15:04:20 - [TEST_STEP][PASSED] - Start listener action : beforeTest: drivers.Driver.openApp is PASSED

18-05-2025T15:04:20 - [TEST_STEP][PASSED] - DataTest.init(): null

18-05-2025T15:04:20 - [TEST_STEP][PASSED] - testCaseId = split("/").last(): null

18-05-2025T15:04:20 - [TEST_STEP][PASSED] - if (!(drivers.Driver.isAppiumRunning())): drivers.Driver.isAppiumRunning is PASSED

18-05-2025T15:04:20 - [MESSAGE][INFO] - Appium running: true

18-05-2025T15:04:20 - [MESSAGE][PASSED] - drivers.Driver.isAppiumRunning is PASSED

18-05-2025T15:04:20 - [TEST_STEP][PASSED] - if (driver == null || driver.getSessionId() == null): null

18-05-2025T15:04:20 - [TEST_STEP][PASSED] - drivers.Driver.openApp(): drivers.Driver.openApp is PASSED

18-05-2025T15:04:22 - [MESSAGE][PASSED] - drivers.Driver.openApp is PASSED

18-05-2025T15:04:22 - [TEST_STEP][PASSED] - REQUEST_NAME = "Trình ký PDF có sẵn": null

18-05-2025T15:04:22 - [TEST_STEP][PASSED] - USER_CREATE_COMMENT = "Commented by user create document": null

18-05-2025T15:04:22 - [TEST_STEP][PASSED] - ASSIGNER_COMMENT = "Comment by assigner": null

18-05-2025T15:04:22 - [TEST_STEP][PASSED] - documentTitle = "Trình ký " + System.currentTimeMillis(): null

18-05-2025T15:04:22 - [TEST_STEP][PASSED] - auto5 = DataTest.getUserTest("auto5"): null

18-05-2025T15:04:22 - [TEST_STEP][PASSED] - auto6 = DataTest.getUserTest("auto6"): null

18-05-2025T15:04:22 - [TEST_STEP][PASSED] - document = DataTest.createDocumentTest(auto5, auto6, null, "dummy.pdf", "dummy.pdf"): null

18-05-2025T15:04:22 - [TEST_STEP][PASSED] - loginScreen.login(auto5): null

18-05-2025T15:04:30 - [TEST_STEP][PASSED] - homeScreen.openRequestList(): null

18-05-2025T15:04:35 - [TEST_STEP][PASSED] - homeScreen.createRequest(REQUEST_NAME): null

18-05-2025T15:04:38 - [TEST_STEP][PASSED] - pdfSignScreen.fillInTitle(document.getTitle()): null

18-05-2025T15:04:41 - [TEST_STEP][PASSED] - pdfSignScreen.selectPriority(document.getPriority()): null

18-05-2025T15:04:43 - [TEST_STEP][PASSED] - pdfSignScreen.selectTime(document.getTime()): null

18-05-2025T15:04:46 - [TEST_STEP][PASSED] - pdfSignScreen.fillInDescription(document.getDescription()): null

18-05-2025T15:04:47 - [TEST_STEP][PASSED] - pdfSignScreen.selectAssigner(getAssigner().getEmail()): null

18-05-2025T15:04:53 - [TEST_STEP][PASSED] - pdfSignScreen.openMainFileBrowser(): null

18-05-2025T15:04:58 - [TEST_STEP][PASSED] - fileBrowserScreen.attachFile(document.getMainFileName()): null

18-05-2025T15:05:05 - [TEST_STEP][PASSED] - pdfSignScreen.openSubFileBrowser(): null

18-05-2025T15:05:07 - [TEST_STEP][PASSED] - fileBrowserScreen.attachFile(document.getSubFileName()): null

18-05-2025T15:05:13 - [TEST_STEP][PASSED] - pdfSignScreen.performAction(SEND_WITH_COMENT): null

18-05-2025T15:05:17 - [TEST_STEP][PASSED] - pdfSignScreen.fillInOpinion(USER_CREATE_COMMENT): null

18-05-2025T15:05:18 - [TEST_STEP][PASSED] - pdfSignScreen.submitRequest(): null

18-05-2025T15:05:25 - [TEST_STEP][PASSED] - documentInformationScreen.backToHome(): null

18-05-2025T15:05:25 - [TEST_STEP][PASSED] - homeScreen.logout(): null

18-05-2025T15:05:33 - [TEST_STEP][PASSED] - document.setStatus(WAIT_GET_COMMENT): null

18-05-2025T15:05:33 - [TEST_STEP][PASSED] - document.setAssigner(auto5): null

18-05-2025T15:05:33 - [TEST_STEP][PASSED] - loginScreen.login(auto6): null

18-05-2025T15:05:42 - [TEST_STEP][PASSED] - homeScreen.goToIncomingDocument(): null

18-05-2025T15:05:42 - [TEST_STEP][PASSED] - inComingDocument.viewInformationDocument(document): View document Trình ký 1747555462143

18-05-2025T15:05:42 - [MESSAGE][INFO] - View document Trình ký 1747555462143

18-05-2025T15:05:48 - [TEST_STEP][PASSED] - documentInformationScreen.checkDocumentTitle(document): Verify equals GUI: Trình ký 1747555462143 - DATA: Trình ký 1747555462143

18-05-2025T15:05:48 - [MESSAGE][PASSED] - Verify equals GUI: Trình ký 1747555462143 - DATA: Trình ký 1747555462143

18-05-2025T15:05:48 - [TEST_STEP][PASSED] - documentInformationScreen.checkSender(document): Verify equals GUI: Auto Test User 5 - DATA: Auto Test User 5

18-05-2025T15:05:48 - [MESSAGE][PASSED] - Verify equals GUI: Auto Test User 5 - DATA: Auto Test User 5

18-05-2025T15:05:48 - [TEST_STEP][PASSED] - documentInformationScreen.checkStatus(document): Verify equals GUI: Chờ lấy ý kiến - DATA: Chờ lấy ý kiến

18-05-2025T15:05:48 - [MESSAGE][PASSED] - Verify equals GUI: Chờ lấy ý kiến - DATA: Chờ lấy ý kiến

18-05-2025T15:05:48 - [TEST_STEP][PASSED] - documentInformationScreen.checkCreateDate(): Verify equals GUI: 18/05/2025 - DATA: 18/05/2025

18-05-2025T15:05:49 - [MESSAGE][PASSED] - Verify equals GUI: 18/05/2025 - DATA: 18/05/2025

18-05-2025T15:05:49 - [TEST_STEP][PASSED] - documentInformationScreen.checkFinishDate(document): Verify equals GUI: 19/05/2025 - DATA: 19/05/2025

18-05-2025T15:05:49 - [MESSAGE][PASSED] - Verify equals GUI: 19/05/2025 - DATA: 19/05/2025

18-05-2025T15:05:49 - [TEST_STEP][PASSED] - documentInformationScreen.checkPriority(document): Verify equals GUI: Bình thường - DATA: Bình thường

18-05-2025T15:05:49 - [MESSAGE][PASSED] - Verify equals GUI: Bình thường - DATA: Bình thường

18-05-2025T15:05:49 - [TEST_STEP][PASSED] - documentInformationScreen.checkDescription(document): Verify equals GUI: 039 LAY Y KIEN CHI TIET_NHAP Y KIEN - DATA: 039 LAY Y KIEN CHI TIET_NHAP Y KIEN

18-05-2025T15:05:49 - [MESSAGE][PASSED] - Verify equals GUI: 039 LAY Y KIEN CHI TIET_NHAP Y KIEN - DATA: 039 LAY Y KIEN CHI TIET_NHAP Y KIEN

18-05-2025T15:05:49 - [TEST_STEP][PASSED] - documentInformationScreen.checkAssigner(document): Verify contains GUI: auto5@hdbank.com.vn - DATA: auto5@hdbank.com.vn

18-05-2025T15:05:50 - [MESSAGE][PASSED] - Verify contains GUI: auto5@hdbank.com.vn - DATA: auto5@hdbank.com.vn

18-05-2025T15:05:50 - [TEST_STEP][PASSED] - documentInformationScreen.checkPresentFileName(document): Verify contains GUI: dummy_20250518150541.ozd - DATA: dummy

18-05-2025T15:05:51 - [MESSAGE][PASSED] - Verify contains GUI: dummy_20250518150541.ozd - DATA: dummy

18-05-2025T15:05:51 - [TEST_STEP][PASSED] - documentInformationScreen.checkAttachFileName(document): Expected true condition

18-05-2025T15:05:53 - [MESSAGE][PASSED] - Expected true condition

18-05-2025T15:05:53 - [TEST_STEP][PASSED] - documentInformationScreen.performAction(document, COMMENT, ASSIGNER_COMMENT): null

18-05-2025T15:05:58 - [TEST_STEP][PASSED] - documentInformationScreen.backToHome(): null

18-05-2025T15:05:59 - [TEST_STEP][PASSED] - document.setSender(auto6): null

18-05-2025T15:05:59 - [TEST_STEP][PASSED] - inComingDocument.checkItemInDocument(): null

18-05-2025T15:05:59 - [TEST_STEP][PASSED] - homeScreen.goToOutComingDocument(): null

18-05-2025T15:06:10 - [TEST_STEP][PASSED] - outComingDocument.viewInformationDocument(document): null

18-05-2025T15:06:11 - [TEST_STEP][PASSED] - documentInformationScreen.checkDocumentTitle(document): Verify equals GUI: Trình ký 1747555462143 - DATA: Trình ký 1747555462143

18-05-2025T15:06:16 - [MESSAGE][PASSED] - Verify equals GUI: Trình ký 1747555462143 - DATA: Trình ký 1747555462143

18-05-2025T15:06:16 - [TEST_STEP][PASSED] - documentInformationScreen.checkSender(document): Verify equals GUI: Auto Test User 6 - DATA: Auto Test User 6

18-05-2025T15:06:16 - [MESSAGE][PASSED] - Verify equals GUI: Auto Test User 6 - DATA: Auto Test User 6

18-05-2025T15:06:16 - [TEST_STEP][PASSED] - documentInformationScreen.checkStatus(document): Verify equals GUI: Đã lấy ý kiến - DATA: Đã lấy ý kiến

18-05-2025T15:06:16 - [MESSAGE][PASSED] - Verify equals GUI: Đã lấy ý kiến - DATA: Đã lấy ý kiến

18-05-2025T15:06:16 - [TEST_STEP][PASSED] - documentInformationScreen.checkCreateDate(): Verify equals GUI: 18/05/2025 - DATA: 18/05/2025

18-05-2025T15:06:16 - [MESSAGE][PASSED] - Verify equals GUI: 18/05/2025 - DATA: 18/05/2025

18-05-2025T15:06:16 - [TEST_STEP][PASSED] - documentInformationScreen.checkFinishDate(document): Verify equals GUI: 19/05/2025 - DATA: 19/05/2025

18-05-2025T15:06:16 - [MESSAGE][PASSED] - Verify equals GUI: 19/05/2025 - DATA: 19/05/2025

18-05-2025T15:06:16 - [TEST_STEP][PASSED] - documentInformationScreen.checkPriority(document): Verify equals GUI: Bình thường - DATA: Bình thường

18-05-2025T15:06:16 - [MESSAGE][PASSED] - Verify equals GUI: Bình thường - DATA: Bình thường

18-05-2025T15:06:16 - [TEST_STEP][PASSED] - documentInformationScreen.checkDescription(document): Verify equals GUI: 039 LAY Y KIEN CHI TIET_NHAP Y KIEN - DATA: 039 LAY Y KIEN CHI TIET_NHAP Y KIEN

18-05-2025T15:06:16 - [MESSAGE][PASSED] - Verify equals GUI: 039 LAY Y KIEN CHI TIET_NHAP Y KIEN - DATA: 039 LAY Y KIEN CHI TIET_NHAP Y KIEN

18-05-2025T15:06:16 - [TEST_STEP][PASSED] - documentInformationScreen.isAssignerDisplayed(): Check sender not displayed

18-05-2025T15:06:20 - [MESSAGE][PASSED] - Check sender not displayed

18-05-2025T15:06:20 - [TEST_STEP][PASSED] - documentInformationScreen.checkPresentFileName(document): Verify contains GUI: dummy_20250518150541.ozd - DATA: dummy

18-05-2025T15:06:20 - [MESSAGE][PASSED] - Verify contains GUI: dummy_20250518150541.ozd - DATA: dummy

18-05-2025T15:06:20 - [TEST_STEP][PASSED] - documentInformationScreen.checkAttachFileName(document): Expected true condition

18-05-2025T15:06:22 - [MESSAGE][PASSED] - Expected true condition

18-05-2025T15:06:22 - [TEST_STEP][PASSED] - documentInformationScreen.checkComment(auto6, ASSIGNER_COMMENT): Check comment of Auto Test User 6 is Comment by assigner

18-05-2025T15:06:24 - [MESSAGE][INFO] - GUI COMMENT: Comment by assigner - DATA COMMENT: Comment by assigner

18-05-2025T15:06:24 - [MESSAGE][PASSED] - Check comment of Auto Test User 6 is Comment by assigner

18-05-2025T15:06:24 - [TEST_STEP][PASSED] - documentInformationScreen.checkComment(auto5, USER_CREATE_COMMENT): Check comment of Auto Test User 5 is Commented by user create document

18-05-2025T15:06:25 - [MESSAGE][INFO] - GUI COMMENT: Commented by user create document - DATA COMMENT: Commented by user create document

18-05-2025T15:06:25 - [MESSAGE][PASSED] - Check comment of Auto Test User 5 is Commented by user create document

18-05-2025T15:06:25 - [TEST_STEP][PASSED] - documentInformationScreen.backToHome(): null

18-05-2025T15:06:29 - [TEST_STEP][PASSED] - inComingDocument.checkItemInDocument(): null

18-05-2025T15:06:29 - [TEST_STEP][PASSED] - Start listener action : afterTest: null

18-05-2025T15:06:29 - [TEST_STEP][PASSED] - if (testCaseStatus != "PASSED"): null

18-05-2025T15:06:29 - [TEST_STEP][PASSED] - drivers.Driver.closeApp(): drivers.Driver.closeApp is PASSED

18-05-2025T15:06:30 - [MESSAGE][PASSED] - drivers.Driver.closeApp is PASSED

18-05-2025T15:06:30 - [TEST_STEP][PASSED] - if (tsContext == null): null]]></system-out>
         <system-err><![CDATA[]]></system-err>
      </testcase>
      <testcase name="Test Cases/IPAPER APP/040 LAY Y KIEN CHI TIET_KHONG NHAP Y KIEN" time="136.751" classname="Test Cases/IPAPER APP/040 LAY Y KIEN CHI TIET_KHONG NHAP Y KIEN" status="FAILED">
         <failure type="FAILED" message="Test Cases/IPAPER APP/040 LAY Y KIEN CHI TIET_KHONG NHAP Y KIEN FAILED.&#xa;Reason:&#xa;com.kms.katalon.core.exception.StepFailedException: Check comment of Auto Test User 6 is Comment by assigner&#xa;	at com.kms.katalon.core.util.KeywordUtil.markFailed(KeywordUtil.java:19)&#xa;	at utilities.AssertUtilities.logResult(AssertUtilities.groovy:30)&#xa;	at utilities.AssertUtilities.assertTrue(AssertUtilities.groovy:19)&#xa;	at screens.DocumentInformationScreen.checkComment(DocumentInformationScreen.groovy:199)&#xa;	at 040 LAY Y KIEN CHI TIET_KHONG NHAP Y KIEN.run(040 LAY Y KIEN CHI TIET_KHONG NHAP Y KIEN:136)&#xa;	at com.kms.katalon.core.main.ScriptEngine.run(ScriptEngine.java:194)&#xa;	at com.kms.katalon.core.main.ScriptEngine.runScriptAsRawText(ScriptEngine.java:119)&#xa;	at com.kms.katalon.core.main.TestCaseExecutor.runScript(TestCaseExecutor.java:448)&#xa;	at com.kms.katalon.core.main.TestCaseExecutor.doExecute(TestCaseExecutor.java:439)&#xa;	at com.kms.katalon.core.main.TestCaseExecutor.processExecutionPhase(TestCaseExecutor.java:418)&#xa;	at com.kms.katalon.core.main.TestCaseExecutor.accessMainPhase(TestCaseExecutor.java:410)&#xa;	at com.kms.katalon.core.main.TestCaseExecutor.execute(TestCaseExecutor.java:285)&#xa;	at com.kms.katalon.core.common.CommonExecutor.accessTestCaseMainPhase(CommonExecutor.java:65)&#xa;	at com.kms.katalon.core.main.TestSuiteExecutor.accessTestSuiteMainPhase(TestSuiteExecutor.java:150)&#xa;	at com.kms.katalon.core.main.TestSuiteExecutor.execute(TestSuiteExecutor.java:106)&#xa;	at com.kms.katalon.core.main.TestCaseMain.startTestSuite(TestCaseMain.java:180)&#xa;	at TempTestSuite1747552661021.run(TempTestSuite1747552661021.groovy:35)&#xa;	at java.base/jdk.internal.reflect.NativeMethodAccessorImpl.invoke0(Native Method)&#xa;	at java.base/jdk.internal.reflect.NativeMethodAccessorImpl.invoke(NativeMethodAccessorImpl.java:77)&#xa;	at java.base/jdk.internal.reflect.DelegatingMethodAccessorImpl.invoke(DelegatingMethodAccessorImpl.java:43)&#xa;"/>
         <system-out><![CDATA[18-05-2025T15:06:30 - [TEST_CASE][FAILED] - Test Cases/IPAPER APP/040 LAY Y KIEN CHI TIET_KHONG NHAP Y KIEN: Test Cases/IPAPER APP/040 LAY Y KIEN CHI TIET_KHONG NHAP Y KIEN FAILED.
Reason:
com.kms.katalon.core.exception.StepFailedException: Check comment of Auto Test User 6 is Comment by assigner
	at com.kms.katalon.core.util.KeywordUtil.markFailed(KeywordUtil.java:19)
	at utilities.AssertUtilities.logResult(AssertUtilities.groovy:30)
	at utilities.AssertUtilities.assertTrue(AssertUtilities.groovy:19)
	at screens.DocumentInformationScreen.checkComment(DocumentInformationScreen.groovy:199)
	at 040 LAY Y KIEN CHI TIET_KHONG NHAP Y KIEN.run(040 LAY Y KIEN CHI TIET_KHONG NHAP Y KIEN:136)
	at com.kms.katalon.core.main.ScriptEngine.run(ScriptEngine.java:194)
	at com.kms.katalon.core.main.ScriptEngine.runScriptAsRawText(ScriptEngine.java:119)
	at com.kms.katalon.core.main.TestCaseExecutor.runScript(TestCaseExecutor.java:448)
	at com.kms.katalon.core.main.TestCaseExecutor.doExecute(TestCaseExecutor.java:439)
	at com.kms.katalon.core.main.TestCaseExecutor.processExecutionPhase(TestCaseExecutor.java:418)
	at com.kms.katalon.core.main.TestCaseExecutor.accessMainPhase(TestCaseExecutor.java:410)
	at com.kms.katalon.core.main.TestCaseExecutor.execute(TestCaseExecutor.java:285)
	at com.kms.katalon.core.common.CommonExecutor.accessTestCaseMainPhase(CommonExecutor.java:65)
	at com.kms.katalon.core.main.TestSuiteExecutor.accessTestSuiteMainPhase(TestSuiteExecutor.java:150)
	at com.kms.katalon.core.main.TestSuiteExecutor.execute(TestSuiteExecutor.java:106)
	at com.kms.katalon.core.main.TestCaseMain.startTestSuite(TestCaseMain.java:180)
	at TempTestSuite1747552661021.run(TempTestSuite1747552661021.groovy:35)
	at java.base/jdk.internal.reflect.NativeMethodAccessorImpl.invoke0(Native Method)
	at java.base/jdk.internal.reflect.NativeMethodAccessorImpl.invoke(NativeMethodAccessorImpl.java:77)
	at java.base/jdk.internal.reflect.DelegatingMethodAccessorImpl.invoke(DelegatingMethodAccessorImpl.java:43)


18-05-2025T15:06:30 - [TEST_STEP][PASSED] - Start listener action : beforeTest: drivers.Driver.openApp is PASSED

18-05-2025T15:06:30 - [TEST_STEP][PASSED] - DataTest.init(): null

18-05-2025T15:06:30 - [TEST_STEP][PASSED] - testCaseId = split("/").last(): null

18-05-2025T15:06:30 - [TEST_STEP][PASSED] - if (!(drivers.Driver.isAppiumRunning())): drivers.Driver.isAppiumRunning is PASSED

18-05-2025T15:06:30 - [MESSAGE][INFO] - Appium running: true

18-05-2025T15:06:30 - [MESSAGE][PASSED] - drivers.Driver.isAppiumRunning is PASSED

18-05-2025T15:06:30 - [TEST_STEP][PASSED] - if (driver == null || driver.getSessionId() == null): null

18-05-2025T15:06:30 - [TEST_STEP][PASSED] - drivers.Driver.openApp(): drivers.Driver.openApp is PASSED

18-05-2025T15:06:32 - [MESSAGE][PASSED] - drivers.Driver.openApp is PASSED

18-05-2025T15:06:32 - [TEST_STEP][PASSED] - REQUEST_NAME = "Trình ký PDF có sẵn": null

18-05-2025T15:06:32 - [TEST_STEP][PASSED] - USER_CREATE_COMMENT = "Commented by user create document": null

18-05-2025T15:06:32 - [TEST_STEP][PASSED] - ASSIGNER_COMMENT = "Comment by assigner": null

18-05-2025T15:06:32 - [TEST_STEP][PASSED] - documentTitle = "Trình ký " + System.currentTimeMillis(): null

18-05-2025T15:06:32 - [TEST_STEP][PASSED] - auto5 = DataTest.getUserTest("auto5"): null

18-05-2025T15:06:32 - [TEST_STEP][PASSED] - auto6 = DataTest.getUserTest("auto6"): null

18-05-2025T15:06:32 - [TEST_STEP][PASSED] - document = DataTest.createDocumentTest(auto5, auto6, null, "dummy.pdf", "dummy.pdf"): null

18-05-2025T15:06:32 - [TEST_STEP][PASSED] - loginScreen.login(auto5): null

18-05-2025T15:06:40 - [TEST_STEP][PASSED] - homeScreen.openRequestList(): null

18-05-2025T15:06:45 - [TEST_STEP][PASSED] - homeScreen.createRequest(REQUEST_NAME): null

18-05-2025T15:06:49 - [TEST_STEP][PASSED] - pdfSignScreen.fillInTitle(document.getTitle()): null

18-05-2025T15:06:52 - [TEST_STEP][PASSED] - pdfSignScreen.selectPriority(document.getPriority()): null

18-05-2025T15:06:54 - [TEST_STEP][PASSED] - pdfSignScreen.selectTime(document.getTime()): null

18-05-2025T15:06:57 - [TEST_STEP][PASSED] - pdfSignScreen.fillInDescription(document.getDescription()): null

18-05-2025T15:06:58 - [TEST_STEP][PASSED] - pdfSignScreen.selectAssigner(getAssigner().getEmail()): null

18-05-2025T15:07:05 - [TEST_STEP][PASSED] - pdfSignScreen.openMainFileBrowser(): null

18-05-2025T15:07:10 - [TEST_STEP][PASSED] - fileBrowserScreen.attachFile(document.getMainFileName()): null

18-05-2025T15:07:16 - [TEST_STEP][PASSED] - pdfSignScreen.openSubFileBrowser(): null

18-05-2025T15:07:18 - [TEST_STEP][PASSED] - fileBrowserScreen.attachFile(document.getSubFileName()): null

18-05-2025T15:07:24 - [TEST_STEP][PASSED] - pdfSignScreen.performAction(SEND_WITH_COMENT): null

18-05-2025T15:07:28 - [TEST_STEP][PASSED] - pdfSignScreen.fillInOpinion(USER_CREATE_COMMENT): null

18-05-2025T15:07:29 - [TEST_STEP][PASSED] - pdfSignScreen.submitRequest(): null

18-05-2025T15:07:36 - [TEST_STEP][PASSED] - documentInformationScreen.backToHome(): null

18-05-2025T15:07:37 - [TEST_STEP][PASSED] - homeScreen.logout(): null

18-05-2025T15:07:45 - [TEST_STEP][PASSED] - document.setStatus(WAIT_GET_COMMENT): null

18-05-2025T15:07:45 - [TEST_STEP][PASSED] - document.setAssigner(auto5): null

18-05-2025T15:07:45 - [TEST_STEP][PASSED] - loginScreen.login(auto6): null

18-05-2025T15:07:54 - [TEST_STEP][PASSED] - homeScreen.goToIncomingDocument(): null

18-05-2025T15:07:54 - [TEST_STEP][PASSED] - inComingDocument.viewInformationDocument(document): View document Trình ký 1747555592775

18-05-2025T15:07:54 - [MESSAGE][INFO] - View document Trình ký 1747555592775

18-05-2025T15:08:01 - [TEST_STEP][PASSED] - documentInformationScreen.checkDocumentTitle(document): Verify equals GUI: Trình ký 1747555592775 - DATA: Trình ký 1747555592775

18-05-2025T15:08:02 - [MESSAGE][PASSED] - Verify equals GUI: Trình ký 1747555592775 - DATA: Trình ký 1747555592775

18-05-2025T15:08:02 - [TEST_STEP][PASSED] - documentInformationScreen.checkSender(document): Verify equals GUI: Auto Test User 5 - DATA: Auto Test User 5

18-05-2025T15:08:02 - [MESSAGE][PASSED] - Verify equals GUI: Auto Test User 5 - DATA: Auto Test User 5

18-05-2025T15:08:02 - [TEST_STEP][PASSED] - documentInformationScreen.checkStatus(document): Verify equals GUI: Chờ lấy ý kiến - DATA: Chờ lấy ý kiến

18-05-2025T15:08:02 - [MESSAGE][PASSED] - Verify equals GUI: Chờ lấy ý kiến - DATA: Chờ lấy ý kiến

18-05-2025T15:08:02 - [TEST_STEP][PASSED] - documentInformationScreen.checkCreateDate(): Verify equals GUI: 18/05/2025 - DATA: 18/05/2025

18-05-2025T15:08:02 - [MESSAGE][PASSED] - Verify equals GUI: 18/05/2025 - DATA: 18/05/2025

18-05-2025T15:08:02 - [TEST_STEP][PASSED] - documentInformationScreen.checkFinishDate(document): Verify equals GUI: 19/05/2025 - DATA: 19/05/2025

18-05-2025T15:08:02 - [MESSAGE][PASSED] - Verify equals GUI: 19/05/2025 - DATA: 19/05/2025

18-05-2025T15:08:02 - [TEST_STEP][PASSED] - documentInformationScreen.checkPriority(document): Verify equals GUI: Khẩn cấp - DATA: Khẩn cấp

18-05-2025T15:08:02 - [MESSAGE][PASSED] - Verify equals GUI: Khẩn cấp - DATA: Khẩn cấp

18-05-2025T15:08:02 - [TEST_STEP][PASSED] - documentInformationScreen.checkDescription(document): Verify equals GUI: 040 LAY Y KIEN CHI TIET_KHONG NHAP Y KIEN - DATA: 040 LAY Y KIEN CHI TIET_KHONG NHAP Y KIEN

18-05-2025T15:08:03 - [MESSAGE][PASSED] - Verify equals GUI: 040 LAY Y KIEN CHI TIET_KHONG NHAP Y KIEN - DATA: 040 LAY Y KIEN CHI TIET_KHONG NHAP Y KIEN

18-05-2025T15:08:03 - [TEST_STEP][PASSED] - documentInformationScreen.checkAssigner(document): Verify contains GUI: auto5@hdbank.com.vn - DATA: auto5@hdbank.com.vn

18-05-2025T15:08:04 - [MESSAGE][PASSED] - Verify contains GUI: auto5@hdbank.com.vn - DATA: auto5@hdbank.com.vn

18-05-2025T15:08:04 - [TEST_STEP][PASSED] - documentInformationScreen.checkPresentFileName(document): Verify contains GUI: dummy_20250518150752.ozd - DATA: dummy

18-05-2025T15:08:05 - [MESSAGE][PASSED] - Verify contains GUI: dummy_20250518150752.ozd - DATA: dummy

18-05-2025T15:08:05 - [TEST_STEP][PASSED] - documentInformationScreen.checkAttachFileName(document): Expected true condition

18-05-2025T15:08:07 - [MESSAGE][PASSED] - Expected true condition

18-05-2025T15:08:07 - [TEST_STEP][PASSED] - documentInformationScreen.getComment(): null

18-05-2025T15:08:09 - [TEST_STEP][PASSED] - documentInformationScreen.isPopupRequireCommentDisplayed(): Expected true condition

18-05-2025T15:08:10 - [MESSAGE][PASSED] - Expected true condition

18-05-2025T15:08:10 - [TEST_STEP][PASSED] - documentInformationScreen.ignoreWarningPopup(): null

18-05-2025T15:08:11 - [TEST_STEP][PASSED] - documentInformationScreen.fillInComment(USER_CREATE_COMMENT): null

18-05-2025T15:08:12 - [TEST_STEP][PASSED] - documentInformationScreen.submitAction(): null

18-05-2025T15:08:13 - [TEST_STEP][PASSED] - documentInformationScreen.backToHome(): null

18-05-2025T15:08:15 - [TEST_STEP][PASSED] - document.setStatus(COMMENTED): null

18-05-2025T15:08:15 - [TEST_STEP][PASSED] - document.setSender(auto6): null

18-05-2025T15:08:15 - [TEST_STEP][PASSED] - inComingDocument.checkItemInDocument(): null

18-05-2025T15:08:15 - [TEST_STEP][PASSED] - homeScreen.goToOutComingDocument(): null

18-05-2025T15:08:25 - [TEST_STEP][PASSED] - outComingDocument.viewInformationDocument(document): null

18-05-2025T15:08:26 - [TEST_STEP][PASSED] - documentInformationScreen.checkDocumentTitle(document): Verify equals GUI: Trình ký 1747555592775 - DATA: Trình ký 1747555592775

18-05-2025T15:08:30 - [MESSAGE][PASSED] - Verify equals GUI: Trình ký 1747555592775 - DATA: Trình ký 1747555592775

18-05-2025T15:08:30 - [TEST_STEP][PASSED] - documentInformationScreen.checkSender(document): Verify equals GUI: Auto Test User 6 - DATA: Auto Test User 6

18-05-2025T15:08:30 - [MESSAGE][PASSED] - Verify equals GUI: Auto Test User 6 - DATA: Auto Test User 6

18-05-2025T15:08:30 - [TEST_STEP][PASSED] - documentInformationScreen.checkStatus(document): Verify equals GUI: Đã lấy ý kiến - DATA: Đã lấy ý kiến

18-05-2025T15:08:30 - [MESSAGE][PASSED] - Verify equals GUI: Đã lấy ý kiến - DATA: Đã lấy ý kiến

18-05-2025T15:08:30 - [TEST_STEP][PASSED] - documentInformationScreen.checkCreateDate(): Verify equals GUI: 18/05/2025 - DATA: 18/05/2025

18-05-2025T15:08:30 - [MESSAGE][PASSED] - Verify equals GUI: 18/05/2025 - DATA: 18/05/2025

18-05-2025T15:08:30 - [TEST_STEP][PASSED] - documentInformationScreen.checkFinishDate(document): Verify equals GUI: 19/05/2025 - DATA: 19/05/2025

18-05-2025T15:08:30 - [MESSAGE][PASSED] - Verify equals GUI: 19/05/2025 - DATA: 19/05/2025

18-05-2025T15:08:30 - [TEST_STEP][PASSED] - documentInformationScreen.checkPriority(document): Verify equals GUI: Khẩn cấp - DATA: Khẩn cấp

18-05-2025T15:08:30 - [MESSAGE][PASSED] - Verify equals GUI: Khẩn cấp - DATA: Khẩn cấp

18-05-2025T15:08:30 - [TEST_STEP][PASSED] - documentInformationScreen.checkDescription(document): Verify equals GUI: 040 LAY Y KIEN CHI TIET_KHONG NHAP Y KIEN - DATA: 040 LAY Y KIEN CHI TIET_KHONG NHAP Y KIEN

18-05-2025T15:08:31 - [MESSAGE][PASSED] - Verify equals GUI: 040 LAY Y KIEN CHI TIET_KHONG NHAP Y KIEN - DATA: 040 LAY Y KIEN CHI TIET_KHONG NHAP Y KIEN

18-05-2025T15:08:31 - [TEST_STEP][PASSED] - documentInformationScreen.isAssignerDisplayed(): Check sender not displayed

18-05-2025T15:08:34 - [MESSAGE][PASSED] - Check sender not displayed

18-05-2025T15:08:34 - [TEST_STEP][PASSED] - documentInformationScreen.checkPresentFileName(document): Verify contains GUI: dummy_20250518150752.ozd - DATA: dummy

18-05-2025T15:08:35 - [MESSAGE][PASSED] - Verify contains GUI: dummy_20250518150752.ozd - DATA: dummy

18-05-2025T15:08:35 - [TEST_STEP][PASSED] - documentInformationScreen.checkAttachFileName(document): Expected true condition

18-05-2025T15:08:36 - [MESSAGE][PASSED] - Expected true condition

18-05-2025T15:08:36 - [TEST_STEP][PASSED] - documentInformationScreen.checkComment(auto5, USER_CREATE_COMMENT): Check comment of Auto Test User 5 is Commented by user create document

18-05-2025T15:08:38 - [MESSAGE][INFO] - GUI COMMENT: Commented by user create document - DATA COMMENT: Commented by user create document

18-05-2025T15:08:38 - [MESSAGE][PASSED] - Check comment of Auto Test User 5 is Commented by user create document

18-05-2025T15:08:38 - [TEST_STEP][FAILED] - documentInformationScreen.checkComment(auto6, ASSIGNER_COMMENT): Check comment of Auto Test User 6 is Comment by assigner

18-05-2025T15:08:39 - [MESSAGE][INFO] - GUI COMMENT: Commented by user create document - DATA COMMENT: Comment by assigner

18-05-2025T15:08:39 - [MESSAGE][FAILED] - Check comment of Auto Test User 6 is Comment by assigner

18-05-2025T15:08:39 - [TEST_STEP][PASSED] - documentInformationScreen.backToHome(): null

18-05-2025T15:08:43 - [TEST_STEP][PASSED] - inComingDocument.checkItemInDocument(): null

18-05-2025T15:08:43 - [TEST_STEP][PASSED] - Start listener action : afterTest: null

18-05-2025T15:08:43 - [TEST_STEP][PASSED] - if (testCaseStatus != "PASSED"): Screenshot is taken

18-05-2025T15:08:43 - [TEST_STEP][PASSED] - takeScreenshot(ErrorScreen/$GlobalVariable.PLATFORM/$testCaseContext.getTestCaseId().png): Screenshot is taken

18-05-2025T15:08:46 - [MESSAGE][PASSED] - Screenshot is taken
[[ATTACHMENT|ErrorScreen/Android/Test Cases/IPAPER APP/040 LAY Y KIEN CHI TIET_KHONG NHAP Y KIEN.png]]

18-05-2025T15:08:46 - [TEST_STEP][PASSED] - drivers.Driver.closeApp(): drivers.Driver.closeApp is PASSED

18-05-2025T15:08:46 - [MESSAGE][PASSED] - drivers.Driver.closeApp is PASSED

18-05-2025T15:08:46 - [TEST_STEP][PASSED] - if (tsContext == null): null]]></system-out>
         <system-err><![CDATA[18-05-2025T15:06:30 - [TEST_CASE][FAILED] - Test Cases/IPAPER APP/040 LAY Y KIEN CHI TIET_KHONG NHAP Y KIEN: Test Cases/IPAPER APP/040 LAY Y KIEN CHI TIET_KHONG NHAP Y KIEN FAILED.
Reason:
com.kms.katalon.core.exception.StepFailedException: Check comment of Auto Test User 6 is Comment by assigner
	at com.kms.katalon.core.util.KeywordUtil.markFailed(KeywordUtil.java:19)
	at utilities.AssertUtilities.logResult(AssertUtilities.groovy:30)
	at utilities.AssertUtilities.assertTrue(AssertUtilities.groovy:19)
	at screens.DocumentInformationScreen.checkComment(DocumentInformationScreen.groovy:199)
	at 040 LAY Y KIEN CHI TIET_KHONG NHAP Y KIEN.run(040 LAY Y KIEN CHI TIET_KHONG NHAP Y KIEN:136)
	at com.kms.katalon.core.main.ScriptEngine.run(ScriptEngine.java:194)
	at com.kms.katalon.core.main.ScriptEngine.runScriptAsRawText(ScriptEngine.java:119)
	at com.kms.katalon.core.main.TestCaseExecutor.runScript(TestCaseExecutor.java:448)
	at com.kms.katalon.core.main.TestCaseExecutor.doExecute(TestCaseExecutor.java:439)
	at com.kms.katalon.core.main.TestCaseExecutor.processExecutionPhase(TestCaseExecutor.java:418)
	at com.kms.katalon.core.main.TestCaseExecutor.accessMainPhase(TestCaseExecutor.java:410)
	at com.kms.katalon.core.main.TestCaseExecutor.execute(TestCaseExecutor.java:285)
	at com.kms.katalon.core.common.CommonExecutor.accessTestCaseMainPhase(CommonExecutor.java:65)
	at com.kms.katalon.core.main.TestSuiteExecutor.accessTestSuiteMainPhase(TestSuiteExecutor.java:150)
	at com.kms.katalon.core.main.TestSuiteExecutor.execute(TestSuiteExecutor.java:106)
	at com.kms.katalon.core.main.TestCaseMain.startTestSuite(TestCaseMain.java:180)
	at TempTestSuite1747552661021.run(TempTestSuite1747552661021.groovy:35)
	at java.base/jdk.internal.reflect.NativeMethodAccessorImpl.invoke0(Native Method)
	at java.base/jdk.internal.reflect.NativeMethodAccessorImpl.invoke(NativeMethodAccessorImpl.java:77)
	at java.base/jdk.internal.reflect.DelegatingMethodAccessorImpl.invoke(DelegatingMethodAccessorImpl.java:43)]]></system-err>
      </testcase>
      <testcase name="Test Cases/IPAPER APP/022 TU CHOI TẠI MAIN FILE_KHONG NHAP Y KIEN" time="124.489" classname="Test Cases/IPAPER APP/022 TU CHOI TẠI MAIN FILE_KHONG NHAP Y KIEN" status="PASSED">
         <system-out><![CDATA[18-05-2025T15:08:46 - [TEST_CASE][PASSED] - Test Cases/IPAPER APP/022 TU CHOI TẠI MAIN FILE_KHONG NHAP Y KIEN: Test Cases/IPAPER APP/022 TU CHOI TẠI MAIN FILE_KHONG NHAP Y KIEN

18-05-2025T15:08:46 - [TEST_STEP][PASSED] - Start listener action : beforeTest: drivers.Driver.openApp is PASSED

18-05-2025T15:08:46 - [TEST_STEP][PASSED] - DataTest.init(): null

18-05-2025T15:08:46 - [TEST_STEP][PASSED] - testCaseId = split("/").last(): null

18-05-2025T15:08:46 - [TEST_STEP][PASSED] - if (!(drivers.Driver.isAppiumRunning())): drivers.Driver.isAppiumRunning is PASSED

18-05-2025T15:08:46 - [MESSAGE][INFO] - Appium running: true

18-05-2025T15:08:46 - [MESSAGE][PASSED] - drivers.Driver.isAppiumRunning is PASSED

18-05-2025T15:08:46 - [TEST_STEP][PASSED] - if (driver == null || driver.getSessionId() == null): null

18-05-2025T15:08:46 - [TEST_STEP][PASSED] - drivers.Driver.openApp(): drivers.Driver.openApp is PASSED

18-05-2025T15:08:49 - [MESSAGE][PASSED] - drivers.Driver.openApp is PASSED

18-05-2025T15:08:49 - [TEST_STEP][PASSED] - REQUEST_NAME = "Trình ký PDF có sẵn": null

18-05-2025T15:08:49 - [TEST_STEP][PASSED] - COMMENT = "Không có bình luận": null

18-05-2025T15:08:49 - [TEST_STEP][PASSED] - auto5 = DataTest.getUserTest("auto5"): null

18-05-2025T15:08:49 - [TEST_STEP][PASSED] - auto6 = DataTest.getUserTest("auto6"): null

18-05-2025T15:08:49 - [TEST_STEP][PASSED] - document = DataTest.createDocumentTest(auto5, auto6, null, "dummy.pdf", "dummy.pdf"): null

18-05-2025T15:08:49 - [TEST_STEP][PASSED] - loginScreen.login(auto5): null

18-05-2025T15:08:56 - [TEST_STEP][PASSED] - homeScreen.openRequestList(): null

18-05-2025T15:09:02 - [TEST_STEP][PASSED] - homeScreen.createRequest(REQUEST_NAME): null

18-05-2025T15:09:05 - [TEST_STEP][PASSED] - pdfSignScreen.fillInTitle(document.getTitle()): null

18-05-2025T15:09:08 - [TEST_STEP][PASSED] - pdfSignScreen.selectPriority(document.getPriority()): null

18-05-2025T15:09:10 - [TEST_STEP][PASSED] - pdfSignScreen.selectTime(document.getTime()): null

18-05-2025T15:09:14 - [TEST_STEP][PASSED] - pdfSignScreen.fillInDescription(document.getDescription()): null

18-05-2025T15:09:15 - [TEST_STEP][PASSED] - pdfSignScreen.selectAssigner(getAssigner().getEmail()): null

18-05-2025T15:09:21 - [TEST_STEP][PASSED] - pdfSignScreen.openMainFileBrowser(): null

18-05-2025T15:09:26 - [TEST_STEP][PASSED] - fileBrowserScreen.attachFile(document.getMainFileName()): null

18-05-2025T15:09:32 - [TEST_STEP][PASSED] - pdfSignScreen.openSubFileBrowser(): null

18-05-2025T15:09:34 - [TEST_STEP][PASSED] - fileBrowserScreen.attachFile(document.getSubFileName()): null

18-05-2025T15:09:40 - [TEST_STEP][PASSED] - pdfSignScreen.performAction(SEND_APPROVE): null

18-05-2025T15:09:44 - [TEST_STEP][PASSED] - pdfSignScreen.fillInOpinion(document.getComment()): null

18-05-2025T15:09:45 - [TEST_STEP][PASSED] - pdfSignScreen.submitRequest(): null

18-05-2025T15:09:52 - [TEST_STEP][PASSED] - documentInformationScreen.backToHome(): null

18-05-2025T15:09:52 - [TEST_STEP][PASSED] - homeScreen.logout(): null

18-05-2025T15:10:00 - [TEST_STEP][PASSED] - document.setStatus(WAIT_APPROVE): null

18-05-2025T15:10:00 - [TEST_STEP][PASSED] - document.setAssigner(auto5): null

18-05-2025T15:10:00 - [TEST_STEP][PASSED] - loginScreen.login(auto6): null

18-05-2025T15:10:09 - [TEST_STEP][PASSED] - homeScreen.goToIncomingDocument(): null

18-05-2025T15:10:09 - [TEST_STEP][PASSED] - inComingDocument.viewMainFile(document): null

18-05-2025T15:10:10 - [TEST_STEP][PASSED] - documentInformationScreen.performAction(document, REJECT): null

18-05-2025T15:10:17 - [TEST_STEP][PASSED] - documentInformationScreen.backToHome(): null

18-05-2025T15:10:19 - [TEST_STEP][PASSED] - inComingDocument.checkItemInDocument(): null

18-05-2025T15:10:19 - [TEST_STEP][PASSED] - homeScreen.goToOutComingDocument(): null

18-05-2025T15:10:29 - [TEST_STEP][PASSED] - outComingDocument.viewInformationDocument(document): null

18-05-2025T15:10:30 - [TEST_STEP][PASSED] - documentInformationScreen.checkDocumentTitle(document): Verify equals GUI: Trình ký 1747555729579 - DATA: Trình ký 1747555729579

18-05-2025T15:10:34 - [MESSAGE][PASSED] - Verify equals GUI: Trình ký 1747555729579 - DATA: Trình ký 1747555729579

18-05-2025T15:10:34 - [TEST_STEP][PASSED] - documentInformationScreen.checkSender(document): Verify equals GUI: Auto Test User 5 - DATA: Auto Test User 5

18-05-2025T15:10:34 - [MESSAGE][PASSED] - Verify equals GUI: Auto Test User 5 - DATA: Auto Test User 5

18-05-2025T15:10:34 - [TEST_STEP][PASSED] - documentInformationScreen.checkStatus(document): Verify equals GUI: Từ chối - DATA: Từ chối

18-05-2025T15:10:34 - [MESSAGE][PASSED] - Verify equals GUI: Từ chối - DATA: Từ chối

18-05-2025T15:10:34 - [TEST_STEP][PASSED] - documentInformationScreen.checkCreateDate(): Verify equals GUI: 18/05/2025 - DATA: 18/05/2025

18-05-2025T15:10:34 - [MESSAGE][PASSED] - Verify equals GUI: 18/05/2025 - DATA: 18/05/2025

18-05-2025T15:10:34 - [TEST_STEP][PASSED] - documentInformationScreen.checkFinishDate(document): Verify equals GUI: 19/05/2025 - DATA: 19/05/2025

18-05-2025T15:10:34 - [MESSAGE][PASSED] - Verify equals GUI: 19/05/2025 - DATA: 19/05/2025

18-05-2025T15:10:34 - [TEST_STEP][PASSED] - documentInformationScreen.checkPriority(document): Verify equals GUI: Khẩn cấp - DATA: Khẩn cấp

18-05-2025T15:10:34 - [MESSAGE][PASSED] - Verify equals GUI: Khẩn cấp - DATA: Khẩn cấp

18-05-2025T15:10:34 - [TEST_STEP][PASSED] - documentInformationScreen.checkDescription(document): Verify equals GUI: 022 TU CHOI TẠI MAIN FILE_KHONG NHAP Y KIEN - DATA: 022 TU CHOI TẠI MAIN FILE_KHONG NHAP Y KIEN

18-05-2025T15:10:34 - [MESSAGE][PASSED] - Verify equals GUI: 022 TU CHOI TẠI MAIN FILE_KHONG NHAP Y KIEN - DATA: 022 TU CHOI TẠI MAIN FILE_KHONG NHAP Y KIEN

18-05-2025T15:10:34 - [TEST_STEP][PASSED] - documentInformationScreen.isAssignerDisplayed(): Check sender not displayed

18-05-2025T15:10:37 - [MESSAGE][PASSED] - Check sender not displayed

18-05-2025T15:10:37 - [TEST_STEP][PASSED] - documentInformationScreen.checkPresentFileName(document): Verify contains GUI: dummy_20250518151008.ozd - DATA: dummy

18-05-2025T15:10:43 - [MESSAGE][PASSED] - Verify contains GUI: dummy_20250518151008.ozd - DATA: dummy

18-05-2025T15:10:43 - [TEST_STEP][PASSED] - documentInformationScreen.checkAttachFileName(document): Expected true condition

18-05-2025T15:10:45 - [MESSAGE][PASSED] - Expected true condition

18-05-2025T15:10:45 - [TEST_STEP][PASSED] - documentInformationScreen.checkComment(auto6, COMMENT): Check comment of Auto Test User 6 is Không có bình luận

18-05-2025T15:10:46 - [MESSAGE][INFO] - GUI COMMENT: Không có bình luận - DATA COMMENT: Không có bình luận

18-05-2025T15:10:46 - [MESSAGE][PASSED] - Check comment of Auto Test User 6 is Không có bình luận

18-05-2025T15:10:46 - [TEST_STEP][PASSED] - documentInformationScreen.backToHome(): null

18-05-2025T15:10:50 - [TEST_STEP][PASSED] - inComingDocument.checkItemInDocument(): null

18-05-2025T15:10:50 - [TEST_STEP][PASSED] - Start listener action : afterTest: null

18-05-2025T15:10:50 - [TEST_STEP][PASSED] - if (testCaseStatus != "PASSED"): null

18-05-2025T15:10:50 - [TEST_STEP][PASSED] - drivers.Driver.closeApp(): drivers.Driver.closeApp is PASSED

18-05-2025T15:10:51 - [MESSAGE][PASSED] - drivers.Driver.closeApp is PASSED

18-05-2025T15:10:51 - [TEST_STEP][PASSED] - if (tsContext == null): null]]></system-out>
         <system-err><![CDATA[]]></system-err>
      </testcase>
      <testcase name="Test Cases/IPAPER APP/014 DUYET TAI MAIN FILE_KHÔNG NHAP Y KIEN" time="119.16" classname="Test Cases/IPAPER APP/014 DUYET TAI MAIN FILE_KHÔNG NHAP Y KIEN" status="PASSED">
         <system-out><![CDATA[18-05-2025T15:10:51 - [TEST_CASE][PASSED] - Test Cases/IPAPER APP/014 DUYET TAI MAIN FILE_KHÔNG NHAP Y KIEN: Test Cases/IPAPER APP/014 DUYET TAI MAIN FILE_KHÔNG NHAP Y KIEN

18-05-2025T15:10:51 - [TEST_STEP][PASSED] - Start listener action : beforeTest: drivers.Driver.openApp is PASSED

18-05-2025T15:10:51 - [TEST_STEP][PASSED] - DataTest.init(): null

18-05-2025T15:10:51 - [TEST_STEP][PASSED] - testCaseId = split("/").last(): null

18-05-2025T15:10:51 - [TEST_STEP][PASSED] - if (!(drivers.Driver.isAppiumRunning())): drivers.Driver.isAppiumRunning is PASSED

18-05-2025T15:10:51 - [MESSAGE][INFO] - Appium running: true

18-05-2025T15:10:51 - [MESSAGE][PASSED] - drivers.Driver.isAppiumRunning is PASSED

18-05-2025T15:10:51 - [TEST_STEP][PASSED] - if (driver == null || driver.getSessionId() == null): null

18-05-2025T15:10:51 - [TEST_STEP][PASSED] - drivers.Driver.openApp(): drivers.Driver.openApp is PASSED

18-05-2025T15:10:53 - [MESSAGE][PASSED] - drivers.Driver.openApp is PASSED

18-05-2025T15:10:53 - [TEST_STEP][PASSED] - REQUEST_NAME = "Trình ký PDF có sẵn": null

18-05-2025T15:10:53 - [TEST_STEP][PASSED] - COMMENT = "Không có bình luận": null

18-05-2025T15:10:53 - [TEST_STEP][PASSED] - auto5 = DataTest.getUserTest("auto5"): null

18-05-2025T15:10:53 - [TEST_STEP][PASSED] - auto6 = DataTest.getUserTest("auto6"): null

18-05-2025T15:10:53 - [TEST_STEP][PASSED] - document = DataTest.createDocumentTest(auto5, auto6, null, "dummy.pdf", "dummy.pdf"): null

18-05-2025T15:10:53 - [TEST_STEP][PASSED] - loginScreen.login(auto5): null

18-05-2025T15:11:02 - [TEST_STEP][PASSED] - homeScreen.openRequestList(): null

18-05-2025T15:11:06 - [TEST_STEP][PASSED] - homeScreen.createRequest(REQUEST_NAME): null

18-05-2025T15:11:10 - [TEST_STEP][PASSED] - pdfSignScreen.fillInTitle(document.getTitle()): null

18-05-2025T15:11:13 - [TEST_STEP][PASSED] - pdfSignScreen.selectPriority(document.getPriority()): null

18-05-2025T15:11:15 - [TEST_STEP][PASSED] - pdfSignScreen.selectTime(document.getTime()): null

18-05-2025T15:11:18 - [TEST_STEP][PASSED] - pdfSignScreen.fillInDescription(document.getDescription()): null

18-05-2025T15:11:20 - [TEST_STEP][PASSED] - pdfSignScreen.selectAssigner(getAssigner().getEmail()): null

18-05-2025T15:11:26 - [TEST_STEP][PASSED] - pdfSignScreen.openMainFileBrowser(): null

18-05-2025T15:11:30 - [TEST_STEP][PASSED] - fileBrowserScreen.attachFile(document.getMainFileName()): null

18-05-2025T15:11:36 - [TEST_STEP][PASSED] - pdfSignScreen.openSubFileBrowser(): null

18-05-2025T15:11:38 - [TEST_STEP][PASSED] - fileBrowserScreen.attachFile(document.getSubFileName()): null

18-05-2025T15:11:44 - [TEST_STEP][PASSED] - pdfSignScreen.performAction(SEND_APPROVE): null

18-05-2025T15:11:48 - [TEST_STEP][PASSED] - pdfSignScreen.fillInOpinion(document.getComment()): null

18-05-2025T15:11:49 - [TEST_STEP][PASSED] - pdfSignScreen.submitRequest(): null

18-05-2025T15:11:57 - [TEST_STEP][PASSED] - documentInformationScreen.backToHome(): null

18-05-2025T15:11:57 - [TEST_STEP][PASSED] - homeScreen.logout(): null

18-05-2025T15:12:05 - [TEST_STEP][PASSED] - document.setStatus(WAIT_APPROVE): null

18-05-2025T15:12:05 - [TEST_STEP][PASSED] - document.setAssigner(auto5): null

18-05-2025T15:12:05 - [TEST_STEP][PASSED] - loginScreen.login(auto6): null

18-05-2025T15:12:14 - [TEST_STEP][PASSED] - homeScreen.goToIncomingDocument(): null

18-05-2025T15:12:14 - [TEST_STEP][PASSED] - inComingDocument.viewMainFile(document): null

18-05-2025T15:12:15 - [TEST_STEP][PASSED] - document.setSender(auto6): null

18-05-2025T15:12:15 - [TEST_STEP][PASSED] - documentInformationScreen.performAction(document, APPROVE): null

18-05-2025T15:12:22 - [TEST_STEP][PASSED] - documentInformationScreen.backToHome(): null

18-05-2025T15:12:24 - [TEST_STEP][PASSED] - inComingDocument.checkItemInDocument(): null

18-05-2025T15:12:24 - [TEST_STEP][PASSED] - homeScreen.goToOutComingDocument(): null

18-05-2025T15:12:34 - [TEST_STEP][PASSED] - outComingDocument.viewInformationDocument(document): null

18-05-2025T15:12:35 - [TEST_STEP][PASSED] - documentInformationScreen.checkDocumentTitle(document): Verify equals GUI: Trình ký 1747555853476 - DATA: Trình ký 1747555853476

18-05-2025T15:12:39 - [MESSAGE][PASSED] - Verify equals GUI: Trình ký 1747555853476 - DATA: Trình ký 1747555853476

18-05-2025T15:12:39 - [TEST_STEP][PASSED] - documentInformationScreen.checkSender(document): Verify equals GUI: Auto Test User 6 - DATA: Auto Test User 6

18-05-2025T15:12:39 - [MESSAGE][PASSED] - Verify equals GUI: Auto Test User 6 - DATA: Auto Test User 6

18-05-2025T15:12:39 - [TEST_STEP][PASSED] - documentInformationScreen.checkStatus(document): Verify equals GUI: Đã duyệt - DATA: Đã duyệt

18-05-2025T15:12:39 - [MESSAGE][PASSED] - Verify equals GUI: Đã duyệt - DATA: Đã duyệt

18-05-2025T15:12:39 - [TEST_STEP][PASSED] - documentInformationScreen.checkCreateDate(): Verify equals GUI: 18/05/2025 - DATA: 18/05/2025

18-05-2025T15:12:39 - [MESSAGE][PASSED] - Verify equals GUI: 18/05/2025 - DATA: 18/05/2025

18-05-2025T15:12:39 - [TEST_STEP][PASSED] - documentInformationScreen.checkFinishDate(document): Verify equals GUI: 19/05/2025 - DATA: 19/05/2025

18-05-2025T15:12:39 - [MESSAGE][PASSED] - Verify equals GUI: 19/05/2025 - DATA: 19/05/2025

18-05-2025T15:12:39 - [TEST_STEP][PASSED] - documentInformationScreen.checkPriority(document): Verify equals GUI: Bình thường - DATA: Bình thường

18-05-2025T15:12:39 - [MESSAGE][PASSED] - Verify equals GUI: Bình thường - DATA: Bình thường

18-05-2025T15:12:39 - [TEST_STEP][PASSED] - documentInformationScreen.checkDescription(document): Verify equals GUI: 014 DUYET TAI MAIN FILE_KHÔNG NHAP Y KIEN - DATA: 014 DUYET TAI MAIN FILE_KHÔNG NHAP Y KIEN

18-05-2025T15:12:40 - [MESSAGE][PASSED] - Verify equals GUI: 014 DUYET TAI MAIN FILE_KHÔNG NHAP Y KIEN - DATA: 014 DUYET TAI MAIN FILE_KHÔNG NHAP Y KIEN

18-05-2025T15:12:40 - [TEST_STEP][PASSED] - documentInformationScreen.checkAssigner(document): Verify contains GUI: auto5@hdbank.com.vn - DATA: auto5@hdbank.com.vn

18-05-2025T15:12:41 - [MESSAGE][PASSED] - Verify contains GUI: auto5@hdbank.com.vn - DATA: auto5@hdbank.com.vn

18-05-2025T15:12:41 - [TEST_STEP][PASSED] - documentInformationScreen.checkPresentFileName(document): Verify contains GUI: dummy_20250518151212.ozd - DATA: dummy

18-05-2025T15:12:42 - [MESSAGE][PASSED] - Verify contains GUI: dummy_20250518151212.ozd - DATA: dummy

18-05-2025T15:12:42 - [TEST_STEP][PASSED] - documentInformationScreen.checkAttachFileName(document): Expected true condition

18-05-2025T15:12:44 - [MESSAGE][PASSED] - Expected true condition

18-05-2025T15:12:44 - [TEST_STEP][PASSED] - documentInformationScreen.checkComment(auto6, COMMENT): Check comment of Auto Test User 6 is Không có bình luận

18-05-2025T15:12:45 - [MESSAGE][INFO] - GUI COMMENT: Không có bình luận - DATA COMMENT: Không có bình luận

18-05-2025T15:12:45 - [MESSAGE][PASSED] - Check comment of Auto Test User 6 is Không có bình luận

18-05-2025T15:12:45 - [TEST_STEP][PASSED] - documentInformationScreen.backToHome(): null

18-05-2025T15:12:50 - [TEST_STEP][PASSED] - inComingDocument.checkItemInDocument(): null

18-05-2025T15:12:50 - [TEST_STEP][PASSED] - Start listener action : afterTest: null

18-05-2025T15:12:50 - [TEST_STEP][PASSED] - if (testCaseStatus != "PASSED"): null

18-05-2025T15:12:50 - [TEST_STEP][PASSED] - drivers.Driver.closeApp(): drivers.Driver.closeApp is PASSED

18-05-2025T15:12:50 - [MESSAGE][PASSED] - drivers.Driver.closeApp is PASSED

18-05-2025T15:12:50 - [TEST_STEP][PASSED] - if (tsContext == null): null]]></system-out>
         <system-err><![CDATA[]]></system-err>
      </testcase>
      <testcase name="Test Cases/IPAPER APP/016 DUYET CO CC_KHONG NHAP Y KIEN" time="102.8" classname="Test Cases/IPAPER APP/016 DUYET CO CC_KHONG NHAP Y KIEN" status="ERROR">
         <error type="ERROR" message="Test Cases/IPAPER APP/016 DUYET CO CC_KHONG NHAP Y KIEN FAILED.&#xa;Reason:&#xa;org.openqa.selenium.NoSuchElementException: An element could not be located on the page using the given search parameters.&#xa;For documentation on this error, please visit: https://www.seleniumhq.org/exceptions/no_such_element.html&#xa;Build info: version: '3.141.59', revision: 'unknown', time: 'unknown'&#xa;System info: host: '192.168.1.4.non-exists.ptr.local', ip: '2402:800:63f2:b9ce:1859:4296:77a1:a88d%en0', os.name: 'Mac OS X', os.arch: 'aarch64', os.version: '15.4.1', java.version: '17.0.7'&#xa;Driver info: com.kms.katalon.core.appium.driver.SwipeableAndroidDriver&#xa;Capabilities {automationName: UiAutomator2, databaseEnabled: false, desired: {automationName: UiAutomator2, deviceName: af0c5cf7, noReset: true, platformName: android, waitForIdleTimeout: 3000}, deviceApiLevel: 35, deviceManufacturer: OPPO, deviceModel: CPH2699, deviceName: af0c5cf7, deviceScreenDensity: 480, deviceScreenSize: 1080x2400, deviceUDID: af0c5cf7, javascriptEnabled: true, locationContextEnabled: false, networkConnectionEnabled: true, noReset: true, pixelRatio: 3, platform: LINUX, platformName: Android, platformVersion: 15, statBarHeight: 120, takesScreenshot: true, viewportRect: {height: 2280, left: 0, top: 120, width: 1080}, waitForIdleTimeout: 3000, warnings: {}, webStorageEnabled: false}&#xa;Session ID: a2ddd6f2-eda7-4b95-9f4b-0be7892e4c4b&#xa;*** Element info: {Using=id, value=com.hdbank.ipaper:id/btn_ok_user}&#xa;	at java.base/jdk.internal.reflect.NativeConstructorAccessorImpl.newInstance0(Native Method)&#xa;	at java.base/jdk.internal.reflect.NativeConstructorAccessorImpl.newInstance(NativeConstructorAccessorImpl.java:77)&#xa;	at java.base/jdk.internal.reflect.DelegatingConstructorAccessorImpl.newInstance(DelegatingConstructorAccessorImpl.java:45)&#xa;	at org.openqa.selenium.remote.http.W3CHttpResponseCodec.createException(W3CHttpResponseCodec.java:187)&#xa;	at org.openqa.selenium.remote.http.W3CHttpResponseCodec.decode(W3CHttpResponseCodec.java:122)&#xa;	at org.openqa.selenium.remote.http.W3CHttpResponseCodec.decode(W3CHttpResponseCodec.java:49)&#xa;	at org.openqa.selenium.remote.HttpCommandExecutor.execute(HttpCommandExecutor.java:158)&#xa;	at io.appium.java_client.remote.AppiumCommandExecutor.execute(AppiumCommandExecutor.java:239)&#xa;	at org.openqa.selenium.remote.RemoteWebDriver.execute(RemoteWebDriver.java:552)&#xa;	at io.appium.java_client.DefaultGenericMobileDriver.execute(DefaultGenericMobileDriver.java:42)&#xa;	at io.appium.java_client.AppiumDriver.execute(AppiumDriver.java:1)&#xa;	at io.appium.java_client.android.AndroidDriver.execute(AndroidDriver.java:1)&#xa;	at com.kms.katalon.core.appium.driver.SwipeableAndroidDriver.execute(SwipeableAndroidDriver.java:1)&#xa;	at org.openqa.selenium.remote.RemoteWebDriver.findElement(RemoteWebDriver.java:323)&#xa;	at io.appium.java_client.DefaultGenericMobileDriver.findElement(DefaultGenericMobileDriver.java:62)&#xa;	at io.appium.java_client.AppiumDriver.findElement(AppiumDriver.java:1)&#xa;	at io.appium.java_client.android.AndroidDriver.findElement(AndroidDriver.java:1)&#xa;	at com.kms.katalon.core.appium.driver.SwipeableAndroidDriver.findElement(SwipeableAndroidDriver.java:1)&#xa;	at org.openqa.selenium.remote.RemoteWebDriver.findElementById(RemoteWebDriver.java:372)&#xa;	at io.appium.java_client.DefaultGenericMobileDriver.findElementById(DefaultGenericMobileDriver.java:70)&#xa;	at io.appium.java_client.AppiumDriver.findElementById(AppiumDriver.java:1)&#xa;	at io.appium.java_client.android.AndroidDriver.findElementById(AndroidDriver.java:1)&#xa;	at com.kms.katalon.core.appium.driver.SwipeableAndroidDriver.findElementById(SwipeableAndroidDriver.java:1)&#xa;	at org.openqa.selenium.By$ById.findElement(By.java:188)&#xa;	at org.openqa.selenium.remote.RemoteWebDriver.findElement(RemoteWebDriver.java:315)&#xa;	at io.appium.java_client.DefaultGenericMobileDriver.findElement(DefaultGenericMobileDriver.java:58)&#xa;	at io.appium.java_client.AppiumDriver.findElement(AppiumDriver.java:1)&#xa;	at io.appium.java_client.android.AndroidDriver.findElement(AndroidDriver.java:1)&#xa;	at com.kms.katalon.core.appium.driver.SwipeableAndroidDriver.findElement(SwipeableAndroidDriver.java:1)&#xa;	at base.BaseKeyword$Trait$Helper.clickToElement(BaseKeyword.groovy:59)&#xa;	at screens.DocumentInformationScreen.clickToElement(DocumentInformationScreen.groovy)&#xa;	at screens.DocumentInformationScreen.performAction(DocumentInformationScreen.groovy:63)&#xa;	at 016 DUYET CO CC_KHONG NHAP Y KIEN.run(016 DUYET CO CC_KHONG NHAP Y KIEN:69)&#xa;	at com.kms.katalon.core.main.ScriptEngine.run(ScriptEngine.java:194)&#xa;	at com.kms.katalon.core.main.ScriptEngine.runScriptAsRawText(ScriptEngine.java:119)&#xa;	at com.kms.katalon.core.main.TestCaseExecutor.runScript(TestCaseExecutor.java:448)&#xa;	at com.kms.katalon.core.main.TestCaseExecutor.doExecute(TestCaseExecutor.java:439)&#xa;	at com.kms.katalon.core.main.TestCaseExecutor.processExecutionPhase(TestCaseExecutor.java:418)&#xa;	at com.kms.katalon.core.main.TestCaseExecutor.accessMainPhase(TestCaseExecutor.java:410)&#xa;	at com.kms.katalon.core.main.TestCaseExecutor.execute(TestCaseExecutor.java:285)&#xa;	at com.kms.katalon.core.common.CommonExecutor.accessTestCaseMainPhase(CommonExecutor.java:65)&#xa;	at com.kms.katalon.core.main.TestSuiteExecutor.accessTestSuiteMainPhase(TestSuiteExecutor.java:150)&#xa;	at com.kms.katalon.core.main.TestSuiteExecutor.execute(TestSuiteExecutor.java:106)&#xa;	at com.kms.katalon.core.main.TestCaseMain.startTestSuite(TestCaseMain.java:180)&#xa;	at TempTestSuite1747552661021.run(TempTestSuite1747552661021.groovy:35)&#xa;	at java.base/jdk.internal.reflect.NativeMethodAccessorImpl.invoke0(Native Method)&#xa;	at java.base/jdk.internal.reflect.NativeMethodAccessorImpl.invoke(NativeMethodAccessorImpl.java:77)&#xa;	at java.base/jdk.internal.reflect.DelegatingMethodAccessorImpl.invoke(DelegatingMethodAccessorImpl.java:43)&#xa;"/>
         <system-out><![CDATA[18-05-2025T15:12:50 - [TEST_CASE][ERROR] - Test Cases/IPAPER APP/016 DUYET CO CC_KHONG NHAP Y KIEN: Test Cases/IPAPER APP/016 DUYET CO CC_KHONG NHAP Y KIEN FAILED.
Reason:
org.openqa.selenium.NoSuchElementException: An element could not be located on the page using the given search parameters.
For documentation on this error, please visit: https://www.seleniumhq.org/exceptions/no_such_element.html
Build info: version: '3.141.59', revision: 'unknown', time: 'unknown'
System info: host: '192.168.1.4.non-exists.ptr.local', ip: '2402:800:63f2:b9ce:1859:4296:77a1:a88d%en0', os.name: 'Mac OS X', os.arch: 'aarch64', os.version: '15.4.1', java.version: '17.0.7'
Driver info: com.kms.katalon.core.appium.driver.SwipeableAndroidDriver
Capabilities {automationName: UiAutomator2, databaseEnabled: false, desired: {automationName: UiAutomator2, deviceName: af0c5cf7, noReset: true, platformName: android, waitForIdleTimeout: 3000}, deviceApiLevel: 35, deviceManufacturer: OPPO, deviceModel: CPH2699, deviceName: af0c5cf7, deviceScreenDensity: 480, deviceScreenSize: 1080x2400, deviceUDID: af0c5cf7, javascriptEnabled: true, locationContextEnabled: false, networkConnectionEnabled: true, noReset: true, pixelRatio: 3, platform: LINUX, platformName: Android, platformVersion: 15, statBarHeight: 120, takesScreenshot: true, viewportRect: {height: 2280, left: 0, top: 120, width: 1080}, waitForIdleTimeout: 3000, warnings: {}, webStorageEnabled: false}
Session ID: a2ddd6f2-eda7-4b95-9f4b-0be7892e4c4b
*** Element info: {Using=id, value=com.hdbank.ipaper:id/btn_ok_user}
	at java.base/jdk.internal.reflect.NativeConstructorAccessorImpl.newInstance0(Native Method)
	at java.base/jdk.internal.reflect.NativeConstructorAccessorImpl.newInstance(NativeConstructorAccessorImpl.java:77)
	at java.base/jdk.internal.reflect.DelegatingConstructorAccessorImpl.newInstance(DelegatingConstructorAccessorImpl.java:45)
	at org.openqa.selenium.remote.http.W3CHttpResponseCodec.createException(W3CHttpResponseCodec.java:187)
	at org.openqa.selenium.remote.http.W3CHttpResponseCodec.decode(W3CHttpResponseCodec.java:122)
	at org.openqa.selenium.remote.http.W3CHttpResponseCodec.decode(W3CHttpResponseCodec.java:49)
	at org.openqa.selenium.remote.HttpCommandExecutor.execute(HttpCommandExecutor.java:158)
	at io.appium.java_client.remote.AppiumCommandExecutor.execute(AppiumCommandExecutor.java:239)
	at org.openqa.selenium.remote.RemoteWebDriver.execute(RemoteWebDriver.java:552)
	at io.appium.java_client.DefaultGenericMobileDriver.execute(DefaultGenericMobileDriver.java:42)
	at io.appium.java_client.AppiumDriver.execute(AppiumDriver.java:1)
	at io.appium.java_client.android.AndroidDriver.execute(AndroidDriver.java:1)
	at com.kms.katalon.core.appium.driver.SwipeableAndroidDriver.execute(SwipeableAndroidDriver.java:1)
	at org.openqa.selenium.remote.RemoteWebDriver.findElement(RemoteWebDriver.java:323)
	at io.appium.java_client.DefaultGenericMobileDriver.findElement(DefaultGenericMobileDriver.java:62)
	at io.appium.java_client.AppiumDriver.findElement(AppiumDriver.java:1)
	at io.appium.java_client.android.AndroidDriver.findElement(AndroidDriver.java:1)
	at com.kms.katalon.core.appium.driver.SwipeableAndroidDriver.findElement(SwipeableAndroidDriver.java:1)
	at org.openqa.selenium.remote.RemoteWebDriver.findElementById(RemoteWebDriver.java:372)
	at io.appium.java_client.DefaultGenericMobileDriver.findElementById(DefaultGenericMobileDriver.java:70)
	at io.appium.java_client.AppiumDriver.findElementById(AppiumDriver.java:1)
	at io.appium.java_client.android.AndroidDriver.findElementById(AndroidDriver.java:1)
	at com.kms.katalon.core.appium.driver.SwipeableAndroidDriver.findElementById(SwipeableAndroidDriver.java:1)
	at org.openqa.selenium.By$ById.findElement(By.java:188)
	at org.openqa.selenium.remote.RemoteWebDriver.findElement(RemoteWebDriver.java:315)
	at io.appium.java_client.DefaultGenericMobileDriver.findElement(DefaultGenericMobileDriver.java:58)
	at io.appium.java_client.AppiumDriver.findElement(AppiumDriver.java:1)
	at io.appium.java_client.android.AndroidDriver.findElement(AndroidDriver.java:1)
	at com.kms.katalon.core.appium.driver.SwipeableAndroidDriver.findElement(SwipeableAndroidDriver.java:1)
	at base.BaseKeyword$Trait$Helper.clickToElement(BaseKeyword.groovy:59)
	at screens.DocumentInformationScreen.clickToElement(DocumentInformationScreen.groovy)
	at screens.DocumentInformationScreen.performAction(DocumentInformationScreen.groovy:63)
	at 016 DUYET CO CC_KHONG NHAP Y KIEN.run(016 DUYET CO CC_KHONG NHAP Y KIEN:69)
	at com.kms.katalon.core.main.ScriptEngine.run(ScriptEngine.java:194)
	at com.kms.katalon.core.main.ScriptEngine.runScriptAsRawText(ScriptEngine.java:119)
	at com.kms.katalon.core.main.TestCaseExecutor.runScript(TestCaseExecutor.java:448)
	at com.kms.katalon.core.main.TestCaseExecutor.doExecute(TestCaseExecutor.java:439)
	at com.kms.katalon.core.main.TestCaseExecutor.processExecutionPhase(TestCaseExecutor.java:418)
	at com.kms.katalon.core.main.TestCaseExecutor.accessMainPhase(TestCaseExecutor.java:410)
	at com.kms.katalon.core.main.TestCaseExecutor.execute(TestCaseExecutor.java:285)
	at com.kms.katalon.core.common.CommonExecutor.accessTestCaseMainPhase(CommonExecutor.java:65)
	at com.kms.katalon.core.main.TestSuiteExecutor.accessTestSuiteMainPhase(TestSuiteExecutor.java:150)
	at com.kms.katalon.core.main.TestSuiteExecutor.execute(TestSuiteExecutor.java:106)
	at com.kms.katalon.core.main.TestCaseMain.startTestSuite(TestCaseMain.java:180)
	at TempTestSuite1747552661021.run(TempTestSuite1747552661021.groovy:35)
	at java.base/jdk.internal.reflect.NativeMethodAccessorImpl.invoke0(Native Method)
	at java.base/jdk.internal.reflect.NativeMethodAccessorImpl.invoke(NativeMethodAccessorImpl.java:77)
	at java.base/jdk.internal.reflect.DelegatingMethodAccessorImpl.invoke(DelegatingMethodAccessorImpl.java:43)


18-05-2025T15:12:50 - [TEST_STEP][PASSED] - Start listener action : beforeTest: drivers.Driver.openApp is PASSED

18-05-2025T15:12:50 - [TEST_STEP][PASSED] - DataTest.init(): null

18-05-2025T15:12:50 - [TEST_STEP][PASSED] - testCaseId = split("/").last(): null

18-05-2025T15:12:50 - [TEST_STEP][PASSED] - if (!(drivers.Driver.isAppiumRunning())): drivers.Driver.isAppiumRunning is PASSED

18-05-2025T15:12:50 - [MESSAGE][INFO] - Appium running: true

18-05-2025T15:12:50 - [MESSAGE][PASSED] - drivers.Driver.isAppiumRunning is PASSED

18-05-2025T15:12:50 - [TEST_STEP][PASSED] - if (driver == null || driver.getSessionId() == null): null

18-05-2025T15:12:50 - [TEST_STEP][PASSED] - drivers.Driver.openApp(): drivers.Driver.openApp is PASSED

18-05-2025T15:12:53 - [MESSAGE][PASSED] - drivers.Driver.openApp is PASSED

18-05-2025T15:12:53 - [TEST_STEP][PASSED] - REQUEST_NAME = "Trình ký PDF có sẵn": null

18-05-2025T15:12:53 - [TEST_STEP][PASSED] - COMMENT = "Không có bình luận": null

18-05-2025T15:12:53 - [TEST_STEP][PASSED] - auto5 = DataTest.getUserTest("auto5"): null

18-05-2025T15:12:53 - [TEST_STEP][PASSED] - auto6 = DataTest.getUserTest("auto6"): null

18-05-2025T15:12:53 - [TEST_STEP][PASSED] - auto7 = DataTest.getUserTest("auto7"): null

18-05-2025T15:12:53 - [TEST_STEP][PASSED] - document = DataTest.createDocumentTest(auto5, auto6, null, "dummy.pdf", "dummy.pdf"): null

18-05-2025T15:12:53 - [TEST_STEP][PASSED] - loginScreen.login(auto5): null

18-05-2025T15:13:00 - [TEST_STEP][PASSED] - homeScreen.openRequestList(): null

18-05-2025T15:13:06 - [TEST_STEP][PASSED] - homeScreen.createRequest(REQUEST_NAME): null

18-05-2025T15:13:09 - [TEST_STEP][PASSED] - pdfSignScreen.fillInTitle(document.getTitle()): null

18-05-2025T15:13:12 - [TEST_STEP][PASSED] - pdfSignScreen.selectPriority(document.getPriority()): null

18-05-2025T15:13:14 - [TEST_STEP][PASSED] - pdfSignScreen.selectTime(document.getTime()): null

18-05-2025T15:13:17 - [TEST_STEP][PASSED] - pdfSignScreen.fillInDescription(document.getDescription()): null

18-05-2025T15:13:18 - [TEST_STEP][PASSED] - pdfSignScreen.selectAssigner(getAssigner().getEmail()): null

18-05-2025T15:13:24 - [TEST_STEP][PASSED] - pdfSignScreen.openMainFileBrowser(): null

18-05-2025T15:13:29 - [TEST_STEP][PASSED] - fileBrowserScreen.attachFile(document.getMainFileName()): null

18-05-2025T15:13:35 - [TEST_STEP][PASSED] - pdfSignScreen.openSubFileBrowser(): null

18-05-2025T15:13:37 - [TEST_STEP][PASSED] - fileBrowserScreen.attachFile(document.getSubFileName()): null

18-05-2025T15:13:43 - [TEST_STEP][PASSED] - pdfSignScreen.performAction(SEND_APPROVE): null

18-05-2025T15:13:47 - [TEST_STEP][PASSED] - pdfSignScreen.fillInOpinion(document.getComment()): null

18-05-2025T15:13:48 - [TEST_STEP][PASSED] - pdfSignScreen.submitRequest(): null

18-05-2025T15:13:55 - [TEST_STEP][PASSED] - documentInformationScreen.backToHome(): null

18-05-2025T15:13:55 - [TEST_STEP][PASSED] - homeScreen.logout(): null

18-05-2025T15:14:04 - [TEST_STEP][PASSED] - document.setStatus(WAIT_APPROVE): null

18-05-2025T15:14:04 - [TEST_STEP][PASSED] - document.setAssigner(auto5): null

18-05-2025T15:14:04 - [TEST_STEP][PASSED] - loginScreen.login(auto6): null

18-05-2025T15:14:13 - [TEST_STEP][PASSED] - homeScreen.goToIncomingDocument(): null

18-05-2025T15:14:13 - [TEST_STEP][PASSED] - inComingDocument.viewMainFile(document): null

18-05-2025T15:14:14 - [TEST_STEP][ERROR] - documentInformationScreen.performAction(document, APPROVE_ADD_CC, null, auto7): Test Cases/IPAPER APP/016 DUYET CO CC_KHONG NHAP Y KIEN FAILED.
Reason:
org.openqa.selenium.NoSuchElementException: An element could not be located on the page using the given search parameters.
For documentation on this error, please visit: https://www.seleniumhq.org/exceptions/no_such_element.html
Build info: version: '3.141.59', revision: 'unknown', time: 'unknown'
System info: host: '192.168.1.4.non-exists.ptr.local', ip: '2402:800:63f2:b9ce:1859:4296:77a1:a88d%en0', os.name: 'Mac OS X', os.arch: 'aarch64', os.version: '15.4.1', java.version: '17.0.7'
Driver info: com.kms.katalon.core.appium.driver.SwipeableAndroidDriver
Capabilities {automationName: UiAutomator2, databaseEnabled: false, desired: {automationName: UiAutomator2, deviceName: af0c5cf7, noReset: true, platformName: android, waitForIdleTimeout: 3000}, deviceApiLevel: 35, deviceManufacturer: OPPO, deviceModel: CPH2699, deviceName: af0c5cf7, deviceScreenDensity: 480, deviceScreenSize: 1080x2400, deviceUDID: af0c5cf7, javascriptEnabled: true, locationContextEnabled: false, networkConnectionEnabled: true, noReset: true, pixelRatio: 3, platform: LINUX, platformName: Android, platformVersion: 15, statBarHeight: 120, takesScreenshot: true, viewportRect: {height: 2280, left: 0, top: 120, width: 1080}, waitForIdleTimeout: 3000, warnings: {}, webStorageEnabled: false}
Session ID: a2ddd6f2-eda7-4b95-9f4b-0be7892e4c4b
*** Element info: {Using=id, value=com.hdbank.ipaper:id/btn_ok_user}
	at java.base/jdk.internal.reflect.NativeConstructorAccessorImpl.newInstance0(Native Method)
	at java.base/jdk.internal.reflect.NativeConstructorAccessorImpl.newInstance(NativeConstructorAccessorImpl.java:77)
	at java.base/jdk.internal.reflect.DelegatingConstructorAccessorImpl.newInstance(DelegatingConstructorAccessorImpl.java:45)
	at org.openqa.selenium.remote.http.W3CHttpResponseCodec.createException(W3CHttpResponseCodec.java:187)
	at org.openqa.selenium.remote.http.W3CHttpResponseCodec.decode(W3CHttpResponseCodec.java:122)
	at org.openqa.selenium.remote.http.W3CHttpResponseCodec.decode(W3CHttpResponseCodec.java:49)
	at org.openqa.selenium.remote.HttpCommandExecutor.execute(HttpCommandExecutor.java:158)
	at io.appium.java_client.remote.AppiumCommandExecutor.execute(AppiumCommandExecutor.java:239)
	at org.openqa.selenium.remote.RemoteWebDriver.execute(RemoteWebDriver.java:552)
	at io.appium.java_client.DefaultGenericMobileDriver.execute(DefaultGenericMobileDriver.java:42)
	at io.appium.java_client.AppiumDriver.execute(AppiumDriver.java:1)
	at io.appium.java_client.android.AndroidDriver.execute(AndroidDriver.java:1)
	at com.kms.katalon.core.appium.driver.SwipeableAndroidDriver.execute(SwipeableAndroidDriver.java:1)
	at org.openqa.selenium.remote.RemoteWebDriver.findElement(RemoteWebDriver.java:323)
	at io.appium.java_client.DefaultGenericMobileDriver.findElement(DefaultGenericMobileDriver.java:62)
	at io.appium.java_client.AppiumDriver.findElement(AppiumDriver.java:1)
	at io.appium.java_client.android.AndroidDriver.findElement(AndroidDriver.java:1)
	at com.kms.katalon.core.appium.driver.SwipeableAndroidDriver.findElement(SwipeableAndroidDriver.java:1)
	at org.openqa.selenium.remote.RemoteWebDriver.findElementById(RemoteWebDriver.java:372)
	at io.appium.java_client.DefaultGenericMobileDriver.findElementById(DefaultGenericMobileDriver.java:70)
	at io.appium.java_client.AppiumDriver.findElementById(AppiumDriver.java:1)
	at io.appium.java_client.android.AndroidDriver.findElementById(AndroidDriver.java:1)
	at com.kms.katalon.core.appium.driver.SwipeableAndroidDriver.findElementById(SwipeableAndroidDriver.java:1)
	at org.openqa.selenium.By$ById.findElement(By.java:188)
	at org.openqa.selenium.remote.RemoteWebDriver.findElement(RemoteWebDriver.java:315)
	at io.appium.java_client.DefaultGenericMobileDriver.findElement(DefaultGenericMobileDriver.java:58)
	at io.appium.java_client.AppiumDriver.findElement(AppiumDriver.java:1)
	at io.appium.java_client.android.AndroidDriver.findElement(AndroidDriver.java:1)
	at com.kms.katalon.core.appium.driver.SwipeableAndroidDriver.findElement(SwipeableAndroidDriver.java:1)
	at base.BaseKeyword$Trait$Helper.clickToElement(BaseKeyword.groovy:59)
	at screens.DocumentInformationScreen.clickToElement(DocumentInformationScreen.groovy)
	at screens.DocumentInformationScreen.performAction(DocumentInformationScreen.groovy:63)
	at 016 DUYET CO CC_KHONG NHAP Y KIEN.run(016 DUYET CO CC_KHONG NHAP Y KIEN:69)
	at com.kms.katalon.core.main.ScriptEngine.run(ScriptEngine.java:194)
	at com.kms.katalon.core.main.ScriptEngine.runScriptAsRawText(ScriptEngine.java:119)
	at com.kms.katalon.core.main.TestCaseExecutor.runScript(TestCaseExecutor.java:448)
	at com.kms.katalon.core.main.TestCaseExecutor.doExecute(TestCaseExecutor.java:439)
	at com.kms.katalon.core.main.TestCaseExecutor.processExecutionPhase(TestCaseExecutor.java:418)
	at com.kms.katalon.core.main.TestCaseExecutor.accessMainPhase(TestCaseExecutor.java:410)
	at com.kms.katalon.core.main.TestCaseExecutor.execute(TestCaseExecutor.java:285)
	at com.kms.katalon.core.common.CommonExecutor.accessTestCaseMainPhase(CommonExecutor.java:65)
	at com.kms.katalon.core.main.TestSuiteExecutor.accessTestSuiteMainPhase(TestSuiteExecutor.java:150)
	at com.kms.katalon.core.main.TestSuiteExecutor.execute(TestSuiteExecutor.java:106)
	at com.kms.katalon.core.main.TestCaseMain.startTestSuite(TestCaseMain.java:180)
	at TempTestSuite1747552661021.run(TempTestSuite1747552661021.groovy:35)
	at java.base/jdk.internal.reflect.NativeMethodAccessorImpl.invoke0(Native Method)
	at java.base/jdk.internal.reflect.NativeMethodAccessorImpl.invoke(NativeMethodAccessorImpl.java:77)
	at java.base/jdk.internal.reflect.DelegatingMethodAccessorImpl.invoke(DelegatingMethodAccessorImpl.java:43)


18-05-2025T15:14:30 - [MESSAGE][ERROR] - Test Cases/IPAPER APP/016 DUYET CO CC_KHONG NHAP Y KIEN FAILED.
Reason:
org.openqa.selenium.NoSuchElementException: An element could not be located on the page using the given search parameters.
For documentation on this error, please visit: https://www.seleniumhq.org/exceptions/no_such_element.html
Build info: version: '3.141.59', revision: 'unknown', time: 'unknown'
System info: host: '192.168.1.4.non-exists.ptr.local', ip: '2402:800:63f2:b9ce:1859:4296:77a1:a88d%en0', os.name: 'Mac OS X', os.arch: 'aarch64', os.version: '15.4.1', java.version: '17.0.7'
Driver info: com.kms.katalon.core.appium.driver.SwipeableAndroidDriver
Capabilities {automationName: UiAutomator2, databaseEnabled: false, desired: {automationName: UiAutomator2, deviceName: af0c5cf7, noReset: true, platformName: android, waitForIdleTimeout: 3000}, deviceApiLevel: 35, deviceManufacturer: OPPO, deviceModel: CPH2699, deviceName: af0c5cf7, deviceScreenDensity: 480, deviceScreenSize: 1080x2400, deviceUDID: af0c5cf7, javascriptEnabled: true, locationContextEnabled: false, networkConnectionEnabled: true, noReset: true, pixelRatio: 3, platform: LINUX, platformName: Android, platformVersion: 15, statBarHeight: 120, takesScreenshot: true, viewportRect: {height: 2280, left: 0, top: 120, width: 1080}, waitForIdleTimeout: 3000, warnings: {}, webStorageEnabled: false}
Session ID: a2ddd6f2-eda7-4b95-9f4b-0be7892e4c4b
*** Element info: {Using=id, value=com.hdbank.ipaper:id/btn_ok_user}
	at java.base/jdk.internal.reflect.NativeConstructorAccessorImpl.newInstance0(Native Method)
	at java.base/jdk.internal.reflect.NativeConstructorAccessorImpl.newInstance(NativeConstructorAccessorImpl.java:77)
	at java.base/jdk.internal.reflect.DelegatingConstructorAccessorImpl.newInstance(DelegatingConstructorAccessorImpl.java:45)
	at org.openqa.selenium.remote.http.W3CHttpResponseCodec.createException(W3CHttpResponseCodec.java:187)
	at org.openqa.selenium.remote.http.W3CHttpResponseCodec.decode(W3CHttpResponseCodec.java:122)
	at org.openqa.selenium.remote.http.W3CHttpResponseCodec.decode(W3CHttpResponseCodec.java:49)
	at org.openqa.selenium.remote.HttpCommandExecutor.execute(HttpCommandExecutor.java:158)
	at io.appium.java_client.remote.AppiumCommandExecutor.execute(AppiumCommandExecutor.java:239)
	at org.openqa.selenium.remote.RemoteWebDriver.execute(RemoteWebDriver.java:552)
	at io.appium.java_client.DefaultGenericMobileDriver.execute(DefaultGenericMobileDriver.java:42)
	at io.appium.java_client.AppiumDriver.execute(AppiumDriver.java:1)
	at io.appium.java_client.android.AndroidDriver.execute(AndroidDriver.java:1)
	at com.kms.katalon.core.appium.driver.SwipeableAndroidDriver.execute(SwipeableAndroidDriver.java:1)
	at org.openqa.selenium.remote.RemoteWebDriver.findElement(RemoteWebDriver.java:323)
	at io.appium.java_client.DefaultGenericMobileDriver.findElement(DefaultGenericMobileDriver.java:62)
	at io.appium.java_client.AppiumDriver.findElement(AppiumDriver.java:1)
	at io.appium.java_client.android.AndroidDriver.findElement(AndroidDriver.java:1)
	at com.kms.katalon.core.appium.driver.SwipeableAndroidDriver.findElement(SwipeableAndroidDriver.java:1)
	at org.openqa.selenium.remote.RemoteWebDriver.findElementById(RemoteWebDriver.java:372)
	at io.appium.java_client.DefaultGenericMobileDriver.findElementById(DefaultGenericMobileDriver.java:70)
	at io.appium.java_client.AppiumDriver.findElementById(AppiumDriver.java:1)
	at io.appium.java_client.android.AndroidDriver.findElementById(AndroidDriver.java:1)
	at com.kms.katalon.core.appium.driver.SwipeableAndroidDriver.findElementById(SwipeableAndroidDriver.java:1)
	at org.openqa.selenium.By$ById.findElement(By.java:188)
	at org.openqa.selenium.remote.RemoteWebDriver.findElement(RemoteWebDriver.java:315)
	at io.appium.java_client.DefaultGenericMobileDriver.findElement(DefaultGenericMobileDriver.java:58)
	at io.appium.java_client.AppiumDriver.findElement(AppiumDriver.java:1)
	at io.appium.java_client.android.AndroidDriver.findElement(AndroidDriver.java:1)
	at com.kms.katalon.core.appium.driver.SwipeableAndroidDriver.findElement(SwipeableAndroidDriver.java:1)
	at base.BaseKeyword$Trait$Helper.clickToElement(BaseKeyword.groovy:59)
	at screens.DocumentInformationScreen.clickToElement(DocumentInformationScreen.groovy)
	at screens.DocumentInformationScreen.performAction(DocumentInformationScreen.groovy:63)
	at 016 DUYET CO CC_KHONG NHAP Y KIEN.run(016 DUYET CO CC_KHONG NHAP Y KIEN:69)
	at com.kms.katalon.core.main.ScriptEngine.run(ScriptEngine.java:194)
	at com.kms.katalon.core.main.ScriptEngine.runScriptAsRawText(ScriptEngine.java:119)
	at com.kms.katalon.core.main.TestCaseExecutor.runScript(TestCaseExecutor.java:448)
	at com.kms.katalon.core.main.TestCaseExecutor.doExecute(TestCaseExecutor.java:439)
	at com.kms.katalon.core.main.TestCaseExecutor.processExecutionPhase(TestCaseExecutor.java:418)
	at com.kms.katalon.core.main.TestCaseExecutor.accessMainPhase(TestCaseExecutor.java:410)
	at com.kms.katalon.core.main.TestCaseExecutor.execute(TestCaseExecutor.java:285)
	at com.kms.katalon.core.common.CommonExecutor.accessTestCaseMainPhase(CommonExecutor.java:65)
	at com.kms.katalon.core.main.TestSuiteExecutor.accessTestSuiteMainPhase(TestSuiteExecutor.java:150)
	at com.kms.katalon.core.main.TestSuiteExecutor.execute(TestSuiteExecutor.java:106)
	at com.kms.katalon.core.main.TestCaseMain.startTestSuite(TestCaseMain.java:180)
	at TempTestSuite1747552661021.run(TempTestSuite1747552661021.groovy:35)
	at java.base/jdk.internal.reflect.NativeMethodAccessorImpl.invoke0(Native Method)
	at java.base/jdk.internal.reflect.NativeMethodAccessorImpl.invoke(NativeMethodAccessorImpl.java:77)
	at java.base/jdk.internal.reflect.DelegatingMethodAccessorImpl.invoke(DelegatingMethodAccessorImpl.java:43)


18-05-2025T15:14:30 - [TEST_STEP][PASSED] - Start listener action : afterTest: null

18-05-2025T15:14:30 - [TEST_STEP][PASSED] - if (testCaseStatus != "PASSED"): Screenshot is taken

18-05-2025T15:14:30 - [TEST_STEP][PASSED] - takeScreenshot(ErrorScreen/$GlobalVariable.PLATFORM/$testCaseContext.getTestCaseId().png): Screenshot is taken

18-05-2025T15:14:32 - [MESSAGE][PASSED] - Screenshot is taken
[[ATTACHMENT|ErrorScreen/Android/Test Cases/IPAPER APP/016 DUYET CO CC_KHONG NHAP Y KIEN.png]]

18-05-2025T15:14:32 - [TEST_STEP][PASSED] - drivers.Driver.closeApp(): drivers.Driver.closeApp is PASSED

18-05-2025T15:14:33 - [MESSAGE][PASSED] - drivers.Driver.closeApp is PASSED

18-05-2025T15:14:33 - [TEST_STEP][PASSED] - if (tsContext == null): null]]></system-out>
         <system-err><![CDATA[18-05-2025T15:12:50 - [TEST_CASE][ERROR] - Test Cases/IPAPER APP/016 DUYET CO CC_KHONG NHAP Y KIEN: Test Cases/IPAPER APP/016 DUYET CO CC_KHONG NHAP Y KIEN FAILED.
Reason:
org.openqa.selenium.NoSuchElementException: An element could not be located on the page using the given search parameters.
For documentation on this error, please visit: https://www.seleniumhq.org/exceptions/no_such_element.html
Build info: version: '3.141.59', revision: 'unknown', time: 'unknown'
System info: host: '192.168.1.4.non-exists.ptr.local', ip: '2402:800:63f2:b9ce:1859:4296:77a1:a88d%en0', os.name: 'Mac OS X', os.arch: 'aarch64', os.version: '15.4.1', java.version: '17.0.7'
Driver info: com.kms.katalon.core.appium.driver.SwipeableAndroidDriver
Capabilities {automationName: UiAutomator2, databaseEnabled: false, desired: {automationName: UiAutomator2, deviceName: af0c5cf7, noReset: true, platformName: android, waitForIdleTimeout: 3000}, deviceApiLevel: 35, deviceManufacturer: OPPO, deviceModel: CPH2699, deviceName: af0c5cf7, deviceScreenDensity: 480, deviceScreenSize: 1080x2400, deviceUDID: af0c5cf7, javascriptEnabled: true, locationContextEnabled: false, networkConnectionEnabled: true, noReset: true, pixelRatio: 3, platform: LINUX, platformName: Android, platformVersion: 15, statBarHeight: 120, takesScreenshot: true, viewportRect: {height: 2280, left: 0, top: 120, width: 1080}, waitForIdleTimeout: 3000, warnings: {}, webStorageEnabled: false}
Session ID: a2ddd6f2-eda7-4b95-9f4b-0be7892e4c4b
*** Element info: {Using=id, value=com.hdbank.ipaper:id/btn_ok_user}
	at java.base/jdk.internal.reflect.NativeConstructorAccessorImpl.newInstance0(Native Method)
	at java.base/jdk.internal.reflect.NativeConstructorAccessorImpl.newInstance(NativeConstructorAccessorImpl.java:77)
	at java.base/jdk.internal.reflect.DelegatingConstructorAccessorImpl.newInstance(DelegatingConstructorAccessorImpl.java:45)
	at org.openqa.selenium.remote.http.W3CHttpResponseCodec.createException(W3CHttpResponseCodec.java:187)
	at org.openqa.selenium.remote.http.W3CHttpResponseCodec.decode(W3CHttpResponseCodec.java:122)
	at org.openqa.selenium.remote.http.W3CHttpResponseCodec.decode(W3CHttpResponseCodec.java:49)
	at org.openqa.selenium.remote.HttpCommandExecutor.execute(HttpCommandExecutor.java:158)
	at io.appium.java_client.remote.AppiumCommandExecutor.execute(AppiumCommandExecutor.java:239)
	at org.openqa.selenium.remote.RemoteWebDriver.execute(RemoteWebDriver.java:552)
	at io.appium.java_client.DefaultGenericMobileDriver.execute(DefaultGenericMobileDriver.java:42)
	at io.appium.java_client.AppiumDriver.execute(AppiumDriver.java:1)
	at io.appium.java_client.android.AndroidDriver.execute(AndroidDriver.java:1)
	at com.kms.katalon.core.appium.driver.SwipeableAndroidDriver.execute(SwipeableAndroidDriver.java:1)
	at org.openqa.selenium.remote.RemoteWebDriver.findElement(RemoteWebDriver.java:323)
	at io.appium.java_client.DefaultGenericMobileDriver.findElement(DefaultGenericMobileDriver.java:62)
	at io.appium.java_client.AppiumDriver.findElement(AppiumDriver.java:1)
	at io.appium.java_client.android.AndroidDriver.findElement(AndroidDriver.java:1)
	at com.kms.katalon.core.appium.driver.SwipeableAndroidDriver.findElement(SwipeableAndroidDriver.java:1)
	at org.openqa.selenium.remote.RemoteWebDriver.findElementById(RemoteWebDriver.java:372)
	at io.appium.java_client.DefaultGenericMobileDriver.findElementById(DefaultGenericMobileDriver.java:70)
	at io.appium.java_client.AppiumDriver.findElementById(AppiumDriver.java:1)
	at io.appium.java_client.android.AndroidDriver.findElementById(AndroidDriver.java:1)
	at com.kms.katalon.core.appium.driver.SwipeableAndroidDriver.findElementById(SwipeableAndroidDriver.java:1)
	at org.openqa.selenium.By$ById.findElement(By.java:188)
	at org.openqa.selenium.remote.RemoteWebDriver.findElement(RemoteWebDriver.java:315)
	at io.appium.java_client.DefaultGenericMobileDriver.findElement(DefaultGenericMobileDriver.java:58)
	at io.appium.java_client.AppiumDriver.findElement(AppiumDriver.java:1)
	at io.appium.java_client.android.AndroidDriver.findElement(AndroidDriver.java:1)
	at com.kms.katalon.core.appium.driver.SwipeableAndroidDriver.findElement(SwipeableAndroidDriver.java:1)
	at base.BaseKeyword$Trait$Helper.clickToElement(BaseKeyword.groovy:59)
	at screens.DocumentInformationScreen.clickToElement(DocumentInformationScreen.groovy)
	at screens.DocumentInformationScreen.performAction(DocumentInformationScreen.groovy:63)
	at 016 DUYET CO CC_KHONG NHAP Y KIEN.run(016 DUYET CO CC_KHONG NHAP Y KIEN:69)
	at com.kms.katalon.core.main.ScriptEngine.run(ScriptEngine.java:194)
	at com.kms.katalon.core.main.ScriptEngine.runScriptAsRawText(ScriptEngine.java:119)
	at com.kms.katalon.core.main.TestCaseExecutor.runScript(TestCaseExecutor.java:448)
	at com.kms.katalon.core.main.TestCaseExecutor.doExecute(TestCaseExecutor.java:439)
	at com.kms.katalon.core.main.TestCaseExecutor.processExecutionPhase(TestCaseExecutor.java:418)
	at com.kms.katalon.core.main.TestCaseExecutor.accessMainPhase(TestCaseExecutor.java:410)
	at com.kms.katalon.core.main.TestCaseExecutor.execute(TestCaseExecutor.java:285)
	at com.kms.katalon.core.common.CommonExecutor.accessTestCaseMainPhase(CommonExecutor.java:65)
	at com.kms.katalon.core.main.TestSuiteExecutor.accessTestSuiteMainPhase(TestSuiteExecutor.java:150)
	at com.kms.katalon.core.main.TestSuiteExecutor.execute(TestSuiteExecutor.java:106)
	at com.kms.katalon.core.main.TestCaseMain.startTestSuite(TestCaseMain.java:180)
	at TempTestSuite1747552661021.run(TempTestSuite1747552661021.groovy:35)
	at java.base/jdk.internal.reflect.NativeMethodAccessorImpl.invoke0(Native Method)
	at java.base/jdk.internal.reflect.NativeMethodAccessorImpl.invoke(NativeMethodAccessorImpl.java:77)
	at java.base/jdk.internal.reflect.DelegatingMethodAccessorImpl.invoke(DelegatingMethodAccessorImpl.java:43)]]></system-err>
      </testcase>
      <testcase name="Test Cases/IPAPER APP/017 DUYET CO CC_NHAP Y KIEN" time="104.434" classname="Test Cases/IPAPER APP/017 DUYET CO CC_NHAP Y KIEN" status="ERROR">
         <error type="ERROR" message="Test Cases/IPAPER APP/017 DUYET CO CC_NHAP Y KIEN FAILED.&#xa;Reason:&#xa;org.openqa.selenium.NoSuchElementException: An element could not be located on the page using the given search parameters.&#xa;For documentation on this error, please visit: https://www.seleniumhq.org/exceptions/no_such_element.html&#xa;Build info: version: '3.141.59', revision: 'unknown', time: 'unknown'&#xa;System info: host: '192.168.1.4.non-exists.ptr.local', ip: '2402:800:63f2:b9ce:1859:4296:77a1:a88d%en0', os.name: 'Mac OS X', os.arch: 'aarch64', os.version: '15.4.1', java.version: '17.0.7'&#xa;Driver info: com.kms.katalon.core.appium.driver.SwipeableAndroidDriver&#xa;Capabilities {automationName: UiAutomator2, databaseEnabled: false, desired: {automationName: UiAutomator2, deviceName: af0c5cf7, noReset: true, platformName: android, waitForIdleTimeout: 3000}, deviceApiLevel: 35, deviceManufacturer: OPPO, deviceModel: CPH2699, deviceName: af0c5cf7, deviceScreenDensity: 480, deviceScreenSize: 1080x2400, deviceUDID: af0c5cf7, javascriptEnabled: true, locationContextEnabled: false, networkConnectionEnabled: true, noReset: true, pixelRatio: 3, platform: LINUX, platformName: Android, platformVersion: 15, statBarHeight: 120, takesScreenshot: true, viewportRect: {height: 2280, left: 0, top: 120, width: 1080}, waitForIdleTimeout: 3000, warnings: {}, webStorageEnabled: false}&#xa;Session ID: a2ddd6f2-eda7-4b95-9f4b-0be7892e4c4b&#xa;*** Element info: {Using=id, value=com.hdbank.ipaper:id/btn_ok_user}&#xa;	at java.base/jdk.internal.reflect.NativeConstructorAccessorImpl.newInstance0(Native Method)&#xa;	at java.base/jdk.internal.reflect.NativeConstructorAccessorImpl.newInstance(NativeConstructorAccessorImpl.java:77)&#xa;	at java.base/jdk.internal.reflect.DelegatingConstructorAccessorImpl.newInstance(DelegatingConstructorAccessorImpl.java:45)&#xa;	at org.openqa.selenium.remote.http.W3CHttpResponseCodec.createException(W3CHttpResponseCodec.java:187)&#xa;	at org.openqa.selenium.remote.http.W3CHttpResponseCodec.decode(W3CHttpResponseCodec.java:122)&#xa;	at org.openqa.selenium.remote.http.W3CHttpResponseCodec.decode(W3CHttpResponseCodec.java:49)&#xa;	at org.openqa.selenium.remote.HttpCommandExecutor.execute(HttpCommandExecutor.java:158)&#xa;	at io.appium.java_client.remote.AppiumCommandExecutor.execute(AppiumCommandExecutor.java:239)&#xa;	at org.openqa.selenium.remote.RemoteWebDriver.execute(RemoteWebDriver.java:552)&#xa;	at io.appium.java_client.DefaultGenericMobileDriver.execute(DefaultGenericMobileDriver.java:42)&#xa;	at io.appium.java_client.AppiumDriver.execute(AppiumDriver.java:1)&#xa;	at io.appium.java_client.android.AndroidDriver.execute(AndroidDriver.java:1)&#xa;	at com.kms.katalon.core.appium.driver.SwipeableAndroidDriver.execute(SwipeableAndroidDriver.java:1)&#xa;	at org.openqa.selenium.remote.RemoteWebDriver.findElement(RemoteWebDriver.java:323)&#xa;	at io.appium.java_client.DefaultGenericMobileDriver.findElement(DefaultGenericMobileDriver.java:62)&#xa;	at io.appium.java_client.AppiumDriver.findElement(AppiumDriver.java:1)&#xa;	at io.appium.java_client.android.AndroidDriver.findElement(AndroidDriver.java:1)&#xa;	at com.kms.katalon.core.appium.driver.SwipeableAndroidDriver.findElement(SwipeableAndroidDriver.java:1)&#xa;	at org.openqa.selenium.remote.RemoteWebDriver.findElementById(RemoteWebDriver.java:372)&#xa;	at io.appium.java_client.DefaultGenericMobileDriver.findElementById(DefaultGenericMobileDriver.java:70)&#xa;	at io.appium.java_client.AppiumDriver.findElementById(AppiumDriver.java:1)&#xa;	at io.appium.java_client.android.AndroidDriver.findElementById(AndroidDriver.java:1)&#xa;	at com.kms.katalon.core.appium.driver.SwipeableAndroidDriver.findElementById(SwipeableAndroidDriver.java:1)&#xa;	at org.openqa.selenium.By$ById.findElement(By.java:188)&#xa;	at org.openqa.selenium.remote.RemoteWebDriver.findElement(RemoteWebDriver.java:315)&#xa;	at io.appium.java_client.DefaultGenericMobileDriver.findElement(DefaultGenericMobileDriver.java:58)&#xa;	at io.appium.java_client.AppiumDriver.findElement(AppiumDriver.java:1)&#xa;	at io.appium.java_client.android.AndroidDriver.findElement(AndroidDriver.java:1)&#xa;	at com.kms.katalon.core.appium.driver.SwipeableAndroidDriver.findElement(SwipeableAndroidDriver.java:1)&#xa;	at base.BaseKeyword$Trait$Helper.clickToElement(BaseKeyword.groovy:59)&#xa;	at screens.DocumentInformationScreen.clickToElement(DocumentInformationScreen.groovy)&#xa;	at screens.DocumentInformationScreen.performAction(DocumentInformationScreen.groovy:63)&#xa;	at 017 DUYET CO CC_NHAP Y KIEN.run(017 DUYET CO CC_NHAP Y KIEN:69)&#xa;	at com.kms.katalon.core.main.ScriptEngine.run(ScriptEngine.java:194)&#xa;	at com.kms.katalon.core.main.ScriptEngine.runScriptAsRawText(ScriptEngine.java:119)&#xa;	at com.kms.katalon.core.main.TestCaseExecutor.runScript(TestCaseExecutor.java:448)&#xa;	at com.kms.katalon.core.main.TestCaseExecutor.doExecute(TestCaseExecutor.java:439)&#xa;	at com.kms.katalon.core.main.TestCaseExecutor.processExecutionPhase(TestCaseExecutor.java:418)&#xa;	at com.kms.katalon.core.main.TestCaseExecutor.accessMainPhase(TestCaseExecutor.java:410)&#xa;	at com.kms.katalon.core.main.TestCaseExecutor.execute(TestCaseExecutor.java:285)&#xa;	at com.kms.katalon.core.common.CommonExecutor.accessTestCaseMainPhase(CommonExecutor.java:65)&#xa;	at com.kms.katalon.core.main.TestSuiteExecutor.accessTestSuiteMainPhase(TestSuiteExecutor.java:150)&#xa;	at com.kms.katalon.core.main.TestSuiteExecutor.execute(TestSuiteExecutor.java:106)&#xa;	at com.kms.katalon.core.main.TestCaseMain.startTestSuite(TestCaseMain.java:180)&#xa;	at TempTestSuite1747552661021.run(TempTestSuite1747552661021.groovy:35)&#xa;	at java.base/jdk.internal.reflect.NativeMethodAccessorImpl.invoke0(Native Method)&#xa;	at java.base/jdk.internal.reflect.NativeMethodAccessorImpl.invoke(NativeMethodAccessorImpl.java:77)&#xa;	at java.base/jdk.internal.reflect.DelegatingMethodAccessorImpl.invoke(DelegatingMethodAccessorImpl.java:43)&#xa;"/>
         <system-out><![CDATA[18-05-2025T15:14:33 - [TEST_CASE][ERROR] - Test Cases/IPAPER APP/017 DUYET CO CC_NHAP Y KIEN: Test Cases/IPAPER APP/017 DUYET CO CC_NHAP Y KIEN FAILED.
Reason:
org.openqa.selenium.NoSuchElementException: An element could not be located on the page using the given search parameters.
For documentation on this error, please visit: https://www.seleniumhq.org/exceptions/no_such_element.html
Build info: version: '3.141.59', revision: 'unknown', time: 'unknown'
System info: host: '192.168.1.4.non-exists.ptr.local', ip: '2402:800:63f2:b9ce:1859:4296:77a1:a88d%en0', os.name: 'Mac OS X', os.arch: 'aarch64', os.version: '15.4.1', java.version: '17.0.7'
Driver info: com.kms.katalon.core.appium.driver.SwipeableAndroidDriver
Capabilities {automationName: UiAutomator2, databaseEnabled: false, desired: {automationName: UiAutomator2, deviceName: af0c5cf7, noReset: true, platformName: android, waitForIdleTimeout: 3000}, deviceApiLevel: 35, deviceManufacturer: OPPO, deviceModel: CPH2699, deviceName: af0c5cf7, deviceScreenDensity: 480, deviceScreenSize: 1080x2400, deviceUDID: af0c5cf7, javascriptEnabled: true, locationContextEnabled: false, networkConnectionEnabled: true, noReset: true, pixelRatio: 3, platform: LINUX, platformName: Android, platformVersion: 15, statBarHeight: 120, takesScreenshot: true, viewportRect: {height: 2280, left: 0, top: 120, width: 1080}, waitForIdleTimeout: 3000, warnings: {}, webStorageEnabled: false}
Session ID: a2ddd6f2-eda7-4b95-9f4b-0be7892e4c4b
*** Element info: {Using=id, value=com.hdbank.ipaper:id/btn_ok_user}
	at java.base/jdk.internal.reflect.NativeConstructorAccessorImpl.newInstance0(Native Method)
	at java.base/jdk.internal.reflect.NativeConstructorAccessorImpl.newInstance(NativeConstructorAccessorImpl.java:77)
	at java.base/jdk.internal.reflect.DelegatingConstructorAccessorImpl.newInstance(DelegatingConstructorAccessorImpl.java:45)
	at org.openqa.selenium.remote.http.W3CHttpResponseCodec.createException(W3CHttpResponseCodec.java:187)
	at org.openqa.selenium.remote.http.W3CHttpResponseCodec.decode(W3CHttpResponseCodec.java:122)
	at org.openqa.selenium.remote.http.W3CHttpResponseCodec.decode(W3CHttpResponseCodec.java:49)
	at org.openqa.selenium.remote.HttpCommandExecutor.execute(HttpCommandExecutor.java:158)
	at io.appium.java_client.remote.AppiumCommandExecutor.execute(AppiumCommandExecutor.java:239)
	at org.openqa.selenium.remote.RemoteWebDriver.execute(RemoteWebDriver.java:552)
	at io.appium.java_client.DefaultGenericMobileDriver.execute(DefaultGenericMobileDriver.java:42)
	at io.appium.java_client.AppiumDriver.execute(AppiumDriver.java:1)
	at io.appium.java_client.android.AndroidDriver.execute(AndroidDriver.java:1)
	at com.kms.katalon.core.appium.driver.SwipeableAndroidDriver.execute(SwipeableAndroidDriver.java:1)
	at org.openqa.selenium.remote.RemoteWebDriver.findElement(RemoteWebDriver.java:323)
	at io.appium.java_client.DefaultGenericMobileDriver.findElement(DefaultGenericMobileDriver.java:62)
	at io.appium.java_client.AppiumDriver.findElement(AppiumDriver.java:1)
	at io.appium.java_client.android.AndroidDriver.findElement(AndroidDriver.java:1)
	at com.kms.katalon.core.appium.driver.SwipeableAndroidDriver.findElement(SwipeableAndroidDriver.java:1)
	at org.openqa.selenium.remote.RemoteWebDriver.findElementById(RemoteWebDriver.java:372)
	at io.appium.java_client.DefaultGenericMobileDriver.findElementById(DefaultGenericMobileDriver.java:70)
	at io.appium.java_client.AppiumDriver.findElementById(AppiumDriver.java:1)
	at io.appium.java_client.android.AndroidDriver.findElementById(AndroidDriver.java:1)
	at com.kms.katalon.core.appium.driver.SwipeableAndroidDriver.findElementById(SwipeableAndroidDriver.java:1)
	at org.openqa.selenium.By$ById.findElement(By.java:188)
	at org.openqa.selenium.remote.RemoteWebDriver.findElement(RemoteWebDriver.java:315)
	at io.appium.java_client.DefaultGenericMobileDriver.findElement(DefaultGenericMobileDriver.java:58)
	at io.appium.java_client.AppiumDriver.findElement(AppiumDriver.java:1)
	at io.appium.java_client.android.AndroidDriver.findElement(AndroidDriver.java:1)
	at com.kms.katalon.core.appium.driver.SwipeableAndroidDriver.findElement(SwipeableAndroidDriver.java:1)
	at base.BaseKeyword$Trait$Helper.clickToElement(BaseKeyword.groovy:59)
	at screens.DocumentInformationScreen.clickToElement(DocumentInformationScreen.groovy)
	at screens.DocumentInformationScreen.performAction(DocumentInformationScreen.groovy:63)
	at 017 DUYET CO CC_NHAP Y KIEN.run(017 DUYET CO CC_NHAP Y KIEN:69)
	at com.kms.katalon.core.main.ScriptEngine.run(ScriptEngine.java:194)
	at com.kms.katalon.core.main.ScriptEngine.runScriptAsRawText(ScriptEngine.java:119)
	at com.kms.katalon.core.main.TestCaseExecutor.runScript(TestCaseExecutor.java:448)
	at com.kms.katalon.core.main.TestCaseExecutor.doExecute(TestCaseExecutor.java:439)
	at com.kms.katalon.core.main.TestCaseExecutor.processExecutionPhase(TestCaseExecutor.java:418)
	at com.kms.katalon.core.main.TestCaseExecutor.accessMainPhase(TestCaseExecutor.java:410)
	at com.kms.katalon.core.main.TestCaseExecutor.execute(TestCaseExecutor.java:285)
	at com.kms.katalon.core.common.CommonExecutor.accessTestCaseMainPhase(CommonExecutor.java:65)
	at com.kms.katalon.core.main.TestSuiteExecutor.accessTestSuiteMainPhase(TestSuiteExecutor.java:150)
	at com.kms.katalon.core.main.TestSuiteExecutor.execute(TestSuiteExecutor.java:106)
	at com.kms.katalon.core.main.TestCaseMain.startTestSuite(TestCaseMain.java:180)
	at TempTestSuite1747552661021.run(TempTestSuite1747552661021.groovy:35)
	at java.base/jdk.internal.reflect.NativeMethodAccessorImpl.invoke0(Native Method)
	at java.base/jdk.internal.reflect.NativeMethodAccessorImpl.invoke(NativeMethodAccessorImpl.java:77)
	at java.base/jdk.internal.reflect.DelegatingMethodAccessorImpl.invoke(DelegatingMethodAccessorImpl.java:43)


18-05-2025T15:14:33 - [TEST_STEP][PASSED] - Start listener action : beforeTest: drivers.Driver.openApp is PASSED

18-05-2025T15:14:33 - [TEST_STEP][PASSED] - DataTest.init(): null

18-05-2025T15:14:33 - [TEST_STEP][PASSED] - testCaseId = split("/").last(): null

18-05-2025T15:14:33 - [TEST_STEP][PASSED] - if (!(drivers.Driver.isAppiumRunning())): drivers.Driver.isAppiumRunning is PASSED

18-05-2025T15:14:33 - [MESSAGE][INFO] - Appium running: true

18-05-2025T15:14:33 - [MESSAGE][PASSED] - drivers.Driver.isAppiumRunning is PASSED

18-05-2025T15:14:33 - [TEST_STEP][PASSED] - if (driver == null || driver.getSessionId() == null): null

18-05-2025T15:14:33 - [TEST_STEP][PASSED] - drivers.Driver.openApp(): drivers.Driver.openApp is PASSED

18-05-2025T15:14:35 - [MESSAGE][PASSED] - drivers.Driver.openApp is PASSED

18-05-2025T15:14:35 - [TEST_STEP][PASSED] - REQUEST_NAME = "Trình ký PDF có sẵn": null

18-05-2025T15:14:35 - [TEST_STEP][PASSED] - COMMENT = "Commented by automation team in case 17": null

18-05-2025T15:14:35 - [TEST_STEP][PASSED] - auto5 = DataTest.getUserTest("auto5"): null

18-05-2025T15:14:35 - [TEST_STEP][PASSED] - auto6 = DataTest.getUserTest("auto6"): null

18-05-2025T15:14:35 - [TEST_STEP][PASSED] - auto7 = DataTest.getUserTest("auto7"): null

18-05-2025T15:14:35 - [TEST_STEP][PASSED] - document = DataTest.createDocumentTest(auto5, auto6, null, "dummy.pdf", "dummy.pdf"): null

18-05-2025T15:14:35 - [TEST_STEP][PASSED] - loginScreen.login(auto5): null

18-05-2025T15:14:43 - [TEST_STEP][PASSED] - homeScreen.openRequestList(): null

18-05-2025T15:14:48 - [TEST_STEP][PASSED] - homeScreen.createRequest(REQUEST_NAME): null

18-05-2025T15:14:52 - [TEST_STEP][PASSED] - pdfSignScreen.fillInTitle(document.getTitle()): null

18-05-2025T15:14:54 - [TEST_STEP][PASSED] - pdfSignScreen.selectPriority(document.getPriority()): null

18-05-2025T15:14:56 - [TEST_STEP][PASSED] - pdfSignScreen.selectTime(document.getTime()): null

18-05-2025T15:14:59 - [TEST_STEP][PASSED] - pdfSignScreen.fillInDescription(document.getDescription()): null

18-05-2025T15:15:01 - [TEST_STEP][PASSED] - pdfSignScreen.selectAssigner(getAssigner().getEmail()): null

18-05-2025T15:15:07 - [TEST_STEP][PASSED] - pdfSignScreen.openMainFileBrowser(): null

18-05-2025T15:15:13 - [TEST_STEP][PASSED] - fileBrowserScreen.attachFile(document.getMainFileName()): null

18-05-2025T15:15:19 - [TEST_STEP][PASSED] - pdfSignScreen.openSubFileBrowser(): null

18-05-2025T15:15:20 - [TEST_STEP][PASSED] - fileBrowserScreen.attachFile(document.getSubFileName()): null

18-05-2025T15:15:26 - [TEST_STEP][PASSED] - pdfSignScreen.performAction(SEND_APPROVE): null

18-05-2025T15:15:30 - [TEST_STEP][PASSED] - pdfSignScreen.fillInOpinion(document.getComment()): null

18-05-2025T15:15:31 - [TEST_STEP][PASSED] - pdfSignScreen.submitRequest(): null

18-05-2025T15:15:39 - [TEST_STEP][PASSED] - documentInformationScreen.backToHome(): null

18-05-2025T15:15:39 - [TEST_STEP][PASSED] - homeScreen.logout(): null

18-05-2025T15:15:47 - [TEST_STEP][PASSED] - document.setStatus(WAIT_PROCESS): null

18-05-2025T15:15:47 - [TEST_STEP][PASSED] - document.setAssigner(auto5): null

18-05-2025T15:15:47 - [TEST_STEP][PASSED] - loginScreen.login(auto6): null

18-05-2025T15:15:55 - [TEST_STEP][PASSED] - homeScreen.goToIncomingDocument(): null

18-05-2025T15:15:56 - [TEST_STEP][PASSED] - inComingDocument.viewMainFile(document): null

18-05-2025T15:15:57 - [TEST_STEP][ERROR] - documentInformationScreen.performAction(document, APPROVE_ADD_CC, COMMENT, auto7): Test Cases/IPAPER APP/017 DUYET CO CC_NHAP Y KIEN FAILED.
Reason:
org.openqa.selenium.NoSuchElementException: An element could not be located on the page using the given search parameters.
For documentation on this error, please visit: https://www.seleniumhq.org/exceptions/no_such_element.html
Build info: version: '3.141.59', revision: 'unknown', time: 'unknown'
System info: host: '192.168.1.4.non-exists.ptr.local', ip: '2402:800:63f2:b9ce:1859:4296:77a1:a88d%en0', os.name: 'Mac OS X', os.arch: 'aarch64', os.version: '15.4.1', java.version: '17.0.7'
Driver info: com.kms.katalon.core.appium.driver.SwipeableAndroidDriver
Capabilities {automationName: UiAutomator2, databaseEnabled: false, desired: {automationName: UiAutomator2, deviceName: af0c5cf7, noReset: true, platformName: android, waitForIdleTimeout: 3000}, deviceApiLevel: 35, deviceManufacturer: OPPO, deviceModel: CPH2699, deviceName: af0c5cf7, deviceScreenDensity: 480, deviceScreenSize: 1080x2400, deviceUDID: af0c5cf7, javascriptEnabled: true, locationContextEnabled: false, networkConnectionEnabled: true, noReset: true, pixelRatio: 3, platform: LINUX, platformName: Android, platformVersion: 15, statBarHeight: 120, takesScreenshot: true, viewportRect: {height: 2280, left: 0, top: 120, width: 1080}, waitForIdleTimeout: 3000, warnings: {}, webStorageEnabled: false}
Session ID: a2ddd6f2-eda7-4b95-9f4b-0be7892e4c4b
*** Element info: {Using=id, value=com.hdbank.ipaper:id/btn_ok_user}
	at java.base/jdk.internal.reflect.NativeConstructorAccessorImpl.newInstance0(Native Method)
	at java.base/jdk.internal.reflect.NativeConstructorAccessorImpl.newInstance(NativeConstructorAccessorImpl.java:77)
	at java.base/jdk.internal.reflect.DelegatingConstructorAccessorImpl.newInstance(DelegatingConstructorAccessorImpl.java:45)
	at org.openqa.selenium.remote.http.W3CHttpResponseCodec.createException(W3CHttpResponseCodec.java:187)
	at org.openqa.selenium.remote.http.W3CHttpResponseCodec.decode(W3CHttpResponseCodec.java:122)
	at org.openqa.selenium.remote.http.W3CHttpResponseCodec.decode(W3CHttpResponseCodec.java:49)
	at org.openqa.selenium.remote.HttpCommandExecutor.execute(HttpCommandExecutor.java:158)
	at io.appium.java_client.remote.AppiumCommandExecutor.execute(AppiumCommandExecutor.java:239)
	at org.openqa.selenium.remote.RemoteWebDriver.execute(RemoteWebDriver.java:552)
	at io.appium.java_client.DefaultGenericMobileDriver.execute(DefaultGenericMobileDriver.java:42)
	at io.appium.java_client.AppiumDriver.execute(AppiumDriver.java:1)
	at io.appium.java_client.android.AndroidDriver.execute(AndroidDriver.java:1)
	at com.kms.katalon.core.appium.driver.SwipeableAndroidDriver.execute(SwipeableAndroidDriver.java:1)
	at org.openqa.selenium.remote.RemoteWebDriver.findElement(RemoteWebDriver.java:323)
	at io.appium.java_client.DefaultGenericMobileDriver.findElement(DefaultGenericMobileDriver.java:62)
	at io.appium.java_client.AppiumDriver.findElement(AppiumDriver.java:1)
	at io.appium.java_client.android.AndroidDriver.findElement(AndroidDriver.java:1)
	at com.kms.katalon.core.appium.driver.SwipeableAndroidDriver.findElement(SwipeableAndroidDriver.java:1)
	at org.openqa.selenium.remote.RemoteWebDriver.findElementById(RemoteWebDriver.java:372)
	at io.appium.java_client.DefaultGenericMobileDriver.findElementById(DefaultGenericMobileDriver.java:70)
	at io.appium.java_client.AppiumDriver.findElementById(AppiumDriver.java:1)
	at io.appium.java_client.android.AndroidDriver.findElementById(AndroidDriver.java:1)
	at com.kms.katalon.core.appium.driver.SwipeableAndroidDriver.findElementById(SwipeableAndroidDriver.java:1)
	at org.openqa.selenium.By$ById.findElement(By.java:188)
	at org.openqa.selenium.remote.RemoteWebDriver.findElement(RemoteWebDriver.java:315)
	at io.appium.java_client.DefaultGenericMobileDriver.findElement(DefaultGenericMobileDriver.java:58)
	at io.appium.java_client.AppiumDriver.findElement(AppiumDriver.java:1)
	at io.appium.java_client.android.AndroidDriver.findElement(AndroidDriver.java:1)
	at com.kms.katalon.core.appium.driver.SwipeableAndroidDriver.findElement(SwipeableAndroidDriver.java:1)
	at base.BaseKeyword$Trait$Helper.clickToElement(BaseKeyword.groovy:59)
	at screens.DocumentInformationScreen.clickToElement(DocumentInformationScreen.groovy)
	at screens.DocumentInformationScreen.performAction(DocumentInformationScreen.groovy:63)
	at 017 DUYET CO CC_NHAP Y KIEN.run(017 DUYET CO CC_NHAP Y KIEN:69)
	at com.kms.katalon.core.main.ScriptEngine.run(ScriptEngine.java:194)
	at com.kms.katalon.core.main.ScriptEngine.runScriptAsRawText(ScriptEngine.java:119)
	at com.kms.katalon.core.main.TestCaseExecutor.runScript(TestCaseExecutor.java:448)
	at com.kms.katalon.core.main.TestCaseExecutor.doExecute(TestCaseExecutor.java:439)
	at com.kms.katalon.core.main.TestCaseExecutor.processExecutionPhase(TestCaseExecutor.java:418)
	at com.kms.katalon.core.main.TestCaseExecutor.accessMainPhase(TestCaseExecutor.java:410)
	at com.kms.katalon.core.main.TestCaseExecutor.execute(TestCaseExecutor.java:285)
	at com.kms.katalon.core.common.CommonExecutor.accessTestCaseMainPhase(CommonExecutor.java:65)
	at com.kms.katalon.core.main.TestSuiteExecutor.accessTestSuiteMainPhase(TestSuiteExecutor.java:150)
	at com.kms.katalon.core.main.TestSuiteExecutor.execute(TestSuiteExecutor.java:106)
	at com.kms.katalon.core.main.TestCaseMain.startTestSuite(TestCaseMain.java:180)
	at TempTestSuite1747552661021.run(TempTestSuite1747552661021.groovy:35)
	at java.base/jdk.internal.reflect.NativeMethodAccessorImpl.invoke0(Native Method)
	at java.base/jdk.internal.reflect.NativeMethodAccessorImpl.invoke(NativeMethodAccessorImpl.java:77)
	at java.base/jdk.internal.reflect.DelegatingMethodAccessorImpl.invoke(DelegatingMethodAccessorImpl.java:43)


18-05-2025T15:16:14 - [MESSAGE][ERROR] - Test Cases/IPAPER APP/017 DUYET CO CC_NHAP Y KIEN FAILED.
Reason:
org.openqa.selenium.NoSuchElementException: An element could not be located on the page using the given search parameters.
For documentation on this error, please visit: https://www.seleniumhq.org/exceptions/no_such_element.html
Build info: version: '3.141.59', revision: 'unknown', time: 'unknown'
System info: host: '192.168.1.4.non-exists.ptr.local', ip: '2402:800:63f2:b9ce:1859:4296:77a1:a88d%en0', os.name: 'Mac OS X', os.arch: 'aarch64', os.version: '15.4.1', java.version: '17.0.7'
Driver info: com.kms.katalon.core.appium.driver.SwipeableAndroidDriver
Capabilities {automationName: UiAutomator2, databaseEnabled: false, desired: {automationName: UiAutomator2, deviceName: af0c5cf7, noReset: true, platformName: android, waitForIdleTimeout: 3000}, deviceApiLevel: 35, deviceManufacturer: OPPO, deviceModel: CPH2699, deviceName: af0c5cf7, deviceScreenDensity: 480, deviceScreenSize: 1080x2400, deviceUDID: af0c5cf7, javascriptEnabled: true, locationContextEnabled: false, networkConnectionEnabled: true, noReset: true, pixelRatio: 3, platform: LINUX, platformName: Android, platformVersion: 15, statBarHeight: 120, takesScreenshot: true, viewportRect: {height: 2280, left: 0, top: 120, width: 1080}, waitForIdleTimeout: 3000, warnings: {}, webStorageEnabled: false}
Session ID: a2ddd6f2-eda7-4b95-9f4b-0be7892e4c4b
*** Element info: {Using=id, value=com.hdbank.ipaper:id/btn_ok_user}
	at java.base/jdk.internal.reflect.NativeConstructorAccessorImpl.newInstance0(Native Method)
	at java.base/jdk.internal.reflect.NativeConstructorAccessorImpl.newInstance(NativeConstructorAccessorImpl.java:77)
	at java.base/jdk.internal.reflect.DelegatingConstructorAccessorImpl.newInstance(DelegatingConstructorAccessorImpl.java:45)
	at org.openqa.selenium.remote.http.W3CHttpResponseCodec.createException(W3CHttpResponseCodec.java:187)
	at org.openqa.selenium.remote.http.W3CHttpResponseCodec.decode(W3CHttpResponseCodec.java:122)
	at org.openqa.selenium.remote.http.W3CHttpResponseCodec.decode(W3CHttpResponseCodec.java:49)
	at org.openqa.selenium.remote.HttpCommandExecutor.execute(HttpCommandExecutor.java:158)
	at io.appium.java_client.remote.AppiumCommandExecutor.execute(AppiumCommandExecutor.java:239)
	at org.openqa.selenium.remote.RemoteWebDriver.execute(RemoteWebDriver.java:552)
	at io.appium.java_client.DefaultGenericMobileDriver.execute(DefaultGenericMobileDriver.java:42)
	at io.appium.java_client.AppiumDriver.execute(AppiumDriver.java:1)
	at io.appium.java_client.android.AndroidDriver.execute(AndroidDriver.java:1)
	at com.kms.katalon.core.appium.driver.SwipeableAndroidDriver.execute(SwipeableAndroidDriver.java:1)
	at org.openqa.selenium.remote.RemoteWebDriver.findElement(RemoteWebDriver.java:323)
	at io.appium.java_client.DefaultGenericMobileDriver.findElement(DefaultGenericMobileDriver.java:62)
	at io.appium.java_client.AppiumDriver.findElement(AppiumDriver.java:1)
	at io.appium.java_client.android.AndroidDriver.findElement(AndroidDriver.java:1)
	at com.kms.katalon.core.appium.driver.SwipeableAndroidDriver.findElement(SwipeableAndroidDriver.java:1)
	at org.openqa.selenium.remote.RemoteWebDriver.findElementById(RemoteWebDriver.java:372)
	at io.appium.java_client.DefaultGenericMobileDriver.findElementById(DefaultGenericMobileDriver.java:70)
	at io.appium.java_client.AppiumDriver.findElementById(AppiumDriver.java:1)
	at io.appium.java_client.android.AndroidDriver.findElementById(AndroidDriver.java:1)
	at com.kms.katalon.core.appium.driver.SwipeableAndroidDriver.findElementById(SwipeableAndroidDriver.java:1)
	at org.openqa.selenium.By$ById.findElement(By.java:188)
	at org.openqa.selenium.remote.RemoteWebDriver.findElement(RemoteWebDriver.java:315)
	at io.appium.java_client.DefaultGenericMobileDriver.findElement(DefaultGenericMobileDriver.java:58)
	at io.appium.java_client.AppiumDriver.findElement(AppiumDriver.java:1)
	at io.appium.java_client.android.AndroidDriver.findElement(AndroidDriver.java:1)
	at com.kms.katalon.core.appium.driver.SwipeableAndroidDriver.findElement(SwipeableAndroidDriver.java:1)
	at base.BaseKeyword$Trait$Helper.clickToElement(BaseKeyword.groovy:59)
	at screens.DocumentInformationScreen.clickToElement(DocumentInformationScreen.groovy)
	at screens.DocumentInformationScreen.performAction(DocumentInformationScreen.groovy:63)
	at 017 DUYET CO CC_NHAP Y KIEN.run(017 DUYET CO CC_NHAP Y KIEN:69)
	at com.kms.katalon.core.main.ScriptEngine.run(ScriptEngine.java:194)
	at com.kms.katalon.core.main.ScriptEngine.runScriptAsRawText(ScriptEngine.java:119)
	at com.kms.katalon.core.main.TestCaseExecutor.runScript(TestCaseExecutor.java:448)
	at com.kms.katalon.core.main.TestCaseExecutor.doExecute(TestCaseExecutor.java:439)
	at com.kms.katalon.core.main.TestCaseExecutor.processExecutionPhase(TestCaseExecutor.java:418)
	at com.kms.katalon.core.main.TestCaseExecutor.accessMainPhase(TestCaseExecutor.java:410)
	at com.kms.katalon.core.main.TestCaseExecutor.execute(TestCaseExecutor.java:285)
	at com.kms.katalon.core.common.CommonExecutor.accessTestCaseMainPhase(CommonExecutor.java:65)
	at com.kms.katalon.core.main.TestSuiteExecutor.accessTestSuiteMainPhase(TestSuiteExecutor.java:150)
	at com.kms.katalon.core.main.TestSuiteExecutor.execute(TestSuiteExecutor.java:106)
	at com.kms.katalon.core.main.TestCaseMain.startTestSuite(TestCaseMain.java:180)
	at TempTestSuite1747552661021.run(TempTestSuite1747552661021.groovy:35)
	at java.base/jdk.internal.reflect.NativeMethodAccessorImpl.invoke0(Native Method)
	at java.base/jdk.internal.reflect.NativeMethodAccessorImpl.invoke(NativeMethodAccessorImpl.java:77)
	at java.base/jdk.internal.reflect.DelegatingMethodAccessorImpl.invoke(DelegatingMethodAccessorImpl.java:43)


18-05-2025T15:16:14 - [TEST_STEP][PASSED] - Start listener action : afterTest: null

18-05-2025T15:16:14 - [TEST_STEP][PASSED] - if (testCaseStatus != "PASSED"): Screenshot is taken

18-05-2025T15:16:14 - [TEST_STEP][PASSED] - takeScreenshot(ErrorScreen/$GlobalVariable.PLATFORM/$testCaseContext.getTestCaseId().png): Screenshot is taken

18-05-2025T15:16:17 - [MESSAGE][PASSED] - Screenshot is taken
[[ATTACHMENT|ErrorScreen/Android/Test Cases/IPAPER APP/017 DUYET CO CC_NHAP Y KIEN.png]]

18-05-2025T15:16:17 - [TEST_STEP][PASSED] - drivers.Driver.closeApp(): drivers.Driver.closeApp is PASSED

18-05-2025T15:16:17 - [MESSAGE][PASSED] - drivers.Driver.closeApp is PASSED

18-05-2025T15:16:17 - [TEST_STEP][PASSED] - if (tsContext == null): null]]></system-out>
         <system-err><![CDATA[18-05-2025T15:14:33 - [TEST_CASE][ERROR] - Test Cases/IPAPER APP/017 DUYET CO CC_NHAP Y KIEN: Test Cases/IPAPER APP/017 DUYET CO CC_NHAP Y KIEN FAILED.
Reason:
org.openqa.selenium.NoSuchElementException: An element could not be located on the page using the given search parameters.
For documentation on this error, please visit: https://www.seleniumhq.org/exceptions/no_such_element.html
Build info: version: '3.141.59', revision: 'unknown', time: 'unknown'
System info: host: '192.168.1.4.non-exists.ptr.local', ip: '2402:800:63f2:b9ce:1859:4296:77a1:a88d%en0', os.name: 'Mac OS X', os.arch: 'aarch64', os.version: '15.4.1', java.version: '17.0.7'
Driver info: com.kms.katalon.core.appium.driver.SwipeableAndroidDriver
Capabilities {automationName: UiAutomator2, databaseEnabled: false, desired: {automationName: UiAutomator2, deviceName: af0c5cf7, noReset: true, platformName: android, waitForIdleTimeout: 3000}, deviceApiLevel: 35, deviceManufacturer: OPPO, deviceModel: CPH2699, deviceName: af0c5cf7, deviceScreenDensity: 480, deviceScreenSize: 1080x2400, deviceUDID: af0c5cf7, javascriptEnabled: true, locationContextEnabled: false, networkConnectionEnabled: true, noReset: true, pixelRatio: 3, platform: LINUX, platformName: Android, platformVersion: 15, statBarHeight: 120, takesScreenshot: true, viewportRect: {height: 2280, left: 0, top: 120, width: 1080}, waitForIdleTimeout: 3000, warnings: {}, webStorageEnabled: false}
Session ID: a2ddd6f2-eda7-4b95-9f4b-0be7892e4c4b
*** Element info: {Using=id, value=com.hdbank.ipaper:id/btn_ok_user}
	at java.base/jdk.internal.reflect.NativeConstructorAccessorImpl.newInstance0(Native Method)
	at java.base/jdk.internal.reflect.NativeConstructorAccessorImpl.newInstance(NativeConstructorAccessorImpl.java:77)
	at java.base/jdk.internal.reflect.DelegatingConstructorAccessorImpl.newInstance(DelegatingConstructorAccessorImpl.java:45)
	at org.openqa.selenium.remote.http.W3CHttpResponseCodec.createException(W3CHttpResponseCodec.java:187)
	at org.openqa.selenium.remote.http.W3CHttpResponseCodec.decode(W3CHttpResponseCodec.java:122)
	at org.openqa.selenium.remote.http.W3CHttpResponseCodec.decode(W3CHttpResponseCodec.java:49)
	at org.openqa.selenium.remote.HttpCommandExecutor.execute(HttpCommandExecutor.java:158)
	at io.appium.java_client.remote.AppiumCommandExecutor.execute(AppiumCommandExecutor.java:239)
	at org.openqa.selenium.remote.RemoteWebDriver.execute(RemoteWebDriver.java:552)
	at io.appium.java_client.DefaultGenericMobileDriver.execute(DefaultGenericMobileDriver.java:42)
	at io.appium.java_client.AppiumDriver.execute(AppiumDriver.java:1)
	at io.appium.java_client.android.AndroidDriver.execute(AndroidDriver.java:1)
	at com.kms.katalon.core.appium.driver.SwipeableAndroidDriver.execute(SwipeableAndroidDriver.java:1)
	at org.openqa.selenium.remote.RemoteWebDriver.findElement(RemoteWebDriver.java:323)
	at io.appium.java_client.DefaultGenericMobileDriver.findElement(DefaultGenericMobileDriver.java:62)
	at io.appium.java_client.AppiumDriver.findElement(AppiumDriver.java:1)
	at io.appium.java_client.android.AndroidDriver.findElement(AndroidDriver.java:1)
	at com.kms.katalon.core.appium.driver.SwipeableAndroidDriver.findElement(SwipeableAndroidDriver.java:1)
	at org.openqa.selenium.remote.RemoteWebDriver.findElementById(RemoteWebDriver.java:372)
	at io.appium.java_client.DefaultGenericMobileDriver.findElementById(DefaultGenericMobileDriver.java:70)
	at io.appium.java_client.AppiumDriver.findElementById(AppiumDriver.java:1)
	at io.appium.java_client.android.AndroidDriver.findElementById(AndroidDriver.java:1)
	at com.kms.katalon.core.appium.driver.SwipeableAndroidDriver.findElementById(SwipeableAndroidDriver.java:1)
	at org.openqa.selenium.By$ById.findElement(By.java:188)
	at org.openqa.selenium.remote.RemoteWebDriver.findElement(RemoteWebDriver.java:315)
	at io.appium.java_client.DefaultGenericMobileDriver.findElement(DefaultGenericMobileDriver.java:58)
	at io.appium.java_client.AppiumDriver.findElement(AppiumDriver.java:1)
	at io.appium.java_client.android.AndroidDriver.findElement(AndroidDriver.java:1)
	at com.kms.katalon.core.appium.driver.SwipeableAndroidDriver.findElement(SwipeableAndroidDriver.java:1)
	at base.BaseKeyword$Trait$Helper.clickToElement(BaseKeyword.groovy:59)
	at screens.DocumentInformationScreen.clickToElement(DocumentInformationScreen.groovy)
	at screens.DocumentInformationScreen.performAction(DocumentInformationScreen.groovy:63)
	at 017 DUYET CO CC_NHAP Y KIEN.run(017 DUYET CO CC_NHAP Y KIEN:69)
	at com.kms.katalon.core.main.ScriptEngine.run(ScriptEngine.java:194)
	at com.kms.katalon.core.main.ScriptEngine.runScriptAsRawText(ScriptEngine.java:119)
	at com.kms.katalon.core.main.TestCaseExecutor.runScript(TestCaseExecutor.java:448)
	at com.kms.katalon.core.main.TestCaseExecutor.doExecute(TestCaseExecutor.java:439)
	at com.kms.katalon.core.main.TestCaseExecutor.processExecutionPhase(TestCaseExecutor.java:418)
	at com.kms.katalon.core.main.TestCaseExecutor.accessMainPhase(TestCaseExecutor.java:410)
	at com.kms.katalon.core.main.TestCaseExecutor.execute(TestCaseExecutor.java:285)
	at com.kms.katalon.core.common.CommonExecutor.accessTestCaseMainPhase(CommonExecutor.java:65)
	at com.kms.katalon.core.main.TestSuiteExecutor.accessTestSuiteMainPhase(TestSuiteExecutor.java:150)
	at com.kms.katalon.core.main.TestSuiteExecutor.execute(TestSuiteExecutor.java:106)
	at com.kms.katalon.core.main.TestCaseMain.startTestSuite(TestCaseMain.java:180)
	at TempTestSuite1747552661021.run(TempTestSuite1747552661021.groovy:35)
	at java.base/jdk.internal.reflect.NativeMethodAccessorImpl.invoke0(Native Method)
	at java.base/jdk.internal.reflect.NativeMethodAccessorImpl.invoke(NativeMethodAccessorImpl.java:77)
	at java.base/jdk.internal.reflect.DelegatingMethodAccessorImpl.invoke(DelegatingMethodAccessorImpl.java:43)]]></system-err>
      </testcase>
      <testcase name="Test Cases/IPAPER APP/012 DUYET CHI TIET_NHAP Y KIEN" time="125.976" classname="Test Cases/IPAPER APP/012 DUYET CHI TIET_NHAP Y KIEN" status="PASSED">
         <system-out><![CDATA[18-05-2025T15:16:17 - [TEST_CASE][PASSED] - Test Cases/IPAPER APP/012 DUYET CHI TIET_NHAP Y KIEN: Test Cases/IPAPER APP/012 DUYET CHI TIET_NHAP Y KIEN

18-05-2025T15:16:17 - [TEST_STEP][PASSED] - Start listener action : beforeTest: drivers.Driver.openApp is PASSED

18-05-2025T15:16:17 - [TEST_STEP][PASSED] - DataTest.init(): null

18-05-2025T15:16:17 - [TEST_STEP][PASSED] - testCaseId = split("/").last(): null

18-05-2025T15:16:17 - [TEST_STEP][PASSED] - if (!(drivers.Driver.isAppiumRunning())): drivers.Driver.isAppiumRunning is PASSED

18-05-2025T15:16:17 - [MESSAGE][INFO] - Appium running: true

18-05-2025T15:16:17 - [MESSAGE][PASSED] - drivers.Driver.isAppiumRunning is PASSED

18-05-2025T15:16:17 - [TEST_STEP][PASSED] - if (driver == null || driver.getSessionId() == null): null

18-05-2025T15:16:17 - [TEST_STEP][PASSED] - drivers.Driver.openApp(): drivers.Driver.openApp is PASSED

18-05-2025T15:16:20 - [MESSAGE][PASSED] - drivers.Driver.openApp is PASSED

18-05-2025T15:16:20 - [TEST_STEP][PASSED] - REQUEST_NAME = "Trình ký PDF có sẵn": null

18-05-2025T15:16:20 - [TEST_STEP][PASSED] - COMMENT = "Automation approve": null

18-05-2025T15:16:20 - [TEST_STEP][PASSED] - auto5 = DataTest.getUserTest("auto5"): null

18-05-2025T15:16:20 - [TEST_STEP][PASSED] - auto6 = DataTest.getUserTest("auto6"): null

18-05-2025T15:16:20 - [TEST_STEP][PASSED] - document = DataTest.createDocumentTest(auto5, auto6, null, "dummy.pdf", "dummy.pdf"): null

18-05-2025T15:16:20 - [TEST_STEP][PASSED] - loginScreen.login(auto5): null

18-05-2025T15:16:28 - [TEST_STEP][PASSED] - homeScreen.openRequestList(): null

18-05-2025T15:16:33 - [TEST_STEP][PASSED] - homeScreen.createRequest(REQUEST_NAME): null

18-05-2025T15:16:36 - [TEST_STEP][PASSED] - pdfSignScreen.fillInTitle(document.getTitle()): null

18-05-2025T15:16:39 - [TEST_STEP][PASSED] - pdfSignScreen.selectPriority(document.getPriority()): null

18-05-2025T15:16:41 - [TEST_STEP][PASSED] - pdfSignScreen.selectTime(document.getTime()): null

18-05-2025T15:16:44 - [TEST_STEP][PASSED] - pdfSignScreen.fillInDescription(document.getDescription()): null

18-05-2025T15:16:45 - [TEST_STEP][PASSED] - pdfSignScreen.selectAssigner(getAssigner().getEmail()): null

18-05-2025T15:16:51 - [TEST_STEP][PASSED] - pdfSignScreen.openMainFileBrowser(): null

18-05-2025T15:16:56 - [TEST_STEP][PASSED] - fileBrowserScreen.attachFile(document.getMainFileName()): null

18-05-2025T15:17:03 - [TEST_STEP][PASSED] - pdfSignScreen.openSubFileBrowser(): null

18-05-2025T15:17:04 - [TEST_STEP][PASSED] - fileBrowserScreen.attachFile(document.getSubFileName()): null

18-05-2025T15:17:10 - [TEST_STEP][PASSED] - pdfSignScreen.performAction(SEND_APPROVE): null

18-05-2025T15:17:13 - [TEST_STEP][PASSED] - pdfSignScreen.fillInOpinion(document.getComment()): null

18-05-2025T15:17:15 - [TEST_STEP][PASSED] - pdfSignScreen.submitRequest(): null

18-05-2025T15:17:22 - [TEST_STEP][PASSED] - documentInformationScreen.backToHome(): null

18-05-2025T15:17:23 - [TEST_STEP][PASSED] - homeScreen.logout(): null

18-05-2025T15:17:31 - [TEST_STEP][PASSED] - document.setStatus(WAIT_APPROVE): null

18-05-2025T15:17:31 - [TEST_STEP][PASSED] - document.setAssigner(auto5): null

18-05-2025T15:17:31 - [TEST_STEP][PASSED] - loginScreen.login(auto6): null

18-05-2025T15:17:39 - [TEST_STEP][PASSED] - homeScreen.goToIncomingDocument(): null

18-05-2025T15:17:40 - [TEST_STEP][PASSED] - inComingDocument.viewInformationDocument(document): View document Trình ký 1747556180435

18-05-2025T15:17:40 - [MESSAGE][INFO] - View document Trình ký 1747556180435

18-05-2025T15:17:45 - [TEST_STEP][PASSED] - documentInformationScreen.checkDocumentTitle(document): Verify equals GUI: Trình ký 1747556180435 - DATA: Trình ký 1747556180435

18-05-2025T15:17:45 - [MESSAGE][PASSED] - Verify equals GUI: Trình ký 1747556180435 - DATA: Trình ký 1747556180435

18-05-2025T15:17:45 - [TEST_STEP][PASSED] - documentInformationScreen.checkSender(document): Verify equals GUI: Auto Test User 5 - DATA: Auto Test User 5

18-05-2025T15:17:46 - [MESSAGE][PASSED] - Verify equals GUI: Auto Test User 5 - DATA: Auto Test User 5

18-05-2025T15:17:46 - [TEST_STEP][PASSED] - documentInformationScreen.checkStatus(document): Verify equals GUI: Chờ giám sát phê duyệt - DATA: Chờ giám sát phê duyệt

18-05-2025T15:17:46 - [MESSAGE][PASSED] - Verify equals GUI: Chờ giám sát phê duyệt - DATA: Chờ giám sát phê duyệt

18-05-2025T15:17:46 - [TEST_STEP][PASSED] - documentInformationScreen.checkCreateDate(): Verify equals GUI: 18/05/2025 - DATA: 18/05/2025

18-05-2025T15:17:46 - [MESSAGE][PASSED] - Verify equals GUI: 18/05/2025 - DATA: 18/05/2025

18-05-2025T15:17:46 - [TEST_STEP][PASSED] - documentInformationScreen.checkFinishDate(document): Verify equals GUI: 19/05/2025 - DATA: 19/05/2025

18-05-2025T15:17:46 - [MESSAGE][PASSED] - Verify equals GUI: 19/05/2025 - DATA: 19/05/2025

18-05-2025T15:17:46 - [TEST_STEP][PASSED] - documentInformationScreen.checkPriority(document): Verify equals GUI: Khẩn cấp - DATA: Khẩn cấp

18-05-2025T15:17:46 - [MESSAGE][PASSED] - Verify equals GUI: Khẩn cấp - DATA: Khẩn cấp

18-05-2025T15:17:46 - [TEST_STEP][PASSED] - documentInformationScreen.checkDescription(document): Verify equals GUI: 012 DUYET CHI TIET_NHAP Y KIEN - DATA: 012 DUYET CHI TIET_NHAP Y KIEN

18-05-2025T15:17:46 - [MESSAGE][PASSED] - Verify equals GUI: 012 DUYET CHI TIET_NHAP Y KIEN - DATA: 012 DUYET CHI TIET_NHAP Y KIEN

18-05-2025T15:17:46 - [TEST_STEP][PASSED] - documentInformationScreen.checkAssigner(document): Verify contains GUI: auto5@hdbank.com.vn - DATA: auto5@hdbank.com.vn

18-05-2025T15:17:48 - [MESSAGE][PASSED] - Verify contains GUI: auto5@hdbank.com.vn - DATA: auto5@hdbank.com.vn

18-05-2025T15:17:48 - [TEST_STEP][PASSED] - documentInformationScreen.checkPresentFileName(document): Verify contains GUI: dummy_20250518151738.ozd - DATA: dummy

18-05-2025T15:17:49 - [MESSAGE][PASSED] - Verify contains GUI: dummy_20250518151738.ozd - DATA: dummy

18-05-2025T15:17:49 - [TEST_STEP][PASSED] - documentInformationScreen.checkAttachFileName(document): Expected true condition

18-05-2025T15:17:50 - [MESSAGE][PASSED] - Expected true condition

18-05-2025T15:17:50 - [TEST_STEP][PASSED] - documentInformationScreen.performAction(document, APPROVE, COMMENT): null

18-05-2025T15:17:55 - [TEST_STEP][PASSED] - documentInformationScreen.backToHome(): null

18-05-2025T15:17:57 - [TEST_STEP][PASSED] - document.setSender(auto6): null

18-05-2025T15:17:57 - [TEST_STEP][PASSED] - inComingDocument.checkItemInDocument(): null

18-05-2025T15:17:57 - [TEST_STEP][PASSED] - homeScreen.goToOutComingDocument(): null

18-05-2025T15:18:07 - [TEST_STEP][PASSED] - outComingDocument.viewInformationDocument(document): null

18-05-2025T15:18:08 - [TEST_STEP][PASSED] - documentInformationScreen.checkDocumentTitle(document): Verify equals GUI: Trình ký 1747556180435 - DATA: Trình ký 1747556180435

18-05-2025T15:18:12 - [MESSAGE][PASSED] - Verify equals GUI: Trình ký 1747556180435 - DATA: Trình ký 1747556180435

18-05-2025T15:18:12 - [TEST_STEP][PASSED] - documentInformationScreen.checkSender(document): Verify equals GUI: Auto Test User 6 - DATA: Auto Test User 6

18-05-2025T15:18:12 - [MESSAGE][PASSED] - Verify equals GUI: Auto Test User 6 - DATA: Auto Test User 6

18-05-2025T15:18:12 - [TEST_STEP][PASSED] - documentInformationScreen.checkStatus(document): Verify equals GUI: Đã duyệt - DATA: Đã duyệt

18-05-2025T15:18:12 - [MESSAGE][PASSED] - Verify equals GUI: Đã duyệt - DATA: Đã duyệt

18-05-2025T15:18:12 - [TEST_STEP][PASSED] - documentInformationScreen.checkCreateDate(): Verify equals GUI: 18/05/2025 - DATA: 18/05/2025

18-05-2025T15:18:13 - [MESSAGE][PASSED] - Verify equals GUI: 18/05/2025 - DATA: 18/05/2025

18-05-2025T15:18:13 - [TEST_STEP][PASSED] - documentInformationScreen.checkFinishDate(document): Verify equals GUI: 19/05/2025 - DATA: 19/05/2025

18-05-2025T15:18:13 - [MESSAGE][PASSED] - Verify equals GUI: 19/05/2025 - DATA: 19/05/2025

18-05-2025T15:18:13 - [TEST_STEP][PASSED] - documentInformationScreen.checkPriority(document): Verify equals GUI: Khẩn cấp - DATA: Khẩn cấp

18-05-2025T15:18:13 - [MESSAGE][PASSED] - Verify equals GUI: Khẩn cấp - DATA: Khẩn cấp

18-05-2025T15:18:13 - [TEST_STEP][PASSED] - documentInformationScreen.checkDescription(document): Verify equals GUI: 012 DUYET CHI TIET_NHAP Y KIEN - DATA: 012 DUYET CHI TIET_NHAP Y KIEN

18-05-2025T15:18:13 - [MESSAGE][PASSED] - Verify equals GUI: 012 DUYET CHI TIET_NHAP Y KIEN - DATA: 012 DUYET CHI TIET_NHAP Y KIEN

18-05-2025T15:18:13 - [TEST_STEP][PASSED] - documentInformationScreen.checkAssigner(document): Verify contains GUI: auto5@hdbank.com.vn - DATA: auto5@hdbank.com.vn

18-05-2025T15:18:14 - [MESSAGE][PASSED] - Verify contains GUI: auto5@hdbank.com.vn - DATA: auto5@hdbank.com.vn

18-05-2025T15:18:14 - [TEST_STEP][PASSED] - documentInformationScreen.checkPresentFileName(document): Verify contains GUI: dummy_20250518151738.ozd - DATA: dummy

18-05-2025T15:18:15 - [MESSAGE][PASSED] - Verify contains GUI: dummy_20250518151738.ozd - DATA: dummy

18-05-2025T15:18:15 - [TEST_STEP][PASSED] - documentInformationScreen.checkAttachFileName(document): Expected true condition

18-05-2025T15:18:17 - [MESSAGE][PASSED] - Expected true condition

18-05-2025T15:18:17 - [TEST_STEP][PASSED] - documentInformationScreen.checkComment(auto6, COMMENT): Check comment of Auto Test User 6 is Automation approve

18-05-2025T15:18:18 - [MESSAGE][INFO] - GUI COMMENT: Automation approve - DATA COMMENT: Automation approve

18-05-2025T15:18:18 - [MESSAGE][PASSED] - Check comment of Auto Test User 6 is Automation approve

18-05-2025T15:18:18 - [TEST_STEP][PASSED] - documentInformationScreen.backToHome(): null

18-05-2025T15:18:23 - [TEST_STEP][PASSED] - inComingDocument.checkItemInDocument(): null

18-05-2025T15:18:23 - [TEST_STEP][PASSED] - Start listener action : afterTest: null

18-05-2025T15:18:23 - [TEST_STEP][PASSED] - if (testCaseStatus != "PASSED"): null

18-05-2025T15:18:23 - [TEST_STEP][PASSED] - drivers.Driver.closeApp(): drivers.Driver.closeApp is PASSED

18-05-2025T15:18:23 - [MESSAGE][PASSED] - drivers.Driver.closeApp is PASSED

18-05-2025T15:18:23 - [TEST_STEP][PASSED] - if (tsContext == null): null]]></system-out>
         <system-err><![CDATA[]]></system-err>
      </testcase>
      <testcase name="Test Cases/IPAPER APP/018 TU CHOI NHANH" time="132.212" classname="Test Cases/IPAPER APP/018 TU CHOI NHANH" status="PASSED">
         <system-out><![CDATA[18-05-2025T15:18:23 - [TEST_CASE][PASSED] - Test Cases/IPAPER APP/018 TU CHOI NHANH: Test Cases/IPAPER APP/018 TU CHOI NHANH

18-05-2025T15:18:23 - [TEST_STEP][PASSED] - Start listener action : beforeTest: drivers.Driver.openApp is PASSED

18-05-2025T15:18:23 - [TEST_STEP][PASSED] - DataTest.init(): null

18-05-2025T15:18:23 - [TEST_STEP][PASSED] - testCaseId = split("/").last(): null

18-05-2025T15:18:23 - [TEST_STEP][PASSED] - if (!(drivers.Driver.isAppiumRunning())): drivers.Driver.isAppiumRunning is PASSED

18-05-2025T15:18:23 - [MESSAGE][INFO] - Appium running: true

18-05-2025T15:18:23 - [MESSAGE][PASSED] - drivers.Driver.isAppiumRunning is PASSED

18-05-2025T15:18:23 - [TEST_STEP][PASSED] - if (driver == null || driver.getSessionId() == null): null

18-05-2025T15:18:23 - [TEST_STEP][PASSED] - drivers.Driver.openApp(): drivers.Driver.openApp is PASSED

18-05-2025T15:18:25 - [MESSAGE][PASSED] - drivers.Driver.openApp is PASSED

18-05-2025T15:18:25 - [TEST_STEP][PASSED] - REQUEST_NAME = "Trình ký PDF có sẵn": null

18-05-2025T15:18:25 - [TEST_STEP][PASSED] - COMMENT = "Commented by automation team in case 18": null

18-05-2025T15:18:25 - [TEST_STEP][PASSED] - auto5 = DataTest.getUserTest("auto5"): null

18-05-2025T15:18:25 - [TEST_STEP][PASSED] - auto6 = DataTest.getUserTest("auto6"): null

18-05-2025T15:18:25 - [TEST_STEP][PASSED] - document = DataTest.createDocumentTest(auto5, auto6, null, "dummy.pdf", "dummy.pdf"): null

18-05-2025T15:18:25 - [TEST_STEP][PASSED] - loginScreen.login(auto5): null

18-05-2025T15:18:34 - [TEST_STEP][PASSED] - homeScreen.openRequestList(): null

18-05-2025T15:18:39 - [TEST_STEP][PASSED] - homeScreen.createRequest(REQUEST_NAME): null

18-05-2025T15:18:42 - [TEST_STEP][PASSED] - pdfSignScreen.fillInTitle(document.getTitle()): null

18-05-2025T15:18:45 - [TEST_STEP][PASSED] - pdfSignScreen.selectPriority(document.getPriority()): null

18-05-2025T15:18:47 - [TEST_STEP][PASSED] - pdfSignScreen.selectTime(document.getTime()): null

18-05-2025T15:18:50 - [TEST_STEP][PASSED] - pdfSignScreen.fillInDescription(document.getDescription()): null

18-05-2025T15:18:52 - [TEST_STEP][PASSED] - pdfSignScreen.selectAssigner(getAssigner().getEmail()): null

18-05-2025T15:18:58 - [TEST_STEP][PASSED] - pdfSignScreen.openMainFileBrowser(): null

18-05-2025T15:19:03 - [TEST_STEP][PASSED] - fileBrowserScreen.attachFile(document.getMainFileName()): null

18-05-2025T15:19:09 - [TEST_STEP][PASSED] - pdfSignScreen.openSubFileBrowser(): null

18-05-2025T15:19:10 - [TEST_STEP][PASSED] - fileBrowserScreen.attachFile(document.getSubFileName()): null

18-05-2025T15:19:17 - [TEST_STEP][PASSED] - pdfSignScreen.performAction(SEND_APPROVE): null

18-05-2025T15:19:21 - [TEST_STEP][PASSED] - pdfSignScreen.fillInOpinion(document.getComment()): null

18-05-2025T15:19:21 - [TEST_STEP][PASSED] - pdfSignScreen.submitRequest(): null

18-05-2025T15:19:28 - [TEST_STEP][PASSED] - documentInformationScreen.backToHome(): null

18-05-2025T15:19:28 - [TEST_STEP][PASSED] - homeScreen.logout(): null

18-05-2025T15:19:37 - [TEST_STEP][PASSED] - document.setStatus(WAIT_APPROVE): null

18-05-2025T15:19:37 - [TEST_STEP][PASSED] - document.setAssigner(auto5): null

18-05-2025T15:19:37 - [TEST_STEP][PASSED] - loginScreen.login(auto6): null

18-05-2025T15:19:46 - [TEST_STEP][PASSED] - homeScreen.goToIncomingDocument(): null

18-05-2025T15:19:46 - [TEST_STEP][PASSED] - inComingDocument.viewInformationDocument(document): View document Trình ký 1747556305866

18-05-2025T15:19:46 - [MESSAGE][INFO] - View document Trình ký 1747556305866

18-05-2025T15:19:51 - [TEST_STEP][PASSED] - documentInformationScreen.checkDocumentTitle(document): Verify equals GUI: Trình ký 1747556305866 - DATA: Trình ký 1747556305866

18-05-2025T15:19:52 - [MESSAGE][PASSED] - Verify equals GUI: Trình ký 1747556305866 - DATA: Trình ký 1747556305866

18-05-2025T15:19:52 - [TEST_STEP][PASSED] - documentInformationScreen.checkSender(document): Verify equals GUI: Auto Test User 5 - DATA: Auto Test User 5

18-05-2025T15:19:52 - [MESSAGE][PASSED] - Verify equals GUI: Auto Test User 5 - DATA: Auto Test User 5

18-05-2025T15:19:52 - [TEST_STEP][PASSED] - documentInformationScreen.checkStatus(document): Verify equals GUI: Chờ giám sát phê duyệt - DATA: Chờ giám sát phê duyệt

18-05-2025T15:19:52 - [MESSAGE][PASSED] - Verify equals GUI: Chờ giám sát phê duyệt - DATA: Chờ giám sát phê duyệt

18-05-2025T15:19:52 - [TEST_STEP][PASSED] - documentInformationScreen.checkCreateDate(): Verify equals GUI: 18/05/2025 - DATA: 18/05/2025

18-05-2025T15:19:52 - [MESSAGE][PASSED] - Verify equals GUI: 18/05/2025 - DATA: 18/05/2025

18-05-2025T15:19:52 - [TEST_STEP][PASSED] - documentInformationScreen.checkFinishDate(document): Verify equals GUI: 19/05/2025 - DATA: 19/05/2025

18-05-2025T15:19:52 - [MESSAGE][PASSED] - Verify equals GUI: 19/05/2025 - DATA: 19/05/2025

18-05-2025T15:19:52 - [TEST_STEP][PASSED] - documentInformationScreen.checkPriority(document): Verify equals GUI: Bình thường - DATA: Bình thường

18-05-2025T15:19:52 - [MESSAGE][PASSED] - Verify equals GUI: Bình thường - DATA: Bình thường

18-05-2025T15:19:52 - [TEST_STEP][PASSED] - documentInformationScreen.checkDescription(document): Verify equals GUI: 018 TU CHOI NHANH - DATA: 018 TU CHOI NHANH

18-05-2025T15:19:52 - [MESSAGE][PASSED] - Verify equals GUI: 018 TU CHOI NHANH - DATA: 018 TU CHOI NHANH

18-05-2025T15:19:52 - [TEST_STEP][PASSED] - documentInformationScreen.checkAssigner(document): Verify contains GUI: auto5@hdbank.com.vn - DATA: auto5@hdbank.com.vn

18-05-2025T15:19:54 - [MESSAGE][PASSED] - Verify contains GUI: auto5@hdbank.com.vn - DATA: auto5@hdbank.com.vn

18-05-2025T15:19:54 - [TEST_STEP][PASSED] - documentInformationScreen.checkPresentFileName(document): Verify contains GUI: dummy_20250518151945.ozd - DATA: dummy

18-05-2025T15:19:54 - [MESSAGE][PASSED] - Verify contains GUI: dummy_20250518151945.ozd - DATA: dummy

18-05-2025T15:19:54 - [TEST_STEP][PASSED] - documentInformationScreen.checkAttachFileName(document): Expected true condition

18-05-2025T15:19:56 - [MESSAGE][PASSED] - Expected true condition

18-05-2025T15:19:56 - [TEST_STEP][PASSED] - documentInformationScreen.backToHome(): null

18-05-2025T15:20:00 - [TEST_STEP][PASSED] - inComingDocument.performAction(document, REJECT): null

18-05-2025T15:20:06 - [TEST_STEP][PASSED] - inComingDocument.checkItemInDocument(): null

18-05-2025T15:20:06 - [TEST_STEP][PASSED] - homeScreen.goToOutComingDocument(): null

18-05-2025T15:20:16 - [TEST_STEP][PASSED] - outComingDocument.viewInformationDocument(document): null

18-05-2025T15:20:17 - [TEST_STEP][PASSED] - documentInformationScreen.checkDocumentTitle(document): Verify equals GUI: Trình ký 1747556305866 - DATA: Trình ký 1747556305866

18-05-2025T15:20:20 - [MESSAGE][PASSED] - Verify equals GUI: Trình ký 1747556305866 - DATA: Trình ký 1747556305866

18-05-2025T15:20:20 - [TEST_STEP][PASSED] - documentInformationScreen.checkSender(document): Verify equals GUI: Auto Test User 5 - DATA: Auto Test User 5

18-05-2025T15:20:20 - [MESSAGE][PASSED] - Verify equals GUI: Auto Test User 5 - DATA: Auto Test User 5

18-05-2025T15:20:20 - [TEST_STEP][PASSED] - documentInformationScreen.checkStatus(document): Verify equals GUI: Từ chối - DATA: Từ chối

18-05-2025T15:20:20 - [MESSAGE][PASSED] - Verify equals GUI: Từ chối - DATA: Từ chối

18-05-2025T15:20:20 - [TEST_STEP][PASSED] - documentInformationScreen.checkCreateDate(): Verify equals GUI: 18/05/2025 - DATA: 18/05/2025

18-05-2025T15:20:20 - [MESSAGE][PASSED] - Verify equals GUI: 18/05/2025 - DATA: 18/05/2025

18-05-2025T15:20:20 - [TEST_STEP][PASSED] - documentInformationScreen.checkFinishDate(document): Verify equals GUI: 19/05/2025 - DATA: 19/05/2025

18-05-2025T15:20:20 - [MESSAGE][PASSED] - Verify equals GUI: 19/05/2025 - DATA: 19/05/2025

18-05-2025T15:20:20 - [TEST_STEP][PASSED] - documentInformationScreen.checkPriority(document): Verify equals GUI: Bình thường - DATA: Bình thường

18-05-2025T15:20:20 - [MESSAGE][PASSED] - Verify equals GUI: Bình thường - DATA: Bình thường

18-05-2025T15:20:20 - [TEST_STEP][PASSED] - documentInformationScreen.checkDescription(document): Verify equals GUI: 018 TU CHOI NHANH - DATA: 018 TU CHOI NHANH

18-05-2025T15:20:20 - [MESSAGE][PASSED] - Verify equals GUI: 018 TU CHOI NHANH - DATA: 018 TU CHOI NHANH

18-05-2025T15:20:20 - [TEST_STEP][PASSED] - documentInformationScreen.isAssignerDisplayed(): Check sender not displayed

18-05-2025T15:20:24 - [MESSAGE][PASSED] - Check sender not displayed

18-05-2025T15:20:24 - [TEST_STEP][PASSED] - documentInformationScreen.checkPresentFileName(document): Verify contains GUI: dummy_20250518151945.ozd - DATA: dummy

18-05-2025T15:20:29 - [MESSAGE][PASSED] - Verify contains GUI: dummy_20250518151945.ozd - DATA: dummy

18-05-2025T15:20:29 - [TEST_STEP][PASSED] - documentInformationScreen.checkAttachFileName(document): Expected true condition

18-05-2025T15:20:31 - [MESSAGE][PASSED] - Expected true condition

18-05-2025T15:20:31 - [TEST_STEP][PASSED] - documentInformationScreen.backToHome(): null

18-05-2025T15:20:35 - [TEST_STEP][PASSED] - outComingDocument.checkItemInDocument(): null

18-05-2025T15:20:35 - [TEST_STEP][PASSED] - Start listener action : afterTest: null

18-05-2025T15:20:35 - [TEST_STEP][PASSED] - if (testCaseStatus != "PASSED"): null

18-05-2025T15:20:35 - [TEST_STEP][PASSED] - drivers.Driver.closeApp(): drivers.Driver.closeApp is PASSED

18-05-2025T15:20:36 - [MESSAGE][PASSED] - drivers.Driver.closeApp is PASSED

18-05-2025T15:20:36 - [TEST_STEP][PASSED] - if (tsContext == null): null]]></system-out>
         <system-err><![CDATA[]]></system-err>
      </testcase>
      <testcase name="Test Cases/IPAPER APP/026 TRA VE TAI MAIN FILE_KHONG NHAP Y KIEN" time="118.627" classname="Test Cases/IPAPER APP/026 TRA VE TAI MAIN FILE_KHONG NHAP Y KIEN" status="PASSED">
         <system-out><![CDATA[18-05-2025T15:20:36 - [TEST_CASE][PASSED] - Test Cases/IPAPER APP/026 TRA VE TAI MAIN FILE_KHONG NHAP Y KIEN: Test Cases/IPAPER APP/026 TRA VE TAI MAIN FILE_KHONG NHAP Y KIEN

18-05-2025T15:20:36 - [TEST_STEP][PASSED] - Start listener action : beforeTest: drivers.Driver.openApp is PASSED

18-05-2025T15:20:36 - [TEST_STEP][PASSED] - DataTest.init(): null

18-05-2025T15:20:36 - [TEST_STEP][PASSED] - testCaseId = split("/").last(): null

18-05-2025T15:20:36 - [TEST_STEP][PASSED] - if (!(drivers.Driver.isAppiumRunning())): drivers.Driver.isAppiumRunning is PASSED

18-05-2025T15:20:36 - [MESSAGE][INFO] - Appium running: true

18-05-2025T15:20:36 - [MESSAGE][PASSED] - drivers.Driver.isAppiumRunning is PASSED

18-05-2025T15:20:36 - [TEST_STEP][PASSED] - if (driver == null || driver.getSessionId() == null): null

18-05-2025T15:20:36 - [TEST_STEP][PASSED] - drivers.Driver.openApp(): drivers.Driver.openApp is PASSED

18-05-2025T15:20:38 - [MESSAGE][PASSED] - drivers.Driver.openApp is PASSED

18-05-2025T15:20:38 - [TEST_STEP][PASSED] - REQUEST_NAME = "Trình ký PDF có sẵn": null

18-05-2025T15:20:38 - [TEST_STEP][PASSED] - COMMENT = " ": null

18-05-2025T15:20:38 - [TEST_STEP][PASSED] - auto5 = DataTest.getUserTest("auto5"): null

18-05-2025T15:20:38 - [TEST_STEP][PASSED] - auto6 = DataTest.getUserTest("auto6"): null

18-05-2025T15:20:38 - [TEST_STEP][PASSED] - document = DataTest.createDocumentTest(auto5, auto6, null, "dummy.pdf", "dummy.pdf"): null

18-05-2025T15:20:38 - [TEST_STEP][PASSED] - loginScreen.login(auto5): null

18-05-2025T15:20:45 - [TEST_STEP][PASSED] - homeScreen.openRequestList(): null

18-05-2025T15:20:51 - [TEST_STEP][PASSED] - homeScreen.createRequest(REQUEST_NAME): null

18-05-2025T15:20:54 - [TEST_STEP][PASSED] - pdfSignScreen.fillInTitle(document.getTitle()): null

18-05-2025T15:20:57 - [TEST_STEP][PASSED] - pdfSignScreen.selectPriority(document.getPriority()): null

18-05-2025T15:20:59 - [TEST_STEP][PASSED] - pdfSignScreen.selectTime(document.getTime()): null

18-05-2025T15:21:02 - [TEST_STEP][PASSED] - pdfSignScreen.fillInDescription(document.getDescription()): null

18-05-2025T15:21:03 - [TEST_STEP][PASSED] - pdfSignScreen.selectAssigner(getAssigner().getEmail()): null

18-05-2025T15:21:10 - [TEST_STEP][PASSED] - pdfSignScreen.openMainFileBrowser(): null

18-05-2025T15:21:14 - [TEST_STEP][PASSED] - fileBrowserScreen.attachFile(document.getMainFileName()): null

18-05-2025T15:21:21 - [TEST_STEP][PASSED] - pdfSignScreen.openSubFileBrowser(): null

18-05-2025T15:21:22 - [TEST_STEP][PASSED] - fileBrowserScreen.attachFile(document.getSubFileName()): null

18-05-2025T15:21:28 - [TEST_STEP][PASSED] - pdfSignScreen.performAction(SEND_APPROVE): null

18-05-2025T15:21:32 - [TEST_STEP][PASSED] - pdfSignScreen.fillInOpinion(document.getComment()): null

18-05-2025T15:21:33 - [TEST_STEP][PASSED] - pdfSignScreen.submitRequest(): null

18-05-2025T15:21:41 - [TEST_STEP][PASSED] - documentInformationScreen.backToHome(): null

18-05-2025T15:21:41 - [TEST_STEP][PASSED] - homeScreen.logout(): null

18-05-2025T15:21:49 - [TEST_STEP][PASSED] - document.setStatus(WAIT_APPROVE): null

18-05-2025T15:21:49 - [TEST_STEP][PASSED] - loginScreen.login(auto6): null

18-05-2025T15:21:58 - [TEST_STEP][PASSED] - homeScreen.goToIncomingDocument(): null

18-05-2025T15:21:58 - [TEST_STEP][PASSED] - inComingDocument.viewMainFile(document): null

18-05-2025T15:21:59 - [TEST_STEP][PASSED] - documentInformationScreen.performAction(document, RETURN): null

18-05-2025T15:22:05 - [TEST_STEP][PASSED] - document.setSender(auto6): null

18-05-2025T15:22:05 - [TEST_STEP][PASSED] - documentInformationScreen.backToHome(): null

18-05-2025T15:22:06 - [TEST_STEP][PASSED] - inComingDocument.checkItemInDocument(): null

18-05-2025T15:22:06 - [TEST_STEP][PASSED] - homeScreen.goToOutComingDocument(): null

18-05-2025T15:22:16 - [TEST_STEP][PASSED] - outComingDocument.viewInformationDocument(document): null

18-05-2025T15:22:17 - [TEST_STEP][PASSED] - documentInformationScreen.checkDocumentTitle(document): Verify equals GUI: Trình ký 1747556438099 - DATA: Trình ký 1747556438099

18-05-2025T15:22:21 - [MESSAGE][PASSED] - Verify equals GUI: Trình ký 1747556438099 - DATA: Trình ký 1747556438099

18-05-2025T15:22:21 - [TEST_STEP][PASSED] - documentInformationScreen.checkSender(document): Verify equals GUI: Auto Test User 6 - DATA: Auto Test User 6

18-05-2025T15:22:21 - [MESSAGE][PASSED] - Verify equals GUI: Auto Test User 6 - DATA: Auto Test User 6

18-05-2025T15:22:21 - [TEST_STEP][PASSED] - documentInformationScreen.checkStatus(document): Verify equals GUI: Chờ bổ sung hồ sơ - DATA: Chờ bổ sung hồ sơ

18-05-2025T15:22:22 - [MESSAGE][PASSED] - Verify equals GUI: Chờ bổ sung hồ sơ - DATA: Chờ bổ sung hồ sơ

18-05-2025T15:22:22 - [TEST_STEP][PASSED] - documentInformationScreen.checkCreateDate(): Verify equals GUI: 18/05/2025 - DATA: 18/05/2025

18-05-2025T15:22:22 - [MESSAGE][PASSED] - Verify equals GUI: 18/05/2025 - DATA: 18/05/2025

18-05-2025T15:22:22 - [TEST_STEP][PASSED] - documentInformationScreen.checkFinishDate(document): Verify equals GUI: 19/05/2025 - DATA: 19/05/2025

18-05-2025T15:22:22 - [MESSAGE][PASSED] - Verify equals GUI: 19/05/2025 - DATA: 19/05/2025

18-05-2025T15:22:22 - [TEST_STEP][PASSED] - documentInformationScreen.checkPriority(document): Verify equals GUI: Bình thường - DATA: Bình thường

18-05-2025T15:22:22 - [MESSAGE][PASSED] - Verify equals GUI: Bình thường - DATA: Bình thường

18-05-2025T15:22:22 - [TEST_STEP][PASSED] - documentInformationScreen.isAssignerDisplayed(): Check sender not displayed

18-05-2025T15:22:25 - [MESSAGE][PASSED] - Check sender not displayed

18-05-2025T15:22:25 - [TEST_STEP][PASSED] - documentInformationScreen.checkDescription(document): Verify equals GUI: 026 TRA VE TAI MAIN FILE_KHONG NHAP Y KIEN - DATA: 026 TRA VE TAI MAIN FILE_KHONG NHAP Y KIEN

18-05-2025T15:22:25 - [MESSAGE][PASSED] - Verify equals GUI: 026 TRA VE TAI MAIN FILE_KHONG NHAP Y KIEN - DATA: 026 TRA VE TAI MAIN FILE_KHONG NHAP Y KIEN

18-05-2025T15:22:25 - [TEST_STEP][PASSED] - documentInformationScreen.checkPresentFileName(document): Verify contains GUI: dummy_20250518152156.ozd - DATA: dummy

18-05-2025T15:22:26 - [MESSAGE][PASSED] - Verify contains GUI: dummy_20250518152156.ozd - DATA: dummy

18-05-2025T15:22:26 - [TEST_STEP][PASSED] - documentInformationScreen.checkAttachFileName(document): Expected true condition

18-05-2025T15:22:28 - [MESSAGE][PASSED] - Expected true condition

18-05-2025T15:22:28 - [TEST_STEP][PASSED] - documentInformationScreen.checkComment(auto6, COMMENT): Check comment of Auto Test User 6 is  

18-05-2025T15:22:29 - [MESSAGE][INFO] - GUI COMMENT: Không có bình luận - DATA COMMENT:  

18-05-2025T15:22:29 - [MESSAGE][PASSED] - Check comment of Auto Test User 6 is  

18-05-2025T15:22:29 - [TEST_STEP][PASSED] - documentInformationScreen.backToHome(): null

18-05-2025T15:22:34 - [TEST_STEP][PASSED] - inComingDocument.checkItemInDocument(): null

18-05-2025T15:22:34 - [TEST_STEP][PASSED] - Start listener action : afterTest: null

18-05-2025T15:22:34 - [TEST_STEP][PASSED] - if (testCaseStatus != "PASSED"): null

18-05-2025T15:22:34 - [TEST_STEP][PASSED] - drivers.Driver.closeApp(): drivers.Driver.closeApp is PASSED

18-05-2025T15:22:34 - [MESSAGE][PASSED] - drivers.Driver.closeApp is PASSED

18-05-2025T15:22:34 - [TEST_STEP][PASSED] - if (tsContext == null): null]]></system-out>
         <system-err><![CDATA[]]></system-err>
      </testcase>
      <system-out><![CDATA[18-05-2025T14:17:42 - [TEST_SUITE][INCOMPLETE] - Demo: null]]></system-out>
      <system-err><![CDATA[18-05-2025T14:17:42 - [TEST_SUITE][INCOMPLETE] - Demo: null]]></system-err>
   </testsuite>
</testsuites>
