<?xml version="1.0" encoding="UTF-8"?>
<testsuites name="Demo" time="3777.974" tests="17" failures="0" errors="13">
   <testsuite name="Demo" tests="17" failures="0" errors="13" time="3777.974" skipped="0" timestamp="18-05-2025T08:26:13" hostname="cuongvo - 125.235.4.59.adsl.viettel.vn" id="Test Suites/Demo">
      <properties>
         <property name="deviceName" value="null"/>
         <property name="devicePlatform" value="null"/>
         <property name="logFolder" value="/Users/cuongvo/hdb_katalon/IPaper/Reports/20250518_082610/Demo/20250518_082611"/>
         <property name="logFiles" value="/Users/cuongvo/hdb_katalon/IPaper/Reports/20250518_082610/Demo/20250518_082611/execution0.log"/>
         <property name="attachments" value="ErrorScreen/Android/Test Cases/IPAPER APP/044 TAI FILE TAI MAIN FILE_HO SO DEN.png, ErrorScreen/Android/Test Cases/IPAPER APP/043 TAI FILE TAI CHI TIET HO SO_HO SO DEN.png"/>
         <property name="hostName" value="cuongvo - 125.235.4.59.adsl.viettel.vn"/>
         <property name="os" value="Mac OS X 64bit"/>
         <property name="appiumServerStatus" value="{&quot;value&quot;:{&quot;ready&quot;:true,&quot;message&quot;:&quot;The server is ready to accept new connections&quot;,&quot;build&quot;:{&quot;version&quot;:&quot;2.17.1&quot;}}}"/>
         <property name="katalonVersion" value="9.7.5.223"/>
         <property name="deviceOS" value="null"/>
         <property name="appiumVersion" value="2.17.1"/>
         <property name="deviceModel" value="null"/>
         <property name="hostAddress" value="125.235.4.59"/>
         <property name="deviceManufacturer" value="null"/>
         <property name="deviceId" value="null"/>
         <property name="deviceName" value="null"/>
         <property name="deviceOSVersion" value="null"/>
      </properties>
      <testcase name="Test Cases/IPAPER APP/060 DINH NGHIA QUY TRINH CO SAN" time="154.644" classname="Test Cases/IPAPER APP/060 DINH NGHIA QUY TRINH CO SAN" status="PASSED">
         <system-out><![CDATA[18-05-2025T08:26:20 - [TEST_CASE][PASSED] - Test Cases/IPAPER APP/060 DINH NGHIA QUY TRINH CO SAN: Test Cases/IPAPER APP/060 DINH NGHIA QUY TRINH CO SAN

18-05-2025T08:26:20 - [TEST_STEP][PASSED] - Start listener action : beforeTest: drivers.Driver.openApp is PASSED

18-05-2025T08:26:20 - [TEST_STEP][PASSED] - DataTest.init(): null

18-05-2025T08:26:20 - [TEST_STEP][PASSED] - testCaseId = split("/").last(): null

18-05-2025T08:26:20 - [TEST_STEP][PASSED] - if (!(drivers.Driver.isAppiumRunning())): drivers.Driver.isAppiumRunning is PASSED

18-05-2025T08:26:20 - [MESSAGE][INFO] - Appium running: true

18-05-2025T08:26:20 - [MESSAGE][PASSED] - drivers.Driver.isAppiumRunning is PASSED

18-05-2025T08:26:20 - [TEST_STEP][PASSED] - if (driver == null || driver.getSessionId() == null): null

18-05-2025T08:26:20 - [TEST_STEP][PASSED] - drivers.Driver.openApp(): drivers.Driver.openApp is PASSED

18-05-2025T08:26:23 - [MESSAGE][PASSED] - drivers.Driver.openApp is PASSED

18-05-2025T08:26:23 - [TEST_STEP][PASSED] - REQUEST_NAME = "Trình ký PDF có sẵn": null

18-05-2025T08:26:23 - [TEST_STEP][PASSED] - PROCESS_NAME = "Automation Test": null

18-05-2025T08:26:23 - [TEST_STEP][PASSED] - TO_DAY = SimpleDateFormat(dd/MM/yyyy).format(new java.util.Date()): null

18-05-2025T08:26:23 - [TEST_STEP][PASSED] - auto5 = DataTest.getUserTest("auto5"): null

18-05-2025T08:26:23 - [TEST_STEP][PASSED] - auto6 = DataTest.getUserTest("auto6"): null

18-05-2025T08:26:23 - [TEST_STEP][PASSED] - auto7 = DataTest.getUserTest("auto7"): null

18-05-2025T08:26:23 - [TEST_STEP][PASSED] - auto8 = DataTest.getUserTest("auto8"): null

18-05-2025T08:26:23 - [TEST_STEP][PASSED] - document = DataTest.createDocumentTest(auto5, auto6, auto7, "dummy.pdf", "dummy.pdf"): null

18-05-2025T08:26:23 - [TEST_STEP][PASSED] - loginScreen.login(auto5): null

18-05-2025T08:26:31 - [TEST_STEP][PASSED] - homeScreen.openRequestList(): null

18-05-2025T08:26:37 - [TEST_STEP][PASSED] - homeScreen.createRequest(REQUEST_NAME): null

18-05-2025T08:26:40 - [TEST_STEP][PASSED] - pdfSignScreen.fillInTitle(title): null

18-05-2025T08:26:45 - [TEST_STEP][PASSED] - pdfSignScreen.selectPriority(priority): null

18-05-2025T08:26:47 - [TEST_STEP][PASSED] - pdfSignScreen.selectTime(time): null

18-05-2025T08:26:50 - [TEST_STEP][PASSED] - pdfSignScreen.fillInDescription(description): null

18-05-2025T08:26:52 - [TEST_STEP][PASSED] - pdfSignScreen.openMainFileBrowser(): null

18-05-2025T08:26:53 - [TEST_STEP][PASSED] - fileBrowserScreen.attachFile(mainFileName): null

18-05-2025T08:27:00 - [TEST_STEP][PASSED] - pdfSignScreen.openSubFileBrowser(): null

18-05-2025T08:27:05 - [TEST_STEP][PASSED] - fileBrowserScreen.attachFile(subFileName): null

18-05-2025T08:27:12 - [TEST_STEP][PASSED] - pdfSignScreen.selectProcessDefined(PROCESS_NAME): null

18-05-2025T08:27:17 - [TEST_STEP][PASSED] - pdfSignScreen.performAction(SEND_APPROVE): null

18-05-2025T08:27:20 - [TEST_STEP][PASSED] - pdfSignScreen.fillInOpinion(document.getComment()): null

18-05-2025T08:27:20 - [TEST_STEP][PASSED] - pdfSignScreen.submitRequest(): null

18-05-2025T08:27:39 - [TEST_STEP][PASSED] - document.setStatus(WAIT_APPROVE): null

18-05-2025T08:27:39 - [TEST_STEP][PASSED] - documentInformationScreen.backToHome(): null

18-05-2025T08:27:39 - [TEST_STEP][PASSED] - homeScreen.goToOutComingDocument(): null

18-05-2025T08:27:50 - [TEST_STEP][PASSED] - outComingDocument.viewInformationDocument(document): null

18-05-2025T08:27:52 - [TEST_STEP][PASSED] - documentInformationScreen.checkDocumentTitle(document): Verify equals GUI: Trình ký 1747531583200 - DATA: Trình ký 1747531583200

18-05-2025T08:27:59 - [MESSAGE][PASSED] - Verify equals GUI: Trình ký 1747531583200 - DATA: Trình ký 1747531583200

18-05-2025T08:27:59 - [TEST_STEP][PASSED] - documentInformationScreen.checkSender(document): Verify equals GUI: Auto Test User 5 - DATA: Auto Test User 5

18-05-2025T08:27:59 - [MESSAGE][PASSED] - Verify equals GUI: Auto Test User 5 - DATA: Auto Test User 5

18-05-2025T08:27:59 - [TEST_STEP][PASSED] - documentInformationScreen.checkStatus(document): Verify equals GUI: Chờ giám sát phê duyệt - DATA: Chờ giám sát phê duyệt

18-05-2025T08:27:59 - [MESSAGE][PASSED] - Verify equals GUI: Chờ giám sát phê duyệt - DATA: Chờ giám sát phê duyệt

18-05-2025T08:27:59 - [TEST_STEP][PASSED] - documentInformationScreen.checkCreateDate(): Verify equals GUI: 18/05/2025 - DATA: 18/05/2025

18-05-2025T08:27:59 - [MESSAGE][PASSED] - Verify equals GUI: 18/05/2025 - DATA: 18/05/2025

18-05-2025T08:27:59 - [TEST_STEP][PASSED] - documentInformationScreen.checkFinishDate(document): Verify equals GUI: 19/05/2025 - DATA: 19/05/2025

18-05-2025T08:27:59 - [MESSAGE][PASSED] - Verify equals GUI: 19/05/2025 - DATA: 19/05/2025

18-05-2025T08:27:59 - [TEST_STEP][PASSED] - documentInformationScreen.checkPriority(document): Verify equals GUI: Bình thường - DATA: Bình thường

18-05-2025T08:28:00 - [MESSAGE][PASSED] - Verify equals GUI: Bình thường - DATA: Bình thường

18-05-2025T08:28:00 - [TEST_STEP][PASSED] - documentInformationScreen.checkDescription(document): Verify equals GUI: 060 DINH NGHIA QUY TRINH CO SAN - DATA: 060 DINH NGHIA QUY TRINH CO SAN

18-05-2025T08:28:00 - [MESSAGE][PASSED] - Verify equals GUI: 060 DINH NGHIA QUY TRINH CO SAN - DATA: 060 DINH NGHIA QUY TRINH CO SAN

18-05-2025T08:28:00 - [TEST_STEP][PASSED] - documentInformationScreen.checkPresentFileName(document): Verify contains GUI: dummy_20250518082736.ozd - DATA: dummy

18-05-2025T08:28:01 - [MESSAGE][PASSED] - Verify contains GUI: dummy_20250518082736.ozd - DATA: dummy

18-05-2025T08:28:01 - [TEST_STEP][PASSED] - documentInformationScreen.checkAttachFileName(document): Expected true condition

18-05-2025T08:28:03 - [MESSAGE][PASSED] - Expected true condition

18-05-2025T08:28:03 - [TEST_STEP][PASSED] - documentInformationScreen.checkAssigners(auto6, auto7, auto8): Checking if all user emails are present in the list

18-05-2025T08:28:11 - [MESSAGE][PASSED] - Checking if all user emails are present in the list

18-05-2025T08:28:11 - [TEST_STEP][PASSED] - documentInformationScreen.backToHome(): null

18-05-2025T08:28:16 - [TEST_STEP][PASSED] - homeScreen.logout(): null

18-05-2025T08:28:24 - [TEST_STEP][PASSED] - loginScreen.login(auto6): null

18-05-2025T08:28:34 - [TEST_STEP][PASSED] - document.setAssigner(auto5): null

18-05-2025T08:28:34 - [TEST_STEP][PASSED] - homeScreen.goToIncomingDocument(): null

18-05-2025T08:28:34 - [TEST_STEP][PASSED] - inComingDocument.viewInformationDocument(document): View document Trình ký 1747531583200

18-05-2025T08:28:34 - [MESSAGE][INFO] - View document Trình ký 1747531583200

18-05-2025T08:28:41 - [TEST_STEP][PASSED] - documentInformationScreen.checkDocumentTitle(document): Verify equals GUI: Trình ký 1747531583200 - DATA: Trình ký 1747531583200

18-05-2025T08:28:41 - [MESSAGE][PASSED] - Verify equals GUI: Trình ký 1747531583200 - DATA: Trình ký 1747531583200

18-05-2025T08:28:41 - [TEST_STEP][PASSED] - documentInformationScreen.checkSender(document): Verify equals GUI: Auto Test User 5 - DATA: Auto Test User 5

18-05-2025T08:28:41 - [MESSAGE][PASSED] - Verify equals GUI: Auto Test User 5 - DATA: Auto Test User 5

18-05-2025T08:28:41 - [TEST_STEP][PASSED] - documentInformationScreen.checkStatus(document): Verify equals GUI: Chờ giám sát phê duyệt - DATA: Chờ giám sát phê duyệt

18-05-2025T08:28:41 - [MESSAGE][PASSED] - Verify equals GUI: Chờ giám sát phê duyệt - DATA: Chờ giám sát phê duyệt

18-05-2025T08:28:41 - [TEST_STEP][PASSED] - documentInformationScreen.checkCreateDate(): Verify equals GUI: 18/05/2025 - DATA: 18/05/2025

18-05-2025T08:28:42 - [MESSAGE][PASSED] - Verify equals GUI: 18/05/2025 - DATA: 18/05/2025

18-05-2025T08:28:42 - [TEST_STEP][PASSED] - documentInformationScreen.checkFinishDate(document): Verify equals GUI: 19/05/2025 - DATA: 19/05/2025

18-05-2025T08:28:42 - [MESSAGE][PASSED] - Verify equals GUI: 19/05/2025 - DATA: 19/05/2025

18-05-2025T08:28:42 - [TEST_STEP][PASSED] - documentInformationScreen.checkPriority(document): Verify equals GUI: Bình thường - DATA: Bình thường

18-05-2025T08:28:42 - [MESSAGE][PASSED] - Verify equals GUI: Bình thường - DATA: Bình thường

18-05-2025T08:28:42 - [TEST_STEP][PASSED] - documentInformationScreen.checkDescription(document): Verify equals GUI: 060 DINH NGHIA QUY TRINH CO SAN - DATA: 060 DINH NGHIA QUY TRINH CO SAN

18-05-2025T08:28:42 - [MESSAGE][PASSED] - Verify equals GUI: 060 DINH NGHIA QUY TRINH CO SAN - DATA: 060 DINH NGHIA QUY TRINH CO SAN

18-05-2025T08:28:42 - [TEST_STEP][PASSED] - documentInformationScreen.checkPresentFileName(document): Verify contains GUI: dummy_20250518082736.ozd - DATA: dummy

18-05-2025T08:28:47 - [MESSAGE][PASSED] - Verify contains GUI: dummy_20250518082736.ozd - DATA: dummy

18-05-2025T08:28:47 - [TEST_STEP][PASSED] - documentInformationScreen.checkAttachFileName(document): Expected true condition

18-05-2025T08:28:49 - [MESSAGE][PASSED] - Expected true condition

18-05-2025T08:28:49 - [TEST_STEP][PASSED] - documentInformationScreen.checkAssigners(auto6, auto7, auto8): Checking if all user emails are present in the list

18-05-2025T08:28:54 - [MESSAGE][PASSED] - Checking if all user emails are present in the list

18-05-2025T08:28:54 - [TEST_STEP][PASSED] - Start listener action : afterTest: null

18-05-2025T08:28:54 - [TEST_STEP][PASSED] - if (testCaseStatus != "PASSED"): null

18-05-2025T08:28:54 - [TEST_STEP][PASSED] - drivers.Driver.closeApp(): drivers.Driver.closeApp is PASSED

18-05-2025T08:28:54 - [MESSAGE][PASSED] - drivers.Driver.closeApp is PASSED

18-05-2025T08:28:54 - [TEST_STEP][PASSED] - if (tsContext == null): null]]></system-out>
         <system-err><![CDATA[]]></system-err>
      </testcase>
      <testcase name="Test Cases/IPAPER APP/044 TAI FILE TAI MAIN FILE_HO SO DEN" time="119.221" classname="Test Cases/IPAPER APP/044 TAI FILE TAI MAIN FILE_HO SO DEN" status="ERROR">
         <error type="ERROR" message="Test Cases/IPAPER APP/044 TAI FILE TAI MAIN FILE_HO SO DEN FAILED.&#xa;Reason:&#xa;org.openqa.selenium.WebDriverException: An unknown server-side error occurred while processing the command. Original error: Timed out after 15557ms waiting for the root AccessibilityNodeInfo in the active window. Make sure the active window is not constantly hogging the main UI thread (e.g. the application is being idle long enough), so the accessibility manager could do its work&#xa;Build info: version: '3.141.59', revision: 'unknown', time: 'unknown'&#xa;System info: host: '192.168.1.4.non-exists.ptr.local', ip: '2402:800:63f2:b9ce:1859:4296:77a1:a88d%en0', os.name: 'Mac OS X', os.arch: 'aarch64', os.version: '15.4.1', java.version: '17.0.7'&#xa;Driver info: com.kms.katalon.core.appium.driver.SwipeableAndroidDriver&#xa;Capabilities {automationName: UiAutomator2, databaseEnabled: false, desired: {automationName: UiAutomator2, deviceName: af0c5cf7, noReset: true, platformName: android, waitForIdleTimeout: 3000}, deviceApiLevel: 35, deviceManufacturer: OPPO, deviceModel: CPH2699, deviceName: af0c5cf7, deviceScreenDensity: 480, deviceScreenSize: 1080x2400, deviceUDID: af0c5cf7, javascriptEnabled: true, locationContextEnabled: false, networkConnectionEnabled: true, noReset: true, pixelRatio: 3, platform: LINUX, platformName: Android, platformVersion: 15, statBarHeight: 120, takesScreenshot: true, viewportRect: {height: 2280, left: 0, top: 120, width: 1080}, waitForIdleTimeout: 3000, warnings: {}, webStorageEnabled: false}&#xa;Session ID: c0c10e71-bfa6-42a0-bfc6-9e4517bcdaae&#xa;*** Element info: {Using=id, value=com.hdbank.ipaper:id/layout_menu_attach}&#xa;	at java.base/jdk.internal.reflect.NativeConstructorAccessorImpl.newInstance0(Native Method)&#xa;	at java.base/jdk.internal.reflect.NativeConstructorAccessorImpl.newInstance(NativeConstructorAccessorImpl.java:77)&#xa;	at java.base/jdk.internal.reflect.DelegatingConstructorAccessorImpl.newInstance(DelegatingConstructorAccessorImpl.java:45)&#xa;	at org.openqa.selenium.remote.http.W3CHttpResponseCodec.createException(W3CHttpResponseCodec.java:187)&#xa;	at org.openqa.selenium.remote.http.W3CHttpResponseCodec.decode(W3CHttpResponseCodec.java:122)&#xa;	at org.openqa.selenium.remote.http.W3CHttpResponseCodec.decode(W3CHttpResponseCodec.java:49)&#xa;	at org.openqa.selenium.remote.HttpCommandExecutor.execute(HttpCommandExecutor.java:158)&#xa;	at io.appium.java_client.remote.AppiumCommandExecutor.execute(AppiumCommandExecutor.java:239)&#xa;	at org.openqa.selenium.remote.RemoteWebDriver.execute(RemoteWebDriver.java:552)&#xa;	at io.appium.java_client.DefaultGenericMobileDriver.execute(DefaultGenericMobileDriver.java:42)&#xa;	at io.appium.java_client.AppiumDriver.execute(AppiumDriver.java:1)&#xa;	at io.appium.java_client.android.AndroidDriver.execute(AndroidDriver.java:1)&#xa;	at com.kms.katalon.core.appium.driver.SwipeableAndroidDriver.execute(SwipeableAndroidDriver.java:1)&#xa;	at org.openqa.selenium.remote.RemoteWebDriver.findElements(RemoteWebDriver.java:353)&#xa;	at io.appium.java_client.DefaultGenericMobileDriver.findElements(DefaultGenericMobileDriver.java:54)&#xa;	at io.appium.java_client.AppiumDriver.findElements(AppiumDriver.java:152)&#xa;	at org.openqa.selenium.remote.RemoteWebDriver.findElementsById(RemoteWebDriver.java:376)&#xa;	at io.appium.java_client.DefaultGenericMobileDriver.findElementsById(DefaultGenericMobileDriver.java:66)&#xa;	at io.appium.java_client.AppiumDriver.findElementsById(AppiumDriver.java:156)&#xa;	at org.openqa.selenium.By$ById.findElements(By.java:180)&#xa;	at org.openqa.selenium.remote.RemoteWebDriver.findElements(RemoteWebDriver.java:311)&#xa;	at io.appium.java_client.DefaultGenericMobileDriver.findElements(DefaultGenericMobileDriver.java:50)&#xa;	at io.appium.java_client.AppiumDriver.findElements(AppiumDriver.java:148)&#xa;	at base.BaseKeyword$Trait$Helper$_waitForPresentOf_closure1.doCall(BaseKeyword.groovy:253)&#xa;	at jdk.internal.reflect.GeneratedMethodAccessor8.invoke(Unknown Source)&#xa;	at java.base/jdk.internal.reflect.DelegatingMethodAccessorImpl.invoke(DelegatingMethodAccessorImpl.java:43)&#xa;	at jdk.proxy2/jdk.proxy2.$Proxy34.apply(Unknown Source)&#xa;	at org.openqa.selenium.support.ui.FluentWait.until(FluentWait.java:249)&#xa;	at base.BaseKeyword$Trait$Helper.waitForPresentOf(BaseKeyword.groovy:252)&#xa;	at screens.DocumentInformationScreen.waitForPresentOf(DocumentInformationScreen.groovy)&#xa;	at screens.DocumentInformationScreen.downloadFileAtmainFile(DocumentInformationScreen.groovy:302)&#xa;	at 044 TAI FILE TAI MAIN FILE_HO SO DEN.run(044 TAI FILE TAI MAIN FILE_HO SO DEN:57)&#xa;	at com.kms.katalon.core.main.ScriptEngine.run(ScriptEngine.java:194)&#xa;	at com.kms.katalon.core.main.ScriptEngine.runScriptAsRawText(ScriptEngine.java:119)&#xa;	at com.kms.katalon.core.main.TestCaseExecutor.runScript(TestCaseExecutor.java:448)&#xa;	at com.kms.katalon.core.main.TestCaseExecutor.doExecute(TestCaseExecutor.java:439)&#xa;	at com.kms.katalon.core.main.TestCaseExecutor.processExecutionPhase(TestCaseExecutor.java:418)&#xa;	at com.kms.katalon.core.main.TestCaseExecutor.accessMainPhase(TestCaseExecutor.java:410)&#xa;	at com.kms.katalon.core.main.TestCaseExecutor.execute(TestCaseExecutor.java:285)&#xa;	at com.kms.katalon.core.common.CommonExecutor.accessTestCaseMainPhase(CommonExecutor.java:65)&#xa;	at com.kms.katalon.core.main.TestSuiteExecutor.accessTestSuiteMainPhase(TestSuiteExecutor.java:150)&#xa;	at com.kms.katalon.core.main.TestSuiteExecutor.execute(TestSuiteExecutor.java:106)&#xa;	at com.kms.katalon.core.main.TestCaseMain.startTestSuite(TestCaseMain.java:180)&#xa;	at TempTestSuite1747531571431.run(TempTestSuite1747531571431.groovy:35)&#xa;	at java.base/jdk.internal.reflect.NativeMethodAccessorImpl.invoke0(Native Method)&#xa;	at java.base/jdk.internal.reflect.NativeMethodAccessorImpl.invoke(NativeMethodAccessorImpl.java:77)&#xa;	at java.base/jdk.internal.reflect.DelegatingMethodAccessorImpl.invoke(DelegatingMethodAccessorImpl.java:43)&#xa;"/>
         <system-out><![CDATA[18-05-2025T08:28:54 - [TEST_CASE][ERROR] - Test Cases/IPAPER APP/044 TAI FILE TAI MAIN FILE_HO SO DEN: Test Cases/IPAPER APP/044 TAI FILE TAI MAIN FILE_HO SO DEN FAILED.
Reason:
org.openqa.selenium.WebDriverException: An unknown server-side error occurred while processing the command. Original error: Timed out after 15557ms waiting for the root AccessibilityNodeInfo in the active window. Make sure the active window is not constantly hogging the main UI thread (e.g. the application is being idle long enough), so the accessibility manager could do its work
Build info: version: '3.141.59', revision: 'unknown', time: 'unknown'
System info: host: '192.168.1.4.non-exists.ptr.local', ip: '2402:800:63f2:b9ce:1859:4296:77a1:a88d%en0', os.name: 'Mac OS X', os.arch: 'aarch64', os.version: '15.4.1', java.version: '17.0.7'
Driver info: com.kms.katalon.core.appium.driver.SwipeableAndroidDriver
Capabilities {automationName: UiAutomator2, databaseEnabled: false, desired: {automationName: UiAutomator2, deviceName: af0c5cf7, noReset: true, platformName: android, waitForIdleTimeout: 3000}, deviceApiLevel: 35, deviceManufacturer: OPPO, deviceModel: CPH2699, deviceName: af0c5cf7, deviceScreenDensity: 480, deviceScreenSize: 1080x2400, deviceUDID: af0c5cf7, javascriptEnabled: true, locationContextEnabled: false, networkConnectionEnabled: true, noReset: true, pixelRatio: 3, platform: LINUX, platformName: Android, platformVersion: 15, statBarHeight: 120, takesScreenshot: true, viewportRect: {height: 2280, left: 0, top: 120, width: 1080}, waitForIdleTimeout: 3000, warnings: {}, webStorageEnabled: false}
Session ID: c0c10e71-bfa6-42a0-bfc6-9e4517bcdaae
*** Element info: {Using=id, value=com.hdbank.ipaper:id/layout_menu_attach}
	at java.base/jdk.internal.reflect.NativeConstructorAccessorImpl.newInstance0(Native Method)
	at java.base/jdk.internal.reflect.NativeConstructorAccessorImpl.newInstance(NativeConstructorAccessorImpl.java:77)
	at java.base/jdk.internal.reflect.DelegatingConstructorAccessorImpl.newInstance(DelegatingConstructorAccessorImpl.java:45)
	at org.openqa.selenium.remote.http.W3CHttpResponseCodec.createException(W3CHttpResponseCodec.java:187)
	at org.openqa.selenium.remote.http.W3CHttpResponseCodec.decode(W3CHttpResponseCodec.java:122)
	at org.openqa.selenium.remote.http.W3CHttpResponseCodec.decode(W3CHttpResponseCodec.java:49)
	at org.openqa.selenium.remote.HttpCommandExecutor.execute(HttpCommandExecutor.java:158)
	at io.appium.java_client.remote.AppiumCommandExecutor.execute(AppiumCommandExecutor.java:239)
	at org.openqa.selenium.remote.RemoteWebDriver.execute(RemoteWebDriver.java:552)
	at io.appium.java_client.DefaultGenericMobileDriver.execute(DefaultGenericMobileDriver.java:42)
	at io.appium.java_client.AppiumDriver.execute(AppiumDriver.java:1)
	at io.appium.java_client.android.AndroidDriver.execute(AndroidDriver.java:1)
	at com.kms.katalon.core.appium.driver.SwipeableAndroidDriver.execute(SwipeableAndroidDriver.java:1)
	at org.openqa.selenium.remote.RemoteWebDriver.findElements(RemoteWebDriver.java:353)
	at io.appium.java_client.DefaultGenericMobileDriver.findElements(DefaultGenericMobileDriver.java:54)
	at io.appium.java_client.AppiumDriver.findElements(AppiumDriver.java:152)
	at org.openqa.selenium.remote.RemoteWebDriver.findElementsById(RemoteWebDriver.java:376)
	at io.appium.java_client.DefaultGenericMobileDriver.findElementsById(DefaultGenericMobileDriver.java:66)
	at io.appium.java_client.AppiumDriver.findElementsById(AppiumDriver.java:156)
	at org.openqa.selenium.By$ById.findElements(By.java:180)
	at org.openqa.selenium.remote.RemoteWebDriver.findElements(RemoteWebDriver.java:311)
	at io.appium.java_client.DefaultGenericMobileDriver.findElements(DefaultGenericMobileDriver.java:50)
	at io.appium.java_client.AppiumDriver.findElements(AppiumDriver.java:148)
	at base.BaseKeyword$Trait$Helper$_waitForPresentOf_closure1.doCall(BaseKeyword.groovy:253)
	at jdk.internal.reflect.GeneratedMethodAccessor8.invoke(Unknown Source)
	at java.base/jdk.internal.reflect.DelegatingMethodAccessorImpl.invoke(DelegatingMethodAccessorImpl.java:43)
	at jdk.proxy2/jdk.proxy2.$Proxy34.apply(Unknown Source)
	at org.openqa.selenium.support.ui.FluentWait.until(FluentWait.java:249)
	at base.BaseKeyword$Trait$Helper.waitForPresentOf(BaseKeyword.groovy:252)
	at screens.DocumentInformationScreen.waitForPresentOf(DocumentInformationScreen.groovy)
	at screens.DocumentInformationScreen.downloadFileAtmainFile(DocumentInformationScreen.groovy:302)
	at 044 TAI FILE TAI MAIN FILE_HO SO DEN.run(044 TAI FILE TAI MAIN FILE_HO SO DEN:57)
	at com.kms.katalon.core.main.ScriptEngine.run(ScriptEngine.java:194)
	at com.kms.katalon.core.main.ScriptEngine.runScriptAsRawText(ScriptEngine.java:119)
	at com.kms.katalon.core.main.TestCaseExecutor.runScript(TestCaseExecutor.java:448)
	at com.kms.katalon.core.main.TestCaseExecutor.doExecute(TestCaseExecutor.java:439)
	at com.kms.katalon.core.main.TestCaseExecutor.processExecutionPhase(TestCaseExecutor.java:418)
	at com.kms.katalon.core.main.TestCaseExecutor.accessMainPhase(TestCaseExecutor.java:410)
	at com.kms.katalon.core.main.TestCaseExecutor.execute(TestCaseExecutor.java:285)
	at com.kms.katalon.core.common.CommonExecutor.accessTestCaseMainPhase(CommonExecutor.java:65)
	at com.kms.katalon.core.main.TestSuiteExecutor.accessTestSuiteMainPhase(TestSuiteExecutor.java:150)
	at com.kms.katalon.core.main.TestSuiteExecutor.execute(TestSuiteExecutor.java:106)
	at com.kms.katalon.core.main.TestCaseMain.startTestSuite(TestCaseMain.java:180)
	at TempTestSuite1747531571431.run(TempTestSuite1747531571431.groovy:35)
	at java.base/jdk.internal.reflect.NativeMethodAccessorImpl.invoke0(Native Method)
	at java.base/jdk.internal.reflect.NativeMethodAccessorImpl.invoke(NativeMethodAccessorImpl.java:77)
	at java.base/jdk.internal.reflect.DelegatingMethodAccessorImpl.invoke(DelegatingMethodAccessorImpl.java:43)


18-05-2025T08:28:54 - [TEST_STEP][PASSED] - Start listener action : beforeTest: drivers.Driver.openApp is PASSED

18-05-2025T08:28:54 - [TEST_STEP][PASSED] - DataTest.init(): null

18-05-2025T08:28:54 - [TEST_STEP][PASSED] - testCaseId = split("/").last(): null

18-05-2025T08:28:54 - [TEST_STEP][PASSED] - if (!(drivers.Driver.isAppiumRunning())): drivers.Driver.isAppiumRunning is PASSED

18-05-2025T08:28:54 - [MESSAGE][INFO] - Appium running: true

18-05-2025T08:28:54 - [MESSAGE][PASSED] - drivers.Driver.isAppiumRunning is PASSED

18-05-2025T08:28:54 - [TEST_STEP][PASSED] - if (driver == null || driver.getSessionId() == null): null

18-05-2025T08:28:54 - [TEST_STEP][PASSED] - drivers.Driver.openApp(): drivers.Driver.openApp is PASSED

18-05-2025T08:28:57 - [MESSAGE][PASSED] - drivers.Driver.openApp is PASSED

18-05-2025T08:28:57 - [TEST_STEP][PASSED] - FOLDER_NAME = "IPaperDownloads": null

18-05-2025T08:28:57 - [TEST_STEP][PASSED] - REQUEST_NAME = "Trình ký PDF có sẵn": null

18-05-2025T08:28:57 - [TEST_STEP][PASSED] - auto5 = DataTest.getUserTest("auto5"): null

18-05-2025T08:28:57 - [TEST_STEP][PASSED] - auto6 = DataTest.getUserTest("auto6"): null

18-05-2025T08:28:57 - [TEST_STEP][PASSED] - document = DataTest.createDocumentTest(auto5, auto6, null, "dummy.pdf", "dummy.pdf"): null

18-05-2025T08:28:57 - [TEST_STEP][PASSED] - loginScreen.login(auto5): null

18-05-2025T08:29:05 - [TEST_STEP][PASSED] - homeScreen.openRequestList(): null

18-05-2025T08:29:11 - [TEST_STEP][PASSED] - homeScreen.createRequest(REQUEST_NAME): null

18-05-2025T08:29:14 - [TEST_STEP][PASSED] - pdfSignScreen.fillInTitle(title): null

18-05-2025T08:29:18 - [TEST_STEP][PASSED] - pdfSignScreen.selectPriority(priority): null

18-05-2025T08:29:21 - [TEST_STEP][PASSED] - pdfSignScreen.selectTime(time): null

18-05-2025T08:29:23 - [TEST_STEP][PASSED] - pdfSignScreen.fillInDescription(description): null

18-05-2025T08:29:25 - [TEST_STEP][PASSED] - pdfSignScreen.selectAssigner(getAssigner().getEmail()): null

18-05-2025T08:29:30 - [TEST_STEP][PASSED] - pdfSignScreen.openMainFileBrowser(): null

18-05-2025T08:29:35 - [TEST_STEP][PASSED] - fileBrowserScreen.attachFile(mainFileName): null

18-05-2025T08:29:42 - [TEST_STEP][PASSED] - pdfSignScreen.openSubFileBrowser(): null

18-05-2025T08:29:43 - [TEST_STEP][PASSED] - fileBrowserScreen.attachFile(subFileName): null

18-05-2025T08:29:49 - [TEST_STEP][PASSED] - pdfSignScreen.performAction(SEND_APPROVE): null

18-05-2025T08:29:54 - [TEST_STEP][PASSED] - pdfSignScreen.fillInOpinion(document.getComment()): null

18-05-2025T08:29:54 - [TEST_STEP][PASSED] - pdfSignScreen.submitRequest(): null

18-05-2025T08:30:02 - [TEST_STEP][PASSED] - documentInformationScreen.backToHome(): null

18-05-2025T08:30:03 - [TEST_STEP][PASSED] - homeScreen.logout(): null

18-05-2025T08:30:11 - [TEST_STEP][PASSED] - loginScreen.login(auto6): null

18-05-2025T08:30:20 - [TEST_STEP][PASSED] - homeScreen.goToIncomingDocument(): null

18-05-2025T08:30:20 - [TEST_STEP][PASSED] - inComingDocument.viewMainFile(document): null

18-05-2025T08:30:21 - [TEST_STEP][ERROR] - documentInformationScreen.downloadFileAtmainFile(): Test Cases/IPAPER APP/044 TAI FILE TAI MAIN FILE_HO SO DEN FAILED.
Reason:
org.openqa.selenium.WebDriverException: An unknown server-side error occurred while processing the command. Original error: Timed out after 15557ms waiting for the root AccessibilityNodeInfo in the active window. Make sure the active window is not constantly hogging the main UI thread (e.g. the application is being idle long enough), so the accessibility manager could do its work
Build info: version: '3.141.59', revision: 'unknown', time: 'unknown'
System info: host: '192.168.1.4.non-exists.ptr.local', ip: '2402:800:63f2:b9ce:1859:4296:77a1:a88d%en0', os.name: 'Mac OS X', os.arch: 'aarch64', os.version: '15.4.1', java.version: '17.0.7'
Driver info: com.kms.katalon.core.appium.driver.SwipeableAndroidDriver
Capabilities {automationName: UiAutomator2, databaseEnabled: false, desired: {automationName: UiAutomator2, deviceName: af0c5cf7, noReset: true, platformName: android, waitForIdleTimeout: 3000}, deviceApiLevel: 35, deviceManufacturer: OPPO, deviceModel: CPH2699, deviceName: af0c5cf7, deviceScreenDensity: 480, deviceScreenSize: 1080x2400, deviceUDID: af0c5cf7, javascriptEnabled: true, locationContextEnabled: false, networkConnectionEnabled: true, noReset: true, pixelRatio: 3, platform: LINUX, platformName: Android, platformVersion: 15, statBarHeight: 120, takesScreenshot: true, viewportRect: {height: 2280, left: 0, top: 120, width: 1080}, waitForIdleTimeout: 3000, warnings: {}, webStorageEnabled: false}
Session ID: c0c10e71-bfa6-42a0-bfc6-9e4517bcdaae
*** Element info: {Using=id, value=com.hdbank.ipaper:id/layout_menu_attach}
	at java.base/jdk.internal.reflect.NativeConstructorAccessorImpl.newInstance0(Native Method)
	at java.base/jdk.internal.reflect.NativeConstructorAccessorImpl.newInstance(NativeConstructorAccessorImpl.java:77)
	at java.base/jdk.internal.reflect.DelegatingConstructorAccessorImpl.newInstance(DelegatingConstructorAccessorImpl.java:45)
	at org.openqa.selenium.remote.http.W3CHttpResponseCodec.createException(W3CHttpResponseCodec.java:187)
	at org.openqa.selenium.remote.http.W3CHttpResponseCodec.decode(W3CHttpResponseCodec.java:122)
	at org.openqa.selenium.remote.http.W3CHttpResponseCodec.decode(W3CHttpResponseCodec.java:49)
	at org.openqa.selenium.remote.HttpCommandExecutor.execute(HttpCommandExecutor.java:158)
	at io.appium.java_client.remote.AppiumCommandExecutor.execute(AppiumCommandExecutor.java:239)
	at org.openqa.selenium.remote.RemoteWebDriver.execute(RemoteWebDriver.java:552)
	at io.appium.java_client.DefaultGenericMobileDriver.execute(DefaultGenericMobileDriver.java:42)
	at io.appium.java_client.AppiumDriver.execute(AppiumDriver.java:1)
	at io.appium.java_client.android.AndroidDriver.execute(AndroidDriver.java:1)
	at com.kms.katalon.core.appium.driver.SwipeableAndroidDriver.execute(SwipeableAndroidDriver.java:1)
	at org.openqa.selenium.remote.RemoteWebDriver.findElements(RemoteWebDriver.java:353)
	at io.appium.java_client.DefaultGenericMobileDriver.findElements(DefaultGenericMobileDriver.java:54)
	at io.appium.java_client.AppiumDriver.findElements(AppiumDriver.java:152)
	at org.openqa.selenium.remote.RemoteWebDriver.findElementsById(RemoteWebDriver.java:376)
	at io.appium.java_client.DefaultGenericMobileDriver.findElementsById(DefaultGenericMobileDriver.java:66)
	at io.appium.java_client.AppiumDriver.findElementsById(AppiumDriver.java:156)
	at org.openqa.selenium.By$ById.findElements(By.java:180)
	at org.openqa.selenium.remote.RemoteWebDriver.findElements(RemoteWebDriver.java:311)
	at io.appium.java_client.DefaultGenericMobileDriver.findElements(DefaultGenericMobileDriver.java:50)
	at io.appium.java_client.AppiumDriver.findElements(AppiumDriver.java:148)
	at base.BaseKeyword$Trait$Helper$_waitForPresentOf_closure1.doCall(BaseKeyword.groovy:253)
	at jdk.internal.reflect.GeneratedMethodAccessor8.invoke(Unknown Source)
	at java.base/jdk.internal.reflect.DelegatingMethodAccessorImpl.invoke(DelegatingMethodAccessorImpl.java:43)
	at jdk.proxy2/jdk.proxy2.$Proxy34.apply(Unknown Source)
	at org.openqa.selenium.support.ui.FluentWait.until(FluentWait.java:249)
	at base.BaseKeyword$Trait$Helper.waitForPresentOf(BaseKeyword.groovy:252)
	at screens.DocumentInformationScreen.waitForPresentOf(DocumentInformationScreen.groovy)
	at screens.DocumentInformationScreen.downloadFileAtmainFile(DocumentInformationScreen.groovy:302)
	at 044 TAI FILE TAI MAIN FILE_HO SO DEN.run(044 TAI FILE TAI MAIN FILE_HO SO DEN:57)
	at com.kms.katalon.core.main.ScriptEngine.run(ScriptEngine.java:194)
	at com.kms.katalon.core.main.ScriptEngine.runScriptAsRawText(ScriptEngine.java:119)
	at com.kms.katalon.core.main.TestCaseExecutor.runScript(TestCaseExecutor.java:448)
	at com.kms.katalon.core.main.TestCaseExecutor.doExecute(TestCaseExecutor.java:439)
	at com.kms.katalon.core.main.TestCaseExecutor.processExecutionPhase(TestCaseExecutor.java:418)
	at com.kms.katalon.core.main.TestCaseExecutor.accessMainPhase(TestCaseExecutor.java:410)
	at com.kms.katalon.core.main.TestCaseExecutor.execute(TestCaseExecutor.java:285)
	at com.kms.katalon.core.common.CommonExecutor.accessTestCaseMainPhase(CommonExecutor.java:65)
	at com.kms.katalon.core.main.TestSuiteExecutor.accessTestSuiteMainPhase(TestSuiteExecutor.java:150)
	at com.kms.katalon.core.main.TestSuiteExecutor.execute(TestSuiteExecutor.java:106)
	at com.kms.katalon.core.main.TestCaseMain.startTestSuite(TestCaseMain.java:180)
	at TempTestSuite1747531571431.run(TempTestSuite1747531571431.groovy:35)
	at java.base/jdk.internal.reflect.NativeMethodAccessorImpl.invoke0(Native Method)
	at java.base/jdk.internal.reflect.NativeMethodAccessorImpl.invoke(NativeMethodAccessorImpl.java:77)
	at java.base/jdk.internal.reflect.DelegatingMethodAccessorImpl.invoke(DelegatingMethodAccessorImpl.java:43)


18-05-2025T08:30:50 - [MESSAGE][ERROR] - Test Cases/IPAPER APP/044 TAI FILE TAI MAIN FILE_HO SO DEN FAILED.
Reason:
org.openqa.selenium.WebDriverException: An unknown server-side error occurred while processing the command. Original error: Timed out after 15557ms waiting for the root AccessibilityNodeInfo in the active window. Make sure the active window is not constantly hogging the main UI thread (e.g. the application is being idle long enough), so the accessibility manager could do its work
Build info: version: '3.141.59', revision: 'unknown', time: 'unknown'
System info: host: '192.168.1.4.non-exists.ptr.local', ip: '2402:800:63f2:b9ce:1859:4296:77a1:a88d%en0', os.name: 'Mac OS X', os.arch: 'aarch64', os.version: '15.4.1', java.version: '17.0.7'
Driver info: com.kms.katalon.core.appium.driver.SwipeableAndroidDriver
Capabilities {automationName: UiAutomator2, databaseEnabled: false, desired: {automationName: UiAutomator2, deviceName: af0c5cf7, noReset: true, platformName: android, waitForIdleTimeout: 3000}, deviceApiLevel: 35, deviceManufacturer: OPPO, deviceModel: CPH2699, deviceName: af0c5cf7, deviceScreenDensity: 480, deviceScreenSize: 1080x2400, deviceUDID: af0c5cf7, javascriptEnabled: true, locationContextEnabled: false, networkConnectionEnabled: true, noReset: true, pixelRatio: 3, platform: LINUX, platformName: Android, platformVersion: 15, statBarHeight: 120, takesScreenshot: true, viewportRect: {height: 2280, left: 0, top: 120, width: 1080}, waitForIdleTimeout: 3000, warnings: {}, webStorageEnabled: false}
Session ID: c0c10e71-bfa6-42a0-bfc6-9e4517bcdaae
*** Element info: {Using=id, value=com.hdbank.ipaper:id/layout_menu_attach}
	at java.base/jdk.internal.reflect.NativeConstructorAccessorImpl.newInstance0(Native Method)
	at java.base/jdk.internal.reflect.NativeConstructorAccessorImpl.newInstance(NativeConstructorAccessorImpl.java:77)
	at java.base/jdk.internal.reflect.DelegatingConstructorAccessorImpl.newInstance(DelegatingConstructorAccessorImpl.java:45)
	at org.openqa.selenium.remote.http.W3CHttpResponseCodec.createException(W3CHttpResponseCodec.java:187)
	at org.openqa.selenium.remote.http.W3CHttpResponseCodec.decode(W3CHttpResponseCodec.java:122)
	at org.openqa.selenium.remote.http.W3CHttpResponseCodec.decode(W3CHttpResponseCodec.java:49)
	at org.openqa.selenium.remote.HttpCommandExecutor.execute(HttpCommandExecutor.java:158)
	at io.appium.java_client.remote.AppiumCommandExecutor.execute(AppiumCommandExecutor.java:239)
	at org.openqa.selenium.remote.RemoteWebDriver.execute(RemoteWebDriver.java:552)
	at io.appium.java_client.DefaultGenericMobileDriver.execute(DefaultGenericMobileDriver.java:42)
	at io.appium.java_client.AppiumDriver.execute(AppiumDriver.java:1)
	at io.appium.java_client.android.AndroidDriver.execute(AndroidDriver.java:1)
	at com.kms.katalon.core.appium.driver.SwipeableAndroidDriver.execute(SwipeableAndroidDriver.java:1)
	at org.openqa.selenium.remote.RemoteWebDriver.findElements(RemoteWebDriver.java:353)
	at io.appium.java_client.DefaultGenericMobileDriver.findElements(DefaultGenericMobileDriver.java:54)
	at io.appium.java_client.AppiumDriver.findElements(AppiumDriver.java:152)
	at org.openqa.selenium.remote.RemoteWebDriver.findElementsById(RemoteWebDriver.java:376)
	at io.appium.java_client.DefaultGenericMobileDriver.findElementsById(DefaultGenericMobileDriver.java:66)
	at io.appium.java_client.AppiumDriver.findElementsById(AppiumDriver.java:156)
	at org.openqa.selenium.By$ById.findElements(By.java:180)
	at org.openqa.selenium.remote.RemoteWebDriver.findElements(RemoteWebDriver.java:311)
	at io.appium.java_client.DefaultGenericMobileDriver.findElements(DefaultGenericMobileDriver.java:50)
	at io.appium.java_client.AppiumDriver.findElements(AppiumDriver.java:148)
	at base.BaseKeyword$Trait$Helper$_waitForPresentOf_closure1.doCall(BaseKeyword.groovy:253)
	at jdk.internal.reflect.GeneratedMethodAccessor8.invoke(Unknown Source)
	at java.base/jdk.internal.reflect.DelegatingMethodAccessorImpl.invoke(DelegatingMethodAccessorImpl.java:43)
	at jdk.proxy2/jdk.proxy2.$Proxy34.apply(Unknown Source)
	at org.openqa.selenium.support.ui.FluentWait.until(FluentWait.java:249)
	at base.BaseKeyword$Trait$Helper.waitForPresentOf(BaseKeyword.groovy:252)
	at screens.DocumentInformationScreen.waitForPresentOf(DocumentInformationScreen.groovy)
	at screens.DocumentInformationScreen.downloadFileAtmainFile(DocumentInformationScreen.groovy:302)
	at 044 TAI FILE TAI MAIN FILE_HO SO DEN.run(044 TAI FILE TAI MAIN FILE_HO SO DEN:57)
	at com.kms.katalon.core.main.ScriptEngine.run(ScriptEngine.java:194)
	at com.kms.katalon.core.main.ScriptEngine.runScriptAsRawText(ScriptEngine.java:119)
	at com.kms.katalon.core.main.TestCaseExecutor.runScript(TestCaseExecutor.java:448)
	at com.kms.katalon.core.main.TestCaseExecutor.doExecute(TestCaseExecutor.java:439)
	at com.kms.katalon.core.main.TestCaseExecutor.processExecutionPhase(TestCaseExecutor.java:418)
	at com.kms.katalon.core.main.TestCaseExecutor.accessMainPhase(TestCaseExecutor.java:410)
	at com.kms.katalon.core.main.TestCaseExecutor.execute(TestCaseExecutor.java:285)
	at com.kms.katalon.core.common.CommonExecutor.accessTestCaseMainPhase(CommonExecutor.java:65)
	at com.kms.katalon.core.main.TestSuiteExecutor.accessTestSuiteMainPhase(TestSuiteExecutor.java:150)
	at com.kms.katalon.core.main.TestSuiteExecutor.execute(TestSuiteExecutor.java:106)
	at com.kms.katalon.core.main.TestCaseMain.startTestSuite(TestCaseMain.java:180)
	at TempTestSuite1747531571431.run(TempTestSuite1747531571431.groovy:35)
	at java.base/jdk.internal.reflect.NativeMethodAccessorImpl.invoke0(Native Method)
	at java.base/jdk.internal.reflect.NativeMethodAccessorImpl.invoke(NativeMethodAccessorImpl.java:77)
	at java.base/jdk.internal.reflect.DelegatingMethodAccessorImpl.invoke(DelegatingMethodAccessorImpl.java:43)


18-05-2025T08:30:50 - [TEST_STEP][PASSED] - Start listener action : afterTest: null

18-05-2025T08:30:50 - [TEST_STEP][PASSED] - if (testCaseStatus != "PASSED"): Screenshot is taken

18-05-2025T08:30:50 - [TEST_STEP][PASSED] - takeScreenshot(ErrorScreen/$GlobalVariable.PLATFORM/$testCaseContext.getTestCaseId().png): Screenshot is taken

18-05-2025T08:30:53 - [MESSAGE][PASSED] - Screenshot is taken
[[ATTACHMENT|ErrorScreen/Android/Test Cases/IPAPER APP/044 TAI FILE TAI MAIN FILE_HO SO DEN.png]]

18-05-2025T08:30:53 - [TEST_STEP][PASSED] - drivers.Driver.closeApp(): drivers.Driver.closeApp is PASSED

18-05-2025T08:30:54 - [MESSAGE][PASSED] - drivers.Driver.closeApp is PASSED

18-05-2025T08:30:54 - [TEST_STEP][PASSED] - if (tsContext == null): null]]></system-out>
         <system-err><![CDATA[18-05-2025T08:28:54 - [TEST_CASE][ERROR] - Test Cases/IPAPER APP/044 TAI FILE TAI MAIN FILE_HO SO DEN: Test Cases/IPAPER APP/044 TAI FILE TAI MAIN FILE_HO SO DEN FAILED.
Reason:
org.openqa.selenium.WebDriverException: An unknown server-side error occurred while processing the command. Original error: Timed out after 15557ms waiting for the root AccessibilityNodeInfo in the active window. Make sure the active window is not constantly hogging the main UI thread (e.g. the application is being idle long enough), so the accessibility manager could do its work
Build info: version: '3.141.59', revision: 'unknown', time: 'unknown'
System info: host: '192.168.1.4.non-exists.ptr.local', ip: '2402:800:63f2:b9ce:1859:4296:77a1:a88d%en0', os.name: 'Mac OS X', os.arch: 'aarch64', os.version: '15.4.1', java.version: '17.0.7'
Driver info: com.kms.katalon.core.appium.driver.SwipeableAndroidDriver
Capabilities {automationName: UiAutomator2, databaseEnabled: false, desired: {automationName: UiAutomator2, deviceName: af0c5cf7, noReset: true, platformName: android, waitForIdleTimeout: 3000}, deviceApiLevel: 35, deviceManufacturer: OPPO, deviceModel: CPH2699, deviceName: af0c5cf7, deviceScreenDensity: 480, deviceScreenSize: 1080x2400, deviceUDID: af0c5cf7, javascriptEnabled: true, locationContextEnabled: false, networkConnectionEnabled: true, noReset: true, pixelRatio: 3, platform: LINUX, platformName: Android, platformVersion: 15, statBarHeight: 120, takesScreenshot: true, viewportRect: {height: 2280, left: 0, top: 120, width: 1080}, waitForIdleTimeout: 3000, warnings: {}, webStorageEnabled: false}
Session ID: c0c10e71-bfa6-42a0-bfc6-9e4517bcdaae
*** Element info: {Using=id, value=com.hdbank.ipaper:id/layout_menu_attach}
	at java.base/jdk.internal.reflect.NativeConstructorAccessorImpl.newInstance0(Native Method)
	at java.base/jdk.internal.reflect.NativeConstructorAccessorImpl.newInstance(NativeConstructorAccessorImpl.java:77)
	at java.base/jdk.internal.reflect.DelegatingConstructorAccessorImpl.newInstance(DelegatingConstructorAccessorImpl.java:45)
	at org.openqa.selenium.remote.http.W3CHttpResponseCodec.createException(W3CHttpResponseCodec.java:187)
	at org.openqa.selenium.remote.http.W3CHttpResponseCodec.decode(W3CHttpResponseCodec.java:122)
	at org.openqa.selenium.remote.http.W3CHttpResponseCodec.decode(W3CHttpResponseCodec.java:49)
	at org.openqa.selenium.remote.HttpCommandExecutor.execute(HttpCommandExecutor.java:158)
	at io.appium.java_client.remote.AppiumCommandExecutor.execute(AppiumCommandExecutor.java:239)
	at org.openqa.selenium.remote.RemoteWebDriver.execute(RemoteWebDriver.java:552)
	at io.appium.java_client.DefaultGenericMobileDriver.execute(DefaultGenericMobileDriver.java:42)
	at io.appium.java_client.AppiumDriver.execute(AppiumDriver.java:1)
	at io.appium.java_client.android.AndroidDriver.execute(AndroidDriver.java:1)
	at com.kms.katalon.core.appium.driver.SwipeableAndroidDriver.execute(SwipeableAndroidDriver.java:1)
	at org.openqa.selenium.remote.RemoteWebDriver.findElements(RemoteWebDriver.java:353)
	at io.appium.java_client.DefaultGenericMobileDriver.findElements(DefaultGenericMobileDriver.java:54)
	at io.appium.java_client.AppiumDriver.findElements(AppiumDriver.java:152)
	at org.openqa.selenium.remote.RemoteWebDriver.findElementsById(RemoteWebDriver.java:376)
	at io.appium.java_client.DefaultGenericMobileDriver.findElementsById(DefaultGenericMobileDriver.java:66)
	at io.appium.java_client.AppiumDriver.findElementsById(AppiumDriver.java:156)
	at org.openqa.selenium.By$ById.findElements(By.java:180)
	at org.openqa.selenium.remote.RemoteWebDriver.findElements(RemoteWebDriver.java:311)
	at io.appium.java_client.DefaultGenericMobileDriver.findElements(DefaultGenericMobileDriver.java:50)
	at io.appium.java_client.AppiumDriver.findElements(AppiumDriver.java:148)
	at base.BaseKeyword$Trait$Helper$_waitForPresentOf_closure1.doCall(BaseKeyword.groovy:253)
	at jdk.internal.reflect.GeneratedMethodAccessor8.invoke(Unknown Source)
	at java.base/jdk.internal.reflect.DelegatingMethodAccessorImpl.invoke(DelegatingMethodAccessorImpl.java:43)
	at jdk.proxy2/jdk.proxy2.$Proxy34.apply(Unknown Source)
	at org.openqa.selenium.support.ui.FluentWait.until(FluentWait.java:249)
	at base.BaseKeyword$Trait$Helper.waitForPresentOf(BaseKeyword.groovy:252)
	at screens.DocumentInformationScreen.waitForPresentOf(DocumentInformationScreen.groovy)
	at screens.DocumentInformationScreen.downloadFileAtmainFile(DocumentInformationScreen.groovy:302)
	at 044 TAI FILE TAI MAIN FILE_HO SO DEN.run(044 TAI FILE TAI MAIN FILE_HO SO DEN:57)
	at com.kms.katalon.core.main.ScriptEngine.run(ScriptEngine.java:194)
	at com.kms.katalon.core.main.ScriptEngine.runScriptAsRawText(ScriptEngine.java:119)
	at com.kms.katalon.core.main.TestCaseExecutor.runScript(TestCaseExecutor.java:448)
	at com.kms.katalon.core.main.TestCaseExecutor.doExecute(TestCaseExecutor.java:439)
	at com.kms.katalon.core.main.TestCaseExecutor.processExecutionPhase(TestCaseExecutor.java:418)
	at com.kms.katalon.core.main.TestCaseExecutor.accessMainPhase(TestCaseExecutor.java:410)
	at com.kms.katalon.core.main.TestCaseExecutor.execute(TestCaseExecutor.java:285)
	at com.kms.katalon.core.common.CommonExecutor.accessTestCaseMainPhase(CommonExecutor.java:65)
	at com.kms.katalon.core.main.TestSuiteExecutor.accessTestSuiteMainPhase(TestSuiteExecutor.java:150)
	at com.kms.katalon.core.main.TestSuiteExecutor.execute(TestSuiteExecutor.java:106)
	at com.kms.katalon.core.main.TestCaseMain.startTestSuite(TestCaseMain.java:180)
	at TempTestSuite1747531571431.run(TempTestSuite1747531571431.groovy:35)
	at java.base/jdk.internal.reflect.NativeMethodAccessorImpl.invoke0(Native Method)
	at java.base/jdk.internal.reflect.NativeMethodAccessorImpl.invoke(NativeMethodAccessorImpl.java:77)
	at java.base/jdk.internal.reflect.DelegatingMethodAccessorImpl.invoke(DelegatingMethodAccessorImpl.java:43)]]></system-err>
      </testcase>
      <testcase name="Test Cases/IPAPER APP/058 TẠO QUY TRINH_1 BUOC" time="135.274" classname="Test Cases/IPAPER APP/058 TẠO QUY TRINH_1 BUOC" status="PASSED">
         <system-out><![CDATA[18-05-2025T08:30:54 - [TEST_CASE][PASSED] - Test Cases/IPAPER APP/058 TẠO QUY TRINH_1 BUOC: Test Cases/IPAPER APP/058 TẠO QUY TRINH_1 BUOC

18-05-2025T08:30:54 - [TEST_STEP][PASSED] - Start listener action : beforeTest: drivers.Driver.openApp is PASSED

18-05-2025T08:30:54 - [TEST_STEP][PASSED] - DataTest.init(): null

18-05-2025T08:30:54 - [TEST_STEP][PASSED] - testCaseId = split("/").last(): null

18-05-2025T08:30:54 - [TEST_STEP][PASSED] - if (!(drivers.Driver.isAppiumRunning())): drivers.Driver.isAppiumRunning is PASSED

18-05-2025T08:30:54 - [MESSAGE][INFO] - Appium running: true

18-05-2025T08:30:54 - [MESSAGE][PASSED] - drivers.Driver.isAppiumRunning is PASSED

18-05-2025T08:30:54 - [TEST_STEP][PASSED] - if (driver == null || driver.getSessionId() == null): null

18-05-2025T08:30:54 - [TEST_STEP][PASSED] - drivers.Driver.openApp(): drivers.Driver.openApp is PASSED

18-05-2025T08:30:56 - [MESSAGE][PASSED] - drivers.Driver.openApp is PASSED

18-05-2025T08:30:56 - [TEST_STEP][PASSED] - REQUEST_NAME = "Trình ký PDF có sẵn": null

18-05-2025T08:30:56 - [TEST_STEP][PASSED] - TO_DAY = SimpleDateFormat(dd/MM/yyyy).format(new java.util.Date()): null

18-05-2025T08:30:56 - [TEST_STEP][PASSED] - auto5 = DataTest.getUserTest("auto5"): null

18-05-2025T08:30:56 - [TEST_STEP][PASSED] - auto6 = DataTest.getUserTest("auto6"): null

18-05-2025T08:30:56 - [TEST_STEP][PASSED] - auto7 = DataTest.getUserTest("auto7"): null

18-05-2025T08:30:56 - [TEST_STEP][PASSED] - document = DataTest.createDocumentTest(auto5, auto6, auto7, "dummy.pdf", "dummy.pdf"): null

18-05-2025T08:30:56 - [TEST_STEP][PASSED] - loginScreen.login(auto5): null

18-05-2025T08:31:05 - [TEST_STEP][PASSED] - homeScreen.openRequestList(): null

18-05-2025T08:31:10 - [TEST_STEP][PASSED] - homeScreen.createRequest(REQUEST_NAME): null

18-05-2025T08:31:13 - [TEST_STEP][PASSED] - pdfSignScreen.fillInTitle(title): null

18-05-2025T08:31:16 - [TEST_STEP][PASSED] - pdfSignScreen.selectPriority(priority): null

18-05-2025T08:31:18 - [TEST_STEP][PASSED] - pdfSignScreen.selectTime(time): null

18-05-2025T08:31:21 - [TEST_STEP][PASSED] - pdfSignScreen.fillInDescription(description): null

18-05-2025T08:31:22 - [TEST_STEP][PASSED] - pdfSignScreen.openMainFileBrowser(): null

18-05-2025T08:31:23 - [TEST_STEP][PASSED] - fileBrowserScreen.attachFile(mainFileName): null

18-05-2025T08:31:30 - [TEST_STEP][PASSED] - pdfSignScreen.openSubFileBrowser(): null

18-05-2025T08:31:35 - [TEST_STEP][PASSED] - fileBrowserScreen.attachFile(subFileName): null

18-05-2025T08:31:42 - [TEST_STEP][PASSED] - pdfSignScreen.processDefinition(auto6): null

18-05-2025T08:31:51 - [TEST_STEP][PASSED] - pdfSignScreen.performAction(SEND_APPROVE): null

18-05-2025T08:31:53 - [TEST_STEP][PASSED] - pdfSignScreen.fillInOpinion(document.getComment()): null

18-05-2025T08:31:54 - [TEST_STEP][PASSED] - pdfSignScreen.submitRequest(): null

18-05-2025T08:32:02 - [TEST_STEP][PASSED] - document.setStatus(WAIT_APPROVE): null

18-05-2025T08:32:02 - [TEST_STEP][PASSED] - documentInformationScreen.backToHome(): null

18-05-2025T08:32:02 - [TEST_STEP][PASSED] - homeScreen.goToOutComingDocument(): null

18-05-2025T08:32:12 - [TEST_STEP][PASSED] - outComingDocument.viewInformationDocument(document): null

18-05-2025T08:32:13 - [TEST_STEP][PASSED] - documentInformationScreen.checkDocumentTitle(document): Verify equals GUI: Trình ký 1747531856299 - DATA: Trình ký 1747531856299

18-05-2025T08:32:18 - [MESSAGE][PASSED] - Verify equals GUI: Trình ký 1747531856299 - DATA: Trình ký 1747531856299

18-05-2025T08:32:18 - [TEST_STEP][PASSED] - documentInformationScreen.checkSender(document): Verify equals GUI: Auto Test User 5 - DATA: Auto Test User 5

18-05-2025T08:32:18 - [MESSAGE][PASSED] - Verify equals GUI: Auto Test User 5 - DATA: Auto Test User 5

18-05-2025T08:32:18 - [TEST_STEP][PASSED] - documentInformationScreen.checkStatus(document): Verify equals GUI: Chờ giám sát phê duyệt - DATA: Chờ giám sát phê duyệt

18-05-2025T08:32:18 - [MESSAGE][PASSED] - Verify equals GUI: Chờ giám sát phê duyệt - DATA: Chờ giám sát phê duyệt

18-05-2025T08:32:18 - [TEST_STEP][PASSED] - documentInformationScreen.checkCreateDate(): Verify equals GUI: 18/05/2025 - DATA: 18/05/2025

18-05-2025T08:32:18 - [MESSAGE][PASSED] - Verify equals GUI: 18/05/2025 - DATA: 18/05/2025

18-05-2025T08:32:18 - [TEST_STEP][PASSED] - documentInformationScreen.checkFinishDate(document): Verify equals GUI: 19/05/2025 - DATA: 19/05/2025

18-05-2025T08:32:18 - [MESSAGE][PASSED] - Verify equals GUI: 19/05/2025 - DATA: 19/05/2025

18-05-2025T08:32:18 - [TEST_STEP][PASSED] - documentInformationScreen.checkPriority(document): Verify equals GUI: Bình thường - DATA: Bình thường

18-05-2025T08:32:19 - [MESSAGE][PASSED] - Verify equals GUI: Bình thường - DATA: Bình thường

18-05-2025T08:32:19 - [TEST_STEP][PASSED] - documentInformationScreen.checkDescription(document): Verify equals GUI: 058 TẠO QUY TRINH_1 BUOC - DATA: 058 TẠO QUY TRINH_1 BUOC

18-05-2025T08:32:19 - [MESSAGE][PASSED] - Verify equals GUI: 058 TẠO QUY TRINH_1 BUOC - DATA: 058 TẠO QUY TRINH_1 BUOC

18-05-2025T08:32:19 - [TEST_STEP][PASSED] - documentInformationScreen.checkAssigner(document): Verify contains GUI: auto6@hdbank.com.vn - DATA: auto6@hdbank.com.vn

18-05-2025T08:32:20 - [MESSAGE][PASSED] - Verify contains GUI: auto6@hdbank.com.vn - DATA: auto6@hdbank.com.vn

18-05-2025T08:32:20 - [TEST_STEP][PASSED] - documentInformationScreen.checkPresentFileName(document): Verify contains GUI: dummy_20250518083205.ozd - DATA: dummy

18-05-2025T08:32:21 - [MESSAGE][PASSED] - Verify contains GUI: dummy_20250518083205.ozd - DATA: dummy

18-05-2025T08:32:21 - [TEST_STEP][PASSED] - documentInformationScreen.checkAttachFileName(document): Expected true condition

18-05-2025T08:32:23 - [MESSAGE][PASSED] - Expected true condition

18-05-2025T08:32:23 - [TEST_STEP][PASSED] - documentInformationScreen.backToHome(): null

18-05-2025T08:32:28 - [TEST_STEP][PASSED] - homeScreen.logout(): null

18-05-2025T08:32:36 - [TEST_STEP][PASSED] - loginScreen.login(auto6): null

18-05-2025T08:32:45 - [TEST_STEP][PASSED] - document.setAssigner(auto5): null

18-05-2025T08:32:45 - [TEST_STEP][PASSED] - homeScreen.goToIncomingDocument(): null

18-05-2025T08:32:45 - [TEST_STEP][PASSED] - inComingDocument.viewInformationDocument(document): View document Trình ký 1747531856299

18-05-2025T08:32:45 - [MESSAGE][INFO] - View document Trình ký 1747531856299

18-05-2025T08:32:50 - [TEST_STEP][PASSED] - documentInformationScreen.checkDocumentTitle(document): Verify equals GUI: Trình ký 1747531856299 - DATA: Trình ký 1747531856299

18-05-2025T08:32:51 - [MESSAGE][PASSED] - Verify equals GUI: Trình ký 1747531856299 - DATA: Trình ký 1747531856299

18-05-2025T08:32:51 - [TEST_STEP][PASSED] - documentInformationScreen.checkSender(document): Verify equals GUI: Auto Test User 5 - DATA: Auto Test User 5

18-05-2025T08:32:51 - [MESSAGE][PASSED] - Verify equals GUI: Auto Test User 5 - DATA: Auto Test User 5

18-05-2025T08:32:51 - [TEST_STEP][PASSED] - documentInformationScreen.checkStatus(document): Verify equals GUI: Chờ giám sát phê duyệt - DATA: Chờ giám sát phê duyệt

18-05-2025T08:32:51 - [MESSAGE][PASSED] - Verify equals GUI: Chờ giám sát phê duyệt - DATA: Chờ giám sát phê duyệt

18-05-2025T08:32:51 - [TEST_STEP][PASSED] - documentInformationScreen.checkCreateDate(): Verify equals GUI: 18/05/2025 - DATA: 18/05/2025

18-05-2025T08:32:51 - [MESSAGE][PASSED] - Verify equals GUI: 18/05/2025 - DATA: 18/05/2025

18-05-2025T08:32:51 - [TEST_STEP][PASSED] - documentInformationScreen.checkFinishDate(document): Verify equals GUI: 19/05/2025 - DATA: 19/05/2025

18-05-2025T08:32:51 - [MESSAGE][PASSED] - Verify equals GUI: 19/05/2025 - DATA: 19/05/2025

18-05-2025T08:32:51 - [TEST_STEP][PASSED] - documentInformationScreen.checkPriority(document): Verify equals GUI: Bình thường - DATA: Bình thường

18-05-2025T08:32:51 - [MESSAGE][PASSED] - Verify equals GUI: Bình thường - DATA: Bình thường

18-05-2025T08:32:51 - [TEST_STEP][PASSED] - documentInformationScreen.checkDescription(document): Verify equals GUI: 058 TẠO QUY TRINH_1 BUOC - DATA: 058 TẠO QUY TRINH_1 BUOC

18-05-2025T08:32:52 - [MESSAGE][PASSED] - Verify equals GUI: 058 TẠO QUY TRINH_1 BUOC - DATA: 058 TẠO QUY TRINH_1 BUOC

18-05-2025T08:32:52 - [TEST_STEP][PASSED] - documentInformationScreen.checkAssigner(document): Verify contains GUI: auto5@hdbank.com.vn - DATA: auto5@hdbank.com.vn

18-05-2025T08:32:53 - [MESSAGE][PASSED] - Verify contains GUI: auto5@hdbank.com.vn - DATA: auto5@hdbank.com.vn

18-05-2025T08:32:53 - [TEST_STEP][PASSED] - documentInformationScreen.checkPresentFileName(document): Verify contains GUI: dummy_20250518083205.ozd - DATA: dummy

18-05-2025T08:32:54 - [MESSAGE][PASSED] - Verify contains GUI: dummy_20250518083205.ozd - DATA: dummy

18-05-2025T08:32:54 - [TEST_STEP][PASSED] - documentInformationScreen.checkAttachFileName(document): Expected true condition

18-05-2025T08:32:56 - [MESSAGE][PASSED] - Expected true condition

18-05-2025T08:32:56 - [TEST_STEP][PASSED] - documentInformationScreen.backToHome(): null

18-05-2025T08:33:01 - [TEST_STEP][PASSED] - homeScreen.logout(): null

18-05-2025T08:33:08 - [TEST_STEP][PASSED] - Start listener action : afterTest: null

18-05-2025T08:33:08 - [TEST_STEP][PASSED] - if (testCaseStatus != "PASSED"): null

18-05-2025T08:33:08 - [TEST_STEP][PASSED] - drivers.Driver.closeApp(): drivers.Driver.closeApp is PASSED

18-05-2025T08:33:09 - [MESSAGE][PASSED] - drivers.Driver.closeApp is PASSED

18-05-2025T08:33:09 - [TEST_STEP][PASSED] - if (tsContext == null): null]]></system-out>
         <system-err><![CDATA[]]></system-err>
      </testcase>
      <testcase name="Test Cases/IPAPER APP/002 TAO YEU CAU" time="190.191" classname="Test Cases/IPAPER APP/002 TAO YEU CAU" status="PASSED">
         <system-out><![CDATA[18-05-2025T08:33:09 - [TEST_CASE][PASSED] - Test Cases/IPAPER APP/002 TAO YEU CAU: Test Cases/IPAPER APP/002 TAO YEU CAU

18-05-2025T08:33:09 - [TEST_STEP][PASSED] - Start listener action : beforeTest: drivers.Driver.openApp is PASSED

18-05-2025T08:33:09 - [TEST_STEP][PASSED] - DataTest.init(): null

18-05-2025T08:33:09 - [TEST_STEP][PASSED] - testCaseId = split("/").last(): null

18-05-2025T08:33:09 - [TEST_STEP][PASSED] - if (!(drivers.Driver.isAppiumRunning())): drivers.Driver.isAppiumRunning is PASSED

18-05-2025T08:33:09 - [MESSAGE][INFO] - Appium running: true

18-05-2025T08:33:09 - [MESSAGE][PASSED] - drivers.Driver.isAppiumRunning is PASSED

18-05-2025T08:33:09 - [TEST_STEP][PASSED] - if (driver == null || driver.getSessionId() == null): null

18-05-2025T08:33:09 - [TEST_STEP][PASSED] - drivers.Driver.openApp(): drivers.Driver.openApp is PASSED

18-05-2025T08:33:12 - [MESSAGE][PASSED] - drivers.Driver.openApp is PASSED

18-05-2025T08:33:12 - [TEST_STEP][PASSED] - REQUEST_NAME = "Trình ký PDF có sẵn": null

18-05-2025T08:33:12 - [TEST_STEP][PASSED] - TO_DAY = SimpleDateFormat(dd/MM/yyyy).format(new java.util.Date()): null

18-05-2025T08:33:12 - [TEST_STEP][PASSED] - auto5 = DataTest.getUserTest("auto5"): null

18-05-2025T08:33:12 - [TEST_STEP][PASSED] - auto6 = DataTest.getUserTest("auto6"): null

18-05-2025T08:33:12 - [TEST_STEP][PASSED] - auto7 = DataTest.getUserTest("auto7"): null

18-05-2025T08:33:12 - [TEST_STEP][PASSED] - document = DataTest.createDocumentTest(auto5, auto6, auto7, "dummy.pdf", "dummy.pdf"): null

18-05-2025T08:33:12 - [TEST_STEP][PASSED] - loginScreen.login(auto5): null

18-05-2025T08:33:19 - [TEST_STEP][PASSED] - homeScreen.openRequestList(): null

18-05-2025T08:33:25 - [TEST_STEP][PASSED] - homeScreen.createRequest(REQUEST_NAME): null

18-05-2025T08:33:28 - [TEST_STEP][PASSED] - pdfSignScreen.fillInTitle(title): null

18-05-2025T08:33:30 - [TEST_STEP][PASSED] - pdfSignScreen.selectPriority(priority): null

18-05-2025T08:33:33 - [TEST_STEP][PASSED] - pdfSignScreen.selectTime(time): null

18-05-2025T08:33:36 - [TEST_STEP][PASSED] - pdfSignScreen.fillInDescription(description): null

18-05-2025T08:33:37 - [TEST_STEP][PASSED] - pdfSignScreen.selectAssigner(getAssigner().getEmail()): null

18-05-2025T08:33:43 - [TEST_STEP][PASSED] - pdfSignScreen.openMainFileBrowser(): null

18-05-2025T08:33:48 - [TEST_STEP][PASSED] - fileBrowserScreen.attachFile(mainFileName): null

18-05-2025T08:33:55 - [TEST_STEP][PASSED] - pdfSignScreen.openSubFileBrowser(): null

18-05-2025T08:33:56 - [TEST_STEP][PASSED] - fileBrowserScreen.attachFile(subFileName): null

18-05-2025T08:34:03 - [TEST_STEP][PASSED] - pdfSignScreen.selectRelatedMember(getCc().getEmail()): null

18-05-2025T08:34:10 - [TEST_STEP][PASSED] - pdfSignScreen.performAction(SEND_APPROVE): null

18-05-2025T08:34:13 - [TEST_STEP][PASSED] - pdfSignScreen.fillInOpinion(document.getComment()): null

18-05-2025T08:34:14 - [TEST_STEP][PASSED] - pdfSignScreen.submitRequest(): null

18-05-2025T08:34:22 - [TEST_STEP][PASSED] - document.setStatus(WAIT_APPROVE): null

18-05-2025T08:34:22 - [TEST_STEP][PASSED] - documentInformationScreen.backToHome(): null

18-05-2025T08:34:22 - [TEST_STEP][PASSED] - homeScreen.goToOutComingDocument(): null

18-05-2025T08:34:32 - [TEST_STEP][PASSED] - outComingDocument.viewInformationDocument(document): null

18-05-2025T08:34:33 - [TEST_STEP][PASSED] - documentInformationScreen.checkDocumentTitle(document): Verify equals GUI: Trình ký 1747531992109 - DATA: Trình ký 1747531992109

18-05-2025T08:34:38 - [MESSAGE][PASSED] - Verify equals GUI: Trình ký 1747531992109 - DATA: Trình ký 1747531992109

18-05-2025T08:34:38 - [TEST_STEP][PASSED] - documentInformationScreen.checkSender(document): Verify equals GUI: Auto Test User 5 - DATA: Auto Test User 5

18-05-2025T08:34:38 - [MESSAGE][PASSED] - Verify equals GUI: Auto Test User 5 - DATA: Auto Test User 5

18-05-2025T08:34:38 - [TEST_STEP][PASSED] - documentInformationScreen.checkStatus(document): Verify equals GUI: Chờ giám sát phê duyệt - DATA: Chờ giám sát phê duyệt

18-05-2025T08:34:38 - [MESSAGE][PASSED] - Verify equals GUI: Chờ giám sát phê duyệt - DATA: Chờ giám sát phê duyệt

18-05-2025T08:34:38 - [TEST_STEP][PASSED] - documentInformationScreen.checkCreateDate(): Verify equals GUI: 18/05/2025 - DATA: 18/05/2025

18-05-2025T08:34:38 - [MESSAGE][PASSED] - Verify equals GUI: 18/05/2025 - DATA: 18/05/2025

18-05-2025T08:34:38 - [TEST_STEP][PASSED] - documentInformationScreen.checkFinishDate(document): Verify equals GUI: 19/05/2025 - DATA: 19/05/2025

18-05-2025T08:34:38 - [MESSAGE][PASSED] - Verify equals GUI: 19/05/2025 - DATA: 19/05/2025

18-05-2025T08:34:38 - [TEST_STEP][PASSED] - documentInformationScreen.checkPriority(document): Verify equals GUI: Bình thường - DATA: Bình thường

18-05-2025T08:34:38 - [MESSAGE][PASSED] - Verify equals GUI: Bình thường - DATA: Bình thường

18-05-2025T08:34:38 - [TEST_STEP][PASSED] - documentInformationScreen.checkDescription(document): Verify equals GUI: 002 TAO YEU CAU - DATA: 002 TAO YEU CAU

18-05-2025T08:34:38 - [MESSAGE][PASSED] - Verify equals GUI: 002 TAO YEU CAU - DATA: 002 TAO YEU CAU

18-05-2025T08:34:38 - [TEST_STEP][PASSED] - documentInformationScreen.checkAssigner(document): Verify contains GUI: auto6@hdbank.com.vn - DATA: auto6@hdbank.com.vn

18-05-2025T08:34:40 - [MESSAGE][PASSED] - Verify contains GUI: auto6@hdbank.com.vn - DATA: auto6@hdbank.com.vn

18-05-2025T08:34:40 - [TEST_STEP][PASSED] - documentInformationScreen.checkPresentFileName(document): Verify contains GUI: dummy_20250518083430.ozd - DATA: dummy

18-05-2025T08:34:45 - [MESSAGE][PASSED] - Verify contains GUI: dummy_20250518083430.ozd - DATA: dummy

18-05-2025T08:34:45 - [TEST_STEP][PASSED] - documentInformationScreen.checkAttachFileName(document): Expected true condition

18-05-2025T08:34:47 - [MESSAGE][PASSED] - Expected true condition

18-05-2025T08:34:47 - [TEST_STEP][PASSED] - documentInformationScreen.backToHome(): null

18-05-2025T08:34:51 - [TEST_STEP][PASSED] - homeScreen.logout(): null

18-05-2025T08:35:00 - [TEST_STEP][PASSED] - loginScreen.login(auto6): null

18-05-2025T08:35:09 - [TEST_STEP][PASSED] - document.setAssigner(auto5): null

18-05-2025T08:35:09 - [TEST_STEP][PASSED] - homeScreen.goToIncomingDocument(): null

18-05-2025T08:35:09 - [TEST_STEP][PASSED] - inComingDocument.viewInformationDocument(document): View document Trình ký 1747531992109

18-05-2025T08:35:09 - [MESSAGE][INFO] - View document Trình ký 1747531992109

18-05-2025T08:35:15 - [TEST_STEP][PASSED] - documentInformationScreen.checkDocumentTitle(document): Verify equals GUI: Trình ký 1747531992109 - DATA: Trình ký 1747531992109

18-05-2025T08:35:15 - [MESSAGE][PASSED] - Verify equals GUI: Trình ký 1747531992109 - DATA: Trình ký 1747531992109

18-05-2025T08:35:15 - [TEST_STEP][PASSED] - documentInformationScreen.checkSender(document): Verify equals GUI: Auto Test User 5 - DATA: Auto Test User 5

18-05-2025T08:35:16 - [MESSAGE][PASSED] - Verify equals GUI: Auto Test User 5 - DATA: Auto Test User 5

18-05-2025T08:35:16 - [TEST_STEP][PASSED] - documentInformationScreen.checkStatus(document): Verify equals GUI: Chờ giám sát phê duyệt - DATA: Chờ giám sát phê duyệt

18-05-2025T08:35:16 - [MESSAGE][PASSED] - Verify equals GUI: Chờ giám sát phê duyệt - DATA: Chờ giám sát phê duyệt

18-05-2025T08:35:16 - [TEST_STEP][PASSED] - documentInformationScreen.checkCreateDate(): Verify equals GUI: 18/05/2025 - DATA: 18/05/2025

18-05-2025T08:35:16 - [MESSAGE][PASSED] - Verify equals GUI: 18/05/2025 - DATA: 18/05/2025

18-05-2025T08:35:16 - [TEST_STEP][PASSED] - documentInformationScreen.checkFinishDate(document): Verify equals GUI: 19/05/2025 - DATA: 19/05/2025

18-05-2025T08:35:16 - [MESSAGE][PASSED] - Verify equals GUI: 19/05/2025 - DATA: 19/05/2025

18-05-2025T08:35:16 - [TEST_STEP][PASSED] - documentInformationScreen.checkPriority(document): Verify equals GUI: Bình thường - DATA: Bình thường

18-05-2025T08:35:16 - [MESSAGE][PASSED] - Verify equals GUI: Bình thường - DATA: Bình thường

18-05-2025T08:35:16 - [TEST_STEP][PASSED] - documentInformationScreen.checkDescription(document): Verify equals GUI: 002 TAO YEU CAU - DATA: 002 TAO YEU CAU

18-05-2025T08:35:16 - [MESSAGE][PASSED] - Verify equals GUI: 002 TAO YEU CAU - DATA: 002 TAO YEU CAU

18-05-2025T08:35:16 - [TEST_STEP][PASSED] - documentInformationScreen.checkAssigner(document): Verify contains GUI: auto5@hdbank.com.vn - DATA: auto5@hdbank.com.vn

18-05-2025T08:35:18 - [MESSAGE][PASSED] - Verify contains GUI: auto5@hdbank.com.vn - DATA: auto5@hdbank.com.vn

18-05-2025T08:35:18 - [TEST_STEP][PASSED] - documentInformationScreen.checkPresentFileName(document): Verify contains GUI: dummy_20250518083430.ozd - DATA: dummy

18-05-2025T08:35:19 - [MESSAGE][PASSED] - Verify contains GUI: dummy_20250518083430.ozd - DATA: dummy

18-05-2025T08:35:19 - [TEST_STEP][PASSED] - documentInformationScreen.checkAttachFileName(document): Expected true condition

18-05-2025T08:35:20 - [MESSAGE][PASSED] - Expected true condition

18-05-2025T08:35:20 - [TEST_STEP][PASSED] - documentInformationScreen.backToHome(): null

18-05-2025T08:35:25 - [TEST_STEP][PASSED] - homeScreen.logout(): null

18-05-2025T08:35:34 - [TEST_STEP][PASSED] - document.setAssigner(auto6): null

18-05-2025T08:35:34 - [TEST_STEP][PASSED] - loginScreen.login(auto7): null

18-05-2025T08:35:43 - [TEST_STEP][PASSED] - homeScreen.goToIncomingDocument(): null

18-05-2025T08:35:43 - [TEST_STEP][PASSED] - inComingDocument.goToRelatedDocument(): null

18-05-2025T08:35:45 - [TEST_STEP][PASSED] - relatedDocumentScreen.viewInformationDocument(document): null

18-05-2025T08:35:52 - [TEST_STEP][PASSED] - documentInformationScreen.checkDocumentTitle(document): Verify equals GUI: Trình ký 1747531992109 - DATA: Trình ký 1747531992109

18-05-2025T08:35:57 - [MESSAGE][PASSED] - Verify equals GUI: Trình ký 1747531992109 - DATA: Trình ký 1747531992109

18-05-2025T08:35:57 - [TEST_STEP][PASSED] - documentInformationScreen.checkSender(document): Verify equals GUI: Auto Test User 5 - DATA: Auto Test User 5

18-05-2025T08:35:58 - [MESSAGE][PASSED] - Verify equals GUI: Auto Test User 5 - DATA: Auto Test User 5

18-05-2025T08:35:58 - [TEST_STEP][PASSED] - documentInformationScreen.checkStatus(document): Verify equals GUI: Chờ giám sát phê duyệt - DATA: Chờ giám sát phê duyệt

18-05-2025T08:35:58 - [MESSAGE][PASSED] - Verify equals GUI: Chờ giám sát phê duyệt - DATA: Chờ giám sát phê duyệt

18-05-2025T08:35:58 - [TEST_STEP][PASSED] - documentInformationScreen.checkCreateDate(): Verify equals GUI: 18/05/2025 - DATA: 18/05/2025

18-05-2025T08:35:58 - [MESSAGE][PASSED] - Verify equals GUI: 18/05/2025 - DATA: 18/05/2025

18-05-2025T08:35:58 - [TEST_STEP][PASSED] - documentInformationScreen.checkFinishDate(document): Verify equals GUI: 19/05/2025 - DATA: 19/05/2025

18-05-2025T08:35:58 - [MESSAGE][PASSED] - Verify equals GUI: 19/05/2025 - DATA: 19/05/2025

18-05-2025T08:35:58 - [TEST_STEP][PASSED] - documentInformationScreen.checkPriority(document): Verify equals GUI: Bình thường - DATA: Bình thường

18-05-2025T08:35:58 - [MESSAGE][PASSED] - Verify equals GUI: Bình thường - DATA: Bình thường

18-05-2025T08:35:58 - [TEST_STEP][PASSED] - documentInformationScreen.checkDescription(document): Verify equals GUI: 002 TAO YEU CAU - DATA: 002 TAO YEU CAU

18-05-2025T08:35:58 - [MESSAGE][PASSED] - Verify equals GUI: 002 TAO YEU CAU - DATA: 002 TAO YEU CAU

18-05-2025T08:35:58 - [TEST_STEP][PASSED] - documentInformationScreen.checkAssigner(document): Verify contains GUI: auto6@hdbank.com.vn - DATA: auto6@hdbank.com.vn

18-05-2025T08:36:00 - [MESSAGE][PASSED] - Verify contains GUI: auto6@hdbank.com.vn - DATA: auto6@hdbank.com.vn

18-05-2025T08:36:00 - [TEST_STEP][PASSED] - documentInformationScreen.checkPresentFileName(document): Verify contains GUI: dummy_20250518083430.ozd - DATA: dummy

18-05-2025T08:36:05 - [MESSAGE][PASSED] - Verify contains GUI: dummy_20250518083430.ozd - DATA: dummy

18-05-2025T08:36:05 - [TEST_STEP][PASSED] - documentInformationScreen.checkAttachFileName(document): Expected true condition

18-05-2025T08:36:07 - [MESSAGE][PASSED] - Expected true condition

18-05-2025T08:36:07 - [TEST_STEP][PASSED] - documentInformationScreen.checkUserCannotEditDocument(): Check user can not edit document

18-05-2025T08:36:19 - [MESSAGE][PASSED] - Check user can not edit document

18-05-2025T08:36:19 - [TEST_STEP][PASSED] - Start listener action : afterTest: null

18-05-2025T08:36:19 - [TEST_STEP][PASSED] - if (testCaseStatus != "PASSED"): null

18-05-2025T08:36:19 - [TEST_STEP][PASSED] - drivers.Driver.closeApp(): drivers.Driver.closeApp is PASSED

18-05-2025T08:36:19 - [MESSAGE][PASSED] - drivers.Driver.closeApp is PASSED

18-05-2025T08:36:19 - [TEST_STEP][PASSED] - if (tsContext == null): null]]></system-out>
         <system-err><![CDATA[]]></system-err>
      </testcase>
      <testcase name="Test Cases/IPAPER APP/043 TAI FILE TAI CHI TIET HO SO_HO SO DEN" time="1092.731" classname="Test Cases/IPAPER APP/043 TAI FILE TAI CHI TIET HO SO_HO SO DEN" status="ERROR">
         <error type="ERROR" message="Test Cases/IPAPER APP/043 TAI FILE TAI CHI TIET HO SO_HO SO DEN FAILED.&#xa;Reason:&#xa;org.openqa.selenium.WebDriverException: An unknown server-side error occurred while processing the command. Original error: Could not proxy command to the remote server. Original error: timeout of 240000ms exceeded&#xa;Build info: version: '3.141.59', revision: 'unknown', time: 'unknown'&#xa;System info: host: '192.168.1.4.non-exists.ptr.local', ip: '2402:800:63f2:b9ce:1859:4296:77a1:a88d%en0', os.name: 'Mac OS X', os.arch: 'aarch64', os.version: '15.4.1', java.version: '17.0.7'&#xa;Driver info: com.kms.katalon.core.appium.driver.SwipeableAndroidDriver&#xa;Capabilities {automationName: UiAutomator2, databaseEnabled: false, desired: {automationName: UiAutomator2, deviceName: af0c5cf7, noReset: true, platformName: android, waitForIdleTimeout: 3000}, deviceApiLevel: 35, deviceManufacturer: OPPO, deviceModel: CPH2699, deviceName: af0c5cf7, deviceScreenDensity: 480, deviceScreenSize: 1080x2400, deviceUDID: af0c5cf7, javascriptEnabled: true, locationContextEnabled: false, networkConnectionEnabled: true, noReset: true, pixelRatio: 3, platform: LINUX, platformName: Android, platformVersion: 15, statBarHeight: 120, takesScreenshot: true, viewportRect: {height: 2280, left: 0, top: 120, width: 1080}, waitForIdleTimeout: 3000, warnings: {}, webStorageEnabled: false}&#xa;Session ID: c0c10e71-bfa6-42a0-bfc6-9e4517bcdaae&#xa;*** Element info: {Using=xpath, value=//android.widget.TextView[@text='Trình ký PDF có sẵn']}&#xa;	at java.base/jdk.internal.reflect.NativeConstructorAccessorImpl.newInstance0(Native Method)&#xa;	at java.base/jdk.internal.reflect.NativeConstructorAccessorImpl.newInstance(NativeConstructorAccessorImpl.java:77)&#xa;	at java.base/jdk.internal.reflect.DelegatingConstructorAccessorImpl.newInstance(DelegatingConstructorAccessorImpl.java:45)&#xa;	at org.openqa.selenium.remote.http.W3CHttpResponseCodec.createException(W3CHttpResponseCodec.java:187)&#xa;	at org.openqa.selenium.remote.http.W3CHttpResponseCodec.decode(W3CHttpResponseCodec.java:122)&#xa;	at org.openqa.selenium.remote.http.W3CHttpResponseCodec.decode(W3CHttpResponseCodec.java:49)&#xa;	at org.openqa.selenium.remote.HttpCommandExecutor.execute(HttpCommandExecutor.java:158)&#xa;	at io.appium.java_client.remote.AppiumCommandExecutor.execute(AppiumCommandExecutor.java:239)&#xa;	at org.openqa.selenium.remote.RemoteWebDriver.execute(RemoteWebDriver.java:552)&#xa;	at io.appium.java_client.DefaultGenericMobileDriver.execute(DefaultGenericMobileDriver.java:42)&#xa;	at io.appium.java_client.AppiumDriver.execute(AppiumDriver.java:1)&#xa;	at io.appium.java_client.android.AndroidDriver.execute(AndroidDriver.java:1)&#xa;	at com.kms.katalon.core.appium.driver.SwipeableAndroidDriver.execute(SwipeableAndroidDriver.java:1)&#xa;	at org.openqa.selenium.remote.RemoteWebDriver.findElements(RemoteWebDriver.java:353)&#xa;	at io.appium.java_client.DefaultGenericMobileDriver.findElements(DefaultGenericMobileDriver.java:54)&#xa;	at io.appium.java_client.AppiumDriver.findElements(AppiumDriver.java:152)&#xa;	at org.openqa.selenium.remote.RemoteWebDriver.findElementsByXPath(RemoteWebDriver.java:432)&#xa;	at io.appium.java_client.DefaultGenericMobileDriver.findElementsByXPath(DefaultGenericMobileDriver.java:156)&#xa;	at io.appium.java_client.AppiumDriver.findElementsByXPath(AppiumDriver.java:184)&#xa;	at org.openqa.selenium.By$ByXPath.findElements(By.java:348)&#xa;	at org.openqa.selenium.remote.RemoteWebDriver.findElements(RemoteWebDriver.java:311)&#xa;	at io.appium.java_client.DefaultGenericMobileDriver.findElements(DefaultGenericMobileDriver.java:50)&#xa;	at io.appium.java_client.AppiumDriver.findElements(AppiumDriver.java:148)&#xa;	at base.BaseKeyword$Trait$Helper$_waitForPresentOf_closure1.doCall(BaseKeyword.groovy:253)&#xa;	at jdk.internal.reflect.GeneratedMethodAccessor8.invoke(Unknown Source)&#xa;	at java.base/jdk.internal.reflect.DelegatingMethodAccessorImpl.invoke(DelegatingMethodAccessorImpl.java:43)&#xa;	at jdk.proxy2/jdk.proxy2.$Proxy34.apply(Unknown Source)&#xa;	at org.openqa.selenium.support.ui.FluentWait.until(FluentWait.java:249)&#xa;	at base.BaseKeyword$Trait$Helper.waitForPresentOf(BaseKeyword.groovy:252)&#xa;	at screens.HomeScreen.waitForPresentOf(HomeScreen.groovy)&#xa;	at screens.HomeScreen.createRequest(HomeScreen.groovy:71)&#xa;	at 043 TAI FILE TAI CHI TIET HO SO_HO SO DEN.run(043 TAI FILE TAI CHI TIET HO SO_HO SO DEN:21)&#xa;	at com.kms.katalon.core.main.ScriptEngine.run(ScriptEngine.java:194)&#xa;	at com.kms.katalon.core.main.ScriptEngine.runScriptAsRawText(ScriptEngine.java:119)&#xa;	at com.kms.katalon.core.main.TestCaseExecutor.runScript(TestCaseExecutor.java:448)&#xa;	at com.kms.katalon.core.main.TestCaseExecutor.doExecute(TestCaseExecutor.java:439)&#xa;	at com.kms.katalon.core.main.TestCaseExecutor.processExecutionPhase(TestCaseExecutor.java:418)&#xa;	at com.kms.katalon.core.main.TestCaseExecutor.accessMainPhase(TestCaseExecutor.java:410)&#xa;	at com.kms.katalon.core.main.TestCaseExecutor.execute(TestCaseExecutor.java:285)&#xa;	at com.kms.katalon.core.common.CommonExecutor.accessTestCaseMainPhase(CommonExecutor.java:65)&#xa;	at com.kms.katalon.core.main.TestSuiteExecutor.accessTestSuiteMainPhase(TestSuiteExecutor.java:150)&#xa;	at com.kms.katalon.core.main.TestSuiteExecutor.execute(TestSuiteExecutor.java:106)&#xa;	at com.kms.katalon.core.main.TestCaseMain.startTestSuite(TestCaseMain.java:180)&#xa;	at TempTestSuite1747531571431.run(TempTestSuite1747531571431.groovy:35)&#xa;	at java.base/jdk.internal.reflect.NativeMethodAccessorImpl.invoke0(Native Method)&#xa;	at java.base/jdk.internal.reflect.NativeMethodAccessorImpl.invoke(NativeMethodAccessorImpl.java:77)&#xa;	at java.base/jdk.internal.reflect.DelegatingMethodAccessorImpl.invoke(DelegatingMethodAccessorImpl.java:43)&#xa;"/>
         <system-out><![CDATA[18-05-2025T08:36:19 - [TEST_CASE][ERROR] - Test Cases/IPAPER APP/043 TAI FILE TAI CHI TIET HO SO_HO SO DEN: Test Cases/IPAPER APP/043 TAI FILE TAI CHI TIET HO SO_HO SO DEN FAILED.
Reason:
org.openqa.selenium.WebDriverException: An unknown server-side error occurred while processing the command. Original error: Could not proxy command to the remote server. Original error: timeout of 240000ms exceeded
Build info: version: '3.141.59', revision: 'unknown', time: 'unknown'
System info: host: '192.168.1.4.non-exists.ptr.local', ip: '2402:800:63f2:b9ce:1859:4296:77a1:a88d%en0', os.name: 'Mac OS X', os.arch: 'aarch64', os.version: '15.4.1', java.version: '17.0.7'
Driver info: com.kms.katalon.core.appium.driver.SwipeableAndroidDriver
Capabilities {automationName: UiAutomator2, databaseEnabled: false, desired: {automationName: UiAutomator2, deviceName: af0c5cf7, noReset: true, platformName: android, waitForIdleTimeout: 3000}, deviceApiLevel: 35, deviceManufacturer: OPPO, deviceModel: CPH2699, deviceName: af0c5cf7, deviceScreenDensity: 480, deviceScreenSize: 1080x2400, deviceUDID: af0c5cf7, javascriptEnabled: true, locationContextEnabled: false, networkConnectionEnabled: true, noReset: true, pixelRatio: 3, platform: LINUX, platformName: Android, platformVersion: 15, statBarHeight: 120, takesScreenshot: true, viewportRect: {height: 2280, left: 0, top: 120, width: 1080}, waitForIdleTimeout: 3000, warnings: {}, webStorageEnabled: false}
Session ID: c0c10e71-bfa6-42a0-bfc6-9e4517bcdaae
*** Element info: {Using=xpath, value=//android.widget.TextView[@text='Trình ký PDF có sẵn']}
	at java.base/jdk.internal.reflect.NativeConstructorAccessorImpl.newInstance0(Native Method)
	at java.base/jdk.internal.reflect.NativeConstructorAccessorImpl.newInstance(NativeConstructorAccessorImpl.java:77)
	at java.base/jdk.internal.reflect.DelegatingConstructorAccessorImpl.newInstance(DelegatingConstructorAccessorImpl.java:45)
	at org.openqa.selenium.remote.http.W3CHttpResponseCodec.createException(W3CHttpResponseCodec.java:187)
	at org.openqa.selenium.remote.http.W3CHttpResponseCodec.decode(W3CHttpResponseCodec.java:122)
	at org.openqa.selenium.remote.http.W3CHttpResponseCodec.decode(W3CHttpResponseCodec.java:49)
	at org.openqa.selenium.remote.HttpCommandExecutor.execute(HttpCommandExecutor.java:158)
	at io.appium.java_client.remote.AppiumCommandExecutor.execute(AppiumCommandExecutor.java:239)
	at org.openqa.selenium.remote.RemoteWebDriver.execute(RemoteWebDriver.java:552)
	at io.appium.java_client.DefaultGenericMobileDriver.execute(DefaultGenericMobileDriver.java:42)
	at io.appium.java_client.AppiumDriver.execute(AppiumDriver.java:1)
	at io.appium.java_client.android.AndroidDriver.execute(AndroidDriver.java:1)
	at com.kms.katalon.core.appium.driver.SwipeableAndroidDriver.execute(SwipeableAndroidDriver.java:1)
	at org.openqa.selenium.remote.RemoteWebDriver.findElements(RemoteWebDriver.java:353)
	at io.appium.java_client.DefaultGenericMobileDriver.findElements(DefaultGenericMobileDriver.java:54)
	at io.appium.java_client.AppiumDriver.findElements(AppiumDriver.java:152)
	at org.openqa.selenium.remote.RemoteWebDriver.findElementsByXPath(RemoteWebDriver.java:432)
	at io.appium.java_client.DefaultGenericMobileDriver.findElementsByXPath(DefaultGenericMobileDriver.java:156)
	at io.appium.java_client.AppiumDriver.findElementsByXPath(AppiumDriver.java:184)
	at org.openqa.selenium.By$ByXPath.findElements(By.java:348)
	at org.openqa.selenium.remote.RemoteWebDriver.findElements(RemoteWebDriver.java:311)
	at io.appium.java_client.DefaultGenericMobileDriver.findElements(DefaultGenericMobileDriver.java:50)
	at io.appium.java_client.AppiumDriver.findElements(AppiumDriver.java:148)
	at base.BaseKeyword$Trait$Helper$_waitForPresentOf_closure1.doCall(BaseKeyword.groovy:253)
	at jdk.internal.reflect.GeneratedMethodAccessor8.invoke(Unknown Source)
	at java.base/jdk.internal.reflect.DelegatingMethodAccessorImpl.invoke(DelegatingMethodAccessorImpl.java:43)
	at jdk.proxy2/jdk.proxy2.$Proxy34.apply(Unknown Source)
	at org.openqa.selenium.support.ui.FluentWait.until(FluentWait.java:249)
	at base.BaseKeyword$Trait$Helper.waitForPresentOf(BaseKeyword.groovy:252)
	at screens.HomeScreen.waitForPresentOf(HomeScreen.groovy)
	at screens.HomeScreen.createRequest(HomeScreen.groovy:71)
	at 043 TAI FILE TAI CHI TIET HO SO_HO SO DEN.run(043 TAI FILE TAI CHI TIET HO SO_HO SO DEN:21)
	at com.kms.katalon.core.main.ScriptEngine.run(ScriptEngine.java:194)
	at com.kms.katalon.core.main.ScriptEngine.runScriptAsRawText(ScriptEngine.java:119)
	at com.kms.katalon.core.main.TestCaseExecutor.runScript(TestCaseExecutor.java:448)
	at com.kms.katalon.core.main.TestCaseExecutor.doExecute(TestCaseExecutor.java:439)
	at com.kms.katalon.core.main.TestCaseExecutor.processExecutionPhase(TestCaseExecutor.java:418)
	at com.kms.katalon.core.main.TestCaseExecutor.accessMainPhase(TestCaseExecutor.java:410)
	at com.kms.katalon.core.main.TestCaseExecutor.execute(TestCaseExecutor.java:285)
	at com.kms.katalon.core.common.CommonExecutor.accessTestCaseMainPhase(CommonExecutor.java:65)
	at com.kms.katalon.core.main.TestSuiteExecutor.accessTestSuiteMainPhase(TestSuiteExecutor.java:150)
	at com.kms.katalon.core.main.TestSuiteExecutor.execute(TestSuiteExecutor.java:106)
	at com.kms.katalon.core.main.TestCaseMain.startTestSuite(TestCaseMain.java:180)
	at TempTestSuite1747531571431.run(TempTestSuite1747531571431.groovy:35)
	at java.base/jdk.internal.reflect.NativeMethodAccessorImpl.invoke0(Native Method)
	at java.base/jdk.internal.reflect.NativeMethodAccessorImpl.invoke(NativeMethodAccessorImpl.java:77)
	at java.base/jdk.internal.reflect.DelegatingMethodAccessorImpl.invoke(DelegatingMethodAccessorImpl.java:43)


18-05-2025T08:36:19 - [TEST_STEP][PASSED] - Start listener action : beforeTest: drivers.Driver.openApp is PASSED

18-05-2025T08:36:19 - [TEST_STEP][PASSED] - DataTest.init(): null

18-05-2025T08:36:19 - [TEST_STEP][PASSED] - testCaseId = split("/").last(): null

18-05-2025T08:36:19 - [TEST_STEP][PASSED] - if (!(drivers.Driver.isAppiumRunning())): drivers.Driver.isAppiumRunning is PASSED

18-05-2025T08:36:19 - [MESSAGE][INFO] - Appium running: true

18-05-2025T08:36:19 - [MESSAGE][PASSED] - drivers.Driver.isAppiumRunning is PASSED

18-05-2025T08:36:19 - [TEST_STEP][PASSED] - if (driver == null || driver.getSessionId() == null): null

18-05-2025T08:36:19 - [TEST_STEP][PASSED] - drivers.Driver.openApp(): drivers.Driver.openApp is PASSED

18-05-2025T08:36:22 - [MESSAGE][PASSED] - drivers.Driver.openApp is PASSED

18-05-2025T08:36:22 - [TEST_STEP][PASSED] - FOLDER_NAME = "IPaperDownloads": null

18-05-2025T08:36:22 - [TEST_STEP][PASSED] - REQUEST_NAME = "Trình ký PDF có sẵn": null

18-05-2025T08:36:22 - [TEST_STEP][PASSED] - auto5 = DataTest.getUserTest("auto5"): null

18-05-2025T08:36:22 - [TEST_STEP][PASSED] - auto6 = DataTest.getUserTest("auto6"): null

18-05-2025T08:36:22 - [TEST_STEP][PASSED] - document = DataTest.createDocumentTest(auto5, auto6, null, "dummy.pdf", "dummy.pdf"): null

18-05-2025T08:36:22 - [TEST_STEP][PASSED] - loginScreen.login(auto5): null

18-05-2025T08:36:29 - [TEST_STEP][PASSED] - homeScreen.openRequestList(): null

18-05-2025T08:36:35 - [TEST_STEP][ERROR] - homeScreen.createRequest(REQUEST_NAME): Test Cases/IPAPER APP/043 TAI FILE TAI CHI TIET HO SO_HO SO DEN FAILED.
Reason:
org.openqa.selenium.WebDriverException: An unknown server-side error occurred while processing the command. Original error: Could not proxy command to the remote server. Original error: timeout of 240000ms exceeded
Build info: version: '3.141.59', revision: 'unknown', time: 'unknown'
System info: host: '192.168.1.4.non-exists.ptr.local', ip: '2402:800:63f2:b9ce:1859:4296:77a1:a88d%en0', os.name: 'Mac OS X', os.arch: 'aarch64', os.version: '15.4.1', java.version: '17.0.7'
Driver info: com.kms.katalon.core.appium.driver.SwipeableAndroidDriver
Capabilities {automationName: UiAutomator2, databaseEnabled: false, desired: {automationName: UiAutomator2, deviceName: af0c5cf7, noReset: true, platformName: android, waitForIdleTimeout: 3000}, deviceApiLevel: 35, deviceManufacturer: OPPO, deviceModel: CPH2699, deviceName: af0c5cf7, deviceScreenDensity: 480, deviceScreenSize: 1080x2400, deviceUDID: af0c5cf7, javascriptEnabled: true, locationContextEnabled: false, networkConnectionEnabled: true, noReset: true, pixelRatio: 3, platform: LINUX, platformName: Android, platformVersion: 15, statBarHeight: 120, takesScreenshot: true, viewportRect: {height: 2280, left: 0, top: 120, width: 1080}, waitForIdleTimeout: 3000, warnings: {}, webStorageEnabled: false}
Session ID: c0c10e71-bfa6-42a0-bfc6-9e4517bcdaae
*** Element info: {Using=xpath, value=//android.widget.TextView[@text='Trình ký PDF có sẵn']}
	at java.base/jdk.internal.reflect.NativeConstructorAccessorImpl.newInstance0(Native Method)
	at java.base/jdk.internal.reflect.NativeConstructorAccessorImpl.newInstance(NativeConstructorAccessorImpl.java:77)
	at java.base/jdk.internal.reflect.DelegatingConstructorAccessorImpl.newInstance(DelegatingConstructorAccessorImpl.java:45)
	at org.openqa.selenium.remote.http.W3CHttpResponseCodec.createException(W3CHttpResponseCodec.java:187)
	at org.openqa.selenium.remote.http.W3CHttpResponseCodec.decode(W3CHttpResponseCodec.java:122)
	at org.openqa.selenium.remote.http.W3CHttpResponseCodec.decode(W3CHttpResponseCodec.java:49)
	at org.openqa.selenium.remote.HttpCommandExecutor.execute(HttpCommandExecutor.java:158)
	at io.appium.java_client.remote.AppiumCommandExecutor.execute(AppiumCommandExecutor.java:239)
	at org.openqa.selenium.remote.RemoteWebDriver.execute(RemoteWebDriver.java:552)
	at io.appium.java_client.DefaultGenericMobileDriver.execute(DefaultGenericMobileDriver.java:42)
	at io.appium.java_client.AppiumDriver.execute(AppiumDriver.java:1)
	at io.appium.java_client.android.AndroidDriver.execute(AndroidDriver.java:1)
	at com.kms.katalon.core.appium.driver.SwipeableAndroidDriver.execute(SwipeableAndroidDriver.java:1)
	at org.openqa.selenium.remote.RemoteWebDriver.findElements(RemoteWebDriver.java:353)
	at io.appium.java_client.DefaultGenericMobileDriver.findElements(DefaultGenericMobileDriver.java:54)
	at io.appium.java_client.AppiumDriver.findElements(AppiumDriver.java:152)
	at org.openqa.selenium.remote.RemoteWebDriver.findElementsByXPath(RemoteWebDriver.java:432)
	at io.appium.java_client.DefaultGenericMobileDriver.findElementsByXPath(DefaultGenericMobileDriver.java:156)
	at io.appium.java_client.AppiumDriver.findElementsByXPath(AppiumDriver.java:184)
	at org.openqa.selenium.By$ByXPath.findElements(By.java:348)
	at org.openqa.selenium.remote.RemoteWebDriver.findElements(RemoteWebDriver.java:311)
	at io.appium.java_client.DefaultGenericMobileDriver.findElements(DefaultGenericMobileDriver.java:50)
	at io.appium.java_client.AppiumDriver.findElements(AppiumDriver.java:148)
	at base.BaseKeyword$Trait$Helper$_waitForPresentOf_closure1.doCall(BaseKeyword.groovy:253)
	at jdk.internal.reflect.GeneratedMethodAccessor8.invoke(Unknown Source)
	at java.base/jdk.internal.reflect.DelegatingMethodAccessorImpl.invoke(DelegatingMethodAccessorImpl.java:43)
	at jdk.proxy2/jdk.proxy2.$Proxy34.apply(Unknown Source)
	at org.openqa.selenium.support.ui.FluentWait.until(FluentWait.java:249)
	at base.BaseKeyword$Trait$Helper.waitForPresentOf(BaseKeyword.groovy:252)
	at screens.HomeScreen.waitForPresentOf(HomeScreen.groovy)
	at screens.HomeScreen.createRequest(HomeScreen.groovy:71)
	at 043 TAI FILE TAI CHI TIET HO SO_HO SO DEN.run(043 TAI FILE TAI CHI TIET HO SO_HO SO DEN:21)
	at com.kms.katalon.core.main.ScriptEngine.run(ScriptEngine.java:194)
	at com.kms.katalon.core.main.ScriptEngine.runScriptAsRawText(ScriptEngine.java:119)
	at com.kms.katalon.core.main.TestCaseExecutor.runScript(TestCaseExecutor.java:448)
	at com.kms.katalon.core.main.TestCaseExecutor.doExecute(TestCaseExecutor.java:439)
	at com.kms.katalon.core.main.TestCaseExecutor.processExecutionPhase(TestCaseExecutor.java:418)
	at com.kms.katalon.core.main.TestCaseExecutor.accessMainPhase(TestCaseExecutor.java:410)
	at com.kms.katalon.core.main.TestCaseExecutor.execute(TestCaseExecutor.java:285)
	at com.kms.katalon.core.common.CommonExecutor.accessTestCaseMainPhase(CommonExecutor.java:65)
	at com.kms.katalon.core.main.TestSuiteExecutor.accessTestSuiteMainPhase(TestSuiteExecutor.java:150)
	at com.kms.katalon.core.main.TestSuiteExecutor.execute(TestSuiteExecutor.java:106)
	at com.kms.katalon.core.main.TestCaseMain.startTestSuite(TestCaseMain.java:180)
	at TempTestSuite1747531571431.run(TempTestSuite1747531571431.groovy:35)
	at java.base/jdk.internal.reflect.NativeMethodAccessorImpl.invoke0(Native Method)
	at java.base/jdk.internal.reflect.NativeMethodAccessorImpl.invoke(NativeMethodAccessorImpl.java:77)
	at java.base/jdk.internal.reflect.DelegatingMethodAccessorImpl.invoke(DelegatingMethodAccessorImpl.java:43)


18-05-2025T08:54:29 - [MESSAGE][ERROR] - Test Cases/IPAPER APP/043 TAI FILE TAI CHI TIET HO SO_HO SO DEN FAILED.
Reason:
org.openqa.selenium.WebDriverException: An unknown server-side error occurred while processing the command. Original error: Could not proxy command to the remote server. Original error: timeout of 240000ms exceeded
Build info: version: '3.141.59', revision: 'unknown', time: 'unknown'
System info: host: '192.168.1.4.non-exists.ptr.local', ip: '2402:800:63f2:b9ce:1859:4296:77a1:a88d%en0', os.name: 'Mac OS X', os.arch: 'aarch64', os.version: '15.4.1', java.version: '17.0.7'
Driver info: com.kms.katalon.core.appium.driver.SwipeableAndroidDriver
Capabilities {automationName: UiAutomator2, databaseEnabled: false, desired: {automationName: UiAutomator2, deviceName: af0c5cf7, noReset: true, platformName: android, waitForIdleTimeout: 3000}, deviceApiLevel: 35, deviceManufacturer: OPPO, deviceModel: CPH2699, deviceName: af0c5cf7, deviceScreenDensity: 480, deviceScreenSize: 1080x2400, deviceUDID: af0c5cf7, javascriptEnabled: true, locationContextEnabled: false, networkConnectionEnabled: true, noReset: true, pixelRatio: 3, platform: LINUX, platformName: Android, platformVersion: 15, statBarHeight: 120, takesScreenshot: true, viewportRect: {height: 2280, left: 0, top: 120, width: 1080}, waitForIdleTimeout: 3000, warnings: {}, webStorageEnabled: false}
Session ID: c0c10e71-bfa6-42a0-bfc6-9e4517bcdaae
*** Element info: {Using=xpath, value=//android.widget.TextView[@text='Trình ký PDF có sẵn']}
	at java.base/jdk.internal.reflect.NativeConstructorAccessorImpl.newInstance0(Native Method)
	at java.base/jdk.internal.reflect.NativeConstructorAccessorImpl.newInstance(NativeConstructorAccessorImpl.java:77)
	at java.base/jdk.internal.reflect.DelegatingConstructorAccessorImpl.newInstance(DelegatingConstructorAccessorImpl.java:45)
	at org.openqa.selenium.remote.http.W3CHttpResponseCodec.createException(W3CHttpResponseCodec.java:187)
	at org.openqa.selenium.remote.http.W3CHttpResponseCodec.decode(W3CHttpResponseCodec.java:122)
	at org.openqa.selenium.remote.http.W3CHttpResponseCodec.decode(W3CHttpResponseCodec.java:49)
	at org.openqa.selenium.remote.HttpCommandExecutor.execute(HttpCommandExecutor.java:158)
	at io.appium.java_client.remote.AppiumCommandExecutor.execute(AppiumCommandExecutor.java:239)
	at org.openqa.selenium.remote.RemoteWebDriver.execute(RemoteWebDriver.java:552)
	at io.appium.java_client.DefaultGenericMobileDriver.execute(DefaultGenericMobileDriver.java:42)
	at io.appium.java_client.AppiumDriver.execute(AppiumDriver.java:1)
	at io.appium.java_client.android.AndroidDriver.execute(AndroidDriver.java:1)
	at com.kms.katalon.core.appium.driver.SwipeableAndroidDriver.execute(SwipeableAndroidDriver.java:1)
	at org.openqa.selenium.remote.RemoteWebDriver.findElements(RemoteWebDriver.java:353)
	at io.appium.java_client.DefaultGenericMobileDriver.findElements(DefaultGenericMobileDriver.java:54)
	at io.appium.java_client.AppiumDriver.findElements(AppiumDriver.java:152)
	at org.openqa.selenium.remote.RemoteWebDriver.findElementsByXPath(RemoteWebDriver.java:432)
	at io.appium.java_client.DefaultGenericMobileDriver.findElementsByXPath(DefaultGenericMobileDriver.java:156)
	at io.appium.java_client.AppiumDriver.findElementsByXPath(AppiumDriver.java:184)
	at org.openqa.selenium.By$ByXPath.findElements(By.java:348)
	at org.openqa.selenium.remote.RemoteWebDriver.findElements(RemoteWebDriver.java:311)
	at io.appium.java_client.DefaultGenericMobileDriver.findElements(DefaultGenericMobileDriver.java:50)
	at io.appium.java_client.AppiumDriver.findElements(AppiumDriver.java:148)
	at base.BaseKeyword$Trait$Helper$_waitForPresentOf_closure1.doCall(BaseKeyword.groovy:253)
	at jdk.internal.reflect.GeneratedMethodAccessor8.invoke(Unknown Source)
	at java.base/jdk.internal.reflect.DelegatingMethodAccessorImpl.invoke(DelegatingMethodAccessorImpl.java:43)
	at jdk.proxy2/jdk.proxy2.$Proxy34.apply(Unknown Source)
	at org.openqa.selenium.support.ui.FluentWait.until(FluentWait.java:249)
	at base.BaseKeyword$Trait$Helper.waitForPresentOf(BaseKeyword.groovy:252)
	at screens.HomeScreen.waitForPresentOf(HomeScreen.groovy)
	at screens.HomeScreen.createRequest(HomeScreen.groovy:71)
	at 043 TAI FILE TAI CHI TIET HO SO_HO SO DEN.run(043 TAI FILE TAI CHI TIET HO SO_HO SO DEN:21)
	at com.kms.katalon.core.main.ScriptEngine.run(ScriptEngine.java:194)
	at com.kms.katalon.core.main.ScriptEngine.runScriptAsRawText(ScriptEngine.java:119)
	at com.kms.katalon.core.main.TestCaseExecutor.runScript(TestCaseExecutor.java:448)
	at com.kms.katalon.core.main.TestCaseExecutor.doExecute(TestCaseExecutor.java:439)
	at com.kms.katalon.core.main.TestCaseExecutor.processExecutionPhase(TestCaseExecutor.java:418)
	at com.kms.katalon.core.main.TestCaseExecutor.accessMainPhase(TestCaseExecutor.java:410)
	at com.kms.katalon.core.main.TestCaseExecutor.execute(TestCaseExecutor.java:285)
	at com.kms.katalon.core.common.CommonExecutor.accessTestCaseMainPhase(CommonExecutor.java:65)
	at com.kms.katalon.core.main.TestSuiteExecutor.accessTestSuiteMainPhase(TestSuiteExecutor.java:150)
	at com.kms.katalon.core.main.TestSuiteExecutor.execute(TestSuiteExecutor.java:106)
	at com.kms.katalon.core.main.TestCaseMain.startTestSuite(TestCaseMain.java:180)
	at TempTestSuite1747531571431.run(TempTestSuite1747531571431.groovy:35)
	at java.base/jdk.internal.reflect.NativeMethodAccessorImpl.invoke0(Native Method)
	at java.base/jdk.internal.reflect.NativeMethodAccessorImpl.invoke(NativeMethodAccessorImpl.java:77)
	at java.base/jdk.internal.reflect.DelegatingMethodAccessorImpl.invoke(DelegatingMethodAccessorImpl.java:43)


18-05-2025T08:54:29 - [TEST_STEP][PASSED] - Start listener action : afterTest: null

18-05-2025T08:54:29 - [TEST_STEP][PASSED] - if (testCaseStatus != "PASSED"): Screenshot is taken

18-05-2025T08:54:29 - [TEST_STEP][PASSED] - takeScreenshot(ErrorScreen/$GlobalVariable.PLATFORM/$testCaseContext.getTestCaseId().png): Screenshot is taken

18-05-2025T08:54:31 - [MESSAGE][PASSED] - Screenshot is taken
[[ATTACHMENT|ErrorScreen/Android/Test Cases/IPAPER APP/043 TAI FILE TAI CHI TIET HO SO_HO SO DEN.png]]

18-05-2025T08:54:31 - [TEST_STEP][PASSED] - drivers.Driver.closeApp(): drivers.Driver.closeApp is PASSED

18-05-2025T08:54:32 - [MESSAGE][PASSED] - drivers.Driver.closeApp is PASSED

18-05-2025T08:54:32 - [TEST_STEP][PASSED] - if (tsContext == null): null]]></system-out>
         <system-err><![CDATA[18-05-2025T08:36:19 - [TEST_CASE][ERROR] - Test Cases/IPAPER APP/043 TAI FILE TAI CHI TIET HO SO_HO SO DEN: Test Cases/IPAPER APP/043 TAI FILE TAI CHI TIET HO SO_HO SO DEN FAILED.
Reason:
org.openqa.selenium.WebDriverException: An unknown server-side error occurred while processing the command. Original error: Could not proxy command to the remote server. Original error: timeout of 240000ms exceeded
Build info: version: '3.141.59', revision: 'unknown', time: 'unknown'
System info: host: '192.168.1.4.non-exists.ptr.local', ip: '2402:800:63f2:b9ce:1859:4296:77a1:a88d%en0', os.name: 'Mac OS X', os.arch: 'aarch64', os.version: '15.4.1', java.version: '17.0.7'
Driver info: com.kms.katalon.core.appium.driver.SwipeableAndroidDriver
Capabilities {automationName: UiAutomator2, databaseEnabled: false, desired: {automationName: UiAutomator2, deviceName: af0c5cf7, noReset: true, platformName: android, waitForIdleTimeout: 3000}, deviceApiLevel: 35, deviceManufacturer: OPPO, deviceModel: CPH2699, deviceName: af0c5cf7, deviceScreenDensity: 480, deviceScreenSize: 1080x2400, deviceUDID: af0c5cf7, javascriptEnabled: true, locationContextEnabled: false, networkConnectionEnabled: true, noReset: true, pixelRatio: 3, platform: LINUX, platformName: Android, platformVersion: 15, statBarHeight: 120, takesScreenshot: true, viewportRect: {height: 2280, left: 0, top: 120, width: 1080}, waitForIdleTimeout: 3000, warnings: {}, webStorageEnabled: false}
Session ID: c0c10e71-bfa6-42a0-bfc6-9e4517bcdaae
*** Element info: {Using=xpath, value=//android.widget.TextView[@text='Trình ký PDF có sẵn']}
	at java.base/jdk.internal.reflect.NativeConstructorAccessorImpl.newInstance0(Native Method)
	at java.base/jdk.internal.reflect.NativeConstructorAccessorImpl.newInstance(NativeConstructorAccessorImpl.java:77)
	at java.base/jdk.internal.reflect.DelegatingConstructorAccessorImpl.newInstance(DelegatingConstructorAccessorImpl.java:45)
	at org.openqa.selenium.remote.http.W3CHttpResponseCodec.createException(W3CHttpResponseCodec.java:187)
	at org.openqa.selenium.remote.http.W3CHttpResponseCodec.decode(W3CHttpResponseCodec.java:122)
	at org.openqa.selenium.remote.http.W3CHttpResponseCodec.decode(W3CHttpResponseCodec.java:49)
	at org.openqa.selenium.remote.HttpCommandExecutor.execute(HttpCommandExecutor.java:158)
	at io.appium.java_client.remote.AppiumCommandExecutor.execute(AppiumCommandExecutor.java:239)
	at org.openqa.selenium.remote.RemoteWebDriver.execute(RemoteWebDriver.java:552)
	at io.appium.java_client.DefaultGenericMobileDriver.execute(DefaultGenericMobileDriver.java:42)
	at io.appium.java_client.AppiumDriver.execute(AppiumDriver.java:1)
	at io.appium.java_client.android.AndroidDriver.execute(AndroidDriver.java:1)
	at com.kms.katalon.core.appium.driver.SwipeableAndroidDriver.execute(SwipeableAndroidDriver.java:1)
	at org.openqa.selenium.remote.RemoteWebDriver.findElements(RemoteWebDriver.java:353)
	at io.appium.java_client.DefaultGenericMobileDriver.findElements(DefaultGenericMobileDriver.java:54)
	at io.appium.java_client.AppiumDriver.findElements(AppiumDriver.java:152)
	at org.openqa.selenium.remote.RemoteWebDriver.findElementsByXPath(RemoteWebDriver.java:432)
	at io.appium.java_client.DefaultGenericMobileDriver.findElementsByXPath(DefaultGenericMobileDriver.java:156)
	at io.appium.java_client.AppiumDriver.findElementsByXPath(AppiumDriver.java:184)
	at org.openqa.selenium.By$ByXPath.findElements(By.java:348)
	at org.openqa.selenium.remote.RemoteWebDriver.findElements(RemoteWebDriver.java:311)
	at io.appium.java_client.DefaultGenericMobileDriver.findElements(DefaultGenericMobileDriver.java:50)
	at io.appium.java_client.AppiumDriver.findElements(AppiumDriver.java:148)
	at base.BaseKeyword$Trait$Helper$_waitForPresentOf_closure1.doCall(BaseKeyword.groovy:253)
	at jdk.internal.reflect.GeneratedMethodAccessor8.invoke(Unknown Source)
	at java.base/jdk.internal.reflect.DelegatingMethodAccessorImpl.invoke(DelegatingMethodAccessorImpl.java:43)
	at jdk.proxy2/jdk.proxy2.$Proxy34.apply(Unknown Source)
	at org.openqa.selenium.support.ui.FluentWait.until(FluentWait.java:249)
	at base.BaseKeyword$Trait$Helper.waitForPresentOf(BaseKeyword.groovy:252)
	at screens.HomeScreen.waitForPresentOf(HomeScreen.groovy)
	at screens.HomeScreen.createRequest(HomeScreen.groovy:71)
	at 043 TAI FILE TAI CHI TIET HO SO_HO SO DEN.run(043 TAI FILE TAI CHI TIET HO SO_HO SO DEN:21)
	at com.kms.katalon.core.main.ScriptEngine.run(ScriptEngine.java:194)
	at com.kms.katalon.core.main.ScriptEngine.runScriptAsRawText(ScriptEngine.java:119)
	at com.kms.katalon.core.main.TestCaseExecutor.runScript(TestCaseExecutor.java:448)
	at com.kms.katalon.core.main.TestCaseExecutor.doExecute(TestCaseExecutor.java:439)
	at com.kms.katalon.core.main.TestCaseExecutor.processExecutionPhase(TestCaseExecutor.java:418)
	at com.kms.katalon.core.main.TestCaseExecutor.accessMainPhase(TestCaseExecutor.java:410)
	at com.kms.katalon.core.main.TestCaseExecutor.execute(TestCaseExecutor.java:285)
	at com.kms.katalon.core.common.CommonExecutor.accessTestCaseMainPhase(CommonExecutor.java:65)
	at com.kms.katalon.core.main.TestSuiteExecutor.accessTestSuiteMainPhase(TestSuiteExecutor.java:150)
	at com.kms.katalon.core.main.TestSuiteExecutor.execute(TestSuiteExecutor.java:106)
	at com.kms.katalon.core.main.TestCaseMain.startTestSuite(TestCaseMain.java:180)
	at TempTestSuite1747531571431.run(TempTestSuite1747531571431.groovy:35)
	at java.base/jdk.internal.reflect.NativeMethodAccessorImpl.invoke0(Native Method)
	at java.base/jdk.internal.reflect.NativeMethodAccessorImpl.invoke(NativeMethodAccessorImpl.java:77)
	at java.base/jdk.internal.reflect.DelegatingMethodAccessorImpl.invoke(DelegatingMethodAccessorImpl.java:43)]]></system-err>
      </testcase>
      <testcase name="Test Cases/IPAPER APP/037 LAY Y KIEN NHANH_KHONG NHAP Y KIEN" time="1037.015" classname="Test Cases/IPAPER APP/037 LAY Y KIEN NHANH_KHONG NHAP Y KIEN" status="ERROR">
         <error type="ERROR" message="Test Cases/IPAPER APP/037 LAY Y KIEN NHANH_KHONG NHAP Y KIEN FAILED.&#xa;Reason:&#xa;org.openqa.selenium.WebDriverException: An unknown server-side error occurred while processing the command. Original error: 'POST /elements' cannot be proxied to UiAutomator2 server because the instrumentation process is not running (probably crashed). Check the server log and/or the logcat output for more details&#xa;Build info: version: '3.141.59', revision: 'unknown', time: 'unknown'&#xa;System info: host: '192.168.1.4.non-exists.ptr.local', ip: '2402:800:63f2:b9ce:1859:4296:77a1:a88d%en0', os.name: 'Mac OS X', os.arch: 'aarch64', os.version: '15.4.1', java.version: '17.0.7'&#xa;Driver info: com.kms.katalon.core.appium.driver.SwipeableAndroidDriver&#xa;Capabilities {automationName: UiAutomator2, databaseEnabled: false, desired: {automationName: UiAutomator2, deviceName: af0c5cf7, noReset: true, platformName: android, waitForIdleTimeout: 3000}, deviceApiLevel: 35, deviceManufacturer: OPPO, deviceModel: CPH2699, deviceName: af0c5cf7, deviceScreenDensity: 480, deviceScreenSize: 1080x2400, deviceUDID: af0c5cf7, javascriptEnabled: true, locationContextEnabled: false, networkConnectionEnabled: true, noReset: true, pixelRatio: 3, platform: LINUX, platformName: Android, platformVersion: 15, statBarHeight: 120, takesScreenshot: true, viewportRect: {height: 2280, left: 0, top: 120, width: 1080}, waitForIdleTimeout: 3000, warnings: {}, webStorageEnabled: false}&#xa;Session ID: c0c10e71-bfa6-42a0-bfc6-9e4517bcdaae&#xa;*** Element info: {Using=xpath, value=//android.widget.EditText[@resource-id='com.hdbank.ipaper:id/edit_text_user_name']}&#xa;	at java.base/jdk.internal.reflect.NativeConstructorAccessorImpl.newInstance0(Native Method)&#xa;	at java.base/jdk.internal.reflect.NativeConstructorAccessorImpl.newInstance(NativeConstructorAccessorImpl.java:77)&#xa;	at java.base/jdk.internal.reflect.DelegatingConstructorAccessorImpl.newInstance(DelegatingConstructorAccessorImpl.java:45)&#xa;	at org.openqa.selenium.remote.http.W3CHttpResponseCodec.createException(W3CHttpResponseCodec.java:187)&#xa;	at org.openqa.selenium.remote.http.W3CHttpResponseCodec.decode(W3CHttpResponseCodec.java:122)&#xa;	at org.openqa.selenium.remote.http.W3CHttpResponseCodec.decode(W3CHttpResponseCodec.java:49)&#xa;	at org.openqa.selenium.remote.HttpCommandExecutor.execute(HttpCommandExecutor.java:158)&#xa;	at io.appium.java_client.remote.AppiumCommandExecutor.execute(AppiumCommandExecutor.java:239)&#xa;	at org.openqa.selenium.remote.RemoteWebDriver.execute(RemoteWebDriver.java:552)&#xa;	at io.appium.java_client.DefaultGenericMobileDriver.execute(DefaultGenericMobileDriver.java:42)&#xa;	at io.appium.java_client.AppiumDriver.execute(AppiumDriver.java:1)&#xa;	at io.appium.java_client.android.AndroidDriver.execute(AndroidDriver.java:1)&#xa;	at com.kms.katalon.core.appium.driver.SwipeableAndroidDriver.execute(SwipeableAndroidDriver.java:1)&#xa;	at org.openqa.selenium.remote.RemoteWebDriver.findElements(RemoteWebDriver.java:353)&#xa;	at io.appium.java_client.DefaultGenericMobileDriver.findElements(DefaultGenericMobileDriver.java:54)&#xa;	at io.appium.java_client.AppiumDriver.findElements(AppiumDriver.java:152)&#xa;	at org.openqa.selenium.remote.RemoteWebDriver.findElementsByXPath(RemoteWebDriver.java:432)&#xa;	at io.appium.java_client.DefaultGenericMobileDriver.findElementsByXPath(DefaultGenericMobileDriver.java:156)&#xa;	at io.appium.java_client.AppiumDriver.findElementsByXPath(AppiumDriver.java:184)&#xa;	at org.openqa.selenium.By$ByXPath.findElements(By.java:348)&#xa;	at org.openqa.selenium.remote.RemoteWebDriver.findElements(RemoteWebDriver.java:311)&#xa;	at io.appium.java_client.DefaultGenericMobileDriver.findElements(DefaultGenericMobileDriver.java:50)&#xa;	at io.appium.java_client.AppiumDriver.findElements(AppiumDriver.java:148)&#xa;	at base.BaseKeyword$Trait$Helper.isDisplayed(BaseKeyword.groovy:234)&#xa;	at screens.LoginScreen.isDisplayed(LoginScreen.groovy)&#xa;	at base.BaseKeyword$Trait$Helper.isDisplayed(BaseKeyword.groovy:229)&#xa;	at screens.LoginScreen.isDisplayed(LoginScreen.groovy)&#xa;	at screens.LoginScreen.isGuest(LoginScreen.groovy:34)&#xa;	at screens.LoginScreen.login(LoginScreen.groovy:10)&#xa;	at 037 LAY Y KIEN NHANH_KHONG NHAP Y KIEN.run(037 LAY Y KIEN NHANH_KHONG NHAP Y KIEN:23)&#xa;	at com.kms.katalon.core.main.ScriptEngine.run(ScriptEngine.java:194)&#xa;	at com.kms.katalon.core.main.ScriptEngine.runScriptAsRawText(ScriptEngine.java:119)&#xa;	at com.kms.katalon.core.main.TestCaseExecutor.runScript(TestCaseExecutor.java:448)&#xa;	at com.kms.katalon.core.main.TestCaseExecutor.doExecute(TestCaseExecutor.java:439)&#xa;	at com.kms.katalon.core.main.TestCaseExecutor.processExecutionPhase(TestCaseExecutor.java:418)&#xa;	at com.kms.katalon.core.main.TestCaseExecutor.accessMainPhase(TestCaseExecutor.java:410)&#xa;	at com.kms.katalon.core.main.TestCaseExecutor.execute(TestCaseExecutor.java:285)&#xa;	at com.kms.katalon.core.common.CommonExecutor.accessTestCaseMainPhase(CommonExecutor.java:65)&#xa;	at com.kms.katalon.core.main.TestSuiteExecutor.accessTestSuiteMainPhase(TestSuiteExecutor.java:150)&#xa;	at com.kms.katalon.core.main.TestSuiteExecutor.execute(TestSuiteExecutor.java:106)&#xa;	at com.kms.katalon.core.main.TestCaseMain.startTestSuite(TestCaseMain.java:180)&#xa;	at TempTestSuite1747531571431.run(TempTestSuite1747531571431.groovy:35)&#xa;	at java.base/jdk.internal.reflect.NativeMethodAccessorImpl.invoke0(Native Method)&#xa;	at java.base/jdk.internal.reflect.NativeMethodAccessorImpl.invoke(NativeMethodAccessorImpl.java:77)&#xa;	at java.base/jdk.internal.reflect.DelegatingMethodAccessorImpl.invoke(DelegatingMethodAccessorImpl.java:43)&#xa;"/>
         <system-out><![CDATA[18-05-2025T08:54:32 - [TEST_CASE][ERROR] - Test Cases/IPAPER APP/037 LAY Y KIEN NHANH_KHONG NHAP Y KIEN: Test Cases/IPAPER APP/037 LAY Y KIEN NHANH_KHONG NHAP Y KIEN FAILED.
Reason:
org.openqa.selenium.WebDriverException: An unknown server-side error occurred while processing the command. Original error: 'POST /elements' cannot be proxied to UiAutomator2 server because the instrumentation process is not running (probably crashed). Check the server log and/or the logcat output for more details
Build info: version: '3.141.59', revision: 'unknown', time: 'unknown'
System info: host: '192.168.1.4.non-exists.ptr.local', ip: '2402:800:63f2:b9ce:1859:4296:77a1:a88d%en0', os.name: 'Mac OS X', os.arch: 'aarch64', os.version: '15.4.1', java.version: '17.0.7'
Driver info: com.kms.katalon.core.appium.driver.SwipeableAndroidDriver
Capabilities {automationName: UiAutomator2, databaseEnabled: false, desired: {automationName: UiAutomator2, deviceName: af0c5cf7, noReset: true, platformName: android, waitForIdleTimeout: 3000}, deviceApiLevel: 35, deviceManufacturer: OPPO, deviceModel: CPH2699, deviceName: af0c5cf7, deviceScreenDensity: 480, deviceScreenSize: 1080x2400, deviceUDID: af0c5cf7, javascriptEnabled: true, locationContextEnabled: false, networkConnectionEnabled: true, noReset: true, pixelRatio: 3, platform: LINUX, platformName: Android, platformVersion: 15, statBarHeight: 120, takesScreenshot: true, viewportRect: {height: 2280, left: 0, top: 120, width: 1080}, waitForIdleTimeout: 3000, warnings: {}, webStorageEnabled: false}
Session ID: c0c10e71-bfa6-42a0-bfc6-9e4517bcdaae
*** Element info: {Using=xpath, value=//android.widget.EditText[@resource-id='com.hdbank.ipaper:id/edit_text_user_name']}
	at java.base/jdk.internal.reflect.NativeConstructorAccessorImpl.newInstance0(Native Method)
	at java.base/jdk.internal.reflect.NativeConstructorAccessorImpl.newInstance(NativeConstructorAccessorImpl.java:77)
	at java.base/jdk.internal.reflect.DelegatingConstructorAccessorImpl.newInstance(DelegatingConstructorAccessorImpl.java:45)
	at org.openqa.selenium.remote.http.W3CHttpResponseCodec.createException(W3CHttpResponseCodec.java:187)
	at org.openqa.selenium.remote.http.W3CHttpResponseCodec.decode(W3CHttpResponseCodec.java:122)
	at org.openqa.selenium.remote.http.W3CHttpResponseCodec.decode(W3CHttpResponseCodec.java:49)
	at org.openqa.selenium.remote.HttpCommandExecutor.execute(HttpCommandExecutor.java:158)
	at io.appium.java_client.remote.AppiumCommandExecutor.execute(AppiumCommandExecutor.java:239)
	at org.openqa.selenium.remote.RemoteWebDriver.execute(RemoteWebDriver.java:552)
	at io.appium.java_client.DefaultGenericMobileDriver.execute(DefaultGenericMobileDriver.java:42)
	at io.appium.java_client.AppiumDriver.execute(AppiumDriver.java:1)
	at io.appium.java_client.android.AndroidDriver.execute(AndroidDriver.java:1)
	at com.kms.katalon.core.appium.driver.SwipeableAndroidDriver.execute(SwipeableAndroidDriver.java:1)
	at org.openqa.selenium.remote.RemoteWebDriver.findElements(RemoteWebDriver.java:353)
	at io.appium.java_client.DefaultGenericMobileDriver.findElements(DefaultGenericMobileDriver.java:54)
	at io.appium.java_client.AppiumDriver.findElements(AppiumDriver.java:152)
	at org.openqa.selenium.remote.RemoteWebDriver.findElementsByXPath(RemoteWebDriver.java:432)
	at io.appium.java_client.DefaultGenericMobileDriver.findElementsByXPath(DefaultGenericMobileDriver.java:156)
	at io.appium.java_client.AppiumDriver.findElementsByXPath(AppiumDriver.java:184)
	at org.openqa.selenium.By$ByXPath.findElements(By.java:348)
	at org.openqa.selenium.remote.RemoteWebDriver.findElements(RemoteWebDriver.java:311)
	at io.appium.java_client.DefaultGenericMobileDriver.findElements(DefaultGenericMobileDriver.java:50)
	at io.appium.java_client.AppiumDriver.findElements(AppiumDriver.java:148)
	at base.BaseKeyword$Trait$Helper.isDisplayed(BaseKeyword.groovy:234)
	at screens.LoginScreen.isDisplayed(LoginScreen.groovy)
	at base.BaseKeyword$Trait$Helper.isDisplayed(BaseKeyword.groovy:229)
	at screens.LoginScreen.isDisplayed(LoginScreen.groovy)
	at screens.LoginScreen.isGuest(LoginScreen.groovy:34)
	at screens.LoginScreen.login(LoginScreen.groovy:10)
	at 037 LAY Y KIEN NHANH_KHONG NHAP Y KIEN.run(037 LAY Y KIEN NHANH_KHONG NHAP Y KIEN:23)
	at com.kms.katalon.core.main.ScriptEngine.run(ScriptEngine.java:194)
	at com.kms.katalon.core.main.ScriptEngine.runScriptAsRawText(ScriptEngine.java:119)
	at com.kms.katalon.core.main.TestCaseExecutor.runScript(TestCaseExecutor.java:448)
	at com.kms.katalon.core.main.TestCaseExecutor.doExecute(TestCaseExecutor.java:439)
	at com.kms.katalon.core.main.TestCaseExecutor.processExecutionPhase(TestCaseExecutor.java:418)
	at com.kms.katalon.core.main.TestCaseExecutor.accessMainPhase(TestCaseExecutor.java:410)
	at com.kms.katalon.core.main.TestCaseExecutor.execute(TestCaseExecutor.java:285)
	at com.kms.katalon.core.common.CommonExecutor.accessTestCaseMainPhase(CommonExecutor.java:65)
	at com.kms.katalon.core.main.TestSuiteExecutor.accessTestSuiteMainPhase(TestSuiteExecutor.java:150)
	at com.kms.katalon.core.main.TestSuiteExecutor.execute(TestSuiteExecutor.java:106)
	at com.kms.katalon.core.main.TestCaseMain.startTestSuite(TestCaseMain.java:180)
	at TempTestSuite1747531571431.run(TempTestSuite1747531571431.groovy:35)
	at java.base/jdk.internal.reflect.NativeMethodAccessorImpl.invoke0(Native Method)
	at java.base/jdk.internal.reflect.NativeMethodAccessorImpl.invoke(NativeMethodAccessorImpl.java:77)
	at java.base/jdk.internal.reflect.DelegatingMethodAccessorImpl.invoke(DelegatingMethodAccessorImpl.java:43)


18-05-2025T08:54:32 - [TEST_STEP][ERROR] - Start listener action : beforeTest: com.kms.katalon.core.exception.StepErrorException: org.openqa.selenium.WebDriverException: An unknown server-side error occurred while processing the command. Original error: Could not proxy command to the remote server. Original error: socket hang up
Build info: version: '3.141.59', revision: 'unknown', time: 'unknown'
System info: host: '192.168.1.4.non-exists.ptr.local', ip: '2402:800:63f2:b9ce:1859:4296:77a1:a88d%en0', os.name: 'Mac OS X', os.arch: 'aarch64', os.version: '15.4.1', java.version: '17.0.7'
Driver info: com.kms.katalon.core.appium.driver.SwipeableAndroidDriver
Capabilities {automationName: UiAutomator2, databaseEnabled: false, desired: {automationName: UiAutomator2, deviceName: af0c5cf7, noReset: true, platformName: android, waitForIdleTimeout: 3000}, deviceApiLevel: 35, deviceManufacturer: OPPO, deviceModel: CPH2699, deviceName: af0c5cf7, deviceScreenDensity: 480, deviceScreenSize: 1080x2400, deviceUDID: af0c5cf7, javascriptEnabled: true, locationContextEnabled: false, networkConnectionEnabled: true, noReset: true, pixelRatio: 3, platform: LINUX, platformName: Android, platformVersion: 15, statBarHeight: 120, takesScreenshot: true, viewportRect: {height: 2280, left: 0, top: 120, width: 1080}, waitForIdleTimeout: 3000, warnings: {}, webStorageEnabled: false}
Session ID: c0c10e71-bfa6-42a0-bfc6-9e4517bcdaae
*** Element info: {Using=id, value=com.hdbank.ipaper:id/img_logo}
	at com.kms.katalon.core.main.CustomKeywordDelegatingMetaClass.throwError(CustomKeywordDelegatingMetaClass.java:101)
	at com.kms.katalon.core.main.CustomKeywordDelegatingMetaClass.invokeStaticMethod(CustomKeywordDelegatingMetaClass.java:73)
	at TestListener.beforeTest(TestListener.groovy:39)
	at java.base/jdk.internal.reflect.NativeMethodAccessorImpl.invoke0(Native Method)
	at java.base/jdk.internal.reflect.NativeMethodAccessorImpl.invoke(NativeMethodAccessorImpl.java:77)
	at java.base/jdk.internal.reflect.DelegatingMethodAccessorImpl.invoke(DelegatingMethodAccessorImpl.java:43)
	at com.kms.katalon.core.context.internal.TestHooker.invokeMethod(TestHooker.java:111)
	at com.kms.katalon.core.context.internal.TestHooker.lambda$3(TestHooker.java:95)
	at com.kms.katalon.core.context.internal.TestHooker.invokeContextMethods(TestHooker.java:94)
	at com.kms.katalon.core.context.internal.TestListenerCollector.lambda$3(TestListenerCollector.java:88)
	at com.kms.katalon.core.context.internal.TestListenerCollector.handleListenerEvent(TestListenerCollector.java:85)
	at com.kms.katalon.core.context.internal.ExecutionEventManager.publicEvent(ExecutionEventManager.java:36)
	at com.kms.katalon.core.main.TestCaseExecutor.execute(TestCaseExecutor.java:268)
	at com.kms.katalon.core.common.CommonExecutor.accessTestCaseMainPhase(CommonExecutor.java:65)
	at com.kms.katalon.core.main.TestSuiteExecutor.accessTestSuiteMainPhase(TestSuiteExecutor.java:150)
	at com.kms.katalon.core.main.TestSuiteExecutor.execute(TestSuiteExecutor.java:106)
	at com.kms.katalon.core.main.TestCaseMain.startTestSuite(TestCaseMain.java:180)
	at TempTestSuite1747531571431.run(TempTestSuite1747531571431.groovy:35)
	at java.base/jdk.internal.reflect.NativeMethodAccessorImpl.invoke0(Native Method)
	at java.base/jdk.internal.reflect.NativeMethodAccessorImpl.invoke(NativeMethodAccessorImpl.java:77)
	at java.base/jdk.internal.reflect.DelegatingMethodAccessorImpl.invoke(DelegatingMethodAccessorImpl.java:43)
Caused by: org.openqa.selenium.WebDriverException: An unknown server-side error occurred while processing the command. Original error: Could not proxy command to the remote server. Original error: socket hang up
Build info: version: '3.141.59', revision: 'unknown', time: 'unknown'
System info: host: '192.168.1.4.non-exists.ptr.local', ip: '2402:800:63f2:b9ce:1859:4296:77a1:a88d%en0', os.name: 'Mac OS X', os.arch: 'aarch64', os.version: '15.4.1', java.version: '17.0.7'
Driver info: com.kms.katalon.core.appium.driver.SwipeableAndroidDriver
Capabilities {automationName: UiAutomator2, databaseEnabled: false, desired: {automationName: UiAutomator2, deviceName: af0c5cf7, noReset: true, platformName: android, waitForIdleTimeout: 3000}, deviceApiLevel: 35, deviceManufacturer: OPPO, deviceModel: CPH2699, deviceName: af0c5cf7, deviceScreenDensity: 480, deviceScreenSize: 1080x2400, deviceUDID: af0c5cf7, javascriptEnabled: true, locationContextEnabled: false, networkConnectionEnabled: true, noReset: true, pixelRatio: 3, platform: LINUX, platformName: Android, platformVersion: 15, statBarHeight: 120, takesScreenshot: true, viewportRect: {height: 2280, left: 0, top: 120, width: 1080}, waitForIdleTimeout: 3000, warnings: {}, webStorageEnabled: false}
Session ID: c0c10e71-bfa6-42a0-bfc6-9e4517bcdaae
*** Element info: {Using=id, value=com.hdbank.ipaper:id/img_logo}
	at java.base/jdk.internal.reflect.NativeConstructorAccessorImpl.newInstance0(Native Method)
	at java.base/jdk.internal.reflect.NativeConstructorAccessorImpl.newInstance(NativeConstructorAccessorImpl.java:77)
	at java.base/jdk.internal.reflect.DelegatingConstructorAccessorImpl.newInstance(DelegatingConstructorAccessorImpl.java:45)
	at org.openqa.selenium.remote.http.W3CHttpResponseCodec.createException(W3CHttpResponseCodec.java:187)
	at org.openqa.selenium.remote.http.W3CHttpResponseCodec.decode(W3CHttpResponseCodec.java:122)
	at org.openqa.selenium.remote.http.W3CHttpResponseCodec.decode(W3CHttpResponseCodec.java:49)
	at org.openqa.selenium.remote.HttpCommandExecutor.execute(HttpCommandExecutor.java:158)
	at io.appium.java_client.remote.AppiumCommandExecutor.execute(AppiumCommandExecutor.java:239)
	at org.openqa.selenium.remote.RemoteWebDriver.execute(RemoteWebDriver.java:552)
	at io.appium.java_client.DefaultGenericMobileDriver.execute(DefaultGenericMobileDriver.java:42)
	at io.appium.java_client.AppiumDriver.execute(AppiumDriver.java:1)
	at io.appium.java_client.android.AndroidDriver.execute(AndroidDriver.java:1)
	at com.kms.katalon.core.appium.driver.SwipeableAndroidDriver.execute(SwipeableAndroidDriver.java:1)
	at org.openqa.selenium.remote.RemoteWebDriver.findElements(RemoteWebDriver.java:353)
	at io.appium.java_client.DefaultGenericMobileDriver.findElements(DefaultGenericMobileDriver.java:54)
	at io.appium.java_client.AppiumDriver.findElements(AppiumDriver.java:152)
	at org.openqa.selenium.remote.RemoteWebDriver.findElementsById(RemoteWebDriver.java:376)
	at io.appium.java_client.DefaultGenericMobileDriver.findElementsById(DefaultGenericMobileDriver.java:66)
	at io.appium.java_client.AppiumDriver.findElementsById(AppiumDriver.java:156)
	at org.openqa.selenium.By$ById.findElements(By.java:180)
	at org.openqa.selenium.remote.RemoteWebDriver.findElements(RemoteWebDriver.java:311)
	at io.appium.java_client.DefaultGenericMobileDriver.findElements(DefaultGenericMobileDriver.java:50)
	at io.appium.java_client.AppiumDriver.findElements(AppiumDriver.java:148)
	at base.BaseKeyword$Trait$Helper$_waitForPresentOf_closure1.doCall(BaseKeyword.groovy:253)
	at jdk.internal.reflect.GeneratedMethodAccessor8.invoke(Unknown Source)
	at java.base/jdk.internal.reflect.DelegatingMethodAccessorImpl.invoke(DelegatingMethodAccessorImpl.java:43)
	at jdk.proxy2/jdk.proxy2.$Proxy34.apply(Unknown Source)
	at org.openqa.selenium.support.ui.FluentWait.until(FluentWait.java:249)
	at base.BaseKeyword$Trait$Helper.waitForPresentOf(BaseKeyword.groovy:252)
	at base.BaseApp.waitForPresentOf(BaseApp.groovy)
	at java.base/jdk.internal.reflect.NativeMethodAccessorImpl.invoke0(Native Method)
	at java.base/jdk.internal.reflect.NativeMethodAccessorImpl.invoke(NativeMethodAccessorImpl.java:77)
	at java.base/jdk.internal.reflect.DelegatingMethodAccessorImpl.invoke(DelegatingMethodAccessorImpl.java:43)
	at base.BaseApp.waitAppLauch(BaseApp.groovy:34)
	at java.base/jdk.internal.reflect.NativeMethodAccessorImpl.invoke0(Native Method)
	at java.base/jdk.internal.reflect.NativeMethodAccessorImpl.invoke(NativeMethodAccessorImpl.java:77)
	at java.base/jdk.internal.reflect.DelegatingMethodAccessorImpl.invoke(DelegatingMethodAccessorImpl.java:43)
	at drivers.Driver.openApp(Driver.groovy:60)
	at java.base/jdk.internal.reflect.NativeMethodAccessorImpl.invoke0(Native Method)
	at java.base/jdk.internal.reflect.NativeMethodAccessorImpl.invoke(NativeMethodAccessorImpl.java:77)
	at java.base/jdk.internal.reflect.DelegatingMethodAccessorImpl.invoke(DelegatingMethodAccessorImpl.java:43)
	at com.kms.katalon.core.main.CustomKeywordDelegatingMetaClass.invokeStaticMethod(CustomKeywordDelegatingMetaClass.java:55)
	... 19 more


18-05-2025T08:54:32 - [TEST_STEP][PASSED] - DataTest.init(): null

18-05-2025T08:54:32 - [TEST_STEP][PASSED] - testCaseId = split("/").last(): null

18-05-2025T08:54:32 - [TEST_STEP][PASSED] - if (!(drivers.Driver.isAppiumRunning())): drivers.Driver.isAppiumRunning is PASSED

18-05-2025T08:54:32 - [MESSAGE][INFO] - Appium running: true

18-05-2025T08:54:32 - [MESSAGE][PASSED] - drivers.Driver.isAppiumRunning is PASSED

18-05-2025T08:54:32 - [TEST_STEP][PASSED] - if (driver == null || driver.getSessionId() == null): null

18-05-2025T08:54:32 - [TEST_STEP][ERROR] - drivers.Driver.openApp(): com.kms.katalon.core.exception.StepErrorException: org.openqa.selenium.WebDriverException: An unknown server-side error occurred while processing the command. Original error: Could not proxy command to the remote server. Original error: socket hang up
Build info: version: '3.141.59', revision: 'unknown', time: 'unknown'
System info: host: '192.168.1.4.non-exists.ptr.local', ip: '2402:800:63f2:b9ce:1859:4296:77a1:a88d%en0', os.name: 'Mac OS X', os.arch: 'aarch64', os.version: '15.4.1', java.version: '17.0.7'
Driver info: com.kms.katalon.core.appium.driver.SwipeableAndroidDriver
Capabilities {automationName: UiAutomator2, databaseEnabled: false, desired: {automationName: UiAutomator2, deviceName: af0c5cf7, noReset: true, platformName: android, waitForIdleTimeout: 3000}, deviceApiLevel: 35, deviceManufacturer: OPPO, deviceModel: CPH2699, deviceName: af0c5cf7, deviceScreenDensity: 480, deviceScreenSize: 1080x2400, deviceUDID: af0c5cf7, javascriptEnabled: true, locationContextEnabled: false, networkConnectionEnabled: true, noReset: true, pixelRatio: 3, platform: LINUX, platformName: Android, platformVersion: 15, statBarHeight: 120, takesScreenshot: true, viewportRect: {height: 2280, left: 0, top: 120, width: 1080}, waitForIdleTimeout: 3000, warnings: {}, webStorageEnabled: false}
Session ID: c0c10e71-bfa6-42a0-bfc6-9e4517bcdaae
*** Element info: {Using=id, value=com.hdbank.ipaper:id/img_logo}
	at com.kms.katalon.core.main.CustomKeywordDelegatingMetaClass.throwError(CustomKeywordDelegatingMetaClass.java:101)
	at com.kms.katalon.core.main.CustomKeywordDelegatingMetaClass.invokeStaticMethod(CustomKeywordDelegatingMetaClass.java:73)
	at TestListener.beforeTest(TestListener.groovy:39)
	at java.base/jdk.internal.reflect.NativeMethodAccessorImpl.invoke0(Native Method)
	at java.base/jdk.internal.reflect.NativeMethodAccessorImpl.invoke(NativeMethodAccessorImpl.java:77)
	at java.base/jdk.internal.reflect.DelegatingMethodAccessorImpl.invoke(DelegatingMethodAccessorImpl.java:43)
	at com.kms.katalon.core.context.internal.TestHooker.invokeMethod(TestHooker.java:111)
	at com.kms.katalon.core.context.internal.TestHooker.lambda$3(TestHooker.java:95)
	at com.kms.katalon.core.context.internal.TestHooker.invokeContextMethods(TestHooker.java:94)
	at com.kms.katalon.core.context.internal.TestListenerCollector.lambda$3(TestListenerCollector.java:88)
	at com.kms.katalon.core.context.internal.TestListenerCollector.handleListenerEvent(TestListenerCollector.java:85)
	at com.kms.katalon.core.context.internal.ExecutionEventManager.publicEvent(ExecutionEventManager.java:36)
	at com.kms.katalon.core.main.TestCaseExecutor.execute(TestCaseExecutor.java:268)
	at com.kms.katalon.core.common.CommonExecutor.accessTestCaseMainPhase(CommonExecutor.java:65)
	at com.kms.katalon.core.main.TestSuiteExecutor.accessTestSuiteMainPhase(TestSuiteExecutor.java:150)
	at com.kms.katalon.core.main.TestSuiteExecutor.execute(TestSuiteExecutor.java:106)
	at com.kms.katalon.core.main.TestCaseMain.startTestSuite(TestCaseMain.java:180)
	at TempTestSuite1747531571431.run(TempTestSuite1747531571431.groovy:35)
	at java.base/jdk.internal.reflect.NativeMethodAccessorImpl.invoke0(Native Method)
	at java.base/jdk.internal.reflect.NativeMethodAccessorImpl.invoke(NativeMethodAccessorImpl.java:77)
	at java.base/jdk.internal.reflect.DelegatingMethodAccessorImpl.invoke(DelegatingMethodAccessorImpl.java:43)
Caused by: org.openqa.selenium.WebDriverException: An unknown server-side error occurred while processing the command. Original error: Could not proxy command to the remote server. Original error: socket hang up
Build info: version: '3.141.59', revision: 'unknown', time: 'unknown'
System info: host: '192.168.1.4.non-exists.ptr.local', ip: '2402:800:63f2:b9ce:1859:4296:77a1:a88d%en0', os.name: 'Mac OS X', os.arch: 'aarch64', os.version: '15.4.1', java.version: '17.0.7'
Driver info: com.kms.katalon.core.appium.driver.SwipeableAndroidDriver
Capabilities {automationName: UiAutomator2, databaseEnabled: false, desired: {automationName: UiAutomator2, deviceName: af0c5cf7, noReset: true, platformName: android, waitForIdleTimeout: 3000}, deviceApiLevel: 35, deviceManufacturer: OPPO, deviceModel: CPH2699, deviceName: af0c5cf7, deviceScreenDensity: 480, deviceScreenSize: 1080x2400, deviceUDID: af0c5cf7, javascriptEnabled: true, locationContextEnabled: false, networkConnectionEnabled: true, noReset: true, pixelRatio: 3, platform: LINUX, platformName: Android, platformVersion: 15, statBarHeight: 120, takesScreenshot: true, viewportRect: {height: 2280, left: 0, top: 120, width: 1080}, waitForIdleTimeout: 3000, warnings: {}, webStorageEnabled: false}
Session ID: c0c10e71-bfa6-42a0-bfc6-9e4517bcdaae
*** Element info: {Using=id, value=com.hdbank.ipaper:id/img_logo}
	at java.base/jdk.internal.reflect.NativeConstructorAccessorImpl.newInstance0(Native Method)
	at java.base/jdk.internal.reflect.NativeConstructorAccessorImpl.newInstance(NativeConstructorAccessorImpl.java:77)
	at java.base/jdk.internal.reflect.DelegatingConstructorAccessorImpl.newInstance(DelegatingConstructorAccessorImpl.java:45)
	at org.openqa.selenium.remote.http.W3CHttpResponseCodec.createException(W3CHttpResponseCodec.java:187)
	at org.openqa.selenium.remote.http.W3CHttpResponseCodec.decode(W3CHttpResponseCodec.java:122)
	at org.openqa.selenium.remote.http.W3CHttpResponseCodec.decode(W3CHttpResponseCodec.java:49)
	at org.openqa.selenium.remote.HttpCommandExecutor.execute(HttpCommandExecutor.java:158)
	at io.appium.java_client.remote.AppiumCommandExecutor.execute(AppiumCommandExecutor.java:239)
	at org.openqa.selenium.remote.RemoteWebDriver.execute(RemoteWebDriver.java:552)
	at io.appium.java_client.DefaultGenericMobileDriver.execute(DefaultGenericMobileDriver.java:42)
	at io.appium.java_client.AppiumDriver.execute(AppiumDriver.java:1)
	at io.appium.java_client.android.AndroidDriver.execute(AndroidDriver.java:1)
	at com.kms.katalon.core.appium.driver.SwipeableAndroidDriver.execute(SwipeableAndroidDriver.java:1)
	at org.openqa.selenium.remote.RemoteWebDriver.findElements(RemoteWebDriver.java:353)
	at io.appium.java_client.DefaultGenericMobileDriver.findElements(DefaultGenericMobileDriver.java:54)
	at io.appium.java_client.AppiumDriver.findElements(AppiumDriver.java:152)
	at org.openqa.selenium.remote.RemoteWebDriver.findElementsById(RemoteWebDriver.java:376)
	at io.appium.java_client.DefaultGenericMobileDriver.findElementsById(DefaultGenericMobileDriver.java:66)
	at io.appium.java_client.AppiumDriver.findElementsById(AppiumDriver.java:156)
	at org.openqa.selenium.By$ById.findElements(By.java:180)
	at org.openqa.selenium.remote.RemoteWebDriver.findElements(RemoteWebDriver.java:311)
	at io.appium.java_client.DefaultGenericMobileDriver.findElements(DefaultGenericMobileDriver.java:50)
	at io.appium.java_client.AppiumDriver.findElements(AppiumDriver.java:148)
	at base.BaseKeyword$Trait$Helper$_waitForPresentOf_closure1.doCall(BaseKeyword.groovy:253)
	at jdk.internal.reflect.GeneratedMethodAccessor8.invoke(Unknown Source)
	at java.base/jdk.internal.reflect.DelegatingMethodAccessorImpl.invoke(DelegatingMethodAccessorImpl.java:43)
	at jdk.proxy2/jdk.proxy2.$Proxy34.apply(Unknown Source)
	at org.openqa.selenium.support.ui.FluentWait.until(FluentWait.java:249)
	at base.BaseKeyword$Trait$Helper.waitForPresentOf(BaseKeyword.groovy:252)
	at base.BaseApp.waitForPresentOf(BaseApp.groovy)
	at java.base/jdk.internal.reflect.NativeMethodAccessorImpl.invoke0(Native Method)
	at java.base/jdk.internal.reflect.NativeMethodAccessorImpl.invoke(NativeMethodAccessorImpl.java:77)
	at java.base/jdk.internal.reflect.DelegatingMethodAccessorImpl.invoke(DelegatingMethodAccessorImpl.java:43)
	at base.BaseApp.waitAppLauch(BaseApp.groovy:34)
	at java.base/jdk.internal.reflect.NativeMethodAccessorImpl.invoke0(Native Method)
	at java.base/jdk.internal.reflect.NativeMethodAccessorImpl.invoke(NativeMethodAccessorImpl.java:77)
	at java.base/jdk.internal.reflect.DelegatingMethodAccessorImpl.invoke(DelegatingMethodAccessorImpl.java:43)
	at drivers.Driver.openApp(Driver.groovy:60)
	at java.base/jdk.internal.reflect.NativeMethodAccessorImpl.invoke0(Native Method)
	at java.base/jdk.internal.reflect.NativeMethodAccessorImpl.invoke(NativeMethodAccessorImpl.java:77)
	at java.base/jdk.internal.reflect.DelegatingMethodAccessorImpl.invoke(DelegatingMethodAccessorImpl.java:43)
	at com.kms.katalon.core.main.CustomKeywordDelegatingMetaClass.invokeStaticMethod(CustomKeywordDelegatingMetaClass.java:55)
	... 19 more


18-05-2025T09:11:47 - [MESSAGE][ERROR] - An unknown server-side error occurred while processing the command. Original error: Could not proxy command to the remote server. Original error: socket hang up
Build info: version: '3.141.59', revision: 'unknown', time: 'unknown'
System info: host: '192.168.1.4.non-exists.ptr.local', ip: '2402:800:63f2:b9ce:1859:4296:77a1:a88d%en0', os.name: 'Mac OS X', os.arch: 'aarch64', os.version: '15.4.1', java.version: '17.0.7'
Driver info: com.kms.katalon.core.appium.driver.SwipeableAndroidDriver
Capabilities {automationName: UiAutomator2, databaseEnabled: false, desired: {automationName: UiAutomator2, deviceName: af0c5cf7, noReset: true, platformName: android, waitForIdleTimeout: 3000}, deviceApiLevel: 35, deviceManufacturer: OPPO, deviceModel: CPH2699, deviceName: af0c5cf7, deviceScreenDensity: 480, deviceScreenSize: 1080x2400, deviceUDID: af0c5cf7, javascriptEnabled: true, locationContextEnabled: false, networkConnectionEnabled: true, noReset: true, pixelRatio: 3, platform: LINUX, platformName: Android, platformVersion: 15, statBarHeight: 120, takesScreenshot: true, viewportRect: {height: 2280, left: 0, top: 120, width: 1080}, waitForIdleTimeout: 3000, warnings: {}, webStorageEnabled: false}
Session ID: c0c10e71-bfa6-42a0-bfc6-9e4517bcdaae
*** Element info: {Using=id, value=com.hdbank.ipaper:id/img_logo}

18-05-2025T09:11:47 - [MESSAGE][ERROR] - com.kms.katalon.core.exception.StepErrorException: org.openqa.selenium.WebDriverException: An unknown server-side error occurred while processing the command. Original error: Could not proxy command to the remote server. Original error: socket hang up
Build info: version: '3.141.59', revision: 'unknown', time: 'unknown'
System info: host: '192.168.1.4.non-exists.ptr.local', ip: '2402:800:63f2:b9ce:1859:4296:77a1:a88d%en0', os.name: 'Mac OS X', os.arch: 'aarch64', os.version: '15.4.1', java.version: '17.0.7'
Driver info: com.kms.katalon.core.appium.driver.SwipeableAndroidDriver
Capabilities {automationName: UiAutomator2, databaseEnabled: false, desired: {automationName: UiAutomator2, deviceName: af0c5cf7, noReset: true, platformName: android, waitForIdleTimeout: 3000}, deviceApiLevel: 35, deviceManufacturer: OPPO, deviceModel: CPH2699, deviceName: af0c5cf7, deviceScreenDensity: 480, deviceScreenSize: 1080x2400, deviceUDID: af0c5cf7, javascriptEnabled: true, locationContextEnabled: false, networkConnectionEnabled: true, noReset: true, pixelRatio: 3, platform: LINUX, platformName: Android, platformVersion: 15, statBarHeight: 120, takesScreenshot: true, viewportRect: {height: 2280, left: 0, top: 120, width: 1080}, waitForIdleTimeout: 3000, warnings: {}, webStorageEnabled: false}
Session ID: c0c10e71-bfa6-42a0-bfc6-9e4517bcdaae
*** Element info: {Using=id, value=com.hdbank.ipaper:id/img_logo}
	at com.kms.katalon.core.main.CustomKeywordDelegatingMetaClass.throwError(CustomKeywordDelegatingMetaClass.java:101)
	at com.kms.katalon.core.main.CustomKeywordDelegatingMetaClass.invokeStaticMethod(CustomKeywordDelegatingMetaClass.java:73)
	at TestListener.beforeTest(TestListener.groovy:39)
	at java.base/jdk.internal.reflect.NativeMethodAccessorImpl.invoke0(Native Method)
	at java.base/jdk.internal.reflect.NativeMethodAccessorImpl.invoke(NativeMethodAccessorImpl.java:77)
	at java.base/jdk.internal.reflect.DelegatingMethodAccessorImpl.invoke(DelegatingMethodAccessorImpl.java:43)
	at com.kms.katalon.core.context.internal.TestHooker.invokeMethod(TestHooker.java:111)
	at com.kms.katalon.core.context.internal.TestHooker.lambda$3(TestHooker.java:95)
	at com.kms.katalon.core.context.internal.TestHooker.invokeContextMethods(TestHooker.java:94)
	at com.kms.katalon.core.context.internal.TestListenerCollector.lambda$3(TestListenerCollector.java:88)
	at com.kms.katalon.core.context.internal.TestListenerCollector.handleListenerEvent(TestListenerCollector.java:85)
	at com.kms.katalon.core.context.internal.ExecutionEventManager.publicEvent(ExecutionEventManager.java:36)
	at com.kms.katalon.core.main.TestCaseExecutor.execute(TestCaseExecutor.java:268)
	at com.kms.katalon.core.common.CommonExecutor.accessTestCaseMainPhase(CommonExecutor.java:65)
	at com.kms.katalon.core.main.TestSuiteExecutor.accessTestSuiteMainPhase(TestSuiteExecutor.java:150)
	at com.kms.katalon.core.main.TestSuiteExecutor.execute(TestSuiteExecutor.java:106)
	at com.kms.katalon.core.main.TestCaseMain.startTestSuite(TestCaseMain.java:180)
	at TempTestSuite1747531571431.run(TempTestSuite1747531571431.groovy:35)
	at java.base/jdk.internal.reflect.NativeMethodAccessorImpl.invoke0(Native Method)
	at java.base/jdk.internal.reflect.NativeMethodAccessorImpl.invoke(NativeMethodAccessorImpl.java:77)
	at java.base/jdk.internal.reflect.DelegatingMethodAccessorImpl.invoke(DelegatingMethodAccessorImpl.java:43)
Caused by: org.openqa.selenium.WebDriverException: An unknown server-side error occurred while processing the command. Original error: Could not proxy command to the remote server. Original error: socket hang up
Build info: version: '3.141.59', revision: 'unknown', time: 'unknown'
System info: host: '192.168.1.4.non-exists.ptr.local', ip: '2402:800:63f2:b9ce:1859:4296:77a1:a88d%en0', os.name: 'Mac OS X', os.arch: 'aarch64', os.version: '15.4.1', java.version: '17.0.7'
Driver info: com.kms.katalon.core.appium.driver.SwipeableAndroidDriver
Capabilities {automationName: UiAutomator2, databaseEnabled: false, desired: {automationName: UiAutomator2, deviceName: af0c5cf7, noReset: true, platformName: android, waitForIdleTimeout: 3000}, deviceApiLevel: 35, deviceManufacturer: OPPO, deviceModel: CPH2699, deviceName: af0c5cf7, deviceScreenDensity: 480, deviceScreenSize: 1080x2400, deviceUDID: af0c5cf7, javascriptEnabled: true, locationContextEnabled: false, networkConnectionEnabled: true, noReset: true, pixelRatio: 3, platform: LINUX, platformName: Android, platformVersion: 15, statBarHeight: 120, takesScreenshot: true, viewportRect: {height: 2280, left: 0, top: 120, width: 1080}, waitForIdleTimeout: 3000, warnings: {}, webStorageEnabled: false}
Session ID: c0c10e71-bfa6-42a0-bfc6-9e4517bcdaae
*** Element info: {Using=id, value=com.hdbank.ipaper:id/img_logo}
	at java.base/jdk.internal.reflect.NativeConstructorAccessorImpl.newInstance0(Native Method)
	at java.base/jdk.internal.reflect.NativeConstructorAccessorImpl.newInstance(NativeConstructorAccessorImpl.java:77)
	at java.base/jdk.internal.reflect.DelegatingConstructorAccessorImpl.newInstance(DelegatingConstructorAccessorImpl.java:45)
	at org.openqa.selenium.remote.http.W3CHttpResponseCodec.createException(W3CHttpResponseCodec.java:187)
	at org.openqa.selenium.remote.http.W3CHttpResponseCodec.decode(W3CHttpResponseCodec.java:122)
	at org.openqa.selenium.remote.http.W3CHttpResponseCodec.decode(W3CHttpResponseCodec.java:49)
	at org.openqa.selenium.remote.HttpCommandExecutor.execute(HttpCommandExecutor.java:158)
	at io.appium.java_client.remote.AppiumCommandExecutor.execute(AppiumCommandExecutor.java:239)
	at org.openqa.selenium.remote.RemoteWebDriver.execute(RemoteWebDriver.java:552)
	at io.appium.java_client.DefaultGenericMobileDriver.execute(DefaultGenericMobileDriver.java:42)
	at io.appium.java_client.AppiumDriver.execute(AppiumDriver.java:1)
	at io.appium.java_client.android.AndroidDriver.execute(AndroidDriver.java:1)
	at com.kms.katalon.core.appium.driver.SwipeableAndroidDriver.execute(SwipeableAndroidDriver.java:1)
	at org.openqa.selenium.remote.RemoteWebDriver.findElements(RemoteWebDriver.java:353)
	at io.appium.java_client.DefaultGenericMobileDriver.findElements(DefaultGenericMobileDriver.java:54)
	at io.appium.java_client.AppiumDriver.findElements(AppiumDriver.java:152)
	at org.openqa.selenium.remote.RemoteWebDriver.findElementsById(RemoteWebDriver.java:376)
	at io.appium.java_client.DefaultGenericMobileDriver.findElementsById(DefaultGenericMobileDriver.java:66)
	at io.appium.java_client.AppiumDriver.findElementsById(AppiumDriver.java:156)
	at org.openqa.selenium.By$ById.findElements(By.java:180)
	at org.openqa.selenium.remote.RemoteWebDriver.findElements(RemoteWebDriver.java:311)
	at io.appium.java_client.DefaultGenericMobileDriver.findElements(DefaultGenericMobileDriver.java:50)
	at io.appium.java_client.AppiumDriver.findElements(AppiumDriver.java:148)
	at base.BaseKeyword$Trait$Helper$_waitForPresentOf_closure1.doCall(BaseKeyword.groovy:253)
	at jdk.internal.reflect.GeneratedMethodAccessor8.invoke(Unknown Source)
	at java.base/jdk.internal.reflect.DelegatingMethodAccessorImpl.invoke(DelegatingMethodAccessorImpl.java:43)
	at jdk.proxy2/jdk.proxy2.$Proxy34.apply(Unknown Source)
	at org.openqa.selenium.support.ui.FluentWait.until(FluentWait.java:249)
	at base.BaseKeyword$Trait$Helper.waitForPresentOf(BaseKeyword.groovy:252)
	at base.BaseApp.waitForPresentOf(BaseApp.groovy)
	at java.base/jdk.internal.reflect.NativeMethodAccessorImpl.invoke0(Native Method)
	at java.base/jdk.internal.reflect.NativeMethodAccessorImpl.invoke(NativeMethodAccessorImpl.java:77)
	at java.base/jdk.internal.reflect.DelegatingMethodAccessorImpl.invoke(DelegatingMethodAccessorImpl.java:43)
	at base.BaseApp.waitAppLauch(BaseApp.groovy:34)
	at java.base/jdk.internal.reflect.NativeMethodAccessorImpl.invoke0(Native Method)
	at java.base/jdk.internal.reflect.NativeMethodAccessorImpl.invoke(NativeMethodAccessorImpl.java:77)
	at java.base/jdk.internal.reflect.DelegatingMethodAccessorImpl.invoke(DelegatingMethodAccessorImpl.java:43)
	at drivers.Driver.openApp(Driver.groovy:60)
	at java.base/jdk.internal.reflect.NativeMethodAccessorImpl.invoke0(Native Method)
	at java.base/jdk.internal.reflect.NativeMethodAccessorImpl.invoke(NativeMethodAccessorImpl.java:77)
	at java.base/jdk.internal.reflect.DelegatingMethodAccessorImpl.invoke(DelegatingMethodAccessorImpl.java:43)
	at com.kms.katalon.core.main.CustomKeywordDelegatingMetaClass.invokeStaticMethod(CustomKeywordDelegatingMetaClass.java:55)
	... 19 more


18-05-2025T09:11:47 - [TEST_STEP][PASSED] - REQUEST_NAME = "Trình ký PDF có sẵn": null

18-05-2025T09:11:47 - [TEST_STEP][PASSED] - USER_CREATE_COMMENT = "Commented by user create document": null

18-05-2025T09:11:47 - [TEST_STEP][PASSED] - ASSIGNER_COMMENT = "Không có bình luận": null

18-05-2025T09:11:47 - [TEST_STEP][PASSED] - documentTitle = "Trình ký " + System.currentTimeMillis(): null

18-05-2025T09:11:47 - [TEST_STEP][PASSED] - auto5 = DataTest.getUserTest("auto5"): null

18-05-2025T09:11:47 - [TEST_STEP][PASSED] - auto6 = DataTest.getUserTest("auto6"): null

18-05-2025T09:11:47 - [TEST_STEP][PASSED] - document = DataTest.createDocumentTest(auto5, auto6, null, "dummy.pdf", "dummy.pdf"): null

18-05-2025T09:11:47 - [TEST_STEP][ERROR] - loginScreen.login(auto5): Test Cases/IPAPER APP/037 LAY Y KIEN NHANH_KHONG NHAP Y KIEN FAILED.
Reason:
org.openqa.selenium.WebDriverException: An unknown server-side error occurred while processing the command. Original error: 'POST /elements' cannot be proxied to UiAutomator2 server because the instrumentation process is not running (probably crashed). Check the server log and/or the logcat output for more details
Build info: version: '3.141.59', revision: 'unknown', time: 'unknown'
System info: host: '192.168.1.4.non-exists.ptr.local', ip: '2402:800:63f2:b9ce:1859:4296:77a1:a88d%en0', os.name: 'Mac OS X', os.arch: 'aarch64', os.version: '15.4.1', java.version: '17.0.7'
Driver info: com.kms.katalon.core.appium.driver.SwipeableAndroidDriver
Capabilities {automationName: UiAutomator2, databaseEnabled: false, desired: {automationName: UiAutomator2, deviceName: af0c5cf7, noReset: true, platformName: android, waitForIdleTimeout: 3000}, deviceApiLevel: 35, deviceManufacturer: OPPO, deviceModel: CPH2699, deviceName: af0c5cf7, deviceScreenDensity: 480, deviceScreenSize: 1080x2400, deviceUDID: af0c5cf7, javascriptEnabled: true, locationContextEnabled: false, networkConnectionEnabled: true, noReset: true, pixelRatio: 3, platform: LINUX, platformName: Android, platformVersion: 15, statBarHeight: 120, takesScreenshot: true, viewportRect: {height: 2280, left: 0, top: 120, width: 1080}, waitForIdleTimeout: 3000, warnings: {}, webStorageEnabled: false}
Session ID: c0c10e71-bfa6-42a0-bfc6-9e4517bcdaae
*** Element info: {Using=xpath, value=//android.widget.EditText[@resource-id='com.hdbank.ipaper:id/edit_text_user_name']}
	at java.base/jdk.internal.reflect.NativeConstructorAccessorImpl.newInstance0(Native Method)
	at java.base/jdk.internal.reflect.NativeConstructorAccessorImpl.newInstance(NativeConstructorAccessorImpl.java:77)
	at java.base/jdk.internal.reflect.DelegatingConstructorAccessorImpl.newInstance(DelegatingConstructorAccessorImpl.java:45)
	at org.openqa.selenium.remote.http.W3CHttpResponseCodec.createException(W3CHttpResponseCodec.java:187)
	at org.openqa.selenium.remote.http.W3CHttpResponseCodec.decode(W3CHttpResponseCodec.java:122)
	at org.openqa.selenium.remote.http.W3CHttpResponseCodec.decode(W3CHttpResponseCodec.java:49)
	at org.openqa.selenium.remote.HttpCommandExecutor.execute(HttpCommandExecutor.java:158)
	at io.appium.java_client.remote.AppiumCommandExecutor.execute(AppiumCommandExecutor.java:239)
	at org.openqa.selenium.remote.RemoteWebDriver.execute(RemoteWebDriver.java:552)
	at io.appium.java_client.DefaultGenericMobileDriver.execute(DefaultGenericMobileDriver.java:42)
	at io.appium.java_client.AppiumDriver.execute(AppiumDriver.java:1)
	at io.appium.java_client.android.AndroidDriver.execute(AndroidDriver.java:1)
	at com.kms.katalon.core.appium.driver.SwipeableAndroidDriver.execute(SwipeableAndroidDriver.java:1)
	at org.openqa.selenium.remote.RemoteWebDriver.findElements(RemoteWebDriver.java:353)
	at io.appium.java_client.DefaultGenericMobileDriver.findElements(DefaultGenericMobileDriver.java:54)
	at io.appium.java_client.AppiumDriver.findElements(AppiumDriver.java:152)
	at org.openqa.selenium.remote.RemoteWebDriver.findElementsByXPath(RemoteWebDriver.java:432)
	at io.appium.java_client.DefaultGenericMobileDriver.findElementsByXPath(DefaultGenericMobileDriver.java:156)
	at io.appium.java_client.AppiumDriver.findElementsByXPath(AppiumDriver.java:184)
	at org.openqa.selenium.By$ByXPath.findElements(By.java:348)
	at org.openqa.selenium.remote.RemoteWebDriver.findElements(RemoteWebDriver.java:311)
	at io.appium.java_client.DefaultGenericMobileDriver.findElements(DefaultGenericMobileDriver.java:50)
	at io.appium.java_client.AppiumDriver.findElements(AppiumDriver.java:148)
	at base.BaseKeyword$Trait$Helper.isDisplayed(BaseKeyword.groovy:234)
	at screens.LoginScreen.isDisplayed(LoginScreen.groovy)
	at base.BaseKeyword$Trait$Helper.isDisplayed(BaseKeyword.groovy:229)
	at screens.LoginScreen.isDisplayed(LoginScreen.groovy)
	at screens.LoginScreen.isGuest(LoginScreen.groovy:34)
	at screens.LoginScreen.login(LoginScreen.groovy:10)
	at 037 LAY Y KIEN NHANH_KHONG NHAP Y KIEN.run(037 LAY Y KIEN NHANH_KHONG NHAP Y KIEN:23)
	at com.kms.katalon.core.main.ScriptEngine.run(ScriptEngine.java:194)
	at com.kms.katalon.core.main.ScriptEngine.runScriptAsRawText(ScriptEngine.java:119)
	at com.kms.katalon.core.main.TestCaseExecutor.runScript(TestCaseExecutor.java:448)
	at com.kms.katalon.core.main.TestCaseExecutor.doExecute(TestCaseExecutor.java:439)
	at com.kms.katalon.core.main.TestCaseExecutor.processExecutionPhase(TestCaseExecutor.java:418)
	at com.kms.katalon.core.main.TestCaseExecutor.accessMainPhase(TestCaseExecutor.java:410)
	at com.kms.katalon.core.main.TestCaseExecutor.execute(TestCaseExecutor.java:285)
	at com.kms.katalon.core.common.CommonExecutor.accessTestCaseMainPhase(CommonExecutor.java:65)
	at com.kms.katalon.core.main.TestSuiteExecutor.accessTestSuiteMainPhase(TestSuiteExecutor.java:150)
	at com.kms.katalon.core.main.TestSuiteExecutor.execute(TestSuiteExecutor.java:106)
	at com.kms.katalon.core.main.TestCaseMain.startTestSuite(TestCaseMain.java:180)
	at TempTestSuite1747531571431.run(TempTestSuite1747531571431.groovy:35)
	at java.base/jdk.internal.reflect.NativeMethodAccessorImpl.invoke0(Native Method)
	at java.base/jdk.internal.reflect.NativeMethodAccessorImpl.invoke(NativeMethodAccessorImpl.java:77)
	at java.base/jdk.internal.reflect.DelegatingMethodAccessorImpl.invoke(DelegatingMethodAccessorImpl.java:43)


18-05-2025T09:11:47 - [MESSAGE][ERROR] - Test Cases/IPAPER APP/037 LAY Y KIEN NHANH_KHONG NHAP Y KIEN FAILED.
Reason:
org.openqa.selenium.WebDriverException: An unknown server-side error occurred while processing the command. Original error: 'POST /elements' cannot be proxied to UiAutomator2 server because the instrumentation process is not running (probably crashed). Check the server log and/or the logcat output for more details
Build info: version: '3.141.59', revision: 'unknown', time: 'unknown'
System info: host: '192.168.1.4.non-exists.ptr.local', ip: '2402:800:63f2:b9ce:1859:4296:77a1:a88d%en0', os.name: 'Mac OS X', os.arch: 'aarch64', os.version: '15.4.1', java.version: '17.0.7'
Driver info: com.kms.katalon.core.appium.driver.SwipeableAndroidDriver
Capabilities {automationName: UiAutomator2, databaseEnabled: false, desired: {automationName: UiAutomator2, deviceName: af0c5cf7, noReset: true, platformName: android, waitForIdleTimeout: 3000}, deviceApiLevel: 35, deviceManufacturer: OPPO, deviceModel: CPH2699, deviceName: af0c5cf7, deviceScreenDensity: 480, deviceScreenSize: 1080x2400, deviceUDID: af0c5cf7, javascriptEnabled: true, locationContextEnabled: false, networkConnectionEnabled: true, noReset: true, pixelRatio: 3, platform: LINUX, platformName: Android, platformVersion: 15, statBarHeight: 120, takesScreenshot: true, viewportRect: {height: 2280, left: 0, top: 120, width: 1080}, waitForIdleTimeout: 3000, warnings: {}, webStorageEnabled: false}
Session ID: c0c10e71-bfa6-42a0-bfc6-9e4517bcdaae
*** Element info: {Using=xpath, value=//android.widget.EditText[@resource-id='com.hdbank.ipaper:id/edit_text_user_name']}
	at java.base/jdk.internal.reflect.NativeConstructorAccessorImpl.newInstance0(Native Method)
	at java.base/jdk.internal.reflect.NativeConstructorAccessorImpl.newInstance(NativeConstructorAccessorImpl.java:77)
	at java.base/jdk.internal.reflect.DelegatingConstructorAccessorImpl.newInstance(DelegatingConstructorAccessorImpl.java:45)
	at org.openqa.selenium.remote.http.W3CHttpResponseCodec.createException(W3CHttpResponseCodec.java:187)
	at org.openqa.selenium.remote.http.W3CHttpResponseCodec.decode(W3CHttpResponseCodec.java:122)
	at org.openqa.selenium.remote.http.W3CHttpResponseCodec.decode(W3CHttpResponseCodec.java:49)
	at org.openqa.selenium.remote.HttpCommandExecutor.execute(HttpCommandExecutor.java:158)
	at io.appium.java_client.remote.AppiumCommandExecutor.execute(AppiumCommandExecutor.java:239)
	at org.openqa.selenium.remote.RemoteWebDriver.execute(RemoteWebDriver.java:552)
	at io.appium.java_client.DefaultGenericMobileDriver.execute(DefaultGenericMobileDriver.java:42)
	at io.appium.java_client.AppiumDriver.execute(AppiumDriver.java:1)
	at io.appium.java_client.android.AndroidDriver.execute(AndroidDriver.java:1)
	at com.kms.katalon.core.appium.driver.SwipeableAndroidDriver.execute(SwipeableAndroidDriver.java:1)
	at org.openqa.selenium.remote.RemoteWebDriver.findElements(RemoteWebDriver.java:353)
	at io.appium.java_client.DefaultGenericMobileDriver.findElements(DefaultGenericMobileDriver.java:54)
	at io.appium.java_client.AppiumDriver.findElements(AppiumDriver.java:152)
	at org.openqa.selenium.remote.RemoteWebDriver.findElementsByXPath(RemoteWebDriver.java:432)
	at io.appium.java_client.DefaultGenericMobileDriver.findElementsByXPath(DefaultGenericMobileDriver.java:156)
	at io.appium.java_client.AppiumDriver.findElementsByXPath(AppiumDriver.java:184)
	at org.openqa.selenium.By$ByXPath.findElements(By.java:348)
	at org.openqa.selenium.remote.RemoteWebDriver.findElements(RemoteWebDriver.java:311)
	at io.appium.java_client.DefaultGenericMobileDriver.findElements(DefaultGenericMobileDriver.java:50)
	at io.appium.java_client.AppiumDriver.findElements(AppiumDriver.java:148)
	at base.BaseKeyword$Trait$Helper.isDisplayed(BaseKeyword.groovy:234)
	at screens.LoginScreen.isDisplayed(LoginScreen.groovy)
	at base.BaseKeyword$Trait$Helper.isDisplayed(BaseKeyword.groovy:229)
	at screens.LoginScreen.isDisplayed(LoginScreen.groovy)
	at screens.LoginScreen.isGuest(LoginScreen.groovy:34)
	at screens.LoginScreen.login(LoginScreen.groovy:10)
	at 037 LAY Y KIEN NHANH_KHONG NHAP Y KIEN.run(037 LAY Y KIEN NHANH_KHONG NHAP Y KIEN:23)
	at com.kms.katalon.core.main.ScriptEngine.run(ScriptEngine.java:194)
	at com.kms.katalon.core.main.ScriptEngine.runScriptAsRawText(ScriptEngine.java:119)
	at com.kms.katalon.core.main.TestCaseExecutor.runScript(TestCaseExecutor.java:448)
	at com.kms.katalon.core.main.TestCaseExecutor.doExecute(TestCaseExecutor.java:439)
	at com.kms.katalon.core.main.TestCaseExecutor.processExecutionPhase(TestCaseExecutor.java:418)
	at com.kms.katalon.core.main.TestCaseExecutor.accessMainPhase(TestCaseExecutor.java:410)
	at com.kms.katalon.core.main.TestCaseExecutor.execute(TestCaseExecutor.java:285)
	at com.kms.katalon.core.common.CommonExecutor.accessTestCaseMainPhase(CommonExecutor.java:65)
	at com.kms.katalon.core.main.TestSuiteExecutor.accessTestSuiteMainPhase(TestSuiteExecutor.java:150)
	at com.kms.katalon.core.main.TestSuiteExecutor.execute(TestSuiteExecutor.java:106)
	at com.kms.katalon.core.main.TestCaseMain.startTestSuite(TestCaseMain.java:180)
	at TempTestSuite1747531571431.run(TempTestSuite1747531571431.groovy:35)
	at java.base/jdk.internal.reflect.NativeMethodAccessorImpl.invoke0(Native Method)
	at java.base/jdk.internal.reflect.NativeMethodAccessorImpl.invoke(NativeMethodAccessorImpl.java:77)
	at java.base/jdk.internal.reflect.DelegatingMethodAccessorImpl.invoke(DelegatingMethodAccessorImpl.java:43)


18-05-2025T09:11:47 - [TEST_STEP][ERROR] - Start listener action : afterTest: com.kms.katalon.core.exception.StepFailedException: Unable to take screenshot
	at com.kms.katalon.core.mobile.keyword.internal.MobileKeywordMain.stepFailed(MobileKeywordMain.groovy:64)
	at com.kms.katalon.core.mobile.keyword.internal.MobileKeywordMain.runKeyword(MobileKeywordMain.groovy:34)
	at com.kms.katalon.core.mobile.keyword.builtin.TakeScreenshotKeyword.takeScreenshot(TakeScreenshotKeyword.groovy:94)
	at com.kms.katalon.core.mobile.keyword.builtin.TakeScreenshotKeyword.execute(TakeScreenshotKeyword.groovy:54)
	at com.kms.katalon.core.keyword.internal.KeywordExecutor.executeKeywordForPlatform(KeywordExecutor.groovy:74)
	at com.kms.katalon.core.mobile.keyword.MobileBuiltInKeywords.takeScreenshot(MobileBuiltInKeywords.groovy:218)
	at TestListener.afterTest(TestListener.groovy:45)
	at java.base/jdk.internal.reflect.NativeMethodAccessorImpl.invoke0(Native Method)
	at java.base/jdk.internal.reflect.NativeMethodAccessorImpl.invoke(NativeMethodAccessorImpl.java:77)
	at java.base/jdk.internal.reflect.DelegatingMethodAccessorImpl.invoke(DelegatingMethodAccessorImpl.java:43)
	at com.kms.katalon.core.context.internal.TestHooker.invokeMethod(TestHooker.java:111)
	at com.kms.katalon.core.context.internal.TestHooker.lambda$3(TestHooker.java:95)
	at com.kms.katalon.core.context.internal.TestHooker.invokeContextMethods(TestHooker.java:94)
	at com.kms.katalon.core.context.internal.TestListenerCollector.lambda$3(TestListenerCollector.java:88)
	at com.kms.katalon.core.context.internal.TestListenerCollector.handleListenerEvent(TestListenerCollector.java:85)
	at com.kms.katalon.core.context.internal.ExecutionEventManager.publicEvent(ExecutionEventManager.java:36)
	at com.kms.katalon.core.main.TestCaseExecutor.execute(TestCaseExecutor.java:315)
	at com.kms.katalon.core.common.CommonExecutor.accessTestCaseMainPhase(CommonExecutor.java:65)
	at com.kms.katalon.core.main.TestSuiteExecutor.accessTestSuiteMainPhase(TestSuiteExecutor.java:150)
	at com.kms.katalon.core.main.TestSuiteExecutor.execute(TestSuiteExecutor.java:106)
	at com.kms.katalon.core.main.TestCaseMain.startTestSuite(TestCaseMain.java:180)
	at TempTestSuite1747531571431.run(TempTestSuite1747531571431.groovy:35)
	at java.base/jdk.internal.reflect.NativeMethodAccessorImpl.invoke0(Native Method)
	at java.base/jdk.internal.reflect.NativeMethodAccessorImpl.invoke(NativeMethodAccessorImpl.java:77)
	at java.base/jdk.internal.reflect.DelegatingMethodAccessorImpl.invoke(DelegatingMethodAccessorImpl.java:43)
Caused by: org.openqa.selenium.WebDriverException: An unknown server-side error occurred while processing the command. Original error: 'GET /screenshot' cannot be proxied to UiAutomator2 server because the instrumentation process is not running (probably crashed). Check the server log and/or the logcat output for more details
Build info: version: '3.141.59', revision: 'unknown', time: 'unknown'
System info: host: '192.168.1.4.non-exists.ptr.local', ip: '2402:800:63f2:b9ce:1859:4296:77a1:a88d%en0', os.name: 'Mac OS X', os.arch: 'aarch64', os.version: '15.4.1', java.version: '17.0.7'
Driver info: com.kms.katalon.core.appium.driver.SwipeableAndroidDriver
Capabilities {automationName: UiAutomator2, databaseEnabled: false, desired: {automationName: UiAutomator2, deviceName: af0c5cf7, noReset: true, platformName: android, waitForIdleTimeout: 3000}, deviceApiLevel: 35, deviceManufacturer: OPPO, deviceModel: CPH2699, deviceName: af0c5cf7, deviceScreenDensity: 480, deviceScreenSize: 1080x2400, deviceUDID: af0c5cf7, javascriptEnabled: true, locationContextEnabled: false, networkConnectionEnabled: true, noReset: true, pixelRatio: 3, platform: LINUX, platformName: Android, platformVersion: 15, statBarHeight: 120, takesScreenshot: true, viewportRect: {height: 2280, left: 0, top: 120, width: 1080}, waitForIdleTimeout: 3000, warnings: {}, webStorageEnabled: false}
Session ID: c0c10e71-bfa6-42a0-bfc6-9e4517bcdaae
	at java.base/jdk.internal.reflect.NativeConstructorAccessorImpl.newInstance0(Native Method)
	at java.base/jdk.internal.reflect.NativeConstructorAccessorImpl.newInstance(NativeConstructorAccessorImpl.java:77)
	at java.base/jdk.internal.reflect.DelegatingConstructorAccessorImpl.newInstance(DelegatingConstructorAccessorImpl.java:45)
	at org.openqa.selenium.remote.http.W3CHttpResponseCodec.createException(W3CHttpResponseCodec.java:187)
	at org.openqa.selenium.remote.http.W3CHttpResponseCodec.decode(W3CHttpResponseCodec.java:122)
	at org.openqa.selenium.remote.http.W3CHttpResponseCodec.decode(W3CHttpResponseCodec.java:49)
	at org.openqa.selenium.remote.HttpCommandExecutor.execute(HttpCommandExecutor.java:158)
	at io.appium.java_client.remote.AppiumCommandExecutor.execute(AppiumCommandExecutor.java:239)
	at org.openqa.selenium.remote.RemoteWebDriver.execute(RemoteWebDriver.java:552)
	at io.appium.java_client.DefaultGenericMobileDriver.execute(DefaultGenericMobileDriver.java:46)
	at io.appium.java_client.AppiumDriver.execute(AppiumDriver.java:1)
	at io.appium.java_client.android.AndroidDriver.execute(AndroidDriver.java:1)
	at com.kms.katalon.core.appium.driver.SwipeableAndroidDriver.execute(SwipeableAndroidDriver.java:1)
	at org.openqa.selenium.remote.RemoteWebDriver.getScreenshotAs(RemoteWebDriver.java:295)
	at com.kms.katalon.core.mobile.helper.MobileScreenCaptor.takeScreenshot(MobileScreenCaptor.java:109)
	at com.kms.katalon.core.mobile.keyword.builtin.TakeScreenshotKeyword$_takeScreenshot_closure1.doCall(TakeScreenshotKeyword.groovy:110)
	at com.kms.katalon.core.mobile.keyword.builtin.TakeScreenshotKeyword$_takeScreenshot_closure1.call(TakeScreenshotKeyword.groovy)
	at com.kms.katalon.core.mobile.keyword.internal.MobileKeywordMain.runKeyword(MobileKeywordMain.groovy:30)
	... 23 more


18-05-2025T09:11:47 - [TEST_STEP][ERROR] - if (testCaseStatus != "PASSED"): com.kms.katalon.core.exception.StepFailedException: Unable to take screenshot
	at com.kms.katalon.core.mobile.keyword.internal.MobileKeywordMain.stepFailed(MobileKeywordMain.groovy:64)
	at com.kms.katalon.core.mobile.keyword.internal.MobileKeywordMain.runKeyword(MobileKeywordMain.groovy:34)
	at com.kms.katalon.core.mobile.keyword.builtin.TakeScreenshotKeyword.takeScreenshot(TakeScreenshotKeyword.groovy:94)
	at com.kms.katalon.core.mobile.keyword.builtin.TakeScreenshotKeyword.execute(TakeScreenshotKeyword.groovy:54)
	at com.kms.katalon.core.keyword.internal.KeywordExecutor.executeKeywordForPlatform(KeywordExecutor.groovy:74)
	at com.kms.katalon.core.mobile.keyword.MobileBuiltInKeywords.takeScreenshot(MobileBuiltInKeywords.groovy:218)
	at TestListener.afterTest(TestListener.groovy:45)
	at java.base/jdk.internal.reflect.NativeMethodAccessorImpl.invoke0(Native Method)
	at java.base/jdk.internal.reflect.NativeMethodAccessorImpl.invoke(NativeMethodAccessorImpl.java:77)
	at java.base/jdk.internal.reflect.DelegatingMethodAccessorImpl.invoke(DelegatingMethodAccessorImpl.java:43)
	at com.kms.katalon.core.context.internal.TestHooker.invokeMethod(TestHooker.java:111)
	at com.kms.katalon.core.context.internal.TestHooker.lambda$3(TestHooker.java:95)
	at com.kms.katalon.core.context.internal.TestHooker.invokeContextMethods(TestHooker.java:94)
	at com.kms.katalon.core.context.internal.TestListenerCollector.lambda$3(TestListenerCollector.java:88)
	at com.kms.katalon.core.context.internal.TestListenerCollector.handleListenerEvent(TestListenerCollector.java:85)
	at com.kms.katalon.core.context.internal.ExecutionEventManager.publicEvent(ExecutionEventManager.java:36)
	at com.kms.katalon.core.main.TestCaseExecutor.execute(TestCaseExecutor.java:315)
	at com.kms.katalon.core.common.CommonExecutor.accessTestCaseMainPhase(CommonExecutor.java:65)
	at com.kms.katalon.core.main.TestSuiteExecutor.accessTestSuiteMainPhase(TestSuiteExecutor.java:150)
	at com.kms.katalon.core.main.TestSuiteExecutor.execute(TestSuiteExecutor.java:106)
	at com.kms.katalon.core.main.TestCaseMain.startTestSuite(TestCaseMain.java:180)
	at TempTestSuite1747531571431.run(TempTestSuite1747531571431.groovy:35)
	at java.base/jdk.internal.reflect.NativeMethodAccessorImpl.invoke0(Native Method)
	at java.base/jdk.internal.reflect.NativeMethodAccessorImpl.invoke(NativeMethodAccessorImpl.java:77)
	at java.base/jdk.internal.reflect.DelegatingMethodAccessorImpl.invoke(DelegatingMethodAccessorImpl.java:43)
Caused by: org.openqa.selenium.WebDriverException: An unknown server-side error occurred while processing the command. Original error: 'GET /screenshot' cannot be proxied to UiAutomator2 server because the instrumentation process is not running (probably crashed). Check the server log and/or the logcat output for more details
Build info: version: '3.141.59', revision: 'unknown', time: 'unknown'
System info: host: '192.168.1.4.non-exists.ptr.local', ip: '2402:800:63f2:b9ce:1859:4296:77a1:a88d%en0', os.name: 'Mac OS X', os.arch: 'aarch64', os.version: '15.4.1', java.version: '17.0.7'
Driver info: com.kms.katalon.core.appium.driver.SwipeableAndroidDriver
Capabilities {automationName: UiAutomator2, databaseEnabled: false, desired: {automationName: UiAutomator2, deviceName: af0c5cf7, noReset: true, platformName: android, waitForIdleTimeout: 3000}, deviceApiLevel: 35, deviceManufacturer: OPPO, deviceModel: CPH2699, deviceName: af0c5cf7, deviceScreenDensity: 480, deviceScreenSize: 1080x2400, deviceUDID: af0c5cf7, javascriptEnabled: true, locationContextEnabled: false, networkConnectionEnabled: true, noReset: true, pixelRatio: 3, platform: LINUX, platformName: Android, platformVersion: 15, statBarHeight: 120, takesScreenshot: true, viewportRect: {height: 2280, left: 0, top: 120, width: 1080}, waitForIdleTimeout: 3000, warnings: {}, webStorageEnabled: false}
Session ID: c0c10e71-bfa6-42a0-bfc6-9e4517bcdaae
	at java.base/jdk.internal.reflect.NativeConstructorAccessorImpl.newInstance0(Native Method)
	at java.base/jdk.internal.reflect.NativeConstructorAccessorImpl.newInstance(NativeConstructorAccessorImpl.java:77)
	at java.base/jdk.internal.reflect.DelegatingConstructorAccessorImpl.newInstance(DelegatingConstructorAccessorImpl.java:45)
	at org.openqa.selenium.remote.http.W3CHttpResponseCodec.createException(W3CHttpResponseCodec.java:187)
	at org.openqa.selenium.remote.http.W3CHttpResponseCodec.decode(W3CHttpResponseCodec.java:122)
	at org.openqa.selenium.remote.http.W3CHttpResponseCodec.decode(W3CHttpResponseCodec.java:49)
	at org.openqa.selenium.remote.HttpCommandExecutor.execute(HttpCommandExecutor.java:158)
	at io.appium.java_client.remote.AppiumCommandExecutor.execute(AppiumCommandExecutor.java:239)
	at org.openqa.selenium.remote.RemoteWebDriver.execute(RemoteWebDriver.java:552)
	at io.appium.java_client.DefaultGenericMobileDriver.execute(DefaultGenericMobileDriver.java:46)
	at io.appium.java_client.AppiumDriver.execute(AppiumDriver.java:1)
	at io.appium.java_client.android.AndroidDriver.execute(AndroidDriver.java:1)
	at com.kms.katalon.core.appium.driver.SwipeableAndroidDriver.execute(SwipeableAndroidDriver.java:1)
	at org.openqa.selenium.remote.RemoteWebDriver.getScreenshotAs(RemoteWebDriver.java:295)
	at com.kms.katalon.core.mobile.helper.MobileScreenCaptor.takeScreenshot(MobileScreenCaptor.java:109)
	at com.kms.katalon.core.mobile.keyword.builtin.TakeScreenshotKeyword$_takeScreenshot_closure1.doCall(TakeScreenshotKeyword.groovy:110)
	at com.kms.katalon.core.mobile.keyword.builtin.TakeScreenshotKeyword$_takeScreenshot_closure1.call(TakeScreenshotKeyword.groovy)
	at com.kms.katalon.core.mobile.keyword.internal.MobileKeywordMain.runKeyword(MobileKeywordMain.groovy:30)
	... 23 more


18-05-2025T09:11:47 - [TEST_STEP][ERROR] - takeScreenshot(ErrorScreen/$GlobalVariable.PLATFORM/$testCaseContext.getTestCaseId().png): com.kms.katalon.core.exception.StepFailedException: Unable to take screenshot
	at com.kms.katalon.core.mobile.keyword.internal.MobileKeywordMain.stepFailed(MobileKeywordMain.groovy:64)
	at com.kms.katalon.core.mobile.keyword.internal.MobileKeywordMain.runKeyword(MobileKeywordMain.groovy:34)
	at com.kms.katalon.core.mobile.keyword.builtin.TakeScreenshotKeyword.takeScreenshot(TakeScreenshotKeyword.groovy:94)
	at com.kms.katalon.core.mobile.keyword.builtin.TakeScreenshotKeyword.execute(TakeScreenshotKeyword.groovy:54)
	at com.kms.katalon.core.keyword.internal.KeywordExecutor.executeKeywordForPlatform(KeywordExecutor.groovy:74)
	at com.kms.katalon.core.mobile.keyword.MobileBuiltInKeywords.takeScreenshot(MobileBuiltInKeywords.groovy:218)
	at TestListener.afterTest(TestListener.groovy:45)
	at java.base/jdk.internal.reflect.NativeMethodAccessorImpl.invoke0(Native Method)
	at java.base/jdk.internal.reflect.NativeMethodAccessorImpl.invoke(NativeMethodAccessorImpl.java:77)
	at java.base/jdk.internal.reflect.DelegatingMethodAccessorImpl.invoke(DelegatingMethodAccessorImpl.java:43)
	at com.kms.katalon.core.context.internal.TestHooker.invokeMethod(TestHooker.java:111)
	at com.kms.katalon.core.context.internal.TestHooker.lambda$3(TestHooker.java:95)
	at com.kms.katalon.core.context.internal.TestHooker.invokeContextMethods(TestHooker.java:94)
	at com.kms.katalon.core.context.internal.TestListenerCollector.lambda$3(TestListenerCollector.java:88)
	at com.kms.katalon.core.context.internal.TestListenerCollector.handleListenerEvent(TestListenerCollector.java:85)
	at com.kms.katalon.core.context.internal.ExecutionEventManager.publicEvent(ExecutionEventManager.java:36)
	at com.kms.katalon.core.main.TestCaseExecutor.execute(TestCaseExecutor.java:315)
	at com.kms.katalon.core.common.CommonExecutor.accessTestCaseMainPhase(CommonExecutor.java:65)
	at com.kms.katalon.core.main.TestSuiteExecutor.accessTestSuiteMainPhase(TestSuiteExecutor.java:150)
	at com.kms.katalon.core.main.TestSuiteExecutor.execute(TestSuiteExecutor.java:106)
	at com.kms.katalon.core.main.TestCaseMain.startTestSuite(TestCaseMain.java:180)
	at TempTestSuite1747531571431.run(TempTestSuite1747531571431.groovy:35)
	at java.base/jdk.internal.reflect.NativeMethodAccessorImpl.invoke0(Native Method)
	at java.base/jdk.internal.reflect.NativeMethodAccessorImpl.invoke(NativeMethodAccessorImpl.java:77)
	at java.base/jdk.internal.reflect.DelegatingMethodAccessorImpl.invoke(DelegatingMethodAccessorImpl.java:43)
Caused by: org.openqa.selenium.WebDriverException: An unknown server-side error occurred while processing the command. Original error: 'GET /screenshot' cannot be proxied to UiAutomator2 server because the instrumentation process is not running (probably crashed). Check the server log and/or the logcat output for more details
Build info: version: '3.141.59', revision: 'unknown', time: 'unknown'
System info: host: '192.168.1.4.non-exists.ptr.local', ip: '2402:800:63f2:b9ce:1859:4296:77a1:a88d%en0', os.name: 'Mac OS X', os.arch: 'aarch64', os.version: '15.4.1', java.version: '17.0.7'
Driver info: com.kms.katalon.core.appium.driver.SwipeableAndroidDriver
Capabilities {automationName: UiAutomator2, databaseEnabled: false, desired: {automationName: UiAutomator2, deviceName: af0c5cf7, noReset: true, platformName: android, waitForIdleTimeout: 3000}, deviceApiLevel: 35, deviceManufacturer: OPPO, deviceModel: CPH2699, deviceName: af0c5cf7, deviceScreenDensity: 480, deviceScreenSize: 1080x2400, deviceUDID: af0c5cf7, javascriptEnabled: true, locationContextEnabled: false, networkConnectionEnabled: true, noReset: true, pixelRatio: 3, platform: LINUX, platformName: Android, platformVersion: 15, statBarHeight: 120, takesScreenshot: true, viewportRect: {height: 2280, left: 0, top: 120, width: 1080}, waitForIdleTimeout: 3000, warnings: {}, webStorageEnabled: false}
Session ID: c0c10e71-bfa6-42a0-bfc6-9e4517bcdaae
	at java.base/jdk.internal.reflect.NativeConstructorAccessorImpl.newInstance0(Native Method)
	at java.base/jdk.internal.reflect.NativeConstructorAccessorImpl.newInstance(NativeConstructorAccessorImpl.java:77)
	at java.base/jdk.internal.reflect.DelegatingConstructorAccessorImpl.newInstance(DelegatingConstructorAccessorImpl.java:45)
	at org.openqa.selenium.remote.http.W3CHttpResponseCodec.createException(W3CHttpResponseCodec.java:187)
	at org.openqa.selenium.remote.http.W3CHttpResponseCodec.decode(W3CHttpResponseCodec.java:122)
	at org.openqa.selenium.remote.http.W3CHttpResponseCodec.decode(W3CHttpResponseCodec.java:49)
	at org.openqa.selenium.remote.HttpCommandExecutor.execute(HttpCommandExecutor.java:158)
	at io.appium.java_client.remote.AppiumCommandExecutor.execute(AppiumCommandExecutor.java:239)
	at org.openqa.selenium.remote.RemoteWebDriver.execute(RemoteWebDriver.java:552)
	at io.appium.java_client.DefaultGenericMobileDriver.execute(DefaultGenericMobileDriver.java:46)
	at io.appium.java_client.AppiumDriver.execute(AppiumDriver.java:1)
	at io.appium.java_client.android.AndroidDriver.execute(AndroidDriver.java:1)
	at com.kms.katalon.core.appium.driver.SwipeableAndroidDriver.execute(SwipeableAndroidDriver.java:1)
	at org.openqa.selenium.remote.RemoteWebDriver.getScreenshotAs(RemoteWebDriver.java:295)
	at com.kms.katalon.core.mobile.helper.MobileScreenCaptor.takeScreenshot(MobileScreenCaptor.java:109)
	at com.kms.katalon.core.mobile.keyword.builtin.TakeScreenshotKeyword$_takeScreenshot_closure1.doCall(TakeScreenshotKeyword.groovy:110)
	at com.kms.katalon.core.mobile.keyword.builtin.TakeScreenshotKeyword$_takeScreenshot_closure1.call(TakeScreenshotKeyword.groovy)
	at com.kms.katalon.core.mobile.keyword.internal.MobileKeywordMain.runKeyword(MobileKeywordMain.groovy:30)
	... 23 more


18-05-2025T09:11:49 - [MESSAGE][FAILED] - Unable to take screenshot (Root cause: com.kms.katalon.core.exception.StepFailedException: Unable to take screenshot
	at com.kms.katalon.core.mobile.keyword.internal.MobileKeywordMain.stepFailed(MobileKeywordMain.groovy:64)
	at com.kms.katalon.core.mobile.keyword.internal.MobileKeywordMain.runKeyword(MobileKeywordMain.groovy:34)
	at com.kms.katalon.core.mobile.keyword.builtin.TakeScreenshotKeyword.takeScreenshot(TakeScreenshotKeyword.groovy:94)
	at com.kms.katalon.core.mobile.keyword.builtin.TakeScreenshotKeyword.execute(TakeScreenshotKeyword.groovy:54)
	at com.kms.katalon.core.keyword.internal.KeywordExecutor.executeKeywordForPlatform(KeywordExecutor.groovy:74)
	at com.kms.katalon.core.mobile.keyword.MobileBuiltInKeywords.takeScreenshot(MobileBuiltInKeywords.groovy:218)
	at TestListener.afterTest(TestListener.groovy:45)
	at java.base/jdk.internal.reflect.NativeMethodAccessorImpl.invoke0(Native Method)
	at java.base/jdk.internal.reflect.NativeMethodAccessorImpl.invoke(NativeMethodAccessorImpl.java:77)
	at java.base/jdk.internal.reflect.DelegatingMethodAccessorImpl.invoke(DelegatingMethodAccessorImpl.java:43)
	at com.kms.katalon.core.context.internal.TestHooker.invokeMethod(TestHooker.java:111)
	at com.kms.katalon.core.context.internal.TestHooker.lambda$3(TestHooker.java:95)
	at com.kms.katalon.core.context.internal.TestHooker.invokeContextMethods(TestHooker.java:94)
	at com.kms.katalon.core.context.internal.TestListenerCollector.lambda$3(TestListenerCollector.java:88)
	at com.kms.katalon.core.context.internal.TestListenerCollector.handleListenerEvent(TestListenerCollector.java:85)
	at com.kms.katalon.core.context.internal.ExecutionEventManager.publicEvent(ExecutionEventManager.java:36)
	at com.kms.katalon.core.main.TestCaseExecutor.execute(TestCaseExecutor.java:315)
	at com.kms.katalon.core.common.CommonExecutor.accessTestCaseMainPhase(CommonExecutor.java:65)
	at com.kms.katalon.core.main.TestSuiteExecutor.accessTestSuiteMainPhase(TestSuiteExecutor.java:150)
	at com.kms.katalon.core.main.TestSuiteExecutor.execute(TestSuiteExecutor.java:106)
	at com.kms.katalon.core.main.TestCaseMain.startTestSuite(TestCaseMain.java:180)
	at TempTestSuite1747531571431.run(TempTestSuite1747531571431.groovy:35)
	at java.base/jdk.internal.reflect.NativeMethodAccessorImpl.invoke0(Native Method)
	at java.base/jdk.internal.reflect.NativeMethodAccessorImpl.invoke(NativeMethodAccessorImpl.java:77)
	at java.base/jdk.internal.reflect.DelegatingMethodAccessorImpl.invoke(DelegatingMethodAccessorImpl.java:43)
Caused by: org.openqa.selenium.WebDriverException: An unknown server-side error occurred while processing the command. Original error: 'GET /screenshot' cannot be proxied to UiAutomator2 server because the instrumentation process is not running (probably crashed). Check the server log and/or the logcat output for more details
Build info: version: '3.141.59', revision: 'unknown', time: 'unknown'
System info: host: '192.168.1.4.non-exists.ptr.local', ip: '2402:800:63f2:b9ce:1859:4296:77a1:a88d%en0', os.name: 'Mac OS X', os.arch: 'aarch64', os.version: '15.4.1', java.version: '17.0.7'
Driver info: com.kms.katalon.core.appium.driver.SwipeableAndroidDriver
Capabilities {automationName: UiAutomator2, databaseEnabled: false, desired: {automationName: UiAutomator2, deviceName: af0c5cf7, noReset: true, platformName: android, waitForIdleTimeout: 3000}, deviceApiLevel: 35, deviceManufacturer: OPPO, deviceModel: CPH2699, deviceName: af0c5cf7, deviceScreenDensity: 480, deviceScreenSize: 1080x2400, deviceUDID: af0c5cf7, javascriptEnabled: true, locationContextEnabled: false, networkConnectionEnabled: true, noReset: true, pixelRatio: 3, platform: LINUX, platformName: Android, platformVersion: 15, statBarHeight: 120, takesScreenshot: true, viewportRect: {height: 2280, left: 0, top: 120, width: 1080}, waitForIdleTimeout: 3000, warnings: {}, webStorageEnabled: false}
Session ID: c0c10e71-bfa6-42a0-bfc6-9e4517bcdaae
	at java.base/jdk.internal.reflect.NativeConstructorAccessorImpl.newInstance0(Native Method)
	at java.base/jdk.internal.reflect.NativeConstructorAccessorImpl.newInstance(NativeConstructorAccessorImpl.java:77)
	at java.base/jdk.internal.reflect.DelegatingConstructorAccessorImpl.newInstance(DelegatingConstructorAccessorImpl.java:45)
	at org.openqa.selenium.remote.http.W3CHttpResponseCodec.createException(W3CHttpResponseCodec.java:187)
	at org.openqa.selenium.remote.http.W3CHttpResponseCodec.decode(W3CHttpResponseCodec.java:122)
	at org.openqa.selenium.remote.http.W3CHttpResponseCodec.decode(W3CHttpResponseCodec.java:49)
	at org.openqa.selenium.remote.HttpCommandExecutor.execute(HttpCommandExecutor.java:158)
	at io.appium.java_client.remote.AppiumCommandExecutor.execute(AppiumCommandExecutor.java:239)
	at org.openqa.selenium.remote.RemoteWebDriver.execute(RemoteWebDriver.java:552)
	at io.appium.java_client.DefaultGenericMobileDriver.execute(DefaultGenericMobileDriver.java:46)
	at io.appium.java_client.AppiumDriver.execute(AppiumDriver.java:1)
	at io.appium.java_client.android.AndroidDriver.execute(AndroidDriver.java:1)
	at com.kms.katalon.core.appium.driver.SwipeableAndroidDriver.execute(SwipeableAndroidDriver.java:1)
	at org.openqa.selenium.remote.RemoteWebDriver.getScreenshotAs(RemoteWebDriver.java:295)
	at com.kms.katalon.core.mobile.helper.MobileScreenCaptor.takeScreenshot(MobileScreenCaptor.java:109)
	at com.kms.katalon.core.mobile.keyword.builtin.TakeScreenshotKeyword$_takeScreenshot_closure1.doCall(TakeScreenshotKeyword.groovy:110)
	at com.kms.katalon.core.mobile.keyword.builtin.TakeScreenshotKeyword$_takeScreenshot_closure1.call(TakeScreenshotKeyword.groovy)
	at com.kms.katalon.core.mobile.keyword.internal.MobileKeywordMain.runKeyword(MobileKeywordMain.groovy:30)
	... 23 more
)

18-05-2025T09:11:49 - [MESSAGE][ERROR] - com.kms.katalon.core.exception.StepFailedException: Unable to take screenshot
	at com.kms.katalon.core.mobile.keyword.internal.MobileKeywordMain.stepFailed(MobileKeywordMain.groovy:64)
	at com.kms.katalon.core.mobile.keyword.internal.MobileKeywordMain.runKeyword(MobileKeywordMain.groovy:34)
	at com.kms.katalon.core.mobile.keyword.builtin.TakeScreenshotKeyword.takeScreenshot(TakeScreenshotKeyword.groovy:94)
	at com.kms.katalon.core.mobile.keyword.builtin.TakeScreenshotKeyword.execute(TakeScreenshotKeyword.groovy:54)
	at com.kms.katalon.core.keyword.internal.KeywordExecutor.executeKeywordForPlatform(KeywordExecutor.groovy:74)
	at com.kms.katalon.core.mobile.keyword.MobileBuiltInKeywords.takeScreenshot(MobileBuiltInKeywords.groovy:218)
	at TestListener.afterTest(TestListener.groovy:45)
	at java.base/jdk.internal.reflect.NativeMethodAccessorImpl.invoke0(Native Method)
	at java.base/jdk.internal.reflect.NativeMethodAccessorImpl.invoke(NativeMethodAccessorImpl.java:77)
	at java.base/jdk.internal.reflect.DelegatingMethodAccessorImpl.invoke(DelegatingMethodAccessorImpl.java:43)
	at com.kms.katalon.core.context.internal.TestHooker.invokeMethod(TestHooker.java:111)
	at com.kms.katalon.core.context.internal.TestHooker.lambda$3(TestHooker.java:95)
	at com.kms.katalon.core.context.internal.TestHooker.invokeContextMethods(TestHooker.java:94)
	at com.kms.katalon.core.context.internal.TestListenerCollector.lambda$3(TestListenerCollector.java:88)
	at com.kms.katalon.core.context.internal.TestListenerCollector.handleListenerEvent(TestListenerCollector.java:85)
	at com.kms.katalon.core.context.internal.ExecutionEventManager.publicEvent(ExecutionEventManager.java:36)
	at com.kms.katalon.core.main.TestCaseExecutor.execute(TestCaseExecutor.java:315)
	at com.kms.katalon.core.common.CommonExecutor.accessTestCaseMainPhase(CommonExecutor.java:65)
	at com.kms.katalon.core.main.TestSuiteExecutor.accessTestSuiteMainPhase(TestSuiteExecutor.java:150)
	at com.kms.katalon.core.main.TestSuiteExecutor.execute(TestSuiteExecutor.java:106)
	at com.kms.katalon.core.main.TestCaseMain.startTestSuite(TestCaseMain.java:180)
	at TempTestSuite1747531571431.run(TempTestSuite1747531571431.groovy:35)
	at java.base/jdk.internal.reflect.NativeMethodAccessorImpl.invoke0(Native Method)
	at java.base/jdk.internal.reflect.NativeMethodAccessorImpl.invoke(NativeMethodAccessorImpl.java:77)
	at java.base/jdk.internal.reflect.DelegatingMethodAccessorImpl.invoke(DelegatingMethodAccessorImpl.java:43)
Caused by: org.openqa.selenium.WebDriverException: An unknown server-side error occurred while processing the command. Original error: 'GET /screenshot' cannot be proxied to UiAutomator2 server because the instrumentation process is not running (probably crashed). Check the server log and/or the logcat output for more details
Build info: version: '3.141.59', revision: 'unknown', time: 'unknown'
System info: host: '192.168.1.4.non-exists.ptr.local', ip: '2402:800:63f2:b9ce:1859:4296:77a1:a88d%en0', os.name: 'Mac OS X', os.arch: 'aarch64', os.version: '15.4.1', java.version: '17.0.7'
Driver info: com.kms.katalon.core.appium.driver.SwipeableAndroidDriver
Capabilities {automationName: UiAutomator2, databaseEnabled: false, desired: {automationName: UiAutomator2, deviceName: af0c5cf7, noReset: true, platformName: android, waitForIdleTimeout: 3000}, deviceApiLevel: 35, deviceManufacturer: OPPO, deviceModel: CPH2699, deviceName: af0c5cf7, deviceScreenDensity: 480, deviceScreenSize: 1080x2400, deviceUDID: af0c5cf7, javascriptEnabled: true, locationContextEnabled: false, networkConnectionEnabled: true, noReset: true, pixelRatio: 3, platform: LINUX, platformName: Android, platformVersion: 15, statBarHeight: 120, takesScreenshot: true, viewportRect: {height: 2280, left: 0, top: 120, width: 1080}, waitForIdleTimeout: 3000, warnings: {}, webStorageEnabled: false}
Session ID: c0c10e71-bfa6-42a0-bfc6-9e4517bcdaae
	at java.base/jdk.internal.reflect.NativeConstructorAccessorImpl.newInstance0(Native Method)
	at java.base/jdk.internal.reflect.NativeConstructorAccessorImpl.newInstance(NativeConstructorAccessorImpl.java:77)
	at java.base/jdk.internal.reflect.DelegatingConstructorAccessorImpl.newInstance(DelegatingConstructorAccessorImpl.java:45)
	at org.openqa.selenium.remote.http.W3CHttpResponseCodec.createException(W3CHttpResponseCodec.java:187)
	at org.openqa.selenium.remote.http.W3CHttpResponseCodec.decode(W3CHttpResponseCodec.java:122)
	at org.openqa.selenium.remote.http.W3CHttpResponseCodec.decode(W3CHttpResponseCodec.java:49)
	at org.openqa.selenium.remote.HttpCommandExecutor.execute(HttpCommandExecutor.java:158)
	at io.appium.java_client.remote.AppiumCommandExecutor.execute(AppiumCommandExecutor.java:239)
	at org.openqa.selenium.remote.RemoteWebDriver.execute(RemoteWebDriver.java:552)
	at io.appium.java_client.DefaultGenericMobileDriver.execute(DefaultGenericMobileDriver.java:46)
	at io.appium.java_client.AppiumDriver.execute(AppiumDriver.java:1)
	at io.appium.java_client.android.AndroidDriver.execute(AndroidDriver.java:1)
	at com.kms.katalon.core.appium.driver.SwipeableAndroidDriver.execute(SwipeableAndroidDriver.java:1)
	at org.openqa.selenium.remote.RemoteWebDriver.getScreenshotAs(RemoteWebDriver.java:295)
	at com.kms.katalon.core.mobile.helper.MobileScreenCaptor.takeScreenshot(MobileScreenCaptor.java:109)
	at com.kms.katalon.core.mobile.keyword.builtin.TakeScreenshotKeyword$_takeScreenshot_closure1.doCall(TakeScreenshotKeyword.groovy:110)
	at com.kms.katalon.core.mobile.keyword.builtin.TakeScreenshotKeyword$_takeScreenshot_closure1.call(TakeScreenshotKeyword.groovy)
	at com.kms.katalon.core.mobile.keyword.internal.MobileKeywordMain.runKeyword(MobileKeywordMain.groovy:30)
	... 23 more]]></system-out>
         <system-err><![CDATA[18-05-2025T08:54:32 - [TEST_CASE][ERROR] - Test Cases/IPAPER APP/037 LAY Y KIEN NHANH_KHONG NHAP Y KIEN: Test Cases/IPAPER APP/037 LAY Y KIEN NHANH_KHONG NHAP Y KIEN FAILED.
Reason:
org.openqa.selenium.WebDriverException: An unknown server-side error occurred while processing the command. Original error: 'POST /elements' cannot be proxied to UiAutomator2 server because the instrumentation process is not running (probably crashed). Check the server log and/or the logcat output for more details
Build info: version: '3.141.59', revision: 'unknown', time: 'unknown'
System info: host: '192.168.1.4.non-exists.ptr.local', ip: '2402:800:63f2:b9ce:1859:4296:77a1:a88d%en0', os.name: 'Mac OS X', os.arch: 'aarch64', os.version: '15.4.1', java.version: '17.0.7'
Driver info: com.kms.katalon.core.appium.driver.SwipeableAndroidDriver
Capabilities {automationName: UiAutomator2, databaseEnabled: false, desired: {automationName: UiAutomator2, deviceName: af0c5cf7, noReset: true, platformName: android, waitForIdleTimeout: 3000}, deviceApiLevel: 35, deviceManufacturer: OPPO, deviceModel: CPH2699, deviceName: af0c5cf7, deviceScreenDensity: 480, deviceScreenSize: 1080x2400, deviceUDID: af0c5cf7, javascriptEnabled: true, locationContextEnabled: false, networkConnectionEnabled: true, noReset: true, pixelRatio: 3, platform: LINUX, platformName: Android, platformVersion: 15, statBarHeight: 120, takesScreenshot: true, viewportRect: {height: 2280, left: 0, top: 120, width: 1080}, waitForIdleTimeout: 3000, warnings: {}, webStorageEnabled: false}
Session ID: c0c10e71-bfa6-42a0-bfc6-9e4517bcdaae
*** Element info: {Using=xpath, value=//android.widget.EditText[@resource-id='com.hdbank.ipaper:id/edit_text_user_name']}
	at java.base/jdk.internal.reflect.NativeConstructorAccessorImpl.newInstance0(Native Method)
	at java.base/jdk.internal.reflect.NativeConstructorAccessorImpl.newInstance(NativeConstructorAccessorImpl.java:77)
	at java.base/jdk.internal.reflect.DelegatingConstructorAccessorImpl.newInstance(DelegatingConstructorAccessorImpl.java:45)
	at org.openqa.selenium.remote.http.W3CHttpResponseCodec.createException(W3CHttpResponseCodec.java:187)
	at org.openqa.selenium.remote.http.W3CHttpResponseCodec.decode(W3CHttpResponseCodec.java:122)
	at org.openqa.selenium.remote.http.W3CHttpResponseCodec.decode(W3CHttpResponseCodec.java:49)
	at org.openqa.selenium.remote.HttpCommandExecutor.execute(HttpCommandExecutor.java:158)
	at io.appium.java_client.remote.AppiumCommandExecutor.execute(AppiumCommandExecutor.java:239)
	at org.openqa.selenium.remote.RemoteWebDriver.execute(RemoteWebDriver.java:552)
	at io.appium.java_client.DefaultGenericMobileDriver.execute(DefaultGenericMobileDriver.java:42)
	at io.appium.java_client.AppiumDriver.execute(AppiumDriver.java:1)
	at io.appium.java_client.android.AndroidDriver.execute(AndroidDriver.java:1)
	at com.kms.katalon.core.appium.driver.SwipeableAndroidDriver.execute(SwipeableAndroidDriver.java:1)
	at org.openqa.selenium.remote.RemoteWebDriver.findElements(RemoteWebDriver.java:353)
	at io.appium.java_client.DefaultGenericMobileDriver.findElements(DefaultGenericMobileDriver.java:54)
	at io.appium.java_client.AppiumDriver.findElements(AppiumDriver.java:152)
	at org.openqa.selenium.remote.RemoteWebDriver.findElementsByXPath(RemoteWebDriver.java:432)
	at io.appium.java_client.DefaultGenericMobileDriver.findElementsByXPath(DefaultGenericMobileDriver.java:156)
	at io.appium.java_client.AppiumDriver.findElementsByXPath(AppiumDriver.java:184)
	at org.openqa.selenium.By$ByXPath.findElements(By.java:348)
	at org.openqa.selenium.remote.RemoteWebDriver.findElements(RemoteWebDriver.java:311)
	at io.appium.java_client.DefaultGenericMobileDriver.findElements(DefaultGenericMobileDriver.java:50)
	at io.appium.java_client.AppiumDriver.findElements(AppiumDriver.java:148)
	at base.BaseKeyword$Trait$Helper.isDisplayed(BaseKeyword.groovy:234)
	at screens.LoginScreen.isDisplayed(LoginScreen.groovy)
	at base.BaseKeyword$Trait$Helper.isDisplayed(BaseKeyword.groovy:229)
	at screens.LoginScreen.isDisplayed(LoginScreen.groovy)
	at screens.LoginScreen.isGuest(LoginScreen.groovy:34)
	at screens.LoginScreen.login(LoginScreen.groovy:10)
	at 037 LAY Y KIEN NHANH_KHONG NHAP Y KIEN.run(037 LAY Y KIEN NHANH_KHONG NHAP Y KIEN:23)
	at com.kms.katalon.core.main.ScriptEngine.run(ScriptEngine.java:194)
	at com.kms.katalon.core.main.ScriptEngine.runScriptAsRawText(ScriptEngine.java:119)
	at com.kms.katalon.core.main.TestCaseExecutor.runScript(TestCaseExecutor.java:448)
	at com.kms.katalon.core.main.TestCaseExecutor.doExecute(TestCaseExecutor.java:439)
	at com.kms.katalon.core.main.TestCaseExecutor.processExecutionPhase(TestCaseExecutor.java:418)
	at com.kms.katalon.core.main.TestCaseExecutor.accessMainPhase(TestCaseExecutor.java:410)
	at com.kms.katalon.core.main.TestCaseExecutor.execute(TestCaseExecutor.java:285)
	at com.kms.katalon.core.common.CommonExecutor.accessTestCaseMainPhase(CommonExecutor.java:65)
	at com.kms.katalon.core.main.TestSuiteExecutor.accessTestSuiteMainPhase(TestSuiteExecutor.java:150)
	at com.kms.katalon.core.main.TestSuiteExecutor.execute(TestSuiteExecutor.java:106)
	at com.kms.katalon.core.main.TestCaseMain.startTestSuite(TestCaseMain.java:180)
	at TempTestSuite1747531571431.run(TempTestSuite1747531571431.groovy:35)
	at java.base/jdk.internal.reflect.NativeMethodAccessorImpl.invoke0(Native Method)
	at java.base/jdk.internal.reflect.NativeMethodAccessorImpl.invoke(NativeMethodAccessorImpl.java:77)
	at java.base/jdk.internal.reflect.DelegatingMethodAccessorImpl.invoke(DelegatingMethodAccessorImpl.java:43)]]></system-err>
      </testcase>
      <testcase name="Test Cases/IPAPER APP/059 TẠO QUY TRINH_2 BUOC" time="2.368" classname="Test Cases/IPAPER APP/059 TẠO QUY TRINH_2 BUOC" status="ERROR">
         <error type="ERROR" message="Test Cases/IPAPER APP/059 TẠO QUY TRINH_2 BUOC FAILED.&#xa;Reason:&#xa;org.openqa.selenium.WebDriverException: An unknown server-side error occurred while processing the command. Original error: 'POST /elements' cannot be proxied to UiAutomator2 server because the instrumentation process is not running (probably crashed). Check the server log and/or the logcat output for more details&#xa;Build info: version: '3.141.59', revision: 'unknown', time: 'unknown'&#xa;System info: host: '192.168.1.4.non-exists.ptr.local', ip: '2402:800:63f2:b9ce:1859:4296:77a1:a88d%en0', os.name: 'Mac OS X', os.arch: 'aarch64', os.version: '15.4.1', java.version: '17.0.7'&#xa;Driver info: com.kms.katalon.core.appium.driver.SwipeableAndroidDriver&#xa;Capabilities {automationName: UiAutomator2, databaseEnabled: false, desired: {automationName: UiAutomator2, deviceName: af0c5cf7, noReset: true, platformName: android, waitForIdleTimeout: 3000}, deviceApiLevel: 35, deviceManufacturer: OPPO, deviceModel: CPH2699, deviceName: af0c5cf7, deviceScreenDensity: 480, deviceScreenSize: 1080x2400, deviceUDID: af0c5cf7, javascriptEnabled: true, locationContextEnabled: false, networkConnectionEnabled: true, noReset: true, pixelRatio: 3, platform: LINUX, platformName: Android, platformVersion: 15, statBarHeight: 120, takesScreenshot: true, viewportRect: {height: 2280, left: 0, top: 120, width: 1080}, waitForIdleTimeout: 3000, warnings: {}, webStorageEnabled: false}&#xa;Session ID: c0c10e71-bfa6-42a0-bfc6-9e4517bcdaae&#xa;*** Element info: {Using=xpath, value=//android.widget.EditText[@resource-id='com.hdbank.ipaper:id/edit_text_user_name']}&#xa;	at java.base/jdk.internal.reflect.NativeConstructorAccessorImpl.newInstance0(Native Method)&#xa;	at java.base/jdk.internal.reflect.NativeConstructorAccessorImpl.newInstance(NativeConstructorAccessorImpl.java:77)&#xa;	at java.base/jdk.internal.reflect.DelegatingConstructorAccessorImpl.newInstance(DelegatingConstructorAccessorImpl.java:45)&#xa;	at org.openqa.selenium.remote.http.W3CHttpResponseCodec.createException(W3CHttpResponseCodec.java:187)&#xa;	at org.openqa.selenium.remote.http.W3CHttpResponseCodec.decode(W3CHttpResponseCodec.java:122)&#xa;	at org.openqa.selenium.remote.http.W3CHttpResponseCodec.decode(W3CHttpResponseCodec.java:49)&#xa;	at org.openqa.selenium.remote.HttpCommandExecutor.execute(HttpCommandExecutor.java:158)&#xa;	at io.appium.java_client.remote.AppiumCommandExecutor.execute(AppiumCommandExecutor.java:239)&#xa;	at org.openqa.selenium.remote.RemoteWebDriver.execute(RemoteWebDriver.java:552)&#xa;	at io.appium.java_client.DefaultGenericMobileDriver.execute(DefaultGenericMobileDriver.java:42)&#xa;	at io.appium.java_client.AppiumDriver.execute(AppiumDriver.java:1)&#xa;	at io.appium.java_client.android.AndroidDriver.execute(AndroidDriver.java:1)&#xa;	at com.kms.katalon.core.appium.driver.SwipeableAndroidDriver.execute(SwipeableAndroidDriver.java:1)&#xa;	at org.openqa.selenium.remote.RemoteWebDriver.findElements(RemoteWebDriver.java:353)&#xa;	at io.appium.java_client.DefaultGenericMobileDriver.findElements(DefaultGenericMobileDriver.java:54)&#xa;	at io.appium.java_client.AppiumDriver.findElements(AppiumDriver.java:152)&#xa;	at org.openqa.selenium.remote.RemoteWebDriver.findElementsByXPath(RemoteWebDriver.java:432)&#xa;	at io.appium.java_client.DefaultGenericMobileDriver.findElementsByXPath(DefaultGenericMobileDriver.java:156)&#xa;	at io.appium.java_client.AppiumDriver.findElementsByXPath(AppiumDriver.java:184)&#xa;	at org.openqa.selenium.By$ByXPath.findElements(By.java:348)&#xa;	at org.openqa.selenium.remote.RemoteWebDriver.findElements(RemoteWebDriver.java:311)&#xa;	at io.appium.java_client.DefaultGenericMobileDriver.findElements(DefaultGenericMobileDriver.java:50)&#xa;	at io.appium.java_client.AppiumDriver.findElements(AppiumDriver.java:148)&#xa;	at base.BaseKeyword$Trait$Helper.isDisplayed(BaseKeyword.groovy:234)&#xa;	at screens.LoginScreen.isDisplayed(LoginScreen.groovy)&#xa;	at base.BaseKeyword$Trait$Helper.isDisplayed(BaseKeyword.groovy:229)&#xa;	at screens.LoginScreen.isDisplayed(LoginScreen.groovy)&#xa;	at screens.LoginScreen.isGuest(LoginScreen.groovy:34)&#xa;	at screens.LoginScreen.login(LoginScreen.groovy:10)&#xa;	at 059 TẠO QUY TRINH_2 BUOC.run(059 TẠO QUY TRINH_2 BUOC:23)&#xa;	at com.kms.katalon.core.main.ScriptEngine.run(ScriptEngine.java:194)&#xa;	at com.kms.katalon.core.main.ScriptEngine.runScriptAsRawText(ScriptEngine.java:119)&#xa;	at com.kms.katalon.core.main.TestCaseExecutor.runScript(TestCaseExecutor.java:448)&#xa;	at com.kms.katalon.core.main.TestCaseExecutor.doExecute(TestCaseExecutor.java:439)&#xa;	at com.kms.katalon.core.main.TestCaseExecutor.processExecutionPhase(TestCaseExecutor.java:418)&#xa;	at com.kms.katalon.core.main.TestCaseExecutor.accessMainPhase(TestCaseExecutor.java:410)&#xa;	at com.kms.katalon.core.main.TestCaseExecutor.execute(TestCaseExecutor.java:285)&#xa;	at com.kms.katalon.core.common.CommonExecutor.accessTestCaseMainPhase(CommonExecutor.java:65)&#xa;	at com.kms.katalon.core.main.TestSuiteExecutor.accessTestSuiteMainPhase(TestSuiteExecutor.java:150)&#xa;	at com.kms.katalon.core.main.TestSuiteExecutor.execute(TestSuiteExecutor.java:106)&#xa;	at com.kms.katalon.core.main.TestCaseMain.startTestSuite(TestCaseMain.java:180)&#xa;	at TempTestSuite1747531571431.run(TempTestSuite1747531571431.groovy:35)&#xa;	at java.base/jdk.internal.reflect.NativeMethodAccessorImpl.invoke0(Native Method)&#xa;	at java.base/jdk.internal.reflect.NativeMethodAccessorImpl.invoke(NativeMethodAccessorImpl.java:77)&#xa;	at java.base/jdk.internal.reflect.DelegatingMethodAccessorImpl.invoke(DelegatingMethodAccessorImpl.java:43)&#xa;"/>
         <system-out><![CDATA[18-05-2025T09:11:49 - [TEST_CASE][ERROR] - Test Cases/IPAPER APP/059 TẠO QUY TRINH_2 BUOC: Test Cases/IPAPER APP/059 TẠO QUY TRINH_2 BUOC FAILED.
Reason:
org.openqa.selenium.WebDriverException: An unknown server-side error occurred while processing the command. Original error: 'POST /elements' cannot be proxied to UiAutomator2 server because the instrumentation process is not running (probably crashed). Check the server log and/or the logcat output for more details
Build info: version: '3.141.59', revision: 'unknown', time: 'unknown'
System info: host: '192.168.1.4.non-exists.ptr.local', ip: '2402:800:63f2:b9ce:1859:4296:77a1:a88d%en0', os.name: 'Mac OS X', os.arch: 'aarch64', os.version: '15.4.1', java.version: '17.0.7'
Driver info: com.kms.katalon.core.appium.driver.SwipeableAndroidDriver
Capabilities {automationName: UiAutomator2, databaseEnabled: false, desired: {automationName: UiAutomator2, deviceName: af0c5cf7, noReset: true, platformName: android, waitForIdleTimeout: 3000}, deviceApiLevel: 35, deviceManufacturer: OPPO, deviceModel: CPH2699, deviceName: af0c5cf7, deviceScreenDensity: 480, deviceScreenSize: 1080x2400, deviceUDID: af0c5cf7, javascriptEnabled: true, locationContextEnabled: false, networkConnectionEnabled: true, noReset: true, pixelRatio: 3, platform: LINUX, platformName: Android, platformVersion: 15, statBarHeight: 120, takesScreenshot: true, viewportRect: {height: 2280, left: 0, top: 120, width: 1080}, waitForIdleTimeout: 3000, warnings: {}, webStorageEnabled: false}
Session ID: c0c10e71-bfa6-42a0-bfc6-9e4517bcdaae
*** Element info: {Using=xpath, value=//android.widget.EditText[@resource-id='com.hdbank.ipaper:id/edit_text_user_name']}
	at java.base/jdk.internal.reflect.NativeConstructorAccessorImpl.newInstance0(Native Method)
	at java.base/jdk.internal.reflect.NativeConstructorAccessorImpl.newInstance(NativeConstructorAccessorImpl.java:77)
	at java.base/jdk.internal.reflect.DelegatingConstructorAccessorImpl.newInstance(DelegatingConstructorAccessorImpl.java:45)
	at org.openqa.selenium.remote.http.W3CHttpResponseCodec.createException(W3CHttpResponseCodec.java:187)
	at org.openqa.selenium.remote.http.W3CHttpResponseCodec.decode(W3CHttpResponseCodec.java:122)
	at org.openqa.selenium.remote.http.W3CHttpResponseCodec.decode(W3CHttpResponseCodec.java:49)
	at org.openqa.selenium.remote.HttpCommandExecutor.execute(HttpCommandExecutor.java:158)
	at io.appium.java_client.remote.AppiumCommandExecutor.execute(AppiumCommandExecutor.java:239)
	at org.openqa.selenium.remote.RemoteWebDriver.execute(RemoteWebDriver.java:552)
	at io.appium.java_client.DefaultGenericMobileDriver.execute(DefaultGenericMobileDriver.java:42)
	at io.appium.java_client.AppiumDriver.execute(AppiumDriver.java:1)
	at io.appium.java_client.android.AndroidDriver.execute(AndroidDriver.java:1)
	at com.kms.katalon.core.appium.driver.SwipeableAndroidDriver.execute(SwipeableAndroidDriver.java:1)
	at org.openqa.selenium.remote.RemoteWebDriver.findElements(RemoteWebDriver.java:353)
	at io.appium.java_client.DefaultGenericMobileDriver.findElements(DefaultGenericMobileDriver.java:54)
	at io.appium.java_client.AppiumDriver.findElements(AppiumDriver.java:152)
	at org.openqa.selenium.remote.RemoteWebDriver.findElementsByXPath(RemoteWebDriver.java:432)
	at io.appium.java_client.DefaultGenericMobileDriver.findElementsByXPath(DefaultGenericMobileDriver.java:156)
	at io.appium.java_client.AppiumDriver.findElementsByXPath(AppiumDriver.java:184)
	at org.openqa.selenium.By$ByXPath.findElements(By.java:348)
	at org.openqa.selenium.remote.RemoteWebDriver.findElements(RemoteWebDriver.java:311)
	at io.appium.java_client.DefaultGenericMobileDriver.findElements(DefaultGenericMobileDriver.java:50)
	at io.appium.java_client.AppiumDriver.findElements(AppiumDriver.java:148)
	at base.BaseKeyword$Trait$Helper.isDisplayed(BaseKeyword.groovy:234)
	at screens.LoginScreen.isDisplayed(LoginScreen.groovy)
	at base.BaseKeyword$Trait$Helper.isDisplayed(BaseKeyword.groovy:229)
	at screens.LoginScreen.isDisplayed(LoginScreen.groovy)
	at screens.LoginScreen.isGuest(LoginScreen.groovy:34)
	at screens.LoginScreen.login(LoginScreen.groovy:10)
	at 059 TẠO QUY TRINH_2 BUOC.run(059 TẠO QUY TRINH_2 BUOC:23)
	at com.kms.katalon.core.main.ScriptEngine.run(ScriptEngine.java:194)
	at com.kms.katalon.core.main.ScriptEngine.runScriptAsRawText(ScriptEngine.java:119)
	at com.kms.katalon.core.main.TestCaseExecutor.runScript(TestCaseExecutor.java:448)
	at com.kms.katalon.core.main.TestCaseExecutor.doExecute(TestCaseExecutor.java:439)
	at com.kms.katalon.core.main.TestCaseExecutor.processExecutionPhase(TestCaseExecutor.java:418)
	at com.kms.katalon.core.main.TestCaseExecutor.accessMainPhase(TestCaseExecutor.java:410)
	at com.kms.katalon.core.main.TestCaseExecutor.execute(TestCaseExecutor.java:285)
	at com.kms.katalon.core.common.CommonExecutor.accessTestCaseMainPhase(CommonExecutor.java:65)
	at com.kms.katalon.core.main.TestSuiteExecutor.accessTestSuiteMainPhase(TestSuiteExecutor.java:150)
	at com.kms.katalon.core.main.TestSuiteExecutor.execute(TestSuiteExecutor.java:106)
	at com.kms.katalon.core.main.TestCaseMain.startTestSuite(TestCaseMain.java:180)
	at TempTestSuite1747531571431.run(TempTestSuite1747531571431.groovy:35)
	at java.base/jdk.internal.reflect.NativeMethodAccessorImpl.invoke0(Native Method)
	at java.base/jdk.internal.reflect.NativeMethodAccessorImpl.invoke(NativeMethodAccessorImpl.java:77)
	at java.base/jdk.internal.reflect.DelegatingMethodAccessorImpl.invoke(DelegatingMethodAccessorImpl.java:43)


18-05-2025T09:11:49 - [TEST_STEP][ERROR] - Start listener action : beforeTest: com.kms.katalon.core.exception.StepErrorException: org.openqa.selenium.WebDriverException: An unknown server-side error occurred while processing the command. Original error: 'POST /elements' cannot be proxied to UiAutomator2 server because the instrumentation process is not running (probably crashed). Check the server log and/or the logcat output for more details
Build info: version: '3.141.59', revision: 'unknown', time: 'unknown'
System info: host: '192.168.1.4.non-exists.ptr.local', ip: '2402:800:63f2:b9ce:1859:4296:77a1:a88d%en0', os.name: 'Mac OS X', os.arch: 'aarch64', os.version: '15.4.1', java.version: '17.0.7'
Driver info: com.kms.katalon.core.appium.driver.SwipeableAndroidDriver
Capabilities {automationName: UiAutomator2, databaseEnabled: false, desired: {automationName: UiAutomator2, deviceName: af0c5cf7, noReset: true, platformName: android, waitForIdleTimeout: 3000}, deviceApiLevel: 35, deviceManufacturer: OPPO, deviceModel: CPH2699, deviceName: af0c5cf7, deviceScreenDensity: 480, deviceScreenSize: 1080x2400, deviceUDID: af0c5cf7, javascriptEnabled: true, locationContextEnabled: false, networkConnectionEnabled: true, noReset: true, pixelRatio: 3, platform: LINUX, platformName: Android, platformVersion: 15, statBarHeight: 120, takesScreenshot: true, viewportRect: {height: 2280, left: 0, top: 120, width: 1080}, waitForIdleTimeout: 3000, warnings: {}, webStorageEnabled: false}
Session ID: c0c10e71-bfa6-42a0-bfc6-9e4517bcdaae
*** Element info: {Using=id, value=com.hdbank.ipaper:id/img_logo}
	at com.kms.katalon.core.main.CustomKeywordDelegatingMetaClass.throwError(CustomKeywordDelegatingMetaClass.java:101)
	at com.kms.katalon.core.main.CustomKeywordDelegatingMetaClass.invokeStaticMethod(CustomKeywordDelegatingMetaClass.java:73)
	at TestListener.beforeTest(TestListener.groovy:39)
	at java.base/jdk.internal.reflect.NativeMethodAccessorImpl.invoke0(Native Method)
	at java.base/jdk.internal.reflect.NativeMethodAccessorImpl.invoke(NativeMethodAccessorImpl.java:77)
	at java.base/jdk.internal.reflect.DelegatingMethodAccessorImpl.invoke(DelegatingMethodAccessorImpl.java:43)
	at com.kms.katalon.core.context.internal.TestHooker.invokeMethod(TestHooker.java:111)
	at com.kms.katalon.core.context.internal.TestHooker.lambda$3(TestHooker.java:95)
	at com.kms.katalon.core.context.internal.TestHooker.invokeContextMethods(TestHooker.java:94)
	at com.kms.katalon.core.context.internal.TestListenerCollector.lambda$3(TestListenerCollector.java:88)
	at com.kms.katalon.core.context.internal.TestListenerCollector.handleListenerEvent(TestListenerCollector.java:85)
	at com.kms.katalon.core.context.internal.ExecutionEventManager.publicEvent(ExecutionEventManager.java:36)
	at com.kms.katalon.core.main.TestCaseExecutor.execute(TestCaseExecutor.java:268)
	at com.kms.katalon.core.common.CommonExecutor.accessTestCaseMainPhase(CommonExecutor.java:65)
	at com.kms.katalon.core.main.TestSuiteExecutor.accessTestSuiteMainPhase(TestSuiteExecutor.java:150)
	at com.kms.katalon.core.main.TestSuiteExecutor.execute(TestSuiteExecutor.java:106)
	at com.kms.katalon.core.main.TestCaseMain.startTestSuite(TestCaseMain.java:180)
	at TempTestSuite1747531571431.run(TempTestSuite1747531571431.groovy:35)
	at java.base/jdk.internal.reflect.NativeMethodAccessorImpl.invoke0(Native Method)
	at java.base/jdk.internal.reflect.NativeMethodAccessorImpl.invoke(NativeMethodAccessorImpl.java:77)
	at java.base/jdk.internal.reflect.DelegatingMethodAccessorImpl.invoke(DelegatingMethodAccessorImpl.java:43)
Caused by: org.openqa.selenium.WebDriverException: An unknown server-side error occurred while processing the command. Original error: 'POST /elements' cannot be proxied to UiAutomator2 server because the instrumentation process is not running (probably crashed). Check the server log and/or the logcat output for more details
Build info: version: '3.141.59', revision: 'unknown', time: 'unknown'
System info: host: '192.168.1.4.non-exists.ptr.local', ip: '2402:800:63f2:b9ce:1859:4296:77a1:a88d%en0', os.name: 'Mac OS X', os.arch: 'aarch64', os.version: '15.4.1', java.version: '17.0.7'
Driver info: com.kms.katalon.core.appium.driver.SwipeableAndroidDriver
Capabilities {automationName: UiAutomator2, databaseEnabled: false, desired: {automationName: UiAutomator2, deviceName: af0c5cf7, noReset: true, platformName: android, waitForIdleTimeout: 3000}, deviceApiLevel: 35, deviceManufacturer: OPPO, deviceModel: CPH2699, deviceName: af0c5cf7, deviceScreenDensity: 480, deviceScreenSize: 1080x2400, deviceUDID: af0c5cf7, javascriptEnabled: true, locationContextEnabled: false, networkConnectionEnabled: true, noReset: true, pixelRatio: 3, platform: LINUX, platformName: Android, platformVersion: 15, statBarHeight: 120, takesScreenshot: true, viewportRect: {height: 2280, left: 0, top: 120, width: 1080}, waitForIdleTimeout: 3000, warnings: {}, webStorageEnabled: false}
Session ID: c0c10e71-bfa6-42a0-bfc6-9e4517bcdaae
*** Element info: {Using=id, value=com.hdbank.ipaper:id/img_logo}
	at java.base/jdk.internal.reflect.NativeConstructorAccessorImpl.newInstance0(Native Method)
	at java.base/jdk.internal.reflect.NativeConstructorAccessorImpl.newInstance(NativeConstructorAccessorImpl.java:77)
	at java.base/jdk.internal.reflect.DelegatingConstructorAccessorImpl.newInstance(DelegatingConstructorAccessorImpl.java:45)
	at org.openqa.selenium.remote.http.W3CHttpResponseCodec.createException(W3CHttpResponseCodec.java:187)
	at org.openqa.selenium.remote.http.W3CHttpResponseCodec.decode(W3CHttpResponseCodec.java:122)
	at org.openqa.selenium.remote.http.W3CHttpResponseCodec.decode(W3CHttpResponseCodec.java:49)
	at org.openqa.selenium.remote.HttpCommandExecutor.execute(HttpCommandExecutor.java:158)
	at io.appium.java_client.remote.AppiumCommandExecutor.execute(AppiumCommandExecutor.java:239)
	at org.openqa.selenium.remote.RemoteWebDriver.execute(RemoteWebDriver.java:552)
	at io.appium.java_client.DefaultGenericMobileDriver.execute(DefaultGenericMobileDriver.java:42)
	at io.appium.java_client.AppiumDriver.execute(AppiumDriver.java:1)
	at io.appium.java_client.android.AndroidDriver.execute(AndroidDriver.java:1)
	at com.kms.katalon.core.appium.driver.SwipeableAndroidDriver.execute(SwipeableAndroidDriver.java:1)
	at org.openqa.selenium.remote.RemoteWebDriver.findElements(RemoteWebDriver.java:353)
	at io.appium.java_client.DefaultGenericMobileDriver.findElements(DefaultGenericMobileDriver.java:54)
	at io.appium.java_client.AppiumDriver.findElements(AppiumDriver.java:152)
	at org.openqa.selenium.remote.RemoteWebDriver.findElementsById(RemoteWebDriver.java:376)
	at io.appium.java_client.DefaultGenericMobileDriver.findElementsById(DefaultGenericMobileDriver.java:66)
	at io.appium.java_client.AppiumDriver.findElementsById(AppiumDriver.java:156)
	at org.openqa.selenium.By$ById.findElements(By.java:180)
	at org.openqa.selenium.remote.RemoteWebDriver.findElements(RemoteWebDriver.java:311)
	at io.appium.java_client.DefaultGenericMobileDriver.findElements(DefaultGenericMobileDriver.java:50)
	at io.appium.java_client.AppiumDriver.findElements(AppiumDriver.java:148)
	at base.BaseKeyword$Trait$Helper$_waitForPresentOf_closure1.doCall(BaseKeyword.groovy:253)
	at jdk.internal.reflect.GeneratedMethodAccessor8.invoke(Unknown Source)
	at java.base/jdk.internal.reflect.DelegatingMethodAccessorImpl.invoke(DelegatingMethodAccessorImpl.java:43)
	at jdk.proxy2/jdk.proxy2.$Proxy34.apply(Unknown Source)
	at org.openqa.selenium.support.ui.FluentWait.until(FluentWait.java:249)
	at base.BaseKeyword$Trait$Helper.waitForPresentOf(BaseKeyword.groovy:252)
	at base.BaseApp.waitForPresentOf(BaseApp.groovy)
	at java.base/jdk.internal.reflect.NativeMethodAccessorImpl.invoke0(Native Method)
	at java.base/jdk.internal.reflect.NativeMethodAccessorImpl.invoke(NativeMethodAccessorImpl.java:77)
	at java.base/jdk.internal.reflect.DelegatingMethodAccessorImpl.invoke(DelegatingMethodAccessorImpl.java:43)
	at base.BaseApp.waitAppLauch(BaseApp.groovy:34)
	at java.base/jdk.internal.reflect.NativeMethodAccessorImpl.invoke0(Native Method)
	at java.base/jdk.internal.reflect.NativeMethodAccessorImpl.invoke(NativeMethodAccessorImpl.java:77)
	at java.base/jdk.internal.reflect.DelegatingMethodAccessorImpl.invoke(DelegatingMethodAccessorImpl.java:43)
	at drivers.Driver.openApp(Driver.groovy:60)
	at java.base/jdk.internal.reflect.NativeMethodAccessorImpl.invoke0(Native Method)
	at java.base/jdk.internal.reflect.NativeMethodAccessorImpl.invoke(NativeMethodAccessorImpl.java:77)
	at java.base/jdk.internal.reflect.DelegatingMethodAccessorImpl.invoke(DelegatingMethodAccessorImpl.java:43)
	at com.kms.katalon.core.main.CustomKeywordDelegatingMetaClass.invokeStaticMethod(CustomKeywordDelegatingMetaClass.java:55)
	... 19 more


18-05-2025T09:11:49 - [TEST_STEP][PASSED] - DataTest.init(): null

18-05-2025T09:11:49 - [TEST_STEP][PASSED] - testCaseId = split("/").last(): null

18-05-2025T09:11:49 - [TEST_STEP][PASSED] - if (!(drivers.Driver.isAppiumRunning())): drivers.Driver.isAppiumRunning is PASSED

18-05-2025T09:11:49 - [MESSAGE][INFO] - Appium running: true

18-05-2025T09:11:49 - [MESSAGE][PASSED] - drivers.Driver.isAppiumRunning is PASSED

18-05-2025T09:11:49 - [TEST_STEP][PASSED] - if (driver == null || driver.getSessionId() == null): null

18-05-2025T09:11:49 - [TEST_STEP][ERROR] - drivers.Driver.openApp(): com.kms.katalon.core.exception.StepErrorException: org.openqa.selenium.WebDriverException: An unknown server-side error occurred while processing the command. Original error: 'POST /elements' cannot be proxied to UiAutomator2 server because the instrumentation process is not running (probably crashed). Check the server log and/or the logcat output for more details
Build info: version: '3.141.59', revision: 'unknown', time: 'unknown'
System info: host: '192.168.1.4.non-exists.ptr.local', ip: '2402:800:63f2:b9ce:1859:4296:77a1:a88d%en0', os.name: 'Mac OS X', os.arch: 'aarch64', os.version: '15.4.1', java.version: '17.0.7'
Driver info: com.kms.katalon.core.appium.driver.SwipeableAndroidDriver
Capabilities {automationName: UiAutomator2, databaseEnabled: false, desired: {automationName: UiAutomator2, deviceName: af0c5cf7, noReset: true, platformName: android, waitForIdleTimeout: 3000}, deviceApiLevel: 35, deviceManufacturer: OPPO, deviceModel: CPH2699, deviceName: af0c5cf7, deviceScreenDensity: 480, deviceScreenSize: 1080x2400, deviceUDID: af0c5cf7, javascriptEnabled: true, locationContextEnabled: false, networkConnectionEnabled: true, noReset: true, pixelRatio: 3, platform: LINUX, platformName: Android, platformVersion: 15, statBarHeight: 120, takesScreenshot: true, viewportRect: {height: 2280, left: 0, top: 120, width: 1080}, waitForIdleTimeout: 3000, warnings: {}, webStorageEnabled: false}
Session ID: c0c10e71-bfa6-42a0-bfc6-9e4517bcdaae
*** Element info: {Using=id, value=com.hdbank.ipaper:id/img_logo}
	at com.kms.katalon.core.main.CustomKeywordDelegatingMetaClass.throwError(CustomKeywordDelegatingMetaClass.java:101)
	at com.kms.katalon.core.main.CustomKeywordDelegatingMetaClass.invokeStaticMethod(CustomKeywordDelegatingMetaClass.java:73)
	at TestListener.beforeTest(TestListener.groovy:39)
	at java.base/jdk.internal.reflect.NativeMethodAccessorImpl.invoke0(Native Method)
	at java.base/jdk.internal.reflect.NativeMethodAccessorImpl.invoke(NativeMethodAccessorImpl.java:77)
	at java.base/jdk.internal.reflect.DelegatingMethodAccessorImpl.invoke(DelegatingMethodAccessorImpl.java:43)
	at com.kms.katalon.core.context.internal.TestHooker.invokeMethod(TestHooker.java:111)
	at com.kms.katalon.core.context.internal.TestHooker.lambda$3(TestHooker.java:95)
	at com.kms.katalon.core.context.internal.TestHooker.invokeContextMethods(TestHooker.java:94)
	at com.kms.katalon.core.context.internal.TestListenerCollector.lambda$3(TestListenerCollector.java:88)
	at com.kms.katalon.core.context.internal.TestListenerCollector.handleListenerEvent(TestListenerCollector.java:85)
	at com.kms.katalon.core.context.internal.ExecutionEventManager.publicEvent(ExecutionEventManager.java:36)
	at com.kms.katalon.core.main.TestCaseExecutor.execute(TestCaseExecutor.java:268)
	at com.kms.katalon.core.common.CommonExecutor.accessTestCaseMainPhase(CommonExecutor.java:65)
	at com.kms.katalon.core.main.TestSuiteExecutor.accessTestSuiteMainPhase(TestSuiteExecutor.java:150)
	at com.kms.katalon.core.main.TestSuiteExecutor.execute(TestSuiteExecutor.java:106)
	at com.kms.katalon.core.main.TestCaseMain.startTestSuite(TestCaseMain.java:180)
	at TempTestSuite1747531571431.run(TempTestSuite1747531571431.groovy:35)
	at java.base/jdk.internal.reflect.NativeMethodAccessorImpl.invoke0(Native Method)
	at java.base/jdk.internal.reflect.NativeMethodAccessorImpl.invoke(NativeMethodAccessorImpl.java:77)
	at java.base/jdk.internal.reflect.DelegatingMethodAccessorImpl.invoke(DelegatingMethodAccessorImpl.java:43)
Caused by: org.openqa.selenium.WebDriverException: An unknown server-side error occurred while processing the command. Original error: 'POST /elements' cannot be proxied to UiAutomator2 server because the instrumentation process is not running (probably crashed). Check the server log and/or the logcat output for more details
Build info: version: '3.141.59', revision: 'unknown', time: 'unknown'
System info: host: '192.168.1.4.non-exists.ptr.local', ip: '2402:800:63f2:b9ce:1859:4296:77a1:a88d%en0', os.name: 'Mac OS X', os.arch: 'aarch64', os.version: '15.4.1', java.version: '17.0.7'
Driver info: com.kms.katalon.core.appium.driver.SwipeableAndroidDriver
Capabilities {automationName: UiAutomator2, databaseEnabled: false, desired: {automationName: UiAutomator2, deviceName: af0c5cf7, noReset: true, platformName: android, waitForIdleTimeout: 3000}, deviceApiLevel: 35, deviceManufacturer: OPPO, deviceModel: CPH2699, deviceName: af0c5cf7, deviceScreenDensity: 480, deviceScreenSize: 1080x2400, deviceUDID: af0c5cf7, javascriptEnabled: true, locationContextEnabled: false, networkConnectionEnabled: true, noReset: true, pixelRatio: 3, platform: LINUX, platformName: Android, platformVersion: 15, statBarHeight: 120, takesScreenshot: true, viewportRect: {height: 2280, left: 0, top: 120, width: 1080}, waitForIdleTimeout: 3000, warnings: {}, webStorageEnabled: false}
Session ID: c0c10e71-bfa6-42a0-bfc6-9e4517bcdaae
*** Element info: {Using=id, value=com.hdbank.ipaper:id/img_logo}
	at java.base/jdk.internal.reflect.NativeConstructorAccessorImpl.newInstance0(Native Method)
	at java.base/jdk.internal.reflect.NativeConstructorAccessorImpl.newInstance(NativeConstructorAccessorImpl.java:77)
	at java.base/jdk.internal.reflect.DelegatingConstructorAccessorImpl.newInstance(DelegatingConstructorAccessorImpl.java:45)
	at org.openqa.selenium.remote.http.W3CHttpResponseCodec.createException(W3CHttpResponseCodec.java:187)
	at org.openqa.selenium.remote.http.W3CHttpResponseCodec.decode(W3CHttpResponseCodec.java:122)
	at org.openqa.selenium.remote.http.W3CHttpResponseCodec.decode(W3CHttpResponseCodec.java:49)
	at org.openqa.selenium.remote.HttpCommandExecutor.execute(HttpCommandExecutor.java:158)
	at io.appium.java_client.remote.AppiumCommandExecutor.execute(AppiumCommandExecutor.java:239)
	at org.openqa.selenium.remote.RemoteWebDriver.execute(RemoteWebDriver.java:552)
	at io.appium.java_client.DefaultGenericMobileDriver.execute(DefaultGenericMobileDriver.java:42)
	at io.appium.java_client.AppiumDriver.execute(AppiumDriver.java:1)
	at io.appium.java_client.android.AndroidDriver.execute(AndroidDriver.java:1)
	at com.kms.katalon.core.appium.driver.SwipeableAndroidDriver.execute(SwipeableAndroidDriver.java:1)
	at org.openqa.selenium.remote.RemoteWebDriver.findElements(RemoteWebDriver.java:353)
	at io.appium.java_client.DefaultGenericMobileDriver.findElements(DefaultGenericMobileDriver.java:54)
	at io.appium.java_client.AppiumDriver.findElements(AppiumDriver.java:152)
	at org.openqa.selenium.remote.RemoteWebDriver.findElementsById(RemoteWebDriver.java:376)
	at io.appium.java_client.DefaultGenericMobileDriver.findElementsById(DefaultGenericMobileDriver.java:66)
	at io.appium.java_client.AppiumDriver.findElementsById(AppiumDriver.java:156)
	at org.openqa.selenium.By$ById.findElements(By.java:180)
	at org.openqa.selenium.remote.RemoteWebDriver.findElements(RemoteWebDriver.java:311)
	at io.appium.java_client.DefaultGenericMobileDriver.findElements(DefaultGenericMobileDriver.java:50)
	at io.appium.java_client.AppiumDriver.findElements(AppiumDriver.java:148)
	at base.BaseKeyword$Trait$Helper$_waitForPresentOf_closure1.doCall(BaseKeyword.groovy:253)
	at jdk.internal.reflect.GeneratedMethodAccessor8.invoke(Unknown Source)
	at java.base/jdk.internal.reflect.DelegatingMethodAccessorImpl.invoke(DelegatingMethodAccessorImpl.java:43)
	at jdk.proxy2/jdk.proxy2.$Proxy34.apply(Unknown Source)
	at org.openqa.selenium.support.ui.FluentWait.until(FluentWait.java:249)
	at base.BaseKeyword$Trait$Helper.waitForPresentOf(BaseKeyword.groovy:252)
	at base.BaseApp.waitForPresentOf(BaseApp.groovy)
	at java.base/jdk.internal.reflect.NativeMethodAccessorImpl.invoke0(Native Method)
	at java.base/jdk.internal.reflect.NativeMethodAccessorImpl.invoke(NativeMethodAccessorImpl.java:77)
	at java.base/jdk.internal.reflect.DelegatingMethodAccessorImpl.invoke(DelegatingMethodAccessorImpl.java:43)
	at base.BaseApp.waitAppLauch(BaseApp.groovy:34)
	at java.base/jdk.internal.reflect.NativeMethodAccessorImpl.invoke0(Native Method)
	at java.base/jdk.internal.reflect.NativeMethodAccessorImpl.invoke(NativeMethodAccessorImpl.java:77)
	at java.base/jdk.internal.reflect.DelegatingMethodAccessorImpl.invoke(DelegatingMethodAccessorImpl.java:43)
	at drivers.Driver.openApp(Driver.groovy:60)
	at java.base/jdk.internal.reflect.NativeMethodAccessorImpl.invoke0(Native Method)
	at java.base/jdk.internal.reflect.NativeMethodAccessorImpl.invoke(NativeMethodAccessorImpl.java:77)
	at java.base/jdk.internal.reflect.DelegatingMethodAccessorImpl.invoke(DelegatingMethodAccessorImpl.java:43)
	at com.kms.katalon.core.main.CustomKeywordDelegatingMetaClass.invokeStaticMethod(CustomKeywordDelegatingMetaClass.java:55)
	... 19 more


18-05-2025T09:11:49 - [MESSAGE][ERROR] - An unknown server-side error occurred while processing the command. Original error: 'POST /elements' cannot be proxied to UiAutomator2 server because the instrumentation process is not running (probably crashed). Check the server log and/or the logcat output for more details
Build info: version: '3.141.59', revision: 'unknown', time: 'unknown'
System info: host: '192.168.1.4.non-exists.ptr.local', ip: '2402:800:63f2:b9ce:1859:4296:77a1:a88d%en0', os.name: 'Mac OS X', os.arch: 'aarch64', os.version: '15.4.1', java.version: '17.0.7'
Driver info: com.kms.katalon.core.appium.driver.SwipeableAndroidDriver
Capabilities {automationName: UiAutomator2, databaseEnabled: false, desired: {automationName: UiAutomator2, deviceName: af0c5cf7, noReset: true, platformName: android, waitForIdleTimeout: 3000}, deviceApiLevel: 35, deviceManufacturer: OPPO, deviceModel: CPH2699, deviceName: af0c5cf7, deviceScreenDensity: 480, deviceScreenSize: 1080x2400, deviceUDID: af0c5cf7, javascriptEnabled: true, locationContextEnabled: false, networkConnectionEnabled: true, noReset: true, pixelRatio: 3, platform: LINUX, platformName: Android, platformVersion: 15, statBarHeight: 120, takesScreenshot: true, viewportRect: {height: 2280, left: 0, top: 120, width: 1080}, waitForIdleTimeout: 3000, warnings: {}, webStorageEnabled: false}
Session ID: c0c10e71-bfa6-42a0-bfc6-9e4517bcdaae
*** Element info: {Using=id, value=com.hdbank.ipaper:id/img_logo}

18-05-2025T09:11:49 - [MESSAGE][ERROR] - com.kms.katalon.core.exception.StepErrorException: org.openqa.selenium.WebDriverException: An unknown server-side error occurred while processing the command. Original error: 'POST /elements' cannot be proxied to UiAutomator2 server because the instrumentation process is not running (probably crashed). Check the server log and/or the logcat output for more details
Build info: version: '3.141.59', revision: 'unknown', time: 'unknown'
System info: host: '192.168.1.4.non-exists.ptr.local', ip: '2402:800:63f2:b9ce:1859:4296:77a1:a88d%en0', os.name: 'Mac OS X', os.arch: 'aarch64', os.version: '15.4.1', java.version: '17.0.7'
Driver info: com.kms.katalon.core.appium.driver.SwipeableAndroidDriver
Capabilities {automationName: UiAutomator2, databaseEnabled: false, desired: {automationName: UiAutomator2, deviceName: af0c5cf7, noReset: true, platformName: android, waitForIdleTimeout: 3000}, deviceApiLevel: 35, deviceManufacturer: OPPO, deviceModel: CPH2699, deviceName: af0c5cf7, deviceScreenDensity: 480, deviceScreenSize: 1080x2400, deviceUDID: af0c5cf7, javascriptEnabled: true, locationContextEnabled: false, networkConnectionEnabled: true, noReset: true, pixelRatio: 3, platform: LINUX, platformName: Android, platformVersion: 15, statBarHeight: 120, takesScreenshot: true, viewportRect: {height: 2280, left: 0, top: 120, width: 1080}, waitForIdleTimeout: 3000, warnings: {}, webStorageEnabled: false}
Session ID: c0c10e71-bfa6-42a0-bfc6-9e4517bcdaae
*** Element info: {Using=id, value=com.hdbank.ipaper:id/img_logo}
	at com.kms.katalon.core.main.CustomKeywordDelegatingMetaClass.throwError(CustomKeywordDelegatingMetaClass.java:101)
	at com.kms.katalon.core.main.CustomKeywordDelegatingMetaClass.invokeStaticMethod(CustomKeywordDelegatingMetaClass.java:73)
	at TestListener.beforeTest(TestListener.groovy:39)
	at java.base/jdk.internal.reflect.NativeMethodAccessorImpl.invoke0(Native Method)
	at java.base/jdk.internal.reflect.NativeMethodAccessorImpl.invoke(NativeMethodAccessorImpl.java:77)
	at java.base/jdk.internal.reflect.DelegatingMethodAccessorImpl.invoke(DelegatingMethodAccessorImpl.java:43)
	at com.kms.katalon.core.context.internal.TestHooker.invokeMethod(TestHooker.java:111)
	at com.kms.katalon.core.context.internal.TestHooker.lambda$3(TestHooker.java:95)
	at com.kms.katalon.core.context.internal.TestHooker.invokeContextMethods(TestHooker.java:94)
	at com.kms.katalon.core.context.internal.TestListenerCollector.lambda$3(TestListenerCollector.java:88)
	at com.kms.katalon.core.context.internal.TestListenerCollector.handleListenerEvent(TestListenerCollector.java:85)
	at com.kms.katalon.core.context.internal.ExecutionEventManager.publicEvent(ExecutionEventManager.java:36)
	at com.kms.katalon.core.main.TestCaseExecutor.execute(TestCaseExecutor.java:268)
	at com.kms.katalon.core.common.CommonExecutor.accessTestCaseMainPhase(CommonExecutor.java:65)
	at com.kms.katalon.core.main.TestSuiteExecutor.accessTestSuiteMainPhase(TestSuiteExecutor.java:150)
	at com.kms.katalon.core.main.TestSuiteExecutor.execute(TestSuiteExecutor.java:106)
	at com.kms.katalon.core.main.TestCaseMain.startTestSuite(TestCaseMain.java:180)
	at TempTestSuite1747531571431.run(TempTestSuite1747531571431.groovy:35)
	at java.base/jdk.internal.reflect.NativeMethodAccessorImpl.invoke0(Native Method)
	at java.base/jdk.internal.reflect.NativeMethodAccessorImpl.invoke(NativeMethodAccessorImpl.java:77)
	at java.base/jdk.internal.reflect.DelegatingMethodAccessorImpl.invoke(DelegatingMethodAccessorImpl.java:43)
Caused by: org.openqa.selenium.WebDriverException: An unknown server-side error occurred while processing the command. Original error: 'POST /elements' cannot be proxied to UiAutomator2 server because the instrumentation process is not running (probably crashed). Check the server log and/or the logcat output for more details
Build info: version: '3.141.59', revision: 'unknown', time: 'unknown'
System info: host: '192.168.1.4.non-exists.ptr.local', ip: '2402:800:63f2:b9ce:1859:4296:77a1:a88d%en0', os.name: 'Mac OS X', os.arch: 'aarch64', os.version: '15.4.1', java.version: '17.0.7'
Driver info: com.kms.katalon.core.appium.driver.SwipeableAndroidDriver
Capabilities {automationName: UiAutomator2, databaseEnabled: false, desired: {automationName: UiAutomator2, deviceName: af0c5cf7, noReset: true, platformName: android, waitForIdleTimeout: 3000}, deviceApiLevel: 35, deviceManufacturer: OPPO, deviceModel: CPH2699, deviceName: af0c5cf7, deviceScreenDensity: 480, deviceScreenSize: 1080x2400, deviceUDID: af0c5cf7, javascriptEnabled: true, locationContextEnabled: false, networkConnectionEnabled: true, noReset: true, pixelRatio: 3, platform: LINUX, platformName: Android, platformVersion: 15, statBarHeight: 120, takesScreenshot: true, viewportRect: {height: 2280, left: 0, top: 120, width: 1080}, waitForIdleTimeout: 3000, warnings: {}, webStorageEnabled: false}
Session ID: c0c10e71-bfa6-42a0-bfc6-9e4517bcdaae
*** Element info: {Using=id, value=com.hdbank.ipaper:id/img_logo}
	at java.base/jdk.internal.reflect.NativeConstructorAccessorImpl.newInstance0(Native Method)
	at java.base/jdk.internal.reflect.NativeConstructorAccessorImpl.newInstance(NativeConstructorAccessorImpl.java:77)
	at java.base/jdk.internal.reflect.DelegatingConstructorAccessorImpl.newInstance(DelegatingConstructorAccessorImpl.java:45)
	at org.openqa.selenium.remote.http.W3CHttpResponseCodec.createException(W3CHttpResponseCodec.java:187)
	at org.openqa.selenium.remote.http.W3CHttpResponseCodec.decode(W3CHttpResponseCodec.java:122)
	at org.openqa.selenium.remote.http.W3CHttpResponseCodec.decode(W3CHttpResponseCodec.java:49)
	at org.openqa.selenium.remote.HttpCommandExecutor.execute(HttpCommandExecutor.java:158)
	at io.appium.java_client.remote.AppiumCommandExecutor.execute(AppiumCommandExecutor.java:239)
	at org.openqa.selenium.remote.RemoteWebDriver.execute(RemoteWebDriver.java:552)
	at io.appium.java_client.DefaultGenericMobileDriver.execute(DefaultGenericMobileDriver.java:42)
	at io.appium.java_client.AppiumDriver.execute(AppiumDriver.java:1)
	at io.appium.java_client.android.AndroidDriver.execute(AndroidDriver.java:1)
	at com.kms.katalon.core.appium.driver.SwipeableAndroidDriver.execute(SwipeableAndroidDriver.java:1)
	at org.openqa.selenium.remote.RemoteWebDriver.findElements(RemoteWebDriver.java:353)
	at io.appium.java_client.DefaultGenericMobileDriver.findElements(DefaultGenericMobileDriver.java:54)
	at io.appium.java_client.AppiumDriver.findElements(AppiumDriver.java:152)
	at org.openqa.selenium.remote.RemoteWebDriver.findElementsById(RemoteWebDriver.java:376)
	at io.appium.java_client.DefaultGenericMobileDriver.findElementsById(DefaultGenericMobileDriver.java:66)
	at io.appium.java_client.AppiumDriver.findElementsById(AppiumDriver.java:156)
	at org.openqa.selenium.By$ById.findElements(By.java:180)
	at org.openqa.selenium.remote.RemoteWebDriver.findElements(RemoteWebDriver.java:311)
	at io.appium.java_client.DefaultGenericMobileDriver.findElements(DefaultGenericMobileDriver.java:50)
	at io.appium.java_client.AppiumDriver.findElements(AppiumDriver.java:148)
	at base.BaseKeyword$Trait$Helper$_waitForPresentOf_closure1.doCall(BaseKeyword.groovy:253)
	at jdk.internal.reflect.GeneratedMethodAccessor8.invoke(Unknown Source)
	at java.base/jdk.internal.reflect.DelegatingMethodAccessorImpl.invoke(DelegatingMethodAccessorImpl.java:43)
	at jdk.proxy2/jdk.proxy2.$Proxy34.apply(Unknown Source)
	at org.openqa.selenium.support.ui.FluentWait.until(FluentWait.java:249)
	at base.BaseKeyword$Trait$Helper.waitForPresentOf(BaseKeyword.groovy:252)
	at base.BaseApp.waitForPresentOf(BaseApp.groovy)
	at java.base/jdk.internal.reflect.NativeMethodAccessorImpl.invoke0(Native Method)
	at java.base/jdk.internal.reflect.NativeMethodAccessorImpl.invoke(NativeMethodAccessorImpl.java:77)
	at java.base/jdk.internal.reflect.DelegatingMethodAccessorImpl.invoke(DelegatingMethodAccessorImpl.java:43)
	at base.BaseApp.waitAppLauch(BaseApp.groovy:34)
	at java.base/jdk.internal.reflect.NativeMethodAccessorImpl.invoke0(Native Method)
	at java.base/jdk.internal.reflect.NativeMethodAccessorImpl.invoke(NativeMethodAccessorImpl.java:77)
	at java.base/jdk.internal.reflect.DelegatingMethodAccessorImpl.invoke(DelegatingMethodAccessorImpl.java:43)
	at drivers.Driver.openApp(Driver.groovy:60)
	at java.base/jdk.internal.reflect.NativeMethodAccessorImpl.invoke0(Native Method)
	at java.base/jdk.internal.reflect.NativeMethodAccessorImpl.invoke(NativeMethodAccessorImpl.java:77)
	at java.base/jdk.internal.reflect.DelegatingMethodAccessorImpl.invoke(DelegatingMethodAccessorImpl.java:43)
	at com.kms.katalon.core.main.CustomKeywordDelegatingMetaClass.invokeStaticMethod(CustomKeywordDelegatingMetaClass.java:55)
	... 19 more


18-05-2025T09:11:49 - [TEST_STEP][PASSED] - REQUEST_NAME = "Trình ký PDF có sẵn": null

18-05-2025T09:11:49 - [TEST_STEP][PASSED] - TO_DAY = SimpleDateFormat(dd/MM/yyyy).format(new java.util.Date()): null

18-05-2025T09:11:49 - [TEST_STEP][PASSED] - auto5 = DataTest.getUserTest("auto5"): null

18-05-2025T09:11:49 - [TEST_STEP][PASSED] - auto6 = DataTest.getUserTest("auto6"): null

18-05-2025T09:11:49 - [TEST_STEP][PASSED] - auto7 = DataTest.getUserTest("auto7"): null

18-05-2025T09:11:49 - [TEST_STEP][PASSED] - auto8 = DataTest.getUserTest("auto8"): null

18-05-2025T09:11:49 - [TEST_STEP][PASSED] - document = DataTest.createDocumentTest(auto5, auto6, auto7, "dummy.pdf", "dummy.pdf"): null

18-05-2025T09:11:49 - [TEST_STEP][ERROR] - loginScreen.login(auto5): Test Cases/IPAPER APP/059 TẠO QUY TRINH_2 BUOC FAILED.
Reason:
org.openqa.selenium.WebDriverException: An unknown server-side error occurred while processing the command. Original error: 'POST /elements' cannot be proxied to UiAutomator2 server because the instrumentation process is not running (probably crashed). Check the server log and/or the logcat output for more details
Build info: version: '3.141.59', revision: 'unknown', time: 'unknown'
System info: host: '192.168.1.4.non-exists.ptr.local', ip: '2402:800:63f2:b9ce:1859:4296:77a1:a88d%en0', os.name: 'Mac OS X', os.arch: 'aarch64', os.version: '15.4.1', java.version: '17.0.7'
Driver info: com.kms.katalon.core.appium.driver.SwipeableAndroidDriver
Capabilities {automationName: UiAutomator2, databaseEnabled: false, desired: {automationName: UiAutomator2, deviceName: af0c5cf7, noReset: true, platformName: android, waitForIdleTimeout: 3000}, deviceApiLevel: 35, deviceManufacturer: OPPO, deviceModel: CPH2699, deviceName: af0c5cf7, deviceScreenDensity: 480, deviceScreenSize: 1080x2400, deviceUDID: af0c5cf7, javascriptEnabled: true, locationContextEnabled: false, networkConnectionEnabled: true, noReset: true, pixelRatio: 3, platform: LINUX, platformName: Android, platformVersion: 15, statBarHeight: 120, takesScreenshot: true, viewportRect: {height: 2280, left: 0, top: 120, width: 1080}, waitForIdleTimeout: 3000, warnings: {}, webStorageEnabled: false}
Session ID: c0c10e71-bfa6-42a0-bfc6-9e4517bcdaae
*** Element info: {Using=xpath, value=//android.widget.EditText[@resource-id='com.hdbank.ipaper:id/edit_text_user_name']}
	at java.base/jdk.internal.reflect.NativeConstructorAccessorImpl.newInstance0(Native Method)
	at java.base/jdk.internal.reflect.NativeConstructorAccessorImpl.newInstance(NativeConstructorAccessorImpl.java:77)
	at java.base/jdk.internal.reflect.DelegatingConstructorAccessorImpl.newInstance(DelegatingConstructorAccessorImpl.java:45)
	at org.openqa.selenium.remote.http.W3CHttpResponseCodec.createException(W3CHttpResponseCodec.java:187)
	at org.openqa.selenium.remote.http.W3CHttpResponseCodec.decode(W3CHttpResponseCodec.java:122)
	at org.openqa.selenium.remote.http.W3CHttpResponseCodec.decode(W3CHttpResponseCodec.java:49)
	at org.openqa.selenium.remote.HttpCommandExecutor.execute(HttpCommandExecutor.java:158)
	at io.appium.java_client.remote.AppiumCommandExecutor.execute(AppiumCommandExecutor.java:239)
	at org.openqa.selenium.remote.RemoteWebDriver.execute(RemoteWebDriver.java:552)
	at io.appium.java_client.DefaultGenericMobileDriver.execute(DefaultGenericMobileDriver.java:42)
	at io.appium.java_client.AppiumDriver.execute(AppiumDriver.java:1)
	at io.appium.java_client.android.AndroidDriver.execute(AndroidDriver.java:1)
	at com.kms.katalon.core.appium.driver.SwipeableAndroidDriver.execute(SwipeableAndroidDriver.java:1)
	at org.openqa.selenium.remote.RemoteWebDriver.findElements(RemoteWebDriver.java:353)
	at io.appium.java_client.DefaultGenericMobileDriver.findElements(DefaultGenericMobileDriver.java:54)
	at io.appium.java_client.AppiumDriver.findElements(AppiumDriver.java:152)
	at org.openqa.selenium.remote.RemoteWebDriver.findElementsByXPath(RemoteWebDriver.java:432)
	at io.appium.java_client.DefaultGenericMobileDriver.findElementsByXPath(DefaultGenericMobileDriver.java:156)
	at io.appium.java_client.AppiumDriver.findElementsByXPath(AppiumDriver.java:184)
	at org.openqa.selenium.By$ByXPath.findElements(By.java:348)
	at org.openqa.selenium.remote.RemoteWebDriver.findElements(RemoteWebDriver.java:311)
	at io.appium.java_client.DefaultGenericMobileDriver.findElements(DefaultGenericMobileDriver.java:50)
	at io.appium.java_client.AppiumDriver.findElements(AppiumDriver.java:148)
	at base.BaseKeyword$Trait$Helper.isDisplayed(BaseKeyword.groovy:234)
	at screens.LoginScreen.isDisplayed(LoginScreen.groovy)
	at base.BaseKeyword$Trait$Helper.isDisplayed(BaseKeyword.groovy:229)
	at screens.LoginScreen.isDisplayed(LoginScreen.groovy)
	at screens.LoginScreen.isGuest(LoginScreen.groovy:34)
	at screens.LoginScreen.login(LoginScreen.groovy:10)
	at 059 TẠO QUY TRINH_2 BUOC.run(059 TẠO QUY TRINH_2 BUOC:23)
	at com.kms.katalon.core.main.ScriptEngine.run(ScriptEngine.java:194)
	at com.kms.katalon.core.main.ScriptEngine.runScriptAsRawText(ScriptEngine.java:119)
	at com.kms.katalon.core.main.TestCaseExecutor.runScript(TestCaseExecutor.java:448)
	at com.kms.katalon.core.main.TestCaseExecutor.doExecute(TestCaseExecutor.java:439)
	at com.kms.katalon.core.main.TestCaseExecutor.processExecutionPhase(TestCaseExecutor.java:418)
	at com.kms.katalon.core.main.TestCaseExecutor.accessMainPhase(TestCaseExecutor.java:410)
	at com.kms.katalon.core.main.TestCaseExecutor.execute(TestCaseExecutor.java:285)
	at com.kms.katalon.core.common.CommonExecutor.accessTestCaseMainPhase(CommonExecutor.java:65)
	at com.kms.katalon.core.main.TestSuiteExecutor.accessTestSuiteMainPhase(TestSuiteExecutor.java:150)
	at com.kms.katalon.core.main.TestSuiteExecutor.execute(TestSuiteExecutor.java:106)
	at com.kms.katalon.core.main.TestCaseMain.startTestSuite(TestCaseMain.java:180)
	at TempTestSuite1747531571431.run(TempTestSuite1747531571431.groovy:35)
	at java.base/jdk.internal.reflect.NativeMethodAccessorImpl.invoke0(Native Method)
	at java.base/jdk.internal.reflect.NativeMethodAccessorImpl.invoke(NativeMethodAccessorImpl.java:77)
	at java.base/jdk.internal.reflect.DelegatingMethodAccessorImpl.invoke(DelegatingMethodAccessorImpl.java:43)


18-05-2025T09:11:49 - [MESSAGE][ERROR] - Test Cases/IPAPER APP/059 TẠO QUY TRINH_2 BUOC FAILED.
Reason:
org.openqa.selenium.WebDriverException: An unknown server-side error occurred while processing the command. Original error: 'POST /elements' cannot be proxied to UiAutomator2 server because the instrumentation process is not running (probably crashed). Check the server log and/or the logcat output for more details
Build info: version: '3.141.59', revision: 'unknown', time: 'unknown'
System info: host: '192.168.1.4.non-exists.ptr.local', ip: '2402:800:63f2:b9ce:1859:4296:77a1:a88d%en0', os.name: 'Mac OS X', os.arch: 'aarch64', os.version: '15.4.1', java.version: '17.0.7'
Driver info: com.kms.katalon.core.appium.driver.SwipeableAndroidDriver
Capabilities {automationName: UiAutomator2, databaseEnabled: false, desired: {automationName: UiAutomator2, deviceName: af0c5cf7, noReset: true, platformName: android, waitForIdleTimeout: 3000}, deviceApiLevel: 35, deviceManufacturer: OPPO, deviceModel: CPH2699, deviceName: af0c5cf7, deviceScreenDensity: 480, deviceScreenSize: 1080x2400, deviceUDID: af0c5cf7, javascriptEnabled: true, locationContextEnabled: false, networkConnectionEnabled: true, noReset: true, pixelRatio: 3, platform: LINUX, platformName: Android, platformVersion: 15, statBarHeight: 120, takesScreenshot: true, viewportRect: {height: 2280, left: 0, top: 120, width: 1080}, waitForIdleTimeout: 3000, warnings: {}, webStorageEnabled: false}
Session ID: c0c10e71-bfa6-42a0-bfc6-9e4517bcdaae
*** Element info: {Using=xpath, value=//android.widget.EditText[@resource-id='com.hdbank.ipaper:id/edit_text_user_name']}
	at java.base/jdk.internal.reflect.NativeConstructorAccessorImpl.newInstance0(Native Method)
	at java.base/jdk.internal.reflect.NativeConstructorAccessorImpl.newInstance(NativeConstructorAccessorImpl.java:77)
	at java.base/jdk.internal.reflect.DelegatingConstructorAccessorImpl.newInstance(DelegatingConstructorAccessorImpl.java:45)
	at org.openqa.selenium.remote.http.W3CHttpResponseCodec.createException(W3CHttpResponseCodec.java:187)
	at org.openqa.selenium.remote.http.W3CHttpResponseCodec.decode(W3CHttpResponseCodec.java:122)
	at org.openqa.selenium.remote.http.W3CHttpResponseCodec.decode(W3CHttpResponseCodec.java:49)
	at org.openqa.selenium.remote.HttpCommandExecutor.execute(HttpCommandExecutor.java:158)
	at io.appium.java_client.remote.AppiumCommandExecutor.execute(AppiumCommandExecutor.java:239)
	at org.openqa.selenium.remote.RemoteWebDriver.execute(RemoteWebDriver.java:552)
	at io.appium.java_client.DefaultGenericMobileDriver.execute(DefaultGenericMobileDriver.java:42)
	at io.appium.java_client.AppiumDriver.execute(AppiumDriver.java:1)
	at io.appium.java_client.android.AndroidDriver.execute(AndroidDriver.java:1)
	at com.kms.katalon.core.appium.driver.SwipeableAndroidDriver.execute(SwipeableAndroidDriver.java:1)
	at org.openqa.selenium.remote.RemoteWebDriver.findElements(RemoteWebDriver.java:353)
	at io.appium.java_client.DefaultGenericMobileDriver.findElements(DefaultGenericMobileDriver.java:54)
	at io.appium.java_client.AppiumDriver.findElements(AppiumDriver.java:152)
	at org.openqa.selenium.remote.RemoteWebDriver.findElementsByXPath(RemoteWebDriver.java:432)
	at io.appium.java_client.DefaultGenericMobileDriver.findElementsByXPath(DefaultGenericMobileDriver.java:156)
	at io.appium.java_client.AppiumDriver.findElementsByXPath(AppiumDriver.java:184)
	at org.openqa.selenium.By$ByXPath.findElements(By.java:348)
	at org.openqa.selenium.remote.RemoteWebDriver.findElements(RemoteWebDriver.java:311)
	at io.appium.java_client.DefaultGenericMobileDriver.findElements(DefaultGenericMobileDriver.java:50)
	at io.appium.java_client.AppiumDriver.findElements(AppiumDriver.java:148)
	at base.BaseKeyword$Trait$Helper.isDisplayed(BaseKeyword.groovy:234)
	at screens.LoginScreen.isDisplayed(LoginScreen.groovy)
	at base.BaseKeyword$Trait$Helper.isDisplayed(BaseKeyword.groovy:229)
	at screens.LoginScreen.isDisplayed(LoginScreen.groovy)
	at screens.LoginScreen.isGuest(LoginScreen.groovy:34)
	at screens.LoginScreen.login(LoginScreen.groovy:10)
	at 059 TẠO QUY TRINH_2 BUOC.run(059 TẠO QUY TRINH_2 BUOC:23)
	at com.kms.katalon.core.main.ScriptEngine.run(ScriptEngine.java:194)
	at com.kms.katalon.core.main.ScriptEngine.runScriptAsRawText(ScriptEngine.java:119)
	at com.kms.katalon.core.main.TestCaseExecutor.runScript(TestCaseExecutor.java:448)
	at com.kms.katalon.core.main.TestCaseExecutor.doExecute(TestCaseExecutor.java:439)
	at com.kms.katalon.core.main.TestCaseExecutor.processExecutionPhase(TestCaseExecutor.java:418)
	at com.kms.katalon.core.main.TestCaseExecutor.accessMainPhase(TestCaseExecutor.java:410)
	at com.kms.katalon.core.main.TestCaseExecutor.execute(TestCaseExecutor.java:285)
	at com.kms.katalon.core.common.CommonExecutor.accessTestCaseMainPhase(CommonExecutor.java:65)
	at com.kms.katalon.core.main.TestSuiteExecutor.accessTestSuiteMainPhase(TestSuiteExecutor.java:150)
	at com.kms.katalon.core.main.TestSuiteExecutor.execute(TestSuiteExecutor.java:106)
	at com.kms.katalon.core.main.TestCaseMain.startTestSuite(TestCaseMain.java:180)
	at TempTestSuite1747531571431.run(TempTestSuite1747531571431.groovy:35)
	at java.base/jdk.internal.reflect.NativeMethodAccessorImpl.invoke0(Native Method)
	at java.base/jdk.internal.reflect.NativeMethodAccessorImpl.invoke(NativeMethodAccessorImpl.java:77)
	at java.base/jdk.internal.reflect.DelegatingMethodAccessorImpl.invoke(DelegatingMethodAccessorImpl.java:43)


18-05-2025T09:11:49 - [TEST_STEP][ERROR] - Start listener action : afterTest: com.kms.katalon.core.exception.StepFailedException: Unable to take screenshot
	at com.kms.katalon.core.mobile.keyword.internal.MobileKeywordMain.stepFailed(MobileKeywordMain.groovy:64)
	at com.kms.katalon.core.mobile.keyword.internal.MobileKeywordMain.runKeyword(MobileKeywordMain.groovy:34)
	at com.kms.katalon.core.mobile.keyword.builtin.TakeScreenshotKeyword.takeScreenshot(TakeScreenshotKeyword.groovy:94)
	at com.kms.katalon.core.mobile.keyword.builtin.TakeScreenshotKeyword.execute(TakeScreenshotKeyword.groovy:54)
	at com.kms.katalon.core.keyword.internal.KeywordExecutor.executeKeywordForPlatform(KeywordExecutor.groovy:74)
	at com.kms.katalon.core.mobile.keyword.MobileBuiltInKeywords.takeScreenshot(MobileBuiltInKeywords.groovy:218)
	at TestListener.afterTest(TestListener.groovy:45)
	at java.base/jdk.internal.reflect.NativeMethodAccessorImpl.invoke0(Native Method)
	at java.base/jdk.internal.reflect.NativeMethodAccessorImpl.invoke(NativeMethodAccessorImpl.java:77)
	at java.base/jdk.internal.reflect.DelegatingMethodAccessorImpl.invoke(DelegatingMethodAccessorImpl.java:43)
	at com.kms.katalon.core.context.internal.TestHooker.invokeMethod(TestHooker.java:111)
	at com.kms.katalon.core.context.internal.TestHooker.lambda$3(TestHooker.java:95)
	at com.kms.katalon.core.context.internal.TestHooker.invokeContextMethods(TestHooker.java:94)
	at com.kms.katalon.core.context.internal.TestListenerCollector.lambda$3(TestListenerCollector.java:88)
	at com.kms.katalon.core.context.internal.TestListenerCollector.handleListenerEvent(TestListenerCollector.java:85)
	at com.kms.katalon.core.context.internal.ExecutionEventManager.publicEvent(ExecutionEventManager.java:36)
	at com.kms.katalon.core.main.TestCaseExecutor.execute(TestCaseExecutor.java:315)
	at com.kms.katalon.core.common.CommonExecutor.accessTestCaseMainPhase(CommonExecutor.java:65)
	at com.kms.katalon.core.main.TestSuiteExecutor.accessTestSuiteMainPhase(TestSuiteExecutor.java:150)
	at com.kms.katalon.core.main.TestSuiteExecutor.execute(TestSuiteExecutor.java:106)
	at com.kms.katalon.core.main.TestCaseMain.startTestSuite(TestCaseMain.java:180)
	at TempTestSuite1747531571431.run(TempTestSuite1747531571431.groovy:35)
	at java.base/jdk.internal.reflect.NativeMethodAccessorImpl.invoke0(Native Method)
	at java.base/jdk.internal.reflect.NativeMethodAccessorImpl.invoke(NativeMethodAccessorImpl.java:77)
	at java.base/jdk.internal.reflect.DelegatingMethodAccessorImpl.invoke(DelegatingMethodAccessorImpl.java:43)
Caused by: org.openqa.selenium.WebDriverException: An unknown server-side error occurred while processing the command. Original error: 'GET /screenshot' cannot be proxied to UiAutomator2 server because the instrumentation process is not running (probably crashed). Check the server log and/or the logcat output for more details
Build info: version: '3.141.59', revision: 'unknown', time: 'unknown'
System info: host: '192.168.1.4.non-exists.ptr.local', ip: '2402:800:63f2:b9ce:1859:4296:77a1:a88d%en0', os.name: 'Mac OS X', os.arch: 'aarch64', os.version: '15.4.1', java.version: '17.0.7'
Driver info: com.kms.katalon.core.appium.driver.SwipeableAndroidDriver
Capabilities {automationName: UiAutomator2, databaseEnabled: false, desired: {automationName: UiAutomator2, deviceName: af0c5cf7, noReset: true, platformName: android, waitForIdleTimeout: 3000}, deviceApiLevel: 35, deviceManufacturer: OPPO, deviceModel: CPH2699, deviceName: af0c5cf7, deviceScreenDensity: 480, deviceScreenSize: 1080x2400, deviceUDID: af0c5cf7, javascriptEnabled: true, locationContextEnabled: false, networkConnectionEnabled: true, noReset: true, pixelRatio: 3, platform: LINUX, platformName: Android, platformVersion: 15, statBarHeight: 120, takesScreenshot: true, viewportRect: {height: 2280, left: 0, top: 120, width: 1080}, waitForIdleTimeout: 3000, warnings: {}, webStorageEnabled: false}
Session ID: c0c10e71-bfa6-42a0-bfc6-9e4517bcdaae
	at java.base/jdk.internal.reflect.NativeConstructorAccessorImpl.newInstance0(Native Method)
	at java.base/jdk.internal.reflect.NativeConstructorAccessorImpl.newInstance(NativeConstructorAccessorImpl.java:77)
	at java.base/jdk.internal.reflect.DelegatingConstructorAccessorImpl.newInstance(DelegatingConstructorAccessorImpl.java:45)
	at org.openqa.selenium.remote.http.W3CHttpResponseCodec.createException(W3CHttpResponseCodec.java:187)
	at org.openqa.selenium.remote.http.W3CHttpResponseCodec.decode(W3CHttpResponseCodec.java:122)
	at org.openqa.selenium.remote.http.W3CHttpResponseCodec.decode(W3CHttpResponseCodec.java:49)
	at org.openqa.selenium.remote.HttpCommandExecutor.execute(HttpCommandExecutor.java:158)
	at io.appium.java_client.remote.AppiumCommandExecutor.execute(AppiumCommandExecutor.java:239)
	at org.openqa.selenium.remote.RemoteWebDriver.execute(RemoteWebDriver.java:552)
	at io.appium.java_client.DefaultGenericMobileDriver.execute(DefaultGenericMobileDriver.java:46)
	at io.appium.java_client.AppiumDriver.execute(AppiumDriver.java:1)
	at io.appium.java_client.android.AndroidDriver.execute(AndroidDriver.java:1)
	at com.kms.katalon.core.appium.driver.SwipeableAndroidDriver.execute(SwipeableAndroidDriver.java:1)
	at org.openqa.selenium.remote.RemoteWebDriver.getScreenshotAs(RemoteWebDriver.java:295)
	at com.kms.katalon.core.mobile.helper.MobileScreenCaptor.takeScreenshot(MobileScreenCaptor.java:109)
	at com.kms.katalon.core.mobile.keyword.builtin.TakeScreenshotKeyword$_takeScreenshot_closure1.doCall(TakeScreenshotKeyword.groovy:110)
	at com.kms.katalon.core.mobile.keyword.builtin.TakeScreenshotKeyword$_takeScreenshot_closure1.call(TakeScreenshotKeyword.groovy)
	at com.kms.katalon.core.mobile.keyword.internal.MobileKeywordMain.runKeyword(MobileKeywordMain.groovy:30)
	... 23 more


18-05-2025T09:11:49 - [TEST_STEP][ERROR] - if (testCaseStatus != "PASSED"): com.kms.katalon.core.exception.StepFailedException: Unable to take screenshot
	at com.kms.katalon.core.mobile.keyword.internal.MobileKeywordMain.stepFailed(MobileKeywordMain.groovy:64)
	at com.kms.katalon.core.mobile.keyword.internal.MobileKeywordMain.runKeyword(MobileKeywordMain.groovy:34)
	at com.kms.katalon.core.mobile.keyword.builtin.TakeScreenshotKeyword.takeScreenshot(TakeScreenshotKeyword.groovy:94)
	at com.kms.katalon.core.mobile.keyword.builtin.TakeScreenshotKeyword.execute(TakeScreenshotKeyword.groovy:54)
	at com.kms.katalon.core.keyword.internal.KeywordExecutor.executeKeywordForPlatform(KeywordExecutor.groovy:74)
	at com.kms.katalon.core.mobile.keyword.MobileBuiltInKeywords.takeScreenshot(MobileBuiltInKeywords.groovy:218)
	at TestListener.afterTest(TestListener.groovy:45)
	at java.base/jdk.internal.reflect.NativeMethodAccessorImpl.invoke0(Native Method)
	at java.base/jdk.internal.reflect.NativeMethodAccessorImpl.invoke(NativeMethodAccessorImpl.java:77)
	at java.base/jdk.internal.reflect.DelegatingMethodAccessorImpl.invoke(DelegatingMethodAccessorImpl.java:43)
	at com.kms.katalon.core.context.internal.TestHooker.invokeMethod(TestHooker.java:111)
	at com.kms.katalon.core.context.internal.TestHooker.lambda$3(TestHooker.java:95)
	at com.kms.katalon.core.context.internal.TestHooker.invokeContextMethods(TestHooker.java:94)
	at com.kms.katalon.core.context.internal.TestListenerCollector.lambda$3(TestListenerCollector.java:88)
	at com.kms.katalon.core.context.internal.TestListenerCollector.handleListenerEvent(TestListenerCollector.java:85)
	at com.kms.katalon.core.context.internal.ExecutionEventManager.publicEvent(ExecutionEventManager.java:36)
	at com.kms.katalon.core.main.TestCaseExecutor.execute(TestCaseExecutor.java:315)
	at com.kms.katalon.core.common.CommonExecutor.accessTestCaseMainPhase(CommonExecutor.java:65)
	at com.kms.katalon.core.main.TestSuiteExecutor.accessTestSuiteMainPhase(TestSuiteExecutor.java:150)
	at com.kms.katalon.core.main.TestSuiteExecutor.execute(TestSuiteExecutor.java:106)
	at com.kms.katalon.core.main.TestCaseMain.startTestSuite(TestCaseMain.java:180)
	at TempTestSuite1747531571431.run(TempTestSuite1747531571431.groovy:35)
	at java.base/jdk.internal.reflect.NativeMethodAccessorImpl.invoke0(Native Method)
	at java.base/jdk.internal.reflect.NativeMethodAccessorImpl.invoke(NativeMethodAccessorImpl.java:77)
	at java.base/jdk.internal.reflect.DelegatingMethodAccessorImpl.invoke(DelegatingMethodAccessorImpl.java:43)
Caused by: org.openqa.selenium.WebDriverException: An unknown server-side error occurred while processing the command. Original error: 'GET /screenshot' cannot be proxied to UiAutomator2 server because the instrumentation process is not running (probably crashed). Check the server log and/or the logcat output for more details
Build info: version: '3.141.59', revision: 'unknown', time: 'unknown'
System info: host: '192.168.1.4.non-exists.ptr.local', ip: '2402:800:63f2:b9ce:1859:4296:77a1:a88d%en0', os.name: 'Mac OS X', os.arch: 'aarch64', os.version: '15.4.1', java.version: '17.0.7'
Driver info: com.kms.katalon.core.appium.driver.SwipeableAndroidDriver
Capabilities {automationName: UiAutomator2, databaseEnabled: false, desired: {automationName: UiAutomator2, deviceName: af0c5cf7, noReset: true, platformName: android, waitForIdleTimeout: 3000}, deviceApiLevel: 35, deviceManufacturer: OPPO, deviceModel: CPH2699, deviceName: af0c5cf7, deviceScreenDensity: 480, deviceScreenSize: 1080x2400, deviceUDID: af0c5cf7, javascriptEnabled: true, locationContextEnabled: false, networkConnectionEnabled: true, noReset: true, pixelRatio: 3, platform: LINUX, platformName: Android, platformVersion: 15, statBarHeight: 120, takesScreenshot: true, viewportRect: {height: 2280, left: 0, top: 120, width: 1080}, waitForIdleTimeout: 3000, warnings: {}, webStorageEnabled: false}
Session ID: c0c10e71-bfa6-42a0-bfc6-9e4517bcdaae
	at java.base/jdk.internal.reflect.NativeConstructorAccessorImpl.newInstance0(Native Method)
	at java.base/jdk.internal.reflect.NativeConstructorAccessorImpl.newInstance(NativeConstructorAccessorImpl.java:77)
	at java.base/jdk.internal.reflect.DelegatingConstructorAccessorImpl.newInstance(DelegatingConstructorAccessorImpl.java:45)
	at org.openqa.selenium.remote.http.W3CHttpResponseCodec.createException(W3CHttpResponseCodec.java:187)
	at org.openqa.selenium.remote.http.W3CHttpResponseCodec.decode(W3CHttpResponseCodec.java:122)
	at org.openqa.selenium.remote.http.W3CHttpResponseCodec.decode(W3CHttpResponseCodec.java:49)
	at org.openqa.selenium.remote.HttpCommandExecutor.execute(HttpCommandExecutor.java:158)
	at io.appium.java_client.remote.AppiumCommandExecutor.execute(AppiumCommandExecutor.java:239)
	at org.openqa.selenium.remote.RemoteWebDriver.execute(RemoteWebDriver.java:552)
	at io.appium.java_client.DefaultGenericMobileDriver.execute(DefaultGenericMobileDriver.java:46)
	at io.appium.java_client.AppiumDriver.execute(AppiumDriver.java:1)
	at io.appium.java_client.android.AndroidDriver.execute(AndroidDriver.java:1)
	at com.kms.katalon.core.appium.driver.SwipeableAndroidDriver.execute(SwipeableAndroidDriver.java:1)
	at org.openqa.selenium.remote.RemoteWebDriver.getScreenshotAs(RemoteWebDriver.java:295)
	at com.kms.katalon.core.mobile.helper.MobileScreenCaptor.takeScreenshot(MobileScreenCaptor.java:109)
	at com.kms.katalon.core.mobile.keyword.builtin.TakeScreenshotKeyword$_takeScreenshot_closure1.doCall(TakeScreenshotKeyword.groovy:110)
	at com.kms.katalon.core.mobile.keyword.builtin.TakeScreenshotKeyword$_takeScreenshot_closure1.call(TakeScreenshotKeyword.groovy)
	at com.kms.katalon.core.mobile.keyword.internal.MobileKeywordMain.runKeyword(MobileKeywordMain.groovy:30)
	... 23 more


18-05-2025T09:11:49 - [TEST_STEP][ERROR] - takeScreenshot(ErrorScreen/$GlobalVariable.PLATFORM/$testCaseContext.getTestCaseId().png): com.kms.katalon.core.exception.StepFailedException: Unable to take screenshot
	at com.kms.katalon.core.mobile.keyword.internal.MobileKeywordMain.stepFailed(MobileKeywordMain.groovy:64)
	at com.kms.katalon.core.mobile.keyword.internal.MobileKeywordMain.runKeyword(MobileKeywordMain.groovy:34)
	at com.kms.katalon.core.mobile.keyword.builtin.TakeScreenshotKeyword.takeScreenshot(TakeScreenshotKeyword.groovy:94)
	at com.kms.katalon.core.mobile.keyword.builtin.TakeScreenshotKeyword.execute(TakeScreenshotKeyword.groovy:54)
	at com.kms.katalon.core.keyword.internal.KeywordExecutor.executeKeywordForPlatform(KeywordExecutor.groovy:74)
	at com.kms.katalon.core.mobile.keyword.MobileBuiltInKeywords.takeScreenshot(MobileBuiltInKeywords.groovy:218)
	at TestListener.afterTest(TestListener.groovy:45)
	at java.base/jdk.internal.reflect.NativeMethodAccessorImpl.invoke0(Native Method)
	at java.base/jdk.internal.reflect.NativeMethodAccessorImpl.invoke(NativeMethodAccessorImpl.java:77)
	at java.base/jdk.internal.reflect.DelegatingMethodAccessorImpl.invoke(DelegatingMethodAccessorImpl.java:43)
	at com.kms.katalon.core.context.internal.TestHooker.invokeMethod(TestHooker.java:111)
	at com.kms.katalon.core.context.internal.TestHooker.lambda$3(TestHooker.java:95)
	at com.kms.katalon.core.context.internal.TestHooker.invokeContextMethods(TestHooker.java:94)
	at com.kms.katalon.core.context.internal.TestListenerCollector.lambda$3(TestListenerCollector.java:88)
	at com.kms.katalon.core.context.internal.TestListenerCollector.handleListenerEvent(TestListenerCollector.java:85)
	at com.kms.katalon.core.context.internal.ExecutionEventManager.publicEvent(ExecutionEventManager.java:36)
	at com.kms.katalon.core.main.TestCaseExecutor.execute(TestCaseExecutor.java:315)
	at com.kms.katalon.core.common.CommonExecutor.accessTestCaseMainPhase(CommonExecutor.java:65)
	at com.kms.katalon.core.main.TestSuiteExecutor.accessTestSuiteMainPhase(TestSuiteExecutor.java:150)
	at com.kms.katalon.core.main.TestSuiteExecutor.execute(TestSuiteExecutor.java:106)
	at com.kms.katalon.core.main.TestCaseMain.startTestSuite(TestCaseMain.java:180)
	at TempTestSuite1747531571431.run(TempTestSuite1747531571431.groovy:35)
	at java.base/jdk.internal.reflect.NativeMethodAccessorImpl.invoke0(Native Method)
	at java.base/jdk.internal.reflect.NativeMethodAccessorImpl.invoke(NativeMethodAccessorImpl.java:77)
	at java.base/jdk.internal.reflect.DelegatingMethodAccessorImpl.invoke(DelegatingMethodAccessorImpl.java:43)
Caused by: org.openqa.selenium.WebDriverException: An unknown server-side error occurred while processing the command. Original error: 'GET /screenshot' cannot be proxied to UiAutomator2 server because the instrumentation process is not running (probably crashed). Check the server log and/or the logcat output for more details
Build info: version: '3.141.59', revision: 'unknown', time: 'unknown'
System info: host: '192.168.1.4.non-exists.ptr.local', ip: '2402:800:63f2:b9ce:1859:4296:77a1:a88d%en0', os.name: 'Mac OS X', os.arch: 'aarch64', os.version: '15.4.1', java.version: '17.0.7'
Driver info: com.kms.katalon.core.appium.driver.SwipeableAndroidDriver
Capabilities {automationName: UiAutomator2, databaseEnabled: false, desired: {automationName: UiAutomator2, deviceName: af0c5cf7, noReset: true, platformName: android, waitForIdleTimeout: 3000}, deviceApiLevel: 35, deviceManufacturer: OPPO, deviceModel: CPH2699, deviceName: af0c5cf7, deviceScreenDensity: 480, deviceScreenSize: 1080x2400, deviceUDID: af0c5cf7, javascriptEnabled: true, locationContextEnabled: false, networkConnectionEnabled: true, noReset: true, pixelRatio: 3, platform: LINUX, platformName: Android, platformVersion: 15, statBarHeight: 120, takesScreenshot: true, viewportRect: {height: 2280, left: 0, top: 120, width: 1080}, waitForIdleTimeout: 3000, warnings: {}, webStorageEnabled: false}
Session ID: c0c10e71-bfa6-42a0-bfc6-9e4517bcdaae
	at java.base/jdk.internal.reflect.NativeConstructorAccessorImpl.newInstance0(Native Method)
	at java.base/jdk.internal.reflect.NativeConstructorAccessorImpl.newInstance(NativeConstructorAccessorImpl.java:77)
	at java.base/jdk.internal.reflect.DelegatingConstructorAccessorImpl.newInstance(DelegatingConstructorAccessorImpl.java:45)
	at org.openqa.selenium.remote.http.W3CHttpResponseCodec.createException(W3CHttpResponseCodec.java:187)
	at org.openqa.selenium.remote.http.W3CHttpResponseCodec.decode(W3CHttpResponseCodec.java:122)
	at org.openqa.selenium.remote.http.W3CHttpResponseCodec.decode(W3CHttpResponseCodec.java:49)
	at org.openqa.selenium.remote.HttpCommandExecutor.execute(HttpCommandExecutor.java:158)
	at io.appium.java_client.remote.AppiumCommandExecutor.execute(AppiumCommandExecutor.java:239)
	at org.openqa.selenium.remote.RemoteWebDriver.execute(RemoteWebDriver.java:552)
	at io.appium.java_client.DefaultGenericMobileDriver.execute(DefaultGenericMobileDriver.java:46)
	at io.appium.java_client.AppiumDriver.execute(AppiumDriver.java:1)
	at io.appium.java_client.android.AndroidDriver.execute(AndroidDriver.java:1)
	at com.kms.katalon.core.appium.driver.SwipeableAndroidDriver.execute(SwipeableAndroidDriver.java:1)
	at org.openqa.selenium.remote.RemoteWebDriver.getScreenshotAs(RemoteWebDriver.java:295)
	at com.kms.katalon.core.mobile.helper.MobileScreenCaptor.takeScreenshot(MobileScreenCaptor.java:109)
	at com.kms.katalon.core.mobile.keyword.builtin.TakeScreenshotKeyword$_takeScreenshot_closure1.doCall(TakeScreenshotKeyword.groovy:110)
	at com.kms.katalon.core.mobile.keyword.builtin.TakeScreenshotKeyword$_takeScreenshot_closure1.call(TakeScreenshotKeyword.groovy)
	at com.kms.katalon.core.mobile.keyword.internal.MobileKeywordMain.runKeyword(MobileKeywordMain.groovy:30)
	... 23 more


18-05-2025T09:11:51 - [MESSAGE][FAILED] - Unable to take screenshot (Root cause: com.kms.katalon.core.exception.StepFailedException: Unable to take screenshot
	at com.kms.katalon.core.mobile.keyword.internal.MobileKeywordMain.stepFailed(MobileKeywordMain.groovy:64)
	at com.kms.katalon.core.mobile.keyword.internal.MobileKeywordMain.runKeyword(MobileKeywordMain.groovy:34)
	at com.kms.katalon.core.mobile.keyword.builtin.TakeScreenshotKeyword.takeScreenshot(TakeScreenshotKeyword.groovy:94)
	at com.kms.katalon.core.mobile.keyword.builtin.TakeScreenshotKeyword.execute(TakeScreenshotKeyword.groovy:54)
	at com.kms.katalon.core.keyword.internal.KeywordExecutor.executeKeywordForPlatform(KeywordExecutor.groovy:74)
	at com.kms.katalon.core.mobile.keyword.MobileBuiltInKeywords.takeScreenshot(MobileBuiltInKeywords.groovy:218)
	at TestListener.afterTest(TestListener.groovy:45)
	at java.base/jdk.internal.reflect.NativeMethodAccessorImpl.invoke0(Native Method)
	at java.base/jdk.internal.reflect.NativeMethodAccessorImpl.invoke(NativeMethodAccessorImpl.java:77)
	at java.base/jdk.internal.reflect.DelegatingMethodAccessorImpl.invoke(DelegatingMethodAccessorImpl.java:43)
	at com.kms.katalon.core.context.internal.TestHooker.invokeMethod(TestHooker.java:111)
	at com.kms.katalon.core.context.internal.TestHooker.lambda$3(TestHooker.java:95)
	at com.kms.katalon.core.context.internal.TestHooker.invokeContextMethods(TestHooker.java:94)
	at com.kms.katalon.core.context.internal.TestListenerCollector.lambda$3(TestListenerCollector.java:88)
	at com.kms.katalon.core.context.internal.TestListenerCollector.handleListenerEvent(TestListenerCollector.java:85)
	at com.kms.katalon.core.context.internal.ExecutionEventManager.publicEvent(ExecutionEventManager.java:36)
	at com.kms.katalon.core.main.TestCaseExecutor.execute(TestCaseExecutor.java:315)
	at com.kms.katalon.core.common.CommonExecutor.accessTestCaseMainPhase(CommonExecutor.java:65)
	at com.kms.katalon.core.main.TestSuiteExecutor.accessTestSuiteMainPhase(TestSuiteExecutor.java:150)
	at com.kms.katalon.core.main.TestSuiteExecutor.execute(TestSuiteExecutor.java:106)
	at com.kms.katalon.core.main.TestCaseMain.startTestSuite(TestCaseMain.java:180)
	at TempTestSuite1747531571431.run(TempTestSuite1747531571431.groovy:35)
	at java.base/jdk.internal.reflect.NativeMethodAccessorImpl.invoke0(Native Method)
	at java.base/jdk.internal.reflect.NativeMethodAccessorImpl.invoke(NativeMethodAccessorImpl.java:77)
	at java.base/jdk.internal.reflect.DelegatingMethodAccessorImpl.invoke(DelegatingMethodAccessorImpl.java:43)
Caused by: org.openqa.selenium.WebDriverException: An unknown server-side error occurred while processing the command. Original error: 'GET /screenshot' cannot be proxied to UiAutomator2 server because the instrumentation process is not running (probably crashed). Check the server log and/or the logcat output for more details
Build info: version: '3.141.59', revision: 'unknown', time: 'unknown'
System info: host: '192.168.1.4.non-exists.ptr.local', ip: '2402:800:63f2:b9ce:1859:4296:77a1:a88d%en0', os.name: 'Mac OS X', os.arch: 'aarch64', os.version: '15.4.1', java.version: '17.0.7'
Driver info: com.kms.katalon.core.appium.driver.SwipeableAndroidDriver
Capabilities {automationName: UiAutomator2, databaseEnabled: false, desired: {automationName: UiAutomator2, deviceName: af0c5cf7, noReset: true, platformName: android, waitForIdleTimeout: 3000}, deviceApiLevel: 35, deviceManufacturer: OPPO, deviceModel: CPH2699, deviceName: af0c5cf7, deviceScreenDensity: 480, deviceScreenSize: 1080x2400, deviceUDID: af0c5cf7, javascriptEnabled: true, locationContextEnabled: false, networkConnectionEnabled: true, noReset: true, pixelRatio: 3, platform: LINUX, platformName: Android, platformVersion: 15, statBarHeight: 120, takesScreenshot: true, viewportRect: {height: 2280, left: 0, top: 120, width: 1080}, waitForIdleTimeout: 3000, warnings: {}, webStorageEnabled: false}
Session ID: c0c10e71-bfa6-42a0-bfc6-9e4517bcdaae
	at java.base/jdk.internal.reflect.NativeConstructorAccessorImpl.newInstance0(Native Method)
	at java.base/jdk.internal.reflect.NativeConstructorAccessorImpl.newInstance(NativeConstructorAccessorImpl.java:77)
	at java.base/jdk.internal.reflect.DelegatingConstructorAccessorImpl.newInstance(DelegatingConstructorAccessorImpl.java:45)
	at org.openqa.selenium.remote.http.W3CHttpResponseCodec.createException(W3CHttpResponseCodec.java:187)
	at org.openqa.selenium.remote.http.W3CHttpResponseCodec.decode(W3CHttpResponseCodec.java:122)
	at org.openqa.selenium.remote.http.W3CHttpResponseCodec.decode(W3CHttpResponseCodec.java:49)
	at org.openqa.selenium.remote.HttpCommandExecutor.execute(HttpCommandExecutor.java:158)
	at io.appium.java_client.remote.AppiumCommandExecutor.execute(AppiumCommandExecutor.java:239)
	at org.openqa.selenium.remote.RemoteWebDriver.execute(RemoteWebDriver.java:552)
	at io.appium.java_client.DefaultGenericMobileDriver.execute(DefaultGenericMobileDriver.java:46)
	at io.appium.java_client.AppiumDriver.execute(AppiumDriver.java:1)
	at io.appium.java_client.android.AndroidDriver.execute(AndroidDriver.java:1)
	at com.kms.katalon.core.appium.driver.SwipeableAndroidDriver.execute(SwipeableAndroidDriver.java:1)
	at org.openqa.selenium.remote.RemoteWebDriver.getScreenshotAs(RemoteWebDriver.java:295)
	at com.kms.katalon.core.mobile.helper.MobileScreenCaptor.takeScreenshot(MobileScreenCaptor.java:109)
	at com.kms.katalon.core.mobile.keyword.builtin.TakeScreenshotKeyword$_takeScreenshot_closure1.doCall(TakeScreenshotKeyword.groovy:110)
	at com.kms.katalon.core.mobile.keyword.builtin.TakeScreenshotKeyword$_takeScreenshot_closure1.call(TakeScreenshotKeyword.groovy)
	at com.kms.katalon.core.mobile.keyword.internal.MobileKeywordMain.runKeyword(MobileKeywordMain.groovy:30)
	... 23 more
)

18-05-2025T09:11:51 - [MESSAGE][ERROR] - com.kms.katalon.core.exception.StepFailedException: Unable to take screenshot
	at com.kms.katalon.core.mobile.keyword.internal.MobileKeywordMain.stepFailed(MobileKeywordMain.groovy:64)
	at com.kms.katalon.core.mobile.keyword.internal.MobileKeywordMain.runKeyword(MobileKeywordMain.groovy:34)
	at com.kms.katalon.core.mobile.keyword.builtin.TakeScreenshotKeyword.takeScreenshot(TakeScreenshotKeyword.groovy:94)
	at com.kms.katalon.core.mobile.keyword.builtin.TakeScreenshotKeyword.execute(TakeScreenshotKeyword.groovy:54)
	at com.kms.katalon.core.keyword.internal.KeywordExecutor.executeKeywordForPlatform(KeywordExecutor.groovy:74)
	at com.kms.katalon.core.mobile.keyword.MobileBuiltInKeywords.takeScreenshot(MobileBuiltInKeywords.groovy:218)
	at TestListener.afterTest(TestListener.groovy:45)
	at java.base/jdk.internal.reflect.NativeMethodAccessorImpl.invoke0(Native Method)
	at java.base/jdk.internal.reflect.NativeMethodAccessorImpl.invoke(NativeMethodAccessorImpl.java:77)
	at java.base/jdk.internal.reflect.DelegatingMethodAccessorImpl.invoke(DelegatingMethodAccessorImpl.java:43)
	at com.kms.katalon.core.context.internal.TestHooker.invokeMethod(TestHooker.java:111)
	at com.kms.katalon.core.context.internal.TestHooker.lambda$3(TestHooker.java:95)
	at com.kms.katalon.core.context.internal.TestHooker.invokeContextMethods(TestHooker.java:94)
	at com.kms.katalon.core.context.internal.TestListenerCollector.lambda$3(TestListenerCollector.java:88)
	at com.kms.katalon.core.context.internal.TestListenerCollector.handleListenerEvent(TestListenerCollector.java:85)
	at com.kms.katalon.core.context.internal.ExecutionEventManager.publicEvent(ExecutionEventManager.java:36)
	at com.kms.katalon.core.main.TestCaseExecutor.execute(TestCaseExecutor.java:315)
	at com.kms.katalon.core.common.CommonExecutor.accessTestCaseMainPhase(CommonExecutor.java:65)
	at com.kms.katalon.core.main.TestSuiteExecutor.accessTestSuiteMainPhase(TestSuiteExecutor.java:150)
	at com.kms.katalon.core.main.TestSuiteExecutor.execute(TestSuiteExecutor.java:106)
	at com.kms.katalon.core.main.TestCaseMain.startTestSuite(TestCaseMain.java:180)
	at TempTestSuite1747531571431.run(TempTestSuite1747531571431.groovy:35)
	at java.base/jdk.internal.reflect.NativeMethodAccessorImpl.invoke0(Native Method)
	at java.base/jdk.internal.reflect.NativeMethodAccessorImpl.invoke(NativeMethodAccessorImpl.java:77)
	at java.base/jdk.internal.reflect.DelegatingMethodAccessorImpl.invoke(DelegatingMethodAccessorImpl.java:43)
Caused by: org.openqa.selenium.WebDriverException: An unknown server-side error occurred while processing the command. Original error: 'GET /screenshot' cannot be proxied to UiAutomator2 server because the instrumentation process is not running (probably crashed). Check the server log and/or the logcat output for more details
Build info: version: '3.141.59', revision: 'unknown', time: 'unknown'
System info: host: '192.168.1.4.non-exists.ptr.local', ip: '2402:800:63f2:b9ce:1859:4296:77a1:a88d%en0', os.name: 'Mac OS X', os.arch: 'aarch64', os.version: '15.4.1', java.version: '17.0.7'
Driver info: com.kms.katalon.core.appium.driver.SwipeableAndroidDriver
Capabilities {automationName: UiAutomator2, databaseEnabled: false, desired: {automationName: UiAutomator2, deviceName: af0c5cf7, noReset: true, platformName: android, waitForIdleTimeout: 3000}, deviceApiLevel: 35, deviceManufacturer: OPPO, deviceModel: CPH2699, deviceName: af0c5cf7, deviceScreenDensity: 480, deviceScreenSize: 1080x2400, deviceUDID: af0c5cf7, javascriptEnabled: true, locationContextEnabled: false, networkConnectionEnabled: true, noReset: true, pixelRatio: 3, platform: LINUX, platformName: Android, platformVersion: 15, statBarHeight: 120, takesScreenshot: true, viewportRect: {height: 2280, left: 0, top: 120, width: 1080}, waitForIdleTimeout: 3000, warnings: {}, webStorageEnabled: false}
Session ID: c0c10e71-bfa6-42a0-bfc6-9e4517bcdaae
	at java.base/jdk.internal.reflect.NativeConstructorAccessorImpl.newInstance0(Native Method)
	at java.base/jdk.internal.reflect.NativeConstructorAccessorImpl.newInstance(NativeConstructorAccessorImpl.java:77)
	at java.base/jdk.internal.reflect.DelegatingConstructorAccessorImpl.newInstance(DelegatingConstructorAccessorImpl.java:45)
	at org.openqa.selenium.remote.http.W3CHttpResponseCodec.createException(W3CHttpResponseCodec.java:187)
	at org.openqa.selenium.remote.http.W3CHttpResponseCodec.decode(W3CHttpResponseCodec.java:122)
	at org.openqa.selenium.remote.http.W3CHttpResponseCodec.decode(W3CHttpResponseCodec.java:49)
	at org.openqa.selenium.remote.HttpCommandExecutor.execute(HttpCommandExecutor.java:158)
	at io.appium.java_client.remote.AppiumCommandExecutor.execute(AppiumCommandExecutor.java:239)
	at org.openqa.selenium.remote.RemoteWebDriver.execute(RemoteWebDriver.java:552)
	at io.appium.java_client.DefaultGenericMobileDriver.execute(DefaultGenericMobileDriver.java:46)
	at io.appium.java_client.AppiumDriver.execute(AppiumDriver.java:1)
	at io.appium.java_client.android.AndroidDriver.execute(AndroidDriver.java:1)
	at com.kms.katalon.core.appium.driver.SwipeableAndroidDriver.execute(SwipeableAndroidDriver.java:1)
	at org.openqa.selenium.remote.RemoteWebDriver.getScreenshotAs(RemoteWebDriver.java:295)
	at com.kms.katalon.core.mobile.helper.MobileScreenCaptor.takeScreenshot(MobileScreenCaptor.java:109)
	at com.kms.katalon.core.mobile.keyword.builtin.TakeScreenshotKeyword$_takeScreenshot_closure1.doCall(TakeScreenshotKeyword.groovy:110)
	at com.kms.katalon.core.mobile.keyword.builtin.TakeScreenshotKeyword$_takeScreenshot_closure1.call(TakeScreenshotKeyword.groovy)
	at com.kms.katalon.core.mobile.keyword.internal.MobileKeywordMain.runKeyword(MobileKeywordMain.groovy:30)
	... 23 more]]></system-out>
         <system-err><![CDATA[18-05-2025T09:11:49 - [TEST_CASE][ERROR] - Test Cases/IPAPER APP/059 TẠO QUY TRINH_2 BUOC: Test Cases/IPAPER APP/059 TẠO QUY TRINH_2 BUOC FAILED.
Reason:
org.openqa.selenium.WebDriverException: An unknown server-side error occurred while processing the command. Original error: 'POST /elements' cannot be proxied to UiAutomator2 server because the instrumentation process is not running (probably crashed). Check the server log and/or the logcat output for more details
Build info: version: '3.141.59', revision: 'unknown', time: 'unknown'
System info: host: '192.168.1.4.non-exists.ptr.local', ip: '2402:800:63f2:b9ce:1859:4296:77a1:a88d%en0', os.name: 'Mac OS X', os.arch: 'aarch64', os.version: '15.4.1', java.version: '17.0.7'
Driver info: com.kms.katalon.core.appium.driver.SwipeableAndroidDriver
Capabilities {automationName: UiAutomator2, databaseEnabled: false, desired: {automationName: UiAutomator2, deviceName: af0c5cf7, noReset: true, platformName: android, waitForIdleTimeout: 3000}, deviceApiLevel: 35, deviceManufacturer: OPPO, deviceModel: CPH2699, deviceName: af0c5cf7, deviceScreenDensity: 480, deviceScreenSize: 1080x2400, deviceUDID: af0c5cf7, javascriptEnabled: true, locationContextEnabled: false, networkConnectionEnabled: true, noReset: true, pixelRatio: 3, platform: LINUX, platformName: Android, platformVersion: 15, statBarHeight: 120, takesScreenshot: true, viewportRect: {height: 2280, left: 0, top: 120, width: 1080}, waitForIdleTimeout: 3000, warnings: {}, webStorageEnabled: false}
Session ID: c0c10e71-bfa6-42a0-bfc6-9e4517bcdaae
*** Element info: {Using=xpath, value=//android.widget.EditText[@resource-id='com.hdbank.ipaper:id/edit_text_user_name']}
	at java.base/jdk.internal.reflect.NativeConstructorAccessorImpl.newInstance0(Native Method)
	at java.base/jdk.internal.reflect.NativeConstructorAccessorImpl.newInstance(NativeConstructorAccessorImpl.java:77)
	at java.base/jdk.internal.reflect.DelegatingConstructorAccessorImpl.newInstance(DelegatingConstructorAccessorImpl.java:45)
	at org.openqa.selenium.remote.http.W3CHttpResponseCodec.createException(W3CHttpResponseCodec.java:187)
	at org.openqa.selenium.remote.http.W3CHttpResponseCodec.decode(W3CHttpResponseCodec.java:122)
	at org.openqa.selenium.remote.http.W3CHttpResponseCodec.decode(W3CHttpResponseCodec.java:49)
	at org.openqa.selenium.remote.HttpCommandExecutor.execute(HttpCommandExecutor.java:158)
	at io.appium.java_client.remote.AppiumCommandExecutor.execute(AppiumCommandExecutor.java:239)
	at org.openqa.selenium.remote.RemoteWebDriver.execute(RemoteWebDriver.java:552)
	at io.appium.java_client.DefaultGenericMobileDriver.execute(DefaultGenericMobileDriver.java:42)
	at io.appium.java_client.AppiumDriver.execute(AppiumDriver.java:1)
	at io.appium.java_client.android.AndroidDriver.execute(AndroidDriver.java:1)
	at com.kms.katalon.core.appium.driver.SwipeableAndroidDriver.execute(SwipeableAndroidDriver.java:1)
	at org.openqa.selenium.remote.RemoteWebDriver.findElements(RemoteWebDriver.java:353)
	at io.appium.java_client.DefaultGenericMobileDriver.findElements(DefaultGenericMobileDriver.java:54)
	at io.appium.java_client.AppiumDriver.findElements(AppiumDriver.java:152)
	at org.openqa.selenium.remote.RemoteWebDriver.findElementsByXPath(RemoteWebDriver.java:432)
	at io.appium.java_client.DefaultGenericMobileDriver.findElementsByXPath(DefaultGenericMobileDriver.java:156)
	at io.appium.java_client.AppiumDriver.findElementsByXPath(AppiumDriver.java:184)
	at org.openqa.selenium.By$ByXPath.findElements(By.java:348)
	at org.openqa.selenium.remote.RemoteWebDriver.findElements(RemoteWebDriver.java:311)
	at io.appium.java_client.DefaultGenericMobileDriver.findElements(DefaultGenericMobileDriver.java:50)
	at io.appium.java_client.AppiumDriver.findElements(AppiumDriver.java:148)
	at base.BaseKeyword$Trait$Helper.isDisplayed(BaseKeyword.groovy:234)
	at screens.LoginScreen.isDisplayed(LoginScreen.groovy)
	at base.BaseKeyword$Trait$Helper.isDisplayed(BaseKeyword.groovy:229)
	at screens.LoginScreen.isDisplayed(LoginScreen.groovy)
	at screens.LoginScreen.isGuest(LoginScreen.groovy:34)
	at screens.LoginScreen.login(LoginScreen.groovy:10)
	at 059 TẠO QUY TRINH_2 BUOC.run(059 TẠO QUY TRINH_2 BUOC:23)
	at com.kms.katalon.core.main.ScriptEngine.run(ScriptEngine.java:194)
	at com.kms.katalon.core.main.ScriptEngine.runScriptAsRawText(ScriptEngine.java:119)
	at com.kms.katalon.core.main.TestCaseExecutor.runScript(TestCaseExecutor.java:448)
	at com.kms.katalon.core.main.TestCaseExecutor.doExecute(TestCaseExecutor.java:439)
	at com.kms.katalon.core.main.TestCaseExecutor.processExecutionPhase(TestCaseExecutor.java:418)
	at com.kms.katalon.core.main.TestCaseExecutor.accessMainPhase(TestCaseExecutor.java:410)
	at com.kms.katalon.core.main.TestCaseExecutor.execute(TestCaseExecutor.java:285)
	at com.kms.katalon.core.common.CommonExecutor.accessTestCaseMainPhase(CommonExecutor.java:65)
	at com.kms.katalon.core.main.TestSuiteExecutor.accessTestSuiteMainPhase(TestSuiteExecutor.java:150)
	at com.kms.katalon.core.main.TestSuiteExecutor.execute(TestSuiteExecutor.java:106)
	at com.kms.katalon.core.main.TestCaseMain.startTestSuite(TestCaseMain.java:180)
	at TempTestSuite1747531571431.run(TempTestSuite1747531571431.groovy:35)
	at java.base/jdk.internal.reflect.NativeMethodAccessorImpl.invoke0(Native Method)
	at java.base/jdk.internal.reflect.NativeMethodAccessorImpl.invoke(NativeMethodAccessorImpl.java:77)
	at java.base/jdk.internal.reflect.DelegatingMethodAccessorImpl.invoke(DelegatingMethodAccessorImpl.java:43)]]></system-err>
      </testcase>
      <testcase name="Test Cases/IPAPER APP/031 HOAN TAT HO SO" time="1036.385" classname="Test Cases/IPAPER APP/031 HOAN TAT HO SO" status="ERROR">
         <error type="ERROR" message="Test Cases/IPAPER APP/031 HOAN TAT HO SO FAILED.&#xa;Reason:&#xa;org.openqa.selenium.WebDriverException: An unknown server-side error occurred while processing the command. Original error: 'POST /elements' cannot be proxied to UiAutomator2 server because the instrumentation process is not running (probably crashed). Check the server log and/or the logcat output for more details&#xa;Build info: version: '3.141.59', revision: 'unknown', time: 'unknown'&#xa;System info: host: '192.168.1.4.non-exists.ptr.local', ip: '2402:800:63f2:b9ce:1859:4296:77a1:a88d%en0', os.name: 'Mac OS X', os.arch: 'aarch64', os.version: '15.4.1', java.version: '17.0.7'&#xa;Driver info: com.kms.katalon.core.appium.driver.SwipeableAndroidDriver&#xa;Capabilities {automationName: UiAutomator2, databaseEnabled: false, desired: {automationName: UiAutomator2, deviceName: af0c5cf7, noReset: true, platformName: android, waitForIdleTimeout: 3000}, deviceApiLevel: 35, deviceManufacturer: OPPO, deviceModel: CPH2699, deviceName: af0c5cf7, deviceScreenDensity: 480, deviceScreenSize: 1080x2400, deviceUDID: af0c5cf7, javascriptEnabled: true, locationContextEnabled: false, networkConnectionEnabled: true, noReset: true, pixelRatio: 3, platform: LINUX, platformName: Android, platformVersion: 15, statBarHeight: 120, takesScreenshot: true, viewportRect: {height: 2280, left: 0, top: 120, width: 1080}, waitForIdleTimeout: 3000, warnings: {}, webStorageEnabled: false}&#xa;Session ID: c0c10e71-bfa6-42a0-bfc6-9e4517bcdaae&#xa;*** Element info: {Using=xpath, value=//android.widget.EditText[@resource-id='com.hdbank.ipaper:id/edit_text_user_name']}&#xa;	at java.base/jdk.internal.reflect.NativeConstructorAccessorImpl.newInstance0(Native Method)&#xa;	at java.base/jdk.internal.reflect.NativeConstructorAccessorImpl.newInstance(NativeConstructorAccessorImpl.java:77)&#xa;	at java.base/jdk.internal.reflect.DelegatingConstructorAccessorImpl.newInstance(DelegatingConstructorAccessorImpl.java:45)&#xa;	at org.openqa.selenium.remote.http.W3CHttpResponseCodec.createException(W3CHttpResponseCodec.java:187)&#xa;	at org.openqa.selenium.remote.http.W3CHttpResponseCodec.decode(W3CHttpResponseCodec.java:122)&#xa;	at org.openqa.selenium.remote.http.W3CHttpResponseCodec.decode(W3CHttpResponseCodec.java:49)&#xa;	at org.openqa.selenium.remote.HttpCommandExecutor.execute(HttpCommandExecutor.java:158)&#xa;	at io.appium.java_client.remote.AppiumCommandExecutor.execute(AppiumCommandExecutor.java:239)&#xa;	at org.openqa.selenium.remote.RemoteWebDriver.execute(RemoteWebDriver.java:552)&#xa;	at io.appium.java_client.DefaultGenericMobileDriver.execute(DefaultGenericMobileDriver.java:42)&#xa;	at io.appium.java_client.AppiumDriver.execute(AppiumDriver.java:1)&#xa;	at io.appium.java_client.android.AndroidDriver.execute(AndroidDriver.java:1)&#xa;	at com.kms.katalon.core.appium.driver.SwipeableAndroidDriver.execute(SwipeableAndroidDriver.java:1)&#xa;	at org.openqa.selenium.remote.RemoteWebDriver.findElements(RemoteWebDriver.java:353)&#xa;	at io.appium.java_client.DefaultGenericMobileDriver.findElements(DefaultGenericMobileDriver.java:54)&#xa;	at io.appium.java_client.AppiumDriver.findElements(AppiumDriver.java:152)&#xa;	at org.openqa.selenium.remote.RemoteWebDriver.findElementsByXPath(RemoteWebDriver.java:432)&#xa;	at io.appium.java_client.DefaultGenericMobileDriver.findElementsByXPath(DefaultGenericMobileDriver.java:156)&#xa;	at io.appium.java_client.AppiumDriver.findElementsByXPath(AppiumDriver.java:184)&#xa;	at org.openqa.selenium.By$ByXPath.findElements(By.java:348)&#xa;	at org.openqa.selenium.remote.RemoteWebDriver.findElements(RemoteWebDriver.java:311)&#xa;	at io.appium.java_client.DefaultGenericMobileDriver.findElements(DefaultGenericMobileDriver.java:50)&#xa;	at io.appium.java_client.AppiumDriver.findElements(AppiumDriver.java:148)&#xa;	at base.BaseKeyword$Trait$Helper.isDisplayed(BaseKeyword.groovy:234)&#xa;	at screens.LoginScreen.isDisplayed(LoginScreen.groovy)&#xa;	at base.BaseKeyword$Trait$Helper.isDisplayed(BaseKeyword.groovy:229)&#xa;	at screens.LoginScreen.isDisplayed(LoginScreen.groovy)&#xa;	at screens.LoginScreen.isGuest(LoginScreen.groovy:34)&#xa;	at screens.LoginScreen.login(LoginScreen.groovy:10)&#xa;	at 031 HOAN TAT HO SO.run(031 HOAN TAT HO SO:18)&#xa;	at com.kms.katalon.core.main.ScriptEngine.run(ScriptEngine.java:194)&#xa;	at com.kms.katalon.core.main.ScriptEngine.runScriptAsRawText(ScriptEngine.java:119)&#xa;	at com.kms.katalon.core.main.TestCaseExecutor.runScript(TestCaseExecutor.java:448)&#xa;	at com.kms.katalon.core.main.TestCaseExecutor.doExecute(TestCaseExecutor.java:439)&#xa;	at com.kms.katalon.core.main.TestCaseExecutor.processExecutionPhase(TestCaseExecutor.java:418)&#xa;	at com.kms.katalon.core.main.TestCaseExecutor.accessMainPhase(TestCaseExecutor.java:410)&#xa;	at com.kms.katalon.core.main.TestCaseExecutor.execute(TestCaseExecutor.java:285)&#xa;	at com.kms.katalon.core.common.CommonExecutor.accessTestCaseMainPhase(CommonExecutor.java:65)&#xa;	at com.kms.katalon.core.main.TestSuiteExecutor.accessTestSuiteMainPhase(TestSuiteExecutor.java:150)&#xa;	at com.kms.katalon.core.main.TestSuiteExecutor.execute(TestSuiteExecutor.java:106)&#xa;	at com.kms.katalon.core.main.TestCaseMain.startTestSuite(TestCaseMain.java:180)&#xa;	at TempTestSuite1747531571431.run(TempTestSuite1747531571431.groovy:35)&#xa;	at java.base/jdk.internal.reflect.NativeMethodAccessorImpl.invoke0(Native Method)&#xa;	at java.base/jdk.internal.reflect.NativeMethodAccessorImpl.invoke(NativeMethodAccessorImpl.java:77)&#xa;	at java.base/jdk.internal.reflect.DelegatingMethodAccessorImpl.invoke(DelegatingMethodAccessorImpl.java:43)&#xa;"/>
         <system-out><![CDATA[18-05-2025T09:11:51 - [TEST_CASE][ERROR] - Test Cases/IPAPER APP/031 HOAN TAT HO SO: Test Cases/IPAPER APP/031 HOAN TAT HO SO FAILED.
Reason:
org.openqa.selenium.WebDriverException: An unknown server-side error occurred while processing the command. Original error: 'POST /elements' cannot be proxied to UiAutomator2 server because the instrumentation process is not running (probably crashed). Check the server log and/or the logcat output for more details
Build info: version: '3.141.59', revision: 'unknown', time: 'unknown'
System info: host: '192.168.1.4.non-exists.ptr.local', ip: '2402:800:63f2:b9ce:1859:4296:77a1:a88d%en0', os.name: 'Mac OS X', os.arch: 'aarch64', os.version: '15.4.1', java.version: '17.0.7'
Driver info: com.kms.katalon.core.appium.driver.SwipeableAndroidDriver
Capabilities {automationName: UiAutomator2, databaseEnabled: false, desired: {automationName: UiAutomator2, deviceName: af0c5cf7, noReset: true, platformName: android, waitForIdleTimeout: 3000}, deviceApiLevel: 35, deviceManufacturer: OPPO, deviceModel: CPH2699, deviceName: af0c5cf7, deviceScreenDensity: 480, deviceScreenSize: 1080x2400, deviceUDID: af0c5cf7, javascriptEnabled: true, locationContextEnabled: false, networkConnectionEnabled: true, noReset: true, pixelRatio: 3, platform: LINUX, platformName: Android, platformVersion: 15, statBarHeight: 120, takesScreenshot: true, viewportRect: {height: 2280, left: 0, top: 120, width: 1080}, waitForIdleTimeout: 3000, warnings: {}, webStorageEnabled: false}
Session ID: c0c10e71-bfa6-42a0-bfc6-9e4517bcdaae
*** Element info: {Using=xpath, value=//android.widget.EditText[@resource-id='com.hdbank.ipaper:id/edit_text_user_name']}
	at java.base/jdk.internal.reflect.NativeConstructorAccessorImpl.newInstance0(Native Method)
	at java.base/jdk.internal.reflect.NativeConstructorAccessorImpl.newInstance(NativeConstructorAccessorImpl.java:77)
	at java.base/jdk.internal.reflect.DelegatingConstructorAccessorImpl.newInstance(DelegatingConstructorAccessorImpl.java:45)
	at org.openqa.selenium.remote.http.W3CHttpResponseCodec.createException(W3CHttpResponseCodec.java:187)
	at org.openqa.selenium.remote.http.W3CHttpResponseCodec.decode(W3CHttpResponseCodec.java:122)
	at org.openqa.selenium.remote.http.W3CHttpResponseCodec.decode(W3CHttpResponseCodec.java:49)
	at org.openqa.selenium.remote.HttpCommandExecutor.execute(HttpCommandExecutor.java:158)
	at io.appium.java_client.remote.AppiumCommandExecutor.execute(AppiumCommandExecutor.java:239)
	at org.openqa.selenium.remote.RemoteWebDriver.execute(RemoteWebDriver.java:552)
	at io.appium.java_client.DefaultGenericMobileDriver.execute(DefaultGenericMobileDriver.java:42)
	at io.appium.java_client.AppiumDriver.execute(AppiumDriver.java:1)
	at io.appium.java_client.android.AndroidDriver.execute(AndroidDriver.java:1)
	at com.kms.katalon.core.appium.driver.SwipeableAndroidDriver.execute(SwipeableAndroidDriver.java:1)
	at org.openqa.selenium.remote.RemoteWebDriver.findElements(RemoteWebDriver.java:353)
	at io.appium.java_client.DefaultGenericMobileDriver.findElements(DefaultGenericMobileDriver.java:54)
	at io.appium.java_client.AppiumDriver.findElements(AppiumDriver.java:152)
	at org.openqa.selenium.remote.RemoteWebDriver.findElementsByXPath(RemoteWebDriver.java:432)
	at io.appium.java_client.DefaultGenericMobileDriver.findElementsByXPath(DefaultGenericMobileDriver.java:156)
	at io.appium.java_client.AppiumDriver.findElementsByXPath(AppiumDriver.java:184)
	at org.openqa.selenium.By$ByXPath.findElements(By.java:348)
	at org.openqa.selenium.remote.RemoteWebDriver.findElements(RemoteWebDriver.java:311)
	at io.appium.java_client.DefaultGenericMobileDriver.findElements(DefaultGenericMobileDriver.java:50)
	at io.appium.java_client.AppiumDriver.findElements(AppiumDriver.java:148)
	at base.BaseKeyword$Trait$Helper.isDisplayed(BaseKeyword.groovy:234)
	at screens.LoginScreen.isDisplayed(LoginScreen.groovy)
	at base.BaseKeyword$Trait$Helper.isDisplayed(BaseKeyword.groovy:229)
	at screens.LoginScreen.isDisplayed(LoginScreen.groovy)
	at screens.LoginScreen.isGuest(LoginScreen.groovy:34)
	at screens.LoginScreen.login(LoginScreen.groovy:10)
	at 031 HOAN TAT HO SO.run(031 HOAN TAT HO SO:18)
	at com.kms.katalon.core.main.ScriptEngine.run(ScriptEngine.java:194)
	at com.kms.katalon.core.main.ScriptEngine.runScriptAsRawText(ScriptEngine.java:119)
	at com.kms.katalon.core.main.TestCaseExecutor.runScript(TestCaseExecutor.java:448)
	at com.kms.katalon.core.main.TestCaseExecutor.doExecute(TestCaseExecutor.java:439)
	at com.kms.katalon.core.main.TestCaseExecutor.processExecutionPhase(TestCaseExecutor.java:418)
	at com.kms.katalon.core.main.TestCaseExecutor.accessMainPhase(TestCaseExecutor.java:410)
	at com.kms.katalon.core.main.TestCaseExecutor.execute(TestCaseExecutor.java:285)
	at com.kms.katalon.core.common.CommonExecutor.accessTestCaseMainPhase(CommonExecutor.java:65)
	at com.kms.katalon.core.main.TestSuiteExecutor.accessTestSuiteMainPhase(TestSuiteExecutor.java:150)
	at com.kms.katalon.core.main.TestSuiteExecutor.execute(TestSuiteExecutor.java:106)
	at com.kms.katalon.core.main.TestCaseMain.startTestSuite(TestCaseMain.java:180)
	at TempTestSuite1747531571431.run(TempTestSuite1747531571431.groovy:35)
	at java.base/jdk.internal.reflect.NativeMethodAccessorImpl.invoke0(Native Method)
	at java.base/jdk.internal.reflect.NativeMethodAccessorImpl.invoke(NativeMethodAccessorImpl.java:77)
	at java.base/jdk.internal.reflect.DelegatingMethodAccessorImpl.invoke(DelegatingMethodAccessorImpl.java:43)


18-05-2025T09:11:51 - [TEST_STEP][ERROR] - Start listener action : beforeTest: com.kms.katalon.core.exception.StepErrorException: org.openqa.selenium.WebDriverException: An unknown server-side error occurred while processing the command. Original error: 'POST /elements' cannot be proxied to UiAutomator2 server because the instrumentation process is not running (probably crashed). Check the server log and/or the logcat output for more details
Build info: version: '3.141.59', revision: 'unknown', time: 'unknown'
System info: host: '192.168.1.4.non-exists.ptr.local', ip: '2402:800:63f2:b9ce:1859:4296:77a1:a88d%en0', os.name: 'Mac OS X', os.arch: 'aarch64', os.version: '15.4.1', java.version: '17.0.7'
Driver info: com.kms.katalon.core.appium.driver.SwipeableAndroidDriver
Capabilities {automationName: UiAutomator2, databaseEnabled: false, desired: {automationName: UiAutomator2, deviceName: af0c5cf7, noReset: true, platformName: android, waitForIdleTimeout: 3000}, deviceApiLevel: 35, deviceManufacturer: OPPO, deviceModel: CPH2699, deviceName: af0c5cf7, deviceScreenDensity: 480, deviceScreenSize: 1080x2400, deviceUDID: af0c5cf7, javascriptEnabled: true, locationContextEnabled: false, networkConnectionEnabled: true, noReset: true, pixelRatio: 3, platform: LINUX, platformName: Android, platformVersion: 15, statBarHeight: 120, takesScreenshot: true, viewportRect: {height: 2280, left: 0, top: 120, width: 1080}, waitForIdleTimeout: 3000, warnings: {}, webStorageEnabled: false}
Session ID: c0c10e71-bfa6-42a0-bfc6-9e4517bcdaae
*** Element info: {Using=id, value=com.hdbank.ipaper:id/img_logo}
	at com.kms.katalon.core.main.CustomKeywordDelegatingMetaClass.throwError(CustomKeywordDelegatingMetaClass.java:101)
	at com.kms.katalon.core.main.CustomKeywordDelegatingMetaClass.invokeStaticMethod(CustomKeywordDelegatingMetaClass.java:73)
	at TestListener.beforeTest(TestListener.groovy:39)
	at java.base/jdk.internal.reflect.NativeMethodAccessorImpl.invoke0(Native Method)
	at java.base/jdk.internal.reflect.NativeMethodAccessorImpl.invoke(NativeMethodAccessorImpl.java:77)
	at java.base/jdk.internal.reflect.DelegatingMethodAccessorImpl.invoke(DelegatingMethodAccessorImpl.java:43)
	at com.kms.katalon.core.context.internal.TestHooker.invokeMethod(TestHooker.java:111)
	at com.kms.katalon.core.context.internal.TestHooker.lambda$3(TestHooker.java:95)
	at com.kms.katalon.core.context.internal.TestHooker.invokeContextMethods(TestHooker.java:94)
	at com.kms.katalon.core.context.internal.TestListenerCollector.lambda$3(TestListenerCollector.java:88)
	at com.kms.katalon.core.context.internal.TestListenerCollector.handleListenerEvent(TestListenerCollector.java:85)
	at com.kms.katalon.core.context.internal.ExecutionEventManager.publicEvent(ExecutionEventManager.java:36)
	at com.kms.katalon.core.main.TestCaseExecutor.execute(TestCaseExecutor.java:268)
	at com.kms.katalon.core.common.CommonExecutor.accessTestCaseMainPhase(CommonExecutor.java:65)
	at com.kms.katalon.core.main.TestSuiteExecutor.accessTestSuiteMainPhase(TestSuiteExecutor.java:150)
	at com.kms.katalon.core.main.TestSuiteExecutor.execute(TestSuiteExecutor.java:106)
	at com.kms.katalon.core.main.TestCaseMain.startTestSuite(TestCaseMain.java:180)
	at TempTestSuite1747531571431.run(TempTestSuite1747531571431.groovy:35)
	at java.base/jdk.internal.reflect.NativeMethodAccessorImpl.invoke0(Native Method)
	at java.base/jdk.internal.reflect.NativeMethodAccessorImpl.invoke(NativeMethodAccessorImpl.java:77)
	at java.base/jdk.internal.reflect.DelegatingMethodAccessorImpl.invoke(DelegatingMethodAccessorImpl.java:43)
Caused by: org.openqa.selenium.WebDriverException: An unknown server-side error occurred while processing the command. Original error: 'POST /elements' cannot be proxied to UiAutomator2 server because the instrumentation process is not running (probably crashed). Check the server log and/or the logcat output for more details
Build info: version: '3.141.59', revision: 'unknown', time: 'unknown'
System info: host: '192.168.1.4.non-exists.ptr.local', ip: '2402:800:63f2:b9ce:1859:4296:77a1:a88d%en0', os.name: 'Mac OS X', os.arch: 'aarch64', os.version: '15.4.1', java.version: '17.0.7'
Driver info: com.kms.katalon.core.appium.driver.SwipeableAndroidDriver
Capabilities {automationName: UiAutomator2, databaseEnabled: false, desired: {automationName: UiAutomator2, deviceName: af0c5cf7, noReset: true, platformName: android, waitForIdleTimeout: 3000}, deviceApiLevel: 35, deviceManufacturer: OPPO, deviceModel: CPH2699, deviceName: af0c5cf7, deviceScreenDensity: 480, deviceScreenSize: 1080x2400, deviceUDID: af0c5cf7, javascriptEnabled: true, locationContextEnabled: false, networkConnectionEnabled: true, noReset: true, pixelRatio: 3, platform: LINUX, platformName: Android, platformVersion: 15, statBarHeight: 120, takesScreenshot: true, viewportRect: {height: 2280, left: 0, top: 120, width: 1080}, waitForIdleTimeout: 3000, warnings: {}, webStorageEnabled: false}
Session ID: c0c10e71-bfa6-42a0-bfc6-9e4517bcdaae
*** Element info: {Using=id, value=com.hdbank.ipaper:id/img_logo}
	at java.base/jdk.internal.reflect.NativeConstructorAccessorImpl.newInstance0(Native Method)
	at java.base/jdk.internal.reflect.NativeConstructorAccessorImpl.newInstance(NativeConstructorAccessorImpl.java:77)
	at java.base/jdk.internal.reflect.DelegatingConstructorAccessorImpl.newInstance(DelegatingConstructorAccessorImpl.java:45)
	at org.openqa.selenium.remote.http.W3CHttpResponseCodec.createException(W3CHttpResponseCodec.java:187)
	at org.openqa.selenium.remote.http.W3CHttpResponseCodec.decode(W3CHttpResponseCodec.java:122)
	at org.openqa.selenium.remote.http.W3CHttpResponseCodec.decode(W3CHttpResponseCodec.java:49)
	at org.openqa.selenium.remote.HttpCommandExecutor.execute(HttpCommandExecutor.java:158)
	at io.appium.java_client.remote.AppiumCommandExecutor.execute(AppiumCommandExecutor.java:239)
	at org.openqa.selenium.remote.RemoteWebDriver.execute(RemoteWebDriver.java:552)
	at io.appium.java_client.DefaultGenericMobileDriver.execute(DefaultGenericMobileDriver.java:42)
	at io.appium.java_client.AppiumDriver.execute(AppiumDriver.java:1)
	at io.appium.java_client.android.AndroidDriver.execute(AndroidDriver.java:1)
	at com.kms.katalon.core.appium.driver.SwipeableAndroidDriver.execute(SwipeableAndroidDriver.java:1)
	at org.openqa.selenium.remote.RemoteWebDriver.findElements(RemoteWebDriver.java:353)
	at io.appium.java_client.DefaultGenericMobileDriver.findElements(DefaultGenericMobileDriver.java:54)
	at io.appium.java_client.AppiumDriver.findElements(AppiumDriver.java:152)
	at org.openqa.selenium.remote.RemoteWebDriver.findElementsById(RemoteWebDriver.java:376)
	at io.appium.java_client.DefaultGenericMobileDriver.findElementsById(DefaultGenericMobileDriver.java:66)
	at io.appium.java_client.AppiumDriver.findElementsById(AppiumDriver.java:156)
	at org.openqa.selenium.By$ById.findElements(By.java:180)
	at org.openqa.selenium.remote.RemoteWebDriver.findElements(RemoteWebDriver.java:311)
	at io.appium.java_client.DefaultGenericMobileDriver.findElements(DefaultGenericMobileDriver.java:50)
	at io.appium.java_client.AppiumDriver.findElements(AppiumDriver.java:148)
	at base.BaseKeyword$Trait$Helper$_waitForPresentOf_closure1.doCall(BaseKeyword.groovy:253)
	at jdk.internal.reflect.GeneratedMethodAccessor8.invoke(Unknown Source)
	at java.base/jdk.internal.reflect.DelegatingMethodAccessorImpl.invoke(DelegatingMethodAccessorImpl.java:43)
	at jdk.proxy2/jdk.proxy2.$Proxy34.apply(Unknown Source)
	at org.openqa.selenium.support.ui.FluentWait.until(FluentWait.java:249)
	at base.BaseKeyword$Trait$Helper.waitForPresentOf(BaseKeyword.groovy:252)
	at base.BaseApp.waitForPresentOf(BaseApp.groovy)
	at java.base/jdk.internal.reflect.NativeMethodAccessorImpl.invoke0(Native Method)
	at java.base/jdk.internal.reflect.NativeMethodAccessorImpl.invoke(NativeMethodAccessorImpl.java:77)
	at java.base/jdk.internal.reflect.DelegatingMethodAccessorImpl.invoke(DelegatingMethodAccessorImpl.java:43)
	at base.BaseApp.waitAppLauch(BaseApp.groovy:34)
	at java.base/jdk.internal.reflect.NativeMethodAccessorImpl.invoke0(Native Method)
	at java.base/jdk.internal.reflect.NativeMethodAccessorImpl.invoke(NativeMethodAccessorImpl.java:77)
	at java.base/jdk.internal.reflect.DelegatingMethodAccessorImpl.invoke(DelegatingMethodAccessorImpl.java:43)
	at drivers.Driver.openApp(Driver.groovy:60)
	at java.base/jdk.internal.reflect.NativeMethodAccessorImpl.invoke0(Native Method)
	at java.base/jdk.internal.reflect.NativeMethodAccessorImpl.invoke(NativeMethodAccessorImpl.java:77)
	at java.base/jdk.internal.reflect.DelegatingMethodAccessorImpl.invoke(DelegatingMethodAccessorImpl.java:43)
	at com.kms.katalon.core.main.CustomKeywordDelegatingMetaClass.invokeStaticMethod(CustomKeywordDelegatingMetaClass.java:55)
	... 19 more


18-05-2025T09:11:51 - [TEST_STEP][PASSED] - DataTest.init(): null

18-05-2025T09:11:51 - [TEST_STEP][PASSED] - testCaseId = split("/").last(): null

18-05-2025T09:11:51 - [TEST_STEP][PASSED] - if (!(drivers.Driver.isAppiumRunning())): drivers.Driver.isAppiumRunning is PASSED

18-05-2025T09:11:51 - [MESSAGE][INFO] - Appium running: true

18-05-2025T09:11:51 - [MESSAGE][PASSED] - drivers.Driver.isAppiumRunning is PASSED

18-05-2025T09:11:51 - [TEST_STEP][PASSED] - if (driver == null || driver.getSessionId() == null): null

18-05-2025T09:11:51 - [TEST_STEP][ERROR] - drivers.Driver.openApp(): com.kms.katalon.core.exception.StepErrorException: org.openqa.selenium.WebDriverException: An unknown server-side error occurred while processing the command. Original error: 'POST /elements' cannot be proxied to UiAutomator2 server because the instrumentation process is not running (probably crashed). Check the server log and/or the logcat output for more details
Build info: version: '3.141.59', revision: 'unknown', time: 'unknown'
System info: host: '192.168.1.4.non-exists.ptr.local', ip: '2402:800:63f2:b9ce:1859:4296:77a1:a88d%en0', os.name: 'Mac OS X', os.arch: 'aarch64', os.version: '15.4.1', java.version: '17.0.7'
Driver info: com.kms.katalon.core.appium.driver.SwipeableAndroidDriver
Capabilities {automationName: UiAutomator2, databaseEnabled: false, desired: {automationName: UiAutomator2, deviceName: af0c5cf7, noReset: true, platformName: android, waitForIdleTimeout: 3000}, deviceApiLevel: 35, deviceManufacturer: OPPO, deviceModel: CPH2699, deviceName: af0c5cf7, deviceScreenDensity: 480, deviceScreenSize: 1080x2400, deviceUDID: af0c5cf7, javascriptEnabled: true, locationContextEnabled: false, networkConnectionEnabled: true, noReset: true, pixelRatio: 3, platform: LINUX, platformName: Android, platformVersion: 15, statBarHeight: 120, takesScreenshot: true, viewportRect: {height: 2280, left: 0, top: 120, width: 1080}, waitForIdleTimeout: 3000, warnings: {}, webStorageEnabled: false}
Session ID: c0c10e71-bfa6-42a0-bfc6-9e4517bcdaae
*** Element info: {Using=id, value=com.hdbank.ipaper:id/img_logo}
	at com.kms.katalon.core.main.CustomKeywordDelegatingMetaClass.throwError(CustomKeywordDelegatingMetaClass.java:101)
	at com.kms.katalon.core.main.CustomKeywordDelegatingMetaClass.invokeStaticMethod(CustomKeywordDelegatingMetaClass.java:73)
	at TestListener.beforeTest(TestListener.groovy:39)
	at java.base/jdk.internal.reflect.NativeMethodAccessorImpl.invoke0(Native Method)
	at java.base/jdk.internal.reflect.NativeMethodAccessorImpl.invoke(NativeMethodAccessorImpl.java:77)
	at java.base/jdk.internal.reflect.DelegatingMethodAccessorImpl.invoke(DelegatingMethodAccessorImpl.java:43)
	at com.kms.katalon.core.context.internal.TestHooker.invokeMethod(TestHooker.java:111)
	at com.kms.katalon.core.context.internal.TestHooker.lambda$3(TestHooker.java:95)
	at com.kms.katalon.core.context.internal.TestHooker.invokeContextMethods(TestHooker.java:94)
	at com.kms.katalon.core.context.internal.TestListenerCollector.lambda$3(TestListenerCollector.java:88)
	at com.kms.katalon.core.context.internal.TestListenerCollector.handleListenerEvent(TestListenerCollector.java:85)
	at com.kms.katalon.core.context.internal.ExecutionEventManager.publicEvent(ExecutionEventManager.java:36)
	at com.kms.katalon.core.main.TestCaseExecutor.execute(TestCaseExecutor.java:268)
	at com.kms.katalon.core.common.CommonExecutor.accessTestCaseMainPhase(CommonExecutor.java:65)
	at com.kms.katalon.core.main.TestSuiteExecutor.accessTestSuiteMainPhase(TestSuiteExecutor.java:150)
	at com.kms.katalon.core.main.TestSuiteExecutor.execute(TestSuiteExecutor.java:106)
	at com.kms.katalon.core.main.TestCaseMain.startTestSuite(TestCaseMain.java:180)
	at TempTestSuite1747531571431.run(TempTestSuite1747531571431.groovy:35)
	at java.base/jdk.internal.reflect.NativeMethodAccessorImpl.invoke0(Native Method)
	at java.base/jdk.internal.reflect.NativeMethodAccessorImpl.invoke(NativeMethodAccessorImpl.java:77)
	at java.base/jdk.internal.reflect.DelegatingMethodAccessorImpl.invoke(DelegatingMethodAccessorImpl.java:43)
Caused by: org.openqa.selenium.WebDriverException: An unknown server-side error occurred while processing the command. Original error: 'POST /elements' cannot be proxied to UiAutomator2 server because the instrumentation process is not running (probably crashed). Check the server log and/or the logcat output for more details
Build info: version: '3.141.59', revision: 'unknown', time: 'unknown'
System info: host: '192.168.1.4.non-exists.ptr.local', ip: '2402:800:63f2:b9ce:1859:4296:77a1:a88d%en0', os.name: 'Mac OS X', os.arch: 'aarch64', os.version: '15.4.1', java.version: '17.0.7'
Driver info: com.kms.katalon.core.appium.driver.SwipeableAndroidDriver
Capabilities {automationName: UiAutomator2, databaseEnabled: false, desired: {automationName: UiAutomator2, deviceName: af0c5cf7, noReset: true, platformName: android, waitForIdleTimeout: 3000}, deviceApiLevel: 35, deviceManufacturer: OPPO, deviceModel: CPH2699, deviceName: af0c5cf7, deviceScreenDensity: 480, deviceScreenSize: 1080x2400, deviceUDID: af0c5cf7, javascriptEnabled: true, locationContextEnabled: false, networkConnectionEnabled: true, noReset: true, pixelRatio: 3, platform: LINUX, platformName: Android, platformVersion: 15, statBarHeight: 120, takesScreenshot: true, viewportRect: {height: 2280, left: 0, top: 120, width: 1080}, waitForIdleTimeout: 3000, warnings: {}, webStorageEnabled: false}
Session ID: c0c10e71-bfa6-42a0-bfc6-9e4517bcdaae
*** Element info: {Using=id, value=com.hdbank.ipaper:id/img_logo}
	at java.base/jdk.internal.reflect.NativeConstructorAccessorImpl.newInstance0(Native Method)
	at java.base/jdk.internal.reflect.NativeConstructorAccessorImpl.newInstance(NativeConstructorAccessorImpl.java:77)
	at java.base/jdk.internal.reflect.DelegatingConstructorAccessorImpl.newInstance(DelegatingConstructorAccessorImpl.java:45)
	at org.openqa.selenium.remote.http.W3CHttpResponseCodec.createException(W3CHttpResponseCodec.java:187)
	at org.openqa.selenium.remote.http.W3CHttpResponseCodec.decode(W3CHttpResponseCodec.java:122)
	at org.openqa.selenium.remote.http.W3CHttpResponseCodec.decode(W3CHttpResponseCodec.java:49)
	at org.openqa.selenium.remote.HttpCommandExecutor.execute(HttpCommandExecutor.java:158)
	at io.appium.java_client.remote.AppiumCommandExecutor.execute(AppiumCommandExecutor.java:239)
	at org.openqa.selenium.remote.RemoteWebDriver.execute(RemoteWebDriver.java:552)
	at io.appium.java_client.DefaultGenericMobileDriver.execute(DefaultGenericMobileDriver.java:42)
	at io.appium.java_client.AppiumDriver.execute(AppiumDriver.java:1)
	at io.appium.java_client.android.AndroidDriver.execute(AndroidDriver.java:1)
	at com.kms.katalon.core.appium.driver.SwipeableAndroidDriver.execute(SwipeableAndroidDriver.java:1)
	at org.openqa.selenium.remote.RemoteWebDriver.findElements(RemoteWebDriver.java:353)
	at io.appium.java_client.DefaultGenericMobileDriver.findElements(DefaultGenericMobileDriver.java:54)
	at io.appium.java_client.AppiumDriver.findElements(AppiumDriver.java:152)
	at org.openqa.selenium.remote.RemoteWebDriver.findElementsById(RemoteWebDriver.java:376)
	at io.appium.java_client.DefaultGenericMobileDriver.findElementsById(DefaultGenericMobileDriver.java:66)
	at io.appium.java_client.AppiumDriver.findElementsById(AppiumDriver.java:156)
	at org.openqa.selenium.By$ById.findElements(By.java:180)
	at org.openqa.selenium.remote.RemoteWebDriver.findElements(RemoteWebDriver.java:311)
	at io.appium.java_client.DefaultGenericMobileDriver.findElements(DefaultGenericMobileDriver.java:50)
	at io.appium.java_client.AppiumDriver.findElements(AppiumDriver.java:148)
	at base.BaseKeyword$Trait$Helper$_waitForPresentOf_closure1.doCall(BaseKeyword.groovy:253)
	at jdk.internal.reflect.GeneratedMethodAccessor8.invoke(Unknown Source)
	at java.base/jdk.internal.reflect.DelegatingMethodAccessorImpl.invoke(DelegatingMethodAccessorImpl.java:43)
	at jdk.proxy2/jdk.proxy2.$Proxy34.apply(Unknown Source)
	at org.openqa.selenium.support.ui.FluentWait.until(FluentWait.java:249)
	at base.BaseKeyword$Trait$Helper.waitForPresentOf(BaseKeyword.groovy:252)
	at base.BaseApp.waitForPresentOf(BaseApp.groovy)
	at java.base/jdk.internal.reflect.NativeMethodAccessorImpl.invoke0(Native Method)
	at java.base/jdk.internal.reflect.NativeMethodAccessorImpl.invoke(NativeMethodAccessorImpl.java:77)
	at java.base/jdk.internal.reflect.DelegatingMethodAccessorImpl.invoke(DelegatingMethodAccessorImpl.java:43)
	at base.BaseApp.waitAppLauch(BaseApp.groovy:34)
	at java.base/jdk.internal.reflect.NativeMethodAccessorImpl.invoke0(Native Method)
	at java.base/jdk.internal.reflect.NativeMethodAccessorImpl.invoke(NativeMethodAccessorImpl.java:77)
	at java.base/jdk.internal.reflect.DelegatingMethodAccessorImpl.invoke(DelegatingMethodAccessorImpl.java:43)
	at drivers.Driver.openApp(Driver.groovy:60)
	at java.base/jdk.internal.reflect.NativeMethodAccessorImpl.invoke0(Native Method)
	at java.base/jdk.internal.reflect.NativeMethodAccessorImpl.invoke(NativeMethodAccessorImpl.java:77)
	at java.base/jdk.internal.reflect.DelegatingMethodAccessorImpl.invoke(DelegatingMethodAccessorImpl.java:43)
	at com.kms.katalon.core.main.CustomKeywordDelegatingMetaClass.invokeStaticMethod(CustomKeywordDelegatingMetaClass.java:55)
	... 19 more


18-05-2025T09:11:51 - [MESSAGE][ERROR] - An unknown server-side error occurred while processing the command. Original error: 'POST /elements' cannot be proxied to UiAutomator2 server because the instrumentation process is not running (probably crashed). Check the server log and/or the logcat output for more details
Build info: version: '3.141.59', revision: 'unknown', time: 'unknown'
System info: host: '192.168.1.4.non-exists.ptr.local', ip: '2402:800:63f2:b9ce:1859:4296:77a1:a88d%en0', os.name: 'Mac OS X', os.arch: 'aarch64', os.version: '15.4.1', java.version: '17.0.7'
Driver info: com.kms.katalon.core.appium.driver.SwipeableAndroidDriver
Capabilities {automationName: UiAutomator2, databaseEnabled: false, desired: {automationName: UiAutomator2, deviceName: af0c5cf7, noReset: true, platformName: android, waitForIdleTimeout: 3000}, deviceApiLevel: 35, deviceManufacturer: OPPO, deviceModel: CPH2699, deviceName: af0c5cf7, deviceScreenDensity: 480, deviceScreenSize: 1080x2400, deviceUDID: af0c5cf7, javascriptEnabled: true, locationContextEnabled: false, networkConnectionEnabled: true, noReset: true, pixelRatio: 3, platform: LINUX, platformName: Android, platformVersion: 15, statBarHeight: 120, takesScreenshot: true, viewportRect: {height: 2280, left: 0, top: 120, width: 1080}, waitForIdleTimeout: 3000, warnings: {}, webStorageEnabled: false}
Session ID: c0c10e71-bfa6-42a0-bfc6-9e4517bcdaae
*** Element info: {Using=id, value=com.hdbank.ipaper:id/img_logo}

18-05-2025T09:11:51 - [MESSAGE][ERROR] - com.kms.katalon.core.exception.StepErrorException: org.openqa.selenium.WebDriverException: An unknown server-side error occurred while processing the command. Original error: 'POST /elements' cannot be proxied to UiAutomator2 server because the instrumentation process is not running (probably crashed). Check the server log and/or the logcat output for more details
Build info: version: '3.141.59', revision: 'unknown', time: 'unknown'
System info: host: '192.168.1.4.non-exists.ptr.local', ip: '2402:800:63f2:b9ce:1859:4296:77a1:a88d%en0', os.name: 'Mac OS X', os.arch: 'aarch64', os.version: '15.4.1', java.version: '17.0.7'
Driver info: com.kms.katalon.core.appium.driver.SwipeableAndroidDriver
Capabilities {automationName: UiAutomator2, databaseEnabled: false, desired: {automationName: UiAutomator2, deviceName: af0c5cf7, noReset: true, platformName: android, waitForIdleTimeout: 3000}, deviceApiLevel: 35, deviceManufacturer: OPPO, deviceModel: CPH2699, deviceName: af0c5cf7, deviceScreenDensity: 480, deviceScreenSize: 1080x2400, deviceUDID: af0c5cf7, javascriptEnabled: true, locationContextEnabled: false, networkConnectionEnabled: true, noReset: true, pixelRatio: 3, platform: LINUX, platformName: Android, platformVersion: 15, statBarHeight: 120, takesScreenshot: true, viewportRect: {height: 2280, left: 0, top: 120, width: 1080}, waitForIdleTimeout: 3000, warnings: {}, webStorageEnabled: false}
Session ID: c0c10e71-bfa6-42a0-bfc6-9e4517bcdaae
*** Element info: {Using=id, value=com.hdbank.ipaper:id/img_logo}
	at com.kms.katalon.core.main.CustomKeywordDelegatingMetaClass.throwError(CustomKeywordDelegatingMetaClass.java:101)
	at com.kms.katalon.core.main.CustomKeywordDelegatingMetaClass.invokeStaticMethod(CustomKeywordDelegatingMetaClass.java:73)
	at TestListener.beforeTest(TestListener.groovy:39)
	at java.base/jdk.internal.reflect.NativeMethodAccessorImpl.invoke0(Native Method)
	at java.base/jdk.internal.reflect.NativeMethodAccessorImpl.invoke(NativeMethodAccessorImpl.java:77)
	at java.base/jdk.internal.reflect.DelegatingMethodAccessorImpl.invoke(DelegatingMethodAccessorImpl.java:43)
	at com.kms.katalon.core.context.internal.TestHooker.invokeMethod(TestHooker.java:111)
	at com.kms.katalon.core.context.internal.TestHooker.lambda$3(TestHooker.java:95)
	at com.kms.katalon.core.context.internal.TestHooker.invokeContextMethods(TestHooker.java:94)
	at com.kms.katalon.core.context.internal.TestListenerCollector.lambda$3(TestListenerCollector.java:88)
	at com.kms.katalon.core.context.internal.TestListenerCollector.handleListenerEvent(TestListenerCollector.java:85)
	at com.kms.katalon.core.context.internal.ExecutionEventManager.publicEvent(ExecutionEventManager.java:36)
	at com.kms.katalon.core.main.TestCaseExecutor.execute(TestCaseExecutor.java:268)
	at com.kms.katalon.core.common.CommonExecutor.accessTestCaseMainPhase(CommonExecutor.java:65)
	at com.kms.katalon.core.main.TestSuiteExecutor.accessTestSuiteMainPhase(TestSuiteExecutor.java:150)
	at com.kms.katalon.core.main.TestSuiteExecutor.execute(TestSuiteExecutor.java:106)
	at com.kms.katalon.core.main.TestCaseMain.startTestSuite(TestCaseMain.java:180)
	at TempTestSuite1747531571431.run(TempTestSuite1747531571431.groovy:35)
	at java.base/jdk.internal.reflect.NativeMethodAccessorImpl.invoke0(Native Method)
	at java.base/jdk.internal.reflect.NativeMethodAccessorImpl.invoke(NativeMethodAccessorImpl.java:77)
	at java.base/jdk.internal.reflect.DelegatingMethodAccessorImpl.invoke(DelegatingMethodAccessorImpl.java:43)
Caused by: org.openqa.selenium.WebDriverException: An unknown server-side error occurred while processing the command. Original error: 'POST /elements' cannot be proxied to UiAutomator2 server because the instrumentation process is not running (probably crashed). Check the server log and/or the logcat output for more details
Build info: version: '3.141.59', revision: 'unknown', time: 'unknown'
System info: host: '192.168.1.4.non-exists.ptr.local', ip: '2402:800:63f2:b9ce:1859:4296:77a1:a88d%en0', os.name: 'Mac OS X', os.arch: 'aarch64', os.version: '15.4.1', java.version: '17.0.7'
Driver info: com.kms.katalon.core.appium.driver.SwipeableAndroidDriver
Capabilities {automationName: UiAutomator2, databaseEnabled: false, desired: {automationName: UiAutomator2, deviceName: af0c5cf7, noReset: true, platformName: android, waitForIdleTimeout: 3000}, deviceApiLevel: 35, deviceManufacturer: OPPO, deviceModel: CPH2699, deviceName: af0c5cf7, deviceScreenDensity: 480, deviceScreenSize: 1080x2400, deviceUDID: af0c5cf7, javascriptEnabled: true, locationContextEnabled: false, networkConnectionEnabled: true, noReset: true, pixelRatio: 3, platform: LINUX, platformName: Android, platformVersion: 15, statBarHeight: 120, takesScreenshot: true, viewportRect: {height: 2280, left: 0, top: 120, width: 1080}, waitForIdleTimeout: 3000, warnings: {}, webStorageEnabled: false}
Session ID: c0c10e71-bfa6-42a0-bfc6-9e4517bcdaae
*** Element info: {Using=id, value=com.hdbank.ipaper:id/img_logo}
	at java.base/jdk.internal.reflect.NativeConstructorAccessorImpl.newInstance0(Native Method)
	at java.base/jdk.internal.reflect.NativeConstructorAccessorImpl.newInstance(NativeConstructorAccessorImpl.java:77)
	at java.base/jdk.internal.reflect.DelegatingConstructorAccessorImpl.newInstance(DelegatingConstructorAccessorImpl.java:45)
	at org.openqa.selenium.remote.http.W3CHttpResponseCodec.createException(W3CHttpResponseCodec.java:187)
	at org.openqa.selenium.remote.http.W3CHttpResponseCodec.decode(W3CHttpResponseCodec.java:122)
	at org.openqa.selenium.remote.http.W3CHttpResponseCodec.decode(W3CHttpResponseCodec.java:49)
	at org.openqa.selenium.remote.HttpCommandExecutor.execute(HttpCommandExecutor.java:158)
	at io.appium.java_client.remote.AppiumCommandExecutor.execute(AppiumCommandExecutor.java:239)
	at org.openqa.selenium.remote.RemoteWebDriver.execute(RemoteWebDriver.java:552)
	at io.appium.java_client.DefaultGenericMobileDriver.execute(DefaultGenericMobileDriver.java:42)
	at io.appium.java_client.AppiumDriver.execute(AppiumDriver.java:1)
	at io.appium.java_client.android.AndroidDriver.execute(AndroidDriver.java:1)
	at com.kms.katalon.core.appium.driver.SwipeableAndroidDriver.execute(SwipeableAndroidDriver.java:1)
	at org.openqa.selenium.remote.RemoteWebDriver.findElements(RemoteWebDriver.java:353)
	at io.appium.java_client.DefaultGenericMobileDriver.findElements(DefaultGenericMobileDriver.java:54)
	at io.appium.java_client.AppiumDriver.findElements(AppiumDriver.java:152)
	at org.openqa.selenium.remote.RemoteWebDriver.findElementsById(RemoteWebDriver.java:376)
	at io.appium.java_client.DefaultGenericMobileDriver.findElementsById(DefaultGenericMobileDriver.java:66)
	at io.appium.java_client.AppiumDriver.findElementsById(AppiumDriver.java:156)
	at org.openqa.selenium.By$ById.findElements(By.java:180)
	at org.openqa.selenium.remote.RemoteWebDriver.findElements(RemoteWebDriver.java:311)
	at io.appium.java_client.DefaultGenericMobileDriver.findElements(DefaultGenericMobileDriver.java:50)
	at io.appium.java_client.AppiumDriver.findElements(AppiumDriver.java:148)
	at base.BaseKeyword$Trait$Helper$_waitForPresentOf_closure1.doCall(BaseKeyword.groovy:253)
	at jdk.internal.reflect.GeneratedMethodAccessor8.invoke(Unknown Source)
	at java.base/jdk.internal.reflect.DelegatingMethodAccessorImpl.invoke(DelegatingMethodAccessorImpl.java:43)
	at jdk.proxy2/jdk.proxy2.$Proxy34.apply(Unknown Source)
	at org.openqa.selenium.support.ui.FluentWait.until(FluentWait.java:249)
	at base.BaseKeyword$Trait$Helper.waitForPresentOf(BaseKeyword.groovy:252)
	at base.BaseApp.waitForPresentOf(BaseApp.groovy)
	at java.base/jdk.internal.reflect.NativeMethodAccessorImpl.invoke0(Native Method)
	at java.base/jdk.internal.reflect.NativeMethodAccessorImpl.invoke(NativeMethodAccessorImpl.java:77)
	at java.base/jdk.internal.reflect.DelegatingMethodAccessorImpl.invoke(DelegatingMethodAccessorImpl.java:43)
	at base.BaseApp.waitAppLauch(BaseApp.groovy:34)
	at java.base/jdk.internal.reflect.NativeMethodAccessorImpl.invoke0(Native Method)
	at java.base/jdk.internal.reflect.NativeMethodAccessorImpl.invoke(NativeMethodAccessorImpl.java:77)
	at java.base/jdk.internal.reflect.DelegatingMethodAccessorImpl.invoke(DelegatingMethodAccessorImpl.java:43)
	at drivers.Driver.openApp(Driver.groovy:60)
	at java.base/jdk.internal.reflect.NativeMethodAccessorImpl.invoke0(Native Method)
	at java.base/jdk.internal.reflect.NativeMethodAccessorImpl.invoke(NativeMethodAccessorImpl.java:77)
	at java.base/jdk.internal.reflect.DelegatingMethodAccessorImpl.invoke(DelegatingMethodAccessorImpl.java:43)
	at com.kms.katalon.core.main.CustomKeywordDelegatingMetaClass.invokeStaticMethod(CustomKeywordDelegatingMetaClass.java:55)
	... 19 more


18-05-2025T09:11:52 - [TEST_STEP][PASSED] - REQUEST_NAME = "Trình ký PDF có sẵn": null

18-05-2025T09:11:52 - [TEST_STEP][PASSED] - COMMENT = "Commented by automation team": null

18-05-2025T09:11:52 - [TEST_STEP][PASSED] - auto5 = DataTest.getUserTest("auto5"): null

18-05-2025T09:11:52 - [TEST_STEP][PASSED] - auto6 = DataTest.getUserTest("auto6"): null

18-05-2025T09:11:52 - [TEST_STEP][PASSED] - document = DataTest.createDocumentTest(auto5, auto6, null, "dummy.pdf", "dummy.pdf"): null

18-05-2025T09:11:52 - [TEST_STEP][ERROR] - loginScreen.login(auto5): Test Cases/IPAPER APP/031 HOAN TAT HO SO FAILED.
Reason:
org.openqa.selenium.WebDriverException: An unknown server-side error occurred while processing the command. Original error: 'POST /elements' cannot be proxied to UiAutomator2 server because the instrumentation process is not running (probably crashed). Check the server log and/or the logcat output for more details
Build info: version: '3.141.59', revision: 'unknown', time: 'unknown'
System info: host: '192.168.1.4.non-exists.ptr.local', ip: '2402:800:63f2:b9ce:1859:4296:77a1:a88d%en0', os.name: 'Mac OS X', os.arch: 'aarch64', os.version: '15.4.1', java.version: '17.0.7'
Driver info: com.kms.katalon.core.appium.driver.SwipeableAndroidDriver
Capabilities {automationName: UiAutomator2, databaseEnabled: false, desired: {automationName: UiAutomator2, deviceName: af0c5cf7, noReset: true, platformName: android, waitForIdleTimeout: 3000}, deviceApiLevel: 35, deviceManufacturer: OPPO, deviceModel: CPH2699, deviceName: af0c5cf7, deviceScreenDensity: 480, deviceScreenSize: 1080x2400, deviceUDID: af0c5cf7, javascriptEnabled: true, locationContextEnabled: false, networkConnectionEnabled: true, noReset: true, pixelRatio: 3, platform: LINUX, platformName: Android, platformVersion: 15, statBarHeight: 120, takesScreenshot: true, viewportRect: {height: 2280, left: 0, top: 120, width: 1080}, waitForIdleTimeout: 3000, warnings: {}, webStorageEnabled: false}
Session ID: c0c10e71-bfa6-42a0-bfc6-9e4517bcdaae
*** Element info: {Using=xpath, value=//android.widget.EditText[@resource-id='com.hdbank.ipaper:id/edit_text_user_name']}
	at java.base/jdk.internal.reflect.NativeConstructorAccessorImpl.newInstance0(Native Method)
	at java.base/jdk.internal.reflect.NativeConstructorAccessorImpl.newInstance(NativeConstructorAccessorImpl.java:77)
	at java.base/jdk.internal.reflect.DelegatingConstructorAccessorImpl.newInstance(DelegatingConstructorAccessorImpl.java:45)
	at org.openqa.selenium.remote.http.W3CHttpResponseCodec.createException(W3CHttpResponseCodec.java:187)
	at org.openqa.selenium.remote.http.W3CHttpResponseCodec.decode(W3CHttpResponseCodec.java:122)
	at org.openqa.selenium.remote.http.W3CHttpResponseCodec.decode(W3CHttpResponseCodec.java:49)
	at org.openqa.selenium.remote.HttpCommandExecutor.execute(HttpCommandExecutor.java:158)
	at io.appium.java_client.remote.AppiumCommandExecutor.execute(AppiumCommandExecutor.java:239)
	at org.openqa.selenium.remote.RemoteWebDriver.execute(RemoteWebDriver.java:552)
	at io.appium.java_client.DefaultGenericMobileDriver.execute(DefaultGenericMobileDriver.java:42)
	at io.appium.java_client.AppiumDriver.execute(AppiumDriver.java:1)
	at io.appium.java_client.android.AndroidDriver.execute(AndroidDriver.java:1)
	at com.kms.katalon.core.appium.driver.SwipeableAndroidDriver.execute(SwipeableAndroidDriver.java:1)
	at org.openqa.selenium.remote.RemoteWebDriver.findElements(RemoteWebDriver.java:353)
	at io.appium.java_client.DefaultGenericMobileDriver.findElements(DefaultGenericMobileDriver.java:54)
	at io.appium.java_client.AppiumDriver.findElements(AppiumDriver.java:152)
	at org.openqa.selenium.remote.RemoteWebDriver.findElementsByXPath(RemoteWebDriver.java:432)
	at io.appium.java_client.DefaultGenericMobileDriver.findElementsByXPath(DefaultGenericMobileDriver.java:156)
	at io.appium.java_client.AppiumDriver.findElementsByXPath(AppiumDriver.java:184)
	at org.openqa.selenium.By$ByXPath.findElements(By.java:348)
	at org.openqa.selenium.remote.RemoteWebDriver.findElements(RemoteWebDriver.java:311)
	at io.appium.java_client.DefaultGenericMobileDriver.findElements(DefaultGenericMobileDriver.java:50)
	at io.appium.java_client.AppiumDriver.findElements(AppiumDriver.java:148)
	at base.BaseKeyword$Trait$Helper.isDisplayed(BaseKeyword.groovy:234)
	at screens.LoginScreen.isDisplayed(LoginScreen.groovy)
	at base.BaseKeyword$Trait$Helper.isDisplayed(BaseKeyword.groovy:229)
	at screens.LoginScreen.isDisplayed(LoginScreen.groovy)
	at screens.LoginScreen.isGuest(LoginScreen.groovy:34)
	at screens.LoginScreen.login(LoginScreen.groovy:10)
	at 031 HOAN TAT HO SO.run(031 HOAN TAT HO SO:18)
	at com.kms.katalon.core.main.ScriptEngine.run(ScriptEngine.java:194)
	at com.kms.katalon.core.main.ScriptEngine.runScriptAsRawText(ScriptEngine.java:119)
	at com.kms.katalon.core.main.TestCaseExecutor.runScript(TestCaseExecutor.java:448)
	at com.kms.katalon.core.main.TestCaseExecutor.doExecute(TestCaseExecutor.java:439)
	at com.kms.katalon.core.main.TestCaseExecutor.processExecutionPhase(TestCaseExecutor.java:418)
	at com.kms.katalon.core.main.TestCaseExecutor.accessMainPhase(TestCaseExecutor.java:410)
	at com.kms.katalon.core.main.TestCaseExecutor.execute(TestCaseExecutor.java:285)
	at com.kms.katalon.core.common.CommonExecutor.accessTestCaseMainPhase(CommonExecutor.java:65)
	at com.kms.katalon.core.main.TestSuiteExecutor.accessTestSuiteMainPhase(TestSuiteExecutor.java:150)
	at com.kms.katalon.core.main.TestSuiteExecutor.execute(TestSuiteExecutor.java:106)
	at com.kms.katalon.core.main.TestCaseMain.startTestSuite(TestCaseMain.java:180)
	at TempTestSuite1747531571431.run(TempTestSuite1747531571431.groovy:35)
	at java.base/jdk.internal.reflect.NativeMethodAccessorImpl.invoke0(Native Method)
	at java.base/jdk.internal.reflect.NativeMethodAccessorImpl.invoke(NativeMethodAccessorImpl.java:77)
	at java.base/jdk.internal.reflect.DelegatingMethodAccessorImpl.invoke(DelegatingMethodAccessorImpl.java:43)


18-05-2025T09:11:52 - [MESSAGE][ERROR] - Test Cases/IPAPER APP/031 HOAN TAT HO SO FAILED.
Reason:
org.openqa.selenium.WebDriverException: An unknown server-side error occurred while processing the command. Original error: 'POST /elements' cannot be proxied to UiAutomator2 server because the instrumentation process is not running (probably crashed). Check the server log and/or the logcat output for more details
Build info: version: '3.141.59', revision: 'unknown', time: 'unknown'
System info: host: '192.168.1.4.non-exists.ptr.local', ip: '2402:800:63f2:b9ce:1859:4296:77a1:a88d%en0', os.name: 'Mac OS X', os.arch: 'aarch64', os.version: '15.4.1', java.version: '17.0.7'
Driver info: com.kms.katalon.core.appium.driver.SwipeableAndroidDriver
Capabilities {automationName: UiAutomator2, databaseEnabled: false, desired: {automationName: UiAutomator2, deviceName: af0c5cf7, noReset: true, platformName: android, waitForIdleTimeout: 3000}, deviceApiLevel: 35, deviceManufacturer: OPPO, deviceModel: CPH2699, deviceName: af0c5cf7, deviceScreenDensity: 480, deviceScreenSize: 1080x2400, deviceUDID: af0c5cf7, javascriptEnabled: true, locationContextEnabled: false, networkConnectionEnabled: true, noReset: true, pixelRatio: 3, platform: LINUX, platformName: Android, platformVersion: 15, statBarHeight: 120, takesScreenshot: true, viewportRect: {height: 2280, left: 0, top: 120, width: 1080}, waitForIdleTimeout: 3000, warnings: {}, webStorageEnabled: false}
Session ID: c0c10e71-bfa6-42a0-bfc6-9e4517bcdaae
*** Element info: {Using=xpath, value=//android.widget.EditText[@resource-id='com.hdbank.ipaper:id/edit_text_user_name']}
	at java.base/jdk.internal.reflect.NativeConstructorAccessorImpl.newInstance0(Native Method)
	at java.base/jdk.internal.reflect.NativeConstructorAccessorImpl.newInstance(NativeConstructorAccessorImpl.java:77)
	at java.base/jdk.internal.reflect.DelegatingConstructorAccessorImpl.newInstance(DelegatingConstructorAccessorImpl.java:45)
	at org.openqa.selenium.remote.http.W3CHttpResponseCodec.createException(W3CHttpResponseCodec.java:187)
	at org.openqa.selenium.remote.http.W3CHttpResponseCodec.decode(W3CHttpResponseCodec.java:122)
	at org.openqa.selenium.remote.http.W3CHttpResponseCodec.decode(W3CHttpResponseCodec.java:49)
	at org.openqa.selenium.remote.HttpCommandExecutor.execute(HttpCommandExecutor.java:158)
	at io.appium.java_client.remote.AppiumCommandExecutor.execute(AppiumCommandExecutor.java:239)
	at org.openqa.selenium.remote.RemoteWebDriver.execute(RemoteWebDriver.java:552)
	at io.appium.java_client.DefaultGenericMobileDriver.execute(DefaultGenericMobileDriver.java:42)
	at io.appium.java_client.AppiumDriver.execute(AppiumDriver.java:1)
	at io.appium.java_client.android.AndroidDriver.execute(AndroidDriver.java:1)
	at com.kms.katalon.core.appium.driver.SwipeableAndroidDriver.execute(SwipeableAndroidDriver.java:1)
	at org.openqa.selenium.remote.RemoteWebDriver.findElements(RemoteWebDriver.java:353)
	at io.appium.java_client.DefaultGenericMobileDriver.findElements(DefaultGenericMobileDriver.java:54)
	at io.appium.java_client.AppiumDriver.findElements(AppiumDriver.java:152)
	at org.openqa.selenium.remote.RemoteWebDriver.findElementsByXPath(RemoteWebDriver.java:432)
	at io.appium.java_client.DefaultGenericMobileDriver.findElementsByXPath(DefaultGenericMobileDriver.java:156)
	at io.appium.java_client.AppiumDriver.findElementsByXPath(AppiumDriver.java:184)
	at org.openqa.selenium.By$ByXPath.findElements(By.java:348)
	at org.openqa.selenium.remote.RemoteWebDriver.findElements(RemoteWebDriver.java:311)
	at io.appium.java_client.DefaultGenericMobileDriver.findElements(DefaultGenericMobileDriver.java:50)
	at io.appium.java_client.AppiumDriver.findElements(AppiumDriver.java:148)
	at base.BaseKeyword$Trait$Helper.isDisplayed(BaseKeyword.groovy:234)
	at screens.LoginScreen.isDisplayed(LoginScreen.groovy)
	at base.BaseKeyword$Trait$Helper.isDisplayed(BaseKeyword.groovy:229)
	at screens.LoginScreen.isDisplayed(LoginScreen.groovy)
	at screens.LoginScreen.isGuest(LoginScreen.groovy:34)
	at screens.LoginScreen.login(LoginScreen.groovy:10)
	at 031 HOAN TAT HO SO.run(031 HOAN TAT HO SO:18)
	at com.kms.katalon.core.main.ScriptEngine.run(ScriptEngine.java:194)
	at com.kms.katalon.core.main.ScriptEngine.runScriptAsRawText(ScriptEngine.java:119)
	at com.kms.katalon.core.main.TestCaseExecutor.runScript(TestCaseExecutor.java:448)
	at com.kms.katalon.core.main.TestCaseExecutor.doExecute(TestCaseExecutor.java:439)
	at com.kms.katalon.core.main.TestCaseExecutor.processExecutionPhase(TestCaseExecutor.java:418)
	at com.kms.katalon.core.main.TestCaseExecutor.accessMainPhase(TestCaseExecutor.java:410)
	at com.kms.katalon.core.main.TestCaseExecutor.execute(TestCaseExecutor.java:285)
	at com.kms.katalon.core.common.CommonExecutor.accessTestCaseMainPhase(CommonExecutor.java:65)
	at com.kms.katalon.core.main.TestSuiteExecutor.accessTestSuiteMainPhase(TestSuiteExecutor.java:150)
	at com.kms.katalon.core.main.TestSuiteExecutor.execute(TestSuiteExecutor.java:106)
	at com.kms.katalon.core.main.TestCaseMain.startTestSuite(TestCaseMain.java:180)
	at TempTestSuite1747531571431.run(TempTestSuite1747531571431.groovy:35)
	at java.base/jdk.internal.reflect.NativeMethodAccessorImpl.invoke0(Native Method)
	at java.base/jdk.internal.reflect.NativeMethodAccessorImpl.invoke(NativeMethodAccessorImpl.java:77)
	at java.base/jdk.internal.reflect.DelegatingMethodAccessorImpl.invoke(DelegatingMethodAccessorImpl.java:43)


18-05-2025T09:11:52 - [TEST_STEP][ERROR] - Start listener action : afterTest: com.kms.katalon.core.exception.StepFailedException: Unable to take screenshot
	at com.kms.katalon.core.mobile.keyword.internal.MobileKeywordMain.stepFailed(MobileKeywordMain.groovy:64)
	at com.kms.katalon.core.mobile.keyword.internal.MobileKeywordMain.runKeyword(MobileKeywordMain.groovy:34)
	at com.kms.katalon.core.mobile.keyword.builtin.TakeScreenshotKeyword.takeScreenshot(TakeScreenshotKeyword.groovy:94)
	at com.kms.katalon.core.mobile.keyword.builtin.TakeScreenshotKeyword.execute(TakeScreenshotKeyword.groovy:54)
	at com.kms.katalon.core.keyword.internal.KeywordExecutor.executeKeywordForPlatform(KeywordExecutor.groovy:74)
	at com.kms.katalon.core.mobile.keyword.MobileBuiltInKeywords.takeScreenshot(MobileBuiltInKeywords.groovy:218)
	at TestListener.afterTest(TestListener.groovy:45)
	at java.base/jdk.internal.reflect.NativeMethodAccessorImpl.invoke0(Native Method)
	at java.base/jdk.internal.reflect.NativeMethodAccessorImpl.invoke(NativeMethodAccessorImpl.java:77)
	at java.base/jdk.internal.reflect.DelegatingMethodAccessorImpl.invoke(DelegatingMethodAccessorImpl.java:43)
	at com.kms.katalon.core.context.internal.TestHooker.invokeMethod(TestHooker.java:111)
	at com.kms.katalon.core.context.internal.TestHooker.lambda$3(TestHooker.java:95)
	at com.kms.katalon.core.context.internal.TestHooker.invokeContextMethods(TestHooker.java:94)
	at com.kms.katalon.core.context.internal.TestListenerCollector.lambda$3(TestListenerCollector.java:88)
	at com.kms.katalon.core.context.internal.TestListenerCollector.handleListenerEvent(TestListenerCollector.java:85)
	at com.kms.katalon.core.context.internal.ExecutionEventManager.publicEvent(ExecutionEventManager.java:36)
	at com.kms.katalon.core.main.TestCaseExecutor.execute(TestCaseExecutor.java:315)
	at com.kms.katalon.core.common.CommonExecutor.accessTestCaseMainPhase(CommonExecutor.java:65)
	at com.kms.katalon.core.main.TestSuiteExecutor.accessTestSuiteMainPhase(TestSuiteExecutor.java:150)
	at com.kms.katalon.core.main.TestSuiteExecutor.execute(TestSuiteExecutor.java:106)
	at com.kms.katalon.core.main.TestCaseMain.startTestSuite(TestCaseMain.java:180)
	at TempTestSuite1747531571431.run(TempTestSuite1747531571431.groovy:35)
	at java.base/jdk.internal.reflect.NativeMethodAccessorImpl.invoke0(Native Method)
	at java.base/jdk.internal.reflect.NativeMethodAccessorImpl.invoke(NativeMethodAccessorImpl.java:77)
	at java.base/jdk.internal.reflect.DelegatingMethodAccessorImpl.invoke(DelegatingMethodAccessorImpl.java:43)
Caused by: org.openqa.selenium.WebDriverException: An unknown server-side error occurred while processing the command. Original error: 'GET /screenshot' cannot be proxied to UiAutomator2 server because the instrumentation process is not running (probably crashed). Check the server log and/or the logcat output for more details
Build info: version: '3.141.59', revision: 'unknown', time: 'unknown'
System info: host: '192.168.1.4.non-exists.ptr.local', ip: '2402:800:63f2:b9ce:1859:4296:77a1:a88d%en0', os.name: 'Mac OS X', os.arch: 'aarch64', os.version: '15.4.1', java.version: '17.0.7'
Driver info: com.kms.katalon.core.appium.driver.SwipeableAndroidDriver
Capabilities {automationName: UiAutomator2, databaseEnabled: false, desired: {automationName: UiAutomator2, deviceName: af0c5cf7, noReset: true, platformName: android, waitForIdleTimeout: 3000}, deviceApiLevel: 35, deviceManufacturer: OPPO, deviceModel: CPH2699, deviceName: af0c5cf7, deviceScreenDensity: 480, deviceScreenSize: 1080x2400, deviceUDID: af0c5cf7, javascriptEnabled: true, locationContextEnabled: false, networkConnectionEnabled: true, noReset: true, pixelRatio: 3, platform: LINUX, platformName: Android, platformVersion: 15, statBarHeight: 120, takesScreenshot: true, viewportRect: {height: 2280, left: 0, top: 120, width: 1080}, waitForIdleTimeout: 3000, warnings: {}, webStorageEnabled: false}
Session ID: c0c10e71-bfa6-42a0-bfc6-9e4517bcdaae
	at java.base/jdk.internal.reflect.NativeConstructorAccessorImpl.newInstance0(Native Method)
	at java.base/jdk.internal.reflect.NativeConstructorAccessorImpl.newInstance(NativeConstructorAccessorImpl.java:77)
	at java.base/jdk.internal.reflect.DelegatingConstructorAccessorImpl.newInstance(DelegatingConstructorAccessorImpl.java:45)
	at org.openqa.selenium.remote.http.W3CHttpResponseCodec.createException(W3CHttpResponseCodec.java:187)
	at org.openqa.selenium.remote.http.W3CHttpResponseCodec.decode(W3CHttpResponseCodec.java:122)
	at org.openqa.selenium.remote.http.W3CHttpResponseCodec.decode(W3CHttpResponseCodec.java:49)
	at org.openqa.selenium.remote.HttpCommandExecutor.execute(HttpCommandExecutor.java:158)
	at io.appium.java_client.remote.AppiumCommandExecutor.execute(AppiumCommandExecutor.java:239)
	at org.openqa.selenium.remote.RemoteWebDriver.execute(RemoteWebDriver.java:552)
	at io.appium.java_client.DefaultGenericMobileDriver.execute(DefaultGenericMobileDriver.java:46)
	at io.appium.java_client.AppiumDriver.execute(AppiumDriver.java:1)
	at io.appium.java_client.android.AndroidDriver.execute(AndroidDriver.java:1)
	at com.kms.katalon.core.appium.driver.SwipeableAndroidDriver.execute(SwipeableAndroidDriver.java:1)
	at org.openqa.selenium.remote.RemoteWebDriver.getScreenshotAs(RemoteWebDriver.java:295)
	at com.kms.katalon.core.mobile.helper.MobileScreenCaptor.takeScreenshot(MobileScreenCaptor.java:109)
	at com.kms.katalon.core.mobile.keyword.builtin.TakeScreenshotKeyword$_takeScreenshot_closure1.doCall(TakeScreenshotKeyword.groovy:110)
	at com.kms.katalon.core.mobile.keyword.builtin.TakeScreenshotKeyword$_takeScreenshot_closure1.call(TakeScreenshotKeyword.groovy)
	at com.kms.katalon.core.mobile.keyword.internal.MobileKeywordMain.runKeyword(MobileKeywordMain.groovy:30)
	... 23 more


18-05-2025T09:11:52 - [TEST_STEP][ERROR] - if (testCaseStatus != "PASSED"): com.kms.katalon.core.exception.StepFailedException: Unable to take screenshot
	at com.kms.katalon.core.mobile.keyword.internal.MobileKeywordMain.stepFailed(MobileKeywordMain.groovy:64)
	at com.kms.katalon.core.mobile.keyword.internal.MobileKeywordMain.runKeyword(MobileKeywordMain.groovy:34)
	at com.kms.katalon.core.mobile.keyword.builtin.TakeScreenshotKeyword.takeScreenshot(TakeScreenshotKeyword.groovy:94)
	at com.kms.katalon.core.mobile.keyword.builtin.TakeScreenshotKeyword.execute(TakeScreenshotKeyword.groovy:54)
	at com.kms.katalon.core.keyword.internal.KeywordExecutor.executeKeywordForPlatform(KeywordExecutor.groovy:74)
	at com.kms.katalon.core.mobile.keyword.MobileBuiltInKeywords.takeScreenshot(MobileBuiltInKeywords.groovy:218)
	at TestListener.afterTest(TestListener.groovy:45)
	at java.base/jdk.internal.reflect.NativeMethodAccessorImpl.invoke0(Native Method)
	at java.base/jdk.internal.reflect.NativeMethodAccessorImpl.invoke(NativeMethodAccessorImpl.java:77)
	at java.base/jdk.internal.reflect.DelegatingMethodAccessorImpl.invoke(DelegatingMethodAccessorImpl.java:43)
	at com.kms.katalon.core.context.internal.TestHooker.invokeMethod(TestHooker.java:111)
	at com.kms.katalon.core.context.internal.TestHooker.lambda$3(TestHooker.java:95)
	at com.kms.katalon.core.context.internal.TestHooker.invokeContextMethods(TestHooker.java:94)
	at com.kms.katalon.core.context.internal.TestListenerCollector.lambda$3(TestListenerCollector.java:88)
	at com.kms.katalon.core.context.internal.TestListenerCollector.handleListenerEvent(TestListenerCollector.java:85)
	at com.kms.katalon.core.context.internal.ExecutionEventManager.publicEvent(ExecutionEventManager.java:36)
	at com.kms.katalon.core.main.TestCaseExecutor.execute(TestCaseExecutor.java:315)
	at com.kms.katalon.core.common.CommonExecutor.accessTestCaseMainPhase(CommonExecutor.java:65)
	at com.kms.katalon.core.main.TestSuiteExecutor.accessTestSuiteMainPhase(TestSuiteExecutor.java:150)
	at com.kms.katalon.core.main.TestSuiteExecutor.execute(TestSuiteExecutor.java:106)
	at com.kms.katalon.core.main.TestCaseMain.startTestSuite(TestCaseMain.java:180)
	at TempTestSuite1747531571431.run(TempTestSuite1747531571431.groovy:35)
	at java.base/jdk.internal.reflect.NativeMethodAccessorImpl.invoke0(Native Method)
	at java.base/jdk.internal.reflect.NativeMethodAccessorImpl.invoke(NativeMethodAccessorImpl.java:77)
	at java.base/jdk.internal.reflect.DelegatingMethodAccessorImpl.invoke(DelegatingMethodAccessorImpl.java:43)
Caused by: org.openqa.selenium.WebDriverException: An unknown server-side error occurred while processing the command. Original error: 'GET /screenshot' cannot be proxied to UiAutomator2 server because the instrumentation process is not running (probably crashed). Check the server log and/or the logcat output for more details
Build info: version: '3.141.59', revision: 'unknown', time: 'unknown'
System info: host: '192.168.1.4.non-exists.ptr.local', ip: '2402:800:63f2:b9ce:1859:4296:77a1:a88d%en0', os.name: 'Mac OS X', os.arch: 'aarch64', os.version: '15.4.1', java.version: '17.0.7'
Driver info: com.kms.katalon.core.appium.driver.SwipeableAndroidDriver
Capabilities {automationName: UiAutomator2, databaseEnabled: false, desired: {automationName: UiAutomator2, deviceName: af0c5cf7, noReset: true, platformName: android, waitForIdleTimeout: 3000}, deviceApiLevel: 35, deviceManufacturer: OPPO, deviceModel: CPH2699, deviceName: af0c5cf7, deviceScreenDensity: 480, deviceScreenSize: 1080x2400, deviceUDID: af0c5cf7, javascriptEnabled: true, locationContextEnabled: false, networkConnectionEnabled: true, noReset: true, pixelRatio: 3, platform: LINUX, platformName: Android, platformVersion: 15, statBarHeight: 120, takesScreenshot: true, viewportRect: {height: 2280, left: 0, top: 120, width: 1080}, waitForIdleTimeout: 3000, warnings: {}, webStorageEnabled: false}
Session ID: c0c10e71-bfa6-42a0-bfc6-9e4517bcdaae
	at java.base/jdk.internal.reflect.NativeConstructorAccessorImpl.newInstance0(Native Method)
	at java.base/jdk.internal.reflect.NativeConstructorAccessorImpl.newInstance(NativeConstructorAccessorImpl.java:77)
	at java.base/jdk.internal.reflect.DelegatingConstructorAccessorImpl.newInstance(DelegatingConstructorAccessorImpl.java:45)
	at org.openqa.selenium.remote.http.W3CHttpResponseCodec.createException(W3CHttpResponseCodec.java:187)
	at org.openqa.selenium.remote.http.W3CHttpResponseCodec.decode(W3CHttpResponseCodec.java:122)
	at org.openqa.selenium.remote.http.W3CHttpResponseCodec.decode(W3CHttpResponseCodec.java:49)
	at org.openqa.selenium.remote.HttpCommandExecutor.execute(HttpCommandExecutor.java:158)
	at io.appium.java_client.remote.AppiumCommandExecutor.execute(AppiumCommandExecutor.java:239)
	at org.openqa.selenium.remote.RemoteWebDriver.execute(RemoteWebDriver.java:552)
	at io.appium.java_client.DefaultGenericMobileDriver.execute(DefaultGenericMobileDriver.java:46)
	at io.appium.java_client.AppiumDriver.execute(AppiumDriver.java:1)
	at io.appium.java_client.android.AndroidDriver.execute(AndroidDriver.java:1)
	at com.kms.katalon.core.appium.driver.SwipeableAndroidDriver.execute(SwipeableAndroidDriver.java:1)
	at org.openqa.selenium.remote.RemoteWebDriver.getScreenshotAs(RemoteWebDriver.java:295)
	at com.kms.katalon.core.mobile.helper.MobileScreenCaptor.takeScreenshot(MobileScreenCaptor.java:109)
	at com.kms.katalon.core.mobile.keyword.builtin.TakeScreenshotKeyword$_takeScreenshot_closure1.doCall(TakeScreenshotKeyword.groovy:110)
	at com.kms.katalon.core.mobile.keyword.builtin.TakeScreenshotKeyword$_takeScreenshot_closure1.call(TakeScreenshotKeyword.groovy)
	at com.kms.katalon.core.mobile.keyword.internal.MobileKeywordMain.runKeyword(MobileKeywordMain.groovy:30)
	... 23 more


18-05-2025T09:11:52 - [TEST_STEP][ERROR] - takeScreenshot(ErrorScreen/$GlobalVariable.PLATFORM/$testCaseContext.getTestCaseId().png): com.kms.katalon.core.exception.StepFailedException: Unable to take screenshot
	at com.kms.katalon.core.mobile.keyword.internal.MobileKeywordMain.stepFailed(MobileKeywordMain.groovy:64)
	at com.kms.katalon.core.mobile.keyword.internal.MobileKeywordMain.runKeyword(MobileKeywordMain.groovy:34)
	at com.kms.katalon.core.mobile.keyword.builtin.TakeScreenshotKeyword.takeScreenshot(TakeScreenshotKeyword.groovy:94)
	at com.kms.katalon.core.mobile.keyword.builtin.TakeScreenshotKeyword.execute(TakeScreenshotKeyword.groovy:54)
	at com.kms.katalon.core.keyword.internal.KeywordExecutor.executeKeywordForPlatform(KeywordExecutor.groovy:74)
	at com.kms.katalon.core.mobile.keyword.MobileBuiltInKeywords.takeScreenshot(MobileBuiltInKeywords.groovy:218)
	at TestListener.afterTest(TestListener.groovy:45)
	at java.base/jdk.internal.reflect.NativeMethodAccessorImpl.invoke0(Native Method)
	at java.base/jdk.internal.reflect.NativeMethodAccessorImpl.invoke(NativeMethodAccessorImpl.java:77)
	at java.base/jdk.internal.reflect.DelegatingMethodAccessorImpl.invoke(DelegatingMethodAccessorImpl.java:43)
	at com.kms.katalon.core.context.internal.TestHooker.invokeMethod(TestHooker.java:111)
	at com.kms.katalon.core.context.internal.TestHooker.lambda$3(TestHooker.java:95)
	at com.kms.katalon.core.context.internal.TestHooker.invokeContextMethods(TestHooker.java:94)
	at com.kms.katalon.core.context.internal.TestListenerCollector.lambda$3(TestListenerCollector.java:88)
	at com.kms.katalon.core.context.internal.TestListenerCollector.handleListenerEvent(TestListenerCollector.java:85)
	at com.kms.katalon.core.context.internal.ExecutionEventManager.publicEvent(ExecutionEventManager.java:36)
	at com.kms.katalon.core.main.TestCaseExecutor.execute(TestCaseExecutor.java:315)
	at com.kms.katalon.core.common.CommonExecutor.accessTestCaseMainPhase(CommonExecutor.java:65)
	at com.kms.katalon.core.main.TestSuiteExecutor.accessTestSuiteMainPhase(TestSuiteExecutor.java:150)
	at com.kms.katalon.core.main.TestSuiteExecutor.execute(TestSuiteExecutor.java:106)
	at com.kms.katalon.core.main.TestCaseMain.startTestSuite(TestCaseMain.java:180)
	at TempTestSuite1747531571431.run(TempTestSuite1747531571431.groovy:35)
	at java.base/jdk.internal.reflect.NativeMethodAccessorImpl.invoke0(Native Method)
	at java.base/jdk.internal.reflect.NativeMethodAccessorImpl.invoke(NativeMethodAccessorImpl.java:77)
	at java.base/jdk.internal.reflect.DelegatingMethodAccessorImpl.invoke(DelegatingMethodAccessorImpl.java:43)
Caused by: org.openqa.selenium.WebDriverException: An unknown server-side error occurred while processing the command. Original error: 'GET /screenshot' cannot be proxied to UiAutomator2 server because the instrumentation process is not running (probably crashed). Check the server log and/or the logcat output for more details
Build info: version: '3.141.59', revision: 'unknown', time: 'unknown'
System info: host: '192.168.1.4.non-exists.ptr.local', ip: '2402:800:63f2:b9ce:1859:4296:77a1:a88d%en0', os.name: 'Mac OS X', os.arch: 'aarch64', os.version: '15.4.1', java.version: '17.0.7'
Driver info: com.kms.katalon.core.appium.driver.SwipeableAndroidDriver
Capabilities {automationName: UiAutomator2, databaseEnabled: false, desired: {automationName: UiAutomator2, deviceName: af0c5cf7, noReset: true, platformName: android, waitForIdleTimeout: 3000}, deviceApiLevel: 35, deviceManufacturer: OPPO, deviceModel: CPH2699, deviceName: af0c5cf7, deviceScreenDensity: 480, deviceScreenSize: 1080x2400, deviceUDID: af0c5cf7, javascriptEnabled: true, locationContextEnabled: false, networkConnectionEnabled: true, noReset: true, pixelRatio: 3, platform: LINUX, platformName: Android, platformVersion: 15, statBarHeight: 120, takesScreenshot: true, viewportRect: {height: 2280, left: 0, top: 120, width: 1080}, waitForIdleTimeout: 3000, warnings: {}, webStorageEnabled: false}
Session ID: c0c10e71-bfa6-42a0-bfc6-9e4517bcdaae
	at java.base/jdk.internal.reflect.NativeConstructorAccessorImpl.newInstance0(Native Method)
	at java.base/jdk.internal.reflect.NativeConstructorAccessorImpl.newInstance(NativeConstructorAccessorImpl.java:77)
	at java.base/jdk.internal.reflect.DelegatingConstructorAccessorImpl.newInstance(DelegatingConstructorAccessorImpl.java:45)
	at org.openqa.selenium.remote.http.W3CHttpResponseCodec.createException(W3CHttpResponseCodec.java:187)
	at org.openqa.selenium.remote.http.W3CHttpResponseCodec.decode(W3CHttpResponseCodec.java:122)
	at org.openqa.selenium.remote.http.W3CHttpResponseCodec.decode(W3CHttpResponseCodec.java:49)
	at org.openqa.selenium.remote.HttpCommandExecutor.execute(HttpCommandExecutor.java:158)
	at io.appium.java_client.remote.AppiumCommandExecutor.execute(AppiumCommandExecutor.java:239)
	at org.openqa.selenium.remote.RemoteWebDriver.execute(RemoteWebDriver.java:552)
	at io.appium.java_client.DefaultGenericMobileDriver.execute(DefaultGenericMobileDriver.java:46)
	at io.appium.java_client.AppiumDriver.execute(AppiumDriver.java:1)
	at io.appium.java_client.android.AndroidDriver.execute(AndroidDriver.java:1)
	at com.kms.katalon.core.appium.driver.SwipeableAndroidDriver.execute(SwipeableAndroidDriver.java:1)
	at org.openqa.selenium.remote.RemoteWebDriver.getScreenshotAs(RemoteWebDriver.java:295)
	at com.kms.katalon.core.mobile.helper.MobileScreenCaptor.takeScreenshot(MobileScreenCaptor.java:109)
	at com.kms.katalon.core.mobile.keyword.builtin.TakeScreenshotKeyword$_takeScreenshot_closure1.doCall(TakeScreenshotKeyword.groovy:110)
	at com.kms.katalon.core.mobile.keyword.builtin.TakeScreenshotKeyword$_takeScreenshot_closure1.call(TakeScreenshotKeyword.groovy)
	at com.kms.katalon.core.mobile.keyword.internal.MobileKeywordMain.runKeyword(MobileKeywordMain.groovy:30)
	... 23 more


18-05-2025T09:29:08 - [MESSAGE][FAILED] - Unable to take screenshot (Root cause: com.kms.katalon.core.exception.StepFailedException: Unable to take screenshot
	at com.kms.katalon.core.mobile.keyword.internal.MobileKeywordMain.stepFailed(MobileKeywordMain.groovy:64)
	at com.kms.katalon.core.mobile.keyword.internal.MobileKeywordMain.runKeyword(MobileKeywordMain.groovy:34)
	at com.kms.katalon.core.mobile.keyword.builtin.TakeScreenshotKeyword.takeScreenshot(TakeScreenshotKeyword.groovy:94)
	at com.kms.katalon.core.mobile.keyword.builtin.TakeScreenshotKeyword.execute(TakeScreenshotKeyword.groovy:54)
	at com.kms.katalon.core.keyword.internal.KeywordExecutor.executeKeywordForPlatform(KeywordExecutor.groovy:74)
	at com.kms.katalon.core.mobile.keyword.MobileBuiltInKeywords.takeScreenshot(MobileBuiltInKeywords.groovy:218)
	at TestListener.afterTest(TestListener.groovy:45)
	at java.base/jdk.internal.reflect.NativeMethodAccessorImpl.invoke0(Native Method)
	at java.base/jdk.internal.reflect.NativeMethodAccessorImpl.invoke(NativeMethodAccessorImpl.java:77)
	at java.base/jdk.internal.reflect.DelegatingMethodAccessorImpl.invoke(DelegatingMethodAccessorImpl.java:43)
	at com.kms.katalon.core.context.internal.TestHooker.invokeMethod(TestHooker.java:111)
	at com.kms.katalon.core.context.internal.TestHooker.lambda$3(TestHooker.java:95)
	at com.kms.katalon.core.context.internal.TestHooker.invokeContextMethods(TestHooker.java:94)
	at com.kms.katalon.core.context.internal.TestListenerCollector.lambda$3(TestListenerCollector.java:88)
	at com.kms.katalon.core.context.internal.TestListenerCollector.handleListenerEvent(TestListenerCollector.java:85)
	at com.kms.katalon.core.context.internal.ExecutionEventManager.publicEvent(ExecutionEventManager.java:36)
	at com.kms.katalon.core.main.TestCaseExecutor.execute(TestCaseExecutor.java:315)
	at com.kms.katalon.core.common.CommonExecutor.accessTestCaseMainPhase(CommonExecutor.java:65)
	at com.kms.katalon.core.main.TestSuiteExecutor.accessTestSuiteMainPhase(TestSuiteExecutor.java:150)
	at com.kms.katalon.core.main.TestSuiteExecutor.execute(TestSuiteExecutor.java:106)
	at com.kms.katalon.core.main.TestCaseMain.startTestSuite(TestCaseMain.java:180)
	at TempTestSuite1747531571431.run(TempTestSuite1747531571431.groovy:35)
	at java.base/jdk.internal.reflect.NativeMethodAccessorImpl.invoke0(Native Method)
	at java.base/jdk.internal.reflect.NativeMethodAccessorImpl.invoke(NativeMethodAccessorImpl.java:77)
	at java.base/jdk.internal.reflect.DelegatingMethodAccessorImpl.invoke(DelegatingMethodAccessorImpl.java:43)
Caused by: org.openqa.selenium.WebDriverException: An unknown server-side error occurred while processing the command. Original error: 'GET /screenshot' cannot be proxied to UiAutomator2 server because the instrumentation process is not running (probably crashed). Check the server log and/or the logcat output for more details
Build info: version: '3.141.59', revision: 'unknown', time: 'unknown'
System info: host: '192.168.1.4.non-exists.ptr.local', ip: '2402:800:63f2:b9ce:1859:4296:77a1:a88d%en0', os.name: 'Mac OS X', os.arch: 'aarch64', os.version: '15.4.1', java.version: '17.0.7'
Driver info: com.kms.katalon.core.appium.driver.SwipeableAndroidDriver
Capabilities {automationName: UiAutomator2, databaseEnabled: false, desired: {automationName: UiAutomator2, deviceName: af0c5cf7, noReset: true, platformName: android, waitForIdleTimeout: 3000}, deviceApiLevel: 35, deviceManufacturer: OPPO, deviceModel: CPH2699, deviceName: af0c5cf7, deviceScreenDensity: 480, deviceScreenSize: 1080x2400, deviceUDID: af0c5cf7, javascriptEnabled: true, locationContextEnabled: false, networkConnectionEnabled: true, noReset: true, pixelRatio: 3, platform: LINUX, platformName: Android, platformVersion: 15, statBarHeight: 120, takesScreenshot: true, viewportRect: {height: 2280, left: 0, top: 120, width: 1080}, waitForIdleTimeout: 3000, warnings: {}, webStorageEnabled: false}
Session ID: c0c10e71-bfa6-42a0-bfc6-9e4517bcdaae
	at java.base/jdk.internal.reflect.NativeConstructorAccessorImpl.newInstance0(Native Method)
	at java.base/jdk.internal.reflect.NativeConstructorAccessorImpl.newInstance(NativeConstructorAccessorImpl.java:77)
	at java.base/jdk.internal.reflect.DelegatingConstructorAccessorImpl.newInstance(DelegatingConstructorAccessorImpl.java:45)
	at org.openqa.selenium.remote.http.W3CHttpResponseCodec.createException(W3CHttpResponseCodec.java:187)
	at org.openqa.selenium.remote.http.W3CHttpResponseCodec.decode(W3CHttpResponseCodec.java:122)
	at org.openqa.selenium.remote.http.W3CHttpResponseCodec.decode(W3CHttpResponseCodec.java:49)
	at org.openqa.selenium.remote.HttpCommandExecutor.execute(HttpCommandExecutor.java:158)
	at io.appium.java_client.remote.AppiumCommandExecutor.execute(AppiumCommandExecutor.java:239)
	at org.openqa.selenium.remote.RemoteWebDriver.execute(RemoteWebDriver.java:552)
	at io.appium.java_client.DefaultGenericMobileDriver.execute(DefaultGenericMobileDriver.java:46)
	at io.appium.java_client.AppiumDriver.execute(AppiumDriver.java:1)
	at io.appium.java_client.android.AndroidDriver.execute(AndroidDriver.java:1)
	at com.kms.katalon.core.appium.driver.SwipeableAndroidDriver.execute(SwipeableAndroidDriver.java:1)
	at org.openqa.selenium.remote.RemoteWebDriver.getScreenshotAs(RemoteWebDriver.java:295)
	at com.kms.katalon.core.mobile.helper.MobileScreenCaptor.takeScreenshot(MobileScreenCaptor.java:109)
	at com.kms.katalon.core.mobile.keyword.builtin.TakeScreenshotKeyword$_takeScreenshot_closure1.doCall(TakeScreenshotKeyword.groovy:110)
	at com.kms.katalon.core.mobile.keyword.builtin.TakeScreenshotKeyword$_takeScreenshot_closure1.call(TakeScreenshotKeyword.groovy)
	at com.kms.katalon.core.mobile.keyword.internal.MobileKeywordMain.runKeyword(MobileKeywordMain.groovy:30)
	... 23 more
)

18-05-2025T09:29:08 - [MESSAGE][ERROR] - com.kms.katalon.core.exception.StepFailedException: Unable to take screenshot
	at com.kms.katalon.core.mobile.keyword.internal.MobileKeywordMain.stepFailed(MobileKeywordMain.groovy:64)
	at com.kms.katalon.core.mobile.keyword.internal.MobileKeywordMain.runKeyword(MobileKeywordMain.groovy:34)
	at com.kms.katalon.core.mobile.keyword.builtin.TakeScreenshotKeyword.takeScreenshot(TakeScreenshotKeyword.groovy:94)
	at com.kms.katalon.core.mobile.keyword.builtin.TakeScreenshotKeyword.execute(TakeScreenshotKeyword.groovy:54)
	at com.kms.katalon.core.keyword.internal.KeywordExecutor.executeKeywordForPlatform(KeywordExecutor.groovy:74)
	at com.kms.katalon.core.mobile.keyword.MobileBuiltInKeywords.takeScreenshot(MobileBuiltInKeywords.groovy:218)
	at TestListener.afterTest(TestListener.groovy:45)
	at java.base/jdk.internal.reflect.NativeMethodAccessorImpl.invoke0(Native Method)
	at java.base/jdk.internal.reflect.NativeMethodAccessorImpl.invoke(NativeMethodAccessorImpl.java:77)
	at java.base/jdk.internal.reflect.DelegatingMethodAccessorImpl.invoke(DelegatingMethodAccessorImpl.java:43)
	at com.kms.katalon.core.context.internal.TestHooker.invokeMethod(TestHooker.java:111)
	at com.kms.katalon.core.context.internal.TestHooker.lambda$3(TestHooker.java:95)
	at com.kms.katalon.core.context.internal.TestHooker.invokeContextMethods(TestHooker.java:94)
	at com.kms.katalon.core.context.internal.TestListenerCollector.lambda$3(TestListenerCollector.java:88)
	at com.kms.katalon.core.context.internal.TestListenerCollector.handleListenerEvent(TestListenerCollector.java:85)
	at com.kms.katalon.core.context.internal.ExecutionEventManager.publicEvent(ExecutionEventManager.java:36)
	at com.kms.katalon.core.main.TestCaseExecutor.execute(TestCaseExecutor.java:315)
	at com.kms.katalon.core.common.CommonExecutor.accessTestCaseMainPhase(CommonExecutor.java:65)
	at com.kms.katalon.core.main.TestSuiteExecutor.accessTestSuiteMainPhase(TestSuiteExecutor.java:150)
	at com.kms.katalon.core.main.TestSuiteExecutor.execute(TestSuiteExecutor.java:106)
	at com.kms.katalon.core.main.TestCaseMain.startTestSuite(TestCaseMain.java:180)
	at TempTestSuite1747531571431.run(TempTestSuite1747531571431.groovy:35)
	at java.base/jdk.internal.reflect.NativeMethodAccessorImpl.invoke0(Native Method)
	at java.base/jdk.internal.reflect.NativeMethodAccessorImpl.invoke(NativeMethodAccessorImpl.java:77)
	at java.base/jdk.internal.reflect.DelegatingMethodAccessorImpl.invoke(DelegatingMethodAccessorImpl.java:43)
Caused by: org.openqa.selenium.WebDriverException: An unknown server-side error occurred while processing the command. Original error: 'GET /screenshot' cannot be proxied to UiAutomator2 server because the instrumentation process is not running (probably crashed). Check the server log and/or the logcat output for more details
Build info: version: '3.141.59', revision: 'unknown', time: 'unknown'
System info: host: '192.168.1.4.non-exists.ptr.local', ip: '2402:800:63f2:b9ce:1859:4296:77a1:a88d%en0', os.name: 'Mac OS X', os.arch: 'aarch64', os.version: '15.4.1', java.version: '17.0.7'
Driver info: com.kms.katalon.core.appium.driver.SwipeableAndroidDriver
Capabilities {automationName: UiAutomator2, databaseEnabled: false, desired: {automationName: UiAutomator2, deviceName: af0c5cf7, noReset: true, platformName: android, waitForIdleTimeout: 3000}, deviceApiLevel: 35, deviceManufacturer: OPPO, deviceModel: CPH2699, deviceName: af0c5cf7, deviceScreenDensity: 480, deviceScreenSize: 1080x2400, deviceUDID: af0c5cf7, javascriptEnabled: true, locationContextEnabled: false, networkConnectionEnabled: true, noReset: true, pixelRatio: 3, platform: LINUX, platformName: Android, platformVersion: 15, statBarHeight: 120, takesScreenshot: true, viewportRect: {height: 2280, left: 0, top: 120, width: 1080}, waitForIdleTimeout: 3000, warnings: {}, webStorageEnabled: false}
Session ID: c0c10e71-bfa6-42a0-bfc6-9e4517bcdaae
	at java.base/jdk.internal.reflect.NativeConstructorAccessorImpl.newInstance0(Native Method)
	at java.base/jdk.internal.reflect.NativeConstructorAccessorImpl.newInstance(NativeConstructorAccessorImpl.java:77)
	at java.base/jdk.internal.reflect.DelegatingConstructorAccessorImpl.newInstance(DelegatingConstructorAccessorImpl.java:45)
	at org.openqa.selenium.remote.http.W3CHttpResponseCodec.createException(W3CHttpResponseCodec.java:187)
	at org.openqa.selenium.remote.http.W3CHttpResponseCodec.decode(W3CHttpResponseCodec.java:122)
	at org.openqa.selenium.remote.http.W3CHttpResponseCodec.decode(W3CHttpResponseCodec.java:49)
	at org.openqa.selenium.remote.HttpCommandExecutor.execute(HttpCommandExecutor.java:158)
	at io.appium.java_client.remote.AppiumCommandExecutor.execute(AppiumCommandExecutor.java:239)
	at org.openqa.selenium.remote.RemoteWebDriver.execute(RemoteWebDriver.java:552)
	at io.appium.java_client.DefaultGenericMobileDriver.execute(DefaultGenericMobileDriver.java:46)
	at io.appium.java_client.AppiumDriver.execute(AppiumDriver.java:1)
	at io.appium.java_client.android.AndroidDriver.execute(AndroidDriver.java:1)
	at com.kms.katalon.core.appium.driver.SwipeableAndroidDriver.execute(SwipeableAndroidDriver.java:1)
	at org.openqa.selenium.remote.RemoteWebDriver.getScreenshotAs(RemoteWebDriver.java:295)
	at com.kms.katalon.core.mobile.helper.MobileScreenCaptor.takeScreenshot(MobileScreenCaptor.java:109)
	at com.kms.katalon.core.mobile.keyword.builtin.TakeScreenshotKeyword$_takeScreenshot_closure1.doCall(TakeScreenshotKeyword.groovy:110)
	at com.kms.katalon.core.mobile.keyword.builtin.TakeScreenshotKeyword$_takeScreenshot_closure1.call(TakeScreenshotKeyword.groovy)
	at com.kms.katalon.core.mobile.keyword.internal.MobileKeywordMain.runKeyword(MobileKeywordMain.groovy:30)
	... 23 more]]></system-out>
         <system-err><![CDATA[18-05-2025T09:11:51 - [TEST_CASE][ERROR] - Test Cases/IPAPER APP/031 HOAN TAT HO SO: Test Cases/IPAPER APP/031 HOAN TAT HO SO FAILED.
Reason:
org.openqa.selenium.WebDriverException: An unknown server-side error occurred while processing the command. Original error: 'POST /elements' cannot be proxied to UiAutomator2 server because the instrumentation process is not running (probably crashed). Check the server log and/or the logcat output for more details
Build info: version: '3.141.59', revision: 'unknown', time: 'unknown'
System info: host: '192.168.1.4.non-exists.ptr.local', ip: '2402:800:63f2:b9ce:1859:4296:77a1:a88d%en0', os.name: 'Mac OS X', os.arch: 'aarch64', os.version: '15.4.1', java.version: '17.0.7'
Driver info: com.kms.katalon.core.appium.driver.SwipeableAndroidDriver
Capabilities {automationName: UiAutomator2, databaseEnabled: false, desired: {automationName: UiAutomator2, deviceName: af0c5cf7, noReset: true, platformName: android, waitForIdleTimeout: 3000}, deviceApiLevel: 35, deviceManufacturer: OPPO, deviceModel: CPH2699, deviceName: af0c5cf7, deviceScreenDensity: 480, deviceScreenSize: 1080x2400, deviceUDID: af0c5cf7, javascriptEnabled: true, locationContextEnabled: false, networkConnectionEnabled: true, noReset: true, pixelRatio: 3, platform: LINUX, platformName: Android, platformVersion: 15, statBarHeight: 120, takesScreenshot: true, viewportRect: {height: 2280, left: 0, top: 120, width: 1080}, waitForIdleTimeout: 3000, warnings: {}, webStorageEnabled: false}
Session ID: c0c10e71-bfa6-42a0-bfc6-9e4517bcdaae
*** Element info: {Using=xpath, value=//android.widget.EditText[@resource-id='com.hdbank.ipaper:id/edit_text_user_name']}
	at java.base/jdk.internal.reflect.NativeConstructorAccessorImpl.newInstance0(Native Method)
	at java.base/jdk.internal.reflect.NativeConstructorAccessorImpl.newInstance(NativeConstructorAccessorImpl.java:77)
	at java.base/jdk.internal.reflect.DelegatingConstructorAccessorImpl.newInstance(DelegatingConstructorAccessorImpl.java:45)
	at org.openqa.selenium.remote.http.W3CHttpResponseCodec.createException(W3CHttpResponseCodec.java:187)
	at org.openqa.selenium.remote.http.W3CHttpResponseCodec.decode(W3CHttpResponseCodec.java:122)
	at org.openqa.selenium.remote.http.W3CHttpResponseCodec.decode(W3CHttpResponseCodec.java:49)
	at org.openqa.selenium.remote.HttpCommandExecutor.execute(HttpCommandExecutor.java:158)
	at io.appium.java_client.remote.AppiumCommandExecutor.execute(AppiumCommandExecutor.java:239)
	at org.openqa.selenium.remote.RemoteWebDriver.execute(RemoteWebDriver.java:552)
	at io.appium.java_client.DefaultGenericMobileDriver.execute(DefaultGenericMobileDriver.java:42)
	at io.appium.java_client.AppiumDriver.execute(AppiumDriver.java:1)
	at io.appium.java_client.android.AndroidDriver.execute(AndroidDriver.java:1)
	at com.kms.katalon.core.appium.driver.SwipeableAndroidDriver.execute(SwipeableAndroidDriver.java:1)
	at org.openqa.selenium.remote.RemoteWebDriver.findElements(RemoteWebDriver.java:353)
	at io.appium.java_client.DefaultGenericMobileDriver.findElements(DefaultGenericMobileDriver.java:54)
	at io.appium.java_client.AppiumDriver.findElements(AppiumDriver.java:152)
	at org.openqa.selenium.remote.RemoteWebDriver.findElementsByXPath(RemoteWebDriver.java:432)
	at io.appium.java_client.DefaultGenericMobileDriver.findElementsByXPath(DefaultGenericMobileDriver.java:156)
	at io.appium.java_client.AppiumDriver.findElementsByXPath(AppiumDriver.java:184)
	at org.openqa.selenium.By$ByXPath.findElements(By.java:348)
	at org.openqa.selenium.remote.RemoteWebDriver.findElements(RemoteWebDriver.java:311)
	at io.appium.java_client.DefaultGenericMobileDriver.findElements(DefaultGenericMobileDriver.java:50)
	at io.appium.java_client.AppiumDriver.findElements(AppiumDriver.java:148)
	at base.BaseKeyword$Trait$Helper.isDisplayed(BaseKeyword.groovy:234)
	at screens.LoginScreen.isDisplayed(LoginScreen.groovy)
	at base.BaseKeyword$Trait$Helper.isDisplayed(BaseKeyword.groovy:229)
	at screens.LoginScreen.isDisplayed(LoginScreen.groovy)
	at screens.LoginScreen.isGuest(LoginScreen.groovy:34)
	at screens.LoginScreen.login(LoginScreen.groovy:10)
	at 031 HOAN TAT HO SO.run(031 HOAN TAT HO SO:18)
	at com.kms.katalon.core.main.ScriptEngine.run(ScriptEngine.java:194)
	at com.kms.katalon.core.main.ScriptEngine.runScriptAsRawText(ScriptEngine.java:119)
	at com.kms.katalon.core.main.TestCaseExecutor.runScript(TestCaseExecutor.java:448)
	at com.kms.katalon.core.main.TestCaseExecutor.doExecute(TestCaseExecutor.java:439)
	at com.kms.katalon.core.main.TestCaseExecutor.processExecutionPhase(TestCaseExecutor.java:418)
	at com.kms.katalon.core.main.TestCaseExecutor.accessMainPhase(TestCaseExecutor.java:410)
	at com.kms.katalon.core.main.TestCaseExecutor.execute(TestCaseExecutor.java:285)
	at com.kms.katalon.core.common.CommonExecutor.accessTestCaseMainPhase(CommonExecutor.java:65)
	at com.kms.katalon.core.main.TestSuiteExecutor.accessTestSuiteMainPhase(TestSuiteExecutor.java:150)
	at com.kms.katalon.core.main.TestSuiteExecutor.execute(TestSuiteExecutor.java:106)
	at com.kms.katalon.core.main.TestCaseMain.startTestSuite(TestCaseMain.java:180)
	at TempTestSuite1747531571431.run(TempTestSuite1747531571431.groovy:35)
	at java.base/jdk.internal.reflect.NativeMethodAccessorImpl.invoke0(Native Method)
	at java.base/jdk.internal.reflect.NativeMethodAccessorImpl.invoke(NativeMethodAccessorImpl.java:77)
	at java.base/jdk.internal.reflect.DelegatingMethodAccessorImpl.invoke(DelegatingMethodAccessorImpl.java:43)]]></system-err>
      </testcase>
      <testcase name="Test Cases/IPAPER APP/008 HIEN THI HO SO DI" time="0.347" classname="Test Cases/IPAPER APP/008 HIEN THI HO SO DI" status="ERROR">
         <error type="ERROR" message="Test Cases/IPAPER APP/008 HIEN THI HO SO DI FAILED.&#xa;Reason:&#xa;org.openqa.selenium.WebDriverException: An unknown server-side error occurred while processing the command. Original error: 'POST /elements' cannot be proxied to UiAutomator2 server because the instrumentation process is not running (probably crashed). Check the server log and/or the logcat output for more details&#xa;Build info: version: '3.141.59', revision: 'unknown', time: 'unknown'&#xa;System info: host: '192.168.1.4.non-exists.ptr.local', ip: '2402:800:63f2:b9ce:1859:4296:77a1:a88d%en0', os.name: 'Mac OS X', os.arch: 'aarch64', os.version: '15.4.1', java.version: '17.0.7'&#xa;Driver info: com.kms.katalon.core.appium.driver.SwipeableAndroidDriver&#xa;Capabilities {automationName: UiAutomator2, databaseEnabled: false, desired: {automationName: UiAutomator2, deviceName: af0c5cf7, noReset: true, platformName: android, waitForIdleTimeout: 3000}, deviceApiLevel: 35, deviceManufacturer: OPPO, deviceModel: CPH2699, deviceName: af0c5cf7, deviceScreenDensity: 480, deviceScreenSize: 1080x2400, deviceUDID: af0c5cf7, javascriptEnabled: true, locationContextEnabled: false, networkConnectionEnabled: true, noReset: true, pixelRatio: 3, platform: LINUX, platformName: Android, platformVersion: 15, statBarHeight: 120, takesScreenshot: true, viewportRect: {height: 2280, left: 0, top: 120, width: 1080}, waitForIdleTimeout: 3000, warnings: {}, webStorageEnabled: false}&#xa;Session ID: c0c10e71-bfa6-42a0-bfc6-9e4517bcdaae&#xa;*** Element info: {Using=xpath, value=//android.widget.EditText[@resource-id='com.hdbank.ipaper:id/edit_text_user_name']}&#xa;	at java.base/jdk.internal.reflect.NativeConstructorAccessorImpl.newInstance0(Native Method)&#xa;	at java.base/jdk.internal.reflect.NativeConstructorAccessorImpl.newInstance(NativeConstructorAccessorImpl.java:77)&#xa;	at java.base/jdk.internal.reflect.DelegatingConstructorAccessorImpl.newInstance(DelegatingConstructorAccessorImpl.java:45)&#xa;	at org.openqa.selenium.remote.http.W3CHttpResponseCodec.createException(W3CHttpResponseCodec.java:187)&#xa;	at org.openqa.selenium.remote.http.W3CHttpResponseCodec.decode(W3CHttpResponseCodec.java:122)&#xa;	at org.openqa.selenium.remote.http.W3CHttpResponseCodec.decode(W3CHttpResponseCodec.java:49)&#xa;	at org.openqa.selenium.remote.HttpCommandExecutor.execute(HttpCommandExecutor.java:158)&#xa;	at io.appium.java_client.remote.AppiumCommandExecutor.execute(AppiumCommandExecutor.java:239)&#xa;	at org.openqa.selenium.remote.RemoteWebDriver.execute(RemoteWebDriver.java:552)&#xa;	at io.appium.java_client.DefaultGenericMobileDriver.execute(DefaultGenericMobileDriver.java:42)&#xa;	at io.appium.java_client.AppiumDriver.execute(AppiumDriver.java:1)&#xa;	at io.appium.java_client.android.AndroidDriver.execute(AndroidDriver.java:1)&#xa;	at com.kms.katalon.core.appium.driver.SwipeableAndroidDriver.execute(SwipeableAndroidDriver.java:1)&#xa;	at org.openqa.selenium.remote.RemoteWebDriver.findElements(RemoteWebDriver.java:353)&#xa;	at io.appium.java_client.DefaultGenericMobileDriver.findElements(DefaultGenericMobileDriver.java:54)&#xa;	at io.appium.java_client.AppiumDriver.findElements(AppiumDriver.java:152)&#xa;	at org.openqa.selenium.remote.RemoteWebDriver.findElementsByXPath(RemoteWebDriver.java:432)&#xa;	at io.appium.java_client.DefaultGenericMobileDriver.findElementsByXPath(DefaultGenericMobileDriver.java:156)&#xa;	at io.appium.java_client.AppiumDriver.findElementsByXPath(AppiumDriver.java:184)&#xa;	at org.openqa.selenium.By$ByXPath.findElements(By.java:348)&#xa;	at org.openqa.selenium.remote.RemoteWebDriver.findElements(RemoteWebDriver.java:311)&#xa;	at io.appium.java_client.DefaultGenericMobileDriver.findElements(DefaultGenericMobileDriver.java:50)&#xa;	at io.appium.java_client.AppiumDriver.findElements(AppiumDriver.java:148)&#xa;	at base.BaseKeyword$Trait$Helper.isDisplayed(BaseKeyword.groovy:234)&#xa;	at screens.LoginScreen.isDisplayed(LoginScreen.groovy)&#xa;	at base.BaseKeyword$Trait$Helper.isDisplayed(BaseKeyword.groovy:229)&#xa;	at screens.LoginScreen.isDisplayed(LoginScreen.groovy)&#xa;	at screens.LoginScreen.isGuest(LoginScreen.groovy:34)&#xa;	at screens.LoginScreen.login(LoginScreen.groovy:10)&#xa;	at 008 HIEN THI HO SO DI.run(008 HIEN THI HO SO DI:6)&#xa;	at com.kms.katalon.core.main.ScriptEngine.run(ScriptEngine.java:194)&#xa;	at com.kms.katalon.core.main.ScriptEngine.runScriptAsRawText(ScriptEngine.java:119)&#xa;	at com.kms.katalon.core.main.TestCaseExecutor.runScript(TestCaseExecutor.java:448)&#xa;	at com.kms.katalon.core.main.TestCaseExecutor.doExecute(TestCaseExecutor.java:439)&#xa;	at com.kms.katalon.core.main.TestCaseExecutor.processExecutionPhase(TestCaseExecutor.java:418)&#xa;	at com.kms.katalon.core.main.TestCaseExecutor.accessMainPhase(TestCaseExecutor.java:410)&#xa;	at com.kms.katalon.core.main.TestCaseExecutor.execute(TestCaseExecutor.java:285)&#xa;	at com.kms.katalon.core.common.CommonExecutor.accessTestCaseMainPhase(CommonExecutor.java:65)&#xa;	at com.kms.katalon.core.main.TestSuiteExecutor.accessTestSuiteMainPhase(TestSuiteExecutor.java:150)&#xa;	at com.kms.katalon.core.main.TestSuiteExecutor.execute(TestSuiteExecutor.java:106)&#xa;	at com.kms.katalon.core.main.TestCaseMain.startTestSuite(TestCaseMain.java:180)&#xa;	at TempTestSuite1747531571431.run(TempTestSuite1747531571431.groovy:35)&#xa;	at java.base/jdk.internal.reflect.NativeMethodAccessorImpl.invoke0(Native Method)&#xa;	at java.base/jdk.internal.reflect.NativeMethodAccessorImpl.invoke(NativeMethodAccessorImpl.java:77)&#xa;	at java.base/jdk.internal.reflect.DelegatingMethodAccessorImpl.invoke(DelegatingMethodAccessorImpl.java:43)&#xa;"/>
         <system-out><![CDATA[18-05-2025T09:29:08 - [TEST_CASE][ERROR] - Test Cases/IPAPER APP/008 HIEN THI HO SO DI: Test Cases/IPAPER APP/008 HIEN THI HO SO DI FAILED.
Reason:
org.openqa.selenium.WebDriverException: An unknown server-side error occurred while processing the command. Original error: 'POST /elements' cannot be proxied to UiAutomator2 server because the instrumentation process is not running (probably crashed). Check the server log and/or the logcat output for more details
Build info: version: '3.141.59', revision: 'unknown', time: 'unknown'
System info: host: '192.168.1.4.non-exists.ptr.local', ip: '2402:800:63f2:b9ce:1859:4296:77a1:a88d%en0', os.name: 'Mac OS X', os.arch: 'aarch64', os.version: '15.4.1', java.version: '17.0.7'
Driver info: com.kms.katalon.core.appium.driver.SwipeableAndroidDriver
Capabilities {automationName: UiAutomator2, databaseEnabled: false, desired: {automationName: UiAutomator2, deviceName: af0c5cf7, noReset: true, platformName: android, waitForIdleTimeout: 3000}, deviceApiLevel: 35, deviceManufacturer: OPPO, deviceModel: CPH2699, deviceName: af0c5cf7, deviceScreenDensity: 480, deviceScreenSize: 1080x2400, deviceUDID: af0c5cf7, javascriptEnabled: true, locationContextEnabled: false, networkConnectionEnabled: true, noReset: true, pixelRatio: 3, platform: LINUX, platformName: Android, platformVersion: 15, statBarHeight: 120, takesScreenshot: true, viewportRect: {height: 2280, left: 0, top: 120, width: 1080}, waitForIdleTimeout: 3000, warnings: {}, webStorageEnabled: false}
Session ID: c0c10e71-bfa6-42a0-bfc6-9e4517bcdaae
*** Element info: {Using=xpath, value=//android.widget.EditText[@resource-id='com.hdbank.ipaper:id/edit_text_user_name']}
	at java.base/jdk.internal.reflect.NativeConstructorAccessorImpl.newInstance0(Native Method)
	at java.base/jdk.internal.reflect.NativeConstructorAccessorImpl.newInstance(NativeConstructorAccessorImpl.java:77)
	at java.base/jdk.internal.reflect.DelegatingConstructorAccessorImpl.newInstance(DelegatingConstructorAccessorImpl.java:45)
	at org.openqa.selenium.remote.http.W3CHttpResponseCodec.createException(W3CHttpResponseCodec.java:187)
	at org.openqa.selenium.remote.http.W3CHttpResponseCodec.decode(W3CHttpResponseCodec.java:122)
	at org.openqa.selenium.remote.http.W3CHttpResponseCodec.decode(W3CHttpResponseCodec.java:49)
	at org.openqa.selenium.remote.HttpCommandExecutor.execute(HttpCommandExecutor.java:158)
	at io.appium.java_client.remote.AppiumCommandExecutor.execute(AppiumCommandExecutor.java:239)
	at org.openqa.selenium.remote.RemoteWebDriver.execute(RemoteWebDriver.java:552)
	at io.appium.java_client.DefaultGenericMobileDriver.execute(DefaultGenericMobileDriver.java:42)
	at io.appium.java_client.AppiumDriver.execute(AppiumDriver.java:1)
	at io.appium.java_client.android.AndroidDriver.execute(AndroidDriver.java:1)
	at com.kms.katalon.core.appium.driver.SwipeableAndroidDriver.execute(SwipeableAndroidDriver.java:1)
	at org.openqa.selenium.remote.RemoteWebDriver.findElements(RemoteWebDriver.java:353)
	at io.appium.java_client.DefaultGenericMobileDriver.findElements(DefaultGenericMobileDriver.java:54)
	at io.appium.java_client.AppiumDriver.findElements(AppiumDriver.java:152)
	at org.openqa.selenium.remote.RemoteWebDriver.findElementsByXPath(RemoteWebDriver.java:432)
	at io.appium.java_client.DefaultGenericMobileDriver.findElementsByXPath(DefaultGenericMobileDriver.java:156)
	at io.appium.java_client.AppiumDriver.findElementsByXPath(AppiumDriver.java:184)
	at org.openqa.selenium.By$ByXPath.findElements(By.java:348)
	at org.openqa.selenium.remote.RemoteWebDriver.findElements(RemoteWebDriver.java:311)
	at io.appium.java_client.DefaultGenericMobileDriver.findElements(DefaultGenericMobileDriver.java:50)
	at io.appium.java_client.AppiumDriver.findElements(AppiumDriver.java:148)
	at base.BaseKeyword$Trait$Helper.isDisplayed(BaseKeyword.groovy:234)
	at screens.LoginScreen.isDisplayed(LoginScreen.groovy)
	at base.BaseKeyword$Trait$Helper.isDisplayed(BaseKeyword.groovy:229)
	at screens.LoginScreen.isDisplayed(LoginScreen.groovy)
	at screens.LoginScreen.isGuest(LoginScreen.groovy:34)
	at screens.LoginScreen.login(LoginScreen.groovy:10)
	at 008 HIEN THI HO SO DI.run(008 HIEN THI HO SO DI:6)
	at com.kms.katalon.core.main.ScriptEngine.run(ScriptEngine.java:194)
	at com.kms.katalon.core.main.ScriptEngine.runScriptAsRawText(ScriptEngine.java:119)
	at com.kms.katalon.core.main.TestCaseExecutor.runScript(TestCaseExecutor.java:448)
	at com.kms.katalon.core.main.TestCaseExecutor.doExecute(TestCaseExecutor.java:439)
	at com.kms.katalon.core.main.TestCaseExecutor.processExecutionPhase(TestCaseExecutor.java:418)
	at com.kms.katalon.core.main.TestCaseExecutor.accessMainPhase(TestCaseExecutor.java:410)
	at com.kms.katalon.core.main.TestCaseExecutor.execute(TestCaseExecutor.java:285)
	at com.kms.katalon.core.common.CommonExecutor.accessTestCaseMainPhase(CommonExecutor.java:65)
	at com.kms.katalon.core.main.TestSuiteExecutor.accessTestSuiteMainPhase(TestSuiteExecutor.java:150)
	at com.kms.katalon.core.main.TestSuiteExecutor.execute(TestSuiteExecutor.java:106)
	at com.kms.katalon.core.main.TestCaseMain.startTestSuite(TestCaseMain.java:180)
	at TempTestSuite1747531571431.run(TempTestSuite1747531571431.groovy:35)
	at java.base/jdk.internal.reflect.NativeMethodAccessorImpl.invoke0(Native Method)
	at java.base/jdk.internal.reflect.NativeMethodAccessorImpl.invoke(NativeMethodAccessorImpl.java:77)
	at java.base/jdk.internal.reflect.DelegatingMethodAccessorImpl.invoke(DelegatingMethodAccessorImpl.java:43)


18-05-2025T09:29:08 - [TEST_STEP][ERROR] - Start listener action : beforeTest: com.kms.katalon.core.exception.StepErrorException: org.openqa.selenium.WebDriverException: An unknown server-side error occurred while processing the command. Original error: 'POST /elements' cannot be proxied to UiAutomator2 server because the instrumentation process is not running (probably crashed). Check the server log and/or the logcat output for more details
Build info: version: '3.141.59', revision: 'unknown', time: 'unknown'
System info: host: '192.168.1.4.non-exists.ptr.local', ip: '2402:800:63f2:b9ce:1859:4296:77a1:a88d%en0', os.name: 'Mac OS X', os.arch: 'aarch64', os.version: '15.4.1', java.version: '17.0.7'
Driver info: com.kms.katalon.core.appium.driver.SwipeableAndroidDriver
Capabilities {automationName: UiAutomator2, databaseEnabled: false, desired: {automationName: UiAutomator2, deviceName: af0c5cf7, noReset: true, platformName: android, waitForIdleTimeout: 3000}, deviceApiLevel: 35, deviceManufacturer: OPPO, deviceModel: CPH2699, deviceName: af0c5cf7, deviceScreenDensity: 480, deviceScreenSize: 1080x2400, deviceUDID: af0c5cf7, javascriptEnabled: true, locationContextEnabled: false, networkConnectionEnabled: true, noReset: true, pixelRatio: 3, platform: LINUX, platformName: Android, platformVersion: 15, statBarHeight: 120, takesScreenshot: true, viewportRect: {height: 2280, left: 0, top: 120, width: 1080}, waitForIdleTimeout: 3000, warnings: {}, webStorageEnabled: false}
Session ID: c0c10e71-bfa6-42a0-bfc6-9e4517bcdaae
*** Element info: {Using=id, value=com.hdbank.ipaper:id/img_logo}
	at com.kms.katalon.core.main.CustomKeywordDelegatingMetaClass.throwError(CustomKeywordDelegatingMetaClass.java:101)
	at com.kms.katalon.core.main.CustomKeywordDelegatingMetaClass.invokeStaticMethod(CustomKeywordDelegatingMetaClass.java:73)
	at TestListener.beforeTest(TestListener.groovy:39)
	at java.base/jdk.internal.reflect.NativeMethodAccessorImpl.invoke0(Native Method)
	at java.base/jdk.internal.reflect.NativeMethodAccessorImpl.invoke(NativeMethodAccessorImpl.java:77)
	at java.base/jdk.internal.reflect.DelegatingMethodAccessorImpl.invoke(DelegatingMethodAccessorImpl.java:43)
	at com.kms.katalon.core.context.internal.TestHooker.invokeMethod(TestHooker.java:111)
	at com.kms.katalon.core.context.internal.TestHooker.lambda$3(TestHooker.java:95)
	at com.kms.katalon.core.context.internal.TestHooker.invokeContextMethods(TestHooker.java:94)
	at com.kms.katalon.core.context.internal.TestListenerCollector.lambda$3(TestListenerCollector.java:88)
	at com.kms.katalon.core.context.internal.TestListenerCollector.handleListenerEvent(TestListenerCollector.java:85)
	at com.kms.katalon.core.context.internal.ExecutionEventManager.publicEvent(ExecutionEventManager.java:36)
	at com.kms.katalon.core.main.TestCaseExecutor.execute(TestCaseExecutor.java:268)
	at com.kms.katalon.core.common.CommonExecutor.accessTestCaseMainPhase(CommonExecutor.java:65)
	at com.kms.katalon.core.main.TestSuiteExecutor.accessTestSuiteMainPhase(TestSuiteExecutor.java:150)
	at com.kms.katalon.core.main.TestSuiteExecutor.execute(TestSuiteExecutor.java:106)
	at com.kms.katalon.core.main.TestCaseMain.startTestSuite(TestCaseMain.java:180)
	at TempTestSuite1747531571431.run(TempTestSuite1747531571431.groovy:35)
	at java.base/jdk.internal.reflect.NativeMethodAccessorImpl.invoke0(Native Method)
	at java.base/jdk.internal.reflect.NativeMethodAccessorImpl.invoke(NativeMethodAccessorImpl.java:77)
	at java.base/jdk.internal.reflect.DelegatingMethodAccessorImpl.invoke(DelegatingMethodAccessorImpl.java:43)
Caused by: org.openqa.selenium.WebDriverException: An unknown server-side error occurred while processing the command. Original error: 'POST /elements' cannot be proxied to UiAutomator2 server because the instrumentation process is not running (probably crashed). Check the server log and/or the logcat output for more details
Build info: version: '3.141.59', revision: 'unknown', time: 'unknown'
System info: host: '192.168.1.4.non-exists.ptr.local', ip: '2402:800:63f2:b9ce:1859:4296:77a1:a88d%en0', os.name: 'Mac OS X', os.arch: 'aarch64', os.version: '15.4.1', java.version: '17.0.7'
Driver info: com.kms.katalon.core.appium.driver.SwipeableAndroidDriver
Capabilities {automationName: UiAutomator2, databaseEnabled: false, desired: {automationName: UiAutomator2, deviceName: af0c5cf7, noReset: true, platformName: android, waitForIdleTimeout: 3000}, deviceApiLevel: 35, deviceManufacturer: OPPO, deviceModel: CPH2699, deviceName: af0c5cf7, deviceScreenDensity: 480, deviceScreenSize: 1080x2400, deviceUDID: af0c5cf7, javascriptEnabled: true, locationContextEnabled: false, networkConnectionEnabled: true, noReset: true, pixelRatio: 3, platform: LINUX, platformName: Android, platformVersion: 15, statBarHeight: 120, takesScreenshot: true, viewportRect: {height: 2280, left: 0, top: 120, width: 1080}, waitForIdleTimeout: 3000, warnings: {}, webStorageEnabled: false}
Session ID: c0c10e71-bfa6-42a0-bfc6-9e4517bcdaae
*** Element info: {Using=id, value=com.hdbank.ipaper:id/img_logo}
	at java.base/jdk.internal.reflect.NativeConstructorAccessorImpl.newInstance0(Native Method)
	at java.base/jdk.internal.reflect.NativeConstructorAccessorImpl.newInstance(NativeConstructorAccessorImpl.java:77)
	at java.base/jdk.internal.reflect.DelegatingConstructorAccessorImpl.newInstance(DelegatingConstructorAccessorImpl.java:45)
	at org.openqa.selenium.remote.http.W3CHttpResponseCodec.createException(W3CHttpResponseCodec.java:187)
	at org.openqa.selenium.remote.http.W3CHttpResponseCodec.decode(W3CHttpResponseCodec.java:122)
	at org.openqa.selenium.remote.http.W3CHttpResponseCodec.decode(W3CHttpResponseCodec.java:49)
	at org.openqa.selenium.remote.HttpCommandExecutor.execute(HttpCommandExecutor.java:158)
	at io.appium.java_client.remote.AppiumCommandExecutor.execute(AppiumCommandExecutor.java:239)
	at org.openqa.selenium.remote.RemoteWebDriver.execute(RemoteWebDriver.java:552)
	at io.appium.java_client.DefaultGenericMobileDriver.execute(DefaultGenericMobileDriver.java:42)
	at io.appium.java_client.AppiumDriver.execute(AppiumDriver.java:1)
	at io.appium.java_client.android.AndroidDriver.execute(AndroidDriver.java:1)
	at com.kms.katalon.core.appium.driver.SwipeableAndroidDriver.execute(SwipeableAndroidDriver.java:1)
	at org.openqa.selenium.remote.RemoteWebDriver.findElements(RemoteWebDriver.java:353)
	at io.appium.java_client.DefaultGenericMobileDriver.findElements(DefaultGenericMobileDriver.java:54)
	at io.appium.java_client.AppiumDriver.findElements(AppiumDriver.java:152)
	at org.openqa.selenium.remote.RemoteWebDriver.findElementsById(RemoteWebDriver.java:376)
	at io.appium.java_client.DefaultGenericMobileDriver.findElementsById(DefaultGenericMobileDriver.java:66)
	at io.appium.java_client.AppiumDriver.findElementsById(AppiumDriver.java:156)
	at org.openqa.selenium.By$ById.findElements(By.java:180)
	at org.openqa.selenium.remote.RemoteWebDriver.findElements(RemoteWebDriver.java:311)
	at io.appium.java_client.DefaultGenericMobileDriver.findElements(DefaultGenericMobileDriver.java:50)
	at io.appium.java_client.AppiumDriver.findElements(AppiumDriver.java:148)
	at base.BaseKeyword$Trait$Helper$_waitForPresentOf_closure1.doCall(BaseKeyword.groovy:253)
	at jdk.internal.reflect.GeneratedMethodAccessor8.invoke(Unknown Source)
	at java.base/jdk.internal.reflect.DelegatingMethodAccessorImpl.invoke(DelegatingMethodAccessorImpl.java:43)
	at jdk.proxy2/jdk.proxy2.$Proxy34.apply(Unknown Source)
	at org.openqa.selenium.support.ui.FluentWait.until(FluentWait.java:249)
	at base.BaseKeyword$Trait$Helper.waitForPresentOf(BaseKeyword.groovy:252)
	at base.BaseApp.waitForPresentOf(BaseApp.groovy)
	at java.base/jdk.internal.reflect.NativeMethodAccessorImpl.invoke0(Native Method)
	at java.base/jdk.internal.reflect.NativeMethodAccessorImpl.invoke(NativeMethodAccessorImpl.java:77)
	at java.base/jdk.internal.reflect.DelegatingMethodAccessorImpl.invoke(DelegatingMethodAccessorImpl.java:43)
	at base.BaseApp.waitAppLauch(BaseApp.groovy:34)
	at java.base/jdk.internal.reflect.NativeMethodAccessorImpl.invoke0(Native Method)
	at java.base/jdk.internal.reflect.NativeMethodAccessorImpl.invoke(NativeMethodAccessorImpl.java:77)
	at java.base/jdk.internal.reflect.DelegatingMethodAccessorImpl.invoke(DelegatingMethodAccessorImpl.java:43)
	at drivers.Driver.openApp(Driver.groovy:60)
	at java.base/jdk.internal.reflect.NativeMethodAccessorImpl.invoke0(Native Method)
	at java.base/jdk.internal.reflect.NativeMethodAccessorImpl.invoke(NativeMethodAccessorImpl.java:77)
	at java.base/jdk.internal.reflect.DelegatingMethodAccessorImpl.invoke(DelegatingMethodAccessorImpl.java:43)
	at com.kms.katalon.core.main.CustomKeywordDelegatingMetaClass.invokeStaticMethod(CustomKeywordDelegatingMetaClass.java:55)
	... 19 more


18-05-2025T09:29:08 - [TEST_STEP][PASSED] - DataTest.init(): null

18-05-2025T09:29:08 - [TEST_STEP][PASSED] - testCaseId = split("/").last(): null

18-05-2025T09:29:08 - [TEST_STEP][PASSED] - if (!(drivers.Driver.isAppiumRunning())): drivers.Driver.isAppiumRunning is PASSED

18-05-2025T09:29:08 - [MESSAGE][INFO] - Appium running: true

18-05-2025T09:29:08 - [MESSAGE][PASSED] - drivers.Driver.isAppiumRunning is PASSED

18-05-2025T09:29:08 - [TEST_STEP][PASSED] - if (driver == null || driver.getSessionId() == null): null

18-05-2025T09:29:08 - [TEST_STEP][ERROR] - drivers.Driver.openApp(): com.kms.katalon.core.exception.StepErrorException: org.openqa.selenium.WebDriverException: An unknown server-side error occurred while processing the command. Original error: 'POST /elements' cannot be proxied to UiAutomator2 server because the instrumentation process is not running (probably crashed). Check the server log and/or the logcat output for more details
Build info: version: '3.141.59', revision: 'unknown', time: 'unknown'
System info: host: '192.168.1.4.non-exists.ptr.local', ip: '2402:800:63f2:b9ce:1859:4296:77a1:a88d%en0', os.name: 'Mac OS X', os.arch: 'aarch64', os.version: '15.4.1', java.version: '17.0.7'
Driver info: com.kms.katalon.core.appium.driver.SwipeableAndroidDriver
Capabilities {automationName: UiAutomator2, databaseEnabled: false, desired: {automationName: UiAutomator2, deviceName: af0c5cf7, noReset: true, platformName: android, waitForIdleTimeout: 3000}, deviceApiLevel: 35, deviceManufacturer: OPPO, deviceModel: CPH2699, deviceName: af0c5cf7, deviceScreenDensity: 480, deviceScreenSize: 1080x2400, deviceUDID: af0c5cf7, javascriptEnabled: true, locationContextEnabled: false, networkConnectionEnabled: true, noReset: true, pixelRatio: 3, platform: LINUX, platformName: Android, platformVersion: 15, statBarHeight: 120, takesScreenshot: true, viewportRect: {height: 2280, left: 0, top: 120, width: 1080}, waitForIdleTimeout: 3000, warnings: {}, webStorageEnabled: false}
Session ID: c0c10e71-bfa6-42a0-bfc6-9e4517bcdaae
*** Element info: {Using=id, value=com.hdbank.ipaper:id/img_logo}
	at com.kms.katalon.core.main.CustomKeywordDelegatingMetaClass.throwError(CustomKeywordDelegatingMetaClass.java:101)
	at com.kms.katalon.core.main.CustomKeywordDelegatingMetaClass.invokeStaticMethod(CustomKeywordDelegatingMetaClass.java:73)
	at TestListener.beforeTest(TestListener.groovy:39)
	at java.base/jdk.internal.reflect.NativeMethodAccessorImpl.invoke0(Native Method)
	at java.base/jdk.internal.reflect.NativeMethodAccessorImpl.invoke(NativeMethodAccessorImpl.java:77)
	at java.base/jdk.internal.reflect.DelegatingMethodAccessorImpl.invoke(DelegatingMethodAccessorImpl.java:43)
	at com.kms.katalon.core.context.internal.TestHooker.invokeMethod(TestHooker.java:111)
	at com.kms.katalon.core.context.internal.TestHooker.lambda$3(TestHooker.java:95)
	at com.kms.katalon.core.context.internal.TestHooker.invokeContextMethods(TestHooker.java:94)
	at com.kms.katalon.core.context.internal.TestListenerCollector.lambda$3(TestListenerCollector.java:88)
	at com.kms.katalon.core.context.internal.TestListenerCollector.handleListenerEvent(TestListenerCollector.java:85)
	at com.kms.katalon.core.context.internal.ExecutionEventManager.publicEvent(ExecutionEventManager.java:36)
	at com.kms.katalon.core.main.TestCaseExecutor.execute(TestCaseExecutor.java:268)
	at com.kms.katalon.core.common.CommonExecutor.accessTestCaseMainPhase(CommonExecutor.java:65)
	at com.kms.katalon.core.main.TestSuiteExecutor.accessTestSuiteMainPhase(TestSuiteExecutor.java:150)
	at com.kms.katalon.core.main.TestSuiteExecutor.execute(TestSuiteExecutor.java:106)
	at com.kms.katalon.core.main.TestCaseMain.startTestSuite(TestCaseMain.java:180)
	at TempTestSuite1747531571431.run(TempTestSuite1747531571431.groovy:35)
	at java.base/jdk.internal.reflect.NativeMethodAccessorImpl.invoke0(Native Method)
	at java.base/jdk.internal.reflect.NativeMethodAccessorImpl.invoke(NativeMethodAccessorImpl.java:77)
	at java.base/jdk.internal.reflect.DelegatingMethodAccessorImpl.invoke(DelegatingMethodAccessorImpl.java:43)
Caused by: org.openqa.selenium.WebDriverException: An unknown server-side error occurred while processing the command. Original error: 'POST /elements' cannot be proxied to UiAutomator2 server because the instrumentation process is not running (probably crashed). Check the server log and/or the logcat output for more details
Build info: version: '3.141.59', revision: 'unknown', time: 'unknown'
System info: host: '192.168.1.4.non-exists.ptr.local', ip: '2402:800:63f2:b9ce:1859:4296:77a1:a88d%en0', os.name: 'Mac OS X', os.arch: 'aarch64', os.version: '15.4.1', java.version: '17.0.7'
Driver info: com.kms.katalon.core.appium.driver.SwipeableAndroidDriver
Capabilities {automationName: UiAutomator2, databaseEnabled: false, desired: {automationName: UiAutomator2, deviceName: af0c5cf7, noReset: true, platformName: android, waitForIdleTimeout: 3000}, deviceApiLevel: 35, deviceManufacturer: OPPO, deviceModel: CPH2699, deviceName: af0c5cf7, deviceScreenDensity: 480, deviceScreenSize: 1080x2400, deviceUDID: af0c5cf7, javascriptEnabled: true, locationContextEnabled: false, networkConnectionEnabled: true, noReset: true, pixelRatio: 3, platform: LINUX, platformName: Android, platformVersion: 15, statBarHeight: 120, takesScreenshot: true, viewportRect: {height: 2280, left: 0, top: 120, width: 1080}, waitForIdleTimeout: 3000, warnings: {}, webStorageEnabled: false}
Session ID: c0c10e71-bfa6-42a0-bfc6-9e4517bcdaae
*** Element info: {Using=id, value=com.hdbank.ipaper:id/img_logo}
	at java.base/jdk.internal.reflect.NativeConstructorAccessorImpl.newInstance0(Native Method)
	at java.base/jdk.internal.reflect.NativeConstructorAccessorImpl.newInstance(NativeConstructorAccessorImpl.java:77)
	at java.base/jdk.internal.reflect.DelegatingConstructorAccessorImpl.newInstance(DelegatingConstructorAccessorImpl.java:45)
	at org.openqa.selenium.remote.http.W3CHttpResponseCodec.createException(W3CHttpResponseCodec.java:187)
	at org.openqa.selenium.remote.http.W3CHttpResponseCodec.decode(W3CHttpResponseCodec.java:122)
	at org.openqa.selenium.remote.http.W3CHttpResponseCodec.decode(W3CHttpResponseCodec.java:49)
	at org.openqa.selenium.remote.HttpCommandExecutor.execute(HttpCommandExecutor.java:158)
	at io.appium.java_client.remote.AppiumCommandExecutor.execute(AppiumCommandExecutor.java:239)
	at org.openqa.selenium.remote.RemoteWebDriver.execute(RemoteWebDriver.java:552)
	at io.appium.java_client.DefaultGenericMobileDriver.execute(DefaultGenericMobileDriver.java:42)
	at io.appium.java_client.AppiumDriver.execute(AppiumDriver.java:1)
	at io.appium.java_client.android.AndroidDriver.execute(AndroidDriver.java:1)
	at com.kms.katalon.core.appium.driver.SwipeableAndroidDriver.execute(SwipeableAndroidDriver.java:1)
	at org.openqa.selenium.remote.RemoteWebDriver.findElements(RemoteWebDriver.java:353)
	at io.appium.java_client.DefaultGenericMobileDriver.findElements(DefaultGenericMobileDriver.java:54)
	at io.appium.java_client.AppiumDriver.findElements(AppiumDriver.java:152)
	at org.openqa.selenium.remote.RemoteWebDriver.findElementsById(RemoteWebDriver.java:376)
	at io.appium.java_client.DefaultGenericMobileDriver.findElementsById(DefaultGenericMobileDriver.java:66)
	at io.appium.java_client.AppiumDriver.findElementsById(AppiumDriver.java:156)
	at org.openqa.selenium.By$ById.findElements(By.java:180)
	at org.openqa.selenium.remote.RemoteWebDriver.findElements(RemoteWebDriver.java:311)
	at io.appium.java_client.DefaultGenericMobileDriver.findElements(DefaultGenericMobileDriver.java:50)
	at io.appium.java_client.AppiumDriver.findElements(AppiumDriver.java:148)
	at base.BaseKeyword$Trait$Helper$_waitForPresentOf_closure1.doCall(BaseKeyword.groovy:253)
	at jdk.internal.reflect.GeneratedMethodAccessor8.invoke(Unknown Source)
	at java.base/jdk.internal.reflect.DelegatingMethodAccessorImpl.invoke(DelegatingMethodAccessorImpl.java:43)
	at jdk.proxy2/jdk.proxy2.$Proxy34.apply(Unknown Source)
	at org.openqa.selenium.support.ui.FluentWait.until(FluentWait.java:249)
	at base.BaseKeyword$Trait$Helper.waitForPresentOf(BaseKeyword.groovy:252)
	at base.BaseApp.waitForPresentOf(BaseApp.groovy)
	at java.base/jdk.internal.reflect.NativeMethodAccessorImpl.invoke0(Native Method)
	at java.base/jdk.internal.reflect.NativeMethodAccessorImpl.invoke(NativeMethodAccessorImpl.java:77)
	at java.base/jdk.internal.reflect.DelegatingMethodAccessorImpl.invoke(DelegatingMethodAccessorImpl.java:43)
	at base.BaseApp.waitAppLauch(BaseApp.groovy:34)
	at java.base/jdk.internal.reflect.NativeMethodAccessorImpl.invoke0(Native Method)
	at java.base/jdk.internal.reflect.NativeMethodAccessorImpl.invoke(NativeMethodAccessorImpl.java:77)
	at java.base/jdk.internal.reflect.DelegatingMethodAccessorImpl.invoke(DelegatingMethodAccessorImpl.java:43)
	at drivers.Driver.openApp(Driver.groovy:60)
	at java.base/jdk.internal.reflect.NativeMethodAccessorImpl.invoke0(Native Method)
	at java.base/jdk.internal.reflect.NativeMethodAccessorImpl.invoke(NativeMethodAccessorImpl.java:77)
	at java.base/jdk.internal.reflect.DelegatingMethodAccessorImpl.invoke(DelegatingMethodAccessorImpl.java:43)
	at com.kms.katalon.core.main.CustomKeywordDelegatingMetaClass.invokeStaticMethod(CustomKeywordDelegatingMetaClass.java:55)
	... 19 more


18-05-2025T09:29:08 - [MESSAGE][ERROR] - An unknown server-side error occurred while processing the command. Original error: 'POST /elements' cannot be proxied to UiAutomator2 server because the instrumentation process is not running (probably crashed). Check the server log and/or the logcat output for more details
Build info: version: '3.141.59', revision: 'unknown', time: 'unknown'
System info: host: '192.168.1.4.non-exists.ptr.local', ip: '2402:800:63f2:b9ce:1859:4296:77a1:a88d%en0', os.name: 'Mac OS X', os.arch: 'aarch64', os.version: '15.4.1', java.version: '17.0.7'
Driver info: com.kms.katalon.core.appium.driver.SwipeableAndroidDriver
Capabilities {automationName: UiAutomator2, databaseEnabled: false, desired: {automationName: UiAutomator2, deviceName: af0c5cf7, noReset: true, platformName: android, waitForIdleTimeout: 3000}, deviceApiLevel: 35, deviceManufacturer: OPPO, deviceModel: CPH2699, deviceName: af0c5cf7, deviceScreenDensity: 480, deviceScreenSize: 1080x2400, deviceUDID: af0c5cf7, javascriptEnabled: true, locationContextEnabled: false, networkConnectionEnabled: true, noReset: true, pixelRatio: 3, platform: LINUX, platformName: Android, platformVersion: 15, statBarHeight: 120, takesScreenshot: true, viewportRect: {height: 2280, left: 0, top: 120, width: 1080}, waitForIdleTimeout: 3000, warnings: {}, webStorageEnabled: false}
Session ID: c0c10e71-bfa6-42a0-bfc6-9e4517bcdaae
*** Element info: {Using=id, value=com.hdbank.ipaper:id/img_logo}

18-05-2025T09:29:08 - [MESSAGE][ERROR] - com.kms.katalon.core.exception.StepErrorException: org.openqa.selenium.WebDriverException: An unknown server-side error occurred while processing the command. Original error: 'POST /elements' cannot be proxied to UiAutomator2 server because the instrumentation process is not running (probably crashed). Check the server log and/or the logcat output for more details
Build info: version: '3.141.59', revision: 'unknown', time: 'unknown'
System info: host: '192.168.1.4.non-exists.ptr.local', ip: '2402:800:63f2:b9ce:1859:4296:77a1:a88d%en0', os.name: 'Mac OS X', os.arch: 'aarch64', os.version: '15.4.1', java.version: '17.0.7'
Driver info: com.kms.katalon.core.appium.driver.SwipeableAndroidDriver
Capabilities {automationName: UiAutomator2, databaseEnabled: false, desired: {automationName: UiAutomator2, deviceName: af0c5cf7, noReset: true, platformName: android, waitForIdleTimeout: 3000}, deviceApiLevel: 35, deviceManufacturer: OPPO, deviceModel: CPH2699, deviceName: af0c5cf7, deviceScreenDensity: 480, deviceScreenSize: 1080x2400, deviceUDID: af0c5cf7, javascriptEnabled: true, locationContextEnabled: false, networkConnectionEnabled: true, noReset: true, pixelRatio: 3, platform: LINUX, platformName: Android, platformVersion: 15, statBarHeight: 120, takesScreenshot: true, viewportRect: {height: 2280, left: 0, top: 120, width: 1080}, waitForIdleTimeout: 3000, warnings: {}, webStorageEnabled: false}
Session ID: c0c10e71-bfa6-42a0-bfc6-9e4517bcdaae
*** Element info: {Using=id, value=com.hdbank.ipaper:id/img_logo}
	at com.kms.katalon.core.main.CustomKeywordDelegatingMetaClass.throwError(CustomKeywordDelegatingMetaClass.java:101)
	at com.kms.katalon.core.main.CustomKeywordDelegatingMetaClass.invokeStaticMethod(CustomKeywordDelegatingMetaClass.java:73)
	at TestListener.beforeTest(TestListener.groovy:39)
	at java.base/jdk.internal.reflect.NativeMethodAccessorImpl.invoke0(Native Method)
	at java.base/jdk.internal.reflect.NativeMethodAccessorImpl.invoke(NativeMethodAccessorImpl.java:77)
	at java.base/jdk.internal.reflect.DelegatingMethodAccessorImpl.invoke(DelegatingMethodAccessorImpl.java:43)
	at com.kms.katalon.core.context.internal.TestHooker.invokeMethod(TestHooker.java:111)
	at com.kms.katalon.core.context.internal.TestHooker.lambda$3(TestHooker.java:95)
	at com.kms.katalon.core.context.internal.TestHooker.invokeContextMethods(TestHooker.java:94)
	at com.kms.katalon.core.context.internal.TestListenerCollector.lambda$3(TestListenerCollector.java:88)
	at com.kms.katalon.core.context.internal.TestListenerCollector.handleListenerEvent(TestListenerCollector.java:85)
	at com.kms.katalon.core.context.internal.ExecutionEventManager.publicEvent(ExecutionEventManager.java:36)
	at com.kms.katalon.core.main.TestCaseExecutor.execute(TestCaseExecutor.java:268)
	at com.kms.katalon.core.common.CommonExecutor.accessTestCaseMainPhase(CommonExecutor.java:65)
	at com.kms.katalon.core.main.TestSuiteExecutor.accessTestSuiteMainPhase(TestSuiteExecutor.java:150)
	at com.kms.katalon.core.main.TestSuiteExecutor.execute(TestSuiteExecutor.java:106)
	at com.kms.katalon.core.main.TestCaseMain.startTestSuite(TestCaseMain.java:180)
	at TempTestSuite1747531571431.run(TempTestSuite1747531571431.groovy:35)
	at java.base/jdk.internal.reflect.NativeMethodAccessorImpl.invoke0(Native Method)
	at java.base/jdk.internal.reflect.NativeMethodAccessorImpl.invoke(NativeMethodAccessorImpl.java:77)
	at java.base/jdk.internal.reflect.DelegatingMethodAccessorImpl.invoke(DelegatingMethodAccessorImpl.java:43)
Caused by: org.openqa.selenium.WebDriverException: An unknown server-side error occurred while processing the command. Original error: 'POST /elements' cannot be proxied to UiAutomator2 server because the instrumentation process is not running (probably crashed). Check the server log and/or the logcat output for more details
Build info: version: '3.141.59', revision: 'unknown', time: 'unknown'
System info: host: '192.168.1.4.non-exists.ptr.local', ip: '2402:800:63f2:b9ce:1859:4296:77a1:a88d%en0', os.name: 'Mac OS X', os.arch: 'aarch64', os.version: '15.4.1', java.version: '17.0.7'
Driver info: com.kms.katalon.core.appium.driver.SwipeableAndroidDriver
Capabilities {automationName: UiAutomator2, databaseEnabled: false, desired: {automationName: UiAutomator2, deviceName: af0c5cf7, noReset: true, platformName: android, waitForIdleTimeout: 3000}, deviceApiLevel: 35, deviceManufacturer: OPPO, deviceModel: CPH2699, deviceName: af0c5cf7, deviceScreenDensity: 480, deviceScreenSize: 1080x2400, deviceUDID: af0c5cf7, javascriptEnabled: true, locationContextEnabled: false, networkConnectionEnabled: true, noReset: true, pixelRatio: 3, platform: LINUX, platformName: Android, platformVersion: 15, statBarHeight: 120, takesScreenshot: true, viewportRect: {height: 2280, left: 0, top: 120, width: 1080}, waitForIdleTimeout: 3000, warnings: {}, webStorageEnabled: false}
Session ID: c0c10e71-bfa6-42a0-bfc6-9e4517bcdaae
*** Element info: {Using=id, value=com.hdbank.ipaper:id/img_logo}
	at java.base/jdk.internal.reflect.NativeConstructorAccessorImpl.newInstance0(Native Method)
	at java.base/jdk.internal.reflect.NativeConstructorAccessorImpl.newInstance(NativeConstructorAccessorImpl.java:77)
	at java.base/jdk.internal.reflect.DelegatingConstructorAccessorImpl.newInstance(DelegatingConstructorAccessorImpl.java:45)
	at org.openqa.selenium.remote.http.W3CHttpResponseCodec.createException(W3CHttpResponseCodec.java:187)
	at org.openqa.selenium.remote.http.W3CHttpResponseCodec.decode(W3CHttpResponseCodec.java:122)
	at org.openqa.selenium.remote.http.W3CHttpResponseCodec.decode(W3CHttpResponseCodec.java:49)
	at org.openqa.selenium.remote.HttpCommandExecutor.execute(HttpCommandExecutor.java:158)
	at io.appium.java_client.remote.AppiumCommandExecutor.execute(AppiumCommandExecutor.java:239)
	at org.openqa.selenium.remote.RemoteWebDriver.execute(RemoteWebDriver.java:552)
	at io.appium.java_client.DefaultGenericMobileDriver.execute(DefaultGenericMobileDriver.java:42)
	at io.appium.java_client.AppiumDriver.execute(AppiumDriver.java:1)
	at io.appium.java_client.android.AndroidDriver.execute(AndroidDriver.java:1)
	at com.kms.katalon.core.appium.driver.SwipeableAndroidDriver.execute(SwipeableAndroidDriver.java:1)
	at org.openqa.selenium.remote.RemoteWebDriver.findElements(RemoteWebDriver.java:353)
	at io.appium.java_client.DefaultGenericMobileDriver.findElements(DefaultGenericMobileDriver.java:54)
	at io.appium.java_client.AppiumDriver.findElements(AppiumDriver.java:152)
	at org.openqa.selenium.remote.RemoteWebDriver.findElementsById(RemoteWebDriver.java:376)
	at io.appium.java_client.DefaultGenericMobileDriver.findElementsById(DefaultGenericMobileDriver.java:66)
	at io.appium.java_client.AppiumDriver.findElementsById(AppiumDriver.java:156)
	at org.openqa.selenium.By$ById.findElements(By.java:180)
	at org.openqa.selenium.remote.RemoteWebDriver.findElements(RemoteWebDriver.java:311)
	at io.appium.java_client.DefaultGenericMobileDriver.findElements(DefaultGenericMobileDriver.java:50)
	at io.appium.java_client.AppiumDriver.findElements(AppiumDriver.java:148)
	at base.BaseKeyword$Trait$Helper$_waitForPresentOf_closure1.doCall(BaseKeyword.groovy:253)
	at jdk.internal.reflect.GeneratedMethodAccessor8.invoke(Unknown Source)
	at java.base/jdk.internal.reflect.DelegatingMethodAccessorImpl.invoke(DelegatingMethodAccessorImpl.java:43)
	at jdk.proxy2/jdk.proxy2.$Proxy34.apply(Unknown Source)
	at org.openqa.selenium.support.ui.FluentWait.until(FluentWait.java:249)
	at base.BaseKeyword$Trait$Helper.waitForPresentOf(BaseKeyword.groovy:252)
	at base.BaseApp.waitForPresentOf(BaseApp.groovy)
	at java.base/jdk.internal.reflect.NativeMethodAccessorImpl.invoke0(Native Method)
	at java.base/jdk.internal.reflect.NativeMethodAccessorImpl.invoke(NativeMethodAccessorImpl.java:77)
	at java.base/jdk.internal.reflect.DelegatingMethodAccessorImpl.invoke(DelegatingMethodAccessorImpl.java:43)
	at base.BaseApp.waitAppLauch(BaseApp.groovy:34)
	at java.base/jdk.internal.reflect.NativeMethodAccessorImpl.invoke0(Native Method)
	at java.base/jdk.internal.reflect.NativeMethodAccessorImpl.invoke(NativeMethodAccessorImpl.java:77)
	at java.base/jdk.internal.reflect.DelegatingMethodAccessorImpl.invoke(DelegatingMethodAccessorImpl.java:43)
	at drivers.Driver.openApp(Driver.groovy:60)
	at java.base/jdk.internal.reflect.NativeMethodAccessorImpl.invoke0(Native Method)
	at java.base/jdk.internal.reflect.NativeMethodAccessorImpl.invoke(NativeMethodAccessorImpl.java:77)
	at java.base/jdk.internal.reflect.DelegatingMethodAccessorImpl.invoke(DelegatingMethodAccessorImpl.java:43)
	at com.kms.katalon.core.main.CustomKeywordDelegatingMetaClass.invokeStaticMethod(CustomKeywordDelegatingMetaClass.java:55)
	... 19 more


18-05-2025T09:29:08 - [TEST_STEP][PASSED] - auto1 = DataTest.getUserTest("auto1"): null

18-05-2025T09:29:08 - [TEST_STEP][ERROR] - loginScreen.login(auto1): Test Cases/IPAPER APP/008 HIEN THI HO SO DI FAILED.
Reason:
org.openqa.selenium.WebDriverException: An unknown server-side error occurred while processing the command. Original error: 'POST /elements' cannot be proxied to UiAutomator2 server because the instrumentation process is not running (probably crashed). Check the server log and/or the logcat output for more details
Build info: version: '3.141.59', revision: 'unknown', time: 'unknown'
System info: host: '192.168.1.4.non-exists.ptr.local', ip: '2402:800:63f2:b9ce:1859:4296:77a1:a88d%en0', os.name: 'Mac OS X', os.arch: 'aarch64', os.version: '15.4.1', java.version: '17.0.7'
Driver info: com.kms.katalon.core.appium.driver.SwipeableAndroidDriver
Capabilities {automationName: UiAutomator2, databaseEnabled: false, desired: {automationName: UiAutomator2, deviceName: af0c5cf7, noReset: true, platformName: android, waitForIdleTimeout: 3000}, deviceApiLevel: 35, deviceManufacturer: OPPO, deviceModel: CPH2699, deviceName: af0c5cf7, deviceScreenDensity: 480, deviceScreenSize: 1080x2400, deviceUDID: af0c5cf7, javascriptEnabled: true, locationContextEnabled: false, networkConnectionEnabled: true, noReset: true, pixelRatio: 3, platform: LINUX, platformName: Android, platformVersion: 15, statBarHeight: 120, takesScreenshot: true, viewportRect: {height: 2280, left: 0, top: 120, width: 1080}, waitForIdleTimeout: 3000, warnings: {}, webStorageEnabled: false}
Session ID: c0c10e71-bfa6-42a0-bfc6-9e4517bcdaae
*** Element info: {Using=xpath, value=//android.widget.EditText[@resource-id='com.hdbank.ipaper:id/edit_text_user_name']}
	at java.base/jdk.internal.reflect.NativeConstructorAccessorImpl.newInstance0(Native Method)
	at java.base/jdk.internal.reflect.NativeConstructorAccessorImpl.newInstance(NativeConstructorAccessorImpl.java:77)
	at java.base/jdk.internal.reflect.DelegatingConstructorAccessorImpl.newInstance(DelegatingConstructorAccessorImpl.java:45)
	at org.openqa.selenium.remote.http.W3CHttpResponseCodec.createException(W3CHttpResponseCodec.java:187)
	at org.openqa.selenium.remote.http.W3CHttpResponseCodec.decode(W3CHttpResponseCodec.java:122)
	at org.openqa.selenium.remote.http.W3CHttpResponseCodec.decode(W3CHttpResponseCodec.java:49)
	at org.openqa.selenium.remote.HttpCommandExecutor.execute(HttpCommandExecutor.java:158)
	at io.appium.java_client.remote.AppiumCommandExecutor.execute(AppiumCommandExecutor.java:239)
	at org.openqa.selenium.remote.RemoteWebDriver.execute(RemoteWebDriver.java:552)
	at io.appium.java_client.DefaultGenericMobileDriver.execute(DefaultGenericMobileDriver.java:42)
	at io.appium.java_client.AppiumDriver.execute(AppiumDriver.java:1)
	at io.appium.java_client.android.AndroidDriver.execute(AndroidDriver.java:1)
	at com.kms.katalon.core.appium.driver.SwipeableAndroidDriver.execute(SwipeableAndroidDriver.java:1)
	at org.openqa.selenium.remote.RemoteWebDriver.findElements(RemoteWebDriver.java:353)
	at io.appium.java_client.DefaultGenericMobileDriver.findElements(DefaultGenericMobileDriver.java:54)
	at io.appium.java_client.AppiumDriver.findElements(AppiumDriver.java:152)
	at org.openqa.selenium.remote.RemoteWebDriver.findElementsByXPath(RemoteWebDriver.java:432)
	at io.appium.java_client.DefaultGenericMobileDriver.findElementsByXPath(DefaultGenericMobileDriver.java:156)
	at io.appium.java_client.AppiumDriver.findElementsByXPath(AppiumDriver.java:184)
	at org.openqa.selenium.By$ByXPath.findElements(By.java:348)
	at org.openqa.selenium.remote.RemoteWebDriver.findElements(RemoteWebDriver.java:311)
	at io.appium.java_client.DefaultGenericMobileDriver.findElements(DefaultGenericMobileDriver.java:50)
	at io.appium.java_client.AppiumDriver.findElements(AppiumDriver.java:148)
	at base.BaseKeyword$Trait$Helper.isDisplayed(BaseKeyword.groovy:234)
	at screens.LoginScreen.isDisplayed(LoginScreen.groovy)
	at base.BaseKeyword$Trait$Helper.isDisplayed(BaseKeyword.groovy:229)
	at screens.LoginScreen.isDisplayed(LoginScreen.groovy)
	at screens.LoginScreen.isGuest(LoginScreen.groovy:34)
	at screens.LoginScreen.login(LoginScreen.groovy:10)
	at 008 HIEN THI HO SO DI.run(008 HIEN THI HO SO DI:6)
	at com.kms.katalon.core.main.ScriptEngine.run(ScriptEngine.java:194)
	at com.kms.katalon.core.main.ScriptEngine.runScriptAsRawText(ScriptEngine.java:119)
	at com.kms.katalon.core.main.TestCaseExecutor.runScript(TestCaseExecutor.java:448)
	at com.kms.katalon.core.main.TestCaseExecutor.doExecute(TestCaseExecutor.java:439)
	at com.kms.katalon.core.main.TestCaseExecutor.processExecutionPhase(TestCaseExecutor.java:418)
	at com.kms.katalon.core.main.TestCaseExecutor.accessMainPhase(TestCaseExecutor.java:410)
	at com.kms.katalon.core.main.TestCaseExecutor.execute(TestCaseExecutor.java:285)
	at com.kms.katalon.core.common.CommonExecutor.accessTestCaseMainPhase(CommonExecutor.java:65)
	at com.kms.katalon.core.main.TestSuiteExecutor.accessTestSuiteMainPhase(TestSuiteExecutor.java:150)
	at com.kms.katalon.core.main.TestSuiteExecutor.execute(TestSuiteExecutor.java:106)
	at com.kms.katalon.core.main.TestCaseMain.startTestSuite(TestCaseMain.java:180)
	at TempTestSuite1747531571431.run(TempTestSuite1747531571431.groovy:35)
	at java.base/jdk.internal.reflect.NativeMethodAccessorImpl.invoke0(Native Method)
	at java.base/jdk.internal.reflect.NativeMethodAccessorImpl.invoke(NativeMethodAccessorImpl.java:77)
	at java.base/jdk.internal.reflect.DelegatingMethodAccessorImpl.invoke(DelegatingMethodAccessorImpl.java:43)


18-05-2025T09:29:08 - [MESSAGE][ERROR] - Test Cases/IPAPER APP/008 HIEN THI HO SO DI FAILED.
Reason:
org.openqa.selenium.WebDriverException: An unknown server-side error occurred while processing the command. Original error: 'POST /elements' cannot be proxied to UiAutomator2 server because the instrumentation process is not running (probably crashed). Check the server log and/or the logcat output for more details
Build info: version: '3.141.59', revision: 'unknown', time: 'unknown'
System info: host: '192.168.1.4.non-exists.ptr.local', ip: '2402:800:63f2:b9ce:1859:4296:77a1:a88d%en0', os.name: 'Mac OS X', os.arch: 'aarch64', os.version: '15.4.1', java.version: '17.0.7'
Driver info: com.kms.katalon.core.appium.driver.SwipeableAndroidDriver
Capabilities {automationName: UiAutomator2, databaseEnabled: false, desired: {automationName: UiAutomator2, deviceName: af0c5cf7, noReset: true, platformName: android, waitForIdleTimeout: 3000}, deviceApiLevel: 35, deviceManufacturer: OPPO, deviceModel: CPH2699, deviceName: af0c5cf7, deviceScreenDensity: 480, deviceScreenSize: 1080x2400, deviceUDID: af0c5cf7, javascriptEnabled: true, locationContextEnabled: false, networkConnectionEnabled: true, noReset: true, pixelRatio: 3, platform: LINUX, platformName: Android, platformVersion: 15, statBarHeight: 120, takesScreenshot: true, viewportRect: {height: 2280, left: 0, top: 120, width: 1080}, waitForIdleTimeout: 3000, warnings: {}, webStorageEnabled: false}
Session ID: c0c10e71-bfa6-42a0-bfc6-9e4517bcdaae
*** Element info: {Using=xpath, value=//android.widget.EditText[@resource-id='com.hdbank.ipaper:id/edit_text_user_name']}
	at java.base/jdk.internal.reflect.NativeConstructorAccessorImpl.newInstance0(Native Method)
	at java.base/jdk.internal.reflect.NativeConstructorAccessorImpl.newInstance(NativeConstructorAccessorImpl.java:77)
	at java.base/jdk.internal.reflect.DelegatingConstructorAccessorImpl.newInstance(DelegatingConstructorAccessorImpl.java:45)
	at org.openqa.selenium.remote.http.W3CHttpResponseCodec.createException(W3CHttpResponseCodec.java:187)
	at org.openqa.selenium.remote.http.W3CHttpResponseCodec.decode(W3CHttpResponseCodec.java:122)
	at org.openqa.selenium.remote.http.W3CHttpResponseCodec.decode(W3CHttpResponseCodec.java:49)
	at org.openqa.selenium.remote.HttpCommandExecutor.execute(HttpCommandExecutor.java:158)
	at io.appium.java_client.remote.AppiumCommandExecutor.execute(AppiumCommandExecutor.java:239)
	at org.openqa.selenium.remote.RemoteWebDriver.execute(RemoteWebDriver.java:552)
	at io.appium.java_client.DefaultGenericMobileDriver.execute(DefaultGenericMobileDriver.java:42)
	at io.appium.java_client.AppiumDriver.execute(AppiumDriver.java:1)
	at io.appium.java_client.android.AndroidDriver.execute(AndroidDriver.java:1)
	at com.kms.katalon.core.appium.driver.SwipeableAndroidDriver.execute(SwipeableAndroidDriver.java:1)
	at org.openqa.selenium.remote.RemoteWebDriver.findElements(RemoteWebDriver.java:353)
	at io.appium.java_client.DefaultGenericMobileDriver.findElements(DefaultGenericMobileDriver.java:54)
	at io.appium.java_client.AppiumDriver.findElements(AppiumDriver.java:152)
	at org.openqa.selenium.remote.RemoteWebDriver.findElementsByXPath(RemoteWebDriver.java:432)
	at io.appium.java_client.DefaultGenericMobileDriver.findElementsByXPath(DefaultGenericMobileDriver.java:156)
	at io.appium.java_client.AppiumDriver.findElementsByXPath(AppiumDriver.java:184)
	at org.openqa.selenium.By$ByXPath.findElements(By.java:348)
	at org.openqa.selenium.remote.RemoteWebDriver.findElements(RemoteWebDriver.java:311)
	at io.appium.java_client.DefaultGenericMobileDriver.findElements(DefaultGenericMobileDriver.java:50)
	at io.appium.java_client.AppiumDriver.findElements(AppiumDriver.java:148)
	at base.BaseKeyword$Trait$Helper.isDisplayed(BaseKeyword.groovy:234)
	at screens.LoginScreen.isDisplayed(LoginScreen.groovy)
	at base.BaseKeyword$Trait$Helper.isDisplayed(BaseKeyword.groovy:229)
	at screens.LoginScreen.isDisplayed(LoginScreen.groovy)
	at screens.LoginScreen.isGuest(LoginScreen.groovy:34)
	at screens.LoginScreen.login(LoginScreen.groovy:10)
	at 008 HIEN THI HO SO DI.run(008 HIEN THI HO SO DI:6)
	at com.kms.katalon.core.main.ScriptEngine.run(ScriptEngine.java:194)
	at com.kms.katalon.core.main.ScriptEngine.runScriptAsRawText(ScriptEngine.java:119)
	at com.kms.katalon.core.main.TestCaseExecutor.runScript(TestCaseExecutor.java:448)
	at com.kms.katalon.core.main.TestCaseExecutor.doExecute(TestCaseExecutor.java:439)
	at com.kms.katalon.core.main.TestCaseExecutor.processExecutionPhase(TestCaseExecutor.java:418)
	at com.kms.katalon.core.main.TestCaseExecutor.accessMainPhase(TestCaseExecutor.java:410)
	at com.kms.katalon.core.main.TestCaseExecutor.execute(TestCaseExecutor.java:285)
	at com.kms.katalon.core.common.CommonExecutor.accessTestCaseMainPhase(CommonExecutor.java:65)
	at com.kms.katalon.core.main.TestSuiteExecutor.accessTestSuiteMainPhase(TestSuiteExecutor.java:150)
	at com.kms.katalon.core.main.TestSuiteExecutor.execute(TestSuiteExecutor.java:106)
	at com.kms.katalon.core.main.TestCaseMain.startTestSuite(TestCaseMain.java:180)
	at TempTestSuite1747531571431.run(TempTestSuite1747531571431.groovy:35)
	at java.base/jdk.internal.reflect.NativeMethodAccessorImpl.invoke0(Native Method)
	at java.base/jdk.internal.reflect.NativeMethodAccessorImpl.invoke(NativeMethodAccessorImpl.java:77)
	at java.base/jdk.internal.reflect.DelegatingMethodAccessorImpl.invoke(DelegatingMethodAccessorImpl.java:43)


18-05-2025T09:29:08 - [TEST_STEP][ERROR] - Start listener action : afterTest: com.kms.katalon.core.exception.StepFailedException: Unable to take screenshot
	at com.kms.katalon.core.mobile.keyword.internal.MobileKeywordMain.stepFailed(MobileKeywordMain.groovy:64)
	at com.kms.katalon.core.mobile.keyword.internal.MobileKeywordMain.runKeyword(MobileKeywordMain.groovy:34)
	at com.kms.katalon.core.mobile.keyword.builtin.TakeScreenshotKeyword.takeScreenshot(TakeScreenshotKeyword.groovy:94)
	at com.kms.katalon.core.mobile.keyword.builtin.TakeScreenshotKeyword.execute(TakeScreenshotKeyword.groovy:54)
	at com.kms.katalon.core.keyword.internal.KeywordExecutor.executeKeywordForPlatform(KeywordExecutor.groovy:74)
	at com.kms.katalon.core.mobile.keyword.MobileBuiltInKeywords.takeScreenshot(MobileBuiltInKeywords.groovy:218)
	at TestListener.afterTest(TestListener.groovy:45)
	at java.base/jdk.internal.reflect.NativeMethodAccessorImpl.invoke0(Native Method)
	at java.base/jdk.internal.reflect.NativeMethodAccessorImpl.invoke(NativeMethodAccessorImpl.java:77)
	at java.base/jdk.internal.reflect.DelegatingMethodAccessorImpl.invoke(DelegatingMethodAccessorImpl.java:43)
	at com.kms.katalon.core.context.internal.TestHooker.invokeMethod(TestHooker.java:111)
	at com.kms.katalon.core.context.internal.TestHooker.lambda$3(TestHooker.java:95)
	at com.kms.katalon.core.context.internal.TestHooker.invokeContextMethods(TestHooker.java:94)
	at com.kms.katalon.core.context.internal.TestListenerCollector.lambda$3(TestListenerCollector.java:88)
	at com.kms.katalon.core.context.internal.TestListenerCollector.handleListenerEvent(TestListenerCollector.java:85)
	at com.kms.katalon.core.context.internal.ExecutionEventManager.publicEvent(ExecutionEventManager.java:36)
	at com.kms.katalon.core.main.TestCaseExecutor.execute(TestCaseExecutor.java:315)
	at com.kms.katalon.core.common.CommonExecutor.accessTestCaseMainPhase(CommonExecutor.java:65)
	at com.kms.katalon.core.main.TestSuiteExecutor.accessTestSuiteMainPhase(TestSuiteExecutor.java:150)
	at com.kms.katalon.core.main.TestSuiteExecutor.execute(TestSuiteExecutor.java:106)
	at com.kms.katalon.core.main.TestCaseMain.startTestSuite(TestCaseMain.java:180)
	at TempTestSuite1747531571431.run(TempTestSuite1747531571431.groovy:35)
	at java.base/jdk.internal.reflect.NativeMethodAccessorImpl.invoke0(Native Method)
	at java.base/jdk.internal.reflect.NativeMethodAccessorImpl.invoke(NativeMethodAccessorImpl.java:77)
	at java.base/jdk.internal.reflect.DelegatingMethodAccessorImpl.invoke(DelegatingMethodAccessorImpl.java:43)
Caused by: org.openqa.selenium.WebDriverException: An unknown server-side error occurred while processing the command. Original error: 'GET /screenshot' cannot be proxied to UiAutomator2 server because the instrumentation process is not running (probably crashed). Check the server log and/or the logcat output for more details
Build info: version: '3.141.59', revision: 'unknown', time: 'unknown'
System info: host: '192.168.1.4.non-exists.ptr.local', ip: '2402:800:63f2:b9ce:1859:4296:77a1:a88d%en0', os.name: 'Mac OS X', os.arch: 'aarch64', os.version: '15.4.1', java.version: '17.0.7'
Driver info: com.kms.katalon.core.appium.driver.SwipeableAndroidDriver
Capabilities {automationName: UiAutomator2, databaseEnabled: false, desired: {automationName: UiAutomator2, deviceName: af0c5cf7, noReset: true, platformName: android, waitForIdleTimeout: 3000}, deviceApiLevel: 35, deviceManufacturer: OPPO, deviceModel: CPH2699, deviceName: af0c5cf7, deviceScreenDensity: 480, deviceScreenSize: 1080x2400, deviceUDID: af0c5cf7, javascriptEnabled: true, locationContextEnabled: false, networkConnectionEnabled: true, noReset: true, pixelRatio: 3, platform: LINUX, platformName: Android, platformVersion: 15, statBarHeight: 120, takesScreenshot: true, viewportRect: {height: 2280, left: 0, top: 120, width: 1080}, waitForIdleTimeout: 3000, warnings: {}, webStorageEnabled: false}
Session ID: c0c10e71-bfa6-42a0-bfc6-9e4517bcdaae
	at java.base/jdk.internal.reflect.NativeConstructorAccessorImpl.newInstance0(Native Method)
	at java.base/jdk.internal.reflect.NativeConstructorAccessorImpl.newInstance(NativeConstructorAccessorImpl.java:77)
	at java.base/jdk.internal.reflect.DelegatingConstructorAccessorImpl.newInstance(DelegatingConstructorAccessorImpl.java:45)
	at org.openqa.selenium.remote.http.W3CHttpResponseCodec.createException(W3CHttpResponseCodec.java:187)
	at org.openqa.selenium.remote.http.W3CHttpResponseCodec.decode(W3CHttpResponseCodec.java:122)
	at org.openqa.selenium.remote.http.W3CHttpResponseCodec.decode(W3CHttpResponseCodec.java:49)
	at org.openqa.selenium.remote.HttpCommandExecutor.execute(HttpCommandExecutor.java:158)
	at io.appium.java_client.remote.AppiumCommandExecutor.execute(AppiumCommandExecutor.java:239)
	at org.openqa.selenium.remote.RemoteWebDriver.execute(RemoteWebDriver.java:552)
	at io.appium.java_client.DefaultGenericMobileDriver.execute(DefaultGenericMobileDriver.java:46)
	at io.appium.java_client.AppiumDriver.execute(AppiumDriver.java:1)
	at io.appium.java_client.android.AndroidDriver.execute(AndroidDriver.java:1)
	at com.kms.katalon.core.appium.driver.SwipeableAndroidDriver.execute(SwipeableAndroidDriver.java:1)
	at org.openqa.selenium.remote.RemoteWebDriver.getScreenshotAs(RemoteWebDriver.java:295)
	at com.kms.katalon.core.mobile.helper.MobileScreenCaptor.takeScreenshot(MobileScreenCaptor.java:109)
	at com.kms.katalon.core.mobile.keyword.builtin.TakeScreenshotKeyword$_takeScreenshot_closure1.doCall(TakeScreenshotKeyword.groovy:110)
	at com.kms.katalon.core.mobile.keyword.builtin.TakeScreenshotKeyword$_takeScreenshot_closure1.call(TakeScreenshotKeyword.groovy)
	at com.kms.katalon.core.mobile.keyword.internal.MobileKeywordMain.runKeyword(MobileKeywordMain.groovy:30)
	... 23 more


18-05-2025T09:29:08 - [TEST_STEP][ERROR] - if (testCaseStatus != "PASSED"): com.kms.katalon.core.exception.StepFailedException: Unable to take screenshot
	at com.kms.katalon.core.mobile.keyword.internal.MobileKeywordMain.stepFailed(MobileKeywordMain.groovy:64)
	at com.kms.katalon.core.mobile.keyword.internal.MobileKeywordMain.runKeyword(MobileKeywordMain.groovy:34)
	at com.kms.katalon.core.mobile.keyword.builtin.TakeScreenshotKeyword.takeScreenshot(TakeScreenshotKeyword.groovy:94)
	at com.kms.katalon.core.mobile.keyword.builtin.TakeScreenshotKeyword.execute(TakeScreenshotKeyword.groovy:54)
	at com.kms.katalon.core.keyword.internal.KeywordExecutor.executeKeywordForPlatform(KeywordExecutor.groovy:74)
	at com.kms.katalon.core.mobile.keyword.MobileBuiltInKeywords.takeScreenshot(MobileBuiltInKeywords.groovy:218)
	at TestListener.afterTest(TestListener.groovy:45)
	at java.base/jdk.internal.reflect.NativeMethodAccessorImpl.invoke0(Native Method)
	at java.base/jdk.internal.reflect.NativeMethodAccessorImpl.invoke(NativeMethodAccessorImpl.java:77)
	at java.base/jdk.internal.reflect.DelegatingMethodAccessorImpl.invoke(DelegatingMethodAccessorImpl.java:43)
	at com.kms.katalon.core.context.internal.TestHooker.invokeMethod(TestHooker.java:111)
	at com.kms.katalon.core.context.internal.TestHooker.lambda$3(TestHooker.java:95)
	at com.kms.katalon.core.context.internal.TestHooker.invokeContextMethods(TestHooker.java:94)
	at com.kms.katalon.core.context.internal.TestListenerCollector.lambda$3(TestListenerCollector.java:88)
	at com.kms.katalon.core.context.internal.TestListenerCollector.handleListenerEvent(TestListenerCollector.java:85)
	at com.kms.katalon.core.context.internal.ExecutionEventManager.publicEvent(ExecutionEventManager.java:36)
	at com.kms.katalon.core.main.TestCaseExecutor.execute(TestCaseExecutor.java:315)
	at com.kms.katalon.core.common.CommonExecutor.accessTestCaseMainPhase(CommonExecutor.java:65)
	at com.kms.katalon.core.main.TestSuiteExecutor.accessTestSuiteMainPhase(TestSuiteExecutor.java:150)
	at com.kms.katalon.core.main.TestSuiteExecutor.execute(TestSuiteExecutor.java:106)
	at com.kms.katalon.core.main.TestCaseMain.startTestSuite(TestCaseMain.java:180)
	at TempTestSuite1747531571431.run(TempTestSuite1747531571431.groovy:35)
	at java.base/jdk.internal.reflect.NativeMethodAccessorImpl.invoke0(Native Method)
	at java.base/jdk.internal.reflect.NativeMethodAccessorImpl.invoke(NativeMethodAccessorImpl.java:77)
	at java.base/jdk.internal.reflect.DelegatingMethodAccessorImpl.invoke(DelegatingMethodAccessorImpl.java:43)
Caused by: org.openqa.selenium.WebDriverException: An unknown server-side error occurred while processing the command. Original error: 'GET /screenshot' cannot be proxied to UiAutomator2 server because the instrumentation process is not running (probably crashed). Check the server log and/or the logcat output for more details
Build info: version: '3.141.59', revision: 'unknown', time: 'unknown'
System info: host: '192.168.1.4.non-exists.ptr.local', ip: '2402:800:63f2:b9ce:1859:4296:77a1:a88d%en0', os.name: 'Mac OS X', os.arch: 'aarch64', os.version: '15.4.1', java.version: '17.0.7'
Driver info: com.kms.katalon.core.appium.driver.SwipeableAndroidDriver
Capabilities {automationName: UiAutomator2, databaseEnabled: false, desired: {automationName: UiAutomator2, deviceName: af0c5cf7, noReset: true, platformName: android, waitForIdleTimeout: 3000}, deviceApiLevel: 35, deviceManufacturer: OPPO, deviceModel: CPH2699, deviceName: af0c5cf7, deviceScreenDensity: 480, deviceScreenSize: 1080x2400, deviceUDID: af0c5cf7, javascriptEnabled: true, locationContextEnabled: false, networkConnectionEnabled: true, noReset: true, pixelRatio: 3, platform: LINUX, platformName: Android, platformVersion: 15, statBarHeight: 120, takesScreenshot: true, viewportRect: {height: 2280, left: 0, top: 120, width: 1080}, waitForIdleTimeout: 3000, warnings: {}, webStorageEnabled: false}
Session ID: c0c10e71-bfa6-42a0-bfc6-9e4517bcdaae
	at java.base/jdk.internal.reflect.NativeConstructorAccessorImpl.newInstance0(Native Method)
	at java.base/jdk.internal.reflect.NativeConstructorAccessorImpl.newInstance(NativeConstructorAccessorImpl.java:77)
	at java.base/jdk.internal.reflect.DelegatingConstructorAccessorImpl.newInstance(DelegatingConstructorAccessorImpl.java:45)
	at org.openqa.selenium.remote.http.W3CHttpResponseCodec.createException(W3CHttpResponseCodec.java:187)
	at org.openqa.selenium.remote.http.W3CHttpResponseCodec.decode(W3CHttpResponseCodec.java:122)
	at org.openqa.selenium.remote.http.W3CHttpResponseCodec.decode(W3CHttpResponseCodec.java:49)
	at org.openqa.selenium.remote.HttpCommandExecutor.execute(HttpCommandExecutor.java:158)
	at io.appium.java_client.remote.AppiumCommandExecutor.execute(AppiumCommandExecutor.java:239)
	at org.openqa.selenium.remote.RemoteWebDriver.execute(RemoteWebDriver.java:552)
	at io.appium.java_client.DefaultGenericMobileDriver.execute(DefaultGenericMobileDriver.java:46)
	at io.appium.java_client.AppiumDriver.execute(AppiumDriver.java:1)
	at io.appium.java_client.android.AndroidDriver.execute(AndroidDriver.java:1)
	at com.kms.katalon.core.appium.driver.SwipeableAndroidDriver.execute(SwipeableAndroidDriver.java:1)
	at org.openqa.selenium.remote.RemoteWebDriver.getScreenshotAs(RemoteWebDriver.java:295)
	at com.kms.katalon.core.mobile.helper.MobileScreenCaptor.takeScreenshot(MobileScreenCaptor.java:109)
	at com.kms.katalon.core.mobile.keyword.builtin.TakeScreenshotKeyword$_takeScreenshot_closure1.doCall(TakeScreenshotKeyword.groovy:110)
	at com.kms.katalon.core.mobile.keyword.builtin.TakeScreenshotKeyword$_takeScreenshot_closure1.call(TakeScreenshotKeyword.groovy)
	at com.kms.katalon.core.mobile.keyword.internal.MobileKeywordMain.runKeyword(MobileKeywordMain.groovy:30)
	... 23 more


18-05-2025T09:29:08 - [TEST_STEP][ERROR] - takeScreenshot(ErrorScreen/$GlobalVariable.PLATFORM/$testCaseContext.getTestCaseId().png): com.kms.katalon.core.exception.StepFailedException: Unable to take screenshot
	at com.kms.katalon.core.mobile.keyword.internal.MobileKeywordMain.stepFailed(MobileKeywordMain.groovy:64)
	at com.kms.katalon.core.mobile.keyword.internal.MobileKeywordMain.runKeyword(MobileKeywordMain.groovy:34)
	at com.kms.katalon.core.mobile.keyword.builtin.TakeScreenshotKeyword.takeScreenshot(TakeScreenshotKeyword.groovy:94)
	at com.kms.katalon.core.mobile.keyword.builtin.TakeScreenshotKeyword.execute(TakeScreenshotKeyword.groovy:54)
	at com.kms.katalon.core.keyword.internal.KeywordExecutor.executeKeywordForPlatform(KeywordExecutor.groovy:74)
	at com.kms.katalon.core.mobile.keyword.MobileBuiltInKeywords.takeScreenshot(MobileBuiltInKeywords.groovy:218)
	at TestListener.afterTest(TestListener.groovy:45)
	at java.base/jdk.internal.reflect.NativeMethodAccessorImpl.invoke0(Native Method)
	at java.base/jdk.internal.reflect.NativeMethodAccessorImpl.invoke(NativeMethodAccessorImpl.java:77)
	at java.base/jdk.internal.reflect.DelegatingMethodAccessorImpl.invoke(DelegatingMethodAccessorImpl.java:43)
	at com.kms.katalon.core.context.internal.TestHooker.invokeMethod(TestHooker.java:111)
	at com.kms.katalon.core.context.internal.TestHooker.lambda$3(TestHooker.java:95)
	at com.kms.katalon.core.context.internal.TestHooker.invokeContextMethods(TestHooker.java:94)
	at com.kms.katalon.core.context.internal.TestListenerCollector.lambda$3(TestListenerCollector.java:88)
	at com.kms.katalon.core.context.internal.TestListenerCollector.handleListenerEvent(TestListenerCollector.java:85)
	at com.kms.katalon.core.context.internal.ExecutionEventManager.publicEvent(ExecutionEventManager.java:36)
	at com.kms.katalon.core.main.TestCaseExecutor.execute(TestCaseExecutor.java:315)
	at com.kms.katalon.core.common.CommonExecutor.accessTestCaseMainPhase(CommonExecutor.java:65)
	at com.kms.katalon.core.main.TestSuiteExecutor.accessTestSuiteMainPhase(TestSuiteExecutor.java:150)
	at com.kms.katalon.core.main.TestSuiteExecutor.execute(TestSuiteExecutor.java:106)
	at com.kms.katalon.core.main.TestCaseMain.startTestSuite(TestCaseMain.java:180)
	at TempTestSuite1747531571431.run(TempTestSuite1747531571431.groovy:35)
	at java.base/jdk.internal.reflect.NativeMethodAccessorImpl.invoke0(Native Method)
	at java.base/jdk.internal.reflect.NativeMethodAccessorImpl.invoke(NativeMethodAccessorImpl.java:77)
	at java.base/jdk.internal.reflect.DelegatingMethodAccessorImpl.invoke(DelegatingMethodAccessorImpl.java:43)
Caused by: org.openqa.selenium.WebDriverException: An unknown server-side error occurred while processing the command. Original error: 'GET /screenshot' cannot be proxied to UiAutomator2 server because the instrumentation process is not running (probably crashed). Check the server log and/or the logcat output for more details
Build info: version: '3.141.59', revision: 'unknown', time: 'unknown'
System info: host: '192.168.1.4.non-exists.ptr.local', ip: '2402:800:63f2:b9ce:1859:4296:77a1:a88d%en0', os.name: 'Mac OS X', os.arch: 'aarch64', os.version: '15.4.1', java.version: '17.0.7'
Driver info: com.kms.katalon.core.appium.driver.SwipeableAndroidDriver
Capabilities {automationName: UiAutomator2, databaseEnabled: false, desired: {automationName: UiAutomator2, deviceName: af0c5cf7, noReset: true, platformName: android, waitForIdleTimeout: 3000}, deviceApiLevel: 35, deviceManufacturer: OPPO, deviceModel: CPH2699, deviceName: af0c5cf7, deviceScreenDensity: 480, deviceScreenSize: 1080x2400, deviceUDID: af0c5cf7, javascriptEnabled: true, locationContextEnabled: false, networkConnectionEnabled: true, noReset: true, pixelRatio: 3, platform: LINUX, platformName: Android, platformVersion: 15, statBarHeight: 120, takesScreenshot: true, viewportRect: {height: 2280, left: 0, top: 120, width: 1080}, waitForIdleTimeout: 3000, warnings: {}, webStorageEnabled: false}
Session ID: c0c10e71-bfa6-42a0-bfc6-9e4517bcdaae
	at java.base/jdk.internal.reflect.NativeConstructorAccessorImpl.newInstance0(Native Method)
	at java.base/jdk.internal.reflect.NativeConstructorAccessorImpl.newInstance(NativeConstructorAccessorImpl.java:77)
	at java.base/jdk.internal.reflect.DelegatingConstructorAccessorImpl.newInstance(DelegatingConstructorAccessorImpl.java:45)
	at org.openqa.selenium.remote.http.W3CHttpResponseCodec.createException(W3CHttpResponseCodec.java:187)
	at org.openqa.selenium.remote.http.W3CHttpResponseCodec.decode(W3CHttpResponseCodec.java:122)
	at org.openqa.selenium.remote.http.W3CHttpResponseCodec.decode(W3CHttpResponseCodec.java:49)
	at org.openqa.selenium.remote.HttpCommandExecutor.execute(HttpCommandExecutor.java:158)
	at io.appium.java_client.remote.AppiumCommandExecutor.execute(AppiumCommandExecutor.java:239)
	at org.openqa.selenium.remote.RemoteWebDriver.execute(RemoteWebDriver.java:552)
	at io.appium.java_client.DefaultGenericMobileDriver.execute(DefaultGenericMobileDriver.java:46)
	at io.appium.java_client.AppiumDriver.execute(AppiumDriver.java:1)
	at io.appium.java_client.android.AndroidDriver.execute(AndroidDriver.java:1)
	at com.kms.katalon.core.appium.driver.SwipeableAndroidDriver.execute(SwipeableAndroidDriver.java:1)
	at org.openqa.selenium.remote.RemoteWebDriver.getScreenshotAs(RemoteWebDriver.java:295)
	at com.kms.katalon.core.mobile.helper.MobileScreenCaptor.takeScreenshot(MobileScreenCaptor.java:109)
	at com.kms.katalon.core.mobile.keyword.builtin.TakeScreenshotKeyword$_takeScreenshot_closure1.doCall(TakeScreenshotKeyword.groovy:110)
	at com.kms.katalon.core.mobile.keyword.builtin.TakeScreenshotKeyword$_takeScreenshot_closure1.call(TakeScreenshotKeyword.groovy)
	at com.kms.katalon.core.mobile.keyword.internal.MobileKeywordMain.runKeyword(MobileKeywordMain.groovy:30)
	... 23 more


18-05-2025T09:29:08 - [MESSAGE][FAILED] - Unable to take screenshot (Root cause: com.kms.katalon.core.exception.StepFailedException: Unable to take screenshot
	at com.kms.katalon.core.mobile.keyword.internal.MobileKeywordMain.stepFailed(MobileKeywordMain.groovy:64)
	at com.kms.katalon.core.mobile.keyword.internal.MobileKeywordMain.runKeyword(MobileKeywordMain.groovy:34)
	at com.kms.katalon.core.mobile.keyword.builtin.TakeScreenshotKeyword.takeScreenshot(TakeScreenshotKeyword.groovy:94)
	at com.kms.katalon.core.mobile.keyword.builtin.TakeScreenshotKeyword.execute(TakeScreenshotKeyword.groovy:54)
	at com.kms.katalon.core.keyword.internal.KeywordExecutor.executeKeywordForPlatform(KeywordExecutor.groovy:74)
	at com.kms.katalon.core.mobile.keyword.MobileBuiltInKeywords.takeScreenshot(MobileBuiltInKeywords.groovy:218)
	at TestListener.afterTest(TestListener.groovy:45)
	at java.base/jdk.internal.reflect.NativeMethodAccessorImpl.invoke0(Native Method)
	at java.base/jdk.internal.reflect.NativeMethodAccessorImpl.invoke(NativeMethodAccessorImpl.java:77)
	at java.base/jdk.internal.reflect.DelegatingMethodAccessorImpl.invoke(DelegatingMethodAccessorImpl.java:43)
	at com.kms.katalon.core.context.internal.TestHooker.invokeMethod(TestHooker.java:111)
	at com.kms.katalon.core.context.internal.TestHooker.lambda$3(TestHooker.java:95)
	at com.kms.katalon.core.context.internal.TestHooker.invokeContextMethods(TestHooker.java:94)
	at com.kms.katalon.core.context.internal.TestListenerCollector.lambda$3(TestListenerCollector.java:88)
	at com.kms.katalon.core.context.internal.TestListenerCollector.handleListenerEvent(TestListenerCollector.java:85)
	at com.kms.katalon.core.context.internal.ExecutionEventManager.publicEvent(ExecutionEventManager.java:36)
	at com.kms.katalon.core.main.TestCaseExecutor.execute(TestCaseExecutor.java:315)
	at com.kms.katalon.core.common.CommonExecutor.accessTestCaseMainPhase(CommonExecutor.java:65)
	at com.kms.katalon.core.main.TestSuiteExecutor.accessTestSuiteMainPhase(TestSuiteExecutor.java:150)
	at com.kms.katalon.core.main.TestSuiteExecutor.execute(TestSuiteExecutor.java:106)
	at com.kms.katalon.core.main.TestCaseMain.startTestSuite(TestCaseMain.java:180)
	at TempTestSuite1747531571431.run(TempTestSuite1747531571431.groovy:35)
	at java.base/jdk.internal.reflect.NativeMethodAccessorImpl.invoke0(Native Method)
	at java.base/jdk.internal.reflect.NativeMethodAccessorImpl.invoke(NativeMethodAccessorImpl.java:77)
	at java.base/jdk.internal.reflect.DelegatingMethodAccessorImpl.invoke(DelegatingMethodAccessorImpl.java:43)
Caused by: org.openqa.selenium.WebDriverException: An unknown server-side error occurred while processing the command. Original error: 'GET /screenshot' cannot be proxied to UiAutomator2 server because the instrumentation process is not running (probably crashed). Check the server log and/or the logcat output for more details
Build info: version: '3.141.59', revision: 'unknown', time: 'unknown'
System info: host: '192.168.1.4.non-exists.ptr.local', ip: '2402:800:63f2:b9ce:1859:4296:77a1:a88d%en0', os.name: 'Mac OS X', os.arch: 'aarch64', os.version: '15.4.1', java.version: '17.0.7'
Driver info: com.kms.katalon.core.appium.driver.SwipeableAndroidDriver
Capabilities {automationName: UiAutomator2, databaseEnabled: false, desired: {automationName: UiAutomator2, deviceName: af0c5cf7, noReset: true, platformName: android, waitForIdleTimeout: 3000}, deviceApiLevel: 35, deviceManufacturer: OPPO, deviceModel: CPH2699, deviceName: af0c5cf7, deviceScreenDensity: 480, deviceScreenSize: 1080x2400, deviceUDID: af0c5cf7, javascriptEnabled: true, locationContextEnabled: false, networkConnectionEnabled: true, noReset: true, pixelRatio: 3, platform: LINUX, platformName: Android, platformVersion: 15, statBarHeight: 120, takesScreenshot: true, viewportRect: {height: 2280, left: 0, top: 120, width: 1080}, waitForIdleTimeout: 3000, warnings: {}, webStorageEnabled: false}
Session ID: c0c10e71-bfa6-42a0-bfc6-9e4517bcdaae
	at java.base/jdk.internal.reflect.NativeConstructorAccessorImpl.newInstance0(Native Method)
	at java.base/jdk.internal.reflect.NativeConstructorAccessorImpl.newInstance(NativeConstructorAccessorImpl.java:77)
	at java.base/jdk.internal.reflect.DelegatingConstructorAccessorImpl.newInstance(DelegatingConstructorAccessorImpl.java:45)
	at org.openqa.selenium.remote.http.W3CHttpResponseCodec.createException(W3CHttpResponseCodec.java:187)
	at org.openqa.selenium.remote.http.W3CHttpResponseCodec.decode(W3CHttpResponseCodec.java:122)
	at org.openqa.selenium.remote.http.W3CHttpResponseCodec.decode(W3CHttpResponseCodec.java:49)
	at org.openqa.selenium.remote.HttpCommandExecutor.execute(HttpCommandExecutor.java:158)
	at io.appium.java_client.remote.AppiumCommandExecutor.execute(AppiumCommandExecutor.java:239)
	at org.openqa.selenium.remote.RemoteWebDriver.execute(RemoteWebDriver.java:552)
	at io.appium.java_client.DefaultGenericMobileDriver.execute(DefaultGenericMobileDriver.java:46)
	at io.appium.java_client.AppiumDriver.execute(AppiumDriver.java:1)
	at io.appium.java_client.android.AndroidDriver.execute(AndroidDriver.java:1)
	at com.kms.katalon.core.appium.driver.SwipeableAndroidDriver.execute(SwipeableAndroidDriver.java:1)
	at org.openqa.selenium.remote.RemoteWebDriver.getScreenshotAs(RemoteWebDriver.java:295)
	at com.kms.katalon.core.mobile.helper.MobileScreenCaptor.takeScreenshot(MobileScreenCaptor.java:109)
	at com.kms.katalon.core.mobile.keyword.builtin.TakeScreenshotKeyword$_takeScreenshot_closure1.doCall(TakeScreenshotKeyword.groovy:110)
	at com.kms.katalon.core.mobile.keyword.builtin.TakeScreenshotKeyword$_takeScreenshot_closure1.call(TakeScreenshotKeyword.groovy)
	at com.kms.katalon.core.mobile.keyword.internal.MobileKeywordMain.runKeyword(MobileKeywordMain.groovy:30)
	... 23 more
)

18-05-2025T09:29:08 - [MESSAGE][ERROR] - com.kms.katalon.core.exception.StepFailedException: Unable to take screenshot
	at com.kms.katalon.core.mobile.keyword.internal.MobileKeywordMain.stepFailed(MobileKeywordMain.groovy:64)
	at com.kms.katalon.core.mobile.keyword.internal.MobileKeywordMain.runKeyword(MobileKeywordMain.groovy:34)
	at com.kms.katalon.core.mobile.keyword.builtin.TakeScreenshotKeyword.takeScreenshot(TakeScreenshotKeyword.groovy:94)
	at com.kms.katalon.core.mobile.keyword.builtin.TakeScreenshotKeyword.execute(TakeScreenshotKeyword.groovy:54)
	at com.kms.katalon.core.keyword.internal.KeywordExecutor.executeKeywordForPlatform(KeywordExecutor.groovy:74)
	at com.kms.katalon.core.mobile.keyword.MobileBuiltInKeywords.takeScreenshot(MobileBuiltInKeywords.groovy:218)
	at TestListener.afterTest(TestListener.groovy:45)
	at java.base/jdk.internal.reflect.NativeMethodAccessorImpl.invoke0(Native Method)
	at java.base/jdk.internal.reflect.NativeMethodAccessorImpl.invoke(NativeMethodAccessorImpl.java:77)
	at java.base/jdk.internal.reflect.DelegatingMethodAccessorImpl.invoke(DelegatingMethodAccessorImpl.java:43)
	at com.kms.katalon.core.context.internal.TestHooker.invokeMethod(TestHooker.java:111)
	at com.kms.katalon.core.context.internal.TestHooker.lambda$3(TestHooker.java:95)
	at com.kms.katalon.core.context.internal.TestHooker.invokeContextMethods(TestHooker.java:94)
	at com.kms.katalon.core.context.internal.TestListenerCollector.lambda$3(TestListenerCollector.java:88)
	at com.kms.katalon.core.context.internal.TestListenerCollector.handleListenerEvent(TestListenerCollector.java:85)
	at com.kms.katalon.core.context.internal.ExecutionEventManager.publicEvent(ExecutionEventManager.java:36)
	at com.kms.katalon.core.main.TestCaseExecutor.execute(TestCaseExecutor.java:315)
	at com.kms.katalon.core.common.CommonExecutor.accessTestCaseMainPhase(CommonExecutor.java:65)
	at com.kms.katalon.core.main.TestSuiteExecutor.accessTestSuiteMainPhase(TestSuiteExecutor.java:150)
	at com.kms.katalon.core.main.TestSuiteExecutor.execute(TestSuiteExecutor.java:106)
	at com.kms.katalon.core.main.TestCaseMain.startTestSuite(TestCaseMain.java:180)
	at TempTestSuite1747531571431.run(TempTestSuite1747531571431.groovy:35)
	at java.base/jdk.internal.reflect.NativeMethodAccessorImpl.invoke0(Native Method)
	at java.base/jdk.internal.reflect.NativeMethodAccessorImpl.invoke(NativeMethodAccessorImpl.java:77)
	at java.base/jdk.internal.reflect.DelegatingMethodAccessorImpl.invoke(DelegatingMethodAccessorImpl.java:43)
Caused by: org.openqa.selenium.WebDriverException: An unknown server-side error occurred while processing the command. Original error: 'GET /screenshot' cannot be proxied to UiAutomator2 server because the instrumentation process is not running (probably crashed). Check the server log and/or the logcat output for more details
Build info: version: '3.141.59', revision: 'unknown', time: 'unknown'
System info: host: '192.168.1.4.non-exists.ptr.local', ip: '2402:800:63f2:b9ce:1859:4296:77a1:a88d%en0', os.name: 'Mac OS X', os.arch: 'aarch64', os.version: '15.4.1', java.version: '17.0.7'
Driver info: com.kms.katalon.core.appium.driver.SwipeableAndroidDriver
Capabilities {automationName: UiAutomator2, databaseEnabled: false, desired: {automationName: UiAutomator2, deviceName: af0c5cf7, noReset: true, platformName: android, waitForIdleTimeout: 3000}, deviceApiLevel: 35, deviceManufacturer: OPPO, deviceModel: CPH2699, deviceName: af0c5cf7, deviceScreenDensity: 480, deviceScreenSize: 1080x2400, deviceUDID: af0c5cf7, javascriptEnabled: true, locationContextEnabled: false, networkConnectionEnabled: true, noReset: true, pixelRatio: 3, platform: LINUX, platformName: Android, platformVersion: 15, statBarHeight: 120, takesScreenshot: true, viewportRect: {height: 2280, left: 0, top: 120, width: 1080}, waitForIdleTimeout: 3000, warnings: {}, webStorageEnabled: false}
Session ID: c0c10e71-bfa6-42a0-bfc6-9e4517bcdaae
	at java.base/jdk.internal.reflect.NativeConstructorAccessorImpl.newInstance0(Native Method)
	at java.base/jdk.internal.reflect.NativeConstructorAccessorImpl.newInstance(NativeConstructorAccessorImpl.java:77)
	at java.base/jdk.internal.reflect.DelegatingConstructorAccessorImpl.newInstance(DelegatingConstructorAccessorImpl.java:45)
	at org.openqa.selenium.remote.http.W3CHttpResponseCodec.createException(W3CHttpResponseCodec.java:187)
	at org.openqa.selenium.remote.http.W3CHttpResponseCodec.decode(W3CHttpResponseCodec.java:122)
	at org.openqa.selenium.remote.http.W3CHttpResponseCodec.decode(W3CHttpResponseCodec.java:49)
	at org.openqa.selenium.remote.HttpCommandExecutor.execute(HttpCommandExecutor.java:158)
	at io.appium.java_client.remote.AppiumCommandExecutor.execute(AppiumCommandExecutor.java:239)
	at org.openqa.selenium.remote.RemoteWebDriver.execute(RemoteWebDriver.java:552)
	at io.appium.java_client.DefaultGenericMobileDriver.execute(DefaultGenericMobileDriver.java:46)
	at io.appium.java_client.AppiumDriver.execute(AppiumDriver.java:1)
	at io.appium.java_client.android.AndroidDriver.execute(AndroidDriver.java:1)
	at com.kms.katalon.core.appium.driver.SwipeableAndroidDriver.execute(SwipeableAndroidDriver.java:1)
	at org.openqa.selenium.remote.RemoteWebDriver.getScreenshotAs(RemoteWebDriver.java:295)
	at com.kms.katalon.core.mobile.helper.MobileScreenCaptor.takeScreenshot(MobileScreenCaptor.java:109)
	at com.kms.katalon.core.mobile.keyword.builtin.TakeScreenshotKeyword$_takeScreenshot_closure1.doCall(TakeScreenshotKeyword.groovy:110)
	at com.kms.katalon.core.mobile.keyword.builtin.TakeScreenshotKeyword$_takeScreenshot_closure1.call(TakeScreenshotKeyword.groovy)
	at com.kms.katalon.core.mobile.keyword.internal.MobileKeywordMain.runKeyword(MobileKeywordMain.groovy:30)
	... 23 more]]></system-out>
         <system-err><![CDATA[18-05-2025T09:29:08 - [TEST_CASE][ERROR] - Test Cases/IPAPER APP/008 HIEN THI HO SO DI: Test Cases/IPAPER APP/008 HIEN THI HO SO DI FAILED.
Reason:
org.openqa.selenium.WebDriverException: An unknown server-side error occurred while processing the command. Original error: 'POST /elements' cannot be proxied to UiAutomator2 server because the instrumentation process is not running (probably crashed). Check the server log and/or the logcat output for more details
Build info: version: '3.141.59', revision: 'unknown', time: 'unknown'
System info: host: '192.168.1.4.non-exists.ptr.local', ip: '2402:800:63f2:b9ce:1859:4296:77a1:a88d%en0', os.name: 'Mac OS X', os.arch: 'aarch64', os.version: '15.4.1', java.version: '17.0.7'
Driver info: com.kms.katalon.core.appium.driver.SwipeableAndroidDriver
Capabilities {automationName: UiAutomator2, databaseEnabled: false, desired: {automationName: UiAutomator2, deviceName: af0c5cf7, noReset: true, platformName: android, waitForIdleTimeout: 3000}, deviceApiLevel: 35, deviceManufacturer: OPPO, deviceModel: CPH2699, deviceName: af0c5cf7, deviceScreenDensity: 480, deviceScreenSize: 1080x2400, deviceUDID: af0c5cf7, javascriptEnabled: true, locationContextEnabled: false, networkConnectionEnabled: true, noReset: true, pixelRatio: 3, platform: LINUX, platformName: Android, platformVersion: 15, statBarHeight: 120, takesScreenshot: true, viewportRect: {height: 2280, left: 0, top: 120, width: 1080}, waitForIdleTimeout: 3000, warnings: {}, webStorageEnabled: false}
Session ID: c0c10e71-bfa6-42a0-bfc6-9e4517bcdaae
*** Element info: {Using=xpath, value=//android.widget.EditText[@resource-id='com.hdbank.ipaper:id/edit_text_user_name']}
	at java.base/jdk.internal.reflect.NativeConstructorAccessorImpl.newInstance0(Native Method)
	at java.base/jdk.internal.reflect.NativeConstructorAccessorImpl.newInstance(NativeConstructorAccessorImpl.java:77)
	at java.base/jdk.internal.reflect.DelegatingConstructorAccessorImpl.newInstance(DelegatingConstructorAccessorImpl.java:45)
	at org.openqa.selenium.remote.http.W3CHttpResponseCodec.createException(W3CHttpResponseCodec.java:187)
	at org.openqa.selenium.remote.http.W3CHttpResponseCodec.decode(W3CHttpResponseCodec.java:122)
	at org.openqa.selenium.remote.http.W3CHttpResponseCodec.decode(W3CHttpResponseCodec.java:49)
	at org.openqa.selenium.remote.HttpCommandExecutor.execute(HttpCommandExecutor.java:158)
	at io.appium.java_client.remote.AppiumCommandExecutor.execute(AppiumCommandExecutor.java:239)
	at org.openqa.selenium.remote.RemoteWebDriver.execute(RemoteWebDriver.java:552)
	at io.appium.java_client.DefaultGenericMobileDriver.execute(DefaultGenericMobileDriver.java:42)
	at io.appium.java_client.AppiumDriver.execute(AppiumDriver.java:1)
	at io.appium.java_client.android.AndroidDriver.execute(AndroidDriver.java:1)
	at com.kms.katalon.core.appium.driver.SwipeableAndroidDriver.execute(SwipeableAndroidDriver.java:1)
	at org.openqa.selenium.remote.RemoteWebDriver.findElements(RemoteWebDriver.java:353)
	at io.appium.java_client.DefaultGenericMobileDriver.findElements(DefaultGenericMobileDriver.java:54)
	at io.appium.java_client.AppiumDriver.findElements(AppiumDriver.java:152)
	at org.openqa.selenium.remote.RemoteWebDriver.findElementsByXPath(RemoteWebDriver.java:432)
	at io.appium.java_client.DefaultGenericMobileDriver.findElementsByXPath(DefaultGenericMobileDriver.java:156)
	at io.appium.java_client.AppiumDriver.findElementsByXPath(AppiumDriver.java:184)
	at org.openqa.selenium.By$ByXPath.findElements(By.java:348)
	at org.openqa.selenium.remote.RemoteWebDriver.findElements(RemoteWebDriver.java:311)
	at io.appium.java_client.DefaultGenericMobileDriver.findElements(DefaultGenericMobileDriver.java:50)
	at io.appium.java_client.AppiumDriver.findElements(AppiumDriver.java:148)
	at base.BaseKeyword$Trait$Helper.isDisplayed(BaseKeyword.groovy:234)
	at screens.LoginScreen.isDisplayed(LoginScreen.groovy)
	at base.BaseKeyword$Trait$Helper.isDisplayed(BaseKeyword.groovy:229)
	at screens.LoginScreen.isDisplayed(LoginScreen.groovy)
	at screens.LoginScreen.isGuest(LoginScreen.groovy:34)
	at screens.LoginScreen.login(LoginScreen.groovy:10)
	at 008 HIEN THI HO SO DI.run(008 HIEN THI HO SO DI:6)
	at com.kms.katalon.core.main.ScriptEngine.run(ScriptEngine.java:194)
	at com.kms.katalon.core.main.ScriptEngine.runScriptAsRawText(ScriptEngine.java:119)
	at com.kms.katalon.core.main.TestCaseExecutor.runScript(TestCaseExecutor.java:448)
	at com.kms.katalon.core.main.TestCaseExecutor.doExecute(TestCaseExecutor.java:439)
	at com.kms.katalon.core.main.TestCaseExecutor.processExecutionPhase(TestCaseExecutor.java:418)
	at com.kms.katalon.core.main.TestCaseExecutor.accessMainPhase(TestCaseExecutor.java:410)
	at com.kms.katalon.core.main.TestCaseExecutor.execute(TestCaseExecutor.java:285)
	at com.kms.katalon.core.common.CommonExecutor.accessTestCaseMainPhase(CommonExecutor.java:65)
	at com.kms.katalon.core.main.TestSuiteExecutor.accessTestSuiteMainPhase(TestSuiteExecutor.java:150)
	at com.kms.katalon.core.main.TestSuiteExecutor.execute(TestSuiteExecutor.java:106)
	at com.kms.katalon.core.main.TestCaseMain.startTestSuite(TestCaseMain.java:180)
	at TempTestSuite1747531571431.run(TempTestSuite1747531571431.groovy:35)
	at java.base/jdk.internal.reflect.NativeMethodAccessorImpl.invoke0(Native Method)
	at java.base/jdk.internal.reflect.NativeMethodAccessorImpl.invoke(NativeMethodAccessorImpl.java:77)
	at java.base/jdk.internal.reflect.DelegatingMethodAccessorImpl.invoke(DelegatingMethodAccessorImpl.java:43)]]></system-err>
      </testcase>
      <testcase name="Test Cases/IPAPER APP/021 TU CHOI TẠI MAIN FILE_NHAP Y KIEN" time="0.293" classname="Test Cases/IPAPER APP/021 TU CHOI TẠI MAIN FILE_NHAP Y KIEN" status="ERROR">
         <error type="ERROR" message="Test Cases/IPAPER APP/021 TU CHOI TẠI MAIN FILE_NHAP Y KIEN FAILED.&#xa;Reason:&#xa;org.openqa.selenium.WebDriverException: An unknown server-side error occurred while processing the command. Original error: 'POST /elements' cannot be proxied to UiAutomator2 server because the instrumentation process is not running (probably crashed). Check the server log and/or the logcat output for more details&#xa;Build info: version: '3.141.59', revision: 'unknown', time: 'unknown'&#xa;System info: host: '192.168.1.4.non-exists.ptr.local', ip: '2402:800:63f2:b9ce:1859:4296:77a1:a88d%en0', os.name: 'Mac OS X', os.arch: 'aarch64', os.version: '15.4.1', java.version: '17.0.7'&#xa;Driver info: com.kms.katalon.core.appium.driver.SwipeableAndroidDriver&#xa;Capabilities {automationName: UiAutomator2, databaseEnabled: false, desired: {automationName: UiAutomator2, deviceName: af0c5cf7, noReset: true, platformName: android, waitForIdleTimeout: 3000}, deviceApiLevel: 35, deviceManufacturer: OPPO, deviceModel: CPH2699, deviceName: af0c5cf7, deviceScreenDensity: 480, deviceScreenSize: 1080x2400, deviceUDID: af0c5cf7, javascriptEnabled: true, locationContextEnabled: false, networkConnectionEnabled: true, noReset: true, pixelRatio: 3, platform: LINUX, platformName: Android, platformVersion: 15, statBarHeight: 120, takesScreenshot: true, viewportRect: {height: 2280, left: 0, top: 120, width: 1080}, waitForIdleTimeout: 3000, warnings: {}, webStorageEnabled: false}&#xa;Session ID: c0c10e71-bfa6-42a0-bfc6-9e4517bcdaae&#xa;*** Element info: {Using=xpath, value=//android.widget.EditText[@resource-id='com.hdbank.ipaper:id/edit_text_user_name']}&#xa;	at java.base/jdk.internal.reflect.NativeConstructorAccessorImpl.newInstance0(Native Method)&#xa;	at java.base/jdk.internal.reflect.NativeConstructorAccessorImpl.newInstance(NativeConstructorAccessorImpl.java:77)&#xa;	at java.base/jdk.internal.reflect.DelegatingConstructorAccessorImpl.newInstance(DelegatingConstructorAccessorImpl.java:45)&#xa;	at org.openqa.selenium.remote.http.W3CHttpResponseCodec.createException(W3CHttpResponseCodec.java:187)&#xa;	at org.openqa.selenium.remote.http.W3CHttpResponseCodec.decode(W3CHttpResponseCodec.java:122)&#xa;	at org.openqa.selenium.remote.http.W3CHttpResponseCodec.decode(W3CHttpResponseCodec.java:49)&#xa;	at org.openqa.selenium.remote.HttpCommandExecutor.execute(HttpCommandExecutor.java:158)&#xa;	at io.appium.java_client.remote.AppiumCommandExecutor.execute(AppiumCommandExecutor.java:239)&#xa;	at org.openqa.selenium.remote.RemoteWebDriver.execute(RemoteWebDriver.java:552)&#xa;	at io.appium.java_client.DefaultGenericMobileDriver.execute(DefaultGenericMobileDriver.java:42)&#xa;	at io.appium.java_client.AppiumDriver.execute(AppiumDriver.java:1)&#xa;	at io.appium.java_client.android.AndroidDriver.execute(AndroidDriver.java:1)&#xa;	at com.kms.katalon.core.appium.driver.SwipeableAndroidDriver.execute(SwipeableAndroidDriver.java:1)&#xa;	at org.openqa.selenium.remote.RemoteWebDriver.findElements(RemoteWebDriver.java:353)&#xa;	at io.appium.java_client.DefaultGenericMobileDriver.findElements(DefaultGenericMobileDriver.java:54)&#xa;	at io.appium.java_client.AppiumDriver.findElements(AppiumDriver.java:152)&#xa;	at org.openqa.selenium.remote.RemoteWebDriver.findElementsByXPath(RemoteWebDriver.java:432)&#xa;	at io.appium.java_client.DefaultGenericMobileDriver.findElementsByXPath(DefaultGenericMobileDriver.java:156)&#xa;	at io.appium.java_client.AppiumDriver.findElementsByXPath(AppiumDriver.java:184)&#xa;	at org.openqa.selenium.By$ByXPath.findElements(By.java:348)&#xa;	at org.openqa.selenium.remote.RemoteWebDriver.findElements(RemoteWebDriver.java:311)&#xa;	at io.appium.java_client.DefaultGenericMobileDriver.findElements(DefaultGenericMobileDriver.java:50)&#xa;	at io.appium.java_client.AppiumDriver.findElements(AppiumDriver.java:148)&#xa;	at base.BaseKeyword$Trait$Helper.isDisplayed(BaseKeyword.groovy:234)&#xa;	at screens.LoginScreen.isDisplayed(LoginScreen.groovy)&#xa;	at base.BaseKeyword$Trait$Helper.isDisplayed(BaseKeyword.groovy:229)&#xa;	at screens.LoginScreen.isDisplayed(LoginScreen.groovy)&#xa;	at screens.LoginScreen.isGuest(LoginScreen.groovy:34)&#xa;	at screens.LoginScreen.login(LoginScreen.groovy:10)&#xa;	at 021 TU CHOI TẠI MAIN FILE_NHAP Y KIEN.run(021 TU CHOI TẠI MAIN FILE_NHAP Y KIEN:18)&#xa;	at com.kms.katalon.core.main.ScriptEngine.run(ScriptEngine.java:194)&#xa;	at com.kms.katalon.core.main.ScriptEngine.runScriptAsRawText(ScriptEngine.java:119)&#xa;	at com.kms.katalon.core.main.TestCaseExecutor.runScript(TestCaseExecutor.java:448)&#xa;	at com.kms.katalon.core.main.TestCaseExecutor.doExecute(TestCaseExecutor.java:439)&#xa;	at com.kms.katalon.core.main.TestCaseExecutor.processExecutionPhase(TestCaseExecutor.java:418)&#xa;	at com.kms.katalon.core.main.TestCaseExecutor.accessMainPhase(TestCaseExecutor.java:410)&#xa;	at com.kms.katalon.core.main.TestCaseExecutor.execute(TestCaseExecutor.java:285)&#xa;	at com.kms.katalon.core.common.CommonExecutor.accessTestCaseMainPhase(CommonExecutor.java:65)&#xa;	at com.kms.katalon.core.main.TestSuiteExecutor.accessTestSuiteMainPhase(TestSuiteExecutor.java:150)&#xa;	at com.kms.katalon.core.main.TestSuiteExecutor.execute(TestSuiteExecutor.java:106)&#xa;	at com.kms.katalon.core.main.TestCaseMain.startTestSuite(TestCaseMain.java:180)&#xa;	at TempTestSuite1747531571431.run(TempTestSuite1747531571431.groovy:35)&#xa;	at java.base/jdk.internal.reflect.NativeMethodAccessorImpl.invoke0(Native Method)&#xa;	at java.base/jdk.internal.reflect.NativeMethodAccessorImpl.invoke(NativeMethodAccessorImpl.java:77)&#xa;	at java.base/jdk.internal.reflect.DelegatingMethodAccessorImpl.invoke(DelegatingMethodAccessorImpl.java:43)&#xa;"/>
         <system-out><![CDATA[18-05-2025T09:29:08 - [TEST_CASE][ERROR] - Test Cases/IPAPER APP/021 TU CHOI TẠI MAIN FILE_NHAP Y KIEN: Test Cases/IPAPER APP/021 TU CHOI TẠI MAIN FILE_NHAP Y KIEN FAILED.
Reason:
org.openqa.selenium.WebDriverException: An unknown server-side error occurred while processing the command. Original error: 'POST /elements' cannot be proxied to UiAutomator2 server because the instrumentation process is not running (probably crashed). Check the server log and/or the logcat output for more details
Build info: version: '3.141.59', revision: 'unknown', time: 'unknown'
System info: host: '192.168.1.4.non-exists.ptr.local', ip: '2402:800:63f2:b9ce:1859:4296:77a1:a88d%en0', os.name: 'Mac OS X', os.arch: 'aarch64', os.version: '15.4.1', java.version: '17.0.7'
Driver info: com.kms.katalon.core.appium.driver.SwipeableAndroidDriver
Capabilities {automationName: UiAutomator2, databaseEnabled: false, desired: {automationName: UiAutomator2, deviceName: af0c5cf7, noReset: true, platformName: android, waitForIdleTimeout: 3000}, deviceApiLevel: 35, deviceManufacturer: OPPO, deviceModel: CPH2699, deviceName: af0c5cf7, deviceScreenDensity: 480, deviceScreenSize: 1080x2400, deviceUDID: af0c5cf7, javascriptEnabled: true, locationContextEnabled: false, networkConnectionEnabled: true, noReset: true, pixelRatio: 3, platform: LINUX, platformName: Android, platformVersion: 15, statBarHeight: 120, takesScreenshot: true, viewportRect: {height: 2280, left: 0, top: 120, width: 1080}, waitForIdleTimeout: 3000, warnings: {}, webStorageEnabled: false}
Session ID: c0c10e71-bfa6-42a0-bfc6-9e4517bcdaae
*** Element info: {Using=xpath, value=//android.widget.EditText[@resource-id='com.hdbank.ipaper:id/edit_text_user_name']}
	at java.base/jdk.internal.reflect.NativeConstructorAccessorImpl.newInstance0(Native Method)
	at java.base/jdk.internal.reflect.NativeConstructorAccessorImpl.newInstance(NativeConstructorAccessorImpl.java:77)
	at java.base/jdk.internal.reflect.DelegatingConstructorAccessorImpl.newInstance(DelegatingConstructorAccessorImpl.java:45)
	at org.openqa.selenium.remote.http.W3CHttpResponseCodec.createException(W3CHttpResponseCodec.java:187)
	at org.openqa.selenium.remote.http.W3CHttpResponseCodec.decode(W3CHttpResponseCodec.java:122)
	at org.openqa.selenium.remote.http.W3CHttpResponseCodec.decode(W3CHttpResponseCodec.java:49)
	at org.openqa.selenium.remote.HttpCommandExecutor.execute(HttpCommandExecutor.java:158)
	at io.appium.java_client.remote.AppiumCommandExecutor.execute(AppiumCommandExecutor.java:239)
	at org.openqa.selenium.remote.RemoteWebDriver.execute(RemoteWebDriver.java:552)
	at io.appium.java_client.DefaultGenericMobileDriver.execute(DefaultGenericMobileDriver.java:42)
	at io.appium.java_client.AppiumDriver.execute(AppiumDriver.java:1)
	at io.appium.java_client.android.AndroidDriver.execute(AndroidDriver.java:1)
	at com.kms.katalon.core.appium.driver.SwipeableAndroidDriver.execute(SwipeableAndroidDriver.java:1)
	at org.openqa.selenium.remote.RemoteWebDriver.findElements(RemoteWebDriver.java:353)
	at io.appium.java_client.DefaultGenericMobileDriver.findElements(DefaultGenericMobileDriver.java:54)
	at io.appium.java_client.AppiumDriver.findElements(AppiumDriver.java:152)
	at org.openqa.selenium.remote.RemoteWebDriver.findElementsByXPath(RemoteWebDriver.java:432)
	at io.appium.java_client.DefaultGenericMobileDriver.findElementsByXPath(DefaultGenericMobileDriver.java:156)
	at io.appium.java_client.AppiumDriver.findElementsByXPath(AppiumDriver.java:184)
	at org.openqa.selenium.By$ByXPath.findElements(By.java:348)
	at org.openqa.selenium.remote.RemoteWebDriver.findElements(RemoteWebDriver.java:311)
	at io.appium.java_client.DefaultGenericMobileDriver.findElements(DefaultGenericMobileDriver.java:50)
	at io.appium.java_client.AppiumDriver.findElements(AppiumDriver.java:148)
	at base.BaseKeyword$Trait$Helper.isDisplayed(BaseKeyword.groovy:234)
	at screens.LoginScreen.isDisplayed(LoginScreen.groovy)
	at base.BaseKeyword$Trait$Helper.isDisplayed(BaseKeyword.groovy:229)
	at screens.LoginScreen.isDisplayed(LoginScreen.groovy)
	at screens.LoginScreen.isGuest(LoginScreen.groovy:34)
	at screens.LoginScreen.login(LoginScreen.groovy:10)
	at 021 TU CHOI TẠI MAIN FILE_NHAP Y KIEN.run(021 TU CHOI TẠI MAIN FILE_NHAP Y KIEN:18)
	at com.kms.katalon.core.main.ScriptEngine.run(ScriptEngine.java:194)
	at com.kms.katalon.core.main.ScriptEngine.runScriptAsRawText(ScriptEngine.java:119)
	at com.kms.katalon.core.main.TestCaseExecutor.runScript(TestCaseExecutor.java:448)
	at com.kms.katalon.core.main.TestCaseExecutor.doExecute(TestCaseExecutor.java:439)
	at com.kms.katalon.core.main.TestCaseExecutor.processExecutionPhase(TestCaseExecutor.java:418)
	at com.kms.katalon.core.main.TestCaseExecutor.accessMainPhase(TestCaseExecutor.java:410)
	at com.kms.katalon.core.main.TestCaseExecutor.execute(TestCaseExecutor.java:285)
	at com.kms.katalon.core.common.CommonExecutor.accessTestCaseMainPhase(CommonExecutor.java:65)
	at com.kms.katalon.core.main.TestSuiteExecutor.accessTestSuiteMainPhase(TestSuiteExecutor.java:150)
	at com.kms.katalon.core.main.TestSuiteExecutor.execute(TestSuiteExecutor.java:106)
	at com.kms.katalon.core.main.TestCaseMain.startTestSuite(TestCaseMain.java:180)
	at TempTestSuite1747531571431.run(TempTestSuite1747531571431.groovy:35)
	at java.base/jdk.internal.reflect.NativeMethodAccessorImpl.invoke0(Native Method)
	at java.base/jdk.internal.reflect.NativeMethodAccessorImpl.invoke(NativeMethodAccessorImpl.java:77)
	at java.base/jdk.internal.reflect.DelegatingMethodAccessorImpl.invoke(DelegatingMethodAccessorImpl.java:43)


18-05-2025T09:29:08 - [TEST_STEP][ERROR] - Start listener action : beforeTest: com.kms.katalon.core.exception.StepErrorException: org.openqa.selenium.WebDriverException: An unknown server-side error occurred while processing the command. Original error: 'POST /elements' cannot be proxied to UiAutomator2 server because the instrumentation process is not running (probably crashed). Check the server log and/or the logcat output for more details
Build info: version: '3.141.59', revision: 'unknown', time: 'unknown'
System info: host: '192.168.1.4.non-exists.ptr.local', ip: '2402:800:63f2:b9ce:1859:4296:77a1:a88d%en0', os.name: 'Mac OS X', os.arch: 'aarch64', os.version: '15.4.1', java.version: '17.0.7'
Driver info: com.kms.katalon.core.appium.driver.SwipeableAndroidDriver
Capabilities {automationName: UiAutomator2, databaseEnabled: false, desired: {automationName: UiAutomator2, deviceName: af0c5cf7, noReset: true, platformName: android, waitForIdleTimeout: 3000}, deviceApiLevel: 35, deviceManufacturer: OPPO, deviceModel: CPH2699, deviceName: af0c5cf7, deviceScreenDensity: 480, deviceScreenSize: 1080x2400, deviceUDID: af0c5cf7, javascriptEnabled: true, locationContextEnabled: false, networkConnectionEnabled: true, noReset: true, pixelRatio: 3, platform: LINUX, platformName: Android, platformVersion: 15, statBarHeight: 120, takesScreenshot: true, viewportRect: {height: 2280, left: 0, top: 120, width: 1080}, waitForIdleTimeout: 3000, warnings: {}, webStorageEnabled: false}
Session ID: c0c10e71-bfa6-42a0-bfc6-9e4517bcdaae
*** Element info: {Using=id, value=com.hdbank.ipaper:id/img_logo}
	at com.kms.katalon.core.main.CustomKeywordDelegatingMetaClass.throwError(CustomKeywordDelegatingMetaClass.java:101)
	at com.kms.katalon.core.main.CustomKeywordDelegatingMetaClass.invokeStaticMethod(CustomKeywordDelegatingMetaClass.java:73)
	at TestListener.beforeTest(TestListener.groovy:39)
	at java.base/jdk.internal.reflect.NativeMethodAccessorImpl.invoke0(Native Method)
	at java.base/jdk.internal.reflect.NativeMethodAccessorImpl.invoke(NativeMethodAccessorImpl.java:77)
	at java.base/jdk.internal.reflect.DelegatingMethodAccessorImpl.invoke(DelegatingMethodAccessorImpl.java:43)
	at com.kms.katalon.core.context.internal.TestHooker.invokeMethod(TestHooker.java:111)
	at com.kms.katalon.core.context.internal.TestHooker.lambda$3(TestHooker.java:95)
	at com.kms.katalon.core.context.internal.TestHooker.invokeContextMethods(TestHooker.java:94)
	at com.kms.katalon.core.context.internal.TestListenerCollector.lambda$3(TestListenerCollector.java:88)
	at com.kms.katalon.core.context.internal.TestListenerCollector.handleListenerEvent(TestListenerCollector.java:85)
	at com.kms.katalon.core.context.internal.ExecutionEventManager.publicEvent(ExecutionEventManager.java:36)
	at com.kms.katalon.core.main.TestCaseExecutor.execute(TestCaseExecutor.java:268)
	at com.kms.katalon.core.common.CommonExecutor.accessTestCaseMainPhase(CommonExecutor.java:65)
	at com.kms.katalon.core.main.TestSuiteExecutor.accessTestSuiteMainPhase(TestSuiteExecutor.java:150)
	at com.kms.katalon.core.main.TestSuiteExecutor.execute(TestSuiteExecutor.java:106)
	at com.kms.katalon.core.main.TestCaseMain.startTestSuite(TestCaseMain.java:180)
	at TempTestSuite1747531571431.run(TempTestSuite1747531571431.groovy:35)
	at java.base/jdk.internal.reflect.NativeMethodAccessorImpl.invoke0(Native Method)
	at java.base/jdk.internal.reflect.NativeMethodAccessorImpl.invoke(NativeMethodAccessorImpl.java:77)
	at java.base/jdk.internal.reflect.DelegatingMethodAccessorImpl.invoke(DelegatingMethodAccessorImpl.java:43)
Caused by: org.openqa.selenium.WebDriverException: An unknown server-side error occurred while processing the command. Original error: 'POST /elements' cannot be proxied to UiAutomator2 server because the instrumentation process is not running (probably crashed). Check the server log and/or the logcat output for more details
Build info: version: '3.141.59', revision: 'unknown', time: 'unknown'
System info: host: '192.168.1.4.non-exists.ptr.local', ip: '2402:800:63f2:b9ce:1859:4296:77a1:a88d%en0', os.name: 'Mac OS X', os.arch: 'aarch64', os.version: '15.4.1', java.version: '17.0.7'
Driver info: com.kms.katalon.core.appium.driver.SwipeableAndroidDriver
Capabilities {automationName: UiAutomator2, databaseEnabled: false, desired: {automationName: UiAutomator2, deviceName: af0c5cf7, noReset: true, platformName: android, waitForIdleTimeout: 3000}, deviceApiLevel: 35, deviceManufacturer: OPPO, deviceModel: CPH2699, deviceName: af0c5cf7, deviceScreenDensity: 480, deviceScreenSize: 1080x2400, deviceUDID: af0c5cf7, javascriptEnabled: true, locationContextEnabled: false, networkConnectionEnabled: true, noReset: true, pixelRatio: 3, platform: LINUX, platformName: Android, platformVersion: 15, statBarHeight: 120, takesScreenshot: true, viewportRect: {height: 2280, left: 0, top: 120, width: 1080}, waitForIdleTimeout: 3000, warnings: {}, webStorageEnabled: false}
Session ID: c0c10e71-bfa6-42a0-bfc6-9e4517bcdaae
*** Element info: {Using=id, value=com.hdbank.ipaper:id/img_logo}
	at java.base/jdk.internal.reflect.NativeConstructorAccessorImpl.newInstance0(Native Method)
	at java.base/jdk.internal.reflect.NativeConstructorAccessorImpl.newInstance(NativeConstructorAccessorImpl.java:77)
	at java.base/jdk.internal.reflect.DelegatingConstructorAccessorImpl.newInstance(DelegatingConstructorAccessorImpl.java:45)
	at org.openqa.selenium.remote.http.W3CHttpResponseCodec.createException(W3CHttpResponseCodec.java:187)
	at org.openqa.selenium.remote.http.W3CHttpResponseCodec.decode(W3CHttpResponseCodec.java:122)
	at org.openqa.selenium.remote.http.W3CHttpResponseCodec.decode(W3CHttpResponseCodec.java:49)
	at org.openqa.selenium.remote.HttpCommandExecutor.execute(HttpCommandExecutor.java:158)
	at io.appium.java_client.remote.AppiumCommandExecutor.execute(AppiumCommandExecutor.java:239)
	at org.openqa.selenium.remote.RemoteWebDriver.execute(RemoteWebDriver.java:552)
	at io.appium.java_client.DefaultGenericMobileDriver.execute(DefaultGenericMobileDriver.java:42)
	at io.appium.java_client.AppiumDriver.execute(AppiumDriver.java:1)
	at io.appium.java_client.android.AndroidDriver.execute(AndroidDriver.java:1)
	at com.kms.katalon.core.appium.driver.SwipeableAndroidDriver.execute(SwipeableAndroidDriver.java:1)
	at org.openqa.selenium.remote.RemoteWebDriver.findElements(RemoteWebDriver.java:353)
	at io.appium.java_client.DefaultGenericMobileDriver.findElements(DefaultGenericMobileDriver.java:54)
	at io.appium.java_client.AppiumDriver.findElements(AppiumDriver.java:152)
	at org.openqa.selenium.remote.RemoteWebDriver.findElementsById(RemoteWebDriver.java:376)
	at io.appium.java_client.DefaultGenericMobileDriver.findElementsById(DefaultGenericMobileDriver.java:66)
	at io.appium.java_client.AppiumDriver.findElementsById(AppiumDriver.java:156)
	at org.openqa.selenium.By$ById.findElements(By.java:180)
	at org.openqa.selenium.remote.RemoteWebDriver.findElements(RemoteWebDriver.java:311)
	at io.appium.java_client.DefaultGenericMobileDriver.findElements(DefaultGenericMobileDriver.java:50)
	at io.appium.java_client.AppiumDriver.findElements(AppiumDriver.java:148)
	at base.BaseKeyword$Trait$Helper$_waitForPresentOf_closure1.doCall(BaseKeyword.groovy:253)
	at jdk.internal.reflect.GeneratedMethodAccessor8.invoke(Unknown Source)
	at java.base/jdk.internal.reflect.DelegatingMethodAccessorImpl.invoke(DelegatingMethodAccessorImpl.java:43)
	at jdk.proxy2/jdk.proxy2.$Proxy34.apply(Unknown Source)
	at org.openqa.selenium.support.ui.FluentWait.until(FluentWait.java:249)
	at base.BaseKeyword$Trait$Helper.waitForPresentOf(BaseKeyword.groovy:252)
	at base.BaseApp.waitForPresentOf(BaseApp.groovy)
	at java.base/jdk.internal.reflect.NativeMethodAccessorImpl.invoke0(Native Method)
	at java.base/jdk.internal.reflect.NativeMethodAccessorImpl.invoke(NativeMethodAccessorImpl.java:77)
	at java.base/jdk.internal.reflect.DelegatingMethodAccessorImpl.invoke(DelegatingMethodAccessorImpl.java:43)
	at base.BaseApp.waitAppLauch(BaseApp.groovy:34)
	at java.base/jdk.internal.reflect.NativeMethodAccessorImpl.invoke0(Native Method)
	at java.base/jdk.internal.reflect.NativeMethodAccessorImpl.invoke(NativeMethodAccessorImpl.java:77)
	at java.base/jdk.internal.reflect.DelegatingMethodAccessorImpl.invoke(DelegatingMethodAccessorImpl.java:43)
	at drivers.Driver.openApp(Driver.groovy:60)
	at java.base/jdk.internal.reflect.NativeMethodAccessorImpl.invoke0(Native Method)
	at java.base/jdk.internal.reflect.NativeMethodAccessorImpl.invoke(NativeMethodAccessorImpl.java:77)
	at java.base/jdk.internal.reflect.DelegatingMethodAccessorImpl.invoke(DelegatingMethodAccessorImpl.java:43)
	at com.kms.katalon.core.main.CustomKeywordDelegatingMetaClass.invokeStaticMethod(CustomKeywordDelegatingMetaClass.java:55)
	... 19 more


18-05-2025T09:29:08 - [TEST_STEP][PASSED] - DataTest.init(): null

18-05-2025T09:29:08 - [TEST_STEP][PASSED] - testCaseId = split("/").last(): null

18-05-2025T09:29:08 - [TEST_STEP][PASSED] - if (!(drivers.Driver.isAppiumRunning())): drivers.Driver.isAppiumRunning is PASSED

18-05-2025T09:29:08 - [MESSAGE][INFO] - Appium running: true

18-05-2025T09:29:08 - [MESSAGE][PASSED] - drivers.Driver.isAppiumRunning is PASSED

18-05-2025T09:29:08 - [TEST_STEP][PASSED] - if (driver == null || driver.getSessionId() == null): null

18-05-2025T09:29:08 - [TEST_STEP][ERROR] - drivers.Driver.openApp(): com.kms.katalon.core.exception.StepErrorException: org.openqa.selenium.WebDriverException: An unknown server-side error occurred while processing the command. Original error: 'POST /elements' cannot be proxied to UiAutomator2 server because the instrumentation process is not running (probably crashed). Check the server log and/or the logcat output for more details
Build info: version: '3.141.59', revision: 'unknown', time: 'unknown'
System info: host: '192.168.1.4.non-exists.ptr.local', ip: '2402:800:63f2:b9ce:1859:4296:77a1:a88d%en0', os.name: 'Mac OS X', os.arch: 'aarch64', os.version: '15.4.1', java.version: '17.0.7'
Driver info: com.kms.katalon.core.appium.driver.SwipeableAndroidDriver
Capabilities {automationName: UiAutomator2, databaseEnabled: false, desired: {automationName: UiAutomator2, deviceName: af0c5cf7, noReset: true, platformName: android, waitForIdleTimeout: 3000}, deviceApiLevel: 35, deviceManufacturer: OPPO, deviceModel: CPH2699, deviceName: af0c5cf7, deviceScreenDensity: 480, deviceScreenSize: 1080x2400, deviceUDID: af0c5cf7, javascriptEnabled: true, locationContextEnabled: false, networkConnectionEnabled: true, noReset: true, pixelRatio: 3, platform: LINUX, platformName: Android, platformVersion: 15, statBarHeight: 120, takesScreenshot: true, viewportRect: {height: 2280, left: 0, top: 120, width: 1080}, waitForIdleTimeout: 3000, warnings: {}, webStorageEnabled: false}
Session ID: c0c10e71-bfa6-42a0-bfc6-9e4517bcdaae
*** Element info: {Using=id, value=com.hdbank.ipaper:id/img_logo}
	at com.kms.katalon.core.main.CustomKeywordDelegatingMetaClass.throwError(CustomKeywordDelegatingMetaClass.java:101)
	at com.kms.katalon.core.main.CustomKeywordDelegatingMetaClass.invokeStaticMethod(CustomKeywordDelegatingMetaClass.java:73)
	at TestListener.beforeTest(TestListener.groovy:39)
	at java.base/jdk.internal.reflect.NativeMethodAccessorImpl.invoke0(Native Method)
	at java.base/jdk.internal.reflect.NativeMethodAccessorImpl.invoke(NativeMethodAccessorImpl.java:77)
	at java.base/jdk.internal.reflect.DelegatingMethodAccessorImpl.invoke(DelegatingMethodAccessorImpl.java:43)
	at com.kms.katalon.core.context.internal.TestHooker.invokeMethod(TestHooker.java:111)
	at com.kms.katalon.core.context.internal.TestHooker.lambda$3(TestHooker.java:95)
	at com.kms.katalon.core.context.internal.TestHooker.invokeContextMethods(TestHooker.java:94)
	at com.kms.katalon.core.context.internal.TestListenerCollector.lambda$3(TestListenerCollector.java:88)
	at com.kms.katalon.core.context.internal.TestListenerCollector.handleListenerEvent(TestListenerCollector.java:85)
	at com.kms.katalon.core.context.internal.ExecutionEventManager.publicEvent(ExecutionEventManager.java:36)
	at com.kms.katalon.core.main.TestCaseExecutor.execute(TestCaseExecutor.java:268)
	at com.kms.katalon.core.common.CommonExecutor.accessTestCaseMainPhase(CommonExecutor.java:65)
	at com.kms.katalon.core.main.TestSuiteExecutor.accessTestSuiteMainPhase(TestSuiteExecutor.java:150)
	at com.kms.katalon.core.main.TestSuiteExecutor.execute(TestSuiteExecutor.java:106)
	at com.kms.katalon.core.main.TestCaseMain.startTestSuite(TestCaseMain.java:180)
	at TempTestSuite1747531571431.run(TempTestSuite1747531571431.groovy:35)
	at java.base/jdk.internal.reflect.NativeMethodAccessorImpl.invoke0(Native Method)
	at java.base/jdk.internal.reflect.NativeMethodAccessorImpl.invoke(NativeMethodAccessorImpl.java:77)
	at java.base/jdk.internal.reflect.DelegatingMethodAccessorImpl.invoke(DelegatingMethodAccessorImpl.java:43)
Caused by: org.openqa.selenium.WebDriverException: An unknown server-side error occurred while processing the command. Original error: 'POST /elements' cannot be proxied to UiAutomator2 server because the instrumentation process is not running (probably crashed). Check the server log and/or the logcat output for more details
Build info: version: '3.141.59', revision: 'unknown', time: 'unknown'
System info: host: '192.168.1.4.non-exists.ptr.local', ip: '2402:800:63f2:b9ce:1859:4296:77a1:a88d%en0', os.name: 'Mac OS X', os.arch: 'aarch64', os.version: '15.4.1', java.version: '17.0.7'
Driver info: com.kms.katalon.core.appium.driver.SwipeableAndroidDriver
Capabilities {automationName: UiAutomator2, databaseEnabled: false, desired: {automationName: UiAutomator2, deviceName: af0c5cf7, noReset: true, platformName: android, waitForIdleTimeout: 3000}, deviceApiLevel: 35, deviceManufacturer: OPPO, deviceModel: CPH2699, deviceName: af0c5cf7, deviceScreenDensity: 480, deviceScreenSize: 1080x2400, deviceUDID: af0c5cf7, javascriptEnabled: true, locationContextEnabled: false, networkConnectionEnabled: true, noReset: true, pixelRatio: 3, platform: LINUX, platformName: Android, platformVersion: 15, statBarHeight: 120, takesScreenshot: true, viewportRect: {height: 2280, left: 0, top: 120, width: 1080}, waitForIdleTimeout: 3000, warnings: {}, webStorageEnabled: false}
Session ID: c0c10e71-bfa6-42a0-bfc6-9e4517bcdaae
*** Element info: {Using=id, value=com.hdbank.ipaper:id/img_logo}
	at java.base/jdk.internal.reflect.NativeConstructorAccessorImpl.newInstance0(Native Method)
	at java.base/jdk.internal.reflect.NativeConstructorAccessorImpl.newInstance(NativeConstructorAccessorImpl.java:77)
	at java.base/jdk.internal.reflect.DelegatingConstructorAccessorImpl.newInstance(DelegatingConstructorAccessorImpl.java:45)
	at org.openqa.selenium.remote.http.W3CHttpResponseCodec.createException(W3CHttpResponseCodec.java:187)
	at org.openqa.selenium.remote.http.W3CHttpResponseCodec.decode(W3CHttpResponseCodec.java:122)
	at org.openqa.selenium.remote.http.W3CHttpResponseCodec.decode(W3CHttpResponseCodec.java:49)
	at org.openqa.selenium.remote.HttpCommandExecutor.execute(HttpCommandExecutor.java:158)
	at io.appium.java_client.remote.AppiumCommandExecutor.execute(AppiumCommandExecutor.java:239)
	at org.openqa.selenium.remote.RemoteWebDriver.execute(RemoteWebDriver.java:552)
	at io.appium.java_client.DefaultGenericMobileDriver.execute(DefaultGenericMobileDriver.java:42)
	at io.appium.java_client.AppiumDriver.execute(AppiumDriver.java:1)
	at io.appium.java_client.android.AndroidDriver.execute(AndroidDriver.java:1)
	at com.kms.katalon.core.appium.driver.SwipeableAndroidDriver.execute(SwipeableAndroidDriver.java:1)
	at org.openqa.selenium.remote.RemoteWebDriver.findElements(RemoteWebDriver.java:353)
	at io.appium.java_client.DefaultGenericMobileDriver.findElements(DefaultGenericMobileDriver.java:54)
	at io.appium.java_client.AppiumDriver.findElements(AppiumDriver.java:152)
	at org.openqa.selenium.remote.RemoteWebDriver.findElementsById(RemoteWebDriver.java:376)
	at io.appium.java_client.DefaultGenericMobileDriver.findElementsById(DefaultGenericMobileDriver.java:66)
	at io.appium.java_client.AppiumDriver.findElementsById(AppiumDriver.java:156)
	at org.openqa.selenium.By$ById.findElements(By.java:180)
	at org.openqa.selenium.remote.RemoteWebDriver.findElements(RemoteWebDriver.java:311)
	at io.appium.java_client.DefaultGenericMobileDriver.findElements(DefaultGenericMobileDriver.java:50)
	at io.appium.java_client.AppiumDriver.findElements(AppiumDriver.java:148)
	at base.BaseKeyword$Trait$Helper$_waitForPresentOf_closure1.doCall(BaseKeyword.groovy:253)
	at jdk.internal.reflect.GeneratedMethodAccessor8.invoke(Unknown Source)
	at java.base/jdk.internal.reflect.DelegatingMethodAccessorImpl.invoke(DelegatingMethodAccessorImpl.java:43)
	at jdk.proxy2/jdk.proxy2.$Proxy34.apply(Unknown Source)
	at org.openqa.selenium.support.ui.FluentWait.until(FluentWait.java:249)
	at base.BaseKeyword$Trait$Helper.waitForPresentOf(BaseKeyword.groovy:252)
	at base.BaseApp.waitForPresentOf(BaseApp.groovy)
	at java.base/jdk.internal.reflect.NativeMethodAccessorImpl.invoke0(Native Method)
	at java.base/jdk.internal.reflect.NativeMethodAccessorImpl.invoke(NativeMethodAccessorImpl.java:77)
	at java.base/jdk.internal.reflect.DelegatingMethodAccessorImpl.invoke(DelegatingMethodAccessorImpl.java:43)
	at base.BaseApp.waitAppLauch(BaseApp.groovy:34)
	at java.base/jdk.internal.reflect.NativeMethodAccessorImpl.invoke0(Native Method)
	at java.base/jdk.internal.reflect.NativeMethodAccessorImpl.invoke(NativeMethodAccessorImpl.java:77)
	at java.base/jdk.internal.reflect.DelegatingMethodAccessorImpl.invoke(DelegatingMethodAccessorImpl.java:43)
	at drivers.Driver.openApp(Driver.groovy:60)
	at java.base/jdk.internal.reflect.NativeMethodAccessorImpl.invoke0(Native Method)
	at java.base/jdk.internal.reflect.NativeMethodAccessorImpl.invoke(NativeMethodAccessorImpl.java:77)
	at java.base/jdk.internal.reflect.DelegatingMethodAccessorImpl.invoke(DelegatingMethodAccessorImpl.java:43)
	at com.kms.katalon.core.main.CustomKeywordDelegatingMetaClass.invokeStaticMethod(CustomKeywordDelegatingMetaClass.java:55)
	... 19 more


18-05-2025T09:29:08 - [MESSAGE][ERROR] - An unknown server-side error occurred while processing the command. Original error: 'POST /elements' cannot be proxied to UiAutomator2 server because the instrumentation process is not running (probably crashed). Check the server log and/or the logcat output for more details
Build info: version: '3.141.59', revision: 'unknown', time: 'unknown'
System info: host: '192.168.1.4.non-exists.ptr.local', ip: '2402:800:63f2:b9ce:1859:4296:77a1:a88d%en0', os.name: 'Mac OS X', os.arch: 'aarch64', os.version: '15.4.1', java.version: '17.0.7'
Driver info: com.kms.katalon.core.appium.driver.SwipeableAndroidDriver
Capabilities {automationName: UiAutomator2, databaseEnabled: false, desired: {automationName: UiAutomator2, deviceName: af0c5cf7, noReset: true, platformName: android, waitForIdleTimeout: 3000}, deviceApiLevel: 35, deviceManufacturer: OPPO, deviceModel: CPH2699, deviceName: af0c5cf7, deviceScreenDensity: 480, deviceScreenSize: 1080x2400, deviceUDID: af0c5cf7, javascriptEnabled: true, locationContextEnabled: false, networkConnectionEnabled: true, noReset: true, pixelRatio: 3, platform: LINUX, platformName: Android, platformVersion: 15, statBarHeight: 120, takesScreenshot: true, viewportRect: {height: 2280, left: 0, top: 120, width: 1080}, waitForIdleTimeout: 3000, warnings: {}, webStorageEnabled: false}
Session ID: c0c10e71-bfa6-42a0-bfc6-9e4517bcdaae
*** Element info: {Using=id, value=com.hdbank.ipaper:id/img_logo}

18-05-2025T09:29:08 - [MESSAGE][ERROR] - com.kms.katalon.core.exception.StepErrorException: org.openqa.selenium.WebDriverException: An unknown server-side error occurred while processing the command. Original error: 'POST /elements' cannot be proxied to UiAutomator2 server because the instrumentation process is not running (probably crashed). Check the server log and/or the logcat output for more details
Build info: version: '3.141.59', revision: 'unknown', time: 'unknown'
System info: host: '192.168.1.4.non-exists.ptr.local', ip: '2402:800:63f2:b9ce:1859:4296:77a1:a88d%en0', os.name: 'Mac OS X', os.arch: 'aarch64', os.version: '15.4.1', java.version: '17.0.7'
Driver info: com.kms.katalon.core.appium.driver.SwipeableAndroidDriver
Capabilities {automationName: UiAutomator2, databaseEnabled: false, desired: {automationName: UiAutomator2, deviceName: af0c5cf7, noReset: true, platformName: android, waitForIdleTimeout: 3000}, deviceApiLevel: 35, deviceManufacturer: OPPO, deviceModel: CPH2699, deviceName: af0c5cf7, deviceScreenDensity: 480, deviceScreenSize: 1080x2400, deviceUDID: af0c5cf7, javascriptEnabled: true, locationContextEnabled: false, networkConnectionEnabled: true, noReset: true, pixelRatio: 3, platform: LINUX, platformName: Android, platformVersion: 15, statBarHeight: 120, takesScreenshot: true, viewportRect: {height: 2280, left: 0, top: 120, width: 1080}, waitForIdleTimeout: 3000, warnings: {}, webStorageEnabled: false}
Session ID: c0c10e71-bfa6-42a0-bfc6-9e4517bcdaae
*** Element info: {Using=id, value=com.hdbank.ipaper:id/img_logo}
	at com.kms.katalon.core.main.CustomKeywordDelegatingMetaClass.throwError(CustomKeywordDelegatingMetaClass.java:101)
	at com.kms.katalon.core.main.CustomKeywordDelegatingMetaClass.invokeStaticMethod(CustomKeywordDelegatingMetaClass.java:73)
	at TestListener.beforeTest(TestListener.groovy:39)
	at java.base/jdk.internal.reflect.NativeMethodAccessorImpl.invoke0(Native Method)
	at java.base/jdk.internal.reflect.NativeMethodAccessorImpl.invoke(NativeMethodAccessorImpl.java:77)
	at java.base/jdk.internal.reflect.DelegatingMethodAccessorImpl.invoke(DelegatingMethodAccessorImpl.java:43)
	at com.kms.katalon.core.context.internal.TestHooker.invokeMethod(TestHooker.java:111)
	at com.kms.katalon.core.context.internal.TestHooker.lambda$3(TestHooker.java:95)
	at com.kms.katalon.core.context.internal.TestHooker.invokeContextMethods(TestHooker.java:94)
	at com.kms.katalon.core.context.internal.TestListenerCollector.lambda$3(TestListenerCollector.java:88)
	at com.kms.katalon.core.context.internal.TestListenerCollector.handleListenerEvent(TestListenerCollector.java:85)
	at com.kms.katalon.core.context.internal.ExecutionEventManager.publicEvent(ExecutionEventManager.java:36)
	at com.kms.katalon.core.main.TestCaseExecutor.execute(TestCaseExecutor.java:268)
	at com.kms.katalon.core.common.CommonExecutor.accessTestCaseMainPhase(CommonExecutor.java:65)
	at com.kms.katalon.core.main.TestSuiteExecutor.accessTestSuiteMainPhase(TestSuiteExecutor.java:150)
	at com.kms.katalon.core.main.TestSuiteExecutor.execute(TestSuiteExecutor.java:106)
	at com.kms.katalon.core.main.TestCaseMain.startTestSuite(TestCaseMain.java:180)
	at TempTestSuite1747531571431.run(TempTestSuite1747531571431.groovy:35)
	at java.base/jdk.internal.reflect.NativeMethodAccessorImpl.invoke0(Native Method)
	at java.base/jdk.internal.reflect.NativeMethodAccessorImpl.invoke(NativeMethodAccessorImpl.java:77)
	at java.base/jdk.internal.reflect.DelegatingMethodAccessorImpl.invoke(DelegatingMethodAccessorImpl.java:43)
Caused by: org.openqa.selenium.WebDriverException: An unknown server-side error occurred while processing the command. Original error: 'POST /elements' cannot be proxied to UiAutomator2 server because the instrumentation process is not running (probably crashed). Check the server log and/or the logcat output for more details
Build info: version: '3.141.59', revision: 'unknown', time: 'unknown'
System info: host: '192.168.1.4.non-exists.ptr.local', ip: '2402:800:63f2:b9ce:1859:4296:77a1:a88d%en0', os.name: 'Mac OS X', os.arch: 'aarch64', os.version: '15.4.1', java.version: '17.0.7'
Driver info: com.kms.katalon.core.appium.driver.SwipeableAndroidDriver
Capabilities {automationName: UiAutomator2, databaseEnabled: false, desired: {automationName: UiAutomator2, deviceName: af0c5cf7, noReset: true, platformName: android, waitForIdleTimeout: 3000}, deviceApiLevel: 35, deviceManufacturer: OPPO, deviceModel: CPH2699, deviceName: af0c5cf7, deviceScreenDensity: 480, deviceScreenSize: 1080x2400, deviceUDID: af0c5cf7, javascriptEnabled: true, locationContextEnabled: false, networkConnectionEnabled: true, noReset: true, pixelRatio: 3, platform: LINUX, platformName: Android, platformVersion: 15, statBarHeight: 120, takesScreenshot: true, viewportRect: {height: 2280, left: 0, top: 120, width: 1080}, waitForIdleTimeout: 3000, warnings: {}, webStorageEnabled: false}
Session ID: c0c10e71-bfa6-42a0-bfc6-9e4517bcdaae
*** Element info: {Using=id, value=com.hdbank.ipaper:id/img_logo}
	at java.base/jdk.internal.reflect.NativeConstructorAccessorImpl.newInstance0(Native Method)
	at java.base/jdk.internal.reflect.NativeConstructorAccessorImpl.newInstance(NativeConstructorAccessorImpl.java:77)
	at java.base/jdk.internal.reflect.DelegatingConstructorAccessorImpl.newInstance(DelegatingConstructorAccessorImpl.java:45)
	at org.openqa.selenium.remote.http.W3CHttpResponseCodec.createException(W3CHttpResponseCodec.java:187)
	at org.openqa.selenium.remote.http.W3CHttpResponseCodec.decode(W3CHttpResponseCodec.java:122)
	at org.openqa.selenium.remote.http.W3CHttpResponseCodec.decode(W3CHttpResponseCodec.java:49)
	at org.openqa.selenium.remote.HttpCommandExecutor.execute(HttpCommandExecutor.java:158)
	at io.appium.java_client.remote.AppiumCommandExecutor.execute(AppiumCommandExecutor.java:239)
	at org.openqa.selenium.remote.RemoteWebDriver.execute(RemoteWebDriver.java:552)
	at io.appium.java_client.DefaultGenericMobileDriver.execute(DefaultGenericMobileDriver.java:42)
	at io.appium.java_client.AppiumDriver.execute(AppiumDriver.java:1)
	at io.appium.java_client.android.AndroidDriver.execute(AndroidDriver.java:1)
	at com.kms.katalon.core.appium.driver.SwipeableAndroidDriver.execute(SwipeableAndroidDriver.java:1)
	at org.openqa.selenium.remote.RemoteWebDriver.findElements(RemoteWebDriver.java:353)
	at io.appium.java_client.DefaultGenericMobileDriver.findElements(DefaultGenericMobileDriver.java:54)
	at io.appium.java_client.AppiumDriver.findElements(AppiumDriver.java:152)
	at org.openqa.selenium.remote.RemoteWebDriver.findElementsById(RemoteWebDriver.java:376)
	at io.appium.java_client.DefaultGenericMobileDriver.findElementsById(DefaultGenericMobileDriver.java:66)
	at io.appium.java_client.AppiumDriver.findElementsById(AppiumDriver.java:156)
	at org.openqa.selenium.By$ById.findElements(By.java:180)
	at org.openqa.selenium.remote.RemoteWebDriver.findElements(RemoteWebDriver.java:311)
	at io.appium.java_client.DefaultGenericMobileDriver.findElements(DefaultGenericMobileDriver.java:50)
	at io.appium.java_client.AppiumDriver.findElements(AppiumDriver.java:148)
	at base.BaseKeyword$Trait$Helper$_waitForPresentOf_closure1.doCall(BaseKeyword.groovy:253)
	at jdk.internal.reflect.GeneratedMethodAccessor8.invoke(Unknown Source)
	at java.base/jdk.internal.reflect.DelegatingMethodAccessorImpl.invoke(DelegatingMethodAccessorImpl.java:43)
	at jdk.proxy2/jdk.proxy2.$Proxy34.apply(Unknown Source)
	at org.openqa.selenium.support.ui.FluentWait.until(FluentWait.java:249)
	at base.BaseKeyword$Trait$Helper.waitForPresentOf(BaseKeyword.groovy:252)
	at base.BaseApp.waitForPresentOf(BaseApp.groovy)
	at java.base/jdk.internal.reflect.NativeMethodAccessorImpl.invoke0(Native Method)
	at java.base/jdk.internal.reflect.NativeMethodAccessorImpl.invoke(NativeMethodAccessorImpl.java:77)
	at java.base/jdk.internal.reflect.DelegatingMethodAccessorImpl.invoke(DelegatingMethodAccessorImpl.java:43)
	at base.BaseApp.waitAppLauch(BaseApp.groovy:34)
	at java.base/jdk.internal.reflect.NativeMethodAccessorImpl.invoke0(Native Method)
	at java.base/jdk.internal.reflect.NativeMethodAccessorImpl.invoke(NativeMethodAccessorImpl.java:77)
	at java.base/jdk.internal.reflect.DelegatingMethodAccessorImpl.invoke(DelegatingMethodAccessorImpl.java:43)
	at drivers.Driver.openApp(Driver.groovy:60)
	at java.base/jdk.internal.reflect.NativeMethodAccessorImpl.invoke0(Native Method)
	at java.base/jdk.internal.reflect.NativeMethodAccessorImpl.invoke(NativeMethodAccessorImpl.java:77)
	at java.base/jdk.internal.reflect.DelegatingMethodAccessorImpl.invoke(DelegatingMethodAccessorImpl.java:43)
	at com.kms.katalon.core.main.CustomKeywordDelegatingMetaClass.invokeStaticMethod(CustomKeywordDelegatingMetaClass.java:55)
	... 19 more


18-05-2025T09:29:08 - [TEST_STEP][PASSED] - REQUEST_NAME = "Trình ký PDF có sẵn": null

18-05-2025T09:29:08 - [TEST_STEP][PASSED] - COMMENT = "Commented by automation team in case 21": null

18-05-2025T09:29:08 - [TEST_STEP][PASSED] - auto5 = DataTest.getUserTest("auto5"): null

18-05-2025T09:29:08 - [TEST_STEP][PASSED] - auto6 = DataTest.getUserTest("auto6"): null

18-05-2025T09:29:08 - [TEST_STEP][PASSED] - document = DataTest.createDocumentTest(auto5, auto6, null, "dummy.pdf", "dummy.pdf"): null

18-05-2025T09:29:08 - [TEST_STEP][ERROR] - loginScreen.login(auto5): Test Cases/IPAPER APP/021 TU CHOI TẠI MAIN FILE_NHAP Y KIEN FAILED.
Reason:
org.openqa.selenium.WebDriverException: An unknown server-side error occurred while processing the command. Original error: 'POST /elements' cannot be proxied to UiAutomator2 server because the instrumentation process is not running (probably crashed). Check the server log and/or the logcat output for more details
Build info: version: '3.141.59', revision: 'unknown', time: 'unknown'
System info: host: '192.168.1.4.non-exists.ptr.local', ip: '2402:800:63f2:b9ce:1859:4296:77a1:a88d%en0', os.name: 'Mac OS X', os.arch: 'aarch64', os.version: '15.4.1', java.version: '17.0.7'
Driver info: com.kms.katalon.core.appium.driver.SwipeableAndroidDriver
Capabilities {automationName: UiAutomator2, databaseEnabled: false, desired: {automationName: UiAutomator2, deviceName: af0c5cf7, noReset: true, platformName: android, waitForIdleTimeout: 3000}, deviceApiLevel: 35, deviceManufacturer: OPPO, deviceModel: CPH2699, deviceName: af0c5cf7, deviceScreenDensity: 480, deviceScreenSize: 1080x2400, deviceUDID: af0c5cf7, javascriptEnabled: true, locationContextEnabled: false, networkConnectionEnabled: true, noReset: true, pixelRatio: 3, platform: LINUX, platformName: Android, platformVersion: 15, statBarHeight: 120, takesScreenshot: true, viewportRect: {height: 2280, left: 0, top: 120, width: 1080}, waitForIdleTimeout: 3000, warnings: {}, webStorageEnabled: false}
Session ID: c0c10e71-bfa6-42a0-bfc6-9e4517bcdaae
*** Element info: {Using=xpath, value=//android.widget.EditText[@resource-id='com.hdbank.ipaper:id/edit_text_user_name']}
	at java.base/jdk.internal.reflect.NativeConstructorAccessorImpl.newInstance0(Native Method)
	at java.base/jdk.internal.reflect.NativeConstructorAccessorImpl.newInstance(NativeConstructorAccessorImpl.java:77)
	at java.base/jdk.internal.reflect.DelegatingConstructorAccessorImpl.newInstance(DelegatingConstructorAccessorImpl.java:45)
	at org.openqa.selenium.remote.http.W3CHttpResponseCodec.createException(W3CHttpResponseCodec.java:187)
	at org.openqa.selenium.remote.http.W3CHttpResponseCodec.decode(W3CHttpResponseCodec.java:122)
	at org.openqa.selenium.remote.http.W3CHttpResponseCodec.decode(W3CHttpResponseCodec.java:49)
	at org.openqa.selenium.remote.HttpCommandExecutor.execute(HttpCommandExecutor.java:158)
	at io.appium.java_client.remote.AppiumCommandExecutor.execute(AppiumCommandExecutor.java:239)
	at org.openqa.selenium.remote.RemoteWebDriver.execute(RemoteWebDriver.java:552)
	at io.appium.java_client.DefaultGenericMobileDriver.execute(DefaultGenericMobileDriver.java:42)
	at io.appium.java_client.AppiumDriver.execute(AppiumDriver.java:1)
	at io.appium.java_client.android.AndroidDriver.execute(AndroidDriver.java:1)
	at com.kms.katalon.core.appium.driver.SwipeableAndroidDriver.execute(SwipeableAndroidDriver.java:1)
	at org.openqa.selenium.remote.RemoteWebDriver.findElements(RemoteWebDriver.java:353)
	at io.appium.java_client.DefaultGenericMobileDriver.findElements(DefaultGenericMobileDriver.java:54)
	at io.appium.java_client.AppiumDriver.findElements(AppiumDriver.java:152)
	at org.openqa.selenium.remote.RemoteWebDriver.findElementsByXPath(RemoteWebDriver.java:432)
	at io.appium.java_client.DefaultGenericMobileDriver.findElementsByXPath(DefaultGenericMobileDriver.java:156)
	at io.appium.java_client.AppiumDriver.findElementsByXPath(AppiumDriver.java:184)
	at org.openqa.selenium.By$ByXPath.findElements(By.java:348)
	at org.openqa.selenium.remote.RemoteWebDriver.findElements(RemoteWebDriver.java:311)
	at io.appium.java_client.DefaultGenericMobileDriver.findElements(DefaultGenericMobileDriver.java:50)
	at io.appium.java_client.AppiumDriver.findElements(AppiumDriver.java:148)
	at base.BaseKeyword$Trait$Helper.isDisplayed(BaseKeyword.groovy:234)
	at screens.LoginScreen.isDisplayed(LoginScreen.groovy)
	at base.BaseKeyword$Trait$Helper.isDisplayed(BaseKeyword.groovy:229)
	at screens.LoginScreen.isDisplayed(LoginScreen.groovy)
	at screens.LoginScreen.isGuest(LoginScreen.groovy:34)
	at screens.LoginScreen.login(LoginScreen.groovy:10)
	at 021 TU CHOI TẠI MAIN FILE_NHAP Y KIEN.run(021 TU CHOI TẠI MAIN FILE_NHAP Y KIEN:18)
	at com.kms.katalon.core.main.ScriptEngine.run(ScriptEngine.java:194)
	at com.kms.katalon.core.main.ScriptEngine.runScriptAsRawText(ScriptEngine.java:119)
	at com.kms.katalon.core.main.TestCaseExecutor.runScript(TestCaseExecutor.java:448)
	at com.kms.katalon.core.main.TestCaseExecutor.doExecute(TestCaseExecutor.java:439)
	at com.kms.katalon.core.main.TestCaseExecutor.processExecutionPhase(TestCaseExecutor.java:418)
	at com.kms.katalon.core.main.TestCaseExecutor.accessMainPhase(TestCaseExecutor.java:410)
	at com.kms.katalon.core.main.TestCaseExecutor.execute(TestCaseExecutor.java:285)
	at com.kms.katalon.core.common.CommonExecutor.accessTestCaseMainPhase(CommonExecutor.java:65)
	at com.kms.katalon.core.main.TestSuiteExecutor.accessTestSuiteMainPhase(TestSuiteExecutor.java:150)
	at com.kms.katalon.core.main.TestSuiteExecutor.execute(TestSuiteExecutor.java:106)
	at com.kms.katalon.core.main.TestCaseMain.startTestSuite(TestCaseMain.java:180)
	at TempTestSuite1747531571431.run(TempTestSuite1747531571431.groovy:35)
	at java.base/jdk.internal.reflect.NativeMethodAccessorImpl.invoke0(Native Method)
	at java.base/jdk.internal.reflect.NativeMethodAccessorImpl.invoke(NativeMethodAccessorImpl.java:77)
	at java.base/jdk.internal.reflect.DelegatingMethodAccessorImpl.invoke(DelegatingMethodAccessorImpl.java:43)


18-05-2025T09:29:08 - [MESSAGE][ERROR] - Test Cases/IPAPER APP/021 TU CHOI TẠI MAIN FILE_NHAP Y KIEN FAILED.
Reason:
org.openqa.selenium.WebDriverException: An unknown server-side error occurred while processing the command. Original error: 'POST /elements' cannot be proxied to UiAutomator2 server because the instrumentation process is not running (probably crashed). Check the server log and/or the logcat output for more details
Build info: version: '3.141.59', revision: 'unknown', time: 'unknown'
System info: host: '192.168.1.4.non-exists.ptr.local', ip: '2402:800:63f2:b9ce:1859:4296:77a1:a88d%en0', os.name: 'Mac OS X', os.arch: 'aarch64', os.version: '15.4.1', java.version: '17.0.7'
Driver info: com.kms.katalon.core.appium.driver.SwipeableAndroidDriver
Capabilities {automationName: UiAutomator2, databaseEnabled: false, desired: {automationName: UiAutomator2, deviceName: af0c5cf7, noReset: true, platformName: android, waitForIdleTimeout: 3000}, deviceApiLevel: 35, deviceManufacturer: OPPO, deviceModel: CPH2699, deviceName: af0c5cf7, deviceScreenDensity: 480, deviceScreenSize: 1080x2400, deviceUDID: af0c5cf7, javascriptEnabled: true, locationContextEnabled: false, networkConnectionEnabled: true, noReset: true, pixelRatio: 3, platform: LINUX, platformName: Android, platformVersion: 15, statBarHeight: 120, takesScreenshot: true, viewportRect: {height: 2280, left: 0, top: 120, width: 1080}, waitForIdleTimeout: 3000, warnings: {}, webStorageEnabled: false}
Session ID: c0c10e71-bfa6-42a0-bfc6-9e4517bcdaae
*** Element info: {Using=xpath, value=//android.widget.EditText[@resource-id='com.hdbank.ipaper:id/edit_text_user_name']}
	at java.base/jdk.internal.reflect.NativeConstructorAccessorImpl.newInstance0(Native Method)
	at java.base/jdk.internal.reflect.NativeConstructorAccessorImpl.newInstance(NativeConstructorAccessorImpl.java:77)
	at java.base/jdk.internal.reflect.DelegatingConstructorAccessorImpl.newInstance(DelegatingConstructorAccessorImpl.java:45)
	at org.openqa.selenium.remote.http.W3CHttpResponseCodec.createException(W3CHttpResponseCodec.java:187)
	at org.openqa.selenium.remote.http.W3CHttpResponseCodec.decode(W3CHttpResponseCodec.java:122)
	at org.openqa.selenium.remote.http.W3CHttpResponseCodec.decode(W3CHttpResponseCodec.java:49)
	at org.openqa.selenium.remote.HttpCommandExecutor.execute(HttpCommandExecutor.java:158)
	at io.appium.java_client.remote.AppiumCommandExecutor.execute(AppiumCommandExecutor.java:239)
	at org.openqa.selenium.remote.RemoteWebDriver.execute(RemoteWebDriver.java:552)
	at io.appium.java_client.DefaultGenericMobileDriver.execute(DefaultGenericMobileDriver.java:42)
	at io.appium.java_client.AppiumDriver.execute(AppiumDriver.java:1)
	at io.appium.java_client.android.AndroidDriver.execute(AndroidDriver.java:1)
	at com.kms.katalon.core.appium.driver.SwipeableAndroidDriver.execute(SwipeableAndroidDriver.java:1)
	at org.openqa.selenium.remote.RemoteWebDriver.findElements(RemoteWebDriver.java:353)
	at io.appium.java_client.DefaultGenericMobileDriver.findElements(DefaultGenericMobileDriver.java:54)
	at io.appium.java_client.AppiumDriver.findElements(AppiumDriver.java:152)
	at org.openqa.selenium.remote.RemoteWebDriver.findElementsByXPath(RemoteWebDriver.java:432)
	at io.appium.java_client.DefaultGenericMobileDriver.findElementsByXPath(DefaultGenericMobileDriver.java:156)
	at io.appium.java_client.AppiumDriver.findElementsByXPath(AppiumDriver.java:184)
	at org.openqa.selenium.By$ByXPath.findElements(By.java:348)
	at org.openqa.selenium.remote.RemoteWebDriver.findElements(RemoteWebDriver.java:311)
	at io.appium.java_client.DefaultGenericMobileDriver.findElements(DefaultGenericMobileDriver.java:50)
	at io.appium.java_client.AppiumDriver.findElements(AppiumDriver.java:148)
	at base.BaseKeyword$Trait$Helper.isDisplayed(BaseKeyword.groovy:234)
	at screens.LoginScreen.isDisplayed(LoginScreen.groovy)
	at base.BaseKeyword$Trait$Helper.isDisplayed(BaseKeyword.groovy:229)
	at screens.LoginScreen.isDisplayed(LoginScreen.groovy)
	at screens.LoginScreen.isGuest(LoginScreen.groovy:34)
	at screens.LoginScreen.login(LoginScreen.groovy:10)
	at 021 TU CHOI TẠI MAIN FILE_NHAP Y KIEN.run(021 TU CHOI TẠI MAIN FILE_NHAP Y KIEN:18)
	at com.kms.katalon.core.main.ScriptEngine.run(ScriptEngine.java:194)
	at com.kms.katalon.core.main.ScriptEngine.runScriptAsRawText(ScriptEngine.java:119)
	at com.kms.katalon.core.main.TestCaseExecutor.runScript(TestCaseExecutor.java:448)
	at com.kms.katalon.core.main.TestCaseExecutor.doExecute(TestCaseExecutor.java:439)
	at com.kms.katalon.core.main.TestCaseExecutor.processExecutionPhase(TestCaseExecutor.java:418)
	at com.kms.katalon.core.main.TestCaseExecutor.accessMainPhase(TestCaseExecutor.java:410)
	at com.kms.katalon.core.main.TestCaseExecutor.execute(TestCaseExecutor.java:285)
	at com.kms.katalon.core.common.CommonExecutor.accessTestCaseMainPhase(CommonExecutor.java:65)
	at com.kms.katalon.core.main.TestSuiteExecutor.accessTestSuiteMainPhase(TestSuiteExecutor.java:150)
	at com.kms.katalon.core.main.TestSuiteExecutor.execute(TestSuiteExecutor.java:106)
	at com.kms.katalon.core.main.TestCaseMain.startTestSuite(TestCaseMain.java:180)
	at TempTestSuite1747531571431.run(TempTestSuite1747531571431.groovy:35)
	at java.base/jdk.internal.reflect.NativeMethodAccessorImpl.invoke0(Native Method)
	at java.base/jdk.internal.reflect.NativeMethodAccessorImpl.invoke(NativeMethodAccessorImpl.java:77)
	at java.base/jdk.internal.reflect.DelegatingMethodAccessorImpl.invoke(DelegatingMethodAccessorImpl.java:43)


18-05-2025T09:29:08 - [TEST_STEP][ERROR] - Start listener action : afterTest: com.kms.katalon.core.exception.StepFailedException: Unable to take screenshot
	at com.kms.katalon.core.mobile.keyword.internal.MobileKeywordMain.stepFailed(MobileKeywordMain.groovy:64)
	at com.kms.katalon.core.mobile.keyword.internal.MobileKeywordMain.runKeyword(MobileKeywordMain.groovy:34)
	at com.kms.katalon.core.mobile.keyword.builtin.TakeScreenshotKeyword.takeScreenshot(TakeScreenshotKeyword.groovy:94)
	at com.kms.katalon.core.mobile.keyword.builtin.TakeScreenshotKeyword.execute(TakeScreenshotKeyword.groovy:54)
	at com.kms.katalon.core.keyword.internal.KeywordExecutor.executeKeywordForPlatform(KeywordExecutor.groovy:74)
	at com.kms.katalon.core.mobile.keyword.MobileBuiltInKeywords.takeScreenshot(MobileBuiltInKeywords.groovy:218)
	at TestListener.afterTest(TestListener.groovy:45)
	at java.base/jdk.internal.reflect.NativeMethodAccessorImpl.invoke0(Native Method)
	at java.base/jdk.internal.reflect.NativeMethodAccessorImpl.invoke(NativeMethodAccessorImpl.java:77)
	at java.base/jdk.internal.reflect.DelegatingMethodAccessorImpl.invoke(DelegatingMethodAccessorImpl.java:43)
	at com.kms.katalon.core.context.internal.TestHooker.invokeMethod(TestHooker.java:111)
	at com.kms.katalon.core.context.internal.TestHooker.lambda$3(TestHooker.java:95)
	at com.kms.katalon.core.context.internal.TestHooker.invokeContextMethods(TestHooker.java:94)
	at com.kms.katalon.core.context.internal.TestListenerCollector.lambda$3(TestListenerCollector.java:88)
	at com.kms.katalon.core.context.internal.TestListenerCollector.handleListenerEvent(TestListenerCollector.java:85)
	at com.kms.katalon.core.context.internal.ExecutionEventManager.publicEvent(ExecutionEventManager.java:36)
	at com.kms.katalon.core.main.TestCaseExecutor.execute(TestCaseExecutor.java:315)
	at com.kms.katalon.core.common.CommonExecutor.accessTestCaseMainPhase(CommonExecutor.java:65)
	at com.kms.katalon.core.main.TestSuiteExecutor.accessTestSuiteMainPhase(TestSuiteExecutor.java:150)
	at com.kms.katalon.core.main.TestSuiteExecutor.execute(TestSuiteExecutor.java:106)
	at com.kms.katalon.core.main.TestCaseMain.startTestSuite(TestCaseMain.java:180)
	at TempTestSuite1747531571431.run(TempTestSuite1747531571431.groovy:35)
	at java.base/jdk.internal.reflect.NativeMethodAccessorImpl.invoke0(Native Method)
	at java.base/jdk.internal.reflect.NativeMethodAccessorImpl.invoke(NativeMethodAccessorImpl.java:77)
	at java.base/jdk.internal.reflect.DelegatingMethodAccessorImpl.invoke(DelegatingMethodAccessorImpl.java:43)
Caused by: org.openqa.selenium.WebDriverException: An unknown server-side error occurred while processing the command. Original error: 'GET /screenshot' cannot be proxied to UiAutomator2 server because the instrumentation process is not running (probably crashed). Check the server log and/or the logcat output for more details
Build info: version: '3.141.59', revision: 'unknown', time: 'unknown'
System info: host: '192.168.1.4.non-exists.ptr.local', ip: '2402:800:63f2:b9ce:1859:4296:77a1:a88d%en0', os.name: 'Mac OS X', os.arch: 'aarch64', os.version: '15.4.1', java.version: '17.0.7'
Driver info: com.kms.katalon.core.appium.driver.SwipeableAndroidDriver
Capabilities {automationName: UiAutomator2, databaseEnabled: false, desired: {automationName: UiAutomator2, deviceName: af0c5cf7, noReset: true, platformName: android, waitForIdleTimeout: 3000}, deviceApiLevel: 35, deviceManufacturer: OPPO, deviceModel: CPH2699, deviceName: af0c5cf7, deviceScreenDensity: 480, deviceScreenSize: 1080x2400, deviceUDID: af0c5cf7, javascriptEnabled: true, locationContextEnabled: false, networkConnectionEnabled: true, noReset: true, pixelRatio: 3, platform: LINUX, platformName: Android, platformVersion: 15, statBarHeight: 120, takesScreenshot: true, viewportRect: {height: 2280, left: 0, top: 120, width: 1080}, waitForIdleTimeout: 3000, warnings: {}, webStorageEnabled: false}
Session ID: c0c10e71-bfa6-42a0-bfc6-9e4517bcdaae
	at jdk.internal.reflect.GeneratedConstructorAccessor30.newInstance(Unknown Source)
	at java.base/jdk.internal.reflect.DelegatingConstructorAccessorImpl.newInstance(DelegatingConstructorAccessorImpl.java:45)
	at org.openqa.selenium.remote.http.W3CHttpResponseCodec.createException(W3CHttpResponseCodec.java:187)
	at org.openqa.selenium.remote.http.W3CHttpResponseCodec.decode(W3CHttpResponseCodec.java:122)
	at org.openqa.selenium.remote.http.W3CHttpResponseCodec.decode(W3CHttpResponseCodec.java:49)
	at org.openqa.selenium.remote.HttpCommandExecutor.execute(HttpCommandExecutor.java:158)
	at io.appium.java_client.remote.AppiumCommandExecutor.execute(AppiumCommandExecutor.java:239)
	at org.openqa.selenium.remote.RemoteWebDriver.execute(RemoteWebDriver.java:552)
	at io.appium.java_client.DefaultGenericMobileDriver.execute(DefaultGenericMobileDriver.java:46)
	at io.appium.java_client.AppiumDriver.execute(AppiumDriver.java:1)
	at io.appium.java_client.android.AndroidDriver.execute(AndroidDriver.java:1)
	at com.kms.katalon.core.appium.driver.SwipeableAndroidDriver.execute(SwipeableAndroidDriver.java:1)
	at org.openqa.selenium.remote.RemoteWebDriver.getScreenshotAs(RemoteWebDriver.java:295)
	at com.kms.katalon.core.mobile.helper.MobileScreenCaptor.takeScreenshot(MobileScreenCaptor.java:109)
	at com.kms.katalon.core.mobile.keyword.builtin.TakeScreenshotKeyword$_takeScreenshot_closure1.doCall(TakeScreenshotKeyword.groovy:110)
	at com.kms.katalon.core.mobile.keyword.builtin.TakeScreenshotKeyword$_takeScreenshot_closure1.call(TakeScreenshotKeyword.groovy)
	at com.kms.katalon.core.mobile.keyword.internal.MobileKeywordMain.runKeyword(MobileKeywordMain.groovy:30)
	... 23 more


18-05-2025T09:29:08 - [TEST_STEP][ERROR] - if (testCaseStatus != "PASSED"): com.kms.katalon.core.exception.StepFailedException: Unable to take screenshot
	at com.kms.katalon.core.mobile.keyword.internal.MobileKeywordMain.stepFailed(MobileKeywordMain.groovy:64)
	at com.kms.katalon.core.mobile.keyword.internal.MobileKeywordMain.runKeyword(MobileKeywordMain.groovy:34)
	at com.kms.katalon.core.mobile.keyword.builtin.TakeScreenshotKeyword.takeScreenshot(TakeScreenshotKeyword.groovy:94)
	at com.kms.katalon.core.mobile.keyword.builtin.TakeScreenshotKeyword.execute(TakeScreenshotKeyword.groovy:54)
	at com.kms.katalon.core.keyword.internal.KeywordExecutor.executeKeywordForPlatform(KeywordExecutor.groovy:74)
	at com.kms.katalon.core.mobile.keyword.MobileBuiltInKeywords.takeScreenshot(MobileBuiltInKeywords.groovy:218)
	at TestListener.afterTest(TestListener.groovy:45)
	at java.base/jdk.internal.reflect.NativeMethodAccessorImpl.invoke0(Native Method)
	at java.base/jdk.internal.reflect.NativeMethodAccessorImpl.invoke(NativeMethodAccessorImpl.java:77)
	at java.base/jdk.internal.reflect.DelegatingMethodAccessorImpl.invoke(DelegatingMethodAccessorImpl.java:43)
	at com.kms.katalon.core.context.internal.TestHooker.invokeMethod(TestHooker.java:111)
	at com.kms.katalon.core.context.internal.TestHooker.lambda$3(TestHooker.java:95)
	at com.kms.katalon.core.context.internal.TestHooker.invokeContextMethods(TestHooker.java:94)
	at com.kms.katalon.core.context.internal.TestListenerCollector.lambda$3(TestListenerCollector.java:88)
	at com.kms.katalon.core.context.internal.TestListenerCollector.handleListenerEvent(TestListenerCollector.java:85)
	at com.kms.katalon.core.context.internal.ExecutionEventManager.publicEvent(ExecutionEventManager.java:36)
	at com.kms.katalon.core.main.TestCaseExecutor.execute(TestCaseExecutor.java:315)
	at com.kms.katalon.core.common.CommonExecutor.accessTestCaseMainPhase(CommonExecutor.java:65)
	at com.kms.katalon.core.main.TestSuiteExecutor.accessTestSuiteMainPhase(TestSuiteExecutor.java:150)
	at com.kms.katalon.core.main.TestSuiteExecutor.execute(TestSuiteExecutor.java:106)
	at com.kms.katalon.core.main.TestCaseMain.startTestSuite(TestCaseMain.java:180)
	at TempTestSuite1747531571431.run(TempTestSuite1747531571431.groovy:35)
	at java.base/jdk.internal.reflect.NativeMethodAccessorImpl.invoke0(Native Method)
	at java.base/jdk.internal.reflect.NativeMethodAccessorImpl.invoke(NativeMethodAccessorImpl.java:77)
	at java.base/jdk.internal.reflect.DelegatingMethodAccessorImpl.invoke(DelegatingMethodAccessorImpl.java:43)
Caused by: org.openqa.selenium.WebDriverException: An unknown server-side error occurred while processing the command. Original error: 'GET /screenshot' cannot be proxied to UiAutomator2 server because the instrumentation process is not running (probably crashed). Check the server log and/or the logcat output for more details
Build info: version: '3.141.59', revision: 'unknown', time: 'unknown'
System info: host: '192.168.1.4.non-exists.ptr.local', ip: '2402:800:63f2:b9ce:1859:4296:77a1:a88d%en0', os.name: 'Mac OS X', os.arch: 'aarch64', os.version: '15.4.1', java.version: '17.0.7'
Driver info: com.kms.katalon.core.appium.driver.SwipeableAndroidDriver
Capabilities {automationName: UiAutomator2, databaseEnabled: false, desired: {automationName: UiAutomator2, deviceName: af0c5cf7, noReset: true, platformName: android, waitForIdleTimeout: 3000}, deviceApiLevel: 35, deviceManufacturer: OPPO, deviceModel: CPH2699, deviceName: af0c5cf7, deviceScreenDensity: 480, deviceScreenSize: 1080x2400, deviceUDID: af0c5cf7, javascriptEnabled: true, locationContextEnabled: false, networkConnectionEnabled: true, noReset: true, pixelRatio: 3, platform: LINUX, platformName: Android, platformVersion: 15, statBarHeight: 120, takesScreenshot: true, viewportRect: {height: 2280, left: 0, top: 120, width: 1080}, waitForIdleTimeout: 3000, warnings: {}, webStorageEnabled: false}
Session ID: c0c10e71-bfa6-42a0-bfc6-9e4517bcdaae
	at jdk.internal.reflect.GeneratedConstructorAccessor30.newInstance(Unknown Source)
	at java.base/jdk.internal.reflect.DelegatingConstructorAccessorImpl.newInstance(DelegatingConstructorAccessorImpl.java:45)
	at org.openqa.selenium.remote.http.W3CHttpResponseCodec.createException(W3CHttpResponseCodec.java:187)
	at org.openqa.selenium.remote.http.W3CHttpResponseCodec.decode(W3CHttpResponseCodec.java:122)
	at org.openqa.selenium.remote.http.W3CHttpResponseCodec.decode(W3CHttpResponseCodec.java:49)
	at org.openqa.selenium.remote.HttpCommandExecutor.execute(HttpCommandExecutor.java:158)
	at io.appium.java_client.remote.AppiumCommandExecutor.execute(AppiumCommandExecutor.java:239)
	at org.openqa.selenium.remote.RemoteWebDriver.execute(RemoteWebDriver.java:552)
	at io.appium.java_client.DefaultGenericMobileDriver.execute(DefaultGenericMobileDriver.java:46)
	at io.appium.java_client.AppiumDriver.execute(AppiumDriver.java:1)
	at io.appium.java_client.android.AndroidDriver.execute(AndroidDriver.java:1)
	at com.kms.katalon.core.appium.driver.SwipeableAndroidDriver.execute(SwipeableAndroidDriver.java:1)
	at org.openqa.selenium.remote.RemoteWebDriver.getScreenshotAs(RemoteWebDriver.java:295)
	at com.kms.katalon.core.mobile.helper.MobileScreenCaptor.takeScreenshot(MobileScreenCaptor.java:109)
	at com.kms.katalon.core.mobile.keyword.builtin.TakeScreenshotKeyword$_takeScreenshot_closure1.doCall(TakeScreenshotKeyword.groovy:110)
	at com.kms.katalon.core.mobile.keyword.builtin.TakeScreenshotKeyword$_takeScreenshot_closure1.call(TakeScreenshotKeyword.groovy)
	at com.kms.katalon.core.mobile.keyword.internal.MobileKeywordMain.runKeyword(MobileKeywordMain.groovy:30)
	... 23 more


18-05-2025T09:29:08 - [TEST_STEP][ERROR] - takeScreenshot(ErrorScreen/$GlobalVariable.PLATFORM/$testCaseContext.getTestCaseId().png): com.kms.katalon.core.exception.StepFailedException: Unable to take screenshot
	at com.kms.katalon.core.mobile.keyword.internal.MobileKeywordMain.stepFailed(MobileKeywordMain.groovy:64)
	at com.kms.katalon.core.mobile.keyword.internal.MobileKeywordMain.runKeyword(MobileKeywordMain.groovy:34)
	at com.kms.katalon.core.mobile.keyword.builtin.TakeScreenshotKeyword.takeScreenshot(TakeScreenshotKeyword.groovy:94)
	at com.kms.katalon.core.mobile.keyword.builtin.TakeScreenshotKeyword.execute(TakeScreenshotKeyword.groovy:54)
	at com.kms.katalon.core.keyword.internal.KeywordExecutor.executeKeywordForPlatform(KeywordExecutor.groovy:74)
	at com.kms.katalon.core.mobile.keyword.MobileBuiltInKeywords.takeScreenshot(MobileBuiltInKeywords.groovy:218)
	at TestListener.afterTest(TestListener.groovy:45)
	at java.base/jdk.internal.reflect.NativeMethodAccessorImpl.invoke0(Native Method)
	at java.base/jdk.internal.reflect.NativeMethodAccessorImpl.invoke(NativeMethodAccessorImpl.java:77)
	at java.base/jdk.internal.reflect.DelegatingMethodAccessorImpl.invoke(DelegatingMethodAccessorImpl.java:43)
	at com.kms.katalon.core.context.internal.TestHooker.invokeMethod(TestHooker.java:111)
	at com.kms.katalon.core.context.internal.TestHooker.lambda$3(TestHooker.java:95)
	at com.kms.katalon.core.context.internal.TestHooker.invokeContextMethods(TestHooker.java:94)
	at com.kms.katalon.core.context.internal.TestListenerCollector.lambda$3(TestListenerCollector.java:88)
	at com.kms.katalon.core.context.internal.TestListenerCollector.handleListenerEvent(TestListenerCollector.java:85)
	at com.kms.katalon.core.context.internal.ExecutionEventManager.publicEvent(ExecutionEventManager.java:36)
	at com.kms.katalon.core.main.TestCaseExecutor.execute(TestCaseExecutor.java:315)
	at com.kms.katalon.core.common.CommonExecutor.accessTestCaseMainPhase(CommonExecutor.java:65)
	at com.kms.katalon.core.main.TestSuiteExecutor.accessTestSuiteMainPhase(TestSuiteExecutor.java:150)
	at com.kms.katalon.core.main.TestSuiteExecutor.execute(TestSuiteExecutor.java:106)
	at com.kms.katalon.core.main.TestCaseMain.startTestSuite(TestCaseMain.java:180)
	at TempTestSuite1747531571431.run(TempTestSuite1747531571431.groovy:35)
	at java.base/jdk.internal.reflect.NativeMethodAccessorImpl.invoke0(Native Method)
	at java.base/jdk.internal.reflect.NativeMethodAccessorImpl.invoke(NativeMethodAccessorImpl.java:77)
	at java.base/jdk.internal.reflect.DelegatingMethodAccessorImpl.invoke(DelegatingMethodAccessorImpl.java:43)
Caused by: org.openqa.selenium.WebDriverException: An unknown server-side error occurred while processing the command. Original error: 'GET /screenshot' cannot be proxied to UiAutomator2 server because the instrumentation process is not running (probably crashed). Check the server log and/or the logcat output for more details
Build info: version: '3.141.59', revision: 'unknown', time: 'unknown'
System info: host: '192.168.1.4.non-exists.ptr.local', ip: '2402:800:63f2:b9ce:1859:4296:77a1:a88d%en0', os.name: 'Mac OS X', os.arch: 'aarch64', os.version: '15.4.1', java.version: '17.0.7'
Driver info: com.kms.katalon.core.appium.driver.SwipeableAndroidDriver
Capabilities {automationName: UiAutomator2, databaseEnabled: false, desired: {automationName: UiAutomator2, deviceName: af0c5cf7, noReset: true, platformName: android, waitForIdleTimeout: 3000}, deviceApiLevel: 35, deviceManufacturer: OPPO, deviceModel: CPH2699, deviceName: af0c5cf7, deviceScreenDensity: 480, deviceScreenSize: 1080x2400, deviceUDID: af0c5cf7, javascriptEnabled: true, locationContextEnabled: false, networkConnectionEnabled: true, noReset: true, pixelRatio: 3, platform: LINUX, platformName: Android, platformVersion: 15, statBarHeight: 120, takesScreenshot: true, viewportRect: {height: 2280, left: 0, top: 120, width: 1080}, waitForIdleTimeout: 3000, warnings: {}, webStorageEnabled: false}
Session ID: c0c10e71-bfa6-42a0-bfc6-9e4517bcdaae
	at jdk.internal.reflect.GeneratedConstructorAccessor30.newInstance(Unknown Source)
	at java.base/jdk.internal.reflect.DelegatingConstructorAccessorImpl.newInstance(DelegatingConstructorAccessorImpl.java:45)
	at org.openqa.selenium.remote.http.W3CHttpResponseCodec.createException(W3CHttpResponseCodec.java:187)
	at org.openqa.selenium.remote.http.W3CHttpResponseCodec.decode(W3CHttpResponseCodec.java:122)
	at org.openqa.selenium.remote.http.W3CHttpResponseCodec.decode(W3CHttpResponseCodec.java:49)
	at org.openqa.selenium.remote.HttpCommandExecutor.execute(HttpCommandExecutor.java:158)
	at io.appium.java_client.remote.AppiumCommandExecutor.execute(AppiumCommandExecutor.java:239)
	at org.openqa.selenium.remote.RemoteWebDriver.execute(RemoteWebDriver.java:552)
	at io.appium.java_client.DefaultGenericMobileDriver.execute(DefaultGenericMobileDriver.java:46)
	at io.appium.java_client.AppiumDriver.execute(AppiumDriver.java:1)
	at io.appium.java_client.android.AndroidDriver.execute(AndroidDriver.java:1)
	at com.kms.katalon.core.appium.driver.SwipeableAndroidDriver.execute(SwipeableAndroidDriver.java:1)
	at org.openqa.selenium.remote.RemoteWebDriver.getScreenshotAs(RemoteWebDriver.java:295)
	at com.kms.katalon.core.mobile.helper.MobileScreenCaptor.takeScreenshot(MobileScreenCaptor.java:109)
	at com.kms.katalon.core.mobile.keyword.builtin.TakeScreenshotKeyword$_takeScreenshot_closure1.doCall(TakeScreenshotKeyword.groovy:110)
	at com.kms.katalon.core.mobile.keyword.builtin.TakeScreenshotKeyword$_takeScreenshot_closure1.call(TakeScreenshotKeyword.groovy)
	at com.kms.katalon.core.mobile.keyword.internal.MobileKeywordMain.runKeyword(MobileKeywordMain.groovy:30)
	... 23 more


18-05-2025T09:29:08 - [MESSAGE][FAILED] - Unable to take screenshot (Root cause: com.kms.katalon.core.exception.StepFailedException: Unable to take screenshot
	at com.kms.katalon.core.mobile.keyword.internal.MobileKeywordMain.stepFailed(MobileKeywordMain.groovy:64)
	at com.kms.katalon.core.mobile.keyword.internal.MobileKeywordMain.runKeyword(MobileKeywordMain.groovy:34)
	at com.kms.katalon.core.mobile.keyword.builtin.TakeScreenshotKeyword.takeScreenshot(TakeScreenshotKeyword.groovy:94)
	at com.kms.katalon.core.mobile.keyword.builtin.TakeScreenshotKeyword.execute(TakeScreenshotKeyword.groovy:54)
	at com.kms.katalon.core.keyword.internal.KeywordExecutor.executeKeywordForPlatform(KeywordExecutor.groovy:74)
	at com.kms.katalon.core.mobile.keyword.MobileBuiltInKeywords.takeScreenshot(MobileBuiltInKeywords.groovy:218)
	at TestListener.afterTest(TestListener.groovy:45)
	at java.base/jdk.internal.reflect.NativeMethodAccessorImpl.invoke0(Native Method)
	at java.base/jdk.internal.reflect.NativeMethodAccessorImpl.invoke(NativeMethodAccessorImpl.java:77)
	at java.base/jdk.internal.reflect.DelegatingMethodAccessorImpl.invoke(DelegatingMethodAccessorImpl.java:43)
	at com.kms.katalon.core.context.internal.TestHooker.invokeMethod(TestHooker.java:111)
	at com.kms.katalon.core.context.internal.TestHooker.lambda$3(TestHooker.java:95)
	at com.kms.katalon.core.context.internal.TestHooker.invokeContextMethods(TestHooker.java:94)
	at com.kms.katalon.core.context.internal.TestListenerCollector.lambda$3(TestListenerCollector.java:88)
	at com.kms.katalon.core.context.internal.TestListenerCollector.handleListenerEvent(TestListenerCollector.java:85)
	at com.kms.katalon.core.context.internal.ExecutionEventManager.publicEvent(ExecutionEventManager.java:36)
	at com.kms.katalon.core.main.TestCaseExecutor.execute(TestCaseExecutor.java:315)
	at com.kms.katalon.core.common.CommonExecutor.accessTestCaseMainPhase(CommonExecutor.java:65)
	at com.kms.katalon.core.main.TestSuiteExecutor.accessTestSuiteMainPhase(TestSuiteExecutor.java:150)
	at com.kms.katalon.core.main.TestSuiteExecutor.execute(TestSuiteExecutor.java:106)
	at com.kms.katalon.core.main.TestCaseMain.startTestSuite(TestCaseMain.java:180)
	at TempTestSuite1747531571431.run(TempTestSuite1747531571431.groovy:35)
	at java.base/jdk.internal.reflect.NativeMethodAccessorImpl.invoke0(Native Method)
	at java.base/jdk.internal.reflect.NativeMethodAccessorImpl.invoke(NativeMethodAccessorImpl.java:77)
	at java.base/jdk.internal.reflect.DelegatingMethodAccessorImpl.invoke(DelegatingMethodAccessorImpl.java:43)
Caused by: org.openqa.selenium.WebDriverException: An unknown server-side error occurred while processing the command. Original error: 'GET /screenshot' cannot be proxied to UiAutomator2 server because the instrumentation process is not running (probably crashed). Check the server log and/or the logcat output for more details
Build info: version: '3.141.59', revision: 'unknown', time: 'unknown'
System info: host: '192.168.1.4.non-exists.ptr.local', ip: '2402:800:63f2:b9ce:1859:4296:77a1:a88d%en0', os.name: 'Mac OS X', os.arch: 'aarch64', os.version: '15.4.1', java.version: '17.0.7'
Driver info: com.kms.katalon.core.appium.driver.SwipeableAndroidDriver
Capabilities {automationName: UiAutomator2, databaseEnabled: false, desired: {automationName: UiAutomator2, deviceName: af0c5cf7, noReset: true, platformName: android, waitForIdleTimeout: 3000}, deviceApiLevel: 35, deviceManufacturer: OPPO, deviceModel: CPH2699, deviceName: af0c5cf7, deviceScreenDensity: 480, deviceScreenSize: 1080x2400, deviceUDID: af0c5cf7, javascriptEnabled: true, locationContextEnabled: false, networkConnectionEnabled: true, noReset: true, pixelRatio: 3, platform: LINUX, platformName: Android, platformVersion: 15, statBarHeight: 120, takesScreenshot: true, viewportRect: {height: 2280, left: 0, top: 120, width: 1080}, waitForIdleTimeout: 3000, warnings: {}, webStorageEnabled: false}
Session ID: c0c10e71-bfa6-42a0-bfc6-9e4517bcdaae
	at jdk.internal.reflect.GeneratedConstructorAccessor30.newInstance(Unknown Source)
	at java.base/jdk.internal.reflect.DelegatingConstructorAccessorImpl.newInstance(DelegatingConstructorAccessorImpl.java:45)
	at org.openqa.selenium.remote.http.W3CHttpResponseCodec.createException(W3CHttpResponseCodec.java:187)
	at org.openqa.selenium.remote.http.W3CHttpResponseCodec.decode(W3CHttpResponseCodec.java:122)
	at org.openqa.selenium.remote.http.W3CHttpResponseCodec.decode(W3CHttpResponseCodec.java:49)
	at org.openqa.selenium.remote.HttpCommandExecutor.execute(HttpCommandExecutor.java:158)
	at io.appium.java_client.remote.AppiumCommandExecutor.execute(AppiumCommandExecutor.java:239)
	at org.openqa.selenium.remote.RemoteWebDriver.execute(RemoteWebDriver.java:552)
	at io.appium.java_client.DefaultGenericMobileDriver.execute(DefaultGenericMobileDriver.java:46)
	at io.appium.java_client.AppiumDriver.execute(AppiumDriver.java:1)
	at io.appium.java_client.android.AndroidDriver.execute(AndroidDriver.java:1)
	at com.kms.katalon.core.appium.driver.SwipeableAndroidDriver.execute(SwipeableAndroidDriver.java:1)
	at org.openqa.selenium.remote.RemoteWebDriver.getScreenshotAs(RemoteWebDriver.java:295)
	at com.kms.katalon.core.mobile.helper.MobileScreenCaptor.takeScreenshot(MobileScreenCaptor.java:109)
	at com.kms.katalon.core.mobile.keyword.builtin.TakeScreenshotKeyword$_takeScreenshot_closure1.doCall(TakeScreenshotKeyword.groovy:110)
	at com.kms.katalon.core.mobile.keyword.builtin.TakeScreenshotKeyword$_takeScreenshot_closure1.call(TakeScreenshotKeyword.groovy)
	at com.kms.katalon.core.mobile.keyword.internal.MobileKeywordMain.runKeyword(MobileKeywordMain.groovy:30)
	... 23 more
)

18-05-2025T09:29:08 - [MESSAGE][ERROR] - com.kms.katalon.core.exception.StepFailedException: Unable to take screenshot
	at com.kms.katalon.core.mobile.keyword.internal.MobileKeywordMain.stepFailed(MobileKeywordMain.groovy:64)
	at com.kms.katalon.core.mobile.keyword.internal.MobileKeywordMain.runKeyword(MobileKeywordMain.groovy:34)
	at com.kms.katalon.core.mobile.keyword.builtin.TakeScreenshotKeyword.takeScreenshot(TakeScreenshotKeyword.groovy:94)
	at com.kms.katalon.core.mobile.keyword.builtin.TakeScreenshotKeyword.execute(TakeScreenshotKeyword.groovy:54)
	at com.kms.katalon.core.keyword.internal.KeywordExecutor.executeKeywordForPlatform(KeywordExecutor.groovy:74)
	at com.kms.katalon.core.mobile.keyword.MobileBuiltInKeywords.takeScreenshot(MobileBuiltInKeywords.groovy:218)
	at TestListener.afterTest(TestListener.groovy:45)
	at java.base/jdk.internal.reflect.NativeMethodAccessorImpl.invoke0(Native Method)
	at java.base/jdk.internal.reflect.NativeMethodAccessorImpl.invoke(NativeMethodAccessorImpl.java:77)
	at java.base/jdk.internal.reflect.DelegatingMethodAccessorImpl.invoke(DelegatingMethodAccessorImpl.java:43)
	at com.kms.katalon.core.context.internal.TestHooker.invokeMethod(TestHooker.java:111)
	at com.kms.katalon.core.context.internal.TestHooker.lambda$3(TestHooker.java:95)
	at com.kms.katalon.core.context.internal.TestHooker.invokeContextMethods(TestHooker.java:94)
	at com.kms.katalon.core.context.internal.TestListenerCollector.lambda$3(TestListenerCollector.java:88)
	at com.kms.katalon.core.context.internal.TestListenerCollector.handleListenerEvent(TestListenerCollector.java:85)
	at com.kms.katalon.core.context.internal.ExecutionEventManager.publicEvent(ExecutionEventManager.java:36)
	at com.kms.katalon.core.main.TestCaseExecutor.execute(TestCaseExecutor.java:315)
	at com.kms.katalon.core.common.CommonExecutor.accessTestCaseMainPhase(CommonExecutor.java:65)
	at com.kms.katalon.core.main.TestSuiteExecutor.accessTestSuiteMainPhase(TestSuiteExecutor.java:150)
	at com.kms.katalon.core.main.TestSuiteExecutor.execute(TestSuiteExecutor.java:106)
	at com.kms.katalon.core.main.TestCaseMain.startTestSuite(TestCaseMain.java:180)
	at TempTestSuite1747531571431.run(TempTestSuite1747531571431.groovy:35)
	at java.base/jdk.internal.reflect.NativeMethodAccessorImpl.invoke0(Native Method)
	at java.base/jdk.internal.reflect.NativeMethodAccessorImpl.invoke(NativeMethodAccessorImpl.java:77)
	at java.base/jdk.internal.reflect.DelegatingMethodAccessorImpl.invoke(DelegatingMethodAccessorImpl.java:43)
Caused by: org.openqa.selenium.WebDriverException: An unknown server-side error occurred while processing the command. Original error: 'GET /screenshot' cannot be proxied to UiAutomator2 server because the instrumentation process is not running (probably crashed). Check the server log and/or the logcat output for more details
Build info: version: '3.141.59', revision: 'unknown', time: 'unknown'
System info: host: '192.168.1.4.non-exists.ptr.local', ip: '2402:800:63f2:b9ce:1859:4296:77a1:a88d%en0', os.name: 'Mac OS X', os.arch: 'aarch64', os.version: '15.4.1', java.version: '17.0.7'
Driver info: com.kms.katalon.core.appium.driver.SwipeableAndroidDriver
Capabilities {automationName: UiAutomator2, databaseEnabled: false, desired: {automationName: UiAutomator2, deviceName: af0c5cf7, noReset: true, platformName: android, waitForIdleTimeout: 3000}, deviceApiLevel: 35, deviceManufacturer: OPPO, deviceModel: CPH2699, deviceName: af0c5cf7, deviceScreenDensity: 480, deviceScreenSize: 1080x2400, deviceUDID: af0c5cf7, javascriptEnabled: true, locationContextEnabled: false, networkConnectionEnabled: true, noReset: true, pixelRatio: 3, platform: LINUX, platformName: Android, platformVersion: 15, statBarHeight: 120, takesScreenshot: true, viewportRect: {height: 2280, left: 0, top: 120, width: 1080}, waitForIdleTimeout: 3000, warnings: {}, webStorageEnabled: false}
Session ID: c0c10e71-bfa6-42a0-bfc6-9e4517bcdaae
	at jdk.internal.reflect.GeneratedConstructorAccessor30.newInstance(Unknown Source)
	at java.base/jdk.internal.reflect.DelegatingConstructorAccessorImpl.newInstance(DelegatingConstructorAccessorImpl.java:45)
	at org.openqa.selenium.remote.http.W3CHttpResponseCodec.createException(W3CHttpResponseCodec.java:187)
	at org.openqa.selenium.remote.http.W3CHttpResponseCodec.decode(W3CHttpResponseCodec.java:122)
	at org.openqa.selenium.remote.http.W3CHttpResponseCodec.decode(W3CHttpResponseCodec.java:49)
	at org.openqa.selenium.remote.HttpCommandExecutor.execute(HttpCommandExecutor.java:158)
	at io.appium.java_client.remote.AppiumCommandExecutor.execute(AppiumCommandExecutor.java:239)
	at org.openqa.selenium.remote.RemoteWebDriver.execute(RemoteWebDriver.java:552)
	at io.appium.java_client.DefaultGenericMobileDriver.execute(DefaultGenericMobileDriver.java:46)
	at io.appium.java_client.AppiumDriver.execute(AppiumDriver.java:1)
	at io.appium.java_client.android.AndroidDriver.execute(AndroidDriver.java:1)
	at com.kms.katalon.core.appium.driver.SwipeableAndroidDriver.execute(SwipeableAndroidDriver.java:1)
	at org.openqa.selenium.remote.RemoteWebDriver.getScreenshotAs(RemoteWebDriver.java:295)
	at com.kms.katalon.core.mobile.helper.MobileScreenCaptor.takeScreenshot(MobileScreenCaptor.java:109)
	at com.kms.katalon.core.mobile.keyword.builtin.TakeScreenshotKeyword$_takeScreenshot_closure1.doCall(TakeScreenshotKeyword.groovy:110)
	at com.kms.katalon.core.mobile.keyword.builtin.TakeScreenshotKeyword$_takeScreenshot_closure1.call(TakeScreenshotKeyword.groovy)
	at com.kms.katalon.core.mobile.keyword.internal.MobileKeywordMain.runKeyword(MobileKeywordMain.groovy:30)
	... 23 more]]></system-out>
         <system-err><![CDATA[18-05-2025T09:29:08 - [TEST_CASE][ERROR] - Test Cases/IPAPER APP/021 TU CHOI TẠI MAIN FILE_NHAP Y KIEN: Test Cases/IPAPER APP/021 TU CHOI TẠI MAIN FILE_NHAP Y KIEN FAILED.
Reason:
org.openqa.selenium.WebDriverException: An unknown server-side error occurred while processing the command. Original error: 'POST /elements' cannot be proxied to UiAutomator2 server because the instrumentation process is not running (probably crashed). Check the server log and/or the logcat output for more details
Build info: version: '3.141.59', revision: 'unknown', time: 'unknown'
System info: host: '192.168.1.4.non-exists.ptr.local', ip: '2402:800:63f2:b9ce:1859:4296:77a1:a88d%en0', os.name: 'Mac OS X', os.arch: 'aarch64', os.version: '15.4.1', java.version: '17.0.7'
Driver info: com.kms.katalon.core.appium.driver.SwipeableAndroidDriver
Capabilities {automationName: UiAutomator2, databaseEnabled: false, desired: {automationName: UiAutomator2, deviceName: af0c5cf7, noReset: true, platformName: android, waitForIdleTimeout: 3000}, deviceApiLevel: 35, deviceManufacturer: OPPO, deviceModel: CPH2699, deviceName: af0c5cf7, deviceScreenDensity: 480, deviceScreenSize: 1080x2400, deviceUDID: af0c5cf7, javascriptEnabled: true, locationContextEnabled: false, networkConnectionEnabled: true, noReset: true, pixelRatio: 3, platform: LINUX, platformName: Android, platformVersion: 15, statBarHeight: 120, takesScreenshot: true, viewportRect: {height: 2280, left: 0, top: 120, width: 1080}, waitForIdleTimeout: 3000, warnings: {}, webStorageEnabled: false}
Session ID: c0c10e71-bfa6-42a0-bfc6-9e4517bcdaae
*** Element info: {Using=xpath, value=//android.widget.EditText[@resource-id='com.hdbank.ipaper:id/edit_text_user_name']}
	at java.base/jdk.internal.reflect.NativeConstructorAccessorImpl.newInstance0(Native Method)
	at java.base/jdk.internal.reflect.NativeConstructorAccessorImpl.newInstance(NativeConstructorAccessorImpl.java:77)
	at java.base/jdk.internal.reflect.DelegatingConstructorAccessorImpl.newInstance(DelegatingConstructorAccessorImpl.java:45)
	at org.openqa.selenium.remote.http.W3CHttpResponseCodec.createException(W3CHttpResponseCodec.java:187)
	at org.openqa.selenium.remote.http.W3CHttpResponseCodec.decode(W3CHttpResponseCodec.java:122)
	at org.openqa.selenium.remote.http.W3CHttpResponseCodec.decode(W3CHttpResponseCodec.java:49)
	at org.openqa.selenium.remote.HttpCommandExecutor.execute(HttpCommandExecutor.java:158)
	at io.appium.java_client.remote.AppiumCommandExecutor.execute(AppiumCommandExecutor.java:239)
	at org.openqa.selenium.remote.RemoteWebDriver.execute(RemoteWebDriver.java:552)
	at io.appium.java_client.DefaultGenericMobileDriver.execute(DefaultGenericMobileDriver.java:42)
	at io.appium.java_client.AppiumDriver.execute(AppiumDriver.java:1)
	at io.appium.java_client.android.AndroidDriver.execute(AndroidDriver.java:1)
	at com.kms.katalon.core.appium.driver.SwipeableAndroidDriver.execute(SwipeableAndroidDriver.java:1)
	at org.openqa.selenium.remote.RemoteWebDriver.findElements(RemoteWebDriver.java:353)
	at io.appium.java_client.DefaultGenericMobileDriver.findElements(DefaultGenericMobileDriver.java:54)
	at io.appium.java_client.AppiumDriver.findElements(AppiumDriver.java:152)
	at org.openqa.selenium.remote.RemoteWebDriver.findElementsByXPath(RemoteWebDriver.java:432)
	at io.appium.java_client.DefaultGenericMobileDriver.findElementsByXPath(DefaultGenericMobileDriver.java:156)
	at io.appium.java_client.AppiumDriver.findElementsByXPath(AppiumDriver.java:184)
	at org.openqa.selenium.By$ByXPath.findElements(By.java:348)
	at org.openqa.selenium.remote.RemoteWebDriver.findElements(RemoteWebDriver.java:311)
	at io.appium.java_client.DefaultGenericMobileDriver.findElements(DefaultGenericMobileDriver.java:50)
	at io.appium.java_client.AppiumDriver.findElements(AppiumDriver.java:148)
	at base.BaseKeyword$Trait$Helper.isDisplayed(BaseKeyword.groovy:234)
	at screens.LoginScreen.isDisplayed(LoginScreen.groovy)
	at base.BaseKeyword$Trait$Helper.isDisplayed(BaseKeyword.groovy:229)
	at screens.LoginScreen.isDisplayed(LoginScreen.groovy)
	at screens.LoginScreen.isGuest(LoginScreen.groovy:34)
	at screens.LoginScreen.login(LoginScreen.groovy:10)
	at 021 TU CHOI TẠI MAIN FILE_NHAP Y KIEN.run(021 TU CHOI TẠI MAIN FILE_NHAP Y KIEN:18)
	at com.kms.katalon.core.main.ScriptEngine.run(ScriptEngine.java:194)
	at com.kms.katalon.core.main.ScriptEngine.runScriptAsRawText(ScriptEngine.java:119)
	at com.kms.katalon.core.main.TestCaseExecutor.runScript(TestCaseExecutor.java:448)
	at com.kms.katalon.core.main.TestCaseExecutor.doExecute(TestCaseExecutor.java:439)
	at com.kms.katalon.core.main.TestCaseExecutor.processExecutionPhase(TestCaseExecutor.java:418)
	at com.kms.katalon.core.main.TestCaseExecutor.accessMainPhase(TestCaseExecutor.java:410)
	at com.kms.katalon.core.main.TestCaseExecutor.execute(TestCaseExecutor.java:285)
	at com.kms.katalon.core.common.CommonExecutor.accessTestCaseMainPhase(CommonExecutor.java:65)
	at com.kms.katalon.core.main.TestSuiteExecutor.accessTestSuiteMainPhase(TestSuiteExecutor.java:150)
	at com.kms.katalon.core.main.TestSuiteExecutor.execute(TestSuiteExecutor.java:106)
	at com.kms.katalon.core.main.TestCaseMain.startTestSuite(TestCaseMain.java:180)
	at TempTestSuite1747531571431.run(TempTestSuite1747531571431.groovy:35)
	at java.base/jdk.internal.reflect.NativeMethodAccessorImpl.invoke0(Native Method)
	at java.base/jdk.internal.reflect.NativeMethodAccessorImpl.invoke(NativeMethodAccessorImpl.java:77)
	at java.base/jdk.internal.reflect.DelegatingMethodAccessorImpl.invoke(DelegatingMethodAccessorImpl.java:43)]]></system-err>
      </testcase>
      <testcase name="Test Cases/IPAPER APP/038 LAY Y KIEN NHANH_NHAP Y KIEN" time="0.328" classname="Test Cases/IPAPER APP/038 LAY Y KIEN NHANH_NHAP Y KIEN" status="ERROR">
         <error type="ERROR" message="Test Cases/IPAPER APP/038 LAY Y KIEN NHANH_NHAP Y KIEN FAILED.&#xa;Reason:&#xa;org.openqa.selenium.WebDriverException: An unknown server-side error occurred while processing the command. Original error: 'POST /elements' cannot be proxied to UiAutomator2 server because the instrumentation process is not running (probably crashed). Check the server log and/or the logcat output for more details&#xa;Build info: version: '3.141.59', revision: 'unknown', time: 'unknown'&#xa;System info: host: '192.168.1.4.non-exists.ptr.local', ip: '2402:800:63f2:b9ce:1859:4296:77a1:a88d%en0', os.name: 'Mac OS X', os.arch: 'aarch64', os.version: '15.4.1', java.version: '17.0.7'&#xa;Driver info: com.kms.katalon.core.appium.driver.SwipeableAndroidDriver&#xa;Capabilities {automationName: UiAutomator2, databaseEnabled: false, desired: {automationName: UiAutomator2, deviceName: af0c5cf7, noReset: true, platformName: android, waitForIdleTimeout: 3000}, deviceApiLevel: 35, deviceManufacturer: OPPO, deviceModel: CPH2699, deviceName: af0c5cf7, deviceScreenDensity: 480, deviceScreenSize: 1080x2400, deviceUDID: af0c5cf7, javascriptEnabled: true, locationContextEnabled: false, networkConnectionEnabled: true, noReset: true, pixelRatio: 3, platform: LINUX, platformName: Android, platformVersion: 15, statBarHeight: 120, takesScreenshot: true, viewportRect: {height: 2280, left: 0, top: 120, width: 1080}, waitForIdleTimeout: 3000, warnings: {}, webStorageEnabled: false}&#xa;Session ID: c0c10e71-bfa6-42a0-bfc6-9e4517bcdaae&#xa;*** Element info: {Using=xpath, value=//android.widget.EditText[@resource-id='com.hdbank.ipaper:id/edit_text_user_name']}&#xa;	at jdk.internal.reflect.GeneratedConstructorAccessor30.newInstance(Unknown Source)&#xa;	at java.base/jdk.internal.reflect.DelegatingConstructorAccessorImpl.newInstance(DelegatingConstructorAccessorImpl.java:45)&#xa;	at org.openqa.selenium.remote.http.W3CHttpResponseCodec.createException(W3CHttpResponseCodec.java:187)&#xa;	at org.openqa.selenium.remote.http.W3CHttpResponseCodec.decode(W3CHttpResponseCodec.java:122)&#xa;	at org.openqa.selenium.remote.http.W3CHttpResponseCodec.decode(W3CHttpResponseCodec.java:49)&#xa;	at org.openqa.selenium.remote.HttpCommandExecutor.execute(HttpCommandExecutor.java:158)&#xa;	at io.appium.java_client.remote.AppiumCommandExecutor.execute(AppiumCommandExecutor.java:239)&#xa;	at org.openqa.selenium.remote.RemoteWebDriver.execute(RemoteWebDriver.java:552)&#xa;	at io.appium.java_client.DefaultGenericMobileDriver.execute(DefaultGenericMobileDriver.java:42)&#xa;	at io.appium.java_client.AppiumDriver.execute(AppiumDriver.java:1)&#xa;	at io.appium.java_client.android.AndroidDriver.execute(AndroidDriver.java:1)&#xa;	at com.kms.katalon.core.appium.driver.SwipeableAndroidDriver.execute(SwipeableAndroidDriver.java:1)&#xa;	at org.openqa.selenium.remote.RemoteWebDriver.findElements(RemoteWebDriver.java:353)&#xa;	at io.appium.java_client.DefaultGenericMobileDriver.findElements(DefaultGenericMobileDriver.java:54)&#xa;	at io.appium.java_client.AppiumDriver.findElements(AppiumDriver.java:152)&#xa;	at org.openqa.selenium.remote.RemoteWebDriver.findElementsByXPath(RemoteWebDriver.java:432)&#xa;	at io.appium.java_client.DefaultGenericMobileDriver.findElementsByXPath(DefaultGenericMobileDriver.java:156)&#xa;	at io.appium.java_client.AppiumDriver.findElementsByXPath(AppiumDriver.java:184)&#xa;	at org.openqa.selenium.By$ByXPath.findElements(By.java:348)&#xa;	at org.openqa.selenium.remote.RemoteWebDriver.findElements(RemoteWebDriver.java:311)&#xa;	at io.appium.java_client.DefaultGenericMobileDriver.findElements(DefaultGenericMobileDriver.java:50)&#xa;	at io.appium.java_client.AppiumDriver.findElements(AppiumDriver.java:148)&#xa;	at base.BaseKeyword$Trait$Helper.isDisplayed(BaseKeyword.groovy:234)&#xa;	at screens.LoginScreen.isDisplayed(LoginScreen.groovy)&#xa;	at base.BaseKeyword$Trait$Helper.isDisplayed(BaseKeyword.groovy:229)&#xa;	at screens.LoginScreen.isDisplayed(LoginScreen.groovy)&#xa;	at screens.LoginScreen.isGuest(LoginScreen.groovy:34)&#xa;	at screens.LoginScreen.login(LoginScreen.groovy:10)&#xa;	at 038 LAY Y KIEN NHANH_NHAP Y KIEN.run(038 LAY Y KIEN NHANH_NHAP Y KIEN:23)&#xa;	at com.kms.katalon.core.main.ScriptEngine.run(ScriptEngine.java:194)&#xa;	at com.kms.katalon.core.main.ScriptEngine.runScriptAsRawText(ScriptEngine.java:119)&#xa;	at com.kms.katalon.core.main.TestCaseExecutor.runScript(TestCaseExecutor.java:448)&#xa;	at com.kms.katalon.core.main.TestCaseExecutor.doExecute(TestCaseExecutor.java:439)&#xa;	at com.kms.katalon.core.main.TestCaseExecutor.processExecutionPhase(TestCaseExecutor.java:418)&#xa;	at com.kms.katalon.core.main.TestCaseExecutor.accessMainPhase(TestCaseExecutor.java:410)&#xa;	at com.kms.katalon.core.main.TestCaseExecutor.execute(TestCaseExecutor.java:285)&#xa;	at com.kms.katalon.core.common.CommonExecutor.accessTestCaseMainPhase(CommonExecutor.java:65)&#xa;	at com.kms.katalon.core.main.TestSuiteExecutor.accessTestSuiteMainPhase(TestSuiteExecutor.java:150)&#xa;	at com.kms.katalon.core.main.TestSuiteExecutor.execute(TestSuiteExecutor.java:106)&#xa;	at com.kms.katalon.core.main.TestCaseMain.startTestSuite(TestCaseMain.java:180)&#xa;	at TempTestSuite1747531571431.run(TempTestSuite1747531571431.groovy:35)&#xa;	at java.base/jdk.internal.reflect.NativeMethodAccessorImpl.invoke0(Native Method)&#xa;	at java.base/jdk.internal.reflect.NativeMethodAccessorImpl.invoke(NativeMethodAccessorImpl.java:77)&#xa;	at java.base/jdk.internal.reflect.DelegatingMethodAccessorImpl.invoke(DelegatingMethodAccessorImpl.java:43)&#xa;"/>
         <system-out><![CDATA[18-05-2025T09:29:08 - [TEST_CASE][ERROR] - Test Cases/IPAPER APP/038 LAY Y KIEN NHANH_NHAP Y KIEN: Test Cases/IPAPER APP/038 LAY Y KIEN NHANH_NHAP Y KIEN FAILED.
Reason:
org.openqa.selenium.WebDriverException: An unknown server-side error occurred while processing the command. Original error: 'POST /elements' cannot be proxied to UiAutomator2 server because the instrumentation process is not running (probably crashed). Check the server log and/or the logcat output for more details
Build info: version: '3.141.59', revision: 'unknown', time: 'unknown'
System info: host: '192.168.1.4.non-exists.ptr.local', ip: '2402:800:63f2:b9ce:1859:4296:77a1:a88d%en0', os.name: 'Mac OS X', os.arch: 'aarch64', os.version: '15.4.1', java.version: '17.0.7'
Driver info: com.kms.katalon.core.appium.driver.SwipeableAndroidDriver
Capabilities {automationName: UiAutomator2, databaseEnabled: false, desired: {automationName: UiAutomator2, deviceName: af0c5cf7, noReset: true, platformName: android, waitForIdleTimeout: 3000}, deviceApiLevel: 35, deviceManufacturer: OPPO, deviceModel: CPH2699, deviceName: af0c5cf7, deviceScreenDensity: 480, deviceScreenSize: 1080x2400, deviceUDID: af0c5cf7, javascriptEnabled: true, locationContextEnabled: false, networkConnectionEnabled: true, noReset: true, pixelRatio: 3, platform: LINUX, platformName: Android, platformVersion: 15, statBarHeight: 120, takesScreenshot: true, viewportRect: {height: 2280, left: 0, top: 120, width: 1080}, waitForIdleTimeout: 3000, warnings: {}, webStorageEnabled: false}
Session ID: c0c10e71-bfa6-42a0-bfc6-9e4517bcdaae
*** Element info: {Using=xpath, value=//android.widget.EditText[@resource-id='com.hdbank.ipaper:id/edit_text_user_name']}
	at jdk.internal.reflect.GeneratedConstructorAccessor30.newInstance(Unknown Source)
	at java.base/jdk.internal.reflect.DelegatingConstructorAccessorImpl.newInstance(DelegatingConstructorAccessorImpl.java:45)
	at org.openqa.selenium.remote.http.W3CHttpResponseCodec.createException(W3CHttpResponseCodec.java:187)
	at org.openqa.selenium.remote.http.W3CHttpResponseCodec.decode(W3CHttpResponseCodec.java:122)
	at org.openqa.selenium.remote.http.W3CHttpResponseCodec.decode(W3CHttpResponseCodec.java:49)
	at org.openqa.selenium.remote.HttpCommandExecutor.execute(HttpCommandExecutor.java:158)
	at io.appium.java_client.remote.AppiumCommandExecutor.execute(AppiumCommandExecutor.java:239)
	at org.openqa.selenium.remote.RemoteWebDriver.execute(RemoteWebDriver.java:552)
	at io.appium.java_client.DefaultGenericMobileDriver.execute(DefaultGenericMobileDriver.java:42)
	at io.appium.java_client.AppiumDriver.execute(AppiumDriver.java:1)
	at io.appium.java_client.android.AndroidDriver.execute(AndroidDriver.java:1)
	at com.kms.katalon.core.appium.driver.SwipeableAndroidDriver.execute(SwipeableAndroidDriver.java:1)
	at org.openqa.selenium.remote.RemoteWebDriver.findElements(RemoteWebDriver.java:353)
	at io.appium.java_client.DefaultGenericMobileDriver.findElements(DefaultGenericMobileDriver.java:54)
	at io.appium.java_client.AppiumDriver.findElements(AppiumDriver.java:152)
	at org.openqa.selenium.remote.RemoteWebDriver.findElementsByXPath(RemoteWebDriver.java:432)
	at io.appium.java_client.DefaultGenericMobileDriver.findElementsByXPath(DefaultGenericMobileDriver.java:156)
	at io.appium.java_client.AppiumDriver.findElementsByXPath(AppiumDriver.java:184)
	at org.openqa.selenium.By$ByXPath.findElements(By.java:348)
	at org.openqa.selenium.remote.RemoteWebDriver.findElements(RemoteWebDriver.java:311)
	at io.appium.java_client.DefaultGenericMobileDriver.findElements(DefaultGenericMobileDriver.java:50)
	at io.appium.java_client.AppiumDriver.findElements(AppiumDriver.java:148)
	at base.BaseKeyword$Trait$Helper.isDisplayed(BaseKeyword.groovy:234)
	at screens.LoginScreen.isDisplayed(LoginScreen.groovy)
	at base.BaseKeyword$Trait$Helper.isDisplayed(BaseKeyword.groovy:229)
	at screens.LoginScreen.isDisplayed(LoginScreen.groovy)
	at screens.LoginScreen.isGuest(LoginScreen.groovy:34)
	at screens.LoginScreen.login(LoginScreen.groovy:10)
	at 038 LAY Y KIEN NHANH_NHAP Y KIEN.run(038 LAY Y KIEN NHANH_NHAP Y KIEN:23)
	at com.kms.katalon.core.main.ScriptEngine.run(ScriptEngine.java:194)
	at com.kms.katalon.core.main.ScriptEngine.runScriptAsRawText(ScriptEngine.java:119)
	at com.kms.katalon.core.main.TestCaseExecutor.runScript(TestCaseExecutor.java:448)
	at com.kms.katalon.core.main.TestCaseExecutor.doExecute(TestCaseExecutor.java:439)
	at com.kms.katalon.core.main.TestCaseExecutor.processExecutionPhase(TestCaseExecutor.java:418)
	at com.kms.katalon.core.main.TestCaseExecutor.accessMainPhase(TestCaseExecutor.java:410)
	at com.kms.katalon.core.main.TestCaseExecutor.execute(TestCaseExecutor.java:285)
	at com.kms.katalon.core.common.CommonExecutor.accessTestCaseMainPhase(CommonExecutor.java:65)
	at com.kms.katalon.core.main.TestSuiteExecutor.accessTestSuiteMainPhase(TestSuiteExecutor.java:150)
	at com.kms.katalon.core.main.TestSuiteExecutor.execute(TestSuiteExecutor.java:106)
	at com.kms.katalon.core.main.TestCaseMain.startTestSuite(TestCaseMain.java:180)
	at TempTestSuite1747531571431.run(TempTestSuite1747531571431.groovy:35)
	at java.base/jdk.internal.reflect.NativeMethodAccessorImpl.invoke0(Native Method)
	at java.base/jdk.internal.reflect.NativeMethodAccessorImpl.invoke(NativeMethodAccessorImpl.java:77)
	at java.base/jdk.internal.reflect.DelegatingMethodAccessorImpl.invoke(DelegatingMethodAccessorImpl.java:43)


18-05-2025T09:29:08 - [TEST_STEP][ERROR] - Start listener action : beforeTest: com.kms.katalon.core.exception.StepErrorException: org.openqa.selenium.WebDriverException: An unknown server-side error occurred while processing the command. Original error: 'POST /elements' cannot be proxied to UiAutomator2 server because the instrumentation process is not running (probably crashed). Check the server log and/or the logcat output for more details
Build info: version: '3.141.59', revision: 'unknown', time: 'unknown'
System info: host: '192.168.1.4.non-exists.ptr.local', ip: '2402:800:63f2:b9ce:1859:4296:77a1:a88d%en0', os.name: 'Mac OS X', os.arch: 'aarch64', os.version: '15.4.1', java.version: '17.0.7'
Driver info: com.kms.katalon.core.appium.driver.SwipeableAndroidDriver
Capabilities {automationName: UiAutomator2, databaseEnabled: false, desired: {automationName: UiAutomator2, deviceName: af0c5cf7, noReset: true, platformName: android, waitForIdleTimeout: 3000}, deviceApiLevel: 35, deviceManufacturer: OPPO, deviceModel: CPH2699, deviceName: af0c5cf7, deviceScreenDensity: 480, deviceScreenSize: 1080x2400, deviceUDID: af0c5cf7, javascriptEnabled: true, locationContextEnabled: false, networkConnectionEnabled: true, noReset: true, pixelRatio: 3, platform: LINUX, platformName: Android, platformVersion: 15, statBarHeight: 120, takesScreenshot: true, viewportRect: {height: 2280, left: 0, top: 120, width: 1080}, waitForIdleTimeout: 3000, warnings: {}, webStorageEnabled: false}
Session ID: c0c10e71-bfa6-42a0-bfc6-9e4517bcdaae
*** Element info: {Using=id, value=com.hdbank.ipaper:id/img_logo}
	at com.kms.katalon.core.main.CustomKeywordDelegatingMetaClass.throwError(CustomKeywordDelegatingMetaClass.java:101)
	at com.kms.katalon.core.main.CustomKeywordDelegatingMetaClass.invokeStaticMethod(CustomKeywordDelegatingMetaClass.java:73)
	at TestListener.beforeTest(TestListener.groovy:39)
	at java.base/jdk.internal.reflect.NativeMethodAccessorImpl.invoke0(Native Method)
	at java.base/jdk.internal.reflect.NativeMethodAccessorImpl.invoke(NativeMethodAccessorImpl.java:77)
	at java.base/jdk.internal.reflect.DelegatingMethodAccessorImpl.invoke(DelegatingMethodAccessorImpl.java:43)
	at com.kms.katalon.core.context.internal.TestHooker.invokeMethod(TestHooker.java:111)
	at com.kms.katalon.core.context.internal.TestHooker.lambda$3(TestHooker.java:95)
	at com.kms.katalon.core.context.internal.TestHooker.invokeContextMethods(TestHooker.java:94)
	at com.kms.katalon.core.context.internal.TestListenerCollector.lambda$3(TestListenerCollector.java:88)
	at com.kms.katalon.core.context.internal.TestListenerCollector.handleListenerEvent(TestListenerCollector.java:85)
	at com.kms.katalon.core.context.internal.ExecutionEventManager.publicEvent(ExecutionEventManager.java:36)
	at com.kms.katalon.core.main.TestCaseExecutor.execute(TestCaseExecutor.java:268)
	at com.kms.katalon.core.common.CommonExecutor.accessTestCaseMainPhase(CommonExecutor.java:65)
	at com.kms.katalon.core.main.TestSuiteExecutor.accessTestSuiteMainPhase(TestSuiteExecutor.java:150)
	at com.kms.katalon.core.main.TestSuiteExecutor.execute(TestSuiteExecutor.java:106)
	at com.kms.katalon.core.main.TestCaseMain.startTestSuite(TestCaseMain.java:180)
	at TempTestSuite1747531571431.run(TempTestSuite1747531571431.groovy:35)
	at java.base/jdk.internal.reflect.NativeMethodAccessorImpl.invoke0(Native Method)
	at java.base/jdk.internal.reflect.NativeMethodAccessorImpl.invoke(NativeMethodAccessorImpl.java:77)
	at java.base/jdk.internal.reflect.DelegatingMethodAccessorImpl.invoke(DelegatingMethodAccessorImpl.java:43)
Caused by: org.openqa.selenium.WebDriverException: An unknown server-side error occurred while processing the command. Original error: 'POST /elements' cannot be proxied to UiAutomator2 server because the instrumentation process is not running (probably crashed). Check the server log and/or the logcat output for more details
Build info: version: '3.141.59', revision: 'unknown', time: 'unknown'
System info: host: '192.168.1.4.non-exists.ptr.local', ip: '2402:800:63f2:b9ce:1859:4296:77a1:a88d%en0', os.name: 'Mac OS X', os.arch: 'aarch64', os.version: '15.4.1', java.version: '17.0.7'
Driver info: com.kms.katalon.core.appium.driver.SwipeableAndroidDriver
Capabilities {automationName: UiAutomator2, databaseEnabled: false, desired: {automationName: UiAutomator2, deviceName: af0c5cf7, noReset: true, platformName: android, waitForIdleTimeout: 3000}, deviceApiLevel: 35, deviceManufacturer: OPPO, deviceModel: CPH2699, deviceName: af0c5cf7, deviceScreenDensity: 480, deviceScreenSize: 1080x2400, deviceUDID: af0c5cf7, javascriptEnabled: true, locationContextEnabled: false, networkConnectionEnabled: true, noReset: true, pixelRatio: 3, platform: LINUX, platformName: Android, platformVersion: 15, statBarHeight: 120, takesScreenshot: true, viewportRect: {height: 2280, left: 0, top: 120, width: 1080}, waitForIdleTimeout: 3000, warnings: {}, webStorageEnabled: false}
Session ID: c0c10e71-bfa6-42a0-bfc6-9e4517bcdaae
*** Element info: {Using=id, value=com.hdbank.ipaper:id/img_logo}
	at jdk.internal.reflect.GeneratedConstructorAccessor30.newInstance(Unknown Source)
	at java.base/jdk.internal.reflect.DelegatingConstructorAccessorImpl.newInstance(DelegatingConstructorAccessorImpl.java:45)
	at org.openqa.selenium.remote.http.W3CHttpResponseCodec.createException(W3CHttpResponseCodec.java:187)
	at org.openqa.selenium.remote.http.W3CHttpResponseCodec.decode(W3CHttpResponseCodec.java:122)
	at org.openqa.selenium.remote.http.W3CHttpResponseCodec.decode(W3CHttpResponseCodec.java:49)
	at org.openqa.selenium.remote.HttpCommandExecutor.execute(HttpCommandExecutor.java:158)
	at io.appium.java_client.remote.AppiumCommandExecutor.execute(AppiumCommandExecutor.java:239)
	at org.openqa.selenium.remote.RemoteWebDriver.execute(RemoteWebDriver.java:552)
	at io.appium.java_client.DefaultGenericMobileDriver.execute(DefaultGenericMobileDriver.java:42)
	at io.appium.java_client.AppiumDriver.execute(AppiumDriver.java:1)
	at io.appium.java_client.android.AndroidDriver.execute(AndroidDriver.java:1)
	at com.kms.katalon.core.appium.driver.SwipeableAndroidDriver.execute(SwipeableAndroidDriver.java:1)
	at org.openqa.selenium.remote.RemoteWebDriver.findElements(RemoteWebDriver.java:353)
	at io.appium.java_client.DefaultGenericMobileDriver.findElements(DefaultGenericMobileDriver.java:54)
	at io.appium.java_client.AppiumDriver.findElements(AppiumDriver.java:152)
	at org.openqa.selenium.remote.RemoteWebDriver.findElementsById(RemoteWebDriver.java:376)
	at io.appium.java_client.DefaultGenericMobileDriver.findElementsById(DefaultGenericMobileDriver.java:66)
	at io.appium.java_client.AppiumDriver.findElementsById(AppiumDriver.java:156)
	at org.openqa.selenium.By$ById.findElements(By.java:180)
	at org.openqa.selenium.remote.RemoteWebDriver.findElements(RemoteWebDriver.java:311)
	at io.appium.java_client.DefaultGenericMobileDriver.findElements(DefaultGenericMobileDriver.java:50)
	at io.appium.java_client.AppiumDriver.findElements(AppiumDriver.java:148)
	at base.BaseKeyword$Trait$Helper$_waitForPresentOf_closure1.doCall(BaseKeyword.groovy:253)
	at jdk.internal.reflect.GeneratedMethodAccessor8.invoke(Unknown Source)
	at java.base/jdk.internal.reflect.DelegatingMethodAccessorImpl.invoke(DelegatingMethodAccessorImpl.java:43)
	at jdk.proxy2/jdk.proxy2.$Proxy34.apply(Unknown Source)
	at org.openqa.selenium.support.ui.FluentWait.until(FluentWait.java:249)
	at base.BaseKeyword$Trait$Helper.waitForPresentOf(BaseKeyword.groovy:252)
	at base.BaseApp.waitForPresentOf(BaseApp.groovy)
	at java.base/jdk.internal.reflect.NativeMethodAccessorImpl.invoke0(Native Method)
	at java.base/jdk.internal.reflect.NativeMethodAccessorImpl.invoke(NativeMethodAccessorImpl.java:77)
	at java.base/jdk.internal.reflect.DelegatingMethodAccessorImpl.invoke(DelegatingMethodAccessorImpl.java:43)
	at base.BaseApp.waitAppLauch(BaseApp.groovy:34)
	at java.base/jdk.internal.reflect.NativeMethodAccessorImpl.invoke0(Native Method)
	at java.base/jdk.internal.reflect.NativeMethodAccessorImpl.invoke(NativeMethodAccessorImpl.java:77)
	at java.base/jdk.internal.reflect.DelegatingMethodAccessorImpl.invoke(DelegatingMethodAccessorImpl.java:43)
	at drivers.Driver.openApp(Driver.groovy:60)
	at java.base/jdk.internal.reflect.NativeMethodAccessorImpl.invoke0(Native Method)
	at java.base/jdk.internal.reflect.NativeMethodAccessorImpl.invoke(NativeMethodAccessorImpl.java:77)
	at java.base/jdk.internal.reflect.DelegatingMethodAccessorImpl.invoke(DelegatingMethodAccessorImpl.java:43)
	at com.kms.katalon.core.main.CustomKeywordDelegatingMetaClass.invokeStaticMethod(CustomKeywordDelegatingMetaClass.java:55)
	... 19 more


18-05-2025T09:29:08 - [TEST_STEP][PASSED] - DataTest.init(): null

18-05-2025T09:29:08 - [TEST_STEP][PASSED] - testCaseId = split("/").last(): null

18-05-2025T09:29:08 - [TEST_STEP][PASSED] - if (!(drivers.Driver.isAppiumRunning())): drivers.Driver.isAppiumRunning is PASSED

18-05-2025T09:29:08 - [MESSAGE][INFO] - Appium running: true

18-05-2025T09:29:08 - [MESSAGE][PASSED] - drivers.Driver.isAppiumRunning is PASSED

18-05-2025T09:29:08 - [TEST_STEP][PASSED] - if (driver == null || driver.getSessionId() == null): null

18-05-2025T09:29:08 - [TEST_STEP][ERROR] - drivers.Driver.openApp(): com.kms.katalon.core.exception.StepErrorException: org.openqa.selenium.WebDriverException: An unknown server-side error occurred while processing the command. Original error: 'POST /elements' cannot be proxied to UiAutomator2 server because the instrumentation process is not running (probably crashed). Check the server log and/or the logcat output for more details
Build info: version: '3.141.59', revision: 'unknown', time: 'unknown'
System info: host: '192.168.1.4.non-exists.ptr.local', ip: '2402:800:63f2:b9ce:1859:4296:77a1:a88d%en0', os.name: 'Mac OS X', os.arch: 'aarch64', os.version: '15.4.1', java.version: '17.0.7'
Driver info: com.kms.katalon.core.appium.driver.SwipeableAndroidDriver
Capabilities {automationName: UiAutomator2, databaseEnabled: false, desired: {automationName: UiAutomator2, deviceName: af0c5cf7, noReset: true, platformName: android, waitForIdleTimeout: 3000}, deviceApiLevel: 35, deviceManufacturer: OPPO, deviceModel: CPH2699, deviceName: af0c5cf7, deviceScreenDensity: 480, deviceScreenSize: 1080x2400, deviceUDID: af0c5cf7, javascriptEnabled: true, locationContextEnabled: false, networkConnectionEnabled: true, noReset: true, pixelRatio: 3, platform: LINUX, platformName: Android, platformVersion: 15, statBarHeight: 120, takesScreenshot: true, viewportRect: {height: 2280, left: 0, top: 120, width: 1080}, waitForIdleTimeout: 3000, warnings: {}, webStorageEnabled: false}
Session ID: c0c10e71-bfa6-42a0-bfc6-9e4517bcdaae
*** Element info: {Using=id, value=com.hdbank.ipaper:id/img_logo}
	at com.kms.katalon.core.main.CustomKeywordDelegatingMetaClass.throwError(CustomKeywordDelegatingMetaClass.java:101)
	at com.kms.katalon.core.main.CustomKeywordDelegatingMetaClass.invokeStaticMethod(CustomKeywordDelegatingMetaClass.java:73)
	at TestListener.beforeTest(TestListener.groovy:39)
	at java.base/jdk.internal.reflect.NativeMethodAccessorImpl.invoke0(Native Method)
	at java.base/jdk.internal.reflect.NativeMethodAccessorImpl.invoke(NativeMethodAccessorImpl.java:77)
	at java.base/jdk.internal.reflect.DelegatingMethodAccessorImpl.invoke(DelegatingMethodAccessorImpl.java:43)
	at com.kms.katalon.core.context.internal.TestHooker.invokeMethod(TestHooker.java:111)
	at com.kms.katalon.core.context.internal.TestHooker.lambda$3(TestHooker.java:95)
	at com.kms.katalon.core.context.internal.TestHooker.invokeContextMethods(TestHooker.java:94)
	at com.kms.katalon.core.context.internal.TestListenerCollector.lambda$3(TestListenerCollector.java:88)
	at com.kms.katalon.core.context.internal.TestListenerCollector.handleListenerEvent(TestListenerCollector.java:85)
	at com.kms.katalon.core.context.internal.ExecutionEventManager.publicEvent(ExecutionEventManager.java:36)
	at com.kms.katalon.core.main.TestCaseExecutor.execute(TestCaseExecutor.java:268)
	at com.kms.katalon.core.common.CommonExecutor.accessTestCaseMainPhase(CommonExecutor.java:65)
	at com.kms.katalon.core.main.TestSuiteExecutor.accessTestSuiteMainPhase(TestSuiteExecutor.java:150)
	at com.kms.katalon.core.main.TestSuiteExecutor.execute(TestSuiteExecutor.java:106)
	at com.kms.katalon.core.main.TestCaseMain.startTestSuite(TestCaseMain.java:180)
	at TempTestSuite1747531571431.run(TempTestSuite1747531571431.groovy:35)
	at java.base/jdk.internal.reflect.NativeMethodAccessorImpl.invoke0(Native Method)
	at java.base/jdk.internal.reflect.NativeMethodAccessorImpl.invoke(NativeMethodAccessorImpl.java:77)
	at java.base/jdk.internal.reflect.DelegatingMethodAccessorImpl.invoke(DelegatingMethodAccessorImpl.java:43)
Caused by: org.openqa.selenium.WebDriverException: An unknown server-side error occurred while processing the command. Original error: 'POST /elements' cannot be proxied to UiAutomator2 server because the instrumentation process is not running (probably crashed). Check the server log and/or the logcat output for more details
Build info: version: '3.141.59', revision: 'unknown', time: 'unknown'
System info: host: '192.168.1.4.non-exists.ptr.local', ip: '2402:800:63f2:b9ce:1859:4296:77a1:a88d%en0', os.name: 'Mac OS X', os.arch: 'aarch64', os.version: '15.4.1', java.version: '17.0.7'
Driver info: com.kms.katalon.core.appium.driver.SwipeableAndroidDriver
Capabilities {automationName: UiAutomator2, databaseEnabled: false, desired: {automationName: UiAutomator2, deviceName: af0c5cf7, noReset: true, platformName: android, waitForIdleTimeout: 3000}, deviceApiLevel: 35, deviceManufacturer: OPPO, deviceModel: CPH2699, deviceName: af0c5cf7, deviceScreenDensity: 480, deviceScreenSize: 1080x2400, deviceUDID: af0c5cf7, javascriptEnabled: true, locationContextEnabled: false, networkConnectionEnabled: true, noReset: true, pixelRatio: 3, platform: LINUX, platformName: Android, platformVersion: 15, statBarHeight: 120, takesScreenshot: true, viewportRect: {height: 2280, left: 0, top: 120, width: 1080}, waitForIdleTimeout: 3000, warnings: {}, webStorageEnabled: false}
Session ID: c0c10e71-bfa6-42a0-bfc6-9e4517bcdaae
*** Element info: {Using=id, value=com.hdbank.ipaper:id/img_logo}
	at jdk.internal.reflect.GeneratedConstructorAccessor30.newInstance(Unknown Source)
	at java.base/jdk.internal.reflect.DelegatingConstructorAccessorImpl.newInstance(DelegatingConstructorAccessorImpl.java:45)
	at org.openqa.selenium.remote.http.W3CHttpResponseCodec.createException(W3CHttpResponseCodec.java:187)
	at org.openqa.selenium.remote.http.W3CHttpResponseCodec.decode(W3CHttpResponseCodec.java:122)
	at org.openqa.selenium.remote.http.W3CHttpResponseCodec.decode(W3CHttpResponseCodec.java:49)
	at org.openqa.selenium.remote.HttpCommandExecutor.execute(HttpCommandExecutor.java:158)
	at io.appium.java_client.remote.AppiumCommandExecutor.execute(AppiumCommandExecutor.java:239)
	at org.openqa.selenium.remote.RemoteWebDriver.execute(RemoteWebDriver.java:552)
	at io.appium.java_client.DefaultGenericMobileDriver.execute(DefaultGenericMobileDriver.java:42)
	at io.appium.java_client.AppiumDriver.execute(AppiumDriver.java:1)
	at io.appium.java_client.android.AndroidDriver.execute(AndroidDriver.java:1)
	at com.kms.katalon.core.appium.driver.SwipeableAndroidDriver.execute(SwipeableAndroidDriver.java:1)
	at org.openqa.selenium.remote.RemoteWebDriver.findElements(RemoteWebDriver.java:353)
	at io.appium.java_client.DefaultGenericMobileDriver.findElements(DefaultGenericMobileDriver.java:54)
	at io.appium.java_client.AppiumDriver.findElements(AppiumDriver.java:152)
	at org.openqa.selenium.remote.RemoteWebDriver.findElementsById(RemoteWebDriver.java:376)
	at io.appium.java_client.DefaultGenericMobileDriver.findElementsById(DefaultGenericMobileDriver.java:66)
	at io.appium.java_client.AppiumDriver.findElementsById(AppiumDriver.java:156)
	at org.openqa.selenium.By$ById.findElements(By.java:180)
	at org.openqa.selenium.remote.RemoteWebDriver.findElements(RemoteWebDriver.java:311)
	at io.appium.java_client.DefaultGenericMobileDriver.findElements(DefaultGenericMobileDriver.java:50)
	at io.appium.java_client.AppiumDriver.findElements(AppiumDriver.java:148)
	at base.BaseKeyword$Trait$Helper$_waitForPresentOf_closure1.doCall(BaseKeyword.groovy:253)
	at jdk.internal.reflect.GeneratedMethodAccessor8.invoke(Unknown Source)
	at java.base/jdk.internal.reflect.DelegatingMethodAccessorImpl.invoke(DelegatingMethodAccessorImpl.java:43)
	at jdk.proxy2/jdk.proxy2.$Proxy34.apply(Unknown Source)
	at org.openqa.selenium.support.ui.FluentWait.until(FluentWait.java:249)
	at base.BaseKeyword$Trait$Helper.waitForPresentOf(BaseKeyword.groovy:252)
	at base.BaseApp.waitForPresentOf(BaseApp.groovy)
	at java.base/jdk.internal.reflect.NativeMethodAccessorImpl.invoke0(Native Method)
	at java.base/jdk.internal.reflect.NativeMethodAccessorImpl.invoke(NativeMethodAccessorImpl.java:77)
	at java.base/jdk.internal.reflect.DelegatingMethodAccessorImpl.invoke(DelegatingMethodAccessorImpl.java:43)
	at base.BaseApp.waitAppLauch(BaseApp.groovy:34)
	at java.base/jdk.internal.reflect.NativeMethodAccessorImpl.invoke0(Native Method)
	at java.base/jdk.internal.reflect.NativeMethodAccessorImpl.invoke(NativeMethodAccessorImpl.java:77)
	at java.base/jdk.internal.reflect.DelegatingMethodAccessorImpl.invoke(DelegatingMethodAccessorImpl.java:43)
	at drivers.Driver.openApp(Driver.groovy:60)
	at java.base/jdk.internal.reflect.NativeMethodAccessorImpl.invoke0(Native Method)
	at java.base/jdk.internal.reflect.NativeMethodAccessorImpl.invoke(NativeMethodAccessorImpl.java:77)
	at java.base/jdk.internal.reflect.DelegatingMethodAccessorImpl.invoke(DelegatingMethodAccessorImpl.java:43)
	at com.kms.katalon.core.main.CustomKeywordDelegatingMetaClass.invokeStaticMethod(CustomKeywordDelegatingMetaClass.java:55)
	... 19 more


18-05-2025T09:29:08 - [MESSAGE][ERROR] - An unknown server-side error occurred while processing the command. Original error: 'POST /elements' cannot be proxied to UiAutomator2 server because the instrumentation process is not running (probably crashed). Check the server log and/or the logcat output for more details
Build info: version: '3.141.59', revision: 'unknown', time: 'unknown'
System info: host: '192.168.1.4.non-exists.ptr.local', ip: '2402:800:63f2:b9ce:1859:4296:77a1:a88d%en0', os.name: 'Mac OS X', os.arch: 'aarch64', os.version: '15.4.1', java.version: '17.0.7'
Driver info: com.kms.katalon.core.appium.driver.SwipeableAndroidDriver
Capabilities {automationName: UiAutomator2, databaseEnabled: false, desired: {automationName: UiAutomator2, deviceName: af0c5cf7, noReset: true, platformName: android, waitForIdleTimeout: 3000}, deviceApiLevel: 35, deviceManufacturer: OPPO, deviceModel: CPH2699, deviceName: af0c5cf7, deviceScreenDensity: 480, deviceScreenSize: 1080x2400, deviceUDID: af0c5cf7, javascriptEnabled: true, locationContextEnabled: false, networkConnectionEnabled: true, noReset: true, pixelRatio: 3, platform: LINUX, platformName: Android, platformVersion: 15, statBarHeight: 120, takesScreenshot: true, viewportRect: {height: 2280, left: 0, top: 120, width: 1080}, waitForIdleTimeout: 3000, warnings: {}, webStorageEnabled: false}
Session ID: c0c10e71-bfa6-42a0-bfc6-9e4517bcdaae
*** Element info: {Using=id, value=com.hdbank.ipaper:id/img_logo}

18-05-2025T09:29:08 - [MESSAGE][ERROR] - com.kms.katalon.core.exception.StepErrorException: org.openqa.selenium.WebDriverException: An unknown server-side error occurred while processing the command. Original error: 'POST /elements' cannot be proxied to UiAutomator2 server because the instrumentation process is not running (probably crashed). Check the server log and/or the logcat output for more details
Build info: version: '3.141.59', revision: 'unknown', time: 'unknown'
System info: host: '192.168.1.4.non-exists.ptr.local', ip: '2402:800:63f2:b9ce:1859:4296:77a1:a88d%en0', os.name: 'Mac OS X', os.arch: 'aarch64', os.version: '15.4.1', java.version: '17.0.7'
Driver info: com.kms.katalon.core.appium.driver.SwipeableAndroidDriver
Capabilities {automationName: UiAutomator2, databaseEnabled: false, desired: {automationName: UiAutomator2, deviceName: af0c5cf7, noReset: true, platformName: android, waitForIdleTimeout: 3000}, deviceApiLevel: 35, deviceManufacturer: OPPO, deviceModel: CPH2699, deviceName: af0c5cf7, deviceScreenDensity: 480, deviceScreenSize: 1080x2400, deviceUDID: af0c5cf7, javascriptEnabled: true, locationContextEnabled: false, networkConnectionEnabled: true, noReset: true, pixelRatio: 3, platform: LINUX, platformName: Android, platformVersion: 15, statBarHeight: 120, takesScreenshot: true, viewportRect: {height: 2280, left: 0, top: 120, width: 1080}, waitForIdleTimeout: 3000, warnings: {}, webStorageEnabled: false}
Session ID: c0c10e71-bfa6-42a0-bfc6-9e4517bcdaae
*** Element info: {Using=id, value=com.hdbank.ipaper:id/img_logo}
	at com.kms.katalon.core.main.CustomKeywordDelegatingMetaClass.throwError(CustomKeywordDelegatingMetaClass.java:101)
	at com.kms.katalon.core.main.CustomKeywordDelegatingMetaClass.invokeStaticMethod(CustomKeywordDelegatingMetaClass.java:73)
	at TestListener.beforeTest(TestListener.groovy:39)
	at java.base/jdk.internal.reflect.NativeMethodAccessorImpl.invoke0(Native Method)
	at java.base/jdk.internal.reflect.NativeMethodAccessorImpl.invoke(NativeMethodAccessorImpl.java:77)
	at java.base/jdk.internal.reflect.DelegatingMethodAccessorImpl.invoke(DelegatingMethodAccessorImpl.java:43)
	at com.kms.katalon.core.context.internal.TestHooker.invokeMethod(TestHooker.java:111)
	at com.kms.katalon.core.context.internal.TestHooker.lambda$3(TestHooker.java:95)
	at com.kms.katalon.core.context.internal.TestHooker.invokeContextMethods(TestHooker.java:94)
	at com.kms.katalon.core.context.internal.TestListenerCollector.lambda$3(TestListenerCollector.java:88)
	at com.kms.katalon.core.context.internal.TestListenerCollector.handleListenerEvent(TestListenerCollector.java:85)
	at com.kms.katalon.core.context.internal.ExecutionEventManager.publicEvent(ExecutionEventManager.java:36)
	at com.kms.katalon.core.main.TestCaseExecutor.execute(TestCaseExecutor.java:268)
	at com.kms.katalon.core.common.CommonExecutor.accessTestCaseMainPhase(CommonExecutor.java:65)
	at com.kms.katalon.core.main.TestSuiteExecutor.accessTestSuiteMainPhase(TestSuiteExecutor.java:150)
	at com.kms.katalon.core.main.TestSuiteExecutor.execute(TestSuiteExecutor.java:106)
	at com.kms.katalon.core.main.TestCaseMain.startTestSuite(TestCaseMain.java:180)
	at TempTestSuite1747531571431.run(TempTestSuite1747531571431.groovy:35)
	at java.base/jdk.internal.reflect.NativeMethodAccessorImpl.invoke0(Native Method)
	at java.base/jdk.internal.reflect.NativeMethodAccessorImpl.invoke(NativeMethodAccessorImpl.java:77)
	at java.base/jdk.internal.reflect.DelegatingMethodAccessorImpl.invoke(DelegatingMethodAccessorImpl.java:43)
Caused by: org.openqa.selenium.WebDriverException: An unknown server-side error occurred while processing the command. Original error: 'POST /elements' cannot be proxied to UiAutomator2 server because the instrumentation process is not running (probably crashed). Check the server log and/or the logcat output for more details
Build info: version: '3.141.59', revision: 'unknown', time: 'unknown'
System info: host: '192.168.1.4.non-exists.ptr.local', ip: '2402:800:63f2:b9ce:1859:4296:77a1:a88d%en0', os.name: 'Mac OS X', os.arch: 'aarch64', os.version: '15.4.1', java.version: '17.0.7'
Driver info: com.kms.katalon.core.appium.driver.SwipeableAndroidDriver
Capabilities {automationName: UiAutomator2, databaseEnabled: false, desired: {automationName: UiAutomator2, deviceName: af0c5cf7, noReset: true, platformName: android, waitForIdleTimeout: 3000}, deviceApiLevel: 35, deviceManufacturer: OPPO, deviceModel: CPH2699, deviceName: af0c5cf7, deviceScreenDensity: 480, deviceScreenSize: 1080x2400, deviceUDID: af0c5cf7, javascriptEnabled: true, locationContextEnabled: false, networkConnectionEnabled: true, noReset: true, pixelRatio: 3, platform: LINUX, platformName: Android, platformVersion: 15, statBarHeight: 120, takesScreenshot: true, viewportRect: {height: 2280, left: 0, top: 120, width: 1080}, waitForIdleTimeout: 3000, warnings: {}, webStorageEnabled: false}
Session ID: c0c10e71-bfa6-42a0-bfc6-9e4517bcdaae
*** Element info: {Using=id, value=com.hdbank.ipaper:id/img_logo}
	at jdk.internal.reflect.GeneratedConstructorAccessor30.newInstance(Unknown Source)
	at java.base/jdk.internal.reflect.DelegatingConstructorAccessorImpl.newInstance(DelegatingConstructorAccessorImpl.java:45)
	at org.openqa.selenium.remote.http.W3CHttpResponseCodec.createException(W3CHttpResponseCodec.java:187)
	at org.openqa.selenium.remote.http.W3CHttpResponseCodec.decode(W3CHttpResponseCodec.java:122)
	at org.openqa.selenium.remote.http.W3CHttpResponseCodec.decode(W3CHttpResponseCodec.java:49)
	at org.openqa.selenium.remote.HttpCommandExecutor.execute(HttpCommandExecutor.java:158)
	at io.appium.java_client.remote.AppiumCommandExecutor.execute(AppiumCommandExecutor.java:239)
	at org.openqa.selenium.remote.RemoteWebDriver.execute(RemoteWebDriver.java:552)
	at io.appium.java_client.DefaultGenericMobileDriver.execute(DefaultGenericMobileDriver.java:42)
	at io.appium.java_client.AppiumDriver.execute(AppiumDriver.java:1)
	at io.appium.java_client.android.AndroidDriver.execute(AndroidDriver.java:1)
	at com.kms.katalon.core.appium.driver.SwipeableAndroidDriver.execute(SwipeableAndroidDriver.java:1)
	at org.openqa.selenium.remote.RemoteWebDriver.findElements(RemoteWebDriver.java:353)
	at io.appium.java_client.DefaultGenericMobileDriver.findElements(DefaultGenericMobileDriver.java:54)
	at io.appium.java_client.AppiumDriver.findElements(AppiumDriver.java:152)
	at org.openqa.selenium.remote.RemoteWebDriver.findElementsById(RemoteWebDriver.java:376)
	at io.appium.java_client.DefaultGenericMobileDriver.findElementsById(DefaultGenericMobileDriver.java:66)
	at io.appium.java_client.AppiumDriver.findElementsById(AppiumDriver.java:156)
	at org.openqa.selenium.By$ById.findElements(By.java:180)
	at org.openqa.selenium.remote.RemoteWebDriver.findElements(RemoteWebDriver.java:311)
	at io.appium.java_client.DefaultGenericMobileDriver.findElements(DefaultGenericMobileDriver.java:50)
	at io.appium.java_client.AppiumDriver.findElements(AppiumDriver.java:148)
	at base.BaseKeyword$Trait$Helper$_waitForPresentOf_closure1.doCall(BaseKeyword.groovy:253)
	at jdk.internal.reflect.GeneratedMethodAccessor8.invoke(Unknown Source)
	at java.base/jdk.internal.reflect.DelegatingMethodAccessorImpl.invoke(DelegatingMethodAccessorImpl.java:43)
	at jdk.proxy2/jdk.proxy2.$Proxy34.apply(Unknown Source)
	at org.openqa.selenium.support.ui.FluentWait.until(FluentWait.java:249)
	at base.BaseKeyword$Trait$Helper.waitForPresentOf(BaseKeyword.groovy:252)
	at base.BaseApp.waitForPresentOf(BaseApp.groovy)
	at java.base/jdk.internal.reflect.NativeMethodAccessorImpl.invoke0(Native Method)
	at java.base/jdk.internal.reflect.NativeMethodAccessorImpl.invoke(NativeMethodAccessorImpl.java:77)
	at java.base/jdk.internal.reflect.DelegatingMethodAccessorImpl.invoke(DelegatingMethodAccessorImpl.java:43)
	at base.BaseApp.waitAppLauch(BaseApp.groovy:34)
	at java.base/jdk.internal.reflect.NativeMethodAccessorImpl.invoke0(Native Method)
	at java.base/jdk.internal.reflect.NativeMethodAccessorImpl.invoke(NativeMethodAccessorImpl.java:77)
	at java.base/jdk.internal.reflect.DelegatingMethodAccessorImpl.invoke(DelegatingMethodAccessorImpl.java:43)
	at drivers.Driver.openApp(Driver.groovy:60)
	at java.base/jdk.internal.reflect.NativeMethodAccessorImpl.invoke0(Native Method)
	at java.base/jdk.internal.reflect.NativeMethodAccessorImpl.invoke(NativeMethodAccessorImpl.java:77)
	at java.base/jdk.internal.reflect.DelegatingMethodAccessorImpl.invoke(DelegatingMethodAccessorImpl.java:43)
	at com.kms.katalon.core.main.CustomKeywordDelegatingMetaClass.invokeStaticMethod(CustomKeywordDelegatingMetaClass.java:55)
	... 19 more


18-05-2025T09:29:09 - [TEST_STEP][PASSED] - REQUEST_NAME = "Trình ký PDF có sẵn": null

18-05-2025T09:29:09 - [TEST_STEP][PASSED] - USER_CREATE_COMMENT = "Commented by user create document": null

18-05-2025T09:29:09 - [TEST_STEP][PASSED] - ASSIGNER_COMMENT = "Comment by assigner": null

18-05-2025T09:29:09 - [TEST_STEP][PASSED] - documentTitle = "Trình ký " + System.currentTimeMillis(): null

18-05-2025T09:29:09 - [TEST_STEP][PASSED] - auto5 = DataTest.getUserTest("auto5"): null

18-05-2025T09:29:09 - [TEST_STEP][PASSED] - auto6 = DataTest.getUserTest("auto6"): null

18-05-2025T09:29:09 - [TEST_STEP][PASSED] - document = DataTest.createDocumentTest(auto5, auto6, null, "dummy.pdf", "dummy.pdf"): null

18-05-2025T09:29:09 - [TEST_STEP][ERROR] - loginScreen.login(auto5): Test Cases/IPAPER APP/038 LAY Y KIEN NHANH_NHAP Y KIEN FAILED.
Reason:
org.openqa.selenium.WebDriverException: An unknown server-side error occurred while processing the command. Original error: 'POST /elements' cannot be proxied to UiAutomator2 server because the instrumentation process is not running (probably crashed). Check the server log and/or the logcat output for more details
Build info: version: '3.141.59', revision: 'unknown', time: 'unknown'
System info: host: '192.168.1.4.non-exists.ptr.local', ip: '2402:800:63f2:b9ce:1859:4296:77a1:a88d%en0', os.name: 'Mac OS X', os.arch: 'aarch64', os.version: '15.4.1', java.version: '17.0.7'
Driver info: com.kms.katalon.core.appium.driver.SwipeableAndroidDriver
Capabilities {automationName: UiAutomator2, databaseEnabled: false, desired: {automationName: UiAutomator2, deviceName: af0c5cf7, noReset: true, platformName: android, waitForIdleTimeout: 3000}, deviceApiLevel: 35, deviceManufacturer: OPPO, deviceModel: CPH2699, deviceName: af0c5cf7, deviceScreenDensity: 480, deviceScreenSize: 1080x2400, deviceUDID: af0c5cf7, javascriptEnabled: true, locationContextEnabled: false, networkConnectionEnabled: true, noReset: true, pixelRatio: 3, platform: LINUX, platformName: Android, platformVersion: 15, statBarHeight: 120, takesScreenshot: true, viewportRect: {height: 2280, left: 0, top: 120, width: 1080}, waitForIdleTimeout: 3000, warnings: {}, webStorageEnabled: false}
Session ID: c0c10e71-bfa6-42a0-bfc6-9e4517bcdaae
*** Element info: {Using=xpath, value=//android.widget.EditText[@resource-id='com.hdbank.ipaper:id/edit_text_user_name']}
	at jdk.internal.reflect.GeneratedConstructorAccessor30.newInstance(Unknown Source)
	at java.base/jdk.internal.reflect.DelegatingConstructorAccessorImpl.newInstance(DelegatingConstructorAccessorImpl.java:45)
	at org.openqa.selenium.remote.http.W3CHttpResponseCodec.createException(W3CHttpResponseCodec.java:187)
	at org.openqa.selenium.remote.http.W3CHttpResponseCodec.decode(W3CHttpResponseCodec.java:122)
	at org.openqa.selenium.remote.http.W3CHttpResponseCodec.decode(W3CHttpResponseCodec.java:49)
	at org.openqa.selenium.remote.HttpCommandExecutor.execute(HttpCommandExecutor.java:158)
	at io.appium.java_client.remote.AppiumCommandExecutor.execute(AppiumCommandExecutor.java:239)
	at org.openqa.selenium.remote.RemoteWebDriver.execute(RemoteWebDriver.java:552)
	at io.appium.java_client.DefaultGenericMobileDriver.execute(DefaultGenericMobileDriver.java:42)
	at io.appium.java_client.AppiumDriver.execute(AppiumDriver.java:1)
	at io.appium.java_client.android.AndroidDriver.execute(AndroidDriver.java:1)
	at com.kms.katalon.core.appium.driver.SwipeableAndroidDriver.execute(SwipeableAndroidDriver.java:1)
	at org.openqa.selenium.remote.RemoteWebDriver.findElements(RemoteWebDriver.java:353)
	at io.appium.java_client.DefaultGenericMobileDriver.findElements(DefaultGenericMobileDriver.java:54)
	at io.appium.java_client.AppiumDriver.findElements(AppiumDriver.java:152)
	at org.openqa.selenium.remote.RemoteWebDriver.findElementsByXPath(RemoteWebDriver.java:432)
	at io.appium.java_client.DefaultGenericMobileDriver.findElementsByXPath(DefaultGenericMobileDriver.java:156)
	at io.appium.java_client.AppiumDriver.findElementsByXPath(AppiumDriver.java:184)
	at org.openqa.selenium.By$ByXPath.findElements(By.java:348)
	at org.openqa.selenium.remote.RemoteWebDriver.findElements(RemoteWebDriver.java:311)
	at io.appium.java_client.DefaultGenericMobileDriver.findElements(DefaultGenericMobileDriver.java:50)
	at io.appium.java_client.AppiumDriver.findElements(AppiumDriver.java:148)
	at base.BaseKeyword$Trait$Helper.isDisplayed(BaseKeyword.groovy:234)
	at screens.LoginScreen.isDisplayed(LoginScreen.groovy)
	at base.BaseKeyword$Trait$Helper.isDisplayed(BaseKeyword.groovy:229)
	at screens.LoginScreen.isDisplayed(LoginScreen.groovy)
	at screens.LoginScreen.isGuest(LoginScreen.groovy:34)
	at screens.LoginScreen.login(LoginScreen.groovy:10)
	at 038 LAY Y KIEN NHANH_NHAP Y KIEN.run(038 LAY Y KIEN NHANH_NHAP Y KIEN:23)
	at com.kms.katalon.core.main.ScriptEngine.run(ScriptEngine.java:194)
	at com.kms.katalon.core.main.ScriptEngine.runScriptAsRawText(ScriptEngine.java:119)
	at com.kms.katalon.core.main.TestCaseExecutor.runScript(TestCaseExecutor.java:448)
	at com.kms.katalon.core.main.TestCaseExecutor.doExecute(TestCaseExecutor.java:439)
	at com.kms.katalon.core.main.TestCaseExecutor.processExecutionPhase(TestCaseExecutor.java:418)
	at com.kms.katalon.core.main.TestCaseExecutor.accessMainPhase(TestCaseExecutor.java:410)
	at com.kms.katalon.core.main.TestCaseExecutor.execute(TestCaseExecutor.java:285)
	at com.kms.katalon.core.common.CommonExecutor.accessTestCaseMainPhase(CommonExecutor.java:65)
	at com.kms.katalon.core.main.TestSuiteExecutor.accessTestSuiteMainPhase(TestSuiteExecutor.java:150)
	at com.kms.katalon.core.main.TestSuiteExecutor.execute(TestSuiteExecutor.java:106)
	at com.kms.katalon.core.main.TestCaseMain.startTestSuite(TestCaseMain.java:180)
	at TempTestSuite1747531571431.run(TempTestSuite1747531571431.groovy:35)
	at java.base/jdk.internal.reflect.NativeMethodAccessorImpl.invoke0(Native Method)
	at java.base/jdk.internal.reflect.NativeMethodAccessorImpl.invoke(NativeMethodAccessorImpl.java:77)
	at java.base/jdk.internal.reflect.DelegatingMethodAccessorImpl.invoke(DelegatingMethodAccessorImpl.java:43)


18-05-2025T09:29:09 - [MESSAGE][ERROR] - Test Cases/IPAPER APP/038 LAY Y KIEN NHANH_NHAP Y KIEN FAILED.
Reason:
org.openqa.selenium.WebDriverException: An unknown server-side error occurred while processing the command. Original error: 'POST /elements' cannot be proxied to UiAutomator2 server because the instrumentation process is not running (probably crashed). Check the server log and/or the logcat output for more details
Build info: version: '3.141.59', revision: 'unknown', time: 'unknown'
System info: host: '192.168.1.4.non-exists.ptr.local', ip: '2402:800:63f2:b9ce:1859:4296:77a1:a88d%en0', os.name: 'Mac OS X', os.arch: 'aarch64', os.version: '15.4.1', java.version: '17.0.7'
Driver info: com.kms.katalon.core.appium.driver.SwipeableAndroidDriver
Capabilities {automationName: UiAutomator2, databaseEnabled: false, desired: {automationName: UiAutomator2, deviceName: af0c5cf7, noReset: true, platformName: android, waitForIdleTimeout: 3000}, deviceApiLevel: 35, deviceManufacturer: OPPO, deviceModel: CPH2699, deviceName: af0c5cf7, deviceScreenDensity: 480, deviceScreenSize: 1080x2400, deviceUDID: af0c5cf7, javascriptEnabled: true, locationContextEnabled: false, networkConnectionEnabled: true, noReset: true, pixelRatio: 3, platform: LINUX, platformName: Android, platformVersion: 15, statBarHeight: 120, takesScreenshot: true, viewportRect: {height: 2280, left: 0, top: 120, width: 1080}, waitForIdleTimeout: 3000, warnings: {}, webStorageEnabled: false}
Session ID: c0c10e71-bfa6-42a0-bfc6-9e4517bcdaae
*** Element info: {Using=xpath, value=//android.widget.EditText[@resource-id='com.hdbank.ipaper:id/edit_text_user_name']}
	at jdk.internal.reflect.GeneratedConstructorAccessor30.newInstance(Unknown Source)
	at java.base/jdk.internal.reflect.DelegatingConstructorAccessorImpl.newInstance(DelegatingConstructorAccessorImpl.java:45)
	at org.openqa.selenium.remote.http.W3CHttpResponseCodec.createException(W3CHttpResponseCodec.java:187)
	at org.openqa.selenium.remote.http.W3CHttpResponseCodec.decode(W3CHttpResponseCodec.java:122)
	at org.openqa.selenium.remote.http.W3CHttpResponseCodec.decode(W3CHttpResponseCodec.java:49)
	at org.openqa.selenium.remote.HttpCommandExecutor.execute(HttpCommandExecutor.java:158)
	at io.appium.java_client.remote.AppiumCommandExecutor.execute(AppiumCommandExecutor.java:239)
	at org.openqa.selenium.remote.RemoteWebDriver.execute(RemoteWebDriver.java:552)
	at io.appium.java_client.DefaultGenericMobileDriver.execute(DefaultGenericMobileDriver.java:42)
	at io.appium.java_client.AppiumDriver.execute(AppiumDriver.java:1)
	at io.appium.java_client.android.AndroidDriver.execute(AndroidDriver.java:1)
	at com.kms.katalon.core.appium.driver.SwipeableAndroidDriver.execute(SwipeableAndroidDriver.java:1)
	at org.openqa.selenium.remote.RemoteWebDriver.findElements(RemoteWebDriver.java:353)
	at io.appium.java_client.DefaultGenericMobileDriver.findElements(DefaultGenericMobileDriver.java:54)
	at io.appium.java_client.AppiumDriver.findElements(AppiumDriver.java:152)
	at org.openqa.selenium.remote.RemoteWebDriver.findElementsByXPath(RemoteWebDriver.java:432)
	at io.appium.java_client.DefaultGenericMobileDriver.findElementsByXPath(DefaultGenericMobileDriver.java:156)
	at io.appium.java_client.AppiumDriver.findElementsByXPath(AppiumDriver.java:184)
	at org.openqa.selenium.By$ByXPath.findElements(By.java:348)
	at org.openqa.selenium.remote.RemoteWebDriver.findElements(RemoteWebDriver.java:311)
	at io.appium.java_client.DefaultGenericMobileDriver.findElements(DefaultGenericMobileDriver.java:50)
	at io.appium.java_client.AppiumDriver.findElements(AppiumDriver.java:148)
	at base.BaseKeyword$Trait$Helper.isDisplayed(BaseKeyword.groovy:234)
	at screens.LoginScreen.isDisplayed(LoginScreen.groovy)
	at base.BaseKeyword$Trait$Helper.isDisplayed(BaseKeyword.groovy:229)
	at screens.LoginScreen.isDisplayed(LoginScreen.groovy)
	at screens.LoginScreen.isGuest(LoginScreen.groovy:34)
	at screens.LoginScreen.login(LoginScreen.groovy:10)
	at 038 LAY Y KIEN NHANH_NHAP Y KIEN.run(038 LAY Y KIEN NHANH_NHAP Y KIEN:23)
	at com.kms.katalon.core.main.ScriptEngine.run(ScriptEngine.java:194)
	at com.kms.katalon.core.main.ScriptEngine.runScriptAsRawText(ScriptEngine.java:119)
	at com.kms.katalon.core.main.TestCaseExecutor.runScript(TestCaseExecutor.java:448)
	at com.kms.katalon.core.main.TestCaseExecutor.doExecute(TestCaseExecutor.java:439)
	at com.kms.katalon.core.main.TestCaseExecutor.processExecutionPhase(TestCaseExecutor.java:418)
	at com.kms.katalon.core.main.TestCaseExecutor.accessMainPhase(TestCaseExecutor.java:410)
	at com.kms.katalon.core.main.TestCaseExecutor.execute(TestCaseExecutor.java:285)
	at com.kms.katalon.core.common.CommonExecutor.accessTestCaseMainPhase(CommonExecutor.java:65)
	at com.kms.katalon.core.main.TestSuiteExecutor.accessTestSuiteMainPhase(TestSuiteExecutor.java:150)
	at com.kms.katalon.core.main.TestSuiteExecutor.execute(TestSuiteExecutor.java:106)
	at com.kms.katalon.core.main.TestCaseMain.startTestSuite(TestCaseMain.java:180)
	at TempTestSuite1747531571431.run(TempTestSuite1747531571431.groovy:35)
	at java.base/jdk.internal.reflect.NativeMethodAccessorImpl.invoke0(Native Method)
	at java.base/jdk.internal.reflect.NativeMethodAccessorImpl.invoke(NativeMethodAccessorImpl.java:77)
	at java.base/jdk.internal.reflect.DelegatingMethodAccessorImpl.invoke(DelegatingMethodAccessorImpl.java:43)


18-05-2025T09:29:09 - [TEST_STEP][ERROR] - Start listener action : afterTest: com.kms.katalon.core.exception.StepFailedException: Unable to take screenshot
	at com.kms.katalon.core.mobile.keyword.internal.MobileKeywordMain.stepFailed(MobileKeywordMain.groovy:64)
	at com.kms.katalon.core.mobile.keyword.internal.MobileKeywordMain.runKeyword(MobileKeywordMain.groovy:34)
	at com.kms.katalon.core.mobile.keyword.builtin.TakeScreenshotKeyword.takeScreenshot(TakeScreenshotKeyword.groovy:94)
	at com.kms.katalon.core.mobile.keyword.builtin.TakeScreenshotKeyword.execute(TakeScreenshotKeyword.groovy:54)
	at com.kms.katalon.core.keyword.internal.KeywordExecutor.executeKeywordForPlatform(KeywordExecutor.groovy:74)
	at com.kms.katalon.core.mobile.keyword.MobileBuiltInKeywords.takeScreenshot(MobileBuiltInKeywords.groovy:218)
	at TestListener.afterTest(TestListener.groovy:45)
	at java.base/jdk.internal.reflect.NativeMethodAccessorImpl.invoke0(Native Method)
	at java.base/jdk.internal.reflect.NativeMethodAccessorImpl.invoke(NativeMethodAccessorImpl.java:77)
	at java.base/jdk.internal.reflect.DelegatingMethodAccessorImpl.invoke(DelegatingMethodAccessorImpl.java:43)
	at com.kms.katalon.core.context.internal.TestHooker.invokeMethod(TestHooker.java:111)
	at com.kms.katalon.core.context.internal.TestHooker.lambda$3(TestHooker.java:95)
	at com.kms.katalon.core.context.internal.TestHooker.invokeContextMethods(TestHooker.java:94)
	at com.kms.katalon.core.context.internal.TestListenerCollector.lambda$3(TestListenerCollector.java:88)
	at com.kms.katalon.core.context.internal.TestListenerCollector.handleListenerEvent(TestListenerCollector.java:85)
	at com.kms.katalon.core.context.internal.ExecutionEventManager.publicEvent(ExecutionEventManager.java:36)
	at com.kms.katalon.core.main.TestCaseExecutor.execute(TestCaseExecutor.java:315)
	at com.kms.katalon.core.common.CommonExecutor.accessTestCaseMainPhase(CommonExecutor.java:65)
	at com.kms.katalon.core.main.TestSuiteExecutor.accessTestSuiteMainPhase(TestSuiteExecutor.java:150)
	at com.kms.katalon.core.main.TestSuiteExecutor.execute(TestSuiteExecutor.java:106)
	at com.kms.katalon.core.main.TestCaseMain.startTestSuite(TestCaseMain.java:180)
	at TempTestSuite1747531571431.run(TempTestSuite1747531571431.groovy:35)
	at java.base/jdk.internal.reflect.NativeMethodAccessorImpl.invoke0(Native Method)
	at java.base/jdk.internal.reflect.NativeMethodAccessorImpl.invoke(NativeMethodAccessorImpl.java:77)
	at java.base/jdk.internal.reflect.DelegatingMethodAccessorImpl.invoke(DelegatingMethodAccessorImpl.java:43)
Caused by: org.openqa.selenium.WebDriverException: An unknown server-side error occurred while processing the command. Original error: 'GET /screenshot' cannot be proxied to UiAutomator2 server because the instrumentation process is not running (probably crashed). Check the server log and/or the logcat output for more details
Build info: version: '3.141.59', revision: 'unknown', time: 'unknown'
System info: host: '192.168.1.4.non-exists.ptr.local', ip: '2402:800:63f2:b9ce:1859:4296:77a1:a88d%en0', os.name: 'Mac OS X', os.arch: 'aarch64', os.version: '15.4.1', java.version: '17.0.7'
Driver info: com.kms.katalon.core.appium.driver.SwipeableAndroidDriver
Capabilities {automationName: UiAutomator2, databaseEnabled: false, desired: {automationName: UiAutomator2, deviceName: af0c5cf7, noReset: true, platformName: android, waitForIdleTimeout: 3000}, deviceApiLevel: 35, deviceManufacturer: OPPO, deviceModel: CPH2699, deviceName: af0c5cf7, deviceScreenDensity: 480, deviceScreenSize: 1080x2400, deviceUDID: af0c5cf7, javascriptEnabled: true, locationContextEnabled: false, networkConnectionEnabled: true, noReset: true, pixelRatio: 3, platform: LINUX, platformName: Android, platformVersion: 15, statBarHeight: 120, takesScreenshot: true, viewportRect: {height: 2280, left: 0, top: 120, width: 1080}, waitForIdleTimeout: 3000, warnings: {}, webStorageEnabled: false}
Session ID: c0c10e71-bfa6-42a0-bfc6-9e4517bcdaae
	at jdk.internal.reflect.GeneratedConstructorAccessor30.newInstance(Unknown Source)
	at java.base/jdk.internal.reflect.DelegatingConstructorAccessorImpl.newInstance(DelegatingConstructorAccessorImpl.java:45)
	at org.openqa.selenium.remote.http.W3CHttpResponseCodec.createException(W3CHttpResponseCodec.java:187)
	at org.openqa.selenium.remote.http.W3CHttpResponseCodec.decode(W3CHttpResponseCodec.java:122)
	at org.openqa.selenium.remote.http.W3CHttpResponseCodec.decode(W3CHttpResponseCodec.java:49)
	at org.openqa.selenium.remote.HttpCommandExecutor.execute(HttpCommandExecutor.java:158)
	at io.appium.java_client.remote.AppiumCommandExecutor.execute(AppiumCommandExecutor.java:239)
	at org.openqa.selenium.remote.RemoteWebDriver.execute(RemoteWebDriver.java:552)
	at io.appium.java_client.DefaultGenericMobileDriver.execute(DefaultGenericMobileDriver.java:46)
	at io.appium.java_client.AppiumDriver.execute(AppiumDriver.java:1)
	at io.appium.java_client.android.AndroidDriver.execute(AndroidDriver.java:1)
	at com.kms.katalon.core.appium.driver.SwipeableAndroidDriver.execute(SwipeableAndroidDriver.java:1)
	at org.openqa.selenium.remote.RemoteWebDriver.getScreenshotAs(RemoteWebDriver.java:295)
	at com.kms.katalon.core.mobile.helper.MobileScreenCaptor.takeScreenshot(MobileScreenCaptor.java:109)
	at com.kms.katalon.core.mobile.keyword.builtin.TakeScreenshotKeyword$_takeScreenshot_closure1.doCall(TakeScreenshotKeyword.groovy:110)
	at com.kms.katalon.core.mobile.keyword.builtin.TakeScreenshotKeyword$_takeScreenshot_closure1.call(TakeScreenshotKeyword.groovy)
	at com.kms.katalon.core.mobile.keyword.internal.MobileKeywordMain.runKeyword(MobileKeywordMain.groovy:30)
	... 23 more


18-05-2025T09:29:09 - [TEST_STEP][ERROR] - if (testCaseStatus != "PASSED"): com.kms.katalon.core.exception.StepFailedException: Unable to take screenshot
	at com.kms.katalon.core.mobile.keyword.internal.MobileKeywordMain.stepFailed(MobileKeywordMain.groovy:64)
	at com.kms.katalon.core.mobile.keyword.internal.MobileKeywordMain.runKeyword(MobileKeywordMain.groovy:34)
	at com.kms.katalon.core.mobile.keyword.builtin.TakeScreenshotKeyword.takeScreenshot(TakeScreenshotKeyword.groovy:94)
	at com.kms.katalon.core.mobile.keyword.builtin.TakeScreenshotKeyword.execute(TakeScreenshotKeyword.groovy:54)
	at com.kms.katalon.core.keyword.internal.KeywordExecutor.executeKeywordForPlatform(KeywordExecutor.groovy:74)
	at com.kms.katalon.core.mobile.keyword.MobileBuiltInKeywords.takeScreenshot(MobileBuiltInKeywords.groovy:218)
	at TestListener.afterTest(TestListener.groovy:45)
	at java.base/jdk.internal.reflect.NativeMethodAccessorImpl.invoke0(Native Method)
	at java.base/jdk.internal.reflect.NativeMethodAccessorImpl.invoke(NativeMethodAccessorImpl.java:77)
	at java.base/jdk.internal.reflect.DelegatingMethodAccessorImpl.invoke(DelegatingMethodAccessorImpl.java:43)
	at com.kms.katalon.core.context.internal.TestHooker.invokeMethod(TestHooker.java:111)
	at com.kms.katalon.core.context.internal.TestHooker.lambda$3(TestHooker.java:95)
	at com.kms.katalon.core.context.internal.TestHooker.invokeContextMethods(TestHooker.java:94)
	at com.kms.katalon.core.context.internal.TestListenerCollector.lambda$3(TestListenerCollector.java:88)
	at com.kms.katalon.core.context.internal.TestListenerCollector.handleListenerEvent(TestListenerCollector.java:85)
	at com.kms.katalon.core.context.internal.ExecutionEventManager.publicEvent(ExecutionEventManager.java:36)
	at com.kms.katalon.core.main.TestCaseExecutor.execute(TestCaseExecutor.java:315)
	at com.kms.katalon.core.common.CommonExecutor.accessTestCaseMainPhase(CommonExecutor.java:65)
	at com.kms.katalon.core.main.TestSuiteExecutor.accessTestSuiteMainPhase(TestSuiteExecutor.java:150)
	at com.kms.katalon.core.main.TestSuiteExecutor.execute(TestSuiteExecutor.java:106)
	at com.kms.katalon.core.main.TestCaseMain.startTestSuite(TestCaseMain.java:180)
	at TempTestSuite1747531571431.run(TempTestSuite1747531571431.groovy:35)
	at java.base/jdk.internal.reflect.NativeMethodAccessorImpl.invoke0(Native Method)
	at java.base/jdk.internal.reflect.NativeMethodAccessorImpl.invoke(NativeMethodAccessorImpl.java:77)
	at java.base/jdk.internal.reflect.DelegatingMethodAccessorImpl.invoke(DelegatingMethodAccessorImpl.java:43)
Caused by: org.openqa.selenium.WebDriverException: An unknown server-side error occurred while processing the command. Original error: 'GET /screenshot' cannot be proxied to UiAutomator2 server because the instrumentation process is not running (probably crashed). Check the server log and/or the logcat output for more details
Build info: version: '3.141.59', revision: 'unknown', time: 'unknown'
System info: host: '192.168.1.4.non-exists.ptr.local', ip: '2402:800:63f2:b9ce:1859:4296:77a1:a88d%en0', os.name: 'Mac OS X', os.arch: 'aarch64', os.version: '15.4.1', java.version: '17.0.7'
Driver info: com.kms.katalon.core.appium.driver.SwipeableAndroidDriver
Capabilities {automationName: UiAutomator2, databaseEnabled: false, desired: {automationName: UiAutomator2, deviceName: af0c5cf7, noReset: true, platformName: android, waitForIdleTimeout: 3000}, deviceApiLevel: 35, deviceManufacturer: OPPO, deviceModel: CPH2699, deviceName: af0c5cf7, deviceScreenDensity: 480, deviceScreenSize: 1080x2400, deviceUDID: af0c5cf7, javascriptEnabled: true, locationContextEnabled: false, networkConnectionEnabled: true, noReset: true, pixelRatio: 3, platform: LINUX, platformName: Android, platformVersion: 15, statBarHeight: 120, takesScreenshot: true, viewportRect: {height: 2280, left: 0, top: 120, width: 1080}, waitForIdleTimeout: 3000, warnings: {}, webStorageEnabled: false}
Session ID: c0c10e71-bfa6-42a0-bfc6-9e4517bcdaae
	at jdk.internal.reflect.GeneratedConstructorAccessor30.newInstance(Unknown Source)
	at java.base/jdk.internal.reflect.DelegatingConstructorAccessorImpl.newInstance(DelegatingConstructorAccessorImpl.java:45)
	at org.openqa.selenium.remote.http.W3CHttpResponseCodec.createException(W3CHttpResponseCodec.java:187)
	at org.openqa.selenium.remote.http.W3CHttpResponseCodec.decode(W3CHttpResponseCodec.java:122)
	at org.openqa.selenium.remote.http.W3CHttpResponseCodec.decode(W3CHttpResponseCodec.java:49)
	at org.openqa.selenium.remote.HttpCommandExecutor.execute(HttpCommandExecutor.java:158)
	at io.appium.java_client.remote.AppiumCommandExecutor.execute(AppiumCommandExecutor.java:239)
	at org.openqa.selenium.remote.RemoteWebDriver.execute(RemoteWebDriver.java:552)
	at io.appium.java_client.DefaultGenericMobileDriver.execute(DefaultGenericMobileDriver.java:46)
	at io.appium.java_client.AppiumDriver.execute(AppiumDriver.java:1)
	at io.appium.java_client.android.AndroidDriver.execute(AndroidDriver.java:1)
	at com.kms.katalon.core.appium.driver.SwipeableAndroidDriver.execute(SwipeableAndroidDriver.java:1)
	at org.openqa.selenium.remote.RemoteWebDriver.getScreenshotAs(RemoteWebDriver.java:295)
	at com.kms.katalon.core.mobile.helper.MobileScreenCaptor.takeScreenshot(MobileScreenCaptor.java:109)
	at com.kms.katalon.core.mobile.keyword.builtin.TakeScreenshotKeyword$_takeScreenshot_closure1.doCall(TakeScreenshotKeyword.groovy:110)
	at com.kms.katalon.core.mobile.keyword.builtin.TakeScreenshotKeyword$_takeScreenshot_closure1.call(TakeScreenshotKeyword.groovy)
	at com.kms.katalon.core.mobile.keyword.internal.MobileKeywordMain.runKeyword(MobileKeywordMain.groovy:30)
	... 23 more


18-05-2025T09:29:09 - [TEST_STEP][ERROR] - takeScreenshot(ErrorScreen/$GlobalVariable.PLATFORM/$testCaseContext.getTestCaseId().png): com.kms.katalon.core.exception.StepFailedException: Unable to take screenshot
	at com.kms.katalon.core.mobile.keyword.internal.MobileKeywordMain.stepFailed(MobileKeywordMain.groovy:64)
	at com.kms.katalon.core.mobile.keyword.internal.MobileKeywordMain.runKeyword(MobileKeywordMain.groovy:34)
	at com.kms.katalon.core.mobile.keyword.builtin.TakeScreenshotKeyword.takeScreenshot(TakeScreenshotKeyword.groovy:94)
	at com.kms.katalon.core.mobile.keyword.builtin.TakeScreenshotKeyword.execute(TakeScreenshotKeyword.groovy:54)
	at com.kms.katalon.core.keyword.internal.KeywordExecutor.executeKeywordForPlatform(KeywordExecutor.groovy:74)
	at com.kms.katalon.core.mobile.keyword.MobileBuiltInKeywords.takeScreenshot(MobileBuiltInKeywords.groovy:218)
	at TestListener.afterTest(TestListener.groovy:45)
	at java.base/jdk.internal.reflect.NativeMethodAccessorImpl.invoke0(Native Method)
	at java.base/jdk.internal.reflect.NativeMethodAccessorImpl.invoke(NativeMethodAccessorImpl.java:77)
	at java.base/jdk.internal.reflect.DelegatingMethodAccessorImpl.invoke(DelegatingMethodAccessorImpl.java:43)
	at com.kms.katalon.core.context.internal.TestHooker.invokeMethod(TestHooker.java:111)
	at com.kms.katalon.core.context.internal.TestHooker.lambda$3(TestHooker.java:95)
	at com.kms.katalon.core.context.internal.TestHooker.invokeContextMethods(TestHooker.java:94)
	at com.kms.katalon.core.context.internal.TestListenerCollector.lambda$3(TestListenerCollector.java:88)
	at com.kms.katalon.core.context.internal.TestListenerCollector.handleListenerEvent(TestListenerCollector.java:85)
	at com.kms.katalon.core.context.internal.ExecutionEventManager.publicEvent(ExecutionEventManager.java:36)
	at com.kms.katalon.core.main.TestCaseExecutor.execute(TestCaseExecutor.java:315)
	at com.kms.katalon.core.common.CommonExecutor.accessTestCaseMainPhase(CommonExecutor.java:65)
	at com.kms.katalon.core.main.TestSuiteExecutor.accessTestSuiteMainPhase(TestSuiteExecutor.java:150)
	at com.kms.katalon.core.main.TestSuiteExecutor.execute(TestSuiteExecutor.java:106)
	at com.kms.katalon.core.main.TestCaseMain.startTestSuite(TestCaseMain.java:180)
	at TempTestSuite1747531571431.run(TempTestSuite1747531571431.groovy:35)
	at java.base/jdk.internal.reflect.NativeMethodAccessorImpl.invoke0(Native Method)
	at java.base/jdk.internal.reflect.NativeMethodAccessorImpl.invoke(NativeMethodAccessorImpl.java:77)
	at java.base/jdk.internal.reflect.DelegatingMethodAccessorImpl.invoke(DelegatingMethodAccessorImpl.java:43)
Caused by: org.openqa.selenium.WebDriverException: An unknown server-side error occurred while processing the command. Original error: 'GET /screenshot' cannot be proxied to UiAutomator2 server because the instrumentation process is not running (probably crashed). Check the server log and/or the logcat output for more details
Build info: version: '3.141.59', revision: 'unknown', time: 'unknown'
System info: host: '192.168.1.4.non-exists.ptr.local', ip: '2402:800:63f2:b9ce:1859:4296:77a1:a88d%en0', os.name: 'Mac OS X', os.arch: 'aarch64', os.version: '15.4.1', java.version: '17.0.7'
Driver info: com.kms.katalon.core.appium.driver.SwipeableAndroidDriver
Capabilities {automationName: UiAutomator2, databaseEnabled: false, desired: {automationName: UiAutomator2, deviceName: af0c5cf7, noReset: true, platformName: android, waitForIdleTimeout: 3000}, deviceApiLevel: 35, deviceManufacturer: OPPO, deviceModel: CPH2699, deviceName: af0c5cf7, deviceScreenDensity: 480, deviceScreenSize: 1080x2400, deviceUDID: af0c5cf7, javascriptEnabled: true, locationContextEnabled: false, networkConnectionEnabled: true, noReset: true, pixelRatio: 3, platform: LINUX, platformName: Android, platformVersion: 15, statBarHeight: 120, takesScreenshot: true, viewportRect: {height: 2280, left: 0, top: 120, width: 1080}, waitForIdleTimeout: 3000, warnings: {}, webStorageEnabled: false}
Session ID: c0c10e71-bfa6-42a0-bfc6-9e4517bcdaae
	at jdk.internal.reflect.GeneratedConstructorAccessor30.newInstance(Unknown Source)
	at java.base/jdk.internal.reflect.DelegatingConstructorAccessorImpl.newInstance(DelegatingConstructorAccessorImpl.java:45)
	at org.openqa.selenium.remote.http.W3CHttpResponseCodec.createException(W3CHttpResponseCodec.java:187)
	at org.openqa.selenium.remote.http.W3CHttpResponseCodec.decode(W3CHttpResponseCodec.java:122)
	at org.openqa.selenium.remote.http.W3CHttpResponseCodec.decode(W3CHttpResponseCodec.java:49)
	at org.openqa.selenium.remote.HttpCommandExecutor.execute(HttpCommandExecutor.java:158)
	at io.appium.java_client.remote.AppiumCommandExecutor.execute(AppiumCommandExecutor.java:239)
	at org.openqa.selenium.remote.RemoteWebDriver.execute(RemoteWebDriver.java:552)
	at io.appium.java_client.DefaultGenericMobileDriver.execute(DefaultGenericMobileDriver.java:46)
	at io.appium.java_client.AppiumDriver.execute(AppiumDriver.java:1)
	at io.appium.java_client.android.AndroidDriver.execute(AndroidDriver.java:1)
	at com.kms.katalon.core.appium.driver.SwipeableAndroidDriver.execute(SwipeableAndroidDriver.java:1)
	at org.openqa.selenium.remote.RemoteWebDriver.getScreenshotAs(RemoteWebDriver.java:295)
	at com.kms.katalon.core.mobile.helper.MobileScreenCaptor.takeScreenshot(MobileScreenCaptor.java:109)
	at com.kms.katalon.core.mobile.keyword.builtin.TakeScreenshotKeyword$_takeScreenshot_closure1.doCall(TakeScreenshotKeyword.groovy:110)
	at com.kms.katalon.core.mobile.keyword.builtin.TakeScreenshotKeyword$_takeScreenshot_closure1.call(TakeScreenshotKeyword.groovy)
	at com.kms.katalon.core.mobile.keyword.internal.MobileKeywordMain.runKeyword(MobileKeywordMain.groovy:30)
	... 23 more


18-05-2025T09:29:09 - [MESSAGE][FAILED] - Unable to take screenshot (Root cause: com.kms.katalon.core.exception.StepFailedException: Unable to take screenshot
	at com.kms.katalon.core.mobile.keyword.internal.MobileKeywordMain.stepFailed(MobileKeywordMain.groovy:64)
	at com.kms.katalon.core.mobile.keyword.internal.MobileKeywordMain.runKeyword(MobileKeywordMain.groovy:34)
	at com.kms.katalon.core.mobile.keyword.builtin.TakeScreenshotKeyword.takeScreenshot(TakeScreenshotKeyword.groovy:94)
	at com.kms.katalon.core.mobile.keyword.builtin.TakeScreenshotKeyword.execute(TakeScreenshotKeyword.groovy:54)
	at com.kms.katalon.core.keyword.internal.KeywordExecutor.executeKeywordForPlatform(KeywordExecutor.groovy:74)
	at com.kms.katalon.core.mobile.keyword.MobileBuiltInKeywords.takeScreenshot(MobileBuiltInKeywords.groovy:218)
	at TestListener.afterTest(TestListener.groovy:45)
	at java.base/jdk.internal.reflect.NativeMethodAccessorImpl.invoke0(Native Method)
	at java.base/jdk.internal.reflect.NativeMethodAccessorImpl.invoke(NativeMethodAccessorImpl.java:77)
	at java.base/jdk.internal.reflect.DelegatingMethodAccessorImpl.invoke(DelegatingMethodAccessorImpl.java:43)
	at com.kms.katalon.core.context.internal.TestHooker.invokeMethod(TestHooker.java:111)
	at com.kms.katalon.core.context.internal.TestHooker.lambda$3(TestHooker.java:95)
	at com.kms.katalon.core.context.internal.TestHooker.invokeContextMethods(TestHooker.java:94)
	at com.kms.katalon.core.context.internal.TestListenerCollector.lambda$3(TestListenerCollector.java:88)
	at com.kms.katalon.core.context.internal.TestListenerCollector.handleListenerEvent(TestListenerCollector.java:85)
	at com.kms.katalon.core.context.internal.ExecutionEventManager.publicEvent(ExecutionEventManager.java:36)
	at com.kms.katalon.core.main.TestCaseExecutor.execute(TestCaseExecutor.java:315)
	at com.kms.katalon.core.common.CommonExecutor.accessTestCaseMainPhase(CommonExecutor.java:65)
	at com.kms.katalon.core.main.TestSuiteExecutor.accessTestSuiteMainPhase(TestSuiteExecutor.java:150)
	at com.kms.katalon.core.main.TestSuiteExecutor.execute(TestSuiteExecutor.java:106)
	at com.kms.katalon.core.main.TestCaseMain.startTestSuite(TestCaseMain.java:180)
	at TempTestSuite1747531571431.run(TempTestSuite1747531571431.groovy:35)
	at java.base/jdk.internal.reflect.NativeMethodAccessorImpl.invoke0(Native Method)
	at java.base/jdk.internal.reflect.NativeMethodAccessorImpl.invoke(NativeMethodAccessorImpl.java:77)
	at java.base/jdk.internal.reflect.DelegatingMethodAccessorImpl.invoke(DelegatingMethodAccessorImpl.java:43)
Caused by: org.openqa.selenium.WebDriverException: An unknown server-side error occurred while processing the command. Original error: 'GET /screenshot' cannot be proxied to UiAutomator2 server because the instrumentation process is not running (probably crashed). Check the server log and/or the logcat output for more details
Build info: version: '3.141.59', revision: 'unknown', time: 'unknown'
System info: host: '192.168.1.4.non-exists.ptr.local', ip: '2402:800:63f2:b9ce:1859:4296:77a1:a88d%en0', os.name: 'Mac OS X', os.arch: 'aarch64', os.version: '15.4.1', java.version: '17.0.7'
Driver info: com.kms.katalon.core.appium.driver.SwipeableAndroidDriver
Capabilities {automationName: UiAutomator2, databaseEnabled: false, desired: {automationName: UiAutomator2, deviceName: af0c5cf7, noReset: true, platformName: android, waitForIdleTimeout: 3000}, deviceApiLevel: 35, deviceManufacturer: OPPO, deviceModel: CPH2699, deviceName: af0c5cf7, deviceScreenDensity: 480, deviceScreenSize: 1080x2400, deviceUDID: af0c5cf7, javascriptEnabled: true, locationContextEnabled: false, networkConnectionEnabled: true, noReset: true, pixelRatio: 3, platform: LINUX, platformName: Android, platformVersion: 15, statBarHeight: 120, takesScreenshot: true, viewportRect: {height: 2280, left: 0, top: 120, width: 1080}, waitForIdleTimeout: 3000, warnings: {}, webStorageEnabled: false}
Session ID: c0c10e71-bfa6-42a0-bfc6-9e4517bcdaae
	at jdk.internal.reflect.GeneratedConstructorAccessor30.newInstance(Unknown Source)
	at java.base/jdk.internal.reflect.DelegatingConstructorAccessorImpl.newInstance(DelegatingConstructorAccessorImpl.java:45)
	at org.openqa.selenium.remote.http.W3CHttpResponseCodec.createException(W3CHttpResponseCodec.java:187)
	at org.openqa.selenium.remote.http.W3CHttpResponseCodec.decode(W3CHttpResponseCodec.java:122)
	at org.openqa.selenium.remote.http.W3CHttpResponseCodec.decode(W3CHttpResponseCodec.java:49)
	at org.openqa.selenium.remote.HttpCommandExecutor.execute(HttpCommandExecutor.java:158)
	at io.appium.java_client.remote.AppiumCommandExecutor.execute(AppiumCommandExecutor.java:239)
	at org.openqa.selenium.remote.RemoteWebDriver.execute(RemoteWebDriver.java:552)
	at io.appium.java_client.DefaultGenericMobileDriver.execute(DefaultGenericMobileDriver.java:46)
	at io.appium.java_client.AppiumDriver.execute(AppiumDriver.java:1)
	at io.appium.java_client.android.AndroidDriver.execute(AndroidDriver.java:1)
	at com.kms.katalon.core.appium.driver.SwipeableAndroidDriver.execute(SwipeableAndroidDriver.java:1)
	at org.openqa.selenium.remote.RemoteWebDriver.getScreenshotAs(RemoteWebDriver.java:295)
	at com.kms.katalon.core.mobile.helper.MobileScreenCaptor.takeScreenshot(MobileScreenCaptor.java:109)
	at com.kms.katalon.core.mobile.keyword.builtin.TakeScreenshotKeyword$_takeScreenshot_closure1.doCall(TakeScreenshotKeyword.groovy:110)
	at com.kms.katalon.core.mobile.keyword.builtin.TakeScreenshotKeyword$_takeScreenshot_closure1.call(TakeScreenshotKeyword.groovy)
	at com.kms.katalon.core.mobile.keyword.internal.MobileKeywordMain.runKeyword(MobileKeywordMain.groovy:30)
	... 23 more
)

18-05-2025T09:29:09 - [MESSAGE][ERROR] - com.kms.katalon.core.exception.StepFailedException: Unable to take screenshot
	at com.kms.katalon.core.mobile.keyword.internal.MobileKeywordMain.stepFailed(MobileKeywordMain.groovy:64)
	at com.kms.katalon.core.mobile.keyword.internal.MobileKeywordMain.runKeyword(MobileKeywordMain.groovy:34)
	at com.kms.katalon.core.mobile.keyword.builtin.TakeScreenshotKeyword.takeScreenshot(TakeScreenshotKeyword.groovy:94)
	at com.kms.katalon.core.mobile.keyword.builtin.TakeScreenshotKeyword.execute(TakeScreenshotKeyword.groovy:54)
	at com.kms.katalon.core.keyword.internal.KeywordExecutor.executeKeywordForPlatform(KeywordExecutor.groovy:74)
	at com.kms.katalon.core.mobile.keyword.MobileBuiltInKeywords.takeScreenshot(MobileBuiltInKeywords.groovy:218)
	at TestListener.afterTest(TestListener.groovy:45)
	at java.base/jdk.internal.reflect.NativeMethodAccessorImpl.invoke0(Native Method)
	at java.base/jdk.internal.reflect.NativeMethodAccessorImpl.invoke(NativeMethodAccessorImpl.java:77)
	at java.base/jdk.internal.reflect.DelegatingMethodAccessorImpl.invoke(DelegatingMethodAccessorImpl.java:43)
	at com.kms.katalon.core.context.internal.TestHooker.invokeMethod(TestHooker.java:111)
	at com.kms.katalon.core.context.internal.TestHooker.lambda$3(TestHooker.java:95)
	at com.kms.katalon.core.context.internal.TestHooker.invokeContextMethods(TestHooker.java:94)
	at com.kms.katalon.core.context.internal.TestListenerCollector.lambda$3(TestListenerCollector.java:88)
	at com.kms.katalon.core.context.internal.TestListenerCollector.handleListenerEvent(TestListenerCollector.java:85)
	at com.kms.katalon.core.context.internal.ExecutionEventManager.publicEvent(ExecutionEventManager.java:36)
	at com.kms.katalon.core.main.TestCaseExecutor.execute(TestCaseExecutor.java:315)
	at com.kms.katalon.core.common.CommonExecutor.accessTestCaseMainPhase(CommonExecutor.java:65)
	at com.kms.katalon.core.main.TestSuiteExecutor.accessTestSuiteMainPhase(TestSuiteExecutor.java:150)
	at com.kms.katalon.core.main.TestSuiteExecutor.execute(TestSuiteExecutor.java:106)
	at com.kms.katalon.core.main.TestCaseMain.startTestSuite(TestCaseMain.java:180)
	at TempTestSuite1747531571431.run(TempTestSuite1747531571431.groovy:35)
	at java.base/jdk.internal.reflect.NativeMethodAccessorImpl.invoke0(Native Method)
	at java.base/jdk.internal.reflect.NativeMethodAccessorImpl.invoke(NativeMethodAccessorImpl.java:77)
	at java.base/jdk.internal.reflect.DelegatingMethodAccessorImpl.invoke(DelegatingMethodAccessorImpl.java:43)
Caused by: org.openqa.selenium.WebDriverException: An unknown server-side error occurred while processing the command. Original error: 'GET /screenshot' cannot be proxied to UiAutomator2 server because the instrumentation process is not running (probably crashed). Check the server log and/or the logcat output for more details
Build info: version: '3.141.59', revision: 'unknown', time: 'unknown'
System info: host: '192.168.1.4.non-exists.ptr.local', ip: '2402:800:63f2:b9ce:1859:4296:77a1:a88d%en0', os.name: 'Mac OS X', os.arch: 'aarch64', os.version: '15.4.1', java.version: '17.0.7'
Driver info: com.kms.katalon.core.appium.driver.SwipeableAndroidDriver
Capabilities {automationName: UiAutomator2, databaseEnabled: false, desired: {automationName: UiAutomator2, deviceName: af0c5cf7, noReset: true, platformName: android, waitForIdleTimeout: 3000}, deviceApiLevel: 35, deviceManufacturer: OPPO, deviceModel: CPH2699, deviceName: af0c5cf7, deviceScreenDensity: 480, deviceScreenSize: 1080x2400, deviceUDID: af0c5cf7, javascriptEnabled: true, locationContextEnabled: false, networkConnectionEnabled: true, noReset: true, pixelRatio: 3, platform: LINUX, platformName: Android, platformVersion: 15, statBarHeight: 120, takesScreenshot: true, viewportRect: {height: 2280, left: 0, top: 120, width: 1080}, waitForIdleTimeout: 3000, warnings: {}, webStorageEnabled: false}
Session ID: c0c10e71-bfa6-42a0-bfc6-9e4517bcdaae
	at jdk.internal.reflect.GeneratedConstructorAccessor30.newInstance(Unknown Source)
	at java.base/jdk.internal.reflect.DelegatingConstructorAccessorImpl.newInstance(DelegatingConstructorAccessorImpl.java:45)
	at org.openqa.selenium.remote.http.W3CHttpResponseCodec.createException(W3CHttpResponseCodec.java:187)
	at org.openqa.selenium.remote.http.W3CHttpResponseCodec.decode(W3CHttpResponseCodec.java:122)
	at org.openqa.selenium.remote.http.W3CHttpResponseCodec.decode(W3CHttpResponseCodec.java:49)
	at org.openqa.selenium.remote.HttpCommandExecutor.execute(HttpCommandExecutor.java:158)
	at io.appium.java_client.remote.AppiumCommandExecutor.execute(AppiumCommandExecutor.java:239)
	at org.openqa.selenium.remote.RemoteWebDriver.execute(RemoteWebDriver.java:552)
	at io.appium.java_client.DefaultGenericMobileDriver.execute(DefaultGenericMobileDriver.java:46)
	at io.appium.java_client.AppiumDriver.execute(AppiumDriver.java:1)
	at io.appium.java_client.android.AndroidDriver.execute(AndroidDriver.java:1)
	at com.kms.katalon.core.appium.driver.SwipeableAndroidDriver.execute(SwipeableAndroidDriver.java:1)
	at org.openqa.selenium.remote.RemoteWebDriver.getScreenshotAs(RemoteWebDriver.java:295)
	at com.kms.katalon.core.mobile.helper.MobileScreenCaptor.takeScreenshot(MobileScreenCaptor.java:109)
	at com.kms.katalon.core.mobile.keyword.builtin.TakeScreenshotKeyword$_takeScreenshot_closure1.doCall(TakeScreenshotKeyword.groovy:110)
	at com.kms.katalon.core.mobile.keyword.builtin.TakeScreenshotKeyword$_takeScreenshot_closure1.call(TakeScreenshotKeyword.groovy)
	at com.kms.katalon.core.mobile.keyword.internal.MobileKeywordMain.runKeyword(MobileKeywordMain.groovy:30)
	... 23 more]]></system-out>
         <system-err><![CDATA[18-05-2025T09:29:08 - [TEST_CASE][ERROR] - Test Cases/IPAPER APP/038 LAY Y KIEN NHANH_NHAP Y KIEN: Test Cases/IPAPER APP/038 LAY Y KIEN NHANH_NHAP Y KIEN FAILED.
Reason:
org.openqa.selenium.WebDriverException: An unknown server-side error occurred while processing the command. Original error: 'POST /elements' cannot be proxied to UiAutomator2 server because the instrumentation process is not running (probably crashed). Check the server log and/or the logcat output for more details
Build info: version: '3.141.59', revision: 'unknown', time: 'unknown'
System info: host: '192.168.1.4.non-exists.ptr.local', ip: '2402:800:63f2:b9ce:1859:4296:77a1:a88d%en0', os.name: 'Mac OS X', os.arch: 'aarch64', os.version: '15.4.1', java.version: '17.0.7'
Driver info: com.kms.katalon.core.appium.driver.SwipeableAndroidDriver
Capabilities {automationName: UiAutomator2, databaseEnabled: false, desired: {automationName: UiAutomator2, deviceName: af0c5cf7, noReset: true, platformName: android, waitForIdleTimeout: 3000}, deviceApiLevel: 35, deviceManufacturer: OPPO, deviceModel: CPH2699, deviceName: af0c5cf7, deviceScreenDensity: 480, deviceScreenSize: 1080x2400, deviceUDID: af0c5cf7, javascriptEnabled: true, locationContextEnabled: false, networkConnectionEnabled: true, noReset: true, pixelRatio: 3, platform: LINUX, platformName: Android, platformVersion: 15, statBarHeight: 120, takesScreenshot: true, viewportRect: {height: 2280, left: 0, top: 120, width: 1080}, waitForIdleTimeout: 3000, warnings: {}, webStorageEnabled: false}
Session ID: c0c10e71-bfa6-42a0-bfc6-9e4517bcdaae
*** Element info: {Using=xpath, value=//android.widget.EditText[@resource-id='com.hdbank.ipaper:id/edit_text_user_name']}
	at jdk.internal.reflect.GeneratedConstructorAccessor30.newInstance(Unknown Source)
	at java.base/jdk.internal.reflect.DelegatingConstructorAccessorImpl.newInstance(DelegatingConstructorAccessorImpl.java:45)
	at org.openqa.selenium.remote.http.W3CHttpResponseCodec.createException(W3CHttpResponseCodec.java:187)
	at org.openqa.selenium.remote.http.W3CHttpResponseCodec.decode(W3CHttpResponseCodec.java:122)
	at org.openqa.selenium.remote.http.W3CHttpResponseCodec.decode(W3CHttpResponseCodec.java:49)
	at org.openqa.selenium.remote.HttpCommandExecutor.execute(HttpCommandExecutor.java:158)
	at io.appium.java_client.remote.AppiumCommandExecutor.execute(AppiumCommandExecutor.java:239)
	at org.openqa.selenium.remote.RemoteWebDriver.execute(RemoteWebDriver.java:552)
	at io.appium.java_client.DefaultGenericMobileDriver.execute(DefaultGenericMobileDriver.java:42)
	at io.appium.java_client.AppiumDriver.execute(AppiumDriver.java:1)
	at io.appium.java_client.android.AndroidDriver.execute(AndroidDriver.java:1)
	at com.kms.katalon.core.appium.driver.SwipeableAndroidDriver.execute(SwipeableAndroidDriver.java:1)
	at org.openqa.selenium.remote.RemoteWebDriver.findElements(RemoteWebDriver.java:353)
	at io.appium.java_client.DefaultGenericMobileDriver.findElements(DefaultGenericMobileDriver.java:54)
	at io.appium.java_client.AppiumDriver.findElements(AppiumDriver.java:152)
	at org.openqa.selenium.remote.RemoteWebDriver.findElementsByXPath(RemoteWebDriver.java:432)
	at io.appium.java_client.DefaultGenericMobileDriver.findElementsByXPath(DefaultGenericMobileDriver.java:156)
	at io.appium.java_client.AppiumDriver.findElementsByXPath(AppiumDriver.java:184)
	at org.openqa.selenium.By$ByXPath.findElements(By.java:348)
	at org.openqa.selenium.remote.RemoteWebDriver.findElements(RemoteWebDriver.java:311)
	at io.appium.java_client.DefaultGenericMobileDriver.findElements(DefaultGenericMobileDriver.java:50)
	at io.appium.java_client.AppiumDriver.findElements(AppiumDriver.java:148)
	at base.BaseKeyword$Trait$Helper.isDisplayed(BaseKeyword.groovy:234)
	at screens.LoginScreen.isDisplayed(LoginScreen.groovy)
	at base.BaseKeyword$Trait$Helper.isDisplayed(BaseKeyword.groovy:229)
	at screens.LoginScreen.isDisplayed(LoginScreen.groovy)
	at screens.LoginScreen.isGuest(LoginScreen.groovy:34)
	at screens.LoginScreen.login(LoginScreen.groovy:10)
	at 038 LAY Y KIEN NHANH_NHAP Y KIEN.run(038 LAY Y KIEN NHANH_NHAP Y KIEN:23)
	at com.kms.katalon.core.main.ScriptEngine.run(ScriptEngine.java:194)
	at com.kms.katalon.core.main.ScriptEngine.runScriptAsRawText(ScriptEngine.java:119)
	at com.kms.katalon.core.main.TestCaseExecutor.runScript(TestCaseExecutor.java:448)
	at com.kms.katalon.core.main.TestCaseExecutor.doExecute(TestCaseExecutor.java:439)
	at com.kms.katalon.core.main.TestCaseExecutor.processExecutionPhase(TestCaseExecutor.java:418)
	at com.kms.katalon.core.main.TestCaseExecutor.accessMainPhase(TestCaseExecutor.java:410)
	at com.kms.katalon.core.main.TestCaseExecutor.execute(TestCaseExecutor.java:285)
	at com.kms.katalon.core.common.CommonExecutor.accessTestCaseMainPhase(CommonExecutor.java:65)
	at com.kms.katalon.core.main.TestSuiteExecutor.accessTestSuiteMainPhase(TestSuiteExecutor.java:150)
	at com.kms.katalon.core.main.TestSuiteExecutor.execute(TestSuiteExecutor.java:106)
	at com.kms.katalon.core.main.TestCaseMain.startTestSuite(TestCaseMain.java:180)
	at TempTestSuite1747531571431.run(TempTestSuite1747531571431.groovy:35)
	at java.base/jdk.internal.reflect.NativeMethodAccessorImpl.invoke0(Native Method)
	at java.base/jdk.internal.reflect.NativeMethodAccessorImpl.invoke(NativeMethodAccessorImpl.java:77)
	at java.base/jdk.internal.reflect.DelegatingMethodAccessorImpl.invoke(DelegatingMethodAccessorImpl.java:43)]]></system-err>
      </testcase>
      <testcase name="Test Cases/IPAPER APP/024 TRA VE CHI TIET_NHAP Y KIEN" time="0.307" classname="Test Cases/IPAPER APP/024 TRA VE CHI TIET_NHAP Y KIEN" status="ERROR">
         <error type="ERROR" message="Test Cases/IPAPER APP/024 TRA VE CHI TIET_NHAP Y KIEN FAILED.&#xa;Reason:&#xa;org.openqa.selenium.WebDriverException: An unknown server-side error occurred while processing the command. Original error: 'POST /elements' cannot be proxied to UiAutomator2 server because the instrumentation process is not running (probably crashed). Check the server log and/or the logcat output for more details&#xa;Build info: version: '3.141.59', revision: 'unknown', time: 'unknown'&#xa;System info: host: '192.168.1.4.non-exists.ptr.local', ip: '2402:800:63f2:b9ce:1859:4296:77a1:a88d%en0', os.name: 'Mac OS X', os.arch: 'aarch64', os.version: '15.4.1', java.version: '17.0.7'&#xa;Driver info: com.kms.katalon.core.appium.driver.SwipeableAndroidDriver&#xa;Capabilities {automationName: UiAutomator2, databaseEnabled: false, desired: {automationName: UiAutomator2, deviceName: af0c5cf7, noReset: true, platformName: android, waitForIdleTimeout: 3000}, deviceApiLevel: 35, deviceManufacturer: OPPO, deviceModel: CPH2699, deviceName: af0c5cf7, deviceScreenDensity: 480, deviceScreenSize: 1080x2400, deviceUDID: af0c5cf7, javascriptEnabled: true, locationContextEnabled: false, networkConnectionEnabled: true, noReset: true, pixelRatio: 3, platform: LINUX, platformName: Android, platformVersion: 15, statBarHeight: 120, takesScreenshot: true, viewportRect: {height: 2280, left: 0, top: 120, width: 1080}, waitForIdleTimeout: 3000, warnings: {}, webStorageEnabled: false}&#xa;Session ID: c0c10e71-bfa6-42a0-bfc6-9e4517bcdaae&#xa;*** Element info: {Using=xpath, value=//android.widget.EditText[@resource-id='com.hdbank.ipaper:id/edit_text_user_name']}&#xa;	at jdk.internal.reflect.GeneratedConstructorAccessor30.newInstance(Unknown Source)&#xa;	at java.base/jdk.internal.reflect.DelegatingConstructorAccessorImpl.newInstance(DelegatingConstructorAccessorImpl.java:45)&#xa;	at org.openqa.selenium.remote.http.W3CHttpResponseCodec.createException(W3CHttpResponseCodec.java:187)&#xa;	at org.openqa.selenium.remote.http.W3CHttpResponseCodec.decode(W3CHttpResponseCodec.java:122)&#xa;	at org.openqa.selenium.remote.http.W3CHttpResponseCodec.decode(W3CHttpResponseCodec.java:49)&#xa;	at org.openqa.selenium.remote.HttpCommandExecutor.execute(HttpCommandExecutor.java:158)&#xa;	at io.appium.java_client.remote.AppiumCommandExecutor.execute(AppiumCommandExecutor.java:239)&#xa;	at org.openqa.selenium.remote.RemoteWebDriver.execute(RemoteWebDriver.java:552)&#xa;	at io.appium.java_client.DefaultGenericMobileDriver.execute(DefaultGenericMobileDriver.java:42)&#xa;	at io.appium.java_client.AppiumDriver.execute(AppiumDriver.java:1)&#xa;	at io.appium.java_client.android.AndroidDriver.execute(AndroidDriver.java:1)&#xa;	at com.kms.katalon.core.appium.driver.SwipeableAndroidDriver.execute(SwipeableAndroidDriver.java:1)&#xa;	at org.openqa.selenium.remote.RemoteWebDriver.findElements(RemoteWebDriver.java:353)&#xa;	at io.appium.java_client.DefaultGenericMobileDriver.findElements(DefaultGenericMobileDriver.java:54)&#xa;	at io.appium.java_client.AppiumDriver.findElements(AppiumDriver.java:152)&#xa;	at org.openqa.selenium.remote.RemoteWebDriver.findElementsByXPath(RemoteWebDriver.java:432)&#xa;	at io.appium.java_client.DefaultGenericMobileDriver.findElementsByXPath(DefaultGenericMobileDriver.java:156)&#xa;	at io.appium.java_client.AppiumDriver.findElementsByXPath(AppiumDriver.java:184)&#xa;	at org.openqa.selenium.By$ByXPath.findElements(By.java:348)&#xa;	at org.openqa.selenium.remote.RemoteWebDriver.findElements(RemoteWebDriver.java:311)&#xa;	at io.appium.java_client.DefaultGenericMobileDriver.findElements(DefaultGenericMobileDriver.java:50)&#xa;	at io.appium.java_client.AppiumDriver.findElements(AppiumDriver.java:148)&#xa;	at base.BaseKeyword$Trait$Helper.isDisplayed(BaseKeyword.groovy:234)&#xa;	at screens.LoginScreen.isDisplayed(LoginScreen.groovy)&#xa;	at base.BaseKeyword$Trait$Helper.isDisplayed(BaseKeyword.groovy:229)&#xa;	at screens.LoginScreen.isDisplayed(LoginScreen.groovy)&#xa;	at screens.LoginScreen.isGuest(LoginScreen.groovy:34)&#xa;	at screens.LoginScreen.login(LoginScreen.groovy:10)&#xa;	at 024 TRA VE CHI TIET_NHAP Y KIEN.run(024 TRA VE CHI TIET_NHAP Y KIEN:18)&#xa;	at com.kms.katalon.core.main.ScriptEngine.run(ScriptEngine.java:194)&#xa;	at com.kms.katalon.core.main.ScriptEngine.runScriptAsRawText(ScriptEngine.java:119)&#xa;	at com.kms.katalon.core.main.TestCaseExecutor.runScript(TestCaseExecutor.java:448)&#xa;	at com.kms.katalon.core.main.TestCaseExecutor.doExecute(TestCaseExecutor.java:439)&#xa;	at com.kms.katalon.core.main.TestCaseExecutor.processExecutionPhase(TestCaseExecutor.java:418)&#xa;	at com.kms.katalon.core.main.TestCaseExecutor.accessMainPhase(TestCaseExecutor.java:410)&#xa;	at com.kms.katalon.core.main.TestCaseExecutor.execute(TestCaseExecutor.java:285)&#xa;	at com.kms.katalon.core.common.CommonExecutor.accessTestCaseMainPhase(CommonExecutor.java:65)&#xa;	at com.kms.katalon.core.main.TestSuiteExecutor.accessTestSuiteMainPhase(TestSuiteExecutor.java:150)&#xa;	at com.kms.katalon.core.main.TestSuiteExecutor.execute(TestSuiteExecutor.java:106)&#xa;	at com.kms.katalon.core.main.TestCaseMain.startTestSuite(TestCaseMain.java:180)&#xa;	at TempTestSuite1747531571431.run(TempTestSuite1747531571431.groovy:35)&#xa;	at java.base/jdk.internal.reflect.NativeMethodAccessorImpl.invoke0(Native Method)&#xa;	at java.base/jdk.internal.reflect.NativeMethodAccessorImpl.invoke(NativeMethodAccessorImpl.java:77)&#xa;	at java.base/jdk.internal.reflect.DelegatingMethodAccessorImpl.invoke(DelegatingMethodAccessorImpl.java:43)&#xa;"/>
         <system-out><![CDATA[18-05-2025T09:29:09 - [TEST_CASE][ERROR] - Test Cases/IPAPER APP/024 TRA VE CHI TIET_NHAP Y KIEN: Test Cases/IPAPER APP/024 TRA VE CHI TIET_NHAP Y KIEN FAILED.
Reason:
org.openqa.selenium.WebDriverException: An unknown server-side error occurred while processing the command. Original error: 'POST /elements' cannot be proxied to UiAutomator2 server because the instrumentation process is not running (probably crashed). Check the server log and/or the logcat output for more details
Build info: version: '3.141.59', revision: 'unknown', time: 'unknown'
System info: host: '192.168.1.4.non-exists.ptr.local', ip: '2402:800:63f2:b9ce:1859:4296:77a1:a88d%en0', os.name: 'Mac OS X', os.arch: 'aarch64', os.version: '15.4.1', java.version: '17.0.7'
Driver info: com.kms.katalon.core.appium.driver.SwipeableAndroidDriver
Capabilities {automationName: UiAutomator2, databaseEnabled: false, desired: {automationName: UiAutomator2, deviceName: af0c5cf7, noReset: true, platformName: android, waitForIdleTimeout: 3000}, deviceApiLevel: 35, deviceManufacturer: OPPO, deviceModel: CPH2699, deviceName: af0c5cf7, deviceScreenDensity: 480, deviceScreenSize: 1080x2400, deviceUDID: af0c5cf7, javascriptEnabled: true, locationContextEnabled: false, networkConnectionEnabled: true, noReset: true, pixelRatio: 3, platform: LINUX, platformName: Android, platformVersion: 15, statBarHeight: 120, takesScreenshot: true, viewportRect: {height: 2280, left: 0, top: 120, width: 1080}, waitForIdleTimeout: 3000, warnings: {}, webStorageEnabled: false}
Session ID: c0c10e71-bfa6-42a0-bfc6-9e4517bcdaae
*** Element info: {Using=xpath, value=//android.widget.EditText[@resource-id='com.hdbank.ipaper:id/edit_text_user_name']}
	at jdk.internal.reflect.GeneratedConstructorAccessor30.newInstance(Unknown Source)
	at java.base/jdk.internal.reflect.DelegatingConstructorAccessorImpl.newInstance(DelegatingConstructorAccessorImpl.java:45)
	at org.openqa.selenium.remote.http.W3CHttpResponseCodec.createException(W3CHttpResponseCodec.java:187)
	at org.openqa.selenium.remote.http.W3CHttpResponseCodec.decode(W3CHttpResponseCodec.java:122)
	at org.openqa.selenium.remote.http.W3CHttpResponseCodec.decode(W3CHttpResponseCodec.java:49)
	at org.openqa.selenium.remote.HttpCommandExecutor.execute(HttpCommandExecutor.java:158)
	at io.appium.java_client.remote.AppiumCommandExecutor.execute(AppiumCommandExecutor.java:239)
	at org.openqa.selenium.remote.RemoteWebDriver.execute(RemoteWebDriver.java:552)
	at io.appium.java_client.DefaultGenericMobileDriver.execute(DefaultGenericMobileDriver.java:42)
	at io.appium.java_client.AppiumDriver.execute(AppiumDriver.java:1)
	at io.appium.java_client.android.AndroidDriver.execute(AndroidDriver.java:1)
	at com.kms.katalon.core.appium.driver.SwipeableAndroidDriver.execute(SwipeableAndroidDriver.java:1)
	at org.openqa.selenium.remote.RemoteWebDriver.findElements(RemoteWebDriver.java:353)
	at io.appium.java_client.DefaultGenericMobileDriver.findElements(DefaultGenericMobileDriver.java:54)
	at io.appium.java_client.AppiumDriver.findElements(AppiumDriver.java:152)
	at org.openqa.selenium.remote.RemoteWebDriver.findElementsByXPath(RemoteWebDriver.java:432)
	at io.appium.java_client.DefaultGenericMobileDriver.findElementsByXPath(DefaultGenericMobileDriver.java:156)
	at io.appium.java_client.AppiumDriver.findElementsByXPath(AppiumDriver.java:184)
	at org.openqa.selenium.By$ByXPath.findElements(By.java:348)
	at org.openqa.selenium.remote.RemoteWebDriver.findElements(RemoteWebDriver.java:311)
	at io.appium.java_client.DefaultGenericMobileDriver.findElements(DefaultGenericMobileDriver.java:50)
	at io.appium.java_client.AppiumDriver.findElements(AppiumDriver.java:148)
	at base.BaseKeyword$Trait$Helper.isDisplayed(BaseKeyword.groovy:234)
	at screens.LoginScreen.isDisplayed(LoginScreen.groovy)
	at base.BaseKeyword$Trait$Helper.isDisplayed(BaseKeyword.groovy:229)
	at screens.LoginScreen.isDisplayed(LoginScreen.groovy)
	at screens.LoginScreen.isGuest(LoginScreen.groovy:34)
	at screens.LoginScreen.login(LoginScreen.groovy:10)
	at 024 TRA VE CHI TIET_NHAP Y KIEN.run(024 TRA VE CHI TIET_NHAP Y KIEN:18)
	at com.kms.katalon.core.main.ScriptEngine.run(ScriptEngine.java:194)
	at com.kms.katalon.core.main.ScriptEngine.runScriptAsRawText(ScriptEngine.java:119)
	at com.kms.katalon.core.main.TestCaseExecutor.runScript(TestCaseExecutor.java:448)
	at com.kms.katalon.core.main.TestCaseExecutor.doExecute(TestCaseExecutor.java:439)
	at com.kms.katalon.core.main.TestCaseExecutor.processExecutionPhase(TestCaseExecutor.java:418)
	at com.kms.katalon.core.main.TestCaseExecutor.accessMainPhase(TestCaseExecutor.java:410)
	at com.kms.katalon.core.main.TestCaseExecutor.execute(TestCaseExecutor.java:285)
	at com.kms.katalon.core.common.CommonExecutor.accessTestCaseMainPhase(CommonExecutor.java:65)
	at com.kms.katalon.core.main.TestSuiteExecutor.accessTestSuiteMainPhase(TestSuiteExecutor.java:150)
	at com.kms.katalon.core.main.TestSuiteExecutor.execute(TestSuiteExecutor.java:106)
	at com.kms.katalon.core.main.TestCaseMain.startTestSuite(TestCaseMain.java:180)
	at TempTestSuite1747531571431.run(TempTestSuite1747531571431.groovy:35)
	at java.base/jdk.internal.reflect.NativeMethodAccessorImpl.invoke0(Native Method)
	at java.base/jdk.internal.reflect.NativeMethodAccessorImpl.invoke(NativeMethodAccessorImpl.java:77)
	at java.base/jdk.internal.reflect.DelegatingMethodAccessorImpl.invoke(DelegatingMethodAccessorImpl.java:43)


18-05-2025T09:29:09 - [TEST_STEP][ERROR] - Start listener action : beforeTest: com.kms.katalon.core.exception.StepErrorException: org.openqa.selenium.WebDriverException: An unknown server-side error occurred while processing the command. Original error: 'POST /elements' cannot be proxied to UiAutomator2 server because the instrumentation process is not running (probably crashed). Check the server log and/or the logcat output for more details
Build info: version: '3.141.59', revision: 'unknown', time: 'unknown'
System info: host: '192.168.1.4.non-exists.ptr.local', ip: '2402:800:63f2:b9ce:1859:4296:77a1:a88d%en0', os.name: 'Mac OS X', os.arch: 'aarch64', os.version: '15.4.1', java.version: '17.0.7'
Driver info: com.kms.katalon.core.appium.driver.SwipeableAndroidDriver
Capabilities {automationName: UiAutomator2, databaseEnabled: false, desired: {automationName: UiAutomator2, deviceName: af0c5cf7, noReset: true, platformName: android, waitForIdleTimeout: 3000}, deviceApiLevel: 35, deviceManufacturer: OPPO, deviceModel: CPH2699, deviceName: af0c5cf7, deviceScreenDensity: 480, deviceScreenSize: 1080x2400, deviceUDID: af0c5cf7, javascriptEnabled: true, locationContextEnabled: false, networkConnectionEnabled: true, noReset: true, pixelRatio: 3, platform: LINUX, platformName: Android, platformVersion: 15, statBarHeight: 120, takesScreenshot: true, viewportRect: {height: 2280, left: 0, top: 120, width: 1080}, waitForIdleTimeout: 3000, warnings: {}, webStorageEnabled: false}
Session ID: c0c10e71-bfa6-42a0-bfc6-9e4517bcdaae
*** Element info: {Using=id, value=com.hdbank.ipaper:id/img_logo}
	at com.kms.katalon.core.main.CustomKeywordDelegatingMetaClass.throwError(CustomKeywordDelegatingMetaClass.java:101)
	at com.kms.katalon.core.main.CustomKeywordDelegatingMetaClass.invokeStaticMethod(CustomKeywordDelegatingMetaClass.java:73)
	at TestListener.beforeTest(TestListener.groovy:39)
	at java.base/jdk.internal.reflect.NativeMethodAccessorImpl.invoke0(Native Method)
	at java.base/jdk.internal.reflect.NativeMethodAccessorImpl.invoke(NativeMethodAccessorImpl.java:77)
	at java.base/jdk.internal.reflect.DelegatingMethodAccessorImpl.invoke(DelegatingMethodAccessorImpl.java:43)
	at com.kms.katalon.core.context.internal.TestHooker.invokeMethod(TestHooker.java:111)
	at com.kms.katalon.core.context.internal.TestHooker.lambda$3(TestHooker.java:95)
	at com.kms.katalon.core.context.internal.TestHooker.invokeContextMethods(TestHooker.java:94)
	at com.kms.katalon.core.context.internal.TestListenerCollector.lambda$3(TestListenerCollector.java:88)
	at com.kms.katalon.core.context.internal.TestListenerCollector.handleListenerEvent(TestListenerCollector.java:85)
	at com.kms.katalon.core.context.internal.ExecutionEventManager.publicEvent(ExecutionEventManager.java:36)
	at com.kms.katalon.core.main.TestCaseExecutor.execute(TestCaseExecutor.java:268)
	at com.kms.katalon.core.common.CommonExecutor.accessTestCaseMainPhase(CommonExecutor.java:65)
	at com.kms.katalon.core.main.TestSuiteExecutor.accessTestSuiteMainPhase(TestSuiteExecutor.java:150)
	at com.kms.katalon.core.main.TestSuiteExecutor.execute(TestSuiteExecutor.java:106)
	at com.kms.katalon.core.main.TestCaseMain.startTestSuite(TestCaseMain.java:180)
	at TempTestSuite1747531571431.run(TempTestSuite1747531571431.groovy:35)
	at java.base/jdk.internal.reflect.NativeMethodAccessorImpl.invoke0(Native Method)
	at java.base/jdk.internal.reflect.NativeMethodAccessorImpl.invoke(NativeMethodAccessorImpl.java:77)
	at java.base/jdk.internal.reflect.DelegatingMethodAccessorImpl.invoke(DelegatingMethodAccessorImpl.java:43)
Caused by: org.openqa.selenium.WebDriverException: An unknown server-side error occurred while processing the command. Original error: 'POST /elements' cannot be proxied to UiAutomator2 server because the instrumentation process is not running (probably crashed). Check the server log and/or the logcat output for more details
Build info: version: '3.141.59', revision: 'unknown', time: 'unknown'
System info: host: '192.168.1.4.non-exists.ptr.local', ip: '2402:800:63f2:b9ce:1859:4296:77a1:a88d%en0', os.name: 'Mac OS X', os.arch: 'aarch64', os.version: '15.4.1', java.version: '17.0.7'
Driver info: com.kms.katalon.core.appium.driver.SwipeableAndroidDriver
Capabilities {automationName: UiAutomator2, databaseEnabled: false, desired: {automationName: UiAutomator2, deviceName: af0c5cf7, noReset: true, platformName: android, waitForIdleTimeout: 3000}, deviceApiLevel: 35, deviceManufacturer: OPPO, deviceModel: CPH2699, deviceName: af0c5cf7, deviceScreenDensity: 480, deviceScreenSize: 1080x2400, deviceUDID: af0c5cf7, javascriptEnabled: true, locationContextEnabled: false, networkConnectionEnabled: true, noReset: true, pixelRatio: 3, platform: LINUX, platformName: Android, platformVersion: 15, statBarHeight: 120, takesScreenshot: true, viewportRect: {height: 2280, left: 0, top: 120, width: 1080}, waitForIdleTimeout: 3000, warnings: {}, webStorageEnabled: false}
Session ID: c0c10e71-bfa6-42a0-bfc6-9e4517bcdaae
*** Element info: {Using=id, value=com.hdbank.ipaper:id/img_logo}
	at jdk.internal.reflect.GeneratedConstructorAccessor30.newInstance(Unknown Source)
	at java.base/jdk.internal.reflect.DelegatingConstructorAccessorImpl.newInstance(DelegatingConstructorAccessorImpl.java:45)
	at org.openqa.selenium.remote.http.W3CHttpResponseCodec.createException(W3CHttpResponseCodec.java:187)
	at org.openqa.selenium.remote.http.W3CHttpResponseCodec.decode(W3CHttpResponseCodec.java:122)
	at org.openqa.selenium.remote.http.W3CHttpResponseCodec.decode(W3CHttpResponseCodec.java:49)
	at org.openqa.selenium.remote.HttpCommandExecutor.execute(HttpCommandExecutor.java:158)
	at io.appium.java_client.remote.AppiumCommandExecutor.execute(AppiumCommandExecutor.java:239)
	at org.openqa.selenium.remote.RemoteWebDriver.execute(RemoteWebDriver.java:552)
	at io.appium.java_client.DefaultGenericMobileDriver.execute(DefaultGenericMobileDriver.java:42)
	at io.appium.java_client.AppiumDriver.execute(AppiumDriver.java:1)
	at io.appium.java_client.android.AndroidDriver.execute(AndroidDriver.java:1)
	at com.kms.katalon.core.appium.driver.SwipeableAndroidDriver.execute(SwipeableAndroidDriver.java:1)
	at org.openqa.selenium.remote.RemoteWebDriver.findElements(RemoteWebDriver.java:353)
	at io.appium.java_client.DefaultGenericMobileDriver.findElements(DefaultGenericMobileDriver.java:54)
	at io.appium.java_client.AppiumDriver.findElements(AppiumDriver.java:152)
	at org.openqa.selenium.remote.RemoteWebDriver.findElementsById(RemoteWebDriver.java:376)
	at io.appium.java_client.DefaultGenericMobileDriver.findElementsById(DefaultGenericMobileDriver.java:66)
	at io.appium.java_client.AppiumDriver.findElementsById(AppiumDriver.java:156)
	at org.openqa.selenium.By$ById.findElements(By.java:180)
	at org.openqa.selenium.remote.RemoteWebDriver.findElements(RemoteWebDriver.java:311)
	at io.appium.java_client.DefaultGenericMobileDriver.findElements(DefaultGenericMobileDriver.java:50)
	at io.appium.java_client.AppiumDriver.findElements(AppiumDriver.java:148)
	at base.BaseKeyword$Trait$Helper$_waitForPresentOf_closure1.doCall(BaseKeyword.groovy:253)
	at jdk.internal.reflect.GeneratedMethodAccessor8.invoke(Unknown Source)
	at java.base/jdk.internal.reflect.DelegatingMethodAccessorImpl.invoke(DelegatingMethodAccessorImpl.java:43)
	at jdk.proxy2/jdk.proxy2.$Proxy34.apply(Unknown Source)
	at org.openqa.selenium.support.ui.FluentWait.until(FluentWait.java:249)
	at base.BaseKeyword$Trait$Helper.waitForPresentOf(BaseKeyword.groovy:252)
	at base.BaseApp.waitForPresentOf(BaseApp.groovy)
	at java.base/jdk.internal.reflect.NativeMethodAccessorImpl.invoke0(Native Method)
	at java.base/jdk.internal.reflect.NativeMethodAccessorImpl.invoke(NativeMethodAccessorImpl.java:77)
	at java.base/jdk.internal.reflect.DelegatingMethodAccessorImpl.invoke(DelegatingMethodAccessorImpl.java:43)
	at base.BaseApp.waitAppLauch(BaseApp.groovy:34)
	at java.base/jdk.internal.reflect.NativeMethodAccessorImpl.invoke0(Native Method)
	at java.base/jdk.internal.reflect.NativeMethodAccessorImpl.invoke(NativeMethodAccessorImpl.java:77)
	at java.base/jdk.internal.reflect.DelegatingMethodAccessorImpl.invoke(DelegatingMethodAccessorImpl.java:43)
	at drivers.Driver.openApp(Driver.groovy:60)
	at java.base/jdk.internal.reflect.NativeMethodAccessorImpl.invoke0(Native Method)
	at java.base/jdk.internal.reflect.NativeMethodAccessorImpl.invoke(NativeMethodAccessorImpl.java:77)
	at java.base/jdk.internal.reflect.DelegatingMethodAccessorImpl.invoke(DelegatingMethodAccessorImpl.java:43)
	at com.kms.katalon.core.main.CustomKeywordDelegatingMetaClass.invokeStaticMethod(CustomKeywordDelegatingMetaClass.java:55)
	... 19 more


18-05-2025T09:29:09 - [TEST_STEP][PASSED] - DataTest.init(): null

18-05-2025T09:29:09 - [TEST_STEP][PASSED] - testCaseId = split("/").last(): null

18-05-2025T09:29:09 - [TEST_STEP][PASSED] - if (!(drivers.Driver.isAppiumRunning())): drivers.Driver.isAppiumRunning is PASSED

18-05-2025T09:29:09 - [MESSAGE][INFO] - Appium running: true

18-05-2025T09:29:09 - [MESSAGE][PASSED] - drivers.Driver.isAppiumRunning is PASSED

18-05-2025T09:29:09 - [TEST_STEP][PASSED] - if (driver == null || driver.getSessionId() == null): null

18-05-2025T09:29:09 - [TEST_STEP][ERROR] - drivers.Driver.openApp(): com.kms.katalon.core.exception.StepErrorException: org.openqa.selenium.WebDriverException: An unknown server-side error occurred while processing the command. Original error: 'POST /elements' cannot be proxied to UiAutomator2 server because the instrumentation process is not running (probably crashed). Check the server log and/or the logcat output for more details
Build info: version: '3.141.59', revision: 'unknown', time: 'unknown'
System info: host: '192.168.1.4.non-exists.ptr.local', ip: '2402:800:63f2:b9ce:1859:4296:77a1:a88d%en0', os.name: 'Mac OS X', os.arch: 'aarch64', os.version: '15.4.1', java.version: '17.0.7'
Driver info: com.kms.katalon.core.appium.driver.SwipeableAndroidDriver
Capabilities {automationName: UiAutomator2, databaseEnabled: false, desired: {automationName: UiAutomator2, deviceName: af0c5cf7, noReset: true, platformName: android, waitForIdleTimeout: 3000}, deviceApiLevel: 35, deviceManufacturer: OPPO, deviceModel: CPH2699, deviceName: af0c5cf7, deviceScreenDensity: 480, deviceScreenSize: 1080x2400, deviceUDID: af0c5cf7, javascriptEnabled: true, locationContextEnabled: false, networkConnectionEnabled: true, noReset: true, pixelRatio: 3, platform: LINUX, platformName: Android, platformVersion: 15, statBarHeight: 120, takesScreenshot: true, viewportRect: {height: 2280, left: 0, top: 120, width: 1080}, waitForIdleTimeout: 3000, warnings: {}, webStorageEnabled: false}
Session ID: c0c10e71-bfa6-42a0-bfc6-9e4517bcdaae
*** Element info: {Using=id, value=com.hdbank.ipaper:id/img_logo}
	at com.kms.katalon.core.main.CustomKeywordDelegatingMetaClass.throwError(CustomKeywordDelegatingMetaClass.java:101)
	at com.kms.katalon.core.main.CustomKeywordDelegatingMetaClass.invokeStaticMethod(CustomKeywordDelegatingMetaClass.java:73)
	at TestListener.beforeTest(TestListener.groovy:39)
	at java.base/jdk.internal.reflect.NativeMethodAccessorImpl.invoke0(Native Method)
	at java.base/jdk.internal.reflect.NativeMethodAccessorImpl.invoke(NativeMethodAccessorImpl.java:77)
	at java.base/jdk.internal.reflect.DelegatingMethodAccessorImpl.invoke(DelegatingMethodAccessorImpl.java:43)
	at com.kms.katalon.core.context.internal.TestHooker.invokeMethod(TestHooker.java:111)
	at com.kms.katalon.core.context.internal.TestHooker.lambda$3(TestHooker.java:95)
	at com.kms.katalon.core.context.internal.TestHooker.invokeContextMethods(TestHooker.java:94)
	at com.kms.katalon.core.context.internal.TestListenerCollector.lambda$3(TestListenerCollector.java:88)
	at com.kms.katalon.core.context.internal.TestListenerCollector.handleListenerEvent(TestListenerCollector.java:85)
	at com.kms.katalon.core.context.internal.ExecutionEventManager.publicEvent(ExecutionEventManager.java:36)
	at com.kms.katalon.core.main.TestCaseExecutor.execute(TestCaseExecutor.java:268)
	at com.kms.katalon.core.common.CommonExecutor.accessTestCaseMainPhase(CommonExecutor.java:65)
	at com.kms.katalon.core.main.TestSuiteExecutor.accessTestSuiteMainPhase(TestSuiteExecutor.java:150)
	at com.kms.katalon.core.main.TestSuiteExecutor.execute(TestSuiteExecutor.java:106)
	at com.kms.katalon.core.main.TestCaseMain.startTestSuite(TestCaseMain.java:180)
	at TempTestSuite1747531571431.run(TempTestSuite1747531571431.groovy:35)
	at java.base/jdk.internal.reflect.NativeMethodAccessorImpl.invoke0(Native Method)
	at java.base/jdk.internal.reflect.NativeMethodAccessorImpl.invoke(NativeMethodAccessorImpl.java:77)
	at java.base/jdk.internal.reflect.DelegatingMethodAccessorImpl.invoke(DelegatingMethodAccessorImpl.java:43)
Caused by: org.openqa.selenium.WebDriverException: An unknown server-side error occurred while processing the command. Original error: 'POST /elements' cannot be proxied to UiAutomator2 server because the instrumentation process is not running (probably crashed). Check the server log and/or the logcat output for more details
Build info: version: '3.141.59', revision: 'unknown', time: 'unknown'
System info: host: '192.168.1.4.non-exists.ptr.local', ip: '2402:800:63f2:b9ce:1859:4296:77a1:a88d%en0', os.name: 'Mac OS X', os.arch: 'aarch64', os.version: '15.4.1', java.version: '17.0.7'
Driver info: com.kms.katalon.core.appium.driver.SwipeableAndroidDriver
Capabilities {automationName: UiAutomator2, databaseEnabled: false, desired: {automationName: UiAutomator2, deviceName: af0c5cf7, noReset: true, platformName: android, waitForIdleTimeout: 3000}, deviceApiLevel: 35, deviceManufacturer: OPPO, deviceModel: CPH2699, deviceName: af0c5cf7, deviceScreenDensity: 480, deviceScreenSize: 1080x2400, deviceUDID: af0c5cf7, javascriptEnabled: true, locationContextEnabled: false, networkConnectionEnabled: true, noReset: true, pixelRatio: 3, platform: LINUX, platformName: Android, platformVersion: 15, statBarHeight: 120, takesScreenshot: true, viewportRect: {height: 2280, left: 0, top: 120, width: 1080}, waitForIdleTimeout: 3000, warnings: {}, webStorageEnabled: false}
Session ID: c0c10e71-bfa6-42a0-bfc6-9e4517bcdaae
*** Element info: {Using=id, value=com.hdbank.ipaper:id/img_logo}
	at jdk.internal.reflect.GeneratedConstructorAccessor30.newInstance(Unknown Source)
	at java.base/jdk.internal.reflect.DelegatingConstructorAccessorImpl.newInstance(DelegatingConstructorAccessorImpl.java:45)
	at org.openqa.selenium.remote.http.W3CHttpResponseCodec.createException(W3CHttpResponseCodec.java:187)
	at org.openqa.selenium.remote.http.W3CHttpResponseCodec.decode(W3CHttpResponseCodec.java:122)
	at org.openqa.selenium.remote.http.W3CHttpResponseCodec.decode(W3CHttpResponseCodec.java:49)
	at org.openqa.selenium.remote.HttpCommandExecutor.execute(HttpCommandExecutor.java:158)
	at io.appium.java_client.remote.AppiumCommandExecutor.execute(AppiumCommandExecutor.java:239)
	at org.openqa.selenium.remote.RemoteWebDriver.execute(RemoteWebDriver.java:552)
	at io.appium.java_client.DefaultGenericMobileDriver.execute(DefaultGenericMobileDriver.java:42)
	at io.appium.java_client.AppiumDriver.execute(AppiumDriver.java:1)
	at io.appium.java_client.android.AndroidDriver.execute(AndroidDriver.java:1)
	at com.kms.katalon.core.appium.driver.SwipeableAndroidDriver.execute(SwipeableAndroidDriver.java:1)
	at org.openqa.selenium.remote.RemoteWebDriver.findElements(RemoteWebDriver.java:353)
	at io.appium.java_client.DefaultGenericMobileDriver.findElements(DefaultGenericMobileDriver.java:54)
	at io.appium.java_client.AppiumDriver.findElements(AppiumDriver.java:152)
	at org.openqa.selenium.remote.RemoteWebDriver.findElementsById(RemoteWebDriver.java:376)
	at io.appium.java_client.DefaultGenericMobileDriver.findElementsById(DefaultGenericMobileDriver.java:66)
	at io.appium.java_client.AppiumDriver.findElementsById(AppiumDriver.java:156)
	at org.openqa.selenium.By$ById.findElements(By.java:180)
	at org.openqa.selenium.remote.RemoteWebDriver.findElements(RemoteWebDriver.java:311)
	at io.appium.java_client.DefaultGenericMobileDriver.findElements(DefaultGenericMobileDriver.java:50)
	at io.appium.java_client.AppiumDriver.findElements(AppiumDriver.java:148)
	at base.BaseKeyword$Trait$Helper$_waitForPresentOf_closure1.doCall(BaseKeyword.groovy:253)
	at jdk.internal.reflect.GeneratedMethodAccessor8.invoke(Unknown Source)
	at java.base/jdk.internal.reflect.DelegatingMethodAccessorImpl.invoke(DelegatingMethodAccessorImpl.java:43)
	at jdk.proxy2/jdk.proxy2.$Proxy34.apply(Unknown Source)
	at org.openqa.selenium.support.ui.FluentWait.until(FluentWait.java:249)
	at base.BaseKeyword$Trait$Helper.waitForPresentOf(BaseKeyword.groovy:252)
	at base.BaseApp.waitForPresentOf(BaseApp.groovy)
	at java.base/jdk.internal.reflect.NativeMethodAccessorImpl.invoke0(Native Method)
	at java.base/jdk.internal.reflect.NativeMethodAccessorImpl.invoke(NativeMethodAccessorImpl.java:77)
	at java.base/jdk.internal.reflect.DelegatingMethodAccessorImpl.invoke(DelegatingMethodAccessorImpl.java:43)
	at base.BaseApp.waitAppLauch(BaseApp.groovy:34)
	at java.base/jdk.internal.reflect.NativeMethodAccessorImpl.invoke0(Native Method)
	at java.base/jdk.internal.reflect.NativeMethodAccessorImpl.invoke(NativeMethodAccessorImpl.java:77)
	at java.base/jdk.internal.reflect.DelegatingMethodAccessorImpl.invoke(DelegatingMethodAccessorImpl.java:43)
	at drivers.Driver.openApp(Driver.groovy:60)
	at java.base/jdk.internal.reflect.NativeMethodAccessorImpl.invoke0(Native Method)
	at java.base/jdk.internal.reflect.NativeMethodAccessorImpl.invoke(NativeMethodAccessorImpl.java:77)
	at java.base/jdk.internal.reflect.DelegatingMethodAccessorImpl.invoke(DelegatingMethodAccessorImpl.java:43)
	at com.kms.katalon.core.main.CustomKeywordDelegatingMetaClass.invokeStaticMethod(CustomKeywordDelegatingMetaClass.java:55)
	... 19 more


18-05-2025T09:29:09 - [MESSAGE][ERROR] - An unknown server-side error occurred while processing the command. Original error: 'POST /elements' cannot be proxied to UiAutomator2 server because the instrumentation process is not running (probably crashed). Check the server log and/or the logcat output for more details
Build info: version: '3.141.59', revision: 'unknown', time: 'unknown'
System info: host: '192.168.1.4.non-exists.ptr.local', ip: '2402:800:63f2:b9ce:1859:4296:77a1:a88d%en0', os.name: 'Mac OS X', os.arch: 'aarch64', os.version: '15.4.1', java.version: '17.0.7'
Driver info: com.kms.katalon.core.appium.driver.SwipeableAndroidDriver
Capabilities {automationName: UiAutomator2, databaseEnabled: false, desired: {automationName: UiAutomator2, deviceName: af0c5cf7, noReset: true, platformName: android, waitForIdleTimeout: 3000}, deviceApiLevel: 35, deviceManufacturer: OPPO, deviceModel: CPH2699, deviceName: af0c5cf7, deviceScreenDensity: 480, deviceScreenSize: 1080x2400, deviceUDID: af0c5cf7, javascriptEnabled: true, locationContextEnabled: false, networkConnectionEnabled: true, noReset: true, pixelRatio: 3, platform: LINUX, platformName: Android, platformVersion: 15, statBarHeight: 120, takesScreenshot: true, viewportRect: {height: 2280, left: 0, top: 120, width: 1080}, waitForIdleTimeout: 3000, warnings: {}, webStorageEnabled: false}
Session ID: c0c10e71-bfa6-42a0-bfc6-9e4517bcdaae
*** Element info: {Using=id, value=com.hdbank.ipaper:id/img_logo}

18-05-2025T09:29:09 - [MESSAGE][ERROR] - com.kms.katalon.core.exception.StepErrorException: org.openqa.selenium.WebDriverException: An unknown server-side error occurred while processing the command. Original error: 'POST /elements' cannot be proxied to UiAutomator2 server because the instrumentation process is not running (probably crashed). Check the server log and/or the logcat output for more details
Build info: version: '3.141.59', revision: 'unknown', time: 'unknown'
System info: host: '192.168.1.4.non-exists.ptr.local', ip: '2402:800:63f2:b9ce:1859:4296:77a1:a88d%en0', os.name: 'Mac OS X', os.arch: 'aarch64', os.version: '15.4.1', java.version: '17.0.7'
Driver info: com.kms.katalon.core.appium.driver.SwipeableAndroidDriver
Capabilities {automationName: UiAutomator2, databaseEnabled: false, desired: {automationName: UiAutomator2, deviceName: af0c5cf7, noReset: true, platformName: android, waitForIdleTimeout: 3000}, deviceApiLevel: 35, deviceManufacturer: OPPO, deviceModel: CPH2699, deviceName: af0c5cf7, deviceScreenDensity: 480, deviceScreenSize: 1080x2400, deviceUDID: af0c5cf7, javascriptEnabled: true, locationContextEnabled: false, networkConnectionEnabled: true, noReset: true, pixelRatio: 3, platform: LINUX, platformName: Android, platformVersion: 15, statBarHeight: 120, takesScreenshot: true, viewportRect: {height: 2280, left: 0, top: 120, width: 1080}, waitForIdleTimeout: 3000, warnings: {}, webStorageEnabled: false}
Session ID: c0c10e71-bfa6-42a0-bfc6-9e4517bcdaae
*** Element info: {Using=id, value=com.hdbank.ipaper:id/img_logo}
	at com.kms.katalon.core.main.CustomKeywordDelegatingMetaClass.throwError(CustomKeywordDelegatingMetaClass.java:101)
	at com.kms.katalon.core.main.CustomKeywordDelegatingMetaClass.invokeStaticMethod(CustomKeywordDelegatingMetaClass.java:73)
	at TestListener.beforeTest(TestListener.groovy:39)
	at java.base/jdk.internal.reflect.NativeMethodAccessorImpl.invoke0(Native Method)
	at java.base/jdk.internal.reflect.NativeMethodAccessorImpl.invoke(NativeMethodAccessorImpl.java:77)
	at java.base/jdk.internal.reflect.DelegatingMethodAccessorImpl.invoke(DelegatingMethodAccessorImpl.java:43)
	at com.kms.katalon.core.context.internal.TestHooker.invokeMethod(TestHooker.java:111)
	at com.kms.katalon.core.context.internal.TestHooker.lambda$3(TestHooker.java:95)
	at com.kms.katalon.core.context.internal.TestHooker.invokeContextMethods(TestHooker.java:94)
	at com.kms.katalon.core.context.internal.TestListenerCollector.lambda$3(TestListenerCollector.java:88)
	at com.kms.katalon.core.context.internal.TestListenerCollector.handleListenerEvent(TestListenerCollector.java:85)
	at com.kms.katalon.core.context.internal.ExecutionEventManager.publicEvent(ExecutionEventManager.java:36)
	at com.kms.katalon.core.main.TestCaseExecutor.execute(TestCaseExecutor.java:268)
	at com.kms.katalon.core.common.CommonExecutor.accessTestCaseMainPhase(CommonExecutor.java:65)
	at com.kms.katalon.core.main.TestSuiteExecutor.accessTestSuiteMainPhase(TestSuiteExecutor.java:150)
	at com.kms.katalon.core.main.TestSuiteExecutor.execute(TestSuiteExecutor.java:106)
	at com.kms.katalon.core.main.TestCaseMain.startTestSuite(TestCaseMain.java:180)
	at TempTestSuite1747531571431.run(TempTestSuite1747531571431.groovy:35)
	at java.base/jdk.internal.reflect.NativeMethodAccessorImpl.invoke0(Native Method)
	at java.base/jdk.internal.reflect.NativeMethodAccessorImpl.invoke(NativeMethodAccessorImpl.java:77)
	at java.base/jdk.internal.reflect.DelegatingMethodAccessorImpl.invoke(DelegatingMethodAccessorImpl.java:43)
Caused by: org.openqa.selenium.WebDriverException: An unknown server-side error occurred while processing the command. Original error: 'POST /elements' cannot be proxied to UiAutomator2 server because the instrumentation process is not running (probably crashed). Check the server log and/or the logcat output for more details
Build info: version: '3.141.59', revision: 'unknown', time: 'unknown'
System info: host: '192.168.1.4.non-exists.ptr.local', ip: '2402:800:63f2:b9ce:1859:4296:77a1:a88d%en0', os.name: 'Mac OS X', os.arch: 'aarch64', os.version: '15.4.1', java.version: '17.0.7'
Driver info: com.kms.katalon.core.appium.driver.SwipeableAndroidDriver
Capabilities {automationName: UiAutomator2, databaseEnabled: false, desired: {automationName: UiAutomator2, deviceName: af0c5cf7, noReset: true, platformName: android, waitForIdleTimeout: 3000}, deviceApiLevel: 35, deviceManufacturer: OPPO, deviceModel: CPH2699, deviceName: af0c5cf7, deviceScreenDensity: 480, deviceScreenSize: 1080x2400, deviceUDID: af0c5cf7, javascriptEnabled: true, locationContextEnabled: false, networkConnectionEnabled: true, noReset: true, pixelRatio: 3, platform: LINUX, platformName: Android, platformVersion: 15, statBarHeight: 120, takesScreenshot: true, viewportRect: {height: 2280, left: 0, top: 120, width: 1080}, waitForIdleTimeout: 3000, warnings: {}, webStorageEnabled: false}
Session ID: c0c10e71-bfa6-42a0-bfc6-9e4517bcdaae
*** Element info: {Using=id, value=com.hdbank.ipaper:id/img_logo}
	at jdk.internal.reflect.GeneratedConstructorAccessor30.newInstance(Unknown Source)
	at java.base/jdk.internal.reflect.DelegatingConstructorAccessorImpl.newInstance(DelegatingConstructorAccessorImpl.java:45)
	at org.openqa.selenium.remote.http.W3CHttpResponseCodec.createException(W3CHttpResponseCodec.java:187)
	at org.openqa.selenium.remote.http.W3CHttpResponseCodec.decode(W3CHttpResponseCodec.java:122)
	at org.openqa.selenium.remote.http.W3CHttpResponseCodec.decode(W3CHttpResponseCodec.java:49)
	at org.openqa.selenium.remote.HttpCommandExecutor.execute(HttpCommandExecutor.java:158)
	at io.appium.java_client.remote.AppiumCommandExecutor.execute(AppiumCommandExecutor.java:239)
	at org.openqa.selenium.remote.RemoteWebDriver.execute(RemoteWebDriver.java:552)
	at io.appium.java_client.DefaultGenericMobileDriver.execute(DefaultGenericMobileDriver.java:42)
	at io.appium.java_client.AppiumDriver.execute(AppiumDriver.java:1)
	at io.appium.java_client.android.AndroidDriver.execute(AndroidDriver.java:1)
	at com.kms.katalon.core.appium.driver.SwipeableAndroidDriver.execute(SwipeableAndroidDriver.java:1)
	at org.openqa.selenium.remote.RemoteWebDriver.findElements(RemoteWebDriver.java:353)
	at io.appium.java_client.DefaultGenericMobileDriver.findElements(DefaultGenericMobileDriver.java:54)
	at io.appium.java_client.AppiumDriver.findElements(AppiumDriver.java:152)
	at org.openqa.selenium.remote.RemoteWebDriver.findElementsById(RemoteWebDriver.java:376)
	at io.appium.java_client.DefaultGenericMobileDriver.findElementsById(DefaultGenericMobileDriver.java:66)
	at io.appium.java_client.AppiumDriver.findElementsById(AppiumDriver.java:156)
	at org.openqa.selenium.By$ById.findElements(By.java:180)
	at org.openqa.selenium.remote.RemoteWebDriver.findElements(RemoteWebDriver.java:311)
	at io.appium.java_client.DefaultGenericMobileDriver.findElements(DefaultGenericMobileDriver.java:50)
	at io.appium.java_client.AppiumDriver.findElements(AppiumDriver.java:148)
	at base.BaseKeyword$Trait$Helper$_waitForPresentOf_closure1.doCall(BaseKeyword.groovy:253)
	at jdk.internal.reflect.GeneratedMethodAccessor8.invoke(Unknown Source)
	at java.base/jdk.internal.reflect.DelegatingMethodAccessorImpl.invoke(DelegatingMethodAccessorImpl.java:43)
	at jdk.proxy2/jdk.proxy2.$Proxy34.apply(Unknown Source)
	at org.openqa.selenium.support.ui.FluentWait.until(FluentWait.java:249)
	at base.BaseKeyword$Trait$Helper.waitForPresentOf(BaseKeyword.groovy:252)
	at base.BaseApp.waitForPresentOf(BaseApp.groovy)
	at java.base/jdk.internal.reflect.NativeMethodAccessorImpl.invoke0(Native Method)
	at java.base/jdk.internal.reflect.NativeMethodAccessorImpl.invoke(NativeMethodAccessorImpl.java:77)
	at java.base/jdk.internal.reflect.DelegatingMethodAccessorImpl.invoke(DelegatingMethodAccessorImpl.java:43)
	at base.BaseApp.waitAppLauch(BaseApp.groovy:34)
	at java.base/jdk.internal.reflect.NativeMethodAccessorImpl.invoke0(Native Method)
	at java.base/jdk.internal.reflect.NativeMethodAccessorImpl.invoke(NativeMethodAccessorImpl.java:77)
	at java.base/jdk.internal.reflect.DelegatingMethodAccessorImpl.invoke(DelegatingMethodAccessorImpl.java:43)
	at drivers.Driver.openApp(Driver.groovy:60)
	at java.base/jdk.internal.reflect.NativeMethodAccessorImpl.invoke0(Native Method)
	at java.base/jdk.internal.reflect.NativeMethodAccessorImpl.invoke(NativeMethodAccessorImpl.java:77)
	at java.base/jdk.internal.reflect.DelegatingMethodAccessorImpl.invoke(DelegatingMethodAccessorImpl.java:43)
	at com.kms.katalon.core.main.CustomKeywordDelegatingMetaClass.invokeStaticMethod(CustomKeywordDelegatingMetaClass.java:55)
	... 19 more


18-05-2025T09:29:09 - [TEST_STEP][PASSED] - REQUEST_NAME = "Trình ký PDF có sẵn": null

18-05-2025T09:29:09 - [TEST_STEP][PASSED] - COMMENT = "Commented by automaton test in case 19": null

18-05-2025T09:29:09 - [TEST_STEP][PASSED] - auto5 = DataTest.getUserTest("auto5"): null

18-05-2025T09:29:09 - [TEST_STEP][PASSED] - auto6 = DataTest.getUserTest("auto6"): null

18-05-2025T09:29:09 - [TEST_STEP][PASSED] - document = DataTest.createDocumentTest(auto5, auto6, null, "dummy.pdf", "dummy.pdf"): null

18-05-2025T09:29:09 - [TEST_STEP][ERROR] - loginScreen.login(auto5): Test Cases/IPAPER APP/024 TRA VE CHI TIET_NHAP Y KIEN FAILED.
Reason:
org.openqa.selenium.WebDriverException: An unknown server-side error occurred while processing the command. Original error: 'POST /elements' cannot be proxied to UiAutomator2 server because the instrumentation process is not running (probably crashed). Check the server log and/or the logcat output for more details
Build info: version: '3.141.59', revision: 'unknown', time: 'unknown'
System info: host: '192.168.1.4.non-exists.ptr.local', ip: '2402:800:63f2:b9ce:1859:4296:77a1:a88d%en0', os.name: 'Mac OS X', os.arch: 'aarch64', os.version: '15.4.1', java.version: '17.0.7'
Driver info: com.kms.katalon.core.appium.driver.SwipeableAndroidDriver
Capabilities {automationName: UiAutomator2, databaseEnabled: false, desired: {automationName: UiAutomator2, deviceName: af0c5cf7, noReset: true, platformName: android, waitForIdleTimeout: 3000}, deviceApiLevel: 35, deviceManufacturer: OPPO, deviceModel: CPH2699, deviceName: af0c5cf7, deviceScreenDensity: 480, deviceScreenSize: 1080x2400, deviceUDID: af0c5cf7, javascriptEnabled: true, locationContextEnabled: false, networkConnectionEnabled: true, noReset: true, pixelRatio: 3, platform: LINUX, platformName: Android, platformVersion: 15, statBarHeight: 120, takesScreenshot: true, viewportRect: {height: 2280, left: 0, top: 120, width: 1080}, waitForIdleTimeout: 3000, warnings: {}, webStorageEnabled: false}
Session ID: c0c10e71-bfa6-42a0-bfc6-9e4517bcdaae
*** Element info: {Using=xpath, value=//android.widget.EditText[@resource-id='com.hdbank.ipaper:id/edit_text_user_name']}
	at jdk.internal.reflect.GeneratedConstructorAccessor30.newInstance(Unknown Source)
	at java.base/jdk.internal.reflect.DelegatingConstructorAccessorImpl.newInstance(DelegatingConstructorAccessorImpl.java:45)
	at org.openqa.selenium.remote.http.W3CHttpResponseCodec.createException(W3CHttpResponseCodec.java:187)
	at org.openqa.selenium.remote.http.W3CHttpResponseCodec.decode(W3CHttpResponseCodec.java:122)
	at org.openqa.selenium.remote.http.W3CHttpResponseCodec.decode(W3CHttpResponseCodec.java:49)
	at org.openqa.selenium.remote.HttpCommandExecutor.execute(HttpCommandExecutor.java:158)
	at io.appium.java_client.remote.AppiumCommandExecutor.execute(AppiumCommandExecutor.java:239)
	at org.openqa.selenium.remote.RemoteWebDriver.execute(RemoteWebDriver.java:552)
	at io.appium.java_client.DefaultGenericMobileDriver.execute(DefaultGenericMobileDriver.java:42)
	at io.appium.java_client.AppiumDriver.execute(AppiumDriver.java:1)
	at io.appium.java_client.android.AndroidDriver.execute(AndroidDriver.java:1)
	at com.kms.katalon.core.appium.driver.SwipeableAndroidDriver.execute(SwipeableAndroidDriver.java:1)
	at org.openqa.selenium.remote.RemoteWebDriver.findElements(RemoteWebDriver.java:353)
	at io.appium.java_client.DefaultGenericMobileDriver.findElements(DefaultGenericMobileDriver.java:54)
	at io.appium.java_client.AppiumDriver.findElements(AppiumDriver.java:152)
	at org.openqa.selenium.remote.RemoteWebDriver.findElementsByXPath(RemoteWebDriver.java:432)
	at io.appium.java_client.DefaultGenericMobileDriver.findElementsByXPath(DefaultGenericMobileDriver.java:156)
	at io.appium.java_client.AppiumDriver.findElementsByXPath(AppiumDriver.java:184)
	at org.openqa.selenium.By$ByXPath.findElements(By.java:348)
	at org.openqa.selenium.remote.RemoteWebDriver.findElements(RemoteWebDriver.java:311)
	at io.appium.java_client.DefaultGenericMobileDriver.findElements(DefaultGenericMobileDriver.java:50)
	at io.appium.java_client.AppiumDriver.findElements(AppiumDriver.java:148)
	at base.BaseKeyword$Trait$Helper.isDisplayed(BaseKeyword.groovy:234)
	at screens.LoginScreen.isDisplayed(LoginScreen.groovy)
	at base.BaseKeyword$Trait$Helper.isDisplayed(BaseKeyword.groovy:229)
	at screens.LoginScreen.isDisplayed(LoginScreen.groovy)
	at screens.LoginScreen.isGuest(LoginScreen.groovy:34)
	at screens.LoginScreen.login(LoginScreen.groovy:10)
	at 024 TRA VE CHI TIET_NHAP Y KIEN.run(024 TRA VE CHI TIET_NHAP Y KIEN:18)
	at com.kms.katalon.core.main.ScriptEngine.run(ScriptEngine.java:194)
	at com.kms.katalon.core.main.ScriptEngine.runScriptAsRawText(ScriptEngine.java:119)
	at com.kms.katalon.core.main.TestCaseExecutor.runScript(TestCaseExecutor.java:448)
	at com.kms.katalon.core.main.TestCaseExecutor.doExecute(TestCaseExecutor.java:439)
	at com.kms.katalon.core.main.TestCaseExecutor.processExecutionPhase(TestCaseExecutor.java:418)
	at com.kms.katalon.core.main.TestCaseExecutor.accessMainPhase(TestCaseExecutor.java:410)
	at com.kms.katalon.core.main.TestCaseExecutor.execute(TestCaseExecutor.java:285)
	at com.kms.katalon.core.common.CommonExecutor.accessTestCaseMainPhase(CommonExecutor.java:65)
	at com.kms.katalon.core.main.TestSuiteExecutor.accessTestSuiteMainPhase(TestSuiteExecutor.java:150)
	at com.kms.katalon.core.main.TestSuiteExecutor.execute(TestSuiteExecutor.java:106)
	at com.kms.katalon.core.main.TestCaseMain.startTestSuite(TestCaseMain.java:180)
	at TempTestSuite1747531571431.run(TempTestSuite1747531571431.groovy:35)
	at java.base/jdk.internal.reflect.NativeMethodAccessorImpl.invoke0(Native Method)
	at java.base/jdk.internal.reflect.NativeMethodAccessorImpl.invoke(NativeMethodAccessorImpl.java:77)
	at java.base/jdk.internal.reflect.DelegatingMethodAccessorImpl.invoke(DelegatingMethodAccessorImpl.java:43)


18-05-2025T09:29:09 - [MESSAGE][ERROR] - Test Cases/IPAPER APP/024 TRA VE CHI TIET_NHAP Y KIEN FAILED.
Reason:
org.openqa.selenium.WebDriverException: An unknown server-side error occurred while processing the command. Original error: 'POST /elements' cannot be proxied to UiAutomator2 server because the instrumentation process is not running (probably crashed). Check the server log and/or the logcat output for more details
Build info: version: '3.141.59', revision: 'unknown', time: 'unknown'
System info: host: '192.168.1.4.non-exists.ptr.local', ip: '2402:800:63f2:b9ce:1859:4296:77a1:a88d%en0', os.name: 'Mac OS X', os.arch: 'aarch64', os.version: '15.4.1', java.version: '17.0.7'
Driver info: com.kms.katalon.core.appium.driver.SwipeableAndroidDriver
Capabilities {automationName: UiAutomator2, databaseEnabled: false, desired: {automationName: UiAutomator2, deviceName: af0c5cf7, noReset: true, platformName: android, waitForIdleTimeout: 3000}, deviceApiLevel: 35, deviceManufacturer: OPPO, deviceModel: CPH2699, deviceName: af0c5cf7, deviceScreenDensity: 480, deviceScreenSize: 1080x2400, deviceUDID: af0c5cf7, javascriptEnabled: true, locationContextEnabled: false, networkConnectionEnabled: true, noReset: true, pixelRatio: 3, platform: LINUX, platformName: Android, platformVersion: 15, statBarHeight: 120, takesScreenshot: true, viewportRect: {height: 2280, left: 0, top: 120, width: 1080}, waitForIdleTimeout: 3000, warnings: {}, webStorageEnabled: false}
Session ID: c0c10e71-bfa6-42a0-bfc6-9e4517bcdaae
*** Element info: {Using=xpath, value=//android.widget.EditText[@resource-id='com.hdbank.ipaper:id/edit_text_user_name']}
	at jdk.internal.reflect.GeneratedConstructorAccessor30.newInstance(Unknown Source)
	at java.base/jdk.internal.reflect.DelegatingConstructorAccessorImpl.newInstance(DelegatingConstructorAccessorImpl.java:45)
	at org.openqa.selenium.remote.http.W3CHttpResponseCodec.createException(W3CHttpResponseCodec.java:187)
	at org.openqa.selenium.remote.http.W3CHttpResponseCodec.decode(W3CHttpResponseCodec.java:122)
	at org.openqa.selenium.remote.http.W3CHttpResponseCodec.decode(W3CHttpResponseCodec.java:49)
	at org.openqa.selenium.remote.HttpCommandExecutor.execute(HttpCommandExecutor.java:158)
	at io.appium.java_client.remote.AppiumCommandExecutor.execute(AppiumCommandExecutor.java:239)
	at org.openqa.selenium.remote.RemoteWebDriver.execute(RemoteWebDriver.java:552)
	at io.appium.java_client.DefaultGenericMobileDriver.execute(DefaultGenericMobileDriver.java:42)
	at io.appium.java_client.AppiumDriver.execute(AppiumDriver.java:1)
	at io.appium.java_client.android.AndroidDriver.execute(AndroidDriver.java:1)
	at com.kms.katalon.core.appium.driver.SwipeableAndroidDriver.execute(SwipeableAndroidDriver.java:1)
	at org.openqa.selenium.remote.RemoteWebDriver.findElements(RemoteWebDriver.java:353)
	at io.appium.java_client.DefaultGenericMobileDriver.findElements(DefaultGenericMobileDriver.java:54)
	at io.appium.java_client.AppiumDriver.findElements(AppiumDriver.java:152)
	at org.openqa.selenium.remote.RemoteWebDriver.findElementsByXPath(RemoteWebDriver.java:432)
	at io.appium.java_client.DefaultGenericMobileDriver.findElementsByXPath(DefaultGenericMobileDriver.java:156)
	at io.appium.java_client.AppiumDriver.findElementsByXPath(AppiumDriver.java:184)
	at org.openqa.selenium.By$ByXPath.findElements(By.java:348)
	at org.openqa.selenium.remote.RemoteWebDriver.findElements(RemoteWebDriver.java:311)
	at io.appium.java_client.DefaultGenericMobileDriver.findElements(DefaultGenericMobileDriver.java:50)
	at io.appium.java_client.AppiumDriver.findElements(AppiumDriver.java:148)
	at base.BaseKeyword$Trait$Helper.isDisplayed(BaseKeyword.groovy:234)
	at screens.LoginScreen.isDisplayed(LoginScreen.groovy)
	at base.BaseKeyword$Trait$Helper.isDisplayed(BaseKeyword.groovy:229)
	at screens.LoginScreen.isDisplayed(LoginScreen.groovy)
	at screens.LoginScreen.isGuest(LoginScreen.groovy:34)
	at screens.LoginScreen.login(LoginScreen.groovy:10)
	at 024 TRA VE CHI TIET_NHAP Y KIEN.run(024 TRA VE CHI TIET_NHAP Y KIEN:18)
	at com.kms.katalon.core.main.ScriptEngine.run(ScriptEngine.java:194)
	at com.kms.katalon.core.main.ScriptEngine.runScriptAsRawText(ScriptEngine.java:119)
	at com.kms.katalon.core.main.TestCaseExecutor.runScript(TestCaseExecutor.java:448)
	at com.kms.katalon.core.main.TestCaseExecutor.doExecute(TestCaseExecutor.java:439)
	at com.kms.katalon.core.main.TestCaseExecutor.processExecutionPhase(TestCaseExecutor.java:418)
	at com.kms.katalon.core.main.TestCaseExecutor.accessMainPhase(TestCaseExecutor.java:410)
	at com.kms.katalon.core.main.TestCaseExecutor.execute(TestCaseExecutor.java:285)
	at com.kms.katalon.core.common.CommonExecutor.accessTestCaseMainPhase(CommonExecutor.java:65)
	at com.kms.katalon.core.main.TestSuiteExecutor.accessTestSuiteMainPhase(TestSuiteExecutor.java:150)
	at com.kms.katalon.core.main.TestSuiteExecutor.execute(TestSuiteExecutor.java:106)
	at com.kms.katalon.core.main.TestCaseMain.startTestSuite(TestCaseMain.java:180)
	at TempTestSuite1747531571431.run(TempTestSuite1747531571431.groovy:35)
	at java.base/jdk.internal.reflect.NativeMethodAccessorImpl.invoke0(Native Method)
	at java.base/jdk.internal.reflect.NativeMethodAccessorImpl.invoke(NativeMethodAccessorImpl.java:77)
	at java.base/jdk.internal.reflect.DelegatingMethodAccessorImpl.invoke(DelegatingMethodAccessorImpl.java:43)


18-05-2025T09:29:09 - [TEST_STEP][ERROR] - Start listener action : afterTest: com.kms.katalon.core.exception.StepFailedException: Unable to take screenshot
	at com.kms.katalon.core.mobile.keyword.internal.MobileKeywordMain.stepFailed(MobileKeywordMain.groovy:64)
	at com.kms.katalon.core.mobile.keyword.internal.MobileKeywordMain.runKeyword(MobileKeywordMain.groovy:34)
	at com.kms.katalon.core.mobile.keyword.builtin.TakeScreenshotKeyword.takeScreenshot(TakeScreenshotKeyword.groovy:94)
	at com.kms.katalon.core.mobile.keyword.builtin.TakeScreenshotKeyword.execute(TakeScreenshotKeyword.groovy:54)
	at com.kms.katalon.core.keyword.internal.KeywordExecutor.executeKeywordForPlatform(KeywordExecutor.groovy:74)
	at com.kms.katalon.core.mobile.keyword.MobileBuiltInKeywords.takeScreenshot(MobileBuiltInKeywords.groovy:218)
	at TestListener.afterTest(TestListener.groovy:45)
	at java.base/jdk.internal.reflect.NativeMethodAccessorImpl.invoke0(Native Method)
	at java.base/jdk.internal.reflect.NativeMethodAccessorImpl.invoke(NativeMethodAccessorImpl.java:77)
	at java.base/jdk.internal.reflect.DelegatingMethodAccessorImpl.invoke(DelegatingMethodAccessorImpl.java:43)
	at com.kms.katalon.core.context.internal.TestHooker.invokeMethod(TestHooker.java:111)
	at com.kms.katalon.core.context.internal.TestHooker.lambda$3(TestHooker.java:95)
	at com.kms.katalon.core.context.internal.TestHooker.invokeContextMethods(TestHooker.java:94)
	at com.kms.katalon.core.context.internal.TestListenerCollector.lambda$3(TestListenerCollector.java:88)
	at com.kms.katalon.core.context.internal.TestListenerCollector.handleListenerEvent(TestListenerCollector.java:85)
	at com.kms.katalon.core.context.internal.ExecutionEventManager.publicEvent(ExecutionEventManager.java:36)
	at com.kms.katalon.core.main.TestCaseExecutor.execute(TestCaseExecutor.java:315)
	at com.kms.katalon.core.common.CommonExecutor.accessTestCaseMainPhase(CommonExecutor.java:65)
	at com.kms.katalon.core.main.TestSuiteExecutor.accessTestSuiteMainPhase(TestSuiteExecutor.java:150)
	at com.kms.katalon.core.main.TestSuiteExecutor.execute(TestSuiteExecutor.java:106)
	at com.kms.katalon.core.main.TestCaseMain.startTestSuite(TestCaseMain.java:180)
	at TempTestSuite1747531571431.run(TempTestSuite1747531571431.groovy:35)
	at java.base/jdk.internal.reflect.NativeMethodAccessorImpl.invoke0(Native Method)
	at java.base/jdk.internal.reflect.NativeMethodAccessorImpl.invoke(NativeMethodAccessorImpl.java:77)
	at java.base/jdk.internal.reflect.DelegatingMethodAccessorImpl.invoke(DelegatingMethodAccessorImpl.java:43)
Caused by: org.openqa.selenium.WebDriverException: An unknown server-side error occurred while processing the command. Original error: 'GET /screenshot' cannot be proxied to UiAutomator2 server because the instrumentation process is not running (probably crashed). Check the server log and/or the logcat output for more details
Build info: version: '3.141.59', revision: 'unknown', time: 'unknown'
System info: host: '192.168.1.4.non-exists.ptr.local', ip: '2402:800:63f2:b9ce:1859:4296:77a1:a88d%en0', os.name: 'Mac OS X', os.arch: 'aarch64', os.version: '15.4.1', java.version: '17.0.7'
Driver info: com.kms.katalon.core.appium.driver.SwipeableAndroidDriver
Capabilities {automationName: UiAutomator2, databaseEnabled: false, desired: {automationName: UiAutomator2, deviceName: af0c5cf7, noReset: true, platformName: android, waitForIdleTimeout: 3000}, deviceApiLevel: 35, deviceManufacturer: OPPO, deviceModel: CPH2699, deviceName: af0c5cf7, deviceScreenDensity: 480, deviceScreenSize: 1080x2400, deviceUDID: af0c5cf7, javascriptEnabled: true, locationContextEnabled: false, networkConnectionEnabled: true, noReset: true, pixelRatio: 3, platform: LINUX, platformName: Android, platformVersion: 15, statBarHeight: 120, takesScreenshot: true, viewportRect: {height: 2280, left: 0, top: 120, width: 1080}, waitForIdleTimeout: 3000, warnings: {}, webStorageEnabled: false}
Session ID: c0c10e71-bfa6-42a0-bfc6-9e4517bcdaae
	at jdk.internal.reflect.GeneratedConstructorAccessor30.newInstance(Unknown Source)
	at java.base/jdk.internal.reflect.DelegatingConstructorAccessorImpl.newInstance(DelegatingConstructorAccessorImpl.java:45)
	at org.openqa.selenium.remote.http.W3CHttpResponseCodec.createException(W3CHttpResponseCodec.java:187)
	at org.openqa.selenium.remote.http.W3CHttpResponseCodec.decode(W3CHttpResponseCodec.java:122)
	at org.openqa.selenium.remote.http.W3CHttpResponseCodec.decode(W3CHttpResponseCodec.java:49)
	at org.openqa.selenium.remote.HttpCommandExecutor.execute(HttpCommandExecutor.java:158)
	at io.appium.java_client.remote.AppiumCommandExecutor.execute(AppiumCommandExecutor.java:239)
	at org.openqa.selenium.remote.RemoteWebDriver.execute(RemoteWebDriver.java:552)
	at io.appium.java_client.DefaultGenericMobileDriver.execute(DefaultGenericMobileDriver.java:46)
	at io.appium.java_client.AppiumDriver.execute(AppiumDriver.java:1)
	at io.appium.java_client.android.AndroidDriver.execute(AndroidDriver.java:1)
	at com.kms.katalon.core.appium.driver.SwipeableAndroidDriver.execute(SwipeableAndroidDriver.java:1)
	at org.openqa.selenium.remote.RemoteWebDriver.getScreenshotAs(RemoteWebDriver.java:295)
	at com.kms.katalon.core.mobile.helper.MobileScreenCaptor.takeScreenshot(MobileScreenCaptor.java:109)
	at com.kms.katalon.core.mobile.keyword.builtin.TakeScreenshotKeyword$_takeScreenshot_closure1.doCall(TakeScreenshotKeyword.groovy:110)
	at com.kms.katalon.core.mobile.keyword.builtin.TakeScreenshotKeyword$_takeScreenshot_closure1.call(TakeScreenshotKeyword.groovy)
	at com.kms.katalon.core.mobile.keyword.internal.MobileKeywordMain.runKeyword(MobileKeywordMain.groovy:30)
	... 23 more


18-05-2025T09:29:09 - [TEST_STEP][ERROR] - if (testCaseStatus != "PASSED"): com.kms.katalon.core.exception.StepFailedException: Unable to take screenshot
	at com.kms.katalon.core.mobile.keyword.internal.MobileKeywordMain.stepFailed(MobileKeywordMain.groovy:64)
	at com.kms.katalon.core.mobile.keyword.internal.MobileKeywordMain.runKeyword(MobileKeywordMain.groovy:34)
	at com.kms.katalon.core.mobile.keyword.builtin.TakeScreenshotKeyword.takeScreenshot(TakeScreenshotKeyword.groovy:94)
	at com.kms.katalon.core.mobile.keyword.builtin.TakeScreenshotKeyword.execute(TakeScreenshotKeyword.groovy:54)
	at com.kms.katalon.core.keyword.internal.KeywordExecutor.executeKeywordForPlatform(KeywordExecutor.groovy:74)
	at com.kms.katalon.core.mobile.keyword.MobileBuiltInKeywords.takeScreenshot(MobileBuiltInKeywords.groovy:218)
	at TestListener.afterTest(TestListener.groovy:45)
	at java.base/jdk.internal.reflect.NativeMethodAccessorImpl.invoke0(Native Method)
	at java.base/jdk.internal.reflect.NativeMethodAccessorImpl.invoke(NativeMethodAccessorImpl.java:77)
	at java.base/jdk.internal.reflect.DelegatingMethodAccessorImpl.invoke(DelegatingMethodAccessorImpl.java:43)
	at com.kms.katalon.core.context.internal.TestHooker.invokeMethod(TestHooker.java:111)
	at com.kms.katalon.core.context.internal.TestHooker.lambda$3(TestHooker.java:95)
	at com.kms.katalon.core.context.internal.TestHooker.invokeContextMethods(TestHooker.java:94)
	at com.kms.katalon.core.context.internal.TestListenerCollector.lambda$3(TestListenerCollector.java:88)
	at com.kms.katalon.core.context.internal.TestListenerCollector.handleListenerEvent(TestListenerCollector.java:85)
	at com.kms.katalon.core.context.internal.ExecutionEventManager.publicEvent(ExecutionEventManager.java:36)
	at com.kms.katalon.core.main.TestCaseExecutor.execute(TestCaseExecutor.java:315)
	at com.kms.katalon.core.common.CommonExecutor.accessTestCaseMainPhase(CommonExecutor.java:65)
	at com.kms.katalon.core.main.TestSuiteExecutor.accessTestSuiteMainPhase(TestSuiteExecutor.java:150)
	at com.kms.katalon.core.main.TestSuiteExecutor.execute(TestSuiteExecutor.java:106)
	at com.kms.katalon.core.main.TestCaseMain.startTestSuite(TestCaseMain.java:180)
	at TempTestSuite1747531571431.run(TempTestSuite1747531571431.groovy:35)
	at java.base/jdk.internal.reflect.NativeMethodAccessorImpl.invoke0(Native Method)
	at java.base/jdk.internal.reflect.NativeMethodAccessorImpl.invoke(NativeMethodAccessorImpl.java:77)
	at java.base/jdk.internal.reflect.DelegatingMethodAccessorImpl.invoke(DelegatingMethodAccessorImpl.java:43)
Caused by: org.openqa.selenium.WebDriverException: An unknown server-side error occurred while processing the command. Original error: 'GET /screenshot' cannot be proxied to UiAutomator2 server because the instrumentation process is not running (probably crashed). Check the server log and/or the logcat output for more details
Build info: version: '3.141.59', revision: 'unknown', time: 'unknown'
System info: host: '192.168.1.4.non-exists.ptr.local', ip: '2402:800:63f2:b9ce:1859:4296:77a1:a88d%en0', os.name: 'Mac OS X', os.arch: 'aarch64', os.version: '15.4.1', java.version: '17.0.7'
Driver info: com.kms.katalon.core.appium.driver.SwipeableAndroidDriver
Capabilities {automationName: UiAutomator2, databaseEnabled: false, desired: {automationName: UiAutomator2, deviceName: af0c5cf7, noReset: true, platformName: android, waitForIdleTimeout: 3000}, deviceApiLevel: 35, deviceManufacturer: OPPO, deviceModel: CPH2699, deviceName: af0c5cf7, deviceScreenDensity: 480, deviceScreenSize: 1080x2400, deviceUDID: af0c5cf7, javascriptEnabled: true, locationContextEnabled: false, networkConnectionEnabled: true, noReset: true, pixelRatio: 3, platform: LINUX, platformName: Android, platformVersion: 15, statBarHeight: 120, takesScreenshot: true, viewportRect: {height: 2280, left: 0, top: 120, width: 1080}, waitForIdleTimeout: 3000, warnings: {}, webStorageEnabled: false}
Session ID: c0c10e71-bfa6-42a0-bfc6-9e4517bcdaae
	at jdk.internal.reflect.GeneratedConstructorAccessor30.newInstance(Unknown Source)
	at java.base/jdk.internal.reflect.DelegatingConstructorAccessorImpl.newInstance(DelegatingConstructorAccessorImpl.java:45)
	at org.openqa.selenium.remote.http.W3CHttpResponseCodec.createException(W3CHttpResponseCodec.java:187)
	at org.openqa.selenium.remote.http.W3CHttpResponseCodec.decode(W3CHttpResponseCodec.java:122)
	at org.openqa.selenium.remote.http.W3CHttpResponseCodec.decode(W3CHttpResponseCodec.java:49)
	at org.openqa.selenium.remote.HttpCommandExecutor.execute(HttpCommandExecutor.java:158)
	at io.appium.java_client.remote.AppiumCommandExecutor.execute(AppiumCommandExecutor.java:239)
	at org.openqa.selenium.remote.RemoteWebDriver.execute(RemoteWebDriver.java:552)
	at io.appium.java_client.DefaultGenericMobileDriver.execute(DefaultGenericMobileDriver.java:46)
	at io.appium.java_client.AppiumDriver.execute(AppiumDriver.java:1)
	at io.appium.java_client.android.AndroidDriver.execute(AndroidDriver.java:1)
	at com.kms.katalon.core.appium.driver.SwipeableAndroidDriver.execute(SwipeableAndroidDriver.java:1)
	at org.openqa.selenium.remote.RemoteWebDriver.getScreenshotAs(RemoteWebDriver.java:295)
	at com.kms.katalon.core.mobile.helper.MobileScreenCaptor.takeScreenshot(MobileScreenCaptor.java:109)
	at com.kms.katalon.core.mobile.keyword.builtin.TakeScreenshotKeyword$_takeScreenshot_closure1.doCall(TakeScreenshotKeyword.groovy:110)
	at com.kms.katalon.core.mobile.keyword.builtin.TakeScreenshotKeyword$_takeScreenshot_closure1.call(TakeScreenshotKeyword.groovy)
	at com.kms.katalon.core.mobile.keyword.internal.MobileKeywordMain.runKeyword(MobileKeywordMain.groovy:30)
	... 23 more


18-05-2025T09:29:09 - [TEST_STEP][ERROR] - takeScreenshot(ErrorScreen/$GlobalVariable.PLATFORM/$testCaseContext.getTestCaseId().png): com.kms.katalon.core.exception.StepFailedException: Unable to take screenshot
	at com.kms.katalon.core.mobile.keyword.internal.MobileKeywordMain.stepFailed(MobileKeywordMain.groovy:64)
	at com.kms.katalon.core.mobile.keyword.internal.MobileKeywordMain.runKeyword(MobileKeywordMain.groovy:34)
	at com.kms.katalon.core.mobile.keyword.builtin.TakeScreenshotKeyword.takeScreenshot(TakeScreenshotKeyword.groovy:94)
	at com.kms.katalon.core.mobile.keyword.builtin.TakeScreenshotKeyword.execute(TakeScreenshotKeyword.groovy:54)
	at com.kms.katalon.core.keyword.internal.KeywordExecutor.executeKeywordForPlatform(KeywordExecutor.groovy:74)
	at com.kms.katalon.core.mobile.keyword.MobileBuiltInKeywords.takeScreenshot(MobileBuiltInKeywords.groovy:218)
	at TestListener.afterTest(TestListener.groovy:45)
	at java.base/jdk.internal.reflect.NativeMethodAccessorImpl.invoke0(Native Method)
	at java.base/jdk.internal.reflect.NativeMethodAccessorImpl.invoke(NativeMethodAccessorImpl.java:77)
	at java.base/jdk.internal.reflect.DelegatingMethodAccessorImpl.invoke(DelegatingMethodAccessorImpl.java:43)
	at com.kms.katalon.core.context.internal.TestHooker.invokeMethod(TestHooker.java:111)
	at com.kms.katalon.core.context.internal.TestHooker.lambda$3(TestHooker.java:95)
	at com.kms.katalon.core.context.internal.TestHooker.invokeContextMethods(TestHooker.java:94)
	at com.kms.katalon.core.context.internal.TestListenerCollector.lambda$3(TestListenerCollector.java:88)
	at com.kms.katalon.core.context.internal.TestListenerCollector.handleListenerEvent(TestListenerCollector.java:85)
	at com.kms.katalon.core.context.internal.ExecutionEventManager.publicEvent(ExecutionEventManager.java:36)
	at com.kms.katalon.core.main.TestCaseExecutor.execute(TestCaseExecutor.java:315)
	at com.kms.katalon.core.common.CommonExecutor.accessTestCaseMainPhase(CommonExecutor.java:65)
	at com.kms.katalon.core.main.TestSuiteExecutor.accessTestSuiteMainPhase(TestSuiteExecutor.java:150)
	at com.kms.katalon.core.main.TestSuiteExecutor.execute(TestSuiteExecutor.java:106)
	at com.kms.katalon.core.main.TestCaseMain.startTestSuite(TestCaseMain.java:180)
	at TempTestSuite1747531571431.run(TempTestSuite1747531571431.groovy:35)
	at java.base/jdk.internal.reflect.NativeMethodAccessorImpl.invoke0(Native Method)
	at java.base/jdk.internal.reflect.NativeMethodAccessorImpl.invoke(NativeMethodAccessorImpl.java:77)
	at java.base/jdk.internal.reflect.DelegatingMethodAccessorImpl.invoke(DelegatingMethodAccessorImpl.java:43)
Caused by: org.openqa.selenium.WebDriverException: An unknown server-side error occurred while processing the command. Original error: 'GET /screenshot' cannot be proxied to UiAutomator2 server because the instrumentation process is not running (probably crashed). Check the server log and/or the logcat output for more details
Build info: version: '3.141.59', revision: 'unknown', time: 'unknown'
System info: host: '192.168.1.4.non-exists.ptr.local', ip: '2402:800:63f2:b9ce:1859:4296:77a1:a88d%en0', os.name: 'Mac OS X', os.arch: 'aarch64', os.version: '15.4.1', java.version: '17.0.7'
Driver info: com.kms.katalon.core.appium.driver.SwipeableAndroidDriver
Capabilities {automationName: UiAutomator2, databaseEnabled: false, desired: {automationName: UiAutomator2, deviceName: af0c5cf7, noReset: true, platformName: android, waitForIdleTimeout: 3000}, deviceApiLevel: 35, deviceManufacturer: OPPO, deviceModel: CPH2699, deviceName: af0c5cf7, deviceScreenDensity: 480, deviceScreenSize: 1080x2400, deviceUDID: af0c5cf7, javascriptEnabled: true, locationContextEnabled: false, networkConnectionEnabled: true, noReset: true, pixelRatio: 3, platform: LINUX, platformName: Android, platformVersion: 15, statBarHeight: 120, takesScreenshot: true, viewportRect: {height: 2280, left: 0, top: 120, width: 1080}, waitForIdleTimeout: 3000, warnings: {}, webStorageEnabled: false}
Session ID: c0c10e71-bfa6-42a0-bfc6-9e4517bcdaae
	at jdk.internal.reflect.GeneratedConstructorAccessor30.newInstance(Unknown Source)
	at java.base/jdk.internal.reflect.DelegatingConstructorAccessorImpl.newInstance(DelegatingConstructorAccessorImpl.java:45)
	at org.openqa.selenium.remote.http.W3CHttpResponseCodec.createException(W3CHttpResponseCodec.java:187)
	at org.openqa.selenium.remote.http.W3CHttpResponseCodec.decode(W3CHttpResponseCodec.java:122)
	at org.openqa.selenium.remote.http.W3CHttpResponseCodec.decode(W3CHttpResponseCodec.java:49)
	at org.openqa.selenium.remote.HttpCommandExecutor.execute(HttpCommandExecutor.java:158)
	at io.appium.java_client.remote.AppiumCommandExecutor.execute(AppiumCommandExecutor.java:239)
	at org.openqa.selenium.remote.RemoteWebDriver.execute(RemoteWebDriver.java:552)
	at io.appium.java_client.DefaultGenericMobileDriver.execute(DefaultGenericMobileDriver.java:46)
	at io.appium.java_client.AppiumDriver.execute(AppiumDriver.java:1)
	at io.appium.java_client.android.AndroidDriver.execute(AndroidDriver.java:1)
	at com.kms.katalon.core.appium.driver.SwipeableAndroidDriver.execute(SwipeableAndroidDriver.java:1)
	at org.openqa.selenium.remote.RemoteWebDriver.getScreenshotAs(RemoteWebDriver.java:295)
	at com.kms.katalon.core.mobile.helper.MobileScreenCaptor.takeScreenshot(MobileScreenCaptor.java:109)
	at com.kms.katalon.core.mobile.keyword.builtin.TakeScreenshotKeyword$_takeScreenshot_closure1.doCall(TakeScreenshotKeyword.groovy:110)
	at com.kms.katalon.core.mobile.keyword.builtin.TakeScreenshotKeyword$_takeScreenshot_closure1.call(TakeScreenshotKeyword.groovy)
	at com.kms.katalon.core.mobile.keyword.internal.MobileKeywordMain.runKeyword(MobileKeywordMain.groovy:30)
	... 23 more


18-05-2025T09:29:09 - [MESSAGE][FAILED] - Unable to take screenshot (Root cause: com.kms.katalon.core.exception.StepFailedException: Unable to take screenshot
	at com.kms.katalon.core.mobile.keyword.internal.MobileKeywordMain.stepFailed(MobileKeywordMain.groovy:64)
	at com.kms.katalon.core.mobile.keyword.internal.MobileKeywordMain.runKeyword(MobileKeywordMain.groovy:34)
	at com.kms.katalon.core.mobile.keyword.builtin.TakeScreenshotKeyword.takeScreenshot(TakeScreenshotKeyword.groovy:94)
	at com.kms.katalon.core.mobile.keyword.builtin.TakeScreenshotKeyword.execute(TakeScreenshotKeyword.groovy:54)
	at com.kms.katalon.core.keyword.internal.KeywordExecutor.executeKeywordForPlatform(KeywordExecutor.groovy:74)
	at com.kms.katalon.core.mobile.keyword.MobileBuiltInKeywords.takeScreenshot(MobileBuiltInKeywords.groovy:218)
	at TestListener.afterTest(TestListener.groovy:45)
	at java.base/jdk.internal.reflect.NativeMethodAccessorImpl.invoke0(Native Method)
	at java.base/jdk.internal.reflect.NativeMethodAccessorImpl.invoke(NativeMethodAccessorImpl.java:77)
	at java.base/jdk.internal.reflect.DelegatingMethodAccessorImpl.invoke(DelegatingMethodAccessorImpl.java:43)
	at com.kms.katalon.core.context.internal.TestHooker.invokeMethod(TestHooker.java:111)
	at com.kms.katalon.core.context.internal.TestHooker.lambda$3(TestHooker.java:95)
	at com.kms.katalon.core.context.internal.TestHooker.invokeContextMethods(TestHooker.java:94)
	at com.kms.katalon.core.context.internal.TestListenerCollector.lambda$3(TestListenerCollector.java:88)
	at com.kms.katalon.core.context.internal.TestListenerCollector.handleListenerEvent(TestListenerCollector.java:85)
	at com.kms.katalon.core.context.internal.ExecutionEventManager.publicEvent(ExecutionEventManager.java:36)
	at com.kms.katalon.core.main.TestCaseExecutor.execute(TestCaseExecutor.java:315)
	at com.kms.katalon.core.common.CommonExecutor.accessTestCaseMainPhase(CommonExecutor.java:65)
	at com.kms.katalon.core.main.TestSuiteExecutor.accessTestSuiteMainPhase(TestSuiteExecutor.java:150)
	at com.kms.katalon.core.main.TestSuiteExecutor.execute(TestSuiteExecutor.java:106)
	at com.kms.katalon.core.main.TestCaseMain.startTestSuite(TestCaseMain.java:180)
	at TempTestSuite1747531571431.run(TempTestSuite1747531571431.groovy:35)
	at java.base/jdk.internal.reflect.NativeMethodAccessorImpl.invoke0(Native Method)
	at java.base/jdk.internal.reflect.NativeMethodAccessorImpl.invoke(NativeMethodAccessorImpl.java:77)
	at java.base/jdk.internal.reflect.DelegatingMethodAccessorImpl.invoke(DelegatingMethodAccessorImpl.java:43)
Caused by: org.openqa.selenium.WebDriverException: An unknown server-side error occurred while processing the command. Original error: 'GET /screenshot' cannot be proxied to UiAutomator2 server because the instrumentation process is not running (probably crashed). Check the server log and/or the logcat output for more details
Build info: version: '3.141.59', revision: 'unknown', time: 'unknown'
System info: host: '192.168.1.4.non-exists.ptr.local', ip: '2402:800:63f2:b9ce:1859:4296:77a1:a88d%en0', os.name: 'Mac OS X', os.arch: 'aarch64', os.version: '15.4.1', java.version: '17.0.7'
Driver info: com.kms.katalon.core.appium.driver.SwipeableAndroidDriver
Capabilities {automationName: UiAutomator2, databaseEnabled: false, desired: {automationName: UiAutomator2, deviceName: af0c5cf7, noReset: true, platformName: android, waitForIdleTimeout: 3000}, deviceApiLevel: 35, deviceManufacturer: OPPO, deviceModel: CPH2699, deviceName: af0c5cf7, deviceScreenDensity: 480, deviceScreenSize: 1080x2400, deviceUDID: af0c5cf7, javascriptEnabled: true, locationContextEnabled: false, networkConnectionEnabled: true, noReset: true, pixelRatio: 3, platform: LINUX, platformName: Android, platformVersion: 15, statBarHeight: 120, takesScreenshot: true, viewportRect: {height: 2280, left: 0, top: 120, width: 1080}, waitForIdleTimeout: 3000, warnings: {}, webStorageEnabled: false}
Session ID: c0c10e71-bfa6-42a0-bfc6-9e4517bcdaae
	at jdk.internal.reflect.GeneratedConstructorAccessor30.newInstance(Unknown Source)
	at java.base/jdk.internal.reflect.DelegatingConstructorAccessorImpl.newInstance(DelegatingConstructorAccessorImpl.java:45)
	at org.openqa.selenium.remote.http.W3CHttpResponseCodec.createException(W3CHttpResponseCodec.java:187)
	at org.openqa.selenium.remote.http.W3CHttpResponseCodec.decode(W3CHttpResponseCodec.java:122)
	at org.openqa.selenium.remote.http.W3CHttpResponseCodec.decode(W3CHttpResponseCodec.java:49)
	at org.openqa.selenium.remote.HttpCommandExecutor.execute(HttpCommandExecutor.java:158)
	at io.appium.java_client.remote.AppiumCommandExecutor.execute(AppiumCommandExecutor.java:239)
	at org.openqa.selenium.remote.RemoteWebDriver.execute(RemoteWebDriver.java:552)
	at io.appium.java_client.DefaultGenericMobileDriver.execute(DefaultGenericMobileDriver.java:46)
	at io.appium.java_client.AppiumDriver.execute(AppiumDriver.java:1)
	at io.appium.java_client.android.AndroidDriver.execute(AndroidDriver.java:1)
	at com.kms.katalon.core.appium.driver.SwipeableAndroidDriver.execute(SwipeableAndroidDriver.java:1)
	at org.openqa.selenium.remote.RemoteWebDriver.getScreenshotAs(RemoteWebDriver.java:295)
	at com.kms.katalon.core.mobile.helper.MobileScreenCaptor.takeScreenshot(MobileScreenCaptor.java:109)
	at com.kms.katalon.core.mobile.keyword.builtin.TakeScreenshotKeyword$_takeScreenshot_closure1.doCall(TakeScreenshotKeyword.groovy:110)
	at com.kms.katalon.core.mobile.keyword.builtin.TakeScreenshotKeyword$_takeScreenshot_closure1.call(TakeScreenshotKeyword.groovy)
	at com.kms.katalon.core.mobile.keyword.internal.MobileKeywordMain.runKeyword(MobileKeywordMain.groovy:30)
	... 23 more
)

18-05-2025T09:29:09 - [MESSAGE][ERROR] - com.kms.katalon.core.exception.StepFailedException: Unable to take screenshot
	at com.kms.katalon.core.mobile.keyword.internal.MobileKeywordMain.stepFailed(MobileKeywordMain.groovy:64)
	at com.kms.katalon.core.mobile.keyword.internal.MobileKeywordMain.runKeyword(MobileKeywordMain.groovy:34)
	at com.kms.katalon.core.mobile.keyword.builtin.TakeScreenshotKeyword.takeScreenshot(TakeScreenshotKeyword.groovy:94)
	at com.kms.katalon.core.mobile.keyword.builtin.TakeScreenshotKeyword.execute(TakeScreenshotKeyword.groovy:54)
	at com.kms.katalon.core.keyword.internal.KeywordExecutor.executeKeywordForPlatform(KeywordExecutor.groovy:74)
	at com.kms.katalon.core.mobile.keyword.MobileBuiltInKeywords.takeScreenshot(MobileBuiltInKeywords.groovy:218)
	at TestListener.afterTest(TestListener.groovy:45)
	at java.base/jdk.internal.reflect.NativeMethodAccessorImpl.invoke0(Native Method)
	at java.base/jdk.internal.reflect.NativeMethodAccessorImpl.invoke(NativeMethodAccessorImpl.java:77)
	at java.base/jdk.internal.reflect.DelegatingMethodAccessorImpl.invoke(DelegatingMethodAccessorImpl.java:43)
	at com.kms.katalon.core.context.internal.TestHooker.invokeMethod(TestHooker.java:111)
	at com.kms.katalon.core.context.internal.TestHooker.lambda$3(TestHooker.java:95)
	at com.kms.katalon.core.context.internal.TestHooker.invokeContextMethods(TestHooker.java:94)
	at com.kms.katalon.core.context.internal.TestListenerCollector.lambda$3(TestListenerCollector.java:88)
	at com.kms.katalon.core.context.internal.TestListenerCollector.handleListenerEvent(TestListenerCollector.java:85)
	at com.kms.katalon.core.context.internal.ExecutionEventManager.publicEvent(ExecutionEventManager.java:36)
	at com.kms.katalon.core.main.TestCaseExecutor.execute(TestCaseExecutor.java:315)
	at com.kms.katalon.core.common.CommonExecutor.accessTestCaseMainPhase(CommonExecutor.java:65)
	at com.kms.katalon.core.main.TestSuiteExecutor.accessTestSuiteMainPhase(TestSuiteExecutor.java:150)
	at com.kms.katalon.core.main.TestSuiteExecutor.execute(TestSuiteExecutor.java:106)
	at com.kms.katalon.core.main.TestCaseMain.startTestSuite(TestCaseMain.java:180)
	at TempTestSuite1747531571431.run(TempTestSuite1747531571431.groovy:35)
	at java.base/jdk.internal.reflect.NativeMethodAccessorImpl.invoke0(Native Method)
	at java.base/jdk.internal.reflect.NativeMethodAccessorImpl.invoke(NativeMethodAccessorImpl.java:77)
	at java.base/jdk.internal.reflect.DelegatingMethodAccessorImpl.invoke(DelegatingMethodAccessorImpl.java:43)
Caused by: org.openqa.selenium.WebDriverException: An unknown server-side error occurred while processing the command. Original error: 'GET /screenshot' cannot be proxied to UiAutomator2 server because the instrumentation process is not running (probably crashed). Check the server log and/or the logcat output for more details
Build info: version: '3.141.59', revision: 'unknown', time: 'unknown'
System info: host: '192.168.1.4.non-exists.ptr.local', ip: '2402:800:63f2:b9ce:1859:4296:77a1:a88d%en0', os.name: 'Mac OS X', os.arch: 'aarch64', os.version: '15.4.1', java.version: '17.0.7'
Driver info: com.kms.katalon.core.appium.driver.SwipeableAndroidDriver
Capabilities {automationName: UiAutomator2, databaseEnabled: false, desired: {automationName: UiAutomator2, deviceName: af0c5cf7, noReset: true, platformName: android, waitForIdleTimeout: 3000}, deviceApiLevel: 35, deviceManufacturer: OPPO, deviceModel: CPH2699, deviceName: af0c5cf7, deviceScreenDensity: 480, deviceScreenSize: 1080x2400, deviceUDID: af0c5cf7, javascriptEnabled: true, locationContextEnabled: false, networkConnectionEnabled: true, noReset: true, pixelRatio: 3, platform: LINUX, platformName: Android, platformVersion: 15, statBarHeight: 120, takesScreenshot: true, viewportRect: {height: 2280, left: 0, top: 120, width: 1080}, waitForIdleTimeout: 3000, warnings: {}, webStorageEnabled: false}
Session ID: c0c10e71-bfa6-42a0-bfc6-9e4517bcdaae
	at jdk.internal.reflect.GeneratedConstructorAccessor30.newInstance(Unknown Source)
	at java.base/jdk.internal.reflect.DelegatingConstructorAccessorImpl.newInstance(DelegatingConstructorAccessorImpl.java:45)
	at org.openqa.selenium.remote.http.W3CHttpResponseCodec.createException(W3CHttpResponseCodec.java:187)
	at org.openqa.selenium.remote.http.W3CHttpResponseCodec.decode(W3CHttpResponseCodec.java:122)
	at org.openqa.selenium.remote.http.W3CHttpResponseCodec.decode(W3CHttpResponseCodec.java:49)
	at org.openqa.selenium.remote.HttpCommandExecutor.execute(HttpCommandExecutor.java:158)
	at io.appium.java_client.remote.AppiumCommandExecutor.execute(AppiumCommandExecutor.java:239)
	at org.openqa.selenium.remote.RemoteWebDriver.execute(RemoteWebDriver.java:552)
	at io.appium.java_client.DefaultGenericMobileDriver.execute(DefaultGenericMobileDriver.java:46)
	at io.appium.java_client.AppiumDriver.execute(AppiumDriver.java:1)
	at io.appium.java_client.android.AndroidDriver.execute(AndroidDriver.java:1)
	at com.kms.katalon.core.appium.driver.SwipeableAndroidDriver.execute(SwipeableAndroidDriver.java:1)
	at org.openqa.selenium.remote.RemoteWebDriver.getScreenshotAs(RemoteWebDriver.java:295)
	at com.kms.katalon.core.mobile.helper.MobileScreenCaptor.takeScreenshot(MobileScreenCaptor.java:109)
	at com.kms.katalon.core.mobile.keyword.builtin.TakeScreenshotKeyword$_takeScreenshot_closure1.doCall(TakeScreenshotKeyword.groovy:110)
	at com.kms.katalon.core.mobile.keyword.builtin.TakeScreenshotKeyword$_takeScreenshot_closure1.call(TakeScreenshotKeyword.groovy)
	at com.kms.katalon.core.mobile.keyword.internal.MobileKeywordMain.runKeyword(MobileKeywordMain.groovy:30)
	... 23 more]]></system-out>
         <system-err><![CDATA[18-05-2025T09:29:09 - [TEST_CASE][ERROR] - Test Cases/IPAPER APP/024 TRA VE CHI TIET_NHAP Y KIEN: Test Cases/IPAPER APP/024 TRA VE CHI TIET_NHAP Y KIEN FAILED.
Reason:
org.openqa.selenium.WebDriverException: An unknown server-side error occurred while processing the command. Original error: 'POST /elements' cannot be proxied to UiAutomator2 server because the instrumentation process is not running (probably crashed). Check the server log and/or the logcat output for more details
Build info: version: '3.141.59', revision: 'unknown', time: 'unknown'
System info: host: '192.168.1.4.non-exists.ptr.local', ip: '2402:800:63f2:b9ce:1859:4296:77a1:a88d%en0', os.name: 'Mac OS X', os.arch: 'aarch64', os.version: '15.4.1', java.version: '17.0.7'
Driver info: com.kms.katalon.core.appium.driver.SwipeableAndroidDriver
Capabilities {automationName: UiAutomator2, databaseEnabled: false, desired: {automationName: UiAutomator2, deviceName: af0c5cf7, noReset: true, platformName: android, waitForIdleTimeout: 3000}, deviceApiLevel: 35, deviceManufacturer: OPPO, deviceModel: CPH2699, deviceName: af0c5cf7, deviceScreenDensity: 480, deviceScreenSize: 1080x2400, deviceUDID: af0c5cf7, javascriptEnabled: true, locationContextEnabled: false, networkConnectionEnabled: true, noReset: true, pixelRatio: 3, platform: LINUX, platformName: Android, platformVersion: 15, statBarHeight: 120, takesScreenshot: true, viewportRect: {height: 2280, left: 0, top: 120, width: 1080}, waitForIdleTimeout: 3000, warnings: {}, webStorageEnabled: false}
Session ID: c0c10e71-bfa6-42a0-bfc6-9e4517bcdaae
*** Element info: {Using=xpath, value=//android.widget.EditText[@resource-id='com.hdbank.ipaper:id/edit_text_user_name']}
	at jdk.internal.reflect.GeneratedConstructorAccessor30.newInstance(Unknown Source)
	at java.base/jdk.internal.reflect.DelegatingConstructorAccessorImpl.newInstance(DelegatingConstructorAccessorImpl.java:45)
	at org.openqa.selenium.remote.http.W3CHttpResponseCodec.createException(W3CHttpResponseCodec.java:187)
	at org.openqa.selenium.remote.http.W3CHttpResponseCodec.decode(W3CHttpResponseCodec.java:122)
	at org.openqa.selenium.remote.http.W3CHttpResponseCodec.decode(W3CHttpResponseCodec.java:49)
	at org.openqa.selenium.remote.HttpCommandExecutor.execute(HttpCommandExecutor.java:158)
	at io.appium.java_client.remote.AppiumCommandExecutor.execute(AppiumCommandExecutor.java:239)
	at org.openqa.selenium.remote.RemoteWebDriver.execute(RemoteWebDriver.java:552)
	at io.appium.java_client.DefaultGenericMobileDriver.execute(DefaultGenericMobileDriver.java:42)
	at io.appium.java_client.AppiumDriver.execute(AppiumDriver.java:1)
	at io.appium.java_client.android.AndroidDriver.execute(AndroidDriver.java:1)
	at com.kms.katalon.core.appium.driver.SwipeableAndroidDriver.execute(SwipeableAndroidDriver.java:1)
	at org.openqa.selenium.remote.RemoteWebDriver.findElements(RemoteWebDriver.java:353)
	at io.appium.java_client.DefaultGenericMobileDriver.findElements(DefaultGenericMobileDriver.java:54)
	at io.appium.java_client.AppiumDriver.findElements(AppiumDriver.java:152)
	at org.openqa.selenium.remote.RemoteWebDriver.findElementsByXPath(RemoteWebDriver.java:432)
	at io.appium.java_client.DefaultGenericMobileDriver.findElementsByXPath(DefaultGenericMobileDriver.java:156)
	at io.appium.java_client.AppiumDriver.findElementsByXPath(AppiumDriver.java:184)
	at org.openqa.selenium.By$ByXPath.findElements(By.java:348)
	at org.openqa.selenium.remote.RemoteWebDriver.findElements(RemoteWebDriver.java:311)
	at io.appium.java_client.DefaultGenericMobileDriver.findElements(DefaultGenericMobileDriver.java:50)
	at io.appium.java_client.AppiumDriver.findElements(AppiumDriver.java:148)
	at base.BaseKeyword$Trait$Helper.isDisplayed(BaseKeyword.groovy:234)
	at screens.LoginScreen.isDisplayed(LoginScreen.groovy)
	at base.BaseKeyword$Trait$Helper.isDisplayed(BaseKeyword.groovy:229)
	at screens.LoginScreen.isDisplayed(LoginScreen.groovy)
	at screens.LoginScreen.isGuest(LoginScreen.groovy:34)
	at screens.LoginScreen.login(LoginScreen.groovy:10)
	at 024 TRA VE CHI TIET_NHAP Y KIEN.run(024 TRA VE CHI TIET_NHAP Y KIEN:18)
	at com.kms.katalon.core.main.ScriptEngine.run(ScriptEngine.java:194)
	at com.kms.katalon.core.main.ScriptEngine.runScriptAsRawText(ScriptEngine.java:119)
	at com.kms.katalon.core.main.TestCaseExecutor.runScript(TestCaseExecutor.java:448)
	at com.kms.katalon.core.main.TestCaseExecutor.doExecute(TestCaseExecutor.java:439)
	at com.kms.katalon.core.main.TestCaseExecutor.processExecutionPhase(TestCaseExecutor.java:418)
	at com.kms.katalon.core.main.TestCaseExecutor.accessMainPhase(TestCaseExecutor.java:410)
	at com.kms.katalon.core.main.TestCaseExecutor.execute(TestCaseExecutor.java:285)
	at com.kms.katalon.core.common.CommonExecutor.accessTestCaseMainPhase(CommonExecutor.java:65)
	at com.kms.katalon.core.main.TestSuiteExecutor.accessTestSuiteMainPhase(TestSuiteExecutor.java:150)
	at com.kms.katalon.core.main.TestSuiteExecutor.execute(TestSuiteExecutor.java:106)
	at com.kms.katalon.core.main.TestCaseMain.startTestSuite(TestCaseMain.java:180)
	at TempTestSuite1747531571431.run(TempTestSuite1747531571431.groovy:35)
	at java.base/jdk.internal.reflect.NativeMethodAccessorImpl.invoke0(Native Method)
	at java.base/jdk.internal.reflect.NativeMethodAccessorImpl.invoke(NativeMethodAccessorImpl.java:77)
	at java.base/jdk.internal.reflect.DelegatingMethodAccessorImpl.invoke(DelegatingMethodAccessorImpl.java:43)]]></system-err>
      </testcase>
      <testcase name="Test Cases/IPAPER APP/009 DUYET NHANH" time="0.33" classname="Test Cases/IPAPER APP/009 DUYET NHANH" status="ERROR">
         <error type="ERROR" message="Test Cases/IPAPER APP/009 DUYET NHANH FAILED.&#xa;Reason:&#xa;org.openqa.selenium.WebDriverException: An unknown server-side error occurred while processing the command. Original error: 'POST /elements' cannot be proxied to UiAutomator2 server because the instrumentation process is not running (probably crashed). Check the server log and/or the logcat output for more details&#xa;Build info: version: '3.141.59', revision: 'unknown', time: 'unknown'&#xa;System info: host: '192.168.1.4.non-exists.ptr.local', ip: '2402:800:63f2:b9ce:1859:4296:77a1:a88d%en0', os.name: 'Mac OS X', os.arch: 'aarch64', os.version: '15.4.1', java.version: '17.0.7'&#xa;Driver info: com.kms.katalon.core.appium.driver.SwipeableAndroidDriver&#xa;Capabilities {automationName: UiAutomator2, databaseEnabled: false, desired: {automationName: UiAutomator2, deviceName: af0c5cf7, noReset: true, platformName: android, waitForIdleTimeout: 3000}, deviceApiLevel: 35, deviceManufacturer: OPPO, deviceModel: CPH2699, deviceName: af0c5cf7, deviceScreenDensity: 480, deviceScreenSize: 1080x2400, deviceUDID: af0c5cf7, javascriptEnabled: true, locationContextEnabled: false, networkConnectionEnabled: true, noReset: true, pixelRatio: 3, platform: LINUX, platformName: Android, platformVersion: 15, statBarHeight: 120, takesScreenshot: true, viewportRect: {height: 2280, left: 0, top: 120, width: 1080}, waitForIdleTimeout: 3000, warnings: {}, webStorageEnabled: false}&#xa;Session ID: c0c10e71-bfa6-42a0-bfc6-9e4517bcdaae&#xa;*** Element info: {Using=xpath, value=//android.widget.EditText[@resource-id='com.hdbank.ipaper:id/edit_text_user_name']}&#xa;	at jdk.internal.reflect.GeneratedConstructorAccessor30.newInstance(Unknown Source)&#xa;	at java.base/jdk.internal.reflect.DelegatingConstructorAccessorImpl.newInstance(DelegatingConstructorAccessorImpl.java:45)&#xa;	at org.openqa.selenium.remote.http.W3CHttpResponseCodec.createException(W3CHttpResponseCodec.java:187)&#xa;	at org.openqa.selenium.remote.http.W3CHttpResponseCodec.decode(W3CHttpResponseCodec.java:122)&#xa;	at org.openqa.selenium.remote.http.W3CHttpResponseCodec.decode(W3CHttpResponseCodec.java:49)&#xa;	at org.openqa.selenium.remote.HttpCommandExecutor.execute(HttpCommandExecutor.java:158)&#xa;	at io.appium.java_client.remote.AppiumCommandExecutor.execute(AppiumCommandExecutor.java:239)&#xa;	at org.openqa.selenium.remote.RemoteWebDriver.execute(RemoteWebDriver.java:552)&#xa;	at io.appium.java_client.DefaultGenericMobileDriver.execute(DefaultGenericMobileDriver.java:42)&#xa;	at io.appium.java_client.AppiumDriver.execute(AppiumDriver.java:1)&#xa;	at io.appium.java_client.android.AndroidDriver.execute(AndroidDriver.java:1)&#xa;	at com.kms.katalon.core.appium.driver.SwipeableAndroidDriver.execute(SwipeableAndroidDriver.java:1)&#xa;	at org.openqa.selenium.remote.RemoteWebDriver.findElements(RemoteWebDriver.java:353)&#xa;	at io.appium.java_client.DefaultGenericMobileDriver.findElements(DefaultGenericMobileDriver.java:54)&#xa;	at io.appium.java_client.AppiumDriver.findElements(AppiumDriver.java:152)&#xa;	at org.openqa.selenium.remote.RemoteWebDriver.findElementsByXPath(RemoteWebDriver.java:432)&#xa;	at io.appium.java_client.DefaultGenericMobileDriver.findElementsByXPath(DefaultGenericMobileDriver.java:156)&#xa;	at io.appium.java_client.AppiumDriver.findElementsByXPath(AppiumDriver.java:184)&#xa;	at org.openqa.selenium.By$ByXPath.findElements(By.java:348)&#xa;	at org.openqa.selenium.remote.RemoteWebDriver.findElements(RemoteWebDriver.java:311)&#xa;	at io.appium.java_client.DefaultGenericMobileDriver.findElements(DefaultGenericMobileDriver.java:50)&#xa;	at io.appium.java_client.AppiumDriver.findElements(AppiumDriver.java:148)&#xa;	at base.BaseKeyword$Trait$Helper.isDisplayed(BaseKeyword.groovy:234)&#xa;	at screens.LoginScreen.isDisplayed(LoginScreen.groovy)&#xa;	at base.BaseKeyword$Trait$Helper.isDisplayed(BaseKeyword.groovy:229)&#xa;	at screens.LoginScreen.isDisplayed(LoginScreen.groovy)&#xa;	at screens.LoginScreen.isGuest(LoginScreen.groovy:34)&#xa;	at screens.LoginScreen.login(LoginScreen.groovy:10)&#xa;	at 009 DUYET NHANH.run(009 DUYET NHANH:16)&#xa;	at com.kms.katalon.core.main.ScriptEngine.run(ScriptEngine.java:194)&#xa;	at com.kms.katalon.core.main.ScriptEngine.runScriptAsRawText(ScriptEngine.java:119)&#xa;	at com.kms.katalon.core.main.TestCaseExecutor.runScript(TestCaseExecutor.java:448)&#xa;	at com.kms.katalon.core.main.TestCaseExecutor.doExecute(TestCaseExecutor.java:439)&#xa;	at com.kms.katalon.core.main.TestCaseExecutor.processExecutionPhase(TestCaseExecutor.java:418)&#xa;	at com.kms.katalon.core.main.TestCaseExecutor.accessMainPhase(TestCaseExecutor.java:410)&#xa;	at com.kms.katalon.core.main.TestCaseExecutor.execute(TestCaseExecutor.java:285)&#xa;	at com.kms.katalon.core.common.CommonExecutor.accessTestCaseMainPhase(CommonExecutor.java:65)&#xa;	at com.kms.katalon.core.main.TestSuiteExecutor.accessTestSuiteMainPhase(TestSuiteExecutor.java:150)&#xa;	at com.kms.katalon.core.main.TestSuiteExecutor.execute(TestSuiteExecutor.java:106)&#xa;	at com.kms.katalon.core.main.TestCaseMain.startTestSuite(TestCaseMain.java:180)&#xa;	at TempTestSuite1747531571431.run(TempTestSuite1747531571431.groovy:35)&#xa;	at java.base/jdk.internal.reflect.NativeMethodAccessorImpl.invoke0(Native Method)&#xa;	at java.base/jdk.internal.reflect.NativeMethodAccessorImpl.invoke(NativeMethodAccessorImpl.java:77)&#xa;	at java.base/jdk.internal.reflect.DelegatingMethodAccessorImpl.invoke(DelegatingMethodAccessorImpl.java:43)&#xa;"/>
         <system-out><![CDATA[18-05-2025T09:29:09 - [TEST_CASE][ERROR] - Test Cases/IPAPER APP/009 DUYET NHANH: Test Cases/IPAPER APP/009 DUYET NHANH FAILED.
Reason:
org.openqa.selenium.WebDriverException: An unknown server-side error occurred while processing the command. Original error: 'POST /elements' cannot be proxied to UiAutomator2 server because the instrumentation process is not running (probably crashed). Check the server log and/or the logcat output for more details
Build info: version: '3.141.59', revision: 'unknown', time: 'unknown'
System info: host: '192.168.1.4.non-exists.ptr.local', ip: '2402:800:63f2:b9ce:1859:4296:77a1:a88d%en0', os.name: 'Mac OS X', os.arch: 'aarch64', os.version: '15.4.1', java.version: '17.0.7'
Driver info: com.kms.katalon.core.appium.driver.SwipeableAndroidDriver
Capabilities {automationName: UiAutomator2, databaseEnabled: false, desired: {automationName: UiAutomator2, deviceName: af0c5cf7, noReset: true, platformName: android, waitForIdleTimeout: 3000}, deviceApiLevel: 35, deviceManufacturer: OPPO, deviceModel: CPH2699, deviceName: af0c5cf7, deviceScreenDensity: 480, deviceScreenSize: 1080x2400, deviceUDID: af0c5cf7, javascriptEnabled: true, locationContextEnabled: false, networkConnectionEnabled: true, noReset: true, pixelRatio: 3, platform: LINUX, platformName: Android, platformVersion: 15, statBarHeight: 120, takesScreenshot: true, viewportRect: {height: 2280, left: 0, top: 120, width: 1080}, waitForIdleTimeout: 3000, warnings: {}, webStorageEnabled: false}
Session ID: c0c10e71-bfa6-42a0-bfc6-9e4517bcdaae
*** Element info: {Using=xpath, value=//android.widget.EditText[@resource-id='com.hdbank.ipaper:id/edit_text_user_name']}
	at jdk.internal.reflect.GeneratedConstructorAccessor30.newInstance(Unknown Source)
	at java.base/jdk.internal.reflect.DelegatingConstructorAccessorImpl.newInstance(DelegatingConstructorAccessorImpl.java:45)
	at org.openqa.selenium.remote.http.W3CHttpResponseCodec.createException(W3CHttpResponseCodec.java:187)
	at org.openqa.selenium.remote.http.W3CHttpResponseCodec.decode(W3CHttpResponseCodec.java:122)
	at org.openqa.selenium.remote.http.W3CHttpResponseCodec.decode(W3CHttpResponseCodec.java:49)
	at org.openqa.selenium.remote.HttpCommandExecutor.execute(HttpCommandExecutor.java:158)
	at io.appium.java_client.remote.AppiumCommandExecutor.execute(AppiumCommandExecutor.java:239)
	at org.openqa.selenium.remote.RemoteWebDriver.execute(RemoteWebDriver.java:552)
	at io.appium.java_client.DefaultGenericMobileDriver.execute(DefaultGenericMobileDriver.java:42)
	at io.appium.java_client.AppiumDriver.execute(AppiumDriver.java:1)
	at io.appium.java_client.android.AndroidDriver.execute(AndroidDriver.java:1)
	at com.kms.katalon.core.appium.driver.SwipeableAndroidDriver.execute(SwipeableAndroidDriver.java:1)
	at org.openqa.selenium.remote.RemoteWebDriver.findElements(RemoteWebDriver.java:353)
	at io.appium.java_client.DefaultGenericMobileDriver.findElements(DefaultGenericMobileDriver.java:54)
	at io.appium.java_client.AppiumDriver.findElements(AppiumDriver.java:152)
	at org.openqa.selenium.remote.RemoteWebDriver.findElementsByXPath(RemoteWebDriver.java:432)
	at io.appium.java_client.DefaultGenericMobileDriver.findElementsByXPath(DefaultGenericMobileDriver.java:156)
	at io.appium.java_client.AppiumDriver.findElementsByXPath(AppiumDriver.java:184)
	at org.openqa.selenium.By$ByXPath.findElements(By.java:348)
	at org.openqa.selenium.remote.RemoteWebDriver.findElements(RemoteWebDriver.java:311)
	at io.appium.java_client.DefaultGenericMobileDriver.findElements(DefaultGenericMobileDriver.java:50)
	at io.appium.java_client.AppiumDriver.findElements(AppiumDriver.java:148)
	at base.BaseKeyword$Trait$Helper.isDisplayed(BaseKeyword.groovy:234)
	at screens.LoginScreen.isDisplayed(LoginScreen.groovy)
	at base.BaseKeyword$Trait$Helper.isDisplayed(BaseKeyword.groovy:229)
	at screens.LoginScreen.isDisplayed(LoginScreen.groovy)
	at screens.LoginScreen.isGuest(LoginScreen.groovy:34)
	at screens.LoginScreen.login(LoginScreen.groovy:10)
	at 009 DUYET NHANH.run(009 DUYET NHANH:16)
	at com.kms.katalon.core.main.ScriptEngine.run(ScriptEngine.java:194)
	at com.kms.katalon.core.main.ScriptEngine.runScriptAsRawText(ScriptEngine.java:119)
	at com.kms.katalon.core.main.TestCaseExecutor.runScript(TestCaseExecutor.java:448)
	at com.kms.katalon.core.main.TestCaseExecutor.doExecute(TestCaseExecutor.java:439)
	at com.kms.katalon.core.main.TestCaseExecutor.processExecutionPhase(TestCaseExecutor.java:418)
	at com.kms.katalon.core.main.TestCaseExecutor.accessMainPhase(TestCaseExecutor.java:410)
	at com.kms.katalon.core.main.TestCaseExecutor.execute(TestCaseExecutor.java:285)
	at com.kms.katalon.core.common.CommonExecutor.accessTestCaseMainPhase(CommonExecutor.java:65)
	at com.kms.katalon.core.main.TestSuiteExecutor.accessTestSuiteMainPhase(TestSuiteExecutor.java:150)
	at com.kms.katalon.core.main.TestSuiteExecutor.execute(TestSuiteExecutor.java:106)
	at com.kms.katalon.core.main.TestCaseMain.startTestSuite(TestCaseMain.java:180)
	at TempTestSuite1747531571431.run(TempTestSuite1747531571431.groovy:35)
	at java.base/jdk.internal.reflect.NativeMethodAccessorImpl.invoke0(Native Method)
	at java.base/jdk.internal.reflect.NativeMethodAccessorImpl.invoke(NativeMethodAccessorImpl.java:77)
	at java.base/jdk.internal.reflect.DelegatingMethodAccessorImpl.invoke(DelegatingMethodAccessorImpl.java:43)


18-05-2025T09:29:09 - [TEST_STEP][ERROR] - Start listener action : beforeTest: com.kms.katalon.core.exception.StepErrorException: org.openqa.selenium.WebDriverException: An unknown server-side error occurred while processing the command. Original error: 'POST /elements' cannot be proxied to UiAutomator2 server because the instrumentation process is not running (probably crashed). Check the server log and/or the logcat output for more details
Build info: version: '3.141.59', revision: 'unknown', time: 'unknown'
System info: host: '192.168.1.4.non-exists.ptr.local', ip: '2402:800:63f2:b9ce:1859:4296:77a1:a88d%en0', os.name: 'Mac OS X', os.arch: 'aarch64', os.version: '15.4.1', java.version: '17.0.7'
Driver info: com.kms.katalon.core.appium.driver.SwipeableAndroidDriver
Capabilities {automationName: UiAutomator2, databaseEnabled: false, desired: {automationName: UiAutomator2, deviceName: af0c5cf7, noReset: true, platformName: android, waitForIdleTimeout: 3000}, deviceApiLevel: 35, deviceManufacturer: OPPO, deviceModel: CPH2699, deviceName: af0c5cf7, deviceScreenDensity: 480, deviceScreenSize: 1080x2400, deviceUDID: af0c5cf7, javascriptEnabled: true, locationContextEnabled: false, networkConnectionEnabled: true, noReset: true, pixelRatio: 3, platform: LINUX, platformName: Android, platformVersion: 15, statBarHeight: 120, takesScreenshot: true, viewportRect: {height: 2280, left: 0, top: 120, width: 1080}, waitForIdleTimeout: 3000, warnings: {}, webStorageEnabled: false}
Session ID: c0c10e71-bfa6-42a0-bfc6-9e4517bcdaae
*** Element info: {Using=id, value=com.hdbank.ipaper:id/img_logo}
	at com.kms.katalon.core.main.CustomKeywordDelegatingMetaClass.throwError(CustomKeywordDelegatingMetaClass.java:101)
	at com.kms.katalon.core.main.CustomKeywordDelegatingMetaClass.invokeStaticMethod(CustomKeywordDelegatingMetaClass.java:73)
	at TestListener.beforeTest(TestListener.groovy:39)
	at java.base/jdk.internal.reflect.NativeMethodAccessorImpl.invoke0(Native Method)
	at java.base/jdk.internal.reflect.NativeMethodAccessorImpl.invoke(NativeMethodAccessorImpl.java:77)
	at java.base/jdk.internal.reflect.DelegatingMethodAccessorImpl.invoke(DelegatingMethodAccessorImpl.java:43)
	at com.kms.katalon.core.context.internal.TestHooker.invokeMethod(TestHooker.java:111)
	at com.kms.katalon.core.context.internal.TestHooker.lambda$3(TestHooker.java:95)
	at com.kms.katalon.core.context.internal.TestHooker.invokeContextMethods(TestHooker.java:94)
	at com.kms.katalon.core.context.internal.TestListenerCollector.lambda$3(TestListenerCollector.java:88)
	at com.kms.katalon.core.context.internal.TestListenerCollector.handleListenerEvent(TestListenerCollector.java:85)
	at com.kms.katalon.core.context.internal.ExecutionEventManager.publicEvent(ExecutionEventManager.java:36)
	at com.kms.katalon.core.main.TestCaseExecutor.execute(TestCaseExecutor.java:268)
	at com.kms.katalon.core.common.CommonExecutor.accessTestCaseMainPhase(CommonExecutor.java:65)
	at com.kms.katalon.core.main.TestSuiteExecutor.accessTestSuiteMainPhase(TestSuiteExecutor.java:150)
	at com.kms.katalon.core.main.TestSuiteExecutor.execute(TestSuiteExecutor.java:106)
	at com.kms.katalon.core.main.TestCaseMain.startTestSuite(TestCaseMain.java:180)
	at TempTestSuite1747531571431.run(TempTestSuite1747531571431.groovy:35)
	at java.base/jdk.internal.reflect.NativeMethodAccessorImpl.invoke0(Native Method)
	at java.base/jdk.internal.reflect.NativeMethodAccessorImpl.invoke(NativeMethodAccessorImpl.java:77)
	at java.base/jdk.internal.reflect.DelegatingMethodAccessorImpl.invoke(DelegatingMethodAccessorImpl.java:43)
Caused by: org.openqa.selenium.WebDriverException: An unknown server-side error occurred while processing the command. Original error: 'POST /elements' cannot be proxied to UiAutomator2 server because the instrumentation process is not running (probably crashed). Check the server log and/or the logcat output for more details
Build info: version: '3.141.59', revision: 'unknown', time: 'unknown'
System info: host: '192.168.1.4.non-exists.ptr.local', ip: '2402:800:63f2:b9ce:1859:4296:77a1:a88d%en0', os.name: 'Mac OS X', os.arch: 'aarch64', os.version: '15.4.1', java.version: '17.0.7'
Driver info: com.kms.katalon.core.appium.driver.SwipeableAndroidDriver
Capabilities {automationName: UiAutomator2, databaseEnabled: false, desired: {automationName: UiAutomator2, deviceName: af0c5cf7, noReset: true, platformName: android, waitForIdleTimeout: 3000}, deviceApiLevel: 35, deviceManufacturer: OPPO, deviceModel: CPH2699, deviceName: af0c5cf7, deviceScreenDensity: 480, deviceScreenSize: 1080x2400, deviceUDID: af0c5cf7, javascriptEnabled: true, locationContextEnabled: false, networkConnectionEnabled: true, noReset: true, pixelRatio: 3, platform: LINUX, platformName: Android, platformVersion: 15, statBarHeight: 120, takesScreenshot: true, viewportRect: {height: 2280, left: 0, top: 120, width: 1080}, waitForIdleTimeout: 3000, warnings: {}, webStorageEnabled: false}
Session ID: c0c10e71-bfa6-42a0-bfc6-9e4517bcdaae
*** Element info: {Using=id, value=com.hdbank.ipaper:id/img_logo}
	at jdk.internal.reflect.GeneratedConstructorAccessor30.newInstance(Unknown Source)
	at java.base/jdk.internal.reflect.DelegatingConstructorAccessorImpl.newInstance(DelegatingConstructorAccessorImpl.java:45)
	at org.openqa.selenium.remote.http.W3CHttpResponseCodec.createException(W3CHttpResponseCodec.java:187)
	at org.openqa.selenium.remote.http.W3CHttpResponseCodec.decode(W3CHttpResponseCodec.java:122)
	at org.openqa.selenium.remote.http.W3CHttpResponseCodec.decode(W3CHttpResponseCodec.java:49)
	at org.openqa.selenium.remote.HttpCommandExecutor.execute(HttpCommandExecutor.java:158)
	at io.appium.java_client.remote.AppiumCommandExecutor.execute(AppiumCommandExecutor.java:239)
	at org.openqa.selenium.remote.RemoteWebDriver.execute(RemoteWebDriver.java:552)
	at io.appium.java_client.DefaultGenericMobileDriver.execute(DefaultGenericMobileDriver.java:42)
	at io.appium.java_client.AppiumDriver.execute(AppiumDriver.java:1)
	at io.appium.java_client.android.AndroidDriver.execute(AndroidDriver.java:1)
	at com.kms.katalon.core.appium.driver.SwipeableAndroidDriver.execute(SwipeableAndroidDriver.java:1)
	at org.openqa.selenium.remote.RemoteWebDriver.findElements(RemoteWebDriver.java:353)
	at io.appium.java_client.DefaultGenericMobileDriver.findElements(DefaultGenericMobileDriver.java:54)
	at io.appium.java_client.AppiumDriver.findElements(AppiumDriver.java:152)
	at org.openqa.selenium.remote.RemoteWebDriver.findElementsById(RemoteWebDriver.java:376)
	at io.appium.java_client.DefaultGenericMobileDriver.findElementsById(DefaultGenericMobileDriver.java:66)
	at io.appium.java_client.AppiumDriver.findElementsById(AppiumDriver.java:156)
	at org.openqa.selenium.By$ById.findElements(By.java:180)
	at org.openqa.selenium.remote.RemoteWebDriver.findElements(RemoteWebDriver.java:311)
	at io.appium.java_client.DefaultGenericMobileDriver.findElements(DefaultGenericMobileDriver.java:50)
	at io.appium.java_client.AppiumDriver.findElements(AppiumDriver.java:148)
	at base.BaseKeyword$Trait$Helper$_waitForPresentOf_closure1.doCall(BaseKeyword.groovy:253)
	at jdk.internal.reflect.GeneratedMethodAccessor8.invoke(Unknown Source)
	at java.base/jdk.internal.reflect.DelegatingMethodAccessorImpl.invoke(DelegatingMethodAccessorImpl.java:43)
	at jdk.proxy2/jdk.proxy2.$Proxy34.apply(Unknown Source)
	at org.openqa.selenium.support.ui.FluentWait.until(FluentWait.java:249)
	at base.BaseKeyword$Trait$Helper.waitForPresentOf(BaseKeyword.groovy:252)
	at base.BaseApp.waitForPresentOf(BaseApp.groovy)
	at java.base/jdk.internal.reflect.NativeMethodAccessorImpl.invoke0(Native Method)
	at java.base/jdk.internal.reflect.NativeMethodAccessorImpl.invoke(NativeMethodAccessorImpl.java:77)
	at java.base/jdk.internal.reflect.DelegatingMethodAccessorImpl.invoke(DelegatingMethodAccessorImpl.java:43)
	at base.BaseApp.waitAppLauch(BaseApp.groovy:34)
	at java.base/jdk.internal.reflect.NativeMethodAccessorImpl.invoke0(Native Method)
	at java.base/jdk.internal.reflect.NativeMethodAccessorImpl.invoke(NativeMethodAccessorImpl.java:77)
	at java.base/jdk.internal.reflect.DelegatingMethodAccessorImpl.invoke(DelegatingMethodAccessorImpl.java:43)
	at drivers.Driver.openApp(Driver.groovy:60)
	at java.base/jdk.internal.reflect.NativeMethodAccessorImpl.invoke0(Native Method)
	at java.base/jdk.internal.reflect.NativeMethodAccessorImpl.invoke(NativeMethodAccessorImpl.java:77)
	at java.base/jdk.internal.reflect.DelegatingMethodAccessorImpl.invoke(DelegatingMethodAccessorImpl.java:43)
	at com.kms.katalon.core.main.CustomKeywordDelegatingMetaClass.invokeStaticMethod(CustomKeywordDelegatingMetaClass.java:55)
	... 19 more


18-05-2025T09:29:09 - [TEST_STEP][PASSED] - DataTest.init(): null

18-05-2025T09:29:09 - [TEST_STEP][PASSED] - testCaseId = split("/").last(): null

18-05-2025T09:29:09 - [TEST_STEP][PASSED] - if (!(drivers.Driver.isAppiumRunning())): drivers.Driver.isAppiumRunning is PASSED

18-05-2025T09:29:09 - [MESSAGE][INFO] - Appium running: true

18-05-2025T09:29:09 - [MESSAGE][PASSED] - drivers.Driver.isAppiumRunning is PASSED

18-05-2025T09:29:09 - [TEST_STEP][PASSED] - if (driver == null || driver.getSessionId() == null): null

18-05-2025T09:29:09 - [TEST_STEP][ERROR] - drivers.Driver.openApp(): com.kms.katalon.core.exception.StepErrorException: org.openqa.selenium.WebDriverException: An unknown server-side error occurred while processing the command. Original error: 'POST /elements' cannot be proxied to UiAutomator2 server because the instrumentation process is not running (probably crashed). Check the server log and/or the logcat output for more details
Build info: version: '3.141.59', revision: 'unknown', time: 'unknown'
System info: host: '192.168.1.4.non-exists.ptr.local', ip: '2402:800:63f2:b9ce:1859:4296:77a1:a88d%en0', os.name: 'Mac OS X', os.arch: 'aarch64', os.version: '15.4.1', java.version: '17.0.7'
Driver info: com.kms.katalon.core.appium.driver.SwipeableAndroidDriver
Capabilities {automationName: UiAutomator2, databaseEnabled: false, desired: {automationName: UiAutomator2, deviceName: af0c5cf7, noReset: true, platformName: android, waitForIdleTimeout: 3000}, deviceApiLevel: 35, deviceManufacturer: OPPO, deviceModel: CPH2699, deviceName: af0c5cf7, deviceScreenDensity: 480, deviceScreenSize: 1080x2400, deviceUDID: af0c5cf7, javascriptEnabled: true, locationContextEnabled: false, networkConnectionEnabled: true, noReset: true, pixelRatio: 3, platform: LINUX, platformName: Android, platformVersion: 15, statBarHeight: 120, takesScreenshot: true, viewportRect: {height: 2280, left: 0, top: 120, width: 1080}, waitForIdleTimeout: 3000, warnings: {}, webStorageEnabled: false}
Session ID: c0c10e71-bfa6-42a0-bfc6-9e4517bcdaae
*** Element info: {Using=id, value=com.hdbank.ipaper:id/img_logo}
	at com.kms.katalon.core.main.CustomKeywordDelegatingMetaClass.throwError(CustomKeywordDelegatingMetaClass.java:101)
	at com.kms.katalon.core.main.CustomKeywordDelegatingMetaClass.invokeStaticMethod(CustomKeywordDelegatingMetaClass.java:73)
	at TestListener.beforeTest(TestListener.groovy:39)
	at java.base/jdk.internal.reflect.NativeMethodAccessorImpl.invoke0(Native Method)
	at java.base/jdk.internal.reflect.NativeMethodAccessorImpl.invoke(NativeMethodAccessorImpl.java:77)
	at java.base/jdk.internal.reflect.DelegatingMethodAccessorImpl.invoke(DelegatingMethodAccessorImpl.java:43)
	at com.kms.katalon.core.context.internal.TestHooker.invokeMethod(TestHooker.java:111)
	at com.kms.katalon.core.context.internal.TestHooker.lambda$3(TestHooker.java:95)
	at com.kms.katalon.core.context.internal.TestHooker.invokeContextMethods(TestHooker.java:94)
	at com.kms.katalon.core.context.internal.TestListenerCollector.lambda$3(TestListenerCollector.java:88)
	at com.kms.katalon.core.context.internal.TestListenerCollector.handleListenerEvent(TestListenerCollector.java:85)
	at com.kms.katalon.core.context.internal.ExecutionEventManager.publicEvent(ExecutionEventManager.java:36)
	at com.kms.katalon.core.main.TestCaseExecutor.execute(TestCaseExecutor.java:268)
	at com.kms.katalon.core.common.CommonExecutor.accessTestCaseMainPhase(CommonExecutor.java:65)
	at com.kms.katalon.core.main.TestSuiteExecutor.accessTestSuiteMainPhase(TestSuiteExecutor.java:150)
	at com.kms.katalon.core.main.TestSuiteExecutor.execute(TestSuiteExecutor.java:106)
	at com.kms.katalon.core.main.TestCaseMain.startTestSuite(TestCaseMain.java:180)
	at TempTestSuite1747531571431.run(TempTestSuite1747531571431.groovy:35)
	at java.base/jdk.internal.reflect.NativeMethodAccessorImpl.invoke0(Native Method)
	at java.base/jdk.internal.reflect.NativeMethodAccessorImpl.invoke(NativeMethodAccessorImpl.java:77)
	at java.base/jdk.internal.reflect.DelegatingMethodAccessorImpl.invoke(DelegatingMethodAccessorImpl.java:43)
Caused by: org.openqa.selenium.WebDriverException: An unknown server-side error occurred while processing the command. Original error: 'POST /elements' cannot be proxied to UiAutomator2 server because the instrumentation process is not running (probably crashed). Check the server log and/or the logcat output for more details
Build info: version: '3.141.59', revision: 'unknown', time: 'unknown'
System info: host: '192.168.1.4.non-exists.ptr.local', ip: '2402:800:63f2:b9ce:1859:4296:77a1:a88d%en0', os.name: 'Mac OS X', os.arch: 'aarch64', os.version: '15.4.1', java.version: '17.0.7'
Driver info: com.kms.katalon.core.appium.driver.SwipeableAndroidDriver
Capabilities {automationName: UiAutomator2, databaseEnabled: false, desired: {automationName: UiAutomator2, deviceName: af0c5cf7, noReset: true, platformName: android, waitForIdleTimeout: 3000}, deviceApiLevel: 35, deviceManufacturer: OPPO, deviceModel: CPH2699, deviceName: af0c5cf7, deviceScreenDensity: 480, deviceScreenSize: 1080x2400, deviceUDID: af0c5cf7, javascriptEnabled: true, locationContextEnabled: false, networkConnectionEnabled: true, noReset: true, pixelRatio: 3, platform: LINUX, platformName: Android, platformVersion: 15, statBarHeight: 120, takesScreenshot: true, viewportRect: {height: 2280, left: 0, top: 120, width: 1080}, waitForIdleTimeout: 3000, warnings: {}, webStorageEnabled: false}
Session ID: c0c10e71-bfa6-42a0-bfc6-9e4517bcdaae
*** Element info: {Using=id, value=com.hdbank.ipaper:id/img_logo}
	at jdk.internal.reflect.GeneratedConstructorAccessor30.newInstance(Unknown Source)
	at java.base/jdk.internal.reflect.DelegatingConstructorAccessorImpl.newInstance(DelegatingConstructorAccessorImpl.java:45)
	at org.openqa.selenium.remote.http.W3CHttpResponseCodec.createException(W3CHttpResponseCodec.java:187)
	at org.openqa.selenium.remote.http.W3CHttpResponseCodec.decode(W3CHttpResponseCodec.java:122)
	at org.openqa.selenium.remote.http.W3CHttpResponseCodec.decode(W3CHttpResponseCodec.java:49)
	at org.openqa.selenium.remote.HttpCommandExecutor.execute(HttpCommandExecutor.java:158)
	at io.appium.java_client.remote.AppiumCommandExecutor.execute(AppiumCommandExecutor.java:239)
	at org.openqa.selenium.remote.RemoteWebDriver.execute(RemoteWebDriver.java:552)
	at io.appium.java_client.DefaultGenericMobileDriver.execute(DefaultGenericMobileDriver.java:42)
	at io.appium.java_client.AppiumDriver.execute(AppiumDriver.java:1)
	at io.appium.java_client.android.AndroidDriver.execute(AndroidDriver.java:1)
	at com.kms.katalon.core.appium.driver.SwipeableAndroidDriver.execute(SwipeableAndroidDriver.java:1)
	at org.openqa.selenium.remote.RemoteWebDriver.findElements(RemoteWebDriver.java:353)
	at io.appium.java_client.DefaultGenericMobileDriver.findElements(DefaultGenericMobileDriver.java:54)
	at io.appium.java_client.AppiumDriver.findElements(AppiumDriver.java:152)
	at org.openqa.selenium.remote.RemoteWebDriver.findElementsById(RemoteWebDriver.java:376)
	at io.appium.java_client.DefaultGenericMobileDriver.findElementsById(DefaultGenericMobileDriver.java:66)
	at io.appium.java_client.AppiumDriver.findElementsById(AppiumDriver.java:156)
	at org.openqa.selenium.By$ById.findElements(By.java:180)
	at org.openqa.selenium.remote.RemoteWebDriver.findElements(RemoteWebDriver.java:311)
	at io.appium.java_client.DefaultGenericMobileDriver.findElements(DefaultGenericMobileDriver.java:50)
	at io.appium.java_client.AppiumDriver.findElements(AppiumDriver.java:148)
	at base.BaseKeyword$Trait$Helper$_waitForPresentOf_closure1.doCall(BaseKeyword.groovy:253)
	at jdk.internal.reflect.GeneratedMethodAccessor8.invoke(Unknown Source)
	at java.base/jdk.internal.reflect.DelegatingMethodAccessorImpl.invoke(DelegatingMethodAccessorImpl.java:43)
	at jdk.proxy2/jdk.proxy2.$Proxy34.apply(Unknown Source)
	at org.openqa.selenium.support.ui.FluentWait.until(FluentWait.java:249)
	at base.BaseKeyword$Trait$Helper.waitForPresentOf(BaseKeyword.groovy:252)
	at base.BaseApp.waitForPresentOf(BaseApp.groovy)
	at java.base/jdk.internal.reflect.NativeMethodAccessorImpl.invoke0(Native Method)
	at java.base/jdk.internal.reflect.NativeMethodAccessorImpl.invoke(NativeMethodAccessorImpl.java:77)
	at java.base/jdk.internal.reflect.DelegatingMethodAccessorImpl.invoke(DelegatingMethodAccessorImpl.java:43)
	at base.BaseApp.waitAppLauch(BaseApp.groovy:34)
	at java.base/jdk.internal.reflect.NativeMethodAccessorImpl.invoke0(Native Method)
	at java.base/jdk.internal.reflect.NativeMethodAccessorImpl.invoke(NativeMethodAccessorImpl.java:77)
	at java.base/jdk.internal.reflect.DelegatingMethodAccessorImpl.invoke(DelegatingMethodAccessorImpl.java:43)
	at drivers.Driver.openApp(Driver.groovy:60)
	at java.base/jdk.internal.reflect.NativeMethodAccessorImpl.invoke0(Native Method)
	at java.base/jdk.internal.reflect.NativeMethodAccessorImpl.invoke(NativeMethodAccessorImpl.java:77)
	at java.base/jdk.internal.reflect.DelegatingMethodAccessorImpl.invoke(DelegatingMethodAccessorImpl.java:43)
	at com.kms.katalon.core.main.CustomKeywordDelegatingMetaClass.invokeStaticMethod(CustomKeywordDelegatingMetaClass.java:55)
	... 19 more


18-05-2025T09:29:09 - [MESSAGE][ERROR] - An unknown server-side error occurred while processing the command. Original error: 'POST /elements' cannot be proxied to UiAutomator2 server because the instrumentation process is not running (probably crashed). Check the server log and/or the logcat output for more details
Build info: version: '3.141.59', revision: 'unknown', time: 'unknown'
System info: host: '192.168.1.4.non-exists.ptr.local', ip: '2402:800:63f2:b9ce:1859:4296:77a1:a88d%en0', os.name: 'Mac OS X', os.arch: 'aarch64', os.version: '15.4.1', java.version: '17.0.7'
Driver info: com.kms.katalon.core.appium.driver.SwipeableAndroidDriver
Capabilities {automationName: UiAutomator2, databaseEnabled: false, desired: {automationName: UiAutomator2, deviceName: af0c5cf7, noReset: true, platformName: android, waitForIdleTimeout: 3000}, deviceApiLevel: 35, deviceManufacturer: OPPO, deviceModel: CPH2699, deviceName: af0c5cf7, deviceScreenDensity: 480, deviceScreenSize: 1080x2400, deviceUDID: af0c5cf7, javascriptEnabled: true, locationContextEnabled: false, networkConnectionEnabled: true, noReset: true, pixelRatio: 3, platform: LINUX, platformName: Android, platformVersion: 15, statBarHeight: 120, takesScreenshot: true, viewportRect: {height: 2280, left: 0, top: 120, width: 1080}, waitForIdleTimeout: 3000, warnings: {}, webStorageEnabled: false}
Session ID: c0c10e71-bfa6-42a0-bfc6-9e4517bcdaae
*** Element info: {Using=id, value=com.hdbank.ipaper:id/img_logo}

18-05-2025T09:29:09 - [MESSAGE][ERROR] - com.kms.katalon.core.exception.StepErrorException: org.openqa.selenium.WebDriverException: An unknown server-side error occurred while processing the command. Original error: 'POST /elements' cannot be proxied to UiAutomator2 server because the instrumentation process is not running (probably crashed). Check the server log and/or the logcat output for more details
Build info: version: '3.141.59', revision: 'unknown', time: 'unknown'
System info: host: '192.168.1.4.non-exists.ptr.local', ip: '2402:800:63f2:b9ce:1859:4296:77a1:a88d%en0', os.name: 'Mac OS X', os.arch: 'aarch64', os.version: '15.4.1', java.version: '17.0.7'
Driver info: com.kms.katalon.core.appium.driver.SwipeableAndroidDriver
Capabilities {automationName: UiAutomator2, databaseEnabled: false, desired: {automationName: UiAutomator2, deviceName: af0c5cf7, noReset: true, platformName: android, waitForIdleTimeout: 3000}, deviceApiLevel: 35, deviceManufacturer: OPPO, deviceModel: CPH2699, deviceName: af0c5cf7, deviceScreenDensity: 480, deviceScreenSize: 1080x2400, deviceUDID: af0c5cf7, javascriptEnabled: true, locationContextEnabled: false, networkConnectionEnabled: true, noReset: true, pixelRatio: 3, platform: LINUX, platformName: Android, platformVersion: 15, statBarHeight: 120, takesScreenshot: true, viewportRect: {height: 2280, left: 0, top: 120, width: 1080}, waitForIdleTimeout: 3000, warnings: {}, webStorageEnabled: false}
Session ID: c0c10e71-bfa6-42a0-bfc6-9e4517bcdaae
*** Element info: {Using=id, value=com.hdbank.ipaper:id/img_logo}
	at com.kms.katalon.core.main.CustomKeywordDelegatingMetaClass.throwError(CustomKeywordDelegatingMetaClass.java:101)
	at com.kms.katalon.core.main.CustomKeywordDelegatingMetaClass.invokeStaticMethod(CustomKeywordDelegatingMetaClass.java:73)
	at TestListener.beforeTest(TestListener.groovy:39)
	at java.base/jdk.internal.reflect.NativeMethodAccessorImpl.invoke0(Native Method)
	at java.base/jdk.internal.reflect.NativeMethodAccessorImpl.invoke(NativeMethodAccessorImpl.java:77)
	at java.base/jdk.internal.reflect.DelegatingMethodAccessorImpl.invoke(DelegatingMethodAccessorImpl.java:43)
	at com.kms.katalon.core.context.internal.TestHooker.invokeMethod(TestHooker.java:111)
	at com.kms.katalon.core.context.internal.TestHooker.lambda$3(TestHooker.java:95)
	at com.kms.katalon.core.context.internal.TestHooker.invokeContextMethods(TestHooker.java:94)
	at com.kms.katalon.core.context.internal.TestListenerCollector.lambda$3(TestListenerCollector.java:88)
	at com.kms.katalon.core.context.internal.TestListenerCollector.handleListenerEvent(TestListenerCollector.java:85)
	at com.kms.katalon.core.context.internal.ExecutionEventManager.publicEvent(ExecutionEventManager.java:36)
	at com.kms.katalon.core.main.TestCaseExecutor.execute(TestCaseExecutor.java:268)
	at com.kms.katalon.core.common.CommonExecutor.accessTestCaseMainPhase(CommonExecutor.java:65)
	at com.kms.katalon.core.main.TestSuiteExecutor.accessTestSuiteMainPhase(TestSuiteExecutor.java:150)
	at com.kms.katalon.core.main.TestSuiteExecutor.execute(TestSuiteExecutor.java:106)
	at com.kms.katalon.core.main.TestCaseMain.startTestSuite(TestCaseMain.java:180)
	at TempTestSuite1747531571431.run(TempTestSuite1747531571431.groovy:35)
	at java.base/jdk.internal.reflect.NativeMethodAccessorImpl.invoke0(Native Method)
	at java.base/jdk.internal.reflect.NativeMethodAccessorImpl.invoke(NativeMethodAccessorImpl.java:77)
	at java.base/jdk.internal.reflect.DelegatingMethodAccessorImpl.invoke(DelegatingMethodAccessorImpl.java:43)
Caused by: org.openqa.selenium.WebDriverException: An unknown server-side error occurred while processing the command. Original error: 'POST /elements' cannot be proxied to UiAutomator2 server because the instrumentation process is not running (probably crashed). Check the server log and/or the logcat output for more details
Build info: version: '3.141.59', revision: 'unknown', time: 'unknown'
System info: host: '192.168.1.4.non-exists.ptr.local', ip: '2402:800:63f2:b9ce:1859:4296:77a1:a88d%en0', os.name: 'Mac OS X', os.arch: 'aarch64', os.version: '15.4.1', java.version: '17.0.7'
Driver info: com.kms.katalon.core.appium.driver.SwipeableAndroidDriver
Capabilities {automationName: UiAutomator2, databaseEnabled: false, desired: {automationName: UiAutomator2, deviceName: af0c5cf7, noReset: true, platformName: android, waitForIdleTimeout: 3000}, deviceApiLevel: 35, deviceManufacturer: OPPO, deviceModel: CPH2699, deviceName: af0c5cf7, deviceScreenDensity: 480, deviceScreenSize: 1080x2400, deviceUDID: af0c5cf7, javascriptEnabled: true, locationContextEnabled: false, networkConnectionEnabled: true, noReset: true, pixelRatio: 3, platform: LINUX, platformName: Android, platformVersion: 15, statBarHeight: 120, takesScreenshot: true, viewportRect: {height: 2280, left: 0, top: 120, width: 1080}, waitForIdleTimeout: 3000, warnings: {}, webStorageEnabled: false}
Session ID: c0c10e71-bfa6-42a0-bfc6-9e4517bcdaae
*** Element info: {Using=id, value=com.hdbank.ipaper:id/img_logo}
	at jdk.internal.reflect.GeneratedConstructorAccessor30.newInstance(Unknown Source)
	at java.base/jdk.internal.reflect.DelegatingConstructorAccessorImpl.newInstance(DelegatingConstructorAccessorImpl.java:45)
	at org.openqa.selenium.remote.http.W3CHttpResponseCodec.createException(W3CHttpResponseCodec.java:187)
	at org.openqa.selenium.remote.http.W3CHttpResponseCodec.decode(W3CHttpResponseCodec.java:122)
	at org.openqa.selenium.remote.http.W3CHttpResponseCodec.decode(W3CHttpResponseCodec.java:49)
	at org.openqa.selenium.remote.HttpCommandExecutor.execute(HttpCommandExecutor.java:158)
	at io.appium.java_client.remote.AppiumCommandExecutor.execute(AppiumCommandExecutor.java:239)
	at org.openqa.selenium.remote.RemoteWebDriver.execute(RemoteWebDriver.java:552)
	at io.appium.java_client.DefaultGenericMobileDriver.execute(DefaultGenericMobileDriver.java:42)
	at io.appium.java_client.AppiumDriver.execute(AppiumDriver.java:1)
	at io.appium.java_client.android.AndroidDriver.execute(AndroidDriver.java:1)
	at com.kms.katalon.core.appium.driver.SwipeableAndroidDriver.execute(SwipeableAndroidDriver.java:1)
	at org.openqa.selenium.remote.RemoteWebDriver.findElements(RemoteWebDriver.java:353)
	at io.appium.java_client.DefaultGenericMobileDriver.findElements(DefaultGenericMobileDriver.java:54)
	at io.appium.java_client.AppiumDriver.findElements(AppiumDriver.java:152)
	at org.openqa.selenium.remote.RemoteWebDriver.findElementsById(RemoteWebDriver.java:376)
	at io.appium.java_client.DefaultGenericMobileDriver.findElementsById(DefaultGenericMobileDriver.java:66)
	at io.appium.java_client.AppiumDriver.findElementsById(AppiumDriver.java:156)
	at org.openqa.selenium.By$ById.findElements(By.java:180)
	at org.openqa.selenium.remote.RemoteWebDriver.findElements(RemoteWebDriver.java:311)
	at io.appium.java_client.DefaultGenericMobileDriver.findElements(DefaultGenericMobileDriver.java:50)
	at io.appium.java_client.AppiumDriver.findElements(AppiumDriver.java:148)
	at base.BaseKeyword$Trait$Helper$_waitForPresentOf_closure1.doCall(BaseKeyword.groovy:253)
	at jdk.internal.reflect.GeneratedMethodAccessor8.invoke(Unknown Source)
	at java.base/jdk.internal.reflect.DelegatingMethodAccessorImpl.invoke(DelegatingMethodAccessorImpl.java:43)
	at jdk.proxy2/jdk.proxy2.$Proxy34.apply(Unknown Source)
	at org.openqa.selenium.support.ui.FluentWait.until(FluentWait.java:249)
	at base.BaseKeyword$Trait$Helper.waitForPresentOf(BaseKeyword.groovy:252)
	at base.BaseApp.waitForPresentOf(BaseApp.groovy)
	at java.base/jdk.internal.reflect.NativeMethodAccessorImpl.invoke0(Native Method)
	at java.base/jdk.internal.reflect.NativeMethodAccessorImpl.invoke(NativeMethodAccessorImpl.java:77)
	at java.base/jdk.internal.reflect.DelegatingMethodAccessorImpl.invoke(DelegatingMethodAccessorImpl.java:43)
	at base.BaseApp.waitAppLauch(BaseApp.groovy:34)
	at java.base/jdk.internal.reflect.NativeMethodAccessorImpl.invoke0(Native Method)
	at java.base/jdk.internal.reflect.NativeMethodAccessorImpl.invoke(NativeMethodAccessorImpl.java:77)
	at java.base/jdk.internal.reflect.DelegatingMethodAccessorImpl.invoke(DelegatingMethodAccessorImpl.java:43)
	at drivers.Driver.openApp(Driver.groovy:60)
	at java.base/jdk.internal.reflect.NativeMethodAccessorImpl.invoke0(Native Method)
	at java.base/jdk.internal.reflect.NativeMethodAccessorImpl.invoke(NativeMethodAccessorImpl.java:77)
	at java.base/jdk.internal.reflect.DelegatingMethodAccessorImpl.invoke(DelegatingMethodAccessorImpl.java:43)
	at com.kms.katalon.core.main.CustomKeywordDelegatingMetaClass.invokeStaticMethod(CustomKeywordDelegatingMetaClass.java:55)
	... 19 more


18-05-2025T09:29:09 - [TEST_STEP][PASSED] - REQUEST_NAME = "Trình ký PDF có sẵn": null

18-05-2025T09:29:09 - [TEST_STEP][PASSED] - auto5 = DataTest.getUserTest("auto5"): null

18-05-2025T09:29:09 - [TEST_STEP][PASSED] - auto6 = DataTest.getUserTest("auto6"): null

18-05-2025T09:29:09 - [TEST_STEP][PASSED] - document = DataTest.createDocumentTest(auto5, auto6, null, "dummy.pdf", "dummy.pdf"): null

18-05-2025T09:29:09 - [TEST_STEP][ERROR] - loginScreen.login(auto5): Test Cases/IPAPER APP/009 DUYET NHANH FAILED.
Reason:
org.openqa.selenium.WebDriverException: An unknown server-side error occurred while processing the command. Original error: 'POST /elements' cannot be proxied to UiAutomator2 server because the instrumentation process is not running (probably crashed). Check the server log and/or the logcat output for more details
Build info: version: '3.141.59', revision: 'unknown', time: 'unknown'
System info: host: '192.168.1.4.non-exists.ptr.local', ip: '2402:800:63f2:b9ce:1859:4296:77a1:a88d%en0', os.name: 'Mac OS X', os.arch: 'aarch64', os.version: '15.4.1', java.version: '17.0.7'
Driver info: com.kms.katalon.core.appium.driver.SwipeableAndroidDriver
Capabilities {automationName: UiAutomator2, databaseEnabled: false, desired: {automationName: UiAutomator2, deviceName: af0c5cf7, noReset: true, platformName: android, waitForIdleTimeout: 3000}, deviceApiLevel: 35, deviceManufacturer: OPPO, deviceModel: CPH2699, deviceName: af0c5cf7, deviceScreenDensity: 480, deviceScreenSize: 1080x2400, deviceUDID: af0c5cf7, javascriptEnabled: true, locationContextEnabled: false, networkConnectionEnabled: true, noReset: true, pixelRatio: 3, platform: LINUX, platformName: Android, platformVersion: 15, statBarHeight: 120, takesScreenshot: true, viewportRect: {height: 2280, left: 0, top: 120, width: 1080}, waitForIdleTimeout: 3000, warnings: {}, webStorageEnabled: false}
Session ID: c0c10e71-bfa6-42a0-bfc6-9e4517bcdaae
*** Element info: {Using=xpath, value=//android.widget.EditText[@resource-id='com.hdbank.ipaper:id/edit_text_user_name']}
	at jdk.internal.reflect.GeneratedConstructorAccessor30.newInstance(Unknown Source)
	at java.base/jdk.internal.reflect.DelegatingConstructorAccessorImpl.newInstance(DelegatingConstructorAccessorImpl.java:45)
	at org.openqa.selenium.remote.http.W3CHttpResponseCodec.createException(W3CHttpResponseCodec.java:187)
	at org.openqa.selenium.remote.http.W3CHttpResponseCodec.decode(W3CHttpResponseCodec.java:122)
	at org.openqa.selenium.remote.http.W3CHttpResponseCodec.decode(W3CHttpResponseCodec.java:49)
	at org.openqa.selenium.remote.HttpCommandExecutor.execute(HttpCommandExecutor.java:158)
	at io.appium.java_client.remote.AppiumCommandExecutor.execute(AppiumCommandExecutor.java:239)
	at org.openqa.selenium.remote.RemoteWebDriver.execute(RemoteWebDriver.java:552)
	at io.appium.java_client.DefaultGenericMobileDriver.execute(DefaultGenericMobileDriver.java:42)
	at io.appium.java_client.AppiumDriver.execute(AppiumDriver.java:1)
	at io.appium.java_client.android.AndroidDriver.execute(AndroidDriver.java:1)
	at com.kms.katalon.core.appium.driver.SwipeableAndroidDriver.execute(SwipeableAndroidDriver.java:1)
	at org.openqa.selenium.remote.RemoteWebDriver.findElements(RemoteWebDriver.java:353)
	at io.appium.java_client.DefaultGenericMobileDriver.findElements(DefaultGenericMobileDriver.java:54)
	at io.appium.java_client.AppiumDriver.findElements(AppiumDriver.java:152)
	at org.openqa.selenium.remote.RemoteWebDriver.findElementsByXPath(RemoteWebDriver.java:432)
	at io.appium.java_client.DefaultGenericMobileDriver.findElementsByXPath(DefaultGenericMobileDriver.java:156)
	at io.appium.java_client.AppiumDriver.findElementsByXPath(AppiumDriver.java:184)
	at org.openqa.selenium.By$ByXPath.findElements(By.java:348)
	at org.openqa.selenium.remote.RemoteWebDriver.findElements(RemoteWebDriver.java:311)
	at io.appium.java_client.DefaultGenericMobileDriver.findElements(DefaultGenericMobileDriver.java:50)
	at io.appium.java_client.AppiumDriver.findElements(AppiumDriver.java:148)
	at base.BaseKeyword$Trait$Helper.isDisplayed(BaseKeyword.groovy:234)
	at screens.LoginScreen.isDisplayed(LoginScreen.groovy)
	at base.BaseKeyword$Trait$Helper.isDisplayed(BaseKeyword.groovy:229)
	at screens.LoginScreen.isDisplayed(LoginScreen.groovy)
	at screens.LoginScreen.isGuest(LoginScreen.groovy:34)
	at screens.LoginScreen.login(LoginScreen.groovy:10)
	at 009 DUYET NHANH.run(009 DUYET NHANH:16)
	at com.kms.katalon.core.main.ScriptEngine.run(ScriptEngine.java:194)
	at com.kms.katalon.core.main.ScriptEngine.runScriptAsRawText(ScriptEngine.java:119)
	at com.kms.katalon.core.main.TestCaseExecutor.runScript(TestCaseExecutor.java:448)
	at com.kms.katalon.core.main.TestCaseExecutor.doExecute(TestCaseExecutor.java:439)
	at com.kms.katalon.core.main.TestCaseExecutor.processExecutionPhase(TestCaseExecutor.java:418)
	at com.kms.katalon.core.main.TestCaseExecutor.accessMainPhase(TestCaseExecutor.java:410)
	at com.kms.katalon.core.main.TestCaseExecutor.execute(TestCaseExecutor.java:285)
	at com.kms.katalon.core.common.CommonExecutor.accessTestCaseMainPhase(CommonExecutor.java:65)
	at com.kms.katalon.core.main.TestSuiteExecutor.accessTestSuiteMainPhase(TestSuiteExecutor.java:150)
	at com.kms.katalon.core.main.TestSuiteExecutor.execute(TestSuiteExecutor.java:106)
	at com.kms.katalon.core.main.TestCaseMain.startTestSuite(TestCaseMain.java:180)
	at TempTestSuite1747531571431.run(TempTestSuite1747531571431.groovy:35)
	at java.base/jdk.internal.reflect.NativeMethodAccessorImpl.invoke0(Native Method)
	at java.base/jdk.internal.reflect.NativeMethodAccessorImpl.invoke(NativeMethodAccessorImpl.java:77)
	at java.base/jdk.internal.reflect.DelegatingMethodAccessorImpl.invoke(DelegatingMethodAccessorImpl.java:43)


18-05-2025T09:29:09 - [MESSAGE][ERROR] - Test Cases/IPAPER APP/009 DUYET NHANH FAILED.
Reason:
org.openqa.selenium.WebDriverException: An unknown server-side error occurred while processing the command. Original error: 'POST /elements' cannot be proxied to UiAutomator2 server because the instrumentation process is not running (probably crashed). Check the server log and/or the logcat output for more details
Build info: version: '3.141.59', revision: 'unknown', time: 'unknown'
System info: host: '192.168.1.4.non-exists.ptr.local', ip: '2402:800:63f2:b9ce:1859:4296:77a1:a88d%en0', os.name: 'Mac OS X', os.arch: 'aarch64', os.version: '15.4.1', java.version: '17.0.7'
Driver info: com.kms.katalon.core.appium.driver.SwipeableAndroidDriver
Capabilities {automationName: UiAutomator2, databaseEnabled: false, desired: {automationName: UiAutomator2, deviceName: af0c5cf7, noReset: true, platformName: android, waitForIdleTimeout: 3000}, deviceApiLevel: 35, deviceManufacturer: OPPO, deviceModel: CPH2699, deviceName: af0c5cf7, deviceScreenDensity: 480, deviceScreenSize: 1080x2400, deviceUDID: af0c5cf7, javascriptEnabled: true, locationContextEnabled: false, networkConnectionEnabled: true, noReset: true, pixelRatio: 3, platform: LINUX, platformName: Android, platformVersion: 15, statBarHeight: 120, takesScreenshot: true, viewportRect: {height: 2280, left: 0, top: 120, width: 1080}, waitForIdleTimeout: 3000, warnings: {}, webStorageEnabled: false}
Session ID: c0c10e71-bfa6-42a0-bfc6-9e4517bcdaae
*** Element info: {Using=xpath, value=//android.widget.EditText[@resource-id='com.hdbank.ipaper:id/edit_text_user_name']}
	at jdk.internal.reflect.GeneratedConstructorAccessor30.newInstance(Unknown Source)
	at java.base/jdk.internal.reflect.DelegatingConstructorAccessorImpl.newInstance(DelegatingConstructorAccessorImpl.java:45)
	at org.openqa.selenium.remote.http.W3CHttpResponseCodec.createException(W3CHttpResponseCodec.java:187)
	at org.openqa.selenium.remote.http.W3CHttpResponseCodec.decode(W3CHttpResponseCodec.java:122)
	at org.openqa.selenium.remote.http.W3CHttpResponseCodec.decode(W3CHttpResponseCodec.java:49)
	at org.openqa.selenium.remote.HttpCommandExecutor.execute(HttpCommandExecutor.java:158)
	at io.appium.java_client.remote.AppiumCommandExecutor.execute(AppiumCommandExecutor.java:239)
	at org.openqa.selenium.remote.RemoteWebDriver.execute(RemoteWebDriver.java:552)
	at io.appium.java_client.DefaultGenericMobileDriver.execute(DefaultGenericMobileDriver.java:42)
	at io.appium.java_client.AppiumDriver.execute(AppiumDriver.java:1)
	at io.appium.java_client.android.AndroidDriver.execute(AndroidDriver.java:1)
	at com.kms.katalon.core.appium.driver.SwipeableAndroidDriver.execute(SwipeableAndroidDriver.java:1)
	at org.openqa.selenium.remote.RemoteWebDriver.findElements(RemoteWebDriver.java:353)
	at io.appium.java_client.DefaultGenericMobileDriver.findElements(DefaultGenericMobileDriver.java:54)
	at io.appium.java_client.AppiumDriver.findElements(AppiumDriver.java:152)
	at org.openqa.selenium.remote.RemoteWebDriver.findElementsByXPath(RemoteWebDriver.java:432)
	at io.appium.java_client.DefaultGenericMobileDriver.findElementsByXPath(DefaultGenericMobileDriver.java:156)
	at io.appium.java_client.AppiumDriver.findElementsByXPath(AppiumDriver.java:184)
	at org.openqa.selenium.By$ByXPath.findElements(By.java:348)
	at org.openqa.selenium.remote.RemoteWebDriver.findElements(RemoteWebDriver.java:311)
	at io.appium.java_client.DefaultGenericMobileDriver.findElements(DefaultGenericMobileDriver.java:50)
	at io.appium.java_client.AppiumDriver.findElements(AppiumDriver.java:148)
	at base.BaseKeyword$Trait$Helper.isDisplayed(BaseKeyword.groovy:234)
	at screens.LoginScreen.isDisplayed(LoginScreen.groovy)
	at base.BaseKeyword$Trait$Helper.isDisplayed(BaseKeyword.groovy:229)
	at screens.LoginScreen.isDisplayed(LoginScreen.groovy)
	at screens.LoginScreen.isGuest(LoginScreen.groovy:34)
	at screens.LoginScreen.login(LoginScreen.groovy:10)
	at 009 DUYET NHANH.run(009 DUYET NHANH:16)
	at com.kms.katalon.core.main.ScriptEngine.run(ScriptEngine.java:194)
	at com.kms.katalon.core.main.ScriptEngine.runScriptAsRawText(ScriptEngine.java:119)
	at com.kms.katalon.core.main.TestCaseExecutor.runScript(TestCaseExecutor.java:448)
	at com.kms.katalon.core.main.TestCaseExecutor.doExecute(TestCaseExecutor.java:439)
	at com.kms.katalon.core.main.TestCaseExecutor.processExecutionPhase(TestCaseExecutor.java:418)
	at com.kms.katalon.core.main.TestCaseExecutor.accessMainPhase(TestCaseExecutor.java:410)
	at com.kms.katalon.core.main.TestCaseExecutor.execute(TestCaseExecutor.java:285)
	at com.kms.katalon.core.common.CommonExecutor.accessTestCaseMainPhase(CommonExecutor.java:65)
	at com.kms.katalon.core.main.TestSuiteExecutor.accessTestSuiteMainPhase(TestSuiteExecutor.java:150)
	at com.kms.katalon.core.main.TestSuiteExecutor.execute(TestSuiteExecutor.java:106)
	at com.kms.katalon.core.main.TestCaseMain.startTestSuite(TestCaseMain.java:180)
	at TempTestSuite1747531571431.run(TempTestSuite1747531571431.groovy:35)
	at java.base/jdk.internal.reflect.NativeMethodAccessorImpl.invoke0(Native Method)
	at java.base/jdk.internal.reflect.NativeMethodAccessorImpl.invoke(NativeMethodAccessorImpl.java:77)
	at java.base/jdk.internal.reflect.DelegatingMethodAccessorImpl.invoke(DelegatingMethodAccessorImpl.java:43)


18-05-2025T09:29:09 - [TEST_STEP][ERROR] - Start listener action : afterTest: com.kms.katalon.core.exception.StepFailedException: Unable to take screenshot
	at com.kms.katalon.core.mobile.keyword.internal.MobileKeywordMain.stepFailed(MobileKeywordMain.groovy:64)
	at com.kms.katalon.core.mobile.keyword.internal.MobileKeywordMain.runKeyword(MobileKeywordMain.groovy:34)
	at com.kms.katalon.core.mobile.keyword.builtin.TakeScreenshotKeyword.takeScreenshot(TakeScreenshotKeyword.groovy:94)
	at com.kms.katalon.core.mobile.keyword.builtin.TakeScreenshotKeyword.execute(TakeScreenshotKeyword.groovy:54)
	at com.kms.katalon.core.keyword.internal.KeywordExecutor.executeKeywordForPlatform(KeywordExecutor.groovy:74)
	at com.kms.katalon.core.mobile.keyword.MobileBuiltInKeywords.takeScreenshot(MobileBuiltInKeywords.groovy:218)
	at TestListener.afterTest(TestListener.groovy:45)
	at java.base/jdk.internal.reflect.NativeMethodAccessorImpl.invoke0(Native Method)
	at java.base/jdk.internal.reflect.NativeMethodAccessorImpl.invoke(NativeMethodAccessorImpl.java:77)
	at java.base/jdk.internal.reflect.DelegatingMethodAccessorImpl.invoke(DelegatingMethodAccessorImpl.java:43)
	at com.kms.katalon.core.context.internal.TestHooker.invokeMethod(TestHooker.java:111)
	at com.kms.katalon.core.context.internal.TestHooker.lambda$3(TestHooker.java:95)
	at com.kms.katalon.core.context.internal.TestHooker.invokeContextMethods(TestHooker.java:94)
	at com.kms.katalon.core.context.internal.TestListenerCollector.lambda$3(TestListenerCollector.java:88)
	at com.kms.katalon.core.context.internal.TestListenerCollector.handleListenerEvent(TestListenerCollector.java:85)
	at com.kms.katalon.core.context.internal.ExecutionEventManager.publicEvent(ExecutionEventManager.java:36)
	at com.kms.katalon.core.main.TestCaseExecutor.execute(TestCaseExecutor.java:315)
	at com.kms.katalon.core.common.CommonExecutor.accessTestCaseMainPhase(CommonExecutor.java:65)
	at com.kms.katalon.core.main.TestSuiteExecutor.accessTestSuiteMainPhase(TestSuiteExecutor.java:150)
	at com.kms.katalon.core.main.TestSuiteExecutor.execute(TestSuiteExecutor.java:106)
	at com.kms.katalon.core.main.TestCaseMain.startTestSuite(TestCaseMain.java:180)
	at TempTestSuite1747531571431.run(TempTestSuite1747531571431.groovy:35)
	at java.base/jdk.internal.reflect.NativeMethodAccessorImpl.invoke0(Native Method)
	at java.base/jdk.internal.reflect.NativeMethodAccessorImpl.invoke(NativeMethodAccessorImpl.java:77)
	at java.base/jdk.internal.reflect.DelegatingMethodAccessorImpl.invoke(DelegatingMethodAccessorImpl.java:43)
Caused by: org.openqa.selenium.WebDriverException: An unknown server-side error occurred while processing the command. Original error: 'GET /screenshot' cannot be proxied to UiAutomator2 server because the instrumentation process is not running (probably crashed). Check the server log and/or the logcat output for more details
Build info: version: '3.141.59', revision: 'unknown', time: 'unknown'
System info: host: '192.168.1.4.non-exists.ptr.local', ip: '2402:800:63f2:b9ce:1859:4296:77a1:a88d%en0', os.name: 'Mac OS X', os.arch: 'aarch64', os.version: '15.4.1', java.version: '17.0.7'
Driver info: com.kms.katalon.core.appium.driver.SwipeableAndroidDriver
Capabilities {automationName: UiAutomator2, databaseEnabled: false, desired: {automationName: UiAutomator2, deviceName: af0c5cf7, noReset: true, platformName: android, waitForIdleTimeout: 3000}, deviceApiLevel: 35, deviceManufacturer: OPPO, deviceModel: CPH2699, deviceName: af0c5cf7, deviceScreenDensity: 480, deviceScreenSize: 1080x2400, deviceUDID: af0c5cf7, javascriptEnabled: true, locationContextEnabled: false, networkConnectionEnabled: true, noReset: true, pixelRatio: 3, platform: LINUX, platformName: Android, platformVersion: 15, statBarHeight: 120, takesScreenshot: true, viewportRect: {height: 2280, left: 0, top: 120, width: 1080}, waitForIdleTimeout: 3000, warnings: {}, webStorageEnabled: false}
Session ID: c0c10e71-bfa6-42a0-bfc6-9e4517bcdaae
	at jdk.internal.reflect.GeneratedConstructorAccessor30.newInstance(Unknown Source)
	at java.base/jdk.internal.reflect.DelegatingConstructorAccessorImpl.newInstance(DelegatingConstructorAccessorImpl.java:45)
	at org.openqa.selenium.remote.http.W3CHttpResponseCodec.createException(W3CHttpResponseCodec.java:187)
	at org.openqa.selenium.remote.http.W3CHttpResponseCodec.decode(W3CHttpResponseCodec.java:122)
	at org.openqa.selenium.remote.http.W3CHttpResponseCodec.decode(W3CHttpResponseCodec.java:49)
	at org.openqa.selenium.remote.HttpCommandExecutor.execute(HttpCommandExecutor.java:158)
	at io.appium.java_client.remote.AppiumCommandExecutor.execute(AppiumCommandExecutor.java:239)
	at org.openqa.selenium.remote.RemoteWebDriver.execute(RemoteWebDriver.java:552)
	at io.appium.java_client.DefaultGenericMobileDriver.execute(DefaultGenericMobileDriver.java:46)
	at io.appium.java_client.AppiumDriver.execute(AppiumDriver.java:1)
	at io.appium.java_client.android.AndroidDriver.execute(AndroidDriver.java:1)
	at com.kms.katalon.core.appium.driver.SwipeableAndroidDriver.execute(SwipeableAndroidDriver.java:1)
	at org.openqa.selenium.remote.RemoteWebDriver.getScreenshotAs(RemoteWebDriver.java:295)
	at com.kms.katalon.core.mobile.helper.MobileScreenCaptor.takeScreenshot(MobileScreenCaptor.java:109)
	at com.kms.katalon.core.mobile.keyword.builtin.TakeScreenshotKeyword$_takeScreenshot_closure1.doCall(TakeScreenshotKeyword.groovy:110)
	at com.kms.katalon.core.mobile.keyword.builtin.TakeScreenshotKeyword$_takeScreenshot_closure1.call(TakeScreenshotKeyword.groovy)
	at com.kms.katalon.core.mobile.keyword.internal.MobileKeywordMain.runKeyword(MobileKeywordMain.groovy:30)
	... 23 more


18-05-2025T09:29:09 - [TEST_STEP][ERROR] - if (testCaseStatus != "PASSED"): com.kms.katalon.core.exception.StepFailedException: Unable to take screenshot
	at com.kms.katalon.core.mobile.keyword.internal.MobileKeywordMain.stepFailed(MobileKeywordMain.groovy:64)
	at com.kms.katalon.core.mobile.keyword.internal.MobileKeywordMain.runKeyword(MobileKeywordMain.groovy:34)
	at com.kms.katalon.core.mobile.keyword.builtin.TakeScreenshotKeyword.takeScreenshot(TakeScreenshotKeyword.groovy:94)
	at com.kms.katalon.core.mobile.keyword.builtin.TakeScreenshotKeyword.execute(TakeScreenshotKeyword.groovy:54)
	at com.kms.katalon.core.keyword.internal.KeywordExecutor.executeKeywordForPlatform(KeywordExecutor.groovy:74)
	at com.kms.katalon.core.mobile.keyword.MobileBuiltInKeywords.takeScreenshot(MobileBuiltInKeywords.groovy:218)
	at TestListener.afterTest(TestListener.groovy:45)
	at java.base/jdk.internal.reflect.NativeMethodAccessorImpl.invoke0(Native Method)
	at java.base/jdk.internal.reflect.NativeMethodAccessorImpl.invoke(NativeMethodAccessorImpl.java:77)
	at java.base/jdk.internal.reflect.DelegatingMethodAccessorImpl.invoke(DelegatingMethodAccessorImpl.java:43)
	at com.kms.katalon.core.context.internal.TestHooker.invokeMethod(TestHooker.java:111)
	at com.kms.katalon.core.context.internal.TestHooker.lambda$3(TestHooker.java:95)
	at com.kms.katalon.core.context.internal.TestHooker.invokeContextMethods(TestHooker.java:94)
	at com.kms.katalon.core.context.internal.TestListenerCollector.lambda$3(TestListenerCollector.java:88)
	at com.kms.katalon.core.context.internal.TestListenerCollector.handleListenerEvent(TestListenerCollector.java:85)
	at com.kms.katalon.core.context.internal.ExecutionEventManager.publicEvent(ExecutionEventManager.java:36)
	at com.kms.katalon.core.main.TestCaseExecutor.execute(TestCaseExecutor.java:315)
	at com.kms.katalon.core.common.CommonExecutor.accessTestCaseMainPhase(CommonExecutor.java:65)
	at com.kms.katalon.core.main.TestSuiteExecutor.accessTestSuiteMainPhase(TestSuiteExecutor.java:150)
	at com.kms.katalon.core.main.TestSuiteExecutor.execute(TestSuiteExecutor.java:106)
	at com.kms.katalon.core.main.TestCaseMain.startTestSuite(TestCaseMain.java:180)
	at TempTestSuite1747531571431.run(TempTestSuite1747531571431.groovy:35)
	at java.base/jdk.internal.reflect.NativeMethodAccessorImpl.invoke0(Native Method)
	at java.base/jdk.internal.reflect.NativeMethodAccessorImpl.invoke(NativeMethodAccessorImpl.java:77)
	at java.base/jdk.internal.reflect.DelegatingMethodAccessorImpl.invoke(DelegatingMethodAccessorImpl.java:43)
Caused by: org.openqa.selenium.WebDriverException: An unknown server-side error occurred while processing the command. Original error: 'GET /screenshot' cannot be proxied to UiAutomator2 server because the instrumentation process is not running (probably crashed). Check the server log and/or the logcat output for more details
Build info: version: '3.141.59', revision: 'unknown', time: 'unknown'
System info: host: '192.168.1.4.non-exists.ptr.local', ip: '2402:800:63f2:b9ce:1859:4296:77a1:a88d%en0', os.name: 'Mac OS X', os.arch: 'aarch64', os.version: '15.4.1', java.version: '17.0.7'
Driver info: com.kms.katalon.core.appium.driver.SwipeableAndroidDriver
Capabilities {automationName: UiAutomator2, databaseEnabled: false, desired: {automationName: UiAutomator2, deviceName: af0c5cf7, noReset: true, platformName: android, waitForIdleTimeout: 3000}, deviceApiLevel: 35, deviceManufacturer: OPPO, deviceModel: CPH2699, deviceName: af0c5cf7, deviceScreenDensity: 480, deviceScreenSize: 1080x2400, deviceUDID: af0c5cf7, javascriptEnabled: true, locationContextEnabled: false, networkConnectionEnabled: true, noReset: true, pixelRatio: 3, platform: LINUX, platformName: Android, platformVersion: 15, statBarHeight: 120, takesScreenshot: true, viewportRect: {height: 2280, left: 0, top: 120, width: 1080}, waitForIdleTimeout: 3000, warnings: {}, webStorageEnabled: false}
Session ID: c0c10e71-bfa6-42a0-bfc6-9e4517bcdaae
	at jdk.internal.reflect.GeneratedConstructorAccessor30.newInstance(Unknown Source)
	at java.base/jdk.internal.reflect.DelegatingConstructorAccessorImpl.newInstance(DelegatingConstructorAccessorImpl.java:45)
	at org.openqa.selenium.remote.http.W3CHttpResponseCodec.createException(W3CHttpResponseCodec.java:187)
	at org.openqa.selenium.remote.http.W3CHttpResponseCodec.decode(W3CHttpResponseCodec.java:122)
	at org.openqa.selenium.remote.http.W3CHttpResponseCodec.decode(W3CHttpResponseCodec.java:49)
	at org.openqa.selenium.remote.HttpCommandExecutor.execute(HttpCommandExecutor.java:158)
	at io.appium.java_client.remote.AppiumCommandExecutor.execute(AppiumCommandExecutor.java:239)
	at org.openqa.selenium.remote.RemoteWebDriver.execute(RemoteWebDriver.java:552)
	at io.appium.java_client.DefaultGenericMobileDriver.execute(DefaultGenericMobileDriver.java:46)
	at io.appium.java_client.AppiumDriver.execute(AppiumDriver.java:1)
	at io.appium.java_client.android.AndroidDriver.execute(AndroidDriver.java:1)
	at com.kms.katalon.core.appium.driver.SwipeableAndroidDriver.execute(SwipeableAndroidDriver.java:1)
	at org.openqa.selenium.remote.RemoteWebDriver.getScreenshotAs(RemoteWebDriver.java:295)
	at com.kms.katalon.core.mobile.helper.MobileScreenCaptor.takeScreenshot(MobileScreenCaptor.java:109)
	at com.kms.katalon.core.mobile.keyword.builtin.TakeScreenshotKeyword$_takeScreenshot_closure1.doCall(TakeScreenshotKeyword.groovy:110)
	at com.kms.katalon.core.mobile.keyword.builtin.TakeScreenshotKeyword$_takeScreenshot_closure1.call(TakeScreenshotKeyword.groovy)
	at com.kms.katalon.core.mobile.keyword.internal.MobileKeywordMain.runKeyword(MobileKeywordMain.groovy:30)
	... 23 more


18-05-2025T09:29:09 - [TEST_STEP][ERROR] - takeScreenshot(ErrorScreen/$GlobalVariable.PLATFORM/$testCaseContext.getTestCaseId().png): com.kms.katalon.core.exception.StepFailedException: Unable to take screenshot
	at com.kms.katalon.core.mobile.keyword.internal.MobileKeywordMain.stepFailed(MobileKeywordMain.groovy:64)
	at com.kms.katalon.core.mobile.keyword.internal.MobileKeywordMain.runKeyword(MobileKeywordMain.groovy:34)
	at com.kms.katalon.core.mobile.keyword.builtin.TakeScreenshotKeyword.takeScreenshot(TakeScreenshotKeyword.groovy:94)
	at com.kms.katalon.core.mobile.keyword.builtin.TakeScreenshotKeyword.execute(TakeScreenshotKeyword.groovy:54)
	at com.kms.katalon.core.keyword.internal.KeywordExecutor.executeKeywordForPlatform(KeywordExecutor.groovy:74)
	at com.kms.katalon.core.mobile.keyword.MobileBuiltInKeywords.takeScreenshot(MobileBuiltInKeywords.groovy:218)
	at TestListener.afterTest(TestListener.groovy:45)
	at java.base/jdk.internal.reflect.NativeMethodAccessorImpl.invoke0(Native Method)
	at java.base/jdk.internal.reflect.NativeMethodAccessorImpl.invoke(NativeMethodAccessorImpl.java:77)
	at java.base/jdk.internal.reflect.DelegatingMethodAccessorImpl.invoke(DelegatingMethodAccessorImpl.java:43)
	at com.kms.katalon.core.context.internal.TestHooker.invokeMethod(TestHooker.java:111)
	at com.kms.katalon.core.context.internal.TestHooker.lambda$3(TestHooker.java:95)
	at com.kms.katalon.core.context.internal.TestHooker.invokeContextMethods(TestHooker.java:94)
	at com.kms.katalon.core.context.internal.TestListenerCollector.lambda$3(TestListenerCollector.java:88)
	at com.kms.katalon.core.context.internal.TestListenerCollector.handleListenerEvent(TestListenerCollector.java:85)
	at com.kms.katalon.core.context.internal.ExecutionEventManager.publicEvent(ExecutionEventManager.java:36)
	at com.kms.katalon.core.main.TestCaseExecutor.execute(TestCaseExecutor.java:315)
	at com.kms.katalon.core.common.CommonExecutor.accessTestCaseMainPhase(CommonExecutor.java:65)
	at com.kms.katalon.core.main.TestSuiteExecutor.accessTestSuiteMainPhase(TestSuiteExecutor.java:150)
	at com.kms.katalon.core.main.TestSuiteExecutor.execute(TestSuiteExecutor.java:106)
	at com.kms.katalon.core.main.TestCaseMain.startTestSuite(TestCaseMain.java:180)
	at TempTestSuite1747531571431.run(TempTestSuite1747531571431.groovy:35)
	at java.base/jdk.internal.reflect.NativeMethodAccessorImpl.invoke0(Native Method)
	at java.base/jdk.internal.reflect.NativeMethodAccessorImpl.invoke(NativeMethodAccessorImpl.java:77)
	at java.base/jdk.internal.reflect.DelegatingMethodAccessorImpl.invoke(DelegatingMethodAccessorImpl.java:43)
Caused by: org.openqa.selenium.WebDriverException: An unknown server-side error occurred while processing the command. Original error: 'GET /screenshot' cannot be proxied to UiAutomator2 server because the instrumentation process is not running (probably crashed). Check the server log and/or the logcat output for more details
Build info: version: '3.141.59', revision: 'unknown', time: 'unknown'
System info: host: '192.168.1.4.non-exists.ptr.local', ip: '2402:800:63f2:b9ce:1859:4296:77a1:a88d%en0', os.name: 'Mac OS X', os.arch: 'aarch64', os.version: '15.4.1', java.version: '17.0.7'
Driver info: com.kms.katalon.core.appium.driver.SwipeableAndroidDriver
Capabilities {automationName: UiAutomator2, databaseEnabled: false, desired: {automationName: UiAutomator2, deviceName: af0c5cf7, noReset: true, platformName: android, waitForIdleTimeout: 3000}, deviceApiLevel: 35, deviceManufacturer: OPPO, deviceModel: CPH2699, deviceName: af0c5cf7, deviceScreenDensity: 480, deviceScreenSize: 1080x2400, deviceUDID: af0c5cf7, javascriptEnabled: true, locationContextEnabled: false, networkConnectionEnabled: true, noReset: true, pixelRatio: 3, platform: LINUX, platformName: Android, platformVersion: 15, statBarHeight: 120, takesScreenshot: true, viewportRect: {height: 2280, left: 0, top: 120, width: 1080}, waitForIdleTimeout: 3000, warnings: {}, webStorageEnabled: false}
Session ID: c0c10e71-bfa6-42a0-bfc6-9e4517bcdaae
	at jdk.internal.reflect.GeneratedConstructorAccessor30.newInstance(Unknown Source)
	at java.base/jdk.internal.reflect.DelegatingConstructorAccessorImpl.newInstance(DelegatingConstructorAccessorImpl.java:45)
	at org.openqa.selenium.remote.http.W3CHttpResponseCodec.createException(W3CHttpResponseCodec.java:187)
	at org.openqa.selenium.remote.http.W3CHttpResponseCodec.decode(W3CHttpResponseCodec.java:122)
	at org.openqa.selenium.remote.http.W3CHttpResponseCodec.decode(W3CHttpResponseCodec.java:49)
	at org.openqa.selenium.remote.HttpCommandExecutor.execute(HttpCommandExecutor.java:158)
	at io.appium.java_client.remote.AppiumCommandExecutor.execute(AppiumCommandExecutor.java:239)
	at org.openqa.selenium.remote.RemoteWebDriver.execute(RemoteWebDriver.java:552)
	at io.appium.java_client.DefaultGenericMobileDriver.execute(DefaultGenericMobileDriver.java:46)
	at io.appium.java_client.AppiumDriver.execute(AppiumDriver.java:1)
	at io.appium.java_client.android.AndroidDriver.execute(AndroidDriver.java:1)
	at com.kms.katalon.core.appium.driver.SwipeableAndroidDriver.execute(SwipeableAndroidDriver.java:1)
	at org.openqa.selenium.remote.RemoteWebDriver.getScreenshotAs(RemoteWebDriver.java:295)
	at com.kms.katalon.core.mobile.helper.MobileScreenCaptor.takeScreenshot(MobileScreenCaptor.java:109)
	at com.kms.katalon.core.mobile.keyword.builtin.TakeScreenshotKeyword$_takeScreenshot_closure1.doCall(TakeScreenshotKeyword.groovy:110)
	at com.kms.katalon.core.mobile.keyword.builtin.TakeScreenshotKeyword$_takeScreenshot_closure1.call(TakeScreenshotKeyword.groovy)
	at com.kms.katalon.core.mobile.keyword.internal.MobileKeywordMain.runKeyword(MobileKeywordMain.groovy:30)
	... 23 more


18-05-2025T09:29:09 - [MESSAGE][FAILED] - Unable to take screenshot (Root cause: com.kms.katalon.core.exception.StepFailedException: Unable to take screenshot
	at com.kms.katalon.core.mobile.keyword.internal.MobileKeywordMain.stepFailed(MobileKeywordMain.groovy:64)
	at com.kms.katalon.core.mobile.keyword.internal.MobileKeywordMain.runKeyword(MobileKeywordMain.groovy:34)
	at com.kms.katalon.core.mobile.keyword.builtin.TakeScreenshotKeyword.takeScreenshot(TakeScreenshotKeyword.groovy:94)
	at com.kms.katalon.core.mobile.keyword.builtin.TakeScreenshotKeyword.execute(TakeScreenshotKeyword.groovy:54)
	at com.kms.katalon.core.keyword.internal.KeywordExecutor.executeKeywordForPlatform(KeywordExecutor.groovy:74)
	at com.kms.katalon.core.mobile.keyword.MobileBuiltInKeywords.takeScreenshot(MobileBuiltInKeywords.groovy:218)
	at TestListener.afterTest(TestListener.groovy:45)
	at java.base/jdk.internal.reflect.NativeMethodAccessorImpl.invoke0(Native Method)
	at java.base/jdk.internal.reflect.NativeMethodAccessorImpl.invoke(NativeMethodAccessorImpl.java:77)
	at java.base/jdk.internal.reflect.DelegatingMethodAccessorImpl.invoke(DelegatingMethodAccessorImpl.java:43)
	at com.kms.katalon.core.context.internal.TestHooker.invokeMethod(TestHooker.java:111)
	at com.kms.katalon.core.context.internal.TestHooker.lambda$3(TestHooker.java:95)
	at com.kms.katalon.core.context.internal.TestHooker.invokeContextMethods(TestHooker.java:94)
	at com.kms.katalon.core.context.internal.TestListenerCollector.lambda$3(TestListenerCollector.java:88)
	at com.kms.katalon.core.context.internal.TestListenerCollector.handleListenerEvent(TestListenerCollector.java:85)
	at com.kms.katalon.core.context.internal.ExecutionEventManager.publicEvent(ExecutionEventManager.java:36)
	at com.kms.katalon.core.main.TestCaseExecutor.execute(TestCaseExecutor.java:315)
	at com.kms.katalon.core.common.CommonExecutor.accessTestCaseMainPhase(CommonExecutor.java:65)
	at com.kms.katalon.core.main.TestSuiteExecutor.accessTestSuiteMainPhase(TestSuiteExecutor.java:150)
	at com.kms.katalon.core.main.TestSuiteExecutor.execute(TestSuiteExecutor.java:106)
	at com.kms.katalon.core.main.TestCaseMain.startTestSuite(TestCaseMain.java:180)
	at TempTestSuite1747531571431.run(TempTestSuite1747531571431.groovy:35)
	at java.base/jdk.internal.reflect.NativeMethodAccessorImpl.invoke0(Native Method)
	at java.base/jdk.internal.reflect.NativeMethodAccessorImpl.invoke(NativeMethodAccessorImpl.java:77)
	at java.base/jdk.internal.reflect.DelegatingMethodAccessorImpl.invoke(DelegatingMethodAccessorImpl.java:43)
Caused by: org.openqa.selenium.WebDriverException: An unknown server-side error occurred while processing the command. Original error: 'GET /screenshot' cannot be proxied to UiAutomator2 server because the instrumentation process is not running (probably crashed). Check the server log and/or the logcat output for more details
Build info: version: '3.141.59', revision: 'unknown', time: 'unknown'
System info: host: '192.168.1.4.non-exists.ptr.local', ip: '2402:800:63f2:b9ce:1859:4296:77a1:a88d%en0', os.name: 'Mac OS X', os.arch: 'aarch64', os.version: '15.4.1', java.version: '17.0.7'
Driver info: com.kms.katalon.core.appium.driver.SwipeableAndroidDriver
Capabilities {automationName: UiAutomator2, databaseEnabled: false, desired: {automationName: UiAutomator2, deviceName: af0c5cf7, noReset: true, platformName: android, waitForIdleTimeout: 3000}, deviceApiLevel: 35, deviceManufacturer: OPPO, deviceModel: CPH2699, deviceName: af0c5cf7, deviceScreenDensity: 480, deviceScreenSize: 1080x2400, deviceUDID: af0c5cf7, javascriptEnabled: true, locationContextEnabled: false, networkConnectionEnabled: true, noReset: true, pixelRatio: 3, platform: LINUX, platformName: Android, platformVersion: 15, statBarHeight: 120, takesScreenshot: true, viewportRect: {height: 2280, left: 0, top: 120, width: 1080}, waitForIdleTimeout: 3000, warnings: {}, webStorageEnabled: false}
Session ID: c0c10e71-bfa6-42a0-bfc6-9e4517bcdaae
	at jdk.internal.reflect.GeneratedConstructorAccessor30.newInstance(Unknown Source)
	at java.base/jdk.internal.reflect.DelegatingConstructorAccessorImpl.newInstance(DelegatingConstructorAccessorImpl.java:45)
	at org.openqa.selenium.remote.http.W3CHttpResponseCodec.createException(W3CHttpResponseCodec.java:187)
	at org.openqa.selenium.remote.http.W3CHttpResponseCodec.decode(W3CHttpResponseCodec.java:122)
	at org.openqa.selenium.remote.http.W3CHttpResponseCodec.decode(W3CHttpResponseCodec.java:49)
	at org.openqa.selenium.remote.HttpCommandExecutor.execute(HttpCommandExecutor.java:158)
	at io.appium.java_client.remote.AppiumCommandExecutor.execute(AppiumCommandExecutor.java:239)
	at org.openqa.selenium.remote.RemoteWebDriver.execute(RemoteWebDriver.java:552)
	at io.appium.java_client.DefaultGenericMobileDriver.execute(DefaultGenericMobileDriver.java:46)
	at io.appium.java_client.AppiumDriver.execute(AppiumDriver.java:1)
	at io.appium.java_client.android.AndroidDriver.execute(AndroidDriver.java:1)
	at com.kms.katalon.core.appium.driver.SwipeableAndroidDriver.execute(SwipeableAndroidDriver.java:1)
	at org.openqa.selenium.remote.RemoteWebDriver.getScreenshotAs(RemoteWebDriver.java:295)
	at com.kms.katalon.core.mobile.helper.MobileScreenCaptor.takeScreenshot(MobileScreenCaptor.java:109)
	at com.kms.katalon.core.mobile.keyword.builtin.TakeScreenshotKeyword$_takeScreenshot_closure1.doCall(TakeScreenshotKeyword.groovy:110)
	at com.kms.katalon.core.mobile.keyword.builtin.TakeScreenshotKeyword$_takeScreenshot_closure1.call(TakeScreenshotKeyword.groovy)
	at com.kms.katalon.core.mobile.keyword.internal.MobileKeywordMain.runKeyword(MobileKeywordMain.groovy:30)
	... 23 more
)

18-05-2025T09:29:09 - [MESSAGE][ERROR] - com.kms.katalon.core.exception.StepFailedException: Unable to take screenshot
	at com.kms.katalon.core.mobile.keyword.internal.MobileKeywordMain.stepFailed(MobileKeywordMain.groovy:64)
	at com.kms.katalon.core.mobile.keyword.internal.MobileKeywordMain.runKeyword(MobileKeywordMain.groovy:34)
	at com.kms.katalon.core.mobile.keyword.builtin.TakeScreenshotKeyword.takeScreenshot(TakeScreenshotKeyword.groovy:94)
	at com.kms.katalon.core.mobile.keyword.builtin.TakeScreenshotKeyword.execute(TakeScreenshotKeyword.groovy:54)
	at com.kms.katalon.core.keyword.internal.KeywordExecutor.executeKeywordForPlatform(KeywordExecutor.groovy:74)
	at com.kms.katalon.core.mobile.keyword.MobileBuiltInKeywords.takeScreenshot(MobileBuiltInKeywords.groovy:218)
	at TestListener.afterTest(TestListener.groovy:45)
	at java.base/jdk.internal.reflect.NativeMethodAccessorImpl.invoke0(Native Method)
	at java.base/jdk.internal.reflect.NativeMethodAccessorImpl.invoke(NativeMethodAccessorImpl.java:77)
	at java.base/jdk.internal.reflect.DelegatingMethodAccessorImpl.invoke(DelegatingMethodAccessorImpl.java:43)
	at com.kms.katalon.core.context.internal.TestHooker.invokeMethod(TestHooker.java:111)
	at com.kms.katalon.core.context.internal.TestHooker.lambda$3(TestHooker.java:95)
	at com.kms.katalon.core.context.internal.TestHooker.invokeContextMethods(TestHooker.java:94)
	at com.kms.katalon.core.context.internal.TestListenerCollector.lambda$3(TestListenerCollector.java:88)
	at com.kms.katalon.core.context.internal.TestListenerCollector.handleListenerEvent(TestListenerCollector.java:85)
	at com.kms.katalon.core.context.internal.ExecutionEventManager.publicEvent(ExecutionEventManager.java:36)
	at com.kms.katalon.core.main.TestCaseExecutor.execute(TestCaseExecutor.java:315)
	at com.kms.katalon.core.common.CommonExecutor.accessTestCaseMainPhase(CommonExecutor.java:65)
	at com.kms.katalon.core.main.TestSuiteExecutor.accessTestSuiteMainPhase(TestSuiteExecutor.java:150)
	at com.kms.katalon.core.main.TestSuiteExecutor.execute(TestSuiteExecutor.java:106)
	at com.kms.katalon.core.main.TestCaseMain.startTestSuite(TestCaseMain.java:180)
	at TempTestSuite1747531571431.run(TempTestSuite1747531571431.groovy:35)
	at java.base/jdk.internal.reflect.NativeMethodAccessorImpl.invoke0(Native Method)
	at java.base/jdk.internal.reflect.NativeMethodAccessorImpl.invoke(NativeMethodAccessorImpl.java:77)
	at java.base/jdk.internal.reflect.DelegatingMethodAccessorImpl.invoke(DelegatingMethodAccessorImpl.java:43)
Caused by: org.openqa.selenium.WebDriverException: An unknown server-side error occurred while processing the command. Original error: 'GET /screenshot' cannot be proxied to UiAutomator2 server because the instrumentation process is not running (probably crashed). Check the server log and/or the logcat output for more details
Build info: version: '3.141.59', revision: 'unknown', time: 'unknown'
System info: host: '192.168.1.4.non-exists.ptr.local', ip: '2402:800:63f2:b9ce:1859:4296:77a1:a88d%en0', os.name: 'Mac OS X', os.arch: 'aarch64', os.version: '15.4.1', java.version: '17.0.7'
Driver info: com.kms.katalon.core.appium.driver.SwipeableAndroidDriver
Capabilities {automationName: UiAutomator2, databaseEnabled: false, desired: {automationName: UiAutomator2, deviceName: af0c5cf7, noReset: true, platformName: android, waitForIdleTimeout: 3000}, deviceApiLevel: 35, deviceManufacturer: OPPO, deviceModel: CPH2699, deviceName: af0c5cf7, deviceScreenDensity: 480, deviceScreenSize: 1080x2400, deviceUDID: af0c5cf7, javascriptEnabled: true, locationContextEnabled: false, networkConnectionEnabled: true, noReset: true, pixelRatio: 3, platform: LINUX, platformName: Android, platformVersion: 15, statBarHeight: 120, takesScreenshot: true, viewportRect: {height: 2280, left: 0, top: 120, width: 1080}, waitForIdleTimeout: 3000, warnings: {}, webStorageEnabled: false}
Session ID: c0c10e71-bfa6-42a0-bfc6-9e4517bcdaae
	at jdk.internal.reflect.GeneratedConstructorAccessor30.newInstance(Unknown Source)
	at java.base/jdk.internal.reflect.DelegatingConstructorAccessorImpl.newInstance(DelegatingConstructorAccessorImpl.java:45)
	at org.openqa.selenium.remote.http.W3CHttpResponseCodec.createException(W3CHttpResponseCodec.java:187)
	at org.openqa.selenium.remote.http.W3CHttpResponseCodec.decode(W3CHttpResponseCodec.java:122)
	at org.openqa.selenium.remote.http.W3CHttpResponseCodec.decode(W3CHttpResponseCodec.java:49)
	at org.openqa.selenium.remote.HttpCommandExecutor.execute(HttpCommandExecutor.java:158)
	at io.appium.java_client.remote.AppiumCommandExecutor.execute(AppiumCommandExecutor.java:239)
	at org.openqa.selenium.remote.RemoteWebDriver.execute(RemoteWebDriver.java:552)
	at io.appium.java_client.DefaultGenericMobileDriver.execute(DefaultGenericMobileDriver.java:46)
	at io.appium.java_client.AppiumDriver.execute(AppiumDriver.java:1)
	at io.appium.java_client.android.AndroidDriver.execute(AndroidDriver.java:1)
	at com.kms.katalon.core.appium.driver.SwipeableAndroidDriver.execute(SwipeableAndroidDriver.java:1)
	at org.openqa.selenium.remote.RemoteWebDriver.getScreenshotAs(RemoteWebDriver.java:295)
	at com.kms.katalon.core.mobile.helper.MobileScreenCaptor.takeScreenshot(MobileScreenCaptor.java:109)
	at com.kms.katalon.core.mobile.keyword.builtin.TakeScreenshotKeyword$_takeScreenshot_closure1.doCall(TakeScreenshotKeyword.groovy:110)
	at com.kms.katalon.core.mobile.keyword.builtin.TakeScreenshotKeyword$_takeScreenshot_closure1.call(TakeScreenshotKeyword.groovy)
	at com.kms.katalon.core.mobile.keyword.internal.MobileKeywordMain.runKeyword(MobileKeywordMain.groovy:30)
	... 23 more]]></system-out>
         <system-err><![CDATA[18-05-2025T09:29:09 - [TEST_CASE][ERROR] - Test Cases/IPAPER APP/009 DUYET NHANH: Test Cases/IPAPER APP/009 DUYET NHANH FAILED.
Reason:
org.openqa.selenium.WebDriverException: An unknown server-side error occurred while processing the command. Original error: 'POST /elements' cannot be proxied to UiAutomator2 server because the instrumentation process is not running (probably crashed). Check the server log and/or the logcat output for more details
Build info: version: '3.141.59', revision: 'unknown', time: 'unknown'
System info: host: '192.168.1.4.non-exists.ptr.local', ip: '2402:800:63f2:b9ce:1859:4296:77a1:a88d%en0', os.name: 'Mac OS X', os.arch: 'aarch64', os.version: '15.4.1', java.version: '17.0.7'
Driver info: com.kms.katalon.core.appium.driver.SwipeableAndroidDriver
Capabilities {automationName: UiAutomator2, databaseEnabled: false, desired: {automationName: UiAutomator2, deviceName: af0c5cf7, noReset: true, platformName: android, waitForIdleTimeout: 3000}, deviceApiLevel: 35, deviceManufacturer: OPPO, deviceModel: CPH2699, deviceName: af0c5cf7, deviceScreenDensity: 480, deviceScreenSize: 1080x2400, deviceUDID: af0c5cf7, javascriptEnabled: true, locationContextEnabled: false, networkConnectionEnabled: true, noReset: true, pixelRatio: 3, platform: LINUX, platformName: Android, platformVersion: 15, statBarHeight: 120, takesScreenshot: true, viewportRect: {height: 2280, left: 0, top: 120, width: 1080}, waitForIdleTimeout: 3000, warnings: {}, webStorageEnabled: false}
Session ID: c0c10e71-bfa6-42a0-bfc6-9e4517bcdaae
*** Element info: {Using=xpath, value=//android.widget.EditText[@resource-id='com.hdbank.ipaper:id/edit_text_user_name']}
	at jdk.internal.reflect.GeneratedConstructorAccessor30.newInstance(Unknown Source)
	at java.base/jdk.internal.reflect.DelegatingConstructorAccessorImpl.newInstance(DelegatingConstructorAccessorImpl.java:45)
	at org.openqa.selenium.remote.http.W3CHttpResponseCodec.createException(W3CHttpResponseCodec.java:187)
	at org.openqa.selenium.remote.http.W3CHttpResponseCodec.decode(W3CHttpResponseCodec.java:122)
	at org.openqa.selenium.remote.http.W3CHttpResponseCodec.decode(W3CHttpResponseCodec.java:49)
	at org.openqa.selenium.remote.HttpCommandExecutor.execute(HttpCommandExecutor.java:158)
	at io.appium.java_client.remote.AppiumCommandExecutor.execute(AppiumCommandExecutor.java:239)
	at org.openqa.selenium.remote.RemoteWebDriver.execute(RemoteWebDriver.java:552)
	at io.appium.java_client.DefaultGenericMobileDriver.execute(DefaultGenericMobileDriver.java:42)
	at io.appium.java_client.AppiumDriver.execute(AppiumDriver.java:1)
	at io.appium.java_client.android.AndroidDriver.execute(AndroidDriver.java:1)
	at com.kms.katalon.core.appium.driver.SwipeableAndroidDriver.execute(SwipeableAndroidDriver.java:1)
	at org.openqa.selenium.remote.RemoteWebDriver.findElements(RemoteWebDriver.java:353)
	at io.appium.java_client.DefaultGenericMobileDriver.findElements(DefaultGenericMobileDriver.java:54)
	at io.appium.java_client.AppiumDriver.findElements(AppiumDriver.java:152)
	at org.openqa.selenium.remote.RemoteWebDriver.findElementsByXPath(RemoteWebDriver.java:432)
	at io.appium.java_client.DefaultGenericMobileDriver.findElementsByXPath(DefaultGenericMobileDriver.java:156)
	at io.appium.java_client.AppiumDriver.findElementsByXPath(AppiumDriver.java:184)
	at org.openqa.selenium.By$ByXPath.findElements(By.java:348)
	at org.openqa.selenium.remote.RemoteWebDriver.findElements(RemoteWebDriver.java:311)
	at io.appium.java_client.DefaultGenericMobileDriver.findElements(DefaultGenericMobileDriver.java:50)
	at io.appium.java_client.AppiumDriver.findElements(AppiumDriver.java:148)
	at base.BaseKeyword$Trait$Helper.isDisplayed(BaseKeyword.groovy:234)
	at screens.LoginScreen.isDisplayed(LoginScreen.groovy)
	at base.BaseKeyword$Trait$Helper.isDisplayed(BaseKeyword.groovy:229)
	at screens.LoginScreen.isDisplayed(LoginScreen.groovy)
	at screens.LoginScreen.isGuest(LoginScreen.groovy:34)
	at screens.LoginScreen.login(LoginScreen.groovy:10)
	at 009 DUYET NHANH.run(009 DUYET NHANH:16)
	at com.kms.katalon.core.main.ScriptEngine.run(ScriptEngine.java:194)
	at com.kms.katalon.core.main.ScriptEngine.runScriptAsRawText(ScriptEngine.java:119)
	at com.kms.katalon.core.main.TestCaseExecutor.runScript(TestCaseExecutor.java:448)
	at com.kms.katalon.core.main.TestCaseExecutor.doExecute(TestCaseExecutor.java:439)
	at com.kms.katalon.core.main.TestCaseExecutor.processExecutionPhase(TestCaseExecutor.java:418)
	at com.kms.katalon.core.main.TestCaseExecutor.accessMainPhase(TestCaseExecutor.java:410)
	at com.kms.katalon.core.main.TestCaseExecutor.execute(TestCaseExecutor.java:285)
	at com.kms.katalon.core.common.CommonExecutor.accessTestCaseMainPhase(CommonExecutor.java:65)
	at com.kms.katalon.core.main.TestSuiteExecutor.accessTestSuiteMainPhase(TestSuiteExecutor.java:150)
	at com.kms.katalon.core.main.TestSuiteExecutor.execute(TestSuiteExecutor.java:106)
	at com.kms.katalon.core.main.TestCaseMain.startTestSuite(TestCaseMain.java:180)
	at TempTestSuite1747531571431.run(TempTestSuite1747531571431.groovy:35)
	at java.base/jdk.internal.reflect.NativeMethodAccessorImpl.invoke0(Native Method)
	at java.base/jdk.internal.reflect.NativeMethodAccessorImpl.invoke(NativeMethodAccessorImpl.java:77)
	at java.base/jdk.internal.reflect.DelegatingMethodAccessorImpl.invoke(DelegatingMethodAccessorImpl.java:43)]]></system-err>
      </testcase>
      <testcase name="Test Cases/IPAPER APP/025 TRA VE TAI MAIN FILE_NHAP Y KIEN" time="0.316" classname="Test Cases/IPAPER APP/025 TRA VE TAI MAIN FILE_NHAP Y KIEN" status="ERROR">
         <error type="ERROR" message="Test Cases/IPAPER APP/025 TRA VE TAI MAIN FILE_NHAP Y KIEN FAILED.&#xa;Reason:&#xa;org.openqa.selenium.WebDriverException: An unknown server-side error occurred while processing the command. Original error: 'POST /elements' cannot be proxied to UiAutomator2 server because the instrumentation process is not running (probably crashed). Check the server log and/or the logcat output for more details&#xa;Build info: version: '3.141.59', revision: 'unknown', time: 'unknown'&#xa;System info: host: '192.168.1.4.non-exists.ptr.local', ip: '2402:800:63f2:b9ce:1859:4296:77a1:a88d%en0', os.name: 'Mac OS X', os.arch: 'aarch64', os.version: '15.4.1', java.version: '17.0.7'&#xa;Driver info: com.kms.katalon.core.appium.driver.SwipeableAndroidDriver&#xa;Capabilities {automationName: UiAutomator2, databaseEnabled: false, desired: {automationName: UiAutomator2, deviceName: af0c5cf7, noReset: true, platformName: android, waitForIdleTimeout: 3000}, deviceApiLevel: 35, deviceManufacturer: OPPO, deviceModel: CPH2699, deviceName: af0c5cf7, deviceScreenDensity: 480, deviceScreenSize: 1080x2400, deviceUDID: af0c5cf7, javascriptEnabled: true, locationContextEnabled: false, networkConnectionEnabled: true, noReset: true, pixelRatio: 3, platform: LINUX, platformName: Android, platformVersion: 15, statBarHeight: 120, takesScreenshot: true, viewportRect: {height: 2280, left: 0, top: 120, width: 1080}, waitForIdleTimeout: 3000, warnings: {}, webStorageEnabled: false}&#xa;Session ID: c0c10e71-bfa6-42a0-bfc6-9e4517bcdaae&#xa;*** Element info: {Using=xpath, value=//android.widget.EditText[@resource-id='com.hdbank.ipaper:id/edit_text_user_name']}&#xa;	at jdk.internal.reflect.GeneratedConstructorAccessor30.newInstance(Unknown Source)&#xa;	at java.base/jdk.internal.reflect.DelegatingConstructorAccessorImpl.newInstance(DelegatingConstructorAccessorImpl.java:45)&#xa;	at org.openqa.selenium.remote.http.W3CHttpResponseCodec.createException(W3CHttpResponseCodec.java:187)&#xa;	at org.openqa.selenium.remote.http.W3CHttpResponseCodec.decode(W3CHttpResponseCodec.java:122)&#xa;	at org.openqa.selenium.remote.http.W3CHttpResponseCodec.decode(W3CHttpResponseCodec.java:49)&#xa;	at org.openqa.selenium.remote.HttpCommandExecutor.execute(HttpCommandExecutor.java:158)&#xa;	at io.appium.java_client.remote.AppiumCommandExecutor.execute(AppiumCommandExecutor.java:239)&#xa;	at org.openqa.selenium.remote.RemoteWebDriver.execute(RemoteWebDriver.java:552)&#xa;	at io.appium.java_client.DefaultGenericMobileDriver.execute(DefaultGenericMobileDriver.java:42)&#xa;	at io.appium.java_client.AppiumDriver.execute(AppiumDriver.java:1)&#xa;	at io.appium.java_client.android.AndroidDriver.execute(AndroidDriver.java:1)&#xa;	at com.kms.katalon.core.appium.driver.SwipeableAndroidDriver.execute(SwipeableAndroidDriver.java:1)&#xa;	at org.openqa.selenium.remote.RemoteWebDriver.findElements(RemoteWebDriver.java:353)&#xa;	at io.appium.java_client.DefaultGenericMobileDriver.findElements(DefaultGenericMobileDriver.java:54)&#xa;	at io.appium.java_client.AppiumDriver.findElements(AppiumDriver.java:152)&#xa;	at org.openqa.selenium.remote.RemoteWebDriver.findElementsByXPath(RemoteWebDriver.java:432)&#xa;	at io.appium.java_client.DefaultGenericMobileDriver.findElementsByXPath(DefaultGenericMobileDriver.java:156)&#xa;	at io.appium.java_client.AppiumDriver.findElementsByXPath(AppiumDriver.java:184)&#xa;	at org.openqa.selenium.By$ByXPath.findElements(By.java:348)&#xa;	at org.openqa.selenium.remote.RemoteWebDriver.findElements(RemoteWebDriver.java:311)&#xa;	at io.appium.java_client.DefaultGenericMobileDriver.findElements(DefaultGenericMobileDriver.java:50)&#xa;	at io.appium.java_client.AppiumDriver.findElements(AppiumDriver.java:148)&#xa;	at base.BaseKeyword$Trait$Helper.isDisplayed(BaseKeyword.groovy:234)&#xa;	at screens.LoginScreen.isDisplayed(LoginScreen.groovy)&#xa;	at base.BaseKeyword$Trait$Helper.isDisplayed(BaseKeyword.groovy:229)&#xa;	at screens.LoginScreen.isDisplayed(LoginScreen.groovy)&#xa;	at screens.LoginScreen.isGuest(LoginScreen.groovy:34)&#xa;	at screens.LoginScreen.login(LoginScreen.groovy:10)&#xa;	at 025 TRA VE TAI MAIN FILE_NHAP Y KIEN.run(025 TRA VE TAI MAIN FILE_NHAP Y KIEN:18)&#xa;	at com.kms.katalon.core.main.ScriptEngine.run(ScriptEngine.java:194)&#xa;	at com.kms.katalon.core.main.ScriptEngine.runScriptAsRawText(ScriptEngine.java:119)&#xa;	at com.kms.katalon.core.main.TestCaseExecutor.runScript(TestCaseExecutor.java:448)&#xa;	at com.kms.katalon.core.main.TestCaseExecutor.doExecute(TestCaseExecutor.java:439)&#xa;	at com.kms.katalon.core.main.TestCaseExecutor.processExecutionPhase(TestCaseExecutor.java:418)&#xa;	at com.kms.katalon.core.main.TestCaseExecutor.accessMainPhase(TestCaseExecutor.java:410)&#xa;	at com.kms.katalon.core.main.TestCaseExecutor.execute(TestCaseExecutor.java:285)&#xa;	at com.kms.katalon.core.common.CommonExecutor.accessTestCaseMainPhase(CommonExecutor.java:65)&#xa;	at com.kms.katalon.core.main.TestSuiteExecutor.accessTestSuiteMainPhase(TestSuiteExecutor.java:150)&#xa;	at com.kms.katalon.core.main.TestSuiteExecutor.execute(TestSuiteExecutor.java:106)&#xa;	at com.kms.katalon.core.main.TestCaseMain.startTestSuite(TestCaseMain.java:180)&#xa;	at TempTestSuite1747531571431.run(TempTestSuite1747531571431.groovy:35)&#xa;	at java.base/jdk.internal.reflect.NativeMethodAccessorImpl.invoke0(Native Method)&#xa;	at java.base/jdk.internal.reflect.NativeMethodAccessorImpl.invoke(NativeMethodAccessorImpl.java:77)&#xa;	at java.base/jdk.internal.reflect.DelegatingMethodAccessorImpl.invoke(DelegatingMethodAccessorImpl.java:43)&#xa;"/>
         <system-out><![CDATA[18-05-2025T09:29:09 - [TEST_CASE][ERROR] - Test Cases/IPAPER APP/025 TRA VE TAI MAIN FILE_NHAP Y KIEN: Test Cases/IPAPER APP/025 TRA VE TAI MAIN FILE_NHAP Y KIEN FAILED.
Reason:
org.openqa.selenium.WebDriverException: An unknown server-side error occurred while processing the command. Original error: 'POST /elements' cannot be proxied to UiAutomator2 server because the instrumentation process is not running (probably crashed). Check the server log and/or the logcat output for more details
Build info: version: '3.141.59', revision: 'unknown', time: 'unknown'
System info: host: '192.168.1.4.non-exists.ptr.local', ip: '2402:800:63f2:b9ce:1859:4296:77a1:a88d%en0', os.name: 'Mac OS X', os.arch: 'aarch64', os.version: '15.4.1', java.version: '17.0.7'
Driver info: com.kms.katalon.core.appium.driver.SwipeableAndroidDriver
Capabilities {automationName: UiAutomator2, databaseEnabled: false, desired: {automationName: UiAutomator2, deviceName: af0c5cf7, noReset: true, platformName: android, waitForIdleTimeout: 3000}, deviceApiLevel: 35, deviceManufacturer: OPPO, deviceModel: CPH2699, deviceName: af0c5cf7, deviceScreenDensity: 480, deviceScreenSize: 1080x2400, deviceUDID: af0c5cf7, javascriptEnabled: true, locationContextEnabled: false, networkConnectionEnabled: true, noReset: true, pixelRatio: 3, platform: LINUX, platformName: Android, platformVersion: 15, statBarHeight: 120, takesScreenshot: true, viewportRect: {height: 2280, left: 0, top: 120, width: 1080}, waitForIdleTimeout: 3000, warnings: {}, webStorageEnabled: false}
Session ID: c0c10e71-bfa6-42a0-bfc6-9e4517bcdaae
*** Element info: {Using=xpath, value=//android.widget.EditText[@resource-id='com.hdbank.ipaper:id/edit_text_user_name']}
	at jdk.internal.reflect.GeneratedConstructorAccessor30.newInstance(Unknown Source)
	at java.base/jdk.internal.reflect.DelegatingConstructorAccessorImpl.newInstance(DelegatingConstructorAccessorImpl.java:45)
	at org.openqa.selenium.remote.http.W3CHttpResponseCodec.createException(W3CHttpResponseCodec.java:187)
	at org.openqa.selenium.remote.http.W3CHttpResponseCodec.decode(W3CHttpResponseCodec.java:122)
	at org.openqa.selenium.remote.http.W3CHttpResponseCodec.decode(W3CHttpResponseCodec.java:49)
	at org.openqa.selenium.remote.HttpCommandExecutor.execute(HttpCommandExecutor.java:158)
	at io.appium.java_client.remote.AppiumCommandExecutor.execute(AppiumCommandExecutor.java:239)
	at org.openqa.selenium.remote.RemoteWebDriver.execute(RemoteWebDriver.java:552)
	at io.appium.java_client.DefaultGenericMobileDriver.execute(DefaultGenericMobileDriver.java:42)
	at io.appium.java_client.AppiumDriver.execute(AppiumDriver.java:1)
	at io.appium.java_client.android.AndroidDriver.execute(AndroidDriver.java:1)
	at com.kms.katalon.core.appium.driver.SwipeableAndroidDriver.execute(SwipeableAndroidDriver.java:1)
	at org.openqa.selenium.remote.RemoteWebDriver.findElements(RemoteWebDriver.java:353)
	at io.appium.java_client.DefaultGenericMobileDriver.findElements(DefaultGenericMobileDriver.java:54)
	at io.appium.java_client.AppiumDriver.findElements(AppiumDriver.java:152)
	at org.openqa.selenium.remote.RemoteWebDriver.findElementsByXPath(RemoteWebDriver.java:432)
	at io.appium.java_client.DefaultGenericMobileDriver.findElementsByXPath(DefaultGenericMobileDriver.java:156)
	at io.appium.java_client.AppiumDriver.findElementsByXPath(AppiumDriver.java:184)
	at org.openqa.selenium.By$ByXPath.findElements(By.java:348)
	at org.openqa.selenium.remote.RemoteWebDriver.findElements(RemoteWebDriver.java:311)
	at io.appium.java_client.DefaultGenericMobileDriver.findElements(DefaultGenericMobileDriver.java:50)
	at io.appium.java_client.AppiumDriver.findElements(AppiumDriver.java:148)
	at base.BaseKeyword$Trait$Helper.isDisplayed(BaseKeyword.groovy:234)
	at screens.LoginScreen.isDisplayed(LoginScreen.groovy)
	at base.BaseKeyword$Trait$Helper.isDisplayed(BaseKeyword.groovy:229)
	at screens.LoginScreen.isDisplayed(LoginScreen.groovy)
	at screens.LoginScreen.isGuest(LoginScreen.groovy:34)
	at screens.LoginScreen.login(LoginScreen.groovy:10)
	at 025 TRA VE TAI MAIN FILE_NHAP Y KIEN.run(025 TRA VE TAI MAIN FILE_NHAP Y KIEN:18)
	at com.kms.katalon.core.main.ScriptEngine.run(ScriptEngine.java:194)
	at com.kms.katalon.core.main.ScriptEngine.runScriptAsRawText(ScriptEngine.java:119)
	at com.kms.katalon.core.main.TestCaseExecutor.runScript(TestCaseExecutor.java:448)
	at com.kms.katalon.core.main.TestCaseExecutor.doExecute(TestCaseExecutor.java:439)
	at com.kms.katalon.core.main.TestCaseExecutor.processExecutionPhase(TestCaseExecutor.java:418)
	at com.kms.katalon.core.main.TestCaseExecutor.accessMainPhase(TestCaseExecutor.java:410)
	at com.kms.katalon.core.main.TestCaseExecutor.execute(TestCaseExecutor.java:285)
	at com.kms.katalon.core.common.CommonExecutor.accessTestCaseMainPhase(CommonExecutor.java:65)
	at com.kms.katalon.core.main.TestSuiteExecutor.accessTestSuiteMainPhase(TestSuiteExecutor.java:150)
	at com.kms.katalon.core.main.TestSuiteExecutor.execute(TestSuiteExecutor.java:106)
	at com.kms.katalon.core.main.TestCaseMain.startTestSuite(TestCaseMain.java:180)
	at TempTestSuite1747531571431.run(TempTestSuite1747531571431.groovy:35)
	at java.base/jdk.internal.reflect.NativeMethodAccessorImpl.invoke0(Native Method)
	at java.base/jdk.internal.reflect.NativeMethodAccessorImpl.invoke(NativeMethodAccessorImpl.java:77)
	at java.base/jdk.internal.reflect.DelegatingMethodAccessorImpl.invoke(DelegatingMethodAccessorImpl.java:43)


18-05-2025T09:29:09 - [TEST_STEP][ERROR] - Start listener action : beforeTest: com.kms.katalon.core.exception.StepErrorException: org.openqa.selenium.WebDriverException: An unknown server-side error occurred while processing the command. Original error: 'POST /elements' cannot be proxied to UiAutomator2 server because the instrumentation process is not running (probably crashed). Check the server log and/or the logcat output for more details
Build info: version: '3.141.59', revision: 'unknown', time: 'unknown'
System info: host: '192.168.1.4.non-exists.ptr.local', ip: '2402:800:63f2:b9ce:1859:4296:77a1:a88d%en0', os.name: 'Mac OS X', os.arch: 'aarch64', os.version: '15.4.1', java.version: '17.0.7'
Driver info: com.kms.katalon.core.appium.driver.SwipeableAndroidDriver
Capabilities {automationName: UiAutomator2, databaseEnabled: false, desired: {automationName: UiAutomator2, deviceName: af0c5cf7, noReset: true, platformName: android, waitForIdleTimeout: 3000}, deviceApiLevel: 35, deviceManufacturer: OPPO, deviceModel: CPH2699, deviceName: af0c5cf7, deviceScreenDensity: 480, deviceScreenSize: 1080x2400, deviceUDID: af0c5cf7, javascriptEnabled: true, locationContextEnabled: false, networkConnectionEnabled: true, noReset: true, pixelRatio: 3, platform: LINUX, platformName: Android, platformVersion: 15, statBarHeight: 120, takesScreenshot: true, viewportRect: {height: 2280, left: 0, top: 120, width: 1080}, waitForIdleTimeout: 3000, warnings: {}, webStorageEnabled: false}
Session ID: c0c10e71-bfa6-42a0-bfc6-9e4517bcdaae
*** Element info: {Using=id, value=com.hdbank.ipaper:id/img_logo}
	at com.kms.katalon.core.main.CustomKeywordDelegatingMetaClass.throwError(CustomKeywordDelegatingMetaClass.java:101)
	at com.kms.katalon.core.main.CustomKeywordDelegatingMetaClass.invokeStaticMethod(CustomKeywordDelegatingMetaClass.java:73)
	at TestListener.beforeTest(TestListener.groovy:39)
	at java.base/jdk.internal.reflect.NativeMethodAccessorImpl.invoke0(Native Method)
	at java.base/jdk.internal.reflect.NativeMethodAccessorImpl.invoke(NativeMethodAccessorImpl.java:77)
	at java.base/jdk.internal.reflect.DelegatingMethodAccessorImpl.invoke(DelegatingMethodAccessorImpl.java:43)
	at com.kms.katalon.core.context.internal.TestHooker.invokeMethod(TestHooker.java:111)
	at com.kms.katalon.core.context.internal.TestHooker.lambda$3(TestHooker.java:95)
	at com.kms.katalon.core.context.internal.TestHooker.invokeContextMethods(TestHooker.java:94)
	at com.kms.katalon.core.context.internal.TestListenerCollector.lambda$3(TestListenerCollector.java:88)
	at com.kms.katalon.core.context.internal.TestListenerCollector.handleListenerEvent(TestListenerCollector.java:85)
	at com.kms.katalon.core.context.internal.ExecutionEventManager.publicEvent(ExecutionEventManager.java:36)
	at com.kms.katalon.core.main.TestCaseExecutor.execute(TestCaseExecutor.java:268)
	at com.kms.katalon.core.common.CommonExecutor.accessTestCaseMainPhase(CommonExecutor.java:65)
	at com.kms.katalon.core.main.TestSuiteExecutor.accessTestSuiteMainPhase(TestSuiteExecutor.java:150)
	at com.kms.katalon.core.main.TestSuiteExecutor.execute(TestSuiteExecutor.java:106)
	at com.kms.katalon.core.main.TestCaseMain.startTestSuite(TestCaseMain.java:180)
	at TempTestSuite1747531571431.run(TempTestSuite1747531571431.groovy:35)
	at java.base/jdk.internal.reflect.NativeMethodAccessorImpl.invoke0(Native Method)
	at java.base/jdk.internal.reflect.NativeMethodAccessorImpl.invoke(NativeMethodAccessorImpl.java:77)
	at java.base/jdk.internal.reflect.DelegatingMethodAccessorImpl.invoke(DelegatingMethodAccessorImpl.java:43)
Caused by: org.openqa.selenium.WebDriverException: An unknown server-side error occurred while processing the command. Original error: 'POST /elements' cannot be proxied to UiAutomator2 server because the instrumentation process is not running (probably crashed). Check the server log and/or the logcat output for more details
Build info: version: '3.141.59', revision: 'unknown', time: 'unknown'
System info: host: '192.168.1.4.non-exists.ptr.local', ip: '2402:800:63f2:b9ce:1859:4296:77a1:a88d%en0', os.name: 'Mac OS X', os.arch: 'aarch64', os.version: '15.4.1', java.version: '17.0.7'
Driver info: com.kms.katalon.core.appium.driver.SwipeableAndroidDriver
Capabilities {automationName: UiAutomator2, databaseEnabled: false, desired: {automationName: UiAutomator2, deviceName: af0c5cf7, noReset: true, platformName: android, waitForIdleTimeout: 3000}, deviceApiLevel: 35, deviceManufacturer: OPPO, deviceModel: CPH2699, deviceName: af0c5cf7, deviceScreenDensity: 480, deviceScreenSize: 1080x2400, deviceUDID: af0c5cf7, javascriptEnabled: true, locationContextEnabled: false, networkConnectionEnabled: true, noReset: true, pixelRatio: 3, platform: LINUX, platformName: Android, platformVersion: 15, statBarHeight: 120, takesScreenshot: true, viewportRect: {height: 2280, left: 0, top: 120, width: 1080}, waitForIdleTimeout: 3000, warnings: {}, webStorageEnabled: false}
Session ID: c0c10e71-bfa6-42a0-bfc6-9e4517bcdaae
*** Element info: {Using=id, value=com.hdbank.ipaper:id/img_logo}
	at jdk.internal.reflect.GeneratedConstructorAccessor30.newInstance(Unknown Source)
	at java.base/jdk.internal.reflect.DelegatingConstructorAccessorImpl.newInstance(DelegatingConstructorAccessorImpl.java:45)
	at org.openqa.selenium.remote.http.W3CHttpResponseCodec.createException(W3CHttpResponseCodec.java:187)
	at org.openqa.selenium.remote.http.W3CHttpResponseCodec.decode(W3CHttpResponseCodec.java:122)
	at org.openqa.selenium.remote.http.W3CHttpResponseCodec.decode(W3CHttpResponseCodec.java:49)
	at org.openqa.selenium.remote.HttpCommandExecutor.execute(HttpCommandExecutor.java:158)
	at io.appium.java_client.remote.AppiumCommandExecutor.execute(AppiumCommandExecutor.java:239)
	at org.openqa.selenium.remote.RemoteWebDriver.execute(RemoteWebDriver.java:552)
	at io.appium.java_client.DefaultGenericMobileDriver.execute(DefaultGenericMobileDriver.java:42)
	at io.appium.java_client.AppiumDriver.execute(AppiumDriver.java:1)
	at io.appium.java_client.android.AndroidDriver.execute(AndroidDriver.java:1)
	at com.kms.katalon.core.appium.driver.SwipeableAndroidDriver.execute(SwipeableAndroidDriver.java:1)
	at org.openqa.selenium.remote.RemoteWebDriver.findElements(RemoteWebDriver.java:353)
	at io.appium.java_client.DefaultGenericMobileDriver.findElements(DefaultGenericMobileDriver.java:54)
	at io.appium.java_client.AppiumDriver.findElements(AppiumDriver.java:152)
	at org.openqa.selenium.remote.RemoteWebDriver.findElementsById(RemoteWebDriver.java:376)
	at io.appium.java_client.DefaultGenericMobileDriver.findElementsById(DefaultGenericMobileDriver.java:66)
	at io.appium.java_client.AppiumDriver.findElementsById(AppiumDriver.java:156)
	at org.openqa.selenium.By$ById.findElements(By.java:180)
	at org.openqa.selenium.remote.RemoteWebDriver.findElements(RemoteWebDriver.java:311)
	at io.appium.java_client.DefaultGenericMobileDriver.findElements(DefaultGenericMobileDriver.java:50)
	at io.appium.java_client.AppiumDriver.findElements(AppiumDriver.java:148)
	at base.BaseKeyword$Trait$Helper$_waitForPresentOf_closure1.doCall(BaseKeyword.groovy:253)
	at jdk.internal.reflect.GeneratedMethodAccessor8.invoke(Unknown Source)
	at java.base/jdk.internal.reflect.DelegatingMethodAccessorImpl.invoke(DelegatingMethodAccessorImpl.java:43)
	at jdk.proxy2/jdk.proxy2.$Proxy34.apply(Unknown Source)
	at org.openqa.selenium.support.ui.FluentWait.until(FluentWait.java:249)
	at base.BaseKeyword$Trait$Helper.waitForPresentOf(BaseKeyword.groovy:252)
	at base.BaseApp.waitForPresentOf(BaseApp.groovy)
	at java.base/jdk.internal.reflect.NativeMethodAccessorImpl.invoke0(Native Method)
	at java.base/jdk.internal.reflect.NativeMethodAccessorImpl.invoke(NativeMethodAccessorImpl.java:77)
	at java.base/jdk.internal.reflect.DelegatingMethodAccessorImpl.invoke(DelegatingMethodAccessorImpl.java:43)
	at base.BaseApp.waitAppLauch(BaseApp.groovy:34)
	at java.base/jdk.internal.reflect.NativeMethodAccessorImpl.invoke0(Native Method)
	at java.base/jdk.internal.reflect.NativeMethodAccessorImpl.invoke(NativeMethodAccessorImpl.java:77)
	at java.base/jdk.internal.reflect.DelegatingMethodAccessorImpl.invoke(DelegatingMethodAccessorImpl.java:43)
	at drivers.Driver.openApp(Driver.groovy:60)
	at java.base/jdk.internal.reflect.NativeMethodAccessorImpl.invoke0(Native Method)
	at java.base/jdk.internal.reflect.NativeMethodAccessorImpl.invoke(NativeMethodAccessorImpl.java:77)
	at java.base/jdk.internal.reflect.DelegatingMethodAccessorImpl.invoke(DelegatingMethodAccessorImpl.java:43)
	at com.kms.katalon.core.main.CustomKeywordDelegatingMetaClass.invokeStaticMethod(CustomKeywordDelegatingMetaClass.java:55)
	... 19 more


18-05-2025T09:29:09 - [TEST_STEP][PASSED] - DataTest.init(): null

18-05-2025T09:29:09 - [TEST_STEP][PASSED] - testCaseId = split("/").last(): null

18-05-2025T09:29:09 - [TEST_STEP][PASSED] - if (!(drivers.Driver.isAppiumRunning())): drivers.Driver.isAppiumRunning is PASSED

18-05-2025T09:29:09 - [MESSAGE][INFO] - Appium running: true

18-05-2025T09:29:09 - [MESSAGE][PASSED] - drivers.Driver.isAppiumRunning is PASSED

18-05-2025T09:29:09 - [TEST_STEP][PASSED] - if (driver == null || driver.getSessionId() == null): null

18-05-2025T09:29:09 - [TEST_STEP][ERROR] - drivers.Driver.openApp(): com.kms.katalon.core.exception.StepErrorException: org.openqa.selenium.WebDriverException: An unknown server-side error occurred while processing the command. Original error: 'POST /elements' cannot be proxied to UiAutomator2 server because the instrumentation process is not running (probably crashed). Check the server log and/or the logcat output for more details
Build info: version: '3.141.59', revision: 'unknown', time: 'unknown'
System info: host: '192.168.1.4.non-exists.ptr.local', ip: '2402:800:63f2:b9ce:1859:4296:77a1:a88d%en0', os.name: 'Mac OS X', os.arch: 'aarch64', os.version: '15.4.1', java.version: '17.0.7'
Driver info: com.kms.katalon.core.appium.driver.SwipeableAndroidDriver
Capabilities {automationName: UiAutomator2, databaseEnabled: false, desired: {automationName: UiAutomator2, deviceName: af0c5cf7, noReset: true, platformName: android, waitForIdleTimeout: 3000}, deviceApiLevel: 35, deviceManufacturer: OPPO, deviceModel: CPH2699, deviceName: af0c5cf7, deviceScreenDensity: 480, deviceScreenSize: 1080x2400, deviceUDID: af0c5cf7, javascriptEnabled: true, locationContextEnabled: false, networkConnectionEnabled: true, noReset: true, pixelRatio: 3, platform: LINUX, platformName: Android, platformVersion: 15, statBarHeight: 120, takesScreenshot: true, viewportRect: {height: 2280, left: 0, top: 120, width: 1080}, waitForIdleTimeout: 3000, warnings: {}, webStorageEnabled: false}
Session ID: c0c10e71-bfa6-42a0-bfc6-9e4517bcdaae
*** Element info: {Using=id, value=com.hdbank.ipaper:id/img_logo}
	at com.kms.katalon.core.main.CustomKeywordDelegatingMetaClass.throwError(CustomKeywordDelegatingMetaClass.java:101)
	at com.kms.katalon.core.main.CustomKeywordDelegatingMetaClass.invokeStaticMethod(CustomKeywordDelegatingMetaClass.java:73)
	at TestListener.beforeTest(TestListener.groovy:39)
	at java.base/jdk.internal.reflect.NativeMethodAccessorImpl.invoke0(Native Method)
	at java.base/jdk.internal.reflect.NativeMethodAccessorImpl.invoke(NativeMethodAccessorImpl.java:77)
	at java.base/jdk.internal.reflect.DelegatingMethodAccessorImpl.invoke(DelegatingMethodAccessorImpl.java:43)
	at com.kms.katalon.core.context.internal.TestHooker.invokeMethod(TestHooker.java:111)
	at com.kms.katalon.core.context.internal.TestHooker.lambda$3(TestHooker.java:95)
	at com.kms.katalon.core.context.internal.TestHooker.invokeContextMethods(TestHooker.java:94)
	at com.kms.katalon.core.context.internal.TestListenerCollector.lambda$3(TestListenerCollector.java:88)
	at com.kms.katalon.core.context.internal.TestListenerCollector.handleListenerEvent(TestListenerCollector.java:85)
	at com.kms.katalon.core.context.internal.ExecutionEventManager.publicEvent(ExecutionEventManager.java:36)
	at com.kms.katalon.core.main.TestCaseExecutor.execute(TestCaseExecutor.java:268)
	at com.kms.katalon.core.common.CommonExecutor.accessTestCaseMainPhase(CommonExecutor.java:65)
	at com.kms.katalon.core.main.TestSuiteExecutor.accessTestSuiteMainPhase(TestSuiteExecutor.java:150)
	at com.kms.katalon.core.main.TestSuiteExecutor.execute(TestSuiteExecutor.java:106)
	at com.kms.katalon.core.main.TestCaseMain.startTestSuite(TestCaseMain.java:180)
	at TempTestSuite1747531571431.run(TempTestSuite1747531571431.groovy:35)
	at java.base/jdk.internal.reflect.NativeMethodAccessorImpl.invoke0(Native Method)
	at java.base/jdk.internal.reflect.NativeMethodAccessorImpl.invoke(NativeMethodAccessorImpl.java:77)
	at java.base/jdk.internal.reflect.DelegatingMethodAccessorImpl.invoke(DelegatingMethodAccessorImpl.java:43)
Caused by: org.openqa.selenium.WebDriverException: An unknown server-side error occurred while processing the command. Original error: 'POST /elements' cannot be proxied to UiAutomator2 server because the instrumentation process is not running (probably crashed). Check the server log and/or the logcat output for more details
Build info: version: '3.141.59', revision: 'unknown', time: 'unknown'
System info: host: '192.168.1.4.non-exists.ptr.local', ip: '2402:800:63f2:b9ce:1859:4296:77a1:a88d%en0', os.name: 'Mac OS X', os.arch: 'aarch64', os.version: '15.4.1', java.version: '17.0.7'
Driver info: com.kms.katalon.core.appium.driver.SwipeableAndroidDriver
Capabilities {automationName: UiAutomator2, databaseEnabled: false, desired: {automationName: UiAutomator2, deviceName: af0c5cf7, noReset: true, platformName: android, waitForIdleTimeout: 3000}, deviceApiLevel: 35, deviceManufacturer: OPPO, deviceModel: CPH2699, deviceName: af0c5cf7, deviceScreenDensity: 480, deviceScreenSize: 1080x2400, deviceUDID: af0c5cf7, javascriptEnabled: true, locationContextEnabled: false, networkConnectionEnabled: true, noReset: true, pixelRatio: 3, platform: LINUX, platformName: Android, platformVersion: 15, statBarHeight: 120, takesScreenshot: true, viewportRect: {height: 2280, left: 0, top: 120, width: 1080}, waitForIdleTimeout: 3000, warnings: {}, webStorageEnabled: false}
Session ID: c0c10e71-bfa6-42a0-bfc6-9e4517bcdaae
*** Element info: {Using=id, value=com.hdbank.ipaper:id/img_logo}
	at jdk.internal.reflect.GeneratedConstructorAccessor30.newInstance(Unknown Source)
	at java.base/jdk.internal.reflect.DelegatingConstructorAccessorImpl.newInstance(DelegatingConstructorAccessorImpl.java:45)
	at org.openqa.selenium.remote.http.W3CHttpResponseCodec.createException(W3CHttpResponseCodec.java:187)
	at org.openqa.selenium.remote.http.W3CHttpResponseCodec.decode(W3CHttpResponseCodec.java:122)
	at org.openqa.selenium.remote.http.W3CHttpResponseCodec.decode(W3CHttpResponseCodec.java:49)
	at org.openqa.selenium.remote.HttpCommandExecutor.execute(HttpCommandExecutor.java:158)
	at io.appium.java_client.remote.AppiumCommandExecutor.execute(AppiumCommandExecutor.java:239)
	at org.openqa.selenium.remote.RemoteWebDriver.execute(RemoteWebDriver.java:552)
	at io.appium.java_client.DefaultGenericMobileDriver.execute(DefaultGenericMobileDriver.java:42)
	at io.appium.java_client.AppiumDriver.execute(AppiumDriver.java:1)
	at io.appium.java_client.android.AndroidDriver.execute(AndroidDriver.java:1)
	at com.kms.katalon.core.appium.driver.SwipeableAndroidDriver.execute(SwipeableAndroidDriver.java:1)
	at org.openqa.selenium.remote.RemoteWebDriver.findElements(RemoteWebDriver.java:353)
	at io.appium.java_client.DefaultGenericMobileDriver.findElements(DefaultGenericMobileDriver.java:54)
	at io.appium.java_client.AppiumDriver.findElements(AppiumDriver.java:152)
	at org.openqa.selenium.remote.RemoteWebDriver.findElementsById(RemoteWebDriver.java:376)
	at io.appium.java_client.DefaultGenericMobileDriver.findElementsById(DefaultGenericMobileDriver.java:66)
	at io.appium.java_client.AppiumDriver.findElementsById(AppiumDriver.java:156)
	at org.openqa.selenium.By$ById.findElements(By.java:180)
	at org.openqa.selenium.remote.RemoteWebDriver.findElements(RemoteWebDriver.java:311)
	at io.appium.java_client.DefaultGenericMobileDriver.findElements(DefaultGenericMobileDriver.java:50)
	at io.appium.java_client.AppiumDriver.findElements(AppiumDriver.java:148)
	at base.BaseKeyword$Trait$Helper$_waitForPresentOf_closure1.doCall(BaseKeyword.groovy:253)
	at jdk.internal.reflect.GeneratedMethodAccessor8.invoke(Unknown Source)
	at java.base/jdk.internal.reflect.DelegatingMethodAccessorImpl.invoke(DelegatingMethodAccessorImpl.java:43)
	at jdk.proxy2/jdk.proxy2.$Proxy34.apply(Unknown Source)
	at org.openqa.selenium.support.ui.FluentWait.until(FluentWait.java:249)
	at base.BaseKeyword$Trait$Helper.waitForPresentOf(BaseKeyword.groovy:252)
	at base.BaseApp.waitForPresentOf(BaseApp.groovy)
	at java.base/jdk.internal.reflect.NativeMethodAccessorImpl.invoke0(Native Method)
	at java.base/jdk.internal.reflect.NativeMethodAccessorImpl.invoke(NativeMethodAccessorImpl.java:77)
	at java.base/jdk.internal.reflect.DelegatingMethodAccessorImpl.invoke(DelegatingMethodAccessorImpl.java:43)
	at base.BaseApp.waitAppLauch(BaseApp.groovy:34)
	at java.base/jdk.internal.reflect.NativeMethodAccessorImpl.invoke0(Native Method)
	at java.base/jdk.internal.reflect.NativeMethodAccessorImpl.invoke(NativeMethodAccessorImpl.java:77)
	at java.base/jdk.internal.reflect.DelegatingMethodAccessorImpl.invoke(DelegatingMethodAccessorImpl.java:43)
	at drivers.Driver.openApp(Driver.groovy:60)
	at java.base/jdk.internal.reflect.NativeMethodAccessorImpl.invoke0(Native Method)
	at java.base/jdk.internal.reflect.NativeMethodAccessorImpl.invoke(NativeMethodAccessorImpl.java:77)
	at java.base/jdk.internal.reflect.DelegatingMethodAccessorImpl.invoke(DelegatingMethodAccessorImpl.java:43)
	at com.kms.katalon.core.main.CustomKeywordDelegatingMetaClass.invokeStaticMethod(CustomKeywordDelegatingMetaClass.java:55)
	... 19 more


18-05-2025T09:29:09 - [MESSAGE][ERROR] - An unknown server-side error occurred while processing the command. Original error: 'POST /elements' cannot be proxied to UiAutomator2 server because the instrumentation process is not running (probably crashed). Check the server log and/or the logcat output for more details
Build info: version: '3.141.59', revision: 'unknown', time: 'unknown'
System info: host: '192.168.1.4.non-exists.ptr.local', ip: '2402:800:63f2:b9ce:1859:4296:77a1:a88d%en0', os.name: 'Mac OS X', os.arch: 'aarch64', os.version: '15.4.1', java.version: '17.0.7'
Driver info: com.kms.katalon.core.appium.driver.SwipeableAndroidDriver
Capabilities {automationName: UiAutomator2, databaseEnabled: false, desired: {automationName: UiAutomator2, deviceName: af0c5cf7, noReset: true, platformName: android, waitForIdleTimeout: 3000}, deviceApiLevel: 35, deviceManufacturer: OPPO, deviceModel: CPH2699, deviceName: af0c5cf7, deviceScreenDensity: 480, deviceScreenSize: 1080x2400, deviceUDID: af0c5cf7, javascriptEnabled: true, locationContextEnabled: false, networkConnectionEnabled: true, noReset: true, pixelRatio: 3, platform: LINUX, platformName: Android, platformVersion: 15, statBarHeight: 120, takesScreenshot: true, viewportRect: {height: 2280, left: 0, top: 120, width: 1080}, waitForIdleTimeout: 3000, warnings: {}, webStorageEnabled: false}
Session ID: c0c10e71-bfa6-42a0-bfc6-9e4517bcdaae
*** Element info: {Using=id, value=com.hdbank.ipaper:id/img_logo}

18-05-2025T09:29:09 - [MESSAGE][ERROR] - com.kms.katalon.core.exception.StepErrorException: org.openqa.selenium.WebDriverException: An unknown server-side error occurred while processing the command. Original error: 'POST /elements' cannot be proxied to UiAutomator2 server because the instrumentation process is not running (probably crashed). Check the server log and/or the logcat output for more details
Build info: version: '3.141.59', revision: 'unknown', time: 'unknown'
System info: host: '192.168.1.4.non-exists.ptr.local', ip: '2402:800:63f2:b9ce:1859:4296:77a1:a88d%en0', os.name: 'Mac OS X', os.arch: 'aarch64', os.version: '15.4.1', java.version: '17.0.7'
Driver info: com.kms.katalon.core.appium.driver.SwipeableAndroidDriver
Capabilities {automationName: UiAutomator2, databaseEnabled: false, desired: {automationName: UiAutomator2, deviceName: af0c5cf7, noReset: true, platformName: android, waitForIdleTimeout: 3000}, deviceApiLevel: 35, deviceManufacturer: OPPO, deviceModel: CPH2699, deviceName: af0c5cf7, deviceScreenDensity: 480, deviceScreenSize: 1080x2400, deviceUDID: af0c5cf7, javascriptEnabled: true, locationContextEnabled: false, networkConnectionEnabled: true, noReset: true, pixelRatio: 3, platform: LINUX, platformName: Android, platformVersion: 15, statBarHeight: 120, takesScreenshot: true, viewportRect: {height: 2280, left: 0, top: 120, width: 1080}, waitForIdleTimeout: 3000, warnings: {}, webStorageEnabled: false}
Session ID: c0c10e71-bfa6-42a0-bfc6-9e4517bcdaae
*** Element info: {Using=id, value=com.hdbank.ipaper:id/img_logo}
	at com.kms.katalon.core.main.CustomKeywordDelegatingMetaClass.throwError(CustomKeywordDelegatingMetaClass.java:101)
	at com.kms.katalon.core.main.CustomKeywordDelegatingMetaClass.invokeStaticMethod(CustomKeywordDelegatingMetaClass.java:73)
	at TestListener.beforeTest(TestListener.groovy:39)
	at java.base/jdk.internal.reflect.NativeMethodAccessorImpl.invoke0(Native Method)
	at java.base/jdk.internal.reflect.NativeMethodAccessorImpl.invoke(NativeMethodAccessorImpl.java:77)
	at java.base/jdk.internal.reflect.DelegatingMethodAccessorImpl.invoke(DelegatingMethodAccessorImpl.java:43)
	at com.kms.katalon.core.context.internal.TestHooker.invokeMethod(TestHooker.java:111)
	at com.kms.katalon.core.context.internal.TestHooker.lambda$3(TestHooker.java:95)
	at com.kms.katalon.core.context.internal.TestHooker.invokeContextMethods(TestHooker.java:94)
	at com.kms.katalon.core.context.internal.TestListenerCollector.lambda$3(TestListenerCollector.java:88)
	at com.kms.katalon.core.context.internal.TestListenerCollector.handleListenerEvent(TestListenerCollector.java:85)
	at com.kms.katalon.core.context.internal.ExecutionEventManager.publicEvent(ExecutionEventManager.java:36)
	at com.kms.katalon.core.main.TestCaseExecutor.execute(TestCaseExecutor.java:268)
	at com.kms.katalon.core.common.CommonExecutor.accessTestCaseMainPhase(CommonExecutor.java:65)
	at com.kms.katalon.core.main.TestSuiteExecutor.accessTestSuiteMainPhase(TestSuiteExecutor.java:150)
	at com.kms.katalon.core.main.TestSuiteExecutor.execute(TestSuiteExecutor.java:106)
	at com.kms.katalon.core.main.TestCaseMain.startTestSuite(TestCaseMain.java:180)
	at TempTestSuite1747531571431.run(TempTestSuite1747531571431.groovy:35)
	at java.base/jdk.internal.reflect.NativeMethodAccessorImpl.invoke0(Native Method)
	at java.base/jdk.internal.reflect.NativeMethodAccessorImpl.invoke(NativeMethodAccessorImpl.java:77)
	at java.base/jdk.internal.reflect.DelegatingMethodAccessorImpl.invoke(DelegatingMethodAccessorImpl.java:43)
Caused by: org.openqa.selenium.WebDriverException: An unknown server-side error occurred while processing the command. Original error: 'POST /elements' cannot be proxied to UiAutomator2 server because the instrumentation process is not running (probably crashed). Check the server log and/or the logcat output for more details
Build info: version: '3.141.59', revision: 'unknown', time: 'unknown'
System info: host: '192.168.1.4.non-exists.ptr.local', ip: '2402:800:63f2:b9ce:1859:4296:77a1:a88d%en0', os.name: 'Mac OS X', os.arch: 'aarch64', os.version: '15.4.1', java.version: '17.0.7'
Driver info: com.kms.katalon.core.appium.driver.SwipeableAndroidDriver
Capabilities {automationName: UiAutomator2, databaseEnabled: false, desired: {automationName: UiAutomator2, deviceName: af0c5cf7, noReset: true, platformName: android, waitForIdleTimeout: 3000}, deviceApiLevel: 35, deviceManufacturer: OPPO, deviceModel: CPH2699, deviceName: af0c5cf7, deviceScreenDensity: 480, deviceScreenSize: 1080x2400, deviceUDID: af0c5cf7, javascriptEnabled: true, locationContextEnabled: false, networkConnectionEnabled: true, noReset: true, pixelRatio: 3, platform: LINUX, platformName: Android, platformVersion: 15, statBarHeight: 120, takesScreenshot: true, viewportRect: {height: 2280, left: 0, top: 120, width: 1080}, waitForIdleTimeout: 3000, warnings: {}, webStorageEnabled: false}
Session ID: c0c10e71-bfa6-42a0-bfc6-9e4517bcdaae
*** Element info: {Using=id, value=com.hdbank.ipaper:id/img_logo}
	at jdk.internal.reflect.GeneratedConstructorAccessor30.newInstance(Unknown Source)
	at java.base/jdk.internal.reflect.DelegatingConstructorAccessorImpl.newInstance(DelegatingConstructorAccessorImpl.java:45)
	at org.openqa.selenium.remote.http.W3CHttpResponseCodec.createException(W3CHttpResponseCodec.java:187)
	at org.openqa.selenium.remote.http.W3CHttpResponseCodec.decode(W3CHttpResponseCodec.java:122)
	at org.openqa.selenium.remote.http.W3CHttpResponseCodec.decode(W3CHttpResponseCodec.java:49)
	at org.openqa.selenium.remote.HttpCommandExecutor.execute(HttpCommandExecutor.java:158)
	at io.appium.java_client.remote.AppiumCommandExecutor.execute(AppiumCommandExecutor.java:239)
	at org.openqa.selenium.remote.RemoteWebDriver.execute(RemoteWebDriver.java:552)
	at io.appium.java_client.DefaultGenericMobileDriver.execute(DefaultGenericMobileDriver.java:42)
	at io.appium.java_client.AppiumDriver.execute(AppiumDriver.java:1)
	at io.appium.java_client.android.AndroidDriver.execute(AndroidDriver.java:1)
	at com.kms.katalon.core.appium.driver.SwipeableAndroidDriver.execute(SwipeableAndroidDriver.java:1)
	at org.openqa.selenium.remote.RemoteWebDriver.findElements(RemoteWebDriver.java:353)
	at io.appium.java_client.DefaultGenericMobileDriver.findElements(DefaultGenericMobileDriver.java:54)
	at io.appium.java_client.AppiumDriver.findElements(AppiumDriver.java:152)
	at org.openqa.selenium.remote.RemoteWebDriver.findElementsById(RemoteWebDriver.java:376)
	at io.appium.java_client.DefaultGenericMobileDriver.findElementsById(DefaultGenericMobileDriver.java:66)
	at io.appium.java_client.AppiumDriver.findElementsById(AppiumDriver.java:156)
	at org.openqa.selenium.By$ById.findElements(By.java:180)
	at org.openqa.selenium.remote.RemoteWebDriver.findElements(RemoteWebDriver.java:311)
	at io.appium.java_client.DefaultGenericMobileDriver.findElements(DefaultGenericMobileDriver.java:50)
	at io.appium.java_client.AppiumDriver.findElements(AppiumDriver.java:148)
	at base.BaseKeyword$Trait$Helper$_waitForPresentOf_closure1.doCall(BaseKeyword.groovy:253)
	at jdk.internal.reflect.GeneratedMethodAccessor8.invoke(Unknown Source)
	at java.base/jdk.internal.reflect.DelegatingMethodAccessorImpl.invoke(DelegatingMethodAccessorImpl.java:43)
	at jdk.proxy2/jdk.proxy2.$Proxy34.apply(Unknown Source)
	at org.openqa.selenium.support.ui.FluentWait.until(FluentWait.java:249)
	at base.BaseKeyword$Trait$Helper.waitForPresentOf(BaseKeyword.groovy:252)
	at base.BaseApp.waitForPresentOf(BaseApp.groovy)
	at java.base/jdk.internal.reflect.NativeMethodAccessorImpl.invoke0(Native Method)
	at java.base/jdk.internal.reflect.NativeMethodAccessorImpl.invoke(NativeMethodAccessorImpl.java:77)
	at java.base/jdk.internal.reflect.DelegatingMethodAccessorImpl.invoke(DelegatingMethodAccessorImpl.java:43)
	at base.BaseApp.waitAppLauch(BaseApp.groovy:34)
	at java.base/jdk.internal.reflect.NativeMethodAccessorImpl.invoke0(Native Method)
	at java.base/jdk.internal.reflect.NativeMethodAccessorImpl.invoke(NativeMethodAccessorImpl.java:77)
	at java.base/jdk.internal.reflect.DelegatingMethodAccessorImpl.invoke(DelegatingMethodAccessorImpl.java:43)
	at drivers.Driver.openApp(Driver.groovy:60)
	at java.base/jdk.internal.reflect.NativeMethodAccessorImpl.invoke0(Native Method)
	at java.base/jdk.internal.reflect.NativeMethodAccessorImpl.invoke(NativeMethodAccessorImpl.java:77)
	at java.base/jdk.internal.reflect.DelegatingMethodAccessorImpl.invoke(DelegatingMethodAccessorImpl.java:43)
	at com.kms.katalon.core.main.CustomKeywordDelegatingMetaClass.invokeStaticMethod(CustomKeywordDelegatingMetaClass.java:55)
	... 19 more


18-05-2025T09:29:09 - [TEST_STEP][PASSED] - REQUEST_NAME = "Trình ký PDF có sẵn": null

18-05-2025T09:29:09 - [TEST_STEP][PASSED] - COMMENT = "Commented by automaton test in case 25": null

18-05-2025T09:29:09 - [TEST_STEP][PASSED] - auto5 = DataTest.getUserTest("auto5"): null

18-05-2025T09:29:09 - [TEST_STEP][PASSED] - auto6 = DataTest.getUserTest("auto6"): null

18-05-2025T09:29:09 - [TEST_STEP][PASSED] - document = DataTest.createDocumentTest(auto5, auto6, null, "dummy.pdf", "dummy.pdf"): null

18-05-2025T09:29:09 - [TEST_STEP][ERROR] - loginScreen.login(auto5): Test Cases/IPAPER APP/025 TRA VE TAI MAIN FILE_NHAP Y KIEN FAILED.
Reason:
org.openqa.selenium.WebDriverException: An unknown server-side error occurred while processing the command. Original error: 'POST /elements' cannot be proxied to UiAutomator2 server because the instrumentation process is not running (probably crashed). Check the server log and/or the logcat output for more details
Build info: version: '3.141.59', revision: 'unknown', time: 'unknown'
System info: host: '192.168.1.4.non-exists.ptr.local', ip: '2402:800:63f2:b9ce:1859:4296:77a1:a88d%en0', os.name: 'Mac OS X', os.arch: 'aarch64', os.version: '15.4.1', java.version: '17.0.7'
Driver info: com.kms.katalon.core.appium.driver.SwipeableAndroidDriver
Capabilities {automationName: UiAutomator2, databaseEnabled: false, desired: {automationName: UiAutomator2, deviceName: af0c5cf7, noReset: true, platformName: android, waitForIdleTimeout: 3000}, deviceApiLevel: 35, deviceManufacturer: OPPO, deviceModel: CPH2699, deviceName: af0c5cf7, deviceScreenDensity: 480, deviceScreenSize: 1080x2400, deviceUDID: af0c5cf7, javascriptEnabled: true, locationContextEnabled: false, networkConnectionEnabled: true, noReset: true, pixelRatio: 3, platform: LINUX, platformName: Android, platformVersion: 15, statBarHeight: 120, takesScreenshot: true, viewportRect: {height: 2280, left: 0, top: 120, width: 1080}, waitForIdleTimeout: 3000, warnings: {}, webStorageEnabled: false}
Session ID: c0c10e71-bfa6-42a0-bfc6-9e4517bcdaae
*** Element info: {Using=xpath, value=//android.widget.EditText[@resource-id='com.hdbank.ipaper:id/edit_text_user_name']}
	at jdk.internal.reflect.GeneratedConstructorAccessor30.newInstance(Unknown Source)
	at java.base/jdk.internal.reflect.DelegatingConstructorAccessorImpl.newInstance(DelegatingConstructorAccessorImpl.java:45)
	at org.openqa.selenium.remote.http.W3CHttpResponseCodec.createException(W3CHttpResponseCodec.java:187)
	at org.openqa.selenium.remote.http.W3CHttpResponseCodec.decode(W3CHttpResponseCodec.java:122)
	at org.openqa.selenium.remote.http.W3CHttpResponseCodec.decode(W3CHttpResponseCodec.java:49)
	at org.openqa.selenium.remote.HttpCommandExecutor.execute(HttpCommandExecutor.java:158)
	at io.appium.java_client.remote.AppiumCommandExecutor.execute(AppiumCommandExecutor.java:239)
	at org.openqa.selenium.remote.RemoteWebDriver.execute(RemoteWebDriver.java:552)
	at io.appium.java_client.DefaultGenericMobileDriver.execute(DefaultGenericMobileDriver.java:42)
	at io.appium.java_client.AppiumDriver.execute(AppiumDriver.java:1)
	at io.appium.java_client.android.AndroidDriver.execute(AndroidDriver.java:1)
	at com.kms.katalon.core.appium.driver.SwipeableAndroidDriver.execute(SwipeableAndroidDriver.java:1)
	at org.openqa.selenium.remote.RemoteWebDriver.findElements(RemoteWebDriver.java:353)
	at io.appium.java_client.DefaultGenericMobileDriver.findElements(DefaultGenericMobileDriver.java:54)
	at io.appium.java_client.AppiumDriver.findElements(AppiumDriver.java:152)
	at org.openqa.selenium.remote.RemoteWebDriver.findElementsByXPath(RemoteWebDriver.java:432)
	at io.appium.java_client.DefaultGenericMobileDriver.findElementsByXPath(DefaultGenericMobileDriver.java:156)
	at io.appium.java_client.AppiumDriver.findElementsByXPath(AppiumDriver.java:184)
	at org.openqa.selenium.By$ByXPath.findElements(By.java:348)
	at org.openqa.selenium.remote.RemoteWebDriver.findElements(RemoteWebDriver.java:311)
	at io.appium.java_client.DefaultGenericMobileDriver.findElements(DefaultGenericMobileDriver.java:50)
	at io.appium.java_client.AppiumDriver.findElements(AppiumDriver.java:148)
	at base.BaseKeyword$Trait$Helper.isDisplayed(BaseKeyword.groovy:234)
	at screens.LoginScreen.isDisplayed(LoginScreen.groovy)
	at base.BaseKeyword$Trait$Helper.isDisplayed(BaseKeyword.groovy:229)
	at screens.LoginScreen.isDisplayed(LoginScreen.groovy)
	at screens.LoginScreen.isGuest(LoginScreen.groovy:34)
	at screens.LoginScreen.login(LoginScreen.groovy:10)
	at 025 TRA VE TAI MAIN FILE_NHAP Y KIEN.run(025 TRA VE TAI MAIN FILE_NHAP Y KIEN:18)
	at com.kms.katalon.core.main.ScriptEngine.run(ScriptEngine.java:194)
	at com.kms.katalon.core.main.ScriptEngine.runScriptAsRawText(ScriptEngine.java:119)
	at com.kms.katalon.core.main.TestCaseExecutor.runScript(TestCaseExecutor.java:448)
	at com.kms.katalon.core.main.TestCaseExecutor.doExecute(TestCaseExecutor.java:439)
	at com.kms.katalon.core.main.TestCaseExecutor.processExecutionPhase(TestCaseExecutor.java:418)
	at com.kms.katalon.core.main.TestCaseExecutor.accessMainPhase(TestCaseExecutor.java:410)
	at com.kms.katalon.core.main.TestCaseExecutor.execute(TestCaseExecutor.java:285)
	at com.kms.katalon.core.common.CommonExecutor.accessTestCaseMainPhase(CommonExecutor.java:65)
	at com.kms.katalon.core.main.TestSuiteExecutor.accessTestSuiteMainPhase(TestSuiteExecutor.java:150)
	at com.kms.katalon.core.main.TestSuiteExecutor.execute(TestSuiteExecutor.java:106)
	at com.kms.katalon.core.main.TestCaseMain.startTestSuite(TestCaseMain.java:180)
	at TempTestSuite1747531571431.run(TempTestSuite1747531571431.groovy:35)
	at java.base/jdk.internal.reflect.NativeMethodAccessorImpl.invoke0(Native Method)
	at java.base/jdk.internal.reflect.NativeMethodAccessorImpl.invoke(NativeMethodAccessorImpl.java:77)
	at java.base/jdk.internal.reflect.DelegatingMethodAccessorImpl.invoke(DelegatingMethodAccessorImpl.java:43)


18-05-2025T09:29:09 - [MESSAGE][ERROR] - Test Cases/IPAPER APP/025 TRA VE TAI MAIN FILE_NHAP Y KIEN FAILED.
Reason:
org.openqa.selenium.WebDriverException: An unknown server-side error occurred while processing the command. Original error: 'POST /elements' cannot be proxied to UiAutomator2 server because the instrumentation process is not running (probably crashed). Check the server log and/or the logcat output for more details
Build info: version: '3.141.59', revision: 'unknown', time: 'unknown'
System info: host: '192.168.1.4.non-exists.ptr.local', ip: '2402:800:63f2:b9ce:1859:4296:77a1:a88d%en0', os.name: 'Mac OS X', os.arch: 'aarch64', os.version: '15.4.1', java.version: '17.0.7'
Driver info: com.kms.katalon.core.appium.driver.SwipeableAndroidDriver
Capabilities {automationName: UiAutomator2, databaseEnabled: false, desired: {automationName: UiAutomator2, deviceName: af0c5cf7, noReset: true, platformName: android, waitForIdleTimeout: 3000}, deviceApiLevel: 35, deviceManufacturer: OPPO, deviceModel: CPH2699, deviceName: af0c5cf7, deviceScreenDensity: 480, deviceScreenSize: 1080x2400, deviceUDID: af0c5cf7, javascriptEnabled: true, locationContextEnabled: false, networkConnectionEnabled: true, noReset: true, pixelRatio: 3, platform: LINUX, platformName: Android, platformVersion: 15, statBarHeight: 120, takesScreenshot: true, viewportRect: {height: 2280, left: 0, top: 120, width: 1080}, waitForIdleTimeout: 3000, warnings: {}, webStorageEnabled: false}
Session ID: c0c10e71-bfa6-42a0-bfc6-9e4517bcdaae
*** Element info: {Using=xpath, value=//android.widget.EditText[@resource-id='com.hdbank.ipaper:id/edit_text_user_name']}
	at jdk.internal.reflect.GeneratedConstructorAccessor30.newInstance(Unknown Source)
	at java.base/jdk.internal.reflect.DelegatingConstructorAccessorImpl.newInstance(DelegatingConstructorAccessorImpl.java:45)
	at org.openqa.selenium.remote.http.W3CHttpResponseCodec.createException(W3CHttpResponseCodec.java:187)
	at org.openqa.selenium.remote.http.W3CHttpResponseCodec.decode(W3CHttpResponseCodec.java:122)
	at org.openqa.selenium.remote.http.W3CHttpResponseCodec.decode(W3CHttpResponseCodec.java:49)
	at org.openqa.selenium.remote.HttpCommandExecutor.execute(HttpCommandExecutor.java:158)
	at io.appium.java_client.remote.AppiumCommandExecutor.execute(AppiumCommandExecutor.java:239)
	at org.openqa.selenium.remote.RemoteWebDriver.execute(RemoteWebDriver.java:552)
	at io.appium.java_client.DefaultGenericMobileDriver.execute(DefaultGenericMobileDriver.java:42)
	at io.appium.java_client.AppiumDriver.execute(AppiumDriver.java:1)
	at io.appium.java_client.android.AndroidDriver.execute(AndroidDriver.java:1)
	at com.kms.katalon.core.appium.driver.SwipeableAndroidDriver.execute(SwipeableAndroidDriver.java:1)
	at org.openqa.selenium.remote.RemoteWebDriver.findElements(RemoteWebDriver.java:353)
	at io.appium.java_client.DefaultGenericMobileDriver.findElements(DefaultGenericMobileDriver.java:54)
	at io.appium.java_client.AppiumDriver.findElements(AppiumDriver.java:152)
	at org.openqa.selenium.remote.RemoteWebDriver.findElementsByXPath(RemoteWebDriver.java:432)
	at io.appium.java_client.DefaultGenericMobileDriver.findElementsByXPath(DefaultGenericMobileDriver.java:156)
	at io.appium.java_client.AppiumDriver.findElementsByXPath(AppiumDriver.java:184)
	at org.openqa.selenium.By$ByXPath.findElements(By.java:348)
	at org.openqa.selenium.remote.RemoteWebDriver.findElements(RemoteWebDriver.java:311)
	at io.appium.java_client.DefaultGenericMobileDriver.findElements(DefaultGenericMobileDriver.java:50)
	at io.appium.java_client.AppiumDriver.findElements(AppiumDriver.java:148)
	at base.BaseKeyword$Trait$Helper.isDisplayed(BaseKeyword.groovy:234)
	at screens.LoginScreen.isDisplayed(LoginScreen.groovy)
	at base.BaseKeyword$Trait$Helper.isDisplayed(BaseKeyword.groovy:229)
	at screens.LoginScreen.isDisplayed(LoginScreen.groovy)
	at screens.LoginScreen.isGuest(LoginScreen.groovy:34)
	at screens.LoginScreen.login(LoginScreen.groovy:10)
	at 025 TRA VE TAI MAIN FILE_NHAP Y KIEN.run(025 TRA VE TAI MAIN FILE_NHAP Y KIEN:18)
	at com.kms.katalon.core.main.ScriptEngine.run(ScriptEngine.java:194)
	at com.kms.katalon.core.main.ScriptEngine.runScriptAsRawText(ScriptEngine.java:119)
	at com.kms.katalon.core.main.TestCaseExecutor.runScript(TestCaseExecutor.java:448)
	at com.kms.katalon.core.main.TestCaseExecutor.doExecute(TestCaseExecutor.java:439)
	at com.kms.katalon.core.main.TestCaseExecutor.processExecutionPhase(TestCaseExecutor.java:418)
	at com.kms.katalon.core.main.TestCaseExecutor.accessMainPhase(TestCaseExecutor.java:410)
	at com.kms.katalon.core.main.TestCaseExecutor.execute(TestCaseExecutor.java:285)
	at com.kms.katalon.core.common.CommonExecutor.accessTestCaseMainPhase(CommonExecutor.java:65)
	at com.kms.katalon.core.main.TestSuiteExecutor.accessTestSuiteMainPhase(TestSuiteExecutor.java:150)
	at com.kms.katalon.core.main.TestSuiteExecutor.execute(TestSuiteExecutor.java:106)
	at com.kms.katalon.core.main.TestCaseMain.startTestSuite(TestCaseMain.java:180)
	at TempTestSuite1747531571431.run(TempTestSuite1747531571431.groovy:35)
	at java.base/jdk.internal.reflect.NativeMethodAccessorImpl.invoke0(Native Method)
	at java.base/jdk.internal.reflect.NativeMethodAccessorImpl.invoke(NativeMethodAccessorImpl.java:77)
	at java.base/jdk.internal.reflect.DelegatingMethodAccessorImpl.invoke(DelegatingMethodAccessorImpl.java:43)


18-05-2025T09:29:09 - [TEST_STEP][ERROR] - Start listener action : afterTest: com.kms.katalon.core.exception.StepFailedException: Unable to take screenshot
	at com.kms.katalon.core.mobile.keyword.internal.MobileKeywordMain.stepFailed(MobileKeywordMain.groovy:64)
	at com.kms.katalon.core.mobile.keyword.internal.MobileKeywordMain.runKeyword(MobileKeywordMain.groovy:34)
	at com.kms.katalon.core.mobile.keyword.builtin.TakeScreenshotKeyword.takeScreenshot(TakeScreenshotKeyword.groovy:94)
	at com.kms.katalon.core.mobile.keyword.builtin.TakeScreenshotKeyword.execute(TakeScreenshotKeyword.groovy:54)
	at com.kms.katalon.core.keyword.internal.KeywordExecutor.executeKeywordForPlatform(KeywordExecutor.groovy:74)
	at com.kms.katalon.core.mobile.keyword.MobileBuiltInKeywords.takeScreenshot(MobileBuiltInKeywords.groovy:218)
	at TestListener.afterTest(TestListener.groovy:45)
	at java.base/jdk.internal.reflect.NativeMethodAccessorImpl.invoke0(Native Method)
	at java.base/jdk.internal.reflect.NativeMethodAccessorImpl.invoke(NativeMethodAccessorImpl.java:77)
	at java.base/jdk.internal.reflect.DelegatingMethodAccessorImpl.invoke(DelegatingMethodAccessorImpl.java:43)
	at com.kms.katalon.core.context.internal.TestHooker.invokeMethod(TestHooker.java:111)
	at com.kms.katalon.core.context.internal.TestHooker.lambda$3(TestHooker.java:95)
	at com.kms.katalon.core.context.internal.TestHooker.invokeContextMethods(TestHooker.java:94)
	at com.kms.katalon.core.context.internal.TestListenerCollector.lambda$3(TestListenerCollector.java:88)
	at com.kms.katalon.core.context.internal.TestListenerCollector.handleListenerEvent(TestListenerCollector.java:85)
	at com.kms.katalon.core.context.internal.ExecutionEventManager.publicEvent(ExecutionEventManager.java:36)
	at com.kms.katalon.core.main.TestCaseExecutor.execute(TestCaseExecutor.java:315)
	at com.kms.katalon.core.common.CommonExecutor.accessTestCaseMainPhase(CommonExecutor.java:65)
	at com.kms.katalon.core.main.TestSuiteExecutor.accessTestSuiteMainPhase(TestSuiteExecutor.java:150)
	at com.kms.katalon.core.main.TestSuiteExecutor.execute(TestSuiteExecutor.java:106)
	at com.kms.katalon.core.main.TestCaseMain.startTestSuite(TestCaseMain.java:180)
	at TempTestSuite1747531571431.run(TempTestSuite1747531571431.groovy:35)
	at java.base/jdk.internal.reflect.NativeMethodAccessorImpl.invoke0(Native Method)
	at java.base/jdk.internal.reflect.NativeMethodAccessorImpl.invoke(NativeMethodAccessorImpl.java:77)
	at java.base/jdk.internal.reflect.DelegatingMethodAccessorImpl.invoke(DelegatingMethodAccessorImpl.java:43)
Caused by: org.openqa.selenium.WebDriverException: An unknown server-side error occurred while processing the command. Original error: 'GET /screenshot' cannot be proxied to UiAutomator2 server because the instrumentation process is not running (probably crashed). Check the server log and/or the logcat output for more details
Build info: version: '3.141.59', revision: 'unknown', time: 'unknown'
System info: host: '192.168.1.4.non-exists.ptr.local', ip: '2402:800:63f2:b9ce:1859:4296:77a1:a88d%en0', os.name: 'Mac OS X', os.arch: 'aarch64', os.version: '15.4.1', java.version: '17.0.7'
Driver info: com.kms.katalon.core.appium.driver.SwipeableAndroidDriver
Capabilities {automationName: UiAutomator2, databaseEnabled: false, desired: {automationName: UiAutomator2, deviceName: af0c5cf7, noReset: true, platformName: android, waitForIdleTimeout: 3000}, deviceApiLevel: 35, deviceManufacturer: OPPO, deviceModel: CPH2699, deviceName: af0c5cf7, deviceScreenDensity: 480, deviceScreenSize: 1080x2400, deviceUDID: af0c5cf7, javascriptEnabled: true, locationContextEnabled: false, networkConnectionEnabled: true, noReset: true, pixelRatio: 3, platform: LINUX, platformName: Android, platformVersion: 15, statBarHeight: 120, takesScreenshot: true, viewportRect: {height: 2280, left: 0, top: 120, width: 1080}, waitForIdleTimeout: 3000, warnings: {}, webStorageEnabled: false}
Session ID: c0c10e71-bfa6-42a0-bfc6-9e4517bcdaae
	at jdk.internal.reflect.GeneratedConstructorAccessor30.newInstance(Unknown Source)
	at java.base/jdk.internal.reflect.DelegatingConstructorAccessorImpl.newInstance(DelegatingConstructorAccessorImpl.java:45)
	at org.openqa.selenium.remote.http.W3CHttpResponseCodec.createException(W3CHttpResponseCodec.java:187)
	at org.openqa.selenium.remote.http.W3CHttpResponseCodec.decode(W3CHttpResponseCodec.java:122)
	at org.openqa.selenium.remote.http.W3CHttpResponseCodec.decode(W3CHttpResponseCodec.java:49)
	at org.openqa.selenium.remote.HttpCommandExecutor.execute(HttpCommandExecutor.java:158)
	at io.appium.java_client.remote.AppiumCommandExecutor.execute(AppiumCommandExecutor.java:239)
	at org.openqa.selenium.remote.RemoteWebDriver.execute(RemoteWebDriver.java:552)
	at io.appium.java_client.DefaultGenericMobileDriver.execute(DefaultGenericMobileDriver.java:46)
	at io.appium.java_client.AppiumDriver.execute(AppiumDriver.java:1)
	at io.appium.java_client.android.AndroidDriver.execute(AndroidDriver.java:1)
	at com.kms.katalon.core.appium.driver.SwipeableAndroidDriver.execute(SwipeableAndroidDriver.java:1)
	at org.openqa.selenium.remote.RemoteWebDriver.getScreenshotAs(RemoteWebDriver.java:295)
	at com.kms.katalon.core.mobile.helper.MobileScreenCaptor.takeScreenshot(MobileScreenCaptor.java:109)
	at com.kms.katalon.core.mobile.keyword.builtin.TakeScreenshotKeyword$_takeScreenshot_closure1.doCall(TakeScreenshotKeyword.groovy:110)
	at com.kms.katalon.core.mobile.keyword.builtin.TakeScreenshotKeyword$_takeScreenshot_closure1.call(TakeScreenshotKeyword.groovy)
	at com.kms.katalon.core.mobile.keyword.internal.MobileKeywordMain.runKeyword(MobileKeywordMain.groovy:30)
	... 23 more


18-05-2025T09:29:09 - [TEST_STEP][ERROR] - if (testCaseStatus != "PASSED"): com.kms.katalon.core.exception.StepFailedException: Unable to take screenshot
	at com.kms.katalon.core.mobile.keyword.internal.MobileKeywordMain.stepFailed(MobileKeywordMain.groovy:64)
	at com.kms.katalon.core.mobile.keyword.internal.MobileKeywordMain.runKeyword(MobileKeywordMain.groovy:34)
	at com.kms.katalon.core.mobile.keyword.builtin.TakeScreenshotKeyword.takeScreenshot(TakeScreenshotKeyword.groovy:94)
	at com.kms.katalon.core.mobile.keyword.builtin.TakeScreenshotKeyword.execute(TakeScreenshotKeyword.groovy:54)
	at com.kms.katalon.core.keyword.internal.KeywordExecutor.executeKeywordForPlatform(KeywordExecutor.groovy:74)
	at com.kms.katalon.core.mobile.keyword.MobileBuiltInKeywords.takeScreenshot(MobileBuiltInKeywords.groovy:218)
	at TestListener.afterTest(TestListener.groovy:45)
	at java.base/jdk.internal.reflect.NativeMethodAccessorImpl.invoke0(Native Method)
	at java.base/jdk.internal.reflect.NativeMethodAccessorImpl.invoke(NativeMethodAccessorImpl.java:77)
	at java.base/jdk.internal.reflect.DelegatingMethodAccessorImpl.invoke(DelegatingMethodAccessorImpl.java:43)
	at com.kms.katalon.core.context.internal.TestHooker.invokeMethod(TestHooker.java:111)
	at com.kms.katalon.core.context.internal.TestHooker.lambda$3(TestHooker.java:95)
	at com.kms.katalon.core.context.internal.TestHooker.invokeContextMethods(TestHooker.java:94)
	at com.kms.katalon.core.context.internal.TestListenerCollector.lambda$3(TestListenerCollector.java:88)
	at com.kms.katalon.core.context.internal.TestListenerCollector.handleListenerEvent(TestListenerCollector.java:85)
	at com.kms.katalon.core.context.internal.ExecutionEventManager.publicEvent(ExecutionEventManager.java:36)
	at com.kms.katalon.core.main.TestCaseExecutor.execute(TestCaseExecutor.java:315)
	at com.kms.katalon.core.common.CommonExecutor.accessTestCaseMainPhase(CommonExecutor.java:65)
	at com.kms.katalon.core.main.TestSuiteExecutor.accessTestSuiteMainPhase(TestSuiteExecutor.java:150)
	at com.kms.katalon.core.main.TestSuiteExecutor.execute(TestSuiteExecutor.java:106)
	at com.kms.katalon.core.main.TestCaseMain.startTestSuite(TestCaseMain.java:180)
	at TempTestSuite1747531571431.run(TempTestSuite1747531571431.groovy:35)
	at java.base/jdk.internal.reflect.NativeMethodAccessorImpl.invoke0(Native Method)
	at java.base/jdk.internal.reflect.NativeMethodAccessorImpl.invoke(NativeMethodAccessorImpl.java:77)
	at java.base/jdk.internal.reflect.DelegatingMethodAccessorImpl.invoke(DelegatingMethodAccessorImpl.java:43)
Caused by: org.openqa.selenium.WebDriverException: An unknown server-side error occurred while processing the command. Original error: 'GET /screenshot' cannot be proxied to UiAutomator2 server because the instrumentation process is not running (probably crashed). Check the server log and/or the logcat output for more details
Build info: version: '3.141.59', revision: 'unknown', time: 'unknown'
System info: host: '192.168.1.4.non-exists.ptr.local', ip: '2402:800:63f2:b9ce:1859:4296:77a1:a88d%en0', os.name: 'Mac OS X', os.arch: 'aarch64', os.version: '15.4.1', java.version: '17.0.7'
Driver info: com.kms.katalon.core.appium.driver.SwipeableAndroidDriver
Capabilities {automationName: UiAutomator2, databaseEnabled: false, desired: {automationName: UiAutomator2, deviceName: af0c5cf7, noReset: true, platformName: android, waitForIdleTimeout: 3000}, deviceApiLevel: 35, deviceManufacturer: OPPO, deviceModel: CPH2699, deviceName: af0c5cf7, deviceScreenDensity: 480, deviceScreenSize: 1080x2400, deviceUDID: af0c5cf7, javascriptEnabled: true, locationContextEnabled: false, networkConnectionEnabled: true, noReset: true, pixelRatio: 3, platform: LINUX, platformName: Android, platformVersion: 15, statBarHeight: 120, takesScreenshot: true, viewportRect: {height: 2280, left: 0, top: 120, width: 1080}, waitForIdleTimeout: 3000, warnings: {}, webStorageEnabled: false}
Session ID: c0c10e71-bfa6-42a0-bfc6-9e4517bcdaae
	at jdk.internal.reflect.GeneratedConstructorAccessor30.newInstance(Unknown Source)
	at java.base/jdk.internal.reflect.DelegatingConstructorAccessorImpl.newInstance(DelegatingConstructorAccessorImpl.java:45)
	at org.openqa.selenium.remote.http.W3CHttpResponseCodec.createException(W3CHttpResponseCodec.java:187)
	at org.openqa.selenium.remote.http.W3CHttpResponseCodec.decode(W3CHttpResponseCodec.java:122)
	at org.openqa.selenium.remote.http.W3CHttpResponseCodec.decode(W3CHttpResponseCodec.java:49)
	at org.openqa.selenium.remote.HttpCommandExecutor.execute(HttpCommandExecutor.java:158)
	at io.appium.java_client.remote.AppiumCommandExecutor.execute(AppiumCommandExecutor.java:239)
	at org.openqa.selenium.remote.RemoteWebDriver.execute(RemoteWebDriver.java:552)
	at io.appium.java_client.DefaultGenericMobileDriver.execute(DefaultGenericMobileDriver.java:46)
	at io.appium.java_client.AppiumDriver.execute(AppiumDriver.java:1)
	at io.appium.java_client.android.AndroidDriver.execute(AndroidDriver.java:1)
	at com.kms.katalon.core.appium.driver.SwipeableAndroidDriver.execute(SwipeableAndroidDriver.java:1)
	at org.openqa.selenium.remote.RemoteWebDriver.getScreenshotAs(RemoteWebDriver.java:295)
	at com.kms.katalon.core.mobile.helper.MobileScreenCaptor.takeScreenshot(MobileScreenCaptor.java:109)
	at com.kms.katalon.core.mobile.keyword.builtin.TakeScreenshotKeyword$_takeScreenshot_closure1.doCall(TakeScreenshotKeyword.groovy:110)
	at com.kms.katalon.core.mobile.keyword.builtin.TakeScreenshotKeyword$_takeScreenshot_closure1.call(TakeScreenshotKeyword.groovy)
	at com.kms.katalon.core.mobile.keyword.internal.MobileKeywordMain.runKeyword(MobileKeywordMain.groovy:30)
	... 23 more


18-05-2025T09:29:09 - [TEST_STEP][ERROR] - takeScreenshot(ErrorScreen/$GlobalVariable.PLATFORM/$testCaseContext.getTestCaseId().png): com.kms.katalon.core.exception.StepFailedException: Unable to take screenshot
	at com.kms.katalon.core.mobile.keyword.internal.MobileKeywordMain.stepFailed(MobileKeywordMain.groovy:64)
	at com.kms.katalon.core.mobile.keyword.internal.MobileKeywordMain.runKeyword(MobileKeywordMain.groovy:34)
	at com.kms.katalon.core.mobile.keyword.builtin.TakeScreenshotKeyword.takeScreenshot(TakeScreenshotKeyword.groovy:94)
	at com.kms.katalon.core.mobile.keyword.builtin.TakeScreenshotKeyword.execute(TakeScreenshotKeyword.groovy:54)
	at com.kms.katalon.core.keyword.internal.KeywordExecutor.executeKeywordForPlatform(KeywordExecutor.groovy:74)
	at com.kms.katalon.core.mobile.keyword.MobileBuiltInKeywords.takeScreenshot(MobileBuiltInKeywords.groovy:218)
	at TestListener.afterTest(TestListener.groovy:45)
	at java.base/jdk.internal.reflect.NativeMethodAccessorImpl.invoke0(Native Method)
	at java.base/jdk.internal.reflect.NativeMethodAccessorImpl.invoke(NativeMethodAccessorImpl.java:77)
	at java.base/jdk.internal.reflect.DelegatingMethodAccessorImpl.invoke(DelegatingMethodAccessorImpl.java:43)
	at com.kms.katalon.core.context.internal.TestHooker.invokeMethod(TestHooker.java:111)
	at com.kms.katalon.core.context.internal.TestHooker.lambda$3(TestHooker.java:95)
	at com.kms.katalon.core.context.internal.TestHooker.invokeContextMethods(TestHooker.java:94)
	at com.kms.katalon.core.context.internal.TestListenerCollector.lambda$3(TestListenerCollector.java:88)
	at com.kms.katalon.core.context.internal.TestListenerCollector.handleListenerEvent(TestListenerCollector.java:85)
	at com.kms.katalon.core.context.internal.ExecutionEventManager.publicEvent(ExecutionEventManager.java:36)
	at com.kms.katalon.core.main.TestCaseExecutor.execute(TestCaseExecutor.java:315)
	at com.kms.katalon.core.common.CommonExecutor.accessTestCaseMainPhase(CommonExecutor.java:65)
	at com.kms.katalon.core.main.TestSuiteExecutor.accessTestSuiteMainPhase(TestSuiteExecutor.java:150)
	at com.kms.katalon.core.main.TestSuiteExecutor.execute(TestSuiteExecutor.java:106)
	at com.kms.katalon.core.main.TestCaseMain.startTestSuite(TestCaseMain.java:180)
	at TempTestSuite1747531571431.run(TempTestSuite1747531571431.groovy:35)
	at java.base/jdk.internal.reflect.NativeMethodAccessorImpl.invoke0(Native Method)
	at java.base/jdk.internal.reflect.NativeMethodAccessorImpl.invoke(NativeMethodAccessorImpl.java:77)
	at java.base/jdk.internal.reflect.DelegatingMethodAccessorImpl.invoke(DelegatingMethodAccessorImpl.java:43)
Caused by: org.openqa.selenium.WebDriverException: An unknown server-side error occurred while processing the command. Original error: 'GET /screenshot' cannot be proxied to UiAutomator2 server because the instrumentation process is not running (probably crashed). Check the server log and/or the logcat output for more details
Build info: version: '3.141.59', revision: 'unknown', time: 'unknown'
System info: host: '192.168.1.4.non-exists.ptr.local', ip: '2402:800:63f2:b9ce:1859:4296:77a1:a88d%en0', os.name: 'Mac OS X', os.arch: 'aarch64', os.version: '15.4.1', java.version: '17.0.7'
Driver info: com.kms.katalon.core.appium.driver.SwipeableAndroidDriver
Capabilities {automationName: UiAutomator2, databaseEnabled: false, desired: {automationName: UiAutomator2, deviceName: af0c5cf7, noReset: true, platformName: android, waitForIdleTimeout: 3000}, deviceApiLevel: 35, deviceManufacturer: OPPO, deviceModel: CPH2699, deviceName: af0c5cf7, deviceScreenDensity: 480, deviceScreenSize: 1080x2400, deviceUDID: af0c5cf7, javascriptEnabled: true, locationContextEnabled: false, networkConnectionEnabled: true, noReset: true, pixelRatio: 3, platform: LINUX, platformName: Android, platformVersion: 15, statBarHeight: 120, takesScreenshot: true, viewportRect: {height: 2280, left: 0, top: 120, width: 1080}, waitForIdleTimeout: 3000, warnings: {}, webStorageEnabled: false}
Session ID: c0c10e71-bfa6-42a0-bfc6-9e4517bcdaae
	at jdk.internal.reflect.GeneratedConstructorAccessor30.newInstance(Unknown Source)
	at java.base/jdk.internal.reflect.DelegatingConstructorAccessorImpl.newInstance(DelegatingConstructorAccessorImpl.java:45)
	at org.openqa.selenium.remote.http.W3CHttpResponseCodec.createException(W3CHttpResponseCodec.java:187)
	at org.openqa.selenium.remote.http.W3CHttpResponseCodec.decode(W3CHttpResponseCodec.java:122)
	at org.openqa.selenium.remote.http.W3CHttpResponseCodec.decode(W3CHttpResponseCodec.java:49)
	at org.openqa.selenium.remote.HttpCommandExecutor.execute(HttpCommandExecutor.java:158)
	at io.appium.java_client.remote.AppiumCommandExecutor.execute(AppiumCommandExecutor.java:239)
	at org.openqa.selenium.remote.RemoteWebDriver.execute(RemoteWebDriver.java:552)
	at io.appium.java_client.DefaultGenericMobileDriver.execute(DefaultGenericMobileDriver.java:46)
	at io.appium.java_client.AppiumDriver.execute(AppiumDriver.java:1)
	at io.appium.java_client.android.AndroidDriver.execute(AndroidDriver.java:1)
	at com.kms.katalon.core.appium.driver.SwipeableAndroidDriver.execute(SwipeableAndroidDriver.java:1)
	at org.openqa.selenium.remote.RemoteWebDriver.getScreenshotAs(RemoteWebDriver.java:295)
	at com.kms.katalon.core.mobile.helper.MobileScreenCaptor.takeScreenshot(MobileScreenCaptor.java:109)
	at com.kms.katalon.core.mobile.keyword.builtin.TakeScreenshotKeyword$_takeScreenshot_closure1.doCall(TakeScreenshotKeyword.groovy:110)
	at com.kms.katalon.core.mobile.keyword.builtin.TakeScreenshotKeyword$_takeScreenshot_closure1.call(TakeScreenshotKeyword.groovy)
	at com.kms.katalon.core.mobile.keyword.internal.MobileKeywordMain.runKeyword(MobileKeywordMain.groovy:30)
	... 23 more


18-05-2025T09:29:10 - [MESSAGE][FAILED] - Unable to take screenshot (Root cause: com.kms.katalon.core.exception.StepFailedException: Unable to take screenshot
	at com.kms.katalon.core.mobile.keyword.internal.MobileKeywordMain.stepFailed(MobileKeywordMain.groovy:64)
	at com.kms.katalon.core.mobile.keyword.internal.MobileKeywordMain.runKeyword(MobileKeywordMain.groovy:34)
	at com.kms.katalon.core.mobile.keyword.builtin.TakeScreenshotKeyword.takeScreenshot(TakeScreenshotKeyword.groovy:94)
	at com.kms.katalon.core.mobile.keyword.builtin.TakeScreenshotKeyword.execute(TakeScreenshotKeyword.groovy:54)
	at com.kms.katalon.core.keyword.internal.KeywordExecutor.executeKeywordForPlatform(KeywordExecutor.groovy:74)
	at com.kms.katalon.core.mobile.keyword.MobileBuiltInKeywords.takeScreenshot(MobileBuiltInKeywords.groovy:218)
	at TestListener.afterTest(TestListener.groovy:45)
	at java.base/jdk.internal.reflect.NativeMethodAccessorImpl.invoke0(Native Method)
	at java.base/jdk.internal.reflect.NativeMethodAccessorImpl.invoke(NativeMethodAccessorImpl.java:77)
	at java.base/jdk.internal.reflect.DelegatingMethodAccessorImpl.invoke(DelegatingMethodAccessorImpl.java:43)
	at com.kms.katalon.core.context.internal.TestHooker.invokeMethod(TestHooker.java:111)
	at com.kms.katalon.core.context.internal.TestHooker.lambda$3(TestHooker.java:95)
	at com.kms.katalon.core.context.internal.TestHooker.invokeContextMethods(TestHooker.java:94)
	at com.kms.katalon.core.context.internal.TestListenerCollector.lambda$3(TestListenerCollector.java:88)
	at com.kms.katalon.core.context.internal.TestListenerCollector.handleListenerEvent(TestListenerCollector.java:85)
	at com.kms.katalon.core.context.internal.ExecutionEventManager.publicEvent(ExecutionEventManager.java:36)
	at com.kms.katalon.core.main.TestCaseExecutor.execute(TestCaseExecutor.java:315)
	at com.kms.katalon.core.common.CommonExecutor.accessTestCaseMainPhase(CommonExecutor.java:65)
	at com.kms.katalon.core.main.TestSuiteExecutor.accessTestSuiteMainPhase(TestSuiteExecutor.java:150)
	at com.kms.katalon.core.main.TestSuiteExecutor.execute(TestSuiteExecutor.java:106)
	at com.kms.katalon.core.main.TestCaseMain.startTestSuite(TestCaseMain.java:180)
	at TempTestSuite1747531571431.run(TempTestSuite1747531571431.groovy:35)
	at java.base/jdk.internal.reflect.NativeMethodAccessorImpl.invoke0(Native Method)
	at java.base/jdk.internal.reflect.NativeMethodAccessorImpl.invoke(NativeMethodAccessorImpl.java:77)
	at java.base/jdk.internal.reflect.DelegatingMethodAccessorImpl.invoke(DelegatingMethodAccessorImpl.java:43)
Caused by: org.openqa.selenium.WebDriverException: An unknown server-side error occurred while processing the command. Original error: 'GET /screenshot' cannot be proxied to UiAutomator2 server because the instrumentation process is not running (probably crashed). Check the server log and/or the logcat output for more details
Build info: version: '3.141.59', revision: 'unknown', time: 'unknown'
System info: host: '192.168.1.4.non-exists.ptr.local', ip: '2402:800:63f2:b9ce:1859:4296:77a1:a88d%en0', os.name: 'Mac OS X', os.arch: 'aarch64', os.version: '15.4.1', java.version: '17.0.7'
Driver info: com.kms.katalon.core.appium.driver.SwipeableAndroidDriver
Capabilities {automationName: UiAutomator2, databaseEnabled: false, desired: {automationName: UiAutomator2, deviceName: af0c5cf7, noReset: true, platformName: android, waitForIdleTimeout: 3000}, deviceApiLevel: 35, deviceManufacturer: OPPO, deviceModel: CPH2699, deviceName: af0c5cf7, deviceScreenDensity: 480, deviceScreenSize: 1080x2400, deviceUDID: af0c5cf7, javascriptEnabled: true, locationContextEnabled: false, networkConnectionEnabled: true, noReset: true, pixelRatio: 3, platform: LINUX, platformName: Android, platformVersion: 15, statBarHeight: 120, takesScreenshot: true, viewportRect: {height: 2280, left: 0, top: 120, width: 1080}, waitForIdleTimeout: 3000, warnings: {}, webStorageEnabled: false}
Session ID: c0c10e71-bfa6-42a0-bfc6-9e4517bcdaae
	at jdk.internal.reflect.GeneratedConstructorAccessor30.newInstance(Unknown Source)
	at java.base/jdk.internal.reflect.DelegatingConstructorAccessorImpl.newInstance(DelegatingConstructorAccessorImpl.java:45)
	at org.openqa.selenium.remote.http.W3CHttpResponseCodec.createException(W3CHttpResponseCodec.java:187)
	at org.openqa.selenium.remote.http.W3CHttpResponseCodec.decode(W3CHttpResponseCodec.java:122)
	at org.openqa.selenium.remote.http.W3CHttpResponseCodec.decode(W3CHttpResponseCodec.java:49)
	at org.openqa.selenium.remote.HttpCommandExecutor.execute(HttpCommandExecutor.java:158)
	at io.appium.java_client.remote.AppiumCommandExecutor.execute(AppiumCommandExecutor.java:239)
	at org.openqa.selenium.remote.RemoteWebDriver.execute(RemoteWebDriver.java:552)
	at io.appium.java_client.DefaultGenericMobileDriver.execute(DefaultGenericMobileDriver.java:46)
	at io.appium.java_client.AppiumDriver.execute(AppiumDriver.java:1)
	at io.appium.java_client.android.AndroidDriver.execute(AndroidDriver.java:1)
	at com.kms.katalon.core.appium.driver.SwipeableAndroidDriver.execute(SwipeableAndroidDriver.java:1)
	at org.openqa.selenium.remote.RemoteWebDriver.getScreenshotAs(RemoteWebDriver.java:295)
	at com.kms.katalon.core.mobile.helper.MobileScreenCaptor.takeScreenshot(MobileScreenCaptor.java:109)
	at com.kms.katalon.core.mobile.keyword.builtin.TakeScreenshotKeyword$_takeScreenshot_closure1.doCall(TakeScreenshotKeyword.groovy:110)
	at com.kms.katalon.core.mobile.keyword.builtin.TakeScreenshotKeyword$_takeScreenshot_closure1.call(TakeScreenshotKeyword.groovy)
	at com.kms.katalon.core.mobile.keyword.internal.MobileKeywordMain.runKeyword(MobileKeywordMain.groovy:30)
	... 23 more
)

18-05-2025T09:29:10 - [MESSAGE][ERROR] - com.kms.katalon.core.exception.StepFailedException: Unable to take screenshot
	at com.kms.katalon.core.mobile.keyword.internal.MobileKeywordMain.stepFailed(MobileKeywordMain.groovy:64)
	at com.kms.katalon.core.mobile.keyword.internal.MobileKeywordMain.runKeyword(MobileKeywordMain.groovy:34)
	at com.kms.katalon.core.mobile.keyword.builtin.TakeScreenshotKeyword.takeScreenshot(TakeScreenshotKeyword.groovy:94)
	at com.kms.katalon.core.mobile.keyword.builtin.TakeScreenshotKeyword.execute(TakeScreenshotKeyword.groovy:54)
	at com.kms.katalon.core.keyword.internal.KeywordExecutor.executeKeywordForPlatform(KeywordExecutor.groovy:74)
	at com.kms.katalon.core.mobile.keyword.MobileBuiltInKeywords.takeScreenshot(MobileBuiltInKeywords.groovy:218)
	at TestListener.afterTest(TestListener.groovy:45)
	at java.base/jdk.internal.reflect.NativeMethodAccessorImpl.invoke0(Native Method)
	at java.base/jdk.internal.reflect.NativeMethodAccessorImpl.invoke(NativeMethodAccessorImpl.java:77)
	at java.base/jdk.internal.reflect.DelegatingMethodAccessorImpl.invoke(DelegatingMethodAccessorImpl.java:43)
	at com.kms.katalon.core.context.internal.TestHooker.invokeMethod(TestHooker.java:111)
	at com.kms.katalon.core.context.internal.TestHooker.lambda$3(TestHooker.java:95)
	at com.kms.katalon.core.context.internal.TestHooker.invokeContextMethods(TestHooker.java:94)
	at com.kms.katalon.core.context.internal.TestListenerCollector.lambda$3(TestListenerCollector.java:88)
	at com.kms.katalon.core.context.internal.TestListenerCollector.handleListenerEvent(TestListenerCollector.java:85)
	at com.kms.katalon.core.context.internal.ExecutionEventManager.publicEvent(ExecutionEventManager.java:36)
	at com.kms.katalon.core.main.TestCaseExecutor.execute(TestCaseExecutor.java:315)
	at com.kms.katalon.core.common.CommonExecutor.accessTestCaseMainPhase(CommonExecutor.java:65)
	at com.kms.katalon.core.main.TestSuiteExecutor.accessTestSuiteMainPhase(TestSuiteExecutor.java:150)
	at com.kms.katalon.core.main.TestSuiteExecutor.execute(TestSuiteExecutor.java:106)
	at com.kms.katalon.core.main.TestCaseMain.startTestSuite(TestCaseMain.java:180)
	at TempTestSuite1747531571431.run(TempTestSuite1747531571431.groovy:35)
	at java.base/jdk.internal.reflect.NativeMethodAccessorImpl.invoke0(Native Method)
	at java.base/jdk.internal.reflect.NativeMethodAccessorImpl.invoke(NativeMethodAccessorImpl.java:77)
	at java.base/jdk.internal.reflect.DelegatingMethodAccessorImpl.invoke(DelegatingMethodAccessorImpl.java:43)
Caused by: org.openqa.selenium.WebDriverException: An unknown server-side error occurred while processing the command. Original error: 'GET /screenshot' cannot be proxied to UiAutomator2 server because the instrumentation process is not running (probably crashed). Check the server log and/or the logcat output for more details
Build info: version: '3.141.59', revision: 'unknown', time: 'unknown'
System info: host: '192.168.1.4.non-exists.ptr.local', ip: '2402:800:63f2:b9ce:1859:4296:77a1:a88d%en0', os.name: 'Mac OS X', os.arch: 'aarch64', os.version: '15.4.1', java.version: '17.0.7'
Driver info: com.kms.katalon.core.appium.driver.SwipeableAndroidDriver
Capabilities {automationName: UiAutomator2, databaseEnabled: false, desired: {automationName: UiAutomator2, deviceName: af0c5cf7, noReset: true, platformName: android, waitForIdleTimeout: 3000}, deviceApiLevel: 35, deviceManufacturer: OPPO, deviceModel: CPH2699, deviceName: af0c5cf7, deviceScreenDensity: 480, deviceScreenSize: 1080x2400, deviceUDID: af0c5cf7, javascriptEnabled: true, locationContextEnabled: false, networkConnectionEnabled: true, noReset: true, pixelRatio: 3, platform: LINUX, platformName: Android, platformVersion: 15, statBarHeight: 120, takesScreenshot: true, viewportRect: {height: 2280, left: 0, top: 120, width: 1080}, waitForIdleTimeout: 3000, warnings: {}, webStorageEnabled: false}
Session ID: c0c10e71-bfa6-42a0-bfc6-9e4517bcdaae
	at jdk.internal.reflect.GeneratedConstructorAccessor30.newInstance(Unknown Source)
	at java.base/jdk.internal.reflect.DelegatingConstructorAccessorImpl.newInstance(DelegatingConstructorAccessorImpl.java:45)
	at org.openqa.selenium.remote.http.W3CHttpResponseCodec.createException(W3CHttpResponseCodec.java:187)
	at org.openqa.selenium.remote.http.W3CHttpResponseCodec.decode(W3CHttpResponseCodec.java:122)
	at org.openqa.selenium.remote.http.W3CHttpResponseCodec.decode(W3CHttpResponseCodec.java:49)
	at org.openqa.selenium.remote.HttpCommandExecutor.execute(HttpCommandExecutor.java:158)
	at io.appium.java_client.remote.AppiumCommandExecutor.execute(AppiumCommandExecutor.java:239)
	at org.openqa.selenium.remote.RemoteWebDriver.execute(RemoteWebDriver.java:552)
	at io.appium.java_client.DefaultGenericMobileDriver.execute(DefaultGenericMobileDriver.java:46)
	at io.appium.java_client.AppiumDriver.execute(AppiumDriver.java:1)
	at io.appium.java_client.android.AndroidDriver.execute(AndroidDriver.java:1)
	at com.kms.katalon.core.appium.driver.SwipeableAndroidDriver.execute(SwipeableAndroidDriver.java:1)
	at org.openqa.selenium.remote.RemoteWebDriver.getScreenshotAs(RemoteWebDriver.java:295)
	at com.kms.katalon.core.mobile.helper.MobileScreenCaptor.takeScreenshot(MobileScreenCaptor.java:109)
	at com.kms.katalon.core.mobile.keyword.builtin.TakeScreenshotKeyword$_takeScreenshot_closure1.doCall(TakeScreenshotKeyword.groovy:110)
	at com.kms.katalon.core.mobile.keyword.builtin.TakeScreenshotKeyword$_takeScreenshot_closure1.call(TakeScreenshotKeyword.groovy)
	at com.kms.katalon.core.mobile.keyword.internal.MobileKeywordMain.runKeyword(MobileKeywordMain.groovy:30)
	... 23 more]]></system-out>
         <system-err><![CDATA[18-05-2025T09:29:09 - [TEST_CASE][ERROR] - Test Cases/IPAPER APP/025 TRA VE TAI MAIN FILE_NHAP Y KIEN: Test Cases/IPAPER APP/025 TRA VE TAI MAIN FILE_NHAP Y KIEN FAILED.
Reason:
org.openqa.selenium.WebDriverException: An unknown server-side error occurred while processing the command. Original error: 'POST /elements' cannot be proxied to UiAutomator2 server because the instrumentation process is not running (probably crashed). Check the server log and/or the logcat output for more details
Build info: version: '3.141.59', revision: 'unknown', time: 'unknown'
System info: host: '192.168.1.4.non-exists.ptr.local', ip: '2402:800:63f2:b9ce:1859:4296:77a1:a88d%en0', os.name: 'Mac OS X', os.arch: 'aarch64', os.version: '15.4.1', java.version: '17.0.7'
Driver info: com.kms.katalon.core.appium.driver.SwipeableAndroidDriver
Capabilities {automationName: UiAutomator2, databaseEnabled: false, desired: {automationName: UiAutomator2, deviceName: af0c5cf7, noReset: true, platformName: android, waitForIdleTimeout: 3000}, deviceApiLevel: 35, deviceManufacturer: OPPO, deviceModel: CPH2699, deviceName: af0c5cf7, deviceScreenDensity: 480, deviceScreenSize: 1080x2400, deviceUDID: af0c5cf7, javascriptEnabled: true, locationContextEnabled: false, networkConnectionEnabled: true, noReset: true, pixelRatio: 3, platform: LINUX, platformName: Android, platformVersion: 15, statBarHeight: 120, takesScreenshot: true, viewportRect: {height: 2280, left: 0, top: 120, width: 1080}, waitForIdleTimeout: 3000, warnings: {}, webStorageEnabled: false}
Session ID: c0c10e71-bfa6-42a0-bfc6-9e4517bcdaae
*** Element info: {Using=xpath, value=//android.widget.EditText[@resource-id='com.hdbank.ipaper:id/edit_text_user_name']}
	at jdk.internal.reflect.GeneratedConstructorAccessor30.newInstance(Unknown Source)
	at java.base/jdk.internal.reflect.DelegatingConstructorAccessorImpl.newInstance(DelegatingConstructorAccessorImpl.java:45)
	at org.openqa.selenium.remote.http.W3CHttpResponseCodec.createException(W3CHttpResponseCodec.java:187)
	at org.openqa.selenium.remote.http.W3CHttpResponseCodec.decode(W3CHttpResponseCodec.java:122)
	at org.openqa.selenium.remote.http.W3CHttpResponseCodec.decode(W3CHttpResponseCodec.java:49)
	at org.openqa.selenium.remote.HttpCommandExecutor.execute(HttpCommandExecutor.java:158)
	at io.appium.java_client.remote.AppiumCommandExecutor.execute(AppiumCommandExecutor.java:239)
	at org.openqa.selenium.remote.RemoteWebDriver.execute(RemoteWebDriver.java:552)
	at io.appium.java_client.DefaultGenericMobileDriver.execute(DefaultGenericMobileDriver.java:42)
	at io.appium.java_client.AppiumDriver.execute(AppiumDriver.java:1)
	at io.appium.java_client.android.AndroidDriver.execute(AndroidDriver.java:1)
	at com.kms.katalon.core.appium.driver.SwipeableAndroidDriver.execute(SwipeableAndroidDriver.java:1)
	at org.openqa.selenium.remote.RemoteWebDriver.findElements(RemoteWebDriver.java:353)
	at io.appium.java_client.DefaultGenericMobileDriver.findElements(DefaultGenericMobileDriver.java:54)
	at io.appium.java_client.AppiumDriver.findElements(AppiumDriver.java:152)
	at org.openqa.selenium.remote.RemoteWebDriver.findElementsByXPath(RemoteWebDriver.java:432)
	at io.appium.java_client.DefaultGenericMobileDriver.findElementsByXPath(DefaultGenericMobileDriver.java:156)
	at io.appium.java_client.AppiumDriver.findElementsByXPath(AppiumDriver.java:184)
	at org.openqa.selenium.By$ByXPath.findElements(By.java:348)
	at org.openqa.selenium.remote.RemoteWebDriver.findElements(RemoteWebDriver.java:311)
	at io.appium.java_client.DefaultGenericMobileDriver.findElements(DefaultGenericMobileDriver.java:50)
	at io.appium.java_client.AppiumDriver.findElements(AppiumDriver.java:148)
	at base.BaseKeyword$Trait$Helper.isDisplayed(BaseKeyword.groovy:234)
	at screens.LoginScreen.isDisplayed(LoginScreen.groovy)
	at base.BaseKeyword$Trait$Helper.isDisplayed(BaseKeyword.groovy:229)
	at screens.LoginScreen.isDisplayed(LoginScreen.groovy)
	at screens.LoginScreen.isGuest(LoginScreen.groovy:34)
	at screens.LoginScreen.login(LoginScreen.groovy:10)
	at 025 TRA VE TAI MAIN FILE_NHAP Y KIEN.run(025 TRA VE TAI MAIN FILE_NHAP Y KIEN:18)
	at com.kms.katalon.core.main.ScriptEngine.run(ScriptEngine.java:194)
	at com.kms.katalon.core.main.ScriptEngine.runScriptAsRawText(ScriptEngine.java:119)
	at com.kms.katalon.core.main.TestCaseExecutor.runScript(TestCaseExecutor.java:448)
	at com.kms.katalon.core.main.TestCaseExecutor.doExecute(TestCaseExecutor.java:439)
	at com.kms.katalon.core.main.TestCaseExecutor.processExecutionPhase(TestCaseExecutor.java:418)
	at com.kms.katalon.core.main.TestCaseExecutor.accessMainPhase(TestCaseExecutor.java:410)
	at com.kms.katalon.core.main.TestCaseExecutor.execute(TestCaseExecutor.java:285)
	at com.kms.katalon.core.common.CommonExecutor.accessTestCaseMainPhase(CommonExecutor.java:65)
	at com.kms.katalon.core.main.TestSuiteExecutor.accessTestSuiteMainPhase(TestSuiteExecutor.java:150)
	at com.kms.katalon.core.main.TestSuiteExecutor.execute(TestSuiteExecutor.java:106)
	at com.kms.katalon.core.main.TestCaseMain.startTestSuite(TestCaseMain.java:180)
	at TempTestSuite1747531571431.run(TempTestSuite1747531571431.groovy:35)
	at java.base/jdk.internal.reflect.NativeMethodAccessorImpl.invoke0(Native Method)
	at java.base/jdk.internal.reflect.NativeMethodAccessorImpl.invoke(NativeMethodAccessorImpl.java:77)
	at java.base/jdk.internal.reflect.DelegatingMethodAccessorImpl.invoke(DelegatingMethodAccessorImpl.java:43)]]></system-err>
      </testcase>
      <testcase name="Test Cases/IPAPER APP/003 TAO YEU CAU KHONG CO ASSIGNER" time="0.323" classname="Test Cases/IPAPER APP/003 TAO YEU CAU KHONG CO ASSIGNER" status="ERROR">
         <error type="ERROR" message="Test Cases/IPAPER APP/003 TAO YEU CAU KHONG CO ASSIGNER FAILED.&#xa;Reason:&#xa;org.openqa.selenium.WebDriverException: An unknown server-side error occurred while processing the command. Original error: 'POST /elements' cannot be proxied to UiAutomator2 server because the instrumentation process is not running (probably crashed). Check the server log and/or the logcat output for more details&#xa;Build info: version: '3.141.59', revision: 'unknown', time: 'unknown'&#xa;System info: host: '192.168.1.4.non-exists.ptr.local', ip: '2402:800:63f2:b9ce:1859:4296:77a1:a88d%en0', os.name: 'Mac OS X', os.arch: 'aarch64', os.version: '15.4.1', java.version: '17.0.7'&#xa;Driver info: com.kms.katalon.core.appium.driver.SwipeableAndroidDriver&#xa;Capabilities {automationName: UiAutomator2, databaseEnabled: false, desired: {automationName: UiAutomator2, deviceName: af0c5cf7, noReset: true, platformName: android, waitForIdleTimeout: 3000}, deviceApiLevel: 35, deviceManufacturer: OPPO, deviceModel: CPH2699, deviceName: af0c5cf7, deviceScreenDensity: 480, deviceScreenSize: 1080x2400, deviceUDID: af0c5cf7, javascriptEnabled: true, locationContextEnabled: false, networkConnectionEnabled: true, noReset: true, pixelRatio: 3, platform: LINUX, platformName: Android, platformVersion: 15, statBarHeight: 120, takesScreenshot: true, viewportRect: {height: 2280, left: 0, top: 120, width: 1080}, waitForIdleTimeout: 3000, warnings: {}, webStorageEnabled: false}&#xa;Session ID: c0c10e71-bfa6-42a0-bfc6-9e4517bcdaae&#xa;*** Element info: {Using=xpath, value=//android.widget.EditText[@resource-id='com.hdbank.ipaper:id/edit_text_user_name']}&#xa;	at jdk.internal.reflect.GeneratedConstructorAccessor30.newInstance(Unknown Source)&#xa;	at java.base/jdk.internal.reflect.DelegatingConstructorAccessorImpl.newInstance(DelegatingConstructorAccessorImpl.java:45)&#xa;	at org.openqa.selenium.remote.http.W3CHttpResponseCodec.createException(W3CHttpResponseCodec.java:187)&#xa;	at org.openqa.selenium.remote.http.W3CHttpResponseCodec.decode(W3CHttpResponseCodec.java:122)&#xa;	at org.openqa.selenium.remote.http.W3CHttpResponseCodec.decode(W3CHttpResponseCodec.java:49)&#xa;	at org.openqa.selenium.remote.HttpCommandExecutor.execute(HttpCommandExecutor.java:158)&#xa;	at io.appium.java_client.remote.AppiumCommandExecutor.execute(AppiumCommandExecutor.java:239)&#xa;	at org.openqa.selenium.remote.RemoteWebDriver.execute(RemoteWebDriver.java:552)&#xa;	at io.appium.java_client.DefaultGenericMobileDriver.execute(DefaultGenericMobileDriver.java:42)&#xa;	at io.appium.java_client.AppiumDriver.execute(AppiumDriver.java:1)&#xa;	at io.appium.java_client.android.AndroidDriver.execute(AndroidDriver.java:1)&#xa;	at com.kms.katalon.core.appium.driver.SwipeableAndroidDriver.execute(SwipeableAndroidDriver.java:1)&#xa;	at org.openqa.selenium.remote.RemoteWebDriver.findElements(RemoteWebDriver.java:353)&#xa;	at io.appium.java_client.DefaultGenericMobileDriver.findElements(DefaultGenericMobileDriver.java:54)&#xa;	at io.appium.java_client.AppiumDriver.findElements(AppiumDriver.java:152)&#xa;	at org.openqa.selenium.remote.RemoteWebDriver.findElementsByXPath(RemoteWebDriver.java:432)&#xa;	at io.appium.java_client.DefaultGenericMobileDriver.findElementsByXPath(DefaultGenericMobileDriver.java:156)&#xa;	at io.appium.java_client.AppiumDriver.findElementsByXPath(AppiumDriver.java:184)&#xa;	at org.openqa.selenium.By$ByXPath.findElements(By.java:348)&#xa;	at org.openqa.selenium.remote.RemoteWebDriver.findElements(RemoteWebDriver.java:311)&#xa;	at io.appium.java_client.DefaultGenericMobileDriver.findElements(DefaultGenericMobileDriver.java:50)&#xa;	at io.appium.java_client.AppiumDriver.findElements(AppiumDriver.java:148)&#xa;	at base.BaseKeyword$Trait$Helper.isDisplayed(BaseKeyword.groovy:234)&#xa;	at screens.LoginScreen.isDisplayed(LoginScreen.groovy)&#xa;	at base.BaseKeyword$Trait$Helper.isDisplayed(BaseKeyword.groovy:229)&#xa;	at screens.LoginScreen.isDisplayed(LoginScreen.groovy)&#xa;	at screens.LoginScreen.isGuest(LoginScreen.groovy:34)&#xa;	at screens.LoginScreen.login(LoginScreen.groovy:10)&#xa;	at 003 TAO YEU CAU KHONG CO ASSIGNER.run(003 TAO YEU CAU KHONG CO ASSIGNER:29)&#xa;	at com.kms.katalon.core.main.ScriptEngine.run(ScriptEngine.java:194)&#xa;	at com.kms.katalon.core.main.ScriptEngine.runScriptAsRawText(ScriptEngine.java:119)&#xa;	at com.kms.katalon.core.main.TestCaseExecutor.runScript(TestCaseExecutor.java:448)&#xa;	at com.kms.katalon.core.main.TestCaseExecutor.doExecute(TestCaseExecutor.java:439)&#xa;	at com.kms.katalon.core.main.TestCaseExecutor.processExecutionPhase(TestCaseExecutor.java:418)&#xa;	at com.kms.katalon.core.main.TestCaseExecutor.accessMainPhase(TestCaseExecutor.java:410)&#xa;	at com.kms.katalon.core.main.TestCaseExecutor.execute(TestCaseExecutor.java:285)&#xa;	at com.kms.katalon.core.common.CommonExecutor.accessTestCaseMainPhase(CommonExecutor.java:65)&#xa;	at com.kms.katalon.core.main.TestSuiteExecutor.accessTestSuiteMainPhase(TestSuiteExecutor.java:150)&#xa;	at com.kms.katalon.core.main.TestSuiteExecutor.execute(TestSuiteExecutor.java:106)&#xa;	at com.kms.katalon.core.main.TestCaseMain.startTestSuite(TestCaseMain.java:180)&#xa;	at TempTestSuite1747531571431.run(TempTestSuite1747531571431.groovy:35)&#xa;	at java.base/jdk.internal.reflect.NativeMethodAccessorImpl.invoke0(Native Method)&#xa;	at java.base/jdk.internal.reflect.NativeMethodAccessorImpl.invoke(NativeMethodAccessorImpl.java:77)&#xa;	at java.base/jdk.internal.reflect.DelegatingMethodAccessorImpl.invoke(DelegatingMethodAccessorImpl.java:43)&#xa;"/>
         <system-out><![CDATA[18-05-2025T09:29:10 - [TEST_CASE][ERROR] - Test Cases/IPAPER APP/003 TAO YEU CAU KHONG CO ASSIGNER: Test Cases/IPAPER APP/003 TAO YEU CAU KHONG CO ASSIGNER FAILED.
Reason:
org.openqa.selenium.WebDriverException: An unknown server-side error occurred while processing the command. Original error: 'POST /elements' cannot be proxied to UiAutomator2 server because the instrumentation process is not running (probably crashed). Check the server log and/or the logcat output for more details
Build info: version: '3.141.59', revision: 'unknown', time: 'unknown'
System info: host: '192.168.1.4.non-exists.ptr.local', ip: '2402:800:63f2:b9ce:1859:4296:77a1:a88d%en0', os.name: 'Mac OS X', os.arch: 'aarch64', os.version: '15.4.1', java.version: '17.0.7'
Driver info: com.kms.katalon.core.appium.driver.SwipeableAndroidDriver
Capabilities {automationName: UiAutomator2, databaseEnabled: false, desired: {automationName: UiAutomator2, deviceName: af0c5cf7, noReset: true, platformName: android, waitForIdleTimeout: 3000}, deviceApiLevel: 35, deviceManufacturer: OPPO, deviceModel: CPH2699, deviceName: af0c5cf7, deviceScreenDensity: 480, deviceScreenSize: 1080x2400, deviceUDID: af0c5cf7, javascriptEnabled: true, locationContextEnabled: false, networkConnectionEnabled: true, noReset: true, pixelRatio: 3, platform: LINUX, platformName: Android, platformVersion: 15, statBarHeight: 120, takesScreenshot: true, viewportRect: {height: 2280, left: 0, top: 120, width: 1080}, waitForIdleTimeout: 3000, warnings: {}, webStorageEnabled: false}
Session ID: c0c10e71-bfa6-42a0-bfc6-9e4517bcdaae
*** Element info: {Using=xpath, value=//android.widget.EditText[@resource-id='com.hdbank.ipaper:id/edit_text_user_name']}
	at jdk.internal.reflect.GeneratedConstructorAccessor30.newInstance(Unknown Source)
	at java.base/jdk.internal.reflect.DelegatingConstructorAccessorImpl.newInstance(DelegatingConstructorAccessorImpl.java:45)
	at org.openqa.selenium.remote.http.W3CHttpResponseCodec.createException(W3CHttpResponseCodec.java:187)
	at org.openqa.selenium.remote.http.W3CHttpResponseCodec.decode(W3CHttpResponseCodec.java:122)
	at org.openqa.selenium.remote.http.W3CHttpResponseCodec.decode(W3CHttpResponseCodec.java:49)
	at org.openqa.selenium.remote.HttpCommandExecutor.execute(HttpCommandExecutor.java:158)
	at io.appium.java_client.remote.AppiumCommandExecutor.execute(AppiumCommandExecutor.java:239)
	at org.openqa.selenium.remote.RemoteWebDriver.execute(RemoteWebDriver.java:552)
	at io.appium.java_client.DefaultGenericMobileDriver.execute(DefaultGenericMobileDriver.java:42)
	at io.appium.java_client.AppiumDriver.execute(AppiumDriver.java:1)
	at io.appium.java_client.android.AndroidDriver.execute(AndroidDriver.java:1)
	at com.kms.katalon.core.appium.driver.SwipeableAndroidDriver.execute(SwipeableAndroidDriver.java:1)
	at org.openqa.selenium.remote.RemoteWebDriver.findElements(RemoteWebDriver.java:353)
	at io.appium.java_client.DefaultGenericMobileDriver.findElements(DefaultGenericMobileDriver.java:54)
	at io.appium.java_client.AppiumDriver.findElements(AppiumDriver.java:152)
	at org.openqa.selenium.remote.RemoteWebDriver.findElementsByXPath(RemoteWebDriver.java:432)
	at io.appium.java_client.DefaultGenericMobileDriver.findElementsByXPath(DefaultGenericMobileDriver.java:156)
	at io.appium.java_client.AppiumDriver.findElementsByXPath(AppiumDriver.java:184)
	at org.openqa.selenium.By$ByXPath.findElements(By.java:348)
	at org.openqa.selenium.remote.RemoteWebDriver.findElements(RemoteWebDriver.java:311)
	at io.appium.java_client.DefaultGenericMobileDriver.findElements(DefaultGenericMobileDriver.java:50)
	at io.appium.java_client.AppiumDriver.findElements(AppiumDriver.java:148)
	at base.BaseKeyword$Trait$Helper.isDisplayed(BaseKeyword.groovy:234)
	at screens.LoginScreen.isDisplayed(LoginScreen.groovy)
	at base.BaseKeyword$Trait$Helper.isDisplayed(BaseKeyword.groovy:229)
	at screens.LoginScreen.isDisplayed(LoginScreen.groovy)
	at screens.LoginScreen.isGuest(LoginScreen.groovy:34)
	at screens.LoginScreen.login(LoginScreen.groovy:10)
	at 003 TAO YEU CAU KHONG CO ASSIGNER.run(003 TAO YEU CAU KHONG CO ASSIGNER:29)
	at com.kms.katalon.core.main.ScriptEngine.run(ScriptEngine.java:194)
	at com.kms.katalon.core.main.ScriptEngine.runScriptAsRawText(ScriptEngine.java:119)
	at com.kms.katalon.core.main.TestCaseExecutor.runScript(TestCaseExecutor.java:448)
	at com.kms.katalon.core.main.TestCaseExecutor.doExecute(TestCaseExecutor.java:439)
	at com.kms.katalon.core.main.TestCaseExecutor.processExecutionPhase(TestCaseExecutor.java:418)
	at com.kms.katalon.core.main.TestCaseExecutor.accessMainPhase(TestCaseExecutor.java:410)
	at com.kms.katalon.core.main.TestCaseExecutor.execute(TestCaseExecutor.java:285)
	at com.kms.katalon.core.common.CommonExecutor.accessTestCaseMainPhase(CommonExecutor.java:65)
	at com.kms.katalon.core.main.TestSuiteExecutor.accessTestSuiteMainPhase(TestSuiteExecutor.java:150)
	at com.kms.katalon.core.main.TestSuiteExecutor.execute(TestSuiteExecutor.java:106)
	at com.kms.katalon.core.main.TestCaseMain.startTestSuite(TestCaseMain.java:180)
	at TempTestSuite1747531571431.run(TempTestSuite1747531571431.groovy:35)
	at java.base/jdk.internal.reflect.NativeMethodAccessorImpl.invoke0(Native Method)
	at java.base/jdk.internal.reflect.NativeMethodAccessorImpl.invoke(NativeMethodAccessorImpl.java:77)
	at java.base/jdk.internal.reflect.DelegatingMethodAccessorImpl.invoke(DelegatingMethodAccessorImpl.java:43)


18-05-2025T09:29:10 - [TEST_STEP][ERROR] - Start listener action : beforeTest: com.kms.katalon.core.exception.StepErrorException: org.openqa.selenium.WebDriverException: An unknown server-side error occurred while processing the command. Original error: 'POST /elements' cannot be proxied to UiAutomator2 server because the instrumentation process is not running (probably crashed). Check the server log and/or the logcat output for more details
Build info: version: '3.141.59', revision: 'unknown', time: 'unknown'
System info: host: '192.168.1.4.non-exists.ptr.local', ip: '2402:800:63f2:b9ce:1859:4296:77a1:a88d%en0', os.name: 'Mac OS X', os.arch: 'aarch64', os.version: '15.4.1', java.version: '17.0.7'
Driver info: com.kms.katalon.core.appium.driver.SwipeableAndroidDriver
Capabilities {automationName: UiAutomator2, databaseEnabled: false, desired: {automationName: UiAutomator2, deviceName: af0c5cf7, noReset: true, platformName: android, waitForIdleTimeout: 3000}, deviceApiLevel: 35, deviceManufacturer: OPPO, deviceModel: CPH2699, deviceName: af0c5cf7, deviceScreenDensity: 480, deviceScreenSize: 1080x2400, deviceUDID: af0c5cf7, javascriptEnabled: true, locationContextEnabled: false, networkConnectionEnabled: true, noReset: true, pixelRatio: 3, platform: LINUX, platformName: Android, platformVersion: 15, statBarHeight: 120, takesScreenshot: true, viewportRect: {height: 2280, left: 0, top: 120, width: 1080}, waitForIdleTimeout: 3000, warnings: {}, webStorageEnabled: false}
Session ID: c0c10e71-bfa6-42a0-bfc6-9e4517bcdaae
*** Element info: {Using=id, value=com.hdbank.ipaper:id/img_logo}
	at com.kms.katalon.core.main.CustomKeywordDelegatingMetaClass.throwError(CustomKeywordDelegatingMetaClass.java:101)
	at com.kms.katalon.core.main.CustomKeywordDelegatingMetaClass.invokeStaticMethod(CustomKeywordDelegatingMetaClass.java:73)
	at TestListener.beforeTest(TestListener.groovy:39)
	at java.base/jdk.internal.reflect.NativeMethodAccessorImpl.invoke0(Native Method)
	at java.base/jdk.internal.reflect.NativeMethodAccessorImpl.invoke(NativeMethodAccessorImpl.java:77)
	at java.base/jdk.internal.reflect.DelegatingMethodAccessorImpl.invoke(DelegatingMethodAccessorImpl.java:43)
	at com.kms.katalon.core.context.internal.TestHooker.invokeMethod(TestHooker.java:111)
	at com.kms.katalon.core.context.internal.TestHooker.lambda$3(TestHooker.java:95)
	at com.kms.katalon.core.context.internal.TestHooker.invokeContextMethods(TestHooker.java:94)
	at com.kms.katalon.core.context.internal.TestListenerCollector.lambda$3(TestListenerCollector.java:88)
	at com.kms.katalon.core.context.internal.TestListenerCollector.handleListenerEvent(TestListenerCollector.java:85)
	at com.kms.katalon.core.context.internal.ExecutionEventManager.publicEvent(ExecutionEventManager.java:36)
	at com.kms.katalon.core.main.TestCaseExecutor.execute(TestCaseExecutor.java:268)
	at com.kms.katalon.core.common.CommonExecutor.accessTestCaseMainPhase(CommonExecutor.java:65)
	at com.kms.katalon.core.main.TestSuiteExecutor.accessTestSuiteMainPhase(TestSuiteExecutor.java:150)
	at com.kms.katalon.core.main.TestSuiteExecutor.execute(TestSuiteExecutor.java:106)
	at com.kms.katalon.core.main.TestCaseMain.startTestSuite(TestCaseMain.java:180)
	at TempTestSuite1747531571431.run(TempTestSuite1747531571431.groovy:35)
	at java.base/jdk.internal.reflect.NativeMethodAccessorImpl.invoke0(Native Method)
	at java.base/jdk.internal.reflect.NativeMethodAccessorImpl.invoke(NativeMethodAccessorImpl.java:77)
	at java.base/jdk.internal.reflect.DelegatingMethodAccessorImpl.invoke(DelegatingMethodAccessorImpl.java:43)
Caused by: org.openqa.selenium.WebDriverException: An unknown server-side error occurred while processing the command. Original error: 'POST /elements' cannot be proxied to UiAutomator2 server because the instrumentation process is not running (probably crashed). Check the server log and/or the logcat output for more details
Build info: version: '3.141.59', revision: 'unknown', time: 'unknown'
System info: host: '192.168.1.4.non-exists.ptr.local', ip: '2402:800:63f2:b9ce:1859:4296:77a1:a88d%en0', os.name: 'Mac OS X', os.arch: 'aarch64', os.version: '15.4.1', java.version: '17.0.7'
Driver info: com.kms.katalon.core.appium.driver.SwipeableAndroidDriver
Capabilities {automationName: UiAutomator2, databaseEnabled: false, desired: {automationName: UiAutomator2, deviceName: af0c5cf7, noReset: true, platformName: android, waitForIdleTimeout: 3000}, deviceApiLevel: 35, deviceManufacturer: OPPO, deviceModel: CPH2699, deviceName: af0c5cf7, deviceScreenDensity: 480, deviceScreenSize: 1080x2400, deviceUDID: af0c5cf7, javascriptEnabled: true, locationContextEnabled: false, networkConnectionEnabled: true, noReset: true, pixelRatio: 3, platform: LINUX, platformName: Android, platformVersion: 15, statBarHeight: 120, takesScreenshot: true, viewportRect: {height: 2280, left: 0, top: 120, width: 1080}, waitForIdleTimeout: 3000, warnings: {}, webStorageEnabled: false}
Session ID: c0c10e71-bfa6-42a0-bfc6-9e4517bcdaae
*** Element info: {Using=id, value=com.hdbank.ipaper:id/img_logo}
	at jdk.internal.reflect.GeneratedConstructorAccessor30.newInstance(Unknown Source)
	at java.base/jdk.internal.reflect.DelegatingConstructorAccessorImpl.newInstance(DelegatingConstructorAccessorImpl.java:45)
	at org.openqa.selenium.remote.http.W3CHttpResponseCodec.createException(W3CHttpResponseCodec.java:187)
	at org.openqa.selenium.remote.http.W3CHttpResponseCodec.decode(W3CHttpResponseCodec.java:122)
	at org.openqa.selenium.remote.http.W3CHttpResponseCodec.decode(W3CHttpResponseCodec.java:49)
	at org.openqa.selenium.remote.HttpCommandExecutor.execute(HttpCommandExecutor.java:158)
	at io.appium.java_client.remote.AppiumCommandExecutor.execute(AppiumCommandExecutor.java:239)
	at org.openqa.selenium.remote.RemoteWebDriver.execute(RemoteWebDriver.java:552)
	at io.appium.java_client.DefaultGenericMobileDriver.execute(DefaultGenericMobileDriver.java:42)
	at io.appium.java_client.AppiumDriver.execute(AppiumDriver.java:1)
	at io.appium.java_client.android.AndroidDriver.execute(AndroidDriver.java:1)
	at com.kms.katalon.core.appium.driver.SwipeableAndroidDriver.execute(SwipeableAndroidDriver.java:1)
	at org.openqa.selenium.remote.RemoteWebDriver.findElements(RemoteWebDriver.java:353)
	at io.appium.java_client.DefaultGenericMobileDriver.findElements(DefaultGenericMobileDriver.java:54)
	at io.appium.java_client.AppiumDriver.findElements(AppiumDriver.java:152)
	at org.openqa.selenium.remote.RemoteWebDriver.findElementsById(RemoteWebDriver.java:376)
	at io.appium.java_client.DefaultGenericMobileDriver.findElementsById(DefaultGenericMobileDriver.java:66)
	at io.appium.java_client.AppiumDriver.findElementsById(AppiumDriver.java:156)
	at org.openqa.selenium.By$ById.findElements(By.java:180)
	at org.openqa.selenium.remote.RemoteWebDriver.findElements(RemoteWebDriver.java:311)
	at io.appium.java_client.DefaultGenericMobileDriver.findElements(DefaultGenericMobileDriver.java:50)
	at io.appium.java_client.AppiumDriver.findElements(AppiumDriver.java:148)
	at base.BaseKeyword$Trait$Helper$_waitForPresentOf_closure1.doCall(BaseKeyword.groovy:253)
	at jdk.internal.reflect.GeneratedMethodAccessor8.invoke(Unknown Source)
	at java.base/jdk.internal.reflect.DelegatingMethodAccessorImpl.invoke(DelegatingMethodAccessorImpl.java:43)
	at jdk.proxy2/jdk.proxy2.$Proxy34.apply(Unknown Source)
	at org.openqa.selenium.support.ui.FluentWait.until(FluentWait.java:249)
	at base.BaseKeyword$Trait$Helper.waitForPresentOf(BaseKeyword.groovy:252)
	at base.BaseApp.waitForPresentOf(BaseApp.groovy)
	at java.base/jdk.internal.reflect.NativeMethodAccessorImpl.invoke0(Native Method)
	at java.base/jdk.internal.reflect.NativeMethodAccessorImpl.invoke(NativeMethodAccessorImpl.java:77)
	at java.base/jdk.internal.reflect.DelegatingMethodAccessorImpl.invoke(DelegatingMethodAccessorImpl.java:43)
	at base.BaseApp.waitAppLauch(BaseApp.groovy:34)
	at java.base/jdk.internal.reflect.NativeMethodAccessorImpl.invoke0(Native Method)
	at java.base/jdk.internal.reflect.NativeMethodAccessorImpl.invoke(NativeMethodAccessorImpl.java:77)
	at java.base/jdk.internal.reflect.DelegatingMethodAccessorImpl.invoke(DelegatingMethodAccessorImpl.java:43)
	at drivers.Driver.openApp(Driver.groovy:60)
	at java.base/jdk.internal.reflect.NativeMethodAccessorImpl.invoke0(Native Method)
	at java.base/jdk.internal.reflect.NativeMethodAccessorImpl.invoke(NativeMethodAccessorImpl.java:77)
	at java.base/jdk.internal.reflect.DelegatingMethodAccessorImpl.invoke(DelegatingMethodAccessorImpl.java:43)
	at com.kms.katalon.core.main.CustomKeywordDelegatingMetaClass.invokeStaticMethod(CustomKeywordDelegatingMetaClass.java:55)
	... 19 more


18-05-2025T09:29:10 - [TEST_STEP][PASSED] - DataTest.init(): null

18-05-2025T09:29:10 - [TEST_STEP][PASSED] - testCaseId = split("/").last(): null

18-05-2025T09:29:10 - [TEST_STEP][PASSED] - if (!(drivers.Driver.isAppiumRunning())): drivers.Driver.isAppiumRunning is PASSED

18-05-2025T09:29:10 - [MESSAGE][INFO] - Appium running: true

18-05-2025T09:29:10 - [MESSAGE][PASSED] - drivers.Driver.isAppiumRunning is PASSED

18-05-2025T09:29:10 - [TEST_STEP][PASSED] - if (driver == null || driver.getSessionId() == null): null

18-05-2025T09:29:10 - [TEST_STEP][ERROR] - drivers.Driver.openApp(): com.kms.katalon.core.exception.StepErrorException: org.openqa.selenium.WebDriverException: An unknown server-side error occurred while processing the command. Original error: 'POST /elements' cannot be proxied to UiAutomator2 server because the instrumentation process is not running (probably crashed). Check the server log and/or the logcat output for more details
Build info: version: '3.141.59', revision: 'unknown', time: 'unknown'
System info: host: '192.168.1.4.non-exists.ptr.local', ip: '2402:800:63f2:b9ce:1859:4296:77a1:a88d%en0', os.name: 'Mac OS X', os.arch: 'aarch64', os.version: '15.4.1', java.version: '17.0.7'
Driver info: com.kms.katalon.core.appium.driver.SwipeableAndroidDriver
Capabilities {automationName: UiAutomator2, databaseEnabled: false, desired: {automationName: UiAutomator2, deviceName: af0c5cf7, noReset: true, platformName: android, waitForIdleTimeout: 3000}, deviceApiLevel: 35, deviceManufacturer: OPPO, deviceModel: CPH2699, deviceName: af0c5cf7, deviceScreenDensity: 480, deviceScreenSize: 1080x2400, deviceUDID: af0c5cf7, javascriptEnabled: true, locationContextEnabled: false, networkConnectionEnabled: true, noReset: true, pixelRatio: 3, platform: LINUX, platformName: Android, platformVersion: 15, statBarHeight: 120, takesScreenshot: true, viewportRect: {height: 2280, left: 0, top: 120, width: 1080}, waitForIdleTimeout: 3000, warnings: {}, webStorageEnabled: false}
Session ID: c0c10e71-bfa6-42a0-bfc6-9e4517bcdaae
*** Element info: {Using=id, value=com.hdbank.ipaper:id/img_logo}
	at com.kms.katalon.core.main.CustomKeywordDelegatingMetaClass.throwError(CustomKeywordDelegatingMetaClass.java:101)
	at com.kms.katalon.core.main.CustomKeywordDelegatingMetaClass.invokeStaticMethod(CustomKeywordDelegatingMetaClass.java:73)
	at TestListener.beforeTest(TestListener.groovy:39)
	at java.base/jdk.internal.reflect.NativeMethodAccessorImpl.invoke0(Native Method)
	at java.base/jdk.internal.reflect.NativeMethodAccessorImpl.invoke(NativeMethodAccessorImpl.java:77)
	at java.base/jdk.internal.reflect.DelegatingMethodAccessorImpl.invoke(DelegatingMethodAccessorImpl.java:43)
	at com.kms.katalon.core.context.internal.TestHooker.invokeMethod(TestHooker.java:111)
	at com.kms.katalon.core.context.internal.TestHooker.lambda$3(TestHooker.java:95)
	at com.kms.katalon.core.context.internal.TestHooker.invokeContextMethods(TestHooker.java:94)
	at com.kms.katalon.core.context.internal.TestListenerCollector.lambda$3(TestListenerCollector.java:88)
	at com.kms.katalon.core.context.internal.TestListenerCollector.handleListenerEvent(TestListenerCollector.java:85)
	at com.kms.katalon.core.context.internal.ExecutionEventManager.publicEvent(ExecutionEventManager.java:36)
	at com.kms.katalon.core.main.TestCaseExecutor.execute(TestCaseExecutor.java:268)
	at com.kms.katalon.core.common.CommonExecutor.accessTestCaseMainPhase(CommonExecutor.java:65)
	at com.kms.katalon.core.main.TestSuiteExecutor.accessTestSuiteMainPhase(TestSuiteExecutor.java:150)
	at com.kms.katalon.core.main.TestSuiteExecutor.execute(TestSuiteExecutor.java:106)
	at com.kms.katalon.core.main.TestCaseMain.startTestSuite(TestCaseMain.java:180)
	at TempTestSuite1747531571431.run(TempTestSuite1747531571431.groovy:35)
	at java.base/jdk.internal.reflect.NativeMethodAccessorImpl.invoke0(Native Method)
	at java.base/jdk.internal.reflect.NativeMethodAccessorImpl.invoke(NativeMethodAccessorImpl.java:77)
	at java.base/jdk.internal.reflect.DelegatingMethodAccessorImpl.invoke(DelegatingMethodAccessorImpl.java:43)
Caused by: org.openqa.selenium.WebDriverException: An unknown server-side error occurred while processing the command. Original error: 'POST /elements' cannot be proxied to UiAutomator2 server because the instrumentation process is not running (probably crashed). Check the server log and/or the logcat output for more details
Build info: version: '3.141.59', revision: 'unknown', time: 'unknown'
System info: host: '192.168.1.4.non-exists.ptr.local', ip: '2402:800:63f2:b9ce:1859:4296:77a1:a88d%en0', os.name: 'Mac OS X', os.arch: 'aarch64', os.version: '15.4.1', java.version: '17.0.7'
Driver info: com.kms.katalon.core.appium.driver.SwipeableAndroidDriver
Capabilities {automationName: UiAutomator2, databaseEnabled: false, desired: {automationName: UiAutomator2, deviceName: af0c5cf7, noReset: true, platformName: android, waitForIdleTimeout: 3000}, deviceApiLevel: 35, deviceManufacturer: OPPO, deviceModel: CPH2699, deviceName: af0c5cf7, deviceScreenDensity: 480, deviceScreenSize: 1080x2400, deviceUDID: af0c5cf7, javascriptEnabled: true, locationContextEnabled: false, networkConnectionEnabled: true, noReset: true, pixelRatio: 3, platform: LINUX, platformName: Android, platformVersion: 15, statBarHeight: 120, takesScreenshot: true, viewportRect: {height: 2280, left: 0, top: 120, width: 1080}, waitForIdleTimeout: 3000, warnings: {}, webStorageEnabled: false}
Session ID: c0c10e71-bfa6-42a0-bfc6-9e4517bcdaae
*** Element info: {Using=id, value=com.hdbank.ipaper:id/img_logo}
	at jdk.internal.reflect.GeneratedConstructorAccessor30.newInstance(Unknown Source)
	at java.base/jdk.internal.reflect.DelegatingConstructorAccessorImpl.newInstance(DelegatingConstructorAccessorImpl.java:45)
	at org.openqa.selenium.remote.http.W3CHttpResponseCodec.createException(W3CHttpResponseCodec.java:187)
	at org.openqa.selenium.remote.http.W3CHttpResponseCodec.decode(W3CHttpResponseCodec.java:122)
	at org.openqa.selenium.remote.http.W3CHttpResponseCodec.decode(W3CHttpResponseCodec.java:49)
	at org.openqa.selenium.remote.HttpCommandExecutor.execute(HttpCommandExecutor.java:158)
	at io.appium.java_client.remote.AppiumCommandExecutor.execute(AppiumCommandExecutor.java:239)
	at org.openqa.selenium.remote.RemoteWebDriver.execute(RemoteWebDriver.java:552)
	at io.appium.java_client.DefaultGenericMobileDriver.execute(DefaultGenericMobileDriver.java:42)
	at io.appium.java_client.AppiumDriver.execute(AppiumDriver.java:1)
	at io.appium.java_client.android.AndroidDriver.execute(AndroidDriver.java:1)
	at com.kms.katalon.core.appium.driver.SwipeableAndroidDriver.execute(SwipeableAndroidDriver.java:1)
	at org.openqa.selenium.remote.RemoteWebDriver.findElements(RemoteWebDriver.java:353)
	at io.appium.java_client.DefaultGenericMobileDriver.findElements(DefaultGenericMobileDriver.java:54)
	at io.appium.java_client.AppiumDriver.findElements(AppiumDriver.java:152)
	at org.openqa.selenium.remote.RemoteWebDriver.findElementsById(RemoteWebDriver.java:376)
	at io.appium.java_client.DefaultGenericMobileDriver.findElementsById(DefaultGenericMobileDriver.java:66)
	at io.appium.java_client.AppiumDriver.findElementsById(AppiumDriver.java:156)
	at org.openqa.selenium.By$ById.findElements(By.java:180)
	at org.openqa.selenium.remote.RemoteWebDriver.findElements(RemoteWebDriver.java:311)
	at io.appium.java_client.DefaultGenericMobileDriver.findElements(DefaultGenericMobileDriver.java:50)
	at io.appium.java_client.AppiumDriver.findElements(AppiumDriver.java:148)
	at base.BaseKeyword$Trait$Helper$_waitForPresentOf_closure1.doCall(BaseKeyword.groovy:253)
	at jdk.internal.reflect.GeneratedMethodAccessor8.invoke(Unknown Source)
	at java.base/jdk.internal.reflect.DelegatingMethodAccessorImpl.invoke(DelegatingMethodAccessorImpl.java:43)
	at jdk.proxy2/jdk.proxy2.$Proxy34.apply(Unknown Source)
	at org.openqa.selenium.support.ui.FluentWait.until(FluentWait.java:249)
	at base.BaseKeyword$Trait$Helper.waitForPresentOf(BaseKeyword.groovy:252)
	at base.BaseApp.waitForPresentOf(BaseApp.groovy)
	at java.base/jdk.internal.reflect.NativeMethodAccessorImpl.invoke0(Native Method)
	at java.base/jdk.internal.reflect.NativeMethodAccessorImpl.invoke(NativeMethodAccessorImpl.java:77)
	at java.base/jdk.internal.reflect.DelegatingMethodAccessorImpl.invoke(DelegatingMethodAccessorImpl.java:43)
	at base.BaseApp.waitAppLauch(BaseApp.groovy:34)
	at java.base/jdk.internal.reflect.NativeMethodAccessorImpl.invoke0(Native Method)
	at java.base/jdk.internal.reflect.NativeMethodAccessorImpl.invoke(NativeMethodAccessorImpl.java:77)
	at java.base/jdk.internal.reflect.DelegatingMethodAccessorImpl.invoke(DelegatingMethodAccessorImpl.java:43)
	at drivers.Driver.openApp(Driver.groovy:60)
	at java.base/jdk.internal.reflect.NativeMethodAccessorImpl.invoke0(Native Method)
	at java.base/jdk.internal.reflect.NativeMethodAccessorImpl.invoke(NativeMethodAccessorImpl.java:77)
	at java.base/jdk.internal.reflect.DelegatingMethodAccessorImpl.invoke(DelegatingMethodAccessorImpl.java:43)
	at com.kms.katalon.core.main.CustomKeywordDelegatingMetaClass.invokeStaticMethod(CustomKeywordDelegatingMetaClass.java:55)
	... 19 more


18-05-2025T09:29:10 - [MESSAGE][ERROR] - An unknown server-side error occurred while processing the command. Original error: 'POST /elements' cannot be proxied to UiAutomator2 server because the instrumentation process is not running (probably crashed). Check the server log and/or the logcat output for more details
Build info: version: '3.141.59', revision: 'unknown', time: 'unknown'
System info: host: '192.168.1.4.non-exists.ptr.local', ip: '2402:800:63f2:b9ce:1859:4296:77a1:a88d%en0', os.name: 'Mac OS X', os.arch: 'aarch64', os.version: '15.4.1', java.version: '17.0.7'
Driver info: com.kms.katalon.core.appium.driver.SwipeableAndroidDriver
Capabilities {automationName: UiAutomator2, databaseEnabled: false, desired: {automationName: UiAutomator2, deviceName: af0c5cf7, noReset: true, platformName: android, waitForIdleTimeout: 3000}, deviceApiLevel: 35, deviceManufacturer: OPPO, deviceModel: CPH2699, deviceName: af0c5cf7, deviceScreenDensity: 480, deviceScreenSize: 1080x2400, deviceUDID: af0c5cf7, javascriptEnabled: true, locationContextEnabled: false, networkConnectionEnabled: true, noReset: true, pixelRatio: 3, platform: LINUX, platformName: Android, platformVersion: 15, statBarHeight: 120, takesScreenshot: true, viewportRect: {height: 2280, left: 0, top: 120, width: 1080}, waitForIdleTimeout: 3000, warnings: {}, webStorageEnabled: false}
Session ID: c0c10e71-bfa6-42a0-bfc6-9e4517bcdaae
*** Element info: {Using=id, value=com.hdbank.ipaper:id/img_logo}

18-05-2025T09:29:10 - [MESSAGE][ERROR] - com.kms.katalon.core.exception.StepErrorException: org.openqa.selenium.WebDriverException: An unknown server-side error occurred while processing the command. Original error: 'POST /elements' cannot be proxied to UiAutomator2 server because the instrumentation process is not running (probably crashed). Check the server log and/or the logcat output for more details
Build info: version: '3.141.59', revision: 'unknown', time: 'unknown'
System info: host: '192.168.1.4.non-exists.ptr.local', ip: '2402:800:63f2:b9ce:1859:4296:77a1:a88d%en0', os.name: 'Mac OS X', os.arch: 'aarch64', os.version: '15.4.1', java.version: '17.0.7'
Driver info: com.kms.katalon.core.appium.driver.SwipeableAndroidDriver
Capabilities {automationName: UiAutomator2, databaseEnabled: false, desired: {automationName: UiAutomator2, deviceName: af0c5cf7, noReset: true, platformName: android, waitForIdleTimeout: 3000}, deviceApiLevel: 35, deviceManufacturer: OPPO, deviceModel: CPH2699, deviceName: af0c5cf7, deviceScreenDensity: 480, deviceScreenSize: 1080x2400, deviceUDID: af0c5cf7, javascriptEnabled: true, locationContextEnabled: false, networkConnectionEnabled: true, noReset: true, pixelRatio: 3, platform: LINUX, platformName: Android, platformVersion: 15, statBarHeight: 120, takesScreenshot: true, viewportRect: {height: 2280, left: 0, top: 120, width: 1080}, waitForIdleTimeout: 3000, warnings: {}, webStorageEnabled: false}
Session ID: c0c10e71-bfa6-42a0-bfc6-9e4517bcdaae
*** Element info: {Using=id, value=com.hdbank.ipaper:id/img_logo}
	at com.kms.katalon.core.main.CustomKeywordDelegatingMetaClass.throwError(CustomKeywordDelegatingMetaClass.java:101)
	at com.kms.katalon.core.main.CustomKeywordDelegatingMetaClass.invokeStaticMethod(CustomKeywordDelegatingMetaClass.java:73)
	at TestListener.beforeTest(TestListener.groovy:39)
	at java.base/jdk.internal.reflect.NativeMethodAccessorImpl.invoke0(Native Method)
	at java.base/jdk.internal.reflect.NativeMethodAccessorImpl.invoke(NativeMethodAccessorImpl.java:77)
	at java.base/jdk.internal.reflect.DelegatingMethodAccessorImpl.invoke(DelegatingMethodAccessorImpl.java:43)
	at com.kms.katalon.core.context.internal.TestHooker.invokeMethod(TestHooker.java:111)
	at com.kms.katalon.core.context.internal.TestHooker.lambda$3(TestHooker.java:95)
	at com.kms.katalon.core.context.internal.TestHooker.invokeContextMethods(TestHooker.java:94)
	at com.kms.katalon.core.context.internal.TestListenerCollector.lambda$3(TestListenerCollector.java:88)
	at com.kms.katalon.core.context.internal.TestListenerCollector.handleListenerEvent(TestListenerCollector.java:85)
	at com.kms.katalon.core.context.internal.ExecutionEventManager.publicEvent(ExecutionEventManager.java:36)
	at com.kms.katalon.core.main.TestCaseExecutor.execute(TestCaseExecutor.java:268)
	at com.kms.katalon.core.common.CommonExecutor.accessTestCaseMainPhase(CommonExecutor.java:65)
	at com.kms.katalon.core.main.TestSuiteExecutor.accessTestSuiteMainPhase(TestSuiteExecutor.java:150)
	at com.kms.katalon.core.main.TestSuiteExecutor.execute(TestSuiteExecutor.java:106)
	at com.kms.katalon.core.main.TestCaseMain.startTestSuite(TestCaseMain.java:180)
	at TempTestSuite1747531571431.run(TempTestSuite1747531571431.groovy:35)
	at java.base/jdk.internal.reflect.NativeMethodAccessorImpl.invoke0(Native Method)
	at java.base/jdk.internal.reflect.NativeMethodAccessorImpl.invoke(NativeMethodAccessorImpl.java:77)
	at java.base/jdk.internal.reflect.DelegatingMethodAccessorImpl.invoke(DelegatingMethodAccessorImpl.java:43)
Caused by: org.openqa.selenium.WebDriverException: An unknown server-side error occurred while processing the command. Original error: 'POST /elements' cannot be proxied to UiAutomator2 server because the instrumentation process is not running (probably crashed). Check the server log and/or the logcat output for more details
Build info: version: '3.141.59', revision: 'unknown', time: 'unknown'
System info: host: '192.168.1.4.non-exists.ptr.local', ip: '2402:800:63f2:b9ce:1859:4296:77a1:a88d%en0', os.name: 'Mac OS X', os.arch: 'aarch64', os.version: '15.4.1', java.version: '17.0.7'
Driver info: com.kms.katalon.core.appium.driver.SwipeableAndroidDriver
Capabilities {automationName: UiAutomator2, databaseEnabled: false, desired: {automationName: UiAutomator2, deviceName: af0c5cf7, noReset: true, platformName: android, waitForIdleTimeout: 3000}, deviceApiLevel: 35, deviceManufacturer: OPPO, deviceModel: CPH2699, deviceName: af0c5cf7, deviceScreenDensity: 480, deviceScreenSize: 1080x2400, deviceUDID: af0c5cf7, javascriptEnabled: true, locationContextEnabled: false, networkConnectionEnabled: true, noReset: true, pixelRatio: 3, platform: LINUX, platformName: Android, platformVersion: 15, statBarHeight: 120, takesScreenshot: true, viewportRect: {height: 2280, left: 0, top: 120, width: 1080}, waitForIdleTimeout: 3000, warnings: {}, webStorageEnabled: false}
Session ID: c0c10e71-bfa6-42a0-bfc6-9e4517bcdaae
*** Element info: {Using=id, value=com.hdbank.ipaper:id/img_logo}
	at jdk.internal.reflect.GeneratedConstructorAccessor30.newInstance(Unknown Source)
	at java.base/jdk.internal.reflect.DelegatingConstructorAccessorImpl.newInstance(DelegatingConstructorAccessorImpl.java:45)
	at org.openqa.selenium.remote.http.W3CHttpResponseCodec.createException(W3CHttpResponseCodec.java:187)
	at org.openqa.selenium.remote.http.W3CHttpResponseCodec.decode(W3CHttpResponseCodec.java:122)
	at org.openqa.selenium.remote.http.W3CHttpResponseCodec.decode(W3CHttpResponseCodec.java:49)
	at org.openqa.selenium.remote.HttpCommandExecutor.execute(HttpCommandExecutor.java:158)
	at io.appium.java_client.remote.AppiumCommandExecutor.execute(AppiumCommandExecutor.java:239)
	at org.openqa.selenium.remote.RemoteWebDriver.execute(RemoteWebDriver.java:552)
	at io.appium.java_client.DefaultGenericMobileDriver.execute(DefaultGenericMobileDriver.java:42)
	at io.appium.java_client.AppiumDriver.execute(AppiumDriver.java:1)
	at io.appium.java_client.android.AndroidDriver.execute(AndroidDriver.java:1)
	at com.kms.katalon.core.appium.driver.SwipeableAndroidDriver.execute(SwipeableAndroidDriver.java:1)
	at org.openqa.selenium.remote.RemoteWebDriver.findElements(RemoteWebDriver.java:353)
	at io.appium.java_client.DefaultGenericMobileDriver.findElements(DefaultGenericMobileDriver.java:54)
	at io.appium.java_client.AppiumDriver.findElements(AppiumDriver.java:152)
	at org.openqa.selenium.remote.RemoteWebDriver.findElementsById(RemoteWebDriver.java:376)
	at io.appium.java_client.DefaultGenericMobileDriver.findElementsById(DefaultGenericMobileDriver.java:66)
	at io.appium.java_client.AppiumDriver.findElementsById(AppiumDriver.java:156)
	at org.openqa.selenium.By$ById.findElements(By.java:180)
	at org.openqa.selenium.remote.RemoteWebDriver.findElements(RemoteWebDriver.java:311)
	at io.appium.java_client.DefaultGenericMobileDriver.findElements(DefaultGenericMobileDriver.java:50)
	at io.appium.java_client.AppiumDriver.findElements(AppiumDriver.java:148)
	at base.BaseKeyword$Trait$Helper$_waitForPresentOf_closure1.doCall(BaseKeyword.groovy:253)
	at jdk.internal.reflect.GeneratedMethodAccessor8.invoke(Unknown Source)
	at java.base/jdk.internal.reflect.DelegatingMethodAccessorImpl.invoke(DelegatingMethodAccessorImpl.java:43)
	at jdk.proxy2/jdk.proxy2.$Proxy34.apply(Unknown Source)
	at org.openqa.selenium.support.ui.FluentWait.until(FluentWait.java:249)
	at base.BaseKeyword$Trait$Helper.waitForPresentOf(BaseKeyword.groovy:252)
	at base.BaseApp.waitForPresentOf(BaseApp.groovy)
	at java.base/jdk.internal.reflect.NativeMethodAccessorImpl.invoke0(Native Method)
	at java.base/jdk.internal.reflect.NativeMethodAccessorImpl.invoke(NativeMethodAccessorImpl.java:77)
	at java.base/jdk.internal.reflect.DelegatingMethodAccessorImpl.invoke(DelegatingMethodAccessorImpl.java:43)
	at base.BaseApp.waitAppLauch(BaseApp.groovy:34)
	at java.base/jdk.internal.reflect.NativeMethodAccessorImpl.invoke0(Native Method)
	at java.base/jdk.internal.reflect.NativeMethodAccessorImpl.invoke(NativeMethodAccessorImpl.java:77)
	at java.base/jdk.internal.reflect.DelegatingMethodAccessorImpl.invoke(DelegatingMethodAccessorImpl.java:43)
	at drivers.Driver.openApp(Driver.groovy:60)
	at java.base/jdk.internal.reflect.NativeMethodAccessorImpl.invoke0(Native Method)
	at java.base/jdk.internal.reflect.NativeMethodAccessorImpl.invoke(NativeMethodAccessorImpl.java:77)
	at java.base/jdk.internal.reflect.DelegatingMethodAccessorImpl.invoke(DelegatingMethodAccessorImpl.java:43)
	at com.kms.katalon.core.main.CustomKeywordDelegatingMetaClass.invokeStaticMethod(CustomKeywordDelegatingMetaClass.java:55)
	... 19 more


18-05-2025T09:29:10 - [TEST_STEP][PASSED] - REQUEST_NAME = "Trình ký PDF có sẵn": null

18-05-2025T09:29:10 - [TEST_STEP][PASSED] - STATUS = "Đang đợi xử lý": null

18-05-2025T09:29:10 - [TEST_STEP][PASSED] - TO_DAY = SimpleDateFormat(dd/MM/yyyy).format(new java.util.Date()): null

18-05-2025T09:29:10 - [TEST_STEP][PASSED] - ERROR_MESSAGE = "Vui lòng nhập Email người nhận": null

18-05-2025T09:29:10 - [TEST_STEP][PASSED] - documentTitle = "Trình ký " + System.currentTimeMillis(): null

18-05-2025T09:29:10 - [TEST_STEP][PASSED] - auto5 = DataTest.getUserTest("auto5"): null

18-05-2025T09:29:10 - [TEST_STEP][PASSED] - auto6 = DataTest.getUserTest("auto6"): null

18-05-2025T09:29:10 - [TEST_STEP][PASSED] - auto7 = DataTest.getUserTest("auto7"): null

18-05-2025T09:29:10 - [TEST_STEP][PASSED] - document = DataTest.createDocumentTest(auto5, auto6, auto7, "dummy.pdf", "dummy.pdf"): null

18-05-2025T09:29:10 - [TEST_STEP][ERROR] - loginScreen.login(auto5): Test Cases/IPAPER APP/003 TAO YEU CAU KHONG CO ASSIGNER FAILED.
Reason:
org.openqa.selenium.WebDriverException: An unknown server-side error occurred while processing the command. Original error: 'POST /elements' cannot be proxied to UiAutomator2 server because the instrumentation process is not running (probably crashed). Check the server log and/or the logcat output for more details
Build info: version: '3.141.59', revision: 'unknown', time: 'unknown'
System info: host: '192.168.1.4.non-exists.ptr.local', ip: '2402:800:63f2:b9ce:1859:4296:77a1:a88d%en0', os.name: 'Mac OS X', os.arch: 'aarch64', os.version: '15.4.1', java.version: '17.0.7'
Driver info: com.kms.katalon.core.appium.driver.SwipeableAndroidDriver
Capabilities {automationName: UiAutomator2, databaseEnabled: false, desired: {automationName: UiAutomator2, deviceName: af0c5cf7, noReset: true, platformName: android, waitForIdleTimeout: 3000}, deviceApiLevel: 35, deviceManufacturer: OPPO, deviceModel: CPH2699, deviceName: af0c5cf7, deviceScreenDensity: 480, deviceScreenSize: 1080x2400, deviceUDID: af0c5cf7, javascriptEnabled: true, locationContextEnabled: false, networkConnectionEnabled: true, noReset: true, pixelRatio: 3, platform: LINUX, platformName: Android, platformVersion: 15, statBarHeight: 120, takesScreenshot: true, viewportRect: {height: 2280, left: 0, top: 120, width: 1080}, waitForIdleTimeout: 3000, warnings: {}, webStorageEnabled: false}
Session ID: c0c10e71-bfa6-42a0-bfc6-9e4517bcdaae
*** Element info: {Using=xpath, value=//android.widget.EditText[@resource-id='com.hdbank.ipaper:id/edit_text_user_name']}
	at jdk.internal.reflect.GeneratedConstructorAccessor30.newInstance(Unknown Source)
	at java.base/jdk.internal.reflect.DelegatingConstructorAccessorImpl.newInstance(DelegatingConstructorAccessorImpl.java:45)
	at org.openqa.selenium.remote.http.W3CHttpResponseCodec.createException(W3CHttpResponseCodec.java:187)
	at org.openqa.selenium.remote.http.W3CHttpResponseCodec.decode(W3CHttpResponseCodec.java:122)
	at org.openqa.selenium.remote.http.W3CHttpResponseCodec.decode(W3CHttpResponseCodec.java:49)
	at org.openqa.selenium.remote.HttpCommandExecutor.execute(HttpCommandExecutor.java:158)
	at io.appium.java_client.remote.AppiumCommandExecutor.execute(AppiumCommandExecutor.java:239)
	at org.openqa.selenium.remote.RemoteWebDriver.execute(RemoteWebDriver.java:552)
	at io.appium.java_client.DefaultGenericMobileDriver.execute(DefaultGenericMobileDriver.java:42)
	at io.appium.java_client.AppiumDriver.execute(AppiumDriver.java:1)
	at io.appium.java_client.android.AndroidDriver.execute(AndroidDriver.java:1)
	at com.kms.katalon.core.appium.driver.SwipeableAndroidDriver.execute(SwipeableAndroidDriver.java:1)
	at org.openqa.selenium.remote.RemoteWebDriver.findElements(RemoteWebDriver.java:353)
	at io.appium.java_client.DefaultGenericMobileDriver.findElements(DefaultGenericMobileDriver.java:54)
	at io.appium.java_client.AppiumDriver.findElements(AppiumDriver.java:152)
	at org.openqa.selenium.remote.RemoteWebDriver.findElementsByXPath(RemoteWebDriver.java:432)
	at io.appium.java_client.DefaultGenericMobileDriver.findElementsByXPath(DefaultGenericMobileDriver.java:156)
	at io.appium.java_client.AppiumDriver.findElementsByXPath(AppiumDriver.java:184)
	at org.openqa.selenium.By$ByXPath.findElements(By.java:348)
	at org.openqa.selenium.remote.RemoteWebDriver.findElements(RemoteWebDriver.java:311)
	at io.appium.java_client.DefaultGenericMobileDriver.findElements(DefaultGenericMobileDriver.java:50)
	at io.appium.java_client.AppiumDriver.findElements(AppiumDriver.java:148)
	at base.BaseKeyword$Trait$Helper.isDisplayed(BaseKeyword.groovy:234)
	at screens.LoginScreen.isDisplayed(LoginScreen.groovy)
	at base.BaseKeyword$Trait$Helper.isDisplayed(BaseKeyword.groovy:229)
	at screens.LoginScreen.isDisplayed(LoginScreen.groovy)
	at screens.LoginScreen.isGuest(LoginScreen.groovy:34)
	at screens.LoginScreen.login(LoginScreen.groovy:10)
	at 003 TAO YEU CAU KHONG CO ASSIGNER.run(003 TAO YEU CAU KHONG CO ASSIGNER:29)
	at com.kms.katalon.core.main.ScriptEngine.run(ScriptEngine.java:194)
	at com.kms.katalon.core.main.ScriptEngine.runScriptAsRawText(ScriptEngine.java:119)
	at com.kms.katalon.core.main.TestCaseExecutor.runScript(TestCaseExecutor.java:448)
	at com.kms.katalon.core.main.TestCaseExecutor.doExecute(TestCaseExecutor.java:439)
	at com.kms.katalon.core.main.TestCaseExecutor.processExecutionPhase(TestCaseExecutor.java:418)
	at com.kms.katalon.core.main.TestCaseExecutor.accessMainPhase(TestCaseExecutor.java:410)
	at com.kms.katalon.core.main.TestCaseExecutor.execute(TestCaseExecutor.java:285)
	at com.kms.katalon.core.common.CommonExecutor.accessTestCaseMainPhase(CommonExecutor.java:65)
	at com.kms.katalon.core.main.TestSuiteExecutor.accessTestSuiteMainPhase(TestSuiteExecutor.java:150)
	at com.kms.katalon.core.main.TestSuiteExecutor.execute(TestSuiteExecutor.java:106)
	at com.kms.katalon.core.main.TestCaseMain.startTestSuite(TestCaseMain.java:180)
	at TempTestSuite1747531571431.run(TempTestSuite1747531571431.groovy:35)
	at java.base/jdk.internal.reflect.NativeMethodAccessorImpl.invoke0(Native Method)
	at java.base/jdk.internal.reflect.NativeMethodAccessorImpl.invoke(NativeMethodAccessorImpl.java:77)
	at java.base/jdk.internal.reflect.DelegatingMethodAccessorImpl.invoke(DelegatingMethodAccessorImpl.java:43)


18-05-2025T09:29:10 - [MESSAGE][ERROR] - Test Cases/IPAPER APP/003 TAO YEU CAU KHONG CO ASSIGNER FAILED.
Reason:
org.openqa.selenium.WebDriverException: An unknown server-side error occurred while processing the command. Original error: 'POST /elements' cannot be proxied to UiAutomator2 server because the instrumentation process is not running (probably crashed). Check the server log and/or the logcat output for more details
Build info: version: '3.141.59', revision: 'unknown', time: 'unknown'
System info: host: '192.168.1.4.non-exists.ptr.local', ip: '2402:800:63f2:b9ce:1859:4296:77a1:a88d%en0', os.name: 'Mac OS X', os.arch: 'aarch64', os.version: '15.4.1', java.version: '17.0.7'
Driver info: com.kms.katalon.core.appium.driver.SwipeableAndroidDriver
Capabilities {automationName: UiAutomator2, databaseEnabled: false, desired: {automationName: UiAutomator2, deviceName: af0c5cf7, noReset: true, platformName: android, waitForIdleTimeout: 3000}, deviceApiLevel: 35, deviceManufacturer: OPPO, deviceModel: CPH2699, deviceName: af0c5cf7, deviceScreenDensity: 480, deviceScreenSize: 1080x2400, deviceUDID: af0c5cf7, javascriptEnabled: true, locationContextEnabled: false, networkConnectionEnabled: true, noReset: true, pixelRatio: 3, platform: LINUX, platformName: Android, platformVersion: 15, statBarHeight: 120, takesScreenshot: true, viewportRect: {height: 2280, left: 0, top: 120, width: 1080}, waitForIdleTimeout: 3000, warnings: {}, webStorageEnabled: false}
Session ID: c0c10e71-bfa6-42a0-bfc6-9e4517bcdaae
*** Element info: {Using=xpath, value=//android.widget.EditText[@resource-id='com.hdbank.ipaper:id/edit_text_user_name']}
	at jdk.internal.reflect.GeneratedConstructorAccessor30.newInstance(Unknown Source)
	at java.base/jdk.internal.reflect.DelegatingConstructorAccessorImpl.newInstance(DelegatingConstructorAccessorImpl.java:45)
	at org.openqa.selenium.remote.http.W3CHttpResponseCodec.createException(W3CHttpResponseCodec.java:187)
	at org.openqa.selenium.remote.http.W3CHttpResponseCodec.decode(W3CHttpResponseCodec.java:122)
	at org.openqa.selenium.remote.http.W3CHttpResponseCodec.decode(W3CHttpResponseCodec.java:49)
	at org.openqa.selenium.remote.HttpCommandExecutor.execute(HttpCommandExecutor.java:158)
	at io.appium.java_client.remote.AppiumCommandExecutor.execute(AppiumCommandExecutor.java:239)
	at org.openqa.selenium.remote.RemoteWebDriver.execute(RemoteWebDriver.java:552)
	at io.appium.java_client.DefaultGenericMobileDriver.execute(DefaultGenericMobileDriver.java:42)
	at io.appium.java_client.AppiumDriver.execute(AppiumDriver.java:1)
	at io.appium.java_client.android.AndroidDriver.execute(AndroidDriver.java:1)
	at com.kms.katalon.core.appium.driver.SwipeableAndroidDriver.execute(SwipeableAndroidDriver.java:1)
	at org.openqa.selenium.remote.RemoteWebDriver.findElements(RemoteWebDriver.java:353)
	at io.appium.java_client.DefaultGenericMobileDriver.findElements(DefaultGenericMobileDriver.java:54)
	at io.appium.java_client.AppiumDriver.findElements(AppiumDriver.java:152)
	at org.openqa.selenium.remote.RemoteWebDriver.findElementsByXPath(RemoteWebDriver.java:432)
	at io.appium.java_client.DefaultGenericMobileDriver.findElementsByXPath(DefaultGenericMobileDriver.java:156)
	at io.appium.java_client.AppiumDriver.findElementsByXPath(AppiumDriver.java:184)
	at org.openqa.selenium.By$ByXPath.findElements(By.java:348)
	at org.openqa.selenium.remote.RemoteWebDriver.findElements(RemoteWebDriver.java:311)
	at io.appium.java_client.DefaultGenericMobileDriver.findElements(DefaultGenericMobileDriver.java:50)
	at io.appium.java_client.AppiumDriver.findElements(AppiumDriver.java:148)
	at base.BaseKeyword$Trait$Helper.isDisplayed(BaseKeyword.groovy:234)
	at screens.LoginScreen.isDisplayed(LoginScreen.groovy)
	at base.BaseKeyword$Trait$Helper.isDisplayed(BaseKeyword.groovy:229)
	at screens.LoginScreen.isDisplayed(LoginScreen.groovy)
	at screens.LoginScreen.isGuest(LoginScreen.groovy:34)
	at screens.LoginScreen.login(LoginScreen.groovy:10)
	at 003 TAO YEU CAU KHONG CO ASSIGNER.run(003 TAO YEU CAU KHONG CO ASSIGNER:29)
	at com.kms.katalon.core.main.ScriptEngine.run(ScriptEngine.java:194)
	at com.kms.katalon.core.main.ScriptEngine.runScriptAsRawText(ScriptEngine.java:119)
	at com.kms.katalon.core.main.TestCaseExecutor.runScript(TestCaseExecutor.java:448)
	at com.kms.katalon.core.main.TestCaseExecutor.doExecute(TestCaseExecutor.java:439)
	at com.kms.katalon.core.main.TestCaseExecutor.processExecutionPhase(TestCaseExecutor.java:418)
	at com.kms.katalon.core.main.TestCaseExecutor.accessMainPhase(TestCaseExecutor.java:410)
	at com.kms.katalon.core.main.TestCaseExecutor.execute(TestCaseExecutor.java:285)
	at com.kms.katalon.core.common.CommonExecutor.accessTestCaseMainPhase(CommonExecutor.java:65)
	at com.kms.katalon.core.main.TestSuiteExecutor.accessTestSuiteMainPhase(TestSuiteExecutor.java:150)
	at com.kms.katalon.core.main.TestSuiteExecutor.execute(TestSuiteExecutor.java:106)
	at com.kms.katalon.core.main.TestCaseMain.startTestSuite(TestCaseMain.java:180)
	at TempTestSuite1747531571431.run(TempTestSuite1747531571431.groovy:35)
	at java.base/jdk.internal.reflect.NativeMethodAccessorImpl.invoke0(Native Method)
	at java.base/jdk.internal.reflect.NativeMethodAccessorImpl.invoke(NativeMethodAccessorImpl.java:77)
	at java.base/jdk.internal.reflect.DelegatingMethodAccessorImpl.invoke(DelegatingMethodAccessorImpl.java:43)


18-05-2025T09:29:10 - [TEST_STEP][ERROR] - Start listener action : afterTest: com.kms.katalon.core.exception.StepFailedException: Unable to take screenshot
	at com.kms.katalon.core.mobile.keyword.internal.MobileKeywordMain.stepFailed(MobileKeywordMain.groovy:64)
	at com.kms.katalon.core.mobile.keyword.internal.MobileKeywordMain.runKeyword(MobileKeywordMain.groovy:34)
	at com.kms.katalon.core.mobile.keyword.builtin.TakeScreenshotKeyword.takeScreenshot(TakeScreenshotKeyword.groovy:94)
	at com.kms.katalon.core.mobile.keyword.builtin.TakeScreenshotKeyword.execute(TakeScreenshotKeyword.groovy:54)
	at com.kms.katalon.core.keyword.internal.KeywordExecutor.executeKeywordForPlatform(KeywordExecutor.groovy:74)
	at com.kms.katalon.core.mobile.keyword.MobileBuiltInKeywords.takeScreenshot(MobileBuiltInKeywords.groovy:218)
	at TestListener.afterTest(TestListener.groovy:45)
	at java.base/jdk.internal.reflect.NativeMethodAccessorImpl.invoke0(Native Method)
	at java.base/jdk.internal.reflect.NativeMethodAccessorImpl.invoke(NativeMethodAccessorImpl.java:77)
	at java.base/jdk.internal.reflect.DelegatingMethodAccessorImpl.invoke(DelegatingMethodAccessorImpl.java:43)
	at com.kms.katalon.core.context.internal.TestHooker.invokeMethod(TestHooker.java:111)
	at com.kms.katalon.core.context.internal.TestHooker.lambda$3(TestHooker.java:95)
	at com.kms.katalon.core.context.internal.TestHooker.invokeContextMethods(TestHooker.java:94)
	at com.kms.katalon.core.context.internal.TestListenerCollector.lambda$3(TestListenerCollector.java:88)
	at com.kms.katalon.core.context.internal.TestListenerCollector.handleListenerEvent(TestListenerCollector.java:85)
	at com.kms.katalon.core.context.internal.ExecutionEventManager.publicEvent(ExecutionEventManager.java:36)
	at com.kms.katalon.core.main.TestCaseExecutor.execute(TestCaseExecutor.java:315)
	at com.kms.katalon.core.common.CommonExecutor.accessTestCaseMainPhase(CommonExecutor.java:65)
	at com.kms.katalon.core.main.TestSuiteExecutor.accessTestSuiteMainPhase(TestSuiteExecutor.java:150)
	at com.kms.katalon.core.main.TestSuiteExecutor.execute(TestSuiteExecutor.java:106)
	at com.kms.katalon.core.main.TestCaseMain.startTestSuite(TestCaseMain.java:180)
	at TempTestSuite1747531571431.run(TempTestSuite1747531571431.groovy:35)
	at java.base/jdk.internal.reflect.NativeMethodAccessorImpl.invoke0(Native Method)
	at java.base/jdk.internal.reflect.NativeMethodAccessorImpl.invoke(NativeMethodAccessorImpl.java:77)
	at java.base/jdk.internal.reflect.DelegatingMethodAccessorImpl.invoke(DelegatingMethodAccessorImpl.java:43)
Caused by: org.openqa.selenium.WebDriverException: An unknown server-side error occurred while processing the command. Original error: 'GET /screenshot' cannot be proxied to UiAutomator2 server because the instrumentation process is not running (probably crashed). Check the server log and/or the logcat output for more details
Build info: version: '3.141.59', revision: 'unknown', time: 'unknown'
System info: host: '192.168.1.4.non-exists.ptr.local', ip: '2402:800:63f2:b9ce:1859:4296:77a1:a88d%en0', os.name: 'Mac OS X', os.arch: 'aarch64', os.version: '15.4.1', java.version: '17.0.7'
Driver info: com.kms.katalon.core.appium.driver.SwipeableAndroidDriver
Capabilities {automationName: UiAutomator2, databaseEnabled: false, desired: {automationName: UiAutomator2, deviceName: af0c5cf7, noReset: true, platformName: android, waitForIdleTimeout: 3000}, deviceApiLevel: 35, deviceManufacturer: OPPO, deviceModel: CPH2699, deviceName: af0c5cf7, deviceScreenDensity: 480, deviceScreenSize: 1080x2400, deviceUDID: af0c5cf7, javascriptEnabled: true, locationContextEnabled: false, networkConnectionEnabled: true, noReset: true, pixelRatio: 3, platform: LINUX, platformName: Android, platformVersion: 15, statBarHeight: 120, takesScreenshot: true, viewportRect: {height: 2280, left: 0, top: 120, width: 1080}, waitForIdleTimeout: 3000, warnings: {}, webStorageEnabled: false}
Session ID: c0c10e71-bfa6-42a0-bfc6-9e4517bcdaae
	at jdk.internal.reflect.GeneratedConstructorAccessor30.newInstance(Unknown Source)
	at java.base/jdk.internal.reflect.DelegatingConstructorAccessorImpl.newInstance(DelegatingConstructorAccessorImpl.java:45)
	at org.openqa.selenium.remote.http.W3CHttpResponseCodec.createException(W3CHttpResponseCodec.java:187)
	at org.openqa.selenium.remote.http.W3CHttpResponseCodec.decode(W3CHttpResponseCodec.java:122)
	at org.openqa.selenium.remote.http.W3CHttpResponseCodec.decode(W3CHttpResponseCodec.java:49)
	at org.openqa.selenium.remote.HttpCommandExecutor.execute(HttpCommandExecutor.java:158)
	at io.appium.java_client.remote.AppiumCommandExecutor.execute(AppiumCommandExecutor.java:239)
	at org.openqa.selenium.remote.RemoteWebDriver.execute(RemoteWebDriver.java:552)
	at io.appium.java_client.DefaultGenericMobileDriver.execute(DefaultGenericMobileDriver.java:46)
	at io.appium.java_client.AppiumDriver.execute(AppiumDriver.java:1)
	at io.appium.java_client.android.AndroidDriver.execute(AndroidDriver.java:1)
	at com.kms.katalon.core.appium.driver.SwipeableAndroidDriver.execute(SwipeableAndroidDriver.java:1)
	at org.openqa.selenium.remote.RemoteWebDriver.getScreenshotAs(RemoteWebDriver.java:295)
	at com.kms.katalon.core.mobile.helper.MobileScreenCaptor.takeScreenshot(MobileScreenCaptor.java:109)
	at com.kms.katalon.core.mobile.keyword.builtin.TakeScreenshotKeyword$_takeScreenshot_closure1.doCall(TakeScreenshotKeyword.groovy:110)
	at com.kms.katalon.core.mobile.keyword.builtin.TakeScreenshotKeyword$_takeScreenshot_closure1.call(TakeScreenshotKeyword.groovy)
	at com.kms.katalon.core.mobile.keyword.internal.MobileKeywordMain.runKeyword(MobileKeywordMain.groovy:30)
	... 23 more


18-05-2025T09:29:10 - [TEST_STEP][ERROR] - if (testCaseStatus != "PASSED"): com.kms.katalon.core.exception.StepFailedException: Unable to take screenshot
	at com.kms.katalon.core.mobile.keyword.internal.MobileKeywordMain.stepFailed(MobileKeywordMain.groovy:64)
	at com.kms.katalon.core.mobile.keyword.internal.MobileKeywordMain.runKeyword(MobileKeywordMain.groovy:34)
	at com.kms.katalon.core.mobile.keyword.builtin.TakeScreenshotKeyword.takeScreenshot(TakeScreenshotKeyword.groovy:94)
	at com.kms.katalon.core.mobile.keyword.builtin.TakeScreenshotKeyword.execute(TakeScreenshotKeyword.groovy:54)
	at com.kms.katalon.core.keyword.internal.KeywordExecutor.executeKeywordForPlatform(KeywordExecutor.groovy:74)
	at com.kms.katalon.core.mobile.keyword.MobileBuiltInKeywords.takeScreenshot(MobileBuiltInKeywords.groovy:218)
	at TestListener.afterTest(TestListener.groovy:45)
	at java.base/jdk.internal.reflect.NativeMethodAccessorImpl.invoke0(Native Method)
	at java.base/jdk.internal.reflect.NativeMethodAccessorImpl.invoke(NativeMethodAccessorImpl.java:77)
	at java.base/jdk.internal.reflect.DelegatingMethodAccessorImpl.invoke(DelegatingMethodAccessorImpl.java:43)
	at com.kms.katalon.core.context.internal.TestHooker.invokeMethod(TestHooker.java:111)
	at com.kms.katalon.core.context.internal.TestHooker.lambda$3(TestHooker.java:95)
	at com.kms.katalon.core.context.internal.TestHooker.invokeContextMethods(TestHooker.java:94)
	at com.kms.katalon.core.context.internal.TestListenerCollector.lambda$3(TestListenerCollector.java:88)
	at com.kms.katalon.core.context.internal.TestListenerCollector.handleListenerEvent(TestListenerCollector.java:85)
	at com.kms.katalon.core.context.internal.ExecutionEventManager.publicEvent(ExecutionEventManager.java:36)
	at com.kms.katalon.core.main.TestCaseExecutor.execute(TestCaseExecutor.java:315)
	at com.kms.katalon.core.common.CommonExecutor.accessTestCaseMainPhase(CommonExecutor.java:65)
	at com.kms.katalon.core.main.TestSuiteExecutor.accessTestSuiteMainPhase(TestSuiteExecutor.java:150)
	at com.kms.katalon.core.main.TestSuiteExecutor.execute(TestSuiteExecutor.java:106)
	at com.kms.katalon.core.main.TestCaseMain.startTestSuite(TestCaseMain.java:180)
	at TempTestSuite1747531571431.run(TempTestSuite1747531571431.groovy:35)
	at java.base/jdk.internal.reflect.NativeMethodAccessorImpl.invoke0(Native Method)
	at java.base/jdk.internal.reflect.NativeMethodAccessorImpl.invoke(NativeMethodAccessorImpl.java:77)
	at java.base/jdk.internal.reflect.DelegatingMethodAccessorImpl.invoke(DelegatingMethodAccessorImpl.java:43)
Caused by: org.openqa.selenium.WebDriverException: An unknown server-side error occurred while processing the command. Original error: 'GET /screenshot' cannot be proxied to UiAutomator2 server because the instrumentation process is not running (probably crashed). Check the server log and/or the logcat output for more details
Build info: version: '3.141.59', revision: 'unknown', time: 'unknown'
System info: host: '192.168.1.4.non-exists.ptr.local', ip: '2402:800:63f2:b9ce:1859:4296:77a1:a88d%en0', os.name: 'Mac OS X', os.arch: 'aarch64', os.version: '15.4.1', java.version: '17.0.7'
Driver info: com.kms.katalon.core.appium.driver.SwipeableAndroidDriver
Capabilities {automationName: UiAutomator2, databaseEnabled: false, desired: {automationName: UiAutomator2, deviceName: af0c5cf7, noReset: true, platformName: android, waitForIdleTimeout: 3000}, deviceApiLevel: 35, deviceManufacturer: OPPO, deviceModel: CPH2699, deviceName: af0c5cf7, deviceScreenDensity: 480, deviceScreenSize: 1080x2400, deviceUDID: af0c5cf7, javascriptEnabled: true, locationContextEnabled: false, networkConnectionEnabled: true, noReset: true, pixelRatio: 3, platform: LINUX, platformName: Android, platformVersion: 15, statBarHeight: 120, takesScreenshot: true, viewportRect: {height: 2280, left: 0, top: 120, width: 1080}, waitForIdleTimeout: 3000, warnings: {}, webStorageEnabled: false}
Session ID: c0c10e71-bfa6-42a0-bfc6-9e4517bcdaae
	at jdk.internal.reflect.GeneratedConstructorAccessor30.newInstance(Unknown Source)
	at java.base/jdk.internal.reflect.DelegatingConstructorAccessorImpl.newInstance(DelegatingConstructorAccessorImpl.java:45)
	at org.openqa.selenium.remote.http.W3CHttpResponseCodec.createException(W3CHttpResponseCodec.java:187)
	at org.openqa.selenium.remote.http.W3CHttpResponseCodec.decode(W3CHttpResponseCodec.java:122)
	at org.openqa.selenium.remote.http.W3CHttpResponseCodec.decode(W3CHttpResponseCodec.java:49)
	at org.openqa.selenium.remote.HttpCommandExecutor.execute(HttpCommandExecutor.java:158)
	at io.appium.java_client.remote.AppiumCommandExecutor.execute(AppiumCommandExecutor.java:239)
	at org.openqa.selenium.remote.RemoteWebDriver.execute(RemoteWebDriver.java:552)
	at io.appium.java_client.DefaultGenericMobileDriver.execute(DefaultGenericMobileDriver.java:46)
	at io.appium.java_client.AppiumDriver.execute(AppiumDriver.java:1)
	at io.appium.java_client.android.AndroidDriver.execute(AndroidDriver.java:1)
	at com.kms.katalon.core.appium.driver.SwipeableAndroidDriver.execute(SwipeableAndroidDriver.java:1)
	at org.openqa.selenium.remote.RemoteWebDriver.getScreenshotAs(RemoteWebDriver.java:295)
	at com.kms.katalon.core.mobile.helper.MobileScreenCaptor.takeScreenshot(MobileScreenCaptor.java:109)
	at com.kms.katalon.core.mobile.keyword.builtin.TakeScreenshotKeyword$_takeScreenshot_closure1.doCall(TakeScreenshotKeyword.groovy:110)
	at com.kms.katalon.core.mobile.keyword.builtin.TakeScreenshotKeyword$_takeScreenshot_closure1.call(TakeScreenshotKeyword.groovy)
	at com.kms.katalon.core.mobile.keyword.internal.MobileKeywordMain.runKeyword(MobileKeywordMain.groovy:30)
	... 23 more


18-05-2025T09:29:10 - [TEST_STEP][ERROR] - takeScreenshot(ErrorScreen/$GlobalVariable.PLATFORM/$testCaseContext.getTestCaseId().png): com.kms.katalon.core.exception.StepFailedException: Unable to take screenshot
	at com.kms.katalon.core.mobile.keyword.internal.MobileKeywordMain.stepFailed(MobileKeywordMain.groovy:64)
	at com.kms.katalon.core.mobile.keyword.internal.MobileKeywordMain.runKeyword(MobileKeywordMain.groovy:34)
	at com.kms.katalon.core.mobile.keyword.builtin.TakeScreenshotKeyword.takeScreenshot(TakeScreenshotKeyword.groovy:94)
	at com.kms.katalon.core.mobile.keyword.builtin.TakeScreenshotKeyword.execute(TakeScreenshotKeyword.groovy:54)
	at com.kms.katalon.core.keyword.internal.KeywordExecutor.executeKeywordForPlatform(KeywordExecutor.groovy:74)
	at com.kms.katalon.core.mobile.keyword.MobileBuiltInKeywords.takeScreenshot(MobileBuiltInKeywords.groovy:218)
	at TestListener.afterTest(TestListener.groovy:45)
	at java.base/jdk.internal.reflect.NativeMethodAccessorImpl.invoke0(Native Method)
	at java.base/jdk.internal.reflect.NativeMethodAccessorImpl.invoke(NativeMethodAccessorImpl.java:77)
	at java.base/jdk.internal.reflect.DelegatingMethodAccessorImpl.invoke(DelegatingMethodAccessorImpl.java:43)
	at com.kms.katalon.core.context.internal.TestHooker.invokeMethod(TestHooker.java:111)
	at com.kms.katalon.core.context.internal.TestHooker.lambda$3(TestHooker.java:95)
	at com.kms.katalon.core.context.internal.TestHooker.invokeContextMethods(TestHooker.java:94)
	at com.kms.katalon.core.context.internal.TestListenerCollector.lambda$3(TestListenerCollector.java:88)
	at com.kms.katalon.core.context.internal.TestListenerCollector.handleListenerEvent(TestListenerCollector.java:85)
	at com.kms.katalon.core.context.internal.ExecutionEventManager.publicEvent(ExecutionEventManager.java:36)
	at com.kms.katalon.core.main.TestCaseExecutor.execute(TestCaseExecutor.java:315)
	at com.kms.katalon.core.common.CommonExecutor.accessTestCaseMainPhase(CommonExecutor.java:65)
	at com.kms.katalon.core.main.TestSuiteExecutor.accessTestSuiteMainPhase(TestSuiteExecutor.java:150)
	at com.kms.katalon.core.main.TestSuiteExecutor.execute(TestSuiteExecutor.java:106)
	at com.kms.katalon.core.main.TestCaseMain.startTestSuite(TestCaseMain.java:180)
	at TempTestSuite1747531571431.run(TempTestSuite1747531571431.groovy:35)
	at java.base/jdk.internal.reflect.NativeMethodAccessorImpl.invoke0(Native Method)
	at java.base/jdk.internal.reflect.NativeMethodAccessorImpl.invoke(NativeMethodAccessorImpl.java:77)
	at java.base/jdk.internal.reflect.DelegatingMethodAccessorImpl.invoke(DelegatingMethodAccessorImpl.java:43)
Caused by: org.openqa.selenium.WebDriverException: An unknown server-side error occurred while processing the command. Original error: 'GET /screenshot' cannot be proxied to UiAutomator2 server because the instrumentation process is not running (probably crashed). Check the server log and/or the logcat output for more details
Build info: version: '3.141.59', revision: 'unknown', time: 'unknown'
System info: host: '192.168.1.4.non-exists.ptr.local', ip: '2402:800:63f2:b9ce:1859:4296:77a1:a88d%en0', os.name: 'Mac OS X', os.arch: 'aarch64', os.version: '15.4.1', java.version: '17.0.7'
Driver info: com.kms.katalon.core.appium.driver.SwipeableAndroidDriver
Capabilities {automationName: UiAutomator2, databaseEnabled: false, desired: {automationName: UiAutomator2, deviceName: af0c5cf7, noReset: true, platformName: android, waitForIdleTimeout: 3000}, deviceApiLevel: 35, deviceManufacturer: OPPO, deviceModel: CPH2699, deviceName: af0c5cf7, deviceScreenDensity: 480, deviceScreenSize: 1080x2400, deviceUDID: af0c5cf7, javascriptEnabled: true, locationContextEnabled: false, networkConnectionEnabled: true, noReset: true, pixelRatio: 3, platform: LINUX, platformName: Android, platformVersion: 15, statBarHeight: 120, takesScreenshot: true, viewportRect: {height: 2280, left: 0, top: 120, width: 1080}, waitForIdleTimeout: 3000, warnings: {}, webStorageEnabled: false}
Session ID: c0c10e71-bfa6-42a0-bfc6-9e4517bcdaae
	at jdk.internal.reflect.GeneratedConstructorAccessor30.newInstance(Unknown Source)
	at java.base/jdk.internal.reflect.DelegatingConstructorAccessorImpl.newInstance(DelegatingConstructorAccessorImpl.java:45)
	at org.openqa.selenium.remote.http.W3CHttpResponseCodec.createException(W3CHttpResponseCodec.java:187)
	at org.openqa.selenium.remote.http.W3CHttpResponseCodec.decode(W3CHttpResponseCodec.java:122)
	at org.openqa.selenium.remote.http.W3CHttpResponseCodec.decode(W3CHttpResponseCodec.java:49)
	at org.openqa.selenium.remote.HttpCommandExecutor.execute(HttpCommandExecutor.java:158)
	at io.appium.java_client.remote.AppiumCommandExecutor.execute(AppiumCommandExecutor.java:239)
	at org.openqa.selenium.remote.RemoteWebDriver.execute(RemoteWebDriver.java:552)
	at io.appium.java_client.DefaultGenericMobileDriver.execute(DefaultGenericMobileDriver.java:46)
	at io.appium.java_client.AppiumDriver.execute(AppiumDriver.java:1)
	at io.appium.java_client.android.AndroidDriver.execute(AndroidDriver.java:1)
	at com.kms.katalon.core.appium.driver.SwipeableAndroidDriver.execute(SwipeableAndroidDriver.java:1)
	at org.openqa.selenium.remote.RemoteWebDriver.getScreenshotAs(RemoteWebDriver.java:295)
	at com.kms.katalon.core.mobile.helper.MobileScreenCaptor.takeScreenshot(MobileScreenCaptor.java:109)
	at com.kms.katalon.core.mobile.keyword.builtin.TakeScreenshotKeyword$_takeScreenshot_closure1.doCall(TakeScreenshotKeyword.groovy:110)
	at com.kms.katalon.core.mobile.keyword.builtin.TakeScreenshotKeyword$_takeScreenshot_closure1.call(TakeScreenshotKeyword.groovy)
	at com.kms.katalon.core.mobile.keyword.internal.MobileKeywordMain.runKeyword(MobileKeywordMain.groovy:30)
	... 23 more


18-05-2025T09:29:10 - [MESSAGE][FAILED] - Unable to take screenshot (Root cause: com.kms.katalon.core.exception.StepFailedException: Unable to take screenshot
	at com.kms.katalon.core.mobile.keyword.internal.MobileKeywordMain.stepFailed(MobileKeywordMain.groovy:64)
	at com.kms.katalon.core.mobile.keyword.internal.MobileKeywordMain.runKeyword(MobileKeywordMain.groovy:34)
	at com.kms.katalon.core.mobile.keyword.builtin.TakeScreenshotKeyword.takeScreenshot(TakeScreenshotKeyword.groovy:94)
	at com.kms.katalon.core.mobile.keyword.builtin.TakeScreenshotKeyword.execute(TakeScreenshotKeyword.groovy:54)
	at com.kms.katalon.core.keyword.internal.KeywordExecutor.executeKeywordForPlatform(KeywordExecutor.groovy:74)
	at com.kms.katalon.core.mobile.keyword.MobileBuiltInKeywords.takeScreenshot(MobileBuiltInKeywords.groovy:218)
	at TestListener.afterTest(TestListener.groovy:45)
	at java.base/jdk.internal.reflect.NativeMethodAccessorImpl.invoke0(Native Method)
	at java.base/jdk.internal.reflect.NativeMethodAccessorImpl.invoke(NativeMethodAccessorImpl.java:77)
	at java.base/jdk.internal.reflect.DelegatingMethodAccessorImpl.invoke(DelegatingMethodAccessorImpl.java:43)
	at com.kms.katalon.core.context.internal.TestHooker.invokeMethod(TestHooker.java:111)
	at com.kms.katalon.core.context.internal.TestHooker.lambda$3(TestHooker.java:95)
	at com.kms.katalon.core.context.internal.TestHooker.invokeContextMethods(TestHooker.java:94)
	at com.kms.katalon.core.context.internal.TestListenerCollector.lambda$3(TestListenerCollector.java:88)
	at com.kms.katalon.core.context.internal.TestListenerCollector.handleListenerEvent(TestListenerCollector.java:85)
	at com.kms.katalon.core.context.internal.ExecutionEventManager.publicEvent(ExecutionEventManager.java:36)
	at com.kms.katalon.core.main.TestCaseExecutor.execute(TestCaseExecutor.java:315)
	at com.kms.katalon.core.common.CommonExecutor.accessTestCaseMainPhase(CommonExecutor.java:65)
	at com.kms.katalon.core.main.TestSuiteExecutor.accessTestSuiteMainPhase(TestSuiteExecutor.java:150)
	at com.kms.katalon.core.main.TestSuiteExecutor.execute(TestSuiteExecutor.java:106)
	at com.kms.katalon.core.main.TestCaseMain.startTestSuite(TestCaseMain.java:180)
	at TempTestSuite1747531571431.run(TempTestSuite1747531571431.groovy:35)
	at java.base/jdk.internal.reflect.NativeMethodAccessorImpl.invoke0(Native Method)
	at java.base/jdk.internal.reflect.NativeMethodAccessorImpl.invoke(NativeMethodAccessorImpl.java:77)
	at java.base/jdk.internal.reflect.DelegatingMethodAccessorImpl.invoke(DelegatingMethodAccessorImpl.java:43)
Caused by: org.openqa.selenium.WebDriverException: An unknown server-side error occurred while processing the command. Original error: 'GET /screenshot' cannot be proxied to UiAutomator2 server because the instrumentation process is not running (probably crashed). Check the server log and/or the logcat output for more details
Build info: version: '3.141.59', revision: 'unknown', time: 'unknown'
System info: host: '192.168.1.4.non-exists.ptr.local', ip: '2402:800:63f2:b9ce:1859:4296:77a1:a88d%en0', os.name: 'Mac OS X', os.arch: 'aarch64', os.version: '15.4.1', java.version: '17.0.7'
Driver info: com.kms.katalon.core.appium.driver.SwipeableAndroidDriver
Capabilities {automationName: UiAutomator2, databaseEnabled: false, desired: {automationName: UiAutomator2, deviceName: af0c5cf7, noReset: true, platformName: android, waitForIdleTimeout: 3000}, deviceApiLevel: 35, deviceManufacturer: OPPO, deviceModel: CPH2699, deviceName: af0c5cf7, deviceScreenDensity: 480, deviceScreenSize: 1080x2400, deviceUDID: af0c5cf7, javascriptEnabled: true, locationContextEnabled: false, networkConnectionEnabled: true, noReset: true, pixelRatio: 3, platform: LINUX, platformName: Android, platformVersion: 15, statBarHeight: 120, takesScreenshot: true, viewportRect: {height: 2280, left: 0, top: 120, width: 1080}, waitForIdleTimeout: 3000, warnings: {}, webStorageEnabled: false}
Session ID: c0c10e71-bfa6-42a0-bfc6-9e4517bcdaae
	at jdk.internal.reflect.GeneratedConstructorAccessor30.newInstance(Unknown Source)
	at java.base/jdk.internal.reflect.DelegatingConstructorAccessorImpl.newInstance(DelegatingConstructorAccessorImpl.java:45)
	at org.openqa.selenium.remote.http.W3CHttpResponseCodec.createException(W3CHttpResponseCodec.java:187)
	at org.openqa.selenium.remote.http.W3CHttpResponseCodec.decode(W3CHttpResponseCodec.java:122)
	at org.openqa.selenium.remote.http.W3CHttpResponseCodec.decode(W3CHttpResponseCodec.java:49)
	at org.openqa.selenium.remote.HttpCommandExecutor.execute(HttpCommandExecutor.java:158)
	at io.appium.java_client.remote.AppiumCommandExecutor.execute(AppiumCommandExecutor.java:239)
	at org.openqa.selenium.remote.RemoteWebDriver.execute(RemoteWebDriver.java:552)
	at io.appium.java_client.DefaultGenericMobileDriver.execute(DefaultGenericMobileDriver.java:46)
	at io.appium.java_client.AppiumDriver.execute(AppiumDriver.java:1)
	at io.appium.java_client.android.AndroidDriver.execute(AndroidDriver.java:1)
	at com.kms.katalon.core.appium.driver.SwipeableAndroidDriver.execute(SwipeableAndroidDriver.java:1)
	at org.openqa.selenium.remote.RemoteWebDriver.getScreenshotAs(RemoteWebDriver.java:295)
	at com.kms.katalon.core.mobile.helper.MobileScreenCaptor.takeScreenshot(MobileScreenCaptor.java:109)
	at com.kms.katalon.core.mobile.keyword.builtin.TakeScreenshotKeyword$_takeScreenshot_closure1.doCall(TakeScreenshotKeyword.groovy:110)
	at com.kms.katalon.core.mobile.keyword.builtin.TakeScreenshotKeyword$_takeScreenshot_closure1.call(TakeScreenshotKeyword.groovy)
	at com.kms.katalon.core.mobile.keyword.internal.MobileKeywordMain.runKeyword(MobileKeywordMain.groovy:30)
	... 23 more
)

18-05-2025T09:29:10 - [MESSAGE][ERROR] - com.kms.katalon.core.exception.StepFailedException: Unable to take screenshot
	at com.kms.katalon.core.mobile.keyword.internal.MobileKeywordMain.stepFailed(MobileKeywordMain.groovy:64)
	at com.kms.katalon.core.mobile.keyword.internal.MobileKeywordMain.runKeyword(MobileKeywordMain.groovy:34)
	at com.kms.katalon.core.mobile.keyword.builtin.TakeScreenshotKeyword.takeScreenshot(TakeScreenshotKeyword.groovy:94)
	at com.kms.katalon.core.mobile.keyword.builtin.TakeScreenshotKeyword.execute(TakeScreenshotKeyword.groovy:54)
	at com.kms.katalon.core.keyword.internal.KeywordExecutor.executeKeywordForPlatform(KeywordExecutor.groovy:74)
	at com.kms.katalon.core.mobile.keyword.MobileBuiltInKeywords.takeScreenshot(MobileBuiltInKeywords.groovy:218)
	at TestListener.afterTest(TestListener.groovy:45)
	at java.base/jdk.internal.reflect.NativeMethodAccessorImpl.invoke0(Native Method)
	at java.base/jdk.internal.reflect.NativeMethodAccessorImpl.invoke(NativeMethodAccessorImpl.java:77)
	at java.base/jdk.internal.reflect.DelegatingMethodAccessorImpl.invoke(DelegatingMethodAccessorImpl.java:43)
	at com.kms.katalon.core.context.internal.TestHooker.invokeMethod(TestHooker.java:111)
	at com.kms.katalon.core.context.internal.TestHooker.lambda$3(TestHooker.java:95)
	at com.kms.katalon.core.context.internal.TestHooker.invokeContextMethods(TestHooker.java:94)
	at com.kms.katalon.core.context.internal.TestListenerCollector.lambda$3(TestListenerCollector.java:88)
	at com.kms.katalon.core.context.internal.TestListenerCollector.handleListenerEvent(TestListenerCollector.java:85)
	at com.kms.katalon.core.context.internal.ExecutionEventManager.publicEvent(ExecutionEventManager.java:36)
	at com.kms.katalon.core.main.TestCaseExecutor.execute(TestCaseExecutor.java:315)
	at com.kms.katalon.core.common.CommonExecutor.accessTestCaseMainPhase(CommonExecutor.java:65)
	at com.kms.katalon.core.main.TestSuiteExecutor.accessTestSuiteMainPhase(TestSuiteExecutor.java:150)
	at com.kms.katalon.core.main.TestSuiteExecutor.execute(TestSuiteExecutor.java:106)
	at com.kms.katalon.core.main.TestCaseMain.startTestSuite(TestCaseMain.java:180)
	at TempTestSuite1747531571431.run(TempTestSuite1747531571431.groovy:35)
	at java.base/jdk.internal.reflect.NativeMethodAccessorImpl.invoke0(Native Method)
	at java.base/jdk.internal.reflect.NativeMethodAccessorImpl.invoke(NativeMethodAccessorImpl.java:77)
	at java.base/jdk.internal.reflect.DelegatingMethodAccessorImpl.invoke(DelegatingMethodAccessorImpl.java:43)
Caused by: org.openqa.selenium.WebDriverException: An unknown server-side error occurred while processing the command. Original error: 'GET /screenshot' cannot be proxied to UiAutomator2 server because the instrumentation process is not running (probably crashed). Check the server log and/or the logcat output for more details
Build info: version: '3.141.59', revision: 'unknown', time: 'unknown'
System info: host: '192.168.1.4.non-exists.ptr.local', ip: '2402:800:63f2:b9ce:1859:4296:77a1:a88d%en0', os.name: 'Mac OS X', os.arch: 'aarch64', os.version: '15.4.1', java.version: '17.0.7'
Driver info: com.kms.katalon.core.appium.driver.SwipeableAndroidDriver
Capabilities {automationName: UiAutomator2, databaseEnabled: false, desired: {automationName: UiAutomator2, deviceName: af0c5cf7, noReset: true, platformName: android, waitForIdleTimeout: 3000}, deviceApiLevel: 35, deviceManufacturer: OPPO, deviceModel: CPH2699, deviceName: af0c5cf7, deviceScreenDensity: 480, deviceScreenSize: 1080x2400, deviceUDID: af0c5cf7, javascriptEnabled: true, locationContextEnabled: false, networkConnectionEnabled: true, noReset: true, pixelRatio: 3, platform: LINUX, platformName: Android, platformVersion: 15, statBarHeight: 120, takesScreenshot: true, viewportRect: {height: 2280, left: 0, top: 120, width: 1080}, waitForIdleTimeout: 3000, warnings: {}, webStorageEnabled: false}
Session ID: c0c10e71-bfa6-42a0-bfc6-9e4517bcdaae
	at jdk.internal.reflect.GeneratedConstructorAccessor30.newInstance(Unknown Source)
	at java.base/jdk.internal.reflect.DelegatingConstructorAccessorImpl.newInstance(DelegatingConstructorAccessorImpl.java:45)
	at org.openqa.selenium.remote.http.W3CHttpResponseCodec.createException(W3CHttpResponseCodec.java:187)
	at org.openqa.selenium.remote.http.W3CHttpResponseCodec.decode(W3CHttpResponseCodec.java:122)
	at org.openqa.selenium.remote.http.W3CHttpResponseCodec.decode(W3CHttpResponseCodec.java:49)
	at org.openqa.selenium.remote.HttpCommandExecutor.execute(HttpCommandExecutor.java:158)
	at io.appium.java_client.remote.AppiumCommandExecutor.execute(AppiumCommandExecutor.java:239)
	at org.openqa.selenium.remote.RemoteWebDriver.execute(RemoteWebDriver.java:552)
	at io.appium.java_client.DefaultGenericMobileDriver.execute(DefaultGenericMobileDriver.java:46)
	at io.appium.java_client.AppiumDriver.execute(AppiumDriver.java:1)
	at io.appium.java_client.android.AndroidDriver.execute(AndroidDriver.java:1)
	at com.kms.katalon.core.appium.driver.SwipeableAndroidDriver.execute(SwipeableAndroidDriver.java:1)
	at org.openqa.selenium.remote.RemoteWebDriver.getScreenshotAs(RemoteWebDriver.java:295)
	at com.kms.katalon.core.mobile.helper.MobileScreenCaptor.takeScreenshot(MobileScreenCaptor.java:109)
	at com.kms.katalon.core.mobile.keyword.builtin.TakeScreenshotKeyword$_takeScreenshot_closure1.doCall(TakeScreenshotKeyword.groovy:110)
	at com.kms.katalon.core.mobile.keyword.builtin.TakeScreenshotKeyword$_takeScreenshot_closure1.call(TakeScreenshotKeyword.groovy)
	at com.kms.katalon.core.mobile.keyword.internal.MobileKeywordMain.runKeyword(MobileKeywordMain.groovy:30)
	... 23 more]]></system-out>
         <system-err><![CDATA[18-05-2025T09:29:10 - [TEST_CASE][ERROR] - Test Cases/IPAPER APP/003 TAO YEU CAU KHONG CO ASSIGNER: Test Cases/IPAPER APP/003 TAO YEU CAU KHONG CO ASSIGNER FAILED.
Reason:
org.openqa.selenium.WebDriverException: An unknown server-side error occurred while processing the command. Original error: 'POST /elements' cannot be proxied to UiAutomator2 server because the instrumentation process is not running (probably crashed). Check the server log and/or the logcat output for more details
Build info: version: '3.141.59', revision: 'unknown', time: 'unknown'
System info: host: '192.168.1.4.non-exists.ptr.local', ip: '2402:800:63f2:b9ce:1859:4296:77a1:a88d%en0', os.name: 'Mac OS X', os.arch: 'aarch64', os.version: '15.4.1', java.version: '17.0.7'
Driver info: com.kms.katalon.core.appium.driver.SwipeableAndroidDriver
Capabilities {automationName: UiAutomator2, databaseEnabled: false, desired: {automationName: UiAutomator2, deviceName: af0c5cf7, noReset: true, platformName: android, waitForIdleTimeout: 3000}, deviceApiLevel: 35, deviceManufacturer: OPPO, deviceModel: CPH2699, deviceName: af0c5cf7, deviceScreenDensity: 480, deviceScreenSize: 1080x2400, deviceUDID: af0c5cf7, javascriptEnabled: true, locationContextEnabled: false, networkConnectionEnabled: true, noReset: true, pixelRatio: 3, platform: LINUX, platformName: Android, platformVersion: 15, statBarHeight: 120, takesScreenshot: true, viewportRect: {height: 2280, left: 0, top: 120, width: 1080}, waitForIdleTimeout: 3000, warnings: {}, webStorageEnabled: false}
Session ID: c0c10e71-bfa6-42a0-bfc6-9e4517bcdaae
*** Element info: {Using=xpath, value=//android.widget.EditText[@resource-id='com.hdbank.ipaper:id/edit_text_user_name']}
	at jdk.internal.reflect.GeneratedConstructorAccessor30.newInstance(Unknown Source)
	at java.base/jdk.internal.reflect.DelegatingConstructorAccessorImpl.newInstance(DelegatingConstructorAccessorImpl.java:45)
	at org.openqa.selenium.remote.http.W3CHttpResponseCodec.createException(W3CHttpResponseCodec.java:187)
	at org.openqa.selenium.remote.http.W3CHttpResponseCodec.decode(W3CHttpResponseCodec.java:122)
	at org.openqa.selenium.remote.http.W3CHttpResponseCodec.decode(W3CHttpResponseCodec.java:49)
	at org.openqa.selenium.remote.HttpCommandExecutor.execute(HttpCommandExecutor.java:158)
	at io.appium.java_client.remote.AppiumCommandExecutor.execute(AppiumCommandExecutor.java:239)
	at org.openqa.selenium.remote.RemoteWebDriver.execute(RemoteWebDriver.java:552)
	at io.appium.java_client.DefaultGenericMobileDriver.execute(DefaultGenericMobileDriver.java:42)
	at io.appium.java_client.AppiumDriver.execute(AppiumDriver.java:1)
	at io.appium.java_client.android.AndroidDriver.execute(AndroidDriver.java:1)
	at com.kms.katalon.core.appium.driver.SwipeableAndroidDriver.execute(SwipeableAndroidDriver.java:1)
	at org.openqa.selenium.remote.RemoteWebDriver.findElements(RemoteWebDriver.java:353)
	at io.appium.java_client.DefaultGenericMobileDriver.findElements(DefaultGenericMobileDriver.java:54)
	at io.appium.java_client.AppiumDriver.findElements(AppiumDriver.java:152)
	at org.openqa.selenium.remote.RemoteWebDriver.findElementsByXPath(RemoteWebDriver.java:432)
	at io.appium.java_client.DefaultGenericMobileDriver.findElementsByXPath(DefaultGenericMobileDriver.java:156)
	at io.appium.java_client.AppiumDriver.findElementsByXPath(AppiumDriver.java:184)
	at org.openqa.selenium.By$ByXPath.findElements(By.java:348)
	at org.openqa.selenium.remote.RemoteWebDriver.findElements(RemoteWebDriver.java:311)
	at io.appium.java_client.DefaultGenericMobileDriver.findElements(DefaultGenericMobileDriver.java:50)
	at io.appium.java_client.AppiumDriver.findElements(AppiumDriver.java:148)
	at base.BaseKeyword$Trait$Helper.isDisplayed(BaseKeyword.groovy:234)
	at screens.LoginScreen.isDisplayed(LoginScreen.groovy)
	at base.BaseKeyword$Trait$Helper.isDisplayed(BaseKeyword.groovy:229)
	at screens.LoginScreen.isDisplayed(LoginScreen.groovy)
	at screens.LoginScreen.isGuest(LoginScreen.groovy:34)
	at screens.LoginScreen.login(LoginScreen.groovy:10)
	at 003 TAO YEU CAU KHONG CO ASSIGNER.run(003 TAO YEU CAU KHONG CO ASSIGNER:29)
	at com.kms.katalon.core.main.ScriptEngine.run(ScriptEngine.java:194)
	at com.kms.katalon.core.main.ScriptEngine.runScriptAsRawText(ScriptEngine.java:119)
	at com.kms.katalon.core.main.TestCaseExecutor.runScript(TestCaseExecutor.java:448)
	at com.kms.katalon.core.main.TestCaseExecutor.doExecute(TestCaseExecutor.java:439)
	at com.kms.katalon.core.main.TestCaseExecutor.processExecutionPhase(TestCaseExecutor.java:418)
	at com.kms.katalon.core.main.TestCaseExecutor.accessMainPhase(TestCaseExecutor.java:410)
	at com.kms.katalon.core.main.TestCaseExecutor.execute(TestCaseExecutor.java:285)
	at com.kms.katalon.core.common.CommonExecutor.accessTestCaseMainPhase(CommonExecutor.java:65)
	at com.kms.katalon.core.main.TestSuiteExecutor.accessTestSuiteMainPhase(TestSuiteExecutor.java:150)
	at com.kms.katalon.core.main.TestSuiteExecutor.execute(TestSuiteExecutor.java:106)
	at com.kms.katalon.core.main.TestCaseMain.startTestSuite(TestCaseMain.java:180)
	at TempTestSuite1747531571431.run(TempTestSuite1747531571431.groovy:35)
	at java.base/jdk.internal.reflect.NativeMethodAccessorImpl.invoke0(Native Method)
	at java.base/jdk.internal.reflect.NativeMethodAccessorImpl.invoke(NativeMethodAccessorImpl.java:77)
	at java.base/jdk.internal.reflect.DelegatingMethodAccessorImpl.invoke(DelegatingMethodAccessorImpl.java:43)]]></system-err>
      </testcase>
      <testcase name="Test Cases/IPAPER APP/045 TAI FILE TAI CHI TIET HO SO_HO SO DI" time="0.308" classname="Test Cases/IPAPER APP/045 TAI FILE TAI CHI TIET HO SO_HO SO DI" status="ERROR">
         <error type="ERROR" message="Test Cases/IPAPER APP/045 TAI FILE TAI CHI TIET HO SO_HO SO DI FAILED.&#xa;Reason:&#xa;org.openqa.selenium.WebDriverException: An unknown server-side error occurred while processing the command. Original error: 'POST /elements' cannot be proxied to UiAutomator2 server because the instrumentation process is not running (probably crashed). Check the server log and/or the logcat output for more details&#xa;Build info: version: '3.141.59', revision: 'unknown', time: 'unknown'&#xa;System info: host: '192.168.1.4.non-exists.ptr.local', ip: '2402:800:63f2:b9ce:1859:4296:77a1:a88d%en0', os.name: 'Mac OS X', os.arch: 'aarch64', os.version: '15.4.1', java.version: '17.0.7'&#xa;Driver info: com.kms.katalon.core.appium.driver.SwipeableAndroidDriver&#xa;Capabilities {automationName: UiAutomator2, databaseEnabled: false, desired: {automationName: UiAutomator2, deviceName: af0c5cf7, noReset: true, platformName: android, waitForIdleTimeout: 3000}, deviceApiLevel: 35, deviceManufacturer: OPPO, deviceModel: CPH2699, deviceName: af0c5cf7, deviceScreenDensity: 480, deviceScreenSize: 1080x2400, deviceUDID: af0c5cf7, javascriptEnabled: true, locationContextEnabled: false, networkConnectionEnabled: true, noReset: true, pixelRatio: 3, platform: LINUX, platformName: Android, platformVersion: 15, statBarHeight: 120, takesScreenshot: true, viewportRect: {height: 2280, left: 0, top: 120, width: 1080}, waitForIdleTimeout: 3000, warnings: {}, webStorageEnabled: false}&#xa;Session ID: c0c10e71-bfa6-42a0-bfc6-9e4517bcdaae&#xa;*** Element info: {Using=xpath, value=//android.widget.EditText[@resource-id='com.hdbank.ipaper:id/edit_text_user_name']}&#xa;	at jdk.internal.reflect.GeneratedConstructorAccessor30.newInstance(Unknown Source)&#xa;	at java.base/jdk.internal.reflect.DelegatingConstructorAccessorImpl.newInstance(DelegatingConstructorAccessorImpl.java:45)&#xa;	at org.openqa.selenium.remote.http.W3CHttpResponseCodec.createException(W3CHttpResponseCodec.java:187)&#xa;	at org.openqa.selenium.remote.http.W3CHttpResponseCodec.decode(W3CHttpResponseCodec.java:122)&#xa;	at org.openqa.selenium.remote.http.W3CHttpResponseCodec.decode(W3CHttpResponseCodec.java:49)&#xa;	at org.openqa.selenium.remote.HttpCommandExecutor.execute(HttpCommandExecutor.java:158)&#xa;	at io.appium.java_client.remote.AppiumCommandExecutor.execute(AppiumCommandExecutor.java:239)&#xa;	at org.openqa.selenium.remote.RemoteWebDriver.execute(RemoteWebDriver.java:552)&#xa;	at io.appium.java_client.DefaultGenericMobileDriver.execute(DefaultGenericMobileDriver.java:42)&#xa;	at io.appium.java_client.AppiumDriver.execute(AppiumDriver.java:1)&#xa;	at io.appium.java_client.android.AndroidDriver.execute(AndroidDriver.java:1)&#xa;	at com.kms.katalon.core.appium.driver.SwipeableAndroidDriver.execute(SwipeableAndroidDriver.java:1)&#xa;	at org.openqa.selenium.remote.RemoteWebDriver.findElements(RemoteWebDriver.java:353)&#xa;	at io.appium.java_client.DefaultGenericMobileDriver.findElements(DefaultGenericMobileDriver.java:54)&#xa;	at io.appium.java_client.AppiumDriver.findElements(AppiumDriver.java:152)&#xa;	at org.openqa.selenium.remote.RemoteWebDriver.findElementsByXPath(RemoteWebDriver.java:432)&#xa;	at io.appium.java_client.DefaultGenericMobileDriver.findElementsByXPath(DefaultGenericMobileDriver.java:156)&#xa;	at io.appium.java_client.AppiumDriver.findElementsByXPath(AppiumDriver.java:184)&#xa;	at org.openqa.selenium.By$ByXPath.findElements(By.java:348)&#xa;	at org.openqa.selenium.remote.RemoteWebDriver.findElements(RemoteWebDriver.java:311)&#xa;	at io.appium.java_client.DefaultGenericMobileDriver.findElements(DefaultGenericMobileDriver.java:50)&#xa;	at io.appium.java_client.AppiumDriver.findElements(AppiumDriver.java:148)&#xa;	at base.BaseKeyword$Trait$Helper.isDisplayed(BaseKeyword.groovy:234)&#xa;	at screens.LoginScreen.isDisplayed(LoginScreen.groovy)&#xa;	at base.BaseKeyword$Trait$Helper.isDisplayed(BaseKeyword.groovy:229)&#xa;	at screens.LoginScreen.isDisplayed(LoginScreen.groovy)&#xa;	at screens.LoginScreen.isGuest(LoginScreen.groovy:34)&#xa;	at screens.LoginScreen.login(LoginScreen.groovy:10)&#xa;	at 045 TAI FILE TAI CHI TIET HO SO_HO SO DI.run(045 TAI FILE TAI CHI TIET HO SO_HO SO DI:17)&#xa;	at com.kms.katalon.core.main.ScriptEngine.run(ScriptEngine.java:194)&#xa;	at com.kms.katalon.core.main.ScriptEngine.runScriptAsRawText(ScriptEngine.java:119)&#xa;	at com.kms.katalon.core.main.TestCaseExecutor.runScript(TestCaseExecutor.java:448)&#xa;	at com.kms.katalon.core.main.TestCaseExecutor.doExecute(TestCaseExecutor.java:439)&#xa;	at com.kms.katalon.core.main.TestCaseExecutor.processExecutionPhase(TestCaseExecutor.java:418)&#xa;	at com.kms.katalon.core.main.TestCaseExecutor.accessMainPhase(TestCaseExecutor.java:410)&#xa;	at com.kms.katalon.core.main.TestCaseExecutor.execute(TestCaseExecutor.java:285)&#xa;	at com.kms.katalon.core.common.CommonExecutor.accessTestCaseMainPhase(CommonExecutor.java:65)&#xa;	at com.kms.katalon.core.main.TestSuiteExecutor.accessTestSuiteMainPhase(TestSuiteExecutor.java:150)&#xa;	at com.kms.katalon.core.main.TestSuiteExecutor.execute(TestSuiteExecutor.java:106)&#xa;	at com.kms.katalon.core.main.TestCaseMain.startTestSuite(TestCaseMain.java:180)&#xa;	at TempTestSuite1747531571431.run(TempTestSuite1747531571431.groovy:35)&#xa;	at java.base/jdk.internal.reflect.NativeMethodAccessorImpl.invoke0(Native Method)&#xa;	at java.base/jdk.internal.reflect.NativeMethodAccessorImpl.invoke(NativeMethodAccessorImpl.java:77)&#xa;	at java.base/jdk.internal.reflect.DelegatingMethodAccessorImpl.invoke(DelegatingMethodAccessorImpl.java:43)&#xa;"/>
         <system-out><![CDATA[18-05-2025T09:29:10 - [TEST_CASE][ERROR] - Test Cases/IPAPER APP/045 TAI FILE TAI CHI TIET HO SO_HO SO DI: Test Cases/IPAPER APP/045 TAI FILE TAI CHI TIET HO SO_HO SO DI FAILED.
Reason:
org.openqa.selenium.WebDriverException: An unknown server-side error occurred while processing the command. Original error: 'POST /elements' cannot be proxied to UiAutomator2 server because the instrumentation process is not running (probably crashed). Check the server log and/or the logcat output for more details
Build info: version: '3.141.59', revision: 'unknown', time: 'unknown'
System info: host: '192.168.1.4.non-exists.ptr.local', ip: '2402:800:63f2:b9ce:1859:4296:77a1:a88d%en0', os.name: 'Mac OS X', os.arch: 'aarch64', os.version: '15.4.1', java.version: '17.0.7'
Driver info: com.kms.katalon.core.appium.driver.SwipeableAndroidDriver
Capabilities {automationName: UiAutomator2, databaseEnabled: false, desired: {automationName: UiAutomator2, deviceName: af0c5cf7, noReset: true, platformName: android, waitForIdleTimeout: 3000}, deviceApiLevel: 35, deviceManufacturer: OPPO, deviceModel: CPH2699, deviceName: af0c5cf7, deviceScreenDensity: 480, deviceScreenSize: 1080x2400, deviceUDID: af0c5cf7, javascriptEnabled: true, locationContextEnabled: false, networkConnectionEnabled: true, noReset: true, pixelRatio: 3, platform: LINUX, platformName: Android, platformVersion: 15, statBarHeight: 120, takesScreenshot: true, viewportRect: {height: 2280, left: 0, top: 120, width: 1080}, waitForIdleTimeout: 3000, warnings: {}, webStorageEnabled: false}
Session ID: c0c10e71-bfa6-42a0-bfc6-9e4517bcdaae
*** Element info: {Using=xpath, value=//android.widget.EditText[@resource-id='com.hdbank.ipaper:id/edit_text_user_name']}
	at jdk.internal.reflect.GeneratedConstructorAccessor30.newInstance(Unknown Source)
	at java.base/jdk.internal.reflect.DelegatingConstructorAccessorImpl.newInstance(DelegatingConstructorAccessorImpl.java:45)
	at org.openqa.selenium.remote.http.W3CHttpResponseCodec.createException(W3CHttpResponseCodec.java:187)
	at org.openqa.selenium.remote.http.W3CHttpResponseCodec.decode(W3CHttpResponseCodec.java:122)
	at org.openqa.selenium.remote.http.W3CHttpResponseCodec.decode(W3CHttpResponseCodec.java:49)
	at org.openqa.selenium.remote.HttpCommandExecutor.execute(HttpCommandExecutor.java:158)
	at io.appium.java_client.remote.AppiumCommandExecutor.execute(AppiumCommandExecutor.java:239)
	at org.openqa.selenium.remote.RemoteWebDriver.execute(RemoteWebDriver.java:552)
	at io.appium.java_client.DefaultGenericMobileDriver.execute(DefaultGenericMobileDriver.java:42)
	at io.appium.java_client.AppiumDriver.execute(AppiumDriver.java:1)
	at io.appium.java_client.android.AndroidDriver.execute(AndroidDriver.java:1)
	at com.kms.katalon.core.appium.driver.SwipeableAndroidDriver.execute(SwipeableAndroidDriver.java:1)
	at org.openqa.selenium.remote.RemoteWebDriver.findElements(RemoteWebDriver.java:353)
	at io.appium.java_client.DefaultGenericMobileDriver.findElements(DefaultGenericMobileDriver.java:54)
	at io.appium.java_client.AppiumDriver.findElements(AppiumDriver.java:152)
	at org.openqa.selenium.remote.RemoteWebDriver.findElementsByXPath(RemoteWebDriver.java:432)
	at io.appium.java_client.DefaultGenericMobileDriver.findElementsByXPath(DefaultGenericMobileDriver.java:156)
	at io.appium.java_client.AppiumDriver.findElementsByXPath(AppiumDriver.java:184)
	at org.openqa.selenium.By$ByXPath.findElements(By.java:348)
	at org.openqa.selenium.remote.RemoteWebDriver.findElements(RemoteWebDriver.java:311)
	at io.appium.java_client.DefaultGenericMobileDriver.findElements(DefaultGenericMobileDriver.java:50)
	at io.appium.java_client.AppiumDriver.findElements(AppiumDriver.java:148)
	at base.BaseKeyword$Trait$Helper.isDisplayed(BaseKeyword.groovy:234)
	at screens.LoginScreen.isDisplayed(LoginScreen.groovy)
	at base.BaseKeyword$Trait$Helper.isDisplayed(BaseKeyword.groovy:229)
	at screens.LoginScreen.isDisplayed(LoginScreen.groovy)
	at screens.LoginScreen.isGuest(LoginScreen.groovy:34)
	at screens.LoginScreen.login(LoginScreen.groovy:10)
	at 045 TAI FILE TAI CHI TIET HO SO_HO SO DI.run(045 TAI FILE TAI CHI TIET HO SO_HO SO DI:17)
	at com.kms.katalon.core.main.ScriptEngine.run(ScriptEngine.java:194)
	at com.kms.katalon.core.main.ScriptEngine.runScriptAsRawText(ScriptEngine.java:119)
	at com.kms.katalon.core.main.TestCaseExecutor.runScript(TestCaseExecutor.java:448)
	at com.kms.katalon.core.main.TestCaseExecutor.doExecute(TestCaseExecutor.java:439)
	at com.kms.katalon.core.main.TestCaseExecutor.processExecutionPhase(TestCaseExecutor.java:418)
	at com.kms.katalon.core.main.TestCaseExecutor.accessMainPhase(TestCaseExecutor.java:410)
	at com.kms.katalon.core.main.TestCaseExecutor.execute(TestCaseExecutor.java:285)
	at com.kms.katalon.core.common.CommonExecutor.accessTestCaseMainPhase(CommonExecutor.java:65)
	at com.kms.katalon.core.main.TestSuiteExecutor.accessTestSuiteMainPhase(TestSuiteExecutor.java:150)
	at com.kms.katalon.core.main.TestSuiteExecutor.execute(TestSuiteExecutor.java:106)
	at com.kms.katalon.core.main.TestCaseMain.startTestSuite(TestCaseMain.java:180)
	at TempTestSuite1747531571431.run(TempTestSuite1747531571431.groovy:35)
	at java.base/jdk.internal.reflect.NativeMethodAccessorImpl.invoke0(Native Method)
	at java.base/jdk.internal.reflect.NativeMethodAccessorImpl.invoke(NativeMethodAccessorImpl.java:77)
	at java.base/jdk.internal.reflect.DelegatingMethodAccessorImpl.invoke(DelegatingMethodAccessorImpl.java:43)


18-05-2025T09:29:10 - [TEST_STEP][ERROR] - Start listener action : beforeTest: com.kms.katalon.core.exception.StepErrorException: org.openqa.selenium.WebDriverException: An unknown server-side error occurred while processing the command. Original error: 'POST /elements' cannot be proxied to UiAutomator2 server because the instrumentation process is not running (probably crashed). Check the server log and/or the logcat output for more details
Build info: version: '3.141.59', revision: 'unknown', time: 'unknown'
System info: host: '192.168.1.4.non-exists.ptr.local', ip: '2402:800:63f2:b9ce:1859:4296:77a1:a88d%en0', os.name: 'Mac OS X', os.arch: 'aarch64', os.version: '15.4.1', java.version: '17.0.7'
Driver info: com.kms.katalon.core.appium.driver.SwipeableAndroidDriver
Capabilities {automationName: UiAutomator2, databaseEnabled: false, desired: {automationName: UiAutomator2, deviceName: af0c5cf7, noReset: true, platformName: android, waitForIdleTimeout: 3000}, deviceApiLevel: 35, deviceManufacturer: OPPO, deviceModel: CPH2699, deviceName: af0c5cf7, deviceScreenDensity: 480, deviceScreenSize: 1080x2400, deviceUDID: af0c5cf7, javascriptEnabled: true, locationContextEnabled: false, networkConnectionEnabled: true, noReset: true, pixelRatio: 3, platform: LINUX, platformName: Android, platformVersion: 15, statBarHeight: 120, takesScreenshot: true, viewportRect: {height: 2280, left: 0, top: 120, width: 1080}, waitForIdleTimeout: 3000, warnings: {}, webStorageEnabled: false}
Session ID: c0c10e71-bfa6-42a0-bfc6-9e4517bcdaae
*** Element info: {Using=id, value=com.hdbank.ipaper:id/img_logo}
	at com.kms.katalon.core.main.CustomKeywordDelegatingMetaClass.throwError(CustomKeywordDelegatingMetaClass.java:101)
	at com.kms.katalon.core.main.CustomKeywordDelegatingMetaClass.invokeStaticMethod(CustomKeywordDelegatingMetaClass.java:73)
	at TestListener.beforeTest(TestListener.groovy:39)
	at java.base/jdk.internal.reflect.NativeMethodAccessorImpl.invoke0(Native Method)
	at java.base/jdk.internal.reflect.NativeMethodAccessorImpl.invoke(NativeMethodAccessorImpl.java:77)
	at java.base/jdk.internal.reflect.DelegatingMethodAccessorImpl.invoke(DelegatingMethodAccessorImpl.java:43)
	at com.kms.katalon.core.context.internal.TestHooker.invokeMethod(TestHooker.java:111)
	at com.kms.katalon.core.context.internal.TestHooker.lambda$3(TestHooker.java:95)
	at com.kms.katalon.core.context.internal.TestHooker.invokeContextMethods(TestHooker.java:94)
	at com.kms.katalon.core.context.internal.TestListenerCollector.lambda$3(TestListenerCollector.java:88)
	at com.kms.katalon.core.context.internal.TestListenerCollector.handleListenerEvent(TestListenerCollector.java:85)
	at com.kms.katalon.core.context.internal.ExecutionEventManager.publicEvent(ExecutionEventManager.java:36)
	at com.kms.katalon.core.main.TestCaseExecutor.execute(TestCaseExecutor.java:268)
	at com.kms.katalon.core.common.CommonExecutor.accessTestCaseMainPhase(CommonExecutor.java:65)
	at com.kms.katalon.core.main.TestSuiteExecutor.accessTestSuiteMainPhase(TestSuiteExecutor.java:150)
	at com.kms.katalon.core.main.TestSuiteExecutor.execute(TestSuiteExecutor.java:106)
	at com.kms.katalon.core.main.TestCaseMain.startTestSuite(TestCaseMain.java:180)
	at TempTestSuite1747531571431.run(TempTestSuite1747531571431.groovy:35)
	at java.base/jdk.internal.reflect.NativeMethodAccessorImpl.invoke0(Native Method)
	at java.base/jdk.internal.reflect.NativeMethodAccessorImpl.invoke(NativeMethodAccessorImpl.java:77)
	at java.base/jdk.internal.reflect.DelegatingMethodAccessorImpl.invoke(DelegatingMethodAccessorImpl.java:43)
Caused by: org.openqa.selenium.WebDriverException: An unknown server-side error occurred while processing the command. Original error: 'POST /elements' cannot be proxied to UiAutomator2 server because the instrumentation process is not running (probably crashed). Check the server log and/or the logcat output for more details
Build info: version: '3.141.59', revision: 'unknown', time: 'unknown'
System info: host: '192.168.1.4.non-exists.ptr.local', ip: '2402:800:63f2:b9ce:1859:4296:77a1:a88d%en0', os.name: 'Mac OS X', os.arch: 'aarch64', os.version: '15.4.1', java.version: '17.0.7'
Driver info: com.kms.katalon.core.appium.driver.SwipeableAndroidDriver
Capabilities {automationName: UiAutomator2, databaseEnabled: false, desired: {automationName: UiAutomator2, deviceName: af0c5cf7, noReset: true, platformName: android, waitForIdleTimeout: 3000}, deviceApiLevel: 35, deviceManufacturer: OPPO, deviceModel: CPH2699, deviceName: af0c5cf7, deviceScreenDensity: 480, deviceScreenSize: 1080x2400, deviceUDID: af0c5cf7, javascriptEnabled: true, locationContextEnabled: false, networkConnectionEnabled: true, noReset: true, pixelRatio: 3, platform: LINUX, platformName: Android, platformVersion: 15, statBarHeight: 120, takesScreenshot: true, viewportRect: {height: 2280, left: 0, top: 120, width: 1080}, waitForIdleTimeout: 3000, warnings: {}, webStorageEnabled: false}
Session ID: c0c10e71-bfa6-42a0-bfc6-9e4517bcdaae
*** Element info: {Using=id, value=com.hdbank.ipaper:id/img_logo}
	at jdk.internal.reflect.GeneratedConstructorAccessor30.newInstance(Unknown Source)
	at java.base/jdk.internal.reflect.DelegatingConstructorAccessorImpl.newInstance(DelegatingConstructorAccessorImpl.java:45)
	at org.openqa.selenium.remote.http.W3CHttpResponseCodec.createException(W3CHttpResponseCodec.java:187)
	at org.openqa.selenium.remote.http.W3CHttpResponseCodec.decode(W3CHttpResponseCodec.java:122)
	at org.openqa.selenium.remote.http.W3CHttpResponseCodec.decode(W3CHttpResponseCodec.java:49)
	at org.openqa.selenium.remote.HttpCommandExecutor.execute(HttpCommandExecutor.java:158)
	at io.appium.java_client.remote.AppiumCommandExecutor.execute(AppiumCommandExecutor.java:239)
	at org.openqa.selenium.remote.RemoteWebDriver.execute(RemoteWebDriver.java:552)
	at io.appium.java_client.DefaultGenericMobileDriver.execute(DefaultGenericMobileDriver.java:42)
	at io.appium.java_client.AppiumDriver.execute(AppiumDriver.java:1)
	at io.appium.java_client.android.AndroidDriver.execute(AndroidDriver.java:1)
	at com.kms.katalon.core.appium.driver.SwipeableAndroidDriver.execute(SwipeableAndroidDriver.java:1)
	at org.openqa.selenium.remote.RemoteWebDriver.findElements(RemoteWebDriver.java:353)
	at io.appium.java_client.DefaultGenericMobileDriver.findElements(DefaultGenericMobileDriver.java:54)
	at io.appium.java_client.AppiumDriver.findElements(AppiumDriver.java:152)
	at org.openqa.selenium.remote.RemoteWebDriver.findElementsById(RemoteWebDriver.java:376)
	at io.appium.java_client.DefaultGenericMobileDriver.findElementsById(DefaultGenericMobileDriver.java:66)
	at io.appium.java_client.AppiumDriver.findElementsById(AppiumDriver.java:156)
	at org.openqa.selenium.By$ById.findElements(By.java:180)
	at org.openqa.selenium.remote.RemoteWebDriver.findElements(RemoteWebDriver.java:311)
	at io.appium.java_client.DefaultGenericMobileDriver.findElements(DefaultGenericMobileDriver.java:50)
	at io.appium.java_client.AppiumDriver.findElements(AppiumDriver.java:148)
	at base.BaseKeyword$Trait$Helper$_waitForPresentOf_closure1.doCall(BaseKeyword.groovy:253)
	at jdk.internal.reflect.GeneratedMethodAccessor8.invoke(Unknown Source)
	at java.base/jdk.internal.reflect.DelegatingMethodAccessorImpl.invoke(DelegatingMethodAccessorImpl.java:43)
	at jdk.proxy2/jdk.proxy2.$Proxy34.apply(Unknown Source)
	at org.openqa.selenium.support.ui.FluentWait.until(FluentWait.java:249)
	at base.BaseKeyword$Trait$Helper.waitForPresentOf(BaseKeyword.groovy:252)
	at base.BaseApp.waitForPresentOf(BaseApp.groovy)
	at java.base/jdk.internal.reflect.NativeMethodAccessorImpl.invoke0(Native Method)
	at java.base/jdk.internal.reflect.NativeMethodAccessorImpl.invoke(NativeMethodAccessorImpl.java:77)
	at java.base/jdk.internal.reflect.DelegatingMethodAccessorImpl.invoke(DelegatingMethodAccessorImpl.java:43)
	at base.BaseApp.waitAppLauch(BaseApp.groovy:34)
	at java.base/jdk.internal.reflect.NativeMethodAccessorImpl.invoke0(Native Method)
	at java.base/jdk.internal.reflect.NativeMethodAccessorImpl.invoke(NativeMethodAccessorImpl.java:77)
	at java.base/jdk.internal.reflect.DelegatingMethodAccessorImpl.invoke(DelegatingMethodAccessorImpl.java:43)
	at drivers.Driver.openApp(Driver.groovy:60)
	at java.base/jdk.internal.reflect.NativeMethodAccessorImpl.invoke0(Native Method)
	at java.base/jdk.internal.reflect.NativeMethodAccessorImpl.invoke(NativeMethodAccessorImpl.java:77)
	at java.base/jdk.internal.reflect.DelegatingMethodAccessorImpl.invoke(DelegatingMethodAccessorImpl.java:43)
	at com.kms.katalon.core.main.CustomKeywordDelegatingMetaClass.invokeStaticMethod(CustomKeywordDelegatingMetaClass.java:55)
	... 19 more


18-05-2025T09:29:10 - [TEST_STEP][PASSED] - DataTest.init(): null

18-05-2025T09:29:10 - [TEST_STEP][PASSED] - testCaseId = split("/").last(): null

18-05-2025T09:29:10 - [TEST_STEP][PASSED] - if (!(drivers.Driver.isAppiumRunning())): drivers.Driver.isAppiumRunning is PASSED

18-05-2025T09:29:10 - [MESSAGE][INFO] - Appium running: true

18-05-2025T09:29:10 - [MESSAGE][PASSED] - drivers.Driver.isAppiumRunning is PASSED

18-05-2025T09:29:10 - [TEST_STEP][PASSED] - if (driver == null || driver.getSessionId() == null): null

18-05-2025T09:29:10 - [TEST_STEP][ERROR] - drivers.Driver.openApp(): com.kms.katalon.core.exception.StepErrorException: org.openqa.selenium.WebDriverException: An unknown server-side error occurred while processing the command. Original error: 'POST /elements' cannot be proxied to UiAutomator2 server because the instrumentation process is not running (probably crashed). Check the server log and/or the logcat output for more details
Build info: version: '3.141.59', revision: 'unknown', time: 'unknown'
System info: host: '192.168.1.4.non-exists.ptr.local', ip: '2402:800:63f2:b9ce:1859:4296:77a1:a88d%en0', os.name: 'Mac OS X', os.arch: 'aarch64', os.version: '15.4.1', java.version: '17.0.7'
Driver info: com.kms.katalon.core.appium.driver.SwipeableAndroidDriver
Capabilities {automationName: UiAutomator2, databaseEnabled: false, desired: {automationName: UiAutomator2, deviceName: af0c5cf7, noReset: true, platformName: android, waitForIdleTimeout: 3000}, deviceApiLevel: 35, deviceManufacturer: OPPO, deviceModel: CPH2699, deviceName: af0c5cf7, deviceScreenDensity: 480, deviceScreenSize: 1080x2400, deviceUDID: af0c5cf7, javascriptEnabled: true, locationContextEnabled: false, networkConnectionEnabled: true, noReset: true, pixelRatio: 3, platform: LINUX, platformName: Android, platformVersion: 15, statBarHeight: 120, takesScreenshot: true, viewportRect: {height: 2280, left: 0, top: 120, width: 1080}, waitForIdleTimeout: 3000, warnings: {}, webStorageEnabled: false}
Session ID: c0c10e71-bfa6-42a0-bfc6-9e4517bcdaae
*** Element info: {Using=id, value=com.hdbank.ipaper:id/img_logo}
	at com.kms.katalon.core.main.CustomKeywordDelegatingMetaClass.throwError(CustomKeywordDelegatingMetaClass.java:101)
	at com.kms.katalon.core.main.CustomKeywordDelegatingMetaClass.invokeStaticMethod(CustomKeywordDelegatingMetaClass.java:73)
	at TestListener.beforeTest(TestListener.groovy:39)
	at java.base/jdk.internal.reflect.NativeMethodAccessorImpl.invoke0(Native Method)
	at java.base/jdk.internal.reflect.NativeMethodAccessorImpl.invoke(NativeMethodAccessorImpl.java:77)
	at java.base/jdk.internal.reflect.DelegatingMethodAccessorImpl.invoke(DelegatingMethodAccessorImpl.java:43)
	at com.kms.katalon.core.context.internal.TestHooker.invokeMethod(TestHooker.java:111)
	at com.kms.katalon.core.context.internal.TestHooker.lambda$3(TestHooker.java:95)
	at com.kms.katalon.core.context.internal.TestHooker.invokeContextMethods(TestHooker.java:94)
	at com.kms.katalon.core.context.internal.TestListenerCollector.lambda$3(TestListenerCollector.java:88)
	at com.kms.katalon.core.context.internal.TestListenerCollector.handleListenerEvent(TestListenerCollector.java:85)
	at com.kms.katalon.core.context.internal.ExecutionEventManager.publicEvent(ExecutionEventManager.java:36)
	at com.kms.katalon.core.main.TestCaseExecutor.execute(TestCaseExecutor.java:268)
	at com.kms.katalon.core.common.CommonExecutor.accessTestCaseMainPhase(CommonExecutor.java:65)
	at com.kms.katalon.core.main.TestSuiteExecutor.accessTestSuiteMainPhase(TestSuiteExecutor.java:150)
	at com.kms.katalon.core.main.TestSuiteExecutor.execute(TestSuiteExecutor.java:106)
	at com.kms.katalon.core.main.TestCaseMain.startTestSuite(TestCaseMain.java:180)
	at TempTestSuite1747531571431.run(TempTestSuite1747531571431.groovy:35)
	at java.base/jdk.internal.reflect.NativeMethodAccessorImpl.invoke0(Native Method)
	at java.base/jdk.internal.reflect.NativeMethodAccessorImpl.invoke(NativeMethodAccessorImpl.java:77)
	at java.base/jdk.internal.reflect.DelegatingMethodAccessorImpl.invoke(DelegatingMethodAccessorImpl.java:43)
Caused by: org.openqa.selenium.WebDriverException: An unknown server-side error occurred while processing the command. Original error: 'POST /elements' cannot be proxied to UiAutomator2 server because the instrumentation process is not running (probably crashed). Check the server log and/or the logcat output for more details
Build info: version: '3.141.59', revision: 'unknown', time: 'unknown'
System info: host: '192.168.1.4.non-exists.ptr.local', ip: '2402:800:63f2:b9ce:1859:4296:77a1:a88d%en0', os.name: 'Mac OS X', os.arch: 'aarch64', os.version: '15.4.1', java.version: '17.0.7'
Driver info: com.kms.katalon.core.appium.driver.SwipeableAndroidDriver
Capabilities {automationName: UiAutomator2, databaseEnabled: false, desired: {automationName: UiAutomator2, deviceName: af0c5cf7, noReset: true, platformName: android, waitForIdleTimeout: 3000}, deviceApiLevel: 35, deviceManufacturer: OPPO, deviceModel: CPH2699, deviceName: af0c5cf7, deviceScreenDensity: 480, deviceScreenSize: 1080x2400, deviceUDID: af0c5cf7, javascriptEnabled: true, locationContextEnabled: false, networkConnectionEnabled: true, noReset: true, pixelRatio: 3, platform: LINUX, platformName: Android, platformVersion: 15, statBarHeight: 120, takesScreenshot: true, viewportRect: {height: 2280, left: 0, top: 120, width: 1080}, waitForIdleTimeout: 3000, warnings: {}, webStorageEnabled: false}
Session ID: c0c10e71-bfa6-42a0-bfc6-9e4517bcdaae
*** Element info: {Using=id, value=com.hdbank.ipaper:id/img_logo}
	at jdk.internal.reflect.GeneratedConstructorAccessor30.newInstance(Unknown Source)
	at java.base/jdk.internal.reflect.DelegatingConstructorAccessorImpl.newInstance(DelegatingConstructorAccessorImpl.java:45)
	at org.openqa.selenium.remote.http.W3CHttpResponseCodec.createException(W3CHttpResponseCodec.java:187)
	at org.openqa.selenium.remote.http.W3CHttpResponseCodec.decode(W3CHttpResponseCodec.java:122)
	at org.openqa.selenium.remote.http.W3CHttpResponseCodec.decode(W3CHttpResponseCodec.java:49)
	at org.openqa.selenium.remote.HttpCommandExecutor.execute(HttpCommandExecutor.java:158)
	at io.appium.java_client.remote.AppiumCommandExecutor.execute(AppiumCommandExecutor.java:239)
	at org.openqa.selenium.remote.RemoteWebDriver.execute(RemoteWebDriver.java:552)
	at io.appium.java_client.DefaultGenericMobileDriver.execute(DefaultGenericMobileDriver.java:42)
	at io.appium.java_client.AppiumDriver.execute(AppiumDriver.java:1)
	at io.appium.java_client.android.AndroidDriver.execute(AndroidDriver.java:1)
	at com.kms.katalon.core.appium.driver.SwipeableAndroidDriver.execute(SwipeableAndroidDriver.java:1)
	at org.openqa.selenium.remote.RemoteWebDriver.findElements(RemoteWebDriver.java:353)
	at io.appium.java_client.DefaultGenericMobileDriver.findElements(DefaultGenericMobileDriver.java:54)
	at io.appium.java_client.AppiumDriver.findElements(AppiumDriver.java:152)
	at org.openqa.selenium.remote.RemoteWebDriver.findElementsById(RemoteWebDriver.java:376)
	at io.appium.java_client.DefaultGenericMobileDriver.findElementsById(DefaultGenericMobileDriver.java:66)
	at io.appium.java_client.AppiumDriver.findElementsById(AppiumDriver.java:156)
	at org.openqa.selenium.By$ById.findElements(By.java:180)
	at org.openqa.selenium.remote.RemoteWebDriver.findElements(RemoteWebDriver.java:311)
	at io.appium.java_client.DefaultGenericMobileDriver.findElements(DefaultGenericMobileDriver.java:50)
	at io.appium.java_client.AppiumDriver.findElements(AppiumDriver.java:148)
	at base.BaseKeyword$Trait$Helper$_waitForPresentOf_closure1.doCall(BaseKeyword.groovy:253)
	at jdk.internal.reflect.GeneratedMethodAccessor8.invoke(Unknown Source)
	at java.base/jdk.internal.reflect.DelegatingMethodAccessorImpl.invoke(DelegatingMethodAccessorImpl.java:43)
	at jdk.proxy2/jdk.proxy2.$Proxy34.apply(Unknown Source)
	at org.openqa.selenium.support.ui.FluentWait.until(FluentWait.java:249)
	at base.BaseKeyword$Trait$Helper.waitForPresentOf(BaseKeyword.groovy:252)
	at base.BaseApp.waitForPresentOf(BaseApp.groovy)
	at java.base/jdk.internal.reflect.NativeMethodAccessorImpl.invoke0(Native Method)
	at java.base/jdk.internal.reflect.NativeMethodAccessorImpl.invoke(NativeMethodAccessorImpl.java:77)
	at java.base/jdk.internal.reflect.DelegatingMethodAccessorImpl.invoke(DelegatingMethodAccessorImpl.java:43)
	at base.BaseApp.waitAppLauch(BaseApp.groovy:34)
	at java.base/jdk.internal.reflect.NativeMethodAccessorImpl.invoke0(Native Method)
	at java.base/jdk.internal.reflect.NativeMethodAccessorImpl.invoke(NativeMethodAccessorImpl.java:77)
	at java.base/jdk.internal.reflect.DelegatingMethodAccessorImpl.invoke(DelegatingMethodAccessorImpl.java:43)
	at drivers.Driver.openApp(Driver.groovy:60)
	at java.base/jdk.internal.reflect.NativeMethodAccessorImpl.invoke0(Native Method)
	at java.base/jdk.internal.reflect.NativeMethodAccessorImpl.invoke(NativeMethodAccessorImpl.java:77)
	at java.base/jdk.internal.reflect.DelegatingMethodAccessorImpl.invoke(DelegatingMethodAccessorImpl.java:43)
	at com.kms.katalon.core.main.CustomKeywordDelegatingMetaClass.invokeStaticMethod(CustomKeywordDelegatingMetaClass.java:55)
	... 19 more


18-05-2025T09:29:10 - [MESSAGE][ERROR] - An unknown server-side error occurred while processing the command. Original error: 'POST /elements' cannot be proxied to UiAutomator2 server because the instrumentation process is not running (probably crashed). Check the server log and/or the logcat output for more details
Build info: version: '3.141.59', revision: 'unknown', time: 'unknown'
System info: host: '192.168.1.4.non-exists.ptr.local', ip: '2402:800:63f2:b9ce:1859:4296:77a1:a88d%en0', os.name: 'Mac OS X', os.arch: 'aarch64', os.version: '15.4.1', java.version: '17.0.7'
Driver info: com.kms.katalon.core.appium.driver.SwipeableAndroidDriver
Capabilities {automationName: UiAutomator2, databaseEnabled: false, desired: {automationName: UiAutomator2, deviceName: af0c5cf7, noReset: true, platformName: android, waitForIdleTimeout: 3000}, deviceApiLevel: 35, deviceManufacturer: OPPO, deviceModel: CPH2699, deviceName: af0c5cf7, deviceScreenDensity: 480, deviceScreenSize: 1080x2400, deviceUDID: af0c5cf7, javascriptEnabled: true, locationContextEnabled: false, networkConnectionEnabled: true, noReset: true, pixelRatio: 3, platform: LINUX, platformName: Android, platformVersion: 15, statBarHeight: 120, takesScreenshot: true, viewportRect: {height: 2280, left: 0, top: 120, width: 1080}, waitForIdleTimeout: 3000, warnings: {}, webStorageEnabled: false}
Session ID: c0c10e71-bfa6-42a0-bfc6-9e4517bcdaae
*** Element info: {Using=id, value=com.hdbank.ipaper:id/img_logo}

18-05-2025T09:29:10 - [MESSAGE][ERROR] - com.kms.katalon.core.exception.StepErrorException: org.openqa.selenium.WebDriverException: An unknown server-side error occurred while processing the command. Original error: 'POST /elements' cannot be proxied to UiAutomator2 server because the instrumentation process is not running (probably crashed). Check the server log and/or the logcat output for more details
Build info: version: '3.141.59', revision: 'unknown', time: 'unknown'
System info: host: '192.168.1.4.non-exists.ptr.local', ip: '2402:800:63f2:b9ce:1859:4296:77a1:a88d%en0', os.name: 'Mac OS X', os.arch: 'aarch64', os.version: '15.4.1', java.version: '17.0.7'
Driver info: com.kms.katalon.core.appium.driver.SwipeableAndroidDriver
Capabilities {automationName: UiAutomator2, databaseEnabled: false, desired: {automationName: UiAutomator2, deviceName: af0c5cf7, noReset: true, platformName: android, waitForIdleTimeout: 3000}, deviceApiLevel: 35, deviceManufacturer: OPPO, deviceModel: CPH2699, deviceName: af0c5cf7, deviceScreenDensity: 480, deviceScreenSize: 1080x2400, deviceUDID: af0c5cf7, javascriptEnabled: true, locationContextEnabled: false, networkConnectionEnabled: true, noReset: true, pixelRatio: 3, platform: LINUX, platformName: Android, platformVersion: 15, statBarHeight: 120, takesScreenshot: true, viewportRect: {height: 2280, left: 0, top: 120, width: 1080}, waitForIdleTimeout: 3000, warnings: {}, webStorageEnabled: false}
Session ID: c0c10e71-bfa6-42a0-bfc6-9e4517bcdaae
*** Element info: {Using=id, value=com.hdbank.ipaper:id/img_logo}
	at com.kms.katalon.core.main.CustomKeywordDelegatingMetaClass.throwError(CustomKeywordDelegatingMetaClass.java:101)
	at com.kms.katalon.core.main.CustomKeywordDelegatingMetaClass.invokeStaticMethod(CustomKeywordDelegatingMetaClass.java:73)
	at TestListener.beforeTest(TestListener.groovy:39)
	at java.base/jdk.internal.reflect.NativeMethodAccessorImpl.invoke0(Native Method)
	at java.base/jdk.internal.reflect.NativeMethodAccessorImpl.invoke(NativeMethodAccessorImpl.java:77)
	at java.base/jdk.internal.reflect.DelegatingMethodAccessorImpl.invoke(DelegatingMethodAccessorImpl.java:43)
	at com.kms.katalon.core.context.internal.TestHooker.invokeMethod(TestHooker.java:111)
	at com.kms.katalon.core.context.internal.TestHooker.lambda$3(TestHooker.java:95)
	at com.kms.katalon.core.context.internal.TestHooker.invokeContextMethods(TestHooker.java:94)
	at com.kms.katalon.core.context.internal.TestListenerCollector.lambda$3(TestListenerCollector.java:88)
	at com.kms.katalon.core.context.internal.TestListenerCollector.handleListenerEvent(TestListenerCollector.java:85)
	at com.kms.katalon.core.context.internal.ExecutionEventManager.publicEvent(ExecutionEventManager.java:36)
	at com.kms.katalon.core.main.TestCaseExecutor.execute(TestCaseExecutor.java:268)
	at com.kms.katalon.core.common.CommonExecutor.accessTestCaseMainPhase(CommonExecutor.java:65)
	at com.kms.katalon.core.main.TestSuiteExecutor.accessTestSuiteMainPhase(TestSuiteExecutor.java:150)
	at com.kms.katalon.core.main.TestSuiteExecutor.execute(TestSuiteExecutor.java:106)
	at com.kms.katalon.core.main.TestCaseMain.startTestSuite(TestCaseMain.java:180)
	at TempTestSuite1747531571431.run(TempTestSuite1747531571431.groovy:35)
	at java.base/jdk.internal.reflect.NativeMethodAccessorImpl.invoke0(Native Method)
	at java.base/jdk.internal.reflect.NativeMethodAccessorImpl.invoke(NativeMethodAccessorImpl.java:77)
	at java.base/jdk.internal.reflect.DelegatingMethodAccessorImpl.invoke(DelegatingMethodAccessorImpl.java:43)
Caused by: org.openqa.selenium.WebDriverException: An unknown server-side error occurred while processing the command. Original error: 'POST /elements' cannot be proxied to UiAutomator2 server because the instrumentation process is not running (probably crashed). Check the server log and/or the logcat output for more details
Build info: version: '3.141.59', revision: 'unknown', time: 'unknown'
System info: host: '192.168.1.4.non-exists.ptr.local', ip: '2402:800:63f2:b9ce:1859:4296:77a1:a88d%en0', os.name: 'Mac OS X', os.arch: 'aarch64', os.version: '15.4.1', java.version: '17.0.7'
Driver info: com.kms.katalon.core.appium.driver.SwipeableAndroidDriver
Capabilities {automationName: UiAutomator2, databaseEnabled: false, desired: {automationName: UiAutomator2, deviceName: af0c5cf7, noReset: true, platformName: android, waitForIdleTimeout: 3000}, deviceApiLevel: 35, deviceManufacturer: OPPO, deviceModel: CPH2699, deviceName: af0c5cf7, deviceScreenDensity: 480, deviceScreenSize: 1080x2400, deviceUDID: af0c5cf7, javascriptEnabled: true, locationContextEnabled: false, networkConnectionEnabled: true, noReset: true, pixelRatio: 3, platform: LINUX, platformName: Android, platformVersion: 15, statBarHeight: 120, takesScreenshot: true, viewportRect: {height: 2280, left: 0, top: 120, width: 1080}, waitForIdleTimeout: 3000, warnings: {}, webStorageEnabled: false}
Session ID: c0c10e71-bfa6-42a0-bfc6-9e4517bcdaae
*** Element info: {Using=id, value=com.hdbank.ipaper:id/img_logo}
	at jdk.internal.reflect.GeneratedConstructorAccessor30.newInstance(Unknown Source)
	at java.base/jdk.internal.reflect.DelegatingConstructorAccessorImpl.newInstance(DelegatingConstructorAccessorImpl.java:45)
	at org.openqa.selenium.remote.http.W3CHttpResponseCodec.createException(W3CHttpResponseCodec.java:187)
	at org.openqa.selenium.remote.http.W3CHttpResponseCodec.decode(W3CHttpResponseCodec.java:122)
	at org.openqa.selenium.remote.http.W3CHttpResponseCodec.decode(W3CHttpResponseCodec.java:49)
	at org.openqa.selenium.remote.HttpCommandExecutor.execute(HttpCommandExecutor.java:158)
	at io.appium.java_client.remote.AppiumCommandExecutor.execute(AppiumCommandExecutor.java:239)
	at org.openqa.selenium.remote.RemoteWebDriver.execute(RemoteWebDriver.java:552)
	at io.appium.java_client.DefaultGenericMobileDriver.execute(DefaultGenericMobileDriver.java:42)
	at io.appium.java_client.AppiumDriver.execute(AppiumDriver.java:1)
	at io.appium.java_client.android.AndroidDriver.execute(AndroidDriver.java:1)
	at com.kms.katalon.core.appium.driver.SwipeableAndroidDriver.execute(SwipeableAndroidDriver.java:1)
	at org.openqa.selenium.remote.RemoteWebDriver.findElements(RemoteWebDriver.java:353)
	at io.appium.java_client.DefaultGenericMobileDriver.findElements(DefaultGenericMobileDriver.java:54)
	at io.appium.java_client.AppiumDriver.findElements(AppiumDriver.java:152)
	at org.openqa.selenium.remote.RemoteWebDriver.findElementsById(RemoteWebDriver.java:376)
	at io.appium.java_client.DefaultGenericMobileDriver.findElementsById(DefaultGenericMobileDriver.java:66)
	at io.appium.java_client.AppiumDriver.findElementsById(AppiumDriver.java:156)
	at org.openqa.selenium.By$ById.findElements(By.java:180)
	at org.openqa.selenium.remote.RemoteWebDriver.findElements(RemoteWebDriver.java:311)
	at io.appium.java_client.DefaultGenericMobileDriver.findElements(DefaultGenericMobileDriver.java:50)
	at io.appium.java_client.AppiumDriver.findElements(AppiumDriver.java:148)
	at base.BaseKeyword$Trait$Helper$_waitForPresentOf_closure1.doCall(BaseKeyword.groovy:253)
	at jdk.internal.reflect.GeneratedMethodAccessor8.invoke(Unknown Source)
	at java.base/jdk.internal.reflect.DelegatingMethodAccessorImpl.invoke(DelegatingMethodAccessorImpl.java:43)
	at jdk.proxy2/jdk.proxy2.$Proxy34.apply(Unknown Source)
	at org.openqa.selenium.support.ui.FluentWait.until(FluentWait.java:249)
	at base.BaseKeyword$Trait$Helper.waitForPresentOf(BaseKeyword.groovy:252)
	at base.BaseApp.waitForPresentOf(BaseApp.groovy)
	at java.base/jdk.internal.reflect.NativeMethodAccessorImpl.invoke0(Native Method)
	at java.base/jdk.internal.reflect.NativeMethodAccessorImpl.invoke(NativeMethodAccessorImpl.java:77)
	at java.base/jdk.internal.reflect.DelegatingMethodAccessorImpl.invoke(DelegatingMethodAccessorImpl.java:43)
	at base.BaseApp.waitAppLauch(BaseApp.groovy:34)
	at java.base/jdk.internal.reflect.NativeMethodAccessorImpl.invoke0(Native Method)
	at java.base/jdk.internal.reflect.NativeMethodAccessorImpl.invoke(NativeMethodAccessorImpl.java:77)
	at java.base/jdk.internal.reflect.DelegatingMethodAccessorImpl.invoke(DelegatingMethodAccessorImpl.java:43)
	at drivers.Driver.openApp(Driver.groovy:60)
	at java.base/jdk.internal.reflect.NativeMethodAccessorImpl.invoke0(Native Method)
	at java.base/jdk.internal.reflect.NativeMethodAccessorImpl.invoke(NativeMethodAccessorImpl.java:77)
	at java.base/jdk.internal.reflect.DelegatingMethodAccessorImpl.invoke(DelegatingMethodAccessorImpl.java:43)
	at com.kms.katalon.core.main.CustomKeywordDelegatingMetaClass.invokeStaticMethod(CustomKeywordDelegatingMetaClass.java:55)
	... 19 more


18-05-2025T09:29:10 - [TEST_STEP][PASSED] - FOLDER_NAME = "IPaperDownloads": null

18-05-2025T09:29:10 - [TEST_STEP][PASSED] - REQUEST_NAME = "Trình ký PDF có sẵn": null

18-05-2025T09:29:10 - [TEST_STEP][PASSED] - auto5 = DataTest.getUserTest("auto5"): null

18-05-2025T09:29:10 - [TEST_STEP][PASSED] - auto6 = DataTest.getUserTest("auto6"): null

18-05-2025T09:29:10 - [TEST_STEP][PASSED] - document = DataTest.createDocumentTest(auto5, auto6, null, "dummy.pdf", "dummy.pdf"): null

18-05-2025T09:29:10 - [TEST_STEP][ERROR] - loginScreen.login(auto5): Test Cases/IPAPER APP/045 TAI FILE TAI CHI TIET HO SO_HO SO DI FAILED.
Reason:
org.openqa.selenium.WebDriverException: An unknown server-side error occurred while processing the command. Original error: 'POST /elements' cannot be proxied to UiAutomator2 server because the instrumentation process is not running (probably crashed). Check the server log and/or the logcat output for more details
Build info: version: '3.141.59', revision: 'unknown', time: 'unknown'
System info: host: '192.168.1.4.non-exists.ptr.local', ip: '2402:800:63f2:b9ce:1859:4296:77a1:a88d%en0', os.name: 'Mac OS X', os.arch: 'aarch64', os.version: '15.4.1', java.version: '17.0.7'
Driver info: com.kms.katalon.core.appium.driver.SwipeableAndroidDriver
Capabilities {automationName: UiAutomator2, databaseEnabled: false, desired: {automationName: UiAutomator2, deviceName: af0c5cf7, noReset: true, platformName: android, waitForIdleTimeout: 3000}, deviceApiLevel: 35, deviceManufacturer: OPPO, deviceModel: CPH2699, deviceName: af0c5cf7, deviceScreenDensity: 480, deviceScreenSize: 1080x2400, deviceUDID: af0c5cf7, javascriptEnabled: true, locationContextEnabled: false, networkConnectionEnabled: true, noReset: true, pixelRatio: 3, platform: LINUX, platformName: Android, platformVersion: 15, statBarHeight: 120, takesScreenshot: true, viewportRect: {height: 2280, left: 0, top: 120, width: 1080}, waitForIdleTimeout: 3000, warnings: {}, webStorageEnabled: false}
Session ID: c0c10e71-bfa6-42a0-bfc6-9e4517bcdaae
*** Element info: {Using=xpath, value=//android.widget.EditText[@resource-id='com.hdbank.ipaper:id/edit_text_user_name']}
	at jdk.internal.reflect.GeneratedConstructorAccessor30.newInstance(Unknown Source)
	at java.base/jdk.internal.reflect.DelegatingConstructorAccessorImpl.newInstance(DelegatingConstructorAccessorImpl.java:45)
	at org.openqa.selenium.remote.http.W3CHttpResponseCodec.createException(W3CHttpResponseCodec.java:187)
	at org.openqa.selenium.remote.http.W3CHttpResponseCodec.decode(W3CHttpResponseCodec.java:122)
	at org.openqa.selenium.remote.http.W3CHttpResponseCodec.decode(W3CHttpResponseCodec.java:49)
	at org.openqa.selenium.remote.HttpCommandExecutor.execute(HttpCommandExecutor.java:158)
	at io.appium.java_client.remote.AppiumCommandExecutor.execute(AppiumCommandExecutor.java:239)
	at org.openqa.selenium.remote.RemoteWebDriver.execute(RemoteWebDriver.java:552)
	at io.appium.java_client.DefaultGenericMobileDriver.execute(DefaultGenericMobileDriver.java:42)
	at io.appium.java_client.AppiumDriver.execute(AppiumDriver.java:1)
	at io.appium.java_client.android.AndroidDriver.execute(AndroidDriver.java:1)
	at com.kms.katalon.core.appium.driver.SwipeableAndroidDriver.execute(SwipeableAndroidDriver.java:1)
	at org.openqa.selenium.remote.RemoteWebDriver.findElements(RemoteWebDriver.java:353)
	at io.appium.java_client.DefaultGenericMobileDriver.findElements(DefaultGenericMobileDriver.java:54)
	at io.appium.java_client.AppiumDriver.findElements(AppiumDriver.java:152)
	at org.openqa.selenium.remote.RemoteWebDriver.findElementsByXPath(RemoteWebDriver.java:432)
	at io.appium.java_client.DefaultGenericMobileDriver.findElementsByXPath(DefaultGenericMobileDriver.java:156)
	at io.appium.java_client.AppiumDriver.findElementsByXPath(AppiumDriver.java:184)
	at org.openqa.selenium.By$ByXPath.findElements(By.java:348)
	at org.openqa.selenium.remote.RemoteWebDriver.findElements(RemoteWebDriver.java:311)
	at io.appium.java_client.DefaultGenericMobileDriver.findElements(DefaultGenericMobileDriver.java:50)
	at io.appium.java_client.AppiumDriver.findElements(AppiumDriver.java:148)
	at base.BaseKeyword$Trait$Helper.isDisplayed(BaseKeyword.groovy:234)
	at screens.LoginScreen.isDisplayed(LoginScreen.groovy)
	at base.BaseKeyword$Trait$Helper.isDisplayed(BaseKeyword.groovy:229)
	at screens.LoginScreen.isDisplayed(LoginScreen.groovy)
	at screens.LoginScreen.isGuest(LoginScreen.groovy:34)
	at screens.LoginScreen.login(LoginScreen.groovy:10)
	at 045 TAI FILE TAI CHI TIET HO SO_HO SO DI.run(045 TAI FILE TAI CHI TIET HO SO_HO SO DI:17)
	at com.kms.katalon.core.main.ScriptEngine.run(ScriptEngine.java:194)
	at com.kms.katalon.core.main.ScriptEngine.runScriptAsRawText(ScriptEngine.java:119)
	at com.kms.katalon.core.main.TestCaseExecutor.runScript(TestCaseExecutor.java:448)
	at com.kms.katalon.core.main.TestCaseExecutor.doExecute(TestCaseExecutor.java:439)
	at com.kms.katalon.core.main.TestCaseExecutor.processExecutionPhase(TestCaseExecutor.java:418)
	at com.kms.katalon.core.main.TestCaseExecutor.accessMainPhase(TestCaseExecutor.java:410)
	at com.kms.katalon.core.main.TestCaseExecutor.execute(TestCaseExecutor.java:285)
	at com.kms.katalon.core.common.CommonExecutor.accessTestCaseMainPhase(CommonExecutor.java:65)
	at com.kms.katalon.core.main.TestSuiteExecutor.accessTestSuiteMainPhase(TestSuiteExecutor.java:150)
	at com.kms.katalon.core.main.TestSuiteExecutor.execute(TestSuiteExecutor.java:106)
	at com.kms.katalon.core.main.TestCaseMain.startTestSuite(TestCaseMain.java:180)
	at TempTestSuite1747531571431.run(TempTestSuite1747531571431.groovy:35)
	at java.base/jdk.internal.reflect.NativeMethodAccessorImpl.invoke0(Native Method)
	at java.base/jdk.internal.reflect.NativeMethodAccessorImpl.invoke(NativeMethodAccessorImpl.java:77)
	at java.base/jdk.internal.reflect.DelegatingMethodAccessorImpl.invoke(DelegatingMethodAccessorImpl.java:43)


18-05-2025T09:29:10 - [MESSAGE][ERROR] - Test Cases/IPAPER APP/045 TAI FILE TAI CHI TIET HO SO_HO SO DI FAILED.
Reason:
org.openqa.selenium.WebDriverException: An unknown server-side error occurred while processing the command. Original error: 'POST /elements' cannot be proxied to UiAutomator2 server because the instrumentation process is not running (probably crashed). Check the server log and/or the logcat output for more details
Build info: version: '3.141.59', revision: 'unknown', time: 'unknown'
System info: host: '192.168.1.4.non-exists.ptr.local', ip: '2402:800:63f2:b9ce:1859:4296:77a1:a88d%en0', os.name: 'Mac OS X', os.arch: 'aarch64', os.version: '15.4.1', java.version: '17.0.7'
Driver info: com.kms.katalon.core.appium.driver.SwipeableAndroidDriver
Capabilities {automationName: UiAutomator2, databaseEnabled: false, desired: {automationName: UiAutomator2, deviceName: af0c5cf7, noReset: true, platformName: android, waitForIdleTimeout: 3000}, deviceApiLevel: 35, deviceManufacturer: OPPO, deviceModel: CPH2699, deviceName: af0c5cf7, deviceScreenDensity: 480, deviceScreenSize: 1080x2400, deviceUDID: af0c5cf7, javascriptEnabled: true, locationContextEnabled: false, networkConnectionEnabled: true, noReset: true, pixelRatio: 3, platform: LINUX, platformName: Android, platformVersion: 15, statBarHeight: 120, takesScreenshot: true, viewportRect: {height: 2280, left: 0, top: 120, width: 1080}, waitForIdleTimeout: 3000, warnings: {}, webStorageEnabled: false}
Session ID: c0c10e71-bfa6-42a0-bfc6-9e4517bcdaae
*** Element info: {Using=xpath, value=//android.widget.EditText[@resource-id='com.hdbank.ipaper:id/edit_text_user_name']}
	at jdk.internal.reflect.GeneratedConstructorAccessor30.newInstance(Unknown Source)
	at java.base/jdk.internal.reflect.DelegatingConstructorAccessorImpl.newInstance(DelegatingConstructorAccessorImpl.java:45)
	at org.openqa.selenium.remote.http.W3CHttpResponseCodec.createException(W3CHttpResponseCodec.java:187)
	at org.openqa.selenium.remote.http.W3CHttpResponseCodec.decode(W3CHttpResponseCodec.java:122)
	at org.openqa.selenium.remote.http.W3CHttpResponseCodec.decode(W3CHttpResponseCodec.java:49)
	at org.openqa.selenium.remote.HttpCommandExecutor.execute(HttpCommandExecutor.java:158)
	at io.appium.java_client.remote.AppiumCommandExecutor.execute(AppiumCommandExecutor.java:239)
	at org.openqa.selenium.remote.RemoteWebDriver.execute(RemoteWebDriver.java:552)
	at io.appium.java_client.DefaultGenericMobileDriver.execute(DefaultGenericMobileDriver.java:42)
	at io.appium.java_client.AppiumDriver.execute(AppiumDriver.java:1)
	at io.appium.java_client.android.AndroidDriver.execute(AndroidDriver.java:1)
	at com.kms.katalon.core.appium.driver.SwipeableAndroidDriver.execute(SwipeableAndroidDriver.java:1)
	at org.openqa.selenium.remote.RemoteWebDriver.findElements(RemoteWebDriver.java:353)
	at io.appium.java_client.DefaultGenericMobileDriver.findElements(DefaultGenericMobileDriver.java:54)
	at io.appium.java_client.AppiumDriver.findElements(AppiumDriver.java:152)
	at org.openqa.selenium.remote.RemoteWebDriver.findElementsByXPath(RemoteWebDriver.java:432)
	at io.appium.java_client.DefaultGenericMobileDriver.findElementsByXPath(DefaultGenericMobileDriver.java:156)
	at io.appium.java_client.AppiumDriver.findElementsByXPath(AppiumDriver.java:184)
	at org.openqa.selenium.By$ByXPath.findElements(By.java:348)
	at org.openqa.selenium.remote.RemoteWebDriver.findElements(RemoteWebDriver.java:311)
	at io.appium.java_client.DefaultGenericMobileDriver.findElements(DefaultGenericMobileDriver.java:50)
	at io.appium.java_client.AppiumDriver.findElements(AppiumDriver.java:148)
	at base.BaseKeyword$Trait$Helper.isDisplayed(BaseKeyword.groovy:234)
	at screens.LoginScreen.isDisplayed(LoginScreen.groovy)
	at base.BaseKeyword$Trait$Helper.isDisplayed(BaseKeyword.groovy:229)
	at screens.LoginScreen.isDisplayed(LoginScreen.groovy)
	at screens.LoginScreen.isGuest(LoginScreen.groovy:34)
	at screens.LoginScreen.login(LoginScreen.groovy:10)
	at 045 TAI FILE TAI CHI TIET HO SO_HO SO DI.run(045 TAI FILE TAI CHI TIET HO SO_HO SO DI:17)
	at com.kms.katalon.core.main.ScriptEngine.run(ScriptEngine.java:194)
	at com.kms.katalon.core.main.ScriptEngine.runScriptAsRawText(ScriptEngine.java:119)
	at com.kms.katalon.core.main.TestCaseExecutor.runScript(TestCaseExecutor.java:448)
	at com.kms.katalon.core.main.TestCaseExecutor.doExecute(TestCaseExecutor.java:439)
	at com.kms.katalon.core.main.TestCaseExecutor.processExecutionPhase(TestCaseExecutor.java:418)
	at com.kms.katalon.core.main.TestCaseExecutor.accessMainPhase(TestCaseExecutor.java:410)
	at com.kms.katalon.core.main.TestCaseExecutor.execute(TestCaseExecutor.java:285)
	at com.kms.katalon.core.common.CommonExecutor.accessTestCaseMainPhase(CommonExecutor.java:65)
	at com.kms.katalon.core.main.TestSuiteExecutor.accessTestSuiteMainPhase(TestSuiteExecutor.java:150)
	at com.kms.katalon.core.main.TestSuiteExecutor.execute(TestSuiteExecutor.java:106)
	at com.kms.katalon.core.main.TestCaseMain.startTestSuite(TestCaseMain.java:180)
	at TempTestSuite1747531571431.run(TempTestSuite1747531571431.groovy:35)
	at java.base/jdk.internal.reflect.NativeMethodAccessorImpl.invoke0(Native Method)
	at java.base/jdk.internal.reflect.NativeMethodAccessorImpl.invoke(NativeMethodAccessorImpl.java:77)
	at java.base/jdk.internal.reflect.DelegatingMethodAccessorImpl.invoke(DelegatingMethodAccessorImpl.java:43)


18-05-2025T09:29:10 - [TEST_STEP][ERROR] - Start listener action : afterTest: com.kms.katalon.core.exception.StepFailedException: Unable to take screenshot
	at com.kms.katalon.core.mobile.keyword.internal.MobileKeywordMain.stepFailed(MobileKeywordMain.groovy:64)
	at com.kms.katalon.core.mobile.keyword.internal.MobileKeywordMain.runKeyword(MobileKeywordMain.groovy:34)
	at com.kms.katalon.core.mobile.keyword.builtin.TakeScreenshotKeyword.takeScreenshot(TakeScreenshotKeyword.groovy:94)
	at com.kms.katalon.core.mobile.keyword.builtin.TakeScreenshotKeyword.execute(TakeScreenshotKeyword.groovy:54)
	at com.kms.katalon.core.keyword.internal.KeywordExecutor.executeKeywordForPlatform(KeywordExecutor.groovy:74)
	at com.kms.katalon.core.mobile.keyword.MobileBuiltInKeywords.takeScreenshot(MobileBuiltInKeywords.groovy:218)
	at TestListener.afterTest(TestListener.groovy:45)
	at java.base/jdk.internal.reflect.NativeMethodAccessorImpl.invoke0(Native Method)
	at java.base/jdk.internal.reflect.NativeMethodAccessorImpl.invoke(NativeMethodAccessorImpl.java:77)
	at java.base/jdk.internal.reflect.DelegatingMethodAccessorImpl.invoke(DelegatingMethodAccessorImpl.java:43)
	at com.kms.katalon.core.context.internal.TestHooker.invokeMethod(TestHooker.java:111)
	at com.kms.katalon.core.context.internal.TestHooker.lambda$3(TestHooker.java:95)
	at com.kms.katalon.core.context.internal.TestHooker.invokeContextMethods(TestHooker.java:94)
	at com.kms.katalon.core.context.internal.TestListenerCollector.lambda$3(TestListenerCollector.java:88)
	at com.kms.katalon.core.context.internal.TestListenerCollector.handleListenerEvent(TestListenerCollector.java:85)
	at com.kms.katalon.core.context.internal.ExecutionEventManager.publicEvent(ExecutionEventManager.java:36)
	at com.kms.katalon.core.main.TestCaseExecutor.execute(TestCaseExecutor.java:315)
	at com.kms.katalon.core.common.CommonExecutor.accessTestCaseMainPhase(CommonExecutor.java:65)
	at com.kms.katalon.core.main.TestSuiteExecutor.accessTestSuiteMainPhase(TestSuiteExecutor.java:150)
	at com.kms.katalon.core.main.TestSuiteExecutor.execute(TestSuiteExecutor.java:106)
	at com.kms.katalon.core.main.TestCaseMain.startTestSuite(TestCaseMain.java:180)
	at TempTestSuite1747531571431.run(TempTestSuite1747531571431.groovy:35)
	at java.base/jdk.internal.reflect.NativeMethodAccessorImpl.invoke0(Native Method)
	at java.base/jdk.internal.reflect.NativeMethodAccessorImpl.invoke(NativeMethodAccessorImpl.java:77)
	at java.base/jdk.internal.reflect.DelegatingMethodAccessorImpl.invoke(DelegatingMethodAccessorImpl.java:43)
Caused by: org.openqa.selenium.WebDriverException: An unknown server-side error occurred while processing the command. Original error: 'GET /screenshot' cannot be proxied to UiAutomator2 server because the instrumentation process is not running (probably crashed). Check the server log and/or the logcat output for more details
Build info: version: '3.141.59', revision: 'unknown', time: 'unknown'
System info: host: '192.168.1.4.non-exists.ptr.local', ip: '2402:800:63f2:b9ce:1859:4296:77a1:a88d%en0', os.name: 'Mac OS X', os.arch: 'aarch64', os.version: '15.4.1', java.version: '17.0.7'
Driver info: com.kms.katalon.core.appium.driver.SwipeableAndroidDriver
Capabilities {automationName: UiAutomator2, databaseEnabled: false, desired: {automationName: UiAutomator2, deviceName: af0c5cf7, noReset: true, platformName: android, waitForIdleTimeout: 3000}, deviceApiLevel: 35, deviceManufacturer: OPPO, deviceModel: CPH2699, deviceName: af0c5cf7, deviceScreenDensity: 480, deviceScreenSize: 1080x2400, deviceUDID: af0c5cf7, javascriptEnabled: true, locationContextEnabled: false, networkConnectionEnabled: true, noReset: true, pixelRatio: 3, platform: LINUX, platformName: Android, platformVersion: 15, statBarHeight: 120, takesScreenshot: true, viewportRect: {height: 2280, left: 0, top: 120, width: 1080}, waitForIdleTimeout: 3000, warnings: {}, webStorageEnabled: false}
Session ID: c0c10e71-bfa6-42a0-bfc6-9e4517bcdaae
	at jdk.internal.reflect.GeneratedConstructorAccessor30.newInstance(Unknown Source)
	at java.base/jdk.internal.reflect.DelegatingConstructorAccessorImpl.newInstance(DelegatingConstructorAccessorImpl.java:45)
	at org.openqa.selenium.remote.http.W3CHttpResponseCodec.createException(W3CHttpResponseCodec.java:187)
	at org.openqa.selenium.remote.http.W3CHttpResponseCodec.decode(W3CHttpResponseCodec.java:122)
	at org.openqa.selenium.remote.http.W3CHttpResponseCodec.decode(W3CHttpResponseCodec.java:49)
	at org.openqa.selenium.remote.HttpCommandExecutor.execute(HttpCommandExecutor.java:158)
	at io.appium.java_client.remote.AppiumCommandExecutor.execute(AppiumCommandExecutor.java:239)
	at org.openqa.selenium.remote.RemoteWebDriver.execute(RemoteWebDriver.java:552)
	at io.appium.java_client.DefaultGenericMobileDriver.execute(DefaultGenericMobileDriver.java:46)
	at io.appium.java_client.AppiumDriver.execute(AppiumDriver.java:1)
	at io.appium.java_client.android.AndroidDriver.execute(AndroidDriver.java:1)
	at com.kms.katalon.core.appium.driver.SwipeableAndroidDriver.execute(SwipeableAndroidDriver.java:1)
	at org.openqa.selenium.remote.RemoteWebDriver.getScreenshotAs(RemoteWebDriver.java:295)
	at com.kms.katalon.core.mobile.helper.MobileScreenCaptor.takeScreenshot(MobileScreenCaptor.java:109)
	at com.kms.katalon.core.mobile.keyword.builtin.TakeScreenshotKeyword$_takeScreenshot_closure1.doCall(TakeScreenshotKeyword.groovy:110)
	at com.kms.katalon.core.mobile.keyword.builtin.TakeScreenshotKeyword$_takeScreenshot_closure1.call(TakeScreenshotKeyword.groovy)
	at com.kms.katalon.core.mobile.keyword.internal.MobileKeywordMain.runKeyword(MobileKeywordMain.groovy:30)
	... 23 more


18-05-2025T09:29:10 - [TEST_STEP][ERROR] - if (testCaseStatus != "PASSED"): com.kms.katalon.core.exception.StepFailedException: Unable to take screenshot
	at com.kms.katalon.core.mobile.keyword.internal.MobileKeywordMain.stepFailed(MobileKeywordMain.groovy:64)
	at com.kms.katalon.core.mobile.keyword.internal.MobileKeywordMain.runKeyword(MobileKeywordMain.groovy:34)
	at com.kms.katalon.core.mobile.keyword.builtin.TakeScreenshotKeyword.takeScreenshot(TakeScreenshotKeyword.groovy:94)
	at com.kms.katalon.core.mobile.keyword.builtin.TakeScreenshotKeyword.execute(TakeScreenshotKeyword.groovy:54)
	at com.kms.katalon.core.keyword.internal.KeywordExecutor.executeKeywordForPlatform(KeywordExecutor.groovy:74)
	at com.kms.katalon.core.mobile.keyword.MobileBuiltInKeywords.takeScreenshot(MobileBuiltInKeywords.groovy:218)
	at TestListener.afterTest(TestListener.groovy:45)
	at java.base/jdk.internal.reflect.NativeMethodAccessorImpl.invoke0(Native Method)
	at java.base/jdk.internal.reflect.NativeMethodAccessorImpl.invoke(NativeMethodAccessorImpl.java:77)
	at java.base/jdk.internal.reflect.DelegatingMethodAccessorImpl.invoke(DelegatingMethodAccessorImpl.java:43)
	at com.kms.katalon.core.context.internal.TestHooker.invokeMethod(TestHooker.java:111)
	at com.kms.katalon.core.context.internal.TestHooker.lambda$3(TestHooker.java:95)
	at com.kms.katalon.core.context.internal.TestHooker.invokeContextMethods(TestHooker.java:94)
	at com.kms.katalon.core.context.internal.TestListenerCollector.lambda$3(TestListenerCollector.java:88)
	at com.kms.katalon.core.context.internal.TestListenerCollector.handleListenerEvent(TestListenerCollector.java:85)
	at com.kms.katalon.core.context.internal.ExecutionEventManager.publicEvent(ExecutionEventManager.java:36)
	at com.kms.katalon.core.main.TestCaseExecutor.execute(TestCaseExecutor.java:315)
	at com.kms.katalon.core.common.CommonExecutor.accessTestCaseMainPhase(CommonExecutor.java:65)
	at com.kms.katalon.core.main.TestSuiteExecutor.accessTestSuiteMainPhase(TestSuiteExecutor.java:150)
	at com.kms.katalon.core.main.TestSuiteExecutor.execute(TestSuiteExecutor.java:106)
	at com.kms.katalon.core.main.TestCaseMain.startTestSuite(TestCaseMain.java:180)
	at TempTestSuite1747531571431.run(TempTestSuite1747531571431.groovy:35)
	at java.base/jdk.internal.reflect.NativeMethodAccessorImpl.invoke0(Native Method)
	at java.base/jdk.internal.reflect.NativeMethodAccessorImpl.invoke(NativeMethodAccessorImpl.java:77)
	at java.base/jdk.internal.reflect.DelegatingMethodAccessorImpl.invoke(DelegatingMethodAccessorImpl.java:43)
Caused by: org.openqa.selenium.WebDriverException: An unknown server-side error occurred while processing the command. Original error: 'GET /screenshot' cannot be proxied to UiAutomator2 server because the instrumentation process is not running (probably crashed). Check the server log and/or the logcat output for more details
Build info: version: '3.141.59', revision: 'unknown', time: 'unknown'
System info: host: '192.168.1.4.non-exists.ptr.local', ip: '2402:800:63f2:b9ce:1859:4296:77a1:a88d%en0', os.name: 'Mac OS X', os.arch: 'aarch64', os.version: '15.4.1', java.version: '17.0.7'
Driver info: com.kms.katalon.core.appium.driver.SwipeableAndroidDriver
Capabilities {automationName: UiAutomator2, databaseEnabled: false, desired: {automationName: UiAutomator2, deviceName: af0c5cf7, noReset: true, platformName: android, waitForIdleTimeout: 3000}, deviceApiLevel: 35, deviceManufacturer: OPPO, deviceModel: CPH2699, deviceName: af0c5cf7, deviceScreenDensity: 480, deviceScreenSize: 1080x2400, deviceUDID: af0c5cf7, javascriptEnabled: true, locationContextEnabled: false, networkConnectionEnabled: true, noReset: true, pixelRatio: 3, platform: LINUX, platformName: Android, platformVersion: 15, statBarHeight: 120, takesScreenshot: true, viewportRect: {height: 2280, left: 0, top: 120, width: 1080}, waitForIdleTimeout: 3000, warnings: {}, webStorageEnabled: false}
Session ID: c0c10e71-bfa6-42a0-bfc6-9e4517bcdaae
	at jdk.internal.reflect.GeneratedConstructorAccessor30.newInstance(Unknown Source)
	at java.base/jdk.internal.reflect.DelegatingConstructorAccessorImpl.newInstance(DelegatingConstructorAccessorImpl.java:45)
	at org.openqa.selenium.remote.http.W3CHttpResponseCodec.createException(W3CHttpResponseCodec.java:187)
	at org.openqa.selenium.remote.http.W3CHttpResponseCodec.decode(W3CHttpResponseCodec.java:122)
	at org.openqa.selenium.remote.http.W3CHttpResponseCodec.decode(W3CHttpResponseCodec.java:49)
	at org.openqa.selenium.remote.HttpCommandExecutor.execute(HttpCommandExecutor.java:158)
	at io.appium.java_client.remote.AppiumCommandExecutor.execute(AppiumCommandExecutor.java:239)
	at org.openqa.selenium.remote.RemoteWebDriver.execute(RemoteWebDriver.java:552)
	at io.appium.java_client.DefaultGenericMobileDriver.execute(DefaultGenericMobileDriver.java:46)
	at io.appium.java_client.AppiumDriver.execute(AppiumDriver.java:1)
	at io.appium.java_client.android.AndroidDriver.execute(AndroidDriver.java:1)
	at com.kms.katalon.core.appium.driver.SwipeableAndroidDriver.execute(SwipeableAndroidDriver.java:1)
	at org.openqa.selenium.remote.RemoteWebDriver.getScreenshotAs(RemoteWebDriver.java:295)
	at com.kms.katalon.core.mobile.helper.MobileScreenCaptor.takeScreenshot(MobileScreenCaptor.java:109)
	at com.kms.katalon.core.mobile.keyword.builtin.TakeScreenshotKeyword$_takeScreenshot_closure1.doCall(TakeScreenshotKeyword.groovy:110)
	at com.kms.katalon.core.mobile.keyword.builtin.TakeScreenshotKeyword$_takeScreenshot_closure1.call(TakeScreenshotKeyword.groovy)
	at com.kms.katalon.core.mobile.keyword.internal.MobileKeywordMain.runKeyword(MobileKeywordMain.groovy:30)
	... 23 more


18-05-2025T09:29:10 - [TEST_STEP][ERROR] - takeScreenshot(ErrorScreen/$GlobalVariable.PLATFORM/$testCaseContext.getTestCaseId().png): com.kms.katalon.core.exception.StepFailedException: Unable to take screenshot
	at com.kms.katalon.core.mobile.keyword.internal.MobileKeywordMain.stepFailed(MobileKeywordMain.groovy:64)
	at com.kms.katalon.core.mobile.keyword.internal.MobileKeywordMain.runKeyword(MobileKeywordMain.groovy:34)
	at com.kms.katalon.core.mobile.keyword.builtin.TakeScreenshotKeyword.takeScreenshot(TakeScreenshotKeyword.groovy:94)
	at com.kms.katalon.core.mobile.keyword.builtin.TakeScreenshotKeyword.execute(TakeScreenshotKeyword.groovy:54)
	at com.kms.katalon.core.keyword.internal.KeywordExecutor.executeKeywordForPlatform(KeywordExecutor.groovy:74)
	at com.kms.katalon.core.mobile.keyword.MobileBuiltInKeywords.takeScreenshot(MobileBuiltInKeywords.groovy:218)
	at TestListener.afterTest(TestListener.groovy:45)
	at java.base/jdk.internal.reflect.NativeMethodAccessorImpl.invoke0(Native Method)
	at java.base/jdk.internal.reflect.NativeMethodAccessorImpl.invoke(NativeMethodAccessorImpl.java:77)
	at java.base/jdk.internal.reflect.DelegatingMethodAccessorImpl.invoke(DelegatingMethodAccessorImpl.java:43)
	at com.kms.katalon.core.context.internal.TestHooker.invokeMethod(TestHooker.java:111)
	at com.kms.katalon.core.context.internal.TestHooker.lambda$3(TestHooker.java:95)
	at com.kms.katalon.core.context.internal.TestHooker.invokeContextMethods(TestHooker.java:94)
	at com.kms.katalon.core.context.internal.TestListenerCollector.lambda$3(TestListenerCollector.java:88)
	at com.kms.katalon.core.context.internal.TestListenerCollector.handleListenerEvent(TestListenerCollector.java:85)
	at com.kms.katalon.core.context.internal.ExecutionEventManager.publicEvent(ExecutionEventManager.java:36)
	at com.kms.katalon.core.main.TestCaseExecutor.execute(TestCaseExecutor.java:315)
	at com.kms.katalon.core.common.CommonExecutor.accessTestCaseMainPhase(CommonExecutor.java:65)
	at com.kms.katalon.core.main.TestSuiteExecutor.accessTestSuiteMainPhase(TestSuiteExecutor.java:150)
	at com.kms.katalon.core.main.TestSuiteExecutor.execute(TestSuiteExecutor.java:106)
	at com.kms.katalon.core.main.TestCaseMain.startTestSuite(TestCaseMain.java:180)
	at TempTestSuite1747531571431.run(TempTestSuite1747531571431.groovy:35)
	at java.base/jdk.internal.reflect.NativeMethodAccessorImpl.invoke0(Native Method)
	at java.base/jdk.internal.reflect.NativeMethodAccessorImpl.invoke(NativeMethodAccessorImpl.java:77)
	at java.base/jdk.internal.reflect.DelegatingMethodAccessorImpl.invoke(DelegatingMethodAccessorImpl.java:43)
Caused by: org.openqa.selenium.WebDriverException: An unknown server-side error occurred while processing the command. Original error: 'GET /screenshot' cannot be proxied to UiAutomator2 server because the instrumentation process is not running (probably crashed). Check the server log and/or the logcat output for more details
Build info: version: '3.141.59', revision: 'unknown', time: 'unknown'
System info: host: '192.168.1.4.non-exists.ptr.local', ip: '2402:800:63f2:b9ce:1859:4296:77a1:a88d%en0', os.name: 'Mac OS X', os.arch: 'aarch64', os.version: '15.4.1', java.version: '17.0.7'
Driver info: com.kms.katalon.core.appium.driver.SwipeableAndroidDriver
Capabilities {automationName: UiAutomator2, databaseEnabled: false, desired: {automationName: UiAutomator2, deviceName: af0c5cf7, noReset: true, platformName: android, waitForIdleTimeout: 3000}, deviceApiLevel: 35, deviceManufacturer: OPPO, deviceModel: CPH2699, deviceName: af0c5cf7, deviceScreenDensity: 480, deviceScreenSize: 1080x2400, deviceUDID: af0c5cf7, javascriptEnabled: true, locationContextEnabled: false, networkConnectionEnabled: true, noReset: true, pixelRatio: 3, platform: LINUX, platformName: Android, platformVersion: 15, statBarHeight: 120, takesScreenshot: true, viewportRect: {height: 2280, left: 0, top: 120, width: 1080}, waitForIdleTimeout: 3000, warnings: {}, webStorageEnabled: false}
Session ID: c0c10e71-bfa6-42a0-bfc6-9e4517bcdaae
	at jdk.internal.reflect.GeneratedConstructorAccessor30.newInstance(Unknown Source)
	at java.base/jdk.internal.reflect.DelegatingConstructorAccessorImpl.newInstance(DelegatingConstructorAccessorImpl.java:45)
	at org.openqa.selenium.remote.http.W3CHttpResponseCodec.createException(W3CHttpResponseCodec.java:187)
	at org.openqa.selenium.remote.http.W3CHttpResponseCodec.decode(W3CHttpResponseCodec.java:122)
	at org.openqa.selenium.remote.http.W3CHttpResponseCodec.decode(W3CHttpResponseCodec.java:49)
	at org.openqa.selenium.remote.HttpCommandExecutor.execute(HttpCommandExecutor.java:158)
	at io.appium.java_client.remote.AppiumCommandExecutor.execute(AppiumCommandExecutor.java:239)
	at org.openqa.selenium.remote.RemoteWebDriver.execute(RemoteWebDriver.java:552)
	at io.appium.java_client.DefaultGenericMobileDriver.execute(DefaultGenericMobileDriver.java:46)
	at io.appium.java_client.AppiumDriver.execute(AppiumDriver.java:1)
	at io.appium.java_client.android.AndroidDriver.execute(AndroidDriver.java:1)
	at com.kms.katalon.core.appium.driver.SwipeableAndroidDriver.execute(SwipeableAndroidDriver.java:1)
	at org.openqa.selenium.remote.RemoteWebDriver.getScreenshotAs(RemoteWebDriver.java:295)
	at com.kms.katalon.core.mobile.helper.MobileScreenCaptor.takeScreenshot(MobileScreenCaptor.java:109)
	at com.kms.katalon.core.mobile.keyword.builtin.TakeScreenshotKeyword$_takeScreenshot_closure1.doCall(TakeScreenshotKeyword.groovy:110)
	at com.kms.katalon.core.mobile.keyword.builtin.TakeScreenshotKeyword$_takeScreenshot_closure1.call(TakeScreenshotKeyword.groovy)
	at com.kms.katalon.core.mobile.keyword.internal.MobileKeywordMain.runKeyword(MobileKeywordMain.groovy:30)
	... 23 more


18-05-2025T09:29:10 - [MESSAGE][FAILED] - Unable to take screenshot (Root cause: com.kms.katalon.core.exception.StepFailedException: Unable to take screenshot
	at com.kms.katalon.core.mobile.keyword.internal.MobileKeywordMain.stepFailed(MobileKeywordMain.groovy:64)
	at com.kms.katalon.core.mobile.keyword.internal.MobileKeywordMain.runKeyword(MobileKeywordMain.groovy:34)
	at com.kms.katalon.core.mobile.keyword.builtin.TakeScreenshotKeyword.takeScreenshot(TakeScreenshotKeyword.groovy:94)
	at com.kms.katalon.core.mobile.keyword.builtin.TakeScreenshotKeyword.execute(TakeScreenshotKeyword.groovy:54)
	at com.kms.katalon.core.keyword.internal.KeywordExecutor.executeKeywordForPlatform(KeywordExecutor.groovy:74)
	at com.kms.katalon.core.mobile.keyword.MobileBuiltInKeywords.takeScreenshot(MobileBuiltInKeywords.groovy:218)
	at TestListener.afterTest(TestListener.groovy:45)
	at java.base/jdk.internal.reflect.NativeMethodAccessorImpl.invoke0(Native Method)
	at java.base/jdk.internal.reflect.NativeMethodAccessorImpl.invoke(NativeMethodAccessorImpl.java:77)
	at java.base/jdk.internal.reflect.DelegatingMethodAccessorImpl.invoke(DelegatingMethodAccessorImpl.java:43)
	at com.kms.katalon.core.context.internal.TestHooker.invokeMethod(TestHooker.java:111)
	at com.kms.katalon.core.context.internal.TestHooker.lambda$3(TestHooker.java:95)
	at com.kms.katalon.core.context.internal.TestHooker.invokeContextMethods(TestHooker.java:94)
	at com.kms.katalon.core.context.internal.TestListenerCollector.lambda$3(TestListenerCollector.java:88)
	at com.kms.katalon.core.context.internal.TestListenerCollector.handleListenerEvent(TestListenerCollector.java:85)
	at com.kms.katalon.core.context.internal.ExecutionEventManager.publicEvent(ExecutionEventManager.java:36)
	at com.kms.katalon.core.main.TestCaseExecutor.execute(TestCaseExecutor.java:315)
	at com.kms.katalon.core.common.CommonExecutor.accessTestCaseMainPhase(CommonExecutor.java:65)
	at com.kms.katalon.core.main.TestSuiteExecutor.accessTestSuiteMainPhase(TestSuiteExecutor.java:150)
	at com.kms.katalon.core.main.TestSuiteExecutor.execute(TestSuiteExecutor.java:106)
	at com.kms.katalon.core.main.TestCaseMain.startTestSuite(TestCaseMain.java:180)
	at TempTestSuite1747531571431.run(TempTestSuite1747531571431.groovy:35)
	at java.base/jdk.internal.reflect.NativeMethodAccessorImpl.invoke0(Native Method)
	at java.base/jdk.internal.reflect.NativeMethodAccessorImpl.invoke(NativeMethodAccessorImpl.java:77)
	at java.base/jdk.internal.reflect.DelegatingMethodAccessorImpl.invoke(DelegatingMethodAccessorImpl.java:43)
Caused by: org.openqa.selenium.WebDriverException: An unknown server-side error occurred while processing the command. Original error: 'GET /screenshot' cannot be proxied to UiAutomator2 server because the instrumentation process is not running (probably crashed). Check the server log and/or the logcat output for more details
Build info: version: '3.141.59', revision: 'unknown', time: 'unknown'
System info: host: '192.168.1.4.non-exists.ptr.local', ip: '2402:800:63f2:b9ce:1859:4296:77a1:a88d%en0', os.name: 'Mac OS X', os.arch: 'aarch64', os.version: '15.4.1', java.version: '17.0.7'
Driver info: com.kms.katalon.core.appium.driver.SwipeableAndroidDriver
Capabilities {automationName: UiAutomator2, databaseEnabled: false, desired: {automationName: UiAutomator2, deviceName: af0c5cf7, noReset: true, platformName: android, waitForIdleTimeout: 3000}, deviceApiLevel: 35, deviceManufacturer: OPPO, deviceModel: CPH2699, deviceName: af0c5cf7, deviceScreenDensity: 480, deviceScreenSize: 1080x2400, deviceUDID: af0c5cf7, javascriptEnabled: true, locationContextEnabled: false, networkConnectionEnabled: true, noReset: true, pixelRatio: 3, platform: LINUX, platformName: Android, platformVersion: 15, statBarHeight: 120, takesScreenshot: true, viewportRect: {height: 2280, left: 0, top: 120, width: 1080}, waitForIdleTimeout: 3000, warnings: {}, webStorageEnabled: false}
Session ID: c0c10e71-bfa6-42a0-bfc6-9e4517bcdaae
	at jdk.internal.reflect.GeneratedConstructorAccessor30.newInstance(Unknown Source)
	at java.base/jdk.internal.reflect.DelegatingConstructorAccessorImpl.newInstance(DelegatingConstructorAccessorImpl.java:45)
	at org.openqa.selenium.remote.http.W3CHttpResponseCodec.createException(W3CHttpResponseCodec.java:187)
	at org.openqa.selenium.remote.http.W3CHttpResponseCodec.decode(W3CHttpResponseCodec.java:122)
	at org.openqa.selenium.remote.http.W3CHttpResponseCodec.decode(W3CHttpResponseCodec.java:49)
	at org.openqa.selenium.remote.HttpCommandExecutor.execute(HttpCommandExecutor.java:158)
	at io.appium.java_client.remote.AppiumCommandExecutor.execute(AppiumCommandExecutor.java:239)
	at org.openqa.selenium.remote.RemoteWebDriver.execute(RemoteWebDriver.java:552)
	at io.appium.java_client.DefaultGenericMobileDriver.execute(DefaultGenericMobileDriver.java:46)
	at io.appium.java_client.AppiumDriver.execute(AppiumDriver.java:1)
	at io.appium.java_client.android.AndroidDriver.execute(AndroidDriver.java:1)
	at com.kms.katalon.core.appium.driver.SwipeableAndroidDriver.execute(SwipeableAndroidDriver.java:1)
	at org.openqa.selenium.remote.RemoteWebDriver.getScreenshotAs(RemoteWebDriver.java:295)
	at com.kms.katalon.core.mobile.helper.MobileScreenCaptor.takeScreenshot(MobileScreenCaptor.java:109)
	at com.kms.katalon.core.mobile.keyword.builtin.TakeScreenshotKeyword$_takeScreenshot_closure1.doCall(TakeScreenshotKeyword.groovy:110)
	at com.kms.katalon.core.mobile.keyword.builtin.TakeScreenshotKeyword$_takeScreenshot_closure1.call(TakeScreenshotKeyword.groovy)
	at com.kms.katalon.core.mobile.keyword.internal.MobileKeywordMain.runKeyword(MobileKeywordMain.groovy:30)
	... 23 more
)

18-05-2025T09:29:10 - [MESSAGE][ERROR] - com.kms.katalon.core.exception.StepFailedException: Unable to take screenshot
	at com.kms.katalon.core.mobile.keyword.internal.MobileKeywordMain.stepFailed(MobileKeywordMain.groovy:64)
	at com.kms.katalon.core.mobile.keyword.internal.MobileKeywordMain.runKeyword(MobileKeywordMain.groovy:34)
	at com.kms.katalon.core.mobile.keyword.builtin.TakeScreenshotKeyword.takeScreenshot(TakeScreenshotKeyword.groovy:94)
	at com.kms.katalon.core.mobile.keyword.builtin.TakeScreenshotKeyword.execute(TakeScreenshotKeyword.groovy:54)
	at com.kms.katalon.core.keyword.internal.KeywordExecutor.executeKeywordForPlatform(KeywordExecutor.groovy:74)
	at com.kms.katalon.core.mobile.keyword.MobileBuiltInKeywords.takeScreenshot(MobileBuiltInKeywords.groovy:218)
	at TestListener.afterTest(TestListener.groovy:45)
	at java.base/jdk.internal.reflect.NativeMethodAccessorImpl.invoke0(Native Method)
	at java.base/jdk.internal.reflect.NativeMethodAccessorImpl.invoke(NativeMethodAccessorImpl.java:77)
	at java.base/jdk.internal.reflect.DelegatingMethodAccessorImpl.invoke(DelegatingMethodAccessorImpl.java:43)
	at com.kms.katalon.core.context.internal.TestHooker.invokeMethod(TestHooker.java:111)
	at com.kms.katalon.core.context.internal.TestHooker.lambda$3(TestHooker.java:95)
	at com.kms.katalon.core.context.internal.TestHooker.invokeContextMethods(TestHooker.java:94)
	at com.kms.katalon.core.context.internal.TestListenerCollector.lambda$3(TestListenerCollector.java:88)
	at com.kms.katalon.core.context.internal.TestListenerCollector.handleListenerEvent(TestListenerCollector.java:85)
	at com.kms.katalon.core.context.internal.ExecutionEventManager.publicEvent(ExecutionEventManager.java:36)
	at com.kms.katalon.core.main.TestCaseExecutor.execute(TestCaseExecutor.java:315)
	at com.kms.katalon.core.common.CommonExecutor.accessTestCaseMainPhase(CommonExecutor.java:65)
	at com.kms.katalon.core.main.TestSuiteExecutor.accessTestSuiteMainPhase(TestSuiteExecutor.java:150)
	at com.kms.katalon.core.main.TestSuiteExecutor.execute(TestSuiteExecutor.java:106)
	at com.kms.katalon.core.main.TestCaseMain.startTestSuite(TestCaseMain.java:180)
	at TempTestSuite1747531571431.run(TempTestSuite1747531571431.groovy:35)
	at java.base/jdk.internal.reflect.NativeMethodAccessorImpl.invoke0(Native Method)
	at java.base/jdk.internal.reflect.NativeMethodAccessorImpl.invoke(NativeMethodAccessorImpl.java:77)
	at java.base/jdk.internal.reflect.DelegatingMethodAccessorImpl.invoke(DelegatingMethodAccessorImpl.java:43)
Caused by: org.openqa.selenium.WebDriverException: An unknown server-side error occurred while processing the command. Original error: 'GET /screenshot' cannot be proxied to UiAutomator2 server because the instrumentation process is not running (probably crashed). Check the server log and/or the logcat output for more details
Build info: version: '3.141.59', revision: 'unknown', time: 'unknown'
System info: host: '192.168.1.4.non-exists.ptr.local', ip: '2402:800:63f2:b9ce:1859:4296:77a1:a88d%en0', os.name: 'Mac OS X', os.arch: 'aarch64', os.version: '15.4.1', java.version: '17.0.7'
Driver info: com.kms.katalon.core.appium.driver.SwipeableAndroidDriver
Capabilities {automationName: UiAutomator2, databaseEnabled: false, desired: {automationName: UiAutomator2, deviceName: af0c5cf7, noReset: true, platformName: android, waitForIdleTimeout: 3000}, deviceApiLevel: 35, deviceManufacturer: OPPO, deviceModel: CPH2699, deviceName: af0c5cf7, deviceScreenDensity: 480, deviceScreenSize: 1080x2400, deviceUDID: af0c5cf7, javascriptEnabled: true, locationContextEnabled: false, networkConnectionEnabled: true, noReset: true, pixelRatio: 3, platform: LINUX, platformName: Android, platformVersion: 15, statBarHeight: 120, takesScreenshot: true, viewportRect: {height: 2280, left: 0, top: 120, width: 1080}, waitForIdleTimeout: 3000, warnings: {}, webStorageEnabled: false}
Session ID: c0c10e71-bfa6-42a0-bfc6-9e4517bcdaae
	at jdk.internal.reflect.GeneratedConstructorAccessor30.newInstance(Unknown Source)
	at java.base/jdk.internal.reflect.DelegatingConstructorAccessorImpl.newInstance(DelegatingConstructorAccessorImpl.java:45)
	at org.openqa.selenium.remote.http.W3CHttpResponseCodec.createException(W3CHttpResponseCodec.java:187)
	at org.openqa.selenium.remote.http.W3CHttpResponseCodec.decode(W3CHttpResponseCodec.java:122)
	at org.openqa.selenium.remote.http.W3CHttpResponseCodec.decode(W3CHttpResponseCodec.java:49)
	at org.openqa.selenium.remote.HttpCommandExecutor.execute(HttpCommandExecutor.java:158)
	at io.appium.java_client.remote.AppiumCommandExecutor.execute(AppiumCommandExecutor.java:239)
	at org.openqa.selenium.remote.RemoteWebDriver.execute(RemoteWebDriver.java:552)
	at io.appium.java_client.DefaultGenericMobileDriver.execute(DefaultGenericMobileDriver.java:46)
	at io.appium.java_client.AppiumDriver.execute(AppiumDriver.java:1)
	at io.appium.java_client.android.AndroidDriver.execute(AndroidDriver.java:1)
	at com.kms.katalon.core.appium.driver.SwipeableAndroidDriver.execute(SwipeableAndroidDriver.java:1)
	at org.openqa.selenium.remote.RemoteWebDriver.getScreenshotAs(RemoteWebDriver.java:295)
	at com.kms.katalon.core.mobile.helper.MobileScreenCaptor.takeScreenshot(MobileScreenCaptor.java:109)
	at com.kms.katalon.core.mobile.keyword.builtin.TakeScreenshotKeyword$_takeScreenshot_closure1.doCall(TakeScreenshotKeyword.groovy:110)
	at com.kms.katalon.core.mobile.keyword.builtin.TakeScreenshotKeyword$_takeScreenshot_closure1.call(TakeScreenshotKeyword.groovy)
	at com.kms.katalon.core.mobile.keyword.internal.MobileKeywordMain.runKeyword(MobileKeywordMain.groovy:30)
	... 23 more]]></system-out>
         <system-err><![CDATA[18-05-2025T09:29:10 - [TEST_CASE][ERROR] - Test Cases/IPAPER APP/045 TAI FILE TAI CHI TIET HO SO_HO SO DI: Test Cases/IPAPER APP/045 TAI FILE TAI CHI TIET HO SO_HO SO DI FAILED.
Reason:
org.openqa.selenium.WebDriverException: An unknown server-side error occurred while processing the command. Original error: 'POST /elements' cannot be proxied to UiAutomator2 server because the instrumentation process is not running (probably crashed). Check the server log and/or the logcat output for more details
Build info: version: '3.141.59', revision: 'unknown', time: 'unknown'
System info: host: '192.168.1.4.non-exists.ptr.local', ip: '2402:800:63f2:b9ce:1859:4296:77a1:a88d%en0', os.name: 'Mac OS X', os.arch: 'aarch64', os.version: '15.4.1', java.version: '17.0.7'
Driver info: com.kms.katalon.core.appium.driver.SwipeableAndroidDriver
Capabilities {automationName: UiAutomator2, databaseEnabled: false, desired: {automationName: UiAutomator2, deviceName: af0c5cf7, noReset: true, platformName: android, waitForIdleTimeout: 3000}, deviceApiLevel: 35, deviceManufacturer: OPPO, deviceModel: CPH2699, deviceName: af0c5cf7, deviceScreenDensity: 480, deviceScreenSize: 1080x2400, deviceUDID: af0c5cf7, javascriptEnabled: true, locationContextEnabled: false, networkConnectionEnabled: true, noReset: true, pixelRatio: 3, platform: LINUX, platformName: Android, platformVersion: 15, statBarHeight: 120, takesScreenshot: true, viewportRect: {height: 2280, left: 0, top: 120, width: 1080}, waitForIdleTimeout: 3000, warnings: {}, webStorageEnabled: false}
Session ID: c0c10e71-bfa6-42a0-bfc6-9e4517bcdaae
*** Element info: {Using=xpath, value=//android.widget.EditText[@resource-id='com.hdbank.ipaper:id/edit_text_user_name']}
	at jdk.internal.reflect.GeneratedConstructorAccessor30.newInstance(Unknown Source)
	at java.base/jdk.internal.reflect.DelegatingConstructorAccessorImpl.newInstance(DelegatingConstructorAccessorImpl.java:45)
	at org.openqa.selenium.remote.http.W3CHttpResponseCodec.createException(W3CHttpResponseCodec.java:187)
	at org.openqa.selenium.remote.http.W3CHttpResponseCodec.decode(W3CHttpResponseCodec.java:122)
	at org.openqa.selenium.remote.http.W3CHttpResponseCodec.decode(W3CHttpResponseCodec.java:49)
	at org.openqa.selenium.remote.HttpCommandExecutor.execute(HttpCommandExecutor.java:158)
	at io.appium.java_client.remote.AppiumCommandExecutor.execute(AppiumCommandExecutor.java:239)
	at org.openqa.selenium.remote.RemoteWebDriver.execute(RemoteWebDriver.java:552)
	at io.appium.java_client.DefaultGenericMobileDriver.execute(DefaultGenericMobileDriver.java:42)
	at io.appium.java_client.AppiumDriver.execute(AppiumDriver.java:1)
	at io.appium.java_client.android.AndroidDriver.execute(AndroidDriver.java:1)
	at com.kms.katalon.core.appium.driver.SwipeableAndroidDriver.execute(SwipeableAndroidDriver.java:1)
	at org.openqa.selenium.remote.RemoteWebDriver.findElements(RemoteWebDriver.java:353)
	at io.appium.java_client.DefaultGenericMobileDriver.findElements(DefaultGenericMobileDriver.java:54)
	at io.appium.java_client.AppiumDriver.findElements(AppiumDriver.java:152)
	at org.openqa.selenium.remote.RemoteWebDriver.findElementsByXPath(RemoteWebDriver.java:432)
	at io.appium.java_client.DefaultGenericMobileDriver.findElementsByXPath(DefaultGenericMobileDriver.java:156)
	at io.appium.java_client.AppiumDriver.findElementsByXPath(AppiumDriver.java:184)
	at org.openqa.selenium.By$ByXPath.findElements(By.java:348)
	at org.openqa.selenium.remote.RemoteWebDriver.findElements(RemoteWebDriver.java:311)
	at io.appium.java_client.DefaultGenericMobileDriver.findElements(DefaultGenericMobileDriver.java:50)
	at io.appium.java_client.AppiumDriver.findElements(AppiumDriver.java:148)
	at base.BaseKeyword$Trait$Helper.isDisplayed(BaseKeyword.groovy:234)
	at screens.LoginScreen.isDisplayed(LoginScreen.groovy)
	at base.BaseKeyword$Trait$Helper.isDisplayed(BaseKeyword.groovy:229)
	at screens.LoginScreen.isDisplayed(LoginScreen.groovy)
	at screens.LoginScreen.isGuest(LoginScreen.groovy:34)
	at screens.LoginScreen.login(LoginScreen.groovy:10)
	at 045 TAI FILE TAI CHI TIET HO SO_HO SO DI.run(045 TAI FILE TAI CHI TIET HO SO_HO SO DI:17)
	at com.kms.katalon.core.main.ScriptEngine.run(ScriptEngine.java:194)
	at com.kms.katalon.core.main.ScriptEngine.runScriptAsRawText(ScriptEngine.java:119)
	at com.kms.katalon.core.main.TestCaseExecutor.runScript(TestCaseExecutor.java:448)
	at com.kms.katalon.core.main.TestCaseExecutor.doExecute(TestCaseExecutor.java:439)
	at com.kms.katalon.core.main.TestCaseExecutor.processExecutionPhase(TestCaseExecutor.java:418)
	at com.kms.katalon.core.main.TestCaseExecutor.accessMainPhase(TestCaseExecutor.java:410)
	at com.kms.katalon.core.main.TestCaseExecutor.execute(TestCaseExecutor.java:285)
	at com.kms.katalon.core.common.CommonExecutor.accessTestCaseMainPhase(CommonExecutor.java:65)
	at com.kms.katalon.core.main.TestSuiteExecutor.accessTestSuiteMainPhase(TestSuiteExecutor.java:150)
	at com.kms.katalon.core.main.TestSuiteExecutor.execute(TestSuiteExecutor.java:106)
	at com.kms.katalon.core.main.TestCaseMain.startTestSuite(TestCaseMain.java:180)
	at TempTestSuite1747531571431.run(TempTestSuite1747531571431.groovy:35)
	at java.base/jdk.internal.reflect.NativeMethodAccessorImpl.invoke0(Native Method)
	at java.base/jdk.internal.reflect.NativeMethodAccessorImpl.invoke(NativeMethodAccessorImpl.java:77)
	at java.base/jdk.internal.reflect.DelegatingMethodAccessorImpl.invoke(DelegatingMethodAccessorImpl.java:43)]]></system-err>
      </testcase>
      <testcase name="Test Cases/IPAPER APP/044 TAO MOI QUY TRINH_1 BUOC" time="0.449" classname="Test Cases/IPAPER APP/044 TAO MOI QUY TRINH_1 BUOC" status="PASSED">
         <system-out><![CDATA[18-05-2025T09:29:10 - [TEST_CASE][PASSED] - Test Cases/IPAPER APP/044 TAO MOI QUY TRINH_1 BUOC: null

18-05-2025T09:29:10 - [TEST_STEP][PASSED] - Start listener action : afterTest: null

18-05-2025T09:29:10 - [TEST_STEP][PASSED] - if (testCaseStatus != "PASSED"): null

18-05-2025T09:29:10 - [TEST_STEP][PASSED] - drivers.Driver.closeApp(): drivers.Driver.closeApp is PASSED

18-05-2025T09:29:11 - [MESSAGE][PASSED] - drivers.Driver.closeApp is PASSED

18-05-2025T09:29:11 - [TEST_STEP][PASSED] - if (tsContext == null): null]]></system-out>
         <system-err><![CDATA[]]></system-err>
      </testcase>
      <system-out><![CDATA[18-05-2025T08:26:13 - [TEST_SUITE][INCOMPLETE] - Demo: null]]></system-out>
      <system-err><![CDATA[18-05-2025T08:26:13 - [TEST_SUITE][INCOMPLETE] - Demo: null]]></system-err>
   </testsuite>
</testsuites>
