<?xml version="1.0" encoding="UTF-8"?>
<testsuites name="Demo" time="2239.324" tests="18" failures="1" errors="4">
   <testsuite name="Demo" tests="18" failures="1" errors="4" time="2239.324" skipped="0" timestamp="18-05-2025T10:35:57" hostname="cuongvo - 125.235.4.59.adsl.viettel.vn" id="Test Suites/Demo">
      <properties>
         <property name="deviceName" value="null"/>
         <property name="devicePlatform" value="null"/>
         <property name="logFolder" value="/Users/cuongvo/hdb_katalon/IPaper/Reports/20250518_103554/Demo/20250518_103555"/>
         <property name="logFiles" value="/Users/cuongvo/hdb_katalon/IPaper/Reports/20250518_103554/Demo/20250518_103555/execution0.log"/>
         <property name="attachments" value="ErrorScreen/Android/Test Cases/IPAPER APP/044 TAI FILE TAI MAIN FILE_HO SO DEN.png, ErrorScreen/Android/Test Cases/IPAPER APP/043 TAI FILE TAI CHI TIET HO SO_HO SO DEN.png, ErrorScreen/Android/Test Cases/IPAPER APP/037 LAY Y KIEN NHANH_KHONG NHAP Y KIEN.png, ErrorScreen/Android/Test Cases/IPAPER APP/049 TIM KIEM HO SO THEO BO LOC.png, ErrorScreen/Android/Test Cases/IPAPER APP/045 TAI FILE TAI CHI TIET HO SO_HO SO DI.png"/>
         <property name="hostName" value="cuongvo - 125.235.4.59.adsl.viettel.vn"/>
         <property name="os" value="Mac OS X 64bit"/>
         <property name="appiumServerStatus" value="{&quot;value&quot;:{&quot;ready&quot;:true,&quot;message&quot;:&quot;The server is ready to accept new connections&quot;,&quot;build&quot;:{&quot;version&quot;:&quot;2.17.1&quot;}}}"/>
         <property name="katalonVersion" value="9.7.5.223"/>
         <property name="deviceOS" value="null"/>
         <property name="appiumVersion" value="2.17.1"/>
         <property name="deviceModel" value="null"/>
         <property name="hostAddress" value="125.235.4.59"/>
         <property name="deviceManufacturer" value="null"/>
         <property name="deviceId" value="null"/>
         <property name="deviceName" value="null"/>
         <property name="deviceOSVersion" value="null"/>
      </properties>
      <testcase name="Test Cases/IPAPER APP/060 DINH NGHIA QUY TRINH CO SAN" time="131.12" classname="Test Cases/IPAPER APP/060 DINH NGHIA QUY TRINH CO SAN" status="PASSED">
         <system-out><![CDATA[18-05-2025T10:36:04 - [TEST_CASE][PASSED] - Test Cases/IPAPER APP/060 DINH NGHIA QUY TRINH CO SAN: Test Cases/IPAPER APP/060 DINH NGHIA QUY TRINH CO SAN

18-05-2025T10:36:04 - [TEST_STEP][PASSED] - Start listener action : beforeTest: drivers.Driver.openApp is PASSED

18-05-2025T10:36:04 - [TEST_STEP][PASSED] - DataTest.init(): null

18-05-2025T10:36:04 - [TEST_STEP][PASSED] - testCaseId = split("/").last(): null

18-05-2025T10:36:04 - [TEST_STEP][PASSED] - if (!(drivers.Driver.isAppiumRunning())): drivers.Driver.isAppiumRunning is PASSED

18-05-2025T10:36:04 - [MESSAGE][INFO] - Appium running: true

18-05-2025T10:36:04 - [MESSAGE][PASSED] - drivers.Driver.isAppiumRunning is PASSED

18-05-2025T10:36:04 - [TEST_STEP][PASSED] - if (driver == null || driver.getSessionId() == null): null

18-05-2025T10:36:05 - [TEST_STEP][PASSED] - drivers.Driver.openApp(): drivers.Driver.openApp is PASSED

18-05-2025T10:36:05 - [MESSAGE][PASSED] - drivers.Driver.openApp is PASSED

18-05-2025T10:36:05 - [TEST_STEP][PASSED] - REQUEST_NAME = "Trình ký PDF có sẵn": null

18-05-2025T10:36:05 - [TEST_STEP][PASSED] - PROCESS_NAME = "Automation Test": null

18-05-2025T10:36:05 - [TEST_STEP][PASSED] - TO_DAY = SimpleDateFormat(dd/MM/yyyy).format(new java.util.Date()): null

18-05-2025T10:36:05 - [TEST_STEP][PASSED] - auto5 = DataTest.getUserTest("auto5"): null

18-05-2025T10:36:05 - [TEST_STEP][PASSED] - auto6 = DataTest.getUserTest("auto6"): null

18-05-2025T10:36:05 - [TEST_STEP][PASSED] - auto7 = DataTest.getUserTest("auto7"): null

18-05-2025T10:36:05 - [TEST_STEP][PASSED] - auto8 = DataTest.getUserTest("auto8"): null

18-05-2025T10:36:05 - [TEST_STEP][PASSED] - document = DataTest.createDocumentTest(auto5, auto6, auto7, "dummy.pdf", "dummy.pdf"): null

18-05-2025T10:36:05 - [TEST_STEP][PASSED] - loginScreen.login(auto5): null

18-05-2025T10:36:13 - [TEST_STEP][PASSED] - homeScreen.openRequestList(): null

18-05-2025T10:36:19 - [TEST_STEP][PASSED] - homeScreen.createRequest(REQUEST_NAME): null

18-05-2025T10:36:22 - [TEST_STEP][PASSED] - pdfSignScreen.fillInTitle(title): null

18-05-2025T10:36:24 - [TEST_STEP][PASSED] - pdfSignScreen.selectPriority(priority): null

18-05-2025T10:36:26 - [TEST_STEP][PASSED] - pdfSignScreen.selectTime(time): null

18-05-2025T10:36:30 - [TEST_STEP][PASSED] - pdfSignScreen.fillInDescription(description): null

18-05-2025T10:36:31 - [TEST_STEP][PASSED] - pdfSignScreen.openMainFileBrowser(): null

18-05-2025T10:36:33 - [TEST_STEP][PASSED] - fileBrowserScreen.attachFile(mainFileName): null

18-05-2025T10:36:39 - [TEST_STEP][PASSED] - pdfSignScreen.openSubFileBrowser(): null

18-05-2025T10:36:45 - [TEST_STEP][PASSED] - fileBrowserScreen.attachFile(subFileName): null

18-05-2025T10:36:51 - [TEST_STEP][PASSED] - pdfSignScreen.selectProcessDefined(PROCESS_NAME): null

18-05-2025T10:36:56 - [TEST_STEP][PASSED] - pdfSignScreen.performAction(SEND_APPROVE): null

18-05-2025T10:36:59 - [TEST_STEP][PASSED] - pdfSignScreen.fillInOpinion(document.getComment()): null

18-05-2025T10:37:00 - [TEST_STEP][PASSED] - pdfSignScreen.submitRequest(): null

18-05-2025T10:37:10 - [TEST_STEP][PASSED] - document.setStatus(WAIT_APPROVE): null

18-05-2025T10:37:10 - [TEST_STEP][PASSED] - documentInformationScreen.backToHome(): null

18-05-2025T10:37:10 - [TEST_STEP][PASSED] - homeScreen.goToOutComingDocument(): null

18-05-2025T10:37:20 - [TEST_STEP][PASSED] - outComingDocument.viewInformationDocument(document): null

18-05-2025T10:37:21 - [TEST_STEP][PASSED] - documentInformationScreen.checkDocumentTitle(document): Verify equals GUI: Trình ký 1747539365410 - DATA: Trình ký 1747539365410

18-05-2025T10:37:26 - [MESSAGE][PASSED] - Verify equals GUI: Trình ký 1747539365410 - DATA: Trình ký 1747539365410

18-05-2025T10:37:26 - [TEST_STEP][PASSED] - documentInformationScreen.checkSender(document): Verify equals GUI: Auto Test User 5 - DATA: Auto Test User 5

18-05-2025T10:37:26 - [MESSAGE][PASSED] - Verify equals GUI: Auto Test User 5 - DATA: Auto Test User 5

18-05-2025T10:37:26 - [TEST_STEP][PASSED] - documentInformationScreen.checkStatus(document): Verify equals GUI: Chờ giám sát phê duyệt - DATA: Chờ giám sát phê duyệt

18-05-2025T10:37:26 - [MESSAGE][PASSED] - Verify equals GUI: Chờ giám sát phê duyệt - DATA: Chờ giám sát phê duyệt

18-05-2025T10:37:26 - [TEST_STEP][PASSED] - documentInformationScreen.checkCreateDate(): Verify equals GUI: 18/05/2025 - DATA: 18/05/2025

18-05-2025T10:37:26 - [MESSAGE][PASSED] - Verify equals GUI: 18/05/2025 - DATA: 18/05/2025

18-05-2025T10:37:26 - [TEST_STEP][PASSED] - documentInformationScreen.checkFinishDate(document): Verify equals GUI: 19/05/2025 - DATA: 19/05/2025

18-05-2025T10:37:26 - [MESSAGE][PASSED] - Verify equals GUI: 19/05/2025 - DATA: 19/05/2025

18-05-2025T10:37:26 - [TEST_STEP][PASSED] - documentInformationScreen.checkPriority(document): Verify equals GUI: Cao - DATA: Cao

18-05-2025T10:37:27 - [MESSAGE][PASSED] - Verify equals GUI: Cao - DATA: Cao

18-05-2025T10:37:27 - [TEST_STEP][PASSED] - documentInformationScreen.checkDescription(document): Verify equals GUI: 060 DINH NGHIA QUY TRINH CO SAN - DATA: 060 DINH NGHIA QUY TRINH CO SAN

18-05-2025T10:37:27 - [MESSAGE][PASSED] - Verify equals GUI: 060 DINH NGHIA QUY TRINH CO SAN - DATA: 060 DINH NGHIA QUY TRINH CO SAN

18-05-2025T10:37:27 - [TEST_STEP][PASSED] - documentInformationScreen.checkPresentFileName(document): Verify contains GUI: dummy_20250518103715.ozd - DATA: dummy

18-05-2025T10:37:27 - [MESSAGE][PASSED] - Verify contains GUI: dummy_20250518103715.ozd - DATA: dummy

18-05-2025T10:37:27 - [TEST_STEP][PASSED] - documentInformationScreen.checkAttachFileName(document): Expected true condition

18-05-2025T10:37:29 - [MESSAGE][PASSED] - Expected true condition

18-05-2025T10:37:29 - [TEST_STEP][PASSED] - documentInformationScreen.checkAssigners(auto6, auto7, auto8): Checking if all user emails are present in the list

18-05-2025T10:37:37 - [MESSAGE][PASSED] - Checking if all user emails are present in the list

18-05-2025T10:37:37 - [TEST_STEP][PASSED] - documentInformationScreen.backToHome(): null

18-05-2025T10:37:41 - [TEST_STEP][PASSED] - homeScreen.logout(): null

18-05-2025T10:37:49 - [TEST_STEP][PASSED] - loginScreen.login(auto6): null

18-05-2025T10:37:58 - [TEST_STEP][PASSED] - document.setAssigner(auto5): null

18-05-2025T10:37:58 - [TEST_STEP][PASSED] - homeScreen.goToIncomingDocument(): null

18-05-2025T10:37:58 - [TEST_STEP][PASSED] - inComingDocument.viewInformationDocument(document): View document Trình ký 1747539365410

18-05-2025T10:37:58 - [MESSAGE][INFO] - View document Trình ký 1747539365410

18-05-2025T10:38:03 - [TEST_STEP][PASSED] - documentInformationScreen.checkDocumentTitle(document): Verify equals GUI: Trình ký 1747539365410 - DATA: Trình ký 1747539365410

18-05-2025T10:38:04 - [MESSAGE][PASSED] - Verify equals GUI: Trình ký 1747539365410 - DATA: Trình ký 1747539365410

18-05-2025T10:38:04 - [TEST_STEP][PASSED] - documentInformationScreen.checkSender(document): Verify equals GUI: Auto Test User 5 - DATA: Auto Test User 5

18-05-2025T10:38:04 - [MESSAGE][PASSED] - Verify equals GUI: Auto Test User 5 - DATA: Auto Test User 5

18-05-2025T10:38:04 - [TEST_STEP][PASSED] - documentInformationScreen.checkStatus(document): Verify equals GUI: Chờ giám sát phê duyệt - DATA: Chờ giám sát phê duyệt

18-05-2025T10:38:04 - [MESSAGE][PASSED] - Verify equals GUI: Chờ giám sát phê duyệt - DATA: Chờ giám sát phê duyệt

18-05-2025T10:38:04 - [TEST_STEP][PASSED] - documentInformationScreen.checkCreateDate(): Verify equals GUI: 18/05/2025 - DATA: 18/05/2025

18-05-2025T10:38:04 - [MESSAGE][PASSED] - Verify equals GUI: 18/05/2025 - DATA: 18/05/2025

18-05-2025T10:38:04 - [TEST_STEP][PASSED] - documentInformationScreen.checkFinishDate(document): Verify equals GUI: 19/05/2025 - DATA: 19/05/2025

18-05-2025T10:38:04 - [MESSAGE][PASSED] - Verify equals GUI: 19/05/2025 - DATA: 19/05/2025

18-05-2025T10:38:04 - [TEST_STEP][PASSED] - documentInformationScreen.checkPriority(document): Verify equals GUI: Cao - DATA: Cao

18-05-2025T10:38:04 - [MESSAGE][PASSED] - Verify equals GUI: Cao - DATA: Cao

18-05-2025T10:38:04 - [TEST_STEP][PASSED] - documentInformationScreen.checkDescription(document): Verify equals GUI: 060 DINH NGHIA QUY TRINH CO SAN - DATA: 060 DINH NGHIA QUY TRINH CO SAN

18-05-2025T10:38:04 - [MESSAGE][PASSED] - Verify equals GUI: 060 DINH NGHIA QUY TRINH CO SAN - DATA: 060 DINH NGHIA QUY TRINH CO SAN

18-05-2025T10:38:04 - [TEST_STEP][PASSED] - documentInformationScreen.checkPresentFileName(document): Verify contains GUI: dummy_20250518103715.ozd - DATA: dummy

18-05-2025T10:38:09 - [MESSAGE][PASSED] - Verify contains GUI: dummy_20250518103715.ozd - DATA: dummy

18-05-2025T10:38:09 - [TEST_STEP][PASSED] - documentInformationScreen.checkAttachFileName(document): Expected true condition

18-05-2025T10:38:11 - [MESSAGE][PASSED] - Expected true condition

18-05-2025T10:38:11 - [TEST_STEP][PASSED] - documentInformationScreen.checkAssigners(auto6, auto7, auto8): Checking if all user emails are present in the list

18-05-2025T10:38:15 - [MESSAGE][PASSED] - Checking if all user emails are present in the list

18-05-2025T10:38:15 - [TEST_STEP][PASSED] - Start listener action : afterTest: null

18-05-2025T10:38:15 - [TEST_STEP][PASSED] - if (testCaseStatus != "PASSED"): null

18-05-2025T10:38:15 - [TEST_STEP][PASSED] - drivers.Driver.closeApp(): drivers.Driver.closeApp is PASSED

18-05-2025T10:38:16 - [MESSAGE][PASSED] - drivers.Driver.closeApp is PASSED

18-05-2025T10:38:16 - [TEST_STEP][PASSED] - if (tsContext == null): null]]></system-out>
         <system-err><![CDATA[]]></system-err>
      </testcase>
      <testcase name="Test Cases/IPAPER APP/044 TAI FILE TAI MAIN FILE_HO SO DEN" time="118.451" classname="Test Cases/IPAPER APP/044 TAI FILE TAI MAIN FILE_HO SO DEN" status="ERROR">
         <error type="ERROR" message="Test Cases/IPAPER APP/044 TAI FILE TAI MAIN FILE_HO SO DEN FAILED.&#xa;Reason:&#xa;org.openqa.selenium.WebDriverException: An unknown server-side error occurred while processing the command. Original error: Timed out after 15552ms waiting for the root AccessibilityNodeInfo in the active window. Make sure the active window is not constantly hogging the main UI thread (e.g. the application is being idle long enough), so the accessibility manager could do its work&#xa;Build info: version: '3.141.59', revision: 'unknown', time: 'unknown'&#xa;System info: host: '192.168.1.4.non-exists.ptr.local', ip: '2402:800:63f2:b9ce:1859:4296:77a1:a88d%en0', os.name: 'Mac OS X', os.arch: 'aarch64', os.version: '15.4.1', java.version: '17.0.7'&#xa;Driver info: com.kms.katalon.core.appium.driver.SwipeableAndroidDriver&#xa;Capabilities {automationName: UiAutomator2, databaseEnabled: false, desired: {automationName: UiAutomator2, deviceName: af0c5cf7, noReset: true, platformName: android, waitForIdleTimeout: 3000}, deviceApiLevel: 35, deviceManufacturer: OPPO, deviceModel: CPH2699, deviceName: af0c5cf7, deviceScreenDensity: 480, deviceScreenSize: 1080x2400, deviceUDID: af0c5cf7, javascriptEnabled: true, locationContextEnabled: false, networkConnectionEnabled: true, noReset: true, pixelRatio: 3, platform: LINUX, platformName: Android, platformVersion: 15, statBarHeight: 120, takesScreenshot: true, viewportRect: {height: 2280, left: 0, top: 120, width: 1080}, waitForIdleTimeout: 3000, warnings: {}, webStorageEnabled: false}&#xa;Session ID: 3304c37f-648b-4099-8110-a9bd3d735cc7&#xa;*** Element info: {Using=id, value=com.hdbank.ipaper:id/layout_menu_attach}&#xa;	at java.base/jdk.internal.reflect.NativeConstructorAccessorImpl.newInstance0(Native Method)&#xa;	at java.base/jdk.internal.reflect.NativeConstructorAccessorImpl.newInstance(NativeConstructorAccessorImpl.java:77)&#xa;	at java.base/jdk.internal.reflect.DelegatingConstructorAccessorImpl.newInstance(DelegatingConstructorAccessorImpl.java:45)&#xa;	at org.openqa.selenium.remote.http.W3CHttpResponseCodec.createException(W3CHttpResponseCodec.java:187)&#xa;	at org.openqa.selenium.remote.http.W3CHttpResponseCodec.decode(W3CHttpResponseCodec.java:122)&#xa;	at org.openqa.selenium.remote.http.W3CHttpResponseCodec.decode(W3CHttpResponseCodec.java:49)&#xa;	at org.openqa.selenium.remote.HttpCommandExecutor.execute(HttpCommandExecutor.java:158)&#xa;	at io.appium.java_client.remote.AppiumCommandExecutor.execute(AppiumCommandExecutor.java:239)&#xa;	at org.openqa.selenium.remote.RemoteWebDriver.execute(RemoteWebDriver.java:552)&#xa;	at io.appium.java_client.DefaultGenericMobileDriver.execute(DefaultGenericMobileDriver.java:42)&#xa;	at io.appium.java_client.AppiumDriver.execute(AppiumDriver.java:1)&#xa;	at io.appium.java_client.android.AndroidDriver.execute(AndroidDriver.java:1)&#xa;	at com.kms.katalon.core.appium.driver.SwipeableAndroidDriver.execute(SwipeableAndroidDriver.java:1)&#xa;	at org.openqa.selenium.remote.RemoteWebDriver.findElements(RemoteWebDriver.java:353)&#xa;	at io.appium.java_client.DefaultGenericMobileDriver.findElements(DefaultGenericMobileDriver.java:54)&#xa;	at io.appium.java_client.AppiumDriver.findElements(AppiumDriver.java:152)&#xa;	at org.openqa.selenium.remote.RemoteWebDriver.findElementsById(RemoteWebDriver.java:376)&#xa;	at io.appium.java_client.DefaultGenericMobileDriver.findElementsById(DefaultGenericMobileDriver.java:66)&#xa;	at io.appium.java_client.AppiumDriver.findElementsById(AppiumDriver.java:156)&#xa;	at org.openqa.selenium.By$ById.findElements(By.java:180)&#xa;	at org.openqa.selenium.remote.RemoteWebDriver.findElements(RemoteWebDriver.java:311)&#xa;	at io.appium.java_client.DefaultGenericMobileDriver.findElements(DefaultGenericMobileDriver.java:50)&#xa;	at io.appium.java_client.AppiumDriver.findElements(AppiumDriver.java:148)&#xa;	at base.BaseKeyword$Trait$Helper$_waitForPresentOf_closure1.doCall(BaseKeyword.groovy:253)&#xa;	at jdk.internal.reflect.GeneratedMethodAccessor8.invoke(Unknown Source)&#xa;	at java.base/jdk.internal.reflect.DelegatingMethodAccessorImpl.invoke(DelegatingMethodAccessorImpl.java:43)&#xa;	at jdk.proxy2/jdk.proxy2.$Proxy34.apply(Unknown Source)&#xa;	at org.openqa.selenium.support.ui.FluentWait.until(FluentWait.java:249)&#xa;	at base.BaseKeyword$Trait$Helper.waitForPresentOf(BaseKeyword.groovy:252)&#xa;	at screens.DocumentInformationScreen.waitForPresentOf(DocumentInformationScreen.groovy)&#xa;	at screens.DocumentInformationScreen.downloadFileAtmainFile(DocumentInformationScreen.groovy:302)&#xa;	at 044 TAI FILE TAI MAIN FILE_HO SO DEN.run(044 TAI FILE TAI MAIN FILE_HO SO DEN:57)&#xa;	at com.kms.katalon.core.main.ScriptEngine.run(ScriptEngine.java:194)&#xa;	at com.kms.katalon.core.main.ScriptEngine.runScriptAsRawText(ScriptEngine.java:119)&#xa;	at com.kms.katalon.core.main.TestCaseExecutor.runScript(TestCaseExecutor.java:448)&#xa;	at com.kms.katalon.core.main.TestCaseExecutor.doExecute(TestCaseExecutor.java:439)&#xa;	at com.kms.katalon.core.main.TestCaseExecutor.processExecutionPhase(TestCaseExecutor.java:418)&#xa;	at com.kms.katalon.core.main.TestCaseExecutor.accessMainPhase(TestCaseExecutor.java:410)&#xa;	at com.kms.katalon.core.main.TestCaseExecutor.execute(TestCaseExecutor.java:285)&#xa;	at com.kms.katalon.core.common.CommonExecutor.accessTestCaseMainPhase(CommonExecutor.java:65)&#xa;	at com.kms.katalon.core.main.TestSuiteExecutor.accessTestSuiteMainPhase(TestSuiteExecutor.java:150)&#xa;	at com.kms.katalon.core.main.TestSuiteExecutor.execute(TestSuiteExecutor.java:106)&#xa;	at com.kms.katalon.core.main.TestCaseMain.startTestSuite(TestCaseMain.java:180)&#xa;	at TempTestSuite1747539355497.run(TempTestSuite1747539355497.groovy:35)&#xa;	at java.base/jdk.internal.reflect.NativeMethodAccessorImpl.invoke0(Native Method)&#xa;	at java.base/jdk.internal.reflect.NativeMethodAccessorImpl.invoke(NativeMethodAccessorImpl.java:77)&#xa;	at java.base/jdk.internal.reflect.DelegatingMethodAccessorImpl.invoke(DelegatingMethodAccessorImpl.java:43)&#xa;"/>
         <system-out><![CDATA[18-05-2025T10:38:16 - [TEST_CASE][ERROR] - Test Cases/IPAPER APP/044 TAI FILE TAI MAIN FILE_HO SO DEN: Test Cases/IPAPER APP/044 TAI FILE TAI MAIN FILE_HO SO DEN FAILED.
Reason:
org.openqa.selenium.WebDriverException: An unknown server-side error occurred while processing the command. Original error: Timed out after 15552ms waiting for the root AccessibilityNodeInfo in the active window. Make sure the active window is not constantly hogging the main UI thread (e.g. the application is being idle long enough), so the accessibility manager could do its work
Build info: version: '3.141.59', revision: 'unknown', time: 'unknown'
System info: host: '192.168.1.4.non-exists.ptr.local', ip: '2402:800:63f2:b9ce:1859:4296:77a1:a88d%en0', os.name: 'Mac OS X', os.arch: 'aarch64', os.version: '15.4.1', java.version: '17.0.7'
Driver info: com.kms.katalon.core.appium.driver.SwipeableAndroidDriver
Capabilities {automationName: UiAutomator2, databaseEnabled: false, desired: {automationName: UiAutomator2, deviceName: af0c5cf7, noReset: true, platformName: android, waitForIdleTimeout: 3000}, deviceApiLevel: 35, deviceManufacturer: OPPO, deviceModel: CPH2699, deviceName: af0c5cf7, deviceScreenDensity: 480, deviceScreenSize: 1080x2400, deviceUDID: af0c5cf7, javascriptEnabled: true, locationContextEnabled: false, networkConnectionEnabled: true, noReset: true, pixelRatio: 3, platform: LINUX, platformName: Android, platformVersion: 15, statBarHeight: 120, takesScreenshot: true, viewportRect: {height: 2280, left: 0, top: 120, width: 1080}, waitForIdleTimeout: 3000, warnings: {}, webStorageEnabled: false}
Session ID: 3304c37f-648b-4099-8110-a9bd3d735cc7
*** Element info: {Using=id, value=com.hdbank.ipaper:id/layout_menu_attach}
	at java.base/jdk.internal.reflect.NativeConstructorAccessorImpl.newInstance0(Native Method)
	at java.base/jdk.internal.reflect.NativeConstructorAccessorImpl.newInstance(NativeConstructorAccessorImpl.java:77)
	at java.base/jdk.internal.reflect.DelegatingConstructorAccessorImpl.newInstance(DelegatingConstructorAccessorImpl.java:45)
	at org.openqa.selenium.remote.http.W3CHttpResponseCodec.createException(W3CHttpResponseCodec.java:187)
	at org.openqa.selenium.remote.http.W3CHttpResponseCodec.decode(W3CHttpResponseCodec.java:122)
	at org.openqa.selenium.remote.http.W3CHttpResponseCodec.decode(W3CHttpResponseCodec.java:49)
	at org.openqa.selenium.remote.HttpCommandExecutor.execute(HttpCommandExecutor.java:158)
	at io.appium.java_client.remote.AppiumCommandExecutor.execute(AppiumCommandExecutor.java:239)
	at org.openqa.selenium.remote.RemoteWebDriver.execute(RemoteWebDriver.java:552)
	at io.appium.java_client.DefaultGenericMobileDriver.execute(DefaultGenericMobileDriver.java:42)
	at io.appium.java_client.AppiumDriver.execute(AppiumDriver.java:1)
	at io.appium.java_client.android.AndroidDriver.execute(AndroidDriver.java:1)
	at com.kms.katalon.core.appium.driver.SwipeableAndroidDriver.execute(SwipeableAndroidDriver.java:1)
	at org.openqa.selenium.remote.RemoteWebDriver.findElements(RemoteWebDriver.java:353)
	at io.appium.java_client.DefaultGenericMobileDriver.findElements(DefaultGenericMobileDriver.java:54)
	at io.appium.java_client.AppiumDriver.findElements(AppiumDriver.java:152)
	at org.openqa.selenium.remote.RemoteWebDriver.findElementsById(RemoteWebDriver.java:376)
	at io.appium.java_client.DefaultGenericMobileDriver.findElementsById(DefaultGenericMobileDriver.java:66)
	at io.appium.java_client.AppiumDriver.findElementsById(AppiumDriver.java:156)
	at org.openqa.selenium.By$ById.findElements(By.java:180)
	at org.openqa.selenium.remote.RemoteWebDriver.findElements(RemoteWebDriver.java:311)
	at io.appium.java_client.DefaultGenericMobileDriver.findElements(DefaultGenericMobileDriver.java:50)
	at io.appium.java_client.AppiumDriver.findElements(AppiumDriver.java:148)
	at base.BaseKeyword$Trait$Helper$_waitForPresentOf_closure1.doCall(BaseKeyword.groovy:253)
	at jdk.internal.reflect.GeneratedMethodAccessor8.invoke(Unknown Source)
	at java.base/jdk.internal.reflect.DelegatingMethodAccessorImpl.invoke(DelegatingMethodAccessorImpl.java:43)
	at jdk.proxy2/jdk.proxy2.$Proxy34.apply(Unknown Source)
	at org.openqa.selenium.support.ui.FluentWait.until(FluentWait.java:249)
	at base.BaseKeyword$Trait$Helper.waitForPresentOf(BaseKeyword.groovy:252)
	at screens.DocumentInformationScreen.waitForPresentOf(DocumentInformationScreen.groovy)
	at screens.DocumentInformationScreen.downloadFileAtmainFile(DocumentInformationScreen.groovy:302)
	at 044 TAI FILE TAI MAIN FILE_HO SO DEN.run(044 TAI FILE TAI MAIN FILE_HO SO DEN:57)
	at com.kms.katalon.core.main.ScriptEngine.run(ScriptEngine.java:194)
	at com.kms.katalon.core.main.ScriptEngine.runScriptAsRawText(ScriptEngine.java:119)
	at com.kms.katalon.core.main.TestCaseExecutor.runScript(TestCaseExecutor.java:448)
	at com.kms.katalon.core.main.TestCaseExecutor.doExecute(TestCaseExecutor.java:439)
	at com.kms.katalon.core.main.TestCaseExecutor.processExecutionPhase(TestCaseExecutor.java:418)
	at com.kms.katalon.core.main.TestCaseExecutor.accessMainPhase(TestCaseExecutor.java:410)
	at com.kms.katalon.core.main.TestCaseExecutor.execute(TestCaseExecutor.java:285)
	at com.kms.katalon.core.common.CommonExecutor.accessTestCaseMainPhase(CommonExecutor.java:65)
	at com.kms.katalon.core.main.TestSuiteExecutor.accessTestSuiteMainPhase(TestSuiteExecutor.java:150)
	at com.kms.katalon.core.main.TestSuiteExecutor.execute(TestSuiteExecutor.java:106)
	at com.kms.katalon.core.main.TestCaseMain.startTestSuite(TestCaseMain.java:180)
	at TempTestSuite1747539355497.run(TempTestSuite1747539355497.groovy:35)
	at java.base/jdk.internal.reflect.NativeMethodAccessorImpl.invoke0(Native Method)
	at java.base/jdk.internal.reflect.NativeMethodAccessorImpl.invoke(NativeMethodAccessorImpl.java:77)
	at java.base/jdk.internal.reflect.DelegatingMethodAccessorImpl.invoke(DelegatingMethodAccessorImpl.java:43)


18-05-2025T10:38:16 - [TEST_STEP][PASSED] - Start listener action : beforeTest: drivers.Driver.openApp is PASSED

18-05-2025T10:38:16 - [TEST_STEP][PASSED] - DataTest.init(): null

18-05-2025T10:38:16 - [TEST_STEP][PASSED] - testCaseId = split("/").last(): null

18-05-2025T10:38:16 - [TEST_STEP][PASSED] - if (!(drivers.Driver.isAppiumRunning())): drivers.Driver.isAppiumRunning is PASSED

18-05-2025T10:38:16 - [MESSAGE][INFO] - Appium running: true

18-05-2025T10:38:16 - [MESSAGE][PASSED] - drivers.Driver.isAppiumRunning is PASSED

18-05-2025T10:38:16 - [TEST_STEP][PASSED] - if (driver == null || driver.getSessionId() == null): null

18-05-2025T10:38:16 - [TEST_STEP][PASSED] - drivers.Driver.openApp(): drivers.Driver.openApp is PASSED

18-05-2025T10:38:18 - [MESSAGE][PASSED] - drivers.Driver.openApp is PASSED

18-05-2025T10:38:18 - [TEST_STEP][PASSED] - FOLDER_NAME = "IPaperDownloads": null

18-05-2025T10:38:18 - [TEST_STEP][PASSED] - REQUEST_NAME = "Trình ký PDF có sẵn": null

18-05-2025T10:38:18 - [TEST_STEP][PASSED] - auto5 = DataTest.getUserTest("auto5"): null

18-05-2025T10:38:18 - [TEST_STEP][PASSED] - auto6 = DataTest.getUserTest("auto6"): null

18-05-2025T10:38:18 - [TEST_STEP][PASSED] - document = DataTest.createDocumentTest(auto5, auto6, null, "dummy.pdf", "dummy.pdf"): null

18-05-2025T10:38:18 - [TEST_STEP][PASSED] - loginScreen.login(auto5): null

18-05-2025T10:38:25 - [TEST_STEP][PASSED] - homeScreen.openRequestList(): null

18-05-2025T10:38:30 - [TEST_STEP][PASSED] - homeScreen.createRequest(REQUEST_NAME): null

18-05-2025T10:38:34 - [TEST_STEP][PASSED] - pdfSignScreen.fillInTitle(title): null

18-05-2025T10:38:36 - [TEST_STEP][PASSED] - pdfSignScreen.selectPriority(priority): null

18-05-2025T10:38:38 - [TEST_STEP][PASSED] - pdfSignScreen.selectTime(time): null

18-05-2025T10:38:41 - [TEST_STEP][PASSED] - pdfSignScreen.fillInDescription(description): null

18-05-2025T10:38:43 - [TEST_STEP][PASSED] - pdfSignScreen.selectAssigner(getAssigner().getEmail()): null

18-05-2025T10:38:50 - [TEST_STEP][PASSED] - pdfSignScreen.openMainFileBrowser(): null

18-05-2025T10:38:55 - [TEST_STEP][PASSED] - fileBrowserScreen.attachFile(mainFileName): null

18-05-2025T10:39:01 - [TEST_STEP][PASSED] - pdfSignScreen.openSubFileBrowser(): null

18-05-2025T10:39:03 - [TEST_STEP][PASSED] - fileBrowserScreen.attachFile(subFileName): null

18-05-2025T10:39:09 - [TEST_STEP][PASSED] - pdfSignScreen.performAction(SEND_APPROVE): null

18-05-2025T10:39:13 - [TEST_STEP][PASSED] - pdfSignScreen.fillInOpinion(document.getComment()): null

18-05-2025T10:39:14 - [TEST_STEP][PASSED] - pdfSignScreen.submitRequest(): null

18-05-2025T10:39:22 - [TEST_STEP][PASSED] - documentInformationScreen.backToHome(): null

18-05-2025T10:39:22 - [TEST_STEP][PASSED] - homeScreen.logout(): null

18-05-2025T10:39:31 - [TEST_STEP][PASSED] - loginScreen.login(auto6): null

18-05-2025T10:39:39 - [TEST_STEP][PASSED] - homeScreen.goToIncomingDocument(): null

18-05-2025T10:39:40 - [TEST_STEP][PASSED] - inComingDocument.viewMainFile(document): null

18-05-2025T10:39:41 - [TEST_STEP][ERROR] - documentInformationScreen.downloadFileAtmainFile(): Test Cases/IPAPER APP/044 TAI FILE TAI MAIN FILE_HO SO DEN FAILED.
Reason:
org.openqa.selenium.WebDriverException: An unknown server-side error occurred while processing the command. Original error: Timed out after 15552ms waiting for the root AccessibilityNodeInfo in the active window. Make sure the active window is not constantly hogging the main UI thread (e.g. the application is being idle long enough), so the accessibility manager could do its work
Build info: version: '3.141.59', revision: 'unknown', time: 'unknown'
System info: host: '192.168.1.4.non-exists.ptr.local', ip: '2402:800:63f2:b9ce:1859:4296:77a1:a88d%en0', os.name: 'Mac OS X', os.arch: 'aarch64', os.version: '15.4.1', java.version: '17.0.7'
Driver info: com.kms.katalon.core.appium.driver.SwipeableAndroidDriver
Capabilities {automationName: UiAutomator2, databaseEnabled: false, desired: {automationName: UiAutomator2, deviceName: af0c5cf7, noReset: true, platformName: android, waitForIdleTimeout: 3000}, deviceApiLevel: 35, deviceManufacturer: OPPO, deviceModel: CPH2699, deviceName: af0c5cf7, deviceScreenDensity: 480, deviceScreenSize: 1080x2400, deviceUDID: af0c5cf7, javascriptEnabled: true, locationContextEnabled: false, networkConnectionEnabled: true, noReset: true, pixelRatio: 3, platform: LINUX, platformName: Android, platformVersion: 15, statBarHeight: 120, takesScreenshot: true, viewportRect: {height: 2280, left: 0, top: 120, width: 1080}, waitForIdleTimeout: 3000, warnings: {}, webStorageEnabled: false}
Session ID: 3304c37f-648b-4099-8110-a9bd3d735cc7
*** Element info: {Using=id, value=com.hdbank.ipaper:id/layout_menu_attach}
	at java.base/jdk.internal.reflect.NativeConstructorAccessorImpl.newInstance0(Native Method)
	at java.base/jdk.internal.reflect.NativeConstructorAccessorImpl.newInstance(NativeConstructorAccessorImpl.java:77)
	at java.base/jdk.internal.reflect.DelegatingConstructorAccessorImpl.newInstance(DelegatingConstructorAccessorImpl.java:45)
	at org.openqa.selenium.remote.http.W3CHttpResponseCodec.createException(W3CHttpResponseCodec.java:187)
	at org.openqa.selenium.remote.http.W3CHttpResponseCodec.decode(W3CHttpResponseCodec.java:122)
	at org.openqa.selenium.remote.http.W3CHttpResponseCodec.decode(W3CHttpResponseCodec.java:49)
	at org.openqa.selenium.remote.HttpCommandExecutor.execute(HttpCommandExecutor.java:158)
	at io.appium.java_client.remote.AppiumCommandExecutor.execute(AppiumCommandExecutor.java:239)
	at org.openqa.selenium.remote.RemoteWebDriver.execute(RemoteWebDriver.java:552)
	at io.appium.java_client.DefaultGenericMobileDriver.execute(DefaultGenericMobileDriver.java:42)
	at io.appium.java_client.AppiumDriver.execute(AppiumDriver.java:1)
	at io.appium.java_client.android.AndroidDriver.execute(AndroidDriver.java:1)
	at com.kms.katalon.core.appium.driver.SwipeableAndroidDriver.execute(SwipeableAndroidDriver.java:1)
	at org.openqa.selenium.remote.RemoteWebDriver.findElements(RemoteWebDriver.java:353)
	at io.appium.java_client.DefaultGenericMobileDriver.findElements(DefaultGenericMobileDriver.java:54)
	at io.appium.java_client.AppiumDriver.findElements(AppiumDriver.java:152)
	at org.openqa.selenium.remote.RemoteWebDriver.findElementsById(RemoteWebDriver.java:376)
	at io.appium.java_client.DefaultGenericMobileDriver.findElementsById(DefaultGenericMobileDriver.java:66)
	at io.appium.java_client.AppiumDriver.findElementsById(AppiumDriver.java:156)
	at org.openqa.selenium.By$ById.findElements(By.java:180)
	at org.openqa.selenium.remote.RemoteWebDriver.findElements(RemoteWebDriver.java:311)
	at io.appium.java_client.DefaultGenericMobileDriver.findElements(DefaultGenericMobileDriver.java:50)
	at io.appium.java_client.AppiumDriver.findElements(AppiumDriver.java:148)
	at base.BaseKeyword$Trait$Helper$_waitForPresentOf_closure1.doCall(BaseKeyword.groovy:253)
	at jdk.internal.reflect.GeneratedMethodAccessor8.invoke(Unknown Source)
	at java.base/jdk.internal.reflect.DelegatingMethodAccessorImpl.invoke(DelegatingMethodAccessorImpl.java:43)
	at jdk.proxy2/jdk.proxy2.$Proxy34.apply(Unknown Source)
	at org.openqa.selenium.support.ui.FluentWait.until(FluentWait.java:249)
	at base.BaseKeyword$Trait$Helper.waitForPresentOf(BaseKeyword.groovy:252)
	at screens.DocumentInformationScreen.waitForPresentOf(DocumentInformationScreen.groovy)
	at screens.DocumentInformationScreen.downloadFileAtmainFile(DocumentInformationScreen.groovy:302)
	at 044 TAI FILE TAI MAIN FILE_HO SO DEN.run(044 TAI FILE TAI MAIN FILE_HO SO DEN:57)
	at com.kms.katalon.core.main.ScriptEngine.run(ScriptEngine.java:194)
	at com.kms.katalon.core.main.ScriptEngine.runScriptAsRawText(ScriptEngine.java:119)
	at com.kms.katalon.core.main.TestCaseExecutor.runScript(TestCaseExecutor.java:448)
	at com.kms.katalon.core.main.TestCaseExecutor.doExecute(TestCaseExecutor.java:439)
	at com.kms.katalon.core.main.TestCaseExecutor.processExecutionPhase(TestCaseExecutor.java:418)
	at com.kms.katalon.core.main.TestCaseExecutor.accessMainPhase(TestCaseExecutor.java:410)
	at com.kms.katalon.core.main.TestCaseExecutor.execute(TestCaseExecutor.java:285)
	at com.kms.katalon.core.common.CommonExecutor.accessTestCaseMainPhase(CommonExecutor.java:65)
	at com.kms.katalon.core.main.TestSuiteExecutor.accessTestSuiteMainPhase(TestSuiteExecutor.java:150)
	at com.kms.katalon.core.main.TestSuiteExecutor.execute(TestSuiteExecutor.java:106)
	at com.kms.katalon.core.main.TestCaseMain.startTestSuite(TestCaseMain.java:180)
	at TempTestSuite1747539355497.run(TempTestSuite1747539355497.groovy:35)
	at java.base/jdk.internal.reflect.NativeMethodAccessorImpl.invoke0(Native Method)
	at java.base/jdk.internal.reflect.NativeMethodAccessorImpl.invoke(NativeMethodAccessorImpl.java:77)
	at java.base/jdk.internal.reflect.DelegatingMethodAccessorImpl.invoke(DelegatingMethodAccessorImpl.java:43)


18-05-2025T10:40:11 - [MESSAGE][ERROR] - Test Cases/IPAPER APP/044 TAI FILE TAI MAIN FILE_HO SO DEN FAILED.
Reason:
org.openqa.selenium.WebDriverException: An unknown server-side error occurred while processing the command. Original error: Timed out after 15552ms waiting for the root AccessibilityNodeInfo in the active window. Make sure the active window is not constantly hogging the main UI thread (e.g. the application is being idle long enough), so the accessibility manager could do its work
Build info: version: '3.141.59', revision: 'unknown', time: 'unknown'
System info: host: '192.168.1.4.non-exists.ptr.local', ip: '2402:800:63f2:b9ce:1859:4296:77a1:a88d%en0', os.name: 'Mac OS X', os.arch: 'aarch64', os.version: '15.4.1', java.version: '17.0.7'
Driver info: com.kms.katalon.core.appium.driver.SwipeableAndroidDriver
Capabilities {automationName: UiAutomator2, databaseEnabled: false, desired: {automationName: UiAutomator2, deviceName: af0c5cf7, noReset: true, platformName: android, waitForIdleTimeout: 3000}, deviceApiLevel: 35, deviceManufacturer: OPPO, deviceModel: CPH2699, deviceName: af0c5cf7, deviceScreenDensity: 480, deviceScreenSize: 1080x2400, deviceUDID: af0c5cf7, javascriptEnabled: true, locationContextEnabled: false, networkConnectionEnabled: true, noReset: true, pixelRatio: 3, platform: LINUX, platformName: Android, platformVersion: 15, statBarHeight: 120, takesScreenshot: true, viewportRect: {height: 2280, left: 0, top: 120, width: 1080}, waitForIdleTimeout: 3000, warnings: {}, webStorageEnabled: false}
Session ID: 3304c37f-648b-4099-8110-a9bd3d735cc7
*** Element info: {Using=id, value=com.hdbank.ipaper:id/layout_menu_attach}
	at java.base/jdk.internal.reflect.NativeConstructorAccessorImpl.newInstance0(Native Method)
	at java.base/jdk.internal.reflect.NativeConstructorAccessorImpl.newInstance(NativeConstructorAccessorImpl.java:77)
	at java.base/jdk.internal.reflect.DelegatingConstructorAccessorImpl.newInstance(DelegatingConstructorAccessorImpl.java:45)
	at org.openqa.selenium.remote.http.W3CHttpResponseCodec.createException(W3CHttpResponseCodec.java:187)
	at org.openqa.selenium.remote.http.W3CHttpResponseCodec.decode(W3CHttpResponseCodec.java:122)
	at org.openqa.selenium.remote.http.W3CHttpResponseCodec.decode(W3CHttpResponseCodec.java:49)
	at org.openqa.selenium.remote.HttpCommandExecutor.execute(HttpCommandExecutor.java:158)
	at io.appium.java_client.remote.AppiumCommandExecutor.execute(AppiumCommandExecutor.java:239)
	at org.openqa.selenium.remote.RemoteWebDriver.execute(RemoteWebDriver.java:552)
	at io.appium.java_client.DefaultGenericMobileDriver.execute(DefaultGenericMobileDriver.java:42)
	at io.appium.java_client.AppiumDriver.execute(AppiumDriver.java:1)
	at io.appium.java_client.android.AndroidDriver.execute(AndroidDriver.java:1)
	at com.kms.katalon.core.appium.driver.SwipeableAndroidDriver.execute(SwipeableAndroidDriver.java:1)
	at org.openqa.selenium.remote.RemoteWebDriver.findElements(RemoteWebDriver.java:353)
	at io.appium.java_client.DefaultGenericMobileDriver.findElements(DefaultGenericMobileDriver.java:54)
	at io.appium.java_client.AppiumDriver.findElements(AppiumDriver.java:152)
	at org.openqa.selenium.remote.RemoteWebDriver.findElementsById(RemoteWebDriver.java:376)
	at io.appium.java_client.DefaultGenericMobileDriver.findElementsById(DefaultGenericMobileDriver.java:66)
	at io.appium.java_client.AppiumDriver.findElementsById(AppiumDriver.java:156)
	at org.openqa.selenium.By$ById.findElements(By.java:180)
	at org.openqa.selenium.remote.RemoteWebDriver.findElements(RemoteWebDriver.java:311)
	at io.appium.java_client.DefaultGenericMobileDriver.findElements(DefaultGenericMobileDriver.java:50)
	at io.appium.java_client.AppiumDriver.findElements(AppiumDriver.java:148)
	at base.BaseKeyword$Trait$Helper$_waitForPresentOf_closure1.doCall(BaseKeyword.groovy:253)
	at jdk.internal.reflect.GeneratedMethodAccessor8.invoke(Unknown Source)
	at java.base/jdk.internal.reflect.DelegatingMethodAccessorImpl.invoke(DelegatingMethodAccessorImpl.java:43)
	at jdk.proxy2/jdk.proxy2.$Proxy34.apply(Unknown Source)
	at org.openqa.selenium.support.ui.FluentWait.until(FluentWait.java:249)
	at base.BaseKeyword$Trait$Helper.waitForPresentOf(BaseKeyword.groovy:252)
	at screens.DocumentInformationScreen.waitForPresentOf(DocumentInformationScreen.groovy)
	at screens.DocumentInformationScreen.downloadFileAtmainFile(DocumentInformationScreen.groovy:302)
	at 044 TAI FILE TAI MAIN FILE_HO SO DEN.run(044 TAI FILE TAI MAIN FILE_HO SO DEN:57)
	at com.kms.katalon.core.main.ScriptEngine.run(ScriptEngine.java:194)
	at com.kms.katalon.core.main.ScriptEngine.runScriptAsRawText(ScriptEngine.java:119)
	at com.kms.katalon.core.main.TestCaseExecutor.runScript(TestCaseExecutor.java:448)
	at com.kms.katalon.core.main.TestCaseExecutor.doExecute(TestCaseExecutor.java:439)
	at com.kms.katalon.core.main.TestCaseExecutor.processExecutionPhase(TestCaseExecutor.java:418)
	at com.kms.katalon.core.main.TestCaseExecutor.accessMainPhase(TestCaseExecutor.java:410)
	at com.kms.katalon.core.main.TestCaseExecutor.execute(TestCaseExecutor.java:285)
	at com.kms.katalon.core.common.CommonExecutor.accessTestCaseMainPhase(CommonExecutor.java:65)
	at com.kms.katalon.core.main.TestSuiteExecutor.accessTestSuiteMainPhase(TestSuiteExecutor.java:150)
	at com.kms.katalon.core.main.TestSuiteExecutor.execute(TestSuiteExecutor.java:106)
	at com.kms.katalon.core.main.TestCaseMain.startTestSuite(TestCaseMain.java:180)
	at TempTestSuite1747539355497.run(TempTestSuite1747539355497.groovy:35)
	at java.base/jdk.internal.reflect.NativeMethodAccessorImpl.invoke0(Native Method)
	at java.base/jdk.internal.reflect.NativeMethodAccessorImpl.invoke(NativeMethodAccessorImpl.java:77)
	at java.base/jdk.internal.reflect.DelegatingMethodAccessorImpl.invoke(DelegatingMethodAccessorImpl.java:43)


18-05-2025T10:40:11 - [TEST_STEP][PASSED] - Start listener action : afterTest: null

18-05-2025T10:40:11 - [TEST_STEP][PASSED] - if (testCaseStatus != "PASSED"): Screenshot is taken

18-05-2025T10:40:11 - [TEST_STEP][PASSED] - takeScreenshot(ErrorScreen/$GlobalVariable.PLATFORM/$testCaseContext.getTestCaseId().png): Screenshot is taken

18-05-2025T10:40:13 - [MESSAGE][PASSED] - Screenshot is taken
[[ATTACHMENT|ErrorScreen/Android/Test Cases/IPAPER APP/044 TAI FILE TAI MAIN FILE_HO SO DEN.png]]

18-05-2025T10:40:13 - [TEST_STEP][PASSED] - drivers.Driver.closeApp(): drivers.Driver.closeApp is PASSED

18-05-2025T10:40:14 - [MESSAGE][PASSED] - drivers.Driver.closeApp is PASSED

18-05-2025T10:40:14 - [TEST_STEP][PASSED] - if (tsContext == null): null]]></system-out>
         <system-err><![CDATA[18-05-2025T10:38:16 - [TEST_CASE][ERROR] - Test Cases/IPAPER APP/044 TAI FILE TAI MAIN FILE_HO SO DEN: Test Cases/IPAPER APP/044 TAI FILE TAI MAIN FILE_HO SO DEN FAILED.
Reason:
org.openqa.selenium.WebDriverException: An unknown server-side error occurred while processing the command. Original error: Timed out after 15552ms waiting for the root AccessibilityNodeInfo in the active window. Make sure the active window is not constantly hogging the main UI thread (e.g. the application is being idle long enough), so the accessibility manager could do its work
Build info: version: '3.141.59', revision: 'unknown', time: 'unknown'
System info: host: '192.168.1.4.non-exists.ptr.local', ip: '2402:800:63f2:b9ce:1859:4296:77a1:a88d%en0', os.name: 'Mac OS X', os.arch: 'aarch64', os.version: '15.4.1', java.version: '17.0.7'
Driver info: com.kms.katalon.core.appium.driver.SwipeableAndroidDriver
Capabilities {automationName: UiAutomator2, databaseEnabled: false, desired: {automationName: UiAutomator2, deviceName: af0c5cf7, noReset: true, platformName: android, waitForIdleTimeout: 3000}, deviceApiLevel: 35, deviceManufacturer: OPPO, deviceModel: CPH2699, deviceName: af0c5cf7, deviceScreenDensity: 480, deviceScreenSize: 1080x2400, deviceUDID: af0c5cf7, javascriptEnabled: true, locationContextEnabled: false, networkConnectionEnabled: true, noReset: true, pixelRatio: 3, platform: LINUX, platformName: Android, platformVersion: 15, statBarHeight: 120, takesScreenshot: true, viewportRect: {height: 2280, left: 0, top: 120, width: 1080}, waitForIdleTimeout: 3000, warnings: {}, webStorageEnabled: false}
Session ID: 3304c37f-648b-4099-8110-a9bd3d735cc7
*** Element info: {Using=id, value=com.hdbank.ipaper:id/layout_menu_attach}
	at java.base/jdk.internal.reflect.NativeConstructorAccessorImpl.newInstance0(Native Method)
	at java.base/jdk.internal.reflect.NativeConstructorAccessorImpl.newInstance(NativeConstructorAccessorImpl.java:77)
	at java.base/jdk.internal.reflect.DelegatingConstructorAccessorImpl.newInstance(DelegatingConstructorAccessorImpl.java:45)
	at org.openqa.selenium.remote.http.W3CHttpResponseCodec.createException(W3CHttpResponseCodec.java:187)
	at org.openqa.selenium.remote.http.W3CHttpResponseCodec.decode(W3CHttpResponseCodec.java:122)
	at org.openqa.selenium.remote.http.W3CHttpResponseCodec.decode(W3CHttpResponseCodec.java:49)
	at org.openqa.selenium.remote.HttpCommandExecutor.execute(HttpCommandExecutor.java:158)
	at io.appium.java_client.remote.AppiumCommandExecutor.execute(AppiumCommandExecutor.java:239)
	at org.openqa.selenium.remote.RemoteWebDriver.execute(RemoteWebDriver.java:552)
	at io.appium.java_client.DefaultGenericMobileDriver.execute(DefaultGenericMobileDriver.java:42)
	at io.appium.java_client.AppiumDriver.execute(AppiumDriver.java:1)
	at io.appium.java_client.android.AndroidDriver.execute(AndroidDriver.java:1)
	at com.kms.katalon.core.appium.driver.SwipeableAndroidDriver.execute(SwipeableAndroidDriver.java:1)
	at org.openqa.selenium.remote.RemoteWebDriver.findElements(RemoteWebDriver.java:353)
	at io.appium.java_client.DefaultGenericMobileDriver.findElements(DefaultGenericMobileDriver.java:54)
	at io.appium.java_client.AppiumDriver.findElements(AppiumDriver.java:152)
	at org.openqa.selenium.remote.RemoteWebDriver.findElementsById(RemoteWebDriver.java:376)
	at io.appium.java_client.DefaultGenericMobileDriver.findElementsById(DefaultGenericMobileDriver.java:66)
	at io.appium.java_client.AppiumDriver.findElementsById(AppiumDriver.java:156)
	at org.openqa.selenium.By$ById.findElements(By.java:180)
	at org.openqa.selenium.remote.RemoteWebDriver.findElements(RemoteWebDriver.java:311)
	at io.appium.java_client.DefaultGenericMobileDriver.findElements(DefaultGenericMobileDriver.java:50)
	at io.appium.java_client.AppiumDriver.findElements(AppiumDriver.java:148)
	at base.BaseKeyword$Trait$Helper$_waitForPresentOf_closure1.doCall(BaseKeyword.groovy:253)
	at jdk.internal.reflect.GeneratedMethodAccessor8.invoke(Unknown Source)
	at java.base/jdk.internal.reflect.DelegatingMethodAccessorImpl.invoke(DelegatingMethodAccessorImpl.java:43)
	at jdk.proxy2/jdk.proxy2.$Proxy34.apply(Unknown Source)
	at org.openqa.selenium.support.ui.FluentWait.until(FluentWait.java:249)
	at base.BaseKeyword$Trait$Helper.waitForPresentOf(BaseKeyword.groovy:252)
	at screens.DocumentInformationScreen.waitForPresentOf(DocumentInformationScreen.groovy)
	at screens.DocumentInformationScreen.downloadFileAtmainFile(DocumentInformationScreen.groovy:302)
	at 044 TAI FILE TAI MAIN FILE_HO SO DEN.run(044 TAI FILE TAI MAIN FILE_HO SO DEN:57)
	at com.kms.katalon.core.main.ScriptEngine.run(ScriptEngine.java:194)
	at com.kms.katalon.core.main.ScriptEngine.runScriptAsRawText(ScriptEngine.java:119)
	at com.kms.katalon.core.main.TestCaseExecutor.runScript(TestCaseExecutor.java:448)
	at com.kms.katalon.core.main.TestCaseExecutor.doExecute(TestCaseExecutor.java:439)
	at com.kms.katalon.core.main.TestCaseExecutor.processExecutionPhase(TestCaseExecutor.java:418)
	at com.kms.katalon.core.main.TestCaseExecutor.accessMainPhase(TestCaseExecutor.java:410)
	at com.kms.katalon.core.main.TestCaseExecutor.execute(TestCaseExecutor.java:285)
	at com.kms.katalon.core.common.CommonExecutor.accessTestCaseMainPhase(CommonExecutor.java:65)
	at com.kms.katalon.core.main.TestSuiteExecutor.accessTestSuiteMainPhase(TestSuiteExecutor.java:150)
	at com.kms.katalon.core.main.TestSuiteExecutor.execute(TestSuiteExecutor.java:106)
	at com.kms.katalon.core.main.TestCaseMain.startTestSuite(TestCaseMain.java:180)
	at TempTestSuite1747539355497.run(TempTestSuite1747539355497.groovy:35)
	at java.base/jdk.internal.reflect.NativeMethodAccessorImpl.invoke0(Native Method)
	at java.base/jdk.internal.reflect.NativeMethodAccessorImpl.invoke(NativeMethodAccessorImpl.java:77)
	at java.base/jdk.internal.reflect.DelegatingMethodAccessorImpl.invoke(DelegatingMethodAccessorImpl.java:43)]]></system-err>
      </testcase>
      <testcase name="Test Cases/IPAPER APP/058 TẠO QUY TRINH_1 BUOC" time="135.671" classname="Test Cases/IPAPER APP/058 TẠO QUY TRINH_1 BUOC" status="PASSED">
         <system-out><![CDATA[18-05-2025T10:40:14 - [TEST_CASE][PASSED] - Test Cases/IPAPER APP/058 TẠO QUY TRINH_1 BUOC: Test Cases/IPAPER APP/058 TẠO QUY TRINH_1 BUOC

18-05-2025T10:40:14 - [TEST_STEP][PASSED] - Start listener action : beforeTest: drivers.Driver.openApp is PASSED

18-05-2025T10:40:14 - [TEST_STEP][PASSED] - DataTest.init(): null

18-05-2025T10:40:14 - [TEST_STEP][PASSED] - testCaseId = split("/").last(): null

18-05-2025T10:40:14 - [TEST_STEP][PASSED] - if (!(drivers.Driver.isAppiumRunning())): drivers.Driver.isAppiumRunning is PASSED

18-05-2025T10:40:14 - [MESSAGE][INFO] - Appium running: true

18-05-2025T10:40:14 - [MESSAGE][PASSED] - drivers.Driver.isAppiumRunning is PASSED

18-05-2025T10:40:14 - [TEST_STEP][PASSED] - if (driver == null || driver.getSessionId() == null): null

18-05-2025T10:40:14 - [TEST_STEP][PASSED] - drivers.Driver.openApp(): drivers.Driver.openApp is PASSED

18-05-2025T10:40:16 - [MESSAGE][PASSED] - drivers.Driver.openApp is PASSED

18-05-2025T10:40:16 - [TEST_STEP][PASSED] - REQUEST_NAME = "Trình ký PDF có sẵn": null

18-05-2025T10:40:16 - [TEST_STEP][PASSED] - TO_DAY = SimpleDateFormat(dd/MM/yyyy).format(new java.util.Date()): null

18-05-2025T10:40:16 - [TEST_STEP][PASSED] - auto5 = DataTest.getUserTest("auto5"): null

18-05-2025T10:40:16 - [TEST_STEP][PASSED] - auto6 = DataTest.getUserTest("auto6"): null

18-05-2025T10:40:16 - [TEST_STEP][PASSED] - auto7 = DataTest.getUserTest("auto7"): null

18-05-2025T10:40:16 - [TEST_STEP][PASSED] - document = DataTest.createDocumentTest(auto5, auto6, auto7, "dummy.pdf", "dummy.pdf"): null

18-05-2025T10:40:16 - [TEST_STEP][PASSED] - loginScreen.login(auto5): null

18-05-2025T10:40:24 - [TEST_STEP][PASSED] - homeScreen.openRequestList(): null

18-05-2025T10:40:30 - [TEST_STEP][PASSED] - homeScreen.createRequest(REQUEST_NAME): null

18-05-2025T10:40:33 - [TEST_STEP][PASSED] - pdfSignScreen.fillInTitle(title): null

18-05-2025T10:40:36 - [TEST_STEP][PASSED] - pdfSignScreen.selectPriority(priority): null

18-05-2025T10:40:38 - [TEST_STEP][PASSED] - pdfSignScreen.selectTime(time): null

18-05-2025T10:40:41 - [TEST_STEP][PASSED] - pdfSignScreen.fillInDescription(description): null

18-05-2025T10:40:43 - [TEST_STEP][PASSED] - pdfSignScreen.openMainFileBrowser(): null

18-05-2025T10:40:44 - [TEST_STEP][PASSED] - fileBrowserScreen.attachFile(mainFileName): null

18-05-2025T10:40:51 - [TEST_STEP][PASSED] - pdfSignScreen.openSubFileBrowser(): null

18-05-2025T10:40:56 - [TEST_STEP][PASSED] - fileBrowserScreen.attachFile(subFileName): null

18-05-2025T10:41:02 - [TEST_STEP][PASSED] - pdfSignScreen.processDefinition(auto6): null

18-05-2025T10:41:10 - [TEST_STEP][PASSED] - pdfSignScreen.performAction(SEND_APPROVE): null

18-05-2025T10:41:14 - [TEST_STEP][PASSED] - pdfSignScreen.fillInOpinion(document.getComment()): null

18-05-2025T10:41:15 - [TEST_STEP][PASSED] - pdfSignScreen.submitRequest(): null

18-05-2025T10:41:22 - [TEST_STEP][PASSED] - document.setStatus(WAIT_APPROVE): null

18-05-2025T10:41:22 - [TEST_STEP][PASSED] - documentInformationScreen.backToHome(): null

18-05-2025T10:41:23 - [TEST_STEP][PASSED] - homeScreen.goToOutComingDocument(): null

18-05-2025T10:41:32 - [TEST_STEP][PASSED] - outComingDocument.viewInformationDocument(document): null

18-05-2025T10:41:33 - [TEST_STEP][PASSED] - documentInformationScreen.checkDocumentTitle(document): Verify equals GUI: Trình ký 1747539616721 - DATA: Trình ký 1747539616721

18-05-2025T10:41:38 - [MESSAGE][PASSED] - Verify equals GUI: Trình ký 1747539616721 - DATA: Trình ký 1747539616721

18-05-2025T10:41:38 - [TEST_STEP][PASSED] - documentInformationScreen.checkSender(document): Verify equals GUI: Auto Test User 5 - DATA: Auto Test User 5

18-05-2025T10:41:38 - [MESSAGE][PASSED] - Verify equals GUI: Auto Test User 5 - DATA: Auto Test User 5

18-05-2025T10:41:38 - [TEST_STEP][PASSED] - documentInformationScreen.checkStatus(document): Verify equals GUI: Chờ giám sát phê duyệt - DATA: Chờ giám sát phê duyệt

18-05-2025T10:41:38 - [MESSAGE][PASSED] - Verify equals GUI: Chờ giám sát phê duyệt - DATA: Chờ giám sát phê duyệt

18-05-2025T10:41:38 - [TEST_STEP][PASSED] - documentInformationScreen.checkCreateDate(): Verify equals GUI: 18/05/2025 - DATA: 18/05/2025

18-05-2025T10:41:38 - [MESSAGE][PASSED] - Verify equals GUI: 18/05/2025 - DATA: 18/05/2025

18-05-2025T10:41:38 - [TEST_STEP][PASSED] - documentInformationScreen.checkFinishDate(document): Verify equals GUI: 19/05/2025 - DATA: 19/05/2025

18-05-2025T10:41:39 - [MESSAGE][PASSED] - Verify equals GUI: 19/05/2025 - DATA: 19/05/2025

18-05-2025T10:41:39 - [TEST_STEP][PASSED] - documentInformationScreen.checkPriority(document): Verify equals GUI: Khẩn cấp - DATA: Khẩn cấp

18-05-2025T10:41:39 - [MESSAGE][PASSED] - Verify equals GUI: Khẩn cấp - DATA: Khẩn cấp

18-05-2025T10:41:39 - [TEST_STEP][PASSED] - documentInformationScreen.checkDescription(document): Verify equals GUI: 058 TẠO QUY TRINH_1 BUOC - DATA: 058 TẠO QUY TRINH_1 BUOC

18-05-2025T10:41:39 - [MESSAGE][PASSED] - Verify equals GUI: 058 TẠO QUY TRINH_1 BUOC - DATA: 058 TẠO QUY TRINH_1 BUOC

18-05-2025T10:41:39 - [TEST_STEP][PASSED] - documentInformationScreen.checkAssigner(document): Verify contains GUI: auto6@hdbank.com.vn - DATA: auto6@hdbank.com.vn

18-05-2025T10:41:40 - [MESSAGE][PASSED] - Verify contains GUI: auto6@hdbank.com.vn - DATA: auto6@hdbank.com.vn

18-05-2025T10:41:40 - [TEST_STEP][PASSED] - documentInformationScreen.checkPresentFileName(document): Verify contains GUI: dummy_20250518104126.ozd - DATA: dummy

18-05-2025T10:41:41 - [MESSAGE][PASSED] - Verify contains GUI: dummy_20250518104126.ozd - DATA: dummy

18-05-2025T10:41:41 - [TEST_STEP][PASSED] - documentInformationScreen.checkAttachFileName(document): Expected true condition

18-05-2025T10:41:43 - [MESSAGE][PASSED] - Expected true condition

18-05-2025T10:41:43 - [TEST_STEP][PASSED] - documentInformationScreen.backToHome(): null

18-05-2025T10:41:48 - [TEST_STEP][PASSED] - homeScreen.logout(): null

18-05-2025T10:41:56 - [TEST_STEP][PASSED] - loginScreen.login(auto6): null

18-05-2025T10:42:05 - [TEST_STEP][PASSED] - document.setAssigner(auto5): null

18-05-2025T10:42:05 - [TEST_STEP][PASSED] - homeScreen.goToIncomingDocument(): null

18-05-2025T10:42:05 - [TEST_STEP][PASSED] - inComingDocument.viewInformationDocument(document): View document Trình ký 1747539616721

18-05-2025T10:42:05 - [MESSAGE][INFO] - View document Trình ký 1747539616721

18-05-2025T10:42:11 - [TEST_STEP][PASSED] - documentInformationScreen.checkDocumentTitle(document): Verify equals GUI: Trình ký 1747539616721 - DATA: Trình ký 1747539616721

18-05-2025T10:42:11 - [MESSAGE][PASSED] - Verify equals GUI: Trình ký 1747539616721 - DATA: Trình ký 1747539616721

18-05-2025T10:42:11 - [TEST_STEP][PASSED] - documentInformationScreen.checkSender(document): Verify equals GUI: Auto Test User 5 - DATA: Auto Test User 5

18-05-2025T10:42:11 - [MESSAGE][PASSED] - Verify equals GUI: Auto Test User 5 - DATA: Auto Test User 5

18-05-2025T10:42:11 - [TEST_STEP][PASSED] - documentInformationScreen.checkStatus(document): Verify equals GUI: Chờ giám sát phê duyệt - DATA: Chờ giám sát phê duyệt

18-05-2025T10:42:11 - [MESSAGE][PASSED] - Verify equals GUI: Chờ giám sát phê duyệt - DATA: Chờ giám sát phê duyệt

18-05-2025T10:42:11 - [TEST_STEP][PASSED] - documentInformationScreen.checkCreateDate(): Verify equals GUI: 18/05/2025 - DATA: 18/05/2025

18-05-2025T10:42:11 - [MESSAGE][PASSED] - Verify equals GUI: 18/05/2025 - DATA: 18/05/2025

18-05-2025T10:42:11 - [TEST_STEP][PASSED] - documentInformationScreen.checkFinishDate(document): Verify equals GUI: 19/05/2025 - DATA: 19/05/2025

18-05-2025T10:42:11 - [MESSAGE][PASSED] - Verify equals GUI: 19/05/2025 - DATA: 19/05/2025

18-05-2025T10:42:11 - [TEST_STEP][PASSED] - documentInformationScreen.checkPriority(document): Verify equals GUI: Khẩn cấp - DATA: Khẩn cấp

18-05-2025T10:42:12 - [MESSAGE][PASSED] - Verify equals GUI: Khẩn cấp - DATA: Khẩn cấp

18-05-2025T10:42:12 - [TEST_STEP][PASSED] - documentInformationScreen.checkDescription(document): Verify equals GUI: 058 TẠO QUY TRINH_1 BUOC - DATA: 058 TẠO QUY TRINH_1 BUOC

18-05-2025T10:42:12 - [MESSAGE][PASSED] - Verify equals GUI: 058 TẠO QUY TRINH_1 BUOC - DATA: 058 TẠO QUY TRINH_1 BUOC

18-05-2025T10:42:12 - [TEST_STEP][PASSED] - documentInformationScreen.checkAssigner(document): Verify contains GUI: auto5@hdbank.com.vn - DATA: auto5@hdbank.com.vn

18-05-2025T10:42:13 - [MESSAGE][PASSED] - Verify contains GUI: auto5@hdbank.com.vn - DATA: auto5@hdbank.com.vn

18-05-2025T10:42:13 - [TEST_STEP][PASSED] - documentInformationScreen.checkPresentFileName(document): Verify contains GUI: dummy_20250518104126.ozd - DATA: dummy

18-05-2025T10:42:14 - [MESSAGE][PASSED] - Verify contains GUI: dummy_20250518104126.ozd - DATA: dummy

18-05-2025T10:42:14 - [TEST_STEP][PASSED] - documentInformationScreen.checkAttachFileName(document): Expected true condition

18-05-2025T10:42:16 - [MESSAGE][PASSED] - Expected true condition

18-05-2025T10:42:16 - [TEST_STEP][PASSED] - documentInformationScreen.backToHome(): null

18-05-2025T10:42:21 - [TEST_STEP][PASSED] - homeScreen.logout(): null

18-05-2025T10:42:29 - [TEST_STEP][PASSED] - Start listener action : afterTest: null

18-05-2025T10:42:29 - [TEST_STEP][PASSED] - if (testCaseStatus != "PASSED"): null

18-05-2025T10:42:29 - [TEST_STEP][PASSED] - drivers.Driver.closeApp(): drivers.Driver.closeApp is PASSED

18-05-2025T10:42:30 - [MESSAGE][PASSED] - drivers.Driver.closeApp is PASSED

18-05-2025T10:42:30 - [TEST_STEP][PASSED] - if (tsContext == null): null]]></system-out>
         <system-err><![CDATA[]]></system-err>
      </testcase>
      <testcase name="Test Cases/IPAPER APP/002 TAO YEU CAU" time="179.641" classname="Test Cases/IPAPER APP/002 TAO YEU CAU" status="PASSED">
         <system-out><![CDATA[18-05-2025T10:42:30 - [TEST_CASE][PASSED] - Test Cases/IPAPER APP/002 TAO YEU CAU: Test Cases/IPAPER APP/002 TAO YEU CAU

18-05-2025T10:42:30 - [TEST_STEP][PASSED] - Start listener action : beforeTest: drivers.Driver.openApp is PASSED

18-05-2025T10:42:30 - [TEST_STEP][PASSED] - DataTest.init(): null

18-05-2025T10:42:30 - [TEST_STEP][PASSED] - testCaseId = split("/").last(): null

18-05-2025T10:42:30 - [TEST_STEP][PASSED] - if (!(drivers.Driver.isAppiumRunning())): drivers.Driver.isAppiumRunning is PASSED

18-05-2025T10:42:30 - [MESSAGE][INFO] - Appium running: true

18-05-2025T10:42:30 - [MESSAGE][PASSED] - drivers.Driver.isAppiumRunning is PASSED

18-05-2025T10:42:30 - [TEST_STEP][PASSED] - if (driver == null || driver.getSessionId() == null): null

18-05-2025T10:42:30 - [TEST_STEP][PASSED] - drivers.Driver.openApp(): drivers.Driver.openApp is PASSED

18-05-2025T10:42:32 - [MESSAGE][PASSED] - drivers.Driver.openApp is PASSED

18-05-2025T10:42:32 - [TEST_STEP][PASSED] - REQUEST_NAME = "Trình ký PDF có sẵn": null

18-05-2025T10:42:32 - [TEST_STEP][PASSED] - TO_DAY = SimpleDateFormat(dd/MM/yyyy).format(new java.util.Date()): null

18-05-2025T10:42:32 - [TEST_STEP][PASSED] - auto5 = DataTest.getUserTest("auto5"): null

18-05-2025T10:42:32 - [TEST_STEP][PASSED] - auto6 = DataTest.getUserTest("auto6"): null

18-05-2025T10:42:32 - [TEST_STEP][PASSED] - auto7 = DataTest.getUserTest("auto7"): null

18-05-2025T10:42:32 - [TEST_STEP][PASSED] - document = DataTest.createDocumentTest(auto5, auto6, auto7, "dummy.pdf", "dummy.pdf"): null

18-05-2025T10:42:32 - [TEST_STEP][PASSED] - loginScreen.login(auto5): null

18-05-2025T10:42:39 - [TEST_STEP][PASSED] - homeScreen.openRequestList(): null

18-05-2025T10:42:44 - [TEST_STEP][PASSED] - homeScreen.createRequest(REQUEST_NAME): null

18-05-2025T10:42:48 - [TEST_STEP][PASSED] - pdfSignScreen.fillInTitle(title): null

18-05-2025T10:42:50 - [TEST_STEP][PASSED] - pdfSignScreen.selectPriority(priority): null

18-05-2025T10:42:52 - [TEST_STEP][PASSED] - pdfSignScreen.selectTime(time): null

18-05-2025T10:42:54 - [TEST_STEP][PASSED] - pdfSignScreen.fillInDescription(description): null

18-05-2025T10:42:56 - [TEST_STEP][PASSED] - pdfSignScreen.selectAssigner(getAssigner().getEmail()): null

18-05-2025T10:43:00 - [TEST_STEP][PASSED] - pdfSignScreen.openMainFileBrowser(): null

18-05-2025T10:43:05 - [TEST_STEP][PASSED] - fileBrowserScreen.attachFile(mainFileName): null

18-05-2025T10:43:11 - [TEST_STEP][PASSED] - pdfSignScreen.openSubFileBrowser(): null

18-05-2025T10:43:13 - [TEST_STEP][PASSED] - fileBrowserScreen.attachFile(subFileName): null

18-05-2025T10:43:19 - [TEST_STEP][PASSED] - pdfSignScreen.selectRelatedMember(getCc().getEmail()): null

18-05-2025T10:43:27 - [TEST_STEP][PASSED] - pdfSignScreen.performAction(SEND_APPROVE): null

18-05-2025T10:43:29 - [TEST_STEP][PASSED] - pdfSignScreen.fillInOpinion(document.getComment()): null

18-05-2025T10:43:30 - [TEST_STEP][PASSED] - pdfSignScreen.submitRequest(): null

18-05-2025T10:43:38 - [TEST_STEP][PASSED] - document.setStatus(WAIT_APPROVE): null

18-05-2025T10:43:38 - [TEST_STEP][PASSED] - documentInformationScreen.backToHome(): null

18-05-2025T10:43:38 - [TEST_STEP][PASSED] - homeScreen.goToOutComingDocument(): null

18-05-2025T10:43:47 - [TEST_STEP][PASSED] - outComingDocument.viewInformationDocument(document): null

18-05-2025T10:43:48 - [TEST_STEP][PASSED] - documentInformationScreen.checkDocumentTitle(document): Verify equals GUI: Trình ký 1747539752236 - DATA: Trình ký 1747539752236

18-05-2025T10:43:53 - [MESSAGE][PASSED] - Verify equals GUI: Trình ký 1747539752236 - DATA: Trình ký 1747539752236

18-05-2025T10:43:53 - [TEST_STEP][PASSED] - documentInformationScreen.checkSender(document): Verify equals GUI: Auto Test User 5 - DATA: Auto Test User 5

18-05-2025T10:43:53 - [MESSAGE][PASSED] - Verify equals GUI: Auto Test User 5 - DATA: Auto Test User 5

18-05-2025T10:43:53 - [TEST_STEP][PASSED] - documentInformationScreen.checkStatus(document): Verify equals GUI: Chờ giám sát phê duyệt - DATA: Chờ giám sát phê duyệt

18-05-2025T10:43:53 - [MESSAGE][PASSED] - Verify equals GUI: Chờ giám sát phê duyệt - DATA: Chờ giám sát phê duyệt

18-05-2025T10:43:53 - [TEST_STEP][PASSED] - documentInformationScreen.checkCreateDate(): Verify equals GUI: 18/05/2025 - DATA: 18/05/2025

18-05-2025T10:43:53 - [MESSAGE][PASSED] - Verify equals GUI: 18/05/2025 - DATA: 18/05/2025

18-05-2025T10:43:53 - [TEST_STEP][PASSED] - documentInformationScreen.checkFinishDate(document): Verify equals GUI: 19/05/2025 - DATA: 19/05/2025

18-05-2025T10:43:53 - [MESSAGE][PASSED] - Verify equals GUI: 19/05/2025 - DATA: 19/05/2025

18-05-2025T10:43:53 - [TEST_STEP][PASSED] - documentInformationScreen.checkPriority(document): Verify equals GUI: Bình thường - DATA: Bình thường

18-05-2025T10:43:53 - [MESSAGE][PASSED] - Verify equals GUI: Bình thường - DATA: Bình thường

18-05-2025T10:43:53 - [TEST_STEP][PASSED] - documentInformationScreen.checkDescription(document): Verify equals GUI: 002 TAO YEU CAU - DATA: 002 TAO YEU CAU

18-05-2025T10:43:53 - [MESSAGE][PASSED] - Verify equals GUI: 002 TAO YEU CAU - DATA: 002 TAO YEU CAU

18-05-2025T10:43:53 - [TEST_STEP][PASSED] - documentInformationScreen.checkAssigner(document): Verify contains GUI: auto6@hdbank.com.vn - DATA: auto6@hdbank.com.vn

18-05-2025T10:43:55 - [MESSAGE][PASSED] - Verify contains GUI: auto6@hdbank.com.vn - DATA: auto6@hdbank.com.vn

18-05-2025T10:43:55 - [TEST_STEP][PASSED] - documentInformationScreen.checkPresentFileName(document): Verify contains GUI: dummy_20250518104347.ozd - DATA: dummy

18-05-2025T10:44:01 - [MESSAGE][PASSED] - Verify contains GUI: dummy_20250518104347.ozd - DATA: dummy

18-05-2025T10:44:01 - [TEST_STEP][PASSED] - documentInformationScreen.checkAttachFileName(document): Expected true condition

18-05-2025T10:44:02 - [MESSAGE][PASSED] - Expected true condition

18-05-2025T10:44:02 - [TEST_STEP][PASSED] - documentInformationScreen.backToHome(): null

18-05-2025T10:44:07 - [TEST_STEP][PASSED] - homeScreen.logout(): null

18-05-2025T10:44:15 - [TEST_STEP][PASSED] - loginScreen.login(auto6): null

18-05-2025T10:44:24 - [TEST_STEP][PASSED] - document.setAssigner(auto5): null

18-05-2025T10:44:24 - [TEST_STEP][PASSED] - homeScreen.goToIncomingDocument(): null

18-05-2025T10:44:24 - [TEST_STEP][PASSED] - inComingDocument.viewInformationDocument(document): View document Trình ký 1747539752236

18-05-2025T10:44:24 - [MESSAGE][INFO] - View document Trình ký 1747539752236

18-05-2025T10:44:30 - [TEST_STEP][PASSED] - documentInformationScreen.checkDocumentTitle(document): Verify equals GUI: Trình ký 1747539752236 - DATA: Trình ký 1747539752236

18-05-2025T10:44:31 - [MESSAGE][PASSED] - Verify equals GUI: Trình ký 1747539752236 - DATA: Trình ký 1747539752236

18-05-2025T10:44:31 - [TEST_STEP][PASSED] - documentInformationScreen.checkSender(document): Verify equals GUI: Auto Test User 5 - DATA: Auto Test User 5

18-05-2025T10:44:31 - [MESSAGE][PASSED] - Verify equals GUI: Auto Test User 5 - DATA: Auto Test User 5

18-05-2025T10:44:31 - [TEST_STEP][PASSED] - documentInformationScreen.checkStatus(document): Verify equals GUI: Chờ giám sát phê duyệt - DATA: Chờ giám sát phê duyệt

18-05-2025T10:44:31 - [MESSAGE][PASSED] - Verify equals GUI: Chờ giám sát phê duyệt - DATA: Chờ giám sát phê duyệt

18-05-2025T10:44:31 - [TEST_STEP][PASSED] - documentInformationScreen.checkCreateDate(): Verify equals GUI: 18/05/2025 - DATA: 18/05/2025

18-05-2025T10:44:31 - [MESSAGE][PASSED] - Verify equals GUI: 18/05/2025 - DATA: 18/05/2025

18-05-2025T10:44:31 - [TEST_STEP][PASSED] - documentInformationScreen.checkFinishDate(document): Verify equals GUI: 19/05/2025 - DATA: 19/05/2025

18-05-2025T10:44:31 - [MESSAGE][PASSED] - Verify equals GUI: 19/05/2025 - DATA: 19/05/2025

18-05-2025T10:44:31 - [TEST_STEP][PASSED] - documentInformationScreen.checkPriority(document): Verify equals GUI: Bình thường - DATA: Bình thường

18-05-2025T10:44:31 - [MESSAGE][PASSED] - Verify equals GUI: Bình thường - DATA: Bình thường

18-05-2025T10:44:31 - [TEST_STEP][PASSED] - documentInformationScreen.checkDescription(document): Verify equals GUI: 002 TAO YEU CAU - DATA: 002 TAO YEU CAU

18-05-2025T10:44:31 - [MESSAGE][PASSED] - Verify equals GUI: 002 TAO YEU CAU - DATA: 002 TAO YEU CAU

18-05-2025T10:44:31 - [TEST_STEP][PASSED] - documentInformationScreen.checkAssigner(document): Verify contains GUI: auto5@hdbank.com.vn - DATA: auto5@hdbank.com.vn

18-05-2025T10:44:33 - [MESSAGE][PASSED] - Verify contains GUI: auto5@hdbank.com.vn - DATA: auto5@hdbank.com.vn

18-05-2025T10:44:33 - [TEST_STEP][PASSED] - documentInformationScreen.checkPresentFileName(document): Verify contains GUI: dummy_20250518104347.ozd - DATA: dummy

18-05-2025T10:44:34 - [MESSAGE][PASSED] - Verify contains GUI: dummy_20250518104347.ozd - DATA: dummy

18-05-2025T10:44:34 - [TEST_STEP][PASSED] - documentInformationScreen.checkAttachFileName(document): Expected true condition

18-05-2025T10:44:36 - [MESSAGE][PASSED] - Expected true condition

18-05-2025T10:44:36 - [TEST_STEP][PASSED] - documentInformationScreen.backToHome(): null

18-05-2025T10:44:40 - [TEST_STEP][PASSED] - homeScreen.logout(): null

18-05-2025T10:44:49 - [TEST_STEP][PASSED] - document.setAssigner(auto6): null

18-05-2025T10:44:49 - [TEST_STEP][PASSED] - loginScreen.login(auto7): null

18-05-2025T10:44:58 - [TEST_STEP][PASSED] - homeScreen.goToIncomingDocument(): null

18-05-2025T10:44:58 - [TEST_STEP][PASSED] - inComingDocument.goToRelatedDocument(): null

18-05-2025T10:45:00 - [TEST_STEP][PASSED] - relatedDocumentScreen.viewInformationDocument(document): null

18-05-2025T10:45:07 - [TEST_STEP][PASSED] - documentInformationScreen.checkDocumentTitle(document): Verify equals GUI: Trình ký 1747539752236 - DATA: Trình ký 1747539752236

18-05-2025T10:45:12 - [MESSAGE][PASSED] - Verify equals GUI: Trình ký 1747539752236 - DATA: Trình ký 1747539752236

18-05-2025T10:45:12 - [TEST_STEP][PASSED] - documentInformationScreen.checkSender(document): Verify equals GUI: Auto Test User 5 - DATA: Auto Test User 5

18-05-2025T10:45:12 - [MESSAGE][PASSED] - Verify equals GUI: Auto Test User 5 - DATA: Auto Test User 5

18-05-2025T10:45:12 - [TEST_STEP][PASSED] - documentInformationScreen.checkStatus(document): Verify equals GUI: Chờ giám sát phê duyệt - DATA: Chờ giám sát phê duyệt

18-05-2025T10:45:12 - [MESSAGE][PASSED] - Verify equals GUI: Chờ giám sát phê duyệt - DATA: Chờ giám sát phê duyệt

18-05-2025T10:45:12 - [TEST_STEP][PASSED] - documentInformationScreen.checkCreateDate(): Verify equals GUI: 18/05/2025 - DATA: 18/05/2025

18-05-2025T10:45:12 - [MESSAGE][PASSED] - Verify equals GUI: 18/05/2025 - DATA: 18/05/2025

18-05-2025T10:45:12 - [TEST_STEP][PASSED] - documentInformationScreen.checkFinishDate(document): Verify equals GUI: 19/05/2025 - DATA: 19/05/2025

18-05-2025T10:45:12 - [MESSAGE][PASSED] - Verify equals GUI: 19/05/2025 - DATA: 19/05/2025

18-05-2025T10:45:12 - [TEST_STEP][PASSED] - documentInformationScreen.checkPriority(document): Verify equals GUI: Bình thường - DATA: Bình thường

18-05-2025T10:45:13 - [MESSAGE][PASSED] - Verify equals GUI: Bình thường - DATA: Bình thường

18-05-2025T10:45:13 - [TEST_STEP][PASSED] - documentInformationScreen.checkDescription(document): Verify equals GUI: 002 TAO YEU CAU - DATA: 002 TAO YEU CAU

18-05-2025T10:45:13 - [MESSAGE][PASSED] - Verify equals GUI: 002 TAO YEU CAU - DATA: 002 TAO YEU CAU

18-05-2025T10:45:13 - [TEST_STEP][PASSED] - documentInformationScreen.checkAssigner(document): Verify contains GUI: auto6@hdbank.com.vn - DATA: auto6@hdbank.com.vn

18-05-2025T10:45:14 - [MESSAGE][PASSED] - Verify contains GUI: auto6@hdbank.com.vn - DATA: auto6@hdbank.com.vn

18-05-2025T10:45:14 - [TEST_STEP][PASSED] - documentInformationScreen.checkPresentFileName(document): Verify contains GUI: dummy_20250518104347.ozd - DATA: dummy

18-05-2025T10:45:15 - [MESSAGE][PASSED] - Verify contains GUI: dummy_20250518104347.ozd - DATA: dummy

18-05-2025T10:45:15 - [TEST_STEP][PASSED] - documentInformationScreen.checkAttachFileName(document): Expected true condition

18-05-2025T10:45:17 - [MESSAGE][PASSED] - Expected true condition

18-05-2025T10:45:17 - [TEST_STEP][PASSED] - documentInformationScreen.checkUserCannotEditDocument(): Check user can not edit document

18-05-2025T10:45:29 - [MESSAGE][PASSED] - Check user can not edit document

18-05-2025T10:45:29 - [TEST_STEP][PASSED] - Start listener action : afterTest: null

18-05-2025T10:45:29 - [TEST_STEP][PASSED] - if (testCaseStatus != "PASSED"): null

18-05-2025T10:45:29 - [TEST_STEP][PASSED] - drivers.Driver.closeApp(): drivers.Driver.closeApp is PASSED

18-05-2025T10:45:29 - [MESSAGE][PASSED] - drivers.Driver.closeApp is PASSED

18-05-2025T10:45:29 - [TEST_STEP][PASSED] - if (tsContext == null): null]]></system-out>
         <system-err><![CDATA[]]></system-err>
      </testcase>
      <testcase name="Test Cases/IPAPER APP/043 TAI FILE TAI CHI TIET HO SO_HO SO DEN" time="125.5" classname="Test Cases/IPAPER APP/043 TAI FILE TAI CHI TIET HO SO_HO SO DEN" status="ERROR">
         <error type="ERROR" message="Test Cases/IPAPER APP/043 TAI FILE TAI CHI TIET HO SO_HO SO DEN FAILED.&#xa;Reason:&#xa;org.openqa.selenium.WebDriverException: An unknown server-side error occurred while processing the command. Original error: Timed out after 15563ms waiting for the root AccessibilityNodeInfo in the active window. Make sure the active window is not constantly hogging the main UI thread (e.g. the application is being idle long enough), so the accessibility manager could do its work&#xa;Build info: version: '3.141.59', revision: 'unknown', time: 'unknown'&#xa;System info: host: '192.168.1.4.non-exists.ptr.local', ip: '2402:800:63f2:b9ce:1859:4296:77a1:a88d%en0', os.name: 'Mac OS X', os.arch: 'aarch64', os.version: '15.4.1', java.version: '17.0.7'&#xa;Driver info: com.kms.katalon.core.appium.driver.SwipeableAndroidDriver&#xa;Capabilities {automationName: UiAutomator2, databaseEnabled: false, desired: {automationName: UiAutomator2, deviceName: af0c5cf7, noReset: true, platformName: android, waitForIdleTimeout: 3000}, deviceApiLevel: 35, deviceManufacturer: OPPO, deviceModel: CPH2699, deviceName: af0c5cf7, deviceScreenDensity: 480, deviceScreenSize: 1080x2400, deviceUDID: af0c5cf7, javascriptEnabled: true, locationContextEnabled: false, networkConnectionEnabled: true, noReset: true, pixelRatio: 3, platform: LINUX, platformName: Android, platformVersion: 15, statBarHeight: 120, takesScreenshot: true, viewportRect: {height: 2280, left: 0, top: 120, width: 1080}, waitForIdleTimeout: 3000, warnings: {}, webStorageEnabled: false}&#xa;Session ID: 3304c37f-648b-4099-8110-a9bd3d735cc7&#xa;*** Element info: {Using=id, value=com.hdbank.ipaper:id/fab}&#xa;	at java.base/jdk.internal.reflect.NativeConstructorAccessorImpl.newInstance0(Native Method)&#xa;	at java.base/jdk.internal.reflect.NativeConstructorAccessorImpl.newInstance(NativeConstructorAccessorImpl.java:77)&#xa;	at java.base/jdk.internal.reflect.DelegatingConstructorAccessorImpl.newInstance(DelegatingConstructorAccessorImpl.java:45)&#xa;	at org.openqa.selenium.remote.http.W3CHttpResponseCodec.createException(W3CHttpResponseCodec.java:187)&#xa;	at org.openqa.selenium.remote.http.W3CHttpResponseCodec.decode(W3CHttpResponseCodec.java:122)&#xa;	at org.openqa.selenium.remote.http.W3CHttpResponseCodec.decode(W3CHttpResponseCodec.java:49)&#xa;	at org.openqa.selenium.remote.HttpCommandExecutor.execute(HttpCommandExecutor.java:158)&#xa;	at io.appium.java_client.remote.AppiumCommandExecutor.execute(AppiumCommandExecutor.java:239)&#xa;	at org.openqa.selenium.remote.RemoteWebDriver.execute(RemoteWebDriver.java:552)&#xa;	at io.appium.java_client.DefaultGenericMobileDriver.execute(DefaultGenericMobileDriver.java:42)&#xa;	at io.appium.java_client.AppiumDriver.execute(AppiumDriver.java:1)&#xa;	at io.appium.java_client.android.AndroidDriver.execute(AndroidDriver.java:1)&#xa;	at com.kms.katalon.core.appium.driver.SwipeableAndroidDriver.execute(SwipeableAndroidDriver.java:1)&#xa;	at org.openqa.selenium.remote.RemoteWebDriver.findElements(RemoteWebDriver.java:353)&#xa;	at io.appium.java_client.DefaultGenericMobileDriver.findElements(DefaultGenericMobileDriver.java:54)&#xa;	at io.appium.java_client.AppiumDriver.findElements(AppiumDriver.java:152)&#xa;	at org.openqa.selenium.remote.RemoteWebDriver.findElementsById(RemoteWebDriver.java:376)&#xa;	at io.appium.java_client.DefaultGenericMobileDriver.findElementsById(DefaultGenericMobileDriver.java:66)&#xa;	at io.appium.java_client.AppiumDriver.findElementsById(AppiumDriver.java:156)&#xa;	at org.openqa.selenium.By$ById.findElements(By.java:180)&#xa;	at org.openqa.selenium.remote.RemoteWebDriver.findElements(RemoteWebDriver.java:311)&#xa;	at io.appium.java_client.DefaultGenericMobileDriver.findElements(DefaultGenericMobileDriver.java:50)&#xa;	at io.appium.java_client.AppiumDriver.findElements(AppiumDriver.java:148)&#xa;	at base.BaseKeyword$Trait$Helper$_waitForPresentOf_closure1.doCall(BaseKeyword.groovy:253)&#xa;	at jdk.internal.reflect.GeneratedMethodAccessor8.invoke(Unknown Source)&#xa;	at java.base/jdk.internal.reflect.DelegatingMethodAccessorImpl.invoke(DelegatingMethodAccessorImpl.java:43)&#xa;	at jdk.proxy2/jdk.proxy2.$Proxy34.apply(Unknown Source)&#xa;	at org.openqa.selenium.support.ui.FluentWait.until(FluentWait.java:249)&#xa;	at base.BaseKeyword$Trait$Helper.waitForPresentOf(BaseKeyword.groovy:252)&#xa;	at screens.DocumentInformationScreen.waitForPresentOf(DocumentInformationScreen.groovy)&#xa;	at screens.DocumentInformationScreen.downloadFile(DocumentInformationScreen.groovy:310)&#xa;	at 043 TAI FILE TAI CHI TIET HO SO_HO SO DEN.run(043 TAI FILE TAI CHI TIET HO SO_HO SO DEN:57)&#xa;	at com.kms.katalon.core.main.ScriptEngine.run(ScriptEngine.java:194)&#xa;	at com.kms.katalon.core.main.ScriptEngine.runScriptAsRawText(ScriptEngine.java:119)&#xa;	at com.kms.katalon.core.main.TestCaseExecutor.runScript(TestCaseExecutor.java:448)&#xa;	at com.kms.katalon.core.main.TestCaseExecutor.doExecute(TestCaseExecutor.java:439)&#xa;	at com.kms.katalon.core.main.TestCaseExecutor.processExecutionPhase(TestCaseExecutor.java:418)&#xa;	at com.kms.katalon.core.main.TestCaseExecutor.accessMainPhase(TestCaseExecutor.java:410)&#xa;	at com.kms.katalon.core.main.TestCaseExecutor.execute(TestCaseExecutor.java:285)&#xa;	at com.kms.katalon.core.common.CommonExecutor.accessTestCaseMainPhase(CommonExecutor.java:65)&#xa;	at com.kms.katalon.core.main.TestSuiteExecutor.accessTestSuiteMainPhase(TestSuiteExecutor.java:150)&#xa;	at com.kms.katalon.core.main.TestSuiteExecutor.execute(TestSuiteExecutor.java:106)&#xa;	at com.kms.katalon.core.main.TestCaseMain.startTestSuite(TestCaseMain.java:180)&#xa;	at TempTestSuite1747539355497.run(TempTestSuite1747539355497.groovy:35)&#xa;	at java.base/jdk.internal.reflect.NativeMethodAccessorImpl.invoke0(Native Method)&#xa;	at java.base/jdk.internal.reflect.NativeMethodAccessorImpl.invoke(NativeMethodAccessorImpl.java:77)&#xa;	at java.base/jdk.internal.reflect.DelegatingMethodAccessorImpl.invoke(DelegatingMethodAccessorImpl.java:43)&#xa;"/>
         <system-out><![CDATA[18-05-2025T10:45:29 - [TEST_CASE][ERROR] - Test Cases/IPAPER APP/043 TAI FILE TAI CHI TIET HO SO_HO SO DEN: Test Cases/IPAPER APP/043 TAI FILE TAI CHI TIET HO SO_HO SO DEN FAILED.
Reason:
org.openqa.selenium.WebDriverException: An unknown server-side error occurred while processing the command. Original error: Timed out after 15563ms waiting for the root AccessibilityNodeInfo in the active window. Make sure the active window is not constantly hogging the main UI thread (e.g. the application is being idle long enough), so the accessibility manager could do its work
Build info: version: '3.141.59', revision: 'unknown', time: 'unknown'
System info: host: '192.168.1.4.non-exists.ptr.local', ip: '2402:800:63f2:b9ce:1859:4296:77a1:a88d%en0', os.name: 'Mac OS X', os.arch: 'aarch64', os.version: '15.4.1', java.version: '17.0.7'
Driver info: com.kms.katalon.core.appium.driver.SwipeableAndroidDriver
Capabilities {automationName: UiAutomator2, databaseEnabled: false, desired: {automationName: UiAutomator2, deviceName: af0c5cf7, noReset: true, platformName: android, waitForIdleTimeout: 3000}, deviceApiLevel: 35, deviceManufacturer: OPPO, deviceModel: CPH2699, deviceName: af0c5cf7, deviceScreenDensity: 480, deviceScreenSize: 1080x2400, deviceUDID: af0c5cf7, javascriptEnabled: true, locationContextEnabled: false, networkConnectionEnabled: true, noReset: true, pixelRatio: 3, platform: LINUX, platformName: Android, platformVersion: 15, statBarHeight: 120, takesScreenshot: true, viewportRect: {height: 2280, left: 0, top: 120, width: 1080}, waitForIdleTimeout: 3000, warnings: {}, webStorageEnabled: false}
Session ID: 3304c37f-648b-4099-8110-a9bd3d735cc7
*** Element info: {Using=id, value=com.hdbank.ipaper:id/fab}
	at java.base/jdk.internal.reflect.NativeConstructorAccessorImpl.newInstance0(Native Method)
	at java.base/jdk.internal.reflect.NativeConstructorAccessorImpl.newInstance(NativeConstructorAccessorImpl.java:77)
	at java.base/jdk.internal.reflect.DelegatingConstructorAccessorImpl.newInstance(DelegatingConstructorAccessorImpl.java:45)
	at org.openqa.selenium.remote.http.W3CHttpResponseCodec.createException(W3CHttpResponseCodec.java:187)
	at org.openqa.selenium.remote.http.W3CHttpResponseCodec.decode(W3CHttpResponseCodec.java:122)
	at org.openqa.selenium.remote.http.W3CHttpResponseCodec.decode(W3CHttpResponseCodec.java:49)
	at org.openqa.selenium.remote.HttpCommandExecutor.execute(HttpCommandExecutor.java:158)
	at io.appium.java_client.remote.AppiumCommandExecutor.execute(AppiumCommandExecutor.java:239)
	at org.openqa.selenium.remote.RemoteWebDriver.execute(RemoteWebDriver.java:552)
	at io.appium.java_client.DefaultGenericMobileDriver.execute(DefaultGenericMobileDriver.java:42)
	at io.appium.java_client.AppiumDriver.execute(AppiumDriver.java:1)
	at io.appium.java_client.android.AndroidDriver.execute(AndroidDriver.java:1)
	at com.kms.katalon.core.appium.driver.SwipeableAndroidDriver.execute(SwipeableAndroidDriver.java:1)
	at org.openqa.selenium.remote.RemoteWebDriver.findElements(RemoteWebDriver.java:353)
	at io.appium.java_client.DefaultGenericMobileDriver.findElements(DefaultGenericMobileDriver.java:54)
	at io.appium.java_client.AppiumDriver.findElements(AppiumDriver.java:152)
	at org.openqa.selenium.remote.RemoteWebDriver.findElementsById(RemoteWebDriver.java:376)
	at io.appium.java_client.DefaultGenericMobileDriver.findElementsById(DefaultGenericMobileDriver.java:66)
	at io.appium.java_client.AppiumDriver.findElementsById(AppiumDriver.java:156)
	at org.openqa.selenium.By$ById.findElements(By.java:180)
	at org.openqa.selenium.remote.RemoteWebDriver.findElements(RemoteWebDriver.java:311)
	at io.appium.java_client.DefaultGenericMobileDriver.findElements(DefaultGenericMobileDriver.java:50)
	at io.appium.java_client.AppiumDriver.findElements(AppiumDriver.java:148)
	at base.BaseKeyword$Trait$Helper$_waitForPresentOf_closure1.doCall(BaseKeyword.groovy:253)
	at jdk.internal.reflect.GeneratedMethodAccessor8.invoke(Unknown Source)
	at java.base/jdk.internal.reflect.DelegatingMethodAccessorImpl.invoke(DelegatingMethodAccessorImpl.java:43)
	at jdk.proxy2/jdk.proxy2.$Proxy34.apply(Unknown Source)
	at org.openqa.selenium.support.ui.FluentWait.until(FluentWait.java:249)
	at base.BaseKeyword$Trait$Helper.waitForPresentOf(BaseKeyword.groovy:252)
	at screens.DocumentInformationScreen.waitForPresentOf(DocumentInformationScreen.groovy)
	at screens.DocumentInformationScreen.downloadFile(DocumentInformationScreen.groovy:310)
	at 043 TAI FILE TAI CHI TIET HO SO_HO SO DEN.run(043 TAI FILE TAI CHI TIET HO SO_HO SO DEN:57)
	at com.kms.katalon.core.main.ScriptEngine.run(ScriptEngine.java:194)
	at com.kms.katalon.core.main.ScriptEngine.runScriptAsRawText(ScriptEngine.java:119)
	at com.kms.katalon.core.main.TestCaseExecutor.runScript(TestCaseExecutor.java:448)
	at com.kms.katalon.core.main.TestCaseExecutor.doExecute(TestCaseExecutor.java:439)
	at com.kms.katalon.core.main.TestCaseExecutor.processExecutionPhase(TestCaseExecutor.java:418)
	at com.kms.katalon.core.main.TestCaseExecutor.accessMainPhase(TestCaseExecutor.java:410)
	at com.kms.katalon.core.main.TestCaseExecutor.execute(TestCaseExecutor.java:285)
	at com.kms.katalon.core.common.CommonExecutor.accessTestCaseMainPhase(CommonExecutor.java:65)
	at com.kms.katalon.core.main.TestSuiteExecutor.accessTestSuiteMainPhase(TestSuiteExecutor.java:150)
	at com.kms.katalon.core.main.TestSuiteExecutor.execute(TestSuiteExecutor.java:106)
	at com.kms.katalon.core.main.TestCaseMain.startTestSuite(TestCaseMain.java:180)
	at TempTestSuite1747539355497.run(TempTestSuite1747539355497.groovy:35)
	at java.base/jdk.internal.reflect.NativeMethodAccessorImpl.invoke0(Native Method)
	at java.base/jdk.internal.reflect.NativeMethodAccessorImpl.invoke(NativeMethodAccessorImpl.java:77)
	at java.base/jdk.internal.reflect.DelegatingMethodAccessorImpl.invoke(DelegatingMethodAccessorImpl.java:43)


18-05-2025T10:45:29 - [TEST_STEP][PASSED] - Start listener action : beforeTest: drivers.Driver.openApp is PASSED

18-05-2025T10:45:29 - [TEST_STEP][PASSED] - DataTest.init(): null

18-05-2025T10:45:29 - [TEST_STEP][PASSED] - testCaseId = split("/").last(): null

18-05-2025T10:45:29 - [TEST_STEP][PASSED] - if (!(drivers.Driver.isAppiumRunning())): drivers.Driver.isAppiumRunning is PASSED

18-05-2025T10:45:29 - [MESSAGE][INFO] - Appium running: true

18-05-2025T10:45:29 - [MESSAGE][PASSED] - drivers.Driver.isAppiumRunning is PASSED

18-05-2025T10:45:29 - [TEST_STEP][PASSED] - if (driver == null || driver.getSessionId() == null): null

18-05-2025T10:45:29 - [TEST_STEP][PASSED] - drivers.Driver.openApp(): drivers.Driver.openApp is PASSED

18-05-2025T10:45:32 - [MESSAGE][PASSED] - drivers.Driver.openApp is PASSED

18-05-2025T10:45:32 - [TEST_STEP][PASSED] - FOLDER_NAME = "IPaperDownloads": null

18-05-2025T10:45:32 - [TEST_STEP][PASSED] - REQUEST_NAME = "Trình ký PDF có sẵn": null

18-05-2025T10:45:32 - [TEST_STEP][PASSED] - auto5 = DataTest.getUserTest("auto5"): null

18-05-2025T10:45:32 - [TEST_STEP][PASSED] - auto6 = DataTest.getUserTest("auto6"): null

18-05-2025T10:45:32 - [TEST_STEP][PASSED] - document = DataTest.createDocumentTest(auto5, auto6, null, "dummy.pdf", "dummy.pdf"): null

18-05-2025T10:45:32 - [TEST_STEP][PASSED] - loginScreen.login(auto5): null

18-05-2025T10:45:40 - [TEST_STEP][PASSED] - homeScreen.openRequestList(): null

18-05-2025T10:45:46 - [TEST_STEP][PASSED] - homeScreen.createRequest(REQUEST_NAME): null

18-05-2025T10:45:49 - [TEST_STEP][PASSED] - pdfSignScreen.fillInTitle(title): null

18-05-2025T10:45:52 - [TEST_STEP][PASSED] - pdfSignScreen.selectPriority(priority): null

18-05-2025T10:45:54 - [TEST_STEP][PASSED] - pdfSignScreen.selectTime(time): null

18-05-2025T10:45:57 - [TEST_STEP][PASSED] - pdfSignScreen.fillInDescription(description): null

18-05-2025T10:45:58 - [TEST_STEP][PASSED] - pdfSignScreen.selectAssigner(getAssigner().getEmail()): null

18-05-2025T10:46:04 - [TEST_STEP][PASSED] - pdfSignScreen.openMainFileBrowser(): null

18-05-2025T10:46:09 - [TEST_STEP][PASSED] - fileBrowserScreen.attachFile(mainFileName): null

18-05-2025T10:46:15 - [TEST_STEP][PASSED] - pdfSignScreen.openSubFileBrowser(): null

18-05-2025T10:46:17 - [TEST_STEP][PASSED] - fileBrowserScreen.attachFile(subFileName): null

18-05-2025T10:46:23 - [TEST_STEP][PASSED] - pdfSignScreen.performAction(SEND_APPROVE): null

18-05-2025T10:46:27 - [TEST_STEP][PASSED] - pdfSignScreen.fillInOpinion(document.getComment()): null

18-05-2025T10:46:28 - [TEST_STEP][PASSED] - pdfSignScreen.submitRequest(): null

18-05-2025T10:46:36 - [TEST_STEP][PASSED] - documentInformationScreen.backToHome(): null

18-05-2025T10:46:36 - [TEST_STEP][PASSED] - homeScreen.logout(): null

18-05-2025T10:46:45 - [TEST_STEP][PASSED] - loginScreen.login(auto6): null

18-05-2025T10:46:56 - [TEST_STEP][PASSED] - homeScreen.goToIncomingDocument(): null

18-05-2025T10:46:56 - [TEST_STEP][PASSED] - inComingDocument.viewInformationDocument(document): View document Trình ký 1747539932716

18-05-2025T10:46:56 - [MESSAGE][INFO] - View document Trình ký 1747539932716

18-05-2025T10:47:02 - [TEST_STEP][ERROR] - documentInformationScreen.downloadFile(): Test Cases/IPAPER APP/043 TAI FILE TAI CHI TIET HO SO_HO SO DEN FAILED.
Reason:
org.openqa.selenium.WebDriverException: An unknown server-side error occurred while processing the command. Original error: Timed out after 15563ms waiting for the root AccessibilityNodeInfo in the active window. Make sure the active window is not constantly hogging the main UI thread (e.g. the application is being idle long enough), so the accessibility manager could do its work
Build info: version: '3.141.59', revision: 'unknown', time: 'unknown'
System info: host: '192.168.1.4.non-exists.ptr.local', ip: '2402:800:63f2:b9ce:1859:4296:77a1:a88d%en0', os.name: 'Mac OS X', os.arch: 'aarch64', os.version: '15.4.1', java.version: '17.0.7'
Driver info: com.kms.katalon.core.appium.driver.SwipeableAndroidDriver
Capabilities {automationName: UiAutomator2, databaseEnabled: false, desired: {automationName: UiAutomator2, deviceName: af0c5cf7, noReset: true, platformName: android, waitForIdleTimeout: 3000}, deviceApiLevel: 35, deviceManufacturer: OPPO, deviceModel: CPH2699, deviceName: af0c5cf7, deviceScreenDensity: 480, deviceScreenSize: 1080x2400, deviceUDID: af0c5cf7, javascriptEnabled: true, locationContextEnabled: false, networkConnectionEnabled: true, noReset: true, pixelRatio: 3, platform: LINUX, platformName: Android, platformVersion: 15, statBarHeight: 120, takesScreenshot: true, viewportRect: {height: 2280, left: 0, top: 120, width: 1080}, waitForIdleTimeout: 3000, warnings: {}, webStorageEnabled: false}
Session ID: 3304c37f-648b-4099-8110-a9bd3d735cc7
*** Element info: {Using=id, value=com.hdbank.ipaper:id/fab}
	at java.base/jdk.internal.reflect.NativeConstructorAccessorImpl.newInstance0(Native Method)
	at java.base/jdk.internal.reflect.NativeConstructorAccessorImpl.newInstance(NativeConstructorAccessorImpl.java:77)
	at java.base/jdk.internal.reflect.DelegatingConstructorAccessorImpl.newInstance(DelegatingConstructorAccessorImpl.java:45)
	at org.openqa.selenium.remote.http.W3CHttpResponseCodec.createException(W3CHttpResponseCodec.java:187)
	at org.openqa.selenium.remote.http.W3CHttpResponseCodec.decode(W3CHttpResponseCodec.java:122)
	at org.openqa.selenium.remote.http.W3CHttpResponseCodec.decode(W3CHttpResponseCodec.java:49)
	at org.openqa.selenium.remote.HttpCommandExecutor.execute(HttpCommandExecutor.java:158)
	at io.appium.java_client.remote.AppiumCommandExecutor.execute(AppiumCommandExecutor.java:239)
	at org.openqa.selenium.remote.RemoteWebDriver.execute(RemoteWebDriver.java:552)
	at io.appium.java_client.DefaultGenericMobileDriver.execute(DefaultGenericMobileDriver.java:42)
	at io.appium.java_client.AppiumDriver.execute(AppiumDriver.java:1)
	at io.appium.java_client.android.AndroidDriver.execute(AndroidDriver.java:1)
	at com.kms.katalon.core.appium.driver.SwipeableAndroidDriver.execute(SwipeableAndroidDriver.java:1)
	at org.openqa.selenium.remote.RemoteWebDriver.findElements(RemoteWebDriver.java:353)
	at io.appium.java_client.DefaultGenericMobileDriver.findElements(DefaultGenericMobileDriver.java:54)
	at io.appium.java_client.AppiumDriver.findElements(AppiumDriver.java:152)
	at org.openqa.selenium.remote.RemoteWebDriver.findElementsById(RemoteWebDriver.java:376)
	at io.appium.java_client.DefaultGenericMobileDriver.findElementsById(DefaultGenericMobileDriver.java:66)
	at io.appium.java_client.AppiumDriver.findElementsById(AppiumDriver.java:156)
	at org.openqa.selenium.By$ById.findElements(By.java:180)
	at org.openqa.selenium.remote.RemoteWebDriver.findElements(RemoteWebDriver.java:311)
	at io.appium.java_client.DefaultGenericMobileDriver.findElements(DefaultGenericMobileDriver.java:50)
	at io.appium.java_client.AppiumDriver.findElements(AppiumDriver.java:148)
	at base.BaseKeyword$Trait$Helper$_waitForPresentOf_closure1.doCall(BaseKeyword.groovy:253)
	at jdk.internal.reflect.GeneratedMethodAccessor8.invoke(Unknown Source)
	at java.base/jdk.internal.reflect.DelegatingMethodAccessorImpl.invoke(DelegatingMethodAccessorImpl.java:43)
	at jdk.proxy2/jdk.proxy2.$Proxy34.apply(Unknown Source)
	at org.openqa.selenium.support.ui.FluentWait.until(FluentWait.java:249)
	at base.BaseKeyword$Trait$Helper.waitForPresentOf(BaseKeyword.groovy:252)
	at screens.DocumentInformationScreen.waitForPresentOf(DocumentInformationScreen.groovy)
	at screens.DocumentInformationScreen.downloadFile(DocumentInformationScreen.groovy:310)
	at 043 TAI FILE TAI CHI TIET HO SO_HO SO DEN.run(043 TAI FILE TAI CHI TIET HO SO_HO SO DEN:57)
	at com.kms.katalon.core.main.ScriptEngine.run(ScriptEngine.java:194)
	at com.kms.katalon.core.main.ScriptEngine.runScriptAsRawText(ScriptEngine.java:119)
	at com.kms.katalon.core.main.TestCaseExecutor.runScript(TestCaseExecutor.java:448)
	at com.kms.katalon.core.main.TestCaseExecutor.doExecute(TestCaseExecutor.java:439)
	at com.kms.katalon.core.main.TestCaseExecutor.processExecutionPhase(TestCaseExecutor.java:418)
	at com.kms.katalon.core.main.TestCaseExecutor.accessMainPhase(TestCaseExecutor.java:410)
	at com.kms.katalon.core.main.TestCaseExecutor.execute(TestCaseExecutor.java:285)
	at com.kms.katalon.core.common.CommonExecutor.accessTestCaseMainPhase(CommonExecutor.java:65)
	at com.kms.katalon.core.main.TestSuiteExecutor.accessTestSuiteMainPhase(TestSuiteExecutor.java:150)
	at com.kms.katalon.core.main.TestSuiteExecutor.execute(TestSuiteExecutor.java:106)
	at com.kms.katalon.core.main.TestCaseMain.startTestSuite(TestCaseMain.java:180)
	at TempTestSuite1747539355497.run(TempTestSuite1747539355497.groovy:35)
	at java.base/jdk.internal.reflect.NativeMethodAccessorImpl.invoke0(Native Method)
	at java.base/jdk.internal.reflect.NativeMethodAccessorImpl.invoke(NativeMethodAccessorImpl.java:77)
	at java.base/jdk.internal.reflect.DelegatingMethodAccessorImpl.invoke(DelegatingMethodAccessorImpl.java:43)


18-05-2025T10:47:32 - [MESSAGE][ERROR] - Test Cases/IPAPER APP/043 TAI FILE TAI CHI TIET HO SO_HO SO DEN FAILED.
Reason:
org.openqa.selenium.WebDriverException: An unknown server-side error occurred while processing the command. Original error: Timed out after 15563ms waiting for the root AccessibilityNodeInfo in the active window. Make sure the active window is not constantly hogging the main UI thread (e.g. the application is being idle long enough), so the accessibility manager could do its work
Build info: version: '3.141.59', revision: 'unknown', time: 'unknown'
System info: host: '192.168.1.4.non-exists.ptr.local', ip: '2402:800:63f2:b9ce:1859:4296:77a1:a88d%en0', os.name: 'Mac OS X', os.arch: 'aarch64', os.version: '15.4.1', java.version: '17.0.7'
Driver info: com.kms.katalon.core.appium.driver.SwipeableAndroidDriver
Capabilities {automationName: UiAutomator2, databaseEnabled: false, desired: {automationName: UiAutomator2, deviceName: af0c5cf7, noReset: true, platformName: android, waitForIdleTimeout: 3000}, deviceApiLevel: 35, deviceManufacturer: OPPO, deviceModel: CPH2699, deviceName: af0c5cf7, deviceScreenDensity: 480, deviceScreenSize: 1080x2400, deviceUDID: af0c5cf7, javascriptEnabled: true, locationContextEnabled: false, networkConnectionEnabled: true, noReset: true, pixelRatio: 3, platform: LINUX, platformName: Android, platformVersion: 15, statBarHeight: 120, takesScreenshot: true, viewportRect: {height: 2280, left: 0, top: 120, width: 1080}, waitForIdleTimeout: 3000, warnings: {}, webStorageEnabled: false}
Session ID: 3304c37f-648b-4099-8110-a9bd3d735cc7
*** Element info: {Using=id, value=com.hdbank.ipaper:id/fab}
	at java.base/jdk.internal.reflect.NativeConstructorAccessorImpl.newInstance0(Native Method)
	at java.base/jdk.internal.reflect.NativeConstructorAccessorImpl.newInstance(NativeConstructorAccessorImpl.java:77)
	at java.base/jdk.internal.reflect.DelegatingConstructorAccessorImpl.newInstance(DelegatingConstructorAccessorImpl.java:45)
	at org.openqa.selenium.remote.http.W3CHttpResponseCodec.createException(W3CHttpResponseCodec.java:187)
	at org.openqa.selenium.remote.http.W3CHttpResponseCodec.decode(W3CHttpResponseCodec.java:122)
	at org.openqa.selenium.remote.http.W3CHttpResponseCodec.decode(W3CHttpResponseCodec.java:49)
	at org.openqa.selenium.remote.HttpCommandExecutor.execute(HttpCommandExecutor.java:158)
	at io.appium.java_client.remote.AppiumCommandExecutor.execute(AppiumCommandExecutor.java:239)
	at org.openqa.selenium.remote.RemoteWebDriver.execute(RemoteWebDriver.java:552)
	at io.appium.java_client.DefaultGenericMobileDriver.execute(DefaultGenericMobileDriver.java:42)
	at io.appium.java_client.AppiumDriver.execute(AppiumDriver.java:1)
	at io.appium.java_client.android.AndroidDriver.execute(AndroidDriver.java:1)
	at com.kms.katalon.core.appium.driver.SwipeableAndroidDriver.execute(SwipeableAndroidDriver.java:1)
	at org.openqa.selenium.remote.RemoteWebDriver.findElements(RemoteWebDriver.java:353)
	at io.appium.java_client.DefaultGenericMobileDriver.findElements(DefaultGenericMobileDriver.java:54)
	at io.appium.java_client.AppiumDriver.findElements(AppiumDriver.java:152)
	at org.openqa.selenium.remote.RemoteWebDriver.findElementsById(RemoteWebDriver.java:376)
	at io.appium.java_client.DefaultGenericMobileDriver.findElementsById(DefaultGenericMobileDriver.java:66)
	at io.appium.java_client.AppiumDriver.findElementsById(AppiumDriver.java:156)
	at org.openqa.selenium.By$ById.findElements(By.java:180)
	at org.openqa.selenium.remote.RemoteWebDriver.findElements(RemoteWebDriver.java:311)
	at io.appium.java_client.DefaultGenericMobileDriver.findElements(DefaultGenericMobileDriver.java:50)
	at io.appium.java_client.AppiumDriver.findElements(AppiumDriver.java:148)
	at base.BaseKeyword$Trait$Helper$_waitForPresentOf_closure1.doCall(BaseKeyword.groovy:253)
	at jdk.internal.reflect.GeneratedMethodAccessor8.invoke(Unknown Source)
	at java.base/jdk.internal.reflect.DelegatingMethodAccessorImpl.invoke(DelegatingMethodAccessorImpl.java:43)
	at jdk.proxy2/jdk.proxy2.$Proxy34.apply(Unknown Source)
	at org.openqa.selenium.support.ui.FluentWait.until(FluentWait.java:249)
	at base.BaseKeyword$Trait$Helper.waitForPresentOf(BaseKeyword.groovy:252)
	at screens.DocumentInformationScreen.waitForPresentOf(DocumentInformationScreen.groovy)
	at screens.DocumentInformationScreen.downloadFile(DocumentInformationScreen.groovy:310)
	at 043 TAI FILE TAI CHI TIET HO SO_HO SO DEN.run(043 TAI FILE TAI CHI TIET HO SO_HO SO DEN:57)
	at com.kms.katalon.core.main.ScriptEngine.run(ScriptEngine.java:194)
	at com.kms.katalon.core.main.ScriptEngine.runScriptAsRawText(ScriptEngine.java:119)
	at com.kms.katalon.core.main.TestCaseExecutor.runScript(TestCaseExecutor.java:448)
	at com.kms.katalon.core.main.TestCaseExecutor.doExecute(TestCaseExecutor.java:439)
	at com.kms.katalon.core.main.TestCaseExecutor.processExecutionPhase(TestCaseExecutor.java:418)
	at com.kms.katalon.core.main.TestCaseExecutor.accessMainPhase(TestCaseExecutor.java:410)
	at com.kms.katalon.core.main.TestCaseExecutor.execute(TestCaseExecutor.java:285)
	at com.kms.katalon.core.common.CommonExecutor.accessTestCaseMainPhase(CommonExecutor.java:65)
	at com.kms.katalon.core.main.TestSuiteExecutor.accessTestSuiteMainPhase(TestSuiteExecutor.java:150)
	at com.kms.katalon.core.main.TestSuiteExecutor.execute(TestSuiteExecutor.java:106)
	at com.kms.katalon.core.main.TestCaseMain.startTestSuite(TestCaseMain.java:180)
	at TempTestSuite1747539355497.run(TempTestSuite1747539355497.groovy:35)
	at java.base/jdk.internal.reflect.NativeMethodAccessorImpl.invoke0(Native Method)
	at java.base/jdk.internal.reflect.NativeMethodAccessorImpl.invoke(NativeMethodAccessorImpl.java:77)
	at java.base/jdk.internal.reflect.DelegatingMethodAccessorImpl.invoke(DelegatingMethodAccessorImpl.java:43)


18-05-2025T10:47:32 - [TEST_STEP][PASSED] - Start listener action : afterTest: null

18-05-2025T10:47:32 - [TEST_STEP][PASSED] - if (testCaseStatus != "PASSED"): Screenshot is taken

18-05-2025T10:47:32 - [TEST_STEP][PASSED] - takeScreenshot(ErrorScreen/$GlobalVariable.PLATFORM/$testCaseContext.getTestCaseId().png): Screenshot is taken

18-05-2025T10:47:34 - [MESSAGE][PASSED] - Screenshot is taken
[[ATTACHMENT|ErrorScreen/Android/Test Cases/IPAPER APP/043 TAI FILE TAI CHI TIET HO SO_HO SO DEN.png]]

18-05-2025T10:47:34 - [TEST_STEP][PASSED] - drivers.Driver.closeApp(): drivers.Driver.closeApp is PASSED

18-05-2025T10:47:35 - [MESSAGE][PASSED] - drivers.Driver.closeApp is PASSED

18-05-2025T10:47:35 - [TEST_STEP][PASSED] - if (tsContext == null): null]]></system-out>
         <system-err><![CDATA[18-05-2025T10:45:29 - [TEST_CASE][ERROR] - Test Cases/IPAPER APP/043 TAI FILE TAI CHI TIET HO SO_HO SO DEN: Test Cases/IPAPER APP/043 TAI FILE TAI CHI TIET HO SO_HO SO DEN FAILED.
Reason:
org.openqa.selenium.WebDriverException: An unknown server-side error occurred while processing the command. Original error: Timed out after 15563ms waiting for the root AccessibilityNodeInfo in the active window. Make sure the active window is not constantly hogging the main UI thread (e.g. the application is being idle long enough), so the accessibility manager could do its work
Build info: version: '3.141.59', revision: 'unknown', time: 'unknown'
System info: host: '192.168.1.4.non-exists.ptr.local', ip: '2402:800:63f2:b9ce:1859:4296:77a1:a88d%en0', os.name: 'Mac OS X', os.arch: 'aarch64', os.version: '15.4.1', java.version: '17.0.7'
Driver info: com.kms.katalon.core.appium.driver.SwipeableAndroidDriver
Capabilities {automationName: UiAutomator2, databaseEnabled: false, desired: {automationName: UiAutomator2, deviceName: af0c5cf7, noReset: true, platformName: android, waitForIdleTimeout: 3000}, deviceApiLevel: 35, deviceManufacturer: OPPO, deviceModel: CPH2699, deviceName: af0c5cf7, deviceScreenDensity: 480, deviceScreenSize: 1080x2400, deviceUDID: af0c5cf7, javascriptEnabled: true, locationContextEnabled: false, networkConnectionEnabled: true, noReset: true, pixelRatio: 3, platform: LINUX, platformName: Android, platformVersion: 15, statBarHeight: 120, takesScreenshot: true, viewportRect: {height: 2280, left: 0, top: 120, width: 1080}, waitForIdleTimeout: 3000, warnings: {}, webStorageEnabled: false}
Session ID: 3304c37f-648b-4099-8110-a9bd3d735cc7
*** Element info: {Using=id, value=com.hdbank.ipaper:id/fab}
	at java.base/jdk.internal.reflect.NativeConstructorAccessorImpl.newInstance0(Native Method)
	at java.base/jdk.internal.reflect.NativeConstructorAccessorImpl.newInstance(NativeConstructorAccessorImpl.java:77)
	at java.base/jdk.internal.reflect.DelegatingConstructorAccessorImpl.newInstance(DelegatingConstructorAccessorImpl.java:45)
	at org.openqa.selenium.remote.http.W3CHttpResponseCodec.createException(W3CHttpResponseCodec.java:187)
	at org.openqa.selenium.remote.http.W3CHttpResponseCodec.decode(W3CHttpResponseCodec.java:122)
	at org.openqa.selenium.remote.http.W3CHttpResponseCodec.decode(W3CHttpResponseCodec.java:49)
	at org.openqa.selenium.remote.HttpCommandExecutor.execute(HttpCommandExecutor.java:158)
	at io.appium.java_client.remote.AppiumCommandExecutor.execute(AppiumCommandExecutor.java:239)
	at org.openqa.selenium.remote.RemoteWebDriver.execute(RemoteWebDriver.java:552)
	at io.appium.java_client.DefaultGenericMobileDriver.execute(DefaultGenericMobileDriver.java:42)
	at io.appium.java_client.AppiumDriver.execute(AppiumDriver.java:1)
	at io.appium.java_client.android.AndroidDriver.execute(AndroidDriver.java:1)
	at com.kms.katalon.core.appium.driver.SwipeableAndroidDriver.execute(SwipeableAndroidDriver.java:1)
	at org.openqa.selenium.remote.RemoteWebDriver.findElements(RemoteWebDriver.java:353)
	at io.appium.java_client.DefaultGenericMobileDriver.findElements(DefaultGenericMobileDriver.java:54)
	at io.appium.java_client.AppiumDriver.findElements(AppiumDriver.java:152)
	at org.openqa.selenium.remote.RemoteWebDriver.findElementsById(RemoteWebDriver.java:376)
	at io.appium.java_client.DefaultGenericMobileDriver.findElementsById(DefaultGenericMobileDriver.java:66)
	at io.appium.java_client.AppiumDriver.findElementsById(AppiumDriver.java:156)
	at org.openqa.selenium.By$ById.findElements(By.java:180)
	at org.openqa.selenium.remote.RemoteWebDriver.findElements(RemoteWebDriver.java:311)
	at io.appium.java_client.DefaultGenericMobileDriver.findElements(DefaultGenericMobileDriver.java:50)
	at io.appium.java_client.AppiumDriver.findElements(AppiumDriver.java:148)
	at base.BaseKeyword$Trait$Helper$_waitForPresentOf_closure1.doCall(BaseKeyword.groovy:253)
	at jdk.internal.reflect.GeneratedMethodAccessor8.invoke(Unknown Source)
	at java.base/jdk.internal.reflect.DelegatingMethodAccessorImpl.invoke(DelegatingMethodAccessorImpl.java:43)
	at jdk.proxy2/jdk.proxy2.$Proxy34.apply(Unknown Source)
	at org.openqa.selenium.support.ui.FluentWait.until(FluentWait.java:249)
	at base.BaseKeyword$Trait$Helper.waitForPresentOf(BaseKeyword.groovy:252)
	at screens.DocumentInformationScreen.waitForPresentOf(DocumentInformationScreen.groovy)
	at screens.DocumentInformationScreen.downloadFile(DocumentInformationScreen.groovy:310)
	at 043 TAI FILE TAI CHI TIET HO SO_HO SO DEN.run(043 TAI FILE TAI CHI TIET HO SO_HO SO DEN:57)
	at com.kms.katalon.core.main.ScriptEngine.run(ScriptEngine.java:194)
	at com.kms.katalon.core.main.ScriptEngine.runScriptAsRawText(ScriptEngine.java:119)
	at com.kms.katalon.core.main.TestCaseExecutor.runScript(TestCaseExecutor.java:448)
	at com.kms.katalon.core.main.TestCaseExecutor.doExecute(TestCaseExecutor.java:439)
	at com.kms.katalon.core.main.TestCaseExecutor.processExecutionPhase(TestCaseExecutor.java:418)
	at com.kms.katalon.core.main.TestCaseExecutor.accessMainPhase(TestCaseExecutor.java:410)
	at com.kms.katalon.core.main.TestCaseExecutor.execute(TestCaseExecutor.java:285)
	at com.kms.katalon.core.common.CommonExecutor.accessTestCaseMainPhase(CommonExecutor.java:65)
	at com.kms.katalon.core.main.TestSuiteExecutor.accessTestSuiteMainPhase(TestSuiteExecutor.java:150)
	at com.kms.katalon.core.main.TestSuiteExecutor.execute(TestSuiteExecutor.java:106)
	at com.kms.katalon.core.main.TestCaseMain.startTestSuite(TestCaseMain.java:180)
	at TempTestSuite1747539355497.run(TempTestSuite1747539355497.groovy:35)
	at java.base/jdk.internal.reflect.NativeMethodAccessorImpl.invoke0(Native Method)
	at java.base/jdk.internal.reflect.NativeMethodAccessorImpl.invoke(NativeMethodAccessorImpl.java:77)
	at java.base/jdk.internal.reflect.DelegatingMethodAccessorImpl.invoke(DelegatingMethodAccessorImpl.java:43)]]></system-err>
      </testcase>
      <testcase name="Test Cases/IPAPER APP/037 LAY Y KIEN NHANH_KHONG NHAP Y KIEN" time="114.228" classname="Test Cases/IPAPER APP/037 LAY Y KIEN NHANH_KHONG NHAP Y KIEN" status="ERROR">
         <error type="ERROR" message="Test Cases/IPAPER APP/037 LAY Y KIEN NHANH_KHONG NHAP Y KIEN FAILED.&#xa;Reason:&#xa;org.openqa.selenium.NoSuchElementException: An element could not be located on the page using the given search parameters.&#xa;For documentation on this error, please visit: https://www.seleniumhq.org/exceptions/no_such_element.html&#xa;Build info: version: '3.141.59', revision: 'unknown', time: 'unknown'&#xa;System info: host: '192.168.1.4.non-exists.ptr.local', ip: '2402:800:63f2:b9ce:1859:4296:77a1:a88d%en0', os.name: 'Mac OS X', os.arch: 'aarch64', os.version: '15.4.1', java.version: '17.0.7'&#xa;Driver info: com.kms.katalon.core.appium.driver.SwipeableAndroidDriver&#xa;Capabilities {automationName: UiAutomator2, databaseEnabled: false, desired: {automationName: UiAutomator2, deviceName: af0c5cf7, noReset: true, platformName: android, waitForIdleTimeout: 3000}, deviceApiLevel: 35, deviceManufacturer: OPPO, deviceModel: CPH2699, deviceName: af0c5cf7, deviceScreenDensity: 480, deviceScreenSize: 1080x2400, deviceUDID: af0c5cf7, javascriptEnabled: true, locationContextEnabled: false, networkConnectionEnabled: true, noReset: true, pixelRatio: 3, platform: LINUX, platformName: Android, platformVersion: 15, statBarHeight: 120, takesScreenshot: true, viewportRect: {height: 2280, left: 0, top: 120, width: 1080}, waitForIdleTimeout: 3000, warnings: {}, webStorageEnabled: false}&#xa;Session ID: 3304c37f-648b-4099-8110-a9bd3d735cc7&#xa;*** Element info: {Using=id, value=com.hdbank.ipaper:id/img_home_bar}&#xa;	at java.base/jdk.internal.reflect.NativeConstructorAccessorImpl.newInstance0(Native Method)&#xa;	at java.base/jdk.internal.reflect.NativeConstructorAccessorImpl.newInstance(NativeConstructorAccessorImpl.java:77)&#xa;	at java.base/jdk.internal.reflect.DelegatingConstructorAccessorImpl.newInstance(DelegatingConstructorAccessorImpl.java:45)&#xa;	at org.openqa.selenium.remote.http.W3CHttpResponseCodec.createException(W3CHttpResponseCodec.java:187)&#xa;	at org.openqa.selenium.remote.http.W3CHttpResponseCodec.decode(W3CHttpResponseCodec.java:122)&#xa;	at org.openqa.selenium.remote.http.W3CHttpResponseCodec.decode(W3CHttpResponseCodec.java:49)&#xa;	at org.openqa.selenium.remote.HttpCommandExecutor.execute(HttpCommandExecutor.java:158)&#xa;	at io.appium.java_client.remote.AppiumCommandExecutor.execute(AppiumCommandExecutor.java:239)&#xa;	at org.openqa.selenium.remote.RemoteWebDriver.execute(RemoteWebDriver.java:552)&#xa;	at io.appium.java_client.DefaultGenericMobileDriver.execute(DefaultGenericMobileDriver.java:42)&#xa;	at io.appium.java_client.AppiumDriver.execute(AppiumDriver.java:1)&#xa;	at io.appium.java_client.android.AndroidDriver.execute(AndroidDriver.java:1)&#xa;	at com.kms.katalon.core.appium.driver.SwipeableAndroidDriver.execute(SwipeableAndroidDriver.java:1)&#xa;	at org.openqa.selenium.remote.RemoteWebDriver.findElement(RemoteWebDriver.java:323)&#xa;	at io.appium.java_client.DefaultGenericMobileDriver.findElement(DefaultGenericMobileDriver.java:62)&#xa;	at io.appium.java_client.AppiumDriver.findElement(AppiumDriver.java:1)&#xa;	at io.appium.java_client.android.AndroidDriver.findElement(AndroidDriver.java:1)&#xa;	at com.kms.katalon.core.appium.driver.SwipeableAndroidDriver.findElement(SwipeableAndroidDriver.java:1)&#xa;	at org.openqa.selenium.remote.RemoteWebDriver.findElementById(RemoteWebDriver.java:372)&#xa;	at io.appium.java_client.DefaultGenericMobileDriver.findElementById(DefaultGenericMobileDriver.java:70)&#xa;	at io.appium.java_client.AppiumDriver.findElementById(AppiumDriver.java:1)&#xa;	at io.appium.java_client.android.AndroidDriver.findElementById(AndroidDriver.java:1)&#xa;	at com.kms.katalon.core.appium.driver.SwipeableAndroidDriver.findElementById(SwipeableAndroidDriver.java:1)&#xa;	at org.openqa.selenium.By$ById.findElement(By.java:188)&#xa;	at org.openqa.selenium.remote.RemoteWebDriver.findElement(RemoteWebDriver.java:315)&#xa;	at io.appium.java_client.DefaultGenericMobileDriver.findElement(DefaultGenericMobileDriver.java:58)&#xa;	at io.appium.java_client.AppiumDriver.findElement(AppiumDriver.java:1)&#xa;	at io.appium.java_client.android.AndroidDriver.findElement(AndroidDriver.java:1)&#xa;	at com.kms.katalon.core.appium.driver.SwipeableAndroidDriver.findElement(SwipeableAndroidDriver.java:1)&#xa;	at base.BaseKeyword$Trait$Helper.clickToElement(BaseKeyword.groovy:59)&#xa;	at screens.IncomingDocumentScreen.clickToElement(IncomingDocumentScreen.groovy)&#xa;	at screens.IncomingDocumentScreen.backToHome(IncomingDocumentScreen.groovy:233)&#xa;	at screens.IncomingDocumentScreen.performAction(IncomingDocumentScreen.groovy:113)&#xa;	at screens.IncomingDocumentScreen.performAction(IncomingDocumentScreen.groovy)&#xa;	at 037 LAY Y KIEN NHANH_KHONG NHAP Y KIEN.run(037 LAY Y KIEN NHANH_KHONG NHAP Y KIEN:93)&#xa;	at com.kms.katalon.core.main.ScriptEngine.run(ScriptEngine.java:194)&#xa;	at com.kms.katalon.core.main.ScriptEngine.runScriptAsRawText(ScriptEngine.java:119)&#xa;	at com.kms.katalon.core.main.TestCaseExecutor.runScript(TestCaseExecutor.java:448)&#xa;	at com.kms.katalon.core.main.TestCaseExecutor.doExecute(TestCaseExecutor.java:439)&#xa;	at com.kms.katalon.core.main.TestCaseExecutor.processExecutionPhase(TestCaseExecutor.java:418)&#xa;	at com.kms.katalon.core.main.TestCaseExecutor.accessMainPhase(TestCaseExecutor.java:410)&#xa;	at com.kms.katalon.core.main.TestCaseExecutor.execute(TestCaseExecutor.java:285)&#xa;	at com.kms.katalon.core.common.CommonExecutor.accessTestCaseMainPhase(CommonExecutor.java:65)&#xa;	at com.kms.katalon.core.main.TestSuiteExecutor.accessTestSuiteMainPhase(TestSuiteExecutor.java:150)&#xa;	at com.kms.katalon.core.main.TestSuiteExecutor.execute(TestSuiteExecutor.java:106)&#xa;	at com.kms.katalon.core.main.TestCaseMain.startTestSuite(TestCaseMain.java:180)&#xa;	at TempTestSuite1747539355497.run(TempTestSuite1747539355497.groovy:35)&#xa;	at java.base/jdk.internal.reflect.NativeMethodAccessorImpl.invoke0(Native Method)&#xa;	at java.base/jdk.internal.reflect.NativeMethodAccessorImpl.invoke(NativeMethodAccessorImpl.java:77)&#xa;	at java.base/jdk.internal.reflect.DelegatingMethodAccessorImpl.invoke(DelegatingMethodAccessorImpl.java:43)&#xa;"/>
         <system-out><![CDATA[18-05-2025T10:47:35 - [TEST_CASE][ERROR] - Test Cases/IPAPER APP/037 LAY Y KIEN NHANH_KHONG NHAP Y KIEN: Test Cases/IPAPER APP/037 LAY Y KIEN NHANH_KHONG NHAP Y KIEN FAILED.
Reason:
org.openqa.selenium.NoSuchElementException: An element could not be located on the page using the given search parameters.
For documentation on this error, please visit: https://www.seleniumhq.org/exceptions/no_such_element.html
Build info: version: '3.141.59', revision: 'unknown', time: 'unknown'
System info: host: '192.168.1.4.non-exists.ptr.local', ip: '2402:800:63f2:b9ce:1859:4296:77a1:a88d%en0', os.name: 'Mac OS X', os.arch: 'aarch64', os.version: '15.4.1', java.version: '17.0.7'
Driver info: com.kms.katalon.core.appium.driver.SwipeableAndroidDriver
Capabilities {automationName: UiAutomator2, databaseEnabled: false, desired: {automationName: UiAutomator2, deviceName: af0c5cf7, noReset: true, platformName: android, waitForIdleTimeout: 3000}, deviceApiLevel: 35, deviceManufacturer: OPPO, deviceModel: CPH2699, deviceName: af0c5cf7, deviceScreenDensity: 480, deviceScreenSize: 1080x2400, deviceUDID: af0c5cf7, javascriptEnabled: true, locationContextEnabled: false, networkConnectionEnabled: true, noReset: true, pixelRatio: 3, platform: LINUX, platformName: Android, platformVersion: 15, statBarHeight: 120, takesScreenshot: true, viewportRect: {height: 2280, left: 0, top: 120, width: 1080}, waitForIdleTimeout: 3000, warnings: {}, webStorageEnabled: false}
Session ID: 3304c37f-648b-4099-8110-a9bd3d735cc7
*** Element info: {Using=id, value=com.hdbank.ipaper:id/img_home_bar}
	at java.base/jdk.internal.reflect.NativeConstructorAccessorImpl.newInstance0(Native Method)
	at java.base/jdk.internal.reflect.NativeConstructorAccessorImpl.newInstance(NativeConstructorAccessorImpl.java:77)
	at java.base/jdk.internal.reflect.DelegatingConstructorAccessorImpl.newInstance(DelegatingConstructorAccessorImpl.java:45)
	at org.openqa.selenium.remote.http.W3CHttpResponseCodec.createException(W3CHttpResponseCodec.java:187)
	at org.openqa.selenium.remote.http.W3CHttpResponseCodec.decode(W3CHttpResponseCodec.java:122)
	at org.openqa.selenium.remote.http.W3CHttpResponseCodec.decode(W3CHttpResponseCodec.java:49)
	at org.openqa.selenium.remote.HttpCommandExecutor.execute(HttpCommandExecutor.java:158)
	at io.appium.java_client.remote.AppiumCommandExecutor.execute(AppiumCommandExecutor.java:239)
	at org.openqa.selenium.remote.RemoteWebDriver.execute(RemoteWebDriver.java:552)
	at io.appium.java_client.DefaultGenericMobileDriver.execute(DefaultGenericMobileDriver.java:42)
	at io.appium.java_client.AppiumDriver.execute(AppiumDriver.java:1)
	at io.appium.java_client.android.AndroidDriver.execute(AndroidDriver.java:1)
	at com.kms.katalon.core.appium.driver.SwipeableAndroidDriver.execute(SwipeableAndroidDriver.java:1)
	at org.openqa.selenium.remote.RemoteWebDriver.findElement(RemoteWebDriver.java:323)
	at io.appium.java_client.DefaultGenericMobileDriver.findElement(DefaultGenericMobileDriver.java:62)
	at io.appium.java_client.AppiumDriver.findElement(AppiumDriver.java:1)
	at io.appium.java_client.android.AndroidDriver.findElement(AndroidDriver.java:1)
	at com.kms.katalon.core.appium.driver.SwipeableAndroidDriver.findElement(SwipeableAndroidDriver.java:1)
	at org.openqa.selenium.remote.RemoteWebDriver.findElementById(RemoteWebDriver.java:372)
	at io.appium.java_client.DefaultGenericMobileDriver.findElementById(DefaultGenericMobileDriver.java:70)
	at io.appium.java_client.AppiumDriver.findElementById(AppiumDriver.java:1)
	at io.appium.java_client.android.AndroidDriver.findElementById(AndroidDriver.java:1)
	at com.kms.katalon.core.appium.driver.SwipeableAndroidDriver.findElementById(SwipeableAndroidDriver.java:1)
	at org.openqa.selenium.By$ById.findElement(By.java:188)
	at org.openqa.selenium.remote.RemoteWebDriver.findElement(RemoteWebDriver.java:315)
	at io.appium.java_client.DefaultGenericMobileDriver.findElement(DefaultGenericMobileDriver.java:58)
	at io.appium.java_client.AppiumDriver.findElement(AppiumDriver.java:1)
	at io.appium.java_client.android.AndroidDriver.findElement(AndroidDriver.java:1)
	at com.kms.katalon.core.appium.driver.SwipeableAndroidDriver.findElement(SwipeableAndroidDriver.java:1)
	at base.BaseKeyword$Trait$Helper.clickToElement(BaseKeyword.groovy:59)
	at screens.IncomingDocumentScreen.clickToElement(IncomingDocumentScreen.groovy)
	at screens.IncomingDocumentScreen.backToHome(IncomingDocumentScreen.groovy:233)
	at screens.IncomingDocumentScreen.performAction(IncomingDocumentScreen.groovy:113)
	at screens.IncomingDocumentScreen.performAction(IncomingDocumentScreen.groovy)
	at 037 LAY Y KIEN NHANH_KHONG NHAP Y KIEN.run(037 LAY Y KIEN NHANH_KHONG NHAP Y KIEN:93)
	at com.kms.katalon.core.main.ScriptEngine.run(ScriptEngine.java:194)
	at com.kms.katalon.core.main.ScriptEngine.runScriptAsRawText(ScriptEngine.java:119)
	at com.kms.katalon.core.main.TestCaseExecutor.runScript(TestCaseExecutor.java:448)
	at com.kms.katalon.core.main.TestCaseExecutor.doExecute(TestCaseExecutor.java:439)
	at com.kms.katalon.core.main.TestCaseExecutor.processExecutionPhase(TestCaseExecutor.java:418)
	at com.kms.katalon.core.main.TestCaseExecutor.accessMainPhase(TestCaseExecutor.java:410)
	at com.kms.katalon.core.main.TestCaseExecutor.execute(TestCaseExecutor.java:285)
	at com.kms.katalon.core.common.CommonExecutor.accessTestCaseMainPhase(CommonExecutor.java:65)
	at com.kms.katalon.core.main.TestSuiteExecutor.accessTestSuiteMainPhase(TestSuiteExecutor.java:150)
	at com.kms.katalon.core.main.TestSuiteExecutor.execute(TestSuiteExecutor.java:106)
	at com.kms.katalon.core.main.TestCaseMain.startTestSuite(TestCaseMain.java:180)
	at TempTestSuite1747539355497.run(TempTestSuite1747539355497.groovy:35)
	at java.base/jdk.internal.reflect.NativeMethodAccessorImpl.invoke0(Native Method)
	at java.base/jdk.internal.reflect.NativeMethodAccessorImpl.invoke(NativeMethodAccessorImpl.java:77)
	at java.base/jdk.internal.reflect.DelegatingMethodAccessorImpl.invoke(DelegatingMethodAccessorImpl.java:43)


18-05-2025T10:47:35 - [TEST_STEP][PASSED] - Start listener action : beforeTest: drivers.Driver.openApp is PASSED

18-05-2025T10:47:35 - [TEST_STEP][PASSED] - DataTest.init(): null

18-05-2025T10:47:35 - [TEST_STEP][PASSED] - testCaseId = split("/").last(): null

18-05-2025T10:47:35 - [TEST_STEP][PASSED] - if (!(drivers.Driver.isAppiumRunning())): drivers.Driver.isAppiumRunning is PASSED

18-05-2025T10:47:35 - [MESSAGE][INFO] - Appium running: true

18-05-2025T10:47:35 - [MESSAGE][PASSED] - drivers.Driver.isAppiumRunning is PASSED

18-05-2025T10:47:35 - [TEST_STEP][PASSED] - if (driver == null || driver.getSessionId() == null): null

18-05-2025T10:47:35 - [TEST_STEP][PASSED] - drivers.Driver.openApp(): drivers.Driver.openApp is PASSED

18-05-2025T10:47:37 - [MESSAGE][PASSED] - drivers.Driver.openApp is PASSED

18-05-2025T10:47:37 - [TEST_STEP][PASSED] - REQUEST_NAME = "Trình ký PDF có sẵn": null

18-05-2025T10:47:37 - [TEST_STEP][PASSED] - USER_CREATE_COMMENT = "Commented by user create document": null

18-05-2025T10:47:37 - [TEST_STEP][PASSED] - ASSIGNER_COMMENT = "Không có bình luận": null

18-05-2025T10:47:37 - [TEST_STEP][PASSED] - documentTitle = "Trình ký " + System.currentTimeMillis(): null

18-05-2025T10:47:37 - [TEST_STEP][PASSED] - auto5 = DataTest.getUserTest("auto5"): null

18-05-2025T10:47:37 - [TEST_STEP][PASSED] - auto6 = DataTest.getUserTest("auto6"): null

18-05-2025T10:47:37 - [TEST_STEP][PASSED] - document = DataTest.createDocumentTest(auto5, auto6, null, "dummy.pdf", "dummy.pdf"): null

18-05-2025T10:47:37 - [TEST_STEP][PASSED] - loginScreen.login(auto5): null

18-05-2025T10:47:45 - [TEST_STEP][PASSED] - homeScreen.openRequestList(): null

18-05-2025T10:47:50 - [TEST_STEP][PASSED] - homeScreen.createRequest(REQUEST_NAME): null

18-05-2025T10:47:53 - [TEST_STEP][PASSED] - pdfSignScreen.fillInTitle(document.getTitle()): null

18-05-2025T10:47:56 - [TEST_STEP][PASSED] - pdfSignScreen.selectPriority(document.getPriority()): null

18-05-2025T10:47:58 - [TEST_STEP][PASSED] - pdfSignScreen.selectTime(document.getTime()): null

18-05-2025T10:48:01 - [TEST_STEP][PASSED] - pdfSignScreen.fillInDescription(document.getDescription()): null

18-05-2025T10:48:03 - [TEST_STEP][PASSED] - pdfSignScreen.selectAssigner(getAssigner().getEmail()): null

18-05-2025T10:48:09 - [TEST_STEP][PASSED] - pdfSignScreen.openMainFileBrowser(): null

18-05-2025T10:48:14 - [TEST_STEP][PASSED] - fileBrowserScreen.attachFile(document.getMainFileName()): null

18-05-2025T10:48:20 - [TEST_STEP][PASSED] - pdfSignScreen.openSubFileBrowser(): null

18-05-2025T10:48:21 - [TEST_STEP][PASSED] - fileBrowserScreen.attachFile(document.getSubFileName()): null

18-05-2025T10:48:28 - [TEST_STEP][PASSED] - pdfSignScreen.performAction(SEND_WITH_COMENT): null

18-05-2025T10:48:31 - [TEST_STEP][PASSED] - pdfSignScreen.fillInOpinion(USER_CREATE_COMMENT): null

18-05-2025T10:48:32 - [TEST_STEP][PASSED] - pdfSignScreen.submitRequest(): null

18-05-2025T10:48:41 - [TEST_STEP][PASSED] - documentInformationScreen.backToHome(): null

18-05-2025T10:48:41 - [TEST_STEP][PASSED] - homeScreen.logout(): null

18-05-2025T10:48:49 - [TEST_STEP][PASSED] - document.setStatus(WAIT_GET_COMMENT): null

18-05-2025T10:48:49 - [TEST_STEP][PASSED] - document.setAssigner(auto5): null

18-05-2025T10:48:49 - [TEST_STEP][PASSED] - loginScreen.login(auto6): null

18-05-2025T10:48:58 - [TEST_STEP][PASSED] - homeScreen.goToIncomingDocument(): null

18-05-2025T10:48:58 - [TEST_STEP][PASSED] - inComingDocument.viewInformationDocument(document): View document Trình ký 1747540057464

18-05-2025T10:48:58 - [MESSAGE][INFO] - View document Trình ký 1747540057464

18-05-2025T10:49:04 - [TEST_STEP][PASSED] - documentInformationScreen.checkDocumentTitle(document): Verify equals GUI: Trình ký 1747540057464 - DATA: Trình ký 1747540057464

18-05-2025T10:49:05 - [MESSAGE][PASSED] - Verify equals GUI: Trình ký 1747540057464 - DATA: Trình ký 1747540057464

18-05-2025T10:49:05 - [TEST_STEP][PASSED] - documentInformationScreen.checkSender(document): Verify equals GUI: Auto Test User 5 - DATA: Auto Test User 5

18-05-2025T10:49:05 - [MESSAGE][PASSED] - Verify equals GUI: Auto Test User 5 - DATA: Auto Test User 5

18-05-2025T10:49:05 - [TEST_STEP][PASSED] - documentInformationScreen.checkStatus(document): Verify equals GUI: Chờ lấy ý kiến - DATA: Chờ lấy ý kiến

18-05-2025T10:49:05 - [MESSAGE][PASSED] - Verify equals GUI: Chờ lấy ý kiến - DATA: Chờ lấy ý kiến

18-05-2025T10:49:05 - [TEST_STEP][PASSED] - documentInformationScreen.checkCreateDate(): Verify equals GUI: 18/05/2025 - DATA: 18/05/2025

18-05-2025T10:49:05 - [MESSAGE][PASSED] - Verify equals GUI: 18/05/2025 - DATA: 18/05/2025

18-05-2025T10:49:05 - [TEST_STEP][PASSED] - documentInformationScreen.checkFinishDate(document): Verify equals GUI: 19/05/2025 - DATA: 19/05/2025

18-05-2025T10:49:05 - [MESSAGE][PASSED] - Verify equals GUI: 19/05/2025 - DATA: 19/05/2025

18-05-2025T10:49:05 - [TEST_STEP][PASSED] - documentInformationScreen.checkPriority(document): Verify equals GUI: Bình thường - DATA: Bình thường

18-05-2025T10:49:05 - [MESSAGE][PASSED] - Verify equals GUI: Bình thường - DATA: Bình thường

18-05-2025T10:49:05 - [TEST_STEP][PASSED] - documentInformationScreen.checkDescription(document): Verify equals GUI: 037 LAY Y KIEN NHANH_KHONG NHAP Y KIEN - DATA: 037 LAY Y KIEN NHANH_KHONG NHAP Y KIEN

18-05-2025T10:49:05 - [MESSAGE][PASSED] - Verify equals GUI: 037 LAY Y KIEN NHANH_KHONG NHAP Y KIEN - DATA: 037 LAY Y KIEN NHANH_KHONG NHAP Y KIEN

18-05-2025T10:49:05 - [TEST_STEP][PASSED] - documentInformationScreen.checkAssigner(document): Verify contains GUI: auto5@hdbank.com.vn - DATA: auto5@hdbank.com.vn

18-05-2025T10:49:07 - [MESSAGE][PASSED] - Verify contains GUI: auto5@hdbank.com.vn - DATA: auto5@hdbank.com.vn

18-05-2025T10:49:07 - [TEST_STEP][PASSED] - documentInformationScreen.checkPresentFileName(document): Verify contains GUI: dummy_20250518104856.ozd - DATA: dummy

18-05-2025T10:49:08 - [MESSAGE][PASSED] - Verify contains GUI: dummy_20250518104856.ozd - DATA: dummy

18-05-2025T10:49:08 - [TEST_STEP][PASSED] - documentInformationScreen.checkAttachFileName(document): Expected true condition

18-05-2025T10:49:10 - [MESSAGE][PASSED] - Expected true condition

18-05-2025T10:49:10 - [TEST_STEP][PASSED] - documentInformationScreen.backToHome(): null

18-05-2025T10:49:14 - [TEST_STEP][ERROR] - inComingDocument.performAction(document, SEND_COMMENT): Test Cases/IPAPER APP/037 LAY Y KIEN NHANH_KHONG NHAP Y KIEN FAILED.
Reason:
org.openqa.selenium.NoSuchElementException: An element could not be located on the page using the given search parameters.
For documentation on this error, please visit: https://www.seleniumhq.org/exceptions/no_such_element.html
Build info: version: '3.141.59', revision: 'unknown', time: 'unknown'
System info: host: '192.168.1.4.non-exists.ptr.local', ip: '2402:800:63f2:b9ce:1859:4296:77a1:a88d%en0', os.name: 'Mac OS X', os.arch: 'aarch64', os.version: '15.4.1', java.version: '17.0.7'
Driver info: com.kms.katalon.core.appium.driver.SwipeableAndroidDriver
Capabilities {automationName: UiAutomator2, databaseEnabled: false, desired: {automationName: UiAutomator2, deviceName: af0c5cf7, noReset: true, platformName: android, waitForIdleTimeout: 3000}, deviceApiLevel: 35, deviceManufacturer: OPPO, deviceModel: CPH2699, deviceName: af0c5cf7, deviceScreenDensity: 480, deviceScreenSize: 1080x2400, deviceUDID: af0c5cf7, javascriptEnabled: true, locationContextEnabled: false, networkConnectionEnabled: true, noReset: true, pixelRatio: 3, platform: LINUX, platformName: Android, platformVersion: 15, statBarHeight: 120, takesScreenshot: true, viewportRect: {height: 2280, left: 0, top: 120, width: 1080}, waitForIdleTimeout: 3000, warnings: {}, webStorageEnabled: false}
Session ID: 3304c37f-648b-4099-8110-a9bd3d735cc7
*** Element info: {Using=id, value=com.hdbank.ipaper:id/img_home_bar}
	at java.base/jdk.internal.reflect.NativeConstructorAccessorImpl.newInstance0(Native Method)
	at java.base/jdk.internal.reflect.NativeConstructorAccessorImpl.newInstance(NativeConstructorAccessorImpl.java:77)
	at java.base/jdk.internal.reflect.DelegatingConstructorAccessorImpl.newInstance(DelegatingConstructorAccessorImpl.java:45)
	at org.openqa.selenium.remote.http.W3CHttpResponseCodec.createException(W3CHttpResponseCodec.java:187)
	at org.openqa.selenium.remote.http.W3CHttpResponseCodec.decode(W3CHttpResponseCodec.java:122)
	at org.openqa.selenium.remote.http.W3CHttpResponseCodec.decode(W3CHttpResponseCodec.java:49)
	at org.openqa.selenium.remote.HttpCommandExecutor.execute(HttpCommandExecutor.java:158)
	at io.appium.java_client.remote.AppiumCommandExecutor.execute(AppiumCommandExecutor.java:239)
	at org.openqa.selenium.remote.RemoteWebDriver.execute(RemoteWebDriver.java:552)
	at io.appium.java_client.DefaultGenericMobileDriver.execute(DefaultGenericMobileDriver.java:42)
	at io.appium.java_client.AppiumDriver.execute(AppiumDriver.java:1)
	at io.appium.java_client.android.AndroidDriver.execute(AndroidDriver.java:1)
	at com.kms.katalon.core.appium.driver.SwipeableAndroidDriver.execute(SwipeableAndroidDriver.java:1)
	at org.openqa.selenium.remote.RemoteWebDriver.findElement(RemoteWebDriver.java:323)
	at io.appium.java_client.DefaultGenericMobileDriver.findElement(DefaultGenericMobileDriver.java:62)
	at io.appium.java_client.AppiumDriver.findElement(AppiumDriver.java:1)
	at io.appium.java_client.android.AndroidDriver.findElement(AndroidDriver.java:1)
	at com.kms.katalon.core.appium.driver.SwipeableAndroidDriver.findElement(SwipeableAndroidDriver.java:1)
	at org.openqa.selenium.remote.RemoteWebDriver.findElementById(RemoteWebDriver.java:372)
	at io.appium.java_client.DefaultGenericMobileDriver.findElementById(DefaultGenericMobileDriver.java:70)
	at io.appium.java_client.AppiumDriver.findElementById(AppiumDriver.java:1)
	at io.appium.java_client.android.AndroidDriver.findElementById(AndroidDriver.java:1)
	at com.kms.katalon.core.appium.driver.SwipeableAndroidDriver.findElementById(SwipeableAndroidDriver.java:1)
	at org.openqa.selenium.By$ById.findElement(By.java:188)
	at org.openqa.selenium.remote.RemoteWebDriver.findElement(RemoteWebDriver.java:315)
	at io.appium.java_client.DefaultGenericMobileDriver.findElement(DefaultGenericMobileDriver.java:58)
	at io.appium.java_client.AppiumDriver.findElement(AppiumDriver.java:1)
	at io.appium.java_client.android.AndroidDriver.findElement(AndroidDriver.java:1)
	at com.kms.katalon.core.appium.driver.SwipeableAndroidDriver.findElement(SwipeableAndroidDriver.java:1)
	at base.BaseKeyword$Trait$Helper.clickToElement(BaseKeyword.groovy:59)
	at screens.IncomingDocumentScreen.clickToElement(IncomingDocumentScreen.groovy)
	at screens.IncomingDocumentScreen.backToHome(IncomingDocumentScreen.groovy:233)
	at screens.IncomingDocumentScreen.performAction(IncomingDocumentScreen.groovy:113)
	at screens.IncomingDocumentScreen.performAction(IncomingDocumentScreen.groovy)
	at 037 LAY Y KIEN NHANH_KHONG NHAP Y KIEN.run(037 LAY Y KIEN NHANH_KHONG NHAP Y KIEN:93)
	at com.kms.katalon.core.main.ScriptEngine.run(ScriptEngine.java:194)
	at com.kms.katalon.core.main.ScriptEngine.runScriptAsRawText(ScriptEngine.java:119)
	at com.kms.katalon.core.main.TestCaseExecutor.runScript(TestCaseExecutor.java:448)
	at com.kms.katalon.core.main.TestCaseExecutor.doExecute(TestCaseExecutor.java:439)
	at com.kms.katalon.core.main.TestCaseExecutor.processExecutionPhase(TestCaseExecutor.java:418)
	at com.kms.katalon.core.main.TestCaseExecutor.accessMainPhase(TestCaseExecutor.java:410)
	at com.kms.katalon.core.main.TestCaseExecutor.execute(TestCaseExecutor.java:285)
	at com.kms.katalon.core.common.CommonExecutor.accessTestCaseMainPhase(CommonExecutor.java:65)
	at com.kms.katalon.core.main.TestSuiteExecutor.accessTestSuiteMainPhase(TestSuiteExecutor.java:150)
	at com.kms.katalon.core.main.TestSuiteExecutor.execute(TestSuiteExecutor.java:106)
	at com.kms.katalon.core.main.TestCaseMain.startTestSuite(TestCaseMain.java:180)
	at TempTestSuite1747539355497.run(TempTestSuite1747539355497.groovy:35)
	at java.base/jdk.internal.reflect.NativeMethodAccessorImpl.invoke0(Native Method)
	at java.base/jdk.internal.reflect.NativeMethodAccessorImpl.invoke(NativeMethodAccessorImpl.java:77)
	at java.base/jdk.internal.reflect.DelegatingMethodAccessorImpl.invoke(DelegatingMethodAccessorImpl.java:43)


18-05-2025T10:49:26 - [MESSAGE][ERROR] - Test Cases/IPAPER APP/037 LAY Y KIEN NHANH_KHONG NHAP Y KIEN FAILED.
Reason:
org.openqa.selenium.NoSuchElementException: An element could not be located on the page using the given search parameters.
For documentation on this error, please visit: https://www.seleniumhq.org/exceptions/no_such_element.html
Build info: version: '3.141.59', revision: 'unknown', time: 'unknown'
System info: host: '192.168.1.4.non-exists.ptr.local', ip: '2402:800:63f2:b9ce:1859:4296:77a1:a88d%en0', os.name: 'Mac OS X', os.arch: 'aarch64', os.version: '15.4.1', java.version: '17.0.7'
Driver info: com.kms.katalon.core.appium.driver.SwipeableAndroidDriver
Capabilities {automationName: UiAutomator2, databaseEnabled: false, desired: {automationName: UiAutomator2, deviceName: af0c5cf7, noReset: true, platformName: android, waitForIdleTimeout: 3000}, deviceApiLevel: 35, deviceManufacturer: OPPO, deviceModel: CPH2699, deviceName: af0c5cf7, deviceScreenDensity: 480, deviceScreenSize: 1080x2400, deviceUDID: af0c5cf7, javascriptEnabled: true, locationContextEnabled: false, networkConnectionEnabled: true, noReset: true, pixelRatio: 3, platform: LINUX, platformName: Android, platformVersion: 15, statBarHeight: 120, takesScreenshot: true, viewportRect: {height: 2280, left: 0, top: 120, width: 1080}, waitForIdleTimeout: 3000, warnings: {}, webStorageEnabled: false}
Session ID: 3304c37f-648b-4099-8110-a9bd3d735cc7
*** Element info: {Using=id, value=com.hdbank.ipaper:id/img_home_bar}
	at java.base/jdk.internal.reflect.NativeConstructorAccessorImpl.newInstance0(Native Method)
	at java.base/jdk.internal.reflect.NativeConstructorAccessorImpl.newInstance(NativeConstructorAccessorImpl.java:77)
	at java.base/jdk.internal.reflect.DelegatingConstructorAccessorImpl.newInstance(DelegatingConstructorAccessorImpl.java:45)
	at org.openqa.selenium.remote.http.W3CHttpResponseCodec.createException(W3CHttpResponseCodec.java:187)
	at org.openqa.selenium.remote.http.W3CHttpResponseCodec.decode(W3CHttpResponseCodec.java:122)
	at org.openqa.selenium.remote.http.W3CHttpResponseCodec.decode(W3CHttpResponseCodec.java:49)
	at org.openqa.selenium.remote.HttpCommandExecutor.execute(HttpCommandExecutor.java:158)
	at io.appium.java_client.remote.AppiumCommandExecutor.execute(AppiumCommandExecutor.java:239)
	at org.openqa.selenium.remote.RemoteWebDriver.execute(RemoteWebDriver.java:552)
	at io.appium.java_client.DefaultGenericMobileDriver.execute(DefaultGenericMobileDriver.java:42)
	at io.appium.java_client.AppiumDriver.execute(AppiumDriver.java:1)
	at io.appium.java_client.android.AndroidDriver.execute(AndroidDriver.java:1)
	at com.kms.katalon.core.appium.driver.SwipeableAndroidDriver.execute(SwipeableAndroidDriver.java:1)
	at org.openqa.selenium.remote.RemoteWebDriver.findElement(RemoteWebDriver.java:323)
	at io.appium.java_client.DefaultGenericMobileDriver.findElement(DefaultGenericMobileDriver.java:62)
	at io.appium.java_client.AppiumDriver.findElement(AppiumDriver.java:1)
	at io.appium.java_client.android.AndroidDriver.findElement(AndroidDriver.java:1)
	at com.kms.katalon.core.appium.driver.SwipeableAndroidDriver.findElement(SwipeableAndroidDriver.java:1)
	at org.openqa.selenium.remote.RemoteWebDriver.findElementById(RemoteWebDriver.java:372)
	at io.appium.java_client.DefaultGenericMobileDriver.findElementById(DefaultGenericMobileDriver.java:70)
	at io.appium.java_client.AppiumDriver.findElementById(AppiumDriver.java:1)
	at io.appium.java_client.android.AndroidDriver.findElementById(AndroidDriver.java:1)
	at com.kms.katalon.core.appium.driver.SwipeableAndroidDriver.findElementById(SwipeableAndroidDriver.java:1)
	at org.openqa.selenium.By$ById.findElement(By.java:188)
	at org.openqa.selenium.remote.RemoteWebDriver.findElement(RemoteWebDriver.java:315)
	at io.appium.java_client.DefaultGenericMobileDriver.findElement(DefaultGenericMobileDriver.java:58)
	at io.appium.java_client.AppiumDriver.findElement(AppiumDriver.java:1)
	at io.appium.java_client.android.AndroidDriver.findElement(AndroidDriver.java:1)
	at com.kms.katalon.core.appium.driver.SwipeableAndroidDriver.findElement(SwipeableAndroidDriver.java:1)
	at base.BaseKeyword$Trait$Helper.clickToElement(BaseKeyword.groovy:59)
	at screens.IncomingDocumentScreen.clickToElement(IncomingDocumentScreen.groovy)
	at screens.IncomingDocumentScreen.backToHome(IncomingDocumentScreen.groovy:233)
	at screens.IncomingDocumentScreen.performAction(IncomingDocumentScreen.groovy:113)
	at screens.IncomingDocumentScreen.performAction(IncomingDocumentScreen.groovy)
	at 037 LAY Y KIEN NHANH_KHONG NHAP Y KIEN.run(037 LAY Y KIEN NHANH_KHONG NHAP Y KIEN:93)
	at com.kms.katalon.core.main.ScriptEngine.run(ScriptEngine.java:194)
	at com.kms.katalon.core.main.ScriptEngine.runScriptAsRawText(ScriptEngine.java:119)
	at com.kms.katalon.core.main.TestCaseExecutor.runScript(TestCaseExecutor.java:448)
	at com.kms.katalon.core.main.TestCaseExecutor.doExecute(TestCaseExecutor.java:439)
	at com.kms.katalon.core.main.TestCaseExecutor.processExecutionPhase(TestCaseExecutor.java:418)
	at com.kms.katalon.core.main.TestCaseExecutor.accessMainPhase(TestCaseExecutor.java:410)
	at com.kms.katalon.core.main.TestCaseExecutor.execute(TestCaseExecutor.java:285)
	at com.kms.katalon.core.common.CommonExecutor.accessTestCaseMainPhase(CommonExecutor.java:65)
	at com.kms.katalon.core.main.TestSuiteExecutor.accessTestSuiteMainPhase(TestSuiteExecutor.java:150)
	at com.kms.katalon.core.main.TestSuiteExecutor.execute(TestSuiteExecutor.java:106)
	at com.kms.katalon.core.main.TestCaseMain.startTestSuite(TestCaseMain.java:180)
	at TempTestSuite1747539355497.run(TempTestSuite1747539355497.groovy:35)
	at java.base/jdk.internal.reflect.NativeMethodAccessorImpl.invoke0(Native Method)
	at java.base/jdk.internal.reflect.NativeMethodAccessorImpl.invoke(NativeMethodAccessorImpl.java:77)
	at java.base/jdk.internal.reflect.DelegatingMethodAccessorImpl.invoke(DelegatingMethodAccessorImpl.java:43)


18-05-2025T10:49:26 - [TEST_STEP][PASSED] - Start listener action : afterTest: null

18-05-2025T10:49:26 - [TEST_STEP][PASSED] - if (testCaseStatus != "PASSED"): Screenshot is taken

18-05-2025T10:49:26 - [TEST_STEP][PASSED] - takeScreenshot(ErrorScreen/$GlobalVariable.PLATFORM/$testCaseContext.getTestCaseId().png): Screenshot is taken

18-05-2025T10:49:28 - [MESSAGE][PASSED] - Screenshot is taken
[[ATTACHMENT|ErrorScreen/Android/Test Cases/IPAPER APP/037 LAY Y KIEN NHANH_KHONG NHAP Y KIEN.png]]

18-05-2025T10:49:28 - [TEST_STEP][PASSED] - drivers.Driver.closeApp(): drivers.Driver.closeApp is PASSED

18-05-2025T10:49:29 - [MESSAGE][PASSED] - drivers.Driver.closeApp is PASSED

18-05-2025T10:49:29 - [TEST_STEP][PASSED] - if (tsContext == null): null]]></system-out>
         <system-err><![CDATA[18-05-2025T10:47:35 - [TEST_CASE][ERROR] - Test Cases/IPAPER APP/037 LAY Y KIEN NHANH_KHONG NHAP Y KIEN: Test Cases/IPAPER APP/037 LAY Y KIEN NHANH_KHONG NHAP Y KIEN FAILED.
Reason:
org.openqa.selenium.NoSuchElementException: An element could not be located on the page using the given search parameters.
For documentation on this error, please visit: https://www.seleniumhq.org/exceptions/no_such_element.html
Build info: version: '3.141.59', revision: 'unknown', time: 'unknown'
System info: host: '192.168.1.4.non-exists.ptr.local', ip: '2402:800:63f2:b9ce:1859:4296:77a1:a88d%en0', os.name: 'Mac OS X', os.arch: 'aarch64', os.version: '15.4.1', java.version: '17.0.7'
Driver info: com.kms.katalon.core.appium.driver.SwipeableAndroidDriver
Capabilities {automationName: UiAutomator2, databaseEnabled: false, desired: {automationName: UiAutomator2, deviceName: af0c5cf7, noReset: true, platformName: android, waitForIdleTimeout: 3000}, deviceApiLevel: 35, deviceManufacturer: OPPO, deviceModel: CPH2699, deviceName: af0c5cf7, deviceScreenDensity: 480, deviceScreenSize: 1080x2400, deviceUDID: af0c5cf7, javascriptEnabled: true, locationContextEnabled: false, networkConnectionEnabled: true, noReset: true, pixelRatio: 3, platform: LINUX, platformName: Android, platformVersion: 15, statBarHeight: 120, takesScreenshot: true, viewportRect: {height: 2280, left: 0, top: 120, width: 1080}, waitForIdleTimeout: 3000, warnings: {}, webStorageEnabled: false}
Session ID: 3304c37f-648b-4099-8110-a9bd3d735cc7
*** Element info: {Using=id, value=com.hdbank.ipaper:id/img_home_bar}
	at java.base/jdk.internal.reflect.NativeConstructorAccessorImpl.newInstance0(Native Method)
	at java.base/jdk.internal.reflect.NativeConstructorAccessorImpl.newInstance(NativeConstructorAccessorImpl.java:77)
	at java.base/jdk.internal.reflect.DelegatingConstructorAccessorImpl.newInstance(DelegatingConstructorAccessorImpl.java:45)
	at org.openqa.selenium.remote.http.W3CHttpResponseCodec.createException(W3CHttpResponseCodec.java:187)
	at org.openqa.selenium.remote.http.W3CHttpResponseCodec.decode(W3CHttpResponseCodec.java:122)
	at org.openqa.selenium.remote.http.W3CHttpResponseCodec.decode(W3CHttpResponseCodec.java:49)
	at org.openqa.selenium.remote.HttpCommandExecutor.execute(HttpCommandExecutor.java:158)
	at io.appium.java_client.remote.AppiumCommandExecutor.execute(AppiumCommandExecutor.java:239)
	at org.openqa.selenium.remote.RemoteWebDriver.execute(RemoteWebDriver.java:552)
	at io.appium.java_client.DefaultGenericMobileDriver.execute(DefaultGenericMobileDriver.java:42)
	at io.appium.java_client.AppiumDriver.execute(AppiumDriver.java:1)
	at io.appium.java_client.android.AndroidDriver.execute(AndroidDriver.java:1)
	at com.kms.katalon.core.appium.driver.SwipeableAndroidDriver.execute(SwipeableAndroidDriver.java:1)
	at org.openqa.selenium.remote.RemoteWebDriver.findElement(RemoteWebDriver.java:323)
	at io.appium.java_client.DefaultGenericMobileDriver.findElement(DefaultGenericMobileDriver.java:62)
	at io.appium.java_client.AppiumDriver.findElement(AppiumDriver.java:1)
	at io.appium.java_client.android.AndroidDriver.findElement(AndroidDriver.java:1)
	at com.kms.katalon.core.appium.driver.SwipeableAndroidDriver.findElement(SwipeableAndroidDriver.java:1)
	at org.openqa.selenium.remote.RemoteWebDriver.findElementById(RemoteWebDriver.java:372)
	at io.appium.java_client.DefaultGenericMobileDriver.findElementById(DefaultGenericMobileDriver.java:70)
	at io.appium.java_client.AppiumDriver.findElementById(AppiumDriver.java:1)
	at io.appium.java_client.android.AndroidDriver.findElementById(AndroidDriver.java:1)
	at com.kms.katalon.core.appium.driver.SwipeableAndroidDriver.findElementById(SwipeableAndroidDriver.java:1)
	at org.openqa.selenium.By$ById.findElement(By.java:188)
	at org.openqa.selenium.remote.RemoteWebDriver.findElement(RemoteWebDriver.java:315)
	at io.appium.java_client.DefaultGenericMobileDriver.findElement(DefaultGenericMobileDriver.java:58)
	at io.appium.java_client.AppiumDriver.findElement(AppiumDriver.java:1)
	at io.appium.java_client.android.AndroidDriver.findElement(AndroidDriver.java:1)
	at com.kms.katalon.core.appium.driver.SwipeableAndroidDriver.findElement(SwipeableAndroidDriver.java:1)
	at base.BaseKeyword$Trait$Helper.clickToElement(BaseKeyword.groovy:59)
	at screens.IncomingDocumentScreen.clickToElement(IncomingDocumentScreen.groovy)
	at screens.IncomingDocumentScreen.backToHome(IncomingDocumentScreen.groovy:233)
	at screens.IncomingDocumentScreen.performAction(IncomingDocumentScreen.groovy:113)
	at screens.IncomingDocumentScreen.performAction(IncomingDocumentScreen.groovy)
	at 037 LAY Y KIEN NHANH_KHONG NHAP Y KIEN.run(037 LAY Y KIEN NHANH_KHONG NHAP Y KIEN:93)
	at com.kms.katalon.core.main.ScriptEngine.run(ScriptEngine.java:194)
	at com.kms.katalon.core.main.ScriptEngine.runScriptAsRawText(ScriptEngine.java:119)
	at com.kms.katalon.core.main.TestCaseExecutor.runScript(TestCaseExecutor.java:448)
	at com.kms.katalon.core.main.TestCaseExecutor.doExecute(TestCaseExecutor.java:439)
	at com.kms.katalon.core.main.TestCaseExecutor.processExecutionPhase(TestCaseExecutor.java:418)
	at com.kms.katalon.core.main.TestCaseExecutor.accessMainPhase(TestCaseExecutor.java:410)
	at com.kms.katalon.core.main.TestCaseExecutor.execute(TestCaseExecutor.java:285)
	at com.kms.katalon.core.common.CommonExecutor.accessTestCaseMainPhase(CommonExecutor.java:65)
	at com.kms.katalon.core.main.TestSuiteExecutor.accessTestSuiteMainPhase(TestSuiteExecutor.java:150)
	at com.kms.katalon.core.main.TestSuiteExecutor.execute(TestSuiteExecutor.java:106)
	at com.kms.katalon.core.main.TestCaseMain.startTestSuite(TestCaseMain.java:180)
	at TempTestSuite1747539355497.run(TempTestSuite1747539355497.groovy:35)
	at java.base/jdk.internal.reflect.NativeMethodAccessorImpl.invoke0(Native Method)
	at java.base/jdk.internal.reflect.NativeMethodAccessorImpl.invoke(NativeMethodAccessorImpl.java:77)
	at java.base/jdk.internal.reflect.DelegatingMethodAccessorImpl.invoke(DelegatingMethodAccessorImpl.java:43)]]></system-err>
      </testcase>
      <testcase name="Test Cases/IPAPER APP/059 TẠO QUY TRINH_2 BUOC" time="154.968" classname="Test Cases/IPAPER APP/059 TẠO QUY TRINH_2 BUOC" status="PASSED">
         <system-out><![CDATA[18-05-2025T10:49:29 - [TEST_CASE][PASSED] - Test Cases/IPAPER APP/059 TẠO QUY TRINH_2 BUOC: Test Cases/IPAPER APP/059 TẠO QUY TRINH_2 BUOC

18-05-2025T10:49:29 - [TEST_STEP][PASSED] - Start listener action : beforeTest: drivers.Driver.openApp is PASSED

18-05-2025T10:49:29 - [TEST_STEP][PASSED] - DataTest.init(): null

18-05-2025T10:49:29 - [TEST_STEP][PASSED] - testCaseId = split("/").last(): null

18-05-2025T10:49:29 - [TEST_STEP][PASSED] - if (!(drivers.Driver.isAppiumRunning())): drivers.Driver.isAppiumRunning is PASSED

18-05-2025T10:49:29 - [MESSAGE][INFO] - Appium running: true

18-05-2025T10:49:29 - [MESSAGE][PASSED] - drivers.Driver.isAppiumRunning is PASSED

18-05-2025T10:49:29 - [TEST_STEP][PASSED] - if (driver == null || driver.getSessionId() == null): null

18-05-2025T10:49:29 - [TEST_STEP][PASSED] - drivers.Driver.openApp(): drivers.Driver.openApp is PASSED

18-05-2025T10:49:32 - [MESSAGE][PASSED] - drivers.Driver.openApp is PASSED

18-05-2025T10:49:32 - [TEST_STEP][PASSED] - REQUEST_NAME = "Trình ký PDF có sẵn": null

18-05-2025T10:49:32 - [TEST_STEP][PASSED] - TO_DAY = SimpleDateFormat(dd/MM/yyyy).format(new java.util.Date()): null

18-05-2025T10:49:32 - [TEST_STEP][PASSED] - auto5 = DataTest.getUserTest("auto5"): null

18-05-2025T10:49:32 - [TEST_STEP][PASSED] - auto6 = DataTest.getUserTest("auto6"): null

18-05-2025T10:49:32 - [TEST_STEP][PASSED] - auto7 = DataTest.getUserTest("auto7"): null

18-05-2025T10:49:32 - [TEST_STEP][PASSED] - auto8 = DataTest.getUserTest("auto8"): null

18-05-2025T10:49:32 - [TEST_STEP][PASSED] - document = DataTest.createDocumentTest(auto5, auto6, auto7, "dummy.pdf", "dummy.pdf"): null

18-05-2025T10:49:32 - [TEST_STEP][PASSED] - loginScreen.login(auto5): null

18-05-2025T10:49:40 - [TEST_STEP][PASSED] - homeScreen.openRequestList(): null

18-05-2025T10:49:45 - [TEST_STEP][PASSED] - homeScreen.createRequest(REQUEST_NAME): null

18-05-2025T10:49:48 - [TEST_STEP][PASSED] - pdfSignScreen.fillInTitle(title): null

18-05-2025T10:49:51 - [TEST_STEP][PASSED] - pdfSignScreen.selectPriority(priority): null

18-05-2025T10:49:53 - [TEST_STEP][PASSED] - pdfSignScreen.selectTime(time): null

18-05-2025T10:49:56 - [TEST_STEP][PASSED] - pdfSignScreen.fillInDescription(description): null

18-05-2025T10:49:58 - [TEST_STEP][PASSED] - pdfSignScreen.openMainFileBrowser(): null

18-05-2025T10:49:59 - [TEST_STEP][PASSED] - fileBrowserScreen.attachFile(mainFileName): null

18-05-2025T10:50:05 - [TEST_STEP][PASSED] - pdfSignScreen.openSubFileBrowser(): null

18-05-2025T10:50:10 - [TEST_STEP][PASSED] - fileBrowserScreen.attachFile(subFileName): null

18-05-2025T10:50:16 - [TEST_STEP][PASSED] - pdfSignScreen.processDefinition(auto6): null

18-05-2025T10:50:25 - [TEST_STEP][PASSED] - pdfSignScreen.processDefinition(auto7, auto8): null

18-05-2025T10:50:40 - [TEST_STEP][PASSED] - pdfSignScreen.performAction(SEND_APPROVE): null

18-05-2025T10:50:42 - [TEST_STEP][PASSED] - pdfSignScreen.fillInOpinion(document.getComment()): null

18-05-2025T10:50:44 - [TEST_STEP][PASSED] - pdfSignScreen.submitRequest(): null

18-05-2025T10:50:52 - [TEST_STEP][PASSED] - document.setStatus(WAIT_APPROVE): null

18-05-2025T10:50:52 - [TEST_STEP][PASSED] - documentInformationScreen.backToHome(): null

18-05-2025T10:50:52 - [TEST_STEP][PASSED] - homeScreen.goToOutComingDocument(): null

18-05-2025T10:51:01 - [TEST_STEP][PASSED] - outComingDocument.viewInformationDocument(document): null

18-05-2025T10:51:03 - [TEST_STEP][PASSED] - documentInformationScreen.checkDocumentTitle(document): Verify equals GUI: Trình ký 1747540172168 - DATA: Trình ký 1747540172168

18-05-2025T10:51:07 - [MESSAGE][PASSED] - Verify equals GUI: Trình ký 1747540172168 - DATA: Trình ký 1747540172168

18-05-2025T10:51:07 - [TEST_STEP][PASSED] - documentInformationScreen.checkSender(document): Verify equals GUI: Auto Test User 5 - DATA: Auto Test User 5

18-05-2025T10:51:08 - [MESSAGE][PASSED] - Verify equals GUI: Auto Test User 5 - DATA: Auto Test User 5

18-05-2025T10:51:08 - [TEST_STEP][PASSED] - documentInformationScreen.checkStatus(document): Verify equals GUI: Chờ giám sát phê duyệt - DATA: Chờ giám sát phê duyệt

18-05-2025T10:51:08 - [MESSAGE][PASSED] - Verify equals GUI: Chờ giám sát phê duyệt - DATA: Chờ giám sát phê duyệt

18-05-2025T10:51:08 - [TEST_STEP][PASSED] - documentInformationScreen.checkCreateDate(): Verify equals GUI: 18/05/2025 - DATA: 18/05/2025

18-05-2025T10:51:08 - [MESSAGE][PASSED] - Verify equals GUI: 18/05/2025 - DATA: 18/05/2025

18-05-2025T10:51:08 - [TEST_STEP][PASSED] - documentInformationScreen.checkFinishDate(document): Verify equals GUI: 19/05/2025 - DATA: 19/05/2025

18-05-2025T10:51:08 - [MESSAGE][PASSED] - Verify equals GUI: 19/05/2025 - DATA: 19/05/2025

18-05-2025T10:51:08 - [TEST_STEP][PASSED] - documentInformationScreen.checkPriority(document): Verify equals GUI: Khẩn cấp - DATA: Khẩn cấp

18-05-2025T10:51:08 - [MESSAGE][PASSED] - Verify equals GUI: Khẩn cấp - DATA: Khẩn cấp

18-05-2025T10:51:08 - [TEST_STEP][PASSED] - documentInformationScreen.checkDescription(document): Verify equals GUI: 059 TẠO QUY TRINH_2 BUOC - DATA: 059 TẠO QUY TRINH_2 BUOC

18-05-2025T10:51:08 - [MESSAGE][PASSED] - Verify equals GUI: 059 TẠO QUY TRINH_2 BUOC - DATA: 059 TẠO QUY TRINH_2 BUOC

18-05-2025T10:51:08 - [TEST_STEP][PASSED] - documentInformationScreen.checkPresentFileName(document): Verify contains GUI: dummy_20250518105041.ozd - DATA: dummy

18-05-2025T10:51:09 - [MESSAGE][PASSED] - Verify contains GUI: dummy_20250518105041.ozd - DATA: dummy

18-05-2025T10:51:09 - [TEST_STEP][PASSED] - documentInformationScreen.checkAttachFileName(document): Expected true condition

18-05-2025T10:51:11 - [MESSAGE][PASSED] - Expected true condition

18-05-2025T10:51:11 - [TEST_STEP][PASSED] - documentInformationScreen.checkAssigners(auto6, auto7, auto8): Checking if all user emails are present in the list

18-05-2025T10:51:19 - [MESSAGE][PASSED] - Checking if all user emails are present in the list

18-05-2025T10:51:19 - [TEST_STEP][PASSED] - documentInformationScreen.backToHome(): null

18-05-2025T10:51:24 - [TEST_STEP][PASSED] - homeScreen.logout(): null

18-05-2025T10:51:32 - [TEST_STEP][PASSED] - loginScreen.login(auto6): null

18-05-2025T10:51:40 - [TEST_STEP][PASSED] - document.setAssigner(auto5): null

18-05-2025T10:51:40 - [TEST_STEP][PASSED] - homeScreen.goToIncomingDocument(): null

18-05-2025T10:51:41 - [TEST_STEP][PASSED] - inComingDocument.viewInformationDocument(document): View document Trình ký 1747540172168

18-05-2025T10:51:41 - [MESSAGE][INFO] - View document Trình ký 1747540172168

18-05-2025T10:51:47 - [TEST_STEP][PASSED] - documentInformationScreen.checkDocumentTitle(document): Verify equals GUI: Trình ký 1747540172168 - DATA: Trình ký 1747540172168

18-05-2025T10:51:47 - [MESSAGE][PASSED] - Verify equals GUI: Trình ký 1747540172168 - DATA: Trình ký 1747540172168

18-05-2025T10:51:47 - [TEST_STEP][PASSED] - documentInformationScreen.checkSender(document): Verify equals GUI: Auto Test User 5 - DATA: Auto Test User 5

18-05-2025T10:51:47 - [MESSAGE][PASSED] - Verify equals GUI: Auto Test User 5 - DATA: Auto Test User 5

18-05-2025T10:51:47 - [TEST_STEP][PASSED] - documentInformationScreen.checkStatus(document): Verify equals GUI: Chờ giám sát phê duyệt - DATA: Chờ giám sát phê duyệt

18-05-2025T10:51:47 - [MESSAGE][PASSED] - Verify equals GUI: Chờ giám sát phê duyệt - DATA: Chờ giám sát phê duyệt

18-05-2025T10:51:47 - [TEST_STEP][PASSED] - documentInformationScreen.checkCreateDate(): Verify equals GUI: 18/05/2025 - DATA: 18/05/2025

18-05-2025T10:51:47 - [MESSAGE][PASSED] - Verify equals GUI: 18/05/2025 - DATA: 18/05/2025

18-05-2025T10:51:47 - [TEST_STEP][PASSED] - documentInformationScreen.checkFinishDate(document): Verify equals GUI: 19/05/2025 - DATA: 19/05/2025

18-05-2025T10:51:47 - [MESSAGE][PASSED] - Verify equals GUI: 19/05/2025 - DATA: 19/05/2025

18-05-2025T10:51:47 - [TEST_STEP][PASSED] - documentInformationScreen.checkPriority(document): Verify equals GUI: Khẩn cấp - DATA: Khẩn cấp

18-05-2025T10:51:47 - [MESSAGE][PASSED] - Verify equals GUI: Khẩn cấp - DATA: Khẩn cấp

18-05-2025T10:51:47 - [TEST_STEP][PASSED] - documentInformationScreen.checkDescription(document): Verify equals GUI: 059 TẠO QUY TRINH_2 BUOC - DATA: 059 TẠO QUY TRINH_2 BUOC

18-05-2025T10:51:48 - [MESSAGE][PASSED] - Verify equals GUI: 059 TẠO QUY TRINH_2 BUOC - DATA: 059 TẠO QUY TRINH_2 BUOC

18-05-2025T10:51:48 - [TEST_STEP][PASSED] - documentInformationScreen.checkPresentFileName(document): Verify contains GUI: dummy_20250518105041.ozd - DATA: dummy

18-05-2025T10:51:53 - [MESSAGE][PASSED] - Verify contains GUI: dummy_20250518105041.ozd - DATA: dummy

18-05-2025T10:51:53 - [TEST_STEP][PASSED] - documentInformationScreen.checkAttachFileName(document): Expected true condition

18-05-2025T10:51:55 - [MESSAGE][PASSED] - Expected true condition

18-05-2025T10:51:55 - [TEST_STEP][PASSED] - documentInformationScreen.checkAssigners(auto6, auto7, auto8): Checking if all user emails are present in the list

18-05-2025T10:52:03 - [MESSAGE][PASSED] - Checking if all user emails are present in the list

18-05-2025T10:52:03 - [TEST_STEP][PASSED] - Start listener action : afterTest: null

18-05-2025T10:52:03 - [TEST_STEP][PASSED] - if (testCaseStatus != "PASSED"): null

18-05-2025T10:52:03 - [TEST_STEP][PASSED] - drivers.Driver.closeApp(): drivers.Driver.closeApp is PASSED

18-05-2025T10:52:04 - [MESSAGE][PASSED] - drivers.Driver.closeApp is PASSED

18-05-2025T10:52:04 - [TEST_STEP][PASSED] - if (tsContext == null): null]]></system-out>
         <system-err><![CDATA[]]></system-err>
      </testcase>
      <testcase name="Test Cases/IPAPER APP/031 HOAN TAT HO SO" time="149.73" classname="Test Cases/IPAPER APP/031 HOAN TAT HO SO" status="PASSED">
         <system-out><![CDATA[18-05-2025T10:52:04 - [TEST_CASE][PASSED] - Test Cases/IPAPER APP/031 HOAN TAT HO SO: Test Cases/IPAPER APP/031 HOAN TAT HO SO

18-05-2025T10:52:04 - [TEST_STEP][PASSED] - Start listener action : beforeTest: drivers.Driver.openApp is PASSED

18-05-2025T10:52:04 - [TEST_STEP][PASSED] - DataTest.init(): null

18-05-2025T10:52:04 - [TEST_STEP][PASSED] - testCaseId = split("/").last(): null

18-05-2025T10:52:04 - [TEST_STEP][PASSED] - if (!(drivers.Driver.isAppiumRunning())): drivers.Driver.isAppiumRunning is PASSED

18-05-2025T10:52:04 - [MESSAGE][INFO] - Appium running: true

18-05-2025T10:52:04 - [MESSAGE][PASSED] - drivers.Driver.isAppiumRunning is PASSED

18-05-2025T10:52:04 - [TEST_STEP][PASSED] - if (driver == null || driver.getSessionId() == null): null

18-05-2025T10:52:04 - [TEST_STEP][PASSED] - drivers.Driver.openApp(): drivers.Driver.openApp is PASSED

18-05-2025T10:52:07 - [MESSAGE][PASSED] - drivers.Driver.openApp is PASSED

18-05-2025T10:52:07 - [TEST_STEP][PASSED] - REQUEST_NAME = "Trình ký PDF có sẵn": null

18-05-2025T10:52:07 - [TEST_STEP][PASSED] - COMMENT = "Commented by automation team": null

18-05-2025T10:52:07 - [TEST_STEP][PASSED] - auto5 = DataTest.getUserTest("auto5"): null

18-05-2025T10:52:07 - [TEST_STEP][PASSED] - auto6 = DataTest.getUserTest("auto6"): null

18-05-2025T10:52:07 - [TEST_STEP][PASSED] - document = DataTest.createDocumentTest(auto5, auto6, null, "dummy.pdf", "dummy.pdf"): null

18-05-2025T10:52:07 - [TEST_STEP][PASSED] - loginScreen.login(auto5): null

18-05-2025T10:52:15 - [TEST_STEP][PASSED] - homeScreen.openRequestList(): null

18-05-2025T10:52:20 - [TEST_STEP][PASSED] - homeScreen.createRequest(REQUEST_NAME): null

18-05-2025T10:52:23 - [TEST_STEP][PASSED] - pdfSignScreen.fillInTitle(document.getTitle()): null

18-05-2025T10:52:26 - [TEST_STEP][PASSED] - pdfSignScreen.selectPriority(document.getPriority()): null

18-05-2025T10:52:28 - [TEST_STEP][PASSED] - pdfSignScreen.selectTime(document.getTime()): null

18-05-2025T10:52:31 - [TEST_STEP][PASSED] - pdfSignScreen.fillInDescription(document.getDescription()): null

18-05-2025T10:52:32 - [TEST_STEP][PASSED] - pdfSignScreen.selectAssigner(getAssigner().getEmail()): null

18-05-2025T10:52:38 - [TEST_STEP][PASSED] - pdfSignScreen.openMainFileBrowser(): null

18-05-2025T10:52:43 - [TEST_STEP][PASSED] - fileBrowserScreen.attachFile(document.getMainFileName()): null

18-05-2025T10:52:49 - [TEST_STEP][PASSED] - pdfSignScreen.openSubFileBrowser(): null

18-05-2025T10:52:52 - [TEST_STEP][PASSED] - fileBrowserScreen.attachFile(document.getSubFileName()): null

18-05-2025T10:52:57 - [TEST_STEP][PASSED] - pdfSignScreen.performAction(SEND_APPROVE): null

18-05-2025T10:53:01 - [TEST_STEP][PASSED] - pdfSignScreen.fillInOpinion(document.getComment()): null

18-05-2025T10:53:02 - [TEST_STEP][PASSED] - pdfSignScreen.submitRequest(): null

18-05-2025T10:53:10 - [TEST_STEP][PASSED] - documentInformationScreen.backToHome(): null

18-05-2025T10:53:10 - [TEST_STEP][PASSED] - homeScreen.logout(): null

18-05-2025T10:53:18 - [TEST_STEP][PASSED] - document.setStatus(WAIT_APPROVE): null

18-05-2025T10:53:18 - [TEST_STEP][PASSED] - document.setAssigner(auto5): null

18-05-2025T10:53:18 - [TEST_STEP][PASSED] - loginScreen.login(auto6): null

18-05-2025T10:53:27 - [TEST_STEP][PASSED] - homeScreen.goToIncomingDocument(): null

18-05-2025T10:53:27 - [TEST_STEP][PASSED] - inComingDocument.viewMainFile(document): null

18-05-2025T10:53:28 - [TEST_STEP][PASSED] - document.setSender(auto6): null

18-05-2025T10:53:28 - [TEST_STEP][PASSED] - documentInformationScreen.performAction(document, APPROVE, COMMENT): null

18-05-2025T10:53:37 - [TEST_STEP][PASSED] - documentInformationScreen.backToHome(): null

18-05-2025T10:53:38 - [TEST_STEP][PASSED] - inComingDocument.checkItemInDocument(): null

18-05-2025T10:53:38 - [TEST_STEP][PASSED] - homeScreen.goToOutComingDocument(): null

18-05-2025T10:53:48 - [TEST_STEP][PASSED] - outComingDocument.viewInformationDocument(document): null

18-05-2025T10:53:50 - [TEST_STEP][PASSED] - documentInformationScreen.checkDocumentTitle(document): Verify equals GUI: Trình ký 1747540327187 - DATA: Trình ký 1747540327187

18-05-2025T10:53:55 - [MESSAGE][PASSED] - Verify equals GUI: Trình ký 1747540327187 - DATA: Trình ký 1747540327187

18-05-2025T10:53:55 - [TEST_STEP][PASSED] - documentInformationScreen.checkSender(document): Verify equals GUI: Auto Test User 6 - DATA: Auto Test User 6

18-05-2025T10:53:55 - [MESSAGE][PASSED] - Verify equals GUI: Auto Test User 6 - DATA: Auto Test User 6

18-05-2025T10:53:55 - [TEST_STEP][PASSED] - documentInformationScreen.checkStatus(document): Verify equals GUI: Đã duyệt - DATA: Đã duyệt

18-05-2025T10:53:55 - [MESSAGE][PASSED] - Verify equals GUI: Đã duyệt - DATA: Đã duyệt

18-05-2025T10:53:55 - [TEST_STEP][PASSED] - documentInformationScreen.checkCreateDate(): Verify equals GUI: 18/05/2025 - DATA: 18/05/2025

18-05-2025T10:53:55 - [MESSAGE][PASSED] - Verify equals GUI: 18/05/2025 - DATA: 18/05/2025

18-05-2025T10:53:55 - [TEST_STEP][PASSED] - documentInformationScreen.checkFinishDate(document): Verify equals GUI: 19/05/2025 - DATA: 19/05/2025

18-05-2025T10:53:55 - [MESSAGE][PASSED] - Verify equals GUI: 19/05/2025 - DATA: 19/05/2025

18-05-2025T10:53:55 - [TEST_STEP][PASSED] - documentInformationScreen.checkPriority(document): Verify equals GUI: Khẩn cấp - DATA: Khẩn cấp

18-05-2025T10:53:55 - [MESSAGE][PASSED] - Verify equals GUI: Khẩn cấp - DATA: Khẩn cấp

18-05-2025T10:53:55 - [TEST_STEP][PASSED] - documentInformationScreen.checkDescription(document): Verify equals GUI: 031 HOAN TAT HO SO - DATA: 031 HOAN TAT HO SO

18-05-2025T10:53:55 - [MESSAGE][PASSED] - Verify equals GUI: 031 HOAN TAT HO SO - DATA: 031 HOAN TAT HO SO

18-05-2025T10:53:55 - [TEST_STEP][PASSED] - documentInformationScreen.checkAssigner(document): Verify contains GUI: auto5@hdbank.com.vn - DATA: auto5@hdbank.com.vn

18-05-2025T10:53:57 - [MESSAGE][PASSED] - Verify contains GUI: auto5@hdbank.com.vn - DATA: auto5@hdbank.com.vn

18-05-2025T10:53:57 - [TEST_STEP][PASSED] - documentInformationScreen.checkPresentFileName(document): Verify contains GUI: dummy_20250518105325.ozd - DATA: dummy

18-05-2025T10:53:58 - [MESSAGE][PASSED] - Verify contains GUI: dummy_20250518105325.ozd - DATA: dummy

18-05-2025T10:53:58 - [TEST_STEP][PASSED] - documentInformationScreen.checkAttachFileName(document): Expected true condition

18-05-2025T10:54:00 - [MESSAGE][PASSED] - Expected true condition

18-05-2025T10:54:00 - [TEST_STEP][PASSED] - documentInformationScreen.checkComment(auto6, COMMENT): Check comment of Auto Test User 6 is Commented by automation team

18-05-2025T10:54:01 - [MESSAGE][INFO] - GUI COMMENT: Commented by automation team - DATA COMMENT: Commented by automation team

18-05-2025T10:54:01 - [MESSAGE][PASSED] - Check comment of Auto Test User 6 is Commented by automation team

18-05-2025T10:54:01 - [TEST_STEP][PASSED] - documentInformationScreen.backToHome(): null

18-05-2025T10:54:06 - [TEST_STEP][PASSED] - inComingDocument.checkItemInDocument(): null

18-05-2025T10:54:06 - [TEST_STEP][PASSED] - documentInformationScreen.backToHome(): null

18-05-2025T10:54:06 - [TEST_STEP][PASSED] - homeScreen.logout(): null

18-05-2025T10:54:14 - [TEST_STEP][PASSED] - loginScreen.login(auto5): null

18-05-2025T10:54:23 - [TEST_STEP][PASSED] - homeScreen.goToOutComingDocument(): null

18-05-2025T10:54:33 - [TEST_STEP][PASSED] - Start listener action : afterTest: null

18-05-2025T10:54:33 - [TEST_STEP][PASSED] - if (testCaseStatus != "PASSED"): null

18-05-2025T10:54:33 - [TEST_STEP][PASSED] - drivers.Driver.closeApp(): drivers.Driver.closeApp is PASSED

18-05-2025T10:54:34 - [MESSAGE][PASSED] - drivers.Driver.closeApp is PASSED

18-05-2025T10:54:34 - [TEST_STEP][PASSED] - if (tsContext == null): null]]></system-out>
         <system-err><![CDATA[]]></system-err>
      </testcase>
      <testcase name="Test Cases/IPAPER APP/008 HIEN THI HO SO DI" time="21.572" classname="Test Cases/IPAPER APP/008 HIEN THI HO SO DI" status="PASSED">
         <system-out><![CDATA[18-05-2025T10:54:34 - [TEST_CASE][PASSED] - Test Cases/IPAPER APP/008 HIEN THI HO SO DI: Test Cases/IPAPER APP/008 HIEN THI HO SO DI

18-05-2025T10:54:34 - [TEST_STEP][PASSED] - Start listener action : beforeTest: drivers.Driver.openApp is PASSED

18-05-2025T10:54:34 - [TEST_STEP][PASSED] - DataTest.init(): null

18-05-2025T10:54:34 - [TEST_STEP][PASSED] - testCaseId = split("/").last(): null

18-05-2025T10:54:34 - [TEST_STEP][PASSED] - if (!(drivers.Driver.isAppiumRunning())): drivers.Driver.isAppiumRunning is PASSED

18-05-2025T10:54:34 - [MESSAGE][INFO] - Appium running: true

18-05-2025T10:54:34 - [MESSAGE][PASSED] - drivers.Driver.isAppiumRunning is PASSED

18-05-2025T10:54:34 - [TEST_STEP][PASSED] - if (driver == null || driver.getSessionId() == null): null

18-05-2025T10:54:34 - [TEST_STEP][PASSED] - drivers.Driver.openApp(): drivers.Driver.openApp is PASSED

18-05-2025T10:54:36 - [MESSAGE][PASSED] - drivers.Driver.openApp is PASSED

18-05-2025T10:54:36 - [TEST_STEP][PASSED] - auto1 = DataTest.getUserTest("auto1"): null

18-05-2025T10:54:36 - [TEST_STEP][PASSED] - loginScreen.login(auto1): null

18-05-2025T10:54:45 - [TEST_STEP][PASSED] - homeScreen.goToOutComingDocument(): null

18-05-2025T10:54:55 - [TEST_STEP][PASSED] - outComingDocument.checkItemInDocument(): null

18-05-2025T10:54:55 - [TEST_STEP][PASSED] - Start listener action : afterTest: null

18-05-2025T10:54:55 - [TEST_STEP][PASSED] - if (testCaseStatus != "PASSED"): null

18-05-2025T10:54:55 - [TEST_STEP][PASSED] - drivers.Driver.closeApp(): drivers.Driver.closeApp is PASSED

18-05-2025T10:54:55 - [MESSAGE][PASSED] - drivers.Driver.closeApp is PASSED

18-05-2025T10:54:55 - [TEST_STEP][PASSED] - if (tsContext == null): null]]></system-out>
         <system-err><![CDATA[]]></system-err>
      </testcase>
      <testcase name="Test Cases/IPAPER APP/021 TU CHOI TẠI MAIN FILE_NHAP Y KIEN" time="125.945" classname="Test Cases/IPAPER APP/021 TU CHOI TẠI MAIN FILE_NHAP Y KIEN" status="PASSED">
         <system-out><![CDATA[18-05-2025T10:54:55 - [TEST_CASE][PASSED] - Test Cases/IPAPER APP/021 TU CHOI TẠI MAIN FILE_NHAP Y KIEN: Test Cases/IPAPER APP/021 TU CHOI TẠI MAIN FILE_NHAP Y KIEN

18-05-2025T10:54:55 - [TEST_STEP][PASSED] - Start listener action : beforeTest: drivers.Driver.openApp is PASSED

18-05-2025T10:54:55 - [TEST_STEP][PASSED] - DataTest.init(): null

18-05-2025T10:54:55 - [TEST_STEP][PASSED] - testCaseId = split("/").last(): null

18-05-2025T10:54:55 - [TEST_STEP][PASSED] - if (!(drivers.Driver.isAppiumRunning())): drivers.Driver.isAppiumRunning is PASSED

18-05-2025T10:54:55 - [MESSAGE][INFO] - Appium running: true

18-05-2025T10:54:55 - [MESSAGE][PASSED] - drivers.Driver.isAppiumRunning is PASSED

18-05-2025T10:54:55 - [TEST_STEP][PASSED] - if (driver == null || driver.getSessionId() == null): null

18-05-2025T10:54:55 - [TEST_STEP][PASSED] - drivers.Driver.openApp(): drivers.Driver.openApp is PASSED

18-05-2025T10:54:58 - [MESSAGE][PASSED] - drivers.Driver.openApp is PASSED

18-05-2025T10:54:58 - [TEST_STEP][PASSED] - REQUEST_NAME = "Trình ký PDF có sẵn": null

18-05-2025T10:54:58 - [TEST_STEP][PASSED] - COMMENT = "Commented by automation team in case 21": null

18-05-2025T10:54:58 - [TEST_STEP][PASSED] - auto5 = DataTest.getUserTest("auto5"): null

18-05-2025T10:54:58 - [TEST_STEP][PASSED] - auto6 = DataTest.getUserTest("auto6"): null

18-05-2025T10:54:58 - [TEST_STEP][PASSED] - document = DataTest.createDocumentTest(auto5, auto6, null, "dummy.pdf", "dummy.pdf"): null

18-05-2025T10:54:58 - [TEST_STEP][PASSED] - loginScreen.login(auto5): null

18-05-2025T10:55:06 - [TEST_STEP][PASSED] - homeScreen.openRequestList(): null

18-05-2025T10:55:11 - [TEST_STEP][PASSED] - homeScreen.createRequest(REQUEST_NAME): null

18-05-2025T10:55:14 - [TEST_STEP][PASSED] - pdfSignScreen.fillInTitle(document.getTitle()): null

18-05-2025T10:55:17 - [TEST_STEP][PASSED] - pdfSignScreen.selectPriority(document.getPriority()): null

18-05-2025T10:55:19 - [TEST_STEP][PASSED] - pdfSignScreen.selectTime(document.getTime()): null

18-05-2025T10:55:22 - [TEST_STEP][PASSED] - pdfSignScreen.fillInDescription(document.getDescription()): null

18-05-2025T10:55:24 - [TEST_STEP][PASSED] - pdfSignScreen.selectAssigner(getAssigner().getEmail()): null

18-05-2025T10:55:30 - [TEST_STEP][PASSED] - pdfSignScreen.openMainFileBrowser(): null

18-05-2025T10:55:36 - [TEST_STEP][PASSED] - fileBrowserScreen.attachFile(document.getMainFileName()): null

18-05-2025T10:55:41 - [TEST_STEP][PASSED] - pdfSignScreen.openSubFileBrowser(): null

18-05-2025T10:55:42 - [TEST_STEP][PASSED] - fileBrowserScreen.attachFile(document.getSubFileName()): null

18-05-2025T10:55:49 - [TEST_STEP][PASSED] - pdfSignScreen.performAction(SEND_APPROVE): null

18-05-2025T10:55:53 - [TEST_STEP][PASSED] - pdfSignScreen.fillInOpinion(document.getComment()): null

18-05-2025T10:55:53 - [TEST_STEP][PASSED] - pdfSignScreen.submitRequest(): null

18-05-2025T10:56:01 - [TEST_STEP][PASSED] - documentInformationScreen.backToHome(): null

18-05-2025T10:56:01 - [TEST_STEP][PASSED] - homeScreen.logout(): null

18-05-2025T10:56:09 - [TEST_STEP][PASSED] - document.setStatus(WAIT_APPROVE): null

18-05-2025T10:56:09 - [TEST_STEP][PASSED] - document.setAssigner(auto5): null

18-05-2025T10:56:09 - [TEST_STEP][PASSED] - loginScreen.login(auto6): null

18-05-2025T10:56:18 - [TEST_STEP][PASSED] - homeScreen.goToIncomingDocument(): null

18-05-2025T10:56:18 - [TEST_STEP][PASSED] - inComingDocument.viewMainFile(document): null

18-05-2025T10:56:19 - [TEST_STEP][PASSED] - documentInformationScreen.performAction(document, REJECT, COMMENT): null

18-05-2025T10:56:27 - [TEST_STEP][PASSED] - documentInformationScreen.backToHome(): null

18-05-2025T10:56:29 - [TEST_STEP][PASSED] - inComingDocument.checkItemInDocument(): null

18-05-2025T10:56:29 - [TEST_STEP][PASSED] - homeScreen.goToOutComingDocument(): null

18-05-2025T10:56:39 - [TEST_STEP][PASSED] - outComingDocument.viewInformationDocument(document): null

18-05-2025T10:56:40 - [TEST_STEP][PASSED] - documentInformationScreen.checkDocumentTitle(document): Verify equals GUI: Trình ký 1747540498451 - DATA: Trình ký 1747540498451

18-05-2025T10:56:43 - [MESSAGE][PASSED] - Verify equals GUI: Trình ký 1747540498451 - DATA: Trình ký 1747540498451

18-05-2025T10:56:43 - [TEST_STEP][PASSED] - documentInformationScreen.checkSender(document): Verify equals GUI: Auto Test User 5 - DATA: Auto Test User 5

18-05-2025T10:56:43 - [MESSAGE][PASSED] - Verify equals GUI: Auto Test User 5 - DATA: Auto Test User 5

18-05-2025T10:56:43 - [TEST_STEP][PASSED] - documentInformationScreen.checkStatus(document): Verify equals GUI: Từ chối - DATA: Từ chối

18-05-2025T10:56:43 - [MESSAGE][PASSED] - Verify equals GUI: Từ chối - DATA: Từ chối

18-05-2025T10:56:43 - [TEST_STEP][PASSED] - documentInformationScreen.checkCreateDate(): Verify equals GUI: 18/05/2025 - DATA: 18/05/2025

18-05-2025T10:56:43 - [MESSAGE][PASSED] - Verify equals GUI: 18/05/2025 - DATA: 18/05/2025

18-05-2025T10:56:43 - [TEST_STEP][PASSED] - documentInformationScreen.checkFinishDate(document): Verify equals GUI: 19/05/2025 - DATA: 19/05/2025

18-05-2025T10:56:43 - [MESSAGE][PASSED] - Verify equals GUI: 19/05/2025 - DATA: 19/05/2025

18-05-2025T10:56:43 - [TEST_STEP][PASSED] - documentInformationScreen.checkPriority(document): Verify equals GUI: Khẩn cấp - DATA: Khẩn cấp

18-05-2025T10:56:43 - [MESSAGE][PASSED] - Verify equals GUI: Khẩn cấp - DATA: Khẩn cấp

18-05-2025T10:56:43 - [TEST_STEP][PASSED] - documentInformationScreen.checkDescription(document): Verify equals GUI: 021 TU CHOI TẠI MAIN FILE_NHAP Y KIEN - DATA: 021 TU CHOI TẠI MAIN FILE_NHAP Y KIEN

18-05-2025T10:56:44 - [MESSAGE][PASSED] - Verify equals GUI: 021 TU CHOI TẠI MAIN FILE_NHAP Y KIEN - DATA: 021 TU CHOI TẠI MAIN FILE_NHAP Y KIEN

18-05-2025T10:56:44 - [TEST_STEP][PASSED] - documentInformationScreen.checkPresentFileName(document): Verify contains GUI: dummy_20250518105617.ozd - DATA: dummy

18-05-2025T10:56:49 - [MESSAGE][PASSED] - Verify contains GUI: dummy_20250518105617.ozd - DATA: dummy

18-05-2025T10:56:49 - [TEST_STEP][PASSED] - documentInformationScreen.isAssignerDisplayed(): Check sender not displayed

18-05-2025T10:56:52 - [MESSAGE][PASSED] - Check sender not displayed

18-05-2025T10:56:52 - [TEST_STEP][PASSED] - documentInformationScreen.checkAttachFileName(document): Expected true condition

18-05-2025T10:56:54 - [MESSAGE][PASSED] - Expected true condition

18-05-2025T10:56:54 - [TEST_STEP][PASSED] - documentInformationScreen.checkComment(auto6, COMMENT): Check comment of Auto Test User 6 is Commented by automation team in case 21

18-05-2025T10:56:55 - [MESSAGE][INFO] - GUI COMMENT: Commented by automation team in case 21 - DATA COMMENT: Commented by automation team in case 21

18-05-2025T10:56:55 - [MESSAGE][PASSED] - Check comment of Auto Test User 6 is Commented by automation team in case 21

18-05-2025T10:56:55 - [TEST_STEP][PASSED] - documentInformationScreen.backToHome(): null

18-05-2025T10:57:01 - [TEST_STEP][PASSED] - inComingDocument.checkItemInDocument(): null

18-05-2025T10:57:01 - [TEST_STEP][PASSED] - Start listener action : afterTest: null

18-05-2025T10:57:01 - [TEST_STEP][PASSED] - if (testCaseStatus != "PASSED"): null

18-05-2025T10:57:01 - [TEST_STEP][PASSED] - drivers.Driver.closeApp(): drivers.Driver.closeApp is PASSED

18-05-2025T10:57:01 - [MESSAGE][PASSED] - drivers.Driver.closeApp is PASSED

18-05-2025T10:57:01 - [TEST_STEP][PASSED] - if (tsContext == null): null]]></system-out>
         <system-err><![CDATA[]]></system-err>
      </testcase>
      <testcase name="Test Cases/IPAPER APP/038 LAY Y KIEN NHANH_NHAP Y KIEN" time="135.254" classname="Test Cases/IPAPER APP/038 LAY Y KIEN NHANH_NHAP Y KIEN" status="PASSED">
         <system-out><![CDATA[18-05-2025T10:57:01 - [TEST_CASE][PASSED] - Test Cases/IPAPER APP/038 LAY Y KIEN NHANH_NHAP Y KIEN: Test Cases/IPAPER APP/038 LAY Y KIEN NHANH_NHAP Y KIEN

18-05-2025T10:57:01 - [TEST_STEP][PASSED] - Start listener action : beforeTest: drivers.Driver.openApp is PASSED

18-05-2025T10:57:01 - [TEST_STEP][PASSED] - DataTest.init(): null

18-05-2025T10:57:01 - [TEST_STEP][PASSED] - testCaseId = split("/").last(): null

18-05-2025T10:57:01 - [TEST_STEP][PASSED] - if (!(drivers.Driver.isAppiumRunning())): drivers.Driver.isAppiumRunning is PASSED

18-05-2025T10:57:01 - [MESSAGE][INFO] - Appium running: true

18-05-2025T10:57:01 - [MESSAGE][PASSED] - drivers.Driver.isAppiumRunning is PASSED

18-05-2025T10:57:01 - [TEST_STEP][PASSED] - if (driver == null || driver.getSessionId() == null): null

18-05-2025T10:57:01 - [TEST_STEP][PASSED] - drivers.Driver.openApp(): drivers.Driver.openApp is PASSED

18-05-2025T10:57:04 - [MESSAGE][PASSED] - drivers.Driver.openApp is PASSED

18-05-2025T10:57:04 - [TEST_STEP][PASSED] - REQUEST_NAME = "Trình ký PDF có sẵn": null

18-05-2025T10:57:04 - [TEST_STEP][PASSED] - USER_CREATE_COMMENT = "Commented by user create document": null

18-05-2025T10:57:04 - [TEST_STEP][PASSED] - ASSIGNER_COMMENT = "Comment by assigner": null

18-05-2025T10:57:04 - [TEST_STEP][PASSED] - documentTitle = "Trình ký " + System.currentTimeMillis(): null

18-05-2025T10:57:04 - [TEST_STEP][PASSED] - auto5 = DataTest.getUserTest("auto5"): null

18-05-2025T10:57:04 - [TEST_STEP][PASSED] - auto6 = DataTest.getUserTest("auto6"): null

18-05-2025T10:57:04 - [TEST_STEP][PASSED] - document = DataTest.createDocumentTest(auto5, auto6, null, "dummy.pdf", "dummy.pdf"): null

18-05-2025T10:57:04 - [TEST_STEP][PASSED] - loginScreen.login(auto5): null

18-05-2025T10:57:12 - [TEST_STEP][PASSED] - homeScreen.openRequestList(): null

18-05-2025T10:57:17 - [TEST_STEP][PASSED] - homeScreen.createRequest(REQUEST_NAME): null

18-05-2025T10:57:20 - [TEST_STEP][PASSED] - pdfSignScreen.fillInTitle(document.getTitle()): null

18-05-2025T10:57:22 - [TEST_STEP][PASSED] - pdfSignScreen.selectPriority(document.getPriority()): null

18-05-2025T10:57:24 - [TEST_STEP][PASSED] - pdfSignScreen.selectTime(document.getTime()): null

18-05-2025T10:57:27 - [TEST_STEP][PASSED] - pdfSignScreen.fillInDescription(document.getDescription()): null

18-05-2025T10:57:29 - [TEST_STEP][PASSED] - pdfSignScreen.selectAssigner(getAssigner().getEmail()): null

18-05-2025T10:57:35 - [TEST_STEP][PASSED] - pdfSignScreen.openMainFileBrowser(): null

18-05-2025T10:57:40 - [TEST_STEP][PASSED] - fileBrowserScreen.attachFile(document.getMainFileName()): null

18-05-2025T10:57:46 - [TEST_STEP][PASSED] - pdfSignScreen.openSubFileBrowser(): null

18-05-2025T10:57:48 - [TEST_STEP][PASSED] - fileBrowserScreen.attachFile(document.getSubFileName()): null

18-05-2025T10:57:54 - [TEST_STEP][PASSED] - pdfSignScreen.performAction(SEND_WITH_COMENT): null

18-05-2025T10:57:58 - [TEST_STEP][PASSED] - pdfSignScreen.fillInOpinion(USER_CREATE_COMMENT): null

18-05-2025T10:57:59 - [TEST_STEP][PASSED] - pdfSignScreen.submitRequest(): null

18-05-2025T10:58:06 - [TEST_STEP][PASSED] - documentInformationScreen.backToHome(): null

18-05-2025T10:58:07 - [TEST_STEP][PASSED] - homeScreen.logout(): null

18-05-2025T10:58:15 - [TEST_STEP][PASSED] - document.setStatus(WAIT_GET_COMMENT): null

18-05-2025T10:58:15 - [TEST_STEP][PASSED] - document.setAssigner(auto5): null

18-05-2025T10:58:15 - [TEST_STEP][PASSED] - loginScreen.login(auto6): null

18-05-2025T10:58:23 - [TEST_STEP][PASSED] - homeScreen.goToIncomingDocument(): null

18-05-2025T10:58:23 - [TEST_STEP][PASSED] - inComingDocument.viewInformationDocument(document): View document Trình ký 1747540624394

18-05-2025T10:58:23 - [MESSAGE][INFO] - View document Trình ký 1747540624394

18-05-2025T10:58:30 - [TEST_STEP][PASSED] - documentInformationScreen.checkDocumentTitle(document): Verify equals GUI: Trình ký 1747540624394 - DATA: Trình ký 1747540624394

18-05-2025T10:58:30 - [MESSAGE][PASSED] - Verify equals GUI: Trình ký 1747540624394 - DATA: Trình ký 1747540624394

18-05-2025T10:58:30 - [TEST_STEP][PASSED] - documentInformationScreen.checkSender(document): Verify equals GUI: Auto Test User 5 - DATA: Auto Test User 5

18-05-2025T10:58:30 - [MESSAGE][PASSED] - Verify equals GUI: Auto Test User 5 - DATA: Auto Test User 5

18-05-2025T10:58:30 - [TEST_STEP][PASSED] - documentInformationScreen.checkStatus(document): Verify equals GUI: Chờ lấy ý kiến - DATA: Chờ lấy ý kiến

18-05-2025T10:58:30 - [MESSAGE][PASSED] - Verify equals GUI: Chờ lấy ý kiến - DATA: Chờ lấy ý kiến

18-05-2025T10:58:30 - [TEST_STEP][PASSED] - documentInformationScreen.checkCreateDate(): Verify equals GUI: 18/05/2025 - DATA: 18/05/2025

18-05-2025T10:58:30 - [MESSAGE][PASSED] - Verify equals GUI: 18/05/2025 - DATA: 18/05/2025

18-05-2025T10:58:30 - [TEST_STEP][PASSED] - documentInformationScreen.checkFinishDate(document): Verify equals GUI: 19/05/2025 - DATA: 19/05/2025

18-05-2025T10:58:31 - [MESSAGE][PASSED] - Verify equals GUI: 19/05/2025 - DATA: 19/05/2025

18-05-2025T10:58:31 - [TEST_STEP][PASSED] - documentInformationScreen.checkPriority(document): Verify equals GUI: Bình thường - DATA: Bình thường

18-05-2025T10:58:31 - [MESSAGE][PASSED] - Verify equals GUI: Bình thường - DATA: Bình thường

18-05-2025T10:58:31 - [TEST_STEP][PASSED] - documentInformationScreen.checkDescription(document): Verify equals GUI: 038 LAY Y KIEN NHANH_NHAP Y KIEN - DATA: 038 LAY Y KIEN NHANH_NHAP Y KIEN

18-05-2025T10:58:31 - [MESSAGE][PASSED] - Verify equals GUI: 038 LAY Y KIEN NHANH_NHAP Y KIEN - DATA: 038 LAY Y KIEN NHANH_NHAP Y KIEN

18-05-2025T10:58:31 - [TEST_STEP][PASSED] - documentInformationScreen.checkAssigner(document): Verify contains GUI: auto5@hdbank.com.vn - DATA: auto5@hdbank.com.vn

18-05-2025T10:58:32 - [MESSAGE][PASSED] - Verify contains GUI: auto5@hdbank.com.vn - DATA: auto5@hdbank.com.vn

18-05-2025T10:58:32 - [TEST_STEP][PASSED] - documentInformationScreen.checkPresentFileName(document): Verify contains GUI: dummy_20250518105822.ozd - DATA: dummy

18-05-2025T10:58:33 - [MESSAGE][PASSED] - Verify contains GUI: dummy_20250518105822.ozd - DATA: dummy

18-05-2025T10:58:33 - [TEST_STEP][PASSED] - documentInformationScreen.checkAttachFileName(document): Expected true condition

18-05-2025T10:58:35 - [MESSAGE][PASSED] - Expected true condition

18-05-2025T10:58:35 - [TEST_STEP][PASSED] - documentInformationScreen.backToHome(): null

18-05-2025T10:58:40 - [TEST_STEP][PASSED] - inComingDocument.performAction(document, SEND_COMMENT, ASSIGNER_COMMENT): null

18-05-2025T10:58:48 - [TEST_STEP][PASSED] - document.setSender(auto6): null

18-05-2025T10:58:48 - [TEST_STEP][PASSED] - inComingDocument.checkItemInDocument(): null

18-05-2025T10:58:48 - [TEST_STEP][PASSED] - homeScreen.goToOutComingDocument(): null

18-05-2025T10:58:57 - [TEST_STEP][PASSED] - outComingDocument.viewInformationDocument(document): null

18-05-2025T10:58:58 - [TEST_STEP][PASSED] - documentInformationScreen.checkDocumentTitle(document): Verify equals GUI: Trình ký 1747540624394 - DATA: Trình ký 1747540624394

18-05-2025T10:59:03 - [MESSAGE][PASSED] - Verify equals GUI: Trình ký 1747540624394 - DATA: Trình ký 1747540624394

18-05-2025T10:59:03 - [TEST_STEP][PASSED] - documentInformationScreen.checkSender(document): Verify equals GUI: Auto Test User 6 - DATA: Auto Test User 6

18-05-2025T10:59:03 - [MESSAGE][PASSED] - Verify equals GUI: Auto Test User 6 - DATA: Auto Test User 6

18-05-2025T10:59:03 - [TEST_STEP][PASSED] - documentInformationScreen.checkStatus(document): Verify equals GUI: Đã lấy ý kiến - DATA: Đã lấy ý kiến

18-05-2025T10:59:03 - [MESSAGE][PASSED] - Verify equals GUI: Đã lấy ý kiến - DATA: Đã lấy ý kiến

18-05-2025T10:59:03 - [TEST_STEP][PASSED] - documentInformationScreen.checkCreateDate(): Verify equals GUI: 18/05/2025 - DATA: 18/05/2025

18-05-2025T10:59:03 - [MESSAGE][PASSED] - Verify equals GUI: 18/05/2025 - DATA: 18/05/2025

18-05-2025T10:59:03 - [TEST_STEP][PASSED] - documentInformationScreen.checkFinishDate(document): Verify equals GUI: 19/05/2025 - DATA: 19/05/2025

18-05-2025T10:59:03 - [MESSAGE][PASSED] - Verify equals GUI: 19/05/2025 - DATA: 19/05/2025

18-05-2025T10:59:03 - [TEST_STEP][PASSED] - documentInformationScreen.checkPriority(document): Verify equals GUI: Bình thường - DATA: Bình thường

18-05-2025T10:59:03 - [MESSAGE][PASSED] - Verify equals GUI: Bình thường - DATA: Bình thường

18-05-2025T10:59:03 - [TEST_STEP][PASSED] - documentInformationScreen.checkDescription(document): Verify equals GUI: 038 LAY Y KIEN NHANH_NHAP Y KIEN - DATA: 038 LAY Y KIEN NHANH_NHAP Y KIEN

18-05-2025T10:59:03 - [MESSAGE][PASSED] - Verify equals GUI: 038 LAY Y KIEN NHANH_NHAP Y KIEN - DATA: 038 LAY Y KIEN NHANH_NHAP Y KIEN

18-05-2025T10:59:03 - [TEST_STEP][PASSED] - documentInformationScreen.isAssignerDisplayed(): Check sender not displayed

18-05-2025T10:59:06 - [MESSAGE][PASSED] - Check sender not displayed

18-05-2025T10:59:06 - [TEST_STEP][PASSED] - documentInformationScreen.checkPresentFileName(document): Verify contains GUI: dummy_20250518105822.ozd - DATA: dummy

18-05-2025T10:59:07 - [MESSAGE][PASSED] - Verify contains GUI: dummy_20250518105822.ozd - DATA: dummy

18-05-2025T10:59:07 - [TEST_STEP][PASSED] - documentInformationScreen.checkAttachFileName(document): Expected true condition

18-05-2025T10:59:09 - [MESSAGE][PASSED] - Expected true condition

18-05-2025T10:59:09 - [TEST_STEP][PASSED] - documentInformationScreen.checkComment(auto6, ASSIGNER_COMMENT): Check comment of Auto Test User 6 is Comment by assigner

18-05-2025T10:59:10 - [MESSAGE][INFO] - GUI COMMENT: Comment by assigner - DATA COMMENT: Comment by assigner

18-05-2025T10:59:10 - [MESSAGE][PASSED] - Check comment of Auto Test User 6 is Comment by assigner

18-05-2025T10:59:10 - [TEST_STEP][PASSED] - documentInformationScreen.checkComment(auto5, USER_CREATE_COMMENT): Check comment of Auto Test User 5 is Commented by user create document

18-05-2025T10:59:12 - [MESSAGE][INFO] - GUI COMMENT: Commented by user create document - DATA COMMENT: Commented by user create document

18-05-2025T10:59:12 - [MESSAGE][PASSED] - Check comment of Auto Test User 5 is Commented by user create document

18-05-2025T10:59:12 - [TEST_STEP][PASSED] - documentInformationScreen.backToHome(): null

18-05-2025T10:59:16 - [TEST_STEP][PASSED] - inComingDocument.checkItemInDocument(): null

18-05-2025T10:59:16 - [TEST_STEP][PASSED] - Start listener action : afterTest: null

18-05-2025T10:59:16 - [TEST_STEP][PASSED] - if (testCaseStatus != "PASSED"): null

18-05-2025T10:59:16 - [TEST_STEP][PASSED] - drivers.Driver.closeApp(): drivers.Driver.closeApp is PASSED

18-05-2025T10:59:17 - [MESSAGE][PASSED] - drivers.Driver.closeApp is PASSED

18-05-2025T10:59:17 - [TEST_STEP][PASSED] - if (tsContext == null): null]]></system-out>
         <system-err><![CDATA[]]></system-err>
      </testcase>
      <testcase name="Test Cases/IPAPER APP/024 TRA VE CHI TIET_NHAP Y KIEN" time="128.46" classname="Test Cases/IPAPER APP/024 TRA VE CHI TIET_NHAP Y KIEN" status="PASSED">
         <system-out><![CDATA[18-05-2025T10:59:17 - [TEST_CASE][PASSED] - Test Cases/IPAPER APP/024 TRA VE CHI TIET_NHAP Y KIEN: Test Cases/IPAPER APP/024 TRA VE CHI TIET_NHAP Y KIEN

18-05-2025T10:59:17 - [TEST_STEP][PASSED] - Start listener action : beforeTest: drivers.Driver.openApp is PASSED

18-05-2025T10:59:17 - [TEST_STEP][PASSED] - DataTest.init(): null

18-05-2025T10:59:17 - [TEST_STEP][PASSED] - testCaseId = split("/").last(): null

18-05-2025T10:59:17 - [TEST_STEP][PASSED] - if (!(drivers.Driver.isAppiumRunning())): drivers.Driver.isAppiumRunning is PASSED

18-05-2025T10:59:17 - [MESSAGE][INFO] - Appium running: true

18-05-2025T10:59:17 - [MESSAGE][PASSED] - drivers.Driver.isAppiumRunning is PASSED

18-05-2025T10:59:17 - [TEST_STEP][PASSED] - if (driver == null || driver.getSessionId() == null): null

18-05-2025T10:59:17 - [TEST_STEP][PASSED] - drivers.Driver.openApp(): drivers.Driver.openApp is PASSED

18-05-2025T10:59:19 - [MESSAGE][PASSED] - drivers.Driver.openApp is PASSED

18-05-2025T10:59:19 - [TEST_STEP][PASSED] - REQUEST_NAME = "Trình ký PDF có sẵn": null

18-05-2025T10:59:19 - [TEST_STEP][PASSED] - COMMENT = "Commented by automaton test in case 19": null

18-05-2025T10:59:19 - [TEST_STEP][PASSED] - auto5 = DataTest.getUserTest("auto5"): null

18-05-2025T10:59:19 - [TEST_STEP][PASSED] - auto6 = DataTest.getUserTest("auto6"): null

18-05-2025T10:59:19 - [TEST_STEP][PASSED] - document = DataTest.createDocumentTest(auto5, auto6, null, "dummy.pdf", "dummy.pdf"): null

18-05-2025T10:59:19 - [TEST_STEP][PASSED] - loginScreen.login(auto5): null

18-05-2025T10:59:27 - [TEST_STEP][PASSED] - homeScreen.openRequestList(): null

18-05-2025T10:59:32 - [TEST_STEP][PASSED] - homeScreen.createRequest(REQUEST_NAME): null

18-05-2025T10:59:35 - [TEST_STEP][PASSED] - pdfSignScreen.fillInTitle(document.getTitle()): null

18-05-2025T10:59:38 - [TEST_STEP][PASSED] - pdfSignScreen.selectPriority(document.getPriority()): null

18-05-2025T10:59:40 - [TEST_STEP][PASSED] - pdfSignScreen.selectTime(document.getTime()): null

18-05-2025T10:59:42 - [TEST_STEP][PASSED] - pdfSignScreen.fillInDescription(document.getDescription()): null

18-05-2025T10:59:44 - [TEST_STEP][PASSED] - pdfSignScreen.selectAssigner(getAssigner().getEmail()): null

18-05-2025T10:59:50 - [TEST_STEP][PASSED] - pdfSignScreen.openMainFileBrowser(): null

18-05-2025T10:59:55 - [TEST_STEP][PASSED] - fileBrowserScreen.attachFile(document.getMainFileName()): null

18-05-2025T11:00:01 - [TEST_STEP][PASSED] - pdfSignScreen.openSubFileBrowser(): null

18-05-2025T11:00:03 - [TEST_STEP][PASSED] - fileBrowserScreen.attachFile(document.getSubFileName()): null

18-05-2025T11:00:09 - [TEST_STEP][PASSED] - pdfSignScreen.performAction(SEND_APPROVE): null

18-05-2025T11:00:12 - [TEST_STEP][PASSED] - pdfSignScreen.fillInOpinion(document.getComment()): null

18-05-2025T11:00:14 - [TEST_STEP][PASSED] - pdfSignScreen.submitRequest(): null

18-05-2025T11:00:21 - [TEST_STEP][PASSED] - documentInformationScreen.backToHome(): null

18-05-2025T11:00:21 - [TEST_STEP][PASSED] - homeScreen.logout(): null

18-05-2025T11:00:29 - [TEST_STEP][PASSED] - document.setStatus(WAIT_APPROVE): null

18-05-2025T11:00:29 - [TEST_STEP][PASSED] - document.setAssigner(auto5): null

18-05-2025T11:00:29 - [TEST_STEP][PASSED] - loginScreen.login(auto6): null

18-05-2025T11:00:38 - [TEST_STEP][PASSED] - homeScreen.goToIncomingDocument(): null

18-05-2025T11:00:38 - [TEST_STEP][PASSED] - inComingDocument.viewInformationDocument(document): View document Trình ký 1747540759684

18-05-2025T11:00:38 - [MESSAGE][INFO] - View document Trình ký 1747540759684

18-05-2025T11:00:45 - [TEST_STEP][PASSED] - documentInformationScreen.checkDocumentTitle(document): Verify equals GUI: Trình ký 1747540759684 - DATA: Trình ký 1747540759684

18-05-2025T11:00:45 - [MESSAGE][PASSED] - Verify equals GUI: Trình ký 1747540759684 - DATA: Trình ký 1747540759684

18-05-2025T11:00:45 - [TEST_STEP][PASSED] - documentInformationScreen.checkSender(document): Verify equals GUI: Auto Test User 5 - DATA: Auto Test User 5

18-05-2025T11:00:45 - [MESSAGE][PASSED] - Verify equals GUI: Auto Test User 5 - DATA: Auto Test User 5

18-05-2025T11:00:45 - [TEST_STEP][PASSED] - documentInformationScreen.checkStatus(document): Verify equals GUI: Chờ giám sát phê duyệt - DATA: Chờ giám sát phê duyệt

18-05-2025T11:00:45 - [MESSAGE][PASSED] - Verify equals GUI: Chờ giám sát phê duyệt - DATA: Chờ giám sát phê duyệt

18-05-2025T11:00:45 - [TEST_STEP][PASSED] - documentInformationScreen.checkCreateDate(): Verify equals GUI: 18/05/2025 - DATA: 18/05/2025

18-05-2025T11:00:45 - [MESSAGE][PASSED] - Verify equals GUI: 18/05/2025 - DATA: 18/05/2025

18-05-2025T11:00:45 - [TEST_STEP][PASSED] - documentInformationScreen.checkFinishDate(document): Verify equals GUI: 19/05/2025 - DATA: 19/05/2025

18-05-2025T11:00:45 - [MESSAGE][PASSED] - Verify equals GUI: 19/05/2025 - DATA: 19/05/2025

18-05-2025T11:00:45 - [TEST_STEP][PASSED] - documentInformationScreen.checkPriority(document): Verify equals GUI: Khẩn cấp - DATA: Khẩn cấp

18-05-2025T11:00:46 - [MESSAGE][PASSED] - Verify equals GUI: Khẩn cấp - DATA: Khẩn cấp

18-05-2025T11:00:46 - [TEST_STEP][PASSED] - documentInformationScreen.checkDescription(document): Verify equals GUI: 024 TRA VE CHI TIET_NHAP Y KIEN - DATA: 024 TRA VE CHI TIET_NHAP Y KIEN

18-05-2025T11:00:46 - [MESSAGE][PASSED] - Verify equals GUI: 024 TRA VE CHI TIET_NHAP Y KIEN - DATA: 024 TRA VE CHI TIET_NHAP Y KIEN

18-05-2025T11:00:46 - [TEST_STEP][PASSED] - documentInformationScreen.checkAssigner(document): Verify contains GUI: auto5@hdbank.com.vn - DATA: auto5@hdbank.com.vn

18-05-2025T11:00:47 - [MESSAGE][PASSED] - Verify contains GUI: auto5@hdbank.com.vn - DATA: auto5@hdbank.com.vn

18-05-2025T11:00:47 - [TEST_STEP][PASSED] - documentInformationScreen.checkPresentFileName(document): Verify contains GUI: dummy_20250518110038.ozd - DATA: dummy

18-05-2025T11:00:48 - [MESSAGE][PASSED] - Verify contains GUI: dummy_20250518110038.ozd - DATA: dummy

18-05-2025T11:00:48 - [TEST_STEP][PASSED] - documentInformationScreen.checkAttachFileName(document): Expected true condition

18-05-2025T11:00:50 - [MESSAGE][PASSED] - Expected true condition

18-05-2025T11:00:50 - [TEST_STEP][PASSED] - document.setSender(auto6): null

18-05-2025T11:00:50 - [TEST_STEP][PASSED] - documentInformationScreen.performAction(document, RETURN, COMMENT): null

18-05-2025T11:00:55 - [TEST_STEP][PASSED] - documentInformationScreen.backToHome(): null

18-05-2025T11:00:57 - [TEST_STEP][PASSED] - inComingDocument.checkItemInDocument(): null

18-05-2025T11:00:57 - [TEST_STEP][PASSED] - homeScreen.goToOutComingDocument(): null

18-05-2025T11:01:07 - [TEST_STEP][PASSED] - outComingDocument.viewInformationDocument(document): null

18-05-2025T11:01:08 - [TEST_STEP][PASSED] - documentInformationScreen.checkDocumentTitle(document): Verify equals GUI: Trình ký 1747540759684 - DATA: Trình ký 1747540759684

18-05-2025T11:01:12 - [MESSAGE][PASSED] - Verify equals GUI: Trình ký 1747540759684 - DATA: Trình ký 1747540759684

18-05-2025T11:01:12 - [TEST_STEP][PASSED] - documentInformationScreen.checkSender(document): Verify equals GUI: Auto Test User 6 - DATA: Auto Test User 6

18-05-2025T11:01:12 - [MESSAGE][PASSED] - Verify equals GUI: Auto Test User 6 - DATA: Auto Test User 6

18-05-2025T11:01:12 - [TEST_STEP][PASSED] - documentInformationScreen.checkStatus(document): Verify equals GUI: Chờ bổ sung hồ sơ - DATA: Chờ bổ sung hồ sơ

18-05-2025T11:01:12 - [MESSAGE][PASSED] - Verify equals GUI: Chờ bổ sung hồ sơ - DATA: Chờ bổ sung hồ sơ

18-05-2025T11:01:12 - [TEST_STEP][PASSED] - documentInformationScreen.checkCreateDate(): Verify equals GUI: 18/05/2025 - DATA: 18/05/2025

18-05-2025T11:01:13 - [MESSAGE][PASSED] - Verify equals GUI: 18/05/2025 - DATA: 18/05/2025

18-05-2025T11:01:13 - [TEST_STEP][PASSED] - documentInformationScreen.checkFinishDate(document): Verify equals GUI: 19/05/2025 - DATA: 19/05/2025

18-05-2025T11:01:13 - [MESSAGE][PASSED] - Verify equals GUI: 19/05/2025 - DATA: 19/05/2025

18-05-2025T11:01:13 - [TEST_STEP][PASSED] - documentInformationScreen.checkPriority(document): Verify equals GUI: Khẩn cấp - DATA: Khẩn cấp

18-05-2025T11:01:13 - [MESSAGE][PASSED] - Verify equals GUI: Khẩn cấp - DATA: Khẩn cấp

18-05-2025T11:01:13 - [TEST_STEP][PASSED] - documentInformationScreen.isAssignerDisplayed(): Check sender not displayed

18-05-2025T11:01:16 - [MESSAGE][PASSED] - Check sender not displayed

18-05-2025T11:01:16 - [TEST_STEP][PASSED] - documentInformationScreen.checkDescription(document): Verify equals GUI: 024 TRA VE CHI TIET_NHAP Y KIEN - DATA: 024 TRA VE CHI TIET_NHAP Y KIEN

18-05-2025T11:01:16 - [MESSAGE][PASSED] - Verify equals GUI: 024 TRA VE CHI TIET_NHAP Y KIEN - DATA: 024 TRA VE CHI TIET_NHAP Y KIEN

18-05-2025T11:01:16 - [TEST_STEP][PASSED] - documentInformationScreen.checkPresentFileName(document): Verify contains GUI: dummy_20250518110038.ozd - DATA: dummy

18-05-2025T11:01:17 - [MESSAGE][PASSED] - Verify contains GUI: dummy_20250518110038.ozd - DATA: dummy

18-05-2025T11:01:17 - [TEST_STEP][PASSED] - documentInformationScreen.checkAttachFileName(document): Expected true condition

18-05-2025T11:01:19 - [MESSAGE][PASSED] - Expected true condition

18-05-2025T11:01:19 - [TEST_STEP][PASSED] - documentInformationScreen.checkComment(auto6, COMMENT): Check comment of Auto Test User 6 is Commented by automaton test in case 19

18-05-2025T11:01:20 - [MESSAGE][INFO] - GUI COMMENT: Commented by automaton test in case 19 - DATA COMMENT: Commented by automaton test in case 19

18-05-2025T11:01:20 - [MESSAGE][PASSED] - Check comment of Auto Test User 6 is Commented by automaton test in case 19

18-05-2025T11:01:20 - [TEST_STEP][PASSED] - documentInformationScreen.backToHome(): null

18-05-2025T11:01:24 - [TEST_STEP][PASSED] - inComingDocument.checkItemInDocument(): null

18-05-2025T11:01:24 - [TEST_STEP][PASSED] - Start listener action : afterTest: null

18-05-2025T11:01:24 - [TEST_STEP][PASSED] - if (testCaseStatus != "PASSED"): null

18-05-2025T11:01:24 - [TEST_STEP][PASSED] - drivers.Driver.closeApp(): drivers.Driver.closeApp is PASSED

18-05-2025T11:01:25 - [MESSAGE][PASSED] - drivers.Driver.closeApp is PASSED

18-05-2025T11:01:25 - [TEST_STEP][PASSED] - if (tsContext == null): null]]></system-out>
         <system-err><![CDATA[]]></system-err>
      </testcase>
      <testcase name="Test Cases/IPAPER APP/009 DUYET NHANH" time="127.394" classname="Test Cases/IPAPER APP/009 DUYET NHANH" status="PASSED">
         <system-out><![CDATA[18-05-2025T11:01:25 - [TEST_CASE][PASSED] - Test Cases/IPAPER APP/009 DUYET NHANH: Test Cases/IPAPER APP/009 DUYET NHANH

18-05-2025T11:01:25 - [TEST_STEP][PASSED] - Start listener action : beforeTest: drivers.Driver.openApp is PASSED

18-05-2025T11:01:25 - [TEST_STEP][PASSED] - DataTest.init(): null

18-05-2025T11:01:25 - [TEST_STEP][PASSED] - testCaseId = split("/").last(): null

18-05-2025T11:01:25 - [TEST_STEP][PASSED] - if (!(drivers.Driver.isAppiumRunning())): drivers.Driver.isAppiumRunning is PASSED

18-05-2025T11:01:25 - [MESSAGE][INFO] - Appium running: true

18-05-2025T11:01:25 - [MESSAGE][PASSED] - drivers.Driver.isAppiumRunning is PASSED

18-05-2025T11:01:25 - [TEST_STEP][PASSED] - if (driver == null || driver.getSessionId() == null): null

18-05-2025T11:01:25 - [TEST_STEP][PASSED] - drivers.Driver.openApp(): drivers.Driver.openApp is PASSED

18-05-2025T11:01:27 - [MESSAGE][PASSED] - drivers.Driver.openApp is PASSED

18-05-2025T11:01:27 - [TEST_STEP][PASSED] - REQUEST_NAME = "Trình ký PDF có sẵn": null

18-05-2025T11:01:27 - [TEST_STEP][PASSED] - auto5 = DataTest.getUserTest("auto5"): null

18-05-2025T11:01:27 - [TEST_STEP][PASSED] - auto6 = DataTest.getUserTest("auto6"): null

18-05-2025T11:01:27 - [TEST_STEP][PASSED] - document = DataTest.createDocumentTest(auto5, auto6, null, "dummy.pdf", "dummy.pdf"): null

18-05-2025T11:01:27 - [TEST_STEP][PASSED] - loginScreen.login(auto5): null

18-05-2025T11:01:35 - [TEST_STEP][PASSED] - homeScreen.openRequestList(): null

18-05-2025T11:01:40 - [TEST_STEP][PASSED] - homeScreen.createRequest(REQUEST_NAME): null

18-05-2025T11:01:43 - [TEST_STEP][PASSED] - pdfSignScreen.fillInTitle(document.getTitle()): null

18-05-2025T11:01:46 - [TEST_STEP][PASSED] - pdfSignScreen.selectPriority(document.getPriority()): null

18-05-2025T11:01:48 - [TEST_STEP][PASSED] - pdfSignScreen.selectTime(document.getTime()): null

18-05-2025T11:01:51 - [TEST_STEP][PASSED] - pdfSignScreen.fillInDescription(document.getDescription()): null

18-05-2025T11:01:52 - [TEST_STEP][PASSED] - pdfSignScreen.selectAssigner(getAssigner().getEmail()): null

18-05-2025T11:01:58 - [TEST_STEP][PASSED] - pdfSignScreen.openMainFileBrowser(): null

18-05-2025T11:02:03 - [TEST_STEP][PASSED] - fileBrowserScreen.attachFile(document.getMainFileName()): null

18-05-2025T11:02:09 - [TEST_STEP][PASSED] - pdfSignScreen.openSubFileBrowser(): null

18-05-2025T11:02:11 - [TEST_STEP][PASSED] - fileBrowserScreen.attachFile(document.getSubFileName()): null

18-05-2025T11:02:17 - [TEST_STEP][PASSED] - pdfSignScreen.performAction(SEND_APPROVE): null

18-05-2025T11:02:21 - [TEST_STEP][PASSED] - pdfSignScreen.fillInOpinion(document.getComment()): null

18-05-2025T11:02:22 - [TEST_STEP][PASSED] - pdfSignScreen.submitRequest(): null

18-05-2025T11:02:29 - [TEST_STEP][PASSED] - documentInformationScreen.backToHome(): null

18-05-2025T11:02:30 - [TEST_STEP][PASSED] - homeScreen.logout(): null

18-05-2025T11:02:38 - [TEST_STEP][PASSED] - document.setStatus(WAIT_APPROVE): null

18-05-2025T11:02:38 - [TEST_STEP][PASSED] - document.setAssigner(auto5): null

18-05-2025T11:02:38 - [TEST_STEP][PASSED] - loginScreen.login(auto6): null

18-05-2025T11:02:47 - [TEST_STEP][PASSED] - homeScreen.goToIncomingDocument(): null

18-05-2025T11:02:47 - [TEST_STEP][PASSED] - inComingDocument.viewInformationDocument(document): View document Trình ký 1747540887641

18-05-2025T11:02:47 - [MESSAGE][INFO] - View document Trình ký 1747540887641

18-05-2025T11:02:52 - [TEST_STEP][PASSED] - documentInformationScreen.checkDocumentTitle(document): Verify equals GUI: Trình ký 1747540887641 - DATA: Trình ký 1747540887641

18-05-2025T11:02:53 - [MESSAGE][PASSED] - Verify equals GUI: Trình ký 1747540887641 - DATA: Trình ký 1747540887641

18-05-2025T11:02:53 - [TEST_STEP][PASSED] - documentInformationScreen.checkSender(document): Verify equals GUI: Auto Test User 5 - DATA: Auto Test User 5

18-05-2025T11:02:53 - [MESSAGE][PASSED] - Verify equals GUI: Auto Test User 5 - DATA: Auto Test User 5

18-05-2025T11:02:53 - [TEST_STEP][PASSED] - documentInformationScreen.checkStatus(document): Verify equals GUI: Chờ giám sát phê duyệt - DATA: Chờ giám sát phê duyệt

18-05-2025T11:02:53 - [MESSAGE][PASSED] - Verify equals GUI: Chờ giám sát phê duyệt - DATA: Chờ giám sát phê duyệt

18-05-2025T11:02:53 - [TEST_STEP][PASSED] - documentInformationScreen.checkCreateDate(): Verify equals GUI: 18/05/2025 - DATA: 18/05/2025

18-05-2025T11:02:53 - [MESSAGE][PASSED] - Verify equals GUI: 18/05/2025 - DATA: 18/05/2025

18-05-2025T11:02:53 - [TEST_STEP][PASSED] - documentInformationScreen.checkFinishDate(document): Verify equals GUI: 19/05/2025 - DATA: 19/05/2025

18-05-2025T11:02:53 - [MESSAGE][PASSED] - Verify equals GUI: 19/05/2025 - DATA: 19/05/2025

18-05-2025T11:02:53 - [TEST_STEP][PASSED] - documentInformationScreen.checkPriority(document): Verify equals GUI: Cao - DATA: Cao

18-05-2025T11:02:53 - [MESSAGE][PASSED] - Verify equals GUI: Cao - DATA: Cao

18-05-2025T11:02:53 - [TEST_STEP][PASSED] - documentInformationScreen.checkDescription(document): Verify equals GUI: 009 DUYET NHANH - DATA: 009 DUYET NHANH

18-05-2025T11:02:53 - [MESSAGE][PASSED] - Verify equals GUI: 009 DUYET NHANH - DATA: 009 DUYET NHANH

18-05-2025T11:02:53 - [TEST_STEP][PASSED] - documentInformationScreen.checkAssigner(document): Verify contains GUI: auto5@hdbank.com.vn - DATA: auto5@hdbank.com.vn

18-05-2025T11:02:55 - [MESSAGE][PASSED] - Verify contains GUI: auto5@hdbank.com.vn - DATA: auto5@hdbank.com.vn

18-05-2025T11:02:55 - [TEST_STEP][PASSED] - documentInformationScreen.checkPresentFileName(document): Verify contains GUI: dummy_20250518110245.ozd - DATA: dummy

18-05-2025T11:02:56 - [MESSAGE][PASSED] - Verify contains GUI: dummy_20250518110245.ozd - DATA: dummy

18-05-2025T11:02:56 - [TEST_STEP][PASSED] - documentInformationScreen.checkAttachFileName(document): Expected true condition

18-05-2025T11:02:58 - [MESSAGE][PASSED] - Expected true condition

18-05-2025T11:02:58 - [TEST_STEP][PASSED] - documentInformationScreen.backToHome(): null

18-05-2025T11:03:02 - [TEST_STEP][PASSED] - inComingDocument.performAction(document, QUICK_APPROVE): null

18-05-2025T11:03:06 - [TEST_STEP][PASSED] - document.setSender(auto6): null

18-05-2025T11:03:06 - [TEST_STEP][PASSED] - inComingDocument.checkItemInDocument(): null

18-05-2025T11:03:06 - [TEST_STEP][PASSED] - homeScreen.goToOutComingDocument(): null

18-05-2025T11:03:17 - [TEST_STEP][PASSED] - outComingDocument.viewInformationDocument(document): null

18-05-2025T11:03:18 - [TEST_STEP][PASSED] - documentInformationScreen.checkDocumentTitle(document): Verify equals GUI: Trình ký 1747540887641 - DATA: Trình ký 1747540887641

18-05-2025T11:03:23 - [MESSAGE][PASSED] - Verify equals GUI: Trình ký 1747540887641 - DATA: Trình ký 1747540887641

18-05-2025T11:03:23 - [TEST_STEP][PASSED] - documentInformationScreen.checkSender(document): Verify equals GUI: Auto Test User 6 - DATA: Auto Test User 6

18-05-2025T11:03:23 - [MESSAGE][PASSED] - Verify equals GUI: Auto Test User 6 - DATA: Auto Test User 6

18-05-2025T11:03:23 - [TEST_STEP][PASSED] - documentInformationScreen.checkStatus(document): Verify equals GUI: Đã duyệt - DATA: Đã duyệt

18-05-2025T11:03:23 - [MESSAGE][PASSED] - Verify equals GUI: Đã duyệt - DATA: Đã duyệt

18-05-2025T11:03:23 - [TEST_STEP][PASSED] - documentInformationScreen.checkCreateDate(): Verify equals GUI: 18/05/2025 - DATA: 18/05/2025

18-05-2025T11:03:23 - [MESSAGE][PASSED] - Verify equals GUI: 18/05/2025 - DATA: 18/05/2025

18-05-2025T11:03:23 - [TEST_STEP][PASSED] - documentInformationScreen.checkFinishDate(document): Verify equals GUI: 19/05/2025 - DATA: 19/05/2025

18-05-2025T11:03:23 - [MESSAGE][PASSED] - Verify equals GUI: 19/05/2025 - DATA: 19/05/2025

18-05-2025T11:03:23 - [TEST_STEP][PASSED] - documentInformationScreen.checkPriority(document): Verify equals GUI: Cao - DATA: Cao

18-05-2025T11:03:23 - [MESSAGE][PASSED] - Verify equals GUI: Cao - DATA: Cao

18-05-2025T11:03:23 - [TEST_STEP][PASSED] - documentInformationScreen.checkDescription(document): Verify equals GUI: 009 DUYET NHANH - DATA: 009 DUYET NHANH

18-05-2025T11:03:23 - [MESSAGE][PASSED] - Verify equals GUI: 009 DUYET NHANH - DATA: 009 DUYET NHANH

18-05-2025T11:03:23 - [TEST_STEP][PASSED] - documentInformationScreen.checkAssigner(document): Verify contains GUI: auto5@hdbank.com.vn - DATA: auto5@hdbank.com.vn

18-05-2025T11:03:25 - [MESSAGE][PASSED] - Verify contains GUI: auto5@hdbank.com.vn - DATA: auto5@hdbank.com.vn

18-05-2025T11:03:25 - [TEST_STEP][PASSED] - documentInformationScreen.checkPresentFileName(document): Verify contains GUI: dummy_20250518110245.ozd - DATA: dummy

18-05-2025T11:03:26 - [MESSAGE][PASSED] - Verify contains GUI: dummy_20250518110245.ozd - DATA: dummy

18-05-2025T11:03:26 - [TEST_STEP][PASSED] - documentInformationScreen.checkAttachFileName(document): Expected true condition

18-05-2025T11:03:27 - [MESSAGE][PASSED] - Expected true condition

18-05-2025T11:03:27 - [TEST_STEP][PASSED] - documentInformationScreen.backToHome(): null

18-05-2025T11:03:32 - [TEST_STEP][PASSED] - inComingDocument.checkItemInDocument(): null

18-05-2025T11:03:32 - [TEST_STEP][PASSED] - Start listener action : afterTest: null

18-05-2025T11:03:32 - [TEST_STEP][PASSED] - if (testCaseStatus != "PASSED"): null

18-05-2025T11:03:32 - [TEST_STEP][PASSED] - drivers.Driver.closeApp(): drivers.Driver.closeApp is PASSED

18-05-2025T11:03:32 - [MESSAGE][PASSED] - drivers.Driver.closeApp is PASSED

18-05-2025T11:03:32 - [TEST_STEP][PASSED] - if (tsContext == null): null]]></system-out>
         <system-err><![CDATA[]]></system-err>
      </testcase>
      <testcase name="Test Cases/IPAPER APP/049 TIM KIEM HO SO THEO BO LOC" time="160.081" classname="Test Cases/IPAPER APP/049 TIM KIEM HO SO THEO BO LOC" status="FAILED">
         <failure type="FAILED" message="Test Cases/IPAPER APP/049 TIM KIEM HO SO THEO BO LOC FAILED.&#xa;Reason:&#xa;com.kms.katalon.core.exception.StepFailedException: Verify equals GUI: Chờ lấy ý kiến - DATA: Chờ giám sát phê duyệt&#xa;	at com.kms.katalon.core.util.KeywordUtil.markFailed(KeywordUtil.java:19)&#xa;	at utilities.AssertUtilities.logResult(AssertUtilities.groovy:30)&#xa;	at utilities.AssertUtilities.checkEquals(AssertUtilities.groovy:11)&#xa;	at screens.DocumentInformationScreen.checkStatus(DocumentInformationScreen.groovy:111)&#xa;	at 049 TIM KIEM HO SO THEO BO LOC.run(049 TIM KIEM HO SO THEO BO LOC:28)&#xa;	at com.kms.katalon.core.main.ScriptEngine.run(ScriptEngine.java:194)&#xa;	at com.kms.katalon.core.main.ScriptEngine.runScriptAsRawText(ScriptEngine.java:119)&#xa;	at com.kms.katalon.core.main.TestCaseExecutor.runScript(TestCaseExecutor.java:448)&#xa;	at com.kms.katalon.core.main.TestCaseExecutor.doExecute(TestCaseExecutor.java:439)&#xa;	at com.kms.katalon.core.main.TestCaseExecutor.processExecutionPhase(TestCaseExecutor.java:418)&#xa;	at com.kms.katalon.core.main.TestCaseExecutor.accessMainPhase(TestCaseExecutor.java:410)&#xa;	at com.kms.katalon.core.main.TestCaseExecutor.execute(TestCaseExecutor.java:285)&#xa;	at com.kms.katalon.core.common.CommonExecutor.accessTestCaseMainPhase(CommonExecutor.java:65)&#xa;	at com.kms.katalon.core.main.TestSuiteExecutor.accessTestSuiteMainPhase(TestSuiteExecutor.java:150)&#xa;	at com.kms.katalon.core.main.TestSuiteExecutor.execute(TestSuiteExecutor.java:106)&#xa;	at com.kms.katalon.core.main.TestCaseMain.startTestSuite(TestCaseMain.java:180)&#xa;	at TempTestSuite1747539355497.run(TempTestSuite1747539355497.groovy:35)&#xa;	at java.base/jdk.internal.reflect.NativeMethodAccessorImpl.invoke0(Native Method)&#xa;	at java.base/jdk.internal.reflect.NativeMethodAccessorImpl.invoke(NativeMethodAccessorImpl.java:77)&#xa;	at java.base/jdk.internal.reflect.DelegatingMethodAccessorImpl.invoke(DelegatingMethodAccessorImpl.java:43)&#xa;"/>
         <system-out><![CDATA[18-05-2025T11:03:32 - [TEST_CASE][FAILED] - Test Cases/IPAPER APP/049 TIM KIEM HO SO THEO BO LOC: Test Cases/IPAPER APP/049 TIM KIEM HO SO THEO BO LOC FAILED.
Reason:
com.kms.katalon.core.exception.StepFailedException: Verify equals GUI: Chờ lấy ý kiến - DATA: Chờ giám sát phê duyệt
	at com.kms.katalon.core.util.KeywordUtil.markFailed(KeywordUtil.java:19)
	at utilities.AssertUtilities.logResult(AssertUtilities.groovy:30)
	at utilities.AssertUtilities.checkEquals(AssertUtilities.groovy:11)
	at screens.DocumentInformationScreen.checkStatus(DocumentInformationScreen.groovy:111)
	at 049 TIM KIEM HO SO THEO BO LOC.run(049 TIM KIEM HO SO THEO BO LOC:28)
	at com.kms.katalon.core.main.ScriptEngine.run(ScriptEngine.java:194)
	at com.kms.katalon.core.main.ScriptEngine.runScriptAsRawText(ScriptEngine.java:119)
	at com.kms.katalon.core.main.TestCaseExecutor.runScript(TestCaseExecutor.java:448)
	at com.kms.katalon.core.main.TestCaseExecutor.doExecute(TestCaseExecutor.java:439)
	at com.kms.katalon.core.main.TestCaseExecutor.processExecutionPhase(TestCaseExecutor.java:418)
	at com.kms.katalon.core.main.TestCaseExecutor.accessMainPhase(TestCaseExecutor.java:410)
	at com.kms.katalon.core.main.TestCaseExecutor.execute(TestCaseExecutor.java:285)
	at com.kms.katalon.core.common.CommonExecutor.accessTestCaseMainPhase(CommonExecutor.java:65)
	at com.kms.katalon.core.main.TestSuiteExecutor.accessTestSuiteMainPhase(TestSuiteExecutor.java:150)
	at com.kms.katalon.core.main.TestSuiteExecutor.execute(TestSuiteExecutor.java:106)
	at com.kms.katalon.core.main.TestCaseMain.startTestSuite(TestCaseMain.java:180)
	at TempTestSuite1747539355497.run(TempTestSuite1747539355497.groovy:35)
	at java.base/jdk.internal.reflect.NativeMethodAccessorImpl.invoke0(Native Method)
	at java.base/jdk.internal.reflect.NativeMethodAccessorImpl.invoke(NativeMethodAccessorImpl.java:77)
	at java.base/jdk.internal.reflect.DelegatingMethodAccessorImpl.invoke(DelegatingMethodAccessorImpl.java:43)


18-05-2025T11:03:32 - [TEST_STEP][PASSED] - Start listener action : beforeTest: drivers.Driver.openApp is PASSED

18-05-2025T11:03:32 - [TEST_STEP][PASSED] - DataTest.init(): null

18-05-2025T11:03:32 - [TEST_STEP][PASSED] - testCaseId = split("/").last(): null

18-05-2025T11:03:32 - [TEST_STEP][PASSED] - if (!(drivers.Driver.isAppiumRunning())): drivers.Driver.isAppiumRunning is PASSED

18-05-2025T11:03:32 - [MESSAGE][INFO] - Appium running: true

18-05-2025T11:03:32 - [MESSAGE][PASSED] - drivers.Driver.isAppiumRunning is PASSED

18-05-2025T11:03:32 - [TEST_STEP][PASSED] - if (driver == null || driver.getSessionId() == null): null

18-05-2025T11:03:32 - [TEST_STEP][PASSED] - drivers.Driver.openApp(): drivers.Driver.openApp is PASSED

18-05-2025T11:03:35 - [MESSAGE][PASSED] - drivers.Driver.openApp is PASSED

18-05-2025T11:03:35 - [TEST_STEP][PASSED] - index = 0: null

18-05-2025T11:03:35 - [TEST_STEP][PASSED] - auto6 = DataTest.getUserTest("auto6"): null

18-05-2025T11:03:35 - [TEST_STEP][PASSED] - auto5 = DataTest.getUserTest("auto5"): null

18-05-2025T11:03:35 - [TEST_STEP][PASSED] - documentTitles = <not implemented yet for class: org.codehaus.groovy.ast.expr.EmptyExpression>: null

18-05-2025T11:03:35 - [TEST_STEP][PASSED] - waitApproveStatus = "Chưa duyệt": null

18-05-2025T11:03:35 - [TEST_STEP][PASSED] - document = DataTest.createDocumentTest(auto5, auto6, null, "dummy.pdf", "dummy.pdf"): null

18-05-2025T11:03:35 - [TEST_STEP][PASSED] - loginScreen.login(auto6): null

18-05-2025T11:03:43 - [TEST_STEP][PASSED] - homeScreen.goToIncomingDocument(): null

18-05-2025T11:03:43 - [TEST_STEP][PASSED] - inComingDocument.filterByStatus(waitApproveStatus): Filter by Chưa duyệt status

18-05-2025T11:03:55 - [MESSAGE][INFO] - Filter by Chưa duyệt status

18-05-2025T11:03:55 - [TEST_STEP][PASSED] - documentTitles = inComingDocument.getListDocumentTitle(): null

18-05-2025T11:03:57 - [TEST_STEP][FAILED] - for ([i = 0, i < documentTitles.size() - 1, (i++)]): null

18-05-2025T11:03:57 - [TEST_STEP][PASSED] - titleItem = documentTitles[i]: null

18-05-2025T11:03:57 - [TEST_STEP][PASSED] - document.setTitle(titleItem): null

18-05-2025T11:03:57 - [TEST_STEP][PASSED] - inComingDocument.viewInformationDocument(document): View document Trình ký 1747540172168

18-05-2025T11:03:57 - [MESSAGE][INFO] - View document Trình ký 1747540172168

18-05-2025T11:04:02 - [TEST_STEP][PASSED] - documentInformationScreen.checkStatus(WAIT_APPROVE): Verify equals GUI: Chờ giám sát phê duyệt - DATA: Chờ giám sát phê duyệt

18-05-2025T11:04:02 - [MESSAGE][PASSED] - Verify equals GUI: Chờ giám sát phê duyệt - DATA: Chờ giám sát phê duyệt

18-05-2025T11:04:02 - [TEST_STEP][PASSED] - documentInformationScreen.backToHome(): null

18-05-2025T11:04:07 - [TEST_STEP][PASSED] - titleItem = documentTitles[i]: null

18-05-2025T11:04:07 - [TEST_STEP][PASSED] - document.setTitle(titleItem): null

18-05-2025T11:04:07 - [TEST_STEP][PASSED] - inComingDocument.viewInformationDocument(document): View document Trình ký 1747540057464

18-05-2025T11:04:07 - [MESSAGE][INFO] - View document Trình ký 1747540057464

18-05-2025T11:04:12 - [TEST_STEP][FAILED] - documentInformationScreen.checkStatus(WAIT_APPROVE): Verify equals GUI: Chờ lấy ý kiến - DATA: Chờ giám sát phê duyệt

18-05-2025T11:04:12 - [MESSAGE][FAILED] - Verify equals GUI: Chờ lấy ý kiến - DATA: Chờ giám sát phê duyệt

18-05-2025T11:04:12 - [TEST_STEP][PASSED] - documentInformationScreen.backToHome(): null

18-05-2025T11:04:17 - [TEST_STEP][PASSED] - titleItem = documentTitles[i]: null

18-05-2025T11:04:17 - [TEST_STEP][PASSED] - document.setTitle(titleItem): null

18-05-2025T11:04:17 - [TEST_STEP][PASSED] - inComingDocument.viewInformationDocument(document): View document Trình ký 1747539932716

18-05-2025T11:04:17 - [MESSAGE][INFO] - View document Trình ký 1747539932716

18-05-2025T11:04:23 - [TEST_STEP][PASSED] - documentInformationScreen.checkStatus(WAIT_APPROVE): Verify equals GUI: Chờ giám sát phê duyệt - DATA: Chờ giám sát phê duyệt

18-05-2025T11:04:23 - [MESSAGE][PASSED] - Verify equals GUI: Chờ giám sát phê duyệt - DATA: Chờ giám sát phê duyệt

18-05-2025T11:04:23 - [TEST_STEP][PASSED] - documentInformationScreen.backToHome(): null

18-05-2025T11:04:28 - [TEST_STEP][PASSED] - inComingDocument.filterByStatus(APPROVED): Filter by Đã duyệt status

18-05-2025T11:04:39 - [MESSAGE][INFO] - Filter by Đã duyệt status

18-05-2025T11:04:39 - [TEST_STEP][PASSED] - documentTitles = inComingDocument.getListDocumentTitle(): null

18-05-2025T11:04:41 - [TEST_STEP][FAILED] - for ([i = 0, i < documentTitles.size() - 1, (i++)]): null

18-05-2025T11:04:41 - [TEST_STEP][PASSED] - titleItem = documentTitles[i]: null

18-05-2025T11:04:41 - [TEST_STEP][PASSED] - document.setTitle(titleItem): null

18-05-2025T11:04:41 - [TEST_STEP][PASSED] - inComingDocument.viewInformationDocument(document): View document Trình ký 1747540887641

18-05-2025T11:04:41 - [MESSAGE][INFO] - View document Trình ký 1747540887641

18-05-2025T11:04:46 - [TEST_STEP][PASSED] - documentInformationScreen.checkStatus(APPROVED): Verify equals GUI: Đã duyệt - DATA: Đã duyệt

18-05-2025T11:04:46 - [MESSAGE][PASSED] - Verify equals GUI: Đã duyệt - DATA: Đã duyệt

18-05-2025T11:04:46 - [TEST_STEP][PASSED] - documentInformationScreen.backToHome(): null

18-05-2025T11:04:51 - [TEST_STEP][PASSED] - titleItem = documentTitles[i]: null

18-05-2025T11:04:51 - [TEST_STEP][PASSED] - document.setTitle(titleItem): null

18-05-2025T11:04:51 - [TEST_STEP][PASSED] - inComingDocument.viewInformationDocument(document): View document Trình ký 1747540624394

18-05-2025T11:04:51 - [MESSAGE][INFO] - View document Trình ký 1747540624394

18-05-2025T11:04:56 - [TEST_STEP][FAILED] - documentInformationScreen.checkStatus(APPROVED): Verify equals GUI: Đã lấy ý kiến - DATA: Đã duyệt

18-05-2025T11:04:56 - [MESSAGE][FAILED] - Verify equals GUI: Đã lấy ý kiến - DATA: Đã duyệt

18-05-2025T11:04:56 - [TEST_STEP][PASSED] - documentInformationScreen.backToHome(): null

18-05-2025T11:05:00 - [TEST_STEP][PASSED] - titleItem = documentTitles[i]: null

18-05-2025T11:05:00 - [TEST_STEP][PASSED] - document.setTitle(titleItem): null

18-05-2025T11:05:00 - [TEST_STEP][PASSED] - inComingDocument.viewInformationDocument(document): View document Trình ký 1747540327187

18-05-2025T11:05:00 - [MESSAGE][INFO] - View document Trình ký 1747540327187

18-05-2025T11:05:06 - [TEST_STEP][PASSED] - documentInformationScreen.checkStatus(APPROVED): Verify equals GUI: Đã duyệt - DATA: Đã duyệt

18-05-2025T11:05:06 - [MESSAGE][PASSED] - Verify equals GUI: Đã duyệt - DATA: Đã duyệt

18-05-2025T11:05:06 - [TEST_STEP][PASSED] - documentInformationScreen.backToHome(): null

18-05-2025T11:05:11 - [TEST_STEP][PASSED] - titleItem = documentTitles[i]: null

18-05-2025T11:05:11 - [TEST_STEP][PASSED] - document.setTitle(titleItem): null

18-05-2025T11:05:11 - [TEST_STEP][PASSED] - inComingDocument.viewInformationDocument(document): View document Trình ký 20250516170257

18-05-2025T11:05:11 - [MESSAGE][INFO] - View document Trình ký 20250516170257

18-05-2025T11:05:17 - [TEST_STEP][FAILED] - documentInformationScreen.checkStatus(APPROVED): Verify equals GUI: Đã lấy ý kiến - DATA: Đã duyệt

18-05-2025T11:05:17 - [MESSAGE][FAILED] - Verify equals GUI: Đã lấy ý kiến - DATA: Đã duyệt

18-05-2025T11:05:17 - [TEST_STEP][PASSED] - documentInformationScreen.backToHome(): null

18-05-2025T11:05:21 - [TEST_STEP][PASSED] - inComingDocument.filterByStatus(REJECT): Filter by Từ chối status

18-05-2025T11:05:29 - [MESSAGE][INFO] - Filter by Từ chối status

18-05-2025T11:05:29 - [TEST_STEP][PASSED] - documentTitles = inComingDocument.getListDocumentTitle(): null

18-05-2025T11:05:30 - [TEST_STEP][PASSED] - for ([i = 0, i < documentTitles.size() - 1, (i++)]): null

18-05-2025T11:05:30 - [TEST_STEP][PASSED] - titleItem = documentTitles[i]: null

18-05-2025T11:05:30 - [TEST_STEP][PASSED] - document.setTitle(titleItem): null

18-05-2025T11:05:30 - [TEST_STEP][PASSED] - inComingDocument.viewInformationDocument(document): View document Trình ký 1747540498451

18-05-2025T11:05:30 - [MESSAGE][INFO] - View document Trình ký 1747540498451

18-05-2025T11:05:34 - [TEST_STEP][PASSED] - documentInformationScreen.checkStatus(REJECT): Verify equals GUI: Từ chối - DATA: Từ chối

18-05-2025T11:05:34 - [MESSAGE][PASSED] - Verify equals GUI: Từ chối - DATA: Từ chối

18-05-2025T11:05:34 - [TEST_STEP][PASSED] - documentInformationScreen.backToHome(): null

18-05-2025T11:05:39 - [TEST_STEP][PASSED] - titleItem = documentTitles[i]: null

18-05-2025T11:05:39 - [TEST_STEP][PASSED] - document.setTitle(titleItem): null

18-05-2025T11:05:39 - [TEST_STEP][PASSED] - inComingDocument.viewInformationDocument(document): View document Trình ký 20250515143805

18-05-2025T11:05:39 - [MESSAGE][INFO] - View document Trình ký 20250515143805

18-05-2025T11:05:42 - [TEST_STEP][PASSED] - documentInformationScreen.checkStatus(REJECT): Verify equals GUI: Từ chối - DATA: Từ chối

18-05-2025T11:05:43 - [MESSAGE][PASSED] - Verify equals GUI: Từ chối - DATA: Từ chối

18-05-2025T11:05:43 - [TEST_STEP][PASSED] - documentInformationScreen.backToHome(): null

18-05-2025T11:05:47 - [TEST_STEP][PASSED] - titleItem = documentTitles[i]: null

18-05-2025T11:05:47 - [TEST_STEP][PASSED] - document.setTitle(titleItem): null

18-05-2025T11:05:47 - [TEST_STEP][PASSED] - inComingDocument.viewInformationDocument(document): View document Trình ký 20250515134629

18-05-2025T11:05:47 - [MESSAGE][INFO] - View document Trình ký 20250515134629

18-05-2025T11:05:51 - [TEST_STEP][PASSED] - documentInformationScreen.checkStatus(REJECT): Verify equals GUI: Từ chối - DATA: Từ chối

18-05-2025T11:05:51 - [MESSAGE][PASSED] - Verify equals GUI: Từ chối - DATA: Từ chối

18-05-2025T11:05:51 - [TEST_STEP][PASSED] - documentInformationScreen.backToHome(): null

18-05-2025T11:05:55 - [TEST_STEP][PASSED] - titleItem = documentTitles[i]: null

18-05-2025T11:05:55 - [TEST_STEP][PASSED] - document.setTitle(titleItem): null

18-05-2025T11:05:55 - [TEST_STEP][PASSED] - inComingDocument.viewInformationDocument(document): View document Trình ký 1747285996915

18-05-2025T11:05:55 - [MESSAGE][INFO] - View document Trình ký 1747285996915

18-05-2025T11:05:59 - [TEST_STEP][PASSED] - documentInformationScreen.checkStatus(REJECT): Verify equals GUI: Từ chối - DATA: Từ chối

18-05-2025T11:06:00 - [MESSAGE][PASSED] - Verify equals GUI: Từ chối - DATA: Từ chối

18-05-2025T11:06:00 - [TEST_STEP][PASSED] - documentInformationScreen.backToHome(): null

18-05-2025T11:06:05 - [TEST_STEP][ERROR] - inComingDocument.filterByStatus(RETURNED): Test Cases/IPAPER APP/049 TIM KIEM HO SO THEO BO LOC FAILED.
Reason:
org.openqa.selenium.NoSuchElementException: An element could not be located on the page using the given search parameters.
For documentation on this error, please visit: https://www.seleniumhq.org/exceptions/no_such_element.html
Build info: version: '3.141.59', revision: 'unknown', time: 'unknown'
System info: host: '192.168.1.4.non-exists.ptr.local', ip: '2402:800:63f2:b9ce:1859:4296:77a1:a88d%en0', os.name: 'Mac OS X', os.arch: 'aarch64', os.version: '15.4.1', java.version: '17.0.7'
Driver info: com.kms.katalon.core.appium.driver.SwipeableAndroidDriver
Capabilities {automationName: UiAutomator2, databaseEnabled: false, desired: {automationName: UiAutomator2, deviceName: af0c5cf7, noReset: true, platformName: android, waitForIdleTimeout: 3000}, deviceApiLevel: 35, deviceManufacturer: OPPO, deviceModel: CPH2699, deviceName: af0c5cf7, deviceScreenDensity: 480, deviceScreenSize: 1080x2400, deviceUDID: af0c5cf7, javascriptEnabled: true, locationContextEnabled: false, networkConnectionEnabled: true, noReset: true, pixelRatio: 3, platform: LINUX, platformName: Android, platformVersion: 15, statBarHeight: 120, takesScreenshot: true, viewportRect: {height: 2280, left: 0, top: 120, width: 1080}, waitForIdleTimeout: 3000, warnings: {}, webStorageEnabled: false}
Session ID: 3304c37f-648b-4099-8110-a9bd3d735cc7
*** Element info: {Using=xpath, value=//android.widget.TextView[@resource-id='com.hdbank.ipaper:id/tv_filter' and @text='Chờ bổ sung hồ sơ']}
	at java.base/jdk.internal.reflect.NativeConstructorAccessorImpl.newInstance0(Native Method)
	at java.base/jdk.internal.reflect.NativeConstructorAccessorImpl.newInstance(NativeConstructorAccessorImpl.java:77)
	at java.base/jdk.internal.reflect.DelegatingConstructorAccessorImpl.newInstance(DelegatingConstructorAccessorImpl.java:45)
	at org.openqa.selenium.remote.http.W3CHttpResponseCodec.createException(W3CHttpResponseCodec.java:187)
	at org.openqa.selenium.remote.http.W3CHttpResponseCodec.decode(W3CHttpResponseCodec.java:122)
	at org.openqa.selenium.remote.http.W3CHttpResponseCodec.decode(W3CHttpResponseCodec.java:49)
	at org.openqa.selenium.remote.HttpCommandExecutor.execute(HttpCommandExecutor.java:158)
	at io.appium.java_client.remote.AppiumCommandExecutor.execute(AppiumCommandExecutor.java:239)
	at org.openqa.selenium.remote.RemoteWebDriver.execute(RemoteWebDriver.java:552)
	at io.appium.java_client.DefaultGenericMobileDriver.execute(DefaultGenericMobileDriver.java:42)
	at io.appium.java_client.AppiumDriver.execute(AppiumDriver.java:1)
	at io.appium.java_client.android.AndroidDriver.execute(AndroidDriver.java:1)
	at com.kms.katalon.core.appium.driver.SwipeableAndroidDriver.execute(SwipeableAndroidDriver.java:1)
	at org.openqa.selenium.remote.RemoteWebDriver.findElement(RemoteWebDriver.java:323)
	at io.appium.java_client.DefaultGenericMobileDriver.findElement(DefaultGenericMobileDriver.java:62)
	at io.appium.java_client.AppiumDriver.findElement(AppiumDriver.java:1)
	at io.appium.java_client.android.AndroidDriver.findElement(AndroidDriver.java:1)
	at com.kms.katalon.core.appium.driver.SwipeableAndroidDriver.findElement(SwipeableAndroidDriver.java:1)
	at org.openqa.selenium.remote.RemoteWebDriver.findElementByXPath(RemoteWebDriver.java:428)
	at io.appium.java_client.DefaultGenericMobileDriver.findElementByXPath(DefaultGenericMobileDriver.java:152)
	at io.appium.java_client.AppiumDriver.findElementByXPath(AppiumDriver.java:1)
	at io.appium.java_client.android.AndroidDriver.findElementByXPath(AndroidDriver.java:1)
	at com.kms.katalon.core.appium.driver.SwipeableAndroidDriver.findElementByXPath(SwipeableAndroidDriver.java:1)
	at org.openqa.selenium.By$ByXPath.findElement(By.java:353)
	at org.openqa.selenium.remote.RemoteWebDriver.findElement(RemoteWebDriver.java:315)
	at io.appium.java_client.DefaultGenericMobileDriver.findElement(DefaultGenericMobileDriver.java:58)
	at io.appium.java_client.AppiumDriver.findElement(AppiumDriver.java:1)
	at io.appium.java_client.android.AndroidDriver.findElement(AndroidDriver.java:1)
	at com.kms.katalon.core.appium.driver.SwipeableAndroidDriver.findElement(SwipeableAndroidDriver.java:1)
	at base.BaseKeyword$Trait$Helper.clickToElement(BaseKeyword.groovy:59)
	at screens.IncomingDocumentScreen.clickToElement(IncomingDocumentScreen.groovy)
	at screens.IncomingDocumentScreen.filterByStatus(IncomingDocumentScreen.groovy:241)
	at 049 TIM KIEM HO SO THEO BO LOC.run(049 TIM KIEM HO SO THEO BO LOC:55)
	at com.kms.katalon.core.main.ScriptEngine.run(ScriptEngine.java:194)
	at com.kms.katalon.core.main.ScriptEngine.runScriptAsRawText(ScriptEngine.java:119)
	at com.kms.katalon.core.main.TestCaseExecutor.runScript(TestCaseExecutor.java:448)
	at com.kms.katalon.core.main.TestCaseExecutor.doExecute(TestCaseExecutor.java:439)
	at com.kms.katalon.core.main.TestCaseExecutor.processExecutionPhase(TestCaseExecutor.java:418)
	at com.kms.katalon.core.main.TestCaseExecutor.accessMainPhase(TestCaseExecutor.java:410)
	at com.kms.katalon.core.main.TestCaseExecutor.execute(TestCaseExecutor.java:285)
	at com.kms.katalon.core.common.CommonExecutor.accessTestCaseMainPhase(CommonExecutor.java:65)
	at com.kms.katalon.core.main.TestSuiteExecutor.accessTestSuiteMainPhase(TestSuiteExecutor.java:150)
	at com.kms.katalon.core.main.TestSuiteExecutor.execute(TestSuiteExecutor.java:106)
	at com.kms.katalon.core.main.TestCaseMain.startTestSuite(TestCaseMain.java:180)
	at TempTestSuite1747539355497.run(TempTestSuite1747539355497.groovy:35)
	at java.base/jdk.internal.reflect.NativeMethodAccessorImpl.invoke0(Native Method)
	at java.base/jdk.internal.reflect.NativeMethodAccessorImpl.invoke(NativeMethodAccessorImpl.java:77)
	at java.base/jdk.internal.reflect.DelegatingMethodAccessorImpl.invoke(DelegatingMethodAccessorImpl.java:43)


18-05-2025T11:06:09 - [MESSAGE][ERROR] - Test Cases/IPAPER APP/049 TIM KIEM HO SO THEO BO LOC FAILED.
Reason:
org.openqa.selenium.NoSuchElementException: An element could not be located on the page using the given search parameters.
For documentation on this error, please visit: https://www.seleniumhq.org/exceptions/no_such_element.html
Build info: version: '3.141.59', revision: 'unknown', time: 'unknown'
System info: host: '192.168.1.4.non-exists.ptr.local', ip: '2402:800:63f2:b9ce:1859:4296:77a1:a88d%en0', os.name: 'Mac OS X', os.arch: 'aarch64', os.version: '15.4.1', java.version: '17.0.7'
Driver info: com.kms.katalon.core.appium.driver.SwipeableAndroidDriver
Capabilities {automationName: UiAutomator2, databaseEnabled: false, desired: {automationName: UiAutomator2, deviceName: af0c5cf7, noReset: true, platformName: android, waitForIdleTimeout: 3000}, deviceApiLevel: 35, deviceManufacturer: OPPO, deviceModel: CPH2699, deviceName: af0c5cf7, deviceScreenDensity: 480, deviceScreenSize: 1080x2400, deviceUDID: af0c5cf7, javascriptEnabled: true, locationContextEnabled: false, networkConnectionEnabled: true, noReset: true, pixelRatio: 3, platform: LINUX, platformName: Android, platformVersion: 15, statBarHeight: 120, takesScreenshot: true, viewportRect: {height: 2280, left: 0, top: 120, width: 1080}, waitForIdleTimeout: 3000, warnings: {}, webStorageEnabled: false}
Session ID: 3304c37f-648b-4099-8110-a9bd3d735cc7
*** Element info: {Using=xpath, value=//android.widget.TextView[@resource-id='com.hdbank.ipaper:id/tv_filter' and @text='Chờ bổ sung hồ sơ']}
	at java.base/jdk.internal.reflect.NativeConstructorAccessorImpl.newInstance0(Native Method)
	at java.base/jdk.internal.reflect.NativeConstructorAccessorImpl.newInstance(NativeConstructorAccessorImpl.java:77)
	at java.base/jdk.internal.reflect.DelegatingConstructorAccessorImpl.newInstance(DelegatingConstructorAccessorImpl.java:45)
	at org.openqa.selenium.remote.http.W3CHttpResponseCodec.createException(W3CHttpResponseCodec.java:187)
	at org.openqa.selenium.remote.http.W3CHttpResponseCodec.decode(W3CHttpResponseCodec.java:122)
	at org.openqa.selenium.remote.http.W3CHttpResponseCodec.decode(W3CHttpResponseCodec.java:49)
	at org.openqa.selenium.remote.HttpCommandExecutor.execute(HttpCommandExecutor.java:158)
	at io.appium.java_client.remote.AppiumCommandExecutor.execute(AppiumCommandExecutor.java:239)
	at org.openqa.selenium.remote.RemoteWebDriver.execute(RemoteWebDriver.java:552)
	at io.appium.java_client.DefaultGenericMobileDriver.execute(DefaultGenericMobileDriver.java:42)
	at io.appium.java_client.AppiumDriver.execute(AppiumDriver.java:1)
	at io.appium.java_client.android.AndroidDriver.execute(AndroidDriver.java:1)
	at com.kms.katalon.core.appium.driver.SwipeableAndroidDriver.execute(SwipeableAndroidDriver.java:1)
	at org.openqa.selenium.remote.RemoteWebDriver.findElement(RemoteWebDriver.java:323)
	at io.appium.java_client.DefaultGenericMobileDriver.findElement(DefaultGenericMobileDriver.java:62)
	at io.appium.java_client.AppiumDriver.findElement(AppiumDriver.java:1)
	at io.appium.java_client.android.AndroidDriver.findElement(AndroidDriver.java:1)
	at com.kms.katalon.core.appium.driver.SwipeableAndroidDriver.findElement(SwipeableAndroidDriver.java:1)
	at org.openqa.selenium.remote.RemoteWebDriver.findElementByXPath(RemoteWebDriver.java:428)
	at io.appium.java_client.DefaultGenericMobileDriver.findElementByXPath(DefaultGenericMobileDriver.java:152)
	at io.appium.java_client.AppiumDriver.findElementByXPath(AppiumDriver.java:1)
	at io.appium.java_client.android.AndroidDriver.findElementByXPath(AndroidDriver.java:1)
	at com.kms.katalon.core.appium.driver.SwipeableAndroidDriver.findElementByXPath(SwipeableAndroidDriver.java:1)
	at org.openqa.selenium.By$ByXPath.findElement(By.java:353)
	at org.openqa.selenium.remote.RemoteWebDriver.findElement(RemoteWebDriver.java:315)
	at io.appium.java_client.DefaultGenericMobileDriver.findElement(DefaultGenericMobileDriver.java:58)
	at io.appium.java_client.AppiumDriver.findElement(AppiumDriver.java:1)
	at io.appium.java_client.android.AndroidDriver.findElement(AndroidDriver.java:1)
	at com.kms.katalon.core.appium.driver.SwipeableAndroidDriver.findElement(SwipeableAndroidDriver.java:1)
	at base.BaseKeyword$Trait$Helper.clickToElement(BaseKeyword.groovy:59)
	at screens.IncomingDocumentScreen.clickToElement(IncomingDocumentScreen.groovy)
	at screens.IncomingDocumentScreen.filterByStatus(IncomingDocumentScreen.groovy:241)
	at 049 TIM KIEM HO SO THEO BO LOC.run(049 TIM KIEM HO SO THEO BO LOC:55)
	at com.kms.katalon.core.main.ScriptEngine.run(ScriptEngine.java:194)
	at com.kms.katalon.core.main.ScriptEngine.runScriptAsRawText(ScriptEngine.java:119)
	at com.kms.katalon.core.main.TestCaseExecutor.runScript(TestCaseExecutor.java:448)
	at com.kms.katalon.core.main.TestCaseExecutor.doExecute(TestCaseExecutor.java:439)
	at com.kms.katalon.core.main.TestCaseExecutor.processExecutionPhase(TestCaseExecutor.java:418)
	at com.kms.katalon.core.main.TestCaseExecutor.accessMainPhase(TestCaseExecutor.java:410)
	at com.kms.katalon.core.main.TestCaseExecutor.execute(TestCaseExecutor.java:285)
	at com.kms.katalon.core.common.CommonExecutor.accessTestCaseMainPhase(CommonExecutor.java:65)
	at com.kms.katalon.core.main.TestSuiteExecutor.accessTestSuiteMainPhase(TestSuiteExecutor.java:150)
	at com.kms.katalon.core.main.TestSuiteExecutor.execute(TestSuiteExecutor.java:106)
	at com.kms.katalon.core.main.TestCaseMain.startTestSuite(TestCaseMain.java:180)
	at TempTestSuite1747539355497.run(TempTestSuite1747539355497.groovy:35)
	at java.base/jdk.internal.reflect.NativeMethodAccessorImpl.invoke0(Native Method)
	at java.base/jdk.internal.reflect.NativeMethodAccessorImpl.invoke(NativeMethodAccessorImpl.java:77)
	at java.base/jdk.internal.reflect.DelegatingMethodAccessorImpl.invoke(DelegatingMethodAccessorImpl.java:43)


18-05-2025T11:06:09 - [TEST_STEP][PASSED] - Start listener action : afterTest: null

18-05-2025T11:06:09 - [TEST_STEP][PASSED] - if (testCaseStatus != "PASSED"): Screenshot is taken

18-05-2025T11:06:09 - [TEST_STEP][PASSED] - takeScreenshot(ErrorScreen/$GlobalVariable.PLATFORM/$testCaseContext.getTestCaseId().png): Screenshot is taken

18-05-2025T11:06:12 - [MESSAGE][PASSED] - Screenshot is taken
[[ATTACHMENT|ErrorScreen/Android/Test Cases/IPAPER APP/049 TIM KIEM HO SO THEO BO LOC.png]]

18-05-2025T11:06:12 - [TEST_STEP][PASSED] - drivers.Driver.closeApp(): drivers.Driver.closeApp is PASSED

18-05-2025T11:06:12 - [MESSAGE][PASSED] - drivers.Driver.closeApp is PASSED

18-05-2025T11:06:12 - [TEST_STEP][PASSED] - if (tsContext == null): null]]></system-out>
         <system-err><![CDATA[18-05-2025T11:03:32 - [TEST_CASE][FAILED] - Test Cases/IPAPER APP/049 TIM KIEM HO SO THEO BO LOC: Test Cases/IPAPER APP/049 TIM KIEM HO SO THEO BO LOC FAILED.
Reason:
com.kms.katalon.core.exception.StepFailedException: Verify equals GUI: Chờ lấy ý kiến - DATA: Chờ giám sát phê duyệt
	at com.kms.katalon.core.util.KeywordUtil.markFailed(KeywordUtil.java:19)
	at utilities.AssertUtilities.logResult(AssertUtilities.groovy:30)
	at utilities.AssertUtilities.checkEquals(AssertUtilities.groovy:11)
	at screens.DocumentInformationScreen.checkStatus(DocumentInformationScreen.groovy:111)
	at 049 TIM KIEM HO SO THEO BO LOC.run(049 TIM KIEM HO SO THEO BO LOC:28)
	at com.kms.katalon.core.main.ScriptEngine.run(ScriptEngine.java:194)
	at com.kms.katalon.core.main.ScriptEngine.runScriptAsRawText(ScriptEngine.java:119)
	at com.kms.katalon.core.main.TestCaseExecutor.runScript(TestCaseExecutor.java:448)
	at com.kms.katalon.core.main.TestCaseExecutor.doExecute(TestCaseExecutor.java:439)
	at com.kms.katalon.core.main.TestCaseExecutor.processExecutionPhase(TestCaseExecutor.java:418)
	at com.kms.katalon.core.main.TestCaseExecutor.accessMainPhase(TestCaseExecutor.java:410)
	at com.kms.katalon.core.main.TestCaseExecutor.execute(TestCaseExecutor.java:285)
	at com.kms.katalon.core.common.CommonExecutor.accessTestCaseMainPhase(CommonExecutor.java:65)
	at com.kms.katalon.core.main.TestSuiteExecutor.accessTestSuiteMainPhase(TestSuiteExecutor.java:150)
	at com.kms.katalon.core.main.TestSuiteExecutor.execute(TestSuiteExecutor.java:106)
	at com.kms.katalon.core.main.TestCaseMain.startTestSuite(TestCaseMain.java:180)
	at TempTestSuite1747539355497.run(TempTestSuite1747539355497.groovy:35)
	at java.base/jdk.internal.reflect.NativeMethodAccessorImpl.invoke0(Native Method)
	at java.base/jdk.internal.reflect.NativeMethodAccessorImpl.invoke(NativeMethodAccessorImpl.java:77)
	at java.base/jdk.internal.reflect.DelegatingMethodAccessorImpl.invoke(DelegatingMethodAccessorImpl.java:43)]]></system-err>
      </testcase>
      <testcase name="Test Cases/IPAPER APP/025 TRA VE TAI MAIN FILE_NHAP Y KIEN" time="122.495" classname="Test Cases/IPAPER APP/025 TRA VE TAI MAIN FILE_NHAP Y KIEN" status="PASSED">
         <system-out><![CDATA[18-05-2025T11:06:12 - [TEST_CASE][PASSED] - Test Cases/IPAPER APP/025 TRA VE TAI MAIN FILE_NHAP Y KIEN: Test Cases/IPAPER APP/025 TRA VE TAI MAIN FILE_NHAP Y KIEN

18-05-2025T11:06:12 - [TEST_STEP][PASSED] - Start listener action : beforeTest: drivers.Driver.openApp is PASSED

18-05-2025T11:06:12 - [TEST_STEP][PASSED] - DataTest.init(): null

18-05-2025T11:06:12 - [TEST_STEP][PASSED] - testCaseId = split("/").last(): null

18-05-2025T11:06:12 - [TEST_STEP][PASSED] - if (!(drivers.Driver.isAppiumRunning())): drivers.Driver.isAppiumRunning is PASSED

18-05-2025T11:06:12 - [MESSAGE][INFO] - Appium running: true

18-05-2025T11:06:12 - [MESSAGE][PASSED] - drivers.Driver.isAppiumRunning is PASSED

18-05-2025T11:06:12 - [TEST_STEP][PASSED] - if (driver == null || driver.getSessionId() == null): null

18-05-2025T11:06:12 - [TEST_STEP][PASSED] - drivers.Driver.openApp(): drivers.Driver.openApp is PASSED

18-05-2025T11:06:15 - [MESSAGE][PASSED] - drivers.Driver.openApp is PASSED

18-05-2025T11:06:15 - [TEST_STEP][PASSED] - REQUEST_NAME = "Trình ký PDF có sẵn": null

18-05-2025T11:06:15 - [TEST_STEP][PASSED] - COMMENT = "Commented by automaton test in case 25": null

18-05-2025T11:06:15 - [TEST_STEP][PASSED] - auto5 = DataTest.getUserTest("auto5"): null

18-05-2025T11:06:15 - [TEST_STEP][PASSED] - auto6 = DataTest.getUserTest("auto6"): null

18-05-2025T11:06:15 - [TEST_STEP][PASSED] - document = DataTest.createDocumentTest(auto5, auto6, null, "dummy.pdf", "dummy.pdf"): null

18-05-2025T11:06:15 - [TEST_STEP][PASSED] - loginScreen.login(auto5): null

18-05-2025T11:06:23 - [TEST_STEP][PASSED] - homeScreen.openRequestList(): null

18-05-2025T11:06:28 - [TEST_STEP][PASSED] - homeScreen.createRequest(REQUEST_NAME): null

18-05-2025T11:06:32 - [TEST_STEP][PASSED] - pdfSignScreen.fillInTitle(document.getTitle()): null

18-05-2025T11:06:34 - [TEST_STEP][PASSED] - pdfSignScreen.selectPriority(document.getPriority()): null

18-05-2025T11:06:36 - [TEST_STEP][PASSED] - pdfSignScreen.selectTime(document.getTime()): null

18-05-2025T11:06:39 - [TEST_STEP][PASSED] - pdfSignScreen.fillInDescription(document.getDescription()): null

18-05-2025T11:06:41 - [TEST_STEP][PASSED] - pdfSignScreen.selectAssigner(getAssigner().getEmail()): null

18-05-2025T11:06:47 - [TEST_STEP][PASSED] - pdfSignScreen.openMainFileBrowser(): null

18-05-2025T11:06:52 - [TEST_STEP][PASSED] - fileBrowserScreen.attachFile(document.getMainFileName()): null

18-05-2025T11:06:58 - [TEST_STEP][PASSED] - pdfSignScreen.openSubFileBrowser(): null

18-05-2025T11:07:01 - [TEST_STEP][PASSED] - fileBrowserScreen.attachFile(document.getSubFileName()): null

18-05-2025T11:07:07 - [TEST_STEP][PASSED] - pdfSignScreen.performAction(SEND_APPROVE): null

18-05-2025T11:07:11 - [TEST_STEP][PASSED] - pdfSignScreen.fillInOpinion(document.getComment()): null

18-05-2025T11:07:12 - [TEST_STEP][PASSED] - pdfSignScreen.submitRequest(): null

18-05-2025T11:07:19 - [TEST_STEP][PASSED] - documentInformationScreen.backToHome(): null

18-05-2025T11:07:20 - [TEST_STEP][PASSED] - homeScreen.logout(): null

18-05-2025T11:07:28 - [TEST_STEP][PASSED] - document.setStatus(WAIT_APPROVE): null

18-05-2025T11:07:28 - [TEST_STEP][PASSED] - loginScreen.login(auto6): null

18-05-2025T11:07:37 - [TEST_STEP][PASSED] - homeScreen.goToIncomingDocument(): null

18-05-2025T11:07:37 - [TEST_STEP][PASSED] - inComingDocument.viewMainFile(document): null

18-05-2025T11:07:38 - [TEST_STEP][PASSED] - documentInformationScreen.performAction(document, RETURN, COMMENT): null

18-05-2025T11:07:46 - [TEST_STEP][PASSED] - document.setSender(auto6): null

18-05-2025T11:07:46 - [TEST_STEP][PASSED] - documentInformationScreen.backToHome(): null

18-05-2025T11:07:48 - [TEST_STEP][PASSED] - inComingDocument.checkItemInDocument(): null

18-05-2025T11:07:48 - [TEST_STEP][PASSED] - homeScreen.goToOutComingDocument(): null

18-05-2025T11:07:57 - [TEST_STEP][PASSED] - outComingDocument.viewInformationDocument(document): null

18-05-2025T11:07:58 - [TEST_STEP][PASSED] - documentInformationScreen.checkDocumentTitle(document): Verify equals GUI: Trình ký 1747541175635 - DATA: Trình ký 1747541175635

18-05-2025T11:08:02 - [MESSAGE][PASSED] - Verify equals GUI: Trình ký 1747541175635 - DATA: Trình ký 1747541175635

18-05-2025T11:08:02 - [TEST_STEP][PASSED] - documentInformationScreen.checkSender(document): Verify equals GUI: Auto Test User 6 - DATA: Auto Test User 6

18-05-2025T11:08:03 - [MESSAGE][PASSED] - Verify equals GUI: Auto Test User 6 - DATA: Auto Test User 6

18-05-2025T11:08:03 - [TEST_STEP][PASSED] - documentInformationScreen.checkStatus(document): Verify equals GUI: Chờ bổ sung hồ sơ - DATA: Chờ bổ sung hồ sơ

18-05-2025T11:08:03 - [MESSAGE][PASSED] - Verify equals GUI: Chờ bổ sung hồ sơ - DATA: Chờ bổ sung hồ sơ

18-05-2025T11:08:03 - [TEST_STEP][PASSED] - documentInformationScreen.checkCreateDate(): Verify equals GUI: 18/05/2025 - DATA: 18/05/2025

18-05-2025T11:08:03 - [MESSAGE][PASSED] - Verify equals GUI: 18/05/2025 - DATA: 18/05/2025

18-05-2025T11:08:03 - [TEST_STEP][PASSED] - documentInformationScreen.checkFinishDate(document): Verify equals GUI: 19/05/2025 - DATA: 19/05/2025

18-05-2025T11:08:03 - [MESSAGE][PASSED] - Verify equals GUI: 19/05/2025 - DATA: 19/05/2025

18-05-2025T11:08:03 - [TEST_STEP][PASSED] - documentInformationScreen.checkPriority(document): Verify equals GUI: Bình thường - DATA: Bình thường

18-05-2025T11:08:03 - [MESSAGE][PASSED] - Verify equals GUI: Bình thường - DATA: Bình thường

18-05-2025T11:08:03 - [TEST_STEP][PASSED] - documentInformationScreen.isAssignerDisplayed(): Check sender not displayed

18-05-2025T11:08:06 - [MESSAGE][PASSED] - Check sender not displayed

18-05-2025T11:08:06 - [TEST_STEP][PASSED] - documentInformationScreen.checkDescription(document): Verify equals GUI: 025 TRA VE TAI MAIN FILE_NHAP Y KIEN - DATA: 025 TRA VE TAI MAIN FILE_NHAP Y KIEN

18-05-2025T11:08:06 - [MESSAGE][PASSED] - Verify equals GUI: 025 TRA VE TAI MAIN FILE_NHAP Y KIEN - DATA: 025 TRA VE TAI MAIN FILE_NHAP Y KIEN

18-05-2025T11:08:06 - [TEST_STEP][PASSED] - documentInformationScreen.checkPresentFileName(document): Verify contains GUI: dummy_20250518110734.ozd - DATA: dummy

18-05-2025T11:08:07 - [MESSAGE][PASSED] - Verify contains GUI: dummy_20250518110734.ozd - DATA: dummy

18-05-2025T11:08:07 - [TEST_STEP][PASSED] - documentInformationScreen.checkAttachFileName(document): Expected true condition

18-05-2025T11:08:09 - [MESSAGE][PASSED] - Expected true condition

18-05-2025T11:08:09 - [TEST_STEP][PASSED] - documentInformationScreen.checkComment(auto6, COMMENT): Check comment of Auto Test User 6 is Commented by automaton test in case 25

18-05-2025T11:08:10 - [MESSAGE][INFO] - GUI COMMENT: Commented by automaton test in case 25 - DATA COMMENT: Commented by automaton test in case 25

18-05-2025T11:08:10 - [MESSAGE][PASSED] - Check comment of Auto Test User 6 is Commented by automaton test in case 25

18-05-2025T11:08:10 - [TEST_STEP][PASSED] - documentInformationScreen.backToHome(): null

18-05-2025T11:08:14 - [TEST_STEP][PASSED] - inComingDocument.checkItemInDocument(): null

18-05-2025T11:08:14 - [TEST_STEP][PASSED] - Start listener action : afterTest: null

18-05-2025T11:08:14 - [TEST_STEP][PASSED] - if (testCaseStatus != "PASSED"): null

18-05-2025T11:08:14 - [TEST_STEP][PASSED] - drivers.Driver.closeApp(): drivers.Driver.closeApp is PASSED

18-05-2025T11:08:15 - [MESSAGE][PASSED] - drivers.Driver.closeApp is PASSED

18-05-2025T11:08:15 - [TEST_STEP][PASSED] - if (tsContext == null): null]]></system-out>
         <system-err><![CDATA[]]></system-err>
      </testcase>
      <testcase name="Test Cases/IPAPER APP/003 TAO YEU CAU KHONG CO ASSIGNER" time="182.313" classname="Test Cases/IPAPER APP/003 TAO YEU CAU KHONG CO ASSIGNER" status="PASSED">
         <system-out><![CDATA[18-05-2025T11:08:15 - [TEST_CASE][PASSED] - Test Cases/IPAPER APP/003 TAO YEU CAU KHONG CO ASSIGNER: Test Cases/IPAPER APP/003 TAO YEU CAU KHONG CO ASSIGNER

18-05-2025T11:08:15 - [TEST_STEP][PASSED] - Start listener action : beforeTest: drivers.Driver.openApp is PASSED

18-05-2025T11:08:15 - [TEST_STEP][PASSED] - DataTest.init(): null

18-05-2025T11:08:15 - [TEST_STEP][PASSED] - testCaseId = split("/").last(): null

18-05-2025T11:08:15 - [TEST_STEP][PASSED] - if (!(drivers.Driver.isAppiumRunning())): drivers.Driver.isAppiumRunning is PASSED

18-05-2025T11:08:15 - [MESSAGE][INFO] - Appium running: true

18-05-2025T11:08:15 - [MESSAGE][PASSED] - drivers.Driver.isAppiumRunning is PASSED

18-05-2025T11:08:15 - [TEST_STEP][PASSED] - if (driver == null || driver.getSessionId() == null): null

18-05-2025T11:08:15 - [TEST_STEP][PASSED] - drivers.Driver.openApp(): drivers.Driver.openApp is PASSED

18-05-2025T11:08:18 - [MESSAGE][PASSED] - drivers.Driver.openApp is PASSED

18-05-2025T11:08:18 - [TEST_STEP][PASSED] - REQUEST_NAME = "Trình ký PDF có sẵn": null

18-05-2025T11:08:18 - [TEST_STEP][PASSED] - STATUS = "Đang đợi xử lý": null

18-05-2025T11:08:18 - [TEST_STEP][PASSED] - TO_DAY = SimpleDateFormat(dd/MM/yyyy).format(new java.util.Date()): null

18-05-2025T11:08:18 - [TEST_STEP][PASSED] - ERROR_MESSAGE = "Vui lòng nhập Email người nhận": null

18-05-2025T11:08:18 - [TEST_STEP][PASSED] - documentTitle = "Trình ký " + System.currentTimeMillis(): null

18-05-2025T11:08:18 - [TEST_STEP][PASSED] - auto5 = DataTest.getUserTest("auto5"): null

18-05-2025T11:08:18 - [TEST_STEP][PASSED] - auto6 = DataTest.getUserTest("auto6"): null

18-05-2025T11:08:18 - [TEST_STEP][PASSED] - auto7 = DataTest.getUserTest("auto7"): null

18-05-2025T11:08:18 - [TEST_STEP][PASSED] - document = DataTest.createDocumentTest(auto5, auto6, auto7, "dummy.pdf", "dummy.pdf"): null

18-05-2025T11:08:18 - [TEST_STEP][PASSED] - loginScreen.login(auto5): null

18-05-2025T11:08:25 - [TEST_STEP][PASSED] - homeScreen.openRequestList(): null

18-05-2025T11:08:30 - [TEST_STEP][PASSED] - homeScreen.createRequest(REQUEST_NAME): null

18-05-2025T11:08:34 - [TEST_STEP][PASSED] - pdfSignScreen.fillInTitle(title): null

18-05-2025T11:08:36 - [TEST_STEP][PASSED] - pdfSignScreen.selectPriority(priority): null

18-05-2025T11:08:39 - [TEST_STEP][PASSED] - pdfSignScreen.selectTime(time): null

18-05-2025T11:08:41 - [TEST_STEP][PASSED] - pdfSignScreen.fillInDescription(description): null

18-05-2025T11:08:43 - [TEST_STEP][PASSED] - pdfSignScreen.selectAssigner(getAssigner().getEmail()): null

18-05-2025T11:08:48 - [TEST_STEP][PASSED] - pdfSignScreen.openMainFileBrowser(): null

18-05-2025T11:08:53 - [TEST_STEP][PASSED] - fileBrowserScreen.attachFile(mainFileName): null

18-05-2025T11:08:59 - [TEST_STEP][PASSED] - pdfSignScreen.openSubFileBrowser(): null

18-05-2025T11:09:01 - [TEST_STEP][PASSED] - fileBrowserScreen.attachFile(subFileName): null

18-05-2025T11:09:07 - [TEST_STEP][PASSED] - pdfSignScreen.selectRelatedMember(getCc().getEmail()): null

18-05-2025T11:09:14 - [TEST_STEP][PASSED] - pdfSignScreen.performAction(SEND_APPROVE): null

18-05-2025T11:09:17 - [TEST_STEP][PASSED] - document.setStatus(WAIT_APPROVE): null

18-05-2025T11:09:17 - [TEST_STEP][PASSED] - pdfSignScreen.fillInOpinion(document.getComment()): null

18-05-2025T11:09:18 - [TEST_STEP][PASSED] - pdfSignScreen.submitRequest(): null

18-05-2025T11:09:25 - [TEST_STEP][PASSED] - documentInformationScreen.backToHome(): null

18-05-2025T11:09:26 - [TEST_STEP][PASSED] - homeScreen.goToOutComingDocument(): null

18-05-2025T11:09:35 - [TEST_STEP][PASSED] - outComingDocument.viewInformationDocument(document): null

18-05-2025T11:09:36 - [TEST_STEP][PASSED] - documentInformationScreen.checkDocumentTitle(document): Verify equals GUI: Trình ký 1747541298128 - DATA: Trình ký 1747541298128

18-05-2025T11:09:42 - [MESSAGE][PASSED] - Verify equals GUI: Trình ký 1747541298128 - DATA: Trình ký 1747541298128

18-05-2025T11:09:42 - [TEST_STEP][PASSED] - documentInformationScreen.checkSender(document): Verify equals GUI: Auto Test User 5 - DATA: Auto Test User 5

18-05-2025T11:09:42 - [MESSAGE][PASSED] - Verify equals GUI: Auto Test User 5 - DATA: Auto Test User 5

18-05-2025T11:09:42 - [TEST_STEP][PASSED] - documentInformationScreen.checkStatus(document): Verify equals GUI: Chờ giám sát phê duyệt - DATA: Chờ giám sát phê duyệt

18-05-2025T11:09:42 - [MESSAGE][PASSED] - Verify equals GUI: Chờ giám sát phê duyệt - DATA: Chờ giám sát phê duyệt

18-05-2025T11:09:42 - [TEST_STEP][PASSED] - documentInformationScreen.checkFinishDate(document): Verify equals GUI: 19/05/2025 - DATA: 19/05/2025

18-05-2025T11:09:42 - [MESSAGE][PASSED] - Verify equals GUI: 19/05/2025 - DATA: 19/05/2025

18-05-2025T11:09:42 - [TEST_STEP][PASSED] - documentInformationScreen.checkPriority(document): Verify equals GUI: Bình thường - DATA: Bình thường

18-05-2025T11:09:43 - [MESSAGE][PASSED] - Verify equals GUI: Bình thường - DATA: Bình thường

18-05-2025T11:09:43 - [TEST_STEP][PASSED] - documentInformationScreen.checkDescription(document): Verify equals GUI: 003 TAO YEU CAU KHONG CO ASSIGNER - DATA: 003 TAO YEU CAU KHONG CO ASSIGNER

18-05-2025T11:09:43 - [MESSAGE][PASSED] - Verify equals GUI: 003 TAO YEU CAU KHONG CO ASSIGNER - DATA: 003 TAO YEU CAU KHONG CO ASSIGNER

18-05-2025T11:09:43 - [TEST_STEP][PASSED] - documentInformationScreen.checkAssigner(document): Verify contains GUI: auto6@hdbank.com.vn - DATA: auto6@hdbank.com.vn

18-05-2025T11:09:45 - [MESSAGE][PASSED] - Verify contains GUI: auto6@hdbank.com.vn - DATA: auto6@hdbank.com.vn

18-05-2025T11:09:45 - [TEST_STEP][PASSED] - documentInformationScreen.checkPresentFileName(document): Verify contains GUI: dummy_20250518110935.ozd - DATA: dummy

18-05-2025T11:09:46 - [MESSAGE][PASSED] - Verify contains GUI: dummy_20250518110935.ozd - DATA: dummy

18-05-2025T11:09:46 - [TEST_STEP][PASSED] - documentInformationScreen.checkAttachFileName(document): Expected true condition

18-05-2025T11:09:47 - [MESSAGE][PASSED] - Expected true condition

18-05-2025T11:09:47 - [TEST_STEP][PASSED] - documentInformationScreen.backToHome(): null

18-05-2025T11:09:52 - [TEST_STEP][PASSED] - outComingDocument.checkItemInDocument(): null

18-05-2025T11:09:52 - [TEST_STEP][PASSED] - homeScreen.logout(): null

18-05-2025T11:10:00 - [TEST_STEP][PASSED] - document.setAssigner(auto5): null

18-05-2025T11:10:00 - [TEST_STEP][PASSED] - loginScreen.login(auto6): null

18-05-2025T11:10:09 - [TEST_STEP][PASSED] - homeScreen.goToIncomingDocument(): null

18-05-2025T11:10:09 - [TEST_STEP][PASSED] - inComingDocument.viewInformationDocument(document): View document Trình ký 1747541298128

18-05-2025T11:10:09 - [MESSAGE][INFO] - View document Trình ký 1747541298128

18-05-2025T11:10:14 - [TEST_STEP][PASSED] - documentInformationScreen.checkDocumentTitle(document): Verify equals GUI: Trình ký 1747541298128 - DATA: Trình ký 1747541298128

18-05-2025T11:10:14 - [MESSAGE][PASSED] - Verify equals GUI: Trình ký 1747541298128 - DATA: Trình ký 1747541298128

18-05-2025T11:10:14 - [TEST_STEP][PASSED] - documentInformationScreen.checkSender(document): Verify equals GUI: Auto Test User 5 - DATA: Auto Test User 5

18-05-2025T11:10:15 - [MESSAGE][PASSED] - Verify equals GUI: Auto Test User 5 - DATA: Auto Test User 5

18-05-2025T11:10:15 - [TEST_STEP][PASSED] - documentInformationScreen.checkStatus(document): Verify equals GUI: Chờ giám sát phê duyệt - DATA: Chờ giám sát phê duyệt

18-05-2025T11:10:15 - [MESSAGE][PASSED] - Verify equals GUI: Chờ giám sát phê duyệt - DATA: Chờ giám sát phê duyệt

18-05-2025T11:10:15 - [TEST_STEP][PASSED] - documentInformationScreen.checkFinishDate(document): Verify equals GUI: 19/05/2025 - DATA: 19/05/2025

18-05-2025T11:10:15 - [MESSAGE][PASSED] - Verify equals GUI: 19/05/2025 - DATA: 19/05/2025

18-05-2025T11:10:15 - [TEST_STEP][PASSED] - documentInformationScreen.checkPriority(document): Verify equals GUI: Bình thường - DATA: Bình thường

18-05-2025T11:10:15 - [MESSAGE][PASSED] - Verify equals GUI: Bình thường - DATA: Bình thường

18-05-2025T11:10:15 - [TEST_STEP][PASSED] - documentInformationScreen.checkDescription(document): Verify equals GUI: 003 TAO YEU CAU KHONG CO ASSIGNER - DATA: 003 TAO YEU CAU KHONG CO ASSIGNER

18-05-2025T11:10:15 - [MESSAGE][PASSED] - Verify equals GUI: 003 TAO YEU CAU KHONG CO ASSIGNER - DATA: 003 TAO YEU CAU KHONG CO ASSIGNER

18-05-2025T11:10:15 - [TEST_STEP][PASSED] - documentInformationScreen.checkAssigner(document): Verify contains GUI: auto5@hdbank.com.vn - DATA: auto5@hdbank.com.vn

18-05-2025T11:10:16 - [MESSAGE][PASSED] - Verify contains GUI: auto5@hdbank.com.vn - DATA: auto5@hdbank.com.vn

18-05-2025T11:10:16 - [TEST_STEP][PASSED] - documentInformationScreen.checkPresentFileName(document): Verify contains GUI: dummy_20250518110935.ozd - DATA: dummy

18-05-2025T11:10:17 - [MESSAGE][PASSED] - Verify contains GUI: dummy_20250518110935.ozd - DATA: dummy

18-05-2025T11:10:17 - [TEST_STEP][PASSED] - documentInformationScreen.checkAttachFileName(document): Expected true condition

18-05-2025T11:10:19 - [MESSAGE][PASSED] - Expected true condition

18-05-2025T11:10:19 - [TEST_STEP][PASSED] - documentInformationScreen.backToHome(): null

18-05-2025T11:10:24 - [TEST_STEP][PASSED] - inComingDocument.checkItemInDocument(): null

18-05-2025T11:10:24 - [TEST_STEP][PASSED] - homeScreen.logout(): null

18-05-2025T11:10:31 - [TEST_STEP][PASSED] - document.setAssigner(auto6): null

18-05-2025T11:10:31 - [TEST_STEP][PASSED] - loginScreen.login(auto7): null

18-05-2025T11:10:40 - [TEST_STEP][PASSED] - homeScreen.goToIncomingDocument(): null

18-05-2025T11:10:40 - [TEST_STEP][PASSED] - inComingDocument.goToRelatedDocument(): null

18-05-2025T11:10:41 - [TEST_STEP][PASSED] - relatedDocumentScreen.viewInformationDocument(document): null

18-05-2025T11:10:50 - [TEST_STEP][PASSED] - documentInformationScreen.checkDocumentTitle(document): Verify equals GUI: Trình ký 1747541298128 - DATA: Trình ký 1747541298128

18-05-2025T11:10:56 - [MESSAGE][PASSED] - Verify equals GUI: Trình ký 1747541298128 - DATA: Trình ký 1747541298128

18-05-2025T11:10:56 - [TEST_STEP][PASSED] - documentInformationScreen.checkSender(document): Verify equals GUI: Auto Test User 5 - DATA: Auto Test User 5

18-05-2025T11:10:56 - [MESSAGE][PASSED] - Verify equals GUI: Auto Test User 5 - DATA: Auto Test User 5

18-05-2025T11:10:56 - [TEST_STEP][PASSED] - documentInformationScreen.checkStatus(document): Verify equals GUI: Chờ giám sát phê duyệt - DATA: Chờ giám sát phê duyệt

18-05-2025T11:10:56 - [MESSAGE][PASSED] - Verify equals GUI: Chờ giám sát phê duyệt - DATA: Chờ giám sát phê duyệt

18-05-2025T11:10:56 - [TEST_STEP][PASSED] - documentInformationScreen.checkFinishDate(document): Verify equals GUI: 19/05/2025 - DATA: 19/05/2025

18-05-2025T11:10:56 - [MESSAGE][PASSED] - Verify equals GUI: 19/05/2025 - DATA: 19/05/2025

18-05-2025T11:10:56 - [TEST_STEP][PASSED] - documentInformationScreen.checkPriority(document): Verify equals GUI: Bình thường - DATA: Bình thường

18-05-2025T11:10:56 - [MESSAGE][PASSED] - Verify equals GUI: Bình thường - DATA: Bình thường

18-05-2025T11:10:56 - [TEST_STEP][PASSED] - documentInformationScreen.checkDescription(document): Verify equals GUI: 003 TAO YEU CAU KHONG CO ASSIGNER - DATA: 003 TAO YEU CAU KHONG CO ASSIGNER

18-05-2025T11:10:56 - [MESSAGE][PASSED] - Verify equals GUI: 003 TAO YEU CAU KHONG CO ASSIGNER - DATA: 003 TAO YEU CAU KHONG CO ASSIGNER

18-05-2025T11:10:56 - [TEST_STEP][PASSED] - documentInformationScreen.checkAssigner(document): Verify contains GUI: auto6@hdbank.com.vn - DATA: auto6@hdbank.com.vn

18-05-2025T11:10:57 - [MESSAGE][PASSED] - Verify contains GUI: auto6@hdbank.com.vn - DATA: auto6@hdbank.com.vn

18-05-2025T11:10:57 - [TEST_STEP][PASSED] - documentInformationScreen.checkPresentFileName(document): Verify contains GUI: dummy_20250518110935.ozd - DATA: dummy

18-05-2025T11:10:58 - [MESSAGE][PASSED] - Verify contains GUI: dummy_20250518110935.ozd - DATA: dummy

18-05-2025T11:10:58 - [TEST_STEP][PASSED] - documentInformationScreen.checkAttachFileName(document): Expected true condition

18-05-2025T11:11:01 - [MESSAGE][PASSED] - Expected true condition

18-05-2025T11:11:01 - [TEST_STEP][PASSED] - documentInformationScreen.checkUserCannotEditDocument(): Check user can not edit document

18-05-2025T11:11:12 - [MESSAGE][PASSED] - Check user can not edit document

18-05-2025T11:11:12 - [TEST_STEP][PASSED] - documentInformationScreen.backToHome(): null

18-05-2025T11:11:17 - [TEST_STEP][PASSED] - Start listener action : afterTest: null

18-05-2025T11:11:17 - [TEST_STEP][PASSED] - if (testCaseStatus != "PASSED"): null

18-05-2025T11:11:17 - [TEST_STEP][PASSED] - drivers.Driver.closeApp(): drivers.Driver.closeApp is PASSED

18-05-2025T11:11:17 - [MESSAGE][PASSED] - drivers.Driver.closeApp is PASSED

18-05-2025T11:11:17 - [TEST_STEP][PASSED] - if (tsContext == null): null]]></system-out>
         <system-err><![CDATA[]]></system-err>
      </testcase>
      <testcase name="Test Cases/IPAPER APP/045 TAI FILE TAI CHI TIET HO SO_HO SO DI" time="118.56" classname="Test Cases/IPAPER APP/045 TAI FILE TAI CHI TIET HO SO_HO SO DI" status="ERROR">
         <error type="ERROR" message="Test Cases/IPAPER APP/045 TAI FILE TAI CHI TIET HO SO_HO SO DI FAILED.&#xa;Reason:&#xa;org.openqa.selenium.WebDriverException: An unknown server-side error occurred while processing the command. Original error: Timed out after 15554ms waiting for the root AccessibilityNodeInfo in the active window. Make sure the active window is not constantly hogging the main UI thread (e.g. the application is being idle long enough), so the accessibility manager could do its work&#xa;Build info: version: '3.141.59', revision: 'unknown', time: 'unknown'&#xa;System info: host: '192.168.1.4.non-exists.ptr.local', ip: '2402:800:63f2:b9ce:1859:4296:77a1:a88d%en0', os.name: 'Mac OS X', os.arch: 'aarch64', os.version: '15.4.1', java.version: '17.0.7'&#xa;Driver info: com.kms.katalon.core.appium.driver.SwipeableAndroidDriver&#xa;Capabilities {automationName: UiAutomator2, databaseEnabled: false, desired: {automationName: UiAutomator2, deviceName: af0c5cf7, noReset: true, platformName: android, waitForIdleTimeout: 3000}, deviceApiLevel: 35, deviceManufacturer: OPPO, deviceModel: CPH2699, deviceName: af0c5cf7, deviceScreenDensity: 480, deviceScreenSize: 1080x2400, deviceUDID: af0c5cf7, javascriptEnabled: true, locationContextEnabled: false, networkConnectionEnabled: true, noReset: true, pixelRatio: 3, platform: LINUX, platformName: Android, platformVersion: 15, statBarHeight: 120, takesScreenshot: true, viewportRect: {height: 2280, left: 0, top: 120, width: 1080}, waitForIdleTimeout: 3000, warnings: {}, webStorageEnabled: false}&#xa;Session ID: 3304c37f-648b-4099-8110-a9bd3d735cc7&#xa;*** Element info: {Using=id, value=com.hdbank.ipaper:id/fab}&#xa;	at java.base/jdk.internal.reflect.NativeConstructorAccessorImpl.newInstance0(Native Method)&#xa;	at java.base/jdk.internal.reflect.NativeConstructorAccessorImpl.newInstance(NativeConstructorAccessorImpl.java:77)&#xa;	at java.base/jdk.internal.reflect.DelegatingConstructorAccessorImpl.newInstance(DelegatingConstructorAccessorImpl.java:45)&#xa;	at org.openqa.selenium.remote.http.W3CHttpResponseCodec.createException(W3CHttpResponseCodec.java:187)&#xa;	at org.openqa.selenium.remote.http.W3CHttpResponseCodec.decode(W3CHttpResponseCodec.java:122)&#xa;	at org.openqa.selenium.remote.http.W3CHttpResponseCodec.decode(W3CHttpResponseCodec.java:49)&#xa;	at org.openqa.selenium.remote.HttpCommandExecutor.execute(HttpCommandExecutor.java:158)&#xa;	at io.appium.java_client.remote.AppiumCommandExecutor.execute(AppiumCommandExecutor.java:239)&#xa;	at org.openqa.selenium.remote.RemoteWebDriver.execute(RemoteWebDriver.java:552)&#xa;	at io.appium.java_client.DefaultGenericMobileDriver.execute(DefaultGenericMobileDriver.java:42)&#xa;	at io.appium.java_client.AppiumDriver.execute(AppiumDriver.java:1)&#xa;	at io.appium.java_client.android.AndroidDriver.execute(AndroidDriver.java:1)&#xa;	at com.kms.katalon.core.appium.driver.SwipeableAndroidDriver.execute(SwipeableAndroidDriver.java:1)&#xa;	at org.openqa.selenium.remote.RemoteWebDriver.findElements(RemoteWebDriver.java:353)&#xa;	at io.appium.java_client.DefaultGenericMobileDriver.findElements(DefaultGenericMobileDriver.java:54)&#xa;	at io.appium.java_client.AppiumDriver.findElements(AppiumDriver.java:152)&#xa;	at org.openqa.selenium.remote.RemoteWebDriver.findElementsById(RemoteWebDriver.java:376)&#xa;	at io.appium.java_client.DefaultGenericMobileDriver.findElementsById(DefaultGenericMobileDriver.java:66)&#xa;	at io.appium.java_client.AppiumDriver.findElementsById(AppiumDriver.java:156)&#xa;	at org.openqa.selenium.By$ById.findElements(By.java:180)&#xa;	at org.openqa.selenium.remote.RemoteWebDriver.findElements(RemoteWebDriver.java:311)&#xa;	at io.appium.java_client.DefaultGenericMobileDriver.findElements(DefaultGenericMobileDriver.java:50)&#xa;	at io.appium.java_client.AppiumDriver.findElements(AppiumDriver.java:148)&#xa;	at base.BaseKeyword$Trait$Helper$_waitForPresentOf_closure1.doCall(BaseKeyword.groovy:253)&#xa;	at jdk.internal.reflect.GeneratedMethodAccessor8.invoke(Unknown Source)&#xa;	at java.base/jdk.internal.reflect.DelegatingMethodAccessorImpl.invoke(DelegatingMethodAccessorImpl.java:43)&#xa;	at jdk.proxy2/jdk.proxy2.$Proxy34.apply(Unknown Source)&#xa;	at org.openqa.selenium.support.ui.FluentWait.until(FluentWait.java:249)&#xa;	at base.BaseKeyword$Trait$Helper.waitForPresentOf(BaseKeyword.groovy:252)&#xa;	at screens.DocumentInformationScreen.waitForPresentOf(DocumentInformationScreen.groovy)&#xa;	at screens.DocumentInformationScreen.downloadFile(DocumentInformationScreen.groovy:310)&#xa;	at 045 TAI FILE TAI CHI TIET HO SO_HO SO DI.run(045 TAI FILE TAI CHI TIET HO SO_HO SO DI:53)&#xa;	at com.kms.katalon.core.main.ScriptEngine.run(ScriptEngine.java:194)&#xa;	at com.kms.katalon.core.main.ScriptEngine.runScriptAsRawText(ScriptEngine.java:119)&#xa;	at com.kms.katalon.core.main.TestCaseExecutor.runScript(TestCaseExecutor.java:448)&#xa;	at com.kms.katalon.core.main.TestCaseExecutor.doExecute(TestCaseExecutor.java:439)&#xa;	at com.kms.katalon.core.main.TestCaseExecutor.processExecutionPhase(TestCaseExecutor.java:418)&#xa;	at com.kms.katalon.core.main.TestCaseExecutor.accessMainPhase(TestCaseExecutor.java:410)&#xa;	at com.kms.katalon.core.main.TestCaseExecutor.execute(TestCaseExecutor.java:285)&#xa;	at com.kms.katalon.core.common.CommonExecutor.accessTestCaseMainPhase(CommonExecutor.java:65)&#xa;	at com.kms.katalon.core.main.TestSuiteExecutor.accessTestSuiteMainPhase(TestSuiteExecutor.java:150)&#xa;	at com.kms.katalon.core.main.TestSuiteExecutor.execute(TestSuiteExecutor.java:106)&#xa;	at com.kms.katalon.core.main.TestCaseMain.startTestSuite(TestCaseMain.java:180)&#xa;	at TempTestSuite1747539355497.run(TempTestSuite1747539355497.groovy:35)&#xa;	at java.base/jdk.internal.reflect.NativeMethodAccessorImpl.invoke0(Native Method)&#xa;	at java.base/jdk.internal.reflect.NativeMethodAccessorImpl.invoke(NativeMethodAccessorImpl.java:77)&#xa;	at java.base/jdk.internal.reflect.DelegatingMethodAccessorImpl.invoke(DelegatingMethodAccessorImpl.java:43)&#xa;"/>
         <system-out><![CDATA[18-05-2025T11:11:17 - [TEST_CASE][ERROR] - Test Cases/IPAPER APP/045 TAI FILE TAI CHI TIET HO SO_HO SO DI: Test Cases/IPAPER APP/045 TAI FILE TAI CHI TIET HO SO_HO SO DI FAILED.
Reason:
org.openqa.selenium.WebDriverException: An unknown server-side error occurred while processing the command. Original error: Timed out after 15554ms waiting for the root AccessibilityNodeInfo in the active window. Make sure the active window is not constantly hogging the main UI thread (e.g. the application is being idle long enough), so the accessibility manager could do its work
Build info: version: '3.141.59', revision: 'unknown', time: 'unknown'
System info: host: '192.168.1.4.non-exists.ptr.local', ip: '2402:800:63f2:b9ce:1859:4296:77a1:a88d%en0', os.name: 'Mac OS X', os.arch: 'aarch64', os.version: '15.4.1', java.version: '17.0.7'
Driver info: com.kms.katalon.core.appium.driver.SwipeableAndroidDriver
Capabilities {automationName: UiAutomator2, databaseEnabled: false, desired: {automationName: UiAutomator2, deviceName: af0c5cf7, noReset: true, platformName: android, waitForIdleTimeout: 3000}, deviceApiLevel: 35, deviceManufacturer: OPPO, deviceModel: CPH2699, deviceName: af0c5cf7, deviceScreenDensity: 480, deviceScreenSize: 1080x2400, deviceUDID: af0c5cf7, javascriptEnabled: true, locationContextEnabled: false, networkConnectionEnabled: true, noReset: true, pixelRatio: 3, platform: LINUX, platformName: Android, platformVersion: 15, statBarHeight: 120, takesScreenshot: true, viewportRect: {height: 2280, left: 0, top: 120, width: 1080}, waitForIdleTimeout: 3000, warnings: {}, webStorageEnabled: false}
Session ID: 3304c37f-648b-4099-8110-a9bd3d735cc7
*** Element info: {Using=id, value=com.hdbank.ipaper:id/fab}
	at java.base/jdk.internal.reflect.NativeConstructorAccessorImpl.newInstance0(Native Method)
	at java.base/jdk.internal.reflect.NativeConstructorAccessorImpl.newInstance(NativeConstructorAccessorImpl.java:77)
	at java.base/jdk.internal.reflect.DelegatingConstructorAccessorImpl.newInstance(DelegatingConstructorAccessorImpl.java:45)
	at org.openqa.selenium.remote.http.W3CHttpResponseCodec.createException(W3CHttpResponseCodec.java:187)
	at org.openqa.selenium.remote.http.W3CHttpResponseCodec.decode(W3CHttpResponseCodec.java:122)
	at org.openqa.selenium.remote.http.W3CHttpResponseCodec.decode(W3CHttpResponseCodec.java:49)
	at org.openqa.selenium.remote.HttpCommandExecutor.execute(HttpCommandExecutor.java:158)
	at io.appium.java_client.remote.AppiumCommandExecutor.execute(AppiumCommandExecutor.java:239)
	at org.openqa.selenium.remote.RemoteWebDriver.execute(RemoteWebDriver.java:552)
	at io.appium.java_client.DefaultGenericMobileDriver.execute(DefaultGenericMobileDriver.java:42)
	at io.appium.java_client.AppiumDriver.execute(AppiumDriver.java:1)
	at io.appium.java_client.android.AndroidDriver.execute(AndroidDriver.java:1)
	at com.kms.katalon.core.appium.driver.SwipeableAndroidDriver.execute(SwipeableAndroidDriver.java:1)
	at org.openqa.selenium.remote.RemoteWebDriver.findElements(RemoteWebDriver.java:353)
	at io.appium.java_client.DefaultGenericMobileDriver.findElements(DefaultGenericMobileDriver.java:54)
	at io.appium.java_client.AppiumDriver.findElements(AppiumDriver.java:152)
	at org.openqa.selenium.remote.RemoteWebDriver.findElementsById(RemoteWebDriver.java:376)
	at io.appium.java_client.DefaultGenericMobileDriver.findElementsById(DefaultGenericMobileDriver.java:66)
	at io.appium.java_client.AppiumDriver.findElementsById(AppiumDriver.java:156)
	at org.openqa.selenium.By$ById.findElements(By.java:180)
	at org.openqa.selenium.remote.RemoteWebDriver.findElements(RemoteWebDriver.java:311)
	at io.appium.java_client.DefaultGenericMobileDriver.findElements(DefaultGenericMobileDriver.java:50)
	at io.appium.java_client.AppiumDriver.findElements(AppiumDriver.java:148)
	at base.BaseKeyword$Trait$Helper$_waitForPresentOf_closure1.doCall(BaseKeyword.groovy:253)
	at jdk.internal.reflect.GeneratedMethodAccessor8.invoke(Unknown Source)
	at java.base/jdk.internal.reflect.DelegatingMethodAccessorImpl.invoke(DelegatingMethodAccessorImpl.java:43)
	at jdk.proxy2/jdk.proxy2.$Proxy34.apply(Unknown Source)
	at org.openqa.selenium.support.ui.FluentWait.until(FluentWait.java:249)
	at base.BaseKeyword$Trait$Helper.waitForPresentOf(BaseKeyword.groovy:252)
	at screens.DocumentInformationScreen.waitForPresentOf(DocumentInformationScreen.groovy)
	at screens.DocumentInformationScreen.downloadFile(DocumentInformationScreen.groovy:310)
	at 045 TAI FILE TAI CHI TIET HO SO_HO SO DI.run(045 TAI FILE TAI CHI TIET HO SO_HO SO DI:53)
	at com.kms.katalon.core.main.ScriptEngine.run(ScriptEngine.java:194)
	at com.kms.katalon.core.main.ScriptEngine.runScriptAsRawText(ScriptEngine.java:119)
	at com.kms.katalon.core.main.TestCaseExecutor.runScript(TestCaseExecutor.java:448)
	at com.kms.katalon.core.main.TestCaseExecutor.doExecute(TestCaseExecutor.java:439)
	at com.kms.katalon.core.main.TestCaseExecutor.processExecutionPhase(TestCaseExecutor.java:418)
	at com.kms.katalon.core.main.TestCaseExecutor.accessMainPhase(TestCaseExecutor.java:410)
	at com.kms.katalon.core.main.TestCaseExecutor.execute(TestCaseExecutor.java:285)
	at com.kms.katalon.core.common.CommonExecutor.accessTestCaseMainPhase(CommonExecutor.java:65)
	at com.kms.katalon.core.main.TestSuiteExecutor.accessTestSuiteMainPhase(TestSuiteExecutor.java:150)
	at com.kms.katalon.core.main.TestSuiteExecutor.execute(TestSuiteExecutor.java:106)
	at com.kms.katalon.core.main.TestCaseMain.startTestSuite(TestCaseMain.java:180)
	at TempTestSuite1747539355497.run(TempTestSuite1747539355497.groovy:35)
	at java.base/jdk.internal.reflect.NativeMethodAccessorImpl.invoke0(Native Method)
	at java.base/jdk.internal.reflect.NativeMethodAccessorImpl.invoke(NativeMethodAccessorImpl.java:77)
	at java.base/jdk.internal.reflect.DelegatingMethodAccessorImpl.invoke(DelegatingMethodAccessorImpl.java:43)


18-05-2025T11:11:17 - [TEST_STEP][PASSED] - Start listener action : beforeTest: drivers.Driver.openApp is PASSED

18-05-2025T11:11:17 - [TEST_STEP][PASSED] - DataTest.init(): null

18-05-2025T11:11:17 - [TEST_STEP][PASSED] - testCaseId = split("/").last(): null

18-05-2025T11:11:17 - [TEST_STEP][PASSED] - if (!(drivers.Driver.isAppiumRunning())): drivers.Driver.isAppiumRunning is PASSED

18-05-2025T11:11:17 - [MESSAGE][INFO] - Appium running: true

18-05-2025T11:11:17 - [MESSAGE][PASSED] - drivers.Driver.isAppiumRunning is PASSED

18-05-2025T11:11:17 - [TEST_STEP][PASSED] - if (driver == null || driver.getSessionId() == null): null

18-05-2025T11:11:17 - [TEST_STEP][PASSED] - drivers.Driver.openApp(): drivers.Driver.openApp is PASSED

18-05-2025T11:11:20 - [MESSAGE][PASSED] - drivers.Driver.openApp is PASSED

18-05-2025T11:11:20 - [TEST_STEP][PASSED] - FOLDER_NAME = "IPaperDownloads": null

18-05-2025T11:11:20 - [TEST_STEP][PASSED] - REQUEST_NAME = "Trình ký PDF có sẵn": null

18-05-2025T11:11:20 - [TEST_STEP][PASSED] - auto5 = DataTest.getUserTest("auto5"): null

18-05-2025T11:11:20 - [TEST_STEP][PASSED] - auto6 = DataTest.getUserTest("auto6"): null

18-05-2025T11:11:20 - [TEST_STEP][PASSED] - document = DataTest.createDocumentTest(auto5, auto6, null, "dummy.pdf", "dummy.pdf"): null

18-05-2025T11:11:20 - [TEST_STEP][PASSED] - loginScreen.login(auto5): null

18-05-2025T11:11:28 - [TEST_STEP][PASSED] - homeScreen.openRequestList(): null

18-05-2025T11:11:33 - [TEST_STEP][PASSED] - homeScreen.createRequest(REQUEST_NAME): null

18-05-2025T11:11:36 - [TEST_STEP][PASSED] - pdfSignScreen.fillInTitle(title): null

18-05-2025T11:11:39 - [TEST_STEP][PASSED] - pdfSignScreen.selectPriority(priority): null

18-05-2025T11:11:40 - [TEST_STEP][PASSED] - pdfSignScreen.selectTime(time): null

18-05-2025T11:11:43 - [TEST_STEP][PASSED] - pdfSignScreen.fillInDescription(description): null

18-05-2025T11:11:46 - [TEST_STEP][PASSED] - pdfSignScreen.selectAssigner(getAssigner().getEmail()): null

18-05-2025T11:11:52 - [TEST_STEP][PASSED] - pdfSignScreen.openMainFileBrowser(): null

18-05-2025T11:11:57 - [TEST_STEP][PASSED] - fileBrowserScreen.attachFile(mainFileName): null

18-05-2025T11:12:03 - [TEST_STEP][PASSED] - pdfSignScreen.openSubFileBrowser(): null

18-05-2025T11:12:05 - [TEST_STEP][PASSED] - fileBrowserScreen.attachFile(subFileName): null

18-05-2025T11:12:11 - [TEST_STEP][PASSED] - pdfSignScreen.performAction(SEND_APPROVE): null

18-05-2025T11:12:15 - [TEST_STEP][PASSED] - pdfSignScreen.fillInOpinion(document.getComment()): null

18-05-2025T11:12:16 - [TEST_STEP][PASSED] - pdfSignScreen.submitRequest(): null

18-05-2025T11:12:23 - [TEST_STEP][PASSED] - documentInformationScreen.backToHome(): null

18-05-2025T11:12:23 - [TEST_STEP][PASSED] - homeScreen.goToOutComingDocument(): null

18-05-2025T11:12:33 - [TEST_STEP][PASSED] - outComingDocument.viewInformationDocument(document): null

18-05-2025T11:12:34 - [TEST_STEP][ERROR] - documentInformationScreen.downloadFile(): Test Cases/IPAPER APP/045 TAI FILE TAI CHI TIET HO SO_HO SO DI FAILED.
Reason:
org.openqa.selenium.WebDriverException: An unknown server-side error occurred while processing the command. Original error: Timed out after 15554ms waiting for the root AccessibilityNodeInfo in the active window. Make sure the active window is not constantly hogging the main UI thread (e.g. the application is being idle long enough), so the accessibility manager could do its work
Build info: version: '3.141.59', revision: 'unknown', time: 'unknown'
System info: host: '192.168.1.4.non-exists.ptr.local', ip: '2402:800:63f2:b9ce:1859:4296:77a1:a88d%en0', os.name: 'Mac OS X', os.arch: 'aarch64', os.version: '15.4.1', java.version: '17.0.7'
Driver info: com.kms.katalon.core.appium.driver.SwipeableAndroidDriver
Capabilities {automationName: UiAutomator2, databaseEnabled: false, desired: {automationName: UiAutomator2, deviceName: af0c5cf7, noReset: true, platformName: android, waitForIdleTimeout: 3000}, deviceApiLevel: 35, deviceManufacturer: OPPO, deviceModel: CPH2699, deviceName: af0c5cf7, deviceScreenDensity: 480, deviceScreenSize: 1080x2400, deviceUDID: af0c5cf7, javascriptEnabled: true, locationContextEnabled: false, networkConnectionEnabled: true, noReset: true, pixelRatio: 3, platform: LINUX, platformName: Android, platformVersion: 15, statBarHeight: 120, takesScreenshot: true, viewportRect: {height: 2280, left: 0, top: 120, width: 1080}, waitForIdleTimeout: 3000, warnings: {}, webStorageEnabled: false}
Session ID: 3304c37f-648b-4099-8110-a9bd3d735cc7
*** Element info: {Using=id, value=com.hdbank.ipaper:id/fab}
	at java.base/jdk.internal.reflect.NativeConstructorAccessorImpl.newInstance0(Native Method)
	at java.base/jdk.internal.reflect.NativeConstructorAccessorImpl.newInstance(NativeConstructorAccessorImpl.java:77)
	at java.base/jdk.internal.reflect.DelegatingConstructorAccessorImpl.newInstance(DelegatingConstructorAccessorImpl.java:45)
	at org.openqa.selenium.remote.http.W3CHttpResponseCodec.createException(W3CHttpResponseCodec.java:187)
	at org.openqa.selenium.remote.http.W3CHttpResponseCodec.decode(W3CHttpResponseCodec.java:122)
	at org.openqa.selenium.remote.http.W3CHttpResponseCodec.decode(W3CHttpResponseCodec.java:49)
	at org.openqa.selenium.remote.HttpCommandExecutor.execute(HttpCommandExecutor.java:158)
	at io.appium.java_client.remote.AppiumCommandExecutor.execute(AppiumCommandExecutor.java:239)
	at org.openqa.selenium.remote.RemoteWebDriver.execute(RemoteWebDriver.java:552)
	at io.appium.java_client.DefaultGenericMobileDriver.execute(DefaultGenericMobileDriver.java:42)
	at io.appium.java_client.AppiumDriver.execute(AppiumDriver.java:1)
	at io.appium.java_client.android.AndroidDriver.execute(AndroidDriver.java:1)
	at com.kms.katalon.core.appium.driver.SwipeableAndroidDriver.execute(SwipeableAndroidDriver.java:1)
	at org.openqa.selenium.remote.RemoteWebDriver.findElements(RemoteWebDriver.java:353)
	at io.appium.java_client.DefaultGenericMobileDriver.findElements(DefaultGenericMobileDriver.java:54)
	at io.appium.java_client.AppiumDriver.findElements(AppiumDriver.java:152)
	at org.openqa.selenium.remote.RemoteWebDriver.findElementsById(RemoteWebDriver.java:376)
	at io.appium.java_client.DefaultGenericMobileDriver.findElementsById(DefaultGenericMobileDriver.java:66)
	at io.appium.java_client.AppiumDriver.findElementsById(AppiumDriver.java:156)
	at org.openqa.selenium.By$ById.findElements(By.java:180)
	at org.openqa.selenium.remote.RemoteWebDriver.findElements(RemoteWebDriver.java:311)
	at io.appium.java_client.DefaultGenericMobileDriver.findElements(DefaultGenericMobileDriver.java:50)
	at io.appium.java_client.AppiumDriver.findElements(AppiumDriver.java:148)
	at base.BaseKeyword$Trait$Helper$_waitForPresentOf_closure1.doCall(BaseKeyword.groovy:253)
	at jdk.internal.reflect.GeneratedMethodAccessor8.invoke(Unknown Source)
	at java.base/jdk.internal.reflect.DelegatingMethodAccessorImpl.invoke(DelegatingMethodAccessorImpl.java:43)
	at jdk.proxy2/jdk.proxy2.$Proxy34.apply(Unknown Source)
	at org.openqa.selenium.support.ui.FluentWait.until(FluentWait.java:249)
	at base.BaseKeyword$Trait$Helper.waitForPresentOf(BaseKeyword.groovy:252)
	at screens.DocumentInformationScreen.waitForPresentOf(DocumentInformationScreen.groovy)
	at screens.DocumentInformationScreen.downloadFile(DocumentInformationScreen.groovy:310)
	at 045 TAI FILE TAI CHI TIET HO SO_HO SO DI.run(045 TAI FILE TAI CHI TIET HO SO_HO SO DI:53)
	at com.kms.katalon.core.main.ScriptEngine.run(ScriptEngine.java:194)
	at com.kms.katalon.core.main.ScriptEngine.runScriptAsRawText(ScriptEngine.java:119)
	at com.kms.katalon.core.main.TestCaseExecutor.runScript(TestCaseExecutor.java:448)
	at com.kms.katalon.core.main.TestCaseExecutor.doExecute(TestCaseExecutor.java:439)
	at com.kms.katalon.core.main.TestCaseExecutor.processExecutionPhase(TestCaseExecutor.java:418)
	at com.kms.katalon.core.main.TestCaseExecutor.accessMainPhase(TestCaseExecutor.java:410)
	at com.kms.katalon.core.main.TestCaseExecutor.execute(TestCaseExecutor.java:285)
	at com.kms.katalon.core.common.CommonExecutor.accessTestCaseMainPhase(CommonExecutor.java:65)
	at com.kms.katalon.core.main.TestSuiteExecutor.accessTestSuiteMainPhase(TestSuiteExecutor.java:150)
	at com.kms.katalon.core.main.TestSuiteExecutor.execute(TestSuiteExecutor.java:106)
	at com.kms.katalon.core.main.TestCaseMain.startTestSuite(TestCaseMain.java:180)
	at TempTestSuite1747539355497.run(TempTestSuite1747539355497.groovy:35)
	at java.base/jdk.internal.reflect.NativeMethodAccessorImpl.invoke0(Native Method)
	at java.base/jdk.internal.reflect.NativeMethodAccessorImpl.invoke(NativeMethodAccessorImpl.java:77)
	at java.base/jdk.internal.reflect.DelegatingMethodAccessorImpl.invoke(DelegatingMethodAccessorImpl.java:43)


18-05-2025T11:13:13 - [MESSAGE][ERROR] - Test Cases/IPAPER APP/045 TAI FILE TAI CHI TIET HO SO_HO SO DI FAILED.
Reason:
org.openqa.selenium.WebDriverException: An unknown server-side error occurred while processing the command. Original error: Timed out after 15554ms waiting for the root AccessibilityNodeInfo in the active window. Make sure the active window is not constantly hogging the main UI thread (e.g. the application is being idle long enough), so the accessibility manager could do its work
Build info: version: '3.141.59', revision: 'unknown', time: 'unknown'
System info: host: '192.168.1.4.non-exists.ptr.local', ip: '2402:800:63f2:b9ce:1859:4296:77a1:a88d%en0', os.name: 'Mac OS X', os.arch: 'aarch64', os.version: '15.4.1', java.version: '17.0.7'
Driver info: com.kms.katalon.core.appium.driver.SwipeableAndroidDriver
Capabilities {automationName: UiAutomator2, databaseEnabled: false, desired: {automationName: UiAutomator2, deviceName: af0c5cf7, noReset: true, platformName: android, waitForIdleTimeout: 3000}, deviceApiLevel: 35, deviceManufacturer: OPPO, deviceModel: CPH2699, deviceName: af0c5cf7, deviceScreenDensity: 480, deviceScreenSize: 1080x2400, deviceUDID: af0c5cf7, javascriptEnabled: true, locationContextEnabled: false, networkConnectionEnabled: true, noReset: true, pixelRatio: 3, platform: LINUX, platformName: Android, platformVersion: 15, statBarHeight: 120, takesScreenshot: true, viewportRect: {height: 2280, left: 0, top: 120, width: 1080}, waitForIdleTimeout: 3000, warnings: {}, webStorageEnabled: false}
Session ID: 3304c37f-648b-4099-8110-a9bd3d735cc7
*** Element info: {Using=id, value=com.hdbank.ipaper:id/fab}
	at java.base/jdk.internal.reflect.NativeConstructorAccessorImpl.newInstance0(Native Method)
	at java.base/jdk.internal.reflect.NativeConstructorAccessorImpl.newInstance(NativeConstructorAccessorImpl.java:77)
	at java.base/jdk.internal.reflect.DelegatingConstructorAccessorImpl.newInstance(DelegatingConstructorAccessorImpl.java:45)
	at org.openqa.selenium.remote.http.W3CHttpResponseCodec.createException(W3CHttpResponseCodec.java:187)
	at org.openqa.selenium.remote.http.W3CHttpResponseCodec.decode(W3CHttpResponseCodec.java:122)
	at org.openqa.selenium.remote.http.W3CHttpResponseCodec.decode(W3CHttpResponseCodec.java:49)
	at org.openqa.selenium.remote.HttpCommandExecutor.execute(HttpCommandExecutor.java:158)
	at io.appium.java_client.remote.AppiumCommandExecutor.execute(AppiumCommandExecutor.java:239)
	at org.openqa.selenium.remote.RemoteWebDriver.execute(RemoteWebDriver.java:552)
	at io.appium.java_client.DefaultGenericMobileDriver.execute(DefaultGenericMobileDriver.java:42)
	at io.appium.java_client.AppiumDriver.execute(AppiumDriver.java:1)
	at io.appium.java_client.android.AndroidDriver.execute(AndroidDriver.java:1)
	at com.kms.katalon.core.appium.driver.SwipeableAndroidDriver.execute(SwipeableAndroidDriver.java:1)
	at org.openqa.selenium.remote.RemoteWebDriver.findElements(RemoteWebDriver.java:353)
	at io.appium.java_client.DefaultGenericMobileDriver.findElements(DefaultGenericMobileDriver.java:54)
	at io.appium.java_client.AppiumDriver.findElements(AppiumDriver.java:152)
	at org.openqa.selenium.remote.RemoteWebDriver.findElementsById(RemoteWebDriver.java:376)
	at io.appium.java_client.DefaultGenericMobileDriver.findElementsById(DefaultGenericMobileDriver.java:66)
	at io.appium.java_client.AppiumDriver.findElementsById(AppiumDriver.java:156)
	at org.openqa.selenium.By$ById.findElements(By.java:180)
	at org.openqa.selenium.remote.RemoteWebDriver.findElements(RemoteWebDriver.java:311)
	at io.appium.java_client.DefaultGenericMobileDriver.findElements(DefaultGenericMobileDriver.java:50)
	at io.appium.java_client.AppiumDriver.findElements(AppiumDriver.java:148)
	at base.BaseKeyword$Trait$Helper$_waitForPresentOf_closure1.doCall(BaseKeyword.groovy:253)
	at jdk.internal.reflect.GeneratedMethodAccessor8.invoke(Unknown Source)
	at java.base/jdk.internal.reflect.DelegatingMethodAccessorImpl.invoke(DelegatingMethodAccessorImpl.java:43)
	at jdk.proxy2/jdk.proxy2.$Proxy34.apply(Unknown Source)
	at org.openqa.selenium.support.ui.FluentWait.until(FluentWait.java:249)
	at base.BaseKeyword$Trait$Helper.waitForPresentOf(BaseKeyword.groovy:252)
	at screens.DocumentInformationScreen.waitForPresentOf(DocumentInformationScreen.groovy)
	at screens.DocumentInformationScreen.downloadFile(DocumentInformationScreen.groovy:310)
	at 045 TAI FILE TAI CHI TIET HO SO_HO SO DI.run(045 TAI FILE TAI CHI TIET HO SO_HO SO DI:53)
	at com.kms.katalon.core.main.ScriptEngine.run(ScriptEngine.java:194)
	at com.kms.katalon.core.main.ScriptEngine.runScriptAsRawText(ScriptEngine.java:119)
	at com.kms.katalon.core.main.TestCaseExecutor.runScript(TestCaseExecutor.java:448)
	at com.kms.katalon.core.main.TestCaseExecutor.doExecute(TestCaseExecutor.java:439)
	at com.kms.katalon.core.main.TestCaseExecutor.processExecutionPhase(TestCaseExecutor.java:418)
	at com.kms.katalon.core.main.TestCaseExecutor.accessMainPhase(TestCaseExecutor.java:410)
	at com.kms.katalon.core.main.TestCaseExecutor.execute(TestCaseExecutor.java:285)
	at com.kms.katalon.core.common.CommonExecutor.accessTestCaseMainPhase(CommonExecutor.java:65)
	at com.kms.katalon.core.main.TestSuiteExecutor.accessTestSuiteMainPhase(TestSuiteExecutor.java:150)
	at com.kms.katalon.core.main.TestSuiteExecutor.execute(TestSuiteExecutor.java:106)
	at com.kms.katalon.core.main.TestCaseMain.startTestSuite(TestCaseMain.java:180)
	at TempTestSuite1747539355497.run(TempTestSuite1747539355497.groovy:35)
	at java.base/jdk.internal.reflect.NativeMethodAccessorImpl.invoke0(Native Method)
	at java.base/jdk.internal.reflect.NativeMethodAccessorImpl.invoke(NativeMethodAccessorImpl.java:77)
	at java.base/jdk.internal.reflect.DelegatingMethodAccessorImpl.invoke(DelegatingMethodAccessorImpl.java:43)


18-05-2025T11:13:13 - [TEST_STEP][PASSED] - Start listener action : afterTest: null

18-05-2025T11:13:13 - [TEST_STEP][PASSED] - if (testCaseStatus != "PASSED"): Screenshot is taken

18-05-2025T11:13:13 - [TEST_STEP][PASSED] - takeScreenshot(ErrorScreen/$GlobalVariable.PLATFORM/$testCaseContext.getTestCaseId().png): Screenshot is taken

18-05-2025T11:13:15 - [MESSAGE][PASSED] - Screenshot is taken
[[ATTACHMENT|ErrorScreen/Android/Test Cases/IPAPER APP/045 TAI FILE TAI CHI TIET HO SO_HO SO DI.png]]

18-05-2025T11:13:15 - [TEST_STEP][PASSED] - drivers.Driver.closeApp(): drivers.Driver.closeApp is PASSED

18-05-2025T11:13:16 - [MESSAGE][PASSED] - drivers.Driver.closeApp is PASSED

18-05-2025T11:13:16 - [TEST_STEP][PASSED] - if (tsContext == null): null]]></system-out>
         <system-err><![CDATA[18-05-2025T11:11:17 - [TEST_CASE][ERROR] - Test Cases/IPAPER APP/045 TAI FILE TAI CHI TIET HO SO_HO SO DI: Test Cases/IPAPER APP/045 TAI FILE TAI CHI TIET HO SO_HO SO DI FAILED.
Reason:
org.openqa.selenium.WebDriverException: An unknown server-side error occurred while processing the command. Original error: Timed out after 15554ms waiting for the root AccessibilityNodeInfo in the active window. Make sure the active window is not constantly hogging the main UI thread (e.g. the application is being idle long enough), so the accessibility manager could do its work
Build info: version: '3.141.59', revision: 'unknown', time: 'unknown'
System info: host: '192.168.1.4.non-exists.ptr.local', ip: '2402:800:63f2:b9ce:1859:4296:77a1:a88d%en0', os.name: 'Mac OS X', os.arch: 'aarch64', os.version: '15.4.1', java.version: '17.0.7'
Driver info: com.kms.katalon.core.appium.driver.SwipeableAndroidDriver
Capabilities {automationName: UiAutomator2, databaseEnabled: false, desired: {automationName: UiAutomator2, deviceName: af0c5cf7, noReset: true, platformName: android, waitForIdleTimeout: 3000}, deviceApiLevel: 35, deviceManufacturer: OPPO, deviceModel: CPH2699, deviceName: af0c5cf7, deviceScreenDensity: 480, deviceScreenSize: 1080x2400, deviceUDID: af0c5cf7, javascriptEnabled: true, locationContextEnabled: false, networkConnectionEnabled: true, noReset: true, pixelRatio: 3, platform: LINUX, platformName: Android, platformVersion: 15, statBarHeight: 120, takesScreenshot: true, viewportRect: {height: 2280, left: 0, top: 120, width: 1080}, waitForIdleTimeout: 3000, warnings: {}, webStorageEnabled: false}
Session ID: 3304c37f-648b-4099-8110-a9bd3d735cc7
*** Element info: {Using=id, value=com.hdbank.ipaper:id/fab}
	at java.base/jdk.internal.reflect.NativeConstructorAccessorImpl.newInstance0(Native Method)
	at java.base/jdk.internal.reflect.NativeConstructorAccessorImpl.newInstance(NativeConstructorAccessorImpl.java:77)
	at java.base/jdk.internal.reflect.DelegatingConstructorAccessorImpl.newInstance(DelegatingConstructorAccessorImpl.java:45)
	at org.openqa.selenium.remote.http.W3CHttpResponseCodec.createException(W3CHttpResponseCodec.java:187)
	at org.openqa.selenium.remote.http.W3CHttpResponseCodec.decode(W3CHttpResponseCodec.java:122)
	at org.openqa.selenium.remote.http.W3CHttpResponseCodec.decode(W3CHttpResponseCodec.java:49)
	at org.openqa.selenium.remote.HttpCommandExecutor.execute(HttpCommandExecutor.java:158)
	at io.appium.java_client.remote.AppiumCommandExecutor.execute(AppiumCommandExecutor.java:239)
	at org.openqa.selenium.remote.RemoteWebDriver.execute(RemoteWebDriver.java:552)
	at io.appium.java_client.DefaultGenericMobileDriver.execute(DefaultGenericMobileDriver.java:42)
	at io.appium.java_client.AppiumDriver.execute(AppiumDriver.java:1)
	at io.appium.java_client.android.AndroidDriver.execute(AndroidDriver.java:1)
	at com.kms.katalon.core.appium.driver.SwipeableAndroidDriver.execute(SwipeableAndroidDriver.java:1)
	at org.openqa.selenium.remote.RemoteWebDriver.findElements(RemoteWebDriver.java:353)
	at io.appium.java_client.DefaultGenericMobileDriver.findElements(DefaultGenericMobileDriver.java:54)
	at io.appium.java_client.AppiumDriver.findElements(AppiumDriver.java:152)
	at org.openqa.selenium.remote.RemoteWebDriver.findElementsById(RemoteWebDriver.java:376)
	at io.appium.java_client.DefaultGenericMobileDriver.findElementsById(DefaultGenericMobileDriver.java:66)
	at io.appium.java_client.AppiumDriver.findElementsById(AppiumDriver.java:156)
	at org.openqa.selenium.By$ById.findElements(By.java:180)
	at org.openqa.selenium.remote.RemoteWebDriver.findElements(RemoteWebDriver.java:311)
	at io.appium.java_client.DefaultGenericMobileDriver.findElements(DefaultGenericMobileDriver.java:50)
	at io.appium.java_client.AppiumDriver.findElements(AppiumDriver.java:148)
	at base.BaseKeyword$Trait$Helper$_waitForPresentOf_closure1.doCall(BaseKeyword.groovy:253)
	at jdk.internal.reflect.GeneratedMethodAccessor8.invoke(Unknown Source)
	at java.base/jdk.internal.reflect.DelegatingMethodAccessorImpl.invoke(DelegatingMethodAccessorImpl.java:43)
	at jdk.proxy2/jdk.proxy2.$Proxy34.apply(Unknown Source)
	at org.openqa.selenium.support.ui.FluentWait.until(FluentWait.java:249)
	at base.BaseKeyword$Trait$Helper.waitForPresentOf(BaseKeyword.groovy:252)
	at screens.DocumentInformationScreen.waitForPresentOf(DocumentInformationScreen.groovy)
	at screens.DocumentInformationScreen.downloadFile(DocumentInformationScreen.groovy:310)
	at 045 TAI FILE TAI CHI TIET HO SO_HO SO DI.run(045 TAI FILE TAI CHI TIET HO SO_HO SO DI:53)
	at com.kms.katalon.core.main.ScriptEngine.run(ScriptEngine.java:194)
	at com.kms.katalon.core.main.ScriptEngine.runScriptAsRawText(ScriptEngine.java:119)
	at com.kms.katalon.core.main.TestCaseExecutor.runScript(TestCaseExecutor.java:448)
	at com.kms.katalon.core.main.TestCaseExecutor.doExecute(TestCaseExecutor.java:439)
	at com.kms.katalon.core.main.TestCaseExecutor.processExecutionPhase(TestCaseExecutor.java:418)
	at com.kms.katalon.core.main.TestCaseExecutor.accessMainPhase(TestCaseExecutor.java:410)
	at com.kms.katalon.core.main.TestCaseExecutor.execute(TestCaseExecutor.java:285)
	at com.kms.katalon.core.common.CommonExecutor.accessTestCaseMainPhase(CommonExecutor.java:65)
	at com.kms.katalon.core.main.TestSuiteExecutor.accessTestSuiteMainPhase(TestSuiteExecutor.java:150)
	at com.kms.katalon.core.main.TestSuiteExecutor.execute(TestSuiteExecutor.java:106)
	at com.kms.katalon.core.main.TestCaseMain.startTestSuite(TestCaseMain.java:180)
	at TempTestSuite1747539355497.run(TempTestSuite1747539355497.groovy:35)
	at java.base/jdk.internal.reflect.NativeMethodAccessorImpl.invoke0(Native Method)
	at java.base/jdk.internal.reflect.NativeMethodAccessorImpl.invoke(NativeMethodAccessorImpl.java:77)
	at java.base/jdk.internal.reflect.DelegatingMethodAccessorImpl.invoke(DelegatingMethodAccessorImpl.java:43)]]></system-err>
      </testcase>
      <testcase name="Test Cases/IPAPER APP/044 TAO MOI QUY TRINH_1 BUOC" time="0.079" classname="Test Cases/IPAPER APP/044 TAO MOI QUY TRINH_1 BUOC" status="PASSED">
         <system-out><![CDATA[18-05-2025T11:13:16 - [TEST_CASE][PASSED] - Test Cases/IPAPER APP/044 TAO MOI QUY TRINH_1 BUOC: null

18-05-2025T11:13:16 - [TEST_STEP][PASSED] - Start listener action : afterTest: null

18-05-2025T11:13:16 - [TEST_STEP][PASSED] - if (testCaseStatus != "PASSED"): null

18-05-2025T11:13:16 - [TEST_STEP][PASSED] - drivers.Driver.closeApp(): drivers.Driver.closeApp is PASSED

18-05-2025T11:13:16 - [MESSAGE][PASSED] - drivers.Driver.closeApp is PASSED

18-05-2025T11:13:16 - [TEST_STEP][PASSED] - if (tsContext == null): null]]></system-out>
         <system-err><![CDATA[]]></system-err>
      </testcase>
      <system-out><![CDATA[18-05-2025T10:35:57 - [TEST_SUITE][INCOMPLETE] - Demo: null]]></system-out>
      <system-err><![CDATA[18-05-2025T10:35:57 - [TEST_SUITE][INCOMPLETE] - Demo: null]]></system-err>
   </testsuite>
</testsuites>
